# JRE version: 7.0_07-b11
# Java VM: Java HotSpot(TM) 64-Bit Server VM (23.3-b01 mixed mode windows-amd64 compressed oops)
Heap
 PSYoungGen      total 48768K, used 30076K [0x00000007aacb0000, 0x00000007b0a80000, 0x0000000800000000)
  eden space 38208K, 51% used [0x00000007aacb0000,0x00000007abfcc208,0x00000007ad200000)
  from space 10560K, 99% used [0x00000007ad2b0000,0x00000007adcf2e70,0x00000007add00000)
  to   space 28928K, 0% used [0x00000007aee40000,0x00000007aee40000,0x00000007b0a80000)
 ParOldGen       total 174528K, used 55644K [0x0000000700600000, 0x000000070b070000, 0x00000007aacb0000)
  object space 174528K, 31% used [0x0000000700600000,0x0000000703c57150,0x000000070b070000)
 PSPermGen       total 21248K, used 17983K [0x00000006fb400000, 0x00000006fc8c0000, 0x0000000700600000)
  object space 21248K, 84% used [0x00000006fb400000,0x00000006fc58ff60,0x00000006fc8c0000)
GC Heap History (10 events):
Event: 21.864 GC heap before
{Heap before GC invocations=25 (full 0):
 PSYoungGen      total 74944K, used 48446K [0x00000007aacb0000, 0x00000007b1a20000, 0x0000000800000000)
  eden space 41920K, 90% used [0x00000007aacb0000,0x00000007ad1ccc80,0x00000007ad5a0000)
  from space 33024K, 31% used [0x00000007af9e0000,0x00000007b0412e70,0x00000007b1a20000)
  to   space 35072K, 0% used [0x00000007ad5a0000,0x00000007ad5a0000,0x00000007af7e0000)
 ParOldGen       total 174528K, used 55540K [0x0000000700600000, 0x000000070b070000, 0x00000007aacb0000)
  object space 174528K, 31% used [0x0000000700600000,0x0000000703c3d150,0x000000070b070000)
 PSPermGen       total 21248K, used 17940K [0x00000006fb400000, 0x00000006fc8c0000, 0x0000000700600000)
  object space 21248K, 84% used [0x00000006fb400000,0x00000006fc585098,0x00000006fc8c0000)
Event: 21.866 GC heap after
Heap after GC invocations=25 (full 0):
 PSYoungGen      total 51648K, used 10475K [0x00000007aacb0000, 0x00000007b16e0000, 0x0000000800000000)
  eden space 41152K, 0% used [0x00000007aacb0000,0x00000007aacb0000,0x00000007ad4e0000)
  from space 10496K, 99% used [0x00000007ad5a0000,0x00000007adfdae70,0x00000007adfe0000)
  to   space 33792K, 0% used [0x00000007af5e0000,0x00000007af5e0000,0x00000007b16e0000)
 ParOldGen       total 174528K, used 55564K [0x0000000700600000, 0x000000070b070000, 0x00000007aacb0000)
  object space 174528K, 31% used [0x0000000700600000,0x0000000703c43150,0x000000070b070000)
 PSPermGen       total 21248K, used 17940K [0x00000006fb400000, 0x00000006fc8c0000, 0x0000000700600000)
  object space 21248K, 84% used [0x00000006fb400000,0x00000006fc585098,0x00000006fc8c0000)
}
Event: 22.389 GC heap before
{Heap before GC invocations=26 (full 0):
 PSYoungGen      total 51648K, used 48478K [0x00000007aacb0000, 0x00000007b16e0000, 0x0000000800000000)
  eden space 41152K, 92% used [0x00000007aacb0000,0x00000007ad1ccd38,0x00000007ad4e0000)
  from space 10496K, 99% used [0x00000007ad5a0000,0x00000007adfdae70,0x00000007adfe0000)
  to   space 33792K, 0% used [0x00000007af5e0000,0x00000007af5e0000,0x00000007b16e0000)
 ParOldGen       total 174528K, used 55564K [0x0000000700600000, 0x000000070b070000, 0x00000007aacb0000)
  object space 174528K, 31% used [0x0000000700600000,0x0000000703c43150,0x000000070b070000)
 PSPermGen       total 21248K, used 17940K [0x00000006fb400000, 0x00000006fc8c0000, 0x0000000700600000)
  object space 21248K, 84% used [0x00000006fb400000,0x00000006fc585320,0x00000006fc8c0000)
Event: 22.391 GC heap after
Heap after GC invocations=26 (full 0):
 PSYoungGen      total 70848K, used 10507K [0x00000007aacb0000, 0x00000007b13a0000, 0x0000000800000000)
  eden space 40384K, 0% used [0x00000007aacb0000,0x00000007aacb0000,0x00000007ad420000)
  from space 30464K, 34% used [0x00000007af5e0000,0x00000007b0022e70,0x00000007b13a0000)
  to   space 32512K, 0% used [0x00000007ad420000,0x00000007ad420000,0x00000007af3e0000)
 ParOldGen       total 174528K, used 55588K [0x0000000700600000, 0x000000070b070000, 0x00000007aacb0000)
  object space 174528K, 31% used [0x0000000700600000,0x0000000703c49150,0x000000070b070000)
 PSPermGen       total 21248K, used 17940K [0x00000006fb400000, 0x00000006fc8c0000, 0x0000000700600000)
  object space 21248K, 84% used [0x00000006fb400000,0x00000006fc585320,0x00000006fc8c0000)
}
Event: 22.910 GC heap before
{Heap before GC invocations=27 (full 0):
 PSYoungGen      total 70848K, used 48510K [0x00000007aacb0000, 0x00000007b13a0000, 0x0000000800000000)
  eden space 40384K, 94% used [0x00000007aacb0000,0x00000007ad1ccc80,0x00000007ad420000)
  from space 30464K, 34% used [0x00000007af5e0000,0x00000007b0022e70,0x00000007b13a0000)
  to   space 32512K, 0% used [0x00000007ad420000,0x00000007ad420000,0x00000007af3e0000)
 ParOldGen       total 174528K, used 55588K [0x0000000700600000, 0x000000070b070000, 0x00000007aacb0000)
  object space 174528K, 31% used [0x0000000700600000,0x0000000703c49150,0x000000070b070000)
 PSPermGen       total 21248K, used 17940K [0x00000006fb400000, 0x00000006fc8c0000, 0x0000000700600000)
  object space 21248K, 84% used [0x00000006fb400000,0x00000006fc585320,0x00000006fc8c0000)
Event: 22.911 GC heap after
Heap after GC invocations=27 (full 0):
 PSYoungGen      total 50112K, used 10475K [0x00000007aacb0000, 0x00000007b1080000, 0x0000000800000000)
  eden space 39616K, 0% used [0x00000007aacb0000,0x00000007aacb0000,0x00000007ad360000)
  from space 10496K, 99% used [0x00000007ad420000,0x00000007ade5ae70,0x00000007ade60000)
  to   space 31296K, 0% used [0x00000007af1f0000,0x00000007af1f0000,0x00000007b1080000)
 ParOldGen       total 174528K, used 55604K [0x0000000700600000, 0x000000070b070000, 0x00000007aacb0000)
  object space 174528K, 31% used [0x0000000700600000,0x0000000703c4d150,0x000000070b070000)
 PSPermGen       total 21248K, used 17940K [0x00000006fb400000, 0x00000006fc8c0000, 0x0000000700600000)
  object space 21248K, 84% used [0x00000006fb400000,0x00000006fc585320,0x00000006fc8c0000)
}
Event: 23.433 GC heap before
{Heap before GC invocations=28 (full 0):
 PSYoungGen      total 50112K, used 48478K [0x00000007aacb0000, 0x00000007b1080000, 0x0000000800000000)
  eden space 39616K, 95% used [0x00000007aacb0000,0x00000007ad1ccd38,0x00000007ad360000)
  from space 10496K, 99% used [0x00000007ad420000,0x00000007ade5ae70,0x00000007ade60000)
  to   space 31296K, 0% used [0x00000007af1f0000,0x00000007af1f0000,0x00000007b1080000)
 ParOldGen       total 174528K, used 55604K [0x0000000700600000, 0x000000070b070000, 0x00000007aacb0000)
  object space 174528K, 31% used [0x0000000700600000,0x0000000703c4d150,0x000000070b070000)
 PSPermGen       total 21248K, used 17940K [0x00000006fb400000, 0x00000006fc8c0000, 0x0000000700600000)
  object space 21248K, 84% used [0x00000006fb400000,0x00000006fc5853f8,0x00000006fc8c0000)
Event: 23.435 GC heap after
Heap after GC invocations=28 (full 0):
 PSYoungGen      total 67072K, used 10475K [0x00000007aacb0000, 0x00000007b0d70000, 0x0000000800000000)
  eden space 38912K, 0% used [0x00000007aacb0000,0x00000007aacb0000,0x00000007ad2b0000)
  from space 28160K, 37% used [0x00000007af1f0000,0x00000007afc2ae70,0x00000007b0d70000)
  to   space 30080K, 0% used [0x00000007ad2b0000,0x00000007ad2b0000,0x00000007af010000)
 ParOldGen       total 174528K, used 55628K [0x0000000700600000, 0x000000070b070000, 0x00000007aacb0000)
  object space 174528K, 31% used [0x0000000700600000,0x0000000703c53150,0x000000070b070000)
 PSPermGen       total 21248K, used 17940K [0x00000006fb400000, 0x00000006fc8c0000, 0x0000000700600000)
  object space 21248K, 84% used [0x00000006fb400000,0x00000006fc5853f8,0x00000006fc8c0000)
}
Event: 23.993 GC heap before
{Heap before GC invocations=29 (full 0):
 PSYoungGen      total 67072K, used 48567K [0x00000007aacb0000, 0x00000007b0d70000, 0x0000000800000000)
  eden space 38912K, 97% used [0x00000007aacb0000,0x00000007ad1e2f30,0x00000007ad2b0000)
  from space 28160K, 37% used [0x00000007af1f0000,0x00000007afc2ae70,0x00000007b0d70000)
  to   space 30080K, 0% used [0x00000007ad2b0000,0x00000007ad2b0000,0x00000007af010000)
 ParOldGen       total 174528K, used 55628K [0x0000000700600000, 0x000000070b070000, 0x00000007aacb0000)
  object space 174528K, 31% used [0x0000000700600000,0x0000000703c53150,0x000000070b070000)
 PSPermGen       total 21248K, used 17959K [0x00000006fb400000, 0x00000006fc8c0000, 0x0000000700600000)
  object space 21248K, 84% used [0x00000006fb400000,0x00000006fc589fd8,0x00000006fc8c0000)
Event: 23.996 GC heap after
Heap after GC invocations=29 (full 0):
 PSYoungGen      total 48768K, used 10507K [0x00000007aacb0000, 0x00000007b0a80000, 0x0000000800000000)
  eden space 38208K, 0% used [0x00000007aacb0000,0x00000007aacb0000,0x00000007ad200000)
  from space 10560K, 99% used [0x00000007ad2b0000,0x00000007adcf2e70,0x00000007add00000)
  to   space 28928K, 0% used [0x00000007aee40000,0x00000007aee40000,0x00000007b0a80000)
 ParOldGen       total 174528K, used 55644K [0x0000000700600000, 0x000000070b070000, 0x00000007aacb0000)
  object space 174528K, 31% used [0x0000000700600000,0x0000000703c57150,0x000000070b070000)
 PSPermGen       total 21248K, used 17959K [0x00000006fb400000, 0x00000006fc8c0000, 0x0000000700600000)
  object space 21248K, 84% used [0x00000006fb400000,0x00000006fc589fd8,0x00000006fc8c0000)
}

