# JRE version: 7.0_07-b11
# Java VM: Java HotSpot(TM) 64-Bit Server VM (23.3-b01 mixed mode windows-amd64 compressed oops)
Heap
 PSYoungGen      total 266176K, used 42932K [0x00000007aacb0000, 0x00000007bf1e0000, 0x0000000800000000)
  eden space 213696K, 17% used [0x00000007aacb0000,0x00000007ad04dbe0,0x00000007b7d60000)
  from space 52480K, 12% used [0x00000007bbea0000,0x00000007bc4ef788,0x00000007bf1e0000)
  to   space 59648K, 0% used [0x00000007b7d60000,0x00000007b7d60000,0x00000007bb7a0000)
 ParOldGen       total 296384K, used 187071K [0x0000000700600000, 0x0000000712770000, 0x00000007aacb0000)
  object space 296384K, 63% used [0x0000000700600000,0x000000070bcaff78,0x0000000712770000)
 PSPermGen       total 36608K, used 18570K [0x00000006fb400000, 0x00000006fd7c0000, 0x0000000700600000)
  object space 36608K, 50% used [0x00000006fb400000,0x00000006fc6228f8,0x00000006fd7c0000)
GC Heap History (10 events):
Event: 154.223 GC heap before
{Heap before GC invocations=71 (full 5):
 PSYoungGen      total 262848K, used 260214K [0x00000007aacb0000, 0x00000007c1ff0000, 0x0000000800000000)
  eden space 244224K, 98% used [0x00000007aacb0000,0x00000007b98a8950,0x00000007b9b30000)
  from space 18624K, 99% used [0x00000007ba1e0000,0x00000007bb404f88,0x00000007bb410000)
  to   space 67968K, 0% used [0x00000007bdd90000,0x00000007bdd90000,0x00000007c1ff0000)
 ParOldGen       total 296384K, used 186967K [0x0000000700600000, 0x0000000712770000, 0x00000007aacb0000)
  object space 296384K, 63% used [0x0000000700600000,0x000000070bc95f48,0x0000000712770000)
 PSPermGen       total 36608K, used 18567K [0x00000006fb400000, 0x00000006fd7c0000, 0x0000000700600000)
  object space 36608K, 50% used [0x00000006fb400000,0x00000006fc621ff0,0x00000006fd7c0000)
Event: 154.226 GC heap after
Heap after GC invocations=71 (full 5):
 PSYoungGen      total 295040K, used 10674K [0x00000007aacb0000, 0x00000007c15a0000, 0x0000000800000000)
  eden space 237632K, 0% used [0x00000007aacb0000,0x00000007aacb0000,0x00000007b94c0000)
  from space 57408K, 18% used [0x00000007bdd90000,0x00000007be7fcb00,0x00000007c15a0000)
  to   space 65984K, 0% used [0x00000007b94c0000,0x00000007b94c0000,0x00000007bd530000)
 ParOldGen       total 296384K, used 186967K [0x0000000700600000, 0x0000000712770000, 0x00000007aacb0000)
  object space 296384K, 63% used [0x0000000700600000,0x000000070bc95f48,0x0000000712770000)
 PSPermGen       total 36608K, used 18567K [0x00000006fb400000, 0x00000006fd7c0000, 0x0000000700600000)
  object space 36608K, 50% used [0x00000006fb400000,0x00000006fc621ff0,0x00000006fd7c0000)
}
Event: 154.763 GC heap before
{Heap before GC invocations=72 (full 5):
 PSYoungGen      total 295040K, used 248250K [0x00000007aacb0000, 0x00000007c15a0000, 0x0000000800000000)
  eden space 237632K, 99% used [0x00000007aacb0000,0x00000007b94b1e58,0x00000007b94c0000)
  from space 57408K, 18% used [0x00000007bdd90000,0x00000007be7fcb00,0x00000007c15a0000)
  to   space 65984K, 0% used [0x00000007b94c0000,0x00000007b94c0000,0x00000007bd530000)
 ParOldGen       total 296384K, used 186967K [0x0000000700600000, 0x0000000712770000, 0x00000007aacb0000)
  object space 296384K, 63% used [0x0000000700600000,0x000000070bc95f48,0x0000000712770000)
 PSPermGen       total 36608K, used 18568K [0x00000006fb400000, 0x00000006fd7c0000, 0x0000000700600000)
  object space 36608K, 50% used [0x00000006fb400000,0x00000006fc622100,0x00000006fd7c0000)
Event: 154.768 GC heap after
Heap after GC invocations=72 (full 5):
 PSYoungGen      total 262208K, used 30860K [0x00000007aacb0000, 0x00000007c0cb0000, 0x0000000800000000)
  eden space 231296K, 0% used [0x00000007aacb0000,0x00000007aacb0000,0x00000007b8e90000)
  from space 30912K, 99% used [0x00000007b94c0000,0x00000007bb2e3300,0x00000007bb2f0000)
  to   space 64576K, 0% used [0x00000007bcda0000,0x00000007bcda0000,0x00000007c0cb0000)
 ParOldGen       total 296384K, used 186967K [0x0000000700600000, 0x0000000712770000, 0x00000007aacb0000)
  object space 296384K, 63% used [0x0000000700600000,0x000000070bc95f48,0x0000000712770000)
 PSPermGen       total 36608K, used 18568K [0x00000006fb400000, 0x00000006fd7c0000, 0x0000000700600000)
  object space 36608K, 50% used [0x00000006fb400000,0x00000006fc622100,0x00000006fd7c0000)
}
Event: 155.305 GC heap before
{Heap before GC invocations=73 (full 5):
 PSYoungGen      total 262208K, used 262096K [0x00000007aacb0000, 0x00000007c0cb0000, 0x0000000800000000)
  eden space 231296K, 99% used [0x00000007aacb0000,0x00000007b8e80f90,0x00000007b8e90000)
  from space 30912K, 99% used [0x00000007b94c0000,0x00000007bb2e3300,0x00000007bb2f0000)
  to   space 64576K, 0% used [0x00000007bcda0000,0x00000007bcda0000,0x00000007c0cb0000)
 ParOldGen       total 296384K, used 186967K [0x0000000700600000, 0x0000000712770000, 0x00000007aacb0000)
  object space 296384K, 63% used [0x0000000700600000,0x000000070bc95f48,0x0000000712770000)
 PSPermGen       total 36608K, used 18569K [0x00000006fb400000, 0x00000006fd7c0000, 0x0000000700600000)
  object space 36608K, 50% used [0x00000006fb400000,0x00000006fc6226d0,0x00000006fd7c0000)
Event: 155.308 GC heap after
Heap after GC invocations=73 (full 5):
 PSYoungGen      total 281280K, used 6787K [0x00000007aacb0000, 0x00000007c0460000, 0x0000000800000000)
  eden space 225216K, 0% used [0x00000007aacb0000,0x00000007aacb0000,0x00000007b88a0000)
  from space 56064K, 12% used [0x00000007bcda0000,0x00000007bd440e38,0x00000007c0460000)
  to   space 63360K, 0% used [0x00000007b88a0000,0x00000007b88a0000,0x00000007bc680000)
 ParOldGen       total 296384K, used 186967K [0x0000000700600000, 0x0000000712770000, 0x00000007aacb0000)
  object space 296384K, 63% used [0x0000000700600000,0x000000070bc95f48,0x0000000712770000)
 PSPermGen       total 36608K, used 18569K [0x00000006fb400000, 0x00000006fd7c0000, 0x0000000700600000)
  object space 36608K, 50% used [0x00000006fb400000,0x00000006fc6226d0,0x00000006fd7c0000)
}
Event: 155.830 GC heap before
{Heap before GC invocations=74 (full 5):
 PSYoungGen      total 281280K, used 231685K [0x00000007aacb0000, 0x00000007c0460000, 0x0000000800000000)
  eden space 225216K, 99% used [0x00000007aacb0000,0x00000007b8850890,0x00000007b88a0000)
  from space 56064K, 12% used [0x00000007bcda0000,0x00000007bd440e38,0x00000007c0460000)
  to   space 63360K, 0% used [0x00000007b88a0000,0x00000007b88a0000,0x00000007bc680000)
 ParOldGen       total 296384K, used 186967K [0x0000000700600000, 0x0000000712770000, 0x00000007aacb0000)
  object space 296384K, 63% used [0x0000000700600000,0x000000070bc95f48,0x0000000712770000)
 PSPermGen       total 36608K, used 18569K [0x00000006fb400000, 0x00000006fd7c0000, 0x0000000700600000)
  object space 36608K, 50% used [0x00000006fb400000,0x00000006fc6226d0,0x00000006fd7c0000)
Event: 155.833 GC heap after
Heap after GC invocations=74 (full 5):
 PSYoungGen      total 230016K, used 10674K [0x00000007aacb0000, 0x00000007bfa60000, 0x0000000800000000)
  eden space 219328K, 0% used [0x00000007aacb0000,0x00000007aacb0000,0x00000007b82e0000)
  from space 10688K, 99% used [0x00000007b88a0000,0x00000007b930cb00,0x00000007b9310000)
  to   space 61184K, 0% used [0x00000007bbea0000,0x00000007bbea0000,0x00000007bfa60000)
 ParOldGen       total 296384K, used 186967K [0x0000000700600000, 0x0000000712770000, 0x00000007aacb0000)
  object space 296384K, 63% used [0x0000000700600000,0x000000070bc95f48,0x0000000712770000)
 PSPermGen       total 36608K, used 18569K [0x00000006fb400000, 0x00000006fd7c0000, 0x0000000700600000)
  object space 36608K, 50% used [0x00000006fb400000,0x00000006fc6226d0,0x00000006fd7c0000)
}
Event: 156.527 GC heap before
{Heap before GC invocations=75 (full 5):
 PSYoungGen      total 230016K, used 226430K [0x00000007aacb0000, 0x00000007bfa60000, 0x0000000800000000)
  eden space 219328K, 98% used [0x00000007aacb0000,0x00000007b7f62d40,0x00000007b82e0000)
  from space 10688K, 99% used [0x00000007b88a0000,0x00000007b930cb00,0x00000007b9310000)
  to   space 61184K, 0% used [0x00000007bbea0000,0x00000007bbea0000,0x00000007bfa60000)
 ParOldGen       total 296384K, used 186967K [0x0000000700600000, 0x0000000712770000, 0x00000007aacb0000)
  object space 296384K, 63% used [0x0000000700600000,0x000000070bc95f48,0x0000000712770000)
 PSPermGen       total 36608K, used 18570K [0x00000006fb400000, 0x00000006fd7c0000, 0x0000000700600000)
  object space 36608K, 50% used [0x00000006fb400000,0x00000006fc6228f8,0x00000006fd7c0000)
Event: 156.529 GC heap after
Heap after GC invocations=75 (full 5):
 PSYoungGen      total 266176K, used 6461K [0x00000007aacb0000, 0x00000007bf1e0000, 0x0000000800000000)
  eden space 213696K, 0% used [0x00000007aacb0000,0x00000007aacb0000,0x00000007b7d60000)
  from space 52480K, 12% used [0x00000007bbea0000,0x00000007bc4ef788,0x00000007bf1e0000)
  to   space 59648K, 0% used [0x00000007b7d60000,0x00000007b7d60000,0x00000007bb7a0000)
 ParOldGen       total 296384K, used 187071K [0x0000000700600000, 0x0000000712770000, 0x00000007aacb0000)
  object space 296384K, 63% used [0x0000000700600000,0x000000070bcaff78,0x0000000712770000)
 PSPermGen       total 36608K, used 18570K [0x00000006fb400000, 0x00000006fd7c0000, 0x0000000700600000)
  object space 36608K, 50% used [0x00000006fb400000,0x00000006fc6228f8,0x00000006fd7c0000)
}

