# JRE version: 7.0_07-b11
# Java VM: Java HotSpot(TM) 64-Bit Server VM (23.3-b01 mixed mode windows-amd64 compressed oops)
Heap
 PSYoungGen      total 1050688K, used 515452K [0x00000007aacb0000, 0x00000007f2a40000, 0x0000000800000000)
  eden space 975360K, 49% used [0x00000007aacb0000,0x00000007c84a56e0,0x00000007e6530000)
  from space 75328K, 42% used [0x00000007eadf0000,0x00000007ecd59a30,0x00000007ef780000)
  to   space 74496K, 0% used [0x00000007e6530000,0x00000007e6530000,0x00000007eadf0000)
 ParOldGen       total 410112K, used 343020K [0x0000000700600000, 0x0000000719680000, 0x00000007aacb0000)
  object space 410112K, 83% used [0x0000000700600000,0x00000007154fb1f0,0x0000000719680000)
 PSPermGen       total 29440K, used 18473K [0x00000006fb400000, 0x00000006fd0c0000, 0x0000000700600000)
  object space 29440K, 62% used [0x00000006fb400000,0x00000006fc60a540,0x00000006fd0c0000)
GC Heap History (10 events):
Event: 115.128 GC heap before
{Heap before GC invocations=71 (full 9):
 PSYoungGen      total 1024128K, used 1023961K [0x00000007aacb0000, 0x00000007f12f0000, 0x0000000800000000)
  eden space 980224K, 99% used [0x00000007aacb0000,0x00000007e69cd120,0x00000007e69f0000)
  from space 43904K, 99% used [0x00000007ea800000,0x00000007ed2d94e8,0x00000007ed2e0000)
  to   space 65600K, 0% used [0x00000007ed2e0000,0x00000007ed2e0000,0x00000007f12f0000)
 ParOldGen       total 410112K, used 265520K [0x0000000700600000, 0x0000000719680000, 0x00000007aacb0000)
  object space 410112K, 64% used [0x0000000700600000,0x000000071094c1a8,0x0000000719680000)
 PSPermGen       total 29440K, used 18438K [0x00000006fb400000, 0x00000006fd0c0000, 0x0000000700600000)
  object space 29440K, 62% used [0x00000006fb400000,0x00000006fc601848,0x00000006fd0c0000)
Event: 115.136 GC heap after
Heap after GC invocations=71 (full 9):
 PSYoungGen      total 992128K, used 48140K [0x00000007aacb0000, 0x00000007f01f0000, 0x0000000800000000)
  eden space 943936K, 0% used [0x00000007aacb0000,0x00000007aacb0000,0x00000007e4680000)
  from space 48192K, 99% used [0x00000007ed2e0000,0x00000007f01e32d8,0x00000007f01f0000)
  to   space 77056K, 0% used [0x00000007e6b70000,0x00000007e6b70000,0x00000007eb6b0000)
 ParOldGen       total 410112K, used 265520K [0x0000000700600000, 0x0000000719680000, 0x00000007aacb0000)
  object space 410112K, 64% used [0x0000000700600000,0x000000071094c1a8,0x0000000719680000)
 PSPermGen       total 29440K, used 18438K [0x00000006fb400000, 0x00000006fd0c0000, 0x0000000700600000)
  object space 29440K, 62% used [0x00000006fb400000,0x00000006fc601848,0x00000006fd0c0000)
}
Event: 116.359 GC heap before
{Heap before GC invocations=72 (full 9):
 PSYoungGen      total 992128K, used 990439K [0x00000007aacb0000, 0x00000007f01f0000, 0x0000000800000000)
  eden space 943936K, 99% used [0x00000007aacb0000,0x00000007e44e6c48,0x00000007e4680000)
  from space 48192K, 99% used [0x00000007ed2e0000,0x00000007f01e32d8,0x00000007f01f0000)
  to   space 77056K, 0% used [0x00000007e6b70000,0x00000007e6b70000,0x00000007eb6b0000)
 ParOldGen       total 410112K, used 267545K [0x0000000700600000, 0x0000000719680000, 0x00000007aacb0000)
  object space 410112K, 65% used [0x0000000700600000,0x0000000710b465b8,0x0000000719680000)
 PSPermGen       total 29440K, used 18438K [0x00000006fb400000, 0x00000006fd0c0000, 0x0000000700600000)
  object space 29440K, 62% used [0x00000006fb400000,0x00000006fc601848,0x00000006fd0c0000)
Event: 116.369 GC heap after
Heap after GC invocations=72 (full 9):
 PSYoungGen      total 962240K, used 52840K [0x00000007aacb0000, 0x00000007ed2f0000, 0x0000000800000000)
  eden space 909376K, 0% used [0x00000007aacb0000,0x00000007aacb0000,0x00000007e24c0000)
  from space 52864K, 99% used [0x00000007e6b70000,0x00000007e9f0a108,0x00000007e9f10000)
  to   space 53120K, 0% used [0x00000007e9f10000,0x00000007e9f10000,0x00000007ed2f0000)
 ParOldGen       total 410112K, used 267545K [0x0000000700600000, 0x0000000719680000, 0x00000007aacb0000)
  object space 410112K, 65% used [0x0000000700600000,0x0000000710b465b8,0x0000000719680000)
 PSPermGen       total 29440K, used 18438K [0x00000006fb400000, 0x00000006fd0c0000, 0x0000000700600000)
  object space 29440K, 62% used [0x00000006fb400000,0x00000006fc601848,0x00000006fd0c0000)
}
Event: 117.628 GC heap before
{Heap before GC invocations=73 (full 9):
 PSYoungGen      total 962240K, used 962216K [0x00000007aacb0000, 0x00000007ed2f0000, 0x0000000800000000)
  eden space 909376K, 100% used [0x00000007aacb0000,0x00000007e24c0000,0x00000007e24c0000)
  from space 52864K, 99% used [0x00000007e6b70000,0x00000007e9f0a108,0x00000007e9f10000)
  to   space 53120K, 0% used [0x00000007e9f10000,0x00000007e9f10000,0x00000007ed2f0000)
 ParOldGen       total 410112K, used 297054K [0x0000000700600000, 0x0000000719680000, 0x00000007aacb0000)
  object space 410112K, 72% used [0x0000000700600000,0x0000000712817bc8,0x0000000719680000)
 PSPermGen       total 29440K, used 18438K [0x00000006fb400000, 0x00000006fd0c0000, 0x0000000700600000)
  object space 29440K, 62% used [0x00000006fb400000,0x00000006fc601848,0x00000006fd0c0000)
Event: 117.635 GC heap after
Heap after GC invocations=73 (full 9):
 PSYoungGen      total 918848K, used 42386K [0x00000007aacb0000, 0x00000007ec880000, 0x0000000800000000)
  eden space 876416K, 0% used [0x00000007aacb0000,0x00000007aacb0000,0x00000007e0490000)
  from space 42432K, 99% used [0x00000007e9f10000,0x00000007ec8748a0,0x00000007ec880000)
  to   space 74240K, 0% used [0x00000007e3780000,0x00000007e3780000,0x00000007e8000000)
 ParOldGen       total 410112K, used 297054K [0x0000000700600000, 0x0000000719680000, 0x00000007aacb0000)
  object space 410112K, 72% used [0x0000000700600000,0x0000000712817bc8,0x0000000719680000)
 PSPermGen       total 29440K, used 18438K [0x00000006fb400000, 0x00000006fd0c0000, 0x0000000700600000)
  object space 29440K, 62% used [0x00000006fb400000,0x00000006fc601848,0x00000006fd0c0000)
}
Event: 118.823 GC heap before
{Heap before GC invocations=74 (full 9):
 PSYoungGen      total 918848K, used 918747K [0x00000007aacb0000, 0x00000007ec880000, 0x0000000800000000)
  eden space 876416K, 99% used [0x00000007aacb0000,0x00000007e0482418,0x00000007e0490000)
  from space 42432K, 99% used [0x00000007e9f10000,0x00000007ec8748a0,0x00000007ec880000)
  to   space 74240K, 0% used [0x00000007e3780000,0x00000007e3780000,0x00000007e8000000)
 ParOldGen       total 410112K, used 302497K [0x0000000700600000, 0x0000000719680000, 0x00000007aacb0000)
  object space 410112K, 73% used [0x0000000700600000,0x0000000712d684a8,0x0000000719680000)
 PSPermGen       total 29440K, used 18438K [0x00000006fb400000, 0x00000006fd0c0000, 0x0000000700600000)
  object space 29440K, 62% used [0x00000006fb400000,0x00000006fc601848,0x00000006fd0c0000)
Event: 118.835 GC heap after
Heap after GC invocations=74 (full 9):
 PSYoungGen      total 1002816K, used 55051K [0x00000007aacb0000, 0x00000007ef780000, 0x0000000800000000)
  eden space 928576K, 0% used [0x00000007aacb0000,0x00000007aacb0000,0x00000007e3780000)
  from space 74240K, 74% used [0x00000007e3780000,0x00000007e6d42c30,0x00000007e8000000)
  to   space 75328K, 0% used [0x00000007eadf0000,0x00000007eadf0000,0x00000007ef780000)
 ParOldGen       total 410112K, used 302497K [0x0000000700600000, 0x0000000719680000, 0x00000007aacb0000)
  object space 410112K, 73% used [0x0000000700600000,0x0000000712d684a8,0x0000000719680000)
 PSPermGen       total 29440K, used 18438K [0x00000006fb400000, 0x00000006fd0c0000, 0x0000000700600000)
  object space 29440K, 62% used [0x00000006fb400000,0x00000006fc601848,0x00000006fd0c0000)
}
Event: 120.124 GC heap before
{Heap before GC invocations=75 (full 9):
 PSYoungGen      total 1002816K, used 983627K [0x00000007aacb0000, 0x00000007ef780000, 0x0000000800000000)
  eden space 928576K, 100% used [0x00000007aacb0000,0x00000007e3780000,0x00000007e3780000)
  from space 74240K, 74% used [0x00000007e3780000,0x00000007e6d42c30,0x00000007e8000000)
  to   space 75328K, 0% used [0x00000007eadf0000,0x00000007eadf0000,0x00000007ef780000)
 ParOldGen       total 410112K, used 343020K [0x0000000700600000, 0x0000000719680000, 0x00000007aacb0000)
  object space 410112K, 83% used [0x0000000700600000,0x00000007154fb1f0,0x0000000719680000)
 PSPermGen       total 29440K, used 18439K [0x00000006fb400000, 0x00000006fd0c0000, 0x0000000700600000)
  object space 29440K, 62% used [0x00000006fb400000,0x00000006fc601d30,0x00000006fd0c0000)
Event: 120.129 GC heap after
Heap after GC invocations=75 (full 9):
 PSYoungGen      total 1050688K, used 32166K [0x00000007aacb0000, 0x00000007f2a40000, 0x0000000800000000)
  eden space 975360K, 0% used [0x00000007aacb0000,0x00000007aacb0000,0x00000007e6530000)
  from space 75328K, 42% used [0x00000007eadf0000,0x00000007ecd59a30,0x00000007ef780000)
  to   space 74496K, 0% used [0x00000007e6530000,0x00000007e6530000,0x00000007eadf0000)
 ParOldGen       total 410112K, used 343020K [0x0000000700600000, 0x0000000719680000, 0x00000007aacb0000)
  object space 410112K, 83% used [0x0000000700600000,0x00000007154fb1f0,0x0000000719680000)
 PSPermGen       total 29440K, used 18439K [0x00000006fb400000, 0x00000006fd0c0000, 0x0000000700600000)
  object space 29440K, 62% used [0x00000006fb400000,0x00000006fc601d30,0x00000006fd0c0000)
}

