# JRE version: 7.0_07-b11
# Java VM: Java HotSpot(TM) 64-Bit Server VM (23.3-b01 mixed mode windows-amd64 compressed oops)
Heap
 PSYoungGen      total 563072K, used 544653K [0x00000007aacb0000, 0x00000007d6860000, 0x0000000800000000)
  eden space 509760K, 96% used [0x00000007aacb0000,0x00000007c8c88f28,0x00000007c9e80000)
  from space 53312K, 99% used [0x00000007ce5d0000,0x00000007d19da7f0,0x00000007d19e0000)
  to   space 77824K, 0% used [0x00000007d1c60000,0x00000007d1c60000,0x00000007d6860000)
 ParOldGen       total 240704K, used 190817K [0x0000000700600000, 0x000000070f110000, 0x00000007aacb0000)
  object space 240704K, 79% used [0x0000000700600000,0x000000070c0586c0,0x000000070f110000)
 PSPermGen       total 27840K, used 18436K [0x00000006fb400000, 0x00000006fcf30000, 0x0000000700600000)
  object space 27840K, 66% used [0x00000006fb400000,0x00000006fc601130,0x00000006fcf30000)
GC Heap History (10 events):
Event: 98.489 GC heap before
{Heap before GC invocations=47 (full 9):
 PSYoungGen      total 622912K, used 622848K [0x00000007aacb0000, 0x00000007ddc80000, 0x0000000800000000)
  eden space 577984K, 100% used [0x00000007aacb0000,0x00000007ce120000,0x00000007ce120000)
  from space 44928K, 99% used [0x00000007db0a0000,0x00000007ddc70078,0x00000007ddc80000)
  to   space 79168K, 0% used [0x00000007d41e0000,0x00000007d41e0000,0x00000007d8f30000)
 ParOldGen       total 464192K, used 464079K [0x0000000700600000, 0x000000071cb50000, 0x00000007aacb0000)
  object space 464192K, 99% used [0x0000000700600000,0x000000071cb33d78,0x000000071cb50000)
 PSPermGen       total 31040K, used 18426K [0x00000006fb400000, 0x00000006fd250000, 0x0000000700600000)
  object space 31040K, 59% used [0x00000006fb400000,0x00000006fc5feaa8,0x00000006fd250000)
Event: 98.547 GC heap after
Heap after GC invocations=47 (full 9):
 PSYoungGen      total 622912K, used 0K [0x00000007aacb0000, 0x00000007ddc80000, 0x0000000800000000)
  eden space 577984K, 0% used [0x00000007aacb0000,0x00000007aacb0000,0x00000007ce120000)
  from space 44928K, 0% used [0x00000007db0a0000,0x00000007db0a0000,0x00000007ddc80000)
  to   space 79168K, 0% used [0x00000007d41e0000,0x00000007d41e0000,0x00000007d8f30000)
 ParOldGen       total 239936K, used 93947K [0x0000000700600000, 0x000000070f050000, 0x00000007aacb0000)
  object space 239936K, 39% used [0x0000000700600000,0x00000007061bee38,0x000000070f050000)
 PSPermGen       total 29504K, used 18426K [0x00000006fb400000, 0x00000006fd0d0000, 0x0000000700600000)
  object space 29504K, 62% used [0x00000006fb400000,0x00000006fc5feaa8,0x00000006fd0d0000)
}
Event: 99.698 GC heap before
{Heap before GC invocations=48 (full 9):
 PSYoungGen      total 622912K, used 572412K [0x00000007aacb0000, 0x00000007ddc80000, 0x0000000800000000)
  eden space 577984K, 99% used [0x00000007aacb0000,0x00000007cdbaf310,0x00000007ce120000)
  from space 44928K, 0% used [0x00000007db0a0000,0x00000007db0a0000,0x00000007ddc80000)
  to   space 79168K, 0% used [0x00000007d41e0000,0x00000007d41e0000,0x00000007d8f30000)
 ParOldGen       total 239936K, used 100022K [0x0000000700600000, 0x000000070f050000, 0x00000007aacb0000)
  object space 239936K, 41% used [0x0000000700600000,0x00000007067ada48,0x000000070f050000)
 PSPermGen       total 29504K, used 18426K [0x00000006fb400000, 0x00000006fd0d0000, 0x0000000700600000)
  object space 29504K, 62% used [0x00000006fb400000,0x00000006fc5feb50,0x00000006fd0d0000)
Event: 99.708 GC heap after
Heap after GC invocations=48 (full 9):
 PSYoungGen      total 593472K, used 39313K [0x00000007aacb0000, 0x00000007db0b0000, 0x0000000800000000)
  eden space 554112K, 0% used [0x00000007aacb0000,0x00000007aacb0000,0x00000007cc9d0000)
  from space 39360K, 99% used [0x00000007d41e0000,0x00000007d6844780,0x00000007d6850000)
  to   space 74112K, 0% used [0x00000007d6850000,0x00000007d6850000,0x00000007db0b0000)
 ParOldGen       total 239936K, used 100022K [0x0000000700600000, 0x000000070f050000, 0x00000007aacb0000)
  object space 239936K, 41% used [0x0000000700600000,0x00000007067ada48,0x000000070f050000)
 PSPermGen       total 29504K, used 18426K [0x00000006fb400000, 0x00000006fd0d0000, 0x0000000700600000)
  object space 29504K, 62% used [0x00000006fb400000,0x00000006fc5feb50,0x00000006fd0d0000)
}
Event: 101.218 GC heap before
{Heap before GC invocations=49 (full 10):
 PSYoungGen      total 593472K, used 593425K [0x00000007aacb0000, 0x00000007db0b0000, 0x0000000800000000)
  eden space 554112K, 100% used [0x00000007aacb0000,0x00000007cc9d0000,0x00000007cc9d0000)
  from space 39360K, 99% used [0x00000007d41e0000,0x00000007d6844780,0x00000007d6850000)
  to   space 74112K, 0% used [0x00000007d6850000,0x00000007d6850000,0x00000007db0b0000)
 ParOldGen       total 298112K, used 297934K [0x0000000700600000, 0x0000000712920000, 0x00000007aacb0000)
  object space 298112K, 99% used [0x0000000700600000,0x00000007128f3938,0x0000000712920000)
 PSPermGen       total 29504K, used 18427K [0x00000006fb400000, 0x00000006fd0d0000, 0x0000000700600000)
  object space 29504K, 62% used [0x00000006fb400000,0x00000006fc5fed88,0x00000006fd0d0000)
Event: 101.250 GC heap after
Heap after GC invocations=49 (full 10):
 PSYoungGen      total 593472K, used 0K [0x00000007aacb0000, 0x00000007db0b0000, 0x0000000800000000)
  eden space 554112K, 0% used [0x00000007aacb0000,0x00000007aacb0000,0x00000007cc9d0000)
  from space 39360K, 0% used [0x00000007d41e0000,0x00000007d41e0000,0x00000007d6850000)
  to   space 74112K, 0% used [0x00000007d6850000,0x00000007d6850000,0x00000007db0b0000)
 ParOldGen       total 240704K, used 97443K [0x0000000700600000, 0x000000070f110000, 0x00000007aacb0000)
  object space 240704K, 40% used [0x0000000700600000,0x0000000706528d18,0x000000070f110000)
 PSPermGen       total 27840K, used 18427K [0x00000006fb400000, 0x00000006fcf30000, 0x0000000700600000)
  object space 27840K, 66% used [0x00000006fb400000,0x00000006fc5fed88,0x00000006fcf30000)
}
Event: 102.785 GC heap before
{Heap before GC invocations=50 (full 10):
 PSYoungGen      total 593472K, used 554112K [0x00000007aacb0000, 0x00000007db0b0000, 0x0000000800000000)
  eden space 554112K, 100% used [0x00000007aacb0000,0x00000007cc9d0000,0x00000007cc9d0000)
  from space 39360K, 0% used [0x00000007d41e0000,0x00000007d41e0000,0x00000007d6850000)
  to   space 74112K, 0% used [0x00000007d6850000,0x00000007d6850000,0x00000007db0b0000)
 ParOldGen       total 240704K, used 190817K [0x0000000700600000, 0x000000070f110000, 0x00000007aacb0000)
  object space 240704K, 79% used [0x0000000700600000,0x000000070c0586c0,0x000000070f110000)
 PSPermGen       total 27840K, used 18428K [0x00000006fb400000, 0x00000006fcf30000, 0x0000000700600000)
  object space 27840K, 66% used [0x00000006fb400000,0x00000006fc5ff140,0x00000006fcf30000)
Event: 102.792 GC heap after
Heap after GC invocations=50 (full 10):
 PSYoungGen      total 550976K, used 19567K [0x00000007aacb0000, 0x00000007d7b70000, 0x0000000800000000)
  eden space 531392K, 0% used [0x00000007aacb0000,0x00000007aacb0000,0x00000007cb3a0000)
  from space 19584K, 99% used [0x00000007d6850000,0x00000007d7b6bc30,0x00000007d7b70000)
  to   space 76608K, 0% used [0x00000007ce5d0000,0x00000007ce5d0000,0x00000007d30a0000)
 ParOldGen       total 240704K, used 190817K [0x0000000700600000, 0x000000070f110000, 0x00000007aacb0000)
  object space 240704K, 79% used [0x0000000700600000,0x000000070c0586c0,0x000000070f110000)
 PSPermGen       total 27840K, used 18428K [0x00000006fb400000, 0x00000006fcf30000, 0x0000000700600000)
  object space 27840K, 66% used [0x00000006fb400000,0x00000006fc5ff140,0x00000006fcf30000)
}
Event: 103.962 GC heap before
{Heap before GC invocations=51 (full 10):
 PSYoungGen      total 550976K, used 550602K [0x00000007aacb0000, 0x00000007d7b70000, 0x0000000800000000)
  eden space 531392K, 99% used [0x00000007aacb0000,0x00000007cb346da0,0x00000007cb3a0000)
  from space 19584K, 99% used [0x00000007d6850000,0x00000007d7b6bc30,0x00000007d7b70000)
  to   space 76608K, 0% used [0x00000007ce5d0000,0x00000007ce5d0000,0x00000007d30a0000)
 ParOldGen       total 240704K, used 190817K [0x0000000700600000, 0x000000070f110000, 0x00000007aacb0000)
  object space 240704K, 79% used [0x0000000700600000,0x000000070c0586c0,0x000000070f110000)
 PSPermGen       total 27840K, used 18428K [0x00000006fb400000, 0x00000006fcf30000, 0x0000000700600000)
  object space 27840K, 66% used [0x00000006fb400000,0x00000006fc5ff328,0x00000006fcf30000)
Event: 103.971 GC heap after
Heap after GC invocations=51 (full 10):
 PSYoungGen      total 563072K, used 53289K [0x00000007aacb0000, 0x00000007d6860000, 0x0000000800000000)
  eden space 509760K, 0% used [0x00000007aacb0000,0x00000007aacb0000,0x00000007c9e80000)
  from space 53312K, 99% used [0x00000007ce5d0000,0x00000007d19da7f0,0x00000007d19e0000)
  to   space 77824K, 0% used [0x00000007d1c60000,0x00000007d1c60000,0x00000007d6860000)
 ParOldGen       total 240704K, used 190817K [0x0000000700600000, 0x000000070f110000, 0x00000007aacb0000)
  object space 240704K, 79% used [0x0000000700600000,0x000000070c0586c0,0x000000070f110000)
 PSPermGen       total 27840K, used 18428K [0x00000006fb400000, 0x00000006fcf30000, 0x0000000700600000)
  object space 27840K, 66% used [0x00000006fb400000,0x00000006fc5ff328,0x00000006fcf30000)
}

