# JRE version: 7.0_07-b11
# Java VM: Java HotSpot(TM) 64-Bit Server VM (23.3-b01 mixed mode windows-amd64 compressed oops)
Heap
 PSYoungGen      total 194176K, used 11364K [0x00000007aacb0000, 0x00000007b9ed0000, 0x0000000800000000)
  eden space 151808K, 7% used [0x00000007aacb0000,0x00000007ab7c9368,0x00000007b40f0000)
  from space 42368K, 0% used [0x00000007b6d50000,0x00000007b6d50000,0x00000007b96b0000)
  to   space 45440K, 0% used [0x00000007b40f0000,0x00000007b40f0000,0x00000007b6d50000)
 ParOldGen       total 329344K, used 20181K [0x0000000700600000, 0x00000007147a0000, 0x00000007aacb0000)
  object space 329344K, 6% used [0x0000000700600000,0x00000007019b56f0,0x00000007147a0000)
 PSPermGen       total 37568K, used 18085K [0x00000006fb400000, 0x00000006fd8b0000, 0x0000000700600000)
  object space 37568K, 48% used [0x00000006fb400000,0x00000006fc5a94f8,0x00000006fd8b0000)
GC Heap History (10 events):
Event: 8.327 GC heap before
{Heap before GC invocations=8 (full 2):
 PSYoungGen      total 125312K, used 124380K [0x00000007aacb0000, 0x00000007b65d0000, 0x0000000800000000)
  eden space 114432K, 100% used [0x00000007aacb0000,0x00000007b1c70000,0x00000007b1c70000)
  from space 10880K, 91% used [0x00000007b2960000,0x00000007b33173f0,0x00000007b3400000)
  to   space 37568K, 0% used [0x00000007b4120000,0x00000007b4120000,0x00000007b65d0000)
 ParOldGen       total 213120K, used 151869K [0x0000000700600000, 0x000000070d620000, 0x00000007aacb0000)
  object space 213120K, 71% used [0x0000000700600000,0x0000000709a4f4c0,0x000000070d620000)
 PSPermGen       total 40832K, used 18037K [0x00000006fb400000, 0x00000006fdbe0000, 0x0000000700600000)
  object space 40832K, 44% used [0x00000006fb400000,0x00000006fc59d5b8,0x00000006fdbe0000)
Event: 8.328 GC heap after
Heap after GC invocations=8 (full 2):
 PSYoungGen      total 152128K, used 224K [0x00000007aacb0000, 0x00000007b8c70000, 0x0000000800000000)
  eden space 114560K, 0% used [0x00000007aacb0000,0x00000007aacb0000,0x00000007b1c90000)
  from space 37568K, 0% used [0x00000007b4120000,0x00000007b4158000,0x00000007b65d0000)
  to   space 37440K, 0% used [0x00000007b1c90000,0x00000007b1c90000,0x00000007b4120000)
 ParOldGen       total 213120K, used 151869K [0x0000000700600000, 0x000000070d620000, 0x00000007aacb0000)
  object space 213120K, 71% used [0x0000000700600000,0x0000000709a4f4c0,0x000000070d620000)
 PSPermGen       total 40832K, used 18037K [0x00000006fb400000, 0x00000006fdbe0000, 0x0000000700600000)
  object space 40832K, 44% used [0x00000006fb400000,0x00000006fc59d5b8,0x00000006fdbe0000)
}
Event: 8.752 GC heap before
{Heap before GC invocations=9 (full 2):
 PSYoungGen      total 152128K, used 111564K [0x00000007aacb0000, 0x00000007b8c70000, 0x0000000800000000)
  eden space 114560K, 97% used [0x00000007aacb0000,0x00000007b196b3f8,0x00000007b1c90000)
  from space 37568K, 0% used [0x00000007b4120000,0x00000007b4158000,0x00000007b65d0000)
  to   space 37440K, 0% used [0x00000007b1c90000,0x00000007b1c90000,0x00000007b4120000)
 ParOldGen       total 213120K, used 151869K [0x0000000700600000, 0x000000070d620000, 0x00000007aacb0000)
  object space 213120K, 71% used [0x0000000700600000,0x0000000709a4f4c0,0x000000070d620000)
 PSPermGen       total 40832K, used 18042K [0x00000006fb400000, 0x00000006fdbe0000, 0x0000000700600000)
  object space 40832K, 44% used [0x00000006fb400000,0x00000006fc59eac0,0x00000006fdbe0000)
Event: 8.758 GC heap after
Heap after GC invocations=9 (full 2):
 PSYoungGen      total 152000K, used 29238K [0x00000007aacb0000, 0x00000007b96b0000, 0x0000000800000000)
  eden space 114560K, 0% used [0x00000007aacb0000,0x00000007aacb0000,0x00000007b1c90000)
  from space 37440K, 78% used [0x00000007b1c90000,0x00000007b391dbd0,0x00000007b4120000)
  to   space 42368K, 0% used [0x00000007b6d50000,0x00000007b6d50000,0x00000007b96b0000)
 ParOldGen       total 213120K, used 151869K [0x0000000700600000, 0x000000070d620000, 0x00000007aacb0000)
  object space 213120K, 71% used [0x0000000700600000,0x0000000709a4f4c0,0x000000070d620000)
 PSPermGen       total 40832K, used 18042K [0x00000006fb400000, 0x00000006fdbe0000, 0x0000000700600000)
  object space 40832K, 44% used [0x00000006fb400000,0x00000006fc59eac0,0x00000006fdbe0000)
}
Event: 9.185 GC heap before
{Heap before GC invocations=10 (full 2):
 PSYoungGen      total 152000K, used 143604K [0x00000007aacb0000, 0x00000007b96b0000, 0x0000000800000000)
  eden space 114560K, 99% used [0x00000007aacb0000,0x00000007b1c5f4e8,0x00000007b1c90000)
  from space 37440K, 78% used [0x00000007b1c90000,0x00000007b391dbd0,0x00000007b4120000)
  to   space 42368K, 0% used [0x00000007b6d50000,0x00000007b6d50000,0x00000007b96b0000)
 ParOldGen       total 213120K, used 155286K [0x0000000700600000, 0x000000070d620000, 0x00000007aacb0000)
  object space 213120K, 72% used [0x0000000700600000,0x0000000709da5990,0x000000070d620000)
 PSPermGen       total 40832K, used 18043K [0x00000006fb400000, 0x00000006fdbe0000, 0x0000000700600000)
  object space 40832K, 44% used [0x00000006fb400000,0x00000006fc59ef90,0x00000006fdbe0000)
Event: 9.193 GC heap after
Heap after GC invocations=10 (full 2):
 PSYoungGen      total 194176K, used 29270K [0x00000007aacb0000, 0x00000007b9ed0000, 0x0000000800000000)
  eden space 151808K, 0% used [0x00000007aacb0000,0x00000007aacb0000,0x00000007b40f0000)
  from space 42368K, 69% used [0x00000007b6d50000,0x00000007b89e5bd0,0x00000007b96b0000)
  to   space 45440K, 0% used [0x00000007b40f0000,0x00000007b40f0000,0x00000007b6d50000)
 ParOldGen       total 213120K, used 155286K [0x0000000700600000, 0x000000070d620000, 0x00000007aacb0000)
  object space 213120K, 72% used [0x0000000700600000,0x0000000709da5990,0x000000070d620000)
 PSPermGen       total 40832K, used 18043K [0x00000006fb400000, 0x00000006fdbe0000, 0x0000000700600000)
  object space 40832K, 44% used [0x00000006fb400000,0x00000006fc59ef90,0x00000006fdbe0000)
}
Event: 10.883 GC heap before
{Heap before GC invocations=11 (full 3):
 PSYoungGen      total 194176K, used 178477K [0x00000007aacb0000, 0x00000007b9ed0000, 0x0000000800000000)
  eden space 151808K, 98% used [0x00000007aacb0000,0x00000007b3e658e0,0x00000007b40f0000)
  from space 42368K, 69% used [0x00000007b6d50000,0x00000007b89e5bd0,0x00000007b96b0000)
  to   space 45440K, 0% used [0x00000007b40f0000,0x00000007b40f0000,0x00000007b6d50000)
 ParOldGen       total 461056K, used 459037K [0x0000000700600000, 0x000000071c840000, 0x00000007aacb0000)
  object space 461056K, 99% used [0x0000000700600000,0x000000071c647590,0x000000071c840000)
 PSPermGen       total 40832K, used 18049K [0x00000006fb400000, 0x00000006fdbe0000, 0x0000000700600000)
  object space 40832K, 44% used [0x00000006fb400000,0x00000006fc5a0750,0x00000006fdbe0000)
Event: 10.927 GC heap after
Heap after GC invocations=11 (full 3):
 PSYoungGen      total 194176K, used 0K [0x00000007aacb0000, 0x00000007b9ed0000, 0x0000000800000000)
  eden space 151808K, 0% used [0x00000007aacb0000,0x00000007aacb0000,0x00000007b40f0000)
  from space 42368K, 0% used [0x00000007b6d50000,0x00000007b6d50000,0x00000007b96b0000)
  to   space 45440K, 0% used [0x00000007b40f0000,0x00000007b40f0000,0x00000007b6d50000)
 ParOldGen       total 268096K, used 26248K [0x0000000700600000, 0x0000000710bd0000, 0x00000007aacb0000)
  object space 268096K, 9% used [0x0000000700600000,0x0000000701fa2170,0x0000000710bd0000)
 PSPermGen       total 39680K, used 18049K [0x00000006fb400000, 0x00000006fdac0000, 0x0000000700600000)
  object space 39680K, 45% used [0x00000006fb400000,0x00000006fc5a06d0,0x00000006fdac0000)
}
Event: 12.549 GC heap before
{Heap before GC invocations=12 (full 4):
 PSYoungGen      total 194176K, used 149765K [0x00000007aacb0000, 0x00000007b9ed0000, 0x0000000800000000)
  eden space 151808K, 98% used [0x00000007aacb0000,0x00000007b3ef1770,0x00000007b40f0000)
  from space 42368K, 0% used [0x00000007b6d50000,0x00000007b6d50000,0x00000007b96b0000)
  to   space 45440K, 0% used [0x00000007b40f0000,0x00000007b40f0000,0x00000007b6d50000)
 ParOldGen       total 328768K, used 326582K [0x0000000700600000, 0x0000000714710000, 0x00000007aacb0000)
  object space 328768K, 99% used [0x0000000700600000,0x00000007144ed8a0,0x0000000714710000)
 PSPermGen       total 39680K, used 18058K [0x00000006fb400000, 0x00000006fdac0000, 0x0000000700600000)
  object space 39680K, 45% used [0x00000006fb400000,0x00000006fc5a2970,0x00000006fdac0000)
Event: 12.569 GC heap after
Heap after GC invocations=12 (full 4):
 PSYoungGen      total 194176K, used 0K [0x00000007aacb0000, 0x00000007b9ed0000, 0x0000000800000000)
  eden space 151808K, 0% used [0x00000007aacb0000,0x00000007aacb0000,0x00000007b40f0000)
  from space 42368K, 0% used [0x00000007b6d50000,0x00000007b6d50000,0x00000007b96b0000)
  to   space 45440K, 0% used [0x00000007b40f0000,0x00000007b40f0000,0x00000007b6d50000)
 ParOldGen       total 329344K, used 20181K [0x0000000700600000, 0x00000007147a0000, 0x00000007aacb0000)
  object space 329344K, 6% used [0x0000000700600000,0x00000007019b56f0,0x00000007147a0000)
 PSPermGen       total 37568K, used 18058K [0x00000006fb400000, 0x00000006fd8b0000, 0x0000000700600000)
  object space 37568K, 48% used [0x00000006fb400000,0x00000006fc5a2940,0x00000006fd8b0000)
}

