# JRE version: 7.0_07-b11
# Java VM: Java HotSpot(TM) 64-Bit Server VM (23.3-b01 mixed mode windows-amd64 compressed oops)
Heap
 PSYoungGen      total 773504K, used 402376K [0x00000007aacb0000, 0x00000007ee2e0000, 0x0000000800000000)
  eden space 715584K, 50% used [0x00000007aacb0000,0x00000007c0f97fa8,0x00000007d6780000)
  from space 57920K, 67% used [0x00000007d6780000,0x00000007d8d8a110,0x00000007da010000)
  to   space 59136K, 0% used [0x00000007ea920000,0x00000007ea920000,0x00000007ee2e0000)
 ParOldGen       total 203584K, used 52271K [0x0000000700600000, 0x000000070ccd0000, 0x00000007aacb0000)
  object space 203584K, 25% used [0x0000000700600000,0x000000070390bde0,0x000000070ccd0000)
 PSPermGen       total 40896K, used 18143K [0x00000006fb400000, 0x00000006fdbf0000, 0x0000000700600000)
  object space 40896K, 44% used [0x00000006fb400000,0x00000006fc5b7c00,0x00000006fdbf0000)
GC Heap History (10 events):
Event: 10.204 GC heap before
{Heap before GC invocations=11 (full 1):
 PSYoungGen      total 430208K, used 397065K [0x00000007aacb0000, 0x00000007d1df0000, 0x0000000800000000)
  eden space 371008K, 99% used [0x00000007aacb0000,0x00000007c1439010,0x00000007c1700000)
  from space 59200K, 48% used [0x00000007c1700000,0x00000007c33395b0,0x00000007c50d0000)
  to   space 57344K, 0% used [0x00000007ce5f0000,0x00000007ce5f0000,0x00000007d1df0000)
 ParOldGen       total 150912K, used 70218K [0x0000000700600000, 0x0000000709960000, 0x00000007aacb0000)
  object space 150912K, 46% used [0x0000000700600000,0x0000000704a92b58,0x0000000709960000)
 PSPermGen       total 36608K, used 18084K [0x00000006fb400000, 0x00000006fd7c0000, 0x0000000700600000)
  object space 36608K, 49% used [0x00000006fb400000,0x00000006fc5a9170,0x00000006fd7c0000)
Event: 10.217 GC heap after
Heap after GC invocations=11 (full 1):
 PSYoungGen      total 577152K, used 48840K [0x00000007aacb0000, 0x00000007d2a00000, 0x0000000800000000)
  eden space 519808K, 0% used [0x00000007aacb0000,0x00000007aacb0000,0x00000007ca850000)
  from space 57344K, 85% used [0x00000007ce5f0000,0x00000007d15a22f0,0x00000007d1df0000)
  to   space 63104K, 0% used [0x00000007ca850000,0x00000007ca850000,0x00000007ce5f0000)
 ParOldGen       total 150912K, used 70250K [0x0000000700600000, 0x0000000709960000, 0x00000007aacb0000)
  object space 150912K, 46% used [0x0000000700600000,0x0000000704a9ab58,0x0000000709960000)
 PSPermGen       total 36608K, used 18084K [0x00000006fb400000, 0x00000006fd7c0000, 0x0000000700600000)
  object space 36608K, 49% used [0x00000006fb400000,0x00000006fc5a9170,0x00000006fd7c0000)
}
Event: 12.309 GC heap before
{Heap before GC invocations=12 (full 1):
 PSYoungGen      total 577152K, used 565338K [0x00000007aacb0000, 0x00000007d2a00000, 0x0000000800000000)
  eden space 519808K, 99% used [0x00000007aacb0000,0x00000007ca514700,0x00000007ca850000)
  from space 57344K, 85% used [0x00000007ce5f0000,0x00000007d15a22f0,0x00000007d1df0000)
  to   space 63104K, 0% used [0x00000007ca850000,0x00000007ca850000,0x00000007ce5f0000)
 ParOldGen       total 150912K, used 70250K [0x0000000700600000, 0x0000000709960000, 0x00000007aacb0000)
  object space 150912K, 46% used [0x0000000700600000,0x0000000704a9ab58,0x0000000709960000)
 PSPermGen       total 36608K, used 18102K [0x00000006fb400000, 0x00000006fd7c0000, 0x0000000700600000)
  object space 36608K, 49% used [0x00000006fb400000,0x00000006fc5adb58,0x00000006fd7c0000)
Event: 12.322 GC heap after
Heap after GC invocations=12 (full 1):
 PSYoungGen      total 582912K, used 29982K [0x00000007aacb0000, 0x00000007de7b0000, 0x0000000800000000)
  eden space 519808K, 0% used [0x00000007aacb0000,0x00000007aacb0000,0x00000007ca850000)
  from space 63104K, 47% used [0x00000007ca850000,0x00000007cc597828,0x00000007ce5f0000)
  to   space 60672K, 0% used [0x00000007dac70000,0x00000007dac70000,0x00000007de7b0000)
 ParOldGen       total 150912K, used 92614K [0x0000000700600000, 0x0000000709960000, 0x00000007aacb0000)
  object space 150912K, 61% used [0x0000000700600000,0x0000000706071b20,0x0000000709960000)
 PSPermGen       total 36608K, used 18102K [0x00000006fb400000, 0x00000006fd7c0000, 0x0000000700600000)
  object space 36608K, 49% used [0x00000006fb400000,0x00000006fc5adb58,0x00000006fd7c0000)
}
Event: 14.509 GC heap before
{Heap before GC invocations=13 (full 1):
 PSYoungGen      total 582912K, used 549626K [0x00000007aacb0000, 0x00000007de7b0000, 0x0000000800000000)
  eden space 519808K, 99% used [0x00000007aacb0000,0x00000007ca8272a0,0x00000007ca850000)
  from space 63104K, 47% used [0x00000007ca850000,0x00000007cc597828,0x00000007ce5f0000)
  to   space 60672K, 0% used [0x00000007dac70000,0x00000007dac70000,0x00000007de7b0000)
 ParOldGen       total 150912K, used 92614K [0x0000000700600000, 0x0000000709960000, 0x00000007aacb0000)
  object space 150912K, 61% used [0x0000000700600000,0x0000000706071b20,0x0000000709960000)
 PSPermGen       total 36608K, used 18104K [0x00000006fb400000, 0x00000006fd7c0000, 0x0000000700600000)
  object space 36608K, 49% used [0x00000006fb400000,0x00000006fc5ae2d8,0x00000006fd7c0000)
Event: 14.524 GC heap after
Heap after GC invocations=13 (full 1):
 PSYoungGen      total 760832K, used 28732K [0x00000007aacb0000, 0x00000007dd8a0000, 0x0000000800000000)
  eden space 715584K, 0% used [0x00000007aacb0000,0x00000007aacb0000,0x00000007d6780000)
  from space 45248K, 63% used [0x00000007dac70000,0x00000007dc87f2a0,0x00000007dd8a0000)
  to   space 57920K, 0% used [0x00000007d6780000,0x00000007d6780000,0x00000007da010000)
 ParOldGen       total 150912K, used 119917K [0x0000000700600000, 0x0000000709960000, 0x00000007aacb0000)
  object space 150912K, 79% used [0x0000000700600000,0x0000000707b1b5c8,0x0000000709960000)
 PSPermGen       total 36608K, used 18104K [0x00000006fb400000, 0x00000006fd7c0000, 0x0000000700600000)
  object space 36608K, 49% used [0x00000006fb400000,0x00000006fc5ae2d8,0x00000006fd7c0000)
}
Event: 14.524 GC heap before
{Heap before GC invocations=14 (full 2):
 PSYoungGen      total 760832K, used 28732K [0x00000007aacb0000, 0x00000007dd8a0000, 0x0000000800000000)
  eden space 715584K, 0% used [0x00000007aacb0000,0x00000007aacb0000,0x00000007d6780000)
  from space 45248K, 63% used [0x00000007dac70000,0x00000007dc87f2a0,0x00000007dd8a0000)
  to   space 57920K, 0% used [0x00000007d6780000,0x00000007d6780000,0x00000007da010000)
 ParOldGen       total 150912K, used 119917K [0x0000000700600000, 0x0000000709960000, 0x00000007aacb0000)
  object space 150912K, 79% used [0x0000000700600000,0x0000000707b1b5c8,0x0000000709960000)
 PSPermGen       total 36608K, used 18104K [0x00000006fb400000, 0x00000006fd7c0000, 0x0000000700600000)
  object space 36608K, 49% used [0x00000006fb400000,0x00000006fc5ae2d8,0x00000006fd7c0000)
Event: 14.557 GC heap after
Heap after GC invocations=14 (full 2):
 PSYoungGen      total 760832K, used 0K [0x00000007aacb0000, 0x00000007dd8a0000, 0x0000000800000000)
  eden space 715584K, 0% used [0x00000007aacb0000,0x00000007aacb0000,0x00000007d6780000)
  from space 45248K, 0% used [0x00000007dac70000,0x00000007dac70000,0x00000007dd8a0000)
  to   space 57920K, 0% used [0x00000007d6780000,0x00000007d6780000,0x00000007da010000)
 ParOldGen       total 203584K, used 52271K [0x0000000700600000, 0x000000070ccd0000, 0x00000007aacb0000)
  object space 203584K, 25% used [0x0000000700600000,0x000000070390bde0,0x000000070ccd0000)
 PSPermGen       total 40896K, used 18104K [0x00000006fb400000, 0x00000006fdbf0000, 0x0000000700600000)
  object space 40896K, 44% used [0x00000006fb400000,0x00000006fc5ae1d8,0x00000006fdbf0000)
}
Event: 17.552 GC heap before
{Heap before GC invocations=15 (full 2):
 PSYoungGen      total 760832K, used 712276K [0x00000007aacb0000, 0x00000007dd8a0000, 0x0000000800000000)
  eden space 715584K, 99% used [0x00000007aacb0000,0x00000007d6445098,0x00000007d6780000)
  from space 45248K, 0% used [0x00000007dac70000,0x00000007dac70000,0x00000007dd8a0000)
  to   space 57920K, 0% used [0x00000007d6780000,0x00000007d6780000,0x00000007da010000)
 ParOldGen       total 203584K, used 52271K [0x0000000700600000, 0x000000070ccd0000, 0x00000007aacb0000)
  object space 203584K, 25% used [0x0000000700600000,0x000000070390bde0,0x000000070ccd0000)
 PSPermGen       total 40896K, used 18108K [0x00000006fb400000, 0x00000006fdbf0000, 0x0000000700600000)
  object space 40896K, 44% used [0x00000006fb400000,0x00000006fc5af090,0x00000006fdbf0000)
Event: 17.563 GC heap after
Heap after GC invocations=15 (full 2):
 PSYoungGen      total 773504K, used 38952K [0x00000007aacb0000, 0x00000007ee2e0000, 0x0000000800000000)
  eden space 715584K, 0% used [0x00000007aacb0000,0x00000007aacb0000,0x00000007d6780000)
  from space 57920K, 67% used [0x00000007d6780000,0x00000007d8d8a110,0x00000007da010000)
  to   space 59136K, 0% used [0x00000007ea920000,0x00000007ea920000,0x00000007ee2e0000)
 ParOldGen       total 203584K, used 52271K [0x0000000700600000, 0x000000070ccd0000, 0x00000007aacb0000)
  object space 203584K, 25% used [0x0000000700600000,0x000000070390bde0,0x000000070ccd0000)
 PSPermGen       total 40896K, used 18108K [0x00000006fb400000, 0x00000006fdbf0000, 0x0000000700600000)
  object space 40896K, 44% used [0x00000006fb400000,0x00000006fc5af090,0x00000006fdbf0000)
}

