# JRE version: 7.0_07-b11
# Java VM: Java HotSpot(TM) 64-Bit Server VM (23.3-b01 mixed mode windows-amd64 compressed oops)
Heap
 PSYoungGen      total 889728K, used 310862K [0x00000007aacb0000, 0x00000007f0090000, 0x0000000800000000)
  eden space 846144K, 31% used [0x00000007aacb0000,0x00000007bb1be9c0,0x00000007de700000)
  from space 43584K, 99% used [0x00000007ed600000,0x00000007f0085200,0x00000007f0090000)
  to   space 63296K, 0% used [0x00000007e84f0000,0x00000007e84f0000,0x00000007ec2c0000)
 ParOldGen       total 281024K, used 42553K [0x0000000700600000, 0x0000000711870000, 0x00000007aacb0000)
  object space 281024K, 15% used [0x0000000700600000,0x0000000702f8e430,0x0000000711870000)
 PSPermGen       total 35968K, used 18200K [0x00000006fb400000, 0x00000006fd720000, 0x0000000700600000)
  object space 35968K, 50% used [0x00000006fb400000,0x00000006fc5c6098,0x00000006fd720000)
GC Heap History (10 events):
Event: 58.656 GC heap before
{Heap before GC invocations=31 (full 5):
 PSYoungGen      total 1090880K, used 1085270K [0x00000007aacb0000, 0x00000007f84b0000, 0x0000000800000000)
  eden space 1043904K, 99% used [0x00000007aacb0000,0x00000007ea2b2430,0x00000007ea820000)
  from space 46976K, 99% used [0x00000007f1df0000,0x00000007f4bc36d0,0x00000007f4bd0000)
  to   space 58240K, 0% used [0x00000007f4bd0000,0x00000007f4bd0000,0x00000007f84b0000)
 ParOldGen       total 281024K, used 42553K [0x0000000700600000, 0x0000000711870000, 0x00000007aacb0000)
  object space 281024K, 15% used [0x0000000700600000,0x0000000702f8e430,0x0000000711870000)
 PSPermGen       total 35968K, used 18161K [0x00000006fb400000, 0x00000006fd720000, 0x0000000700600000)
  object space 35968K, 50% used [0x00000006fb400000,0x00000006fc5bc6c0,0x00000006fd720000)
Event: 58.662 GC heap after
Heap after GC invocations=31 (full 5):
 PSYoungGen      total 1029056K, used 28732K [0x00000007aacb0000, 0x00000007f67e0000, 0x0000000800000000)
  eden space 1000320K, 0% used [0x00000007aacb0000,0x00000007aacb0000,0x00000007e7d90000)
  from space 28736K, 99% used [0x00000007f4bd0000,0x00000007f67df2a0,0x00000007f67e0000)
  to   space 66240K, 0% used [0x00000007ee680000,0x00000007ee680000,0x00000007f2730000)
 ParOldGen       total 281024K, used 42553K [0x0000000700600000, 0x0000000711870000, 0x00000007aacb0000)
  object space 281024K, 15% used [0x0000000700600000,0x0000000702f8e430,0x0000000711870000)
 PSPermGen       total 35968K, used 18161K [0x00000006fb400000, 0x00000006fd720000, 0x0000000700600000)
  object space 35968K, 50% used [0x00000006fb400000,0x00000006fc5bc6c0,0x00000006fd720000)
}
Event: 62.186 GC heap before
{Heap before GC invocations=32 (full 5):
 PSYoungGen      total 1029056K, used 1025683K [0x00000007aacb0000, 0x00000007f67e0000, 0x0000000800000000)
  eden space 1000320K, 99% used [0x00000007aacb0000,0x00000007e7a45ba0,0x00000007e7d90000)
  from space 28736K, 99% used [0x00000007f4bd0000,0x00000007f67df2a0,0x00000007f67e0000)
  to   space 66240K, 0% used [0x00000007ee680000,0x00000007ee680000,0x00000007f2730000)
 ParOldGen       total 281024K, used 42553K [0x0000000700600000, 0x0000000711870000, 0x00000007aacb0000)
  object space 281024K, 15% used [0x0000000700600000,0x0000000702f8e430,0x0000000711870000)
 PSPermGen       total 35968K, used 18164K [0x00000006fb400000, 0x00000006fd720000, 0x0000000700600000)
  object space 35968K, 50% used [0x00000006fb400000,0x00000006fc5bd228,0x00000006fd720000)
Event: 62.192 GC heap after
Heap after GC invocations=32 (full 5):
 PSYoungGen      total 987584K, used 28700K [0x00000007aacb0000, 0x00000007f4be0000, 0x0000000800000000)
  eden space 958848K, 0% used [0x00000007aacb0000,0x00000007aacb0000,0x00000007e5510000)
  from space 28736K, 99% used [0x00000007ee680000,0x00000007f02872a0,0x00000007f0290000)
  to   space 63872K, 0% used [0x00000007f0d80000,0x00000007f0d80000,0x00000007f4be0000)
 ParOldGen       total 281024K, used 42553K [0x0000000700600000, 0x0000000711870000, 0x00000007aacb0000)
  object space 281024K, 15% used [0x0000000700600000,0x0000000702f8e430,0x0000000711870000)
 PSPermGen       total 35968K, used 18164K [0x00000006fb400000, 0x00000006fd720000, 0x0000000700600000)
  object space 35968K, 50% used [0x00000006fb400000,0x00000006fc5bd228,0x00000006fd720000)
}
Event: 65.539 GC heap before
{Heap before GC invocations=33 (full 5):
 PSYoungGen      total 987584K, used 984254K [0x00000007aacb0000, 0x00000007f4be0000, 0x0000000800000000)
  eden space 958848K, 99% used [0x00000007aacb0000,0x00000007e51d8620,0x00000007e5510000)
  from space 28736K, 99% used [0x00000007ee680000,0x00000007f02872a0,0x00000007f0290000)
  to   space 63872K, 0% used [0x00000007f0d80000,0x00000007f0d80000,0x00000007f4be0000)
 ParOldGen       total 281024K, used 42553K [0x0000000700600000, 0x0000000711870000, 0x00000007aacb0000)
  object space 281024K, 15% used [0x0000000700600000,0x0000000702f8e430,0x0000000711870000)
 PSPermGen       total 35968K, used 18164K [0x00000006fb400000, 0x00000006fd720000, 0x0000000700600000)
  object space 35968K, 50% used [0x00000006fb400000,0x00000006fc5bd3e8,0x00000006fd720000)
Event: 65.548 GC heap after
Heap after GC invocations=33 (full 5):
 PSYoungGen      total 963008K, used 43540K [0x00000007aacb0000, 0x00000007f3810000, 0x0000000800000000)
  eden space 919424K, 0% used [0x00000007aacb0000,0x00000007aacb0000,0x00000007e2e90000)
  from space 43584K, 99% used [0x00000007f0d80000,0x00000007f3805200,0x00000007f3810000)
  to   space 64576K, 0% used [0x00000007eb9f0000,0x00000007eb9f0000,0x00000007ef900000)
 ParOldGen       total 281024K, used 42553K [0x0000000700600000, 0x0000000711870000, 0x00000007aacb0000)
  object space 281024K, 15% used [0x0000000700600000,0x0000000702f8e430,0x0000000711870000)
 PSPermGen       total 35968K, used 18164K [0x00000006fb400000, 0x00000006fd720000, 0x0000000700600000)
  object space 35968K, 50% used [0x00000006fb400000,0x00000006fc5bd3e8,0x00000006fd720000)
}
Event: 68.786 GC heap before
{Heap before GC invocations=34 (full 5):
 PSYoungGen      total 963008K, used 958455K [0x00000007aacb0000, 0x00000007f3810000, 0x0000000800000000)
  eden space 919424K, 99% used [0x00000007aacb0000,0x00000007e2a28cc8,0x00000007e2e90000)
  from space 43584K, 99% used [0x00000007f0d80000,0x00000007f3805200,0x00000007f3810000)
  to   space 64576K, 0% used [0x00000007eb9f0000,0x00000007eb9f0000,0x00000007ef900000)
 ParOldGen       total 281024K, used 42553K [0x0000000700600000, 0x0000000711870000, 0x00000007aacb0000)
  object space 281024K, 15% used [0x0000000700600000,0x0000000702f8e430,0x0000000711870000)
 PSPermGen       total 35968K, used 18165K [0x00000006fb400000, 0x00000006fd720000, 0x0000000700600000)
  object space 35968K, 50% used [0x00000006fb400000,0x00000006fc5bd600,0x00000006fd720000)
Event: 68.793 GC heap after
Heap after GC invocations=34 (full 5):
 PSYoungGen      total 910592K, used 28700K [0x00000007aacb0000, 0x00000007f0d90000, 0x0000000800000000)
  eden space 881856K, 0% used [0x00000007aacb0000,0x00000007aacb0000,0x00000007e09e0000)
  from space 28736K, 99% used [0x00000007eb9f0000,0x00000007ed5f72a0,0x00000007ed600000)
  to   space 56896K, 0% used [0x00000007ed600000,0x00000007ed600000,0x00000007f0d90000)
 ParOldGen       total 281024K, used 42553K [0x0000000700600000, 0x0000000711870000, 0x00000007aacb0000)
  object space 281024K, 15% used [0x0000000700600000,0x0000000702f8e430,0x0000000711870000)
 PSPermGen       total 35968K, used 18165K [0x00000006fb400000, 0x00000006fd720000, 0x0000000700600000)
  object space 35968K, 50% used [0x00000006fb400000,0x00000006fc5bd600,0x00000006fd720000)
}
Event: 71.878 GC heap before
{Heap before GC invocations=35 (full 5):
 PSYoungGen      total 910592K, used 908412K [0x00000007aacb0000, 0x00000007f0d90000, 0x0000000800000000)
  eden space 881856K, 99% used [0x00000007aacb0000,0x00000007e07c7e38,0x00000007e09e0000)
  from space 28736K, 99% used [0x00000007eb9f0000,0x00000007ed5f72a0,0x00000007ed600000)
  to   space 56896K, 0% used [0x00000007ed600000,0x00000007ed600000,0x00000007f0d90000)
 ParOldGen       total 281024K, used 42553K [0x0000000700600000, 0x0000000711870000, 0x00000007aacb0000)
  object space 281024K, 15% used [0x0000000700600000,0x0000000702f8e430,0x0000000711870000)
 PSPermGen       total 35968K, used 18166K [0x00000006fb400000, 0x00000006fd720000, 0x0000000700600000)
  object space 35968K, 50% used [0x00000006fb400000,0x00000006fc5bda78,0x00000006fd720000)
Event: 71.885 GC heap after
Heap after GC invocations=35 (full 5):
 PSYoungGen      total 889728K, used 43540K [0x00000007aacb0000, 0x00000007f0090000, 0x0000000800000000)
  eden space 846144K, 0% used [0x00000007aacb0000,0x00000007aacb0000,0x00000007de700000)
  from space 43584K, 99% used [0x00000007ed600000,0x00000007f0085200,0x00000007f0090000)
  to   space 63296K, 0% used [0x00000007e84f0000,0x00000007e84f0000,0x00000007ec2c0000)
 ParOldGen       total 281024K, used 42553K [0x0000000700600000, 0x0000000711870000, 0x00000007aacb0000)
  object space 281024K, 15% used [0x0000000700600000,0x0000000702f8e430,0x0000000711870000)
 PSPermGen       total 35968K, used 18166K [0x00000006fb400000, 0x00000006fd720000, 0x0000000700600000)
  object space 35968K, 50% used [0x00000006fb400000,0x00000006fc5bda78,0x00000006fd720000)
}

