# JRE version: 7.0_07-b11
# Java VM: Java HotSpot(TM) 64-Bit Server VM (23.3-b01 mixed mode windows-amd64 compressed oops)
Heap
 PSYoungGen      total 461056K, used 350046K [0x00000007aacb0000, 0x00000007cd640000, 0x0000000800000000)
  eden space 390464K, 80% used [0x00000007aacb0000,0x00000007bde7cfc0,0x00000007c2a00000)
  from space 70592K, 52% used [0x00000007c2a00000,0x00000007c4e0ab70,0x00000007c6ef0000)
  to   space 69120K, 0% used [0x00000007c92c0000,0x00000007c92c0000,0x00000007cd640000)
 ParOldGen       total 582592K, used 168774K [0x0000000700600000, 0x0000000723ef0000, 0x00000007aacb0000)
  object space 582592K, 28% used [0x0000000700600000,0x000000070aad1868,0x0000000723ef0000)
 PSPermGen       total 32512K, used 18039K [0x00000006fb400000, 0x00000006fd3c0000, 0x0000000700600000)
  object space 32512K, 55% used [0x00000006fb400000,0x00000006fc59dea0,0x00000006fd3c0000)
GC Heap History (10 events):
Event: 24.707 GC heap before
{Heap before GC invocations=34 (full 6):
 PSYoungGen      total 403264K, used 362533K [0x00000007aacb0000, 0x00000007c8320000, 0x0000000800000000)
  eden space 343936K, 99% used [0x00000007aacb0000,0x00000007bfc8af58,0x00000007bfc90000)
  from space 59328K, 31% used [0x00000007bfc90000,0x00000007c0ebe740,0x00000007c3680000)
  to   space 56960K, 0% used [0x00000007c4b80000,0x00000007c4b80000,0x00000007c8320000)
 ParOldGen       total 494080K, used 397274K [0x0000000700600000, 0x000000071e880000, 0x00000007aacb0000)
  object space 494080K, 80% used [0x0000000700600000,0x00000007189f6ab8,0x000000071e880000)
 PSPermGen       total 34240K, used 18021K [0x00000006fb400000, 0x00000006fd570000, 0x0000000700600000)
  object space 34240K, 52% used [0x00000006fb400000,0x00000006fc599540,0x00000006fd570000)
Event: 24.713 GC heap after
Heap after GC invocations=34 (full 6):
 PSYoungGen      total 422080K, used 18681K [0x00000007aacb0000, 0x00000007c7f90000, 0x0000000800000000)
  eden space 368768K, 0% used [0x00000007aacb0000,0x00000007aacb0000,0x00000007c14d0000)
  from space 53312K, 35% used [0x00000007c4b80000,0x00000007c5dbe740,0x00000007c7f90000)
  to   space 54656K, 0% used [0x00000007c14d0000,0x00000007c14d0000,0x00000007c4a30000)
 ParOldGen       total 494080K, used 397274K [0x0000000700600000, 0x000000071e880000, 0x00000007aacb0000)
  object space 494080K, 80% used [0x0000000700600000,0x00000007189f6ab8,0x000000071e880000)
 PSPermGen       total 34240K, used 18021K [0x00000006fb400000, 0x00000006fd570000, 0x0000000700600000)
  object space 34240K, 52% used [0x00000006fb400000,0x00000006fc599540,0x00000006fd570000)
}
Event: 25.931 GC heap before
{Heap before GC invocations=35 (full 7):
 PSYoungGen      total 422080K, used 387449K [0x00000007aacb0000, 0x00000007c7f90000, 0x0000000800000000)
  eden space 368768K, 100% used [0x00000007aacb0000,0x00000007c14d0000,0x00000007c14d0000)
  from space 53312K, 35% used [0x00000007c4b80000,0x00000007c5dbe740,0x00000007c7f90000)
  to   space 54656K, 0% used [0x00000007c14d0000,0x00000007c14d0000,0x00000007c4a30000)
 ParOldGen       total 565248K, used 564423K [0x0000000700600000, 0x0000000722e00000, 0x00000007aacb0000)
  object space 565248K, 99% used [0x0000000700600000,0x0000000722d31df0,0x0000000722e00000)
 PSPermGen       total 34240K, used 18023K [0x00000006fb400000, 0x00000006fd570000, 0x0000000700600000)
  object space 34240K, 52% used [0x00000006fb400000,0x00000006fc599ca8,0x00000006fd570000)
Event: 25.958 GC heap after
Heap after GC invocations=35 (full 7):
 PSYoungGen      total 422080K, used 0K [0x00000007aacb0000, 0x00000007c7f90000, 0x0000000800000000)
  eden space 368768K, 0% used [0x00000007aacb0000,0x00000007aacb0000,0x00000007c14d0000)
  from space 53312K, 0% used [0x00000007c4b80000,0x00000007c4b80000,0x00000007c7f90000)
  to   space 54656K, 0% used [0x00000007c14d0000,0x00000007c14d0000,0x00000007c4a30000)
 ParOldGen       total 582592K, used 27652K [0x0000000700600000, 0x0000000723ef0000, 0x00000007aacb0000)
  object space 582592K, 4% used [0x0000000700600000,0x00000007021013a0,0x0000000723ef0000)
 PSPermGen       total 32512K, used 18023K [0x00000006fb400000, 0x00000006fd3c0000, 0x0000000700600000)
  object space 32512K, 55% used [0x00000006fb400000,0x00000006fc599c48,0x00000006fd3c0000)
}
Event: 26.718 GC heap before
{Heap before GC invocations=36 (full 7):
 PSYoungGen      total 422080K, used 367570K [0x00000007aacb0000, 0x00000007c7f90000, 0x0000000800000000)
  eden space 368768K, 99% used [0x00000007aacb0000,0x00000007c13a4ae8,0x00000007c14d0000)
  from space 53312K, 0% used [0x00000007c4b80000,0x00000007c4b80000,0x00000007c7f90000)
  to   space 54656K, 0% used [0x00000007c14d0000,0x00000007c14d0000,0x00000007c4a30000)
 ParOldGen       total 582592K, used 27652K [0x0000000700600000, 0x0000000723ef0000, 0x00000007aacb0000)
  object space 582592K, 4% used [0x0000000700600000,0x00000007021013a0,0x0000000723ef0000)
 PSPermGen       total 32512K, used 18024K [0x00000006fb400000, 0x00000006fd3c0000, 0x0000000700600000)
  object space 32512K, 55% used [0x00000006fb400000,0x00000006fc59a348,0x00000006fd3c0000)
Event: 26.728 GC heap after
Heap after GC invocations=36 (full 7):
 PSYoungGen      total 423424K, used 53370K [0x00000007aacb0000, 0x00000007cac00000, 0x0000000800000000)
  eden space 368768K, 0% used [0x00000007aacb0000,0x00000007aacb0000,0x00000007c14d0000)
  from space 54656K, 97% used [0x00000007c14d0000,0x00000007c48ee900,0x00000007c4a30000)
  to   space 62528K, 0% used [0x00000007c6ef0000,0x00000007c6ef0000,0x00000007cac00000)
 ParOldGen       total 582592K, used 33727K [0x0000000700600000, 0x0000000723ef0000, 0x00000007aacb0000)
  object space 582592K, 5% used [0x0000000700600000,0x00000007026effb0,0x0000000723ef0000)
 PSPermGen       total 32512K, used 18024K [0x00000006fb400000, 0x00000006fd3c0000, 0x0000000700600000)
  object space 32512K, 55% used [0x00000006fb400000,0x00000006fc59a348,0x00000006fd3c0000)
}
Event: 27.940 GC heap before
{Heap before GC invocations=37 (full 7):
 PSYoungGen      total 423424K, used 421753K [0x00000007aacb0000, 0x00000007cac00000, 0x0000000800000000)
  eden space 368768K, 99% used [0x00000007aacb0000,0x00000007c146fdd8,0x00000007c14d0000)
  from space 54656K, 97% used [0x00000007c14d0000,0x00000007c48ee900,0x00000007c4a30000)
  to   space 62528K, 0% used [0x00000007c6ef0000,0x00000007c6ef0000,0x00000007cac00000)
 ParOldGen       total 582592K, used 37145K [0x0000000700600000, 0x0000000723ef0000, 0x00000007aacb0000)
  object space 582592K, 6% used [0x0000000700600000,0x0000000702a46480,0x0000000723ef0000)
 PSPermGen       total 32512K, used 18029K [0x00000006fb400000, 0x00000006fd3c0000, 0x0000000700600000)
  object space 32512K, 55% used [0x00000006fb400000,0x00000006fc59b440,0x00000006fd3c0000)
Event: 27.957 GC heap after
Heap after GC invocations=37 (full 7):
 PSYoungGen      total 452992K, used 58223K [0x00000007aacb0000, 0x00000007cc400000, 0x0000000800000000)
  eden space 390464K, 0% used [0x00000007aacb0000,0x00000007aacb0000,0x00000007c2a00000)
  from space 62528K, 93% used [0x00000007c6ef0000,0x00000007ca7cbef0,0x00000007cac00000)
  to   space 70592K, 0% used [0x00000007c2a00000,0x00000007c2a00000,0x00000007c6ef0000)
 ParOldGen       total 582592K, used 49295K [0x0000000700600000, 0x0000000723ef0000, 0x00000007aacb0000)
  object space 582592K, 8% used [0x0000000700600000,0x0000000703623ca0,0x0000000723ef0000)
 PSPermGen       total 32512K, used 18029K [0x00000006fb400000, 0x00000006fd3c0000, 0x0000000700600000)
  object space 32512K, 55% used [0x00000006fb400000,0x00000006fc59b440,0x00000006fd3c0000)
}
Event: 29.140 GC heap before
{Heap before GC invocations=38 (full 7):
 PSYoungGen      total 452992K, used 448678K [0x00000007aacb0000, 0x00000007cc400000, 0x0000000800000000)
  eden space 390464K, 99% used [0x00000007aacb0000,0x00000007c29fdc78,0x00000007c2a00000)
  from space 62528K, 93% used [0x00000007c6ef0000,0x00000007ca7cbef0,0x00000007cac00000)
  to   space 70592K, 0% used [0x00000007c2a00000,0x00000007c2a00000,0x00000007c6ef0000)
 ParOldGen       total 582592K, used 168774K [0x0000000700600000, 0x0000000723ef0000, 0x00000007aacb0000)
  object space 582592K, 28% used [0x0000000700600000,0x000000070aad1868,0x0000000723ef0000)
 PSPermGen       total 32512K, used 18030K [0x00000006fb400000, 0x00000006fd3c0000, 0x0000000700600000)
  object space 32512K, 55% used [0x00000006fb400000,0x00000006fc59b9b0,0x00000006fd3c0000)
Event: 29.146 GC heap after
Heap after GC invocations=38 (full 7):
 PSYoungGen      total 461056K, used 36906K [0x00000007aacb0000, 0x00000007cd640000, 0x0000000800000000)
  eden space 390464K, 0% used [0x00000007aacb0000,0x00000007aacb0000,0x00000007c2a00000)
  from space 70592K, 52% used [0x00000007c2a00000,0x00000007c4e0ab70,0x00000007c6ef0000)
  to   space 69120K, 0% used [0x00000007c92c0000,0x00000007c92c0000,0x00000007cd640000)
 ParOldGen       total 582592K, used 168774K [0x0000000700600000, 0x0000000723ef0000, 0x00000007aacb0000)
  object space 582592K, 28% used [0x0000000700600000,0x000000070aad1868,0x0000000723ef0000)
 PSPermGen       total 32512K, used 18030K [0x00000006fb400000, 0x00000006fd3c0000, 0x0000000700600000)
  object space 32512K, 55% used [0x00000006fb400000,0x00000006fc59b9b0,0x00000006fd3c0000)
}

