# JRE version: 7.0_07-b11
# Java VM: Java HotSpot(TM) 64-Bit Server VM (23.3-b01 mixed mode windows-amd64 compressed oops)
Heap
 PSYoungGen      total 287424K, used 67329K [0x00000007aacb0000, 0x00000007c0020000, 0x0000000800000000)
  eden space 240448K, 20% used [0x00000007aacb0000,0x00000007adddf530,0x00000007b9780000)
  from space 46976K, 36% used [0x00000007bd240000,0x00000007be2d0f28,0x00000007c0020000)
  to   space 53568K, 0% used [0x00000007b9780000,0x00000007b9780000,0x00000007bcbd0000)
 ParOldGen       total 733184K, used 54804K [0x0000000700600000, 0x000000072d200000, 0x00000007aacb0000)
  object space 733184K, 7% used [0x0000000700600000,0x0000000703b85280,0x000000072d200000)
 PSPermGen       total 21248K, used 18273K [0x00000006fb400000, 0x00000006fc8c0000, 0x0000000700600000)
  object space 21248K, 86% used [0x00000006fb400000,0x00000006fc5d8778,0x00000006fc8c0000)
GC Heap History (10 events):
Event: 787.580 GC heap before
{Heap before GC invocations=973 (full 62):
 PSYoungGen      total 305856K, used 288472K [0x00000007aacb0000, 0x00000007c1300000, 0x0000000800000000)
  eden space 253440K, 99% used [0x00000007aacb0000,0x00000007ba42b5d8,0x00000007ba430000)
  from space 52416K, 66% used [0x00000007bdb50000,0x00000007bfd8ac60,0x00000007c0e80000)
  to   space 56448K, 0% used [0x00000007ba430000,0x00000007ba430000,0x00000007bdb50000)
 ParOldGen       total 761728K, used 551144K [0x0000000700600000, 0x000000072ede0000, 0x00000007aacb0000)
  object space 761728K, 72% used [0x0000000700600000,0x000000072203a1a0,0x000000072ede0000)
 PSPermGen       total 21248K, used 18237K [0x00000006fb400000, 0x00000006fc8c0000, 0x0000000700600000)
  object space 21248K, 85% used [0x00000006fb400000,0x00000006fc5cf790,0x00000006fc8c0000)
Event: 787.585 GC heap after
Heap after GC invocations=973 (full 62):
 PSYoungGen      total 285632K, used 35496K [0x00000007aacb0000, 0x00000007c1570000, 0x0000000800000000)
  eden space 250112K, 0% used [0x00000007aacb0000,0x00000007aacb0000,0x00000007ba0f0000)
  from space 35520K, 99% used [0x00000007ba430000,0x00000007bc6da108,0x00000007bc6e0000)
  to   space 59648K, 0% used [0x00000007bdb30000,0x00000007bdb30000,0x00000007c1570000)
 ParOldGen       total 761728K, used 551152K [0x0000000700600000, 0x000000072ede0000, 0x00000007aacb0000)
  object space 761728K, 72% used [0x0000000700600000,0x000000072203c1a0,0x000000072ede0000)
 PSPermGen       total 21248K, used 18237K [0x00000006fb400000, 0x00000006fc8c0000, 0x0000000700600000)
  object space 21248K, 85% used [0x00000006fb400000,0x00000006fc5cf790,0x00000006fc8c0000)
}
Event: 788.246 GC heap before
{Heap before GC invocations=974 (full 62):
 PSYoungGen      total 285632K, used 285608K [0x00000007aacb0000, 0x00000007c1570000, 0x0000000800000000)
  eden space 250112K, 100% used [0x00000007aacb0000,0x00000007ba0f0000,0x00000007ba0f0000)
  from space 35520K, 99% used [0x00000007ba430000,0x00000007bc6da108,0x00000007bc6e0000)
  to   space 59648K, 0% used [0x00000007bdb30000,0x00000007bdb30000,0x00000007c1570000)
 ParOldGen       total 761728K, used 612154K [0x0000000700600000, 0x000000072ede0000, 0x00000007aacb0000)
  object space 761728K, 80% used [0x0000000700600000,0x0000000725bceac8,0x000000072ede0000)
 PSPermGen       total 21248K, used 18237K [0x00000006fb400000, 0x00000006fc8c0000, 0x0000000700600000)
  object space 21248K, 85% used [0x00000006fb400000,0x00000006fc5cf790,0x00000006fc8c0000)
Event: 788.248 GC heap after
Heap after GC invocations=974 (full 62):
 PSYoungGen      total 300928K, used 224K [0x00000007aacb0000, 0x00000007c1000000, 0x0000000800000000)
  eden space 246848K, 0% used [0x00000007aacb0000,0x00000007aacb0000,0x00000007b9dc0000)
  from space 54080K, 0% used [0x00000007bdb30000,0x00000007bdb68000,0x00000007c1000000)
  to   space 58496K, 0% used [0x00000007b9dc0000,0x00000007b9dc0000,0x00000007bd6e0000)
 ParOldGen       total 761728K, used 612186K [0x0000000700600000, 0x000000072ede0000, 0x00000007aacb0000)
  object space 761728K, 80% used [0x0000000700600000,0x0000000725bd6ac8,0x000000072ede0000)
 PSPermGen       total 21248K, used 18237K [0x00000006fb400000, 0x00000006fc8c0000, 0x0000000700600000)
  object space 21248K, 85% used [0x00000006fb400000,0x00000006fc5cf790,0x00000006fc8c0000)
}
Event: 789.013 GC heap before
{Heap before GC invocations=975 (full 62):
 PSYoungGen      total 300928K, used 247057K [0x00000007aacb0000, 0x00000007c1000000, 0x0000000800000000)
  eden space 246848K, 99% used [0x00000007aacb0000,0x00000007b9dbc650,0x00000007b9dc0000)
  from space 54080K, 0% used [0x00000007bdb30000,0x00000007bdb68000,0x00000007c1000000)
  to   space 58496K, 0% used [0x00000007b9dc0000,0x00000007b9dc0000,0x00000007bd6e0000)
 ParOldGen       total 761728K, used 724060K [0x0000000700600000, 0x000000072ede0000, 0x00000007aacb0000)
  object space 761728K, 95% used [0x0000000700600000,0x000000072c917308,0x000000072ede0000)
 PSPermGen       total 21248K, used 18237K [0x00000006fb400000, 0x00000006fc8c0000, 0x0000000700600000)
  object space 21248K, 85% used [0x00000006fb400000,0x00000006fc5cf7b0,0x00000006fc8c0000)
Event: 789.015 GC heap after
Heap after GC invocations=975 (full 62):
 PSYoungGen      total 243904K, used 256K [0x00000007aacb0000, 0x00000007c09e0000, 0x0000000800000000)
  eden space 243648K, 0% used [0x00000007aacb0000,0x00000007aacb0000,0x00000007b9aa0000)
  from space 256K, 100% used [0x00000007b9dc0000,0x00000007b9e00000,0x00000007b9e00000)
  to   space 56960K, 0% used [0x00000007bd240000,0x00000007bd240000,0x00000007c09e0000)
 ParOldGen       total 761728K, used 724084K [0x0000000700600000, 0x000000072ede0000, 0x00000007aacb0000)
  object space 761728K, 95% used [0x0000000700600000,0x000000072c91d308,0x000000072ede0000)
 PSPermGen       total 21248K, used 18237K [0x00000006fb400000, 0x00000006fc8c0000, 0x0000000700600000)
  object space 21248K, 85% used [0x00000006fb400000,0x00000006fc5cf7b0,0x00000006fc8c0000)
}
Event: 789.680 GC heap before
{Heap before GC invocations=976 (full 63):
 PSYoungGen      total 243904K, used 243904K [0x00000007aacb0000, 0x00000007c09e0000, 0x0000000800000000)
  eden space 243648K, 100% used [0x00000007aacb0000,0x00000007b9aa0000,0x00000007b9aa0000)
  from space 256K, 100% used [0x00000007b9dc0000,0x00000007b9e00000,0x00000007b9e00000)
  to   space 56960K, 0% used [0x00000007bd240000,0x00000007bd240000,0x00000007c09e0000)
 ParOldGen       total 797888K, used 797428K [0x0000000700600000, 0x0000000731130000, 0x00000007aacb0000)
  object space 797888K, 99% used [0x0000000700600000,0x00000007310bd2f0,0x0000000731130000)
 PSPermGen       total 21248K, used 18242K [0x00000006fb400000, 0x00000006fc8c0000, 0x0000000700600000)
  object space 21248K, 85% used [0x00000006fb400000,0x00000006fc5d0bb8,0x00000006fc8c0000)
Event: 789.713 GC heap after
Heap after GC invocations=976 (full 63):
 PSYoungGen      total 243904K, used 0K [0x00000007aacb0000, 0x00000007c09e0000, 0x0000000800000000)
  eden space 243648K, 0% used [0x00000007aacb0000,0x00000007aacb0000,0x00000007b9aa0000)
  from space 256K, 0% used [0x00000007b9dc0000,0x00000007b9dc0000,0x00000007b9e00000)
  to   space 56960K, 0% used [0x00000007bd240000,0x00000007bd240000,0x00000007c09e0000)
 ParOldGen       total 733184K, used 54804K [0x0000000700600000, 0x000000072d200000, 0x00000007aacb0000)
  object space 733184K, 7% used [0x0000000700600000,0x0000000703b85280,0x000000072d200000)
 PSPermGen       total 21248K, used 18242K [0x00000006fb400000, 0x00000006fc8c0000, 0x0000000700600000)
  object space 21248K, 85% used [0x00000006fb400000,0x00000006fc5d0b98,0x00000006fc8c0000)
}
Event: 790.370 GC heap before
{Heap before GC invocations=977 (full 63):
 PSYoungGen      total 243904K, used 242364K [0x00000007aacb0000, 0x00000007c09e0000, 0x0000000800000000)
  eden space 243648K, 99% used [0x00000007aacb0000,0x00000007b995f370,0x00000007b9aa0000)
  from space 256K, 0% used [0x00000007b9dc0000,0x00000007b9dc0000,0x00000007b9e00000)
  to   space 56960K, 0% used [0x00000007bd240000,0x00000007bd240000,0x00000007c09e0000)
 ParOldGen       total 733184K, used 54804K [0x0000000700600000, 0x000000072d200000, 0x00000007aacb0000)
  object space 733184K, 7% used [0x0000000700600000,0x0000000703b85280,0x000000072d200000)
 PSPermGen       total 21248K, used 18249K [0x00000006fb400000, 0x00000006fc8c0000, 0x0000000700600000)
  object space 21248K, 85% used [0x00000006fb400000,0x00000006fc5d27f0,0x00000006fc8c0000)
Event: 790.373 GC heap after
Heap after GC invocations=977 (full 63):
 PSYoungGen      total 287424K, used 16963K [0x00000007aacb0000, 0x00000007c0020000, 0x0000000800000000)
  eden space 240448K, 0% used [0x00000007aacb0000,0x00000007aacb0000,0x00000007b9780000)
  from space 46976K, 36% used [0x00000007bd240000,0x00000007be2d0f28,0x00000007c0020000)
  to   space 53568K, 0% used [0x00000007b9780000,0x00000007b9780000,0x00000007bcbd0000)
 ParOldGen       total 733184K, used 54804K [0x0000000700600000, 0x000000072d200000, 0x00000007aacb0000)
  object space 733184K, 7% used [0x0000000700600000,0x0000000703b85280,0x000000072d200000)
 PSPermGen       total 21248K, used 18249K [0x00000006fb400000, 0x00000006fc8c0000, 0x0000000700600000)
  object space 21248K, 85% used [0x00000006fb400000,0x00000006fc5d27f0,0x00000006fc8c0000)
}

