# JRE version: 7.0_07-b11
# Java VM: Java HotSpot(TM) 64-Bit Server VM (23.3-b01 mixed mode windows-amd64 compressed oops)
Heap
 PSYoungGen      total 760832K, used 485154K [0x00000007aacb0000, 0x00000007e4a40000, 0x0000000800000000)
  eden space 727808K, 65% used [0x00000007aacb0000,0x00000007c7c35d58,0x00000007d7370000)
  from space 33024K, 31% used [0x00000007d7370000,0x00000007d7db2e70,0x00000007d93b0000)
  to   space 34048K, 0% used [0x00000007e2900000,0x00000007e2900000,0x00000007e4a40000)
 ParOldGen       total 181888K, used 84002K [0x0000000700600000, 0x000000070b7a0000, 0x00000007aacb0000)
  object space 181888K, 46% used [0x0000000700600000,0x0000000705808a70,0x000000070b7a0000)
 PSPermGen       total 41024K, used 18288K [0x00000006fb400000, 0x00000006fdc10000, 0x0000000700600000)
  object space 41024K, 44% used [0x00000006fb400000,0x00000006fc5dc0f0,0x00000006fdc10000)
GC Heap History (10 events):
Event: 9.657 GC heap before
{Heap before GC invocations=11 (full 2):
 PSYoungGen      total 463424K, used 434482K [0x00000007aacb0000, 0x00000007cd9f0000, 0x0000000800000000)
  eden space 437312K, 99% used [0x00000007aacb0000,0x00000007c54fc978,0x00000007c57c0000)
  from space 26112K, 0% used [0x00000007cc070000,0x00000007cc070000,0x00000007cd9f0000)
  to   space 28352K, 0% used [0x00000007ca290000,0x00000007ca290000,0x00000007cbe40000)
 ParOldGen       total 181888K, used 36496K [0x0000000700600000, 0x000000070b7a0000, 0x00000007aacb0000)
  object space 181888K, 20% used [0x0000000700600000,0x00000007029a40c0,0x000000070b7a0000)
 PSPermGen       total 41024K, used 18130K [0x00000006fb400000, 0x00000006fdc10000, 0x0000000700600000)
  object space 41024K, 44% used [0x00000006fb400000,0x00000006fc5b4a18,0x00000006fdc10000)
Event: 9.666 GC heap after
Heap after GC invocations=11 (full 2):
 PSYoungGen      total 542272K, used 27923K [0x00000007aacb0000, 0x00000007d20a0000, 0x0000000800000000)
  eden space 513920K, 0% used [0x00000007aacb0000,0x00000007aacb0000,0x00000007ca290000)
  from space 28352K, 98% used [0x00000007ca290000,0x00000007cbdd4da0,0x00000007cbe40000)
  to   space 29120K, 0% used [0x00000007d0430000,0x00000007d0430000,0x00000007d20a0000)
 ParOldGen       total 181888K, used 46172K [0x0000000700600000, 0x000000070b7a0000, 0x00000007aacb0000)
  object space 181888K, 25% used [0x0000000700600000,0x0000000703317020,0x000000070b7a0000)
 PSPermGen       total 41024K, used 18130K [0x00000006fb400000, 0x00000006fdc10000, 0x0000000700600000)
  object space 41024K, 44% used [0x00000006fb400000,0x00000006fc5b4a18,0x00000006fdc10000)
}
Event: 11.261 GC heap before
{Heap before GC invocations=12 (full 2):
 PSYoungGen      total 542272K, used 539316K [0x00000007aacb0000, 0x00000007d20a0000, 0x0000000800000000)
  eden space 513920K, 99% used [0x00000007aacb0000,0x00000007ca018260,0x00000007ca290000)
  from space 28352K, 98% used [0x00000007ca290000,0x00000007cbdd4da0,0x00000007cbe40000)
  to   space 29120K, 0% used [0x00000007d0430000,0x00000007d0430000,0x00000007d20a0000)
 ParOldGen       total 181888K, used 46172K [0x0000000700600000, 0x000000070b7a0000, 0x00000007aacb0000)
  object space 181888K, 25% used [0x0000000700600000,0x0000000703317020,0x000000070b7a0000)
 PSPermGen       total 41024K, used 18152K [0x00000006fb400000, 0x00000006fdc10000, 0x0000000700600000)
  object space 41024K, 44% used [0x00000006fb400000,0x00000006fc5ba0c8,0x00000006fdc10000)
Event: 11.275 GC heap after
Heap after GC invocations=12 (full 2):
 PSYoungGen      total 613760K, used 26674K [0x00000007aacb0000, 0x00000007d7d30000, 0x0000000800000000)
  eden space 584640K, 0% used [0x00000007aacb0000,0x00000007aacb0000,0x00000007ce7a0000)
  from space 29120K, 91% used [0x00000007d0430000,0x00000007d1e3cb70,0x00000007d20a0000)
  to   space 29248K, 0% used [0x00000007ce7a0000,0x00000007ce7a0000,0x00000007d0430000)
 ParOldGen       total 181888K, used 83344K [0x0000000700600000, 0x000000070b7a0000, 0x00000007aacb0000)
  object space 181888K, 45% used [0x0000000700600000,0x00000007057640f0,0x000000070b7a0000)
 PSPermGen       total 41024K, used 18152K [0x00000006fb400000, 0x00000006fdc10000, 0x0000000700600000)
  object space 41024K, 44% used [0x00000006fb400000,0x00000006fc5ba0c8,0x00000006fdc10000)
}
Event: 15.160 GC heap before
{Heap before GC invocations=13 (full 2):
 PSYoungGen      total 613760K, used 609971K [0x00000007aacb0000, 0x00000007d7d30000, 0x0000000800000000)
  eden space 584640K, 99% used [0x00000007aacb0000,0x00000007ce650290,0x00000007ce7a0000)
  from space 29120K, 91% used [0x00000007d0430000,0x00000007d1e3cb70,0x00000007d20a0000)
  to   space 29248K, 0% used [0x00000007ce7a0000,0x00000007ce7a0000,0x00000007d0430000)
 ParOldGen       total 181888K, used 83344K [0x0000000700600000, 0x000000070b7a0000, 0x00000007aacb0000)
  object space 181888K, 45% used [0x0000000700600000,0x00000007057640f0,0x000000070b7a0000)
 PSPermGen       total 41024K, used 18242K [0x00000006fb400000, 0x00000006fdc10000, 0x0000000700600000)
  object space 41024K, 44% used [0x00000006fb400000,0x00000006fc5d0a50,0x00000006fdc10000)
Event: 15.164 GC heap after
Heap after GC invocations=13 (full 2):
 PSYoungGen      total 613888K, used 10507K [0x00000007aacb0000, 0x00000007dc650000, 0x0000000800000000)
  eden space 584640K, 0% used [0x00000007aacb0000,0x00000007aacb0000,0x00000007ce7a0000)
  from space 29248K, 35% used [0x00000007ce7a0000,0x00000007cf1e2e70,0x00000007d0430000)
  to   space 31424K, 0% used [0x00000007da7a0000,0x00000007da7a0000,0x00000007dc650000)
 ParOldGen       total 181888K, used 84002K [0x0000000700600000, 0x000000070b7a0000, 0x00000007aacb0000)
  object space 181888K, 46% used [0x0000000700600000,0x0000000705808a70,0x000000070b7a0000)
 PSPermGen       total 41024K, used 18242K [0x00000006fb400000, 0x00000006fdc10000, 0x0000000700600000)
  object space 41024K, 44% used [0x00000006fb400000,0x00000006fc5d0a50,0x00000006fdc10000)
}
Event: 19.017 GC heap before
{Heap before GC invocations=14 (full 2):
 PSYoungGen      total 613888K, used 590016K [0x00000007aacb0000, 0x00000007dc650000, 0x0000000800000000)
  eden space 584640K, 99% used [0x00000007aacb0000,0x00000007ce29d300,0x00000007ce7a0000)
  from space 29248K, 35% used [0x00000007ce7a0000,0x00000007cf1e2e70,0x00000007d0430000)
  to   space 31424K, 0% used [0x00000007da7a0000,0x00000007da7a0000,0x00000007dc650000)
 ParOldGen       total 181888K, used 84002K [0x0000000700600000, 0x000000070b7a0000, 0x00000007aacb0000)
  object space 181888K, 46% used [0x0000000700600000,0x0000000705808a70,0x000000070b7a0000)
 PSPermGen       total 41024K, used 18247K [0x00000006fb400000, 0x00000006fdc10000, 0x0000000700600000)
  object space 41024K, 44% used [0x00000006fb400000,0x00000006fc5d1cc8,0x00000006fdc10000)
Event: 19.021 GC heap after
Heap after GC invocations=14 (full 2):
 PSYoungGen      total 740416K, used 10507K [0x00000007aacb0000, 0x00000007db3f0000, 0x0000000800000000)
  eden space 727808K, 0% used [0x00000007aacb0000,0x00000007aacb0000,0x00000007d7370000)
  from space 12608K, 83% used [0x00000007da7a0000,0x00000007db1e2e70,0x00000007db3f0000)
  to   space 33024K, 0% used [0x00000007d7370000,0x00000007d7370000,0x00000007d93b0000)
 ParOldGen       total 181888K, used 84002K [0x0000000700600000, 0x000000070b7a0000, 0x00000007aacb0000)
  object space 181888K, 46% used [0x0000000700600000,0x0000000705808a70,0x000000070b7a0000)
 PSPermGen       total 41024K, used 18247K [0x00000006fb400000, 0x00000006fdc10000, 0x0000000700600000)
  object space 41024K, 44% used [0x00000006fb400000,0x00000006fc5d1cc8,0x00000006fdc10000)
}
Event: 23.826 GC heap before
{Heap before GC invocations=15 (full 2):
 PSYoungGen      total 740416K, used 732839K [0x00000007aacb0000, 0x00000007db3f0000, 0x0000000800000000)
  eden space 727808K, 99% used [0x00000007aacb0000,0x00000007d6e16e90,0x00000007d7370000)
  from space 12608K, 83% used [0x00000007da7a0000,0x00000007db1e2e70,0x00000007db3f0000)
  to   space 33024K, 0% used [0x00000007d7370000,0x00000007d7370000,0x00000007d93b0000)
 ParOldGen       total 181888K, used 84002K [0x0000000700600000, 0x000000070b7a0000, 0x00000007aacb0000)
  object space 181888K, 46% used [0x0000000700600000,0x0000000705808a70,0x000000070b7a0000)
 PSPermGen       total 41024K, used 18254K [0x00000006fb400000, 0x00000006fdc10000, 0x0000000700600000)
  object space 41024K, 44% used [0x00000006fb400000,0x00000006fc5d3898,0x00000006fdc10000)
Event: 23.830 GC heap after
Heap after GC invocations=15 (full 2):
 PSYoungGen      total 760832K, used 10507K [0x00000007aacb0000, 0x00000007e4a40000, 0x0000000800000000)
  eden space 727808K, 0% used [0x00000007aacb0000,0x00000007aacb0000,0x00000007d7370000)
  from space 33024K, 31% used [0x00000007d7370000,0x00000007d7db2e70,0x00000007d93b0000)
  to   space 34048K, 0% used [0x00000007e2900000,0x00000007e2900000,0x00000007e4a40000)
 ParOldGen       total 181888K, used 84002K [0x0000000700600000, 0x000000070b7a0000, 0x00000007aacb0000)
  object space 181888K, 46% used [0x0000000700600000,0x0000000705808a70,0x000000070b7a0000)
 PSPermGen       total 41024K, used 18254K [0x00000006fb400000, 0x00000006fdc10000, 0x0000000700600000)
  object space 41024K, 44% used [0x00000006fb400000,0x00000006fc5d3898,0x00000006fdc10000)
}

