# JRE version: 7.0_07-b11
# Java VM: Java HotSpot(TM) 64-Bit Server VM (23.3-b01 mixed mode windows-amd64 compressed oops)
Heap
 PSYoungGen      total 637888K, used 81792K [0x00000007aacb0000, 0x00000007e4ed0000, 0x0000000800000000)
  eden space 566080K, 6% used [0x00000007aacb0000,0x00000007ace8a908,0x00000007cd580000)
  from space 71808K, 65% used [0x00000007cd580000,0x00000007d03859e0,0x00000007d1ba0000)
  to   space 72512K, 0% used [0x00000007e0800000,0x00000007e0800000,0x00000007e4ed0000)
 ParOldGen       total 179456K, used 33000K [0x0000000700600000, 0x000000070b540000, 0x00000007aacb0000)
  object space 179456K, 18% used [0x0000000700600000,0x000000070263a3a8,0x000000070b540000)
 PSPermGen       total 40448K, used 17980K [0x00000006fb400000, 0x00000006fdb80000, 0x0000000700600000)
  object space 40448K, 44% used [0x00000006fb400000,0x00000006fc58f2f0,0x00000006fdb80000)
GC Heap History (10 events):
Event: 8.048 GC heap before
{Heap before GC invocations=9 (full 1):
 PSYoungGen      total 275520K, used 267457K [0x00000007aacb0000, 0x00000007ca880000, 0x0000000800000000)
  eden space 218624K, 97% used [0x00000007aacb0000,0x00000007b7ddc0e0,0x00000007b8230000)
  from space 56896K, 93% used [0x00000007b8230000,0x00000007bb6345f0,0x00000007bb9c0000)
  to   space 65920K, 0% used [0x00000007c6820000,0x00000007c6820000,0x00000007ca880000)
 ParOldGen       total 151616K, used 78488K [0x0000000700600000, 0x0000000709a10000, 0x00000007aacb0000)
  object space 151616K, 51% used [0x0000000700600000,0x00000007052a63c0,0x0000000709a10000)
 PSPermGen       total 36160K, used 17968K [0x00000006fb400000, 0x00000006fd750000, 0x0000000700600000)
  object space 36160K, 49% used [0x00000006fb400000,0x00000006fc58c290,0x00000006fd750000)
Event: 8.058 GC heap after
Heap after GC invocations=9 (full 1):
 PSYoungGen      total 453184K, used 39020K [0x00000007aacb0000, 0x00000007ca780000, 0x0000000800000000)
  eden space 388288K, 0% used [0x00000007aacb0000,0x00000007aacb0000,0x00000007c27e0000)
  from space 64896K, 60% used [0x00000007c6820000,0x00000007c8e3b3d0,0x00000007ca780000)
  to   space 65344K, 0% used [0x00000007c27e0000,0x00000007c27e0000,0x00000007c67b0000)
 ParOldGen       total 151616K, used 78488K [0x0000000700600000, 0x0000000709a10000, 0x00000007aacb0000)
  object space 151616K, 51% used [0x0000000700600000,0x00000007052a63c0,0x0000000709a10000)
 PSPermGen       total 36160K, used 17968K [0x00000006fb400000, 0x00000006fd750000, 0x0000000700600000)
  object space 36160K, 49% used [0x00000006fb400000,0x00000006fc58c290,0x00000006fd750000)
}
Event: 8.742 GC heap before
{Heap before GC invocations=10 (full 1):
 PSYoungGen      total 453184K, used 426031K [0x00000007aacb0000, 0x00000007ca780000, 0x0000000800000000)
  eden space 388288K, 99% used [0x00000007aacb0000,0x00000007c26a0b18,0x00000007c27e0000)
  from space 64896K, 60% used [0x00000007c6820000,0x00000007c8e3b3d0,0x00000007ca780000)
  to   space 65344K, 0% used [0x00000007c27e0000,0x00000007c27e0000,0x00000007c67b0000)
 ParOldGen       total 151616K, used 78488K [0x0000000700600000, 0x0000000709a10000, 0x00000007aacb0000)
  object space 151616K, 51% used [0x0000000700600000,0x00000007052a63c0,0x0000000709a10000)
 PSPermGen       total 36160K, used 17970K [0x00000006fb400000, 0x00000006fd750000, 0x0000000700600000)
  object space 36160K, 49% used [0x00000006fb400000,0x00000006fc58c858,0x00000006fd750000)
Event: 8.756 GC heap after
Heap after GC invocations=10 (full 1):
 PSYoungGen      total 453632K, used 60325K [0x00000007aacb0000, 0x00000007d6640000, 0x0000000800000000)
  eden space 388288K, 0% used [0x00000007aacb0000,0x00000007aacb0000,0x00000007c27e0000)
  from space 65344K, 92% used [0x00000007c27e0000,0x00000007c62c96b0,0x00000007c67b0000)
  to   space 73216K, 0% used [0x00000007d1ec0000,0x00000007d1ec0000,0x00000007d6640000)
 ParOldGen       total 151616K, used 84611K [0x0000000700600000, 0x0000000709a10000, 0x00000007aacb0000)
  object space 151616K, 55% used [0x0000000700600000,0x00000007058a0fe0,0x0000000709a10000)
 PSPermGen       total 36160K, used 17970K [0x00000006fb400000, 0x00000006fd750000, 0x0000000700600000)
  object space 36160K, 49% used [0x00000006fb400000,0x00000006fc58c858,0x00000006fd750000)
}
Event: 9.443 GC heap before
{Heap before GC invocations=11 (full 1):
 PSYoungGen      total 453632K, used 447111K [0x00000007aacb0000, 0x00000007d6640000, 0x0000000800000000)
  eden space 388288K, 99% used [0x00000007aacb0000,0x00000007c2668670,0x00000007c27e0000)
  from space 65344K, 92% used [0x00000007c27e0000,0x00000007c62c96b0,0x00000007c67b0000)
  to   space 73216K, 0% used [0x00000007d1ec0000,0x00000007d1ec0000,0x00000007d6640000)
 ParOldGen       total 151616K, used 84611K [0x0000000700600000, 0x0000000709a10000, 0x00000007aacb0000)
  object space 151616K, 55% used [0x0000000700600000,0x00000007058a0fe0,0x0000000709a10000)
 PSPermGen       total 36160K, used 17973K [0x00000006fb400000, 0x00000006fd750000, 0x0000000700600000)
  object space 36160K, 49% used [0x00000006fb400000,0x00000006fc58d408,0x00000006fd750000)
Event: 9.456 GC heap after
Heap after GC invocations=11 (full 1):
 PSYoungGen      total 634688K, used 41252K [0x00000007aacb0000, 0x00000007d61c0000, 0x0000000800000000)
  eden space 566080K, 0% used [0x00000007aacb0000,0x00000007aacb0000,0x00000007cd580000)
  from space 68608K, 60% used [0x00000007d1ec0000,0x00000007d47090e0,0x00000007d61c0000)
  to   space 71808K, 0% used [0x00000007cd580000,0x00000007cd580000,0x00000007d1ba0000)
 ParOldGen       total 151616K, used 110009K [0x0000000700600000, 0x0000000709a10000, 0x00000007aacb0000)
  object space 151616K, 72% used [0x0000000700600000,0x000000070716e500,0x0000000709a10000)
 PSPermGen       total 36160K, used 17973K [0x00000006fb400000, 0x00000006fd750000, 0x0000000700600000)
  object space 36160K, 49% used [0x00000006fb400000,0x00000006fc58d408,0x00000006fd750000)
}
Event: 9.456 GC heap before
{Heap before GC invocations=12 (full 2):
 PSYoungGen      total 634688K, used 41252K [0x00000007aacb0000, 0x00000007d61c0000, 0x0000000800000000)
  eden space 566080K, 0% used [0x00000007aacb0000,0x00000007aacb0000,0x00000007cd580000)
  from space 68608K, 60% used [0x00000007d1ec0000,0x00000007d47090e0,0x00000007d61c0000)
  to   space 71808K, 0% used [0x00000007cd580000,0x00000007cd580000,0x00000007d1ba0000)
 ParOldGen       total 151616K, used 110009K [0x0000000700600000, 0x0000000709a10000, 0x00000007aacb0000)
  object space 151616K, 72% used [0x0000000700600000,0x000000070716e500,0x0000000709a10000)
 PSPermGen       total 36160K, used 17973K [0x00000006fb400000, 0x00000006fd750000, 0x0000000700600000)
  object space 36160K, 49% used [0x00000006fb400000,0x00000006fc58d408,0x00000006fd750000)
Event: 9.479 GC heap after
Heap after GC invocations=12 (full 2):
 PSYoungGen      total 634688K, used 0K [0x00000007aacb0000, 0x00000007d61c0000, 0x0000000800000000)
  eden space 566080K, 0% used [0x00000007aacb0000,0x00000007aacb0000,0x00000007cd580000)
  from space 68608K, 0% used [0x00000007d1ec0000,0x00000007d1ec0000,0x00000007d61c0000)
  to   space 71808K, 0% used [0x00000007cd580000,0x00000007cd580000,0x00000007d1ba0000)
 ParOldGen       total 179456K, used 33000K [0x0000000700600000, 0x000000070b540000, 0x00000007aacb0000)
  object space 179456K, 18% used [0x0000000700600000,0x000000070263a3a8,0x000000070b540000)
 PSPermGen       total 40448K, used 17972K [0x00000006fb400000, 0x00000006fdb80000, 0x0000000700600000)
  object space 40448K, 44% used [0x00000006fb400000,0x00000006fc58d3c8,0x00000006fdb80000)
}
Event: 10.666 GC heap before
{Heap before GC invocations=13 (full 2):
 PSYoungGen      total 634688K, used 561206K [0x00000007aacb0000, 0x00000007d61c0000, 0x0000000800000000)
  eden space 566080K, 99% used [0x00000007aacb0000,0x00000007cd0bdb30,0x00000007cd580000)
  from space 68608K, 0% used [0x00000007d1ec0000,0x00000007d1ec0000,0x00000007d61c0000)
  to   space 71808K, 0% used [0x00000007cd580000,0x00000007cd580000,0x00000007d1ba0000)
 ParOldGen       total 179456K, used 33000K [0x0000000700600000, 0x000000070b540000, 0x00000007aacb0000)
  object space 179456K, 18% used [0x0000000700600000,0x000000070263a3a8,0x000000070b540000)
 PSPermGen       total 40448K, used 17980K [0x00000006fb400000, 0x00000006fdb80000, 0x0000000700600000)
  object space 40448K, 44% used [0x00000006fb400000,0x00000006fc58f170,0x00000006fdb80000)
Event: 10.676 GC heap after
Heap after GC invocations=13 (full 2):
 PSYoungGen      total 637888K, used 47126K [0x00000007aacb0000, 0x00000007e4ed0000, 0x0000000800000000)
  eden space 566080K, 0% used [0x00000007aacb0000,0x00000007aacb0000,0x00000007cd580000)
  from space 71808K, 65% used [0x00000007cd580000,0x00000007d03859e0,0x00000007d1ba0000)
  to   space 72512K, 0% used [0x00000007e0800000,0x00000007e0800000,0x00000007e4ed0000)
 ParOldGen       total 179456K, used 33000K [0x0000000700600000, 0x000000070b540000, 0x00000007aacb0000)
  object space 179456K, 18% used [0x0000000700600000,0x000000070263a3a8,0x000000070b540000)
 PSPermGen       total 40448K, used 17980K [0x00000006fb400000, 0x00000006fdb80000, 0x0000000700600000)
  object space 40448K, 44% used [0x00000006fb400000,0x00000006fc58f170,0x00000006fdb80000)
}

