# JRE version: 7.0_07-b11
# Java VM: Java HotSpot(TM) 64-Bit Server VM (23.3-b01 mixed mode windows-amd64 compressed oops)
Heap
 PSYoungGen      total 261248K, used 125567K [0x00000007aacb0000, 0x00000007c8c20000, 0x0000000800000000)
  eden space 216192K, 58% used [0x00000007aacb0000,0x00000007b274ffe8,0x00000007b7fd0000)
  from space 45056K, 0% used [0x00000007b7fd0000,0x00000007b7fd0000,0x00000007babd0000)
  to   space 53312K, 0% used [0x00000007c5810000,0x00000007c5810000,0x00000007c8c20000)
 ParOldGen       total 181568K, used 39411K [0x0000000700600000, 0x000000070b750000, 0x00000007aacb0000)
  object space 181568K, 21% used [0x0000000700600000,0x0000000702c7cc38,0x000000070b750000)
 PSPermGen       total 40448K, used 18002K [0x00000006fb400000, 0x00000006fdb80000, 0x0000000700600000)
  object space 40448K, 44% used [0x00000006fb400000,0x00000006fc594b80,0x00000006fdb80000)
GC Heap History (10 events):
Event: 6.676 GC heap before
{Heap before GC invocations=5 (full 1):
 PSYoungGen      total 141824K, used 141670K [0x00000007aacb0000, 0x00000007b41d0000, 0x0000000800000000)
  eden space 130944K, 100% used [0x00000007aacb0000,0x00000007b2c90000,0x00000007b2c90000)
  from space 10880K, 98% used [0x00000007b3730000,0x00000007b41a99e0,0x00000007b41d0000)
  to   space 10880K, 0% used [0x00000007b2c90000,0x00000007b2c90000,0x00000007b3730000)
 ParOldGen       total 362752K, used 360945K [0x0000000700600000, 0x0000000716840000, 0x00000007aacb0000)
  object space 362752K, 99% used [0x0000000700600000,0x000000071667c580,0x0000000716840000)
 PSPermGen       total 21248K, used 17953K [0x00000006fb400000, 0x00000006fc8c0000, 0x0000000700600000)
  object space 21248K, 84% used [0x00000006fb400000,0x00000006fc5884e0,0x00000006fc8c0000)
Event: 6.739 GC heap after
Heap after GC invocations=5 (full 1):
 PSYoungGen      total 141824K, used 0K [0x00000007aacb0000, 0x00000007b41d0000, 0x0000000800000000)
  eden space 130944K, 0% used [0x00000007aacb0000,0x00000007aacb0000,0x00000007b2c90000)
  from space 10880K, 0% used [0x00000007b3730000,0x00000007b3730000,0x00000007b41d0000)
  to   space 10880K, 0% used [0x00000007b2c90000,0x00000007b2c90000,0x00000007b3730000)
 ParOldGen       total 141696K, used 23095K [0x0000000700600000, 0x0000000709060000, 0x00000007aacb0000)
  object space 141696K, 16% used [0x0000000700600000,0x0000000701c8de40,0x0000000709060000)
 PSPermGen       total 36160K, used 17946K [0x00000006fb400000, 0x00000006fd750000, 0x0000000700600000)
  object space 36160K, 49% used [0x00000006fb400000,0x00000006fc586a88,0x00000006fd750000)
}
Event: 6.977 GC heap before
{Heap before GC invocations=6 (full 1):
 PSYoungGen      total 141824K, used 130208K [0x00000007aacb0000, 0x00000007b41d0000, 0x0000000800000000)
  eden space 130944K, 99% used [0x00000007aacb0000,0x00000007b2bd82b0,0x00000007b2c90000)
  from space 10880K, 0% used [0x00000007b3730000,0x00000007b3730000,0x00000007b41d0000)
  to   space 10880K, 0% used [0x00000007b2c90000,0x00000007b2c90000,0x00000007b3730000)
 ParOldGen       total 141696K, used 23095K [0x0000000700600000, 0x0000000709060000, 0x00000007aacb0000)
  object space 141696K, 16% used [0x0000000700600000,0x0000000701c8de40,0x0000000709060000)
 PSPermGen       total 36160K, used 17947K [0x00000006fb400000, 0x00000006fd750000, 0x0000000700600000)
  object space 36160K, 49% used [0x00000006fb400000,0x00000006fc586e10,0x00000006fd750000)
Event: 6.982 GC heap after
Heap after GC invocations=6 (full 1):
 PSYoungGen      total 141824K, used 10254K [0x00000007aacb0000, 0x00000007bd050000, 0x0000000800000000)
  eden space 130944K, 0% used [0x00000007aacb0000,0x00000007aacb0000,0x00000007b2c90000)
  from space 10880K, 94% used [0x00000007b2c90000,0x00000007b3693a10,0x00000007b3730000)
  to   space 37376K, 0% used [0x00000007babd0000,0x00000007babd0000,0x00000007bd050000)
 ParOldGen       total 141696K, used 42080K [0x0000000700600000, 0x0000000709060000, 0x00000007aacb0000)
  object space 141696K, 29% used [0x0000000700600000,0x0000000702f18000,0x0000000709060000)
 PSPermGen       total 36160K, used 17947K [0x00000006fb400000, 0x00000006fd750000, 0x0000000700600000)
  object space 36160K, 49% used [0x00000006fb400000,0x00000006fc586e10,0x00000006fd750000)
}
Event: 7.212 GC heap before
{Heap before GC invocations=7 (full 1):
 PSYoungGen      total 141824K, used 137120K [0x00000007aacb0000, 0x00000007bd050000, 0x0000000800000000)
  eden space 130944K, 96% used [0x00000007aacb0000,0x00000007b2894790,0x00000007b2c90000)
  from space 10880K, 94% used [0x00000007b2c90000,0x00000007b3693a10,0x00000007b3730000)
  to   space 37376K, 0% used [0x00000007babd0000,0x00000007babd0000,0x00000007bd050000)
 ParOldGen       total 141696K, used 42080K [0x0000000700600000, 0x0000000709060000, 0x00000007aacb0000)
  object space 141696K, 29% used [0x0000000700600000,0x0000000702f18000,0x0000000709060000)
 PSPermGen       total 36160K, used 17949K [0x00000006fb400000, 0x00000006fd750000, 0x0000000700600000)
  object space 36160K, 49% used [0x00000006fb400000,0x00000006fc587760,0x00000006fd750000)
Event: 7.221 GC heap after
Heap after GC invocations=7 (full 1):
 PSYoungGen      total 253568K, used 35345K [0x00000007aacb0000, 0x00000007be690000, 0x0000000800000000)
  eden space 216192K, 0% used [0x00000007aacb0000,0x00000007aacb0000,0x00000007b7fd0000)
  from space 37376K, 94% used [0x00000007babd0000,0x00000007bce547e0,0x00000007bd050000)
  to   space 45056K, 0% used [0x00000007b7fd0000,0x00000007b7fd0000,0x00000007babd0000)
 ParOldGen       total 141696K, used 48155K [0x0000000700600000, 0x0000000709060000, 0x00000007aacb0000)
  object space 141696K, 33% used [0x0000000700600000,0x0000000703506c10,0x0000000709060000)
 PSPermGen       total 36160K, used 17949K [0x00000006fb400000, 0x00000006fd750000, 0x0000000700600000)
  object space 36160K, 49% used [0x00000006fb400000,0x00000006fc587760,0x00000006fd750000)
}
Event: 7.653 GC heap before
{Heap before GC invocations=8 (full 1):
 PSYoungGen      total 253568K, used 247475K [0x00000007aacb0000, 0x00000007be690000, 0x0000000800000000)
  eden space 216192K, 98% used [0x00000007aacb0000,0x00000007b7bd86d0,0x00000007b7fd0000)
  from space 37376K, 94% used [0x00000007babd0000,0x00000007bce547e0,0x00000007bd050000)
  to   space 45056K, 0% used [0x00000007b7fd0000,0x00000007b7fd0000,0x00000007babd0000)
 ParOldGen       total 141696K, used 54230K [0x0000000700600000, 0x0000000709060000, 0x00000007aacb0000)
  object space 141696K, 38% used [0x0000000700600000,0x0000000703af5820,0x0000000709060000)
 PSPermGen       total 36160K, used 17968K [0x00000006fb400000, 0x00000006fd750000, 0x0000000700600000)
  object space 36160K, 49% used [0x00000006fb400000,0x00000006fc58c120,0x00000006fd750000)
Event: 7.666 GC heap after
Heap after GC invocations=8 (full 1):
 PSYoungGen      total 261248K, used 42499K [0x00000007aacb0000, 0x00000007c8c20000, 0x0000000800000000)
  eden space 216192K, 0% used [0x00000007aacb0000,0x00000007aacb0000,0x00000007b7fd0000)
  from space 45056K, 94% used [0x00000007b7fd0000,0x00000007ba950c80,0x00000007babd0000)
  to   space 53312K, 0% used [0x00000007c5810000,0x00000007c5810000,0x00000007c8c20000)
 ParOldGen       total 141696K, used 57647K [0x0000000700600000, 0x0000000709060000, 0x00000007aacb0000)
  object space 141696K, 40% used [0x0000000700600000,0x0000000703e4bcf0,0x0000000709060000)
 PSPermGen       total 36160K, used 17968K [0x00000006fb400000, 0x00000006fd750000, 0x0000000700600000)
  object space 36160K, 49% used [0x00000006fb400000,0x00000006fc58c120,0x00000006fd750000)
}
Event: 8.520 GC heap before
{Heap before GC invocations=9 (full 2):
 PSYoungGen      total 261248K, used 258691K [0x00000007aacb0000, 0x00000007c8c20000, 0x0000000800000000)
  eden space 216192K, 100% used [0x00000007aacb0000,0x00000007b7fd0000,0x00000007b7fd0000)
  from space 45056K, 94% used [0x00000007b7fd0000,0x00000007ba950c80,0x00000007babd0000)
  to   space 53312K, 0% used [0x00000007c5810000,0x00000007c5810000,0x00000007c8c20000)
 ParOldGen       total 318720K, used 317396K [0x0000000700600000, 0x0000000713d40000, 0x00000007aacb0000)
  object space 318720K, 99% used [0x0000000700600000,0x0000000713bf52b0,0x0000000713d40000)
 PSPermGen       total 36160K, used 17971K [0x00000006fb400000, 0x00000006fd750000, 0x0000000700600000)
  object space 36160K, 49% used [0x00000006fb400000,0x00000006fc58cef8,0x00000006fd750000)
Event: 8.558 GC heap after
Heap after GC invocations=9 (full 2):
 PSYoungGen      total 261248K, used 0K [0x00000007aacb0000, 0x00000007c8c20000, 0x0000000800000000)
  eden space 216192K, 0% used [0x00000007aacb0000,0x00000007aacb0000,0x00000007b7fd0000)
  from space 45056K, 0% used [0x00000007b7fd0000,0x00000007b7fd0000,0x00000007babd0000)
  to   space 53312K, 0% used [0x00000007c5810000,0x00000007c5810000,0x00000007c8c20000)
 ParOldGen       total 181568K, used 39411K [0x0000000700600000, 0x000000070b750000, 0x00000007aacb0000)
  object space 181568K, 21% used [0x0000000700600000,0x0000000702c7cc38,0x000000070b750000)
 PSPermGen       total 40448K, used 17971K [0x00000006fb400000, 0x00000006fdb80000, 0x0000000700600000)
  object space 40448K, 44% used [0x00000006fb400000,0x00000006fc58cef8,0x00000006fdb80000)
}

