# JRE version: 7.0_07-b11
# Java VM: Java HotSpot(TM) 64-Bit Server VM (23.3-b01 mixed mode windows-amd64 compressed oops)
Heap
 PSYoungGen      total 161856K, used 123199K [0x00000007aacb0000, 0x00000007bea10000, 0x0000000800000000)
  eden space 126080K, 97% used [0x00000007aacb0000,0x00000007b24ffc98,0x00000007b27d0000)
  from space 35776K, 0% used [0x00000007b27d0000,0x00000007b27d0000,0x00000007b4ac0000)
  to   space 36416K, 0% used [0x00000007bc680000,0x00000007bc680000,0x00000007bea10000)
 ParOldGen       total 192896K, used 187599K [0x0000000700600000, 0x000000070c260000, 0x00000007aacb0000)
  object space 192896K, 97% used [0x0000000700600000,0x000000070bd33cf0,0x000000070c260000)
 PSPermGen       total 40960K, used 18073K [0x00000006fb400000, 0x00000006fdc00000, 0x0000000700600000)
  object space 40960K, 44% used [0x00000006fb400000,0x00000006fc5a67b0,0x00000006fdc00000)
GC Heap History (10 events):
Event: 6.318 GC heap before
{Heap before GC invocations=5 (full 0):
 PSYoungGen      total 76352K, used 70210K [0x00000007aacb0000, 0x00000007b41d0000, 0x0000000800000000)
  eden space 65472K, 94% used [0x00000007aacb0000,0x00000007ae90c4d0,0x00000007aeca0000)
  from space 10880K, 77% used [0x00000007af740000,0x00000007aff74350,0x00000007b01e0000)
  to   space 10880K, 0% used [0x00000007aeca0000,0x00000007aeca0000,0x00000007af740000)
 ParOldGen       total 174528K, used 38658K [0x0000000700600000, 0x000000070b070000, 0x00000007aacb0000)
  object space 174528K, 22% used [0x0000000700600000,0x0000000702bc0ac8,0x000000070b070000)
 PSPermGen       total 21248K, used 18039K [0x00000006fb400000, 0x00000006fc8c0000, 0x0000000700600000)
  object space 21248K, 84% used [0x00000006fb400000,0x00000006fc59dcd8,0x00000006fc8c0000)
Event: 6.323 GC heap after
Heap after GC invocations=5 (full 0):
 PSYoungGen      total 76352K, used 8368K [0x00000007aacb0000, 0x00000007b68f0000, 0x0000000800000000)
  eden space 65472K, 0% used [0x00000007aacb0000,0x00000007aacb0000,0x00000007aeca0000)
  from space 10880K, 76% used [0x00000007aeca0000,0x00000007af4cc350,0x00000007af740000)
  to   space 30912K, 0% used [0x00000007b4ac0000,0x00000007b4ac0000,0x00000007b68f0000)
 ParOldGen       total 174528K, used 38658K [0x0000000700600000, 0x000000070b070000, 0x00000007aacb0000)
  object space 174528K, 22% used [0x0000000700600000,0x0000000702bc0ac8,0x000000070b070000)
 PSPermGen       total 21248K, used 18039K [0x00000006fb400000, 0x00000006fc8c0000, 0x0000000700600000)
  object space 21248K, 84% used [0x00000006fb400000,0x00000006fc59dcd8,0x00000006fc8c0000)
}
Event: 6.586 GC heap before
{Heap before GC invocations=6 (full 0):
 PSYoungGen      total 76352K, used 72712K [0x00000007aacb0000, 0x00000007b68f0000, 0x0000000800000000)
  eden space 65472K, 98% used [0x00000007aacb0000,0x00000007aeb85de0,0x00000007aeca0000)
  from space 10880K, 76% used [0x00000007aeca0000,0x00000007af4cc350,0x00000007af740000)
  to   space 30912K, 0% used [0x00000007b4ac0000,0x00000007b4ac0000,0x00000007b68f0000)
 ParOldGen       total 174528K, used 38658K [0x0000000700600000, 0x000000070b070000, 0x00000007aacb0000)
  object space 174528K, 22% used [0x0000000700600000,0x0000000702bc0ac8,0x000000070b070000)
 PSPermGen       total 21248K, used 18043K [0x00000006fb400000, 0x00000006fc8c0000, 0x0000000700600000)
  object space 21248K, 84% used [0x00000006fb400000,0x00000006fc59edf0,0x00000006fc8c0000)
Event: 6.595 GC heap after
Heap after GC invocations=6 (full 0):
 PSYoungGen      total 156992K, used 26778K [0x00000007aacb0000, 0x00000007b7270000, 0x0000000800000000)
  eden space 126080K, 0% used [0x00000007aacb0000,0x00000007aacb0000,0x00000007b27d0000)
  from space 30912K, 86% used [0x00000007b4ac0000,0x00000007b64e6aa0,0x00000007b68f0000)
  to   space 35776K, 0% used [0x00000007b27d0000,0x00000007b27d0000,0x00000007b4ac0000)
 ParOldGen       total 174528K, used 44733K [0x0000000700600000, 0x000000070b070000, 0x00000007aacb0000)
  object space 174528K, 25% used [0x0000000700600000,0x00000007031af6d8,0x000000070b070000)
 PSPermGen       total 21248K, used 18043K [0x00000006fb400000, 0x00000006fc8c0000, 0x0000000700600000)
  object space 21248K, 84% used [0x00000006fb400000,0x00000006fc59edf0,0x00000006fc8c0000)
}
Event: 6.905 GC heap before
{Heap before GC invocations=7 (full 0):
 PSYoungGen      total 156992K, used 150249K [0x00000007aacb0000, 0x00000007b7270000, 0x0000000800000000)
  eden space 126080K, 97% used [0x00000007aacb0000,0x00000007b2543ba0,0x00000007b27d0000)
  from space 30912K, 86% used [0x00000007b4ac0000,0x00000007b64e6aa0,0x00000007b68f0000)
  to   space 35776K, 0% used [0x00000007b27d0000,0x00000007b27d0000,0x00000007b4ac0000)
 ParOldGen       total 174528K, used 50808K [0x0000000700600000, 0x000000070b070000, 0x00000007aacb0000)
  object space 174528K, 29% used [0x0000000700600000,0x000000070379e2e8,0x000000070b070000)
 PSPermGen       total 21248K, used 18043K [0x00000006fb400000, 0x00000006fc8c0000, 0x0000000700600000)
  object space 21248K, 84% used [0x00000006fb400000,0x00000006fc59ef98,0x00000006fc8c0000)
Event: 6.913 GC heap after
Heap after GC invocations=7 (full 0):
 PSYoungGen      total 161856K, used 22331K [0x00000007aacb0000, 0x00000007bea10000, 0x0000000800000000)
  eden space 126080K, 0% used [0x00000007aacb0000,0x00000007aacb0000,0x00000007b27d0000)
  from space 35776K, 62% used [0x00000007b27d0000,0x00000007b3d9ef20,0x00000007b4ac0000)
  to   space 36416K, 0% used [0x00000007bc680000,0x00000007bc680000,0x00000007bea10000)
 ParOldGen       total 174528K, used 55529K [0x0000000700600000, 0x000000070b070000, 0x00000007aacb0000)
  object space 174528K, 31% used [0x0000000700600000,0x0000000703c3a4c8,0x000000070b070000)
 PSPermGen       total 21248K, used 18043K [0x00000006fb400000, 0x00000006fc8c0000, 0x0000000700600000)
  object space 21248K, 84% used [0x00000006fb400000,0x00000006fc59ef98,0x00000006fc8c0000)
}
Event: 8.287 GC heap before
{Heap before GC invocations=8 (full 1):
 PSYoungGen      total 161856K, used 148411K [0x00000007aacb0000, 0x00000007bea10000, 0x0000000800000000)
  eden space 126080K, 100% used [0x00000007aacb0000,0x00000007b27d0000,0x00000007b27d0000)
  from space 35776K, 62% used [0x00000007b27d0000,0x00000007b3d9ef20,0x00000007b4ac0000)
  to   space 36416K, 0% used [0x00000007bc680000,0x00000007bc680000,0x00000007bea10000)
 ParOldGen       total 330176K, used 330040K [0x0000000700600000, 0x0000000714870000, 0x00000007aacb0000)
  object space 330176K, 99% used [0x0000000700600000,0x000000071484e028,0x0000000714870000)
 PSPermGen       total 21248K, used 18067K [0x00000006fb400000, 0x00000006fc8c0000, 0x0000000700600000)
  object space 21248K, 85% used [0x00000006fb400000,0x00000006fc5a4dc0,0x00000006fc8c0000)
Event: 8.355 GC heap after
Heap after GC invocations=8 (full 1):
 PSYoungGen      total 161856K, used 0K [0x00000007aacb0000, 0x00000007bea10000, 0x0000000800000000)
  eden space 126080K, 0% used [0x00000007aacb0000,0x00000007aacb0000,0x00000007b27d0000)
  from space 35776K, 0% used [0x00000007b27d0000,0x00000007b27d0000,0x00000007b4ac0000)
  to   space 36416K, 0% used [0x00000007bc680000,0x00000007bc680000,0x00000007bea10000)
 ParOldGen       total 148736K, used 45218K [0x0000000700600000, 0x0000000709740000, 0x00000007aacb0000)
  object space 148736K, 30% used [0x0000000700600000,0x0000000703228a28,0x0000000709740000)
 PSPermGen       total 36672K, used 18060K [0x00000006fb400000, 0x00000006fd7d0000, 0x0000000700600000)
  object space 36672K, 49% used [0x00000006fb400000,0x00000006fc5a32a8,0x00000006fd7d0000)
}
Event: 9.270 GC heap before
{Heap before GC invocations=9 (full 2):
 PSYoungGen      total 161856K, used 126055K [0x00000007aacb0000, 0x00000007bea10000, 0x0000000800000000)
  eden space 126080K, 99% used [0x00000007aacb0000,0x00000007b27c9f88,0x00000007b27d0000)
  from space 35776K, 0% used [0x00000007b27d0000,0x00000007b27d0000,0x00000007b4ac0000)
  to   space 36416K, 0% used [0x00000007bc680000,0x00000007bc680000,0x00000007bea10000)
 ParOldGen       total 334016K, used 333908K [0x0000000700600000, 0x0000000714c30000, 0x00000007aacb0000)
  object space 334016K, 99% used [0x0000000700600000,0x0000000714c15268,0x0000000714c30000)
 PSPermGen       total 36672K, used 18066K [0x00000006fb400000, 0x00000006fd7d0000, 0x0000000700600000)
  object space 36672K, 49% used [0x00000006fb400000,0x00000006fc5a4b58,0x00000006fd7d0000)
Event: 9.306 GC heap after
Heap after GC invocations=9 (full 2):
 PSYoungGen      total 161856K, used 0K [0x00000007aacb0000, 0x00000007bea10000, 0x0000000800000000)
  eden space 126080K, 0% used [0x00000007aacb0000,0x00000007aacb0000,0x00000007b27d0000)
  from space 35776K, 0% used [0x00000007b27d0000,0x00000007b27d0000,0x00000007b4ac0000)
  to   space 36416K, 0% used [0x00000007bc680000,0x00000007bc680000,0x00000007bea10000)
 ParOldGen       total 186816K, used 45215K [0x0000000700600000, 0x000000070bc70000, 0x00000007aacb0000)
  object space 186816K, 24% used [0x0000000700600000,0x0000000703227fd0,0x000000070bc70000)
 PSPermGen       total 40960K, used 18066K [0x00000006fb400000, 0x00000006fdc00000, 0x0000000700600000)
  object space 40960K, 44% used [0x00000006fb400000,0x00000006fc5a4b58,0x00000006fdc00000)
}

