# JRE version: 7.0_07-b11
# Java VM: Java HotSpot(TM) 64-Bit Server VM (23.3-b01 mixed mode windows-amd64 compressed oops)
Heap
 PSYoungGen      total 768960K, used 94627K [0x00000007aacb0000, 0x00000007e03f0000, 0x0000000800000000)
  eden space 682304K, 4% used [0x00000007aacb0000,0x00000007ac881bc8,0x00000007d4700000)
  from space 86656K, 76% used [0x00000007da0d0000,0x00000007de167398,0x00000007df570000)
  to   space 91968K, 0% used [0x00000007d4700000,0x00000007d4700000,0x00000007da0d0000)
 ParOldGen       total 250432K, used 135095K [0x0000000700600000, 0x000000070fa90000, 0x00000007aacb0000)
  object space 250432K, 53% used [0x0000000700600000,0x00000007089edc70,0x000000070fa90000)
 PSPermGen       total 39360K, used 18085K [0x00000006fb400000, 0x00000006fda70000, 0x0000000700600000)
  object space 39360K, 45% used [0x00000006fb400000,0x00000006fc5a9438,0x00000006fda70000)
GC Heap History (10 events):
Event: 18.870 GC heap before
{Heap before GC invocations=19 (full 3):
 PSYoungGen      total 625536K, used 594924K [0x00000007aacb0000, 0x00000007d6ee0000, 0x0000000800000000)
  eden space 534912K, 100% used [0x00000007aacb0000,0x00000007cb710000,0x00000007cb710000)
  from space 90624K, 66% used [0x00000007d1210000,0x00000007d4cab100,0x00000007d6a90000)
  to   space 93184K, 0% used [0x00000007cb710000,0x00000007cb710000,0x00000007d1210000)
 ParOldGen       total 358144K, used 356269K [0x0000000700600000, 0x00000007163c0000, 0x00000007aacb0000)
  object space 358144K, 99% used [0x0000000700600000,0x00000007161eb6d0,0x00000007163c0000)
 PSPermGen       total 40512K, used 18059K [0x00000006fb400000, 0x00000006fdb90000, 0x0000000700600000)
  object space 40512K, 44% used [0x00000006fb400000,0x00000006fc5a2d48,0x00000006fdb90000)
Event: 18.925 GC heap after
Heap after GC invocations=19 (full 3):
 PSYoungGen      total 625536K, used 0K [0x00000007aacb0000, 0x00000007d6ee0000, 0x0000000800000000)
  eden space 534912K, 0% used [0x00000007aacb0000,0x00000007aacb0000,0x00000007cb710000)
  from space 90624K, 0% used [0x00000007d1210000,0x00000007d1210000,0x00000007d6a90000)
  to   space 93184K, 0% used [0x00000007cb710000,0x00000007cb710000,0x00000007d1210000)
 ParOldGen       total 250432K, used 47889K [0x0000000700600000, 0x000000070fa90000, 0x00000007aacb0000)
  object space 250432K, 19% used [0x0000000700600000,0x00000007034c4558,0x000000070fa90000)
 PSPermGen       total 39360K, used 18059K [0x00000006fb400000, 0x00000006fda70000, 0x0000000700600000)
  object space 39360K, 45% used [0x00000006fb400000,0x00000006fc5a2cc8,0x00000006fda70000)
}
Event: 20.253 GC heap before
{Heap before GC invocations=20 (full 3):
 PSYoungGen      total 625536K, used 534912K [0x00000007aacb0000, 0x00000007d6ee0000, 0x0000000800000000)
  eden space 534912K, 100% used [0x00000007aacb0000,0x00000007cb710000,0x00000007cb710000)
  from space 90624K, 0% used [0x00000007d1210000,0x00000007d1210000,0x00000007d6a90000)
  to   space 93184K, 0% used [0x00000007cb710000,0x00000007cb710000,0x00000007d1210000)
 ParOldGen       total 250432K, used 135095K [0x0000000700600000, 0x000000070fa90000, 0x00000007aacb0000)
  object space 250432K, 53% used [0x0000000700600000,0x00000007089edc70,0x000000070fa90000)
 PSPermGen       total 39360K, used 18069K [0x00000006fb400000, 0x00000006fda70000, 0x0000000700600000)
  object space 39360K, 45% used [0x00000006fb400000,0x00000006fc5a56a8,0x00000006fda70000)
Event: 20.256 GC heap after
Heap after GC invocations=20 (full 3):
 PSYoungGen      total 628096K, used 18926K [0x00000007aacb0000, 0x00000007db290000, 0x0000000800000000)
  eden space 534912K, 0% used [0x00000007aacb0000,0x00000007aacb0000,0x00000007cb710000)
  from space 93184K, 20% used [0x00000007cb710000,0x00000007cc98b8b8,0x00000007d1210000)
  to   space 91776K, 0% used [0x00000007d58f0000,0x00000007d58f0000,0x00000007db290000)
 ParOldGen       total 250432K, used 135095K [0x0000000700600000, 0x000000070fa90000, 0x00000007aacb0000)
  object space 250432K, 53% used [0x0000000700600000,0x00000007089edc70,0x000000070fa90000)
 PSPermGen       total 39360K, used 18069K [0x00000006fb400000, 0x00000006fda70000, 0x0000000700600000)
  object space 39360K, 45% used [0x00000006fb400000,0x00000006fc5a56a8,0x00000006fda70000)
}
Event: 21.256 GC heap before
{Heap before GC invocations=21 (full 3):
 PSYoungGen      total 628096K, used 553557K [0x00000007aacb0000, 0x00000007db290000, 0x0000000800000000)
  eden space 534912K, 99% used [0x00000007aacb0000,0x00000007cb6c9c48,0x00000007cb710000)
  from space 93184K, 20% used [0x00000007cb710000,0x00000007cc98b8b8,0x00000007d1210000)
  to   space 91776K, 0% used [0x00000007d58f0000,0x00000007d58f0000,0x00000007db290000)
 ParOldGen       total 250432K, used 135095K [0x0000000700600000, 0x000000070fa90000, 0x00000007aacb0000)
  object space 250432K, 53% used [0x0000000700600000,0x00000007089edc70,0x000000070fa90000)
 PSPermGen       total 39360K, used 18073K [0x00000006fb400000, 0x00000006fda70000, 0x0000000700600000)
  object space 39360K, 45% used [0x00000006fb400000,0x00000006fc5a6458,0x00000006fda70000)
Event: 21.264 GC heap after
Heap after GC invocations=21 (full 3):
 PSYoungGen      total 689664K, used 29534K [0x00000007aacb0000, 0x00000007da9a0000, 0x0000000800000000)
  eden space 607040K, 0% used [0x00000007aacb0000,0x00000007aacb0000,0x00000007cfd80000)
  from space 82624K, 35% used [0x00000007d58f0000,0x00000007d75c79f8,0x00000007da9a0000)
  to   space 88128K, 0% used [0x00000007cfd80000,0x00000007cfd80000,0x00000007d5390000)
 ParOldGen       total 250432K, used 135095K [0x0000000700600000, 0x000000070fa90000, 0x00000007aacb0000)
  object space 250432K, 53% used [0x0000000700600000,0x00000007089edc70,0x000000070fa90000)
 PSPermGen       total 39360K, used 18073K [0x00000006fb400000, 0x00000006fda70000, 0x0000000700600000)
  object space 39360K, 45% used [0x00000006fb400000,0x00000006fc5a6458,0x00000006fda70000)
}
Event: 22.361 GC heap before
{Heap before GC invocations=22 (full 3):
 PSYoungGen      total 689664K, used 635322K [0x00000007aacb0000, 0x00000007da9a0000, 0x0000000800000000)
  eden space 607040K, 99% used [0x00000007aacb0000,0x00000007cfc46e78,0x00000007cfd80000)
  from space 82624K, 35% used [0x00000007d58f0000,0x00000007d75c79f8,0x00000007da9a0000)
  to   space 88128K, 0% used [0x00000007cfd80000,0x00000007cfd80000,0x00000007d5390000)
 ParOldGen       total 250432K, used 135095K [0x0000000700600000, 0x000000070fa90000, 0x00000007aacb0000)
  object space 250432K, 53% used [0x0000000700600000,0x00000007089edc70,0x000000070fa90000)
 PSPermGen       total 39360K, used 18077K [0x00000006fb400000, 0x00000006fda70000, 0x0000000700600000)
  object space 39360K, 45% used [0x00000006fb400000,0x00000006fc5a7480,0x00000006fda70000)
Event: 22.370 GC heap after
Heap after GC invocations=22 (full 3):
 PSYoungGen      total 695168K, used 47682K [0x00000007aacb0000, 0x00000007df570000, 0x0000000800000000)
  eden space 607040K, 0% used [0x00000007aacb0000,0x00000007aacb0000,0x00000007cfd80000)
  from space 88128K, 54% used [0x00000007cfd80000,0x00000007d2c10838,0x00000007d5390000)
  to   space 86656K, 0% used [0x00000007da0d0000,0x00000007da0d0000,0x00000007df570000)
 ParOldGen       total 250432K, used 135095K [0x0000000700600000, 0x000000070fa90000, 0x00000007aacb0000)
  object space 250432K, 53% used [0x0000000700600000,0x00000007089edc70,0x000000070fa90000)
 PSPermGen       total 39360K, used 18077K [0x00000006fb400000, 0x00000006fda70000, 0x0000000700600000)
  object space 39360K, 45% used [0x00000006fb400000,0x00000006fc5a7480,0x00000006fda70000)
}
Event: 23.697 GC heap before
{Heap before GC invocations=23 (full 3):
 PSYoungGen      total 695168K, used 651604K [0x00000007aacb0000, 0x00000007df570000, 0x0000000800000000)
  eden space 607040K, 99% used [0x00000007aacb0000,0x00000007cfa74850,0x00000007cfd80000)
  from space 88128K, 54% used [0x00000007cfd80000,0x00000007d2c10838,0x00000007d5390000)
  to   space 86656K, 0% used [0x00000007da0d0000,0x00000007da0d0000,0x00000007df570000)
 ParOldGen       total 250432K, used 135095K [0x0000000700600000, 0x000000070fa90000, 0x00000007aacb0000)
  object space 250432K, 53% used [0x0000000700600000,0x00000007089edc70,0x000000070fa90000)
 PSPermGen       total 39360K, used 18084K [0x00000006fb400000, 0x00000006fda70000, 0x0000000700600000)
  object space 39360K, 45% used [0x00000006fb400000,0x00000006fc5a9390,0x00000006fda70000)
Event: 23.712 GC heap after
Heap after GC invocations=23 (full 3):
 PSYoungGen      total 768960K, used 66140K [0x00000007aacb0000, 0x00000007e03f0000, 0x0000000800000000)
  eden space 682304K, 0% used [0x00000007aacb0000,0x00000007aacb0000,0x00000007d4700000)
  from space 86656K, 76% used [0x00000007da0d0000,0x00000007de167398,0x00000007df570000)
  to   space 91968K, 0% used [0x00000007d4700000,0x00000007d4700000,0x00000007da0d0000)
 ParOldGen       total 250432K, used 135095K [0x0000000700600000, 0x000000070fa90000, 0x00000007aacb0000)
  object space 250432K, 53% used [0x0000000700600000,0x00000007089edc70,0x000000070fa90000)
 PSPermGen       total 39360K, used 18084K [0x00000006fb400000, 0x00000006fda70000, 0x0000000700600000)
  object space 39360K, 45% used [0x00000006fb400000,0x00000006fc5a9390,0x00000006fda70000)
}

