# JRE version: 7.0_07-b11
# Java VM: Java HotSpot(TM) 64-Bit Server VM (23.3-b01 mixed mode windows-amd64 compressed oops)
Heap
 PSYoungGen      total 1281600K, used 139854K [0x00000007aacb0000, 0x0000000800000000, 0x0000000800000000)
  eden space 1173696K, 6% used [0x00000007aacb0000,0x00000007af1dd860,0x00000007f26e0000)
  from space 107904K, 63% used [0x00000007f26e0000,0x00000007f6a46338,0x00000007f9040000)
  to   space 107008K, 0% used [0x00000007f9780000,0x00000007f9780000,0x0000000800000000)
 ParOldGen       total 246336K, used 54173K [0x0000000700600000, 0x000000070f690000, 0x00000007aacb0000)
  object space 246336K, 21% used [0x0000000700600000,0x0000000703ae7498,0x000000070f690000)
 PSPermGen       total 38272K, used 18569K [0x00000006fb400000, 0x00000006fd960000, 0x0000000700600000)
  object space 38272K, 48% used [0x00000006fb400000,0x00000006fc622798,0x00000006fd960000)
GC Heap History (10 events):
Event: 67.933 GC heap before
{Heap before GC invocations=35 (full 3):
 PSYoungGen      total 1237056K, used 1236653K [0x00000007aacb0000, 0x00000007ffaf0000, 0x0000000800000000)
  eden space 1171712K, 99% used [0x00000007aacb0000,0x00000007f249a500,0x00000007f24f0000)
  from space 65344K, 99% used [0x00000007f24f0000,0x00000007f64b1160,0x00000007f64c0000)
  to   space 109568K, 0% used [0x00000007f8ff0000,0x00000007f8ff0000,0x00000007ffaf0000)
 ParOldGen       total 200896K, used 172473K [0x0000000700600000, 0x000000070ca30000, 0x00000007aacb0000)
  object space 200896K, 85% used [0x0000000700600000,0x000000070ae6e7e8,0x000000070ca30000)
 PSPermGen       total 39808K, used 18560K [0x00000006fb400000, 0x00000006fdae0000, 0x0000000700600000)
  object space 39808K, 46% used [0x00000006fb400000,0x00000006fc620188,0x00000006fdae0000)
Event: 67.947 GC heap after
Heap after GC invocations=35 (full 3):
 PSYoungGen      total 1278144K, used 79818K [0x00000007aacb0000, 0x0000000800000000, 0x0000000800000000)
  eden space 1168576K, 0% used [0x00000007aacb0000,0x00000007aacb0000,0x00000007f21e0000)
  from space 109568K, 72% used [0x00000007f8ff0000,0x00000007fdde2840,0x00000007ffaf0000)
  to   space 112704K, 0% used [0x00000007f21e0000,0x00000007f21e0000,0x00000007f8ff0000)
 ParOldGen       total 200896K, used 172493K [0x0000000700600000, 0x000000070ca30000, 0x00000007aacb0000)
  object space 200896K, 85% used [0x0000000700600000,0x000000070ae737f8,0x000000070ca30000)
 PSPermGen       total 39808K, used 18560K [0x00000006fb400000, 0x00000006fdae0000, 0x0000000700600000)
  object space 39808K, 46% used [0x00000006fb400000,0x00000006fc620188,0x00000006fdae0000)
}
Event: 70.440 GC heap before
{Heap before GC invocations=36 (full 3):
 PSYoungGen      total 1278144K, used 1248092K [0x00000007aacb0000, 0x0000000800000000, 0x0000000800000000)
  eden space 1168576K, 99% used [0x00000007aacb0000,0x00000007f21948a8,0x00000007f21e0000)
  from space 109568K, 72% used [0x00000007f8ff0000,0x00000007fdde2840,0x00000007ffaf0000)
  to   space 112704K, 0% used [0x00000007f21e0000,0x00000007f21e0000,0x00000007f8ff0000)
 ParOldGen       total 200896K, used 174519K [0x0000000700600000, 0x000000070ca30000, 0x00000007aacb0000)
  object space 200896K, 86% used [0x0000000700600000,0x000000070b06dc08,0x000000070ca30000)
 PSPermGen       total 39808K, used 18560K [0x00000006fb400000, 0x00000006fdae0000, 0x0000000700600000)
  object space 39808K, 46% used [0x00000006fb400000,0x00000006fc620188,0x00000006fdae0000)
Event: 70.449 GC heap after
Heap after GC invocations=36 (full 3):
 PSYoungGen      total 1281280K, used 65408K [0x00000007aacb0000, 0x00000007ffd10000, 0x0000000800000000)
  eden space 1168576K, 0% used [0x00000007aacb0000,0x00000007aacb0000,0x00000007f21e0000)
  from space 112704K, 58% used [0x00000007f21e0000,0x00000007f61c0380,0x00000007f8ff0000)
  to   space 109632K, 0% used [0x00000007f9200000,0x00000007f9200000,0x00000007ffd10000)
 ParOldGen       total 200896K, used 174535K [0x0000000700600000, 0x000000070ca30000, 0x00000007aacb0000)
  object space 200896K, 86% used [0x0000000700600000,0x000000070b071c08,0x000000070ca30000)
 PSPermGen       total 39808K, used 18560K [0x00000006fb400000, 0x00000006fdae0000, 0x0000000700600000)
  object space 39808K, 46% used [0x00000006fb400000,0x00000006fc620188,0x00000006fdae0000)
}
Event: 73.001 GC heap before
{Heap before GC invocations=37 (full 4):
 PSYoungGen      total 1281280K, used 1233984K [0x00000007aacb0000, 0x00000007ffd10000, 0x0000000800000000)
  eden space 1168576K, 100% used [0x00000007aacb0000,0x00000007f21e0000,0x00000007f21e0000)
  from space 112704K, 58% used [0x00000007f21e0000,0x00000007f61c0380,0x00000007f8ff0000)
  to   space 109632K, 0% used [0x00000007f9200000,0x00000007f9200000,0x00000007ffd10000)
 ParOldGen       total 204736K, used 203561K [0x0000000700600000, 0x000000070cdf0000, 0x00000007aacb0000)
  object space 204736K, 99% used [0x0000000700600000,0x000000070ccca680,0x000000070cdf0000)
 PSPermGen       total 39808K, used 18566K [0x00000006fb400000, 0x00000006fdae0000, 0x0000000700600000)
  object space 39808K, 46% used [0x00000006fb400000,0x00000006fc621840,0x00000006fdae0000)
Event: 73.043 GC heap after
Heap after GC invocations=37 (full 4):
 PSYoungGen      total 1281280K, used 0K [0x00000007aacb0000, 0x00000007ffd10000, 0x0000000800000000)
  eden space 1168576K, 0% used [0x00000007aacb0000,0x00000007aacb0000,0x00000007f21e0000)
  from space 112704K, 0% used [0x00000007f21e0000,0x00000007f21e0000,0x00000007f8ff0000)
  to   space 109632K, 0% used [0x00000007f9200000,0x00000007f9200000,0x00000007ffd10000)
 ParOldGen       total 246336K, used 54173K [0x0000000700600000, 0x000000070f690000, 0x00000007aacb0000)
  object space 246336K, 21% used [0x0000000700600000,0x0000000703ae7498,0x000000070f690000)
 PSPermGen       total 38272K, used 18564K [0x00000006fb400000, 0x00000006fd960000, 0x0000000700600000)
  object space 38272K, 48% used [0x00000006fb400000,0x00000006fc6210e0,0x00000006fd960000)
}
Event: 75.567 GC heap before
{Heap before GC invocations=38 (full 4):
 PSYoungGen      total 1281280K, used 1165182K [0x00000007aacb0000, 0x00000007ffd10000, 0x0000000800000000)
  eden space 1168576K, 99% used [0x00000007aacb0000,0x00000007f1e8f9c8,0x00000007f21e0000)
  from space 112704K, 0% used [0x00000007f21e0000,0x00000007f21e0000,0x00000007f8ff0000)
  to   space 109632K, 0% used [0x00000007f9200000,0x00000007f9200000,0x00000007ffd10000)
 ParOldGen       total 246336K, used 54173K [0x0000000700600000, 0x000000070f690000, 0x00000007aacb0000)
  object space 246336K, 21% used [0x0000000700600000,0x0000000703ae7498,0x000000070f690000)
 PSPermGen       total 38272K, used 18567K [0x00000006fb400000, 0x00000006fd960000, 0x0000000700600000)
  object space 38272K, 48% used [0x00000006fb400000,0x00000006fc621cf8,0x00000006fd960000)
Event: 75.573 GC heap after
Heap after GC invocations=38 (full 4):
 PSYoungGen      total 1279808K, used 40698K [0x00000007aacb0000, 0x00000007ff9a0000, 0x0000000800000000)
  eden space 1173696K, 0% used [0x00000007aacb0000,0x00000007aacb0000,0x00000007f26e0000)
  from space 106112K, 38% used [0x00000007f9200000,0x00000007fb9be9f8,0x00000007ff9a0000)
  to   space 107904K, 0% used [0x00000007f26e0000,0x00000007f26e0000,0x00000007f9040000)
 ParOldGen       total 246336K, used 54173K [0x0000000700600000, 0x000000070f690000, 0x00000007aacb0000)
  object space 246336K, 21% used [0x0000000700600000,0x0000000703ae7498,0x000000070f690000)
 PSPermGen       total 38272K, used 18567K [0x00000006fb400000, 0x00000006fd960000, 0x0000000700600000)
  object space 38272K, 48% used [0x00000006fb400000,0x00000006fc621cf8,0x00000006fd960000)
}
Event: 78.932 GC heap before
{Heap before GC invocations=39 (full 4):
 PSYoungGen      total 1279808K, used 1212355K [0x00000007aacb0000, 0x00000007ff9a0000, 0x0000000800000000)
  eden space 1173696K, 99% used [0x00000007aacb0000,0x00000007f24e2250,0x00000007f26e0000)
  from space 106112K, 38% used [0x00000007f9200000,0x00000007fb9be9f8,0x00000007ff9a0000)
  to   space 107904K, 0% used [0x00000007f26e0000,0x00000007f26e0000,0x00000007f9040000)
 ParOldGen       total 246336K, used 54173K [0x0000000700600000, 0x000000070f690000, 0x00000007aacb0000)
  object space 246336K, 21% used [0x0000000700600000,0x0000000703ae7498,0x000000070f690000)
 PSPermGen       total 38272K, used 18569K [0x00000006fb400000, 0x00000006fd960000, 0x0000000700600000)
  object space 38272K, 48% used [0x00000006fb400000,0x00000006fc622798,0x00000006fd960000)
Event: 78.945 GC heap after
Heap after GC invocations=39 (full 4):
 PSYoungGen      total 1281600K, used 69016K [0x00000007aacb0000, 0x0000000800000000, 0x0000000800000000)
  eden space 1173696K, 0% used [0x00000007aacb0000,0x00000007aacb0000,0x00000007f26e0000)
  from space 107904K, 63% used [0x00000007f26e0000,0x00000007f6a46338,0x00000007f9040000)
  to   space 107008K, 0% used [0x00000007f9780000,0x00000007f9780000,0x0000000800000000)
 ParOldGen       total 246336K, used 54173K [0x0000000700600000, 0x000000070f690000, 0x00000007aacb0000)
  object space 246336K, 21% used [0x0000000700600000,0x0000000703ae7498,0x000000070f690000)
 PSPermGen       total 38272K, used 18569K [0x00000006fb400000, 0x00000006fd960000, 0x0000000700600000)
  object space 38272K, 48% used [0x00000006fb400000,0x00000006fc622798,0x00000006fd960000)
}

