# JRE version: 7.0_07-b11
# Java VM: Java HotSpot(TM) 64-Bit Server VM (23.3-b01 mixed mode windows-amd64 compressed oops)
Heap
 PSYoungGen      total 1321024K, used 505643K [0x00000007aacb0000, 0x0000000800000000, 0x0000000800000000)
  eden space 1256704K, 40% used [0x00000007aacb0000,0x00000007c9a7aee0,0x00000007f77f0000)
  from space 64320K, 0% used [0x00000007fbbf0000,0x00000007fbbf0000,0x00000007ffac0000)
  to   space 69632K, 0% used [0x00000007f77f0000,0x00000007f77f0000,0x00000007fbbf0000)
 ParOldGen       total 322304K, used 40115K [0x0000000700600000, 0x00000007140c0000, 0x00000007aacb0000)
  object space 322304K, 12% used [0x0000000700600000,0x0000000702d2cf28,0x00000007140c0000)
 PSPermGen       total 32320K, used 18296K [0x00000006fb400000, 0x00000006fd390000, 0x0000000700600000)
  object space 32320K, 56% used [0x00000006fb400000,0x00000006fc5de048,0x00000006fd390000)
GC Heap History (10 events):
Event: 55.895 GC heap before
{Heap before GC invocations=37 (full 6):
 PSYoungGen      total 1312896K, used 1283237K [0x00000007aacb0000, 0x00000007ff680000, 0x0000000800000000)
  eden space 1251904K, 99% used [0x00000007aacb0000,0x00000007f7321ab8,0x00000007f7340000)
  from space 60992K, 51% used [0x00000007fbaf0000,0x00000007fd9a7a00,0x00000007ff680000)
  to   space 67200K, 0% used [0x00000007f7340000,0x00000007f7340000,0x00000007fb4e0000)
 ParOldGen       total 336768K, used 131390K [0x0000000700600000, 0x0000000714ee0000, 0x00000007aacb0000)
  object space 336768K, 39% used [0x0000000700600000,0x000000070864f8e0,0x0000000714ee0000)
 PSPermGen       total 34560K, used 18234K [0x00000006fb400000, 0x00000006fd5c0000, 0x0000000700600000)
  object space 34560K, 52% used [0x00000006fb400000,0x00000006fc5cea50,0x00000006fd5c0000)
Event: 55.904 GC heap after
Heap after GC invocations=37 (full 6):
 PSYoungGen      total 1319104K, used 48056K [0x00000007aacb0000, 0x0000000800000000, 0x0000000800000000)
  eden space 1251904K, 0% used [0x00000007aacb0000,0x00000007aacb0000,0x00000007f7340000)
  from space 67200K, 71% used [0x00000007f7340000,0x00000007fa22e250,0x00000007fb4e0000)
  to   space 70080K, 0% used [0x00000007fbb90000,0x00000007fbb90000,0x0000000800000000)
 ParOldGen       total 336768K, used 131390K [0x0000000700600000, 0x0000000714ee0000, 0x00000007aacb0000)
  object space 336768K, 39% used [0x0000000700600000,0x000000070864f8e0,0x0000000714ee0000)
 PSPermGen       total 34560K, used 18234K [0x00000006fb400000, 0x00000006fd5c0000, 0x0000000700600000)
  object space 34560K, 52% used [0x00000006fb400000,0x00000006fc5cea50,0x00000006fd5c0000)
}
Event: 58.395 GC heap before
{Heap before GC invocations=38 (full 6):
 PSYoungGen      total 1319104K, used 1299960K [0x00000007aacb0000, 0x0000000800000000, 0x0000000800000000)
  eden space 1251904K, 100% used [0x00000007aacb0000,0x00000007f7340000,0x00000007f7340000)
  from space 67200K, 71% used [0x00000007f7340000,0x00000007fa22e250,0x00000007fb4e0000)
  to   space 70080K, 0% used [0x00000007fbb90000,0x00000007fbb90000,0x0000000800000000)
 ParOldGen       total 336768K, used 179195K [0x0000000700600000, 0x0000000714ee0000, 0x00000007aacb0000)
  object space 336768K, 53% used [0x0000000700600000,0x000000070b4fed90,0x0000000714ee0000)
 PSPermGen       total 34560K, used 18248K [0x00000006fb400000, 0x00000006fd5c0000, 0x0000000700600000)
  object space 34560K, 52% used [0x00000006fb400000,0x00000006fc5d2220,0x00000006fd5c0000)
Event: 58.402 GC heap after
Heap after GC invocations=38 (full 6):
 PSYoungGen      total 1325696K, used 34068K [0x00000007aacb0000, 0x00000007ffcf0000, 0x0000000800000000)
  eden space 1258752K, 0% used [0x00000007aacb0000,0x00000007aacb0000,0x00000007f79f0000)
  from space 66944K, 50% used [0x00000007fbb90000,0x00000007fdcd5190,0x00000007ffcf0000)
  to   space 67072K, 0% used [0x00000007f79f0000,0x00000007f79f0000,0x00000007fbb70000)
 ParOldGen       total 336768K, used 179195K [0x0000000700600000, 0x0000000714ee0000, 0x00000007aacb0000)
  object space 336768K, 53% used [0x0000000700600000,0x000000070b4fed90,0x0000000714ee0000)
 PSPermGen       total 34560K, used 18248K [0x00000006fb400000, 0x00000006fd5c0000, 0x0000000700600000)
  object space 34560K, 52% used [0x00000006fb400000,0x00000006fc5d2220,0x00000006fd5c0000)
}
Event: 60.863 GC heap before
{Heap before GC invocations=39 (full 6):
 PSYoungGen      total 1325696K, used 1292820K [0x00000007aacb0000, 0x00000007ffcf0000, 0x0000000800000000)
  eden space 1258752K, 100% used [0x00000007aacb0000,0x00000007f79f0000,0x00000007f79f0000)
  from space 66944K, 50% used [0x00000007fbb90000,0x00000007fdcd5190,0x00000007ffcf0000)
  to   space 67072K, 0% used [0x00000007f79f0000,0x00000007f79f0000,0x00000007fbb70000)
 ParOldGen       total 336768K, used 220870K [0x0000000700600000, 0x0000000714ee0000, 0x00000007aacb0000)
  object space 336768K, 65% used [0x0000000700600000,0x000000070ddb1a40,0x0000000714ee0000)
 PSPermGen       total 34560K, used 18255K [0x00000006fb400000, 0x00000006fd5c0000, 0x0000000700600000)
  object space 34560K, 52% used [0x00000006fb400000,0x00000006fc5d3f68,0x00000006fd5c0000)
Event: 60.868 GC heap after
Heap after GC invocations=39 (full 6):
 PSYoungGen      total 1325824K, used 34068K [0x00000007aacb0000, 0x00000007ffac0000, 0x0000000800000000)
  eden space 1258752K, 0% used [0x00000007aacb0000,0x00000007aacb0000,0x00000007f79f0000)
  from space 67072K, 50% used [0x00000007f79f0000,0x00000007f9b35190,0x00000007fbb70000)
  to   space 64320K, 0% used [0x00000007fbbf0000,0x00000007fbbf0000,0x00000007ffac0000)
 ParOldGen       total 336768K, used 220870K [0x0000000700600000, 0x0000000714ee0000, 0x00000007aacb0000)
  object space 336768K, 65% used [0x0000000700600000,0x000000070ddb1a40,0x0000000714ee0000)
 PSPermGen       total 34560K, used 18255K [0x00000006fb400000, 0x00000006fd5c0000, 0x0000000700600000)
  object space 34560K, 52% used [0x00000006fb400000,0x00000006fc5d3f68,0x00000006fd5c0000)
}
Event: 63.262 GC heap before
{Heap before GC invocations=40 (full 6):
 PSYoungGen      total 1325824K, used 1292361K [0x00000007aacb0000, 0x00000007ffac0000, 0x0000000800000000)
  eden space 1258752K, 99% used [0x00000007aacb0000,0x00000007f797d2d8,0x00000007f79f0000)
  from space 67072K, 50% used [0x00000007f79f0000,0x00000007f9b35190,0x00000007fbb70000)
  to   space 64320K, 0% used [0x00000007fbbf0000,0x00000007fbbf0000,0x00000007ffac0000)
 ParOldGen       total 336768K, used 226312K [0x0000000700600000, 0x0000000714ee0000, 0x00000007aacb0000)
  object space 336768K, 67% used [0x0000000700600000,0x000000070e302320,0x0000000714ee0000)
 PSPermGen       total 34560K, used 18257K [0x00000006fb400000, 0x00000006fd5c0000, 0x0000000700600000)
  object space 34560K, 52% used [0x00000006fb400000,0x00000006fc5d4600,0x00000006fd5c0000)
Event: 63.270 GC heap after
Heap after GC invocations=40 (full 6):
 PSYoungGen      total 1321024K, used 55382K [0x00000007aacb0000, 0x0000000800000000, 0x0000000800000000)
  eden space 1256704K, 0% used [0x00000007aacb0000,0x00000007aacb0000,0x00000007f77f0000)
  from space 64320K, 86% used [0x00000007fbbf0000,0x00000007ff2058e0,0x00000007ffac0000)
  to   space 69632K, 0% used [0x00000007f77f0000,0x00000007f77f0000,0x00000007fbbf0000)
 ParOldGen       total 336768K, used 226312K [0x0000000700600000, 0x0000000714ee0000, 0x00000007aacb0000)
  object space 336768K, 67% used [0x0000000700600000,0x000000070e302320,0x0000000714ee0000)
 PSPermGen       total 34560K, used 18257K [0x00000006fb400000, 0x00000006fd5c0000, 0x0000000700600000)
  object space 34560K, 52% used [0x00000006fb400000,0x00000006fc5d4600,0x00000006fd5c0000)
}
Event: 65.821 GC heap before
{Heap before GC invocations=41 (full 7):
 PSYoungGen      total 1321024K, used 1312079K [0x00000007aacb0000, 0x0000000800000000, 0x0000000800000000)
  eden space 1256704K, 99% used [0x00000007aacb0000,0x00000007f77ee3b0,0x00000007f77f0000)
  from space 64320K, 86% used [0x00000007fbbf0000,0x00000007ff2058e0,0x00000007ffac0000)
  to   space 69632K, 0% used [0x00000007f77f0000,0x00000007f77f0000,0x00000007fbbf0000)
 ParOldGen       total 346560K, used 346413K [0x0000000700600000, 0x0000000715870000, 0x00000007aacb0000)
  object space 346560K, 99% used [0x0000000700600000,0x000000071584b580,0x0000000715870000)
 PSPermGen       total 34560K, used 18262K [0x00000006fb400000, 0x00000006fd5c0000, 0x0000000700600000)
  object space 34560K, 52% used [0x00000006fb400000,0x00000006fc5d58d8,0x00000006fd5c0000)
Event: 65.861 GC heap after
Heap after GC invocations=41 (full 7):
 PSYoungGen      total 1321024K, used 0K [0x00000007aacb0000, 0x0000000800000000, 0x0000000800000000)
  eden space 1256704K, 0% used [0x00000007aacb0000,0x00000007aacb0000,0x00000007f77f0000)
  from space 64320K, 0% used [0x00000007fbbf0000,0x00000007fbbf0000,0x00000007ffac0000)
  to   space 69632K, 0% used [0x00000007f77f0000,0x00000007f77f0000,0x00000007fbbf0000)
 ParOldGen       total 322304K, used 40115K [0x0000000700600000, 0x00000007140c0000, 0x00000007aacb0000)
  object space 322304K, 12% used [0x0000000700600000,0x0000000702d2cf28,0x00000007140c0000)
 PSPermGen       total 32320K, used 18262K [0x00000006fb400000, 0x00000006fd390000, 0x0000000700600000)
  object space 32320K, 56% used [0x00000006fb400000,0x00000006fc5d5838,0x00000006fd390000)
}

