# JRE version: 7.0_07-b11
# Java VM: Java HotSpot(TM) 64-Bit Server VM (23.3-b01 mixed mode windows-amd64 compressed oops)
Heap
 PSYoungGen      total 1350720K, used 189001K [0x00000007aacb0000, 0x0000000800000000, 0x0000000800000000)
  eden space 1314368K, 11% used [0x00000007aacb0000,0x00000007b41d0768,0x00000007fb040000)
  from space 36352K, 99% used [0x00000007fdc80000,0x00000007ffff1fc0,0x0000000800000000)
  to   space 40832K, 0% used [0x00000007fb040000,0x00000007fb040000,0x00000007fd820000)
 ParOldGen       total 258496K, used 37900K [0x0000000700600000, 0x0000000710270000, 0x00000007aacb0000)
  object space 258496K, 14% used [0x0000000700600000,0x0000000702b03220,0x0000000710270000)
 PSPermGen       total 38144K, used 18269K [0x00000006fb400000, 0x00000006fd940000, 0x0000000700600000)
  object space 38144K, 47% used [0x00000006fb400000,0x00000006fc5d7648,0x00000006fd940000)
GC Heap History (10 events):
Event: 13.811 GC heap before
{Heap before GC invocations=14 (full 2):
 PSYoungGen      total 866560K, used 837184K [0x00000007aacb0000, 0x00000007f5e50000, 0x0000000800000000)
  eden space 837184K, 100% used [0x00000007aacb0000,0x00000007dde40000,0x00000007dde40000)
  from space 29376K, 0% used [0x00000007dde40000,0x00000007dde40000,0x00000007dfaf0000)
  to   space 30336K, 0% used [0x00000007f40b0000,0x00000007f40b0000,0x00000007f5e50000)
 ParOldGen       total 191424K, used 157776K [0x0000000700600000, 0x000000070c0f0000, 0x00000007aacb0000)
  object space 191424K, 82% used [0x0000000700600000,0x000000070a0140d0,0x000000070c0f0000)
 PSPermGen       total 41408K, used 18207K [0x00000006fb400000, 0x00000006fdc70000, 0x0000000700600000)
  object space 41408K, 43% used [0x00000006fb400000,0x00000006fc5c7ed8,0x00000006fdc70000)
Event: 13.812 GC heap after
Heap after GC invocations=14 (full 2):
 PSYoungGen      total 1118208K, used 384K [0x00000007aacb0000, 0x00000007f4110000, 0x0000000800000000)
  eden space 1117824K, 0% used [0x00000007aacb0000,0x00000007aacb0000,0x00000007ef050000)
  from space 384K, 100% used [0x00000007f40b0000,0x00000007f4110000,0x00000007f4110000)
  to   space 33856K, 0% used [0x00000007efef0000,0x00000007efef0000,0x00000007f2000000)
 ParOldGen       total 191424K, used 157776K [0x0000000700600000, 0x000000070c0f0000, 0x00000007aacb0000)
  object space 191424K, 82% used [0x0000000700600000,0x000000070a0140d0,0x000000070c0f0000)
 PSPermGen       total 41408K, used 18207K [0x00000006fb400000, 0x00000006fdc70000, 0x0000000700600000)
  object space 41408K, 43% used [0x00000006fb400000,0x00000006fc5c7ed8,0x00000006fdc70000)
}
Event: 16.310 GC heap before
{Heap before GC invocations=15 (full 3):
 PSYoungGen      total 1118208K, used 1118208K [0x00000007aacb0000, 0x00000007f4110000, 0x0000000800000000)
  eden space 1117824K, 100% used [0x00000007aacb0000,0x00000007ef050000,0x00000007ef050000)
  from space 384K, 100% used [0x00000007f40b0000,0x00000007f4110000,0x00000007f4110000)
  to   space 33856K, 0% used [0x00000007efef0000,0x00000007efef0000,0x00000007f2000000)
 ParOldGen       total 284224K, used 284213K [0x0000000700600000, 0x0000000711b90000, 0x00000007aacb0000)
  object space 284224K, 99% used [0x0000000700600000,0x0000000711b8d4b0,0x0000000711b90000)
 PSPermGen       total 41408K, used 18228K [0x00000006fb400000, 0x00000006fdc70000, 0x0000000700600000)
  object space 41408K, 44% used [0x00000006fb400000,0x00000006fc5cd258,0x00000006fdc70000)
Event: 16.355 GC heap after
Heap after GC invocations=15 (full 3):
 PSYoungGen      total 1118208K, used 0K [0x00000007aacb0000, 0x00000007f4110000, 0x0000000800000000)
  eden space 1117824K, 0% used [0x00000007aacb0000,0x00000007aacb0000,0x00000007ef050000)
  from space 384K, 0% used [0x00000007f40b0000,0x00000007f40b0000,0x00000007f4110000)
  to   space 33856K, 0% used [0x00000007efef0000,0x00000007efef0000,0x00000007f2000000)
 ParOldGen       total 220160K, used 40028K [0x0000000700600000, 0x000000070dd00000, 0x00000007aacb0000)
  object space 220160K, 18% used [0x0000000700600000,0x0000000702d173b8,0x000000070dd00000)
 PSPermGen       total 39744K, used 18228K [0x00000006fb400000, 0x00000006fdad0000, 0x0000000700600000)
  object space 39744K, 45% used [0x00000006fb400000,0x00000006fc5cd258,0x00000006fdad0000)
}
Event: 18.810 GC heap before
{Heap before GC invocations=16 (full 3):
 PSYoungGen      total 1118208K, used 1117817K [0x00000007aacb0000, 0x00000007f4110000, 0x0000000800000000)
  eden space 1117824K, 99% used [0x00000007aacb0000,0x00000007ef04e6d0,0x00000007ef050000)
  from space 384K, 0% used [0x00000007f40b0000,0x00000007f40b0000,0x00000007f4110000)
  to   space 33856K, 0% used [0x00000007efef0000,0x00000007efef0000,0x00000007f2000000)
 ParOldGen       total 220160K, used 147608K [0x0000000700600000, 0x000000070dd00000, 0x00000007aacb0000)
  object space 220160K, 67% used [0x0000000700600000,0x0000000709626048,0x000000070dd00000)
 PSPermGen       total 39744K, used 18251K [0x00000006fb400000, 0x00000006fdad0000, 0x0000000700600000)
  object space 39744K, 45% used [0x00000006fb400000,0x00000006fc5d2ca0,0x00000006fdad0000)
Event: 18.811 GC heap after
Heap after GC invocations=16 (full 3):
 PSYoungGen      total 1166656K, used 288K [0x00000007aacb0000, 0x0000000800000000, 0x0000000800000000)
  eden space 1132800K, 0% used [0x00000007aacb0000,0x00000007aacb0000,0x00000007efef0000)
  from space 33856K, 0% used [0x00000007efef0000,0x00000007eff38000,0x00000007f2000000)
  to   space 36352K, 0% used [0x00000007fdc80000,0x00000007fdc80000,0x0000000800000000)
 ParOldGen       total 220160K, used 147608K [0x0000000700600000, 0x000000070dd00000, 0x00000007aacb0000)
  object space 220160K, 67% used [0x0000000700600000,0x0000000709626048,0x000000070dd00000)
 PSPermGen       total 39744K, used 18251K [0x00000006fb400000, 0x00000006fdad0000, 0x0000000700600000)
  object space 39744K, 45% used [0x00000006fb400000,0x00000006fc5d2ca0,0x00000006fdad0000)
}
Event: 21.314 GC heap before
{Heap before GC invocations=17 (full 4):
 PSYoungGen      total 1166656K, used 1133088K [0x00000007aacb0000, 0x0000000800000000, 0x0000000800000000)
  eden space 1132800K, 100% used [0x00000007aacb0000,0x00000007efef0000,0x00000007efef0000)
  from space 33856K, 0% used [0x00000007efef0000,0x00000007eff38000,0x00000007f2000000)
  to   space 36352K, 0% used [0x00000007fdc80000,0x00000007fdc80000,0x0000000800000000)
 ParOldGen       total 262144K, used 262021K [0x0000000700600000, 0x0000000710600000, 0x00000007aacb0000)
  object space 262144K, 99% used [0x0000000700600000,0x00000007105e1638,0x0000000710600000)
 PSPermGen       total 39744K, used 18258K [0x00000006fb400000, 0x00000006fdad0000, 0x0000000700600000)
  object space 39744K, 45% used [0x00000006fb400000,0x00000006fc5d4b38,0x00000006fdad0000)
Event: 21.343 GC heap after
Heap after GC invocations=17 (full 4):
 PSYoungGen      total 1166656K, used 0K [0x00000007aacb0000, 0x0000000800000000, 0x0000000800000000)
  eden space 1132800K, 0% used [0x00000007aacb0000,0x00000007aacb0000,0x00000007efef0000)
  from space 33856K, 0% used [0x00000007efef0000,0x00000007efef0000,0x00000007f2000000)
  to   space 36352K, 0% used [0x00000007fdc80000,0x00000007fdc80000,0x0000000800000000)
 ParOldGen       total 258496K, used 34483K [0x0000000700600000, 0x0000000710270000, 0x00000007aacb0000)
  object space 258496K, 13% used [0x0000000700600000,0x00000007027acd50,0x0000000710270000)
 PSPermGen       total 38144K, used 18258K [0x00000006fb400000, 0x00000006fd940000, 0x0000000700600000)
  object space 38144K, 47% used [0x00000006fb400000,0x00000006fc5d4b38,0x00000006fd940000)
}
Event: 23.502 GC heap before
{Heap before GC invocations=18 (full 4):
 PSYoungGen      total 1166656K, used 1131832K [0x00000007aacb0000, 0x0000000800000000, 0x0000000800000000)
  eden space 1132800K, 99% used [0x00000007aacb0000,0x00000007efdfe2b8,0x00000007efef0000)
  from space 33856K, 0% used [0x00000007efef0000,0x00000007efef0000,0x00000007f2000000)
  to   space 36352K, 0% used [0x00000007fdc80000,0x00000007fdc80000,0x0000000800000000)
 ParOldGen       total 258496K, used 34483K [0x0000000700600000, 0x0000000710270000, 0x00000007aacb0000)
  object space 258496K, 13% used [0x0000000700600000,0x00000007027acd50,0x0000000710270000)
 PSPermGen       total 38144K, used 18269K [0x00000006fb400000, 0x00000006fd940000, 0x0000000700600000)
  object space 38144K, 47% used [0x00000006fb400000,0x00000006fc5d7558,0x00000006fd940000)
Event: 23.512 GC heap after
Heap after GC invocations=18 (full 4):
 PSYoungGen      total 1350720K, used 36295K [0x00000007aacb0000, 0x0000000800000000, 0x0000000800000000)
  eden space 1314368K, 0% used [0x00000007aacb0000,0x00000007aacb0000,0x00000007fb040000)
  from space 36352K, 99% used [0x00000007fdc80000,0x00000007ffff1fc0,0x0000000800000000)
  to   space 40832K, 0% used [0x00000007fb040000,0x00000007fb040000,0x00000007fd820000)
 ParOldGen       total 258496K, used 37900K [0x0000000700600000, 0x0000000710270000, 0x00000007aacb0000)
  object space 258496K, 14% used [0x0000000700600000,0x0000000702b03220,0x0000000710270000)
 PSPermGen       total 38144K, used 18269K [0x00000006fb400000, 0x00000006fd940000, 0x0000000700600000)
  object space 38144K, 47% used [0x00000006fb400000,0x00000006fc5d7558,0x00000006fd940000)
}

