# JRE version: 7.0_07-b11
# Java VM: Java HotSpot(TM) 64-Bit Server VM (23.3-b01 mixed mode windows-amd64 compressed oops)
Heap
 PSYoungGen      total 303232K, used 279794K [0x00000007aacb0000, 0x00000007c5460000, 0x0000000800000000)
  eden space 232640K, 100% used [0x00000007aacb0000,0x00000007b8fe0000,0x00000007b8fe0000)
  from space 70592K, 66% used [0x00000007b8fe0000,0x00000007bbdeca08,0x00000007bd4d0000)
  to   space 74176K, 0% used [0x00000007c0bf0000,0x00000007c0bf0000,0x00000007c5460000)
 ParOldGen       total 393280K, used 392818K [0x0000000700600000, 0x0000000718610000, 0x00000007aacb0000)
  object space 393280K, 99% used [0x0000000700600000,0x000000071859c908,0x0000000718610000)
 PSPermGen       total 35968K, used 18168K [0x00000006fb400000, 0x00000006fd720000, 0x0000000700600000)
  object space 35968K, 50% used [0x00000006fb400000,0x00000006fc5be3d8,0x00000006fd720000)
GC Heap History (10 events):
Event: 12.395 GC heap before
{Heap before GC invocations=16 (full 5):
 PSYoungGen      total 225984K, used 208263K [0x00000007aacb0000, 0x00000007beb10000, 0x0000000800000000)
  eden space 169344K, 100% used [0x00000007aacb0000,0x00000007b5210000,0x00000007b5210000)
  from space 56640K, 68% used [0x00000007b5210000,0x00000007b7811dc8,0x00000007b8960000)
  to   space 59776K, 0% used [0x00000007bb0b0000,0x00000007bb0b0000,0x00000007beb10000)
 ParOldGen       total 441088K, used 440359K [0x0000000700600000, 0x000000071b4c0000, 0x00000007aacb0000)
  object space 441088K, 99% used [0x0000000700600000,0x000000071b409d30,0x000000071b4c0000)
 PSPermGen       total 37632K, used 18117K [0x00000006fb400000, 0x00000006fd8c0000, 0x0000000700600000)
  object space 37632K, 48% used [0x00000006fb400000,0x00000006fc5b1488,0x00000006fd8c0000)
Event: 12.429 GC heap after
Heap after GC invocations=16 (full 5):
 PSYoungGen      total 225984K, used 0K [0x00000007aacb0000, 0x00000007beb10000, 0x0000000800000000)
  eden space 169344K, 0% used [0x00000007aacb0000,0x00000007aacb0000,0x00000007b5210000)
  from space 56640K, 0% used [0x00000007b5210000,0x00000007b5210000,0x00000007b8960000)
  to   space 59776K, 0% used [0x00000007bb0b0000,0x00000007bb0b0000,0x00000007beb10000)
 ParOldGen       total 371584K, used 48438K [0x0000000700600000, 0x00000007170e0000, 0x00000007aacb0000)
  object space 371584K, 13% used [0x0000000700600000,0x000000070354d888,0x00000007170e0000)
 PSPermGen       total 35968K, used 18117K [0x00000006fb400000, 0x00000006fd720000, 0x0000000700600000)
  object space 35968K, 50% used [0x00000006fb400000,0x00000006fc5b1488,0x00000006fd720000)
}
Event: 12.793 GC heap before
{Heap before GC invocations=17 (full 5):
 PSYoungGen      total 225984K, used 166807K [0x00000007aacb0000, 0x00000007beb10000, 0x0000000800000000)
  eden space 169344K, 98% used [0x00000007aacb0000,0x00000007b4f95d70,0x00000007b5210000)
  from space 56640K, 0% used [0x00000007b5210000,0x00000007b5210000,0x00000007b8960000)
  to   space 59776K, 0% used [0x00000007bb0b0000,0x00000007bb0b0000,0x00000007beb10000)
 ParOldGen       total 371584K, used 51855K [0x0000000700600000, 0x00000007170e0000, 0x00000007aacb0000)
  object space 371584K, 13% used [0x0000000700600000,0x00000007038a3d58,0x00000007170e0000)
 PSPermGen       total 35968K, used 18124K [0x00000006fb400000, 0x00000006fd720000, 0x0000000700600000)
  object space 35968K, 50% used [0x00000006fb400000,0x00000006fc5b30b0,0x00000006fd720000)
Event: 12.806 GC heap after
Heap after GC invocations=17 (full 5):
 PSYoungGen      total 257664K, used 55887K [0x00000007aacb0000, 0x00000007bfc40000, 0x0000000800000000)
  eden space 197888K, 0% used [0x00000007aacb0000,0x00000007aacb0000,0x00000007b6df0000)
  from space 59776K, 93% used [0x00000007bb0b0000,0x00000007be743d58,0x00000007beb10000)
  to   space 68352K, 0% used [0x00000007b6df0000,0x00000007b6df0000,0x00000007bb0b0000)
 ParOldGen       total 371584K, used 51855K [0x0000000700600000, 0x00000007170e0000, 0x00000007aacb0000)
  object space 371584K, 13% used [0x0000000700600000,0x00000007038a3d58,0x00000007170e0000)
 PSPermGen       total 35968K, used 18124K [0x00000006fb400000, 0x00000006fd720000, 0x0000000700600000)
  object space 35968K, 50% used [0x00000006fb400000,0x00000006fc5b30b0,0x00000006fd720000)
}
Event: 13.594 GC heap before
{Heap before GC invocations=18 (full 5):
 PSYoungGen      total 257664K, used 253775K [0x00000007aacb0000, 0x00000007bfc40000, 0x0000000800000000)
  eden space 197888K, 100% used [0x00000007aacb0000,0x00000007b6df0000,0x00000007b6df0000)
  from space 59776K, 93% used [0x00000007bb0b0000,0x00000007be743d58,0x00000007beb10000)
  to   space 68352K, 0% used [0x00000007b6df0000,0x00000007b6df0000,0x00000007bb0b0000)
 ParOldGen       total 371584K, used 228412K [0x0000000700600000, 0x00000007170e0000, 0x00000007aacb0000)
  object space 371584K, 61% used [0x0000000700600000,0x000000070e50f310,0x00000007170e0000)
 PSPermGen       total 35968K, used 18127K [0x00000006fb400000, 0x00000006fd720000, 0x0000000700600000)
  object space 35968K, 50% used [0x00000006fb400000,0x00000006fc5b3d00,0x00000006fd720000)
Event: 13.595 GC heap after
Heap after GC invocations=18 (full 5):
 PSYoungGen      total 266240K, used 654K [0x00000007aacb0000, 0x00000007c17a0000, 0x0000000800000000)
  eden space 197888K, 0% used [0x00000007aacb0000,0x00000007aacb0000,0x00000007b6df0000)
  from space 68352K, 0% used [0x00000007b6df0000,0x00000007b6e939a8,0x00000007bb0b0000)
  to   space 68416K, 0% used [0x00000007bd4d0000,0x00000007bd4d0000,0x00000007c17a0000)
 ParOldGen       total 371584K, used 228412K [0x0000000700600000, 0x00000007170e0000, 0x00000007aacb0000)
  object space 371584K, 61% used [0x0000000700600000,0x000000070e50f310,0x00000007170e0000)
 PSPermGen       total 35968K, used 18127K [0x00000006fb400000, 0x00000006fd720000, 0x0000000700600000)
  object space 35968K, 50% used [0x00000006fb400000,0x00000006fc5b3d00,0x00000006fd720000)
}
Event: 14.005 GC heap before
{Heap before GC invocations=19 (full 5):
 PSYoungGen      total 266240K, used 192828K [0x00000007aacb0000, 0x00000007c17a0000, 0x0000000800000000)
  eden space 197888K, 97% used [0x00000007aacb0000,0x00000007b685b7f8,0x00000007b6df0000)
  from space 68352K, 0% used [0x00000007b6df0000,0x00000007b6e939a8,0x00000007bb0b0000)
  to   space 68416K, 0% used [0x00000007bd4d0000,0x00000007bd4d0000,0x00000007c17a0000)
 ParOldGen       total 371584K, used 228412K [0x0000000700600000, 0x00000007170e0000, 0x00000007aacb0000)
  object space 371584K, 61% used [0x0000000700600000,0x000000070e50f310,0x00000007170e0000)
 PSPermGen       total 35968K, used 18130K [0x00000006fb400000, 0x00000006fd720000, 0x0000000700600000)
  object space 35968K, 50% used [0x00000006fb400000,0x00000006fc5b4830,0x00000006fd720000)
Event: 14.011 GC heap after
Heap after GC invocations=19 (full 5):
 PSYoungGen      total 301056K, used 41409K [0x00000007aacb0000, 0x00000007c2000000, 0x0000000800000000)
  eden space 232640K, 0% used [0x00000007aacb0000,0x00000007aacb0000,0x00000007b8fe0000)
  from space 68416K, 60% used [0x00000007bd4d0000,0x00000007bfd40468,0x00000007c17a0000)
  to   space 70592K, 0% used [0x00000007b8fe0000,0x00000007b8fe0000,0x00000007bd4d0000)
 ParOldGen       total 371584K, used 228412K [0x0000000700600000, 0x00000007170e0000, 0x00000007aacb0000)
  object space 371584K, 61% used [0x0000000700600000,0x000000070e50f310,0x00000007170e0000)
 PSPermGen       total 35968K, used 18130K [0x00000006fb400000, 0x00000006fd720000, 0x0000000700600000)
  object space 35968K, 50% used [0x00000006fb400000,0x00000006fc5b4830,0x00000006fd720000)
}
Event: 14.492 GC heap before
{Heap before GC invocations=20 (full 5):
 PSYoungGen      total 301056K, used 274049K [0x00000007aacb0000, 0x00000007c2000000, 0x0000000800000000)
  eden space 232640K, 100% used [0x00000007aacb0000,0x00000007b8fe0000,0x00000007b8fe0000)
  from space 68416K, 60% used [0x00000007bd4d0000,0x00000007bfd40468,0x00000007c17a0000)
  to   space 70592K, 0% used [0x00000007b8fe0000,0x00000007b8fe0000,0x00000007bd4d0000)
 ParOldGen       total 371584K, used 231829K [0x0000000700600000, 0x00000007170e0000, 0x00000007aacb0000)
  object space 371584K, 62% used [0x0000000700600000,0x000000070e8657e0,0x00000007170e0000)
 PSPermGen       total 35968K, used 18134K [0x00000006fb400000, 0x00000006fd720000, 0x0000000700600000)
  object space 35968K, 50% used [0x00000006fb400000,0x00000006fc5b5b48,0x00000006fd720000)
Event: 14.500 GC heap after
Heap after GC invocations=20 (full 5):
 PSYoungGen      total 303232K, used 47154K [0x00000007aacb0000, 0x00000007c5460000, 0x0000000800000000)
  eden space 232640K, 0% used [0x00000007aacb0000,0x00000007aacb0000,0x00000007b8fe0000)
  from space 70592K, 66% used [0x00000007b8fe0000,0x00000007bbdeca08,0x00000007bd4d0000)
  to   space 74176K, 0% used [0x00000007c0bf0000,0x00000007c0bf0000,0x00000007c5460000)
 ParOldGen       total 371584K, used 231829K [0x0000000700600000, 0x00000007170e0000, 0x00000007aacb0000)
  object space 371584K, 62% used [0x0000000700600000,0x000000070e8657e0,0x00000007170e0000)
 PSPermGen       total 35968K, used 18134K [0x00000006fb400000, 0x00000006fd720000, 0x0000000700600000)
  object space 35968K, 50% used [0x00000006fb400000,0x00000006fc5b5b48,0x00000006fd720000)
}

