# JRE version: 7.0_07-b11
# Java VM: Java HotSpot(TM) 64-Bit Server VM (23.3-b01 mixed mode windows-amd64 compressed oops)
Heap
 PSYoungGen      total 999680K, used 301813K [0x00000007aacb0000, 0x00000007f2d30000, 0x0000000800000000)
  eden space 924672K, 30% used [0x00000007aacb0000,0x00000007bc0e6f60,0x00000007e33b0000)
  from space 75008K, 25% used [0x00000007e33b0000,0x00000007e4636740,0x00000007e7cf0000)
  to   space 73920K, 0% used [0x00000007ee500000,0x00000007ee500000,0x00000007f2d30000)
 ParOldGen       total 312320K, used 160648K [0x0000000700600000, 0x0000000713700000, 0x00000007aacb0000)
  object space 312320K, 51% used [0x0000000700600000,0x000000070a2e2300,0x0000000713700000)
 PSPermGen       total 36032K, used 18203K [0x00000006fb400000, 0x00000006fd730000, 0x0000000700600000)
  object space 36032K, 50% used [0x00000006fb400000,0x00000006fc5c6d40,0x00000006fd730000)
GC Heap History (10 events):
Event: 19.331 GC heap before
{Heap before GC invocations=20 (full 5):
 PSYoungGen      total 749440K, used 744731K [0x00000007aacb0000, 0x00000007e5780000, 0x0000000800000000)
  eden space 688000K, 99% used [0x00000007aacb0000,0x00000007d4c87228,0x00000007d4c90000)
  from space 61440K, 92% used [0x00000007d4c90000,0x00000007d83ffca0,0x00000007d8890000)
  to   space 68352K, 0% used [0x00000007e14c0000,0x00000007e14c0000,0x00000007e5780000)
 ParOldGen       total 300800K, used 300709K [0x0000000700600000, 0x0000000712bc0000, 0x00000007aacb0000)
  object space 300800K, 99% used [0x0000000700600000,0x0000000712ba95b0,0x0000000712bc0000)
 PSPermGen       total 37696K, used 18165K [0x00000006fb400000, 0x00000006fd8d0000, 0x0000000700600000)
  object space 37696K, 48% used [0x00000006fb400000,0x00000006fc5bd6b0,0x00000006fd8d0000)
Event: 19.361 GC heap after
Heap after GC invocations=20 (full 5):
 PSYoungGen      total 749440K, used 0K [0x00000007aacb0000, 0x00000007e5780000, 0x0000000800000000)
  eden space 688000K, 0% used [0x00000007aacb0000,0x00000007aacb0000,0x00000007d4c90000)
  from space 61440K, 0% used [0x00000007d4c90000,0x00000007d4c90000,0x00000007d8890000)
  to   space 68352K, 0% used [0x00000007e14c0000,0x00000007e14c0000,0x00000007e5780000)
 ParOldGen       total 312320K, used 40031K [0x0000000700600000, 0x0000000713700000, 0x00000007aacb0000)
  object space 312320K, 12% used [0x0000000700600000,0x0000000702d17d28,0x0000000713700000)
 PSPermGen       total 36032K, used 18165K [0x00000006fb400000, 0x00000006fd730000, 0x0000000700600000)
  object space 36032K, 50% used [0x00000006fb400000,0x00000006fc5bd6b0,0x00000006fd730000)
}
Event: 20.775 GC heap before
{Heap before GC invocations=21 (full 5):
 PSYoungGen      total 749440K, used 688000K [0x00000007aacb0000, 0x00000007e5780000, 0x0000000800000000)
  eden space 688000K, 100% used [0x00000007aacb0000,0x00000007d4c90000,0x00000007d4c90000)
  from space 61440K, 0% used [0x00000007d4c90000,0x00000007d4c90000,0x00000007d8890000)
  to   space 68352K, 0% used [0x00000007e14c0000,0x00000007e14c0000,0x00000007e5780000)
 ParOldGen       total 312320K, used 43450K [0x0000000700600000, 0x0000000713700000, 0x00000007aacb0000)
  object space 312320K, 13% used [0x0000000700600000,0x000000070306eb80,0x0000000713700000)
 PSPermGen       total 36032K, used 18176K [0x00000006fb400000, 0x00000006fd730000, 0x0000000700600000)
  object space 36032K, 50% used [0x00000006fb400000,0x00000006fc5c0108,0x00000006fd730000)
Event: 20.782 GC heap after
Heap after GC invocations=21 (full 5):
 PSYoungGen      total 889920K, used 24842K [0x00000007aacb0000, 0x00000007e53b0000, 0x0000000800000000)
  eden space 825472K, 0% used [0x00000007aacb0000,0x00000007aacb0000,0x00000007dd2d0000)
  from space 64448K, 38% used [0x00000007e14c0000,0x00000007e2d02ab0,0x00000007e53b0000)
  to   space 65984K, 0% used [0x00000007dd2d0000,0x00000007dd2d0000,0x00000007e1340000)
 ParOldGen       total 312320K, used 43450K [0x0000000700600000, 0x0000000713700000, 0x00000007aacb0000)
  object space 312320K, 13% used [0x0000000700600000,0x000000070306eb80,0x0000000713700000)
 PSPermGen       total 36032K, used 18176K [0x00000006fb400000, 0x00000006fd730000, 0x0000000700600000)
  object space 36032K, 50% used [0x00000006fb400000,0x00000006fc5c0108,0x00000006fd730000)
}
Event: 23.000 GC heap before
{Heap before GC invocations=22 (full 5):
 PSYoungGen      total 889920K, used 847338K [0x00000007aacb0000, 0x00000007e53b0000, 0x0000000800000000)
  eden space 825472K, 99% used [0x00000007aacb0000,0x00000007dcfe7ee0,0x00000007dd2d0000)
  from space 64448K, 38% used [0x00000007e14c0000,0x00000007e2d02ab0,0x00000007e53b0000)
  to   space 65984K, 0% used [0x00000007dd2d0000,0x00000007dd2d0000,0x00000007e1340000)
 ParOldGen       total 312320K, used 43450K [0x0000000700600000, 0x0000000713700000, 0x00000007aacb0000)
  object space 312320K, 13% used [0x0000000700600000,0x000000070306eb80,0x0000000713700000)
 PSPermGen       total 36032K, used 18189K [0x00000006fb400000, 0x00000006fd730000, 0x0000000700600000)
  object space 36032K, 50% used [0x00000006fb400000,0x00000006fc5c3588,0x00000006fd730000)
Event: 23.012 GC heap after
Heap after GC invocations=22 (full 5):
 PSYoungGen      total 891456K, used 47477K [0x00000007aacb0000, 0x00000007ebfd0000, 0x0000000800000000)
  eden space 825472K, 0% used [0x00000007aacb0000,0x00000007aacb0000,0x00000007dd2d0000)
  from space 65984K, 71% used [0x00000007dd2d0000,0x00000007e012d450,0x00000007e1340000)
  to   space 68480K, 0% used [0x00000007e7cf0000,0x00000007e7cf0000,0x00000007ebfd0000)
 ParOldGen       total 312320K, used 43450K [0x0000000700600000, 0x0000000713700000, 0x00000007aacb0000)
  object space 312320K, 13% used [0x0000000700600000,0x000000070306eb80,0x0000000713700000)
 PSPermGen       total 36032K, used 18189K [0x00000006fb400000, 0x00000006fd730000, 0x0000000700600000)
  object space 36032K, 50% used [0x00000006fb400000,0x00000006fc5c3588,0x00000006fd730000)
}
Event: 25.345 GC heap before
{Heap before GC invocations=23 (full 5):
 PSYoungGen      total 891456K, used 871346K [0x00000007aacb0000, 0x00000007ebfd0000, 0x0000000800000000)
  eden space 825472K, 99% used [0x00000007aacb0000,0x00000007dd13f5e0,0x00000007dd2d0000)
  from space 65984K, 71% used [0x00000007dd2d0000,0x00000007e012d450,0x00000007e1340000)
  to   space 68480K, 0% used [0x00000007e7cf0000,0x00000007e7cf0000,0x00000007ebfd0000)
 ParOldGen       total 312320K, used 45475K [0x0000000700600000, 0x0000000713700000, 0x00000007aacb0000)
  object space 312320K, 14% used [0x0000000700600000,0x0000000703268f90,0x0000000713700000)
 PSPermGen       total 36032K, used 18197K [0x00000006fb400000, 0x00000006fd730000, 0x0000000700600000)
  object space 36032K, 50% used [0x00000006fb400000,0x00000006fc5c5788,0x00000006fd730000)
Event: 25.362 GC heap after
Heap after GC invocations=23 (full 5):
 PSYoungGen      total 993152K, used 60197K [0x00000007aacb0000, 0x00000007eced0000, 0x0000000800000000)
  eden space 924672K, 0% used [0x00000007aacb0000,0x00000007aacb0000,0x00000007e33b0000)
  from space 68480K, 87% used [0x00000007e7cf0000,0x00000007eb7b9590,0x00000007ebfd0000)
  to   space 75008K, 0% used [0x00000007e33b0000,0x00000007e33b0000,0x00000007e7cf0000)
 ParOldGen       total 312320K, used 45475K [0x0000000700600000, 0x0000000713700000, 0x00000007aacb0000)
  object space 312320K, 14% used [0x0000000700600000,0x0000000703268f90,0x0000000713700000)
 PSPermGen       total 36032K, used 18197K [0x00000006fb400000, 0x00000006fd730000, 0x0000000700600000)
  object space 36032K, 50% used [0x00000006fb400000,0x00000006fc5c5788,0x00000006fd730000)
}
Event: 27.539 GC heap before
{Heap before GC invocations=24 (full 5):
 PSYoungGen      total 993152K, used 984863K [0x00000007aacb0000, 0x00000007eced0000, 0x0000000800000000)
  eden space 924672K, 99% used [0x00000007aacb0000,0x00000007e33ae978,0x00000007e33b0000)
  from space 68480K, 87% used [0x00000007e7cf0000,0x00000007eb7b9590,0x00000007ebfd0000)
  to   space 75008K, 0% used [0x00000007e33b0000,0x00000007e33b0000,0x00000007e7cf0000)
 ParOldGen       total 312320K, used 160648K [0x0000000700600000, 0x0000000713700000, 0x00000007aacb0000)
  object space 312320K, 51% used [0x0000000700600000,0x000000070a2e2300,0x0000000713700000)
 PSPermGen       total 36032K, used 18203K [0x00000006fb400000, 0x00000006fd730000, 0x0000000700600000)
  object space 36032K, 50% used [0x00000006fb400000,0x00000006fc5c6c88,0x00000006fd730000)
Event: 27.545 GC heap after
Heap after GC invocations=24 (full 5):
 PSYoungGen      total 999680K, used 18969K [0x00000007aacb0000, 0x00000007f2d30000, 0x0000000800000000)
  eden space 924672K, 0% used [0x00000007aacb0000,0x00000007aacb0000,0x00000007e33b0000)
  from space 75008K, 25% used [0x00000007e33b0000,0x00000007e4636740,0x00000007e7cf0000)
  to   space 73920K, 0% used [0x00000007ee500000,0x00000007ee500000,0x00000007f2d30000)
 ParOldGen       total 312320K, used 160648K [0x0000000700600000, 0x0000000713700000, 0x00000007aacb0000)
  object space 312320K, 51% used [0x0000000700600000,0x000000070a2e2300,0x0000000713700000)
 PSPermGen       total 36032K, used 18203K [0x00000006fb400000, 0x00000006fd730000, 0x0000000700600000)
  object space 36032K, 50% used [0x00000006fb400000,0x00000006fc5c6c88,0x00000006fd730000)
}

