# JRE version: 7.0_07-b11
# Java VM: Java HotSpot(TM) 64-Bit Server VM (23.3-b01 mixed mode windows-amd64 compressed oops)
Heap
 PSYoungGen      total 442560K, used 442542K [0x00000007aacb0000, 0x00000007dd2c0000, 0x0000000800000000)
  eden space 431360K, 100% used [0x00000007aacb0000,0x00000007c51f0000,0x00000007c51f0000)
  from space 11200K, 99% used [0x00000007d92a0000,0x00000007d9d8bab0,0x00000007d9d90000)
  to   space 37632K, 0% used [0x00000007dae00000,0x00000007dae00000,0x00000007dd2c0000)
 ParOldGen       total 184064K, used 181281K [0x0000000700600000, 0x000000070b9c0000, 0x00000007aacb0000)
  object space 184064K, 98% used [0x0000000700600000,0x000000070b7085b8,0x000000070b9c0000)
 PSPermGen       total 21248K, used 18147K [0x00000006fb400000, 0x00000006fc8c0000, 0x0000000700600000)
  object space 21248K, 85% used [0x00000006fb400000,0x00000006fc5b8d70,0x00000006fc8c0000)
GC Heap History (10 events):
Event: 14.157 GC heap before
{Heap before GC invocations=9 (full 0):
 PSYoungGen      total 550784K, used 542580K [0x00000007aacb0000, 0x00000007ced50000, 0x0000000800000000)
  eden space 516288K, 99% used [0x00000007aacb0000,0x00000007ca27ddd8,0x00000007ca4e0000)
  from space 34496K, 83% used [0x00000007cc840000,0x00000007ce44f2a0,0x00000007ce9f0000)
  to   space 36224K, 0% used [0x00000007ca4e0000,0x00000007ca4e0000,0x00000007cc840000)
 ParOldGen       total 174528K, used 57488K [0x0000000700600000, 0x000000070b070000, 0x00000007aacb0000)
  object space 174528K, 32% used [0x0000000700600000,0x0000000703e24280,0x000000070b070000)
 PSPermGen       total 21248K, used 18017K [0x00000006fb400000, 0x00000006fc8c0000, 0x0000000700600000)
  object space 21248K, 84% used [0x00000006fb400000,0x00000006fc598520,0x00000006fc8c0000)
Event: 14.165 GC heap after
Heap after GC invocations=9 (full 0):
 PSYoungGen      total 552512K, used 28732K [0x00000007aacb0000, 0x00000007e1c70000, 0x0000000800000000)
  eden space 516288K, 0% used [0x00000007aacb0000,0x00000007aacb0000,0x00000007ca4e0000)
  from space 36224K, 79% used [0x00000007ca4e0000,0x00000007cc0ef2a0,0x00000007cc840000)
  to   space 37376K, 0% used [0x00000007df7f0000,0x00000007df7f0000,0x00000007e1c70000)
 ParOldGen       total 174528K, used 57496K [0x0000000700600000, 0x000000070b070000, 0x00000007aacb0000)
  object space 174528K, 32% used [0x0000000700600000,0x0000000703e26280,0x000000070b070000)
 PSPermGen       total 21248K, used 18017K [0x00000006fb400000, 0x00000006fc8c0000, 0x0000000700600000)
  object space 21248K, 84% used [0x00000006fb400000,0x00000006fc598520,0x00000006fc8c0000)
}
Event: 16.470 GC heap before
{Heap before GC invocations=10 (full 0):
 PSYoungGen      total 552512K, used 539720K [0x00000007aacb0000, 0x00000007e1c70000, 0x0000000800000000)
  eden space 516288K, 98% used [0x00000007aacb0000,0x00000007c9fb2ff8,0x00000007ca4e0000)
  from space 36224K, 79% used [0x00000007ca4e0000,0x00000007cc0ef2a0,0x00000007cc840000)
  to   space 37376K, 0% used [0x00000007df7f0000,0x00000007df7f0000,0x00000007e1c70000)
 ParOldGen       total 174528K, used 57496K [0x0000000700600000, 0x000000070b070000, 0x00000007aacb0000)
  object space 174528K, 32% used [0x0000000700600000,0x0000000703e26280,0x000000070b070000)
 PSPermGen       total 21248K, used 18021K [0x00000006fb400000, 0x00000006fc8c0000, 0x0000000700600000)
  object space 21248K, 84% used [0x00000006fb400000,0x00000006fc5995d8,0x00000006fc8c0000)
Event: 16.473 GC heap after
Heap after GC invocations=10 (full 0):
 PSYoungGen      total 504000K, used 10507K [0x00000007aacb0000, 0x00000007e0240000, 0x0000000800000000)
  eden space 493440K, 0% used [0x00000007aacb0000,0x00000007aacb0000,0x00000007c8e90000)
  from space 10560K, 99% used [0x00000007df7f0000,0x00000007e0232e70,0x00000007e0240000)
  to   space 38016K, 0% used [0x00000007db800000,0x00000007db800000,0x00000007ddd20000)
 ParOldGen       total 174528K, used 57512K [0x0000000700600000, 0x000000070b070000, 0x00000007aacb0000)
  object space 174528K, 32% used [0x0000000700600000,0x0000000703e2a280,0x000000070b070000)
 PSPermGen       total 21248K, used 18021K [0x00000006fb400000, 0x00000006fc8c0000, 0x0000000700600000)
  object space 21248K, 84% used [0x00000006fb400000,0x00000006fc5995d8,0x00000006fc8c0000)
}
Event: 18.671 GC heap before
{Heap before GC invocations=11 (full 0):
 PSYoungGen      total 504000K, used 503551K [0x00000007aacb0000, 0x00000007e0240000, 0x0000000800000000)
  eden space 493440K, 99% used [0x00000007aacb0000,0x00000007c8e2d018,0x00000007c8e90000)
  from space 10560K, 99% used [0x00000007df7f0000,0x00000007e0232e70,0x00000007e0240000)
  to   space 38016K, 0% used [0x00000007db800000,0x00000007db800000,0x00000007ddd20000)
 ParOldGen       total 174528K, used 57512K [0x0000000700600000, 0x000000070b070000, 0x00000007aacb0000)
  object space 174528K, 32% used [0x0000000700600000,0x0000000703e2a280,0x000000070b070000)
 PSPermGen       total 21248K, used 18079K [0x00000006fb400000, 0x00000006fc8c0000, 0x0000000700600000)
  object space 21248K, 85% used [0x00000006fb400000,0x00000006fc5a7d58,0x00000006fc8c0000)
Event: 18.675 GC heap after
Heap after GC invocations=11 (full 0):
 PSYoungGen      total 482304K, used 10603K [0x00000007aacb0000, 0x00000007df800000, 0x0000000800000000)
  eden space 471680K, 0% used [0x00000007aacb0000,0x00000007aacb0000,0x00000007c7950000)
  from space 10624K, 99% used [0x00000007db800000,0x00000007dc25ae70,0x00000007dc260000)
  to   space 38208K, 0% used [0x00000007dd2b0000,0x00000007dd2b0000,0x00000007df800000)
 ParOldGen       total 174528K, used 57536K [0x0000000700600000, 0x000000070b070000, 0x00000007aacb0000)
  object space 174528K, 32% used [0x0000000700600000,0x0000000703e30280,0x000000070b070000)
 PSPermGen       total 21248K, used 18079K [0x00000006fb400000, 0x00000006fc8c0000, 0x0000000700600000)
  object space 21248K, 85% used [0x00000006fb400000,0x00000006fc5a7d58,0x00000006fc8c0000)
}
Event: 20.785 GC heap before
{Heap before GC invocations=12 (full 0):
 PSYoungGen      total 482304K, used 478531K [0x00000007aacb0000, 0x00000007df800000, 0x0000000800000000)
  eden space 471680K, 99% used [0x00000007aacb0000,0x00000007c75a5da8,0x00000007c7950000)
  from space 10624K, 99% used [0x00000007db800000,0x00000007dc25ae70,0x00000007dc260000)
  to   space 38208K, 0% used [0x00000007dd2b0000,0x00000007dd2b0000,0x00000007df800000)
 ParOldGen       total 174528K, used 57536K [0x0000000700600000, 0x000000070b070000, 0x00000007aacb0000)
  object space 174528K, 32% used [0x0000000700600000,0x0000000703e30280,0x000000070b070000)
 PSPermGen       total 21248K, used 18090K [0x00000006fb400000, 0x00000006fc8c0000, 0x0000000700600000)
  object space 21248K, 85% used [0x00000006fb400000,0x00000006fc5aa878,0x00000006fc8c0000)
Event: 20.789 GC heap after
Heap after GC invocations=12 (full 0):
 PSYoungGen      total 461696K, used 10635K [0x00000007aacb0000, 0x00000007ddd20000, 0x0000000800000000)
  eden space 451008K, 0% used [0x00000007aacb0000,0x00000007aacb0000,0x00000007c6520000)
  from space 10688K, 99% used [0x00000007dd2b0000,0x00000007ddd12e70,0x00000007ddd20000)
  to   space 38144K, 0% used [0x00000007d92a0000,0x00000007d92a0000,0x00000007db7e0000)
 ParOldGen       total 174528K, used 57688K [0x0000000700600000, 0x000000070b070000, 0x00000007aacb0000)
  object space 174528K, 33% used [0x0000000700600000,0x0000000703e562d0,0x000000070b070000)
 PSPermGen       total 21248K, used 18090K [0x00000006fb400000, 0x00000006fc8c0000, 0x0000000700600000)
  object space 21248K, 85% used [0x00000006fb400000,0x00000006fc5aa878,0x00000006fc8c0000)
}
Event: 22.167 GC heap before
{Heap before GC invocations=13 (full 0):
 PSYoungGen      total 461696K, used 461419K [0x00000007aacb0000, 0x00000007ddd20000, 0x0000000800000000)
  eden space 451008K, 99% used [0x00000007aacb0000,0x00000007c64e7d98,0x00000007c6520000)
  from space 10688K, 99% used [0x00000007dd2b0000,0x00000007ddd12e70,0x00000007ddd20000)
  to   space 38144K, 0% used [0x00000007d92a0000,0x00000007d92a0000,0x00000007db7e0000)
 ParOldGen       total 174528K, used 63763K [0x0000000700600000, 0x000000070b070000, 0x00000007aacb0000)
  object space 174528K, 36% used [0x0000000700600000,0x0000000704444ee0,0x000000070b070000)
 PSPermGen       total 21248K, used 18102K [0x00000006fb400000, 0x00000006fc8c0000, 0x0000000700600000)
  object space 21248K, 85% used [0x00000006fb400000,0x00000006fc5ad930,0x00000006fc8c0000)
Event: 22.172 GC heap after
Heap after GC invocations=13 (full 0):
 PSYoungGen      total 442560K, used 11182K [0x00000007aacb0000, 0x00000007dd2c0000, 0x0000000800000000)
  eden space 431360K, 0% used [0x00000007aacb0000,0x00000007aacb0000,0x00000007c51f0000)
  from space 11200K, 99% used [0x00000007d92a0000,0x00000007d9d8bab0,0x00000007d9d90000)
  to   space 37632K, 0% used [0x00000007dae00000,0x00000007dae00000,0x00000007dd2c0000)
 ParOldGen       total 174528K, used 63955K [0x0000000700600000, 0x000000070b070000, 0x00000007aacb0000)
  object space 174528K, 36% used [0x0000000700600000,0x0000000704474f50,0x000000070b070000)
 PSPermGen       total 21248K, used 18102K [0x00000006fb400000, 0x00000006fc8c0000, 0x0000000700600000)
  object space 21248K, 85% used [0x00000006fb400000,0x00000006fc5ad930,0x00000006fc8c0000)
}

