# JRE version: 7.0_07-b11
# Java VM: Java HotSpot(TM) 64-Bit Server VM (23.3-b01 mixed mode windows-amd64 compressed oops)
Heap
 PSYoungGen      total 596864K, used 594395K [0x00000007aacb0000, 0x00000007d4ea0000, 0x0000000800000000)
  eden space 578368K, 99% used [0x00000007aacb0000,0x00000007cdf1abc8,0x00000007ce180000)
  from space 18496K, 99% used [0x00000007cf500000,0x00000007d070c430,0x00000007d0710000)
  to   space 55872K, 0% used [0x00000007d1810000,0x00000007d1810000,0x00000007d4ea0000)
 ParOldGen       total 386240K, used 315142K [0x0000000700600000, 0x0000000717f30000, 0x00000007aacb0000)
  object space 386240K, 81% used [0x0000000700600000,0x00000007139c1ae0,0x0000000717f30000)
 PSPermGen       total 31104K, used 18209K [0x00000006fb400000, 0x00000006fd260000, 0x0000000700600000)
  object space 31104K, 58% used [0x00000006fb400000,0x00000006fc5c8770,0x00000006fd260000)
GC Heap History (10 events):
Event: 34.965 GC heap before
{Heap before GC invocations=21 (full 7):
 PSYoungGen      total 682432K, used 680276K [0x00000007aacb0000, 0x00000007d8d30000, 0x0000000800000000)
  eden space 637632K, 99% used [0x00000007aacb0000,0x00000007d1a77ee0,0x00000007d1b60000)
  from space 44800K, 97% used [0x00000007d4d80000,0x00000007d780d200,0x00000007d7940000)
  to   space 51328K, 0% used [0x00000007d1b60000,0x00000007d1b60000,0x00000007d4d80000)
 ParOldGen       total 341312K, used 330696K [0x0000000700600000, 0x0000000715350000, 0x00000007aacb0000)
  object space 341312K, 96% used [0x0000000700600000,0x00000007148f2208,0x0000000715350000)
 PSPermGen       total 33984K, used 18184K [0x00000006fb400000, 0x00000006fd530000, 0x0000000700600000)
  object space 33984K, 53% used [0x00000006fb400000,0x00000006fc5c2228,0x00000006fd530000)
Event: 34.996 GC heap after
Heap after GC invocations=21 (full 7):
 PSYoungGen      total 682432K, used 0K [0x00000007aacb0000, 0x00000007d8d30000, 0x0000000800000000)
  eden space 637632K, 0% used [0x00000007aacb0000,0x00000007aacb0000,0x00000007d1b60000)
  from space 44800K, 0% used [0x00000007d4d80000,0x00000007d4d80000,0x00000007d7940000)
  to   space 51328K, 0% used [0x00000007d1b60000,0x00000007d1b60000,0x00000007d4d80000)
 ParOldGen       total 402304K, used 23542K [0x0000000700600000, 0x0000000718ee0000, 0x00000007aacb0000)
  object space 402304K, 5% used [0x0000000700600000,0x0000000701cfd830,0x0000000718ee0000)
 PSPermGen       total 32256K, used 18184K [0x00000006fb400000, 0x00000006fd380000, 0x0000000700600000)
  object space 32256K, 56% used [0x00000006fb400000,0x00000006fc5c2208,0x00000006fd380000)
}
Event: 38.331 GC heap before
{Heap before GC invocations=22 (full 7):
 PSYoungGen      total 682432K, used 636560K [0x00000007aacb0000, 0x00000007d8d30000, 0x0000000800000000)
  eden space 637632K, 99% used [0x00000007aacb0000,0x00000007d1a54230,0x00000007d1b60000)
  from space 44800K, 0% used [0x00000007d4d80000,0x00000007d4d80000,0x00000007d7940000)
  to   space 51328K, 0% used [0x00000007d1b60000,0x00000007d1b60000,0x00000007d4d80000)
 ParOldGen       total 402304K, used 327293K [0x0000000700600000, 0x0000000718ee0000, 0x00000007aacb0000)
  object space 402304K, 81% used [0x0000000700600000,0x000000071459f430,0x0000000718ee0000)
 PSPermGen       total 32256K, used 18185K [0x00000006fb400000, 0x00000006fd380000, 0x0000000700600000)
  object space 32256K, 56% used [0x00000006fb400000,0x00000006fc5c2488,0x00000006fd380000)
Event: 38.334 GC heap after
Heap after GC invocations=22 (full 7):
 PSYoungGen      total 617344K, used 256K [0x00000007aacb0000, 0x00000007d6cd0000, 0x0000000800000000)
  eden space 617088K, 0% used [0x00000007aacb0000,0x00000007aacb0000,0x00000007d0750000)
  from space 256K, 100% used [0x00000007d1b60000,0x00000007d1ba0000,0x00000007d1ba0000)
  to   space 51968K, 0% used [0x00000007d3a10000,0x00000007d3a10000,0x00000007d6cd0000)
 ParOldGen       total 402304K, used 327293K [0x0000000700600000, 0x0000000718ee0000, 0x00000007aacb0000)
  object space 402304K, 81% used [0x0000000700600000,0x000000071459f430,0x0000000718ee0000)
 PSPermGen       total 32256K, used 18185K [0x00000006fb400000, 0x00000006fd380000, 0x0000000700600000)
  object space 32256K, 56% used [0x00000006fb400000,0x00000006fc5c2488,0x00000006fd380000)
}
Event: 41.544 GC heap before
{Heap before GC invocations=23 (full 8):
 PSYoungGen      total 617344K, used 614396K [0x00000007aacb0000, 0x00000007d6cd0000, 0x0000000800000000)
  eden space 617088K, 99% used [0x00000007aacb0000,0x00000007d046f380,0x00000007d0750000)
  from space 256K, 100% used [0x00000007d1b60000,0x00000007d1ba0000,0x00000007d1ba0000)
  to   space 51968K, 0% used [0x00000007d3a10000,0x00000007d3a10000,0x00000007d6cd0000)
 ParOldGen       total 627712K, used 624969K [0x0000000700600000, 0x0000000726b00000, 0x00000007aacb0000)
  object space 627712K, 99% used [0x0000000700600000,0x0000000726852420,0x0000000726b00000)
 PSPermGen       total 32256K, used 18194K [0x00000006fb400000, 0x00000006fd380000, 0x0000000700600000)
  object space 32256K, 56% used [0x00000006fb400000,0x00000006fc5c4928,0x00000006fd380000)
Event: 41.586 GC heap after
Heap after GC invocations=23 (full 8):
 PSYoungGen      total 617344K, used 0K [0x00000007aacb0000, 0x00000007d6cd0000, 0x0000000800000000)
  eden space 617088K, 0% used [0x00000007aacb0000,0x00000007aacb0000,0x00000007d0750000)
  from space 256K, 0% used [0x00000007d1b60000,0x00000007d1b60000,0x00000007d1ba0000)
  to   space 51968K, 0% used [0x00000007d3a10000,0x00000007d3a10000,0x00000007d6cd0000)
 ParOldGen       total 386240K, used 14049K [0x0000000700600000, 0x0000000717f30000, 0x00000007aacb0000)
  object space 386240K, 3% used [0x0000000700600000,0x00000007013b8620,0x0000000717f30000)
 PSPermGen       total 31104K, used 18194K [0x00000006fb400000, 0x00000006fd260000, 0x0000000700600000)
  object space 31104K, 58% used [0x00000006fb400000,0x00000006fc5c4928,0x00000006fd260000)
}
Event: 43.765 GC heap before
{Heap before GC invocations=24 (full 8):
 PSYoungGen      total 617344K, used 613960K [0x00000007aacb0000, 0x00000007d6cd0000, 0x0000000800000000)
  eden space 617088K, 99% used [0x00000007aacb0000,0x00000007d04420c8,0x00000007d0750000)
  from space 256K, 0% used [0x00000007d1b60000,0x00000007d1b60000,0x00000007d1ba0000)
  to   space 51968K, 0% used [0x00000007d3a10000,0x00000007d3a10000,0x00000007d6cd0000)
 ParOldGen       total 386240K, used 17466K [0x0000000700600000, 0x0000000717f30000, 0x00000007aacb0000)
  object space 386240K, 4% used [0x0000000700600000,0x000000070170eaf0,0x0000000717f30000)
 PSPermGen       total 31104K, used 18196K [0x00000006fb400000, 0x00000006fd260000, 0x0000000700600000)
  object space 31104K, 58% used [0x00000006fb400000,0x00000006fc5c51a8,0x00000006fd260000)
Event: 43.772 GC heap after
Heap after GC invocations=24 (full 8):
 PSYoungGen      total 644352K, used 46989K [0x00000007aacb0000, 0x00000007d6800000, 0x0000000800000000)
  eden space 597312K, 0% used [0x00000007aacb0000,0x00000007aacb0000,0x00000007cf400000)
  from space 47040K, 99% used [0x00000007d3a10000,0x00000007d67f36d0,0x00000007d6800000)
  to   space 58880K, 0% used [0x00000007cf500000,0x00000007cf500000,0x00000007d2e80000)
 ParOldGen       total 386240K, used 17466K [0x0000000700600000, 0x0000000717f30000, 0x00000007aacb0000)
  object space 386240K, 4% used [0x0000000700600000,0x000000070170eaf0,0x0000000717f30000)
 PSPermGen       total 31104K, used 18196K [0x00000006fb400000, 0x00000006fd260000, 0x0000000700600000)
  object space 31104K, 58% used [0x00000006fb400000,0x00000006fc5c51a8,0x00000006fd260000)
}
Event: 46.912 GC heap before
{Heap before GC invocations=25 (full 8):
 PSYoungGen      total 644352K, used 642124K [0x00000007aacb0000, 0x00000007d6800000, 0x0000000800000000)
  eden space 597312K, 99% used [0x00000007aacb0000,0x00000007cf1dfa88,0x00000007cf400000)
  from space 47040K, 99% used [0x00000007d3a10000,0x00000007d67f36d0,0x00000007d6800000)
  to   space 58880K, 0% used [0x00000007cf500000,0x00000007cf500000,0x00000007d2e80000)
 ParOldGen       total 386240K, used 315142K [0x0000000700600000, 0x0000000717f30000, 0x00000007aacb0000)
  object space 386240K, 81% used [0x0000000700600000,0x00000007139c1ae0,0x0000000717f30000)
 PSPermGen       total 31104K, used 18202K [0x00000006fb400000, 0x00000006fd260000, 0x0000000700600000)
  object space 31104K, 58% used [0x00000006fb400000,0x00000006fc5c68e8,0x00000006fd260000)
Event: 46.917 GC heap after
Heap after GC invocations=25 (full 8):
 PSYoungGen      total 596864K, used 18481K [0x00000007aacb0000, 0x00000007d4ea0000, 0x0000000800000000)
  eden space 578368K, 0% used [0x00000007aacb0000,0x00000007aacb0000,0x00000007ce180000)
  from space 18496K, 99% used [0x00000007cf500000,0x00000007d070c430,0x00000007d0710000)
  to   space 55872K, 0% used [0x00000007d1810000,0x00000007d1810000,0x00000007d4ea0000)
 ParOldGen       total 386240K, used 315142K [0x0000000700600000, 0x0000000717f30000, 0x00000007aacb0000)
  object space 386240K, 81% used [0x0000000700600000,0x00000007139c1ae0,0x0000000717f30000)
 PSPermGen       total 31104K, used 18202K [0x00000006fb400000, 0x00000006fd260000, 0x0000000700600000)
  object space 31104K, 58% used [0x00000006fb400000,0x00000006fc5c68e8,0x00000006fd260000)
}

