# JRE version: 7.0_07-b11
# Java VM: Java HotSpot(TM) 64-Bit Server VM (23.3-b01 mixed mode windows-amd64 compressed oops)
Heap
 PSYoungGen      total 181568K, used 20918K [0x00000007aacb0000, 0x00000007b97b0000, 0x0000000800000000)
  eden space 140864K, 14% used [0x00000007aacb0000,0x00000007ac0e5818,0x00000007b3640000)
  from space 40704K, 0% used [0x00000007b3640000,0x00000007b3678000,0x00000007b5e00000)
  to   space 40832K, 0% used [0x00000007b6fd0000,0x00000007b6fd0000,0x00000007b97b0000)
 ParOldGen       total 568064K, used 320356K [0x0000000700600000, 0x00000007230c0000, 0x00000007aacb0000)
  object space 568064K, 56% used [0x0000000700600000,0x0000000713ed91e8,0x00000007230c0000)
 PSPermGen       total 32640K, used 18136K [0x00000006fb400000, 0x00000006fd3e0000, 0x0000000700600000)
  object space 32640K, 55% used [0x00000006fb400000,0x00000006fc5b60a8,0x00000006fd3e0000)
GC Heap History (10 events):
Event: 15.198 GC heap before
{Heap before GC invocations=12 (full 5):
 PSYoungGen      total 153216K, used 140624K [0x00000007aacb0000, 0x00000007b9430000, 0x0000000800000000)
  eden space 113664K, 98% used [0x00000007aacb0000,0x00000007b19fce50,0x00000007b1bb0000)
  from space 39552K, 72% used [0x00000007b45b0000,0x00000007b61b72a0,0x00000007b6c50000)
  to   space 43008K, 0% used [0x00000007b1bb0000,0x00000007b1bb0000,0x00000007b45b0000)
 ParOldGen       total 384320K, used 326423K [0x0000000700600000, 0x0000000717d50000, 0x00000007aacb0000)
  object space 384320K, 84% used [0x0000000700600000,0x00000007144c5c20,0x0000000717d50000)
 PSPermGen       total 35904K, used 18074K [0x00000006fb400000, 0x00000006fd710000, 0x0000000700600000)
  object space 35904K, 50% used [0x00000006fb400000,0x00000006fc5a69d0,0x00000006fd710000)
Event: 15.203 GC heap after
Heap after GC invocations=12 (full 5):
 PSYoungGen      total 156672K, used 18449K [0x00000007aacb0000, 0x00000007b86d0000, 0x0000000800000000)
  eden space 113664K, 0% used [0x00000007aacb0000,0x00000007aacb0000,0x00000007b1bb0000)
  from space 43008K, 42% used [0x00000007b1bb0000,0x00000007b2db4430,0x00000007b45b0000)
  to   space 39808K, 0% used [0x00000007b5ff0000,0x00000007b5ff0000,0x00000007b86d0000)
 ParOldGen       total 384320K, used 326423K [0x0000000700600000, 0x0000000717d50000, 0x00000007aacb0000)
  object space 384320K, 84% used [0x0000000700600000,0x00000007144c5c20,0x0000000717d50000)
 PSPermGen       total 35904K, used 18074K [0x00000006fb400000, 0x00000006fd710000, 0x0000000700600000)
  object space 35904K, 50% used [0x00000006fb400000,0x00000006fc5a69d0,0x00000006fd710000)
}
Event: 16.664 GC heap before
{Heap before GC invocations=13 (full 6):
 PSYoungGen      total 156672K, used 130270K [0x00000007aacb0000, 0x00000007b86d0000, 0x0000000800000000)
  eden space 113664K, 98% used [0x00000007aacb0000,0x00000007b19e3410,0x00000007b1bb0000)
  from space 43008K, 42% used [0x00000007b1bb0000,0x00000007b2db4430,0x00000007b45b0000)
  to   space 39808K, 0% used [0x00000007b5ff0000,0x00000007b5ff0000,0x00000007b86d0000)
 ParOldGen       total 634880K, used 632831K [0x0000000700600000, 0x0000000727200000, 0x00000007aacb0000)
  object space 634880K, 99% used [0x0000000700600000,0x0000000726ffff60,0x0000000727200000)
 PSPermGen       total 35904K, used 18080K [0x00000006fb400000, 0x00000006fd710000, 0x0000000700600000)
  object space 35904K, 50% used [0x00000006fb400000,0x00000006fc5a82c8,0x00000006fd710000)
Event: 16.702 GC heap after
Heap after GC invocations=13 (full 6):
 PSYoungGen      total 156672K, used 0K [0x00000007aacb0000, 0x00000007b86d0000, 0x0000000800000000)
  eden space 113664K, 0% used [0x00000007aacb0000,0x00000007aacb0000,0x00000007b1bb0000)
  from space 43008K, 0% used [0x00000007b1bb0000,0x00000007b1bb0000,0x00000007b45b0000)
  to   space 39808K, 0% used [0x00000007b5ff0000,0x00000007b5ff0000,0x00000007b86d0000)
 ParOldGen       total 477632K, used 20019K [0x0000000700600000, 0x000000071d870000, 0x00000007aacb0000)
  object space 477632K, 4% used [0x0000000700600000,0x000000070198cf30,0x000000071d870000)
 PSPermGen       total 34176K, used 18080K [0x00000006fb400000, 0x00000006fd560000, 0x0000000700600000)
  object space 34176K, 52% used [0x00000006fb400000,0x00000006fc5a82c8,0x00000006fd560000)
}
Event: 18.197 GC heap before
{Heap before GC invocations=14 (full 6):
 PSYoungGen      total 156672K, used 111758K [0x00000007aacb0000, 0x00000007b86d0000, 0x0000000800000000)
  eden space 113664K, 98% used [0x00000007aacb0000,0x00000007b19d3b20,0x00000007b1bb0000)
  from space 43008K, 0% used [0x00000007b1bb0000,0x00000007b1bb0000,0x00000007b45b0000)
  to   space 39808K, 0% used [0x00000007b5ff0000,0x00000007b5ff0000,0x00000007b86d0000)
 ParOldGen       total 477632K, used 326428K [0x0000000700600000, 0x000000071d870000, 0x00000007aacb0000)
  object space 477632K, 68% used [0x0000000700600000,0x00000007144c7270,0x000000071d870000)
 PSPermGen       total 34176K, used 18090K [0x00000006fb400000, 0x00000006fd560000, 0x0000000700600000)
  object space 34176K, 52% used [0x00000006fb400000,0x00000006fc5aaa78,0x00000006fd560000)
Event: 18.199 GC heap after
Heap after GC invocations=14 (full 6):
 PSYoungGen      total 179584K, used 192K [0x00000007aacb0000, 0x00000007b85c0000, 0x0000000800000000)
  eden space 140864K, 0% used [0x00000007aacb0000,0x00000007aacb0000,0x00000007b3640000)
  from space 38720K, 0% used [0x00000007b5ff0000,0x00000007b6020000,0x00000007b85c0000)
  to   space 40704K, 0% used [0x00000007b3640000,0x00000007b3640000,0x00000007b5e00000)
 ParOldGen       total 477632K, used 326428K [0x0000000700600000, 0x000000071d870000, 0x00000007aacb0000)
  object space 477632K, 68% used [0x0000000700600000,0x00000007144c7270,0x000000071d870000)
 PSPermGen       total 34176K, used 18090K [0x00000006fb400000, 0x00000006fd560000, 0x0000000700600000)
  object space 34176K, 52% used [0x00000006fb400000,0x00000006fc5aaa78,0x00000006fd560000)
}
Event: 19.764 GC heap before
{Heap before GC invocations=15 (full 7):
 PSYoungGen      total 179584K, used 140548K [0x00000007aacb0000, 0x00000007b85c0000, 0x0000000800000000)
  eden space 140864K, 99% used [0x00000007aacb0000,0x00000007b35c10d0,0x00000007b3640000)
  from space 38720K, 0% used [0x00000007b5ff0000,0x00000007b6020000,0x00000007b85c0000)
  to   space 40704K, 0% used [0x00000007b3640000,0x00000007b3640000,0x00000007b5e00000)
 ParOldGen       total 636288K, used 632837K [0x0000000700600000, 0x0000000727360000, 0x00000007aacb0000)
  object space 636288K, 99% used [0x0000000700600000,0x00000007270015b0,0x0000000727360000)
 PSPermGen       total 34176K, used 18099K [0x00000006fb400000, 0x00000006fd560000, 0x0000000700600000)
  object space 34176K, 52% used [0x00000006fb400000,0x00000006fc5acf18,0x00000006fd560000)
Event: 19.794 GC heap after
Heap after GC invocations=15 (full 7):
 PSYoungGen      total 179584K, used 0K [0x00000007aacb0000, 0x00000007b85c0000, 0x0000000800000000)
  eden space 140864K, 0% used [0x00000007aacb0000,0x00000007aacb0000,0x00000007b3640000)
  from space 38720K, 0% used [0x00000007b5ff0000,0x00000007b5ff0000,0x00000007b85c0000)
  to   space 40704K, 0% used [0x00000007b3640000,0x00000007b3640000,0x00000007b5e00000)
 ParOldGen       total 568064K, used 20022K [0x0000000700600000, 0x00000007230c0000, 0x00000007aacb0000)
  object space 568064K, 3% used [0x0000000700600000,0x000000070198dab8,0x00000007230c0000)
 PSPermGen       total 32640K, used 18099K [0x00000006fb400000, 0x00000006fd3e0000, 0x0000000700600000)
  object space 32640K, 55% used [0x00000006fb400000,0x00000006fc5acf18,0x00000006fd3e0000)
}
Event: 21.351 GC heap before
{Heap before GC invocations=16 (full 7):
 PSYoungGen      total 179584K, used 140014K [0x00000007aacb0000, 0x00000007b85c0000, 0x0000000800000000)
  eden space 140864K, 99% used [0x00000007aacb0000,0x00000007b356ba58,0x00000007b3640000)
  from space 38720K, 0% used [0x00000007b5ff0000,0x00000007b5ff0000,0x00000007b85c0000)
  to   space 40704K, 0% used [0x00000007b3640000,0x00000007b3640000,0x00000007b5e00000)
 ParOldGen       total 568064K, used 320356K [0x0000000700600000, 0x00000007230c0000, 0x00000007aacb0000)
  object space 568064K, 56% used [0x0000000700600000,0x0000000713ed91e8,0x00000007230c0000)
 PSPermGen       total 32640K, used 18109K [0x00000006fb400000, 0x00000006fd3e0000, 0x0000000700600000)
  object space 32640K, 55% used [0x00000006fb400000,0x00000006fc5af4f0,0x00000006fd3e0000)
Event: 21.353 GC heap after
Heap after GC invocations=16 (full 7):
 PSYoungGen      total 181568K, used 224K [0x00000007aacb0000, 0x00000007b97b0000, 0x0000000800000000)
  eden space 140864K, 0% used [0x00000007aacb0000,0x00000007aacb0000,0x00000007b3640000)
  from space 40704K, 0% used [0x00000007b3640000,0x00000007b3678000,0x00000007b5e00000)
  to   space 40832K, 0% used [0x00000007b6fd0000,0x00000007b6fd0000,0x00000007b97b0000)
 ParOldGen       total 568064K, used 320356K [0x0000000700600000, 0x00000007230c0000, 0x00000007aacb0000)
  object space 568064K, 56% used [0x0000000700600000,0x0000000713ed91e8,0x00000007230c0000)
 PSPermGen       total 32640K, used 18109K [0x00000006fb400000, 0x00000006fd3e0000, 0x0000000700600000)
  object space 32640K, 55% used [0x00000006fb400000,0x00000006fc5af4f0,0x00000006fd3e0000)
}

