# JRE version: 7.0_07-b11
# Java VM: Java HotSpot(TM) 64-Bit Server VM (23.3-b01 mixed mode windows-amd64 compressed oops)
Heap
 PSYoungGen      total 802304K, used 619211K [0x00000007aacb0000, 0x00000007e3ff0000, 0x0000000800000000)
  eden space 749888K, 78% used [0x00000007aacb0000,0x00000007cec52a80,0x00000007d8900000)
  from space 52416K, 56% used [0x00000007d8900000,0x00000007da610288,0x00000007dbc30000)
  to   space 53632K, 0% used [0x00000007e0b90000,0x00000007e0b90000,0x00000007e3ff0000)
 ParOldGen       total 341760K, used 246976K [0x0000000700600000, 0x00000007153c0000, 0x00000007aacb0000)
  object space 341760K, 72% used [0x0000000700600000,0x000000070f730150,0x00000007153c0000)
 PSPermGen       total 37696K, used 18091K [0x00000006fb400000, 0x00000006fd8d0000, 0x0000000700600000)
  object space 37696K, 47% used [0x00000006fb400000,0x00000006fc5aadb0,0x00000006fd8d0000)
GC Heap History (10 events):
Event: 17.740 GC heap before
{Heap before GC invocations=17 (full 4):
 PSYoungGen      total 614720K, used 579136K [0x00000007aacb0000, 0x00000007d3b40000, 0x0000000800000000)
  eden space 579136K, 100% used [0x00000007aacb0000,0x00000007ce240000,0x00000007ce240000)
  from space 35584K, 0% used [0x00000007d1880000,0x00000007d1880000,0x00000007d3b40000)
  to   space 45568K, 0% used [0x00000007ce240000,0x00000007ce240000,0x00000007d0ec0000)
 ParOldGen       total 341760K, used 122605K [0x0000000700600000, 0x00000007153c0000, 0x00000007aacb0000)
  object space 341760K, 35% used [0x0000000700600000,0x0000000707dbb7c8,0x00000007153c0000)
 PSPermGen       total 37696K, used 18020K [0x00000006fb400000, 0x00000006fd8d0000, 0x0000000700600000)
  object space 37696K, 47% used [0x00000006fb400000,0x00000006fc5990b8,0x00000006fd8d0000)
Event: 17.741 GC heap after
Heap after GC invocations=17 (full 4):
 PSYoungGen      total 624704K, used 320K [0x00000007aacb0000, 0x00000007d8e60000, 0x0000000800000000)
  eden space 579136K, 0% used [0x00000007aacb0000,0x00000007aacb0000,0x00000007ce240000)
  from space 45568K, 0% used [0x00000007ce240000,0x00000007ce290000,0x00000007d0ec0000)
  to   space 45440K, 0% used [0x00000007d6200000,0x00000007d6200000,0x00000007d8e60000)
 ParOldGen       total 341760K, used 122605K [0x0000000700600000, 0x00000007153c0000, 0x00000007aacb0000)
  object space 341760K, 35% used [0x0000000700600000,0x0000000707dbb7c8,0x00000007153c0000)
 PSPermGen       total 37696K, used 18020K [0x00000006fb400000, 0x00000006fd8d0000, 0x0000000700600000)
  object space 37696K, 47% used [0x00000006fb400000,0x00000006fc5990b8,0x00000006fd8d0000)
}
Event: 18.823 GC heap before
{Heap before GC invocations=18 (full 4):
 PSYoungGen      total 624704K, used 578492K [0x00000007aacb0000, 0x00000007d8e60000, 0x0000000800000000)
  eden space 579136K, 99% used [0x00000007aacb0000,0x00000007ce14f2d0,0x00000007ce240000)
  from space 45568K, 0% used [0x00000007ce240000,0x00000007ce290000,0x00000007d0ec0000)
  to   space 45440K, 0% used [0x00000007d6200000,0x00000007d6200000,0x00000007d8e60000)
 ParOldGen       total 341760K, used 124630K [0x0000000700600000, 0x00000007153c0000, 0x00000007aacb0000)
  object space 341760K, 36% used [0x0000000700600000,0x0000000707fb5bd8,0x00000007153c0000)
 PSPermGen       total 37696K, used 18024K [0x00000006fb400000, 0x00000006fd8d0000, 0x0000000700600000)
  object space 37696K, 47% used [0x00000006fb400000,0x00000006fc59a050,0x00000006fd8d0000)
Event: 18.832 GC heap after
Heap after GC invocations=18 (full 4):
 PSYoungGen      total 707648K, used 29347K [0x00000007aacb0000, 0x00000007d9ed0000, 0x0000000800000000)
  eden space 662208K, 0% used [0x00000007aacb0000,0x00000007aacb0000,0x00000007d3360000)
  from space 45440K, 64% used [0x00000007d6200000,0x00000007d7ea8e00,0x00000007d8e60000)
  to   space 47744K, 0% used [0x00000007d3360000,0x00000007d3360000,0x00000007d6200000)
 ParOldGen       total 341760K, used 124630K [0x0000000700600000, 0x00000007153c0000, 0x00000007aacb0000)
  object space 341760K, 36% used [0x0000000700600000,0x0000000707fb5bd8,0x00000007153c0000)
 PSPermGen       total 37696K, used 18024K [0x00000006fb400000, 0x00000006fd8d0000, 0x0000000700600000)
  object space 37696K, 47% used [0x00000006fb400000,0x00000006fc59a050,0x00000006fd8d0000)
}
Event: 20.263 GC heap before
{Heap before GC invocations=19 (full 4):
 PSYoungGen      total 707648K, used 691555K [0x00000007aacb0000, 0x00000007d9ed0000, 0x0000000800000000)
  eden space 662208K, 100% used [0x00000007aacb0000,0x00000007d3360000,0x00000007d3360000)
  from space 45440K, 64% used [0x00000007d6200000,0x00000007d7ea8e00,0x00000007d8e60000)
  to   space 47744K, 0% used [0x00000007d3360000,0x00000007d3360000,0x00000007d6200000)
 ParOldGen       total 341760K, used 241534K [0x0000000700600000, 0x00000007153c0000, 0x00000007aacb0000)
  object space 341760K, 70% used [0x0000000700600000,0x000000070f1df870,0x00000007153c0000)
 PSPermGen       total 37696K, used 18046K [0x00000006fb400000, 0x00000006fd8d0000, 0x0000000700600000)
  object space 37696K, 47% used [0x00000006fb400000,0x00000006fc59f9a8,0x00000006fd8d0000)
Event: 20.264 GC heap after
Heap after GC invocations=19 (full 4):
 PSYoungGen      total 709952K, used 224K [0x00000007aacb0000, 0x00000007dea60000, 0x0000000800000000)
  eden space 662208K, 0% used [0x00000007aacb0000,0x00000007aacb0000,0x00000007d3360000)
  from space 47744K, 0% used [0x00000007d3360000,0x00000007d3398000,0x00000007d6200000)
  to   space 47296K, 0% used [0x00000007dbc30000,0x00000007dbc30000,0x00000007dea60000)
 ParOldGen       total 341760K, used 241534K [0x0000000700600000, 0x00000007153c0000, 0x00000007aacb0000)
  object space 341760K, 70% used [0x0000000700600000,0x000000070f1df870,0x00000007153c0000)
 PSPermGen       total 37696K, used 18046K [0x00000006fb400000, 0x00000006fd8d0000, 0x0000000700600000)
  object space 37696K, 47% used [0x00000006fb400000,0x00000006fc59f9a8,0x00000006fd8d0000)
}
Event: 21.528 GC heap before
{Heap before GC invocations=20 (full 4):
 PSYoungGen      total 709952K, used 660667K [0x00000007aacb0000, 0x00000007dea60000, 0x0000000800000000)
  eden space 662208K, 99% used [0x00000007aacb0000,0x00000007d31a6da0,0x00000007d3360000)
  from space 47744K, 0% used [0x00000007d3360000,0x00000007d3398000,0x00000007d6200000)
  to   space 47296K, 0% used [0x00000007dbc30000,0x00000007dbc30000,0x00000007dea60000)
 ParOldGen       total 341760K, used 241534K [0x0000000700600000, 0x00000007153c0000, 0x00000007aacb0000)
  object space 341760K, 70% used [0x0000000700600000,0x000000070f1df870,0x00000007153c0000)
 PSPermGen       total 37696K, used 18052K [0x00000006fb400000, 0x00000006fd8d0000, 0x0000000700600000)
  object space 37696K, 47% used [0x00000006fb400000,0x00000006fc5a13c0,0x00000006fd8d0000)
Event: 21.537 GC heap after
Heap after GC invocations=20 (full 4):
 PSYoungGen      total 797184K, used 37172K [0x00000007aacb0000, 0x00000007dff20000, 0x0000000800000000)
  eden space 749888K, 0% used [0x00000007aacb0000,0x00000007aacb0000,0x00000007d8900000)
  from space 47296K, 78% used [0x00000007dbc30000,0x00000007de07d090,0x00000007dea60000)
  to   space 52416K, 0% used [0x00000007d8900000,0x00000007d8900000,0x00000007dbc30000)
 ParOldGen       total 341760K, used 241534K [0x0000000700600000, 0x00000007153c0000, 0x00000007aacb0000)
  object space 341760K, 70% used [0x0000000700600000,0x000000070f1df870,0x00000007153c0000)
 PSPermGen       total 37696K, used 18052K [0x00000006fb400000, 0x00000006fd8d0000, 0x0000000700600000)
  object space 37696K, 47% used [0x00000006fb400000,0x00000006fc5a13c0,0x00000006fd8d0000)
}
Event: 22.923 GC heap before
{Heap before GC invocations=21 (full 4):
 PSYoungGen      total 797184K, used 785404K [0x00000007aacb0000, 0x00000007dff20000, 0x0000000800000000)
  eden space 749888K, 99% used [0x00000007aacb0000,0x00000007d87621f8,0x00000007d8900000)
  from space 47296K, 78% used [0x00000007dbc30000,0x00000007de07d090,0x00000007dea60000)
  to   space 52416K, 0% used [0x00000007d8900000,0x00000007d8900000,0x00000007dbc30000)
 ParOldGen       total 341760K, used 246976K [0x0000000700600000, 0x00000007153c0000, 0x00000007aacb0000)
  object space 341760K, 72% used [0x0000000700600000,0x000000070f730150,0x00000007153c0000)
 PSPermGen       total 37696K, used 18055K [0x00000006fb400000, 0x00000006fd8d0000, 0x0000000700600000)
  object space 37696K, 47% used [0x00000006fb400000,0x00000006fc5a1e10,0x00000006fd8d0000)
Event: 22.931 GC heap after
Heap after GC invocations=21 (full 4):
 PSYoungGen      total 802304K, used 29760K [0x00000007aacb0000, 0x00000007e3ff0000, 0x0000000800000000)
  eden space 749888K, 0% used [0x00000007aacb0000,0x00000007aacb0000,0x00000007d8900000)
  from space 52416K, 56% used [0x00000007d8900000,0x00000007da610288,0x00000007dbc30000)
  to   space 53632K, 0% used [0x00000007e0b90000,0x00000007e0b90000,0x00000007e3ff0000)
 ParOldGen       total 341760K, used 246976K [0x0000000700600000, 0x00000007153c0000, 0x00000007aacb0000)
  object space 341760K, 72% used [0x0000000700600000,0x000000070f730150,0x00000007153c0000)
 PSPermGen       total 37696K, used 18055K [0x00000006fb400000, 0x00000006fd8d0000, 0x0000000700600000)
  object space 37696K, 47% used [0x00000006fb400000,0x00000006fc5a1e10,0x00000006fd8d0000)
}

