# JRE version: 7.0_07-b11
# Java VM: Java HotSpot(TM) 64-Bit Server VM (23.3-b01 mixed mode windows-amd64 compressed oops)
Heap
 PSYoungGen      total 141824K, used 139982K [0x00000007aacb0000, 0x00000007b41d0000, 0x0000000800000000)
  eden space 130944K, 98% used [0x00000007aacb0000,0x00000007b2ac66c8,0x00000007b2c90000)
  from space 10880K, 99% used [0x00000007b3730000,0x00000007b41cd500,0x00000007b41d0000)
  to   space 10880K, 0% used [0x00000007b2c90000,0x00000007b2c90000,0x00000007b3730000)
 ParOldGen       total 288960K, used 285759K [0x0000000700600000, 0x0000000712030000, 0x00000007aacb0000)
  object space 288960K, 98% used [0x0000000700600000,0x0000000711d0fc58,0x0000000712030000)
 PSPermGen       total 21248K, used 18039K [0x00000006fb400000, 0x00000006fc8c0000, 0x0000000700600000)
  object space 21248K, 84% used [0x00000006fb400000,0x00000006fc59dfe0,0x00000006fc8c0000)
GC Heap History (8 events):
Event: 3.949 GC heap before
{Heap before GC invocations=1 (full 0):
 PSYoungGen      total 76352K, used 65472K [0x00000007aacb0000, 0x00000007b01e0000, 0x0000000800000000)
  eden space 65472K, 100% used [0x00000007aacb0000,0x00000007aeca0000,0x00000007aeca0000)
  from space 10880K, 0% used [0x00000007af740000,0x00000007af740000,0x00000007b01e0000)
  to   space 10880K, 0% used [0x00000007aeca0000,0x00000007aeca0000,0x00000007af740000)
 ParOldGen       total 174528K, used 0K [0x0000000700600000, 0x000000070b070000, 0x00000007aacb0000)
  object space 174528K, 0% used [0x0000000700600000,0x0000000700600000,0x000000070b070000)
 PSPermGen       total 21248K, used 17338K [0x00000006fb400000, 0x00000006fc8c0000, 0x0000000700600000)
  object space 21248K, 81% used [0x00000006fb400000,0x00000006fc4eebf0,0x00000006fc8c0000)
Event: 3.960 GC heap after
Heap after GC invocations=1 (full 0):
 PSYoungGen      total 76352K, used 9056K [0x00000007aacb0000, 0x00000007b01e0000, 0x0000000800000000)
  eden space 65472K, 0% used [0x00000007aacb0000,0x00000007aacb0000,0x00000007aeca0000)
  from space 10880K, 83% used [0x00000007aeca0000,0x00000007af5780c8,0x00000007af740000)
  to   space 10880K, 0% used [0x00000007af740000,0x00000007af740000,0x00000007b01e0000)
 ParOldGen       total 174528K, used 8K [0x0000000700600000, 0x000000070b070000, 0x00000007aacb0000)
  object space 174528K, 0% used [0x0000000700600000,0x0000000700602000,0x000000070b070000)
 PSPermGen       total 21248K, used 17338K [0x00000006fb400000, 0x00000006fc8c0000, 0x0000000700600000)
  object space 21248K, 81% used [0x00000006fb400000,0x00000006fc4eebf0,0x00000006fc8c0000)
}
Event: 4.795 GC heap before
{Heap before GC invocations=2 (full 0):
 PSYoungGen      total 76352K, used 69244K [0x00000007aacb0000, 0x00000007b01e0000, 0x0000000800000000)
  eden space 65472K, 91% used [0x00000007aacb0000,0x00000007ae777300,0x00000007aeca0000)
  from space 10880K, 83% used [0x00000007aeca0000,0x00000007af5780c8,0x00000007af740000)
  to   space 10880K, 0% used [0x00000007af740000,0x00000007af740000,0x00000007b01e0000)
 ParOldGen       total 174528K, used 8K [0x0000000700600000, 0x000000070b070000, 0x00000007aacb0000)
  object space 174528K, 0% used [0x0000000700600000,0x0000000700602000,0x000000070b070000)
 PSPermGen       total 21248K, used 18017K [0x00000006fb400000, 0x00000006fc8c0000, 0x0000000700600000)
  object space 21248K, 84% used [0x00000006fb400000,0x00000006fc598778,0x00000006fc8c0000)
Event: 4.804 GC heap after
Heap after GC invocations=2 (full 0):
 PSYoungGen      total 76352K, used 10869K [0x00000007aacb0000, 0x00000007b01e0000, 0x0000000800000000)
  eden space 65472K, 0% used [0x00000007aacb0000,0x00000007aacb0000,0x00000007aeca0000)
  from space 10880K, 99% used [0x00000007af740000,0x00000007b01dd4e0,0x00000007b01e0000)
  to   space 10880K, 0% used [0x00000007aeca0000,0x00000007aeca0000,0x00000007af740000)
 ParOldGen       total 174528K, used 8458K [0x0000000700600000, 0x000000070b070000, 0x00000007aacb0000)
  object space 174528K, 4% used [0x0000000700600000,0x0000000700e42948,0x000000070b070000)
 PSPermGen       total 21248K, used 18017K [0x00000006fb400000, 0x00000006fc8c0000, 0x0000000700600000)
  object space 21248K, 84% used [0x00000006fb400000,0x00000006fc598778,0x00000006fc8c0000)
}
Event: 5.025 GC heap before
{Heap before GC invocations=3 (full 0):
 PSYoungGen      total 76352K, used 75659K [0x00000007aacb0000, 0x00000007b01e0000, 0x0000000800000000)
  eden space 65472K, 98% used [0x00000007aacb0000,0x00000007aebf5900,0x00000007aeca0000)
  from space 10880K, 99% used [0x00000007af740000,0x00000007b01dd4e0,0x00000007b01e0000)
  to   space 10880K, 0% used [0x00000007aeca0000,0x00000007aeca0000,0x00000007af740000)
 ParOldGen       total 174528K, used 8458K [0x0000000700600000, 0x000000070b070000, 0x00000007aacb0000)
  object space 174528K, 4% used [0x0000000700600000,0x0000000700e42948,0x000000070b070000)
 PSPermGen       total 21248K, used 18019K [0x00000006fb400000, 0x00000006fc8c0000, 0x0000000700600000)
  object space 21248K, 84% used [0x00000006fb400000,0x00000006fc598c60,0x00000006fc8c0000)
Event: 5.035 GC heap after
Heap after GC invocations=3 (full 0):
 PSYoungGen      total 76352K, used 10853K [0x00000007aacb0000, 0x00000007b41d0000, 0x0000000800000000)
  eden space 65472K, 0% used [0x00000007aacb0000,0x00000007aacb0000,0x00000007aeca0000)
  from space 10880K, 99% used [0x00000007aeca0000,0x00000007af7394f0,0x00000007af740000)
  to   space 10880K, 0% used [0x00000007b3730000,0x00000007b3730000,0x00000007b41d0000)
 ParOldGen       total 174528K, used 26771K [0x0000000700600000, 0x000000070b070000, 0x00000007aacb0000)
  object space 174528K, 15% used [0x0000000700600000,0x0000000702024d78,0x000000070b070000)
 PSPermGen       total 21248K, used 18019K [0x00000006fb400000, 0x00000006fc8c0000, 0x0000000700600000)
  object space 21248K, 84% used [0x00000006fb400000,0x00000006fc598c60,0x00000006fc8c0000)
}
Event: 5.255 GC heap before
{Heap before GC invocations=4 (full 0):
 PSYoungGen      total 76352K, used 72532K [0x00000007aacb0000, 0x00000007b41d0000, 0x0000000800000000)
  eden space 65472K, 94% used [0x00000007aacb0000,0x00000007ae8ebb70,0x00000007aeca0000)
  from space 10880K, 99% used [0x00000007aeca0000,0x00000007af7394f0,0x00000007af740000)
  to   space 10880K, 0% used [0x00000007b3730000,0x00000007b3730000,0x00000007b41d0000)
 ParOldGen       total 174528K, used 32846K [0x0000000700600000, 0x000000070b070000, 0x00000007aacb0000)
  object space 174528K, 18% used [0x0000000700600000,0x0000000702613988,0x000000070b070000)
 PSPermGen       total 21248K, used 18019K [0x00000006fb400000, 0x00000006fc8c0000, 0x0000000700600000)
  object space 21248K, 84% used [0x00000006fb400000,0x00000006fc598c60,0x00000006fc8c0000)
Event: 5.263 GC heap after
Heap after GC invocations=4 (full 0):
 PSYoungGen      total 141824K, used 10869K [0x00000007aacb0000, 0x00000007b41d0000, 0x0000000800000000)
  eden space 130944K, 0% used [0x00000007aacb0000,0x00000007aacb0000,0x00000007b2c90000)
  from space 10880K, 99% used [0x00000007b3730000,0x00000007b41cd500,0x00000007b41d0000)
  to   space 10880K, 0% used [0x00000007b2c90000,0x00000007b2c90000,0x00000007b3730000)
 ParOldGen       total 174528K, used 32886K [0x0000000700600000, 0x000000070b070000, 0x00000007aacb0000)
  object space 174528K, 18% used [0x0000000700600000,0x000000070261d988,0x000000070b070000)
 PSPermGen       total 21248K, used 18019K [0x00000006fb400000, 0x00000006fc8c0000, 0x0000000700600000)
  object space 21248K, 84% used [0x00000006fb400000,0x00000006fc598c60,0x00000006fc8c0000)
}

