# JRE version: 7.0_07-b11
# Java VM: Java HotSpot(TM) 64-Bit Server VM (23.3-b01 mixed mode windows-amd64 compressed oops)
Heap
 PSYoungGen      total 300928K, used 1245K [0x00000007aacb0000, 0x00000007cb350000, 0x0000000800000000)
  eden space 255232K, 0% used [0x00000007aacb0000,0x00000007aadaf498,0x00000007ba5f0000)
  from space 45696K, 0% used [0x00000007ba5f0000,0x00000007ba628000,0x00000007bd290000)
  to   space 45632K, 0% used [0x00000007c86c0000,0x00000007c86c0000,0x00000007cb350000)
 ParOldGen       total 138944K, used 86688K [0x0000000700600000, 0x0000000708db0000, 0x00000007aacb0000)
  object space 138944K, 62% used [0x0000000700600000,0x0000000705aa8078,0x0000000708db0000)
 PSPermGen       total 36288K, used 18052K [0x00000006fb400000, 0x00000006fd770000, 0x0000000700600000)
  object space 36288K, 49% used [0x00000006fb400000,0x00000006fc5a1370,0x00000006fd770000)
GC Heap History (10 events):
Event: 5.218 GC heap before
{Heap before GC invocations=3 (full 0):
 PSYoungGen      total 76352K, used 72987K [0x00000007aacb0000, 0x00000007b01e0000, 0x0000000800000000)
  eden space 65472K, 94% used [0x00000007aacb0000,0x00000007ae95cae8,0x00000007aeca0000)
  from space 10880K, 99% used [0x00000007af740000,0x00000007b01da510,0x00000007b01e0000)
  to   space 10880K, 0% used [0x00000007aeca0000,0x00000007aeca0000,0x00000007af740000)
 ParOldGen       total 174528K, used 28753K [0x0000000700600000, 0x000000070b070000, 0x00000007aacb0000)
  object space 174528K, 16% used [0x0000000700600000,0x0000000702214778,0x000000070b070000)
 PSPermGen       total 21248K, used 18003K [0x00000006fb400000, 0x00000006fc8c0000, 0x0000000700600000)
  object space 21248K, 84% used [0x00000006fb400000,0x00000006fc594ff0,0x00000006fc8c0000)
Event: 5.223 GC heap after
Heap after GC invocations=3 (full 0):
 PSYoungGen      total 76352K, used 8343K [0x00000007aacb0000, 0x00000007b41d0000, 0x0000000800000000)
  eden space 65472K, 0% used [0x00000007aacb0000,0x00000007aacb0000,0x00000007aeca0000)
  from space 10880K, 76% used [0x00000007aeca0000,0x00000007af4c5e00,0x00000007af740000)
  to   space 10880K, 0% used [0x00000007b3730000,0x00000007b3730000,0x00000007b41d0000)
 ParOldGen       total 174528K, used 34828K [0x0000000700600000, 0x000000070b070000, 0x00000007aacb0000)
  object space 174528K, 19% used [0x0000000700600000,0x0000000702803388,0x000000070b070000)
 PSPermGen       total 21248K, used 18003K [0x00000006fb400000, 0x00000006fc8c0000, 0x0000000700600000)
  object space 21248K, 84% used [0x00000006fb400000,0x00000006fc594ff0,0x00000006fc8c0000)
}
Event: 5.438 GC heap before
{Heap before GC invocations=4 (full 0):
 PSYoungGen      total 76352K, used 72968K [0x00000007aacb0000, 0x00000007b41d0000, 0x0000000800000000)
  eden space 65472K, 98% used [0x00000007aacb0000,0x00000007aebcc220,0x00000007aeca0000)
  from space 10880K, 76% used [0x00000007aeca0000,0x00000007af4c5e00,0x00000007af740000)
  to   space 10880K, 0% used [0x00000007b3730000,0x00000007b3730000,0x00000007b41d0000)
 ParOldGen       total 174528K, used 34828K [0x0000000700600000, 0x000000070b070000, 0x00000007aacb0000)
  object space 174528K, 19% used [0x0000000700600000,0x0000000702803388,0x000000070b070000)
 PSPermGen       total 21248K, used 18004K [0x00000006fb400000, 0x00000006fc8c0000, 0x0000000700600000)
  object space 21248K, 84% used [0x00000006fb400000,0x00000006fc5952a8,0x00000006fc8c0000)
Event: 5.448 GC heap after
Heap after GC invocations=4 (full 0):
 PSYoungGen      total 141824K, used 8311K [0x00000007aacb0000, 0x00000007b41d0000, 0x0000000800000000)
  eden space 130944K, 0% used [0x00000007aacb0000,0x00000007aacb0000,0x00000007b2c90000)
  from space 10880K, 76% used [0x00000007b3730000,0x00000007b3f4de00,0x00000007b41d0000)
  to   space 10880K, 0% used [0x00000007b2c90000,0x00000007b2c90000,0x00000007b3730000)
 ParOldGen       total 174528K, used 59888K [0x0000000700600000, 0x000000070b070000, 0x00000007aacb0000)
  object space 174528K, 34% used [0x0000000700600000,0x000000070407c158,0x000000070b070000)
 PSPermGen       total 21248K, used 18004K [0x00000006fb400000, 0x00000006fc8c0000, 0x0000000700600000)
  object space 21248K, 84% used [0x00000006fb400000,0x00000006fc5952a8,0x00000006fc8c0000)
}
Event: 5.947 GC heap before
{Heap before GC invocations=5 (full 0):
 PSYoungGen      total 141824K, used 137225K [0x00000007aacb0000, 0x00000007b41d0000, 0x0000000800000000)
  eden space 130944K, 98% used [0x00000007aacb0000,0x00000007b2a94650,0x00000007b2c90000)
  from space 10880K, 76% used [0x00000007b3730000,0x00000007b3f4de00,0x00000007b41d0000)
  to   space 10880K, 0% used [0x00000007b2c90000,0x00000007b2c90000,0x00000007b3730000)
 ParOldGen       total 174528K, used 59888K [0x0000000700600000, 0x000000070b070000, 0x00000007aacb0000)
  object space 174528K, 34% used [0x0000000700600000,0x000000070407c158,0x000000070b070000)
 PSPermGen       total 21248K, used 18008K [0x00000006fb400000, 0x00000006fc8c0000, 0x0000000700600000)
  object space 21248K, 84% used [0x00000006fb400000,0x00000006fc596118,0x00000006fc8c0000)
Event: 5.953 GC heap after
Heap after GC invocations=5 (full 0):
 PSYoungGen      total 141824K, used 8295K [0x00000007aacb0000, 0x00000007bf8b0000, 0x0000000800000000)
  eden space 130944K, 0% used [0x00000007aacb0000,0x00000007aacb0000,0x00000007b2c90000)
  from space 10880K, 76% used [0x00000007b2c90000,0x00000007b34a9df0,0x00000007b3730000)
  to   space 39040K, 0% used [0x00000007bd290000,0x00000007bd290000,0x00000007bf8b0000)
 ParOldGen       total 174528K, used 66722K [0x0000000700600000, 0x000000070b070000, 0x00000007aacb0000)
  object space 174528K, 38% used [0x0000000700600000,0x0000000704728af8,0x000000070b070000)
 PSPermGen       total 21248K, used 18008K [0x00000006fb400000, 0x00000006fc8c0000, 0x0000000700600000)
  object space 21248K, 84% used [0x00000006fb400000,0x00000006fc596118,0x00000006fc8c0000)
}
Event: 6.440 GC heap before
{Heap before GC invocations=6 (full 0):
 PSYoungGen      total 141824K, used 139147K [0x00000007aacb0000, 0x00000007bf8b0000, 0x0000000800000000)
  eden space 130944K, 99% used [0x00000007aacb0000,0x00000007b2c79138,0x00000007b2c90000)
  from space 10880K, 76% used [0x00000007b2c90000,0x00000007b34a9df0,0x00000007b3730000)
  to   space 39040K, 0% used [0x00000007bd290000,0x00000007bd290000,0x00000007bf8b0000)
 ParOldGen       total 174528K, used 70139K [0x0000000700600000, 0x000000070b070000, 0x00000007aacb0000)
  object space 174528K, 40% used [0x0000000700600000,0x0000000704a7efc8,0x000000070b070000)
 PSPermGen       total 21248K, used 18009K [0x00000006fb400000, 0x00000006fc8c0000, 0x0000000700600000)
  object space 21248K, 84% used [0x00000006fb400000,0x00000006fc596590,0x00000006fc8c0000)
Event: 6.450 GC heap after
Heap after GC invocations=6 (full 0):
 PSYoungGen      total 294272K, used 33386K [0x00000007aacb0000, 0x00000007c05b0000, 0x0000000800000000)
  eden space 255232K, 0% used [0x00000007aacb0000,0x00000007aacb0000,0x00000007ba5f0000)
  from space 39040K, 85% used [0x00000007bd290000,0x00000007bf32abc0,0x00000007bf8b0000)
  to   space 45696K, 0% used [0x00000007ba5f0000,0x00000007ba5f0000,0x00000007bd290000)
 ParOldGen       total 174528K, used 70139K [0x0000000700600000, 0x000000070b070000, 0x00000007aacb0000)
  object space 174528K, 40% used [0x0000000700600000,0x0000000704a7efc8,0x000000070b070000)
 PSPermGen       total 21248K, used 18009K [0x00000006fb400000, 0x00000006fc8c0000, 0x0000000700600000)
  object space 21248K, 84% used [0x00000006fb400000,0x00000006fc596590,0x00000006fc8c0000)
}
Event: 8.440 GC heap before
{Heap before GC invocations=7 (full 1):
 PSYoungGen      total 294272K, used 288024K [0x00000007aacb0000, 0x00000007c05b0000, 0x0000000800000000)
  eden space 255232K, 99% used [0x00000007aacb0000,0x00000007ba55b838,0x00000007ba5f0000)
  from space 39040K, 85% used [0x00000007bd290000,0x00000007bf32abc0,0x00000007bf8b0000)
  to   space 45696K, 0% used [0x00000007ba5f0000,0x00000007ba5f0000,0x00000007bd290000)
 ParOldGen       total 373952K, used 373890K [0x0000000700600000, 0x0000000717330000, 0x00000007aacb0000)
  object space 373952K, 99% used [0x0000000700600000,0x0000000717320bc8,0x0000000717330000)
 PSPermGen       total 21248K, used 18014K [0x00000006fb400000, 0x00000006fc8c0000, 0x0000000700600000)
  object space 21248K, 84% used [0x00000006fb400000,0x00000006fc597a50,0x00000006fc8c0000)
Event: 8.502 GC heap after
Heap after GC invocations=7 (full 1):
 PSYoungGen      total 294272K, used 0K [0x00000007aacb0000, 0x00000007c05b0000, 0x0000000800000000)
  eden space 255232K, 0% used [0x00000007aacb0000,0x00000007aacb0000,0x00000007ba5f0000)
  from space 39040K, 0% used [0x00000007bd290000,0x00000007bd290000,0x00000007bf8b0000)
  to   space 45696K, 0% used [0x00000007ba5f0000,0x00000007ba5f0000,0x00000007bd290000)
 ParOldGen       total 138944K, used 23657K [0x0000000700600000, 0x0000000708db0000, 0x00000007aacb0000)
  object space 138944K, 17% used [0x0000000700600000,0x0000000701d1a620,0x0000000708db0000)
 PSPermGen       total 36288K, used 18007K [0x00000006fb400000, 0x00000006fd770000, 0x0000000700600000)
  object space 36288K, 49% used [0x00000006fb400000,0x00000006fc595fc8,0x00000006fd770000)
}

