# JRE version: 7.0_07-b11
# Java VM: Java HotSpot(TM) 64-Bit Server VM (23.3-b01 mixed mode windows-amd64 compressed oops)
Heap
 PSYoungGen      total 299072K, used 111364K [0x00000007aacb0000, 0x00000007bf6d0000, 0x0000000800000000)
  eden space 261888K, 34% used [0x00000007aacb0000,0x00000007b0531da8,0x00000007bac70000)
  from space 37184K, 55% used [0x00000007bd280000,0x00000007be6bf3f0,0x00000007bf6d0000)
  to   space 38080K, 0% used [0x00000007bac70000,0x00000007bac70000,0x00000007bd1a0000)
 ParOldGen       total 174528K, used 73993K [0x0000000700600000, 0x000000070b070000, 0x00000007aacb0000)
  object space 174528K, 42% used [0x0000000700600000,0x0000000704e42590,0x000000070b070000)
 PSPermGen       total 21248K, used 17669K [0x00000006fb400000, 0x00000006fc8c0000, 0x0000000700600000)
  object space 21248K, 83% used [0x00000006fb400000,0x00000006fc541550,0x00000006fc8c0000)
GC Heap History (10 events):
Event: 4.981 GC heap before
{Heap before GC invocations=2 (full 0):
 PSYoungGen      total 76352K, used 73561K [0x00000007aacb0000, 0x00000007b01e0000, 0x0000000800000000)
  eden space 65472K, 95% used [0x00000007aacb0000,0x00000007ae9e8ef0,0x00000007aeca0000)
  from space 10880K, 99% used [0x00000007aeca0000,0x00000007af73d8d8,0x00000007af740000)
  to   space 10880K, 0% used [0x00000007af740000,0x00000007af740000,0x00000007b01e0000)
 ParOldGen       total 174528K, used 620K [0x0000000700600000, 0x000000070b070000, 0x00000007aacb0000)
  object space 174528K, 0% used [0x0000000700600000,0x000000070069b148,0x000000070b070000)
 PSPermGen       total 21248K, used 17593K [0x00000006fb400000, 0x00000006fc8c0000, 0x0000000700600000)
  object space 21248K, 82% used [0x00000006fb400000,0x00000006fc52e648,0x00000006fc8c0000)
Event: 4.989 GC heap after
Heap after GC invocations=2 (full 0):
 PSYoungGen      total 76352K, used 10876K [0x00000007aacb0000, 0x00000007b01e0000, 0x0000000800000000)
  eden space 65472K, 0% used [0x00000007aacb0000,0x00000007aacb0000,0x00000007aeca0000)
  from space 10880K, 99% used [0x00000007af740000,0x00000007b01df280,0x00000007b01e0000)
  to   space 10880K, 0% used [0x00000007aeca0000,0x00000007aeca0000,0x00000007af740000)
 ParOldGen       total 174528K, used 17379K [0x0000000700600000, 0x000000070b070000, 0x00000007aacb0000)
  object space 174528K, 9% used [0x0000000700600000,0x00000007016f8c50,0x000000070b070000)
 PSPermGen       total 21248K, used 17593K [0x00000006fb400000, 0x00000006fc8c0000, 0x0000000700600000)
  object space 21248K, 82% used [0x00000006fb400000,0x00000006fc52e648,0x00000006fc8c0000)
}
Event: 5.381 GC heap before
{Heap before GC invocations=3 (full 0):
 PSYoungGen      total 76352K, used 74051K [0x00000007aacb0000, 0x00000007b01e0000, 0x0000000800000000)
  eden space 65472K, 96% used [0x00000007aacb0000,0x00000007aea61a78,0x00000007aeca0000)
  from space 10880K, 99% used [0x00000007af740000,0x00000007b01df280,0x00000007b01e0000)
  to   space 10880K, 0% used [0x00000007aeca0000,0x00000007aeca0000,0x00000007af740000)
 ParOldGen       total 174528K, used 17379K [0x0000000700600000, 0x000000070b070000, 0x00000007aacb0000)
  object space 174528K, 9% used [0x0000000700600000,0x00000007016f8c50,0x000000070b070000)
 PSPermGen       total 21248K, used 17639K [0x00000006fb400000, 0x00000006fc8c0000, 0x0000000700600000)
  object space 21248K, 83% used [0x00000006fb400000,0x00000006fc539cd0,0x00000006fc8c0000)
Event: 5.390 GC heap after
Heap after GC invocations=3 (full 0):
 PSYoungGen      total 76352K, used 10858K [0x00000007aacb0000, 0x00000007b41d0000, 0x0000000800000000)
  eden space 65472K, 0% used [0x00000007aacb0000,0x00000007aacb0000,0x00000007aeca0000)
  from space 10880K, 99% used [0x00000007aeca0000,0x00000007af73aa90,0x00000007af740000)
  to   space 10880K, 0% used [0x00000007b3730000,0x00000007b3730000,0x00000007b41d0000)
 ParOldGen       total 174528K, used 40350K [0x0000000700600000, 0x000000070b070000, 0x00000007aacb0000)
  object space 174528K, 23% used [0x0000000700600000,0x0000000702d67a10,0x000000070b070000)
 PSPermGen       total 21248K, used 17639K [0x00000006fb400000, 0x00000006fc8c0000, 0x0000000700600000)
  object space 21248K, 83% used [0x00000006fb400000,0x00000006fc539cd0,0x00000006fc8c0000)
}
Event: 5.750 GC heap before
{Heap before GC invocations=4 (full 0):
 PSYoungGen      total 76352K, used 72913K [0x00000007aacb0000, 0x00000007b41d0000, 0x0000000800000000)
  eden space 65472K, 94% used [0x00000007aacb0000,0x00000007ae949c88,0x00000007aeca0000)
  from space 10880K, 99% used [0x00000007aeca0000,0x00000007af73aa90,0x00000007af740000)
  to   space 10880K, 0% used [0x00000007b3730000,0x00000007b3730000,0x00000007b41d0000)
 ParOldGen       total 174528K, used 40350K [0x0000000700600000, 0x000000070b070000, 0x00000007aacb0000)
  object space 174528K, 23% used [0x0000000700600000,0x0000000702d67a10,0x000000070b070000)
 PSPermGen       total 21248K, used 17639K [0x00000006fb400000, 0x00000006fc8c0000, 0x0000000700600000)
  object space 21248K, 83% used [0x00000006fb400000,0x00000006fc539fb8,0x00000006fc8c0000)
Event: 5.757 GC heap after
Heap after GC invocations=4 (full 0):
 PSYoungGen      total 141824K, used 10876K [0x00000007aacb0000, 0x00000007b41d0000, 0x0000000800000000)
  eden space 130944K, 0% used [0x00000007aacb0000,0x00000007aacb0000,0x00000007b2c90000)
  from space 10880K, 99% used [0x00000007b3730000,0x00000007b41cf280,0x00000007b41d0000)
  to   space 10880K, 0% used [0x00000007b2c90000,0x00000007b2c90000,0x00000007b3730000)
 ParOldGen       total 174528K, used 57155K [0x0000000700600000, 0x000000070b070000, 0x00000007aacb0000)
  object space 174528K, 32% used [0x0000000700600000,0x0000000703dd0fd0,0x000000070b070000)
 PSPermGen       total 21248K, used 17639K [0x00000006fb400000, 0x00000006fc8c0000, 0x0000000700600000)
  object space 21248K, 83% used [0x00000006fb400000,0x00000006fc539fb8,0x00000006fc8c0000)
}
Event: 6.439 GC heap before
{Heap before GC invocations=5 (full 0):
 PSYoungGen      total 141824K, used 140167K [0x00000007aacb0000, 0x00000007b41d0000, 0x0000000800000000)
  eden space 130944K, 98% used [0x00000007aacb0000,0x00000007b2af2c10,0x00000007b2c90000)
  from space 10880K, 99% used [0x00000007b3730000,0x00000007b41cf280,0x00000007b41d0000)
  to   space 10880K, 0% used [0x00000007b2c90000,0x00000007b2c90000,0x00000007b3730000)
 ParOldGen       total 174528K, used 57155K [0x0000000700600000, 0x000000070b070000, 0x00000007aacb0000)
  object space 174528K, 32% used [0x0000000700600000,0x0000000703dd0fd0,0x000000070b070000)
 PSPermGen       total 21248K, used 17644K [0x00000006fb400000, 0x00000006fc8c0000, 0x0000000700600000)
  object space 21248K, 83% used [0x00000006fb400000,0x00000006fc53b048,0x00000006fc8c0000)
Event: 6.446 GC heap after
Heap after GC invocations=5 (full 0):
 PSYoungGen      total 141824K, used 10858K [0x00000007aacb0000, 0x00000007bf890000, 0x0000000800000000)
  eden space 130944K, 0% used [0x00000007aacb0000,0x00000007aacb0000,0x00000007b2c90000)
  from space 10880K, 99% used [0x00000007b2c90000,0x00000007b372aa90,0x00000007b3730000)
  to   space 38976K, 0% used [0x00000007bd280000,0x00000007bd280000,0x00000007bf890000)
 ParOldGen       total 174528K, used 73993K [0x0000000700600000, 0x000000070b070000, 0x00000007aacb0000)
  object space 174528K, 42% used [0x0000000700600000,0x0000000704e42590,0x000000070b070000)
 PSPermGen       total 21248K, used 17644K [0x00000006fb400000, 0x00000006fc8c0000, 0x0000000700600000)
  object space 21248K, 83% used [0x00000006fb400000,0x00000006fc53b048,0x00000006fc8c0000)
}
Event: 6.802 GC heap before
{Heap before GC invocations=6 (full 0):
 PSYoungGen      total 141824K, used 139312K [0x00000007aacb0000, 0x00000007bf890000, 0x0000000800000000)
  eden space 130944K, 98% used [0x00000007aacb0000,0x00000007b2a215e0,0x00000007b2c90000)
  from space 10880K, 99% used [0x00000007b2c90000,0x00000007b372aa90,0x00000007b3730000)
  to   space 38976K, 0% used [0x00000007bd280000,0x00000007bd280000,0x00000007bf890000)
 ParOldGen       total 174528K, used 73993K [0x0000000700600000, 0x000000070b070000, 0x00000007aacb0000)
  object space 174528K, 42% used [0x0000000700600000,0x0000000704e42590,0x000000070b070000)
 PSPermGen       total 21248K, used 17644K [0x00000006fb400000, 0x00000006fc8c0000, 0x0000000700600000)
  object space 21248K, 83% used [0x00000006fb400000,0x00000006fc53b0f0,0x00000006fc8c0000)
Event: 6.808 GC heap after
Heap after GC invocations=6 (full 0):
 PSYoungGen      total 299072K, used 20732K [0x00000007aacb0000, 0x00000007bf6d0000, 0x0000000800000000)
  eden space 261888K, 0% used [0x00000007aacb0000,0x00000007aacb0000,0x00000007bac70000)
  from space 37184K, 55% used [0x00000007bd280000,0x00000007be6bf3f0,0x00000007bf6d0000)
  to   space 38080K, 0% used [0x00000007bac70000,0x00000007bac70000,0x00000007bd1a0000)
 ParOldGen       total 174528K, used 73993K [0x0000000700600000, 0x000000070b070000, 0x00000007aacb0000)
  object space 174528K, 42% used [0x0000000700600000,0x0000000704e42590,0x000000070b070000)
 PSPermGen       total 21248K, used 17644K [0x00000006fb400000, 0x00000006fc8c0000, 0x0000000700600000)
  object space 21248K, 83% used [0x00000006fb400000,0x00000006fc53b0f0,0x00000006fc8c0000)
}

