# JRE version: 7.0_07-b11
# Java VM: Java HotSpot(TM) 64-Bit Server VM (23.3-b01 mixed mode windows-amd64 compressed oops)
Heap
 PSYoungGen      total 1326720K, used 1032418K [0x00000007aacb0000, 0x0000000800000000, 0x0000000800000000)
  eden space 1257088K, 78% used [0x00000007aacb0000,0x00000007e70e3e60,0x00000007f7850000)
  from space 69632K, 64% used [0x00000007fbc00000,0x00000007fe804d38,0x0000000800000000)
  to   space 69312K, 0% used [0x00000007f7850000,0x00000007f7850000,0x00000007fbc00000)
 ParOldGen       total 309248K, used 59732K [0x0000000700600000, 0x0000000713400000, 0x00000007aacb0000)
  object space 309248K, 19% used [0x0000000700600000,0x0000000704055040,0x0000000713400000)
 PSPermGen       total 36096K, used 18272K [0x00000006fb400000, 0x00000006fd740000, 0x0000000700600000)
  object space 36096K, 50% used [0x00000006fb400000,0x00000006fc5d82b0,0x00000006fd740000)
GC Heap History (10 events):
Event: 26.913 GC heap before
{Heap before GC invocations=19 (full 3):
 PSYoungGen      total 1235968K, used 1215916K [0x00000007aacb0000, 0x0000000800000000, 0x0000000800000000)
  eden space 1174976K, 99% used [0x00000007aacb0000,0x00000007f26eb348,0x00000007f2820000)
  from space 60992K, 69% used [0x00000007f2820000,0x00000007f514ff60,0x00000007f63b0000)
  to   space 59968K, 0% used [0x00000007fc570000,0x00000007fc570000,0x0000000800000000)
 ParOldGen       total 199424K, used 157480K [0x0000000700600000, 0x000000070c8c0000, 0x00000007aacb0000)
  object space 199424K, 78% used [0x0000000700600000,0x0000000709fca090,0x000000070c8c0000)
 PSPermGen       total 39744K, used 18202K [0x00000006fb400000, 0x00000006fdad0000, 0x0000000700600000)
  object space 39744K, 45% used [0x00000006fb400000,0x00000006fc5c6878,0x00000006fdad0000)
Event: 26.928 GC heap after
Heap after GC invocations=19 (full 3):
 PSYoungGen      total 1325824K, used 58652K [0x00000007aacb0000, 0x0000000800000000, 0x0000000800000000)
  eden space 1265856K, 0% used [0x00000007aacb0000,0x00000007aacb0000,0x00000007f80e0000)
  from space 59968K, 97% used [0x00000007fc570000,0x00000007ffeb72e8,0x0000000800000000)
  to   space 65088K, 0% used [0x00000007f80e0000,0x00000007f80e0000,0x00000007fc070000)
 ParOldGen       total 199424K, used 162702K [0x0000000700600000, 0x000000070c8c0000, 0x00000007aacb0000)
  object space 199424K, 81% used [0x0000000700600000,0x000000070a4e3bf0,0x000000070c8c0000)
 PSPermGen       total 39744K, used 18202K [0x00000006fb400000, 0x00000006fdad0000, 0x0000000700600000)
  object space 39744K, 45% used [0x00000006fb400000,0x00000006fc5c6878,0x00000006fdad0000)
}
Event: 26.928 GC heap before
{Heap before GC invocations=20 (full 4):
 PSYoungGen      total 1325824K, used 58652K [0x00000007aacb0000, 0x0000000800000000, 0x0000000800000000)
  eden space 1265856K, 0% used [0x00000007aacb0000,0x00000007aacb0000,0x00000007f80e0000)
  from space 59968K, 97% used [0x00000007fc570000,0x00000007ffeb72e8,0x0000000800000000)
  to   space 65088K, 0% used [0x00000007f80e0000,0x00000007f80e0000,0x00000007fc070000)
 ParOldGen       total 199424K, used 162702K [0x0000000700600000, 0x000000070c8c0000, 0x00000007aacb0000)
  object space 199424K, 81% used [0x0000000700600000,0x000000070a4e3bf0,0x000000070c8c0000)
 PSPermGen       total 39744K, used 18202K [0x00000006fb400000, 0x00000006fdad0000, 0x0000000700600000)
  object space 39744K, 45% used [0x00000006fb400000,0x00000006fc5c6878,0x00000006fdad0000)
Event: 26.961 GC heap after
Heap after GC invocations=20 (full 4):
 PSYoungGen      total 1325824K, used 0K [0x00000007aacb0000, 0x0000000800000000, 0x0000000800000000)
  eden space 1265856K, 0% used [0x00000007aacb0000,0x00000007aacb0000,0x00000007f80e0000)
  from space 59968K, 0% used [0x00000007fc570000,0x00000007fc570000,0x0000000800000000)
  to   space 65088K, 0% used [0x00000007f80e0000,0x00000007f80e0000,0x00000007fc070000)
 ParOldGen       total 270016K, used 59973K [0x0000000700600000, 0x0000000710db0000, 0x00000007aacb0000)
  object space 270016K, 22% used [0x0000000700600000,0x0000000704091718,0x0000000710db0000)
 PSPermGen       total 37696K, used 18201K [0x00000006fb400000, 0x00000006fd8d0000, 0x0000000700600000)
  object space 37696K, 48% used [0x00000006fb400000,0x00000006fc5c6798,0x00000006fd8d0000)
}
Event: 29.613 GC heap before
{Heap before GC invocations=21 (full 4):
 PSYoungGen      total 1325824K, used 1265856K [0x00000007aacb0000, 0x0000000800000000, 0x0000000800000000)
  eden space 1265856K, 100% used [0x00000007aacb0000,0x00000007f80e0000,0x00000007f80e0000)
  from space 59968K, 0% used [0x00000007fc570000,0x00000007fc570000,0x0000000800000000)
  to   space 65088K, 0% used [0x00000007f80e0000,0x00000007f80e0000,0x00000007fc070000)
 ParOldGen       total 270016K, used 142756K [0x0000000700600000, 0x0000000710db0000, 0x00000007aacb0000)
  object space 270016K, 52% used [0x0000000700600000,0x00000007091692c8,0x0000000710db0000)
 PSPermGen       total 37696K, used 18214K [0x00000006fb400000, 0x00000006fd8d0000, 0x0000000700600000)
  object space 37696K, 48% used [0x00000006fb400000,0x00000006fc5c99c8,0x00000006fd8d0000)
Event: 29.614 GC heap after
Heap after GC invocations=21 (full 4):
 PSYoungGen      total 1266368K, used 450K [0x00000007aacb0000, 0x0000000800000000, 0x0000000800000000)
  eden space 1265856K, 0% used [0x00000007aacb0000,0x00000007aacb0000,0x00000007f80e0000)
  from space 512K, 88% used [0x00000007f80e0000,0x00000007f8150b58,0x00000007f8160000)
  to   space 69632K, 0% used [0x00000007fbc00000,0x00000007fbc00000,0x0000000800000000)
 ParOldGen       total 270016K, used 142756K [0x0000000700600000, 0x0000000710db0000, 0x00000007aacb0000)
  object space 270016K, 52% used [0x0000000700600000,0x00000007091692c8,0x0000000710db0000)
 PSPermGen       total 37696K, used 18214K [0x00000006fb400000, 0x00000006fd8d0000, 0x0000000700600000)
  object space 37696K, 48% used [0x00000006fb400000,0x00000006fc5c99c8,0x00000006fd8d0000)
}
Event: 32.347 GC heap before
{Heap before GC invocations=22 (full 5):
 PSYoungGen      total 1266368K, used 1266306K [0x00000007aacb0000, 0x0000000800000000, 0x0000000800000000)
  eden space 1265856K, 100% used [0x00000007aacb0000,0x00000007f80e0000,0x00000007f80e0000)
  from space 512K, 88% used [0x00000007f80e0000,0x00000007f8150b58,0x00000007f8160000)
  to   space 69632K, 0% used [0x00000007fbc00000,0x00000007fbc00000,0x0000000800000000)
 ParOldGen       total 270016K, used 245103K [0x0000000700600000, 0x0000000710db0000, 0x00000007aacb0000)
  object space 270016K, 90% used [0x0000000700600000,0x000000070f55bd10,0x0000000710db0000)
 PSPermGen       total 37696K, used 18220K [0x00000006fb400000, 0x00000006fd8d0000, 0x0000000700600000)
  object space 37696K, 48% used [0x00000006fb400000,0x00000006fc5cb070,0x00000006fd8d0000)
Event: 32.384 GC heap after
Heap after GC invocations=22 (full 5):
 PSYoungGen      total 1266368K, used 0K [0x00000007aacb0000, 0x0000000800000000, 0x0000000800000000)
  eden space 1265856K, 0% used [0x00000007aacb0000,0x00000007aacb0000,0x00000007f80e0000)
  from space 512K, 0% used [0x00000007f80e0000,0x00000007f80e0000,0x00000007f8160000)
  to   space 69632K, 0% used [0x00000007fbc00000,0x00000007fbc00000,0x0000000800000000)
 ParOldGen       total 309248K, used 59732K [0x0000000700600000, 0x0000000713400000, 0x00000007aacb0000)
  object space 309248K, 19% used [0x0000000700600000,0x0000000704055040,0x0000000713400000)
 PSPermGen       total 36096K, used 18219K [0x00000006fb400000, 0x00000006fd740000, 0x0000000700600000)
  object space 36096K, 50% used [0x00000006fb400000,0x00000006fc5caf50,0x00000006fd740000)
}
Event: 36.551 GC heap before
{Heap before GC invocations=23 (full 5):
 PSYoungGen      total 1266368K, used 1261457K [0x00000007aacb0000, 0x0000000800000000, 0x0000000800000000)
  eden space 1265856K, 99% used [0x00000007aacb0000,0x00000007f7c946d0,0x00000007f80e0000)
  from space 512K, 0% used [0x00000007f80e0000,0x00000007f80e0000,0x00000007f8160000)
  to   space 69632K, 0% used [0x00000007fbc00000,0x00000007fbc00000,0x0000000800000000)
 ParOldGen       total 309248K, used 59732K [0x0000000700600000, 0x0000000713400000, 0x00000007aacb0000)
  object space 309248K, 19% used [0x0000000700600000,0x0000000704055040,0x0000000713400000)
 PSPermGen       total 36096K, used 18232K [0x00000006fb400000, 0x00000006fd740000, 0x0000000700600000)
  object space 36096K, 50% used [0x00000006fb400000,0x00000006fc5ce340,0x00000006fd740000)
Event: 36.561 GC heap after
Heap after GC invocations=23 (full 5):
 PSYoungGen      total 1326720K, used 45075K [0x00000007aacb0000, 0x0000000800000000, 0x0000000800000000)
  eden space 1257088K, 0% used [0x00000007aacb0000,0x00000007aacb0000,0x00000007f7850000)
  from space 69632K, 64% used [0x00000007fbc00000,0x00000007fe804d38,0x0000000800000000)
  to   space 69312K, 0% used [0x00000007f7850000,0x00000007f7850000,0x00000007fbc00000)
 ParOldGen       total 309248K, used 59732K [0x0000000700600000, 0x0000000713400000, 0x00000007aacb0000)
  object space 309248K, 19% used [0x0000000700600000,0x0000000704055040,0x0000000713400000)
 PSPermGen       total 36096K, used 18232K [0x00000006fb400000, 0x00000006fd740000, 0x0000000700600000)
  object space 36096K, 50% used [0x00000006fb400000,0x00000006fc5ce340,0x00000006fd740000)
}

