# JRE version: 7.0_07-b11
# Java VM: Java HotSpot(TM) 64-Bit Server VM (23.3-b01 mixed mode windows-amd64 compressed oops)
Heap
 PSYoungGen      total 388608K, used 320117K [0x00000007aacb0000, 0x00000007cf000000, 0x0000000800000000)
  eden space 378112K, 81% used [0x00000007aacb0000,0x00000007bdb125d0,0x00000007c1df0000)
  from space 10496K, 99% used [0x00000007caf60000,0x00000007cb99ae70,0x00000007cb9a0000)
  to   space 36864K, 0% used [0x00000007ccc00000,0x00000007ccc00000,0x00000007cf000000)
 ParOldGen       total 132032K, used 42096K [0x0000000700600000, 0x00000007086f0000, 0x00000007aacb0000)
  object space 132032K, 31% used [0x0000000700600000,0x0000000702f1c308,0x00000007086f0000)
 PSPermGen       total 36288K, used 18227K [0x00000006fb400000, 0x00000006fd770000, 0x0000000700600000)
  object space 36288K, 50% used [0x00000006fb400000,0x00000006fc5ccfa8,0x00000006fd770000)
GC Heap History (10 events):
Event: 77.239 GC heap before
{Heap before GC invocations=32 (full 1):
 PSYoungGen      total 479296K, used 476301K [0x00000007aacb0000, 0x00000007d4ae0000, 0x0000000800000000)
  eden space 468736K, 99% used [0x00000007aacb0000,0x00000007c7388988,0x00000007c7670000)
  from space 10560K, 99% used [0x00000007d4090000,0x00000007d4adae70,0x00000007d4ae0000)
  to   space 44224K, 0% used [0x00000007cf480000,0x00000007cf480000,0x00000007d1fb0000)
 ParOldGen       total 132032K, used 42016K [0x0000000700600000, 0x00000007086f0000, 0x00000007aacb0000)
  object space 132032K, 31% used [0x0000000700600000,0x0000000702f08308,0x00000007086f0000)
 PSPermGen       total 36288K, used 18182K [0x00000006fb400000, 0x00000006fd770000, 0x0000000700600000)
  object space 36288K, 50% used [0x00000006fb400000,0x00000006fc5c19d0,0x00000006fd770000)
Event: 77.242 GC heap after
Heap after GC invocations=32 (full 1):
 PSYoungGen      total 459328K, used 10507K [0x00000007aacb0000, 0x00000007d40a0000, 0x0000000800000000)
  eden space 448768K, 0% used [0x00000007aacb0000,0x00000007aacb0000,0x00000007c62f0000)
  from space 10560K, 99% used [0x00000007cf480000,0x00000007cfec2e70,0x00000007cfed0000)
  to   space 42816K, 0% used [0x00000007d16d0000,0x00000007d16d0000,0x00000007d40a0000)
 ParOldGen       total 132032K, used 42056K [0x0000000700600000, 0x00000007086f0000, 0x00000007aacb0000)
  object space 132032K, 31% used [0x0000000700600000,0x0000000702f12308,0x00000007086f0000)
 PSPermGen       total 36288K, used 18182K [0x00000006fb400000, 0x00000006fd770000, 0x0000000700600000)
  object space 36288K, 50% used [0x00000006fb400000,0x00000006fc5c19d0,0x00000006fd770000)
}
Event: 79.270 GC heap before
{Heap before GC invocations=33 (full 1):
 PSYoungGen      total 459328K, used 457059K [0x00000007aacb0000, 0x00000007d40a0000, 0x0000000800000000)
  eden space 448768K, 99% used [0x00000007aacb0000,0x00000007c60c6068,0x00000007c62f0000)
  from space 10560K, 99% used [0x00000007cf480000,0x00000007cfec2e70,0x00000007cfed0000)
  to   space 42816K, 0% used [0x00000007d16d0000,0x00000007d16d0000,0x00000007d40a0000)
 ParOldGen       total 132032K, used 42056K [0x0000000700600000, 0x00000007086f0000, 0x00000007aacb0000)
  object space 132032K, 31% used [0x0000000700600000,0x0000000702f12308,0x00000007086f0000)
 PSPermGen       total 36288K, used 18183K [0x00000006fb400000, 0x00000006fd770000, 0x0000000700600000)
  object space 36288K, 50% used [0x00000006fb400000,0x00000006fc5c1db0,0x00000006fd770000)
Event: 79.275 GC heap after
Heap after GC invocations=33 (full 1):
 PSYoungGen      total 440256K, used 10475K [0x00000007aacb0000, 0x00000007d2110000, 0x0000000800000000)
  eden space 429760K, 0% used [0x00000007aacb0000,0x00000007aacb0000,0x00000007c5060000)
  from space 10496K, 99% used [0x00000007d16d0000,0x00000007d210ae70,0x00000007d2110000)
  to   space 41344K, 0% used [0x00000007cd050000,0x00000007cd050000,0x00000007cf8b0000)
 ParOldGen       total 132032K, used 42072K [0x0000000700600000, 0x00000007086f0000, 0x00000007aacb0000)
  object space 132032K, 31% used [0x0000000700600000,0x0000000702f16308,0x00000007086f0000)
 PSPermGen       total 36288K, used 18183K [0x00000006fb400000, 0x00000006fd770000, 0x0000000700600000)
  object space 36288K, 50% used [0x00000006fb400000,0x00000006fc5c1db0,0x00000006fd770000)
}
Event: 81.214 GC heap before
{Heap before GC invocations=34 (full 1):
 PSYoungGen      total 440256K, used 437903K [0x00000007aacb0000, 0x00000007d2110000, 0x0000000800000000)
  eden space 429760K, 99% used [0x00000007aacb0000,0x00000007c4e18fe0,0x00000007c5060000)
  from space 10496K, 99% used [0x00000007d16d0000,0x00000007d210ae70,0x00000007d2110000)
  to   space 41344K, 0% used [0x00000007cd050000,0x00000007cd050000,0x00000007cf8b0000)
 ParOldGen       total 132032K, used 42072K [0x0000000700600000, 0x00000007086f0000, 0x00000007aacb0000)
  object space 132032K, 31% used [0x0000000700600000,0x0000000702f16308,0x00000007086f0000)
 PSPermGen       total 36288K, used 18191K [0x00000006fb400000, 0x00000006fd770000, 0x0000000700600000)
  object space 36288K, 50% used [0x00000006fb400000,0x00000006fc5c3d58,0x00000006fd770000)
Event: 81.217 GC heap after
Heap after GC invocations=34 (full 1):
 PSYoungGen      total 422272K, used 10507K [0x00000007aacb0000, 0x00000007d16e0000, 0x0000000800000000)
  eden space 411712K, 0% used [0x00000007aacb0000,0x00000007aacb0000,0x00000007c3ec0000)
  from space 10560K, 99% used [0x00000007cd050000,0x00000007cda92e70,0x00000007cdaa0000)
  to   space 39872K, 0% used [0x00000007ceff0000,0x00000007ceff0000,0x00000007d16e0000)
 ParOldGen       total 132032K, used 42072K [0x0000000700600000, 0x00000007086f0000, 0x00000007aacb0000)
  object space 132032K, 31% used [0x0000000700600000,0x0000000702f16308,0x00000007086f0000)
 PSPermGen       total 36288K, used 18191K [0x00000006fb400000, 0x00000006fd770000, 0x0000000700600000)
  object space 36288K, 50% used [0x00000006fb400000,0x00000006fc5c3d58,0x00000006fd770000)
}
Event: 83.071 GC heap before
{Heap before GC invocations=35 (full 1):
 PSYoungGen      total 422272K, used 418918K [0x00000007aacb0000, 0x00000007d16e0000, 0x0000000800000000)
  eden space 411712K, 99% used [0x00000007aacb0000,0x00000007c3b86b60,0x00000007c3ec0000)
  from space 10560K, 99% used [0x00000007cd050000,0x00000007cda92e70,0x00000007cdaa0000)
  to   space 39872K, 0% used [0x00000007ceff0000,0x00000007ceff0000,0x00000007d16e0000)
 ParOldGen       total 132032K, used 42072K [0x0000000700600000, 0x00000007086f0000, 0x00000007aacb0000)
  object space 132032K, 31% used [0x0000000700600000,0x0000000702f16308,0x00000007086f0000)
 PSPermGen       total 36288K, used 18195K [0x00000006fb400000, 0x00000006fd770000, 0x0000000700600000)
  object space 36288K, 50% used [0x00000006fb400000,0x00000006fc5c4e70,0x00000006fd770000)
Event: 83.075 GC heap after
Heap after GC invocations=35 (full 1):
 PSYoungGen      total 405056K, used 10507K [0x00000007aacb0000, 0x00000007cfa40000, 0x0000000800000000)
  eden space 394496K, 0% used [0x00000007aacb0000,0x00000007aacb0000,0x00000007c2df0000)
  from space 10560K, 99% used [0x00000007ceff0000,0x00000007cfa32e70,0x00000007cfa40000)
  to   space 38336K, 0% used [0x00000007caf60000,0x00000007caf60000,0x00000007cd4d0000)
 ParOldGen       total 132032K, used 42088K [0x0000000700600000, 0x00000007086f0000, 0x00000007aacb0000)
  object space 132032K, 31% used [0x0000000700600000,0x0000000702f1a308,0x00000007086f0000)
 PSPermGen       total 36288K, used 18195K [0x00000006fb400000, 0x00000006fd770000, 0x0000000700600000)
  object space 36288K, 50% used [0x00000006fb400000,0x00000006fc5c4e70,0x00000006fd770000)
}
Event: 84.841 GC heap before
{Heap before GC invocations=36 (full 1):
 PSYoungGen      total 405056K, used 399919K [0x00000007aacb0000, 0x00000007cfa40000, 0x0000000800000000)
  eden space 394496K, 98% used [0x00000007aacb0000,0x00000007c28f8f98,0x00000007c2df0000)
  from space 10560K, 99% used [0x00000007ceff0000,0x00000007cfa32e70,0x00000007cfa40000)
  to   space 38336K, 0% used [0x00000007caf60000,0x00000007caf60000,0x00000007cd4d0000)
 ParOldGen       total 132032K, used 42088K [0x0000000700600000, 0x00000007086f0000, 0x00000007aacb0000)
  object space 132032K, 31% used [0x0000000700600000,0x0000000702f1a308,0x00000007086f0000)
 PSPermGen       total 36288K, used 18196K [0x00000006fb400000, 0x00000006fd770000, 0x0000000700600000)
  object space 36288K, 50% used [0x00000006fb400000,0x00000006fc5c50f0,0x00000006fd770000)
Event: 84.844 GC heap after
Heap after GC invocations=36 (full 1):
 PSYoungGen      total 388608K, used 10475K [0x00000007aacb0000, 0x00000007cf000000, 0x0000000800000000)
  eden space 378112K, 0% used [0x00000007aacb0000,0x00000007aacb0000,0x00000007c1df0000)
  from space 10496K, 99% used [0x00000007caf60000,0x00000007cb99ae70,0x00000007cb9a0000)
  to   space 36864K, 0% used [0x00000007ccc00000,0x00000007ccc00000,0x00000007cf000000)
 ParOldGen       total 132032K, used 42096K [0x0000000700600000, 0x00000007086f0000, 0x00000007aacb0000)
  object space 132032K, 31% used [0x0000000700600000,0x0000000702f1c308,0x00000007086f0000)
 PSPermGen       total 36288K, used 18196K [0x00000006fb400000, 0x00000006fd770000, 0x0000000700600000)
  object space 36288K, 50% used [0x00000006fb400000,0x00000006fc5c50f0,0x00000006fd770000)
}

