# JRE version: 7.0_07-b11
# Java VM: Java HotSpot(TM) 64-Bit Server VM (23.3-b01 mixed mode windows-amd64 compressed oops)
Heap
 PSYoungGen      total 589696K, used 167032K [0x00000007aacb0000, 0x00000007dcf00000, 0x0000000800000000)
  eden space 527040K, 20% used [0x00000007aacb0000,0x00000007b13eb458,0x00000007caf60000)
  from space 62656K, 97% used [0x00000007caf60000,0x00000007ceb42d40,0x00000007cec90000)
  to   space 70592K, 0% used [0x00000007d8a10000,0x00000007d8a10000,0x00000007dcf00000)
 ParOldGen       total 216704K, used 104882K [0x0000000700600000, 0x000000070d9a0000, 0x00000007aacb0000)
  object space 216704K, 48% used [0x0000000700600000,0x0000000706c6ca10,0x000000070d9a0000)
 PSPermGen       total 40512K, used 18063K [0x00000006fb400000, 0x00000006fdb90000, 0x0000000700600000)
  object space 40512K, 44% used [0x00000006fb400000,0x00000006fc5a3f78,0x00000006fdb90000)
GC Heap History (10 events):
Event: 10.041 GC heap before
{Heap before GC invocations=11 (full 2):
 PSYoungGen      total 379648K, used 359763K [0x00000007aacb0000, 0x00000007c7b50000, 0x0000000800000000)
  eden space 323072K, 98% used [0x00000007aacb0000,0x00000007be3424e0,0x00000007be830000)
  from space 56576K, 73% used [0x00000007c22d0000,0x00000007c4b92ad8,0x00000007c5a10000)
  to   space 60032K, 0% used [0x00000007be830000,0x00000007be830000,0x00000007c22d0000)
 ParOldGen       total 216704K, used 44324K [0x0000000700600000, 0x000000070d9a0000, 0x00000007aacb0000)
  object space 216704K, 20% used [0x0000000700600000,0x00000007031492a8,0x000000070d9a0000)
 PSPermGen       total 40512K, used 18007K [0x00000006fb400000, 0x00000006fdb90000, 0x0000000700600000)
  object space 40512K, 44% used [0x00000006fb400000,0x00000006fc595d18,0x00000006fdb90000)
Event: 10.048 GC heap after
Heap after GC invocations=11 (full 2):
 PSYoungGen      total 383104K, used 41573K [0x00000007aacb0000, 0x00000007cbcb0000, 0x0000000800000000)
  eden space 323072K, 0% used [0x00000007aacb0000,0x00000007aacb0000,0x00000007be830000)
  from space 60032K, 69% used [0x00000007be830000,0x00000007c10c97a0,0x00000007c22d0000)
  to   space 62208K, 0% used [0x00000007c7ff0000,0x00000007c7ff0000,0x00000007cbcb0000)
 ParOldGen       total 216704K, used 44324K [0x0000000700600000, 0x000000070d9a0000, 0x00000007aacb0000)
  object space 216704K, 20% used [0x0000000700600000,0x00000007031492a8,0x000000070d9a0000)
 PSPermGen       total 40512K, used 18007K [0x00000006fb400000, 0x00000006fdb90000, 0x0000000700600000)
  object space 40512K, 44% used [0x00000006fb400000,0x00000006fc595d18,0x00000006fdb90000)
}
Event: 10.675 GC heap before
{Heap before GC invocations=12 (full 2):
 PSYoungGen      total 383104K, used 362920K [0x00000007aacb0000, 0x00000007cbcb0000, 0x0000000800000000)
  eden space 323072K, 99% used [0x00000007aacb0000,0x00000007be680a68,0x00000007be830000)
  from space 60032K, 69% used [0x00000007be830000,0x00000007c10c97a0,0x00000007c22d0000)
  to   space 62208K, 0% used [0x00000007c7ff0000,0x00000007c7ff0000,0x00000007cbcb0000)
 ParOldGen       total 216704K, used 44324K [0x0000000700600000, 0x000000070d9a0000, 0x00000007aacb0000)
  object space 216704K, 20% used [0x0000000700600000,0x00000007031492a8,0x000000070d9a0000)
 PSPermGen       total 40512K, used 18008K [0x00000006fb400000, 0x00000006fdb90000, 0x0000000700600000)
  object space 40512K, 44% used [0x00000006fb400000,0x00000006fc5963b0,0x00000006fdb90000)
Event: 10.683 GC heap after
Heap after GC invocations=12 (full 2):
 PSYoungGen      total 469504K, used 29227K [0x00000007aacb0000, 0x00000007cb540000, 0x0000000800000000)
  eden space 414912K, 0% used [0x00000007aacb0000,0x00000007aacb0000,0x00000007c41e0000)
  from space 54592K, 53% used [0x00000007c7ff0000,0x00000007c9c7ac48,0x00000007cb540000)
  to   space 59072K, 0% used [0x00000007c41e0000,0x00000007c41e0000,0x00000007c7b90000)
 ParOldGen       total 216704K, used 44324K [0x0000000700600000, 0x000000070d9a0000, 0x00000007aacb0000)
  object space 216704K, 20% used [0x0000000700600000,0x00000007031492a8,0x000000070d9a0000)
 PSPermGen       total 40512K, used 18008K [0x00000006fb400000, 0x00000006fdb90000, 0x0000000700600000)
  object space 40512K, 44% used [0x00000006fb400000,0x00000006fc5963b0,0x00000006fdb90000)
}
Event: 11.498 GC heap before
{Heap before GC invocations=13 (full 2):
 PSYoungGen      total 469504K, used 441079K [0x00000007aacb0000, 0x00000007cb540000, 0x0000000800000000)
  eden space 414912K, 99% used [0x00000007aacb0000,0x00000007c3ee3018,0x00000007c41e0000)
  from space 54592K, 53% used [0x00000007c7ff0000,0x00000007c9c7ac48,0x00000007cb540000)
  to   space 59072K, 0% used [0x00000007c41e0000,0x00000007c41e0000,0x00000007c7b90000)
 ParOldGen       total 216704K, used 50399K [0x0000000700600000, 0x000000070d9a0000, 0x00000007aacb0000)
  object space 216704K, 23% used [0x0000000700600000,0x0000000703737eb8,0x000000070d9a0000)
 PSPermGen       total 40512K, used 18009K [0x00000006fb400000, 0x00000006fdb90000, 0x0000000700600000)
  object space 40512K, 44% used [0x00000006fb400000,0x00000006fc596720,0x00000006fdb90000)
Event: 11.506 GC heap after
Heap after GC invocations=13 (full 2):
 PSYoungGen      total 473984K, used 41706K [0x00000007aacb0000, 0x00000007d27f0000, 0x0000000800000000)
  eden space 414912K, 0% used [0x00000007aacb0000,0x00000007aacb0000,0x00000007c41e0000)
  from space 59072K, 70% used [0x00000007c41e0000,0x00000007c6a9aad8,0x00000007c7b90000)
  to   space 60800K, 0% used [0x00000007cec90000,0x00000007cec90000,0x00000007d27f0000)
 ParOldGen       total 216704K, used 50399K [0x0000000700600000, 0x000000070d9a0000, 0x00000007aacb0000)
  object space 216704K, 23% used [0x0000000700600000,0x0000000703737eb8,0x000000070d9a0000)
 PSPermGen       total 40512K, used 18009K [0x00000006fb400000, 0x00000006fdb90000, 0x0000000700600000)
  object space 40512K, 44% used [0x00000006fb400000,0x00000006fc596720,0x00000006fdb90000)
}
Event: 12.344 GC heap before
{Heap before GC invocations=14 (full 2):
 PSYoungGen      total 473984K, used 456618K [0x00000007aacb0000, 0x00000007d27f0000, 0x0000000800000000)
  eden space 414912K, 100% used [0x00000007aacb0000,0x00000007c41e0000,0x00000007c41e0000)
  from space 59072K, 70% used [0x00000007c41e0000,0x00000007c6a9aad8,0x00000007c7b90000)
  to   space 60800K, 0% used [0x00000007cec90000,0x00000007cec90000,0x00000007d27f0000)
 ParOldGen       total 216704K, used 86574K [0x0000000700600000, 0x000000070d9a0000, 0x00000007aacb0000)
  object space 216704K, 39% used [0x0000000700600000,0x0000000705a8bbe0,0x000000070d9a0000)
 PSPermGen       total 40512K, used 18021K [0x00000006fb400000, 0x00000006fdb90000, 0x0000000700600000)
  object space 40512K, 44% used [0x00000006fb400000,0x00000006fc599598,0x00000006fdb90000)
Event: 12.356 GC heap after
Heap after GC invocations=14 (full 2):
 PSYoungGen      total 587840K, used 43431K [0x00000007aacb0000, 0x00000007d2cf0000, 0x0000000800000000)
  eden space 527040K, 0% used [0x00000007aacb0000,0x00000007aacb0000,0x00000007caf60000)
  from space 60800K, 71% used [0x00000007cec90000,0x00000007d16f9d08,0x00000007d27f0000)
  to   space 62656K, 0% used [0x00000007caf60000,0x00000007caf60000,0x00000007cec90000)
 ParOldGen       total 216704K, used 86574K [0x0000000700600000, 0x000000070d9a0000, 0x00000007aacb0000)
  object space 216704K, 39% used [0x0000000700600000,0x0000000705a8bbe0,0x000000070d9a0000)
 PSPermGen       total 40512K, used 18021K [0x00000006fb400000, 0x00000006fdb90000, 0x0000000700600000)
  object space 40512K, 44% used [0x00000006fb400000,0x00000006fc599598,0x00000006fdb90000)
}
Event: 13.364 GC heap before
{Heap before GC invocations=15 (full 2):
 PSYoungGen      total 587840K, used 568974K [0x00000007aacb0000, 0x00000007d2cf0000, 0x0000000800000000)
  eden space 527040K, 99% used [0x00000007aacb0000,0x00000007cade9d60,0x00000007caf60000)
  from space 60800K, 71% used [0x00000007cec90000,0x00000007d16f9d08,0x00000007d27f0000)
  to   space 62656K, 0% used [0x00000007caf60000,0x00000007caf60000,0x00000007cec90000)
 ParOldGen       total 216704K, used 88599K [0x0000000700600000, 0x000000070d9a0000, 0x00000007aacb0000)
  object space 216704K, 40% used [0x0000000700600000,0x0000000705c85ff0,0x000000070d9a0000)
 PSPermGen       total 40512K, used 18028K [0x00000006fb400000, 0x00000006fdb90000, 0x0000000700600000)
  object space 40512K, 44% used [0x00000006fb400000,0x00000006fc59b218,0x00000006fdb90000)
Event: 13.382 GC heap after
Heap after GC invocations=15 (full 2):
 PSYoungGen      total 589696K, used 61323K [0x00000007aacb0000, 0x00000007dcf00000, 0x0000000800000000)
  eden space 527040K, 0% used [0x00000007aacb0000,0x00000007aacb0000,0x00000007caf60000)
  from space 62656K, 97% used [0x00000007caf60000,0x00000007ceb42d40,0x00000007cec90000)
  to   space 70592K, 0% used [0x00000007d8a10000,0x00000007d8a10000,0x00000007dcf00000)
 ParOldGen       total 216704K, used 104882K [0x0000000700600000, 0x000000070d9a0000, 0x00000007aacb0000)
  object space 216704K, 48% used [0x0000000700600000,0x0000000706c6ca10,0x000000070d9a0000)
 PSPermGen       total 40512K, used 18028K [0x00000006fb400000, 0x00000006fdb90000, 0x0000000700600000)
  object space 40512K, 44% used [0x00000006fb400000,0x00000006fc59b218,0x00000006fdb90000)
}

