# JRE version: 7.0_07-b11
# Java VM: Java HotSpot(TM) 64-Bit Server VM (23.3-b01 mixed mode windows-amd64 compressed oops)
Heap
 PSYoungGen      total 1292352K, used 622362K [0x00000007aacb0000, 0x0000000800000000, 0x0000000800000000)
  eden space 1210176K, 51% used [0x00000007aacb0000,0x00000007d0c76800,0x00000007f4a80000)
  from space 82176K, 0% used [0x00000007fafc0000,0x00000007fafc0000,0x0000000800000000)
  to   space 92928K, 0% used [0x00000007f4a80000,0x00000007f4a80000,0x00000007fa540000)
 ParOldGen       total 335680K, used 57609K [0x0000000700600000, 0x0000000714dd0000, 0x00000007aacb0000)
  object space 335680K, 17% used [0x0000000700600000,0x0000000703e42638,0x0000000714dd0000)
 PSPermGen       total 33984K, used 18231K [0x00000006fb400000, 0x00000006fd530000, 0x0000000700600000)
  object space 33984K, 53% used [0x00000006fb400000,0x00000006fc5cdf30,0x00000006fd530000)
GC Heap History (10 events):
Event: 40.855 GC heap before
{Heap before GC invocations=30 (full 5):
 PSYoungGen      total 1315328K, used 1284983K [0x00000007aacb0000, 0x0000000800000000, 0x0000000800000000)
  eden space 1236672K, 99% used [0x00000007aacb0000,0x00000007f62de4d8,0x00000007f6460000)
  from space 78656K, 63% used [0x00000007fb2a0000,0x00000007fe34f758,0x00000007fff70000)
  to   space 79680K, 0% used [0x00000007f6460000,0x00000007f6460000,0x00000007fb230000)
 ParOldGen       total 342016K, used 164777K [0x0000000700600000, 0x0000000715400000, 0x00000007aacb0000)
  object space 342016K, 48% used [0x0000000700600000,0x000000070a6ea4d0,0x0000000715400000)
 PSPermGen       total 36160K, used 18198K [0x00000006fb400000, 0x00000006fd750000, 0x0000000700600000)
  object space 36160K, 50% used [0x00000006fb400000,0x00000006fc5c58b8,0x00000006fd750000)
Event: 40.880 GC heap after
Heap after GC invocations=30 (full 5):
 PSYoungGen      total 1286784K, used 50094K [0x00000007aacb0000, 0x0000000800000000, 0x0000000800000000)
  eden space 1236672K, 0% used [0x00000007aacb0000,0x00000007aacb0000,0x00000007f6460000)
  from space 50112K, 99% used [0x00000007f6460000,0x00000007f954bb30,0x00000007f9550000)
  to   space 80320K, 0% used [0x00000007fb190000,0x00000007fb190000,0x0000000800000000)
 ParOldGen       total 342016K, used 164777K [0x0000000700600000, 0x0000000715400000, 0x00000007aacb0000)
  object space 342016K, 48% used [0x0000000700600000,0x000000070a6ea4d0,0x0000000715400000)
 PSPermGen       total 36160K, used 18198K [0x00000006fb400000, 0x00000006fd750000, 0x0000000700600000)
  object space 36160K, 50% used [0x00000006fb400000,0x00000006fc5c58b8,0x00000006fd750000)
}
Event: 43.668 GC heap before
{Heap before GC invocations=31 (full 5):
 PSYoungGen      total 1286784K, used 1286749K [0x00000007aacb0000, 0x0000000800000000, 0x0000000800000000)
  eden space 1236672K, 99% used [0x00000007aacb0000,0x00000007f645ba28,0x00000007f6460000)
  from space 50112K, 99% used [0x00000007f6460000,0x00000007f954bb30,0x00000007f9550000)
  to   space 80320K, 0% used [0x00000007fb190000,0x00000007fb190000,0x0000000800000000)
 ParOldGen       total 342016K, used 280143K [0x0000000700600000, 0x0000000715400000, 0x00000007aacb0000)
  object space 342016K, 81% used [0x0000000700600000,0x0000000711793f40,0x0000000715400000)
 PSPermGen       total 36160K, used 18213K [0x00000006fb400000, 0x00000006fd750000, 0x0000000700600000)
  object space 36160K, 50% used [0x00000006fb400000,0x00000006fc5c9558,0x00000006fd750000)
Event: 43.673 GC heap after
Heap after GC invocations=31 (full 5):
 PSYoungGen      total 1319680K, used 36788K [0x00000007aacb0000, 0x0000000800000000, 0x0000000800000000)
  eden space 1239360K, 0% used [0x00000007aacb0000,0x00000007aacb0000,0x00000007f6700000)
  from space 80320K, 45% used [0x00000007fb190000,0x00000007fd57d318,0x0000000800000000)
  to   space 76352K, 0% used [0x00000007f6700000,0x00000007f6700000,0x00000007fb190000)
 ParOldGen       total 342016K, used 280143K [0x0000000700600000, 0x0000000715400000, 0x00000007aacb0000)
  object space 342016K, 81% used [0x0000000700600000,0x0000000711793f40,0x0000000715400000)
 PSPermGen       total 36160K, used 18213K [0x00000006fb400000, 0x00000006fd750000, 0x0000000700600000)
  object space 36160K, 50% used [0x00000006fb400000,0x00000006fc5c9558,0x00000006fd750000)
}
Event: 46.296 GC heap before
{Heap before GC invocations=32 (full 5):
 PSYoungGen      total 1319680K, used 1270908K [0x00000007aacb0000, 0x0000000800000000, 0x0000000800000000)
  eden space 1239360K, 99% used [0x00000007aacb0000,0x00000007f61e1ef0,0x00000007f6700000)
  from space 80320K, 45% used [0x00000007fb190000,0x00000007fd57d318,0x0000000800000000)
  to   space 76352K, 0% used [0x00000007f6700000,0x00000007f6700000,0x00000007fb190000)
 ParOldGen       total 342016K, used 280143K [0x0000000700600000, 0x0000000715400000, 0x00000007aacb0000)
  object space 342016K, 81% used [0x0000000700600000,0x0000000711793f40,0x0000000715400000)
 PSPermGen       total 36160K, used 18217K [0x00000006fb400000, 0x00000006fd750000, 0x0000000700600000)
  object space 36160K, 50% used [0x00000006fb400000,0x00000006fc5ca6f8,0x00000006fd750000)
Event: 46.307 GC heap after
Heap after GC invocations=32 (full 5):
 PSYoungGen      total 1303488K, used 64070K [0x00000007aacb0000, 0x0000000800000000, 0x0000000800000000)
  eden space 1239360K, 0% used [0x00000007aacb0000,0x00000007aacb0000,0x00000007f6700000)
  from space 64128K, 99% used [0x00000007f6700000,0x00000007fa591830,0x00000007fa5a0000)
  to   space 82176K, 0% used [0x00000007fafc0000,0x00000007fafc0000,0x0000000800000000)
 ParOldGen       total 342016K, used 280143K [0x0000000700600000, 0x0000000715400000, 0x00000007aacb0000)
  object space 342016K, 81% used [0x0000000700600000,0x0000000711793f40,0x0000000715400000)
 PSPermGen       total 36160K, used 18217K [0x00000006fb400000, 0x00000006fd750000, 0x0000000700600000)
  object space 36160K, 50% used [0x00000006fb400000,0x00000006fc5ca6f8,0x00000006fd750000)
}
Event: 48.921 GC heap before
{Heap before GC invocations=33 (full 5):
 PSYoungGen      total 1303488K, used 1302418K [0x00000007aacb0000, 0x0000000800000000, 0x0000000800000000)
  eden space 1239360K, 99% used [0x00000007aacb0000,0x00000007f6603150,0x00000007f6700000)
  from space 64128K, 99% used [0x00000007f6700000,0x00000007fa591830,0x00000007fa5a0000)
  to   space 82176K, 0% used [0x00000007fafc0000,0x00000007fafc0000,0x0000000800000000)
 ParOldGen       total 342016K, used 282168K [0x0000000700600000, 0x0000000715400000, 0x00000007aacb0000)
  object space 342016K, 82% used [0x0000000700600000,0x000000071198e350,0x0000000715400000)
 PSPermGen       total 36160K, used 18220K [0x00000006fb400000, 0x00000006fd750000, 0x0000000700600000)
  object space 36160K, 50% used [0x00000006fb400000,0x00000006fc5cb008,0x00000006fd750000)
Event: 48.942 GC heap after
Heap after GC invocations=33 (full 5):
 PSYoungGen      total 1292352K, used 80949K [0x00000007aacb0000, 0x0000000800000000, 0x0000000800000000)
  eden space 1210176K, 0% used [0x00000007aacb0000,0x00000007aacb0000,0x00000007f4a80000)
  from space 82176K, 98% used [0x00000007fafc0000,0x00000007ffecd498,0x0000000800000000)
  to   space 92928K, 0% used [0x00000007f4a80000,0x00000007f4a80000,0x00000007fa540000)
 ParOldGen       total 342016K, used 282168K [0x0000000700600000, 0x0000000715400000, 0x00000007aacb0000)
  object space 342016K, 82% used [0x0000000700600000,0x000000071198e350,0x0000000715400000)
 PSPermGen       total 36160K, used 18220K [0x00000006fb400000, 0x00000006fd750000, 0x0000000700600000)
  object space 36160K, 50% used [0x00000006fb400000,0x00000006fc5cb008,0x00000006fd750000)
}
Event: 51.694 GC heap before
{Heap before GC invocations=34 (full 6):
 PSYoungGen      total 1292352K, used 1291125K [0x00000007aacb0000, 0x0000000800000000, 0x0000000800000000)
  eden space 1210176K, 100% used [0x00000007aacb0000,0x00000007f4a80000,0x00000007f4a80000)
  from space 82176K, 98% used [0x00000007fafc0000,0x00000007ffecd498,0x0000000800000000)
  to   space 92928K, 0% used [0x00000007f4a80000,0x00000007f4a80000,0x00000007fa540000)
 ParOldGen       total 391552K, used 391322K [0x0000000700600000, 0x0000000718460000, 0x00000007aacb0000)
  object space 391552K, 99% used [0x0000000700600000,0x0000000718426800,0x0000000718460000)
 PSPermGen       total 36160K, used 18224K [0x00000006fb400000, 0x00000006fd750000, 0x0000000700600000)
  object space 36160K, 50% used [0x00000006fb400000,0x00000006fc5cc220,0x00000006fd750000)
Event: 51.741 GC heap after
Heap after GC invocations=34 (full 6):
 PSYoungGen      total 1292352K, used 0K [0x00000007aacb0000, 0x0000000800000000, 0x0000000800000000)
  eden space 1210176K, 0% used [0x00000007aacb0000,0x00000007aacb0000,0x00000007f4a80000)
  from space 82176K, 0% used [0x00000007fafc0000,0x00000007fafc0000,0x0000000800000000)
  to   space 92928K, 0% used [0x00000007f4a80000,0x00000007f4a80000,0x00000007fa540000)
 ParOldGen       total 335680K, used 57609K [0x0000000700600000, 0x0000000714dd0000, 0x00000007aacb0000)
  object space 335680K, 17% used [0x0000000700600000,0x0000000703e42638,0x0000000714dd0000)
 PSPermGen       total 33984K, used 18224K [0x00000006fb400000, 0x00000006fd530000, 0x0000000700600000)
  object space 33984K, 53% used [0x00000006fb400000,0x00000006fc5cc120,0x00000006fd530000)
}

