# JRE version: 7.0_07-b11
# Java VM: Java HotSpot(TM) 64-Bit Server VM (23.3-b01 mixed mode windows-amd64 compressed oops)
Heap
 PSYoungGen      total 552192K, used 238780K [0x00000007aacb0000, 0x00000007ce6f0000, 0x0000000800000000)
  eden space 522496K, 45% used [0x00000007aacb0000,0x00000007b95df110,0x00000007caaf0000)
  from space 29696K, 0% used [0x00000007cc9f0000,0x00000007cc9f0000,0x00000007ce6f0000)
  to   space 30720K, 0% used [0x00000007caaf0000,0x00000007caaf0000,0x00000007cc8f0000)
 ParOldGen       total 137664K, used 28184K [0x0000000700600000, 0x0000000708c70000, 0x00000007aacb0000)
  object space 137664K, 20% used [0x0000000700600000,0x00000007021861a0,0x0000000708c70000)
 PSPermGen       total 36608K, used 18065K [0x00000006fb400000, 0x00000006fd7c0000, 0x0000000700600000)
  object space 36608K, 49% used [0x00000006fb400000,0x00000006fc5a4598,0x00000006fd7c0000)
GC Heap History (10 events):
Event: 3.658 GC heap before
{Heap before GC invocations=5 (full 0):
 PSYoungGen      total 141824K, used 135356K [0x00000007aacb0000, 0x00000007b41d0000, 0x0000000800000000)
  eden space 130944K, 99% used [0x00000007aacb0000,0x00000007b2b72d20,0x00000007b2c90000)
  from space 10880K, 51% used [0x00000007b3730000,0x00000007b3c9c3d0,0x00000007b41d0000)
  to   space 10880K, 0% used [0x00000007b2c90000,0x00000007b2c90000,0x00000007b3730000)
 ParOldGen       total 174528K, used 56097K [0x0000000700600000, 0x000000070b070000, 0x00000007aacb0000)
  object space 174528K, 32% used [0x0000000700600000,0x0000000703cc8580,0x000000070b070000)
 PSPermGen       total 21248K, used 16806K [0x00000006fb400000, 0x00000006fc8c0000, 0x0000000700600000)
  object space 21248K, 79% used [0x00000006fb400000,0x00000006fc469868,0x00000006fc8c0000)
Event: 3.667 GC heap after
Heap after GC invocations=5 (full 0):
 PSYoungGen      total 141824K, used 10875K [0x00000007aacb0000, 0x00000007be8d0000, 0x0000000800000000)
  eden space 130944K, 0% used [0x00000007aacb0000,0x00000007aacb0000,0x00000007b2c90000)
  from space 10880K, 99% used [0x00000007b2c90000,0x00000007b372efd0,0x00000007b3730000)
  to   space 30912K, 0% used [0x00000007bcaa0000,0x00000007bcaa0000,0x00000007be8d0000)
 ParOldGen       total 174528K, used 69710K [0x0000000700600000, 0x000000070b070000, 0x00000007aacb0000)
  object space 174528K, 39% used [0x0000000700600000,0x0000000704a139b0,0x000000070b070000)
 PSPermGen       total 21248K, used 16806K [0x00000006fb400000, 0x00000006fc8c0000, 0x0000000700600000)
  object space 21248K, 79% used [0x00000006fb400000,0x00000006fc469868,0x00000006fc8c0000)
}
Event: 4.047 GC heap before
{Heap before GC invocations=6 (full 0):
 PSYoungGen      total 141824K, used 136470K [0x00000007aacb0000, 0x00000007be8d0000, 0x0000000800000000)
  eden space 130944K, 95% used [0x00000007aacb0000,0x00000007b2756be0,0x00000007b2c90000)
  from space 10880K, 99% used [0x00000007b2c90000,0x00000007b372efd0,0x00000007b3730000)
  to   space 30912K, 0% used [0x00000007bcaa0000,0x00000007bcaa0000,0x00000007be8d0000)
 ParOldGen       total 174528K, used 69710K [0x0000000700600000, 0x000000070b070000, 0x00000007aacb0000)
  object space 174528K, 39% used [0x0000000700600000,0x0000000704a139b0,0x000000070b070000)
 PSPermGen       total 21248K, used 17718K [0x00000006fb400000, 0x00000006fc8c0000, 0x0000000700600000)
  object space 21248K, 83% used [0x00000006fb400000,0x00000006fc54d820,0x00000006fc8c0000)
Event: 4.055 GC heap after
Heap after GC invocations=6 (full 0):
 PSYoungGen      total 292160K, used 24286K [0x00000007aacb0000, 0x00000007bea10000, 0x0000000800000000)
  eden space 261248K, 0% used [0x00000007aacb0000,0x00000007aacb0000,0x00000007babd0000)
  from space 30912K, 78% used [0x00000007bcaa0000,0x00000007be2578c0,0x00000007be8d0000)
  to   space 31552K, 0% used [0x00000007babd0000,0x00000007babd0000,0x00000007bcaa0000)
 ParOldGen       total 174528K, used 69718K [0x0000000700600000, 0x000000070b070000, 0x00000007aacb0000)
  object space 174528K, 39% used [0x0000000700600000,0x0000000704a159b0,0x000000070b070000)
 PSPermGen       total 21248K, used 17718K [0x00000006fb400000, 0x00000006fc8c0000, 0x0000000700600000)
  object space 21248K, 83% used [0x00000006fb400000,0x00000006fc54d820,0x00000006fc8c0000)
}
Event: 4.902 GC heap before
{Heap before GC invocations=7 (full 0):
 PSYoungGen      total 292160K, used 283370K [0x00000007aacb0000, 0x00000007bea10000, 0x0000000800000000)
  eden space 261248K, 99% used [0x00000007aacb0000,0x00000007ba9b3338,0x00000007babd0000)
  from space 30912K, 78% used [0x00000007bcaa0000,0x00000007be2578c0,0x00000007be8d0000)
  to   space 31552K, 0% used [0x00000007babd0000,0x00000007babd0000,0x00000007bcaa0000)
 ParOldGen       total 174528K, used 69718K [0x0000000700600000, 0x000000070b070000, 0x00000007aacb0000)
  object space 174528K, 39% used [0x0000000700600000,0x0000000704a159b0,0x000000070b070000)
 PSPermGen       total 21248K, used 17959K [0x00000006fb400000, 0x00000006fc8c0000, 0x0000000700600000)
  object space 21248K, 84% used [0x00000006fb400000,0x00000006fc589ca8,0x00000006fc8c0000)
Event: 4.913 GC heap after
Heap after GC invocations=7 (full 0):
 PSYoungGen      total 292800K, used 24063K [0x00000007aacb0000, 0x00000007ce8f0000, 0x0000000800000000)
  eden space 261248K, 0% used [0x00000007aacb0000,0x00000007aacb0000,0x00000007babd0000)
  from space 31552K, 76% used [0x00000007babd0000,0x00000007bc34ff60,0x00000007bcaa0000)
  to   space 31744K, 0% used [0x00000007cc9f0000,0x00000007cc9f0000,0x00000007ce8f0000)
 ParOldGen       total 174528K, used 73252K [0x0000000700600000, 0x000000070b070000, 0x00000007aacb0000)
  object space 174528K, 41% used [0x0000000700600000,0x0000000704d89238,0x000000070b070000)
 PSPermGen       total 21248K, used 17959K [0x00000006fb400000, 0x00000006fc8c0000, 0x0000000700600000)
  object space 21248K, 84% used [0x00000006fb400000,0x00000006fc589ca8,0x00000006fc8c0000)
}
Event: 5.419 GC heap before
{Heap before GC invocations=8 (full 0):
 PSYoungGen      total 292800K, used 282560K [0x00000007aacb0000, 0x00000007ce8f0000, 0x0000000800000000)
  eden space 261248K, 98% used [0x00000007aacb0000,0x00000007ba920258,0x00000007babd0000)
  from space 31552K, 76% used [0x00000007babd0000,0x00000007bc34ff60,0x00000007bcaa0000)
  to   space 31744K, 0% used [0x00000007cc9f0000,0x00000007cc9f0000,0x00000007ce8f0000)
 ParOldGen       total 174528K, used 79327K [0x0000000700600000, 0x000000070b070000, 0x00000007aacb0000)
  object space 174528K, 45% used [0x0000000700600000,0x0000000705377e48,0x000000070b070000)
 PSPermGen       total 21248K, used 18022K [0x00000006fb400000, 0x00000006fc8c0000, 0x0000000700600000)
  object space 21248K, 84% used [0x00000006fb400000,0x00000006fc5999a8,0x00000006fc8c0000)
Event: 5.425 GC heap after
Heap after GC invocations=8 (full 0):
 PSYoungGen      total 552192K, used 19752K [0x00000007aacb0000, 0x00000007ce6f0000, 0x0000000800000000)
  eden space 522496K, 0% used [0x00000007aacb0000,0x00000007aacb0000,0x00000007caaf0000)
  from space 29696K, 66% used [0x00000007cc9f0000,0x00000007cdd3a370,0x00000007ce6f0000)
  to   space 30720K, 0% used [0x00000007caaf0000,0x00000007caaf0000,0x00000007cc8f0000)
 ParOldGen       total 174528K, used 80173K [0x0000000700600000, 0x000000070b070000, 0x00000007aacb0000)
  object space 174528K, 45% used [0x0000000700600000,0x000000070544b658,0x000000070b070000)
 PSPermGen       total 21248K, used 18022K [0x00000006fb400000, 0x00000006fc8c0000, 0x0000000700600000)
  object space 21248K, 84% used [0x00000006fb400000,0x00000006fc5999a8,0x00000006fc8c0000)
}
Event: 6.735 GC heap before
{Heap before GC invocations=9 (full 1):
 PSYoungGen      total 552192K, used 542248K [0x00000007aacb0000, 0x00000007ce6f0000, 0x0000000800000000)
  eden space 522496K, 100% used [0x00000007aacb0000,0x00000007caaf0000,0x00000007caaf0000)
  from space 29696K, 66% used [0x00000007cc9f0000,0x00000007cdd3a370,0x00000007ce6f0000)
  to   space 30720K, 0% used [0x00000007caaf0000,0x00000007caaf0000,0x00000007cc8f0000)
 ParOldGen       total 231808K, used 230451K [0x0000000700600000, 0x000000070e860000, 0x00000007aacb0000)
  object space 231808K, 99% used [0x0000000700600000,0x000000070e70cd68,0x000000070e860000)
 PSPermGen       total 21248K, used 18024K [0x00000006fb400000, 0x00000006fc8c0000, 0x0000000700600000)
  object space 21248K, 84% used [0x00000006fb400000,0x00000006fc59a0d8,0x00000006fc8c0000)
Event: 6.810 GC heap after
Heap after GC invocations=9 (full 1):
 PSYoungGen      total 552192K, used 0K [0x00000007aacb0000, 0x00000007ce6f0000, 0x0000000800000000)
  eden space 522496K, 0% used [0x00000007aacb0000,0x00000007aacb0000,0x00000007caaf0000)
  from space 29696K, 0% used [0x00000007cc9f0000,0x00000007cc9f0000,0x00000007ce6f0000)
  to   space 30720K, 0% used [0x00000007caaf0000,0x00000007caaf0000,0x00000007cc8f0000)
 ParOldGen       total 137664K, used 28184K [0x0000000700600000, 0x0000000708c70000, 0x00000007aacb0000)
  object space 137664K, 20% used [0x0000000700600000,0x00000007021861a0,0x0000000708c70000)
 PSPermGen       total 36608K, used 18017K [0x00000006fb400000, 0x00000006fd7c0000, 0x0000000700600000)
  object space 36608K, 49% used [0x00000006fb400000,0x00000006fc5986d0,0x00000006fd7c0000)
}

