# JRE version: 7.0_07-b11
# Java VM: Java HotSpot(TM) 64-Bit Server VM (23.3-b01 mixed mode windows-amd64 compressed oops)
Heap
 PSYoungGen      total 1325824K, used 236601K [0x00000007aacb0000, 0x0000000800000000, 0x0000000800000000)
  eden space 1259968K, 18% used [0x00000007aacb0000,0x00000007b9337218,0x00000007f7b20000)
  from space 65856K, 0% used [0x00000007fbfb0000,0x00000007fc0374a0,0x0000000800000000)
  to   space 68032K, 0% used [0x00000007f7b20000,0x00000007f7b20000,0x00000007fbd90000)
 ParOldGen       total 186176K, used 100820K [0x0000000700600000, 0x000000070bbd0000, 0x00000007aacb0000)
  object space 186176K, 54% used [0x0000000700600000,0x0000000706875220,0x000000070bbd0000)
 PSPermGen       total 41024K, used 18166K [0x00000006fb400000, 0x00000006fdc10000, 0x0000000700600000)
  object space 41024K, 44% used [0x00000006fb400000,0x00000006fc5bda58,0x00000006fdc10000)
GC Heap History (10 events):
Event: 10.269 GC heap before
{Heap before GC invocations=12 (full 1):
 PSYoungGen      total 885120K, used 830848K [0x00000007aacb0000, 0x00000007e4540000, 0x0000000800000000)
  eden space 830848K, 100% used [0x00000007aacb0000,0x00000007dd810000,0x00000007dd810000)
  from space 54272K, 0% used [0x00000007e0e20000,0x00000007e0e20000,0x00000007e4320000)
  to   space 55360K, 0% used [0x00000007dd810000,0x00000007dd810000,0x00000007e0e20000)
 ParOldGen       total 145408K, used 28359K [0x0000000700600000, 0x0000000709400000, 0x00000007aacb0000)
  object space 145408K, 19% used [0x0000000700600000,0x00000007021b1dc8,0x0000000709400000)
 PSPermGen       total 36736K, used 18099K [0x00000006fb400000, 0x00000006fd7e0000, 0x0000000700600000)
  object space 36736K, 49% used [0x00000006fb400000,0x00000006fc5acee8,0x00000006fd7e0000)
Event: 10.283 GC heap after
Heap after GC invocations=12 (full 1):
 PSYoungGen      total 886208K, used 52706K [0x00000007aacb0000, 0x00000007fa1a0000, 0x0000000800000000)
  eden space 830848K, 0% used [0x00000007aacb0000,0x00000007aacb0000,0x00000007dd810000)
  from space 55360K, 95% used [0x00000007dd810000,0x00000007e0b88b70,0x00000007e0e20000)
  to   space 60416K, 0% used [0x00000007f66a0000,0x00000007f66a0000,0x00000007fa1a0000)
 ParOldGen       total 145408K, used 28359K [0x0000000700600000, 0x0000000709400000, 0x00000007aacb0000)
  object space 145408K, 19% used [0x0000000700600000,0x00000007021b1dc8,0x0000000709400000)
 PSPermGen       total 36736K, used 18099K [0x00000006fb400000, 0x00000006fd7e0000, 0x0000000700600000)
  object space 36736K, 49% used [0x00000006fb400000,0x00000006fc5acee8,0x00000006fd7e0000)
}
Event: 12.301 GC heap before
{Heap before GC invocations=13 (full 1):
 PSYoungGen      total 886208K, used 883554K [0x00000007aacb0000, 0x00000007fa1a0000, 0x0000000800000000)
  eden space 830848K, 100% used [0x00000007aacb0000,0x00000007dd810000,0x00000007dd810000)
  from space 55360K, 95% used [0x00000007dd810000,0x00000007e0b88b70,0x00000007e0e20000)
  to   space 60416K, 0% used [0x00000007f66a0000,0x00000007f66a0000,0x00000007fa1a0000)
 ParOldGen       total 145408K, used 84303K [0x0000000700600000, 0x0000000709400000, 0x00000007aacb0000)
  object space 145408K, 57% used [0x0000000700600000,0x0000000705853d48,0x0000000709400000)
 PSPermGen       total 36736K, used 18113K [0x00000006fb400000, 0x00000006fd7e0000, 0x0000000700600000)
  object space 36736K, 49% used [0x00000006fb400000,0x00000006fc5b0560,0x00000006fd7e0000)
Event: 12.304 GC heap after
Heap after GC invocations=13 (full 1):
 PSYoungGen      total 1189056K, used 192K [0x00000007aacb0000, 0x00000007f8c80000, 0x0000000800000000)
  eden space 1150272K, 0% used [0x00000007aacb0000,0x00000007aacb0000,0x00000007f1000000)
  from space 38784K, 0% used [0x00000007f66a0000,0x00000007f66d0000,0x00000007f8c80000)
  to   space 63744K, 0% used [0x00000007f1000000,0x00000007f1000000,0x00000007f4e40000)
 ParOldGen       total 145408K, used 102672K [0x0000000700600000, 0x0000000709400000, 0x00000007aacb0000)
  object space 145408K, 70% used [0x0000000700600000,0x0000000706a441c8,0x0000000709400000)
 PSPermGen       total 36736K, used 18113K [0x00000006fb400000, 0x00000006fd7e0000, 0x0000000700600000)
  object space 36736K, 49% used [0x00000006fb400000,0x00000006fc5b0560,0x00000006fd7e0000)
}
Event: 15.766 GC heap before
{Heap before GC invocations=14 (full 2):
 PSYoungGen      total 1189056K, used 1150464K [0x00000007aacb0000, 0x00000007f8c80000, 0x0000000800000000)
  eden space 1150272K, 100% used [0x00000007aacb0000,0x00000007f1000000,0x00000007f1000000)
  from space 38784K, 0% used [0x00000007f66a0000,0x00000007f66d0000,0x00000007f8c80000)
  to   space 63744K, 0% used [0x00000007f1000000,0x00000007f1000000,0x00000007f4e40000)
 ParOldGen       total 185600K, used 183938K [0x0000000700600000, 0x000000070bb40000, 0x00000007aacb0000)
  object space 185600K, 99% used [0x0000000700600000,0x000000070b9a09e0,0x000000070bb40000)
 PSPermGen       total 36736K, used 18138K [0x00000006fb400000, 0x00000006fd7e0000, 0x0000000700600000)
  object space 36736K, 49% used [0x00000006fb400000,0x00000006fc5b6ba0,0x00000006fd7e0000)
Event: 15.801 GC heap after
Heap after GC invocations=14 (full 2):
 PSYoungGen      total 1189056K, used 0K [0x00000007aacb0000, 0x00000007f8c80000, 0x0000000800000000)
  eden space 1150272K, 0% used [0x00000007aacb0000,0x00000007aacb0000,0x00000007f1000000)
  from space 38784K, 0% used [0x00000007f66a0000,0x00000007f66a0000,0x00000007f8c80000)
  to   space 63744K, 0% used [0x00000007f1000000,0x00000007f1000000,0x00000007f4e40000)
 ParOldGen       total 186176K, used 36931K [0x0000000700600000, 0x000000070bbd0000, 0x00000007aacb0000)
  object space 186176K, 19% used [0x0000000700600000,0x0000000702a10e58,0x000000070bbd0000)
 PSPermGen       total 41024K, used 18138K [0x00000006fb400000, 0x00000006fdc10000, 0x0000000700600000)
  object space 41024K, 44% used [0x00000006fb400000,0x00000006fc5b6ab0,0x00000006fdc10000)
}
Event: 18.519 GC heap before
{Heap before GC invocations=15 (full 2):
 PSYoungGen      total 1189056K, used 1149327K [0x00000007aacb0000, 0x00000007f8c80000, 0x0000000800000000)
  eden space 1150272K, 99% used [0x00000007aacb0000,0x00000007f0f13df8,0x00000007f1000000)
  from space 38784K, 0% used [0x00000007f66a0000,0x00000007f66a0000,0x00000007f8c80000)
  to   space 63744K, 0% used [0x00000007f1000000,0x00000007f1000000,0x00000007f4e40000)
 ParOldGen       total 186176K, used 38956K [0x0000000700600000, 0x000000070bbd0000, 0x00000007aacb0000)
  object space 186176K, 20% used [0x0000000700600000,0x0000000702c0b268,0x000000070bbd0000)
 PSPermGen       total 41024K, used 18148K [0x00000006fb400000, 0x00000006fdc10000, 0x0000000700600000)
  object space 41024K, 44% used [0x00000006fb400000,0x00000006fc5b9230,0x00000006fdc10000)
Event: 18.531 GC heap after
Heap after GC invocations=15 (full 2):
 PSYoungGen      total 1214016K, used 45704K [0x00000007aacb0000, 0x0000000800000000, 0x0000000800000000)
  eden space 1150272K, 0% used [0x00000007aacb0000,0x00000007aacb0000,0x00000007f1000000)
  from space 63744K, 71% used [0x00000007f1000000,0x00000007f3ca2308,0x00000007f4e40000)
  to   space 65856K, 0% used [0x00000007fbfb0000,0x00000007fbfb0000,0x0000000800000000)
 ParOldGen       total 186176K, used 38956K [0x0000000700600000, 0x000000070bbd0000, 0x00000007aacb0000)
  object space 186176K, 20% used [0x0000000700600000,0x0000000702c0b268,0x000000070bbd0000)
 PSPermGen       total 41024K, used 18148K [0x00000006fb400000, 0x00000006fdc10000, 0x0000000700600000)
  object space 41024K, 44% used [0x00000006fb400000,0x00000006fc5b9230,0x00000006fdc10000)
}
Event: 21.155 GC heap before
{Heap before GC invocations=16 (full 2):
 PSYoungGen      total 1214016K, used 1195976K [0x00000007aacb0000, 0x0000000800000000, 0x0000000800000000)
  eden space 1150272K, 100% used [0x00000007aacb0000,0x00000007f1000000,0x00000007f1000000)
  from space 63744K, 71% used [0x00000007f1000000,0x00000007f3ca2308,0x00000007f4e40000)
  to   space 65856K, 0% used [0x00000007fbfb0000,0x00000007fbfb0000,0x0000000800000000)
 ParOldGen       total 186176K, used 94519K [0x0000000700600000, 0x000000070bbd0000, 0x00000007aacb0000)
  object space 186176K, 50% used [0x0000000700600000,0x000000070624def8,0x000000070bbd0000)
 PSPermGen       total 41024K, used 18165K [0x00000006fb400000, 0x00000006fdc10000, 0x0000000700600000)
  object space 41024K, 44% used [0x00000006fb400000,0x00000006fc5bd4c0,0x00000006fdc10000)
Event: 21.157 GC heap after
Heap after GC invocations=16 (full 2):
 PSYoungGen      total 1325824K, used 541K [0x00000007aacb0000, 0x0000000800000000, 0x0000000800000000)
  eden space 1259968K, 0% used [0x00000007aacb0000,0x00000007aacb0000,0x00000007f7b20000)
  from space 65856K, 0% used [0x00000007fbfb0000,0x00000007fc0374a0,0x0000000800000000)
  to   space 68032K, 0% used [0x00000007f7b20000,0x00000007f7b20000,0x00000007fbd90000)
 ParOldGen       total 186176K, used 100820K [0x0000000700600000, 0x000000070bbd0000, 0x00000007aacb0000)
  object space 186176K, 54% used [0x0000000700600000,0x0000000706875220,0x000000070bbd0000)
 PSPermGen       total 41024K, used 18165K [0x00000006fb400000, 0x00000006fdc10000, 0x0000000700600000)
  object space 41024K, 44% used [0x00000006fb400000,0x00000006fc5bd4c0,0x00000006fdc10000)
}

