# JRE version: 7.0_07-b11
# Java VM: Java HotSpot(TM) 64-Bit Server VM (23.3-b01 mixed mode windows-amd64 compressed oops)
Heap
 PSYoungGen      total 204032K, used 108999K [0x00000007aacb0000, 0x00000007baf00000, 0x0000000800000000)
  eden space 175424K, 50% used [0x00000007aacb0000,0x00000007b02e4268,0x00000007b5800000)
  from space 28608K, 72% used [0x00000007b9310000,0x00000007ba74dce0,0x00000007baf00000)
  to   space 44544K, 0% used [0x00000007b5800000,0x00000007b5800000,0x00000007b8380000)
 ParOldGen       total 305536K, used 35373K [0x0000000700600000, 0x0000000713060000, 0x00000007aacb0000)
  object space 305536K, 11% used [0x0000000700600000,0x000000070288b5d0,0x0000000713060000)
 PSPermGen       total 37632K, used 18004K [0x00000006fb400000, 0x00000006fd8c0000, 0x0000000700600000)
  object space 37632K, 47% used [0x00000006fb400000,0x00000006fc595120,0x00000006fd8c0000)
GC Heap History (10 events):
Event: 7.422 GC heap before
{Heap before GC invocations=6 (full 2):
 PSYoungGen      total 141824K, used 130944K [0x00000007aacb0000, 0x00000007b41d0000, 0x0000000800000000)
  eden space 130944K, 100% used [0x00000007aacb0000,0x00000007b2c90000,0x00000007b2c90000)
  from space 10880K, 0% used [0x00000007b3730000,0x00000007b3730000,0x00000007b41d0000)
  to   space 10880K, 0% used [0x00000007b2c90000,0x00000007b2c90000,0x00000007b3730000)
 ParOldGen       total 268480K, used 267875K [0x0000000700600000, 0x0000000710c30000, 0x00000007aacb0000)
  object space 268480K, 99% used [0x0000000700600000,0x0000000710b98e28,0x0000000710c30000)
 PSPermGen       total 36160K, used 17945K [0x00000006fb400000, 0x00000006fd750000, 0x0000000700600000)
  object space 36160K, 49% used [0x00000006fb400000,0x00000006fc586438,0x00000006fd750000)
Event: 7.451 GC heap after
Heap after GC invocations=6 (full 2):
 PSYoungGen      total 141824K, used 0K [0x00000007aacb0000, 0x00000007b41d0000, 0x0000000800000000)
  eden space 130944K, 0% used [0x00000007aacb0000,0x00000007aacb0000,0x00000007b2c90000)
  from space 10880K, 0% used [0x00000007b3730000,0x00000007b3730000,0x00000007b41d0000)
  to   space 10880K, 0% used [0x00000007b2c90000,0x00000007b2c90000,0x00000007b3730000)
 ParOldGen       total 186880K, used 23016K [0x0000000700600000, 0x000000070bc80000, 0x00000007aacb0000)
  object space 186880K, 12% used [0x0000000700600000,0x0000000701c7a1a0,0x000000070bc80000)
 PSPermGen       total 40896K, used 17945K [0x00000006fb400000, 0x00000006fdbf0000, 0x0000000700600000)
  object space 40896K, 43% used [0x00000006fb400000,0x00000006fc586418,0x00000006fdbf0000)
}
Event: 7.682 GC heap before
{Heap before GC invocations=7 (full 2):
 PSYoungGen      total 141824K, used 130115K [0x00000007aacb0000, 0x00000007b41d0000, 0x0000000800000000)
  eden space 130944K, 99% used [0x00000007aacb0000,0x00000007b2bc0eb0,0x00000007b2c90000)
  from space 10880K, 0% used [0x00000007b3730000,0x00000007b3730000,0x00000007b41d0000)
  to   space 10880K, 0% used [0x00000007b2c90000,0x00000007b2c90000,0x00000007b3730000)
 ParOldGen       total 186880K, used 35166K [0x0000000700600000, 0x000000070bc80000, 0x00000007aacb0000)
  object space 186880K, 18% used [0x0000000700600000,0x00000007028579c0,0x000000070bc80000)
 PSPermGen       total 40896K, used 17945K [0x00000006fb400000, 0x00000006fdbf0000, 0x0000000700600000)
  object space 40896K, 43% used [0x00000006fb400000,0x00000006fc5865f8,0x00000006fdbf0000)
Event: 7.687 GC heap after
Heap after GC invocations=7 (full 2):
 PSYoungGen      total 141824K, used 10560K [0x00000007aacb0000, 0x00000007bc2f0000, 0x0000000800000000)
  eden space 130944K, 0% used [0x00000007aacb0000,0x00000007aacb0000,0x00000007b2c90000)
  from space 10880K, 97% used [0x00000007b2c90000,0x00000007b36e0030,0x00000007b3730000)
  to   space 49024K, 0% used [0x00000007b9310000,0x00000007b9310000,0x00000007bc2f0000)
 ParOldGen       total 186880K, used 54150K [0x0000000700600000, 0x000000070bc80000, 0x00000007aacb0000)
  object space 186880K, 28% used [0x0000000700600000,0x0000000703ae1b80,0x000000070bc80000)
 PSPermGen       total 40896K, used 17945K [0x00000006fb400000, 0x00000006fdbf0000, 0x0000000700600000)
  object space 40896K, 43% used [0x00000006fb400000,0x00000006fc5865f8,0x00000006fdbf0000)
}
Event: 8.565 GC heap before
{Heap before GC invocations=8 (full 3):
 PSYoungGen      total 141824K, used 141393K [0x00000007aacb0000, 0x00000007bc2f0000, 0x0000000800000000)
  eden space 130944K, 99% used [0x00000007aacb0000,0x00000007b2c74600,0x00000007b2c90000)
  from space 10880K, 97% used [0x00000007b2c90000,0x00000007b36e0030,0x00000007b3730000)
  to   space 49024K, 0% used [0x00000007b9310000,0x00000007b9310000,0x00000007bc2f0000)
 ParOldGen       total 338752K, used 338284K [0x0000000700600000, 0x00000007150d0000, 0x00000007aacb0000)
  object space 338752K, 99% used [0x0000000700600000,0x000000071505b2d0,0x00000007150d0000)
 PSPermGen       total 40896K, used 17971K [0x00000006fb400000, 0x00000006fdbf0000, 0x0000000700600000)
  object space 40896K, 43% used [0x00000006fb400000,0x00000006fc58cfa0,0x00000006fdbf0000)
Event: 8.598 GC heap after
Heap after GC invocations=8 (full 3):
 PSYoungGen      total 141824K, used 0K [0x00000007aacb0000, 0x00000007bc2f0000, 0x0000000800000000)
  eden space 130944K, 0% used [0x00000007aacb0000,0x00000007aacb0000,0x00000007b2c90000)
  from space 10880K, 0% used [0x00000007b2c90000,0x00000007b2c90000,0x00000007b3730000)
  to   space 49024K, 0% used [0x00000007b9310000,0x00000007b9310000,0x00000007bc2f0000)
 ParOldGen       total 243648K, used 35538K [0x0000000700600000, 0x000000070f3f0000, 0x00000007aacb0000)
  object space 243648K, 14% used [0x0000000700600000,0x00000007028b49d0,0x000000070f3f0000)
 PSPermGen       total 39232K, used 17971K [0x00000006fb400000, 0x00000006fda50000, 0x0000000700600000)
  object space 39232K, 45% used [0x00000006fb400000,0x00000006fc58cf80,0x00000006fda50000)
}
Event: 9.362 GC heap before
{Heap before GC invocations=9 (full 4):
 PSYoungGen      total 141824K, used 130944K [0x00000007aacb0000, 0x00000007bc2f0000, 0x0000000800000000)
  eden space 130944K, 100% used [0x00000007aacb0000,0x00000007b2c90000,0x00000007b2c90000)
  from space 10880K, 0% used [0x00000007b2c90000,0x00000007b2c90000,0x00000007b3730000)
  to   space 49024K, 0% used [0x00000007b9310000,0x00000007b9310000,0x00000007bc2f0000)
 ParOldGen       total 287872K, used 285711K [0x0000000700600000, 0x0000000711f20000, 0x00000007aacb0000)
  object space 287872K, 99% used [0x0000000700600000,0x0000000711d03d98,0x0000000711f20000)
 PSPermGen       total 39232K, used 17980K [0x00000006fb400000, 0x00000006fda50000, 0x0000000700600000)
  object space 39232K, 45% used [0x00000006fb400000,0x00000006fc58f1c8,0x00000006fda50000)
Event: 9.385 GC heap after
Heap after GC invocations=9 (full 4):
 PSYoungGen      total 141824K, used 0K [0x00000007aacb0000, 0x00000007bc2f0000, 0x0000000800000000)
  eden space 130944K, 0% used [0x00000007aacb0000,0x00000007aacb0000,0x00000007b2c90000)
  from space 10880K, 0% used [0x00000007b2c90000,0x00000007b2c90000,0x00000007b3730000)
  to   space 49024K, 0% used [0x00000007b9310000,0x00000007b9310000,0x00000007bc2f0000)
 ParOldGen       total 305536K, used 35373K [0x0000000700600000, 0x0000000713060000, 0x00000007aacb0000)
  object space 305536K, 11% used [0x0000000700600000,0x000000070288b5d0,0x0000000713060000)
 PSPermGen       total 37632K, used 17980K [0x00000006fb400000, 0x00000006fd8c0000, 0x0000000700600000)
  object space 37632K, 47% used [0x00000006fb400000,0x00000006fc58f198,0x00000006fd8c0000)
}
Event: 9.757 GC heap before
{Heap before GC invocations=10 (full 4):
 PSYoungGen      total 141824K, used 126979K [0x00000007aacb0000, 0x00000007bc2f0000, 0x0000000800000000)
  eden space 130944K, 96% used [0x00000007aacb0000,0x00000007b28b0ea0,0x00000007b2c90000)
  from space 10880K, 0% used [0x00000007b2c90000,0x00000007b2c90000,0x00000007b3730000)
  to   space 49024K, 0% used [0x00000007b9310000,0x00000007b9310000,0x00000007bc2f0000)
 ParOldGen       total 305536K, used 35373K [0x0000000700600000, 0x0000000713060000, 0x00000007aacb0000)
  object space 305536K, 11% used [0x0000000700600000,0x000000070288b5d0,0x0000000713060000)
 PSPermGen       total 37632K, used 17980K [0x00000006fb400000, 0x00000006fd8c0000, 0x0000000700600000)
  object space 37632K, 47% used [0x00000006fb400000,0x00000006fc58f198,0x00000006fd8c0000)
Event: 9.762 GC heap after
Heap after GC invocations=10 (full 4):
 PSYoungGen      total 204032K, used 20727K [0x00000007aacb0000, 0x00000007baf00000, 0x0000000800000000)
  eden space 175424K, 0% used [0x00000007aacb0000,0x00000007aacb0000,0x00000007b5800000)
  from space 28608K, 72% used [0x00000007b9310000,0x00000007ba74dce0,0x00000007baf00000)
  to   space 44544K, 0% used [0x00000007b5800000,0x00000007b5800000,0x00000007b8380000)
 ParOldGen       total 305536K, used 35373K [0x0000000700600000, 0x0000000713060000, 0x00000007aacb0000)
  object space 305536K, 11% used [0x0000000700600000,0x000000070288b5d0,0x0000000713060000)
 PSPermGen       total 37632K, used 17980K [0x00000006fb400000, 0x00000006fd8c0000, 0x0000000700600000)
  object space 37632K, 47% used [0x00000006fb400000,0x00000006fc58f198,0x00000006fd8c0000)
}

