# JRE version: 7.0_07-b11
# Java VM: Java HotSpot(TM) 64-Bit Server VM (23.3-b01 mixed mode windows-amd64 compressed oops)
Heap
 PSYoungGen      total 1035072K, used 354263K [0x00000007aacb0000, 0x00000007f4120000, 0x0000000800000000)
  eden space 998784K, 31% used [0x00000007aacb0000,0x00000007be46e858,0x00000007e7c10000)
  from space 36288K, 96% used [0x00000007ea1b0000,0x00000007ec3e7560,0x00000007ec520000)
  to   space 38528K, 0% used [0x00000007e7c10000,0x00000007e7c10000,0x00000007ea1b0000)
 ParOldGen       total 149504K, used 91202K [0x0000000700600000, 0x0000000709800000, 0x00000007aacb0000)
  object space 149504K, 61% used [0x0000000700600000,0x0000000705f10b48,0x0000000709800000)
 PSPermGen       total 36608K, used 18208K [0x00000006fb400000, 0x00000006fd7c0000, 0x0000000700600000)
  object space 36608K, 49% used [0x00000006fb400000,0x00000006fc5c8098,0x00000006fd7c0000)
GC Heap History (10 events):
Event: 6.875 GC heap before
{Heap before GC invocations=9 (full 0):
 PSYoungGen      total 552128K, used 548466K [0x00000007aacb0000, 0x00000007ce7d0000, 0x0000000800000000)
  eden space 522688K, 99% used [0x00000007aacb0000,0x00000007ca957a28,0x00000007cab20000)
  from space 29440K, 93% used [0x00000007cc8f0000,0x00000007ce3e4f60,0x00000007ce5b0000)
  to   space 30528K, 0% used [0x00000007cab20000,0x00000007cab20000,0x00000007cc8f0000)
 ParOldGen       total 174528K, used 103020K [0x0000000700600000, 0x000000070b070000, 0x00000007aacb0000)
  object space 174528K, 59% used [0x0000000700600000,0x0000000706a9b148,0x000000070b070000)
 PSPermGen       total 21248K, used 18117K [0x00000006fb400000, 0x00000006fc8c0000, 0x0000000700600000)
  object space 21248K, 85% used [0x00000006fb400000,0x00000006fc5b1698,0x00000006fc8c0000)
Event: 6.883 GC heap after
Heap after GC invocations=9 (full 0):
 PSYoungGen      total 553216K, used 30446K [0x00000007aacb0000, 0x00000007e1cd0000, 0x0000000800000000)
  eden space 522688K, 0% used [0x00000007aacb0000,0x00000007aacb0000,0x00000007cab20000)
  from space 30528K, 99% used [0x00000007cab20000,0x00000007cc8db8c0,0x00000007cc8f0000)
  to   space 32448K, 0% used [0x00000007dfd20000,0x00000007dfd20000,0x00000007e1cd0000)
 ParOldGen       total 174528K, used 103931K [0x0000000700600000, 0x000000070b070000, 0x00000007aacb0000)
  object space 174528K, 59% used [0x0000000700600000,0x0000000706b7ed50,0x000000070b070000)
 PSPermGen       total 21248K, used 18117K [0x00000006fb400000, 0x00000006fc8c0000, 0x0000000700600000)
  object space 21248K, 85% used [0x00000006fb400000,0x00000006fc5b1698,0x00000006fc8c0000)
}
Event: 8.702 GC heap before
{Heap before GC invocations=10 (full 1):
 PSYoungGen      total 553216K, used 553134K [0x00000007aacb0000, 0x00000007e1cd0000, 0x0000000800000000)
  eden space 522688K, 100% used [0x00000007aacb0000,0x00000007cab20000,0x00000007cab20000)
  from space 30528K, 99% used [0x00000007cab20000,0x00000007cc8db8c0,0x00000007cc8f0000)
  to   space 32448K, 0% used [0x00000007dfd20000,0x00000007dfd20000,0x00000007e1cd0000)
 ParOldGen       total 212672K, used 211173K [0x0000000700600000, 0x000000070d5b0000, 0x00000007aacb0000)
  object space 212672K, 99% used [0x0000000700600000,0x000000070d439740,0x000000070d5b0000)
 PSPermGen       total 21248K, used 18153K [0x00000006fb400000, 0x00000006fc8c0000, 0x0000000700600000)
  object space 21248K, 85% used [0x00000006fb400000,0x00000006fc5ba668,0x00000006fc8c0000)
Event: 8.768 GC heap after
Heap after GC invocations=10 (full 1):
 PSYoungGen      total 553216K, used 0K [0x00000007aacb0000, 0x00000007e1cd0000, 0x0000000800000000)
  eden space 522688K, 0% used [0x00000007aacb0000,0x00000007aacb0000,0x00000007cab20000)
  from space 30528K, 0% used [0x00000007cab20000,0x00000007cab20000,0x00000007cc8f0000)
  to   space 32448K, 0% used [0x00000007dfd20000,0x00000007dfd20000,0x00000007e1cd0000)
 ParOldGen       total 149504K, used 45156K [0x0000000700600000, 0x0000000709800000, 0x00000007aacb0000)
  object space 149504K, 30% used [0x0000000700600000,0x00000007032191e8,0x0000000709800000)
 PSPermGen       total 36608K, used 18146K [0x00000006fb400000, 0x00000006fd7c0000, 0x0000000700600000)
  object space 36608K, 49% used [0x00000006fb400000,0x00000006fc5b8bb0,0x00000006fd7c0000)
}
Event: 10.038 GC heap before
{Heap before GC invocations=11 (full 1):
 PSYoungGen      total 553216K, used 521981K [0x00000007aacb0000, 0x00000007e1cd0000, 0x0000000800000000)
  eden space 522688K, 99% used [0x00000007aacb0000,0x00000007caa6f678,0x00000007cab20000)
  from space 30528K, 0% used [0x00000007cab20000,0x00000007cab20000,0x00000007cc8f0000)
  to   space 32448K, 0% used [0x00000007dfd20000,0x00000007dfd20000,0x00000007e1cd0000)
 ParOldGen       total 149504K, used 45156K [0x0000000700600000, 0x0000000709800000, 0x00000007aacb0000)
  object space 149504K, 30% used [0x0000000700600000,0x00000007032191e8,0x0000000709800000)
 PSPermGen       total 36608K, used 18162K [0x00000006fb400000, 0x00000006fd7c0000, 0x0000000700600000)
  object space 36608K, 49% used [0x00000006fb400000,0x00000006fc5bc9c8,0x00000006fd7c0000)
Event: 10.047 GC heap after
Heap after GC invocations=11 (full 1):
 PSYoungGen      total 761152K, used 31760K [0x00000007aacb0000, 0x00000007e1c30000, 0x0000000800000000)
  eden space 729344K, 0% used [0x00000007aacb0000,0x00000007aacb0000,0x00000007d74f0000)
  from space 31808K, 99% used [0x00000007dfd20000,0x00000007e1c24000,0x00000007e1c30000)
  to   space 34304K, 0% used [0x00000007dd930000,0x00000007dd930000,0x00000007dfab0000)
 ParOldGen       total 149504K, used 60723K [0x0000000700600000, 0x0000000709800000, 0x00000007aacb0000)
  object space 149504K, 40% used [0x0000000700600000,0x000000070414ced8,0x0000000709800000)
 PSPermGen       total 36608K, used 18162K [0x00000006fb400000, 0x00000006fd7c0000, 0x0000000700600000)
  object space 36608K, 49% used [0x00000006fb400000,0x00000006fc5bc9c8,0x00000006fd7c0000)
}
Event: 11.870 GC heap before
{Heap before GC invocations=12 (full 1):
 PSYoungGen      total 761152K, used 757204K [0x00000007aacb0000, 0x00000007e1c30000, 0x0000000800000000)
  eden space 729344K, 99% used [0x00000007aacb0000,0x00000007d71213b0,0x00000007d74f0000)
  from space 31808K, 99% used [0x00000007dfd20000,0x00000007e1c24000,0x00000007e1c30000)
  to   space 34304K, 0% used [0x00000007dd930000,0x00000007dd930000,0x00000007dfab0000)
 ParOldGen       total 149504K, used 60723K [0x0000000700600000, 0x0000000709800000, 0x00000007aacb0000)
  object space 149504K, 40% used [0x0000000700600000,0x000000070414ced8,0x0000000709800000)
 PSPermGen       total 36608K, used 18187K [0x00000006fb400000, 0x00000006fd7c0000, 0x0000000700600000)
  object space 36608K, 49% used [0x00000006fb400000,0x00000006fc5c2e28,0x00000006fd7c0000)
Event: 11.880 GC heap after
Heap after GC invocations=12 (full 1):
 PSYoungGen      total 866304K, used 33152K [0x00000007aacb0000, 0x00000007ec520000, 0x0000000800000000)
  eden space 832000K, 0% used [0x00000007aacb0000,0x00000007aacb0000,0x00000007dd930000)
  from space 34304K, 96% used [0x00000007dd930000,0x00000007df9900e0,0x00000007dfab0000)
  to   space 36288K, 0% used [0x00000007ea1b0000,0x00000007ea1b0000,0x00000007ec520000)
 ParOldGen       total 149504K, used 72913K [0x0000000700600000, 0x0000000709800000, 0x00000007aacb0000)
  object space 149504K, 48% used [0x0000000700600000,0x0000000704d346f8,0x0000000709800000)
 PSPermGen       total 36608K, used 18187K [0x00000006fb400000, 0x00000006fd7c0000, 0x0000000700600000)
  object space 36608K, 49% used [0x00000006fb400000,0x00000006fc5c2e28,0x00000006fd7c0000)
}
Event: 13.964 GC heap before
{Heap before GC invocations=13 (full 1):
 PSYoungGen      total 866304K, used 864906K [0x00000007aacb0000, 0x00000007ec520000, 0x0000000800000000)
  eden space 832000K, 99% used [0x00000007aacb0000,0x00000007dd8f2890,0x00000007dd930000)
  from space 34304K, 96% used [0x00000007dd930000,0x00000007df9900e0,0x00000007dfab0000)
  to   space 36288K, 0% used [0x00000007ea1b0000,0x00000007ea1b0000,0x00000007ec520000)
 ParOldGen       total 149504K, used 72913K [0x0000000700600000, 0x0000000709800000, 0x00000007aacb0000)
  object space 149504K, 48% used [0x0000000700600000,0x0000000704d346f8,0x0000000709800000)
 PSPermGen       total 36608K, used 18197K [0x00000006fb400000, 0x00000006fd7c0000, 0x0000000700600000)
  object space 36608K, 49% used [0x00000006fb400000,0x00000006fc5c55d8,0x00000006fd7c0000)
Event: 13.974 GC heap after
Heap after GC invocations=13 (full 1):
 PSYoungGen      total 1035072K, used 35037K [0x00000007aacb0000, 0x00000007f4120000, 0x0000000800000000)
  eden space 998784K, 0% used [0x00000007aacb0000,0x00000007aacb0000,0x00000007e7c10000)
  from space 36288K, 96% used [0x00000007ea1b0000,0x00000007ec3e7560,0x00000007ec520000)
  to   space 38528K, 0% used [0x00000007e7c10000,0x00000007e7c10000,0x00000007ea1b0000)
 ParOldGen       total 149504K, used 91202K [0x0000000700600000, 0x0000000709800000, 0x00000007aacb0000)
  object space 149504K, 61% used [0x0000000700600000,0x0000000705f10b48,0x0000000709800000)
 PSPermGen       total 36608K, used 18197K [0x00000006fb400000, 0x00000006fd7c0000, 0x0000000700600000)
  object space 36608K, 49% used [0x00000006fb400000,0x00000006fc5c55d8,0x00000006fd7c0000)
}

