# JRE version: 7.0_07-b11
# Java VM: Java HotSpot(TM) 64-Bit Server VM (23.3-b01 mixed mode windows-amd64 compressed oops)
Heap
 PSYoungGen      total 647424K, used 628904K [0x00000007aacb0000, 0x00000007d6180000, 0x0000000800000000)
  eden space 589888K, 100% used [0x00000007aacb0000,0x00000007cecc0000,0x00000007cecc0000)
  from space 57536K, 67% used [0x00000007d2940000,0x00000007d4f5a110,0x00000007d6170000)
  to   space 59776K, 0% used [0x00000007cecc0000,0x00000007cecc0000,0x00000007d2720000)
 ParOldGen       total 193408K, used 51922K [0x0000000700600000, 0x000000070c2e0000, 0x00000007aacb0000)
  object space 193408K, 26% used [0x0000000700600000,0x00000007038b4b98,0x000000070c2e0000)
 PSPermGen       total 37632K, used 18136K [0x00000006fb400000, 0x00000006fd8c0000, 0x0000000700600000)
  object space 37632K, 48% used [0x00000006fb400000,0x00000006fc5b6218,0x00000006fd8c0000)
GC Heap History (10 events):
Event: 12.705 GC heap before
{Heap before GC invocations=10 (full 2):
 PSYoungGen      total 294208K, used 253685K [0x00000007aacb0000, 0x00000007cbe10000, 0x0000000800000000)
  eden space 257024K, 98% used [0x00000007aacb0000,0x00000007ba46d788,0x00000007ba7b0000)
  from space 37184K, 0% used [0x00000007ba7b0000,0x00000007ba7b0000,0x00000007bcc00000)
  to   space 43392K, 0% used [0x00000007c93b0000,0x00000007c93b0000,0x00000007cbe10000)
 ParOldGen       total 147648K, used 21042K [0x0000000700600000, 0x0000000709630000, 0x00000007aacb0000)
  object space 147648K, 14% used [0x0000000700600000,0x0000000701a8cbb8,0x0000000709630000)
 PSPermGen       total 40896K, used 18058K [0x00000006fb400000, 0x00000006fdbf0000, 0x0000000700600000)
  object space 40896K, 44% used [0x00000006fb400000,0x00000006fc5a2a00,0x00000006fdbf0000)
Event: 12.717 GC heap after
Heap after GC invocations=10 (full 2):
 PSYoungGen      total 470208K, used 40882K [0x00000007aacb0000, 0x00000007cbba0000, 0x0000000800000000)
  eden space 429312K, 0% used [0x00000007aacb0000,0x00000007aacb0000,0x00000007c4ff0000)
  from space 40896K, 99% used [0x00000007c93b0000,0x00000007cbb9cac0,0x00000007cbba0000)
  to   space 50240K, 0% used [0x00000007c5980000,0x00000007c5980000,0x00000007c8a90000)
 ParOldGen       total 147648K, used 27117K [0x0000000700600000, 0x0000000709630000, 0x00000007aacb0000)
  object space 147648K, 18% used [0x0000000700600000,0x000000070207b7c8,0x0000000709630000)
 PSPermGen       total 40896K, used 18058K [0x00000006fb400000, 0x00000006fdbf0000, 0x0000000700600000)
  object space 40896K, 44% used [0x00000006fb400000,0x00000006fc5a2a00,0x00000006fdbf0000)
}
Event: 14.279 GC heap before
{Heap before GC invocations=11 (full 2):
 PSYoungGen      total 470208K, used 468927K [0x00000007aacb0000, 0x00000007cbba0000, 0x0000000800000000)
  eden space 429312K, 99% used [0x00000007aacb0000,0x00000007c4eb34c0,0x00000007c4ff0000)
  from space 40896K, 99% used [0x00000007c93b0000,0x00000007cbb9cac0,0x00000007cbba0000)
  to   space 50240K, 0% used [0x00000007c5980000,0x00000007c5980000,0x00000007c8a90000)
 ParOldGen       total 147648K, used 30535K [0x0000000700600000, 0x0000000709630000, 0x00000007aacb0000)
  object space 147648K, 20% used [0x0000000700600000,0x00000007023d1c98,0x0000000709630000)
 PSPermGen       total 40896K, used 18066K [0x00000006fb400000, 0x00000006fdbf0000, 0x0000000700600000)
  object space 40896K, 44% used [0x00000006fb400000,0x00000006fc5a4830,0x00000006fdbf0000)
Event: 14.290 GC heap after
Heap after GC invocations=11 (full 2):
 PSYoungGen      total 489344K, used 46989K [0x00000007aacb0000, 0x00000007d6170000, 0x0000000800000000)
  eden space 439104K, 0% used [0x00000007aacb0000,0x00000007aacb0000,0x00000007c5980000)
  from space 50240K, 93% used [0x00000007c5980000,0x00000007c87636d0,0x00000007c8a90000)
  to   space 57536K, 0% used [0x00000007d2940000,0x00000007d2940000,0x00000007d6170000)
 ParOldGen       total 147648K, used 30535K [0x0000000700600000, 0x0000000709630000, 0x00000007aacb0000)
  object space 147648K, 20% used [0x0000000700600000,0x00000007023d1c98,0x0000000709630000)
 PSPermGen       total 40896K, used 18066K [0x00000006fb400000, 0x00000006fdbf0000, 0x0000000700600000)
  object space 40896K, 44% used [0x00000006fb400000,0x00000006fc5a4830,0x00000006fdbf0000)
}
Event: 16.912 GC heap before
{Heap before GC invocations=12 (full 3):
 PSYoungGen      total 489344K, used 484587K [0x00000007aacb0000, 0x00000007d6170000, 0x0000000800000000)
  eden space 439104K, 99% used [0x00000007aacb0000,0x00000007c5807848,0x00000007c5980000)
  from space 50240K, 93% used [0x00000007c5980000,0x00000007c87636d0,0x00000007c8a90000)
  to   space 57536K, 0% used [0x00000007d2940000,0x00000007d2940000,0x00000007d6170000)
 ParOldGen       total 334912K, used 334286K [0x0000000700600000, 0x0000000714d10000, 0x00000007aacb0000)
  object space 334912K, 99% used [0x0000000700600000,0x0000000714c73898,0x0000000714d10000)
 PSPermGen       total 40896K, used 18076K [0x00000006fb400000, 0x00000006fdbf0000, 0x0000000700600000)
  object space 40896K, 44% used [0x00000006fb400000,0x00000006fc5a7398,0x00000006fdbf0000)
Event: 16.954 GC heap after
Heap after GC invocations=12 (full 3):
 PSYoungGen      total 489344K, used 0K [0x00000007aacb0000, 0x00000007d6170000, 0x0000000800000000)
  eden space 439104K, 0% used [0x00000007aacb0000,0x00000007aacb0000,0x00000007c5980000)
  from space 50240K, 0% used [0x00000007c5980000,0x00000007c5980000,0x00000007c8a90000)
  to   space 57536K, 0% used [0x00000007d2940000,0x00000007d2940000,0x00000007d6170000)
 ParOldGen       total 170048K, used 23443K [0x0000000700600000, 0x000000070ac10000, 0x00000007aacb0000)
  object space 170048K, 13% used [0x0000000700600000,0x0000000701ce4ef0,0x000000070ac10000)
 PSPermGen       total 39744K, used 18076K [0x00000006fb400000, 0x00000006fdad0000, 0x0000000700600000)
  object space 39744K, 45% used [0x00000006fb400000,0x00000006fc5a7398,0x00000006fdad0000)
}
Event: 19.676 GC heap before
{Heap before GC invocations=13 (full 4):
 PSYoungGen      total 489344K, used 437682K [0x00000007aacb0000, 0x00000007d6170000, 0x0000000800000000)
  eden space 439104K, 99% used [0x00000007aacb0000,0x00000007c581c9e0,0x00000007c5980000)
  from space 50240K, 0% used [0x00000007c5980000,0x00000007c5980000,0x00000007c8a90000)
  to   space 57536K, 0% used [0x00000007d2940000,0x00000007d2940000,0x00000007d6170000)
 ParOldGen       total 325248K, used 323777K [0x0000000700600000, 0x00000007143a0000, 0x00000007aacb0000)
  object space 325248K, 99% used [0x0000000700600000,0x0000000714230620,0x00000007143a0000)
 PSPermGen       total 39744K, used 18096K [0x00000006fb400000, 0x00000006fdad0000, 0x0000000700600000)
  object space 39744K, 45% used [0x00000006fb400000,0x00000006fc5ac308,0x00000006fdad0000)
Event: 19.710 GC heap after
Heap after GC invocations=13 (full 4):
 PSYoungGen      total 489344K, used 0K [0x00000007aacb0000, 0x00000007d6170000, 0x0000000800000000)
  eden space 439104K, 0% used [0x00000007aacb0000,0x00000007aacb0000,0x00000007c5980000)
  from space 50240K, 0% used [0x00000007c5980000,0x00000007c5980000,0x00000007c8a90000)
  to   space 57536K, 0% used [0x00000007d2940000,0x00000007d2940000,0x00000007d6170000)
 ParOldGen       total 193408K, used 20028K [0x0000000700600000, 0x000000070c2e0000, 0x00000007aacb0000)
  object space 193408K, 10% used [0x0000000700600000,0x000000070198f2e0,0x000000070c2e0000)
 PSPermGen       total 37632K, used 18096K [0x00000006fb400000, 0x00000006fd8c0000, 0x0000000700600000)
  object space 37632K, 48% used [0x00000006fb400000,0x00000006fc5ac308,0x00000006fd8c0000)
}
Event: 21.312 GC heap before
{Heap before GC invocations=14 (full 4):
 PSYoungGen      total 489344K, used 437163K [0x00000007aacb0000, 0x00000007d6170000, 0x0000000800000000)
  eden space 439104K, 99% used [0x00000007aacb0000,0x00000007c579af50,0x00000007c5980000)
  from space 50240K, 0% used [0x00000007c5980000,0x00000007c5980000,0x00000007c8a90000)
  to   space 57536K, 0% used [0x00000007d2940000,0x00000007d2940000,0x00000007d6170000)
 ParOldGen       total 193408K, used 23445K [0x0000000700600000, 0x000000070c2e0000, 0x00000007aacb0000)
  object space 193408K, 12% used [0x0000000700600000,0x0000000701ce57b0,0x000000070c2e0000)
 PSPermGen       total 37632K, used 18100K [0x00000006fb400000, 0x00000006fd8c0000, 0x0000000700600000)
  object space 37632K, 48% used [0x00000006fb400000,0x00000006fc5ad150,0x00000006fd8c0000)
Event: 21.322 GC heap after
Heap after GC invocations=14 (full 4):
 PSYoungGen      total 647424K, used 39016K [0x00000007aacb0000, 0x00000007d6180000, 0x0000000800000000)
  eden space 589888K, 0% used [0x00000007aacb0000,0x00000007aacb0000,0x00000007cecc0000)
  from space 57536K, 67% used [0x00000007d2940000,0x00000007d4f5a110,0x00000007d6170000)
  to   space 59776K, 0% used [0x00000007cecc0000,0x00000007cecc0000,0x00000007d2720000)
 ParOldGen       total 193408K, used 23445K [0x0000000700600000, 0x000000070c2e0000, 0x00000007aacb0000)
  object space 193408K, 12% used [0x0000000700600000,0x0000000701ce57b0,0x000000070c2e0000)
 PSPermGen       total 37632K, used 18100K [0x00000006fb400000, 0x00000006fd8c0000, 0x0000000700600000)
  object space 37632K, 48% used [0x00000006fb400000,0x00000006fc5ad150,0x00000006fd8c0000)
}

