# JRE version: 7.0_07-b11
# Java VM: Java HotSpot(TM) 64-Bit Server VM (23.3-b01 mixed mode windows-amd64 compressed oops)
Heap
 PSYoungGen      total 799360K, used 257655K [0x00000007aacb0000, 0x00000007e3f00000, 0x0000000800000000)
  eden space 741440K, 26% used [0x00000007aacb0000,0x00000007b6fc9770,0x00000007d80c0000)
  from space 57920K, 99% used [0x00000007e0670000,0x00000007e3ef4880,0x00000007e3f00000)
  to   space 68352K, 0% used [0x00000007db980000,0x00000007db980000,0x00000007dfc40000)
 ParOldGen       total 144512K, used 34388K [0x0000000700600000, 0x0000000709320000, 0x00000007aacb0000)
  object space 144512K, 23% used [0x0000000700600000,0x00000007027950f8,0x0000000709320000)
 PSPermGen       total 36288K, used 18062K [0x00000006fb400000, 0x00000006fd770000, 0x0000000700600000)
  object space 36288K, 49% used [0x00000006fb400000,0x00000006fc5a38f0,0x00000006fd770000)
GC Heap History (10 events):
Event: 4.933 GC heap before
{Heap before GC invocations=7 (full 0):
 PSYoungGen      total 306112K, used 298433K [0x00000007aacb0000, 0x00000007c1490000, 0x0000000800000000)
  eden space 257344K, 98% used [0x00000007aacb0000,0x00000007ba51ea40,0x00000007ba800000)
  from space 48768K, 90% used [0x00000007bdc10000,0x00000007c0711cb0,0x00000007c0bb0000)
  to   space 53312K, 0% used [0x00000007ba800000,0x00000007ba800000,0x00000007bdc10000)
 ParOldGen       total 174528K, used 118594K [0x0000000700600000, 0x000000070b070000, 0x00000007aacb0000)
  object space 174528K, 67% used [0x0000000700600000,0x00000007079d0bf8,0x000000070b070000)
 PSPermGen       total 21248K, used 18012K [0x00000006fb400000, 0x00000006fc8c0000, 0x0000000700600000)
  object space 21248K, 84% used [0x00000006fb400000,0x00000006fc5973b0,0x00000006fc8c0000)
Event: 4.950 GC heap after
Heap after GC invocations=7 (full 0):
 PSYoungGen      total 310656K, used 48129K [0x00000007aacb0000, 0x00000007d14b0000, 0x0000000800000000)
  eden space 257344K, 0% used [0x00000007aacb0000,0x00000007aacb0000,0x00000007ba800000)
  from space 53312K, 90% used [0x00000007ba800000,0x00000007bd700470,0x00000007bdc10000)
  to   space 58048K, 0% used [0x00000007cdc00000,0x00000007cdc00000,0x00000007d14b0000)
 ParOldGen       total 174528K, used 138066K [0x0000000700600000, 0x000000070b070000, 0x00000007aacb0000)
  object space 174528K, 79% used [0x0000000700600000,0x0000000708cd49c0,0x000000070b070000)
 PSPermGen       total 21248K, used 18012K [0x00000006fb400000, 0x00000006fc8c0000, 0x0000000700600000)
  object space 21248K, 84% used [0x00000006fb400000,0x00000006fc5973b0,0x00000006fc8c0000)
}
Event: 5.489 GC heap before
{Heap before GC invocations=8 (full 0):
 PSYoungGen      total 310656K, used 304494K [0x00000007aacb0000, 0x00000007d14b0000, 0x0000000800000000)
  eden space 257344K, 99% used [0x00000007aacb0000,0x00000007ba70b3c8,0x00000007ba800000)
  from space 53312K, 90% used [0x00000007ba800000,0x00000007bd700470,0x00000007bdc10000)
  to   space 58048K, 0% used [0x00000007cdc00000,0x00000007cdc00000,0x00000007d14b0000)
 ParOldGen       total 174528K, used 138066K [0x0000000700600000, 0x000000070b070000, 0x00000007aacb0000)
  object space 174528K, 79% used [0x0000000700600000,0x0000000708cd49c0,0x000000070b070000)
 PSPermGen       total 21248K, used 18014K [0x00000006fb400000, 0x00000006fc8c0000, 0x0000000700600000)
  object space 21248K, 84% used [0x00000006fb400000,0x00000006fc597bb8,0x00000006fc8c0000)
Event: 5.504 GC heap after
Heap after GC invocations=8 (full 0):
 PSYoungGen      total 567232K, used 53979K [0x00000007aacb0000, 0x00000007d1f70000, 0x0000000800000000)
  eden space 509184K, 0% used [0x00000007aacb0000,0x00000007aacb0000,0x00000007c9df0000)
  from space 58048K, 92% used [0x00000007cdc00000,0x00000007d10b6f10,0x00000007d14b0000)
  to   space 63552K, 0% used [0x00000007c9df0000,0x00000007c9df0000,0x00000007cdc00000)
 ParOldGen       total 174528K, used 138786K [0x0000000700600000, 0x000000070b070000, 0x00000007aacb0000)
  object space 174528K, 79% used [0x0000000700600000,0x0000000708d889c0,0x000000070b070000)
 PSPermGen       total 21248K, used 18014K [0x00000006fb400000, 0x00000006fc8c0000, 0x0000000700600000)
  object space 21248K, 84% used [0x00000006fb400000,0x00000006fc597bb8,0x00000006fc8c0000)
}
Event: 6.580 GC heap before
{Heap before GC invocations=9 (full 0):
 PSYoungGen      total 567232K, used 558461K [0x00000007aacb0000, 0x00000007d1f70000, 0x0000000800000000)
  eden space 509184K, 99% used [0x00000007aacb0000,0x00000007c99588e8,0x00000007c9df0000)
  from space 58048K, 92% used [0x00000007cdc00000,0x00000007d10b6f10,0x00000007d14b0000)
  to   space 63552K, 0% used [0x00000007c9df0000,0x00000007c9df0000,0x00000007cdc00000)
 ParOldGen       total 174528K, used 138786K [0x0000000700600000, 0x000000070b070000, 0x00000007aacb0000)
  object space 174528K, 79% used [0x0000000700600000,0x0000000708d889c0,0x000000070b070000)
 PSPermGen       total 21248K, used 18017K [0x00000006fb400000, 0x00000006fc8c0000, 0x0000000700600000)
  object space 21248K, 84% used [0x00000006fb400000,0x00000006fc5985e8,0x00000006fc8c0000)
Event: 6.597 GC heap after
Heap after GC invocations=9 (full 0):
 PSYoungGen      total 572736K, used 44737K [0x00000007aacb0000, 0x00000007e4490000, 0x0000000800000000)
  eden space 509184K, 0% used [0x00000007aacb0000,0x00000007aacb0000,0x00000007c9df0000)
  from space 63552K, 70% used [0x00000007c9df0000,0x00000007cc9a0730,0x00000007cdc00000)
  to   space 63616K, 0% used [0x00000007e0670000,0x00000007e0670000,0x00000007e4490000)
 ParOldGen       total 174528K, used 164145K [0x0000000700600000, 0x000000070b070000, 0x00000007aacb0000)
  object space 174528K, 94% used [0x0000000700600000,0x000000070a64c610,0x000000070b070000)
 PSPermGen       total 21248K, used 18017K [0x00000006fb400000, 0x00000006fc8c0000, 0x0000000700600000)
  object space 21248K, 84% used [0x00000006fb400000,0x00000006fc5985e8,0x00000006fc8c0000)
}
Event: 6.597 GC heap before
{Heap before GC invocations=10 (full 1):
 PSYoungGen      total 572736K, used 44737K [0x00000007aacb0000, 0x00000007e4490000, 0x0000000800000000)
  eden space 509184K, 0% used [0x00000007aacb0000,0x00000007aacb0000,0x00000007c9df0000)
  from space 63552K, 70% used [0x00000007c9df0000,0x00000007cc9a0730,0x00000007cdc00000)
  to   space 63616K, 0% used [0x00000007e0670000,0x00000007e0670000,0x00000007e4490000)
 ParOldGen       total 174528K, used 164145K [0x0000000700600000, 0x000000070b070000, 0x00000007aacb0000)
  object space 174528K, 94% used [0x0000000700600000,0x000000070a64c610,0x000000070b070000)
 PSPermGen       total 21248K, used 18017K [0x00000006fb400000, 0x00000006fc8c0000, 0x0000000700600000)
  object space 21248K, 84% used [0x00000006fb400000,0x00000006fc5985e8,0x00000006fc8c0000)
Event: 6.647 GC heap after
Heap after GC invocations=10 (full 1):
 PSYoungGen      total 572736K, used 0K [0x00000007aacb0000, 0x00000007e4490000, 0x0000000800000000)
  eden space 509184K, 0% used [0x00000007aacb0000,0x00000007aacb0000,0x00000007c9df0000)
  from space 63552K, 0% used [0x00000007c9df0000,0x00000007c9df0000,0x00000007cdc00000)
  to   space 63616K, 0% used [0x00000007e0670000,0x00000007e0670000,0x00000007e4490000)
 ParOldGen       total 144512K, used 28313K [0x0000000700600000, 0x0000000709320000, 0x00000007aacb0000)
  object space 144512K, 19% used [0x0000000700600000,0x00000007021a64e8,0x0000000709320000)
 PSPermGen       total 36288K, used 18010K [0x00000006fb400000, 0x00000006fd770000, 0x0000000700600000)
  object space 36288K, 49% used [0x00000006fb400000,0x00000006fc596be0,0x00000006fd770000)
}
Event: 7.720 GC heap before
{Heap before GC invocations=11 (full 1):
 PSYoungGen      total 572736K, used 506270K [0x00000007aacb0000, 0x00000007e4490000, 0x0000000800000000)
  eden space 509184K, 99% used [0x00000007aacb0000,0x00000007c9b17920,0x00000007c9df0000)
  from space 63552K, 0% used [0x00000007c9df0000,0x00000007c9df0000,0x00000007cdc00000)
  to   space 63616K, 0% used [0x00000007e0670000,0x00000007e0670000,0x00000007e4490000)
 ParOldGen       total 144512K, used 28313K [0x0000000700600000, 0x0000000709320000, 0x00000007aacb0000)
  object space 144512K, 19% used [0x0000000700600000,0x00000007021a64e8,0x0000000709320000)
 PSPermGen       total 36288K, used 18032K [0x00000006fb400000, 0x00000006fd770000, 0x0000000700600000)
  object space 36288K, 49% used [0x00000006fb400000,0x00000006fc59c3b8,0x00000006fd770000)
Event: 7.734 GC heap after
Heap after GC invocations=11 (full 1):
 PSYoungGen      total 799360K, used 57874K [0x00000007aacb0000, 0x00000007e3f00000, 0x0000000800000000)
  eden space 741440K, 0% used [0x00000007aacb0000,0x00000007aacb0000,0x00000007d80c0000)
  from space 57920K, 99% used [0x00000007e0670000,0x00000007e3ef4880,0x00000007e3f00000)
  to   space 68352K, 0% used [0x00000007db980000,0x00000007db980000,0x00000007dfc40000)
 ParOldGen       total 144512K, used 34388K [0x0000000700600000, 0x0000000709320000, 0x00000007aacb0000)
  object space 144512K, 23% used [0x0000000700600000,0x00000007027950f8,0x0000000709320000)
 PSPermGen       total 36288K, used 18032K [0x00000006fb400000, 0x00000006fd770000, 0x0000000700600000)
  object space 36288K, 49% used [0x00000006fb400000,0x00000006fc59c3b8,0x00000006fd770000)
}

