# JRE version: 7.0_07-b11
# Java VM: Java HotSpot(TM) 64-Bit Server VM (23.3-b01 mixed mode windows-amd64 compressed oops)
Heap
 PSYoungGen      total 1010240K, used 893542K [0x00000007aacb0000, 0x00000007ecf50000, 0x0000000800000000)
  eden space 961024K, 92% used [0x00000007aacb0000,0x00000007e1549880,0x00000007e5730000)
  from space 49216K, 0% used [0x00000007e9f40000,0x00000007e9f40000,0x00000007ecf50000)
  to   space 61504K, 0% used [0x00000007e5730000,0x00000007e5730000,0x00000007e9340000)
 ParOldGen       total 262912K, used 39598K [0x0000000700600000, 0x00000007106c0000, 0x00000007aacb0000)
  object space 262912K, 15% used [0x0000000700600000,0x0000000702cab8c0,0x00000007106c0000)
 PSPermGen       total 37760K, used 18094K [0x00000006fb400000, 0x00000006fd8e0000, 0x0000000700600000)
  object space 37760K, 47% used [0x00000006fb400000,0x00000006fc5aba40,0x00000006fd8e0000)
GC Heap History (10 events):
Event: 14.919 GC heap before
{Heap before GC invocations=14 (full 3):
 PSYoungGen      total 684480K, used 682282K [0x00000007aacb0000, 0x00000007d9550000, 0x0000000800000000)
  eden space 653696K, 99% used [0x00000007aacb0000,0x00000007d2a67e00,0x00000007d2b10000)
  from space 30784K, 95% used [0x00000007d7740000,0x00000007d93d2c60,0x00000007d9550000)
  to   space 54400K, 0% used [0x00000007d2b10000,0x00000007d2b10000,0x00000007d6030000)
 ParOldGen       total 219904K, used 53729K [0x0000000700600000, 0x000000070dcc0000, 0x00000007aacb0000)
  object space 219904K, 24% used [0x0000000700600000,0x0000000703a786f0,0x000000070dcc0000)
 PSPermGen       total 39360K, used 18024K [0x00000006fb400000, 0x00000006fda70000, 0x0000000700600000)
  object space 39360K, 45% used [0x00000006fb400000,0x00000006fc59a318,0x00000006fda70000)
Event: 14.922 GC heap after
Heap after GC invocations=14 (full 3):
 PSYoungGen      total 708096K, used 11560K [0x00000007aacb0000, 0x00000007e3630000, 0x0000000800000000)
  eden space 653696K, 0% used [0x00000007aacb0000,0x00000007aacb0000,0x00000007d2b10000)
  from space 54400K, 21% used [0x00000007d2b10000,0x00000007d365a1f0,0x00000007d6030000)
  to   space 53952K, 0% used [0x00000007e0180000,0x00000007e0180000,0x00000007e3630000)
 ParOldGen       total 219904K, used 53729K [0x0000000700600000, 0x000000070dcc0000, 0x00000007aacb0000)
  object space 219904K, 24% used [0x0000000700600000,0x0000000703a786f0,0x000000070dcc0000)
 PSPermGen       total 39360K, used 18024K [0x00000006fb400000, 0x00000006fda70000, 0x0000000700600000)
  object space 39360K, 45% used [0x00000006fb400000,0x00000006fc59a318,0x00000006fda70000)
}
Event: 16.220 GC heap before
{Heap before GC invocations=15 (full 3):
 PSYoungGen      total 708096K, used 665256K [0x00000007aacb0000, 0x00000007e3630000, 0x0000000800000000)
  eden space 653696K, 100% used [0x00000007aacb0000,0x00000007d2b10000,0x00000007d2b10000)
  from space 54400K, 21% used [0x00000007d2b10000,0x00000007d365a1f0,0x00000007d6030000)
  to   space 53952K, 0% used [0x00000007e0180000,0x00000007e0180000,0x00000007e3630000)
 ParOldGen       total 219904K, used 134818K [0x0000000700600000, 0x000000070dcc0000, 0x00000007aacb0000)
  object space 219904K, 61% used [0x0000000700600000,0x00000007089a88e0,0x000000070dcc0000)
 PSPermGen       total 39360K, used 18029K [0x00000006fb400000, 0x00000006fda70000, 0x0000000700600000)
  object space 39360K, 45% used [0x00000006fb400000,0x00000006fc59b500,0x00000006fda70000)
Event: 16.221 GC heap after
Heap after GC invocations=15 (full 3):
 PSYoungGen      total 828864K, used 658K [0x00000007aacb0000, 0x00000007e21a0000, 0x0000000800000000)
  eden space 795968K, 0% used [0x00000007aacb0000,0x00000007aacb0000,0x00000007db600000)
  from space 32896K, 2% used [0x00000007e0180000,0x00000007e0224b50,0x00000007e21a0000)
  to   space 55104K, 0% used [0x00000007db600000,0x00000007db600000,0x00000007debd0000)
 ParOldGen       total 219904K, used 134818K [0x0000000700600000, 0x000000070dcc0000, 0x00000007aacb0000)
  object space 219904K, 61% used [0x0000000700600000,0x00000007089a88e0,0x000000070dcc0000)
 PSPermGen       total 39360K, used 18029K [0x00000006fb400000, 0x00000006fda70000, 0x0000000700600000)
  object space 39360K, 45% used [0x00000006fb400000,0x00000006fc59b500,0x00000006fda70000)
}
Event: 17.636 GC heap before
{Heap before GC invocations=16 (full 3):
 PSYoungGen      total 828864K, used 795746K [0x00000007aacb0000, 0x00000007e21a0000, 0x0000000800000000)
  eden space 795968K, 99% used [0x00000007aacb0000,0x00000007db524010,0x00000007db600000)
  from space 32896K, 2% used [0x00000007e0180000,0x00000007e0224b50,0x00000007e21a0000)
  to   space 55104K, 0% used [0x00000007db600000,0x00000007db600000,0x00000007debd0000)
 ParOldGen       total 219904K, used 134818K [0x0000000700600000, 0x000000070dcc0000, 0x00000007aacb0000)
  object space 219904K, 61% used [0x0000000700600000,0x00000007089a88e0,0x000000070dcc0000)
 PSPermGen       total 39360K, used 18034K [0x00000006fb400000, 0x00000006fda70000, 0x0000000700600000)
  object space 39360K, 45% used [0x00000006fb400000,0x00000006fc59c940,0x00000006fda70000)
Event: 17.649 GC heap after
Heap after GC invocations=16 (full 3):
 PSYoungGen      total 851072K, used 53139K [0x00000007aacb0000, 0x00000007edd10000, 0x0000000800000000)
  eden space 795968K, 0% used [0x00000007aacb0000,0x00000007aacb0000,0x00000007db600000)
  from space 55104K, 96% used [0x00000007db600000,0x00000007de9e4fd0,0x00000007debd0000)
  to   space 63296K, 0% used [0x00000007e9f40000,0x00000007e9f40000,0x00000007edd10000)
 ParOldGen       total 219904K, used 138759K [0x0000000700600000, 0x000000070dcc0000, 0x00000007aacb0000)
  object space 219904K, 63% used [0x0000000700600000,0x0000000708d81c20,0x000000070dcc0000)
 PSPermGen       total 39360K, used 18034K [0x00000006fb400000, 0x00000006fda70000, 0x0000000700600000)
  object space 39360K, 45% used [0x00000006fb400000,0x00000006fc59c940,0x00000006fda70000)
}
Event: 19.086 GC heap before
{Heap before GC invocations=17 (full 3):
 PSYoungGen      total 851072K, used 848439K [0x00000007aacb0000, 0x00000007edd10000, 0x0000000800000000)
  eden space 795968K, 99% used [0x00000007aacb0000,0x00000007db558fe8,0x00000007db600000)
  from space 55104K, 96% used [0x00000007db600000,0x00000007de9e4fd0,0x00000007debd0000)
  to   space 63296K, 0% used [0x00000007e9f40000,0x00000007e9f40000,0x00000007edd10000)
 ParOldGen       total 219904K, used 144834K [0x0000000700600000, 0x000000070dcc0000, 0x00000007aacb0000)
  object space 219904K, 65% used [0x0000000700600000,0x0000000709370830,0x000000070dcc0000)
 PSPermGen       total 39360K, used 18055K [0x00000006fb400000, 0x00000006fda70000, 0x0000000700600000)
  object space 39360K, 45% used [0x00000006fb400000,0x00000006fc5a1d98,0x00000006fda70000)
Event: 19.093 GC heap after
Heap after GC invocations=17 (full 3):
 PSYoungGen      total 1010240K, used 30755K [0x00000007aacb0000, 0x00000007ecf50000, 0x0000000800000000)
  eden space 961024K, 0% used [0x00000007aacb0000,0x00000007aacb0000,0x00000007e5730000)
  from space 49216K, 62% used [0x00000007e9f40000,0x00000007ebd48ee0,0x00000007ecf50000)
  to   space 61504K, 0% used [0x00000007e5730000,0x00000007e5730000,0x00000007e9340000)
 ParOldGen       total 219904K, used 144834K [0x0000000700600000, 0x000000070dcc0000, 0x00000007aacb0000)
  object space 219904K, 65% used [0x0000000700600000,0x0000000709370830,0x000000070dcc0000)
 PSPermGen       total 39360K, used 18055K [0x00000006fb400000, 0x00000006fda70000, 0x0000000700600000)
  object space 39360K, 45% used [0x00000006fb400000,0x00000006fc5a1d98,0x00000006fda70000)
}
Event: 20.963 GC heap before
{Heap before GC invocations=18 (full 4):
 PSYoungGen      total 1010240K, used 991779K [0x00000007aacb0000, 0x00000007ecf50000, 0x0000000800000000)
  eden space 961024K, 100% used [0x00000007aacb0000,0x00000007e5730000,0x00000007e5730000)
  from space 49216K, 62% used [0x00000007e9f40000,0x00000007ebd48ee0,0x00000007ecf50000)
  to   space 61504K, 0% used [0x00000007e5730000,0x00000007e5730000,0x00000007e9340000)
 ParOldGen       total 235648K, used 235283K [0x0000000700600000, 0x000000070ec20000, 0x00000007aacb0000)
  object space 235648K, 99% used [0x0000000700600000,0x000000070ebc4e28,0x000000070ec20000)
 PSPermGen       total 39360K, used 18059K [0x00000006fb400000, 0x00000006fda70000, 0x0000000700600000)
  object space 39360K, 45% used [0x00000006fb400000,0x00000006fc5a2dd8,0x00000006fda70000)
Event: 20.995 GC heap after
Heap after GC invocations=18 (full 4):
 PSYoungGen      total 1010240K, used 0K [0x00000007aacb0000, 0x00000007ecf50000, 0x0000000800000000)
  eden space 961024K, 0% used [0x00000007aacb0000,0x00000007aacb0000,0x00000007e5730000)
  from space 49216K, 0% used [0x00000007e9f40000,0x00000007e9f40000,0x00000007ecf50000)
  to   space 61504K, 0% used [0x00000007e5730000,0x00000007e5730000,0x00000007e9340000)
 ParOldGen       total 262912K, used 39598K [0x0000000700600000, 0x00000007106c0000, 0x00000007aacb0000)
  object space 262912K, 15% used [0x0000000700600000,0x0000000702cab8c0,0x00000007106c0000)
 PSPermGen       total 37760K, used 18059K [0x00000006fb400000, 0x00000006fd8e0000, 0x0000000700600000)
  object space 37760K, 47% used [0x00000006fb400000,0x00000006fc5a2dd8,0x00000006fd8e0000)
}

