# JRE version: 7.0_07-b11
# Java VM: Java HotSpot(TM) 64-Bit Server VM (23.3-b01 mixed mode windows-amd64 compressed oops)
Heap
 PSYoungGen      total 114048K, used 79396K [0x00000007aacb0000, 0x00000007b3860000, 0x0000000800000000)
  eden space 91456K, 66% used [0x00000007aacb0000,0x00000007ae82cf38,0x00000007b0600000)
  from space 22592K, 81% used [0x00000007b2250000,0x00000007b345c430,0x00000007b3860000)
  to   space 25792K, 0% used [0x00000007b0600000,0x00000007b0600000,0x00000007b1f30000)
 ParOldGen       total 111680K, used 53740K [0x0000000700600000, 0x0000000707310000, 0x00000007aacb0000)
  object space 111680K, 48% used [0x0000000700600000,0x0000000703a7b330,0x0000000707310000)
 PSPermGen       total 35712K, used 17697K [0x00000006fb400000, 0x00000006fd6e0000, 0x0000000700600000)
  object space 35712K, 49% used [0x00000006fb400000,0x00000006fc548630,0x00000006fd6e0000)
GC Heap History (10 events):
Event: 43.520 GC heap before
{Heap before GC invocations=57 (full 0):
 PSYoungGen      total 127296K, used 117467K [0x00000007aacb0000, 0x00000007b40e0000, 0x0000000800000000)
  eden space 102848K, 96% used [0x00000007aacb0000,0x00000007b0d62988,0x00000007b1120000)
  from space 24448K, 75% used [0x00000007b2900000,0x00000007b3b04430,0x00000007b40e0000)
  to   space 24448K, 0% used [0x00000007b1120000,0x00000007b1120000,0x00000007b2900000)
 ParOldGen       total 174528K, used 157382K [0x0000000700600000, 0x000000070b070000, 0x00000007aacb0000)
  object space 174528K, 90% used [0x0000000700600000,0x0000000709fb1ac0,0x000000070b070000)
 PSPermGen       total 21248K, used 17701K [0x00000006fb400000, 0x00000006fc8c0000, 0x0000000700600000)
  object space 21248K, 83% used [0x00000006fb400000,0x00000006fc5494d8,0x00000006fc8c0000)
Event: 43.526 GC heap after
Heap after GC invocations=57 (full 0):
 PSYoungGen      total 119936K, used 20180K [0x00000007aacb0000, 0x00000007b3ed0000, 0x0000000800000000)
  eden space 99712K, 0% used [0x00000007aacb0000,0x00000007aacb0000,0x00000007b0e10000)
  from space 20224K, 99% used [0x00000007b1120000,0x00000007b24d51f0,0x00000007b24e0000)
  to   space 24960K, 0% used [0x00000007b2670000,0x00000007b2670000,0x00000007b3ed0000)
 ParOldGen       total 182272K, used 178974K [0x0000000700600000, 0x000000070b800000, 0x00000007aacb0000)
  object space 182272K, 98% used [0x0000000700600000,0x000000070b4c7a70,0x000000070b800000)
 PSPermGen       total 21248K, used 17701K [0x00000006fb400000, 0x00000006fc8c0000, 0x0000000700600000)
  object space 21248K, 83% used [0x00000006fb400000,0x00000006fc5494d8,0x00000006fc8c0000)
}
Event: 43.526 GC heap before
{Heap before GC invocations=58 (full 1):
 PSYoungGen      total 119936K, used 20180K [0x00000007aacb0000, 0x00000007b3ed0000, 0x0000000800000000)
  eden space 99712K, 0% used [0x00000007aacb0000,0x00000007aacb0000,0x00000007b0e10000)
  from space 20224K, 99% used [0x00000007b1120000,0x00000007b24d51f0,0x00000007b24e0000)
  to   space 24960K, 0% used [0x00000007b2670000,0x00000007b2670000,0x00000007b3ed0000)
 ParOldGen       total 182272K, used 178974K [0x0000000700600000, 0x000000070b800000, 0x00000007aacb0000)
  object space 182272K, 98% used [0x0000000700600000,0x000000070b4c7a70,0x000000070b800000)
 PSPermGen       total 21248K, used 17701K [0x00000006fb400000, 0x00000006fc8c0000, 0x0000000700600000)
  object space 21248K, 83% used [0x00000006fb400000,0x00000006fc5494d8,0x00000006fc8c0000)
Event: 43.575 GC heap after
Heap after GC invocations=58 (full 1):
 PSYoungGen      total 119936K, used 0K [0x00000007aacb0000, 0x00000007b3ed0000, 0x0000000800000000)
  eden space 99712K, 0% used [0x00000007aacb0000,0x00000007aacb0000,0x00000007b0e10000)
  from space 20224K, 0% used [0x00000007b1120000,0x00000007b1120000,0x00000007b24e0000)
  to   space 24960K, 0% used [0x00000007b2670000,0x00000007b2670000,0x00000007b3ed0000)
 ParOldGen       total 111680K, used 23341K [0x0000000700600000, 0x0000000707310000, 0x00000007aacb0000)
  object space 111680K, 20% used [0x0000000700600000,0x0000000701ccb6e0,0x0000000707310000)
 PSPermGen       total 35712K, used 17694K [0x00000006fb400000, 0x00000006fd6e0000, 0x0000000700600000)
  object space 35712K, 49% used [0x00000006fb400000,0x00000006fc547ad0,0x00000006fd6e0000)
}
Event: 44.540 GC heap before
{Heap before GC invocations=59 (full 1):
 PSYoungGen      total 119936K, used 97236K [0x00000007aacb0000, 0x00000007b3ed0000, 0x0000000800000000)
  eden space 99712K, 97% used [0x00000007aacb0000,0x00000007b0ba5010,0x00000007b0e10000)
  from space 20224K, 0% used [0x00000007b1120000,0x00000007b1120000,0x00000007b24e0000)
  to   space 24960K, 0% used [0x00000007b2670000,0x00000007b2670000,0x00000007b3ed0000)
 ParOldGen       total 111680K, used 23341K [0x0000000700600000, 0x0000000707310000, 0x00000007aacb0000)
  object space 111680K, 20% used [0x0000000700600000,0x0000000701ccb6e0,0x0000000707310000)
 PSPermGen       total 35712K, used 17694K [0x00000006fb400000, 0x00000006fd6e0000, 0x0000000700600000)
  object space 35712K, 49% used [0x00000006fb400000,0x00000006fc547ad0,0x00000006fd6e0000)
Event: 44.544 GC heap after
Heap after GC invocations=59 (full 1):
 PSYoungGen      total 121792K, used 24556K [0x00000007aacb0000, 0x00000007b4000000, 0x0000000800000000)
  eden space 96832K, 0% used [0x00000007aacb0000,0x00000007aacb0000,0x00000007b0b40000)
  from space 24960K, 98% used [0x00000007b2670000,0x00000007b3e6b040,0x00000007b3ed0000)
  to   space 27008K, 0% used [0x00000007b0b40000,0x00000007b0b40000,0x00000007b25a0000)
 ParOldGen       total 111680K, used 35491K [0x0000000700600000, 0x0000000707310000, 0x00000007aacb0000)
  object space 111680K, 31% used [0x0000000700600000,0x00000007028a8f00,0x0000000707310000)
 PSPermGen       total 35712K, used 17694K [0x00000006fb400000, 0x00000006fd6e0000, 0x0000000700600000)
  object space 35712K, 49% used [0x00000006fb400000,0x00000006fc547ad0,0x00000006fd6e0000)
}
Event: 45.480 GC heap before
{Heap before GC invocations=60 (full 1):
 PSYoungGen      total 121792K, used 115712K [0x00000007aacb0000, 0x00000007b4000000, 0x0000000800000000)
  eden space 96832K, 94% used [0x00000007aacb0000,0x00000007b05b5258,0x00000007b0b40000)
  from space 24960K, 98% used [0x00000007b2670000,0x00000007b3e6b040,0x00000007b3ed0000)
  to   space 27008K, 0% used [0x00000007b0b40000,0x00000007b0b40000,0x00000007b25a0000)
 ParOldGen       total 111680K, used 35491K [0x0000000700600000, 0x0000000707310000, 0x00000007aacb0000)
  object space 111680K, 31% used [0x0000000700600000,0x00000007028a8f00,0x0000000707310000)
 PSPermGen       total 35712K, used 17695K [0x00000006fb400000, 0x00000006fd6e0000, 0x0000000700600000)
  object space 35712K, 49% used [0x00000006fb400000,0x00000006fc547c28,0x00000006fd6e0000)
Event: 45.485 GC heap after
Heap after GC invocations=60 (full 1):
 PSYoungGen      total 112576K, used 18449K [0x00000007aacb0000, 0x00000007b3c10000, 0x0000000800000000)
  eden space 94080K, 0% used [0x00000007aacb0000,0x00000007aacb0000,0x00000007b0890000)
  from space 18496K, 99% used [0x00000007b0b40000,0x00000007b1d44430,0x00000007b1d50000)
  to   space 26368K, 0% used [0x00000007b2250000,0x00000007b2250000,0x00000007b3c10000)
 ParOldGen       total 111680K, used 53740K [0x0000000700600000, 0x0000000707310000, 0x00000007aacb0000)
  object space 111680K, 48% used [0x0000000700600000,0x0000000703a7b330,0x0000000707310000)
 PSPermGen       total 35712K, used 17695K [0x00000006fb400000, 0x00000006fd6e0000, 0x0000000700600000)
  object space 35712K, 49% used [0x00000006fb400000,0x00000006fc547c28,0x00000006fd6e0000)
}
Event: 46.432 GC heap before
{Heap before GC invocations=61 (full 1):
 PSYoungGen      total 112576K, used 109608K [0x00000007aacb0000, 0x00000007b3c10000, 0x0000000800000000)
  eden space 94080K, 96% used [0x00000007aacb0000,0x00000007b05b5d60,0x00000007b0890000)
  from space 18496K, 99% used [0x00000007b0b40000,0x00000007b1d44430,0x00000007b1d50000)
  to   space 26368K, 0% used [0x00000007b2250000,0x00000007b2250000,0x00000007b3c10000)
 ParOldGen       total 111680K, used 53740K [0x0000000700600000, 0x0000000707310000, 0x00000007aacb0000)
  object space 111680K, 48% used [0x0000000700600000,0x0000000703a7b330,0x0000000707310000)
 PSPermGen       total 35712K, used 17695K [0x00000006fb400000, 0x00000006fd6e0000, 0x0000000700600000)
  object space 35712K, 49% used [0x00000006fb400000,0x00000006fc547c28,0x00000006fd6e0000)
Event: 46.434 GC heap after
Heap after GC invocations=61 (full 1):
 PSYoungGen      total 114048K, used 18481K [0x00000007aacb0000, 0x00000007b3860000, 0x0000000800000000)
  eden space 91456K, 0% used [0x00000007aacb0000,0x00000007aacb0000,0x00000007b0600000)
  from space 22592K, 81% used [0x00000007b2250000,0x00000007b345c430,0x00000007b3860000)
  to   space 25792K, 0% used [0x00000007b0600000,0x00000007b0600000,0x00000007b1f30000)
 ParOldGen       total 111680K, used 53740K [0x0000000700600000, 0x0000000707310000, 0x00000007aacb0000)
  object space 111680K, 48% used [0x0000000700600000,0x0000000703a7b330,0x0000000707310000)
 PSPermGen       total 35712K, used 17695K [0x00000006fb400000, 0x00000006fd6e0000, 0x0000000700600000)
  object space 35712K, 49% used [0x00000006fb400000,0x00000006fc547c28,0x00000006fd6e0000)
}

