# JRE version: 7.0_07-b11
# Java VM: Java HotSpot(TM) 64-Bit Server VM (23.3-b01 mixed mode windows-amd64 compressed oops)
Heap
 PSYoungGen      total 184512K, used 66720K [0x00000007aacb0000, 0x00000007b9270000, 0x0000000800000000)
  eden space 139648K, 27% used [0x00000007aacb0000,0x00000007ad1c8e70,0x00000007b3510000)
  from space 44864K, 64% used [0x00000007b6200000,0x00000007b7e0f2a0,0x00000007b8dd0000)
  to   space 46016K, 0% used [0x00000007b3510000,0x00000007b3510000,0x00000007b6200000)
 ParOldGen       total 319424K, used 87654K [0x0000000700600000, 0x0000000713df0000, 0x00000007aacb0000)
  object space 319424K, 27% used [0x0000000700600000,0x0000000705b99948,0x0000000713df0000)
 PSPermGen       total 21248K, used 18488K [0x00000006fb400000, 0x00000006fc8c0000, 0x0000000700600000)
  object space 21248K, 87% used [0x00000006fb400000,0x00000006fc60e058,0x00000006fc8c0000)
GC Heap History (10 events):
Event: 287.433 GC heap before
{Heap before GC invocations=268 (full 24):
 PSYoungGen      total 124736K, used 124461K [0x00000007aacb0000, 0x00000007b67e0000, 0x0000000800000000)
  eden space 114240K, 99% used [0x00000007aacb0000,0x00000007b1c08698,0x00000007b1c40000)
  from space 10496K, 99% used [0x00000007b1e10000,0x00000007b2842e70,0x00000007b2850000)
  to   space 38720K, 0% used [0x00000007b4210000,0x00000007b4210000,0x00000007b67e0000)
 ParOldGen       total 319424K, used 75275K [0x0000000700600000, 0x0000000713df0000, 0x00000007aacb0000)
  object space 319424K, 23% used [0x0000000700600000,0x0000000704f82c68,0x0000000713df0000)
 PSPermGen       total 21248K, used 18481K [0x00000006fb400000, 0x00000006fc8c0000, 0x0000000700600000)
  object space 21248K, 86% used [0x00000006fb400000,0x00000006fc60c400,0x00000006fc8c0000)
Event: 287.435 GC heap after
Heap after GC invocations=268 (full 24):
 PSYoungGen      total 146816K, used 10475K [0x00000007aacb0000, 0x00000007b63a0000, 0x0000000800000000)
  eden space 112448K, 0% used [0x00000007aacb0000,0x00000007aacb0000,0x00000007b1a80000)
  from space 34368K, 30% used [0x00000007b4210000,0x00000007b4c4ae70,0x00000007b63a0000)
  to   space 37440K, 0% used [0x00000007b1a80000,0x00000007b1a80000,0x00000007b3f10000)
 ParOldGen       total 319424K, used 75307K [0x0000000700600000, 0x0000000713df0000, 0x00000007aacb0000)
  object space 319424K, 23% used [0x0000000700600000,0x0000000704f8ac68,0x0000000713df0000)
 PSPermGen       total 21248K, used 18481K [0x00000006fb400000, 0x00000006fc8c0000, 0x0000000700600000)
  object space 21248K, 86% used [0x00000006fb400000,0x00000006fc60c400,0x00000006fc8c0000)
}
Event: 287.931 GC heap before
{Heap before GC invocations=269 (full 24):
 PSYoungGen      total 146816K, used 121074K [0x00000007aacb0000, 0x00000007b63a0000, 0x0000000800000000)
  eden space 112448K, 98% used [0x00000007aacb0000,0x00000007b18b1b38,0x00000007b1a80000)
  from space 34368K, 30% used [0x00000007b4210000,0x00000007b4c4ae70,0x00000007b63a0000)
  to   space 37440K, 0% used [0x00000007b1a80000,0x00000007b1a80000,0x00000007b3f10000)
 ParOldGen       total 319424K, used 75307K [0x0000000700600000, 0x0000000713df0000, 0x00000007aacb0000)
  object space 319424K, 23% used [0x0000000700600000,0x0000000704f8ac68,0x0000000713df0000)
 PSPermGen       total 21248K, used 18481K [0x00000006fb400000, 0x00000006fc8c0000, 0x0000000700600000)
  object space 21248K, 86% used [0x00000006fb400000,0x00000006fc60c400,0x00000006fc8c0000)
Event: 287.935 GC heap after
Heap after GC invocations=269 (full 24):
 PSYoungGen      total 149888K, used 28700K [0x00000007aacb0000, 0x00000007b75a0000, 0x0000000800000000)
  eden space 112448K, 0% used [0x00000007aacb0000,0x00000007aacb0000,0x00000007b1a80000)
  from space 37440K, 76% used [0x00000007b1a80000,0x00000007b36872a0,0x00000007b3f10000)
  to   space 40128K, 0% used [0x00000007b4e70000,0x00000007b4e70000,0x00000007b75a0000)
 ParOldGen       total 319424K, used 75331K [0x0000000700600000, 0x0000000713df0000, 0x00000007aacb0000)
  object space 319424K, 23% used [0x0000000700600000,0x0000000704f90c68,0x0000000713df0000)
 PSPermGen       total 21248K, used 18481K [0x00000006fb400000, 0x00000006fc8c0000, 0x0000000700600000)
  object space 21248K, 86% used [0x00000006fb400000,0x00000006fc60c400,0x00000006fc8c0000)
}
Event: 288.427 GC heap before
{Heap before GC invocations=270 (full 24):
 PSYoungGen      total 149888K, used 136672K [0x00000007aacb0000, 0x00000007b75a0000, 0x0000000800000000)
  eden space 112448K, 96% used [0x00000007aacb0000,0x00000007b1620f28,0x00000007b1a80000)
  from space 37440K, 76% used [0x00000007b1a80000,0x00000007b36872a0,0x00000007b3f10000)
  to   space 40128K, 0% used [0x00000007b4e70000,0x00000007b4e70000,0x00000007b75a0000)
 ParOldGen       total 319424K, used 75331K [0x0000000700600000, 0x0000000713df0000, 0x00000007aacb0000)
  object space 319424K, 23% used [0x0000000700600000,0x0000000704f90c68,0x0000000713df0000)
 PSPermGen       total 21248K, used 18481K [0x00000006fb400000, 0x00000006fc8c0000, 0x0000000700600000)
  object space 21248K, 86% used [0x00000006fb400000,0x00000006fc60c400,0x00000006fc8c0000)
Event: 288.430 GC heap after
Heap after GC invocations=270 (full 24):
 PSYoungGen      total 163200K, used 10507K [0x00000007aacb0000, 0x00000007b7340000, 0x0000000800000000)
  eden space 125504K, 0% used [0x00000007aacb0000,0x00000007aacb0000,0x00000007b2740000)
  from space 37696K, 27% used [0x00000007b4e70000,0x00000007b58b2e70,0x00000007b7340000)
  to   space 38912K, 0% used [0x00000007b2740000,0x00000007b2740000,0x00000007b4d40000)
 ParOldGen       total 319424K, used 75339K [0x0000000700600000, 0x0000000713df0000, 0x00000007aacb0000)
  object space 319424K, 23% used [0x0000000700600000,0x0000000704f92c68,0x0000000713df0000)
 PSPermGen       total 21248K, used 18481K [0x00000006fb400000, 0x00000006fc8c0000, 0x0000000700600000)
  object space 21248K, 86% used [0x00000006fb400000,0x00000006fc60c400,0x00000006fc8c0000)
}
Event: 288.932 GC heap before
{Heap before GC invocations=271 (full 24):
 PSYoungGen      total 163200K, used 135888K [0x00000007aacb0000, 0x00000007b7340000, 0x0000000800000000)
  eden space 125504K, 99% used [0x00000007aacb0000,0x00000007b2721560,0x00000007b2740000)
  from space 37696K, 27% used [0x00000007b4e70000,0x00000007b58b2e70,0x00000007b7340000)
  to   space 38912K, 0% used [0x00000007b2740000,0x00000007b2740000,0x00000007b4d40000)
 ParOldGen       total 319424K, used 75339K [0x0000000700600000, 0x0000000713df0000, 0x00000007aacb0000)
  object space 319424K, 23% used [0x0000000700600000,0x0000000704f92c68,0x0000000713df0000)
 PSPermGen       total 21248K, used 18488K [0x00000006fb400000, 0x00000006fc8c0000, 0x0000000700600000)
  object space 21248K, 87% used [0x00000006fb400000,0x00000006fc60e058,0x00000006fc8c0000)
Event: 288.937 GC heap after
Heap after GC invocations=271 (full 24):
 PSYoungGen      total 164416K, used 38501K [0x00000007aacb0000, 0x00000007b8dd0000, 0x0000000800000000)
  eden space 125504K, 0% used [0x00000007aacb0000,0x00000007aacb0000,0x00000007b2740000)
  from space 38912K, 98% used [0x00000007b2740000,0x00000007b4cd9660,0x00000007b4d40000)
  to   space 44864K, 0% used [0x00000007b6200000,0x00000007b6200000,0x00000007b8dd0000)
 ParOldGen       total 319424K, used 75363K [0x0000000700600000, 0x0000000713df0000, 0x00000007aacb0000)
  object space 319424K, 23% used [0x0000000700600000,0x0000000704f98c68,0x0000000713df0000)
 PSPermGen       total 21248K, used 18488K [0x00000006fb400000, 0x00000006fc8c0000, 0x0000000700600000)
  object space 21248K, 87% used [0x00000006fb400000,0x00000006fc60e058,0x00000006fc8c0000)
}
Event: 289.341 GC heap before
{Heap before GC invocations=272 (full 24):
 PSYoungGen      total 164416K, used 161954K [0x00000007aacb0000, 0x00000007b8dd0000, 0x0000000800000000)
  eden space 125504K, 98% used [0x00000007aacb0000,0x00000007b253f2c0,0x00000007b2740000)
  from space 38912K, 98% used [0x00000007b2740000,0x00000007b4cd9660,0x00000007b4d40000)
  to   space 44864K, 0% used [0x00000007b6200000,0x00000007b6200000,0x00000007b8dd0000)
 ParOldGen       total 319424K, used 75363K [0x0000000700600000, 0x0000000713df0000, 0x00000007aacb0000)
  object space 319424K, 23% used [0x0000000700600000,0x0000000704f98c68,0x0000000713df0000)
 PSPermGen       total 21248K, used 18488K [0x00000006fb400000, 0x00000006fc8c0000, 0x0000000700600000)
  object space 21248K, 87% used [0x00000006fb400000,0x00000006fc60e058,0x00000006fc8c0000)
Event: 289.350 GC heap after
Heap after GC invocations=272 (full 24):
 PSYoungGen      total 184512K, used 28732K [0x00000007aacb0000, 0x00000007b9270000, 0x0000000800000000)
  eden space 139648K, 0% used [0x00000007aacb0000,0x00000007aacb0000,0x00000007b3510000)
  from space 44864K, 64% used [0x00000007b6200000,0x00000007b7e0f2a0,0x00000007b8dd0000)
  to   space 46016K, 0% used [0x00000007b3510000,0x00000007b3510000,0x00000007b6200000)
 ParOldGen       total 319424K, used 87654K [0x0000000700600000, 0x0000000713df0000, 0x00000007aacb0000)
  object space 319424K, 27% used [0x0000000700600000,0x0000000705b99948,0x0000000713df0000)
 PSPermGen       total 21248K, used 18488K [0x00000006fb400000, 0x00000006fc8c0000, 0x0000000700600000)
  object space 21248K, 87% used [0x00000006fb400000,0x00000006fc60e058,0x00000006fc8c0000)
}

