# JRE version: 7.0_07-b11
# Java VM: Java HotSpot(TM) 64-Bit Server VM (23.3-b01 mixed mode windows-amd64 compressed oops)
Heap
 PSYoungGen      total 657984K, used 562121K [0x00000007aacb0000, 0x00000007d7730000, 0x0000000800000000)
  eden space 606208K, 84% used [0x00000007aacb0000,0x00000007ca02be10,0x00000007cfcb0000)
  from space 51776K, 97% used [0x00000007d3610000,0x00000007d6786870,0x00000007d68a0000)
  to   space 58752K, 0% used [0x00000007cfcb0000,0x00000007cfcb0000,0x00000007d3610000)
 ParOldGen       total 302144K, used 78181K [0x0000000700600000, 0x0000000712d10000, 0x00000007aacb0000)
  object space 302144K, 25% used [0x0000000700600000,0x00000007052597b8,0x0000000712d10000)
 PSPermGen       total 37824K, used 18186K [0x00000006fb400000, 0x00000006fd8f0000, 0x0000000700600000)
  object space 37824K, 48% used [0x00000006fb400000,0x00000006fc5c2970,0x00000006fd8f0000)
GC Heap History (10 events):
Event: 12.339 GC heap before
{Heap before GC invocations=12 (full 3):
 PSYoungGen      total 427968K, used 391717K [0x00000007aacb0000, 0x00000007ceff0000, 0x0000000800000000)
  eden space 393344K, 99% used [0x00000007aacb0000,0x00000007c2b394a8,0x00000007c2cd0000)
  from space 34624K, 0% used [0x00000007cce20000,0x00000007cce20000,0x00000007ceff0000)
  to   space 40256K, 0% used [0x00000007ca150000,0x00000007ca150000,0x00000007cc8a0000)
 ParOldGen       total 233408K, used 41625K [0x0000000700600000, 0x000000070e9f0000, 0x00000007aacb0000)
  object space 233408K, 17% used [0x0000000700600000,0x0000000702ea6630,0x000000070e9f0000)
 PSPermGen       total 39424K, used 18075K [0x00000006fb400000, 0x00000006fda80000, 0x0000000700600000)
  object space 39424K, 45% used [0x00000006fb400000,0x00000006fc5a6ee0,0x00000006fda80000)
Event: 12.351 GC heap after
Heap after GC invocations=12 (full 3):
 PSYoungGen      total 526848K, used 38061K [0x00000007aacb0000, 0x00000007ce2e0000, 0x0000000800000000)
  eden space 488768K, 0% used [0x00000007aacb0000,0x00000007aacb0000,0x00000007c8a00000)
  from space 38080K, 99% used [0x00000007ca150000,0x00000007cc67b718,0x00000007cc680000)
  to   space 29056K, 0% used [0x00000007cc680000,0x00000007cc680000,0x00000007ce2e0000)
 ParOldGen       total 233408K, used 44657K [0x0000000700600000, 0x000000070e9f0000, 0x00000007aacb0000)
  object space 233408K, 19% used [0x0000000700600000,0x000000070319c6a8,0x000000070e9f0000)
 PSPermGen       total 39424K, used 18075K [0x00000006fb400000, 0x00000006fda80000, 0x0000000700600000)
  object space 39424K, 45% used [0x00000006fb400000,0x00000006fc5a6ee0,0x00000006fda80000)
}
Event: 14.204 GC heap before
{Heap before GC invocations=13 (full 3):
 PSYoungGen      total 526848K, used 523584K [0x00000007aacb0000, 0x00000007ce2e0000, 0x0000000800000000)
  eden space 488768K, 99% used [0x00000007aacb0000,0x00000007c86d4a88,0x00000007c8a00000)
  from space 38080K, 99% used [0x00000007ca150000,0x00000007cc67b718,0x00000007cc680000)
  to   space 29056K, 0% used [0x00000007cc680000,0x00000007cc680000,0x00000007ce2e0000)
 ParOldGen       total 233408K, used 48074K [0x0000000700600000, 0x000000070e9f0000, 0x00000007aacb0000)
  object space 233408K, 20% used [0x0000000700600000,0x00000007034f2b78,0x000000070e9f0000)
 PSPermGen       total 39424K, used 18094K [0x00000006fb400000, 0x00000006fda80000, 0x0000000700600000)
  object space 39424K, 45% used [0x00000006fb400000,0x00000006fc5ab808,0x00000006fda80000)
Event: 14.213 GC heap after
Heap after GC invocations=13 (full 3):
 PSYoungGen      total 533952K, used 28802K [0x00000007aacb0000, 0x00000007d4c20000, 0x0000000800000000)
  eden space 504896K, 0% used [0x00000007aacb0000,0x00000007aacb0000,0x00000007c99c0000)
  from space 29056K, 99% used [0x00000007cc680000,0x00000007ce2a0948,0x00000007ce2e0000)
  to   space 45824K, 0% used [0x00000007c99c0000,0x00000007c99c0000,0x00000007cc680000)
 ParOldGen       total 233408K, used 81471K [0x0000000700600000, 0x000000070e9f0000, 0x00000007aacb0000)
  object space 233408K, 34% used [0x0000000700600000,0x000000070558fd20,0x000000070e9f0000)
 PSPermGen       total 39424K, used 18094K [0x00000006fb400000, 0x00000006fda80000, 0x0000000700600000)
  object space 39424K, 45% used [0x00000006fb400000,0x00000006fc5ab808,0x00000006fda80000)
}
Event: 17.258 GC heap before
{Heap before GC invocations=14 (full 4):
 PSYoungGen      total 533952K, used 533107K [0x00000007aacb0000, 0x00000007d4c20000, 0x0000000800000000)
  eden space 504896K, 99% used [0x00000007aacb0000,0x00000007c992c650,0x00000007c99c0000)
  from space 29056K, 99% used [0x00000007cc680000,0x00000007ce2a0948,0x00000007ce2e0000)
  to   space 45824K, 0% used [0x00000007c99c0000,0x00000007c99c0000,0x00000007cc680000)
 ParOldGen       total 382528K, used 381805K [0x0000000700600000, 0x0000000717b90000, 0x00000007aacb0000)
  object space 382528K, 99% used [0x0000000700600000,0x0000000717adb450,0x0000000717b90000)
 PSPermGen       total 39424K, used 18115K [0x00000006fb400000, 0x00000006fda80000, 0x0000000700600000)
  object space 39424K, 45% used [0x00000006fb400000,0x00000006fc5b0d70,0x00000006fda80000)
Event: 17.293 GC heap after
Heap after GC invocations=14 (full 4):
 PSYoungGen      total 533952K, used 0K [0x00000007aacb0000, 0x00000007d4c20000, 0x0000000800000000)
  eden space 504896K, 0% used [0x00000007aacb0000,0x00000007aacb0000,0x00000007c99c0000)
  from space 29056K, 0% used [0x00000007cc680000,0x00000007cc680000,0x00000007ce2e0000)
  to   space 45824K, 0% used [0x00000007c99c0000,0x00000007c99c0000,0x00000007cc680000)
 ParOldGen       total 302144K, used 47839K [0x0000000700600000, 0x0000000712d10000, 0x00000007aacb0000)
  object space 302144K, 15% used [0x0000000700600000,0x00000007034b7cc8,0x0000000712d10000)
 PSPermGen       total 37824K, used 18115K [0x00000006fb400000, 0x00000006fd8f0000, 0x0000000700600000)
  object space 37824K, 47% used [0x00000006fb400000,0x00000006fc5b0c30,0x00000006fd8f0000)
}
Event: 18.867 GC heap before
{Heap before GC invocations=15 (full 4):
 PSYoungGen      total 533952K, used 501878K [0x00000007aacb0000, 0x00000007d4c20000, 0x0000000800000000)
  eden space 504896K, 99% used [0x00000007aacb0000,0x00000007c96cd9b0,0x00000007c99c0000)
  from space 29056K, 0% used [0x00000007cc680000,0x00000007cc680000,0x00000007ce2e0000)
  to   space 45824K, 0% used [0x00000007c99c0000,0x00000007c99c0000,0x00000007cc680000)
 ParOldGen       total 302144K, used 47839K [0x0000000700600000, 0x0000000712d10000, 0x00000007aacb0000)
  object space 302144K, 15% used [0x0000000700600000,0x00000007034b7cc8,0x0000000712d10000)
 PSPermGen       total 37824K, used 18130K [0x00000006fb400000, 0x00000006fd8f0000, 0x0000000700600000)
  object space 37824K, 47% used [0x00000006fb400000,0x00000006fc5b49f0,0x00000006fd8f0000)
Event: 18.875 GC heap after
Heap after GC invocations=15 (full 4):
 PSYoungGen      total 550720K, used 44511K [0x00000007aacb0000, 0x00000007d68a0000, 0x0000000800000000)
  eden space 504896K, 0% used [0x00000007aacb0000,0x00000007aacb0000,0x00000007c99c0000)
  from space 45824K, 97% used [0x00000007c99c0000,0x00000007cc537c60,0x00000007cc680000)
  to   space 51776K, 0% used [0x00000007d3610000,0x00000007d3610000,0x00000007d68a0000)
 ParOldGen       total 302144K, used 53903K [0x0000000700600000, 0x0000000712d10000, 0x00000007aacb0000)
  object space 302144K, 17% used [0x0000000700600000,0x0000000703aa3db8,0x0000000712d10000)
 PSPermGen       total 37824K, used 18130K [0x00000006fb400000, 0x00000006fd8f0000, 0x0000000700600000)
  object space 37824K, 47% used [0x00000006fb400000,0x00000006fc5b49f0,0x00000006fd8f0000)
}
Event: 20.766 GC heap before
{Heap before GC invocations=16 (full 4):
 PSYoungGen      total 550720K, used 546065K [0x00000007aacb0000, 0x00000007d68a0000, 0x0000000800000000)
  eden space 504896K, 99% used [0x00000007aacb0000,0x00000007c967c808,0x00000007c99c0000)
  from space 45824K, 97% used [0x00000007c99c0000,0x00000007cc537c60,0x00000007cc680000)
  to   space 51776K, 0% used [0x00000007d3610000,0x00000007d3610000,0x00000007d68a0000)
 ParOldGen       total 302144K, used 53903K [0x0000000700600000, 0x0000000712d10000, 0x00000007aacb0000)
  object space 302144K, 17% used [0x0000000700600000,0x0000000703aa3db8,0x0000000712d10000)
 PSPermGen       total 37824K, used 18150K [0x00000006fb400000, 0x00000006fd8f0000, 0x0000000700600000)
  object space 37824K, 47% used [0x00000006fb400000,0x00000006fc5b9860,0x00000006fd8f0000)
Event: 20.782 GC heap after
Heap after GC invocations=16 (full 4):
 PSYoungGen      total 657984K, used 50650K [0x00000007aacb0000, 0x00000007d7730000, 0x0000000800000000)
  eden space 606208K, 0% used [0x00000007aacb0000,0x00000007aacb0000,0x00000007cfcb0000)
  from space 51776K, 97% used [0x00000007d3610000,0x00000007d6786870,0x00000007d68a0000)
  to   space 58752K, 0% used [0x00000007cfcb0000,0x00000007cfcb0000,0x00000007d3610000)
 ParOldGen       total 302144K, used 78181K [0x0000000700600000, 0x0000000712d10000, 0x00000007aacb0000)
  object space 302144K, 25% used [0x0000000700600000,0x00000007052597b8,0x0000000712d10000)
 PSPermGen       total 37824K, used 18150K [0x00000006fb400000, 0x00000006fd8f0000, 0x0000000700600000)
  object space 37824K, 47% used [0x00000006fb400000,0x00000006fc5b9860,0x00000006fd8f0000)
}

