# JRE version: 7.0_07-b11
# Java VM: Java HotSpot(TM) 64-Bit Server VM (23.3-b01 mixed mode windows-amd64 compressed oops)
Heap
 PSYoungGen      total 248448K, used 244989K [0x00000007aacb0000, 0x00000007c44d0000, 0x0000000800000000)
  eden space 202176K, 100% used [0x00000007aacb0000,0x00000007b7220000,0x00000007b7220000)
  from space 46272K, 92% used [0x00000007b7220000,0x00000007b9bef470,0x00000007b9f50000)
  to   space 52800K, 0% used [0x00000007c1140000,0x00000007c1140000,0x00000007c44d0000)
 ParOldGen       total 257728K, used 252188K [0x0000000700600000, 0x00000007101b0000, 0x00000007aacb0000)
  object space 257728K, 97% used [0x0000000700600000,0x000000070fc47020,0x00000007101b0000)
 PSPermGen       total 38656K, used 17724K [0x00000006fb400000, 0x00000006fd9c0000, 0x0000000700600000)
  object space 38656K, 45% used [0x00000006fb400000,0x00000006fc54f2d0,0x00000006fd9c0000)
GC Heap History (10 events):
Event: 11.298 GC heap before
{Heap before GC invocations=6 (full 2):
 PSYoungGen      total 141824K, used 129331K [0x00000007aacb0000, 0x00000007b41d0000, 0x0000000800000000)
  eden space 130944K, 98% used [0x00000007aacb0000,0x00000007b2afce48,0x00000007b2c90000)
  from space 10880K, 0% used [0x00000007b3730000,0x00000007b3730000,0x00000007b41d0000)
  to   space 10880K, 0% used [0x00000007b2c90000,0x00000007b2c90000,0x00000007b3730000)
 ParOldGen       total 407232K, used 407127K [0x0000000700600000, 0x00000007193b0000, 0x00000007aacb0000)
  object space 407232K, 99% used [0x0000000700600000,0x0000000719395db8,0x00000007193b0000)
 PSPermGen       total 35648K, used 17681K [0x00000006fb400000, 0x00000006fd6d0000, 0x0000000700600000)
  object space 35648K, 49% used [0x00000006fb400000,0x00000006fc544438,0x00000006fd6d0000)
Event: 11.341 GC heap after
Heap after GC invocations=6 (full 2):
 PSYoungGen      total 141824K, used 0K [0x00000007aacb0000, 0x00000007b41d0000, 0x0000000800000000)
  eden space 130944K, 0% used [0x00000007aacb0000,0x00000007aacb0000,0x00000007b2c90000)
  from space 10880K, 0% used [0x00000007b3730000,0x00000007b3730000,0x00000007b41d0000)
  to   space 10880K, 0% used [0x00000007b2c90000,0x00000007b2c90000,0x00000007b3730000)
 ParOldGen       total 152896K, used 18328K [0x0000000700600000, 0x0000000709b50000, 0x00000007aacb0000)
  object space 152896K, 11% used [0x0000000700600000,0x00000007017e6040,0x0000000709b50000)
 PSPermGen       total 40320K, used 17681K [0x00000006fb400000, 0x00000006fdb60000, 0x0000000700600000)
  object space 40320K, 43% used [0x00000006fb400000,0x00000006fc544438,0x00000006fdb60000)
}
Event: 12.030 GC heap before
{Heap before GC invocations=7 (full 2):
 PSYoungGen      total 141824K, used 128567K [0x00000007aacb0000, 0x00000007b41d0000, 0x0000000800000000)
  eden space 130944K, 98% used [0x00000007aacb0000,0x00000007b2a3dd58,0x00000007b2c90000)
  from space 10880K, 0% used [0x00000007b3730000,0x00000007b3730000,0x00000007b41d0000)
  to   space 10880K, 0% used [0x00000007b2c90000,0x00000007b2c90000,0x00000007b3730000)
 ParOldGen       total 152896K, used 24403K [0x0000000700600000, 0x0000000709b50000, 0x00000007aacb0000)
  object space 152896K, 15% used [0x0000000700600000,0x0000000701dd4c50,0x0000000709b50000)
 PSPermGen       total 40320K, used 17681K [0x00000006fb400000, 0x00000006fdb60000, 0x0000000700600000)
  object space 40320K, 43% used [0x00000006fb400000,0x00000006fc5446d0,0x00000006fdb60000)
Event: 12.037 GC heap after
Heap after GC invocations=7 (full 2):
 PSYoungGen      total 141824K, used 6331K [0x00000007aacb0000, 0x00000007bcc30000, 0x0000000800000000)
  eden space 130944K, 0% used [0x00000007aacb0000,0x00000007aacb0000,0x00000007b2c90000)
  from space 10880K, 58% used [0x00000007b2c90000,0x00000007b32bec10,0x00000007b3730000)
  to   space 40512K, 0% used [0x00000007ba4a0000,0x00000007ba4a0000,0x00000007bcc30000)
 ParOldGen       total 152896K, used 73003K [0x0000000700600000, 0x0000000709b50000, 0x00000007aacb0000)
  object space 152896K, 47% used [0x0000000700600000,0x0000000704d4acd0,0x0000000709b50000)
 PSPermGen       total 40320K, used 17681K [0x00000006fb400000, 0x00000006fdb60000, 0x0000000700600000)
  object space 40320K, 43% used [0x00000006fb400000,0x00000006fc5446d0,0x00000006fdb60000)
}
Event: 14.899 GC heap before
{Heap before GC invocations=8 (full 3):
 PSYoungGen      total 141824K, used 134777K [0x00000007aacb0000, 0x00000007bcc30000, 0x0000000800000000)
  eden space 130944K, 98% used [0x00000007aacb0000,0x00000007b2a1f900,0x00000007b2c90000)
  from space 10880K, 58% used [0x00000007b2c90000,0x00000007b32bec10,0x00000007b3730000)
  to   space 40512K, 0% used [0x00000007ba4a0000,0x00000007ba4a0000,0x00000007bcc30000)
 ParOldGen       total 456896K, used 455729K [0x0000000700600000, 0x000000071c430000, 0x00000007aacb0000)
  object space 456896K, 99% used [0x0000000700600000,0x000000071c30c4c0,0x000000071c430000)
 PSPermGen       total 40320K, used 17686K [0x00000006fb400000, 0x00000006fdb60000, 0x0000000700600000)
  object space 40320K, 43% used [0x00000006fb400000,0x00000006fc5459d0,0x00000006fdb60000)
Event: 14.951 GC heap after
Heap after GC invocations=8 (full 3):
 PSYoungGen      total 141824K, used 0K [0x00000007aacb0000, 0x00000007bcc30000, 0x0000000800000000)
  eden space 130944K, 0% used [0x00000007aacb0000,0x00000007aacb0000,0x00000007b2c90000)
  from space 10880K, 0% used [0x00000007b2c90000,0x00000007b2c90000,0x00000007b3730000)
  to   space 40512K, 0% used [0x00000007ba4a0000,0x00000007ba4a0000,0x00000007bcc30000)
 ParOldGen       total 196928K, used 15262K [0x0000000700600000, 0x000000070c650000, 0x00000007aacb0000)
  object space 196928K, 7% used [0x0000000700600000,0x00000007014e78e0,0x000000070c650000)
 PSPermGen       total 38656K, used 17686K [0x00000006fb400000, 0x00000006fd9c0000, 0x0000000700600000)
  object space 38656K, 45% used [0x00000006fb400000,0x00000006fc5459b0,0x00000006fd9c0000)
}
Event: 15.698 GC heap before
{Heap before GC invocations=9 (full 3):
 PSYoungGen      total 141824K, used 127934K [0x00000007aacb0000, 0x00000007bcc30000, 0x0000000800000000)
  eden space 130944K, 97% used [0x00000007aacb0000,0x00000007b299fac8,0x00000007b2c90000)
  from space 10880K, 0% used [0x00000007b2c90000,0x00000007b2c90000,0x00000007b3730000)
  to   space 40512K, 0% used [0x00000007ba4a0000,0x00000007ba4a0000,0x00000007bcc30000)
 ParOldGen       total 196928K, used 15262K [0x0000000700600000, 0x000000070c650000, 0x00000007aacb0000)
  object space 196928K, 7% used [0x0000000700600000,0x00000007014e78e0,0x000000070c650000)
 PSPermGen       total 38656K, used 17688K [0x00000006fb400000, 0x00000006fd9c0000, 0x0000000700600000)
  object space 38656K, 45% used [0x00000006fb400000,0x00000006fc546370,0x00000006fd9c0000)
Event: 15.706 GC heap after
Heap after GC invocations=9 (full 3):
 PSYoungGen      total 242688K, used 36706K [0x00000007aacb0000, 0x00000007bcc80000, 0x0000000800000000)
  eden space 202176K, 0% used [0x00000007aacb0000,0x00000007aacb0000,0x00000007b7220000)
  from space 40512K, 90% used [0x00000007ba4a0000,0x00000007bc878860,0x00000007bcc30000)
  to   space 46272K, 0% used [0x00000007b7220000,0x00000007b7220000,0x00000007b9f50000)
 ParOldGen       total 196928K, used 15262K [0x0000000700600000, 0x000000070c650000, 0x00000007aacb0000)
  object space 196928K, 7% used [0x0000000700600000,0x00000007014e78e0,0x000000070c650000)
 PSPermGen       total 38656K, used 17688K [0x00000006fb400000, 0x00000006fd9c0000, 0x0000000700600000)
  object space 38656K, 45% used [0x00000006fb400000,0x00000006fc546370,0x00000006fd9c0000)
}
Event: 16.798 GC heap before
{Heap before GC invocations=10 (full 3):
 PSYoungGen      total 242688K, used 237730K [0x00000007aacb0000, 0x00000007bcc80000, 0x0000000800000000)
  eden space 202176K, 99% used [0x00000007aacb0000,0x00000007b71000a8,0x00000007b7220000)
  from space 40512K, 90% used [0x00000007ba4a0000,0x00000007bc878860,0x00000007bcc30000)
  to   space 46272K, 0% used [0x00000007b7220000,0x00000007b7220000,0x00000007b9f50000)
 ParOldGen       total 196928K, used 21337K [0x0000000700600000, 0x000000070c650000, 0x00000007aacb0000)
  object space 196928K, 10% used [0x0000000700600000,0x0000000701ad64f0,0x000000070c650000)
 PSPermGen       total 38656K, used 17693K [0x00000006fb400000, 0x00000006fd9c0000, 0x0000000700600000)
  object space 38656K, 45% used [0x00000006fb400000,0x00000006fc5475a8,0x00000006fd9c0000)
Event: 16.808 GC heap after
Heap after GC invocations=10 (full 3):
 PSYoungGen      total 248448K, used 42813K [0x00000007aacb0000, 0x00000007c44d0000, 0x0000000800000000)
  eden space 202176K, 0% used [0x00000007aacb0000,0x00000007aacb0000,0x00000007b7220000)
  from space 46272K, 92% used [0x00000007b7220000,0x00000007b9bef470,0x00000007b9f50000)
  to   space 52800K, 0% used [0x00000007c1140000,0x00000007c1140000,0x00000007c44d0000)
 ParOldGen       total 196928K, used 27412K [0x0000000700600000, 0x000000070c650000, 0x00000007aacb0000)
  object space 196928K, 13% used [0x0000000700600000,0x00000007020c5100,0x000000070c650000)
 PSPermGen       total 38656K, used 17693K [0x00000006fb400000, 0x00000006fd9c0000, 0x0000000700600000)
  object space 38656K, 45% used [0x00000006fb400000,0x00000006fc5475a8,0x00000006fd9c0000)
}

