# JRE version: 7.0_07-b11
# Java VM: Java HotSpot(TM) 64-Bit Server VM (23.3-b01 mixed mode windows-amd64 compressed oops)
Heap
 PSYoungGen      total 1218688K, used 59223K [0x00000007aacb0000, 0x00000007fda80000, 0x0000000800000000)
  eden space 1208704K, 4% used [0x00000007aacb0000,0x00000007adcc91b8,0x00000007f4910000)
  from space 9984K, 99% used [0x00000007fd0c0000,0x00000007fda7cb30,0x00000007fda80000)
  to   space 29312K, 0% used [0x00000007fa140000,0x00000007fa140000,0x00000007fbde0000)
 ParOldGen       total 134784K, used 80644K [0x0000000700600000, 0x00000007089a0000, 0x00000007aacb0000)
  object space 134784K, 59% used [0x0000000700600000,0x00000007054c1250,0x00000007089a0000)
 PSPermGen       total 36608K, used 18257K [0x00000006fb400000, 0x00000006fd7c0000, 0x0000000700600000)
  object space 36608K, 49% used [0x00000006fb400000,0x00000006fc5d45f0,0x00000006fd7c0000)
GC Heap History (10 events):
Event: 13.682 GC heap before
{Heap before GC invocations=13 (full 1):
 PSYoungGen      total 821376K, used 22910K [0x00000007aacb0000, 0x00000007ff7a0000, 0x0000000800000000)
  eden space 798464K, 0% used [0x00000007aacb0000,0x00000007aacb0000,0x00000007db870000)
  from space 22912K, 99% used [0x00000007fe140000,0x00000007ff79fb30,0x00000007ff7a0000)
  to   space 24896K, 0% used [0x00000007fc700000,0x00000007fc700000,0x00000007fdf50000)
 ParOldGen       total 174528K, used 155381K [0x0000000700600000, 0x000000070b070000, 0x00000007aacb0000)
  object space 174528K, 89% used [0x0000000700600000,0x0000000709dbd6f8,0x000000070b070000)
 PSPermGen       total 21248K, used 18037K [0x00000006fb400000, 0x00000006fc8c0000, 0x0000000700600000)
  object space 21248K, 84% used [0x00000006fb400000,0x00000006fc59d4d0,0x00000006fc8c0000)
Event: 13.736 GC heap after
Heap after GC invocations=13 (full 1):
 PSYoungGen      total 821376K, used 0K [0x00000007aacb0000, 0x00000007ff7a0000, 0x0000000800000000)
  eden space 798464K, 0% used [0x00000007aacb0000,0x00000007aacb0000,0x00000007db870000)
  from space 22912K, 0% used [0x00000007fe140000,0x00000007fe140000,0x00000007ff7a0000)
  to   space 24896K, 0% used [0x00000007fc700000,0x00000007fc700000,0x00000007fdf50000)
 ParOldGen       total 134784K, used 26355K [0x0000000700600000, 0x00000007089a0000, 0x00000007aacb0000)
  object space 134784K, 19% used [0x0000000700600000,0x0000000701fbce70,0x00000007089a0000)
 PSPermGen       total 36608K, used 18030K [0x00000006fb400000, 0x00000006fd7c0000, 0x0000000700600000)
  object space 36608K, 49% used [0x00000006fb400000,0x00000006fc59bae8,0x00000006fd7c0000)
}
Event: 15.402 GC heap before
{Heap before GC invocations=14 (full 1):
 PSYoungGen      total 821376K, used 792906K [0x00000007aacb0000, 0x00000007ff7a0000, 0x0000000800000000)
  eden space 798464K, 99% used [0x00000007aacb0000,0x00000007db302988,0x00000007db870000)
  from space 22912K, 0% used [0x00000007fe140000,0x00000007fe140000,0x00000007ff7a0000)
  to   space 24896K, 0% used [0x00000007fc700000,0x00000007fc700000,0x00000007fdf50000)
 ParOldGen       total 134784K, used 26355K [0x0000000700600000, 0x00000007089a0000, 0x00000007aacb0000)
  object space 134784K, 19% used [0x0000000700600000,0x0000000701fbce70,0x00000007089a0000)
 PSPermGen       total 36608K, used 18141K [0x00000006fb400000, 0x00000006fd7c0000, 0x0000000700600000)
  object space 36608K, 49% used [0x00000006fb400000,0x00000006fc5b7778,0x00000006fd7c0000)
Event: 15.409 GC heap after
Heap after GC invocations=14 (full 1):
 PSYoungGen      total 1142656K, used 20949K [0x00000007aacb0000, 0x00000007fe150000, 0x0000000800000000)
  eden space 1121664K, 0% used [0x00000007aacb0000,0x00000007aacb0000,0x00000007ef410000)
  from space 20992K, 99% used [0x00000007fc700000,0x00000007fdb75760,0x00000007fdb80000)
  to   space 5952K, 0% used [0x00000007fdb80000,0x00000007fdb80000,0x00000007fe150000)
 ParOldGen       total 134784K, used 26355K [0x0000000700600000, 0x00000007089a0000, 0x00000007aacb0000)
  object space 134784K, 19% used [0x0000000700600000,0x0000000701fbce70,0x00000007089a0000)
 PSPermGen       total 36608K, used 18141K [0x00000006fb400000, 0x00000006fd7c0000, 0x0000000700600000)
  object space 36608K, 49% used [0x00000006fb400000,0x00000006fc5b7778,0x00000006fd7c0000)
}
Event: 17.766 GC heap before
{Heap before GC invocations=15 (full 1):
 PSYoungGen      total 1142656K, used 1140372K [0x00000007aacb0000, 0x00000007fe150000, 0x0000000800000000)
  eden space 1121664K, 99% used [0x00000007aacb0000,0x00000007ef1dfae0,0x00000007ef410000)
  from space 20992K, 99% used [0x00000007fc700000,0x00000007fdb75760,0x00000007fdb80000)
  to   space 5952K, 0% used [0x00000007fdb80000,0x00000007fdb80000,0x00000007fe150000)
 ParOldGen       total 134784K, used 26355K [0x0000000700600000, 0x00000007089a0000, 0x00000007aacb0000)
  object space 134784K, 19% used [0x0000000700600000,0x0000000701fbce70,0x00000007089a0000)
 PSPermGen       total 36608K, used 18180K [0x00000006fb400000, 0x00000006fd7c0000, 0x0000000700600000)
  object space 36608K, 49% used [0x00000006fb400000,0x00000006fc5c1280,0x00000006fd7c0000)
Event: 17.771 GC heap after
Heap after GC invocations=15 (full 1):
 PSYoungGen      total 1336640K, used 5888K [0x00000007aacb0000, 0x0000000800000000, 0x0000000800000000)
  eden space 1330688K, 0% used [0x00000007aacb0000,0x00000007aacb0000,0x00000007fc030000)
  from space 5952K, 98% used [0x00000007fdb80000,0x00000007fe140330,0x00000007fe150000)
  to   space 27968K, 0% used [0x00000007fc030000,0x00000007fc030000,0x00000007fdb80000)
 ParOldGen       total 134784K, used 61604K [0x0000000700600000, 0x00000007089a0000, 0x00000007aacb0000)
  object space 134784K, 45% used [0x0000000700600000,0x0000000704229090,0x00000007089a0000)
 PSPermGen       total 36608K, used 18180K [0x00000006fb400000, 0x00000006fd7c0000, 0x0000000700600000)
  object space 36608K, 49% used [0x00000006fb400000,0x00000006fc5c1280,0x00000006fd7c0000)
}
Event: 20.621 GC heap before
{Heap before GC invocations=16 (full 1):
 PSYoungGen      total 1336640K, used 1334620K [0x00000007aacb0000, 0x0000000800000000, 0x0000000800000000)
  eden space 1330688K, 99% used [0x00000007aacb0000,0x00000007fbe46ea8,0x00000007fc030000)
  from space 5952K, 98% used [0x00000007fdb80000,0x00000007fe140330,0x00000007fe150000)
  to   space 27968K, 0% used [0x00000007fc030000,0x00000007fc030000,0x00000007fdb80000)
 ParOldGen       total 134784K, used 61604K [0x0000000700600000, 0x00000007089a0000, 0x00000007aacb0000)
  object space 134784K, 45% used [0x0000000700600000,0x0000000704229090,0x00000007089a0000)
 PSPermGen       total 36608K, used 18195K [0x00000006fb400000, 0x00000006fd7c0000, 0x0000000700600000)
  object space 36608K, 49% used [0x00000006fb400000,0x00000006fc5c4f68,0x00000006fd7c0000)
Event: 20.625 GC heap after
Heap after GC invocations=16 (full 1):
 PSYoungGen      total 1285120K, used 16899K [0x00000007aacb0000, 0x00000007fdb90000, 0x0000000800000000)
  eden space 1268160K, 0% used [0x00000007aacb0000,0x00000007aacb0000,0x00000007f8320000)
  from space 16960K, 99% used [0x00000007fc030000,0x00000007fd0b0f20,0x00000007fd0c0000)
  to   space 11072K, 0% used [0x00000007fd0c0000,0x00000007fd0c0000,0x00000007fdb90000)
 ParOldGen       total 134784K, used 61644K [0x0000000700600000, 0x00000007089a0000, 0x00000007aacb0000)
  object space 134784K, 45% used [0x0000000700600000,0x0000000704233090,0x00000007089a0000)
 PSPermGen       total 36608K, used 18195K [0x00000006fb400000, 0x00000006fd7c0000, 0x0000000700600000)
  object space 36608K, 49% used [0x00000006fb400000,0x00000006fc5c4f68,0x00000006fd7c0000)
}
Event: 23.440 GC heap before
{Heap before GC invocations=17 (full 1):
 PSYoungGen      total 1285120K, used 1284613K [0x00000007aacb0000, 0x00000007fdb90000, 0x0000000800000000)
  eden space 1268160K, 99% used [0x00000007aacb0000,0x00000007f82b05b8,0x00000007f8320000)
  from space 16960K, 99% used [0x00000007fc030000,0x00000007fd0b0f20,0x00000007fd0c0000)
  to   space 11072K, 0% used [0x00000007fd0c0000,0x00000007fd0c0000,0x00000007fdb90000)
 ParOldGen       total 134784K, used 61644K [0x0000000700600000, 0x00000007089a0000, 0x00000007aacb0000)
  object space 134784K, 45% used [0x0000000700600000,0x0000000704233090,0x00000007089a0000)
 PSPermGen       total 36608K, used 18229K [0x00000006fb400000, 0x00000006fd7c0000, 0x0000000700600000)
  object space 36608K, 49% used [0x00000006fb400000,0x00000006fc5cd7a8,0x00000006fd7c0000)
Event: 23.445 GC heap after
Heap after GC invocations=17 (full 1):
 PSYoungGen      total 1218688K, used 9970K [0x00000007aacb0000, 0x00000007fda80000, 0x0000000800000000)
  eden space 1208704K, 0% used [0x00000007aacb0000,0x00000007aacb0000,0x00000007f4910000)
  from space 9984K, 99% used [0x00000007fd0c0000,0x00000007fda7cb30,0x00000007fda80000)
  to   space 29312K, 0% used [0x00000007fa140000,0x00000007fa140000,0x00000007fbde0000)
 ParOldGen       total 134784K, used 80644K [0x0000000700600000, 0x00000007089a0000, 0x00000007aacb0000)
  object space 134784K, 59% used [0x0000000700600000,0x00000007054c1250,0x00000007089a0000)
 PSPermGen       total 36608K, used 18229K [0x00000006fb400000, 0x00000006fd7c0000, 0x0000000700600000)
  object space 36608K, 49% used [0x00000006fb400000,0x00000006fc5cd7a8,0x00000006fd7c0000)
}

