# JRE version: 7.0_07-b11
# Java VM: Java HotSpot(TM) 64-Bit Server VM (23.3-b01 mixed mode windows-amd64 compressed oops)
Heap
 PSYoungGen      total 560256K, used 342319K [0x00000007aacb0000, 0x00000007cf3f0000, 0x0000000800000000)
  eden space 523776K, 61% used [0x00000007aacb0000,0x00000007be8ff988,0x00000007cac30000)
  from space 36480K, 50% used [0x00000007cd050000,0x00000007ce24c430,0x00000007cf3f0000)
  to   space 36736K, 0% used [0x00000007cac30000,0x00000007cac30000,0x00000007cd010000)
 ParOldGen       total 174528K, used 80938K [0x0000000700600000, 0x000000070b070000, 0x00000007aacb0000)
  object space 174528K, 46% used [0x0000000700600000,0x000000070550a8e0,0x000000070b070000)
 PSPermGen       total 21248K, used 17733K [0x00000006fb400000, 0x00000006fc8c0000, 0x0000000700600000)
  object space 21248K, 83% used [0x00000006fb400000,0x00000006fc551668,0x00000006fc8c0000)
GC Heap History (10 events):
Event: 5.611 GC heap before
{Heap before GC invocations=4 (full 0):
 PSYoungGen      total 76352K, used 72917K [0x00000007aacb0000, 0x00000007b41d0000, 0x0000000800000000)
  eden space 65472K, 94% used [0x00000007aacb0000,0x00000007ae949c98,0x00000007aeca0000)
  from space 10880K, 99% used [0x00000007aeca0000,0x00000007af73bb00,0x00000007af740000)
  to   space 10880K, 0% used [0x00000007b3730000,0x00000007b3730000,0x00000007b41d0000)
 ParOldGen       total 174528K, used 37939K [0x0000000700600000, 0x000000070b070000, 0x00000007aacb0000)
  object space 174528K, 21% used [0x0000000700600000,0x0000000702b0cce8,0x000000070b070000)
 PSPermGen       total 21248K, used 17599K [0x00000006fb400000, 0x00000006fc8c0000, 0x0000000700600000)
  object space 21248K, 82% used [0x00000006fb400000,0x00000006fc52fc20,0x00000006fc8c0000)
Event: 5.619 GC heap after
Heap after GC invocations=4 (full 0):
 PSYoungGen      total 141824K, used 10878K [0x00000007aacb0000, 0x00000007b41d0000, 0x0000000800000000)
  eden space 130944K, 0% used [0x00000007aacb0000,0x00000007aacb0000,0x00000007b2c90000)
  from space 10880K, 99% used [0x00000007b3730000,0x00000007b41cfb10,0x00000007b41d0000)
  to   space 10880K, 0% used [0x00000007b2c90000,0x00000007b2c90000,0x00000007b3730000)
 ParOldGen       total 174528K, used 54752K [0x0000000700600000, 0x000000070b070000, 0x00000007aacb0000)
  object space 174528K, 31% used [0x0000000700600000,0x0000000703b782a8,0x000000070b070000)
 PSPermGen       total 21248K, used 17599K [0x00000006fb400000, 0x00000006fc8c0000, 0x0000000700600000)
  object space 21248K, 82% used [0x00000006fb400000,0x00000006fc52fc20,0x00000006fc8c0000)
}
Event: 6.308 GC heap before
{Heap before GC invocations=5 (full 0):
 PSYoungGen      total 141824K, used 140746K [0x00000007aacb0000, 0x00000007b41d0000, 0x0000000800000000)
  eden space 130944K, 99% used [0x00000007aacb0000,0x00000007b2b83090,0x00000007b2c90000)
  from space 10880K, 99% used [0x00000007b3730000,0x00000007b41cfb10,0x00000007b41d0000)
  to   space 10880K, 0% used [0x00000007b2c90000,0x00000007b2c90000,0x00000007b3730000)
 ParOldGen       total 174528K, used 54752K [0x0000000700600000, 0x000000070b070000, 0x00000007aacb0000)
  object space 174528K, 31% used [0x0000000700600000,0x0000000703b782a8,0x000000070b070000)
 PSPermGen       total 21248K, used 17601K [0x00000006fb400000, 0x00000006fc8c0000, 0x0000000700600000)
  object space 21248K, 82% used [0x00000006fb400000,0x00000006fc530588,0x00000006fc8c0000)
Event: 6.316 GC heap after
Heap after GC invocations=5 (full 0):
 PSYoungGen      total 141824K, used 10878K [0x00000007aacb0000, 0x00000007bf5d0000, 0x0000000800000000)
  eden space 130944K, 0% used [0x00000007aacb0000,0x00000007aacb0000,0x00000007b2c90000)
  from space 10880K, 99% used [0x00000007b2c90000,0x00000007b372fb10,0x00000007b3730000)
  to   space 37568K, 0% used [0x00000007bd120000,0x00000007bd120000,0x00000007bf5d0000)
 ParOldGen       total 174528K, used 71558K [0x0000000700600000, 0x000000070b070000, 0x00000007aacb0000)
  object space 174528K, 41% used [0x0000000700600000,0x0000000704be1868,0x000000070b070000)
 PSPermGen       total 21248K, used 17601K [0x00000006fb400000, 0x00000006fc8c0000, 0x0000000700600000)
  object space 21248K, 82% used [0x00000006fb400000,0x00000006fc530588,0x00000006fc8c0000)
}
Event: 7.219 GC heap before
{Heap before GC invocations=6 (full 0):
 PSYoungGen      total 141824K, used 140210K [0x00000007aacb0000, 0x00000007bf5d0000, 0x0000000800000000)
  eden space 130944K, 98% used [0x00000007aacb0000,0x00000007b2afcd70,0x00000007b2c90000)
  from space 10880K, 99% used [0x00000007b2c90000,0x00000007b372fb10,0x00000007b3730000)
  to   space 37568K, 0% used [0x00000007bd120000,0x00000007bd120000,0x00000007bf5d0000)
 ParOldGen       total 174528K, used 71558K [0x0000000700600000, 0x000000070b070000, 0x00000007aacb0000)
  object space 174528K, 41% used [0x0000000700600000,0x0000000704be1868,0x000000070b070000)
 PSPermGen       total 21248K, used 17649K [0x00000006fb400000, 0x00000006fc8c0000, 0x0000000700600000)
  object space 21248K, 83% used [0x00000006fb400000,0x00000006fc53c750,0x00000006fc8c0000)
Event: 7.227 GC heap after
Heap after GC invocations=6 (full 0):
 PSYoungGen      total 298432K, used 27756K [0x00000007aacb0000, 0x00000007bf4d0000, 0x0000000800000000)
  eden space 261888K, 0% used [0x00000007aacb0000,0x00000007aacb0000,0x00000007bac70000)
  from space 36544K, 75% used [0x00000007bd120000,0x00000007bec3b0e0,0x00000007bf4d0000)
  to   space 37056K, 0% used [0x00000007bac70000,0x00000007bac70000,0x00000007bd0a0000)
 ParOldGen       total 174528K, used 71558K [0x0000000700600000, 0x000000070b070000, 0x00000007aacb0000)
  object space 174528K, 41% used [0x0000000700600000,0x0000000704be1868,0x000000070b070000)
 PSPermGen       total 21248K, used 17649K [0x00000006fb400000, 0x00000006fc8c0000, 0x0000000700600000)
  object space 21248K, 83% used [0x00000006fb400000,0x00000006fc53c750,0x00000006fc8c0000)
}
Event: 9.875 GC heap before
{Heap before GC invocations=7 (full 0):
 PSYoungGen      total 298432K, used 284890K [0x00000007aacb0000, 0x00000007bf4d0000, 0x0000000800000000)
  eden space 261888K, 98% used [0x00000007aacb0000,0x00000007ba7cb908,0x00000007bac70000)
  from space 36544K, 75% used [0x00000007bd120000,0x00000007bec3b0e0,0x00000007bf4d0000)
  to   space 37056K, 0% used [0x00000007bac70000,0x00000007bac70000,0x00000007bd0a0000)
 ParOldGen       total 174528K, used 71558K [0x0000000700600000, 0x000000070b070000, 0x00000007aacb0000)
  object space 174528K, 41% used [0x0000000700600000,0x0000000704be1868,0x000000070b070000)
 PSPermGen       total 21248K, used 17664K [0x00000006fb400000, 0x00000006fc8c0000, 0x0000000700600000)
  object space 21248K, 83% used [0x00000006fb400000,0x00000006fc540288,0x00000006fc8c0000)
Event: 9.885 GC heap after
Heap after GC invocations=7 (full 0):
 PSYoungGen      total 298944K, used 18513K [0x00000007aacb0000, 0x00000007cf470000, 0x0000000800000000)
  eden space 261888K, 0% used [0x00000007aacb0000,0x00000007aacb0000,0x00000007bac70000)
  from space 37056K, 49% used [0x00000007bac70000,0x00000007bbe84430,0x00000007bd0a0000)
  to   space 36992K, 0% used [0x00000007cd050000,0x00000007cd050000,0x00000007cf470000)
 ParOldGen       total 174528K, used 80938K [0x0000000700600000, 0x000000070b070000, 0x00000007aacb0000)
  object space 174528K, 46% used [0x0000000700600000,0x000000070550a8e0,0x000000070b070000)
 PSPermGen       total 21248K, used 17664K [0x00000006fb400000, 0x00000006fc8c0000, 0x0000000700600000)
  object space 21248K, 83% used [0x00000006fb400000,0x00000006fc540288,0x00000006fc8c0000)
}
Event: 12.532 GC heap before
{Heap before GC invocations=8 (full 0):
 PSYoungGen      total 298944K, used 275184K [0x00000007aacb0000, 0x00000007cf470000, 0x0000000800000000)
  eden space 261888K, 98% used [0x00000007aacb0000,0x00000007ba757ea8,0x00000007bac70000)
  from space 37056K, 49% used [0x00000007bac70000,0x00000007bbe84430,0x00000007bd0a0000)
  to   space 36992K, 0% used [0x00000007cd050000,0x00000007cd050000,0x00000007cf470000)
 ParOldGen       total 174528K, used 80938K [0x0000000700600000, 0x000000070b070000, 0x00000007aacb0000)
  object space 174528K, 46% used [0x0000000700600000,0x000000070550a8e0,0x000000070b070000)
 PSPermGen       total 21248K, used 17702K [0x00000006fb400000, 0x00000006fc8c0000, 0x0000000700600000)
  object space 21248K, 83% used [0x00000006fb400000,0x00000006fc549888,0x00000006fc8c0000)
Event: 12.538 GC heap after
Heap after GC invocations=8 (full 0):
 PSYoungGen      total 560256K, used 18417K [0x00000007aacb0000, 0x00000007cf3f0000, 0x0000000800000000)
  eden space 523776K, 0% used [0x00000007aacb0000,0x00000007aacb0000,0x00000007cac30000)
  from space 36480K, 50% used [0x00000007cd050000,0x00000007ce24c430,0x00000007cf3f0000)
  to   space 36736K, 0% used [0x00000007cac30000,0x00000007cac30000,0x00000007cd010000)
 ParOldGen       total 174528K, used 80938K [0x0000000700600000, 0x000000070b070000, 0x00000007aacb0000)
  object space 174528K, 46% used [0x0000000700600000,0x000000070550a8e0,0x000000070b070000)
 PSPermGen       total 21248K, used 17702K [0x00000006fb400000, 0x00000006fc8c0000, 0x0000000700600000)
  object space 21248K, 83% used [0x00000006fb400000,0x00000006fc549888,0x00000006fc8c0000)
}

