# JRE version: 7.0_07-b11
# Java VM: Java HotSpot(TM) 64-Bit Server VM (23.3-b01 mixed mode windows-amd64 compressed oops)
Heap
 PSYoungGen      total 1334976K, used 302949K [0x00000007aacb0000, 0x0000000800000000, 0x0000000800000000)
  eden space 1276480K, 20% used [0x00000007aacb0000,0x00000007bae5c930,0x00000007f8b40000)
  from space 58496K, 66% used [0x00000007fc6e0000,0x00000007fed0cdc8,0x0000000800000000)
  to   space 59776K, 0% used [0x00000007f8b40000,0x00000007f8b40000,0x00000007fc5a0000)
 ParOldGen       total 223296K, used 102326K [0x0000000700600000, 0x000000070e010000, 0x00000007aacb0000)
  object space 223296K, 45% used [0x0000000700600000,0x00000007069eda40,0x000000070e010000)
 PSPermGen       total 41024K, used 18241K [0x00000006fb400000, 0x00000006fdc10000, 0x0000000700600000)
  object space 41024K, 44% used [0x00000006fb400000,0x00000006fc5d07e8,0x00000006fdc10000)
GC Heap History (10 events):
Event: 13.069 GC heap before
{Heap before GC invocations=12 (full 1):
 PSYoungGen      total 878208K, used 7363K [0x00000007aacb0000, 0x0000000800000000, 0x0000000800000000)
  eden space 828352K, 0% used [0x00000007aacb0000,0x00000007aacb0000,0x00000007dd5a0000)
  from space 49856K, 14% used [0x00000007dd5a0000,0x00000007ddcd0fc0,0x00000007e0650000)
  to   space 51904K, 0% used [0x00000007fcd50000,0x00000007fcd50000,0x0000000800000000)
 ParOldGen       total 174528K, used 151455K [0x0000000700600000, 0x000000070b070000, 0x00000007aacb0000)
  object space 174528K, 86% used [0x0000000700600000,0x00000007099e7fc8,0x000000070b070000)
 PSPermGen       total 21248K, used 18096K [0x00000006fb400000, 0x00000006fc8c0000, 0x0000000700600000)
  object space 21248K, 85% used [0x00000006fb400000,0x00000006fc5ac3a0,0x00000006fc8c0000)
Event: 13.125 GC heap after
Heap after GC invocations=12 (full 1):
 PSYoungGen      total 878208K, used 0K [0x00000007aacb0000, 0x0000000800000000, 0x0000000800000000)
  eden space 828352K, 0% used [0x00000007aacb0000,0x00000007aacb0000,0x00000007dd5a0000)
  from space 49856K, 0% used [0x00000007dd5a0000,0x00000007dd5a0000,0x00000007e0650000)
  to   space 51904K, 0% used [0x00000007fcd50000,0x00000007fcd50000,0x0000000800000000)
 ParOldGen       total 173056K, used 53825K [0x0000000700600000, 0x000000070af00000, 0x00000007aacb0000)
  object space 173056K, 31% used [0x0000000700600000,0x0000000703a906e0,0x000000070af00000)
 PSPermGen       total 36736K, used 18090K [0x00000006fb400000, 0x00000006fd7e0000, 0x0000000700600000)
  object space 36736K, 49% used [0x00000006fb400000,0x00000006fc5aa8e8,0x00000006fd7e0000)
}
Event: 15.343 GC heap before
{Heap before GC invocations=13 (full 2):
 PSYoungGen      total 878208K, used 828352K [0x00000007aacb0000, 0x0000000800000000, 0x0000000800000000)
  eden space 828352K, 100% used [0x00000007aacb0000,0x00000007dd5a0000,0x00000007dd5a0000)
  from space 49856K, 0% used [0x00000007dd5a0000,0x00000007dd5a0000,0x00000007e0650000)
  to   space 51904K, 0% used [0x00000007fcd50000,0x00000007fcd50000,0x0000000800000000)
 ParOldGen       total 389312K, used 387189K [0x0000000700600000, 0x0000000718230000, 0x00000007aacb0000)
  object space 389312K, 99% used [0x0000000700600000,0x000000071801d400,0x0000000718230000)
 PSPermGen       total 36736K, used 18108K [0x00000006fb400000, 0x00000006fd7e0000, 0x0000000700600000)
  object space 36736K, 49% used [0x00000006fb400000,0x00000006fc5af3e0,0x00000006fd7e0000)
Event: 15.399 GC heap after
Heap after GC invocations=13 (full 2):
 PSYoungGen      total 878208K, used 0K [0x00000007aacb0000, 0x0000000800000000, 0x0000000800000000)
  eden space 828352K, 0% used [0x00000007aacb0000,0x00000007aacb0000,0x00000007dd5a0000)
  from space 49856K, 0% used [0x00000007dd5a0000,0x00000007dd5a0000,0x00000007e0650000)
  to   space 51904K, 0% used [0x00000007fcd50000,0x00000007fcd50000,0x0000000800000000)
 ParOldGen       total 223296K, used 62454K [0x0000000700600000, 0x000000070e010000, 0x00000007aacb0000)
  object space 223296K, 27% used [0x0000000700600000,0x00000007042fda98,0x000000070e010000)
 PSPermGen       total 41024K, used 18108K [0x00000006fb400000, 0x00000006fdc10000, 0x0000000700600000)
  object space 41024K, 44% used [0x00000006fb400000,0x00000006fc5af360,0x00000006fdc10000)
}
Event: 16.958 GC heap before
{Heap before GC invocations=14 (full 2):
 PSYoungGen      total 878208K, used 828086K [0x00000007aacb0000, 0x0000000800000000, 0x0000000800000000)
  eden space 828352K, 99% used [0x00000007aacb0000,0x00000007dd55d9a8,0x00000007dd5a0000)
  from space 49856K, 0% used [0x00000007dd5a0000,0x00000007dd5a0000,0x00000007e0650000)
  to   space 51904K, 0% used [0x00000007fcd50000,0x00000007fcd50000,0x0000000800000000)
 ParOldGen       total 223296K, used 64479K [0x0000000700600000, 0x000000070e010000, 0x00000007aacb0000)
  object space 223296K, 28% used [0x0000000700600000,0x00000007044f7ea8,0x000000070e010000)
 PSPermGen       total 41024K, used 18208K [0x00000006fb400000, 0x00000006fdc10000, 0x0000000700600000)
  object space 41024K, 44% used [0x00000006fb400000,0x00000006fc5c8310,0x00000006fdc10000)
Event: 16.971 GC heap after
Heap after GC invocations=14 (full 2):
 PSYoungGen      total 1099200K, used 46042K [0x00000007aacb0000, 0x00000007ffa50000, 0x0000000800000000)
  eden space 1053120K, 0% used [0x00000007aacb0000,0x00000007aacb0000,0x00000007eb120000)
  from space 46080K, 99% used [0x00000007fcd50000,0x00000007ffa46a88,0x00000007ffa50000)
  to   space 56128K, 0% used [0x00000007f8cb0000,0x00000007f8cb0000,0x00000007fc380000)
 ParOldGen       total 223296K, used 84729K [0x0000000700600000, 0x000000070e010000, 0x00000007aacb0000)
  object space 223296K, 37% used [0x0000000700600000,0x00000007058be6d8,0x000000070e010000)
 PSPermGen       total 41024K, used 18208K [0x00000006fb400000, 0x00000006fdc10000, 0x0000000700600000)
  object space 41024K, 44% used [0x00000006fb400000,0x00000006fc5c8310,0x00000006fdc10000)
}
Event: 18.992 GC heap before
{Heap before GC invocations=15 (full 2):
 PSYoungGen      total 1099200K, used 1099162K [0x00000007aacb0000, 0x00000007ffa50000, 0x0000000800000000)
  eden space 1053120K, 100% used [0x00000007aacb0000,0x00000007eb120000,0x00000007eb120000)
  from space 46080K, 99% used [0x00000007fcd50000,0x00000007ffa46a88,0x00000007ffa50000)
  to   space 56128K, 0% used [0x00000007f8cb0000,0x00000007f8cb0000,0x00000007fc380000)
 ParOldGen       total 223296K, used 102326K [0x0000000700600000, 0x000000070e010000, 0x00000007aacb0000)
  object space 223296K, 45% used [0x0000000700600000,0x00000007069eda40,0x000000070e010000)
 PSPermGen       total 41024K, used 18221K [0x00000006fb400000, 0x00000006fdc10000, 0x0000000700600000)
  object space 41024K, 44% used [0x00000006fb400000,0x00000006fc5cb568,0x00000006fdc10000)
Event: 18.993 GC heap after
Heap after GC invocations=15 (full 2):
 PSYoungGen      total 1334080K, used 733K [0x00000007aacb0000, 0x0000000800000000, 0x0000000800000000)
  eden space 1277952K, 0% used [0x00000007aacb0000,0x00000007aacb0000,0x00000007f8cb0000)
  from space 56128K, 1% used [0x00000007f8cb0000,0x00000007f8d67488,0x00000007fc380000)
  to   space 58496K, 0% used [0x00000007fc6e0000,0x00000007fc6e0000,0x0000000800000000)
 ParOldGen       total 223296K, used 102326K [0x0000000700600000, 0x000000070e010000, 0x00000007aacb0000)
  object space 223296K, 45% used [0x0000000700600000,0x00000007069eda40,0x000000070e010000)
 PSPermGen       total 41024K, used 18221K [0x00000006fb400000, 0x00000006fdc10000, 0x0000000700600000)
  object space 41024K, 44% used [0x00000006fb400000,0x00000006fc5cb568,0x00000006fdc10000)
}
Event: 21.536 GC heap before
{Heap before GC invocations=16 (full 2):
 PSYoungGen      total 1334080K, used 1278685K [0x00000007aacb0000, 0x0000000800000000, 0x0000000800000000)
  eden space 1277952K, 100% used [0x00000007aacb0000,0x00000007f8cb0000,0x00000007f8cb0000)
  from space 56128K, 1% used [0x00000007f8cb0000,0x00000007f8d67488,0x00000007fc380000)
  to   space 58496K, 0% used [0x00000007fc6e0000,0x00000007fc6e0000,0x0000000800000000)
 ParOldGen       total 223296K, used 102326K [0x0000000700600000, 0x000000070e010000, 0x00000007aacb0000)
  object space 223296K, 45% used [0x0000000700600000,0x00000007069eda40,0x000000070e010000)
 PSPermGen       total 41024K, used 18233K [0x00000006fb400000, 0x00000006fdc10000, 0x0000000700600000)
  object space 41024K, 44% used [0x00000006fb400000,0x00000006fc5ce4d0,0x00000006fdc10000)
Event: 21.541 GC heap after
Heap after GC invocations=16 (full 2):
 PSYoungGen      total 1334976K, used 39091K [0x00000007aacb0000, 0x0000000800000000, 0x0000000800000000)
  eden space 1276480K, 0% used [0x00000007aacb0000,0x00000007aacb0000,0x00000007f8b40000)
  from space 58496K, 66% used [0x00000007fc6e0000,0x00000007fed0cdc8,0x0000000800000000)
  to   space 59776K, 0% used [0x00000007f8b40000,0x00000007f8b40000,0x00000007fc5a0000)
 ParOldGen       total 223296K, used 102326K [0x0000000700600000, 0x000000070e010000, 0x00000007aacb0000)
  object space 223296K, 45% used [0x0000000700600000,0x00000007069eda40,0x000000070e010000)
 PSPermGen       total 41024K, used 18233K [0x00000006fb400000, 0x00000006fdc10000, 0x0000000700600000)
  object space 41024K, 44% used [0x00000006fb400000,0x00000006fc5ce4d0,0x00000006fdc10000)
}

