# JRE version: 7.0_07-b11
# Java VM: Java HotSpot(TM) 64-Bit Server VM (23.3-b01 mixed mode windows-amd64 compressed oops)
Heap
 PSYoungGen      total 361920K, used 282463K [0x00000007aacb0000, 0x00000007c6a80000, 0x0000000800000000)
  eden space 351424K, 77% used [0x00000007aacb0000,0x00000007bb654f70,0x00000007c03e0000)
  from space 10496K, 99% used [0x00000007c47c0000,0x00000007c51f2e70,0x00000007c5200000)
  to   space 22144K, 0% used [0x00000007c54e0000,0x00000007c54e0000,0x00000007c6a80000)
 ParOldGen       total 174528K, used 71848K [0x0000000700600000, 0x000000070b070000, 0x00000007aacb0000)
  object space 174528K, 41% used [0x0000000700600000,0x0000000704c2a258,0x000000070b070000)
 PSPermGen       total 21248K, used 18105K [0x00000006fb400000, 0x00000006fc8c0000, 0x0000000700600000)
  object space 21248K, 85% used [0x00000006fb400000,0x00000006fc5ae488,0x00000006fc8c0000)
GC Heap History (10 events):
Event: 16.918 GC heap before
{Heap before GC invocations=13 (full 0):
 PSYoungGen      total 448064K, used 447816K [0x00000007aacb0000, 0x00000007ca560000, 0x0000000800000000)
  eden space 437504K, 99% used [0x00000007aacb0000,0x00000007c57bf1e0,0x00000007c57f0000)
  from space 10560K, 99% used [0x00000007c9b10000,0x00000007ca552e70,0x00000007ca560000)
  to   space 27008K, 0% used [0x00000007c70a0000,0x00000007c70a0000,0x00000007c8b00000)
 ParOldGen       total 174528K, used 71752K [0x0000000700600000, 0x000000070b070000, 0x00000007aacb0000)
  object space 174528K, 41% used [0x0000000700600000,0x0000000704c12258,0x000000070b070000)
 PSPermGen       total 21248K, used 18078K [0x00000006fb400000, 0x00000006fc8c0000, 0x0000000700600000)
  object space 21248K, 85% used [0x00000006fb400000,0x00000006fc5a78c0,0x00000006fc8c0000)
Event: 16.920 GC heap after
Heap after GC invocations=13 (full 0):
 PSYoungGen      total 429056K, used 10507K [0x00000007aacb0000, 0x00000007c9b20000, 0x0000000800000000)
  eden space 418496K, 0% used [0x00000007aacb0000,0x00000007aacb0000,0x00000007c4560000)
  from space 10560K, 99% used [0x00000007c70a0000,0x00000007c7ae2e70,0x00000007c7af0000)
  to   space 25984K, 0% used [0x00000007c81c0000,0x00000007c81c0000,0x00000007c9b20000)
 ParOldGen       total 174528K, used 71760K [0x0000000700600000, 0x000000070b070000, 0x00000007aacb0000)
  object space 174528K, 41% used [0x0000000700600000,0x0000000704c14258,0x000000070b070000)
 PSPermGen       total 21248K, used 18078K [0x00000006fb400000, 0x00000006fc8c0000, 0x0000000700600000)
  object space 21248K, 85% used [0x00000006fb400000,0x00000006fc5a78c0,0x00000006fc8c0000)
}
Event: 18.381 GC heap before
{Heap before GC invocations=14 (full 0):
 PSYoungGen      total 429056K, used 428606K [0x00000007aacb0000, 0x00000007c9b20000, 0x0000000800000000)
  eden space 418496K, 99% used [0x00000007aacb0000,0x00000007c44fcc40,0x00000007c4560000)
  from space 10560K, 99% used [0x00000007c70a0000,0x00000007c7ae2e70,0x00000007c7af0000)
  to   space 25984K, 0% used [0x00000007c81c0000,0x00000007c81c0000,0x00000007c9b20000)
 ParOldGen       total 174528K, used 71760K [0x0000000700600000, 0x000000070b070000, 0x00000007aacb0000)
  object space 174528K, 41% used [0x0000000700600000,0x0000000704c14258,0x000000070b070000)
 PSPermGen       total 21248K, used 18087K [0x00000006fb400000, 0x00000006fc8c0000, 0x0000000700600000)
  object space 21248K, 85% used [0x00000006fb400000,0x00000006fc5a9d60,0x00000006fc8c0000)
Event: 18.384 GC heap after
Heap after GC invocations=14 (full 0):
 PSYoungGen      total 411008K, used 10507K [0x00000007aacb0000, 0x00000007c8c10000, 0x0000000800000000)
  eden space 400448K, 0% used [0x00000007aacb0000,0x00000007aacb0000,0x00000007c33c0000)
  from space 10560K, 99% used [0x00000007c81c0000,0x00000007c8c02e70,0x00000007c8c10000)
  to   space 24960K, 0% used [0x00000007c5b50000,0x00000007c5b50000,0x00000007c73b0000)
 ParOldGen       total 174528K, used 71792K [0x0000000700600000, 0x000000070b070000, 0x00000007aacb0000)
  object space 174528K, 41% used [0x0000000700600000,0x0000000704c1c258,0x000000070b070000)
 PSPermGen       total 21248K, used 18087K [0x00000006fb400000, 0x00000006fc8c0000, 0x0000000700600000)
  object space 21248K, 85% used [0x00000006fb400000,0x00000006fc5a9d60,0x00000006fc8c0000)
}
Event: 19.821 GC heap before
{Heap before GC invocations=15 (full 0):
 PSYoungGen      total 411008K, used 409523K [0x00000007aacb0000, 0x00000007c8c10000, 0x0000000800000000)
  eden space 400448K, 99% used [0x00000007aacb0000,0x00000007c3259fb0,0x00000007c33c0000)
  from space 10560K, 99% used [0x00000007c81c0000,0x00000007c8c02e70,0x00000007c8c10000)
  to   space 24960K, 0% used [0x00000007c5b50000,0x00000007c5b50000,0x00000007c73b0000)
 ParOldGen       total 174528K, used 71792K [0x0000000700600000, 0x000000070b070000, 0x00000007aacb0000)
  object space 174528K, 41% used [0x0000000700600000,0x0000000704c1c258,0x000000070b070000)
 PSPermGen       total 21248K, used 18091K [0x00000006fb400000, 0x00000006fc8c0000, 0x0000000700600000)
  object space 21248K, 85% used [0x00000006fb400000,0x00000006fc5aac18,0x00000006fc8c0000)
Event: 19.823 GC heap after
Heap after GC invocations=15 (full 0):
 PSYoungGen      total 393856K, used 10539K [0x00000007aacb0000, 0x00000007c81d0000, 0x0000000800000000)
  eden space 383296K, 0% used [0x00000007aacb0000,0x00000007aacb0000,0x00000007c2300000)
  from space 10560K, 99% used [0x00000007c5b50000,0x00000007c659ae70,0x00000007c65a0000)
  to   space 23936K, 0% used [0x00000007c6a70000,0x00000007c6a70000,0x00000007c81d0000)
 ParOldGen       total 174528K, used 71800K [0x0000000700600000, 0x000000070b070000, 0x00000007aacb0000)
  object space 174528K, 41% used [0x0000000700600000,0x0000000704c1e258,0x000000070b070000)
 PSPermGen       total 21248K, used 18091K [0x00000006fb400000, 0x00000006fc8c0000, 0x0000000700600000)
  object space 21248K, 85% used [0x00000006fb400000,0x00000006fc5aac18,0x00000006fc8c0000)
}
Event: 21.150 GC heap before
{Heap before GC invocations=16 (full 0):
 PSYoungGen      total 393856K, used 390527K [0x00000007aacb0000, 0x00000007c81d0000, 0x0000000800000000)
  eden space 383296K, 99% used [0x00000007aacb0000,0x00000007c1fc5188,0x00000007c2300000)
  from space 10560K, 99% used [0x00000007c5b50000,0x00000007c659ae70,0x00000007c65a0000)
  to   space 23936K, 0% used [0x00000007c6a70000,0x00000007c6a70000,0x00000007c81d0000)
 ParOldGen       total 174528K, used 71800K [0x0000000700600000, 0x000000070b070000, 0x00000007aacb0000)
  object space 174528K, 41% used [0x0000000700600000,0x0000000704c1e258,0x000000070b070000)
 PSPermGen       total 21248K, used 18095K [0x00000006fb400000, 0x00000006fc8c0000, 0x0000000700600000)
  object space 21248K, 85% used [0x00000006fb400000,0x00000006fc5abc98,0x00000006fc8c0000)
Event: 21.163 GC heap after
Heap after GC invocations=16 (full 0):
 PSYoungGen      total 377536K, used 10507K [0x00000007aacb0000, 0x00000007c74c0000, 0x0000000800000000)
  eden space 366976K, 0% used [0x00000007aacb0000,0x00000007aacb0000,0x00000007c1310000)
  from space 10560K, 99% used [0x00000007c6a70000,0x00000007c74b2e70,0x00000007c74c0000)
  to   space 23040K, 0% used [0x00000007c47c0000,0x00000007c47c0000,0x00000007c5e40000)
 ParOldGen       total 174528K, used 71832K [0x0000000700600000, 0x000000070b070000, 0x00000007aacb0000)
  object space 174528K, 41% used [0x0000000700600000,0x0000000704c26258,0x000000070b070000)
 PSPermGen       total 21248K, used 18095K [0x00000006fb400000, 0x00000006fc8c0000, 0x0000000700600000)
  object space 21248K, 85% used [0x00000006fb400000,0x00000006fc5abc98,0x00000006fc8c0000)
}
Event: 22.454 GC heap before
{Heap before GC invocations=17 (full 0):
 PSYoungGen      total 377536K, used 371475K [0x00000007aacb0000, 0x00000007c74c0000, 0x0000000800000000)
  eden space 366976K, 98% used [0x00000007aacb0000,0x00000007c0d320c0,0x00000007c1310000)
  from space 10560K, 99% used [0x00000007c6a70000,0x00000007c74b2e70,0x00000007c74c0000)
  to   space 23040K, 0% used [0x00000007c47c0000,0x00000007c47c0000,0x00000007c5e40000)
 ParOldGen       total 174528K, used 71832K [0x0000000700600000, 0x000000070b070000, 0x00000007aacb0000)
  object space 174528K, 41% used [0x0000000700600000,0x0000000704c26258,0x000000070b070000)
 PSPermGen       total 21248K, used 18096K [0x00000006fb400000, 0x00000006fc8c0000, 0x0000000700600000)
  object space 21248K, 85% used [0x00000006fb400000,0x00000006fc5ac3d0,0x00000006fc8c0000)
Event: 22.456 GC heap after
Heap after GC invocations=17 (full 0):
 PSYoungGen      total 361920K, used 10443K [0x00000007aacb0000, 0x00000007c6a80000, 0x0000000800000000)
  eden space 351424K, 0% used [0x00000007aacb0000,0x00000007aacb0000,0x00000007c03e0000)
  from space 10496K, 99% used [0x00000007c47c0000,0x00000007c51f2e70,0x00000007c5200000)
  to   space 22144K, 0% used [0x00000007c54e0000,0x00000007c54e0000,0x00000007c6a80000)
 ParOldGen       total 174528K, used 71848K [0x0000000700600000, 0x000000070b070000, 0x00000007aacb0000)
  object space 174528K, 41% used [0x0000000700600000,0x0000000704c2a258,0x000000070b070000)
 PSPermGen       total 21248K, used 18096K [0x00000006fb400000, 0x00000006fc8c0000, 0x0000000700600000)
  object space 21248K, 85% used [0x00000006fb400000,0x00000006fc5ac3d0,0x00000006fc8c0000)
}

