# JRE version: 7.0_07-b11
# Java VM: Java HotSpot(TM) 64-Bit Server VM (23.3-b01 mixed mode windows-amd64 compressed oops)
Heap
 PSYoungGen      total 1354816K, used 1318796K [0x00000007aacb0000, 0x0000000800000000, 0x0000000800000000)
  eden space 1315520K, 98% used [0x00000007aacb0000,0x00000007f987c0f0,0x00000007fb160000)
  from space 39296K, 73% used [0x00000007fd9a0000,0x00000007ff5b72a0,0x0000000800000000)
  to   space 40256K, 0% used [0x00000007fb160000,0x00000007fb160000,0x00000007fd8b0000)
 ParOldGen       total 262400K, used 108505K [0x0000000700600000, 0x0000000710640000, 0x00000007aacb0000)
  object space 262400K, 41% used [0x0000000700600000,0x0000000706ff6440,0x0000000710640000)
 PSPermGen       total 37696K, used 18251K [0x00000006fb400000, 0x00000006fd8d0000, 0x0000000700600000)
  object space 37696K, 48% used [0x00000006fb400000,0x00000006fc5d2e00,0x00000006fd8d0000)
GC Heap History (10 events):
Event: 28.706 GC heap before
{Heap before GC invocations=18 (full 4):
 PSYoungGen      total 1019264K, used 998907K [0x00000007aacb0000, 0x00000007fb2e0000, 0x0000000800000000)
  eden space 990208K, 99% used [0x00000007aacb0000,0x00000007e71fbff8,0x00000007e73b0000)
  from space 29056K, 35% used [0x00000007e73b0000,0x00000007e7de2e70,0x00000007e9010000)
  to   space 31296K, 0% used [0x00000007f9450000,0x00000007f9450000,0x00000007fb2e0000)
 ParOldGen       total 262400K, used 90499K [0x0000000700600000, 0x0000000710640000, 0x00000007aacb0000)
  object space 262400K, 34% used [0x0000000700600000,0x0000000705e60c70,0x0000000710640000)
 PSPermGen       total 37696K, used 18189K [0x00000006fb400000, 0x00000006fd8d0000, 0x0000000700600000)
  object space 37696K, 48% used [0x00000006fb400000,0x00000006fc5c3558,0x00000006fd8d0000)
Event: 28.710 GC heap after
Heap after GC invocations=18 (full 4):
 PSYoungGen      total 1237120K, used 10475K [0x00000007aacb0000, 0x00000007f9e90000, 0x0000000800000000)
  eden space 1226624K, 0% used [0x00000007aacb0000,0x00000007aacb0000,0x00000007f5a90000)
  from space 10496K, 99% used [0x00000007f9450000,0x00000007f9e8ae70,0x00000007f9e90000)
  to   space 32896K, 0% used [0x00000007f5e50000,0x00000007f5e50000,0x00000007f7e70000)
 ParOldGen       total 262400K, used 90499K [0x0000000700600000, 0x0000000710640000, 0x00000007aacb0000)
  object space 262400K, 34% used [0x0000000700600000,0x0000000705e60c70,0x0000000710640000)
 PSPermGen       total 37696K, used 18189K [0x00000006fb400000, 0x00000006fd8d0000, 0x0000000700600000)
  object space 37696K, 48% used [0x00000006fb400000,0x00000006fc5c3558,0x00000006fd8d0000)
}
Event: 33.932 GC heap before
{Heap before GC invocations=19 (full 4):
 PSYoungGen      total 1237120K, used 1232876K [0x00000007aacb0000, 0x00000007f9e90000, 0x0000000800000000)
  eden space 1226624K, 99% used [0x00000007aacb0000,0x00000007f5670340,0x00000007f5a90000)
  from space 10496K, 99% used [0x00000007f9450000,0x00000007f9e8ae70,0x00000007f9e90000)
  to   space 32896K, 0% used [0x00000007f5e50000,0x00000007f5e50000,0x00000007f7e70000)
 ParOldGen       total 262400K, used 90499K [0x0000000700600000, 0x0000000710640000, 0x00000007aacb0000)
  object space 262400K, 34% used [0x0000000700600000,0x0000000705e60c70,0x0000000710640000)
 PSPermGen       total 37696K, used 18214K [0x00000006fb400000, 0x00000006fd8d0000, 0x0000000700600000)
  object space 37696K, 48% used [0x00000006fb400000,0x00000006fc5c98a0,0x00000006fd8d0000)
Event: 33.941 GC heap after
Heap after GC invocations=19 (full 4):
 PSYoungGen      total 1263360K, used 32454K [0x00000007aacb0000, 0x0000000800000000, 0x0000000800000000)
  eden space 1230464K, 0% used [0x00000007aacb0000,0x00000007aacb0000,0x00000007f5e50000)
  from space 32896K, 98% used [0x00000007f5e50000,0x00000007f7e01af0,0x00000007f7e70000)
  to   space 35456K, 0% used [0x00000007fdd60000,0x00000007fdd60000,0x0000000800000000)
 ParOldGen       total 262400K, used 90499K [0x0000000700600000, 0x0000000710640000, 0x00000007aacb0000)
  object space 262400K, 34% used [0x0000000700600000,0x0000000705e60c70,0x0000000710640000)
 PSPermGen       total 37696K, used 18214K [0x00000006fb400000, 0x00000006fd8d0000, 0x0000000700600000)
  object space 37696K, 48% used [0x00000006fb400000,0x00000006fc5c98a0,0x00000006fd8d0000)
}
Event: 39.286 GC heap before
{Heap before GC invocations=20 (full 4):
 PSYoungGen      total 1263360K, used 1261397K [0x00000007aacb0000, 0x0000000800000000, 0x0000000800000000)
  eden space 1230464K, 99% used [0x00000007aacb0000,0x00000007f5cd3b20,0x00000007f5e50000)
  from space 32896K, 98% used [0x00000007f5e50000,0x00000007f7e01af0,0x00000007f7e70000)
  to   space 35456K, 0% used [0x00000007fdd60000,0x00000007fdd60000,0x0000000800000000)
 ParOldGen       total 262400K, used 90499K [0x0000000700600000, 0x0000000710640000, 0x00000007aacb0000)
  object space 262400K, 34% used [0x0000000700600000,0x0000000705e60c70,0x0000000710640000)
 PSPermGen       total 37696K, used 18235K [0x00000006fb400000, 0x00000006fd8d0000, 0x0000000700600000)
  object space 37696K, 48% used [0x00000006fb400000,0x00000006fc5cee10,0x00000006fd8d0000)
Event: 39.298 GC heap after
Heap after GC invocations=20 (full 4):
 PSYoungGen      total 1356096K, used 32935K [0x00000007aacb0000, 0x0000000800000000, 0x0000000800000000)
  eden space 1320640K, 0% used [0x00000007aacb0000,0x00000007aacb0000,0x00000007fb660000)
  from space 35456K, 92% used [0x00000007fdd60000,0x00000007ffd89f40,0x0000000800000000)
  to   space 37696K, 0% used [0x00000007fb660000,0x00000007fb660000,0x00000007fdb30000)
 ParOldGen       total 262400K, used 104857K [0x0000000700600000, 0x0000000710640000, 0x00000007aacb0000)
  object space 262400K, 39% used [0x0000000700600000,0x0000000706c66780,0x0000000710640000)
 PSPermGen       total 37696K, used 18235K [0x00000006fb400000, 0x00000006fd8d0000, 0x0000000700600000)
  object space 37696K, 48% used [0x00000006fb400000,0x00000006fc5cee10,0x00000006fd8d0000)
}
Event: 45.076 GC heap before
{Heap before GC invocations=21 (full 4):
 PSYoungGen      total 1356096K, used 1353190K [0x00000007aacb0000, 0x0000000800000000, 0x0000000800000000)
  eden space 1320640K, 99% used [0x00000007aacb0000,0x00000007fb5ffb88,0x00000007fb660000)
  from space 35456K, 92% used [0x00000007fdd60000,0x00000007ffd89f40,0x0000000800000000)
  to   space 37696K, 0% used [0x00000007fb660000,0x00000007fb660000,0x00000007fdb30000)
 ParOldGen       total 262400K, used 104857K [0x0000000700600000, 0x0000000710640000, 0x00000007aacb0000)
  object space 262400K, 39% used [0x0000000700600000,0x0000000706c66780,0x0000000710640000)
 PSPermGen       total 37696K, used 18236K [0x00000006fb400000, 0x00000006fd8d0000, 0x0000000700600000)
  object space 37696K, 48% used [0x00000006fb400000,0x00000006fc5cf1a8,0x00000006fd8d0000)
Event: 45.086 GC heap after
Heap after GC invocations=21 (full 4):
 PSYoungGen      total 1356736K, used 36091K [0x00000007aacb0000, 0x0000000800000000, 0x0000000800000000)
  eden space 1320640K, 0% used [0x00000007aacb0000,0x00000007aacb0000,0x00000007fb660000)
  from space 36096K, 99% used [0x00000007fb660000,0x00000007fd99ec20,0x00000007fd9a0000)
  to   space 39296K, 0% used [0x00000007fd9a0000,0x00000007fd9a0000,0x0000000800000000)
 ParOldGen       total 262400K, used 108505K [0x0000000700600000, 0x0000000710640000, 0x00000007aacb0000)
  object space 262400K, 41% used [0x0000000700600000,0x0000000706ff6440,0x0000000710640000)
 PSPermGen       total 37696K, used 18236K [0x00000006fb400000, 0x00000006fd8d0000, 0x0000000700600000)
  object space 37696K, 48% used [0x00000006fb400000,0x00000006fc5cf1a8,0x00000006fd8d0000)
}
Event: 50.821 GC heap before
{Heap before GC invocations=22 (full 4):
 PSYoungGen      total 1356736K, used 1356267K [0x00000007aacb0000, 0x0000000800000000, 0x0000000800000000)
  eden space 1320640K, 99% used [0x00000007aacb0000,0x00000007fb5ec228,0x00000007fb660000)
  from space 36096K, 99% used [0x00000007fb660000,0x00000007fd99ec20,0x00000007fd9a0000)
  to   space 39296K, 0% used [0x00000007fd9a0000,0x00000007fd9a0000,0x0000000800000000)
 ParOldGen       total 262400K, used 108505K [0x0000000700600000, 0x0000000710640000, 0x00000007aacb0000)
  object space 262400K, 41% used [0x0000000700600000,0x0000000706ff6440,0x0000000710640000)
 PSPermGen       total 37696K, used 18241K [0x00000006fb400000, 0x00000006fd8d0000, 0x0000000700600000)
  object space 37696K, 48% used [0x00000006fb400000,0x00000006fc5d0780,0x00000006fd8d0000)
Event: 50.826 GC heap after
Heap after GC invocations=22 (full 4):
 PSYoungGen      total 1354816K, used 28764K [0x00000007aacb0000, 0x0000000800000000, 0x0000000800000000)
  eden space 1315520K, 0% used [0x00000007aacb0000,0x00000007aacb0000,0x00000007fb160000)
  from space 39296K, 73% used [0x00000007fd9a0000,0x00000007ff5b72a0,0x0000000800000000)
  to   space 40256K, 0% used [0x00000007fb160000,0x00000007fb160000,0x00000007fd8b0000)
 ParOldGen       total 262400K, used 108505K [0x0000000700600000, 0x0000000710640000, 0x00000007aacb0000)
  object space 262400K, 41% used [0x0000000700600000,0x0000000706ff6440,0x0000000710640000)
 PSPermGen       total 37696K, used 18241K [0x00000006fb400000, 0x00000006fd8d0000, 0x0000000700600000)
  object space 37696K, 48% used [0x00000006fb400000,0x00000006fc5d0780,0x00000006fd8d0000)
}

