# JRE version: 7.0_07-b11
# Java VM: Java HotSpot(TM) 64-Bit Server VM (23.3-b01 mixed mode windows-amd64 compressed oops)
Heap
 PSYoungGen      total 327744K, used 293292K [0x00000007aacb0000, 0x00000007c4690000, 0x0000000800000000)
  eden space 296832K, 98% used [0x00000007aacb0000,0x00000007bcae33e0,0x00000007bce90000)
  from space 30912K, 0% used [0x00000007bce90000,0x00000007bcec8000,0x00000007becc0000)
  to   space 32128K, 0% used [0x00000007c2730000,0x00000007c2730000,0x00000007c4690000)
 ParOldGen       total 360448K, used 110100K [0x0000000700600000, 0x0000000716600000, 0x00000007aacb0000)
  object space 360448K, 30% used [0x0000000700600000,0x00000007071853e0,0x0000000716600000)
 PSPermGen       total 32512K, used 18236K [0x00000006fb400000, 0x00000006fd3c0000, 0x0000000700600000)
  object space 32512K, 56% used [0x00000006fb400000,0x00000006fc5cf1c0,0x00000006fd3c0000)
GC Heap History (10 events):
Event: 15.286 GC heap before
{Heap before GC invocations=12 (full 5):
 PSYoungGen      total 232704K, used 206958K [0x00000007aacb0000, 0x00000007c0d00000, 0x0000000800000000)
  eden space 206976K, 99% used [0x00000007aacb0000,0x00000007b76cbab8,0x00000007b76d0000)
  from space 25728K, 0% used [0x00000007b76d0000,0x00000007b76d0000,0x00000007b8ff0000)
  to   space 27648K, 0% used [0x00000007bf200000,0x00000007bf200000,0x00000007c0d00000)
 ParOldGen       total 331648K, used 330131K [0x0000000700600000, 0x00000007149e0000, 0x00000007aacb0000)
  object space 331648K, 99% used [0x0000000700600000,0x0000000714864f48,0x00000007149e0000)
 PSPermGen       total 37568K, used 18074K [0x00000006fb400000, 0x00000006fd8b0000, 0x0000000700600000)
  object space 37568K, 48% used [0x00000006fb400000,0x00000006fc5a6a08,0x00000006fd8b0000)
Event: 15.315 GC heap after
Heap after GC invocations=12 (full 5):
 PSYoungGen      total 232704K, used 0K [0x00000007aacb0000, 0x00000007c0d00000, 0x0000000800000000)
  eden space 206976K, 0% used [0x00000007aacb0000,0x00000007aacb0000,0x00000007b76d0000)
  from space 25728K, 0% used [0x00000007b76d0000,0x00000007b76d0000,0x00000007b8ff0000)
  to   space 27648K, 0% used [0x00000007bf200000,0x00000007bf200000,0x00000007c0d00000)
 ParOldGen       total 273024K, used 20306K [0x0000000700600000, 0x00000007110a0000, 0x00000007aacb0000)
  object space 273024K, 7% used [0x0000000700600000,0x00000007019d4988,0x00000007110a0000)
 PSPermGen       total 35904K, used 18074K [0x00000006fb400000, 0x00000006fd710000, 0x0000000700600000)
  object space 35904K, 50% used [0x00000006fb400000,0x00000006fc5a6a08,0x00000006fd710000)
}
Event: 17.152 GC heap before
{Heap before GC invocations=13 (full 6):
 PSYoungGen      total 232704K, used 206560K [0x00000007aacb0000, 0x00000007c0d00000, 0x0000000800000000)
  eden space 206976K, 99% used [0x00000007aacb0000,0x00000007b7668158,0x00000007b76d0000)
  from space 25728K, 0% used [0x00000007b76d0000,0x00000007b76d0000,0x00000007b8ff0000)
  to   space 27648K, 0% used [0x00000007bf200000,0x00000007bf200000,0x00000007c0d00000)
 ParOldGen       total 326784K, used 326715K [0x0000000700600000, 0x0000000714520000, 0x00000007aacb0000)
  object space 326784K, 99% used [0x0000000700600000,0x000000071450ecc8,0x0000000714520000)
 PSPermGen       total 35904K, used 18084K [0x00000006fb400000, 0x00000006fd710000, 0x0000000700600000)
  object space 35904K, 50% used [0x00000006fb400000,0x00000006fc5a9050,0x00000006fd710000)
Event: 17.177 GC heap after
Heap after GC invocations=13 (full 6):
 PSYoungGen      total 232704K, used 0K [0x00000007aacb0000, 0x00000007c0d00000, 0x0000000800000000)
  eden space 206976K, 0% used [0x00000007aacb0000,0x00000007aacb0000,0x00000007b76d0000)
  from space 25728K, 0% used [0x00000007b76d0000,0x00000007b76d0000,0x00000007b8ff0000)
  to   space 27648K, 0% used [0x00000007bf200000,0x00000007bf200000,0x00000007c0d00000)
 ParOldGen       total 317696K, used 20310K [0x0000000700600000, 0x0000000713c40000, 0x00000007aacb0000)
  object space 317696K, 6% used [0x0000000700600000,0x00000007019d5840,0x0000000713c40000)
 PSPermGen       total 34176K, used 18084K [0x00000006fb400000, 0x00000006fd560000, 0x0000000700600000)
  object space 34176K, 52% used [0x00000006fb400000,0x00000006fc5a9050,0x00000006fd560000)
}
Event: 19.083 GC heap before
{Heap before GC invocations=14 (full 7):
 PSYoungGen      total 232704K, used 205858K [0x00000007aacb0000, 0x00000007c0d00000, 0x0000000800000000)
  eden space 206976K, 99% used [0x00000007aacb0000,0x00000007b75b8978,0x00000007b76d0000)
  from space 25728K, 0% used [0x00000007b76d0000,0x00000007b76d0000,0x00000007b8ff0000)
  to   space 27648K, 0% used [0x00000007bf200000,0x00000007bf200000,0x00000007c0d00000)
 ParOldGen       total 321152K, used 320643K [0x0000000700600000, 0x0000000713fa0000, 0x00000007aacb0000)
  object space 321152K, 99% used [0x0000000700600000,0x0000000713f20f70,0x0000000713fa0000)
 PSPermGen       total 34176K, used 18197K [0x00000006fb400000, 0x00000006fd560000, 0x0000000700600000)
  object space 34176K, 53% used [0x00000006fb400000,0x00000006fc5c5618,0x00000006fd560000)
Event: 19.107 GC heap after
Heap after GC invocations=14 (full 7):
 PSYoungGen      total 232704K, used 0K [0x00000007aacb0000, 0x00000007c0d00000, 0x0000000800000000)
  eden space 206976K, 0% used [0x00000007aacb0000,0x00000007aacb0000,0x00000007b76d0000)
  from space 25728K, 0% used [0x00000007b76d0000,0x00000007b76d0000,0x00000007b8ff0000)
  to   space 27648K, 0% used [0x00000007bf200000,0x00000007bf200000,0x00000007c0d00000)
 ParOldGen       total 360448K, used 22432K [0x0000000700600000, 0x0000000716600000, 0x00000007aacb0000)
  object space 360448K, 6% used [0x0000000700600000,0x0000000701be8088,0x0000000716600000)
 PSPermGen       total 32512K, used 18197K [0x00000006fb400000, 0x00000006fd3c0000, 0x0000000700600000)
  object space 32512K, 55% used [0x00000006fb400000,0x00000006fc5c55b8,0x00000006fd3c0000)
}
Event: 19.705 GC heap before
{Heap before GC invocations=15 (full 7):
 PSYoungGen      total 232704K, used 204891K [0x00000007aacb0000, 0x00000007c0d00000, 0x0000000800000000)
  eden space 206976K, 98% used [0x00000007aacb0000,0x00000007b74c6d40,0x00000007b76d0000)
  from space 25728K, 0% used [0x00000007b76d0000,0x00000007b76d0000,0x00000007b8ff0000)
  to   space 27648K, 0% used [0x00000007bf200000,0x00000007bf200000,0x00000007c0d00000)
 ParOldGen       total 360448K, used 25849K [0x0000000700600000, 0x0000000716600000, 0x00000007aacb0000)
  object space 360448K, 7% used [0x0000000700600000,0x0000000701f3e558,0x0000000716600000)
 PSPermGen       total 32512K, used 18198K [0x00000006fb400000, 0x00000006fd3c0000, 0x0000000700600000)
  object space 32512K, 55% used [0x00000006fb400000,0x00000006fc5c5a40,0x00000006fd3c0000)
Event: 19.714 GC heap after
Heap after GC invocations=15 (full 7):
 PSYoungGen      total 318336K, used 25484K [0x00000007aacb0000, 0x00000007c0af0000, 0x0000000800000000)
  eden space 292800K, 0% used [0x00000007aacb0000,0x00000007aacb0000,0x00000007bcaa0000)
  from space 25536K, 99% used [0x00000007bf200000,0x00000007c0ae30e0,0x00000007c0af0000)
  to   space 30912K, 0% used [0x00000007bce90000,0x00000007bce90000,0x00000007becc0000)
 ParOldGen       total 360448K, used 47491K [0x0000000700600000, 0x0000000716600000, 0x00000007aacb0000)
  object space 360448K, 13% used [0x0000000700600000,0x0000000703460e58,0x0000000716600000)
 PSPermGen       total 32512K, used 18198K [0x00000006fb400000, 0x00000006fd3c0000, 0x0000000700600000)
  object space 32512K, 55% used [0x00000006fb400000,0x00000006fc5c5a40,0x00000006fd3c0000)
}
Event: 20.406 GC heap before
{Heap before GC invocations=16 (full 7):
 PSYoungGen      total 318336K, used 318284K [0x00000007aacb0000, 0x00000007c0af0000, 0x0000000800000000)
  eden space 292800K, 100% used [0x00000007aacb0000,0x00000007bcaa0000,0x00000007bcaa0000)
  from space 25536K, 99% used [0x00000007bf200000,0x00000007c0ae30e0,0x00000007c0af0000)
  to   space 30912K, 0% used [0x00000007bce90000,0x00000007bce90000,0x00000007becc0000)
 ParOldGen       total 360448K, used 110100K [0x0000000700600000, 0x0000000716600000, 0x00000007aacb0000)
  object space 360448K, 30% used [0x0000000700600000,0x00000007071853e0,0x0000000716600000)
 PSPermGen       total 32512K, used 18202K [0x00000006fb400000, 0x00000006fd3c0000, 0x0000000700600000)
  object space 32512K, 55% used [0x00000006fb400000,0x00000006fc5c69e8,0x00000006fd3c0000)
Event: 20.407 GC heap after
Heap after GC invocations=16 (full 7):
 PSYoungGen      total 327744K, used 224K [0x00000007aacb0000, 0x00000007c4690000, 0x0000000800000000)
  eden space 296832K, 0% used [0x00000007aacb0000,0x00000007aacb0000,0x00000007bce90000)
  from space 30912K, 0% used [0x00000007bce90000,0x00000007bcec8000,0x00000007becc0000)
  to   space 32128K, 0% used [0x00000007c2730000,0x00000007c2730000,0x00000007c4690000)
 ParOldGen       total 360448K, used 110100K [0x0000000700600000, 0x0000000716600000, 0x00000007aacb0000)
  object space 360448K, 30% used [0x0000000700600000,0x00000007071853e0,0x0000000716600000)
 PSPermGen       total 32512K, used 18202K [0x00000006fb400000, 0x00000006fd3c0000, 0x0000000700600000)
  object space 32512K, 55% used [0x00000006fb400000,0x00000006fc5c69e8,0x00000006fd3c0000)
}

