# JRE version: 7.0_07-b11
# Java VM: Java HotSpot(TM) 64-Bit Server VM (23.3-b01 mixed mode windows-amd64 compressed oops)
Heap
 PSYoungGen      total 900416K, used 456294K [0x00000007aacb0000, 0x00000007f33c0000, 0x0000000800000000)
  eden space 865024K, 48% used [0x00000007aacb0000,0x00000007c47c52b0,0x00000007df970000)
  from space 35392K, 99% used [0x00000007ee5d0000,0x00000007f0854810,0x00000007f0860000)
  to   space 44416K, 0% used [0x00000007f0860000,0x00000007f0860000,0x00000007f33c0000)
 ParOldGen       total 199424K, used 31787K [0x0000000700600000, 0x000000070c8c0000, 0x00000007aacb0000)
  object space 199424K, 15% used [0x0000000700600000,0x000000070250add0,0x000000070c8c0000)
 PSPermGen       total 36032K, used 18230K [0x00000006fb400000, 0x00000006fd730000, 0x0000000700600000)
  object space 36032K, 50% used [0x00000006fb400000,0x00000006fc5cda08,0x00000006fd730000)
GC Heap History (10 events):
Event: 44.705 GC heap before
{Heap before GC invocations=28 (full 4):
 PSYoungGen      total 1051072K, used 1050113K [0x00000007aacb0000, 0x00000007f80b0000, 0x0000000800000000)
  eden space 1032512K, 99% used [0x00000007aacb0000,0x00000007e9c14318,0x00000007e9d00000)
  from space 18560K, 99% used [0x00000007f4270000,0x00000007f548c430,0x00000007f5490000)
  to   space 45184K, 0% used [0x00000007f5490000,0x00000007f5490000,0x00000007f80b0000)
 ParOldGen       total 197440K, used 130044K [0x0000000700600000, 0x000000070c6d0000, 0x00000007aacb0000)
  object space 197440K, 65% used [0x0000000700600000,0x00000007084ff010,0x000000070c6d0000)
 PSPermGen       total 37696K, used 18192K [0x00000006fb400000, 0x00000006fd8d0000, 0x0000000700600000)
  object space 37696K, 48% used [0x00000006fb400000,0x00000006fc5c42d0,0x00000006fd8d0000)
Event: 44.713 GC heap after
Heap after GC invocations=28 (full 4):
 PSYoungGen      total 1028672K, used 41167K [0x00000007aacb0000, 0x00000007f7cd0000, 0x0000000800000000)
  eden space 987456K, 0% used [0x00000007aacb0000,0x00000007aacb0000,0x00000007e7100000)
  from space 41216K, 99% used [0x00000007f5490000,0x00000007f7cc3f60,0x00000007f7cd0000)
  to   space 52032K, 0% used [0x00000007f1730000,0x00000007f1730000,0x00000007f4a00000)
 ParOldGen       total 197440K, used 148269K [0x0000000700600000, 0x000000070c6d0000, 0x00000007aacb0000)
  object space 197440K, 75% used [0x0000000700600000,0x00000007096cb440,0x000000070c6d0000)
 PSPermGen       total 37696K, used 18192K [0x00000006fb400000, 0x00000006fd8d0000, 0x0000000700600000)
  object space 37696K, 48% used [0x00000006fb400000,0x00000006fc5c42d0,0x00000006fd8d0000)
}
Event: 46.912 GC heap before
{Heap before GC invocations=29 (full 5):
 PSYoungGen      total 1028672K, used 1028587K [0x00000007aacb0000, 0x00000007f7cd0000, 0x0000000800000000)
  eden space 987456K, 99% used [0x00000007aacb0000,0x00000007e70f6eb8,0x00000007e7100000)
  from space 41216K, 99% used [0x00000007f5490000,0x00000007f7cc3f60,0x00000007f7cd0000)
  to   space 52032K, 0% used [0x00000007f1730000,0x00000007f1730000,0x00000007f4a00000)
 ParOldGen       total 274432K, used 274326K [0x0000000700600000, 0x0000000711200000, 0x00000007aacb0000)
  object space 274432K, 99% used [0x0000000700600000,0x00000007111e5930,0x0000000711200000)
 PSPermGen       total 37696K, used 18194K [0x00000006fb400000, 0x00000006fd8d0000, 0x0000000700600000)
  object space 37696K, 48% used [0x00000006fb400000,0x00000006fc5c4a48,0x00000006fd8d0000)
Event: 46.948 GC heap after
Heap after GC invocations=29 (full 5):
 PSYoungGen      total 1028672K, used 0K [0x00000007aacb0000, 0x00000007f7cd0000, 0x0000000800000000)
  eden space 987456K, 0% used [0x00000007aacb0000,0x00000007aacb0000,0x00000007e7100000)
  from space 41216K, 0% used [0x00000007f5490000,0x00000007f5490000,0x00000007f7cd0000)
  to   space 52032K, 0% used [0x00000007f1730000,0x00000007f1730000,0x00000007f4a00000)
 ParOldGen       total 199424K, used 28370K [0x0000000700600000, 0x000000070c8c0000, 0x00000007aacb0000)
  object space 199424K, 14% used [0x0000000700600000,0x00000007021b4900,0x000000070c8c0000)
 PSPermGen       total 36032K, used 18194K [0x00000006fb400000, 0x00000006fd730000, 0x0000000700600000)
  object space 36032K, 50% used [0x00000006fb400000,0x00000006fc5c4a28,0x00000006fd730000)
}
Event: 48.892 GC heap before
{Heap before GC invocations=30 (full 5):
 PSYoungGen      total 1028672K, used 986221K [0x00000007aacb0000, 0x00000007f7cd0000, 0x0000000800000000)
  eden space 987456K, 99% used [0x00000007aacb0000,0x00000007e6fcb7b8,0x00000007e7100000)
  from space 41216K, 0% used [0x00000007f5490000,0x00000007f5490000,0x00000007f7cd0000)
  to   space 52032K, 0% used [0x00000007f1730000,0x00000007f1730000,0x00000007f4a00000)
 ParOldGen       total 199424K, used 28370K [0x0000000700600000, 0x000000070c8c0000, 0x00000007aacb0000)
  object space 199424K, 14% used [0x0000000700600000,0x00000007021b4900,0x000000070c8c0000)
 PSPermGen       total 36032K, used 18206K [0x00000006fb400000, 0x00000006fd730000, 0x0000000700600000)
  object space 36032K, 50% used [0x00000006fb400000,0x00000006fc5c7be0,0x00000006fd730000)
Event: 48.899 GC heap after
Heap after GC invocations=30 (full 5):
 PSYoungGen      total 973760K, used 29176K [0x00000007aacb0000, 0x00000007f54a0000, 0x0000000800000000)
  eden space 944576K, 0% used [0x00000007aacb0000,0x00000007aacb0000,0x00000007e4720000)
  from space 29184K, 99% used [0x00000007f1730000,0x00000007f33ae190,0x00000007f33b0000)
  to   space 33728K, 0% used [0x00000007f33b0000,0x00000007f33b0000,0x00000007f54a0000)
 ParOldGen       total 199424K, used 28370K [0x0000000700600000, 0x000000070c8c0000, 0x00000007aacb0000)
  object space 199424K, 14% used [0x0000000700600000,0x00000007021b4900,0x000000070c8c0000)
 PSPermGen       total 36032K, used 18206K [0x00000006fb400000, 0x00000006fd730000, 0x0000000700600000)
  object space 36032K, 50% used [0x00000006fb400000,0x00000006fc5c7be0,0x00000006fd730000)
}
Event: 50.805 GC heap before
{Heap before GC invocations=31 (full 5):
 PSYoungGen      total 973760K, used 971640K [0x00000007aacb0000, 0x00000007f54a0000, 0x0000000800000000)
  eden space 944576K, 99% used [0x00000007aacb0000,0x00000007e450ff28,0x00000007e4720000)
  from space 29184K, 99% used [0x00000007f1730000,0x00000007f33ae190,0x00000007f33b0000)
  to   space 33728K, 0% used [0x00000007f33b0000,0x00000007f33b0000,0x00000007f54a0000)
 ParOldGen       total 199424K, used 28370K [0x0000000700600000, 0x000000070c8c0000, 0x00000007aacb0000)
  object space 199424K, 14% used [0x0000000700600000,0x00000007021b4900,0x000000070c8c0000)
 PSPermGen       total 36032K, used 18222K [0x00000006fb400000, 0x00000006fd730000, 0x0000000700600000)
  object space 36032K, 50% used [0x00000006fb400000,0x00000006fc5cb8a0,0x00000006fd730000)
Event: 50.810 GC heap after
Heap after GC invocations=31 (full 5):
 PSYoungGen      total 922880K, used 19019K [0x00000007aacb0000, 0x00000007f4650000, 0x0000000800000000)
  eden space 903808K, 0% used [0x00000007aacb0000,0x00000007aacb0000,0x00000007e1f50000)
  from space 19072K, 99% used [0x00000007f33b0000,0x00000007f4642da0,0x00000007f4650000)
  to   space 49408K, 0% used [0x00000007ee5d0000,0x00000007ee5d0000,0x00000007f1610000)
 ParOldGen       total 199424K, used 28370K [0x0000000700600000, 0x000000070c8c0000, 0x00000007aacb0000)
  object space 199424K, 14% used [0x0000000700600000,0x00000007021b4900,0x000000070c8c0000)
 PSPermGen       total 36032K, used 18222K [0x00000006fb400000, 0x00000006fd730000, 0x0000000700600000)
  object space 36032K, 50% used [0x00000006fb400000,0x00000006fc5cb8a0,0x00000006fd730000)
}
Event: 52.569 GC heap before
{Heap before GC invocations=32 (full 5):
 PSYoungGen      total 922880K, used 922312K [0x00000007aacb0000, 0x00000007f4650000, 0x0000000800000000)
  eden space 903808K, 99% used [0x00000007aacb0000,0x00000007e1ecf4b0,0x00000007e1f50000)
  from space 19072K, 99% used [0x00000007f33b0000,0x00000007f4642da0,0x00000007f4650000)
  to   space 49408K, 0% used [0x00000007ee5d0000,0x00000007ee5d0000,0x00000007f1610000)
 ParOldGen       total 199424K, used 31787K [0x0000000700600000, 0x000000070c8c0000, 0x00000007aacb0000)
  object space 199424K, 15% used [0x0000000700600000,0x000000070250add0,0x000000070c8c0000)
 PSPermGen       total 36032K, used 18223K [0x00000006fb400000, 0x00000006fd730000, 0x0000000700600000)
  object space 36032K, 50% used [0x00000006fb400000,0x00000006fc5cbdb0,0x00000006fd730000)
Event: 52.576 GC heap after
Heap after GC invocations=32 (full 5):
 PSYoungGen      total 900416K, used 35346K [0x00000007aacb0000, 0x00000007f33c0000, 0x0000000800000000)
  eden space 865024K, 0% used [0x00000007aacb0000,0x00000007aacb0000,0x00000007df970000)
  from space 35392K, 99% used [0x00000007ee5d0000,0x00000007f0854810,0x00000007f0860000)
  to   space 44416K, 0% used [0x00000007f0860000,0x00000007f0860000,0x00000007f33c0000)
 ParOldGen       total 199424K, used 31787K [0x0000000700600000, 0x000000070c8c0000, 0x00000007aacb0000)
  object space 199424K, 15% used [0x0000000700600000,0x000000070250add0,0x000000070c8c0000)
 PSPermGen       total 36032K, used 18223K [0x00000006fb400000, 0x00000006fd730000, 0x0000000700600000)
  object space 36032K, 50% used [0x00000006fb400000,0x00000006fc5cbdb0,0x00000006fd730000)
}

