# JRE version: 7.0_07-b11
# Java VM: Java HotSpot(TM) 64-Bit Server VM (23.3-b01 mixed mode windows-amd64 compressed oops)
Heap
 PSYoungGen      total 870720K, used 367112K [0x00000007aacb0000, 0x00000007ee7e0000, 0x0000000800000000)
  eden space 820608K, 44% used [0x00000007aacb0000,0x00000007c1302138,0x00000007dce10000)
  from space 50112K, 0% used [0x00000007dce10000,0x00000007dce40000,0x00000007dff00000)
  to   space 53440K, 0% used [0x00000007eb3b0000,0x00000007eb3b0000,0x00000007ee7e0000)
 ParOldGen       total 310144K, used 138856K [0x0000000700600000, 0x00000007134e0000, 0x00000007aacb0000)
  object space 310144K, 44% used [0x0000000700600000,0x0000000708d9a318,0x00000007134e0000)
 PSPermGen       total 35968K, used 18124K [0x00000006fb400000, 0x00000006fd720000, 0x0000000700600000)
  object space 35968K, 50% used [0x00000006fb400000,0x00000006fc5b3358,0x00000006fd720000)
GC Heap History (10 events):
Event: 11.582 GC heap before
{Heap before GC invocations=14 (full 4):
 PSYoungGen      total 568448K, used 519223K [0x00000007aacb0000, 0x00000007daa60000, 0x0000000800000000)
  eden space 520256K, 99% used [0x00000007aacb0000,0x00000007ca7bdd30,0x00000007ca8c0000)
  from space 48192K, 0% used [0x00000007ca8c0000,0x00000007ca8c0000,0x00000007cd7d0000)
  to   space 47040K, 0% used [0x00000007d7c70000,0x00000007d7c70000,0x00000007daa60000)
 ParOldGen       total 263424K, used 45935K [0x0000000700600000, 0x0000000710740000, 0x00000007aacb0000)
  object space 263424K, 17% used [0x0000000700600000,0x00000007032dbdb8,0x0000000710740000)
 PSPermGen       total 37632K, used 18089K [0x00000006fb400000, 0x00000006fd8c0000, 0x0000000700600000)
  object space 37632K, 48% used [0x00000006fb400000,0x00000006fc5aa5a8,0x00000006fd8c0000)
Event: 11.590 GC heap after
Heap after GC invocations=14 (full 4):
 PSYoungGen      total 698496K, used 37371K [0x00000007aacb0000, 0x00000007da0f0000, 0x0000000800000000)
  eden space 661120K, 0% used [0x00000007aacb0000,0x00000007aacb0000,0x00000007d3250000)
  from space 37376K, 99% used [0x00000007d7c70000,0x00000007da0eec10,0x00000007da0f0000)
  to   space 47872K, 0% used [0x00000007d4370000,0x00000007d4370000,0x00000007d7230000)
 ParOldGen       total 263424K, used 45935K [0x0000000700600000, 0x0000000710740000, 0x00000007aacb0000)
  object space 263424K, 17% used [0x0000000700600000,0x00000007032dbdb8,0x0000000710740000)
 PSPermGen       total 37632K, used 18089K [0x00000006fb400000, 0x00000006fd8c0000, 0x0000000700600000)
  object space 37632K, 48% used [0x00000006fb400000,0x00000006fc5aa5a8,0x00000006fd8c0000)
}
Event: 12.660 GC heap before
{Heap before GC invocations=15 (full 4):
 PSYoungGen      total 698496K, used 698491K [0x00000007aacb0000, 0x00000007da0f0000, 0x0000000800000000)
  eden space 661120K, 100% used [0x00000007aacb0000,0x00000007d3250000,0x00000007d3250000)
  from space 37376K, 99% used [0x00000007d7c70000,0x00000007da0eec10,0x00000007da0f0000)
  to   space 47872K, 0% used [0x00000007d4370000,0x00000007d4370000,0x00000007d7230000)
 ParOldGen       total 263424K, used 185623K [0x0000000700600000, 0x0000000710740000, 0x00000007aacb0000)
  object space 263424K, 70% used [0x0000000700600000,0x000000070bb45fa8,0x0000000710740000)
 PSPermGen       total 37632K, used 18092K [0x00000006fb400000, 0x00000006fd8c0000, 0x0000000700600000)
  object space 37632K, 48% used [0x00000006fb400000,0x00000006fc5ab190,0x00000006fd8c0000)
Event: 12.666 GC heap after
Heap after GC invocations=15 (full 4):
 PSYoungGen      total 726528K, used 18786K [0x00000007aacb0000, 0x00000007e2e40000, 0x0000000800000000)
  eden space 678656K, 0% used [0x00000007aacb0000,0x00000007aacb0000,0x00000007d4370000)
  from space 47872K, 39% used [0x00000007d4370000,0x00000007d55c8a50,0x00000007d7230000)
  to   space 48384K, 0% used [0x00000007dff00000,0x00000007dff00000,0x00000007e2e40000)
 ParOldGen       total 263424K, used 185623K [0x0000000700600000, 0x0000000710740000, 0x00000007aacb0000)
  object space 263424K, 70% used [0x0000000700600000,0x000000070bb45fa8,0x0000000710740000)
 PSPermGen       total 37632K, used 18092K [0x00000006fb400000, 0x00000006fd8c0000, 0x0000000700600000)
  object space 37632K, 48% used [0x00000006fb400000,0x00000006fc5ab190,0x00000006fd8c0000)
}
Event: 13.582 GC heap before
{Heap before GC invocations=16 (full 4):
 PSYoungGen      total 726528K, used 696462K [0x00000007aacb0000, 0x00000007e2e40000, 0x0000000800000000)
  eden space 678656K, 99% used [0x00000007aacb0000,0x00000007d427b190,0x00000007d4370000)
  from space 47872K, 39% used [0x00000007d4370000,0x00000007d55c8a50,0x00000007d7230000)
  to   space 48384K, 0% used [0x00000007dff00000,0x00000007dff00000,0x00000007e2e40000)
 ParOldGen       total 263424K, used 189673K [0x0000000700600000, 0x0000000710740000, 0x00000007aacb0000)
  object space 263424K, 72% used [0x0000000700600000,0x000000070bf3a7c8,0x0000000710740000)
 PSPermGen       total 37632K, used 18098K [0x00000006fb400000, 0x00000006fd8c0000, 0x0000000700600000)
  object space 37632K, 48% used [0x00000006fb400000,0x00000006fc5ac838,0x00000006fd8c0000)
Event: 13.592 GC heap after
Heap after GC invocations=16 (full 4):
 PSYoungGen      total 868992K, used 39703K [0x00000007aacb0000, 0x00000007e42a0000, 0x0000000800000000)
  eden space 820608K, 0% used [0x00000007aacb0000,0x00000007aacb0000,0x00000007dce10000)
  from space 48384K, 82% used [0x00000007dff00000,0x00000007e25c5f80,0x00000007e2e40000)
  to   space 50112K, 0% used [0x00000007dce10000,0x00000007dce10000,0x00000007dff00000)
 ParOldGen       total 263424K, used 189673K [0x0000000700600000, 0x0000000710740000, 0x00000007aacb0000)
  object space 263424K, 72% used [0x0000000700600000,0x000000070bf3a7c8,0x0000000710740000)
 PSPermGen       total 37632K, used 18098K [0x00000006fb400000, 0x00000006fd8c0000, 0x0000000700600000)
  object space 37632K, 48% used [0x00000006fb400000,0x00000006fc5ac838,0x00000006fd8c0000)
}
Event: 14.746 GC heap before
{Heap before GC invocations=17 (full 5):
 PSYoungGen      total 868992K, used 860311K [0x00000007aacb0000, 0x00000007e42a0000, 0x0000000800000000)
  eden space 820608K, 100% used [0x00000007aacb0000,0x00000007dce10000,0x00000007dce10000)
  from space 48384K, 82% used [0x00000007dff00000,0x00000007e25c5f80,0x00000007e2e40000)
  to   space 50112K, 0% used [0x00000007dce10000,0x00000007dce10000,0x00000007dff00000)
 ParOldGen       total 263424K, used 244049K [0x0000000700600000, 0x0000000710740000, 0x00000007aacb0000)
  object space 263424K, 92% used [0x0000000700600000,0x000000070f4545f8,0x0000000710740000)
 PSPermGen       total 37632K, used 18101K [0x00000006fb400000, 0x00000006fd8c0000, 0x0000000700600000)
  object space 37632K, 48% used [0x00000006fb400000,0x00000006fc5ad628,0x00000006fd8c0000)
Event: 14.776 GC heap after
Heap after GC invocations=17 (full 5):
 PSYoungGen      total 868992K, used 0K [0x00000007aacb0000, 0x00000007e42a0000, 0x0000000800000000)
  eden space 820608K, 0% used [0x00000007aacb0000,0x00000007aacb0000,0x00000007dce10000)
  from space 48384K, 0% used [0x00000007dff00000,0x00000007dff00000,0x00000007e2e40000)
  to   space 50112K, 0% used [0x00000007dce10000,0x00000007dce10000,0x00000007dff00000)
 ParOldGen       total 310144K, used 42037K [0x0000000700600000, 0x00000007134e0000, 0x00000007aacb0000)
  object space 310144K, 13% used [0x0000000700600000,0x0000000702f0d618,0x00000007134e0000)
 PSPermGen       total 35968K, used 18101K [0x00000006fb400000, 0x00000006fd720000, 0x0000000700600000)
  object space 35968K, 50% used [0x00000006fb400000,0x00000006fc5ad628,0x00000006fd720000)
}
Event: 16.016 GC heap before
{Heap before GC invocations=18 (full 5):
 PSYoungGen      total 868992K, used 820608K [0x00000007aacb0000, 0x00000007e42a0000, 0x0000000800000000)
  eden space 820608K, 100% used [0x00000007aacb0000,0x00000007dce10000,0x00000007dce10000)
  from space 48384K, 0% used [0x00000007dff00000,0x00000007dff00000,0x00000007e2e40000)
  to   space 50112K, 0% used [0x00000007dce10000,0x00000007dce10000,0x00000007dff00000)
 ParOldGen       total 310144K, used 138856K [0x0000000700600000, 0x00000007134e0000, 0x00000007aacb0000)
  object space 310144K, 44% used [0x0000000700600000,0x0000000708d9a318,0x00000007134e0000)
 PSPermGen       total 35968K, used 18109K [0x00000006fb400000, 0x00000006fd720000, 0x0000000700600000)
  object space 35968K, 50% used [0x00000006fb400000,0x00000006fc5af6c8,0x00000006fd720000)
Event: 16.017 GC heap after
Heap after GC invocations=18 (full 5):
 PSYoungGen      total 870720K, used 192K [0x00000007aacb0000, 0x00000007ee7e0000, 0x0000000800000000)
  eden space 820608K, 0% used [0x00000007aacb0000,0x00000007aacb0000,0x00000007dce10000)
  from space 50112K, 0% used [0x00000007dce10000,0x00000007dce40000,0x00000007dff00000)
  to   space 53440K, 0% used [0x00000007eb3b0000,0x00000007eb3b0000,0x00000007ee7e0000)
 ParOldGen       total 310144K, used 138856K [0x0000000700600000, 0x00000007134e0000, 0x00000007aacb0000)
  object space 310144K, 44% used [0x0000000700600000,0x0000000708d9a318,0x00000007134e0000)
 PSPermGen       total 35968K, used 18109K [0x00000006fb400000, 0x00000006fd720000, 0x0000000700600000)
  object space 35968K, 50% used [0x00000006fb400000,0x00000006fc5af6c8,0x00000006fd720000)
}

