# JRE version: 7.0_07-b11
# Java VM: Java HotSpot(TM) 64-Bit Server VM (23.3-b01 mixed mode windows-amd64 compressed oops)
Heap
 PSYoungGen      total 307008K, used 277821K [0x00000007aacb0000, 0x00000007d0310000, 0x0000000800000000)
  eden space 261888K, 99% used [0x00000007aacb0000,0x00000007ba9e1628,0x00000007bac70000)
  from space 45120K, 41% used [0x00000007bac70000,0x00000007bbe8dfc0,0x00000007bd880000)
  to   space 44480K, 0% used [0x00000007cd7a0000,0x00000007cd7a0000,0x00000007d0310000)
 ParOldGen       total 296128K, used 295621K [0x0000000700600000, 0x0000000712730000, 0x00000007aacb0000)
  object space 296128K, 99% used [0x0000000700600000,0x00000007126b1650,0x0000000712730000)
 PSPermGen       total 21248K, used 17723K [0x00000006fb400000, 0x00000006fc8c0000, 0x0000000700600000)
  object space 21248K, 83% used [0x00000006fb400000,0x00000006fc54ecd8,0x00000006fc8c0000)
GC Heap History (10 events):
Event: 4.742 GC heap before
{Heap before GC invocations=3 (full 0):
 PSYoungGen      total 76352K, used 74028K [0x00000007aacb0000, 0x00000007b41d0000, 0x0000000800000000)
  eden space 65472K, 96% used [0x00000007aacb0000,0x00000007aea61a78,0x00000007aeca0000)
  from space 10880K, 99% used [0x00000007af740000,0x00000007b01d9680,0x00000007b01e0000)
  to   space 10880K, 0% used [0x00000007aeca0000,0x00000007aeca0000,0x00000007af740000)
 ParOldGen       total 174528K, used 17948K [0x0000000700600000, 0x000000070b070000, 0x00000007aacb0000)
  object space 174528K, 10% used [0x0000000700600000,0x00000007017870e0,0x000000070b070000)
 PSPermGen       total 21248K, used 17591K [0x00000006fb400000, 0x00000006fc8c0000, 0x0000000700600000)
  object space 21248K, 82% used [0x00000006fb400000,0x00000006fc52dec0,0x00000006fc8c0000)
Event: 4.751 GC heap after
Heap after GC invocations=3 (full 0):
 PSYoungGen      total 76352K, used 10869K [0x00000007aacb0000, 0x00000007b41d0000, 0x0000000800000000)
  eden space 65472K, 0% used [0x00000007aacb0000,0x00000007aacb0000,0x00000007aeca0000)
  from space 10880K, 99% used [0x00000007aeca0000,0x00000007af73d670,0x00000007af740000)
  to   space 10880K, 0% used [0x00000007b3730000,0x00000007b3730000,0x00000007b41d0000)
 ParOldGen       total 174528K, used 40903K [0x0000000700600000, 0x000000070b070000, 0x00000007aacb0000)
  object space 174528K, 23% used [0x0000000700600000,0x0000000702df1ea0,0x000000070b070000)
 PSPermGen       total 21248K, used 17591K [0x00000006fb400000, 0x00000006fc8c0000, 0x0000000700600000)
  object space 21248K, 82% used [0x00000006fb400000,0x00000006fc52dec0,0x00000006fc8c0000)
}
Event: 5.095 GC heap before
{Heap before GC invocations=4 (full 0):
 PSYoungGen      total 76352K, used 73213K [0x00000007aacb0000, 0x00000007b41d0000, 0x0000000800000000)
  eden space 65472K, 95% used [0x00000007aacb0000,0x00000007ae991f00,0x00000007aeca0000)
  from space 10880K, 99% used [0x00000007aeca0000,0x00000007af73d670,0x00000007af740000)
  to   space 10880K, 0% used [0x00000007b3730000,0x00000007b3730000,0x00000007b41d0000)
 ParOldGen       total 174528K, used 40903K [0x0000000700600000, 0x000000070b070000, 0x00000007aacb0000)
  object space 174528K, 23% used [0x0000000700600000,0x0000000702df1ea0,0x000000070b070000)
 PSPermGen       total 21248K, used 17594K [0x00000006fb400000, 0x00000006fc8c0000, 0x0000000700600000)
  object space 21248K, 82% used [0x00000006fb400000,0x00000006fc52e850,0x00000006fc8c0000)
Event: 5.104 GC heap after
Heap after GC invocations=4 (full 0):
 PSYoungGen      total 141824K, used 10853K [0x00000007aacb0000, 0x00000007b41d0000, 0x0000000800000000)
  eden space 130944K, 0% used [0x00000007aacb0000,0x00000007aacb0000,0x00000007b2c90000)
  from space 10880K, 99% used [0x00000007b3730000,0x00000007b41c9680,0x00000007b41d0000)
  to   space 10880K, 0% used [0x00000007b2c90000,0x00000007b2c90000,0x00000007b3730000)
 ParOldGen       total 174528K, used 63808K [0x0000000700600000, 0x000000070b070000, 0x00000007aacb0000)
  object space 174528K, 36% used [0x0000000700600000,0x0000000704450070,0x000000070b070000)
 PSPermGen       total 21248K, used 17594K [0x00000006fb400000, 0x00000006fc8c0000, 0x0000000700600000)
  object space 21248K, 82% used [0x00000006fb400000,0x00000006fc52e850,0x00000006fc8c0000)
}
Event: 5.809 GC heap before
{Heap before GC invocations=5 (full 0):
 PSYoungGen      total 141824K, used 140523K [0x00000007aacb0000, 0x00000007b41d0000, 0x0000000800000000)
  eden space 130944K, 99% used [0x00000007aacb0000,0x00000007b2b51950,0x00000007b2c90000)
  from space 10880K, 99% used [0x00000007b3730000,0x00000007b41c9680,0x00000007b41d0000)
  to   space 10880K, 0% used [0x00000007b2c90000,0x00000007b2c90000,0x00000007b3730000)
 ParOldGen       total 174528K, used 63808K [0x0000000700600000, 0x000000070b070000, 0x00000007aacb0000)
  object space 174528K, 36% used [0x0000000700600000,0x0000000704450070,0x000000070b070000)
 PSPermGen       total 21248K, used 17643K [0x00000006fb400000, 0x00000006fc8c0000, 0x0000000700600000)
  object space 21248K, 83% used [0x00000006fb400000,0x00000006fc53afb0,0x00000006fc8c0000)
Event: 5.818 GC heap after
Heap after GC invocations=5 (full 0):
 PSYoungGen      total 141824K, used 10869K [0x00000007aacb0000, 0x00000007c06b0000, 0x0000000800000000)
  eden space 130944K, 0% used [0x00000007aacb0000,0x00000007aacb0000,0x00000007b2c90000)
  from space 10880K, 99% used [0x00000007b2c90000,0x00000007b372d670,0x00000007b3730000)
  to   space 46208K, 0% used [0x00000007bd990000,0x00000007bd990000,0x00000007c06b0000)
 ParOldGen       total 174528K, used 86688K [0x0000000700600000, 0x000000070b070000, 0x00000007aacb0000)
  object space 174528K, 49% used [0x0000000700600000,0x0000000705aa8240,0x000000070b070000)
 PSPermGen       total 21248K, used 17643K [0x00000006fb400000, 0x00000006fc8c0000, 0x0000000700600000)
  object space 21248K, 83% used [0x00000006fb400000,0x00000006fc53afb0,0x00000006fc8c0000)
}
Event: 6.559 GC heap before
{Heap before GC invocations=6 (full 0):
 PSYoungGen      total 141824K, used 139572K [0x00000007aacb0000, 0x00000007c06b0000, 0x0000000800000000)
  eden space 130944K, 98% used [0x00000007aacb0000,0x00000007b2a5fbe0,0x00000007b2c90000)
  from space 10880K, 99% used [0x00000007b2c90000,0x00000007b372d670,0x00000007b3730000)
  to   space 46208K, 0% used [0x00000007bd990000,0x00000007bd990000,0x00000007c06b0000)
 ParOldGen       total 174528K, used 86688K [0x0000000700600000, 0x000000070b070000, 0x00000007aacb0000)
  object space 174528K, 49% used [0x0000000700600000,0x0000000705aa8240,0x000000070b070000)
 PSPermGen       total 21248K, used 17655K [0x00000006fb400000, 0x00000006fc8c0000, 0x0000000700600000)
  object space 21248K, 83% used [0x00000006fb400000,0x00000006fc53dd08,0x00000006fc8c0000)
Event: 6.565 GC heap after
Heap after GC invocations=6 (full 0):
 PSYoungGen      total 305920K, used 20711K [0x00000007aacb0000, 0x00000007c0490000, 0x0000000800000000)
  eden space 261888K, 0% used [0x00000007aacb0000,0x00000007aacb0000,0x00000007bac70000)
  from space 44032K, 47% used [0x00000007bd990000,0x00000007bedc9fd0,0x00000007c0490000)
  to   space 45120K, 0% used [0x00000007bac70000,0x00000007bac70000,0x00000007bd880000)
 ParOldGen       total 174528K, used 86688K [0x0000000700600000, 0x000000070b070000, 0x00000007aacb0000)
  object space 174528K, 49% used [0x0000000700600000,0x0000000705aa8240,0x000000070b070000)
 PSPermGen       total 21248K, used 17655K [0x00000006fb400000, 0x00000006fc8c0000, 0x0000000700600000)
  object space 21248K, 83% used [0x00000006fb400000,0x00000006fc53dd08,0x00000006fc8c0000)
}
Event: 8.006 GC heap before
{Heap before GC invocations=7 (full 0):
 PSYoungGen      total 305920K, used 281014K [0x00000007aacb0000, 0x00000007c0490000, 0x0000000800000000)
  eden space 261888K, 99% used [0x00000007aacb0000,0x00000007baae38e8,0x00000007bac70000)
  from space 44032K, 47% used [0x00000007bd990000,0x00000007bedc9fd0,0x00000007c0490000)
  to   space 45120K, 0% used [0x00000007bac70000,0x00000007bac70000,0x00000007bd880000)
 ParOldGen       total 174528K, used 92763K [0x0000000700600000, 0x000000070b070000, 0x00000007aacb0000)
  object space 174528K, 53% used [0x0000000700600000,0x0000000706096e50,0x000000070b070000)
 PSPermGen       total 21248K, used 17697K [0x00000006fb400000, 0x00000006fc8c0000, 0x0000000700600000)
  object space 21248K, 83% used [0x00000006fb400000,0x00000006fc5485e0,0x00000006fc8c0000)
Event: 8.012 GC heap after
Heap after GC invocations=7 (full 0):
 PSYoungGen      total 307008K, used 18551K [0x00000007aacb0000, 0x00000007d0310000, 0x0000000800000000)
  eden space 261888K, 0% used [0x00000007aacb0000,0x00000007aacb0000,0x00000007bac70000)
  from space 45120K, 41% used [0x00000007bac70000,0x00000007bbe8dfc0,0x00000007bd880000)
  to   space 44480K, 0% used [0x00000007cd7a0000,0x00000007cd7a0000,0x00000007d0310000)
 ParOldGen       total 174528K, used 95146K [0x0000000700600000, 0x000000070b070000, 0x00000007aacb0000)
  object space 174528K, 54% used [0x0000000700600000,0x00000007062ea840,0x000000070b070000)
 PSPermGen       total 21248K, used 17697K [0x00000006fb400000, 0x00000006fc8c0000, 0x0000000700600000)
  object space 21248K, 83% used [0x00000006fb400000,0x00000006fc5485e0,0x00000006fc8c0000)
}

