# JRE version: 7.0_07-b11
# Java VM: Java HotSpot(TM) 64-Bit Server VM (23.3-b01 mixed mode windows-amd64 compressed oops)
Heap
 PSYoungGen      total 79424K, used 31644K [0x00000007aacb0000, 0x00000007b27a0000, 0x0000000800000000)
  eden space 60864K, 21% used [0x00000007aacb0000,0x00000007ab982f60,0x00000007ae820000)
  from space 18560K, 99% used [0x00000007ae990000,0x00000007afba4430,0x00000007afbb0000)
  to   space 32512K, 0% used [0x00000007b07e0000,0x00000007b07e0000,0x00000007b27a0000)
 ParOldGen       total 174528K, used 77421K [0x0000000700600000, 0x000000070b070000, 0x00000007aacb0000)
  object space 174528K, 44% used [0x0000000700600000,0x000000070519b610,0x000000070b070000)
 PSPermGen       total 21248K, used 17877K [0x00000006fb400000, 0x00000006fc8c0000, 0x0000000700600000)
  object space 21248K, 84% used [0x00000006fb400000,0x00000006fc575448,0x00000006fc8c0000)
GC Heap History (10 events):
Event: 5.953 GC heap before
{Heap before GC invocations=3 (full 0):
 PSYoungGen      total 76352K, used 73823K [0x00000007aacb0000, 0x00000007b01e0000, 0x0000000800000000)
  eden space 65472K, 96% used [0x00000007aacb0000,0x00000007aea289f8,0x00000007aeca0000)
  from space 10880K, 99% used [0x00000007af740000,0x00000007b01df4a0,0x00000007b01e0000)
  to   space 10880K, 0% used [0x00000007aeca0000,0x00000007aeca0000,0x00000007af740000)
 ParOldGen       total 174528K, used 35998K [0x0000000700600000, 0x000000070b070000, 0x00000007aacb0000)
  object space 174528K, 20% used [0x0000000700600000,0x0000000702927a90,0x000000070b070000)
 PSPermGen       total 21248K, used 17815K [0x00000006fb400000, 0x00000006fc8c0000, 0x0000000700600000)
  object space 21248K, 83% used [0x00000006fb400000,0x00000006fc565fa0,0x00000006fc8c0000)
Event: 5.959 GC heap after
Heap after GC invocations=3 (full 0):
 PSYoungGen      total 76352K, used 10863K [0x00000007aacb0000, 0x00000007b01e0000, 0x0000000800000000)
  eden space 65472K, 0% used [0x00000007aacb0000,0x00000007aacb0000,0x00000007aeca0000)
  from space 10880K, 99% used [0x00000007aeca0000,0x00000007af73bcd0,0x00000007af740000)
  to   space 10880K, 0% used [0x00000007af740000,0x00000007af740000,0x00000007b01e0000)
 ParOldGen       total 174528K, used 48449K [0x0000000700600000, 0x000000070b070000, 0x00000007aacb0000)
  object space 174528K, 27% used [0x0000000700600000,0x0000000703550670,0x000000070b070000)
 PSPermGen       total 21248K, used 17815K [0x00000006fb400000, 0x00000006fc8c0000, 0x0000000700600000)
  object space 21248K, 83% used [0x00000006fb400000,0x00000006fc565fa0,0x00000006fc8c0000)
}
Event: 7.318 GC heap before
{Heap before GC invocations=4 (full 0):
 PSYoungGen      total 76352K, used 73057K [0x00000007aacb0000, 0x00000007b01e0000, 0x0000000800000000)
  eden space 65472K, 94% used [0x00000007aacb0000,0x00000007ae96c768,0x00000007aeca0000)
  from space 10880K, 99% used [0x00000007aeca0000,0x00000007af73bcd0,0x00000007af740000)
  to   space 10880K, 0% used [0x00000007af740000,0x00000007af740000,0x00000007b01e0000)
 ParOldGen       total 174528K, used 48449K [0x0000000700600000, 0x000000070b070000, 0x00000007aacb0000)
  object space 174528K, 27% used [0x0000000700600000,0x0000000703550670,0x000000070b070000)
 PSPermGen       total 21248K, used 17817K [0x00000006fb400000, 0x00000006fc8c0000, 0x0000000700600000)
  object space 21248K, 83% used [0x00000006fb400000,0x00000006fc566568,0x00000006fc8c0000)
Event: 7.325 GC heap after
Heap after GC invocations=4 (full 0):
 PSYoungGen      total 76352K, used 10863K [0x00000007aacb0000, 0x00000007b01e0000, 0x0000000800000000)
  eden space 65472K, 0% used [0x00000007aacb0000,0x00000007aacb0000,0x00000007aeca0000)
  from space 10880K, 99% used [0x00000007af740000,0x00000007b01dbcd0,0x00000007b01e0000)
  to   space 10880K, 0% used [0x00000007aeca0000,0x00000007aeca0000,0x00000007af740000)
 ParOldGen       total 174528K, used 60631K [0x0000000700600000, 0x000000070b070000, 0x00000007aacb0000)
  object space 174528K, 34% used [0x0000000700600000,0x0000000704135e90,0x000000070b070000)
 PSPermGen       total 21248K, used 17817K [0x00000006fb400000, 0x00000006fc8c0000, 0x0000000700600000)
  object space 21248K, 83% used [0x00000006fb400000,0x00000006fc566568,0x00000006fc8c0000)
}
Event: 8.676 GC heap before
{Heap before GC invocations=5 (full 0):
 PSYoungGen      total 76352K, used 72562K [0x00000007aacb0000, 0x00000007b01e0000, 0x0000000800000000)
  eden space 65472K, 94% used [0x00000007aacb0000,0x00000007ae8f0d20,0x00000007aeca0000)
  from space 10880K, 99% used [0x00000007af740000,0x00000007b01dbcd0,0x00000007b01e0000)
  to   space 10880K, 0% used [0x00000007aeca0000,0x00000007aeca0000,0x00000007af740000)
 ParOldGen       total 174528K, used 60631K [0x0000000700600000, 0x000000070b070000, 0x00000007aacb0000)
  object space 174528K, 34% used [0x0000000700600000,0x0000000704135e90,0x000000070b070000)
 PSPermGen       total 21248K, used 17821K [0x00000006fb400000, 0x00000006fc8c0000, 0x0000000700600000)
  object space 21248K, 83% used [0x00000006fb400000,0x00000006fc5674c0,0x00000006fc8c0000)
Event: 8.682 GC heap after
Heap after GC invocations=5 (full 0):
 PSYoungGen      total 74752K, used 10879K [0x00000007aacb0000, 0x00000007b2ab0000, 0x0000000800000000)
  eden space 63872K, 0% used [0x00000007aacb0000,0x00000007aacb0000,0x00000007aeb10000)
  from space 10880K, 99% used [0x00000007aeca0000,0x00000007af73fce0,0x00000007af740000)
  to   space 32576K, 0% used [0x00000007b0ae0000,0x00000007b0ae0000,0x00000007b2ab0000)
 ParOldGen       total 174528K, used 72789K [0x0000000700600000, 0x000000070b070000, 0x00000007aacb0000)
  object space 174528K, 41% used [0x0000000700600000,0x0000000704d156b0,0x000000070b070000)
 PSPermGen       total 21248K, used 17821K [0x00000006fb400000, 0x00000006fc8c0000, 0x0000000700600000)
  object space 21248K, 83% used [0x00000006fb400000,0x00000006fc5674c0,0x00000006fc8c0000)
}
Event: 10.045 GC heap before
{Heap before GC invocations=6 (full 0):
 PSYoungGen      total 74752K, used 72359K [0x00000007aacb0000, 0x00000007b2ab0000, 0x0000000800000000)
  eden space 63872K, 96% used [0x00000007aacb0000,0x00000007ae8ba300,0x00000007aeb10000)
  from space 10880K, 99% used [0x00000007aeca0000,0x00000007af73fce0,0x00000007af740000)
  to   space 32576K, 0% used [0x00000007b0ae0000,0x00000007b0ae0000,0x00000007b2ab0000)
 ParOldGen       total 174528K, used 72789K [0x0000000700600000, 0x000000070b070000, 0x00000007aacb0000)
  object space 174528K, 41% used [0x0000000700600000,0x0000000704d156b0,0x000000070b070000)
 PSPermGen       total 21248K, used 17831K [0x00000006fb400000, 0x00000006fc8c0000, 0x0000000700600000)
  object space 21248K, 83% used [0x00000006fb400000,0x00000006fc569c68,0x00000006fc8c0000)
Event: 10.052 GC heap after
Heap after GC invocations=6 (full 0):
 PSYoungGen      total 92224K, used 22986K [0x00000007aacb0000, 0x00000007b2810000, 0x0000000800000000)
  eden space 62336K, 0% used [0x00000007aacb0000,0x00000007aacb0000,0x00000007ae990000)
  from space 29888K, 76% used [0x00000007b0ae0000,0x00000007b21528d0,0x00000007b2810000)
  to   space 32000K, 0% used [0x00000007ae990000,0x00000007ae990000,0x00000007b08d0000)
 ParOldGen       total 174528K, used 72797K [0x0000000700600000, 0x000000070b070000, 0x00000007aacb0000)
  object space 174528K, 41% used [0x0000000700600000,0x0000000704d176b0,0x000000070b070000)
 PSPermGen       total 21248K, used 17831K [0x00000006fb400000, 0x00000006fc8c0000, 0x0000000700600000)
  object space 21248K, 83% used [0x00000006fb400000,0x00000006fc569c68,0x00000006fc8c0000)
}
Event: 11.399 GC heap before
{Heap before GC invocations=7 (full 0):
 PSYoungGen      total 92224K, used 84127K [0x00000007aacb0000, 0x00000007b2810000, 0x0000000800000000)
  eden space 62336K, 98% used [0x00000007aacb0000,0x00000007ae865688,0x00000007ae990000)
  from space 29888K, 76% used [0x00000007b0ae0000,0x00000007b21528d0,0x00000007b2810000)
  to   space 32000K, 0% used [0x00000007ae990000,0x00000007ae990000,0x00000007b08d0000)
 ParOldGen       total 174528K, used 72797K [0x0000000700600000, 0x000000070b070000, 0x00000007aacb0000)
  object space 174528K, 41% used [0x0000000700600000,0x0000000704d176b0,0x000000070b070000)
 PSPermGen       total 21248K, used 17833K [0x00000006fb400000, 0x00000006fc8c0000, 0x0000000700600000)
  object space 21248K, 83% used [0x00000006fb400000,0x00000006fc56a770,0x00000006fc8c0000)
Event: 11.405 GC heap after
Heap after GC invocations=7 (full 0):
 PSYoungGen      total 79424K, used 18513K [0x00000007aacb0000, 0x00000007b27a0000, 0x0000000800000000)
  eden space 60864K, 0% used [0x00000007aacb0000,0x00000007aacb0000,0x00000007ae820000)
  from space 18560K, 99% used [0x00000007ae990000,0x00000007afba4430,0x00000007afbb0000)
  to   space 32512K, 0% used [0x00000007b07e0000,0x00000007b07e0000,0x00000007b27a0000)
 ParOldGen       total 174528K, used 77421K [0x0000000700600000, 0x000000070b070000, 0x00000007aacb0000)
  object space 174528K, 44% used [0x0000000700600000,0x000000070519b610,0x000000070b070000)
 PSPermGen       total 21248K, used 17833K [0x00000006fb400000, 0x00000006fc8c0000, 0x0000000700600000)
  object space 21248K, 83% used [0x00000006fb400000,0x00000006fc56a770,0x00000006fc8c0000)
}

