# JRE version: 7.0_07-b11
# Java VM: Java HotSpot(TM) 64-Bit Server VM (23.3-b01 mixed mode windows-amd64 compressed oops)
Heap
 PSYoungGen      total 665856K, used 178916K [0x00000007aacb0000, 0x00000007db650000, 0x0000000800000000)
  eden space 629312K, 22% used [0x00000007aacb0000,0x00000007b38586a0,0x00000007d1340000)
  from space 36544K, 98% used [0x00000007d1340000,0x00000007d3650a10,0x00000007d36f0000)
  to   space 41344K, 0% used [0x00000007d8df0000,0x00000007d8df0000,0x00000007db650000)
 ParOldGen       total 412096K, used 148417K [0x0000000700600000, 0x0000000719870000, 0x00000007aacb0000)
  object space 412096K, 36% used [0x0000000700600000,0x00000007096f0468,0x0000000719870000)
 PSPermGen       total 35520K, used 18091K [0x00000006fb400000, 0x00000006fd6b0000, 0x0000000700600000)
  object space 35520K, 50% used [0x00000006fb400000,0x00000006fc5aac30,0x00000006fd6b0000)
GC Heap History (10 events):
Event: 21.534 GC heap before
{Heap before GC invocations=20 (full 4):
 PSYoungGen      total 487040K, used 485151K [0x00000007aacb0000, 0x00000007cfee0000, 0x0000000800000000)
  eden space 463552K, 99% used [0x00000007aacb0000,0x00000007c7051e78,0x00000007c7160000)
  from space 23488K, 96% used [0x00000007c7160000,0x00000007c8785ea8,0x00000007c8850000)
  to   space 25984K, 0% used [0x00000007ce580000,0x00000007ce580000,0x00000007cfee0000)
 ParOldGen       total 324480K, used 259581K [0x0000000700600000, 0x00000007142e0000, 0x00000007aacb0000)
  object space 324480K, 79% used [0x0000000700600000,0x000000071037f610,0x00000007142e0000)
 PSPermGen       total 37696K, used 18041K [0x00000006fb400000, 0x00000006fd8d0000, 0x0000000700600000)
  object space 37696K, 47% used [0x00000006fb400000,0x00000006fc59e430,0x00000006fd8d0000)
Event: 21.542 GC heap after
Heap after GC invocations=20 (full 4):
 PSYoungGen      total 579328K, used 25612K [0x00000007aacb0000, 0x00000007d0320000, 0x0000000800000000)
  eden space 553344K, 0% used [0x00000007aacb0000,0x00000007aacb0000,0x00000007cc910000)
  from space 25984K, 98% used [0x00000007ce580000,0x00000007cfe833b8,0x00000007cfee0000)
  to   space 29120K, 0% used [0x00000007cc910000,0x00000007cc910000,0x00000007ce580000)
 ParOldGen       total 324480K, used 273756K [0x0000000700600000, 0x00000007142e0000, 0x00000007aacb0000)
  object space 324480K, 84% used [0x0000000700600000,0x0000000711157240,0x00000007142e0000)
 PSPermGen       total 37696K, used 18041K [0x00000006fb400000, 0x00000006fd8d0000, 0x0000000700600000)
  object space 37696K, 47% used [0x00000006fb400000,0x00000006fc59e430,0x00000006fd8d0000)
}
Event: 21.542 GC heap before
{Heap before GC invocations=21 (full 5):
 PSYoungGen      total 579328K, used 25612K [0x00000007aacb0000, 0x00000007d0320000, 0x0000000800000000)
  eden space 553344K, 0% used [0x00000007aacb0000,0x00000007aacb0000,0x00000007cc910000)
  from space 25984K, 98% used [0x00000007ce580000,0x00000007cfe833b8,0x00000007cfee0000)
  to   space 29120K, 0% used [0x00000007cc910000,0x00000007cc910000,0x00000007ce580000)
 ParOldGen       total 324480K, used 273756K [0x0000000700600000, 0x00000007142e0000, 0x00000007aacb0000)
  object space 324480K, 84% used [0x0000000700600000,0x0000000711157240,0x00000007142e0000)
 PSPermGen       total 37696K, used 18041K [0x00000006fb400000, 0x00000006fd8d0000, 0x0000000700600000)
  object space 37696K, 47% used [0x00000006fb400000,0x00000006fc59e430,0x00000006fd8d0000)
Event: 21.574 GC heap after
Heap after GC invocations=21 (full 5):
 PSYoungGen      total 579328K, used 0K [0x00000007aacb0000, 0x00000007d0320000, 0x0000000800000000)
  eden space 553344K, 0% used [0x00000007aacb0000,0x00000007aacb0000,0x00000007cc910000)
  from space 25984K, 0% used [0x00000007ce580000,0x00000007ce580000,0x00000007cfee0000)
  to   space 29120K, 0% used [0x00000007cc910000,0x00000007cc910000,0x00000007ce580000)
 ParOldGen       total 412096K, used 67163K [0x0000000700600000, 0x0000000719870000, 0x00000007aacb0000)
  object space 412096K, 16% used [0x0000000700600000,0x0000000704796ee8,0x0000000719870000)
 PSPermGen       total 35520K, used 18040K [0x00000006fb400000, 0x00000006fd6b0000, 0x0000000700600000)
  object space 35520K, 50% used [0x00000006fb400000,0x00000006fc59e3f0,0x00000006fd6b0000)
}
Event: 22.779 GC heap before
{Heap before GC invocations=22 (full 5):
 PSYoungGen      total 579328K, used 552184K [0x00000007aacb0000, 0x00000007d0320000, 0x0000000800000000)
  eden space 553344K, 99% used [0x00000007aacb0000,0x00000007cc7ee300,0x00000007cc910000)
  from space 25984K, 0% used [0x00000007ce580000,0x00000007ce580000,0x00000007cfee0000)
  to   space 29120K, 0% used [0x00000007cc910000,0x00000007cc910000,0x00000007ce580000)
 ParOldGen       total 412096K, used 67163K [0x0000000700600000, 0x0000000719870000, 0x00000007aacb0000)
  object space 412096K, 16% used [0x0000000700600000,0x0000000704796ee8,0x0000000719870000)
 PSPermGen       total 35520K, used 18044K [0x00000006fb400000, 0x00000006fd6b0000, 0x0000000700600000)
  object space 35520K, 50% used [0x00000006fb400000,0x00000006fc59f100,0x00000006fd6b0000)
Event: 22.788 GC heap after
Heap after GC invocations=22 (full 5):
 PSYoungGen      total 582464K, used 28597K [0x00000007aacb0000, 0x00000007d56e0000, 0x0000000800000000)
  eden space 553344K, 0% used [0x00000007aacb0000,0x00000007aacb0000,0x00000007cc910000)
  from space 29120K, 98% used [0x00000007cc910000,0x00000007ce4fd780,0x00000007ce580000)
  to   space 32704K, 0% used [0x00000007d36f0000,0x00000007d36f0000,0x00000007d56e0000)
 ParOldGen       total 412096K, used 82730K [0x0000000700600000, 0x0000000719870000, 0x00000007aacb0000)
  object space 412096K, 20% used [0x0000000700600000,0x00000007056cabd8,0x0000000719870000)
 PSPermGen       total 35520K, used 18044K [0x00000006fb400000, 0x00000006fd6b0000, 0x0000000700600000)
  object space 35520K, 50% used [0x00000006fb400000,0x00000006fc59f100,0x00000006fd6b0000)
}
Event: 24.814 GC heap before
{Heap before GC invocations=23 (full 5):
 PSYoungGen      total 582464K, used 581432K [0x00000007aacb0000, 0x00000007d56e0000, 0x0000000800000000)
  eden space 553344K, 99% used [0x00000007aacb0000,0x00000007cc890b78,0x00000007cc910000)
  from space 29120K, 98% used [0x00000007cc910000,0x00000007ce4fd780,0x00000007ce580000)
  to   space 32704K, 0% used [0x00000007d36f0000,0x00000007d36f0000,0x00000007d56e0000)
 ParOldGen       total 412096K, used 82730K [0x0000000700600000, 0x0000000719870000, 0x00000007aacb0000)
  object space 412096K, 20% used [0x0000000700600000,0x00000007056cabd8,0x0000000719870000)
 PSPermGen       total 35520K, used 18053K [0x00000006fb400000, 0x00000006fd6b0000, 0x0000000700600000)
  object space 35520K, 50% used [0x00000006fb400000,0x00000006fc5a1740,0x00000006fd6b0000)
Event: 24.826 GC heap after
Heap after GC invocations=23 (full 5):
 PSYoungGen      total 662016K, used 31348K [0x00000007aacb0000, 0x00000007d5ab0000, 0x0000000800000000)
  eden space 629312K, 0% used [0x00000007aacb0000,0x00000007aacb0000,0x00000007d1340000)
  from space 32704K, 95% used [0x00000007d36f0000,0x00000007d558d1f8,0x00000007d56e0000)
  to   space 36544K, 0% used [0x00000007d1340000,0x00000007d1340000,0x00000007d36f0000)
 ParOldGen       total 412096K, used 126774K [0x0000000700600000, 0x0000000719870000, 0x00000007aacb0000)
  object space 412096K, 30% used [0x0000000700600000,0x00000007081cdb68,0x0000000719870000)
 PSPermGen       total 35520K, used 18053K [0x00000006fb400000, 0x00000006fd6b0000, 0x0000000700600000)
  object space 35520K, 50% used [0x00000006fb400000,0x00000006fc5a1740,0x00000006fd6b0000)
}
Event: 26.552 GC heap before
{Heap before GC invocations=24 (full 5):
 PSYoungGen      total 662016K, used 657725K [0x00000007aacb0000, 0x00000007d5ab0000, 0x0000000800000000)
  eden space 629312K, 99% used [0x00000007aacb0000,0x00000007d1062290,0x00000007d1340000)
  from space 32704K, 95% used [0x00000007d36f0000,0x00000007d558d1f8,0x00000007d56e0000)
  to   space 36544K, 0% used [0x00000007d1340000,0x00000007d1340000,0x00000007d36f0000)
 ParOldGen       total 412096K, used 126774K [0x0000000700600000, 0x0000000719870000, 0x00000007aacb0000)
  object space 412096K, 30% used [0x0000000700600000,0x00000007081cdb68,0x0000000719870000)
 PSPermGen       total 35520K, used 18067K [0x00000006fb400000, 0x00000006fd6b0000, 0x0000000700600000)
  object space 35520K, 50% used [0x00000006fb400000,0x00000006fc5a4ca8,0x00000006fd6b0000)
Event: 26.563 GC heap after
Heap after GC invocations=24 (full 5):
 PSYoungGen      total 665856K, used 35906K [0x00000007aacb0000, 0x00000007db650000, 0x0000000800000000)
  eden space 629312K, 0% used [0x00000007aacb0000,0x00000007aacb0000,0x00000007d1340000)
  from space 36544K, 98% used [0x00000007d1340000,0x00000007d3650a10,0x00000007d36f0000)
  to   space 41344K, 0% used [0x00000007d8df0000,0x00000007d8df0000,0x00000007db650000)
 ParOldGen       total 412096K, used 148417K [0x0000000700600000, 0x0000000719870000, 0x00000007aacb0000)
  object space 412096K, 36% used [0x0000000700600000,0x00000007096f0468,0x0000000719870000)
 PSPermGen       total 35520K, used 18067K [0x00000006fb400000, 0x00000006fd6b0000, 0x0000000700600000)
  object space 35520K, 50% used [0x00000006fb400000,0x00000006fc5a4ca8,0x00000006fd6b0000)
}

