# JRE version: 7.0_07-b11
# Java VM: Java HotSpot(TM) 64-Bit Server VM (23.3-b01 mixed mode windows-amd64 compressed oops)
Heap
 PSYoungGen      total 1272704K, used 1204059K [0x00000007aacb0000, 0x0000000800000000, 0x0000000800000000)
  eden space 1193920K, 97% used [0x00000007aacb0000,0x00000007f1c4c998,0x00000007f3aa0000)
  from space 78784K, 52% used [0x00000007f3aa0000,0x00000007f62da428,0x00000007f8790000)
  to   space 76416K, 0% used [0x00000007fb560000,0x00000007fb560000,0x0000000800000000)
 ParOldGen       total 336000K, used 180323K [0x0000000700600000, 0x0000000714e20000, 0x00000007aacb0000)
  object space 336000K, 53% used [0x0000000700600000,0x000000070b618d18,0x0000000714e20000)
 PSPermGen       total 36096K, used 18168K [0x00000006fb400000, 0x00000006fd740000, 0x0000000700600000)
  object space 36096K, 50% used [0x00000006fb400000,0x00000006fc5be020,0x00000006fd740000)
GC Heap History (10 events):
Event: 27.903 GC heap before
{Heap before GC invocations=20 (full 5):
 PSYoungGen      total 968384K, used 944306K [0x00000007aacb0000, 0x00000007eac20000, 0x0000000800000000)
  eden space 920896K, 100% used [0x00000007aacb0000,0x00000007e3000000,0x00000007e3000000)
  from space 47488K, 49% used [0x00000007e7dc0000,0x00000007e949c908,0x00000007eac20000)
  to   space 63552K, 0% used [0x00000007e3000000,0x00000007e3000000,0x00000007e6e10000)
 ParOldGen       total 336000K, used 64894K [0x0000000700600000, 0x0000000714e20000, 0x00000007aacb0000)
  object space 336000K, 19% used [0x0000000700600000,0x000000070455f930,0x0000000714e20000)
 PSPermGen       total 36096K, used 18099K [0x00000006fb400000, 0x00000006fd740000, 0x0000000700600000)
  object space 36096K, 50% used [0x00000006fb400000,0x00000006fc5acd20,0x00000006fd740000)
Event: 27.908 GC heap after
Heap after GC invocations=20 (full 5):
 PSYoungGen      total 984448K, used 16922K [0x00000007aacb0000, 0x00000007f47b0000, 0x0000000800000000)
  eden space 920896K, 0% used [0x00000007aacb0000,0x00000007aacb0000,0x00000007e3000000)
  from space 63552K, 26% used [0x00000007e3000000,0x00000007e4086850,0x00000007e6e10000)
  to   space 62464K, 0% used [0x00000007f0ab0000,0x00000007f0ab0000,0x00000007f47b0000)
 ParOldGen       total 336000K, used 64894K [0x0000000700600000, 0x0000000714e20000, 0x00000007aacb0000)
  object space 336000K, 19% used [0x0000000700600000,0x000000070455f930,0x0000000714e20000)
 PSPermGen       total 36096K, used 18099K [0x00000006fb400000, 0x00000006fd740000, 0x0000000700600000)
  object space 36096K, 50% used [0x00000006fb400000,0x00000006fc5acd20,0x00000006fd740000)
}
Event: 29.767 GC heap before
{Heap before GC invocations=21 (full 5):
 PSYoungGen      total 984448K, used 936665K [0x00000007aacb0000, 0x00000007f47b0000, 0x0000000800000000)
  eden space 920896K, 99% used [0x00000007aacb0000,0x00000007e2edfce8,0x00000007e3000000)
  from space 63552K, 26% used [0x00000007e3000000,0x00000007e4086850,0x00000007e6e10000)
  to   space 62464K, 0% used [0x00000007f0ab0000,0x00000007f0ab0000,0x00000007f47b0000)
 ParOldGen       total 336000K, used 66919K [0x0000000700600000, 0x0000000714e20000, 0x00000007aacb0000)
  object space 336000K, 19% used [0x0000000700600000,0x0000000704759d40,0x0000000714e20000)
 PSPermGen       total 36096K, used 18118K [0x00000006fb400000, 0x00000006fd740000, 0x0000000700600000)
  object space 36096K, 50% used [0x00000006fb400000,0x00000006fc5b1950,0x00000006fd740000)
Event: 29.781 GC heap after
Heap after GC invocations=21 (full 5):
 PSYoungGen      total 1137216K, used 58488K [0x00000007aacb0000, 0x00000007f6180000, 0x0000000800000000)
  eden space 1074752K, 0% used [0x00000007aacb0000,0x00000007aacb0000,0x00000007ec640000)
  from space 62464K, 93% used [0x00000007f0ab0000,0x00000007f43ce3f0,0x00000007f47b0000)
  to   space 70080K, 0% used [0x00000007ec640000,0x00000007ec640000,0x00000007f0ab0000)
 ParOldGen       total 336000K, used 66919K [0x0000000700600000, 0x0000000714e20000, 0x00000007aacb0000)
  object space 336000K, 19% used [0x0000000700600000,0x0000000704759d40,0x0000000714e20000)
 PSPermGen       total 36096K, used 18118K [0x00000006fb400000, 0x00000006fd740000, 0x0000000700600000)
  object space 36096K, 50% used [0x00000006fb400000,0x00000006fc5b1950,0x00000006fd740000)
}
Event: 32.384 GC heap before
{Heap before GC invocations=22 (full 5):
 PSYoungGen      total 1137216K, used 1133240K [0x00000007aacb0000, 0x00000007f6180000, 0x0000000800000000)
  eden space 1074752K, 100% used [0x00000007aacb0000,0x00000007ec640000,0x00000007ec640000)
  from space 62464K, 93% used [0x00000007f0ab0000,0x00000007f43ce3f0,0x00000007f47b0000)
  to   space 70080K, 0% used [0x00000007ec640000,0x00000007ec640000,0x00000007f0ab0000)
 ParOldGen       total 336000K, used 172223K [0x0000000700600000, 0x0000000714e20000, 0x00000007aacb0000)
  object space 336000K, 51% used [0x0000000700600000,0x000000070ae2fcf8,0x0000000714e20000)
 PSPermGen       total 36096K, used 18123K [0x00000006fb400000, 0x00000006fd740000, 0x0000000700600000)
  object space 36096K, 50% used [0x00000006fb400000,0x00000006fc5b2de0,0x00000006fd740000)
Event: 32.395 GC heap after
Heap after GC invocations=22 (full 5):
 PSYoungGen      total 1144832K, used 45325K [0x00000007aacb0000, 0x00000007fcd20000, 0x0000000800000000)
  eden space 1074752K, 0% used [0x00000007aacb0000,0x00000007aacb0000,0x00000007ec640000)
  from space 70080K, 64% used [0x00000007ec640000,0x00000007ef283418,0x00000007f0ab0000)
  to   space 71232K, 0% used [0x00000007f8790000,0x00000007f8790000,0x00000007fcd20000)
 ParOldGen       total 336000K, used 172223K [0x0000000700600000, 0x0000000714e20000, 0x00000007aacb0000)
  object space 336000K, 51% used [0x0000000700600000,0x000000070ae2fcf8,0x0000000714e20000)
 PSPermGen       total 36096K, used 18123K [0x00000006fb400000, 0x00000006fd740000, 0x0000000700600000)
  object space 36096K, 50% used [0x00000006fb400000,0x00000006fc5b2de0,0x00000006fd740000)
}
Event: 34.866 GC heap before
{Heap before GC invocations=23 (full 5):
 PSYoungGen      total 1144832K, used 1119861K [0x00000007aacb0000, 0x00000007fcd20000, 0x0000000800000000)
  eden space 1074752K, 99% used [0x00000007aacb0000,0x00000007ec60a250,0x00000007ec640000)
  from space 70080K, 64% used [0x00000007ec640000,0x00000007ef283418,0x00000007f0ab0000)
  to   space 71232K, 0% used [0x00000007f8790000,0x00000007f8790000,0x00000007fcd20000)
 ParOldGen       total 336000K, used 172223K [0x0000000700600000, 0x0000000714e20000, 0x00000007aacb0000)
  object space 336000K, 51% used [0x0000000700600000,0x000000070ae2fcf8,0x0000000714e20000)
 PSPermGen       total 36096K, used 18129K [0x00000006fb400000, 0x00000006fd740000, 0x0000000700600000)
  object space 36096K, 50% used [0x00000006fb400000,0x00000006fc5b4560,0x00000006fd740000)
Event: 34.882 GC heap after
Heap after GC invocations=23 (full 5):
 PSYoungGen      total 1265152K, used 63825K [0x00000007aacb0000, 0x00000007fe020000, 0x0000000800000000)
  eden space 1193920K, 0% used [0x00000007aacb0000,0x00000007aacb0000,0x00000007f3aa0000)
  from space 71232K, 89% used [0x00000007f8790000,0x00000007fc5e45f8,0x00000007fcd20000)
  to   space 78784K, 0% used [0x00000007f3aa0000,0x00000007f3aa0000,0x00000007f8790000)
 ParOldGen       total 336000K, used 172223K [0x0000000700600000, 0x0000000714e20000, 0x00000007aacb0000)
  object space 336000K, 51% used [0x0000000700600000,0x000000070ae2fcf8,0x0000000714e20000)
 PSPermGen       total 36096K, used 18129K [0x00000006fb400000, 0x00000006fd740000, 0x0000000700600000)
  object space 36096K, 50% used [0x00000006fb400000,0x00000006fc5b4560,0x00000006fd740000)
}
Event: 37.617 GC heap before
{Heap before GC invocations=24 (full 5):
 PSYoungGen      total 1265152K, used 1256745K [0x00000007aacb0000, 0x00000007fe020000, 0x0000000800000000)
  eden space 1193920K, 99% used [0x00000007aacb0000,0x00000007f39a6130,0x00000007f3aa0000)
  from space 71232K, 89% used [0x00000007f8790000,0x00000007fc5e45f8,0x00000007fcd20000)
  to   space 78784K, 0% used [0x00000007f3aa0000,0x00000007f3aa0000,0x00000007f8790000)
 ParOldGen       total 336000K, used 180323K [0x0000000700600000, 0x0000000714e20000, 0x00000007aacb0000)
  object space 336000K, 53% used [0x0000000700600000,0x000000070b618d18,0x0000000714e20000)
 PSPermGen       total 36096K, used 18140K [0x00000006fb400000, 0x00000006fd740000, 0x0000000700600000)
  object space 36096K, 50% used [0x00000006fb400000,0x00000006fc5b71f8,0x00000006fd740000)
Event: 37.626 GC heap after
Heap after GC invocations=24 (full 5):
 PSYoungGen      total 1272704K, used 41193K [0x00000007aacb0000, 0x0000000800000000, 0x0000000800000000)
  eden space 1193920K, 0% used [0x00000007aacb0000,0x00000007aacb0000,0x00000007f3aa0000)
  from space 78784K, 52% used [0x00000007f3aa0000,0x00000007f62da428,0x00000007f8790000)
  to   space 76416K, 0% used [0x00000007fb560000,0x00000007fb560000,0x0000000800000000)
 ParOldGen       total 336000K, used 180323K [0x0000000700600000, 0x0000000714e20000, 0x00000007aacb0000)
  object space 336000K, 53% used [0x0000000700600000,0x000000070b618d18,0x0000000714e20000)
 PSPermGen       total 36096K, used 18140K [0x00000006fb400000, 0x00000006fd740000, 0x0000000700600000)
  object space 36096K, 50% used [0x00000006fb400000,0x00000006fc5b71f8,0x00000006fd740000)
}

