# JRE version: 7.0_07-b11
# Java VM: Java HotSpot(TM) 64-Bit Server VM (23.3-b01 mixed mode windows-amd64 compressed oops)
Heap
 PSYoungGen      total 144896K, used 103133K [0x00000007aacb0000, 0x00000007b8910000, 0x0000000800000000)
  eden space 104384K, 98% used [0x00000007aacb0000,0x00000007b11675c8,0x00000007b12a0000)
  from space 40512K, 0% used [0x00000007b12a0000,0x00000007b12a0000,0x00000007b3a30000)
  to   space 45568K, 0% used [0x00000007b5c90000,0x00000007b5c90000,0x00000007b8910000)
 ParOldGen       total 322624K, used 139479K [0x0000000700600000, 0x0000000714110000, 0x00000007aacb0000)
  object space 322624K, 43% used [0x0000000700600000,0x0000000708e35ff8,0x0000000714110000)
 PSPermGen       total 37248K, used 17884K [0x00000006fb400000, 0x00000006fd860000, 0x0000000700600000)
  object space 37248K, 48% used [0x00000006fb400000,0x00000006fc577378,0x00000006fd860000)
GC Heap History (10 events):
Event: 8.604 GC heap before
{Heap before GC invocations=9 (full 3):
 PSYoungGen      total 76352K, used 63427K [0x00000007aacb0000, 0x00000007b69a0000, 0x0000000800000000)
  eden space 65472K, 96% used [0x00000007aacb0000,0x00000007aeaa0ce0,0x00000007aeca0000)
  from space 10880K, 0% used [0x00000007aeca0000,0x00000007aeca0000,0x00000007af740000)
  to   space 41984K, 0% used [0x00000007b40a0000,0x00000007b40a0000,0x00000007b69a0000)
 ParOldGen       total 271872K, used 25192K [0x0000000700600000, 0x0000000710f80000, 0x00000007aacb0000)
  object space 271872K, 9% used [0x0000000700600000,0x0000000701e9a1f0,0x0000000710f80000)
 PSPermGen       total 39360K, used 17878K [0x00000006fb400000, 0x00000006fda70000, 0x0000000700600000)
  object space 39360K, 45% used [0x00000006fb400000,0x00000006fc575b20,0x00000006fda70000)
Event: 8.607 GC heap after
Heap after GC invocations=9 (full 3):
 PSYoungGen      total 91200K, used 10949K [0x00000007aacb0000, 0x00000007b4b60000, 0x0000000800000000)
  eden space 80192K, 0% used [0x00000007aacb0000,0x00000007aacb0000,0x00000007afb00000)
  from space 11008K, 99% used [0x00000007b40a0000,0x00000007b4b517a0,0x00000007b4b60000)
  to   space 39040K, 0% used [0x00000007aff20000,0x00000007aff20000,0x00000007b2540000)
 ParOldGen       total 271872K, used 25192K [0x0000000700600000, 0x0000000710f80000, 0x00000007aacb0000)
  object space 271872K, 9% used [0x0000000700600000,0x0000000701e9a1f0,0x0000000710f80000)
 PSPermGen       total 39360K, used 17878K [0x00000006fb400000, 0x00000006fda70000, 0x0000000700600000)
  object space 39360K, 45% used [0x00000006fb400000,0x00000006fc575b20,0x00000006fda70000)
}
Event: 8.738 GC heap before
{Heap before GC invocations=10 (full 3):
 PSYoungGen      total 91200K, used 86498K [0x00000007aacb0000, 0x00000007b4b60000, 0x0000000800000000)
  eden space 80192K, 94% used [0x00000007aacb0000,0x00000007af677408,0x00000007afb00000)
  from space 11008K, 99% used [0x00000007b40a0000,0x00000007b4b517a0,0x00000007b4b60000)
  to   space 39040K, 0% used [0x00000007aff20000,0x00000007aff20000,0x00000007b2540000)
 ParOldGen       total 271872K, used 25192K [0x0000000700600000, 0x0000000710f80000, 0x00000007aacb0000)
  object space 271872K, 9% used [0x0000000700600000,0x0000000701e9a1f0,0x0000000710f80000)
 PSPermGen       total 39360K, used 17878K [0x00000006fb400000, 0x00000006fda70000, 0x0000000700600000)
  object space 39360K, 45% used [0x00000006fb400000,0x00000006fc575b20,0x00000006fda70000)
Event: 8.743 GC heap after
Heap after GC invocations=10 (full 3):
 PSYoungGen      total 123456K, used 10813K [0x00000007aacb0000, 0x00000007b5df0000, 0x0000000800000000)
  eden space 84416K, 0% used [0x00000007aacb0000,0x00000007aacb0000,0x00000007aff20000)
  from space 39040K, 27% used [0x00000007aff20000,0x00000007b09af490,0x00000007b2540000)
  to   space 36608K, 0% used [0x00000007b3a30000,0x00000007b3a30000,0x00000007b5df0000)
 ParOldGen       total 271872K, used 25192K [0x0000000700600000, 0x0000000710f80000, 0x00000007aacb0000)
  object space 271872K, 9% used [0x0000000700600000,0x0000000701e9a1f0,0x0000000710f80000)
 PSPermGen       total 39360K, used 17878K [0x00000006fb400000, 0x00000006fda70000, 0x0000000700600000)
  object space 39360K, 45% used [0x00000006fb400000,0x00000006fc575b20,0x00000006fda70000)
}
Event: 8.903 GC heap before
{Heap before GC invocations=11 (full 3):
 PSYoungGen      total 123456K, used 92569K [0x00000007aacb0000, 0x00000007b5df0000, 0x0000000800000000)
  eden space 84416K, 96% used [0x00000007aacb0000,0x00000007afc872c0,0x00000007aff20000)
  from space 39040K, 27% used [0x00000007aff20000,0x00000007b09af490,0x00000007b2540000)
  to   space 36608K, 0% used [0x00000007b3a30000,0x00000007b3a30000,0x00000007b5df0000)
 ParOldGen       total 271872K, used 25192K [0x0000000700600000, 0x0000000710f80000, 0x00000007aacb0000)
  object space 271872K, 9% used [0x0000000700600000,0x0000000701e9a1f0,0x0000000710f80000)
 PSPermGen       total 39360K, used 17878K [0x00000006fb400000, 0x00000006fda70000, 0x0000000700600000)
  object space 39360K, 45% used [0x00000006fb400000,0x00000006fc575b20,0x00000006fda70000)
Event: 8.909 GC heap after
Heap after GC invocations=11 (full 3):
 PSYoungGen      total 140992K, used 29439K [0x00000007aacb0000, 0x00000007b7090000, 0x0000000800000000)
  eden space 104384K, 0% used [0x00000007aacb0000,0x00000007aacb0000,0x00000007b12a0000)
  from space 36608K, 80% used [0x00000007b3a30000,0x00000007b56efee0,0x00000007b5df0000)
  to   space 40512K, 0% used [0x00000007b12a0000,0x00000007b12a0000,0x00000007b3a30000)
 ParOldGen       total 271872K, used 25192K [0x0000000700600000, 0x0000000710f80000, 0x00000007aacb0000)
  object space 271872K, 9% used [0x0000000700600000,0x0000000701e9a1f0,0x0000000710f80000)
 PSPermGen       total 39360K, used 17878K [0x00000006fb400000, 0x00000006fda70000, 0x0000000700600000)
  object space 39360K, 45% used [0x00000006fb400000,0x00000006fc575b20,0x00000006fda70000)
}
Event: 9.098 GC heap before
{Heap before GC invocations=12 (full 3):
 PSYoungGen      total 140992K, used 133009K [0x00000007aacb0000, 0x00000007b7090000, 0x0000000800000000)
  eden space 104384K, 99% used [0x00000007aacb0000,0x00000007b11d4720,0x00000007b12a0000)
  from space 36608K, 80% used [0x00000007b3a30000,0x00000007b56efee0,0x00000007b5df0000)
  to   space 40512K, 0% used [0x00000007b12a0000,0x00000007b12a0000,0x00000007b3a30000)
 ParOldGen       total 271872K, used 31267K [0x0000000700600000, 0x0000000710f80000, 0x00000007aacb0000)
  object space 271872K, 11% used [0x0000000700600000,0x0000000702488e00,0x0000000710f80000)
 PSPermGen       total 39360K, used 17878K [0x00000006fb400000, 0x00000006fda70000, 0x0000000700600000)
  object space 39360K, 45% used [0x00000006fb400000,0x00000006fc575b20,0x00000006fda70000)
Event: 9.108 GC heap after
Heap after GC invocations=12 (full 3):
 PSYoungGen      total 144896K, used 35345K [0x00000007aacb0000, 0x00000007b8910000, 0x0000000800000000)
  eden space 104384K, 0% used [0x00000007aacb0000,0x00000007aacb0000,0x00000007b12a0000)
  from space 40512K, 87% used [0x00000007b12a0000,0x00000007b35247e0,0x00000007b3a30000)
  to   space 45568K, 0% used [0x00000007b5c90000,0x00000007b5c90000,0x00000007b8910000)
 ParOldGen       total 271872K, used 37342K [0x0000000700600000, 0x0000000710f80000, 0x00000007aacb0000)
  object space 271872K, 13% used [0x0000000700600000,0x0000000702a77a10,0x0000000710f80000)
 PSPermGen       total 39360K, used 17878K [0x00000006fb400000, 0x00000006fda70000, 0x0000000700600000)
  object space 39360K, 45% used [0x00000006fb400000,0x00000006fc575b20,0x00000006fda70000)
}
Event: 9.768 GC heap before
{Heap before GC invocations=13 (full 4):
 PSYoungGen      total 144896K, used 139729K [0x00000007aacb0000, 0x00000007b8910000, 0x0000000800000000)
  eden space 104384K, 100% used [0x00000007aacb0000,0x00000007b12a0000,0x00000007b12a0000)
  from space 40512K, 87% used [0x00000007b12a0000,0x00000007b35247e0,0x00000007b3a30000)
  to   space 45568K, 0% used [0x00000007b5c90000,0x00000007b5c90000,0x00000007b8910000)
 ParOldGen       total 284032K, used 282031K [0x0000000700600000, 0x0000000711b60000, 0x00000007aacb0000)
  object space 284032K, 99% used [0x0000000700600000,0x000000071196bc10,0x0000000711b60000)
 PSPermGen       total 39360K, used 17880K [0x00000006fb400000, 0x00000006fda70000, 0x0000000700600000)
  object space 39360K, 45% used [0x00000006fb400000,0x00000006fc5760f8,0x00000006fda70000)
Event: 9.794 GC heap after
Heap after GC invocations=13 (full 4):
 PSYoungGen      total 144896K, used 0K [0x00000007aacb0000, 0x00000007b8910000, 0x0000000800000000)
  eden space 104384K, 0% used [0x00000007aacb0000,0x00000007aacb0000,0x00000007b12a0000)
  from space 40512K, 0% used [0x00000007b12a0000,0x00000007b12a0000,0x00000007b3a30000)
  to   space 45568K, 0% used [0x00000007b5c90000,0x00000007b5c90000,0x00000007b8910000)
 ParOldGen       total 322624K, used 25193K [0x0000000700600000, 0x0000000714110000, 0x00000007aacb0000)
  object space 322624K, 7% used [0x0000000700600000,0x0000000701e9a6e8,0x0000000714110000)
 PSPermGen       total 37248K, used 17880K [0x00000006fb400000, 0x00000006fd860000, 0x0000000700600000)
  object space 37248K, 48% used [0x00000006fb400000,0x00000006fc5760f8,0x00000006fd860000)
}

