# JRE version: 7.0_07-b11
# Java VM: Java HotSpot(TM) 64-Bit Server VM (23.3-b01 mixed mode windows-amd64 compressed oops)
Heap
 PSYoungGen      total 411776K, used 151848K [0x00000007aacb0000, 0x00000007cdf50000, 0x0000000800000000)
  eden space 351552K, 29% used [0x00000007aacb0000,0x00000007b12c23e0,0x00000007c0400000)
  from space 60224K, 78% used [0x00000007c0400000,0x00000007c3237cf0,0x00000007c3ed0000)
  to   space 65664K, 0% used [0x00000007c9f30000,0x00000007c9f30000,0x00000007cdf50000)
 ParOldGen       total 226048K, used 59427K [0x0000000700600000, 0x000000070e2c0000, 0x00000007aacb0000)
  object space 226048K, 26% used [0x0000000700600000,0x0000000704008c80,0x000000070e2c0000)
 PSPermGen       total 39232K, used 17982K [0x00000006fb400000, 0x00000006fda50000, 0x0000000700600000)
  object space 39232K, 45% used [0x00000006fb400000,0x00000006fc58f818,0x00000006fda50000)
GC Heap History (10 events):
Event: 8.905 GC heap before
{Heap before GC invocations=8 (full 2):
 PSYoungGen      total 291392K, used 254656K [0x00000007aacb0000, 0x00000007c0250000, 0x0000000800000000)
  eden space 254656K, 100% used [0x00000007aacb0000,0x00000007ba560000,0x00000007ba560000)
  from space 36736K, 0% used [0x00000007bd050000,0x00000007bd050000,0x00000007bf430000)
  to   space 43968K, 0% used [0x00000007ba560000,0x00000007ba560000,0x00000007bd050000)
 ParOldGen       total 351872K, used 348594K [0x0000000700600000, 0x0000000715da0000, 0x00000007aacb0000)
  object space 351872K, 99% used [0x0000000700600000,0x0000000715a6caa8,0x0000000715da0000)
 PSPermGen       total 36224K, used 17970K [0x00000006fb400000, 0x00000006fd760000, 0x0000000700600000)
  object space 36224K, 49% used [0x00000006fb400000,0x00000006fc58cb58,0x00000006fd760000)
Event: 8.947 GC heap after
Heap after GC invocations=8 (full 2):
 PSYoungGen      total 291392K, used 0K [0x00000007aacb0000, 0x00000007c0250000, 0x0000000800000000)
  eden space 254656K, 0% used [0x00000007aacb0000,0x00000007aacb0000,0x00000007ba560000)
  from space 36736K, 0% used [0x00000007bd050000,0x00000007bd050000,0x00000007bf430000)
  to   space 43968K, 0% used [0x00000007ba560000,0x00000007ba560000,0x00000007bd050000)
 ParOldGen       total 196608K, used 38967K [0x0000000700600000, 0x000000070c600000, 0x00000007aacb0000)
  object space 196608K, 19% used [0x0000000700600000,0x0000000702c0de88,0x000000070c600000)
 PSPermGen       total 40448K, used 17970K [0x00000006fb400000, 0x00000006fdb80000, 0x0000000700600000)
  object space 40448K, 44% used [0x00000006fb400000,0x00000006fc58cb58,0x00000006fdb80000)
}
Event: 9.922 GC heap before
{Heap before GC invocations=9 (full 3):
 PSYoungGen      total 291392K, used 254656K [0x00000007aacb0000, 0x00000007c0250000, 0x0000000800000000)
  eden space 254656K, 100% used [0x00000007aacb0000,0x00000007ba560000,0x00000007ba560000)
  from space 36736K, 0% used [0x00000007bd050000,0x00000007bd050000,0x00000007bf430000)
  to   space 43968K, 0% used [0x00000007ba560000,0x00000007ba560000,0x00000007bd050000)
 ParOldGen       total 317248K, used 316267K [0x0000000700600000, 0x0000000713bd0000, 0x00000007aacb0000)
  object space 317248K, 99% used [0x0000000700600000,0x0000000713adac38,0x0000000713bd0000)
 PSPermGen       total 40448K, used 17971K [0x00000006fb400000, 0x00000006fdb80000, 0x0000000700600000)
  object space 40448K, 44% used [0x00000006fb400000,0x00000006fc58cf00,0x00000006fdb80000)
Event: 9.956 GC heap after
Heap after GC invocations=9 (full 3):
 PSYoungGen      total 291392K, used 0K [0x00000007aacb0000, 0x00000007c0250000, 0x0000000800000000)
  eden space 254656K, 0% used [0x00000007aacb0000,0x00000007aacb0000,0x00000007ba560000)
  from space 36736K, 0% used [0x00000007bd050000,0x00000007bd050000,0x00000007bf430000)
  to   space 43968K, 0% used [0x00000007ba560000,0x00000007ba560000,0x00000007bd050000)
 ParOldGen       total 226048K, used 29052K [0x0000000700600000, 0x000000070e2c0000, 0x00000007aacb0000)
  object space 226048K, 12% used [0x0000000700600000,0x000000070225f030,0x000000070e2c0000)
 PSPermGen       total 39232K, used 17971K [0x00000006fb400000, 0x00000006fda50000, 0x0000000700600000)
  object space 39232K, 45% used [0x00000006fb400000,0x00000006fc58cf00,0x00000006fda50000)
}
Event: 10.418 GC heap before
{Heap before GC invocations=10 (full 3):
 PSYoungGen      total 291392K, used 251793K [0x00000007aacb0000, 0x00000007c0250000, 0x0000000800000000)
  eden space 254656K, 98% used [0x00000007aacb0000,0x00000007ba294718,0x00000007ba560000)
  from space 36736K, 0% used [0x00000007bd050000,0x00000007bd050000,0x00000007bf430000)
  to   space 43968K, 0% used [0x00000007ba560000,0x00000007ba560000,0x00000007bd050000)
 ParOldGen       total 226048K, used 29052K [0x0000000700600000, 0x000000070e2c0000, 0x00000007aacb0000)
  object space 226048K, 12% used [0x0000000700600000,0x000000070225f030,0x000000070e2c0000)
 PSPermGen       total 39232K, used 17972K [0x00000006fb400000, 0x00000006fda50000, 0x0000000700600000)
  object space 39232K, 45% used [0x00000006fb400000,0x00000006fc58d138,0x00000006fda50000)
Event: 10.428 GC heap after
Heap after GC invocations=10 (full 3):
 PSYoungGen      total 298624K, used 41420K [0x00000007aacb0000, 0x00000007c71f0000, 0x0000000800000000)
  eden space 254656K, 0% used [0x00000007aacb0000,0x00000007aacb0000,0x00000007ba560000)
  from space 43968K, 94% used [0x00000007ba560000,0x00000007bcdd33f0,0x00000007bd050000)
  to   space 52352K, 0% used [0x00000007c3ed0000,0x00000007c3ed0000,0x00000007c71f0000)
 ParOldGen       total 226048K, used 47277K [0x0000000700600000, 0x000000070e2c0000, 0x00000007aacb0000)
  object space 226048K, 20% used [0x0000000700600000,0x000000070342b460,0x000000070e2c0000)
 PSPermGen       total 39232K, used 17972K [0x00000006fb400000, 0x00000006fda50000, 0x0000000700600000)
  object space 39232K, 45% used [0x00000006fb400000,0x00000006fc58d138,0x00000006fda50000)
}
Event: 10.872 GC heap before
{Heap before GC invocations=11 (full 3):
 PSYoungGen      total 298624K, used 292856K [0x00000007aacb0000, 0x00000007c71f0000, 0x0000000800000000)
  eden space 254656K, 98% used [0x00000007aacb0000,0x00000007ba23aec0,0x00000007ba560000)
  from space 43968K, 94% used [0x00000007ba560000,0x00000007bcdd33f0,0x00000007bd050000)
  to   space 52352K, 0% used [0x00000007c3ed0000,0x00000007c3ed0000,0x00000007c71f0000)
 ParOldGen       total 226048K, used 47277K [0x0000000700600000, 0x000000070e2c0000, 0x00000007aacb0000)
  object space 226048K, 20% used [0x0000000700600000,0x000000070342b460,0x000000070e2c0000)
 PSPermGen       total 39232K, used 17972K [0x00000006fb400000, 0x00000006fda50000, 0x0000000700600000)
  object space 39232K, 45% used [0x00000006fb400000,0x00000006fc58d1e0,0x00000006fda50000)
Event: 10.883 GC heap after
Heap after GC invocations=11 (full 3):
 PSYoungGen      total 403904K, used 47327K [0x00000007aacb0000, 0x00000007c8b60000, 0x0000000800000000)
  eden space 351552K, 0% used [0x00000007aacb0000,0x00000007aacb0000,0x00000007c0400000)
  from space 52352K, 90% used [0x00000007c3ed0000,0x00000007c6d07cf0,0x00000007c71f0000)
  to   space 60224K, 0% used [0x00000007c0400000,0x00000007c0400000,0x00000007c3ed0000)
 ParOldGen       total 226048K, used 59427K [0x0000000700600000, 0x000000070e2c0000, 0x00000007aacb0000)
  object space 226048K, 26% used [0x0000000700600000,0x0000000704008c80,0x000000070e2c0000)
 PSPermGen       total 39232K, used 17972K [0x00000006fb400000, 0x00000006fda50000, 0x0000000700600000)
  object space 39232K, 45% used [0x00000006fb400000,0x00000006fc58d1e0,0x00000006fda50000)
}
Event: 11.678 GC heap before
{Heap before GC invocations=12 (full 3):
 PSYoungGen      total 403904K, used 397487K [0x00000007aacb0000, 0x00000007c8b60000, 0x0000000800000000)
  eden space 351552K, 99% used [0x00000007aacb0000,0x00000007c02a4130,0x00000007c0400000)
  from space 52352K, 90% used [0x00000007c3ed0000,0x00000007c6d07cf0,0x00000007c71f0000)
  to   space 60224K, 0% used [0x00000007c0400000,0x00000007c0400000,0x00000007c3ed0000)
 ParOldGen       total 226048K, used 59427K [0x0000000700600000, 0x000000070e2c0000, 0x00000007aacb0000)
  object space 226048K, 26% used [0x0000000700600000,0x0000000704008c80,0x000000070e2c0000)
 PSPermGen       total 39232K, used 17982K [0x00000006fb400000, 0x00000006fda50000, 0x0000000700600000)
  object space 39232K, 45% used [0x00000006fb400000,0x00000006fc58f818,0x00000006fda50000)
Event: 11.689 GC heap after
Heap after GC invocations=12 (full 3):
 PSYoungGen      total 411776K, used 47327K [0x00000007aacb0000, 0x00000007cdf50000, 0x0000000800000000)
  eden space 351552K, 0% used [0x00000007aacb0000,0x00000007aacb0000,0x00000007c0400000)
  from space 60224K, 78% used [0x00000007c0400000,0x00000007c3237cf0,0x00000007c3ed0000)
  to   space 65664K, 0% used [0x00000007c9f30000,0x00000007c9f30000,0x00000007cdf50000)
 ParOldGen       total 226048K, used 59427K [0x0000000700600000, 0x000000070e2c0000, 0x00000007aacb0000)
  object space 226048K, 26% used [0x0000000700600000,0x0000000704008c80,0x000000070e2c0000)
 PSPermGen       total 39232K, used 17982K [0x00000006fb400000, 0x00000006fda50000, 0x0000000700600000)
  object space 39232K, 45% used [0x00000006fb400000,0x00000006fc58f818,0x00000006fda50000)
}

