# JRE version: 7.0_07-b11
# Java VM: Java HotSpot(TM) 64-Bit Server VM (23.3-b01 mixed mode windows-amd64 compressed oops)
Heap
 PSYoungGen      total 57408K, used 23296K [0x00000007aacb0000, 0x00000007af440000, 0x0000000800000000)
  eden space 42048K, 24% used [0x00000007aacb0000,0x00000007ab694d50,0x00000007ad5c0000)
  from space 15360K, 85% used [0x00000007ae4f0000,0x00000007af1cb5b0,0x00000007af3f0000)
  to   space 15552K, 0% used [0x00000007ad5c0000,0x00000007ad5c0000,0x00000007ae4f0000)
 ParOldGen       total 108800K, used 76542K [0x0000000700600000, 0x0000000707040000, 0x00000007aacb0000)
  object space 108800K, 70% used [0x0000000700600000,0x00000007050bfbc0,0x0000000707040000)
 PSPermGen       total 36096K, used 17924K [0x00000006fb400000, 0x00000006fd740000, 0x0000000700600000)
  object space 36096K, 49% used [0x00000006fb400000,0x00000006fc5813b8,0x00000006fd740000)
GC Heap History (10 events):
Event: 40.819 GC heap before
{Heap before GC invocations=83 (full 1):
 PSYoungGen      total 44608K, used 13133K [0x00000007aacb0000, 0x00000007ae7b0000, 0x0000000800000000)
  eden space 29952K, 0% used [0x00000007aacb0000,0x00000007aacb0000,0x00000007ac9f0000)
  from space 14656K, 89% used [0x00000007ad8a0000,0x00000007ae5735b0,0x00000007ae6f0000)
  to   space 15040K, 0% used [0x00000007ac9f0000,0x00000007ac9f0000,0x00000007ad8a0000)
 ParOldGen       total 174528K, used 159644K [0x0000000700600000, 0x000000070b070000, 0x00000007aacb0000)
  object space 174528K, 91% used [0x0000000700600000,0x000000070a1e7208,0x000000070b070000)
 PSPermGen       total 21248K, used 17907K [0x00000006fb400000, 0x00000006fc8c0000, 0x0000000700600000)
  object space 21248K, 84% used [0x00000006fb400000,0x00000006fc57cd70,0x00000006fc8c0000)
Event: 40.860 GC heap after
Heap after GC invocations=83 (full 1):
 PSYoungGen      total 44608K, used 0K [0x00000007aacb0000, 0x00000007ae7b0000, 0x0000000800000000)
  eden space 29952K, 0% used [0x00000007aacb0000,0x00000007aacb0000,0x00000007ac9f0000)
  from space 14656K, 0% used [0x00000007ad8a0000,0x00000007ad8a0000,0x00000007ae6f0000)
  to   space 15040K, 0% used [0x00000007ac9f0000,0x00000007ac9f0000,0x00000007ad8a0000)
 ParOldGen       total 108800K, used 19461K [0x0000000700600000, 0x0000000707040000, 0x00000007aacb0000)
  object space 108800K, 17% used [0x0000000700600000,0x0000000701901680,0x0000000707040000)
 PSPermGen       total 36096K, used 17900K [0x00000006fb400000, 0x00000006fd740000, 0x0000000700600000)
  object space 36096K, 49% used [0x00000006fb400000,0x00000006fc57b288,0x00000006fd740000)
}
Event: 41.268 GC heap before
{Heap before GC invocations=84 (full 1):
 PSYoungGen      total 44608K, used 28533K [0x00000007aacb0000, 0x00000007ae7b0000, 0x0000000800000000)
  eden space 29952K, 95% used [0x00000007aacb0000,0x00000007ac88d6f0,0x00000007ac9f0000)
  from space 14656K, 0% used [0x00000007ad8a0000,0x00000007ad8a0000,0x00000007ae6f0000)
  to   space 15040K, 0% used [0x00000007ac9f0000,0x00000007ac9f0000,0x00000007ad8a0000)
 ParOldGen       total 108800K, used 19461K [0x0000000700600000, 0x0000000707040000, 0x00000007aacb0000)
  object space 108800K, 17% used [0x0000000700600000,0x0000000701901680,0x0000000707040000)
 PSPermGen       total 36096K, used 17900K [0x00000006fb400000, 0x00000006fd740000, 0x0000000700600000)
  object space 36096K, 49% used [0x00000006fb400000,0x00000006fc57b288,0x00000006fd740000)
Event: 41.273 GC heap after
Heap after GC invocations=84 (full 1):
 PSYoungGen      total 44992K, used 13165K [0x00000007aacb0000, 0x00000007aed80000, 0x0000000800000000)
  eden space 29952K, 0% used [0x00000007aacb0000,0x00000007aacb0000,0x00000007ac9f0000)
  from space 15040K, 87% used [0x00000007ac9f0000,0x00000007ad6cb5b0,0x00000007ad8a0000)
  to   space 15296K, 0% used [0x00000007ade90000,0x00000007ade90000,0x00000007aed80000)
 ParOldGen       total 108800K, used 45280K [0x0000000700600000, 0x0000000707040000, 0x00000007aacb0000)
  object space 108800K, 41% used [0x0000000700600000,0x00000007032381e0,0x0000000707040000)
 PSPermGen       total 36096K, used 17900K [0x00000006fb400000, 0x00000006fd740000, 0x0000000700600000)
  object space 36096K, 49% used [0x00000006fb400000,0x00000006fc57b288,0x00000006fd740000)
}
Event: 41.681 GC heap before
{Heap before GC invocations=85 (full 1):
 PSYoungGen      total 44992K, used 41697K [0x00000007aacb0000, 0x00000007aed80000, 0x0000000800000000)
  eden space 29952K, 95% used [0x00000007aacb0000,0x00000007ac88d110,0x00000007ac9f0000)
  from space 15040K, 87% used [0x00000007ac9f0000,0x00000007ad6cb5b0,0x00000007ad8a0000)
  to   space 15296K, 0% used [0x00000007ade90000,0x00000007ade90000,0x00000007aed80000)
 ParOldGen       total 108800K, used 45280K [0x0000000700600000, 0x0000000707040000, 0x00000007aacb0000)
  object space 108800K, 41% used [0x0000000700600000,0x00000007032381e0,0x0000000707040000)
 PSPermGen       total 36096K, used 17900K [0x00000006fb400000, 0x00000006fd740000, 0x0000000700600000)
  object space 36096K, 49% used [0x00000006fb400000,0x00000006fc57b288,0x00000006fd740000)
Event: 41.684 GC heap after
Heap after GC invocations=85 (full 1):
 PSYoungGen      total 50816K, used 13165K [0x00000007aacb0000, 0x00000007aedf0000, 0x0000000800000000)
  eden space 35520K, 0% used [0x00000007aacb0000,0x00000007aacb0000,0x00000007acf60000)
  from space 15296K, 86% used [0x00000007ade90000,0x00000007aeb6b5b0,0x00000007aed80000)
  to   space 15552K, 0% used [0x00000007acf60000,0x00000007acf60000,0x00000007ade90000)
 ParOldGen       total 108800K, used 60895K [0x0000000700600000, 0x0000000707040000, 0x00000007aacb0000)
  object space 108800K, 55% used [0x0000000700600000,0x0000000704177ed0,0x0000000707040000)
 PSPermGen       total 36096K, used 17900K [0x00000006fb400000, 0x00000006fd740000, 0x0000000700600000)
  object space 36096K, 49% used [0x00000006fb400000,0x00000006fc57b288,0x00000006fd740000)
}
Event: 42.207 GC heap before
{Heap before GC invocations=86 (full 1):
 PSYoungGen      total 50816K, used 45141K [0x00000007aacb0000, 0x00000007aedf0000, 0x0000000800000000)
  eden space 35520K, 90% used [0x00000007aacb0000,0x00000007acbea190,0x00000007acf60000)
  from space 15296K, 86% used [0x00000007ade90000,0x00000007aeb6b5b0,0x00000007aed80000)
  to   space 15552K, 0% used [0x00000007acf60000,0x00000007acf60000,0x00000007ade90000)
 ParOldGen       total 108800K, used 60895K [0x0000000700600000, 0x0000000707040000, 0x00000007aacb0000)
  object space 108800K, 55% used [0x0000000700600000,0x0000000704177ed0,0x0000000707040000)
 PSPermGen       total 36096K, used 17900K [0x00000006fb400000, 0x00000006fd740000, 0x0000000700600000)
  object space 36096K, 49% used [0x00000006fb400000,0x00000006fc57b288,0x00000006fd740000)
Event: 42.209 GC heap after
Heap after GC invocations=86 (full 1):
 PSYoungGen      total 51072K, used 10475K [0x00000007aacb0000, 0x00000007af3f0000, 0x0000000800000000)
  eden space 35520K, 0% used [0x00000007aacb0000,0x00000007aacb0000,0x00000007acf60000)
  from space 15552K, 67% used [0x00000007acf60000,0x00000007ad99ae70,0x00000007ade90000)
  to   space 15360K, 0% used [0x00000007ae4f0000,0x00000007ae4f0000,0x00000007af3f0000)
 ParOldGen       total 108800K, used 60919K [0x0000000700600000, 0x0000000707040000, 0x00000007aacb0000)
  object space 108800K, 55% used [0x0000000700600000,0x000000070417ded0,0x0000000707040000)
 PSPermGen       total 36096K, used 17900K [0x00000006fb400000, 0x00000006fd740000, 0x0000000700600000)
  object space 36096K, 49% used [0x00000006fb400000,0x00000006fc57b288,0x00000006fd740000)
}
Event: 42.647 GC heap before
{Heap before GC invocations=87 (full 1):
 PSYoungGen      total 51072K, used 45042K [0x00000007aacb0000, 0x00000007af3f0000, 0x0000000800000000)
  eden space 35520K, 97% used [0x00000007aacb0000,0x00000007ace71c28,0x00000007acf60000)
  from space 15552K, 67% used [0x00000007acf60000,0x00000007ad99ae70,0x00000007ade90000)
  to   space 15360K, 0% used [0x00000007ae4f0000,0x00000007ae4f0000,0x00000007af3f0000)
 ParOldGen       total 108800K, used 60919K [0x0000000700600000, 0x0000000707040000, 0x00000007aacb0000)
  object space 108800K, 55% used [0x0000000700600000,0x000000070417ded0,0x0000000707040000)
 PSPermGen       total 36096K, used 17900K [0x00000006fb400000, 0x00000006fd740000, 0x0000000700600000)
  object space 36096K, 49% used [0x00000006fb400000,0x00000006fc57b288,0x00000006fd740000)
Event: 42.652 GC heap after
Heap after GC invocations=87 (full 1):
 PSYoungGen      total 57408K, used 13165K [0x00000007aacb0000, 0x00000007af440000, 0x0000000800000000)
  eden space 42048K, 0% used [0x00000007aacb0000,0x00000007aacb0000,0x00000007ad5c0000)
  from space 15360K, 85% used [0x00000007ae4f0000,0x00000007af1cb5b0,0x00000007af3f0000)
  to   space 15552K, 0% used [0x00000007ad5c0000,0x00000007ad5c0000,0x00000007ae4f0000)
 ParOldGen       total 108800K, used 76542K [0x0000000700600000, 0x0000000707040000, 0x00000007aacb0000)
  object space 108800K, 70% used [0x0000000700600000,0x00000007050bfbc0,0x0000000707040000)
 PSPermGen       total 36096K, used 17900K [0x00000006fb400000, 0x00000006fd740000, 0x0000000700600000)
  object space 36096K, 49% used [0x00000006fb400000,0x00000006fc57b288,0x00000006fd740000)
}

