# JRE version: 7.0_07-b11
# Java VM: Java HotSpot(TM) 64-Bit Server VM (23.3-b01 mixed mode windows-amd64 compressed oops)
Heap
 PSYoungGen      total 1365760K, used 675891K [0x00000007aacb0000, 0x0000000800000000, 0x0000000800000000)
  eden space 1336896K, 49% used [0x00000007aacb0000,0x00000007d2ffc978,0x00000007fc640000)
  from space 28864K, 59% used [0x00000007fc640000,0x00000007fd7003e0,0x00000007fe270000)
  to   space 29184K, 0% used [0x00000007fe380000,0x00000007fe380000,0x0000000800000000)
 ParOldGen       total 175360K, used 38170K [0x0000000700600000, 0x000000070b140000, 0x00000007aacb0000)
  object space 175360K, 21% used [0x0000000700600000,0x0000000702b469d0,0x000000070b140000)
 PSPermGen       total 41024K, used 18173K [0x00000006fb400000, 0x00000006fdc10000, 0x0000000700600000)
  object space 41024K, 44% used [0x00000006fb400000,0x00000006fc5bf400,0x00000006fdc10000)
GC Heap History (10 events):
Event: 9.435 GC heap before
{Heap before GC invocations=11 (full 0):
 PSYoungGen      total 861696K, used 859676K [0x00000007aacb0000, 0x00000007e1010000, 0x0000000800000000)
  eden space 836352K, 99% used [0x00000007aacb0000,0x00000007ddbf4e00,0x00000007ddd70000)
  from space 25344K, 98% used [0x00000007df690000,0x00000007e0ed2500,0x00000007e0f50000)
  to   space 25728K, 0% used [0x00000007ddd70000,0x00000007ddd70000,0x00000007df690000)
 ParOldGen       total 174528K, used 118720K [0x0000000700600000, 0x000000070b070000, 0x00000007aacb0000)
  object space 174528K, 68% used [0x0000000700600000,0x00000007079f0260,0x000000070b070000)
 PSPermGen       total 21248K, used 18088K [0x00000006fb400000, 0x00000006fc8c0000, 0x0000000700600000)
  object space 21248K, 85% used [0x00000006fb400000,0x00000006fc5aa0c0,0x00000006fc8c0000)
Event: 9.440 GC heap after
Heap after GC invocations=11 (full 0):
 PSYoungGen      total 862080K, used 10983K [0x00000007aacb0000, 0x00000007ffd60000, 0x0000000800000000)
  eden space 836352K, 0% used [0x00000007aacb0000,0x00000007aacb0000,0x00000007ddd70000)
  from space 25728K, 42% used [0x00000007ddd70000,0x00000007de829d60,0x00000007df690000)
  to   space 27584K, 0% used [0x00000007fe270000,0x00000007fe270000,0x00000007ffd60000)
 ParOldGen       total 174528K, used 118776K [0x0000000700600000, 0x000000070b070000, 0x00000007aacb0000)
  object space 174528K, 68% used [0x0000000700600000,0x00000007079fe260,0x000000070b070000)
 PSPermGen       total 21248K, used 18088K [0x00000006fb400000, 0x00000006fc8c0000, 0x0000000700600000)
  object space 21248K, 85% used [0x00000006fb400000,0x00000006fc5aa0c0,0x00000006fc8c0000)
}
Event: 11.134 GC heap before
{Heap before GC invocations=12 (full 0):
 PSYoungGen      total 862080K, used 846077K [0x00000007aacb0000, 0x00000007ffd60000, 0x0000000800000000)
  eden space 836352K, 99% used [0x00000007aacb0000,0x00000007ddc359f0,0x00000007ddd70000)
  from space 25728K, 42% used [0x00000007ddd70000,0x00000007de829d60,0x00000007df690000)
  to   space 27584K, 0% used [0x00000007fe270000,0x00000007fe270000,0x00000007ffd60000)
 ParOldGen       total 174528K, used 122193K [0x0000000700600000, 0x000000070b070000, 0x00000007aacb0000)
  object space 174528K, 70% used [0x0000000700600000,0x0000000707d54730,0x000000070b070000)
 PSPermGen       total 21248K, used 18097K [0x00000006fb400000, 0x00000006fc8c0000, 0x0000000700600000)
  object space 21248K, 85% used [0x00000006fb400000,0x00000006fc5ac4e0,0x00000006fc8c0000)
Event: 11.144 GC heap after
Heap after GC invocations=12 (full 0):
 PSYoungGen      total 1364480K, used 27056K [0x00000007aacb0000, 0x00000007fffe0000, 0x0000000800000000)
  eden space 1336896K, 0% used [0x00000007aacb0000,0x00000007aacb0000,0x00000007fc640000)
  from space 27584K, 98% used [0x00000007fe270000,0x00000007ffcdc350,0x00000007ffd60000)
  to   space 28864K, 0% used [0x00000007fc640000,0x00000007fc640000,0x00000007fe270000)
 ParOldGen       total 174528K, used 128384K [0x0000000700600000, 0x000000070b070000, 0x00000007aacb0000)
  object space 174528K, 73% used [0x0000000700600000,0x0000000708360370,0x000000070b070000)
 PSPermGen       total 21248K, used 18097K [0x00000006fb400000, 0x00000006fc8c0000, 0x0000000700600000)
  object space 21248K, 85% used [0x00000006fb400000,0x00000006fc5ac4e0,0x00000006fc8c0000)
}
Event: 14.067 GC heap before
{Heap before GC invocations=13 (full 1):
 PSYoungGen      total 1364480K, used 1363952K [0x00000007aacb0000, 0x00000007fffe0000, 0x0000000800000000)
  eden space 1336896K, 100% used [0x00000007aacb0000,0x00000007fc640000,0x00000007fc640000)
  from space 27584K, 98% used [0x00000007fe270000,0x00000007ffcdc350,0x00000007ffd60000)
  to   space 28864K, 0% used [0x00000007fc640000,0x00000007fc640000,0x00000007fe270000)
 ParOldGen       total 242176K, used 242039K [0x0000000700600000, 0x000000070f280000, 0x00000007aacb0000)
  object space 242176K, 99% used [0x0000000700600000,0x000000070f25dc10,0x000000070f280000)
 PSPermGen       total 21248K, used 18107K [0x00000006fb400000, 0x00000006fc8c0000, 0x0000000700600000)
  object space 21248K, 85% used [0x00000006fb400000,0x00000006fc5aec00,0x00000006fc8c0000)
Event: 14.148 GC heap after
Heap after GC invocations=13 (full 1):
 PSYoungGen      total 1364480K, used 0K [0x00000007aacb0000, 0x00000007fffe0000, 0x0000000800000000)
  eden space 1336896K, 0% used [0x00000007aacb0000,0x00000007aacb0000,0x00000007fc640000)
  from space 27584K, 0% used [0x00000007fe270000,0x00000007fe270000,0x00000007ffd60000)
  to   space 28864K, 0% used [0x00000007fc640000,0x00000007fc640000,0x00000007fe270000)
 ParOldGen       total 138880K, used 28802K [0x0000000700600000, 0x0000000708da0000, 0x00000007aacb0000)
  object space 138880K, 20% used [0x0000000700600000,0x0000000702220a58,0x0000000708da0000)
 PSPermGen       total 36736K, used 18100K [0x00000006fb400000, 0x00000006fd7e0000, 0x0000000700600000)
  object space 36736K, 49% used [0x00000006fb400000,0x00000006fc5ad188,0x00000006fd7e0000)
}
Event: 17.043 GC heap before
{Heap before GC invocations=14 (full 2):
 PSYoungGen      total 1364480K, used 1336896K [0x00000007aacb0000, 0x00000007fffe0000, 0x0000000800000000)
  eden space 1336896K, 100% used [0x00000007aacb0000,0x00000007fc640000,0x00000007fc640000)
  from space 27584K, 0% used [0x00000007fe270000,0x00000007fe270000,0x00000007ffd60000)
  to   space 28864K, 0% used [0x00000007fc640000,0x00000007fc640000,0x00000007fe270000)
 ParOldGen       total 154560K, used 152961K [0x0000000700600000, 0x0000000709cf0000, 0x00000007aacb0000)
  object space 154560K, 98% used [0x0000000700600000,0x0000000709b60588,0x0000000709cf0000)
 PSPermGen       total 36736K, used 18131K [0x00000006fb400000, 0x00000006fd7e0000, 0x0000000700600000)
  object space 36736K, 49% used [0x00000006fb400000,0x00000006fc5b4e80,0x00000006fd7e0000)
Event: 17.073 GC heap after
Heap after GC invocations=14 (full 2):
 PSYoungGen      total 1364480K, used 0K [0x00000007aacb0000, 0x00000007fffe0000, 0x0000000800000000)
  eden space 1336896K, 0% used [0x00000007aacb0000,0x00000007aacb0000,0x00000007fc640000)
  from space 27584K, 0% used [0x00000007fe270000,0x00000007fe270000,0x00000007ffd60000)
  to   space 28864K, 0% used [0x00000007fc640000,0x00000007fc640000,0x00000007fe270000)
 ParOldGen       total 175360K, used 32095K [0x0000000700600000, 0x000000070b140000, 0x00000007aacb0000)
  object space 175360K, 18% used [0x0000000700600000,0x0000000702557dc0,0x000000070b140000)
 PSPermGen       total 41024K, used 18131K [0x00000006fb400000, 0x00000006fdc10000, 0x0000000700600000)
  object space 41024K, 44% used [0x00000006fb400000,0x00000006fc5b4e40,0x00000006fdc10000)
}
Event: 19.784 GC heap before
{Heap before GC invocations=15 (full 2):
 PSYoungGen      total 1364480K, used 1335078K [0x00000007aacb0000, 0x00000007fffe0000, 0x0000000800000000)
  eden space 1336896K, 99% used [0x00000007aacb0000,0x00000007fc479b98,0x00000007fc640000)
  from space 27584K, 0% used [0x00000007fe270000,0x00000007fe270000,0x00000007ffd60000)
  to   space 28864K, 0% used [0x00000007fc640000,0x00000007fc640000,0x00000007fe270000)
 ParOldGen       total 175360K, used 38170K [0x0000000700600000, 0x000000070b140000, 0x00000007aacb0000)
  object space 175360K, 21% used [0x0000000700600000,0x0000000702b469d0,0x000000070b140000)
 PSPermGen       total 41024K, used 18136K [0x00000006fb400000, 0x00000006fdc10000, 0x0000000700600000)
  object space 41024K, 44% used [0x00000006fb400000,0x00000006fc5b6158,0x00000006fdc10000)
Event: 19.789 GC heap after
Heap after GC invocations=15 (full 2):
 PSYoungGen      total 1365760K, used 17152K [0x00000007aacb0000, 0x0000000800000000, 0x0000000800000000)
  eden space 1336896K, 0% used [0x00000007aacb0000,0x00000007aacb0000,0x00000007fc640000)
  from space 28864K, 59% used [0x00000007fc640000,0x00000007fd7003e0,0x00000007fe270000)
  to   space 29184K, 0% used [0x00000007fe380000,0x00000007fe380000,0x0000000800000000)
 ParOldGen       total 175360K, used 38170K [0x0000000700600000, 0x000000070b140000, 0x00000007aacb0000)
  object space 175360K, 21% used [0x0000000700600000,0x0000000702b469d0,0x000000070b140000)
 PSPermGen       total 41024K, used 18136K [0x00000006fb400000, 0x00000006fdc10000, 0x0000000700600000)
  object space 41024K, 44% used [0x00000006fb400000,0x00000006fc5b6158,0x00000006fdc10000)
}

