# JRE version: 7.0_07-b11
# Java VM: Java HotSpot(TM) 64-Bit Server VM (23.3-b01 mixed mode windows-amd64 compressed oops)
Heap
 PSYoungGen      total 561024K, used 524110K [0x00000007aacb0000, 0x00000007cfff0000, 0x0000000800000000)
  eden space 516736K, 95% used [0x00000007aacb0000,0x00000007c907c670,0x00000007ca550000)
  from space 44288K, 64% used [0x00000007cd1f0000,0x00000007cedf72a0,0x00000007cfd30000)
  to   space 45696K, 0% used [0x00000007ca550000,0x00000007ca550000,0x00000007cd1f0000)
 ParOldGen       total 174528K, used 64561K [0x0000000700600000, 0x000000070b070000, 0x00000007aacb0000)
  object space 174528K, 36% used [0x0000000700600000,0x000000070450c680,0x000000070b070000)
 PSPermGen       total 21248K, used 18039K [0x00000006fb400000, 0x00000006fc8c0000, 0x0000000700600000)
  object space 21248K, 84% used [0x00000006fb400000,0x00000006fc59ddd8,0x00000006fc8c0000)
GC Heap History (10 events):
Event: 5.801 GC heap before
{Heap before GC invocations=4 (full 0):
 PSYoungGen      total 76352K, used 72960K [0x00000007aacb0000, 0x00000007b41d0000, 0x0000000800000000)
  eden space 65472K, 98% used [0x00000007aacb0000,0x00000007aebcc1f0,0x00000007aeca0000)
  from space 10880K, 76% used [0x00000007aeca0000,0x00000007af4c3e68,0x00000007af740000)
  to   space 10880K, 0% used [0x00000007b3730000,0x00000007b3730000,0x00000007b41d0000)
 ParOldGen       total 174528K, used 34709K [0x0000000700600000, 0x000000070b070000, 0x00000007aacb0000)
  object space 174528K, 19% used [0x0000000700600000,0x00000007027e5468,0x000000070b070000)
 PSPermGen       total 21248K, used 17983K [0x00000006fb400000, 0x00000006fc8c0000, 0x0000000700600000)
  object space 21248K, 84% used [0x00000006fb400000,0x00000006fc58fd40,0x00000006fc8c0000)
Event: 5.811 GC heap after
Heap after GC invocations=4 (full 0):
 PSYoungGen      total 141824K, used 8303K [0x00000007aacb0000, 0x00000007b41d0000, 0x0000000800000000)
  eden space 130944K, 0% used [0x00000007aacb0000,0x00000007aacb0000,0x00000007b2c90000)
  from space 10880K, 76% used [0x00000007b3730000,0x00000007b3f4be68,0x00000007b41d0000)
  to   space 10880K, 0% used [0x00000007b2c90000,0x00000007b2c90000,0x00000007b3730000)
 ParOldGen       total 174528K, used 59768K [0x0000000700600000, 0x000000070b070000, 0x00000007aacb0000)
  object space 174528K, 34% used [0x0000000700600000,0x000000070405e238,0x000000070b070000)
 PSPermGen       total 21248K, used 17983K [0x00000006fb400000, 0x00000006fc8c0000, 0x0000000700600000)
  object space 21248K, 84% used [0x00000006fb400000,0x00000006fc58fd40,0x00000006fc8c0000)
}
Event: 6.390 GC heap before
{Heap before GC invocations=5 (full 0):
 PSYoungGen      total 141824K, used 137217K [0x00000007aacb0000, 0x00000007b41d0000, 0x0000000800000000)
  eden space 130944K, 98% used [0x00000007aacb0000,0x00000007b2a94638,0x00000007b2c90000)
  from space 10880K, 76% used [0x00000007b3730000,0x00000007b3f4be68,0x00000007b41d0000)
  to   space 10880K, 0% used [0x00000007b2c90000,0x00000007b2c90000,0x00000007b3730000)
 ParOldGen       total 174528K, used 59768K [0x0000000700600000, 0x000000070b070000, 0x00000007aacb0000)
  object space 174528K, 34% used [0x0000000700600000,0x000000070405e238,0x000000070b070000)
 PSPermGen       total 21248K, used 17986K [0x00000006fb400000, 0x00000006fc8c0000, 0x0000000700600000)
  object space 21248K, 84% used [0x00000006fb400000,0x00000006fc590ad0,0x00000006fc8c0000)
Event: 6.396 GC heap after
Heap after GC invocations=5 (full 0):
 PSYoungGen      total 141824K, used 8287K [0x00000007aacb0000, 0x00000007bf870000, 0x0000000800000000)
  eden space 130944K, 0% used [0x00000007aacb0000,0x00000007aacb0000,0x00000007b2c90000)
  from space 10880K, 76% used [0x00000007b2c90000,0x00000007b34a7e78,0x00000007b3730000)
  to   space 38912K, 0% used [0x00000007bd270000,0x00000007bd270000,0x00000007bf870000)
 ParOldGen       total 174528K, used 59768K [0x0000000700600000, 0x000000070b070000, 0x00000007aacb0000)
  object space 174528K, 34% used [0x0000000700600000,0x000000070405e238,0x000000070b070000)
 PSPermGen       total 21248K, used 17986K [0x00000006fb400000, 0x00000006fc8c0000, 0x0000000700600000)
  object space 21248K, 84% used [0x00000006fb400000,0x00000006fc590ad0,0x00000006fc8c0000)
}
Event: 6.901 GC heap before
{Heap before GC invocations=6 (full 0):
 PSYoungGen      total 141824K, used 139139K [0x00000007aacb0000, 0x00000007bf870000, 0x0000000800000000)
  eden space 130944K, 99% used [0x00000007aacb0000,0x00000007b2c790f0,0x00000007b2c90000)
  from space 10880K, 76% used [0x00000007b2c90000,0x00000007b34a7e78,0x00000007b3730000)
  to   space 38912K, 0% used [0x00000007bd270000,0x00000007bd270000,0x00000007bf870000)
 ParOldGen       total 174528K, used 59768K [0x0000000700600000, 0x000000070b070000, 0x00000007aacb0000)
  object space 174528K, 34% used [0x0000000700600000,0x000000070405e238,0x000000070b070000)
 PSPermGen       total 21248K, used 17988K [0x00000006fb400000, 0x00000006fc8c0000, 0x0000000700600000)
  object space 21248K, 84% used [0x00000006fb400000,0x00000006fc591050,0x00000006fc8c0000)
Event: 6.909 GC heap after
Heap after GC invocations=6 (full 0):
 PSYoungGen      total 297984K, used 26543K [0x00000007aacb0000, 0x00000007bfdf0000, 0x0000000800000000)
  eden space 259072K, 0% used [0x00000007aacb0000,0x00000007aacb0000,0x00000007ba9b0000)
  from space 38912K, 68% used [0x00000007bd270000,0x00000007bec5bdc0,0x00000007bf870000)
  to   space 41728K, 0% used [0x00000007ba9b0000,0x00000007ba9b0000,0x00000007bd270000)
 ParOldGen       total 174528K, used 59768K [0x0000000700600000, 0x000000070b070000, 0x00000007aacb0000)
  object space 174528K, 34% used [0x0000000700600000,0x000000070405e238,0x000000070b070000)
 PSPermGen       total 21248K, used 17988K [0x00000006fb400000, 0x00000006fc8c0000, 0x0000000700600000)
  object space 21248K, 84% used [0x00000006fb400000,0x00000006fc591050,0x00000006fc8c0000)
}
Event: 8.057 GC heap before
{Heap before GC invocations=7 (full 0):
 PSYoungGen      total 297984K, used 284624K [0x00000007aacb0000, 0x00000007bfdf0000, 0x0000000800000000)
  eden space 259072K, 99% used [0x00000007aacb0000,0x00000007ba8b8638,0x00000007ba9b0000)
  from space 38912K, 68% used [0x00000007bd270000,0x00000007bec5bdc0,0x00000007bf870000)
  to   space 41728K, 0% used [0x00000007ba9b0000,0x00000007ba9b0000,0x00000007bd270000)
 ParOldGen       total 174528K, used 59768K [0x0000000700600000, 0x000000070b070000, 0x00000007aacb0000)
  object space 174528K, 34% used [0x0000000700600000,0x000000070405e238,0x000000070b070000)
 PSPermGen       total 21248K, used 17989K [0x00000006fb400000, 0x00000006fc8c0000, 0x0000000700600000)
  object space 21248K, 84% used [0x00000006fb400000,0x00000006fc5916a0,0x00000006fc8c0000)
Event: 8.067 GC heap after
Heap after GC invocations=7 (full 0):
 PSYoungGen      total 300800K, used 28764K [0x00000007aacb0000, 0x00000007cfd30000, 0x0000000800000000)
  eden space 259072K, 0% used [0x00000007aacb0000,0x00000007aacb0000,0x00000007ba9b0000)
  from space 41728K, 68% used [0x00000007ba9b0000,0x00000007bc5c72a0,0x00000007bd270000)
  to   space 44288K, 0% used [0x00000007cd1f0000,0x00000007cd1f0000,0x00000007cfd30000)
 ParOldGen       total 174528K, used 64545K [0x0000000700600000, 0x000000070b070000, 0x00000007aacb0000)
  object space 174528K, 36% used [0x0000000700600000,0x0000000704508680,0x000000070b070000)
 PSPermGen       total 21248K, used 17989K [0x00000006fb400000, 0x00000006fc8c0000, 0x0000000700600000)
  object space 21248K, 84% used [0x00000006fb400000,0x00000006fc5916a0,0x00000006fc8c0000)
}
Event: 9.142 GC heap before
{Heap before GC invocations=8 (full 0):
 PSYoungGen      total 300800K, used 286018K [0x00000007aacb0000, 0x00000007cfd30000, 0x0000000800000000)
  eden space 259072K, 99% used [0x00000007aacb0000,0x00000007ba7e9930,0x00000007ba9b0000)
  from space 41728K, 68% used [0x00000007ba9b0000,0x00000007bc5c72a0,0x00000007bd270000)
  to   space 44288K, 0% used [0x00000007cd1f0000,0x00000007cd1f0000,0x00000007cfd30000)
 ParOldGen       total 174528K, used 64545K [0x0000000700600000, 0x000000070b070000, 0x00000007aacb0000)
  object space 174528K, 36% used [0x0000000700600000,0x0000000704508680,0x000000070b070000)
 PSPermGen       total 21248K, used 17991K [0x00000006fb400000, 0x00000006fc8c0000, 0x0000000700600000)
  object space 21248K, 84% used [0x00000006fb400000,0x00000006fc591df0,0x00000006fc8c0000)
Event: 9.150 GC heap after
Heap after GC invocations=8 (full 0):
 PSYoungGen      total 561024K, used 28700K [0x00000007aacb0000, 0x00000007cfff0000, 0x0000000800000000)
  eden space 516736K, 0% used [0x00000007aacb0000,0x00000007aacb0000,0x00000007ca550000)
  from space 44288K, 64% used [0x00000007cd1f0000,0x00000007cedf72a0,0x00000007cfd30000)
  to   space 45696K, 0% used [0x00000007ca550000,0x00000007ca550000,0x00000007cd1f0000)
 ParOldGen       total 174528K, used 64561K [0x0000000700600000, 0x000000070b070000, 0x00000007aacb0000)
  object space 174528K, 36% used [0x0000000700600000,0x000000070450c680,0x000000070b070000)
 PSPermGen       total 21248K, used 17991K [0x00000006fb400000, 0x00000006fc8c0000, 0x0000000700600000)
  object space 21248K, 84% used [0x00000006fb400000,0x00000006fc591df0,0x00000006fc8c0000)
}

