# JRE version: 7.0_07-b11
# Java VM: Java HotSpot(TM) 64-Bit Server VM (23.3-b01 mixed mode windows-amd64 compressed oops)
Heap
 PSYoungGen      total 450624K, used 139426K [0x00000007aacb0000, 0x00000007ccfe0000, 0x0000000800000000)
  eden space 415616K, 25% used [0x00000007aacb0000,0x00000007b12b05d0,0x00000007c4290000)
  from space 35008K, 99% used [0x00000007cadb0000,0x00000007ccfd85a8,0x00000007ccfe0000)
  to   space 51520K, 0% used [0x00000007c6b40000,0x00000007c6b40000,0x00000007c9d90000)
 ParOldGen       total 305984K, used 297328K [0x0000000700600000, 0x00000007130d0000, 0x00000007aacb0000)
  object space 305984K, 97% used [0x0000000700600000,0x000000071285c0d8,0x00000007130d0000)
 PSPermGen       total 26240K, used 18191K [0x00000006fb400000, 0x00000006fcda0000, 0x0000000700600000)
  object space 26240K, 69% used [0x00000006fb400000,0x00000006fc5c3c10,0x00000006fcda0000)
GC Heap History (10 events):
Event: 311.774 GC heap before
{Heap before GC invocations=309 (full 11):
 PSYoungGen      total 536640K, used 520564K [0x00000007aacb0000, 0x00000007d35d0000, 0x0000000800000000)
  eden space 489664K, 99% used [0x00000007aacb0000,0x00000007c86d24f8,0x00000007c8ae0000)
  from space 46976K, 74% used [0x00000007c8ae0000,0x00000007cad1ac60,0x00000007cb8c0000)
  to   space 48448K, 0% used [0x00000007d0680000,0x00000007d0680000,0x00000007d35d0000)
 ParOldGen       total 305984K, used 209705K [0x0000000700600000, 0x00000007130d0000, 0x00000007aacb0000)
  object space 305984K, 68% used [0x0000000700600000,0x000000070d2ca4d8,0x00000007130d0000)
 PSPermGen       total 26240K, used 18183K [0x00000006fb400000, 0x00000006fcda0000, 0x0000000700600000)
  object space 26240K, 69% used [0x00000006fb400000,0x00000006fc5c1f98,0x00000006fcda0000)
Event: 311.779 GC heap after
Heap after GC invocations=309 (full 11):
 PSYoungGen      total 492416K, used 18915K [0x00000007aacb0000, 0x00000007d1900000, 0x0000000800000000)
  eden space 473472K, 0% used [0x00000007aacb0000,0x00000007aacb0000,0x00000007c7b10000)
  from space 18944K, 99% used [0x00000007d0680000,0x00000007d18f8c60,0x00000007d1900000)
  to   space 47424K, 0% used [0x00000007cbc60000,0x00000007cbc60000,0x00000007ceab0000)
 ParOldGen       total 305984K, used 209729K [0x0000000700600000, 0x00000007130d0000, 0x00000007aacb0000)
  object space 305984K, 68% used [0x0000000700600000,0x000000070d2d04d8,0x00000007130d0000)
 PSPermGen       total 26240K, used 18183K [0x00000006fb400000, 0x00000006fcda0000, 0x0000000700600000)
  object space 26240K, 69% used [0x00000006fb400000,0x00000006fc5c1f98,0x00000006fcda0000)
}
Event: 312.649 GC heap before
{Heap before GC invocations=310 (full 11):
 PSYoungGen      total 492416K, used 492212K [0x00000007aacb0000, 0x00000007d1900000, 0x0000000800000000)
  eden space 473472K, 99% used [0x00000007aacb0000,0x00000007c7ae4470,0x00000007c7b10000)
  from space 18944K, 99% used [0x00000007d0680000,0x00000007d18f8c60,0x00000007d1900000)
  to   space 47424K, 0% used [0x00000007cbc60000,0x00000007cbc60000,0x00000007ceab0000)
 ParOldGen       total 305984K, used 209729K [0x0000000700600000, 0x00000007130d0000, 0x00000007aacb0000)
  object space 305984K, 68% used [0x0000000700600000,0x000000070d2d04d8,0x00000007130d0000)
 PSPermGen       total 26240K, used 18183K [0x00000006fb400000, 0x00000006fcda0000, 0x0000000700600000)
  object space 26240K, 69% used [0x00000006fb400000,0x00000006fc5c1f98,0x00000006fcda0000)
Event: 312.658 GC heap after
Heap after GC invocations=310 (full 11):
 PSYoungGen      total 492992K, used 34913K [0x00000007aacb0000, 0x00000007d0690000, 0x0000000800000000)
  eden space 458048K, 0% used [0x00000007aacb0000,0x00000007aacb0000,0x00000007c6c00000)
  from space 34944K, 99% used [0x00000007cbc60000,0x00000007cde78588,0x00000007cde80000)
  to   space 41024K, 0% used [0x00000007cde80000,0x00000007cde80000,0x00000007d0690000)
 ParOldGen       total 305984K, used 209753K [0x0000000700600000, 0x00000007130d0000, 0x00000007aacb0000)
  object space 305984K, 68% used [0x0000000700600000,0x000000070d2d64d8,0x00000007130d0000)
 PSPermGen       total 26240K, used 18183K [0x00000006fb400000, 0x00000006fcda0000, 0x0000000700600000)
  object space 26240K, 69% used [0x00000006fb400000,0x00000006fc5c1f98,0x00000006fcda0000)
}
Event: 313.556 GC heap before
{Heap before GC invocations=311 (full 11):
 PSYoungGen      total 492992K, used 492848K [0x00000007aacb0000, 0x00000007d0690000, 0x0000000800000000)
  eden space 458048K, 99% used [0x00000007aacb0000,0x00000007c6be3e30,0x00000007c6c00000)
  from space 34944K, 99% used [0x00000007cbc60000,0x00000007cde78588,0x00000007cde80000)
  to   space 41024K, 0% used [0x00000007cde80000,0x00000007cde80000,0x00000007d0690000)
 ParOldGen       total 305984K, used 211778K [0x0000000700600000, 0x00000007130d0000, 0x00000007aacb0000)
  object space 305984K, 69% used [0x0000000700600000,0x000000070d4d08e8,0x00000007130d0000)
 PSPermGen       total 26240K, used 18183K [0x00000006fb400000, 0x00000006fcda0000, 0x0000000700600000)
  object space 26240K, 69% used [0x00000006fb400000,0x00000006fc5c1fb8,0x00000006fcda0000)
Event: 313.563 GC heap after
Heap after GC invocations=311 (full 11):
 PSYoungGen      total 472640K, used 29315K [0x00000007aacb0000, 0x00000007cfb30000, 0x0000000800000000)
  eden space 443264K, 0% used [0x00000007aacb0000,0x00000007aacb0000,0x00000007c5d90000)
  from space 29376K, 99% used [0x00000007cde80000,0x00000007cfb20e00,0x00000007cfb30000)
  to   space 47616K, 0% used [0x00000007c9e30000,0x00000007c9e30000,0x00000007cccb0000)
 ParOldGen       total 305984K, used 211786K [0x0000000700600000, 0x00000007130d0000, 0x00000007aacb0000)
  object space 305984K, 69% used [0x0000000700600000,0x000000070d4d28e8,0x00000007130d0000)
 PSPermGen       total 26240K, used 18183K [0x00000006fb400000, 0x00000006fcda0000, 0x0000000700600000)
  object space 26240K, 69% used [0x00000006fb400000,0x00000006fc5c1fb8,0x00000006fcda0000)
}
Event: 314.591 GC heap before
{Heap before GC invocations=312 (full 11):
 PSYoungGen      total 472640K, used 472579K [0x00000007aacb0000, 0x00000007cfb30000, 0x0000000800000000)
  eden space 443264K, 100% used [0x00000007aacb0000,0x00000007c5d90000,0x00000007c5d90000)
  from space 29376K, 99% used [0x00000007cde80000,0x00000007cfb20e00,0x00000007cfb30000)
  to   space 47616K, 0% used [0x00000007c9e30000,0x00000007c9e30000,0x00000007cccb0000)
 ParOldGen       total 305984K, used 297280K [0x0000000700600000, 0x00000007130d0000, 0x00000007aacb0000)
  object space 305984K, 97% used [0x0000000700600000,0x00000007128500d8,0x00000007130d0000)
 PSPermGen       total 26240K, used 18183K [0x00000006fb400000, 0x00000006fcda0000, 0x0000000700600000)
  object space 26240K, 69% used [0x00000006fb400000,0x00000006fc5c1fb8,0x00000006fcda0000)
Event: 314.594 GC heap after
Heap after GC invocations=312 (full 11):
 PSYoungGen      total 429312K, used 160K [0x00000007aacb0000, 0x00000007cde90000, 0x0000000800000000)
  eden space 429120K, 0% used [0x00000007aacb0000,0x00000007aacb0000,0x00000007c4fc0000)
  from space 192K, 83% used [0x00000007c9e30000,0x00000007c9e58000,0x00000007c9e60000)
  to   space 50048K, 0% used [0x00000007cadb0000,0x00000007cadb0000,0x00000007cde90000)
 ParOldGen       total 305984K, used 297304K [0x0000000700600000, 0x00000007130d0000, 0x00000007aacb0000)
  object space 305984K, 97% used [0x0000000700600000,0x00000007128560d8,0x00000007130d0000)
 PSPermGen       total 26240K, used 18183K [0x00000006fb400000, 0x00000006fcda0000, 0x0000000700600000)
  object space 26240K, 69% used [0x00000006fb400000,0x00000006fc5c1fb8,0x00000006fcda0000)
}
Event: 315.528 GC heap before
{Heap before GC invocations=313 (full 11):
 PSYoungGen      total 429312K, used 427200K [0x00000007aacb0000, 0x00000007cde90000, 0x0000000800000000)
  eden space 429120K, 99% used [0x00000007aacb0000,0x00000007c4db8228,0x00000007c4fc0000)
  from space 192K, 83% used [0x00000007c9e30000,0x00000007c9e58000,0x00000007c9e60000)
  to   space 50048K, 0% used [0x00000007cadb0000,0x00000007cadb0000,0x00000007cde90000)
 ParOldGen       total 305984K, used 297304K [0x0000000700600000, 0x00000007130d0000, 0x00000007aacb0000)
  object space 305984K, 97% used [0x0000000700600000,0x00000007128560d8,0x00000007130d0000)
 PSPermGen       total 26240K, used 18191K [0x00000006fb400000, 0x00000006fcda0000, 0x0000000700600000)
  object space 26240K, 69% used [0x00000006fb400000,0x00000006fc5c3c10,0x00000006fcda0000)
Event: 315.535 GC heap after
Heap after GC invocations=313 (full 11):
 PSYoungGen      total 450624K, used 34977K [0x00000007aacb0000, 0x00000007ccfe0000, 0x0000000800000000)
  eden space 415616K, 0% used [0x00000007aacb0000,0x00000007aacb0000,0x00000007c4290000)
  from space 35008K, 99% used [0x00000007cadb0000,0x00000007ccfd85a8,0x00000007ccfe0000)
  to   space 51520K, 0% used [0x00000007c6b40000,0x00000007c6b40000,0x00000007c9d90000)
 ParOldGen       total 305984K, used 297328K [0x0000000700600000, 0x00000007130d0000, 0x00000007aacb0000)
  object space 305984K, 97% used [0x0000000700600000,0x000000071285c0d8,0x00000007130d0000)
 PSPermGen       total 26240K, used 18191K [0x00000006fb400000, 0x00000006fcda0000, 0x0000000700600000)
  object space 26240K, 69% used [0x00000006fb400000,0x00000006fc5c3c10,0x00000006fcda0000)
}

