# JRE version: 7.0_07-b11
# Java VM: Java HotSpot(TM) 64-Bit Server VM (23.3-b01 mixed mode windows-amd64 compressed oops)
Heap
 PSYoungGen      total 183232K, used 106548K [0x00000007aacb0000, 0x00000007b8720000, 0x0000000800000000)
  eden space 153792K, 57% used [0x00000007aacb0000,0x00000007b02c8ed0,0x00000007b42e0000)
  from space 29440K, 62% used [0x00000007b6080000,0x00000007b7274430,0x00000007b7d40000)
  to   space 30336K, 0% used [0x00000007b42e0000,0x00000007b42e0000,0x00000007b6080000)
 ParOldGen       total 144192K, used 85126K [0x0000000700600000, 0x00000007092d0000, 0x00000007aacb0000)
  object space 144192K, 59% used [0x0000000700600000,0x0000000705921a20,0x00000007092d0000)
 PSPermGen       total 36160K, used 17827K [0x00000006fb400000, 0x00000006fd750000, 0x0000000700600000)
  object space 36160K, 49% used [0x00000006fb400000,0x00000006fc568cf0,0x00000006fd750000)
GC Heap History (10 events):
Event: 7.497 GC heap before
{Heap before GC invocations=3 (full 1):
 PSYoungGen      total 76352K, used 75178K [0x00000007aacb0000, 0x00000007b01e0000, 0x0000000800000000)
  eden space 65472K, 98% used [0x00000007aacb0000,0x00000007aeb80598,0x00000007aeca0000)
  from space 10880K, 99% used [0x00000007af740000,0x00000007b01da390,0x00000007b01e0000)
  to   space 10880K, 0% used [0x00000007aeca0000,0x00000007aeca0000,0x00000007af740000)
 ParOldGen       total 413312K, used 408432K [0x0000000700600000, 0x00000007199a0000, 0x00000007aacb0000)
  object space 413312K, 98% used [0x0000000700600000,0x00000007194dc0c8,0x00000007199a0000)
 PSPermGen       total 21248K, used 17808K [0x00000006fb400000, 0x00000006fc8c0000, 0x0000000700600000)
  object space 21248K, 83% used [0x00000006fb400000,0x00000006fc564238,0x00000006fc8c0000)
Event: 7.556 GC heap after
Heap after GC invocations=3 (full 1):
 PSYoungGen      total 76352K, used 0K [0x00000007aacb0000, 0x00000007b01e0000, 0x0000000800000000)
  eden space 65472K, 0% used [0x00000007aacb0000,0x00000007aacb0000,0x00000007aeca0000)
  from space 10880K, 0% used [0x00000007af740000,0x00000007af740000,0x00000007b01e0000)
  to   space 10880K, 0% used [0x00000007aeca0000,0x00000007aeca0000,0x00000007af740000)
 ParOldGen       total 144192K, used 30451K [0x0000000700600000, 0x00000007092d0000, 0x00000007aacb0000)
  object space 144192K, 21% used [0x0000000700600000,0x00000007023bcd90,0x00000007092d0000)
 PSPermGen       total 36160K, used 17801K [0x00000006fb400000, 0x00000006fd750000, 0x0000000700600000)
  object space 36160K, 49% used [0x00000006fb400000,0x00000006fc5627c0,0x00000006fd750000)
}
Event: 7.960 GC heap before
{Heap before GC invocations=4 (full 1):
 PSYoungGen      total 76352K, used 61769K [0x00000007aacb0000, 0x00000007b01e0000, 0x0000000800000000)
  eden space 65472K, 94% used [0x00000007aacb0000,0x00000007ae9025c8,0x00000007aeca0000)
  from space 10880K, 0% used [0x00000007af740000,0x00000007af740000,0x00000007b01e0000)
  to   space 10880K, 0% used [0x00000007aeca0000,0x00000007aeca0000,0x00000007af740000)
 ParOldGen       total 144192K, used 30451K [0x0000000700600000, 0x00000007092d0000, 0x00000007aacb0000)
  object space 144192K, 21% used [0x0000000700600000,0x00000007023bcd90,0x00000007092d0000)
 PSPermGen       total 36160K, used 17802K [0x00000006fb400000, 0x00000006fd750000, 0x0000000700600000)
  object space 36160K, 49% used [0x00000006fb400000,0x00000006fc562930,0x00000006fd750000)
Event: 7.966 GC heap after
Heap after GC invocations=4 (full 1):
 PSYoungGen      total 76352K, used 6299K [0x00000007aacb0000, 0x00000007b23e0000, 0x0000000800000000)
  eden space 65472K, 0% used [0x00000007aacb0000,0x00000007aacb0000,0x00000007aeca0000)
  from space 10880K, 57% used [0x00000007aeca0000,0x00000007af2c6c10,0x00000007af740000)
  to   space 10880K, 0% used [0x00000007b1940000,0x00000007b1940000,0x00000007b23e0000)
 ParOldGen       total 144192K, used 60826K [0x0000000700600000, 0x00000007092d0000, 0x00000007aacb0000)
  object space 144192K, 42% used [0x0000000700600000,0x00000007041669e0,0x00000007092d0000)
 PSPermGen       total 36160K, used 17802K [0x00000006fb400000, 0x00000006fd750000, 0x0000000700600000)
  object space 36160K, 49% used [0x00000006fb400000,0x00000006fc562930,0x00000006fd750000)
}
Event: 8.296 GC heap before
{Heap before GC invocations=5 (full 1):
 PSYoungGen      total 76352K, used 67719K [0x00000007aacb0000, 0x00000007b23e0000, 0x0000000800000000)
  eden space 65472K, 93% used [0x00000007aacb0000,0x00000007ae8ab120,0x00000007aeca0000)
  from space 10880K, 57% used [0x00000007aeca0000,0x00000007af2c6c10,0x00000007af740000)
  to   space 10880K, 0% used [0x00000007b1940000,0x00000007b1940000,0x00000007b23e0000)
 ParOldGen       total 144192K, used 60826K [0x0000000700600000, 0x00000007092d0000, 0x00000007aacb0000)
  object space 144192K, 42% used [0x0000000700600000,0x00000007041669e0,0x00000007092d0000)
 PSPermGen       total 36160K, used 17802K [0x00000006fb400000, 0x00000006fd750000, 0x0000000700600000)
  object space 36160K, 49% used [0x00000006fb400000,0x00000006fc562a20,0x00000006fd750000)
Event: 8.299 GC heap after
Heap after GC invocations=5 (full 1):
 PSYoungGen      total 111168K, used 6267K [0x00000007aacb0000, 0x00000007b2590000, 0x0000000800000000)
  eden space 100288K, 0% used [0x00000007aacb0000,0x00000007aacb0000,0x00000007b0ea0000)
  from space 10880K, 57% used [0x00000007b1940000,0x00000007b1f5ec10,0x00000007b23e0000)
  to   space 10880K, 0% used [0x00000007b0ea0000,0x00000007b0ea0000,0x00000007b1940000)
 ParOldGen       total 144192K, used 72976K [0x0000000700600000, 0x00000007092d0000, 0x00000007aacb0000)
  object space 144192K, 50% used [0x0000000700600000,0x0000000704d44200,0x00000007092d0000)
 PSPermGen       total 36160K, used 17802K [0x00000006fb400000, 0x00000006fd750000, 0x0000000700600000)
  object space 36160K, 49% used [0x00000006fb400000,0x00000006fc562a20,0x00000006fd750000)
}
Event: 8.811 GC heap before
{Heap before GC invocations=6 (full 1):
 PSYoungGen      total 111168K, used 104584K [0x00000007aacb0000, 0x00000007b2590000, 0x0000000800000000)
  eden space 100288K, 98% used [0x00000007aacb0000,0x00000007b0cb3428,0x00000007b0ea0000)
  from space 10880K, 57% used [0x00000007b1940000,0x00000007b1f5ec10,0x00000007b23e0000)
  to   space 10880K, 0% used [0x00000007b0ea0000,0x00000007b0ea0000,0x00000007b1940000)
 ParOldGen       total 144192K, used 72976K [0x0000000700600000, 0x00000007092d0000, 0x00000007aacb0000)
  object space 144192K, 50% used [0x0000000700600000,0x0000000704d44200,0x00000007092d0000)
 PSPermGen       total 36160K, used 17802K [0x00000006fb400000, 0x00000006fd750000, 0x0000000700600000)
  object space 36160K, 49% used [0x00000006fb400000,0x00000006fc562be8,0x00000006fd750000)
Event: 8.814 GC heap after
Heap after GC invocations=6 (full 1):
 PSYoungGen      total 111168K, used 6267K [0x00000007aacb0000, 0x00000007b7d40000, 0x0000000800000000)
  eden space 100288K, 0% used [0x00000007aacb0000,0x00000007aacb0000,0x00000007b0ea0000)
  from space 10880K, 57% used [0x00000007b0ea0000,0x00000007b14bec10,0x00000007b1940000)
  to   space 29440K, 0% used [0x00000007b6080000,0x00000007b6080000,0x00000007b7d40000)
 ParOldGen       total 144192K, used 85126K [0x0000000700600000, 0x00000007092d0000, 0x00000007aacb0000)
  object space 144192K, 59% used [0x0000000700600000,0x0000000705921a20,0x00000007092d0000)
 PSPermGen       total 36160K, used 17802K [0x00000006fb400000, 0x00000006fd750000, 0x0000000700600000)
  object space 36160K, 49% used [0x00000006fb400000,0x00000006fc562be8,0x00000006fd750000)
}
Event: 9.087 GC heap before
{Heap before GC invocations=7 (full 1):
 PSYoungGen      total 111168K, used 104074K [0x00000007aacb0000, 0x00000007b7d40000, 0x0000000800000000)
  eden space 100288K, 97% used [0x00000007aacb0000,0x00000007b0c33d40,0x00000007b0ea0000)
  from space 10880K, 57% used [0x00000007b0ea0000,0x00000007b14bec10,0x00000007b1940000)
  to   space 29440K, 0% used [0x00000007b6080000,0x00000007b6080000,0x00000007b7d40000)
 ParOldGen       total 144192K, used 85126K [0x0000000700600000, 0x00000007092d0000, 0x00000007aacb0000)
  object space 144192K, 59% used [0x0000000700600000,0x0000000705921a20,0x00000007092d0000)
 PSPermGen       total 36160K, used 17802K [0x00000006fb400000, 0x00000006fd750000, 0x0000000700600000)
  object space 36160K, 49% used [0x00000006fb400000,0x00000006fc562be8,0x00000006fd750000)
Event: 9.092 GC heap after
Heap after GC invocations=7 (full 1):
 PSYoungGen      total 183232K, used 18385K [0x00000007aacb0000, 0x00000007b8720000, 0x0000000800000000)
  eden space 153792K, 0% used [0x00000007aacb0000,0x00000007aacb0000,0x00000007b42e0000)
  from space 29440K, 62% used [0x00000007b6080000,0x00000007b7274430,0x00000007b7d40000)
  to   space 30336K, 0% used [0x00000007b42e0000,0x00000007b42e0000,0x00000007b6080000)
 ParOldGen       total 144192K, used 85126K [0x0000000700600000, 0x00000007092d0000, 0x00000007aacb0000)
  object space 144192K, 59% used [0x0000000700600000,0x0000000705921a20,0x00000007092d0000)
 PSPermGen       total 36160K, used 17802K [0x00000006fb400000, 0x00000006fd750000, 0x0000000700600000)
  object space 36160K, 49% used [0x00000006fb400000,0x00000006fc562be8,0x00000006fd750000)
}

