# JRE version: 7.0_07-b11
# Java VM: Java HotSpot(TM) 64-Bit Server VM (23.3-b01 mixed mode windows-amd64 compressed oops)
Heap
 PSYoungGen      total 297344K, used 107524K [0x00000007aacb0000, 0x00000007bf340000, 0x0000000800000000)
  eden space 266688K, 28% used [0x00000007aacb0000,0x00000007af7cf638,0x00000007bb120000)
  from space 30656K, 99% used [0x00000007bbb70000,0x00000007bd951c50,0x00000007bd960000)
  to   space 26496K, 0% used [0x00000007bd960000,0x00000007bd960000,0x00000007bf340000)
 ParOldGen       total 140224K, used 35345K [0x0000000700600000, 0x0000000708ef0000, 0x00000007aacb0000)
  object space 140224K, 25% used [0x0000000700600000,0x0000000702884688,0x0000000708ef0000)
 PSPermGen       total 40384K, used 17851K [0x00000006fb400000, 0x00000006fdb70000, 0x0000000700600000)
  object space 40384K, 44% used [0x00000006fb400000,0x00000006fc56ef18,0x00000006fdb70000)
GC Heap History (10 events):
Event: 24.209 GC heap before
{Heap before GC invocations=15 (full 1):
 PSYoungGen      total 330560K, used 328542K [0x00000007aacb0000, 0x00000007c20f0000, 0x0000000800000000)
  eden space 312064K, 99% used [0x00000007aacb0000,0x00000007bdb7b560,0x00000007bdd70000)
  from space 18496K, 99% used [0x00000007be9f0000,0x00000007bfbfc430,0x00000007bfc00000)
  to   space 34560K, 0% used [0x00000007bff30000,0x00000007bff30000,0x00000007c20f0000)
 ParOldGen       total 125504K, used 77926K [0x0000000700600000, 0x0000000708090000, 0x00000007aacb0000)
  object space 125504K, 62% used [0x0000000700600000,0x0000000705219ad0,0x0000000708090000)
 PSPermGen       total 35584K, used 17810K [0x00000006fb400000, 0x00000006fd6c0000, 0x0000000700600000)
  object space 35584K, 50% used [0x00000006fb400000,0x00000006fc564a60,0x00000006fd6c0000)
Event: 24.213 GC heap after
Heap after GC invocations=15 (full 1):
 PSYoungGen      total 319616K, used 18449K [0x00000007aacb0000, 0x00000007c1270000, 0x0000000800000000)
  eden space 299904K, 0% used [0x00000007aacb0000,0x00000007aacb0000,0x00000007bd190000)
  from space 19712K, 93% used [0x00000007bff30000,0x00000007c1134430,0x00000007c1270000)
  to   space 33216K, 0% used [0x00000007bd190000,0x00000007bd190000,0x00000007bf200000)
 ParOldGen       total 125504K, used 77926K [0x0000000700600000, 0x0000000708090000, 0x00000007aacb0000)
  object space 125504K, 62% used [0x0000000700600000,0x0000000705219ad0,0x0000000708090000)
 PSPermGen       total 35584K, used 17810K [0x00000006fb400000, 0x00000006fd6c0000, 0x0000000700600000)
  object space 35584K, 50% used [0x00000006fb400000,0x00000006fc564a60,0x00000006fd6c0000)
}
Event: 26.322 GC heap before
{Heap before GC invocations=16 (full 1):
 PSYoungGen      total 319616K, used 316316K [0x00000007aacb0000, 0x00000007c1270000, 0x0000000800000000)
  eden space 299904K, 99% used [0x00000007aacb0000,0x00000007bcf92f68,0x00000007bd190000)
  from space 19712K, 93% used [0x00000007bff30000,0x00000007c1134430,0x00000007c1270000)
  to   space 33216K, 0% used [0x00000007bd190000,0x00000007bd190000,0x00000007bf200000)
 ParOldGen       total 125504K, used 77926K [0x0000000700600000, 0x0000000708090000, 0x00000007aacb0000)
  object space 125504K, 62% used [0x0000000700600000,0x0000000705219ad0,0x0000000708090000)
 PSPermGen       total 35584K, used 17812K [0x00000006fb400000, 0x00000006fd6c0000, 0x0000000700600000)
  object space 35584K, 50% used [0x00000006fb400000,0x00000006fc5652b8,0x00000006fd6c0000)
Event: 26.325 GC heap after
Heap after GC invocations=16 (full 1):
 PSYoungGen      total 306752K, used 18417K [0x00000007aacb0000, 0x00000007c04a0000, 0x0000000800000000)
  eden space 288320K, 0% used [0x00000007aacb0000,0x00000007aacb0000,0x00000007bc640000)
  from space 18432K, 99% used [0x00000007bd190000,0x00000007be38c430,0x00000007be390000)
  to   space 31936K, 0% used [0x00000007be570000,0x00000007be570000,0x00000007c04a0000)
 ParOldGen       total 125504K, used 77926K [0x0000000700600000, 0x0000000708090000, 0x00000007aacb0000)
  object space 125504K, 62% used [0x0000000700600000,0x0000000705219ad0,0x0000000708090000)
 PSPermGen       total 35584K, used 17812K [0x00000006fb400000, 0x00000006fd6c0000, 0x0000000700600000)
  object space 35584K, 50% used [0x00000006fb400000,0x00000006fc5652b8,0x00000006fd6c0000)
}
Event: 28.367 GC heap before
{Heap before GC invocations=17 (full 1):
 PSYoungGen      total 306752K, used 304241K [0x00000007aacb0000, 0x00000007c04a0000, 0x0000000800000000)
  eden space 288320K, 99% used [0x00000007aacb0000,0x00000007bc3d0028,0x00000007bc640000)
  from space 18432K, 99% used [0x00000007bd190000,0x00000007be38c430,0x00000007be390000)
  to   space 31936K, 0% used [0x00000007be570000,0x00000007be570000,0x00000007c04a0000)
 ParOldGen       total 125504K, used 84001K [0x0000000700600000, 0x0000000708090000, 0x00000007aacb0000)
  object space 125504K, 66% used [0x0000000700600000,0x00000007058086e0,0x0000000708090000)
 PSPermGen       total 35584K, used 17815K [0x00000006fb400000, 0x00000006fd6c0000, 0x0000000700600000)
  object space 35584K, 50% used [0x00000006fb400000,0x00000006fc565c40,0x00000006fd6c0000)
Event: 28.371 GC heap after
Heap after GC invocations=17 (full 1):
 PSYoungGen      total 295808K, used 18481K [0x00000007aacb0000, 0x00000007bf790000, 0x0000000800000000)
  eden space 277248K, 0% used [0x00000007aacb0000,0x00000007aacb0000,0x00000007bbb70000)
  from space 18560K, 99% used [0x00000007be570000,0x00000007bf77c430,0x00000007bf790000)
  to   space 30784K, 0% used [0x00000007bbb70000,0x00000007bbb70000,0x00000007bd980000)
 ParOldGen       total 125504K, used 84001K [0x0000000700600000, 0x0000000708090000, 0x00000007aacb0000)
  object space 125504K, 66% used [0x0000000700600000,0x00000007058086e0,0x0000000708090000)
 PSPermGen       total 35584K, used 17815K [0x00000006fb400000, 0x00000006fd6c0000, 0x0000000700600000)
  object space 35584K, 50% used [0x00000006fb400000,0x00000006fc565c40,0x00000006fd6c0000)
}
Event: 32.684 GC heap before
{Heap before GC invocations=18 (full 2):
 PSYoungGen      total 295808K, used 292613K [0x00000007aacb0000, 0x00000007bf790000, 0x0000000800000000)
  eden space 277248K, 98% used [0x00000007aacb0000,0x00000007bb8652d0,0x00000007bbb70000)
  from space 18560K, 99% used [0x00000007be570000,0x00000007bf77c430,0x00000007bf790000)
  to   space 30784K, 0% used [0x00000007bbb70000,0x00000007bbb70000,0x00000007bd980000)
 ParOldGen       total 472064K, used 466727K [0x0000000700600000, 0x000000071d300000, 0x00000007aacb0000)
  object space 472064K, 98% used [0x0000000700600000,0x000000071cdc9ed0,0x000000071d300000)
 PSPermGen       total 35584K, used 17824K [0x00000006fb400000, 0x00000006fd6c0000, 0x0000000700600000)
  object space 35584K, 50% used [0x00000006fb400000,0x00000006fc5681b8,0x00000006fd6c0000)
Event: 32.736 GC heap after
Heap after GC invocations=18 (full 2):
 PSYoungGen      total 295808K, used 0K [0x00000007aacb0000, 0x00000007bf790000, 0x0000000800000000)
  eden space 277248K, 0% used [0x00000007aacb0000,0x00000007aacb0000,0x00000007bbb70000)
  from space 18560K, 0% used [0x00000007be570000,0x00000007be570000,0x00000007bf790000)
  to   space 30784K, 0% used [0x00000007bbb70000,0x00000007bbb70000,0x00000007bd980000)
 ParOldGen       total 140224K, used 29270K [0x0000000700600000, 0x0000000708ef0000, 0x00000007aacb0000)
  object space 140224K, 20% used [0x0000000700600000,0x0000000702295a78,0x0000000708ef0000)
 PSPermGen       total 40384K, used 17824K [0x00000006fb400000, 0x00000006fdb70000, 0x0000000700600000)
  object space 40384K, 44% used [0x00000006fb400000,0x00000006fc568108,0x00000006fdb70000)
}
Event: 33.855 GC heap before
{Heap before GC invocations=19 (full 2):
 PSYoungGen      total 295808K, used 273539K [0x00000007aacb0000, 0x00000007bf790000, 0x0000000800000000)
  eden space 277248K, 98% used [0x00000007aacb0000,0x00000007bb7d0f80,0x00000007bbb70000)
  from space 18560K, 0% used [0x00000007be570000,0x00000007be570000,0x00000007bf790000)
  to   space 30784K, 0% used [0x00000007bbb70000,0x00000007bbb70000,0x00000007bd980000)
 ParOldGen       total 140224K, used 29270K [0x0000000700600000, 0x0000000708ef0000, 0x00000007aacb0000)
  object space 140224K, 20% used [0x0000000700600000,0x0000000702295a78,0x0000000708ef0000)
 PSPermGen       total 40384K, used 17827K [0x00000006fb400000, 0x00000006fdb70000, 0x0000000700600000)
  object space 40384K, 44% used [0x00000006fb400000,0x00000006fc568f90,0x00000006fdb70000)
Event: 33.859 GC heap after
Heap after GC invocations=19 (full 2):
 PSYoungGen      total 297344K, used 30599K [0x00000007aacb0000, 0x00000007bf340000, 0x0000000800000000)
  eden space 266688K, 0% used [0x00000007aacb0000,0x00000007aacb0000,0x00000007bb120000)
  from space 30656K, 99% used [0x00000007bbb70000,0x00000007bd951c50,0x00000007bd960000)
  to   space 26496K, 0% used [0x00000007bd960000,0x00000007bd960000,0x00000007bf340000)
 ParOldGen       total 140224K, used 35345K [0x0000000700600000, 0x0000000708ef0000, 0x00000007aacb0000)
  object space 140224K, 25% used [0x0000000700600000,0x0000000702884688,0x0000000708ef0000)
 PSPermGen       total 40384K, used 17827K [0x00000006fb400000, 0x00000006fdb70000, 0x0000000700600000)
  object space 40384K, 44% used [0x00000006fb400000,0x00000006fc568f90,0x00000006fdb70000)
}

