# JRE version: 7.0_07-b11
# Java VM: Java HotSpot(TM) 64-Bit Server VM (23.3-b01 mixed mode windows-amd64 compressed oops)
Heap
 PSYoungGen      total 1352320K, used 396995K [0x00000007aacb0000, 0x00000007fffb0000, 0x0000000800000000)
  eden space 1308544K, 29% used [0x00000007aacb0000,0x00000007c253f7e8,0x00000007faa90000)
  from space 43776K, 26% used [0x00000007fd4f0000,0x00000007fe011780,0x00000007fffb0000)
  to   space 43392K, 0% used [0x00000007faa90000,0x00000007faa90000,0x00000007fd4f0000)
 ParOldGen       total 212544K, used 61913K [0x0000000700600000, 0x000000070d590000, 0x00000007aacb0000)
  object space 212544K, 29% used [0x0000000700600000,0x00000007042767b8,0x000000070d590000)
 PSPermGen       total 40896K, used 18122K [0x00000006fb400000, 0x00000006fdbf0000, 0x0000000700600000)
  object space 40896K, 44% used [0x00000006fb400000,0x00000006fc5b2980,0x00000006fdbf0000)
GC Heap History (10 events):
Event: 13.964 GC heap before
{Heap before GC invocations=12 (full 1):
 PSYoungGen      total 854912K, used 810483K [0x00000007aacb0000, 0x00000007e1df0000, 0x0000000800000000)
  eden space 812608K, 99% used [0x00000007aacb0000,0x00000007dc42ce20,0x00000007dc640000)
  from space 42304K, 0% used [0x00000007df140000,0x00000007df140000,0x00000007e1a90000)
  to   space 44032K, 0% used [0x00000007dc640000,0x00000007dc640000,0x00000007df140000)
 ParOldGen       total 154816K, used 58044K [0x0000000700600000, 0x0000000709d30000, 0x00000007aacb0000)
  object space 154816K, 37% used [0x0000000700600000,0x0000000703eaf148,0x0000000709d30000)
 PSPermGen       total 36672K, used 18055K [0x00000006fb400000, 0x00000006fd7d0000, 0x0000000700600000)
  object space 36672K, 49% used [0x00000006fb400000,0x00000006fc5a1dd0,0x00000006fd7d0000)
Event: 13.972 GC heap after
Heap after GC invocations=12 (full 1):
 PSYoungGen      total 856640K, used 29238K [0x00000007aacb0000, 0x00000007f2d90000, 0x0000000800000000)
  eden space 812608K, 0% used [0x00000007aacb0000,0x00000007aacb0000,0x00000007dc640000)
  from space 44032K, 66% used [0x00000007dc640000,0x00000007de2cdbd0,0x00000007df140000)
  to   space 45248K, 0% used [0x00000007f0160000,0x00000007f0160000,0x00000007f2d90000)
 ParOldGen       total 154816K, used 58044K [0x0000000700600000, 0x0000000709d30000, 0x00000007aacb0000)
  object space 154816K, 37% used [0x0000000700600000,0x0000000703eaf148,0x0000000709d30000)
 PSPermGen       total 36672K, used 18055K [0x00000006fb400000, 0x00000006fd7d0000, 0x0000000700600000)
  object space 36672K, 49% used [0x00000006fb400000,0x00000006fc5a1dd0,0x00000006fd7d0000)
}
Event: 15.638 GC heap before
{Heap before GC invocations=13 (full 1):
 PSYoungGen      total 856640K, used 841846K [0x00000007aacb0000, 0x00000007f2d90000, 0x0000000800000000)
  eden space 812608K, 100% used [0x00000007aacb0000,0x00000007dc640000,0x00000007dc640000)
  from space 44032K, 66% used [0x00000007dc640000,0x00000007de2cdbd0,0x00000007df140000)
  to   space 45248K, 0% used [0x00000007f0160000,0x00000007f0160000,0x00000007f2d90000)
 ParOldGen       total 154816K, used 122972K [0x0000000700600000, 0x0000000709d30000, 0x00000007aacb0000)
  object space 154816K, 79% used [0x0000000700600000,0x0000000707e173f8,0x0000000709d30000)
 PSPermGen       total 36672K, used 18065K [0x00000006fb400000, 0x00000006fd7d0000, 0x0000000700600000)
  object space 36672K, 49% used [0x00000006fb400000,0x00000006fc5a4440,0x00000006fd7d0000)
Event: 15.647 GC heap after
Heap after GC invocations=13 (full 1):
 PSYoungGen      total 1105856K, used 18756K [0x00000007aacb0000, 0x00000007f1d00000, 0x0000000800000000)
  eden space 1077568K, 0% used [0x00000007aacb0000,0x00000007aacb0000,0x00000007ec900000)
  from space 28288K, 66% used [0x00000007f0160000,0x00000007f13b11e0,0x00000007f1d00000)
  to   space 43008K, 0% used [0x00000007ec900000,0x00000007ec900000,0x00000007ef300000)
 ParOldGen       total 154816K, used 141246K [0x0000000700600000, 0x0000000709d30000, 0x00000007aacb0000)
  object space 154816K, 91% used [0x0000000700600000,0x0000000708fef828,0x0000000709d30000)
 PSPermGen       total 36672K, used 18065K [0x00000006fb400000, 0x00000006fd7d0000, 0x0000000700600000)
  object space 36672K, 49% used [0x00000006fb400000,0x00000006fc5a4440,0x00000006fd7d0000)
}
Event: 15.647 GC heap before
{Heap before GC invocations=14 (full 2):
 PSYoungGen      total 1105856K, used 18756K [0x00000007aacb0000, 0x00000007f1d00000, 0x0000000800000000)
  eden space 1077568K, 0% used [0x00000007aacb0000,0x00000007aacb0000,0x00000007ec900000)
  from space 28288K, 66% used [0x00000007f0160000,0x00000007f13b11e0,0x00000007f1d00000)
  to   space 43008K, 0% used [0x00000007ec900000,0x00000007ec900000,0x00000007ef300000)
 ParOldGen       total 154816K, used 141246K [0x0000000700600000, 0x0000000709d30000, 0x00000007aacb0000)
  object space 154816K, 91% used [0x0000000700600000,0x0000000708fef828,0x0000000709d30000)
 PSPermGen       total 36672K, used 18065K [0x00000006fb400000, 0x00000006fd7d0000, 0x0000000700600000)
  object space 36672K, 49% used [0x00000006fb400000,0x00000006fc5a4440,0x00000006fd7d0000)
Event: 15.678 GC heap after
Heap after GC invocations=14 (full 2):
 PSYoungGen      total 1105856K, used 0K [0x00000007aacb0000, 0x00000007f1d00000, 0x0000000800000000)
  eden space 1077568K, 0% used [0x00000007aacb0000,0x00000007aacb0000,0x00000007ec900000)
  from space 28288K, 0% used [0x00000007f0160000,0x00000007f0160000,0x00000007f1d00000)
  to   space 43008K, 0% used [0x00000007ec900000,0x00000007ec900000,0x00000007ef300000)
 ParOldGen       total 212544K, used 53813K [0x0000000700600000, 0x000000070d590000, 0x00000007aacb0000)
  object space 212544K, 25% used [0x0000000700600000,0x0000000703a8d798,0x000000070d590000)
 PSPermGen       total 40896K, used 18065K [0x00000006fb400000, 0x00000006fdbf0000, 0x0000000700600000)
  object space 40896K, 44% used [0x00000006fb400000,0x00000006fc5a4440,0x00000006fdbf0000)
}
Event: 17.724 GC heap before
{Heap before GC invocations=15 (full 2):
 PSYoungGen      total 1105856K, used 1076694K [0x00000007aacb0000, 0x00000007f1d00000, 0x0000000800000000)
  eden space 1077568K, 99% used [0x00000007aacb0000,0x00000007ec825ad0,0x00000007ec900000)
  from space 28288K, 0% used [0x00000007f0160000,0x00000007f0160000,0x00000007f1d00000)
  to   space 43008K, 0% used [0x00000007ec900000,0x00000007ec900000,0x00000007ef300000)
 ParOldGen       total 212544K, used 53813K [0x0000000700600000, 0x000000070d590000, 0x00000007aacb0000)
  object space 212544K, 25% used [0x0000000700600000,0x0000000703a8d798,0x000000070d590000)
 PSPermGen       total 40896K, used 18080K [0x00000006fb400000, 0x00000006fdbf0000, 0x0000000700600000)
  object space 40896K, 44% used [0x00000006fb400000,0x00000006fc5a83a8,0x00000006fdbf0000)
Event: 17.732 GC heap after
Heap after GC invocations=15 (full 2):
 PSYoungGen      total 1120576K, used 29209K [0x00000007aacb0000, 0x0000000800000000, 0x0000000800000000)
  eden space 1077568K, 0% used [0x00000007aacb0000,0x00000007aacb0000,0x00000007ec900000)
  from space 43008K, 67% used [0x00000007ec900000,0x00000007ee586728,0x00000007ef300000)
  to   space 44096K, 0% used [0x00000007fd4f0000,0x00000007fd4f0000,0x0000000800000000)
 ParOldGen       total 212544K, used 53813K [0x0000000700600000, 0x000000070d590000, 0x00000007aacb0000)
  object space 212544K, 25% used [0x0000000700600000,0x0000000703a8d798,0x000000070d590000)
 PSPermGen       total 40896K, used 18080K [0x00000006fb400000, 0x00000006fdbf0000, 0x0000000700600000)
  object space 40896K, 44% used [0x00000006fb400000,0x00000006fc5a83a8,0x00000006fdbf0000)
}
Event: 19.831 GC heap before
{Heap before GC invocations=16 (full 2):
 PSYoungGen      total 1120576K, used 1105460K [0x00000007aacb0000, 0x0000000800000000, 0x0000000800000000)
  eden space 1077568K, 99% used [0x00000007aacb0000,0x00000007ec7b6ba8,0x00000007ec900000)
  from space 43008K, 67% used [0x00000007ec900000,0x00000007ee586728,0x00000007ef300000)
  to   space 44096K, 0% used [0x00000007fd4f0000,0x00000007fd4f0000,0x0000000800000000)
 ParOldGen       total 212544K, used 61913K [0x0000000700600000, 0x000000070d590000, 0x00000007aacb0000)
  object space 212544K, 29% used [0x0000000700600000,0x00000007042767b8,0x000000070d590000)
 PSPermGen       total 40896K, used 18087K [0x00000006fb400000, 0x00000006fdbf0000, 0x0000000700600000)
  object space 40896K, 44% used [0x00000006fb400000,0x00000006fc5a9f20,0x00000006fdbf0000)
Event: 19.834 GC heap after
Heap after GC invocations=16 (full 2):
 PSYoungGen      total 1352320K, used 11397K [0x00000007aacb0000, 0x00000007fffb0000, 0x0000000800000000)
  eden space 1308544K, 0% used [0x00000007aacb0000,0x00000007aacb0000,0x00000007faa90000)
  from space 43776K, 26% used [0x00000007fd4f0000,0x00000007fe011780,0x00000007fffb0000)
  to   space 43392K, 0% used [0x00000007faa90000,0x00000007faa90000,0x00000007fd4f0000)
 ParOldGen       total 212544K, used 61913K [0x0000000700600000, 0x000000070d590000, 0x00000007aacb0000)
  object space 212544K, 29% used [0x0000000700600000,0x00000007042767b8,0x000000070d590000)
 PSPermGen       total 40896K, used 18087K [0x00000006fb400000, 0x00000006fdbf0000, 0x0000000700600000)
  object space 40896K, 44% used [0x00000006fb400000,0x00000006fc5a9f20,0x00000006fdbf0000)
}

