# JRE version: 7.0_07-b11
# Java VM: Java HotSpot(TM) 64-Bit Server VM (23.3-b01 mixed mode windows-amd64 compressed oops)
Heap
 PSYoungGen      total 493056K, used 53321K [0x00000007aacb0000, 0x00000007cb6f0000, 0x0000000800000000)
  eden space 474560K, 7% used [0x00000007aacb0000,0x00000007aceb62b0,0x00000007c7c20000)
  from space 18496K, 99% used [0x00000007c92b0000,0x00000007ca4bc430,0x00000007ca4c0000)
  to   space 18624K, 0% used [0x00000007ca4c0000,0x00000007ca4c0000,0x00000007cb6f0000)
 ParOldGen       total 117184K, used 46045K [0x0000000700600000, 0x0000000707870000, 0x00000007aacb0000)
  object space 117184K, 39% used [0x0000000700600000,0x00000007032f7518,0x0000000707870000)
 PSPermGen       total 35584K, used 17690K [0x00000006fb400000, 0x00000006fd6c0000, 0x0000000700600000)
  object space 35584K, 49% used [0x00000006fb400000,0x00000006fc546b18,0x00000006fd6c0000)
GC Heap History (10 events):
Event: 10.864 GC heap before
{Heap before GC invocations=8 (full 1):
 PSYoungGen      total 252544K, used 243814K [0x00000007aacb0000, 0x00000007bcab0000, 0x0000000800000000)
  eden space 226304K, 99% used [0x00000007aacb0000,0x00000007b88bd6a0,0x00000007b89b0000)
  from space 26240K, 70% used [0x00000007bb110000,0x00000007bc31c430,0x00000007bcab0000)
  to   space 33280K, 0% used [0x00000007b89b0000,0x00000007b89b0000,0x00000007baa30000)
 ParOldGen       total 117184K, used 45997K [0x0000000700600000, 0x0000000707870000, 0x00000007aacb0000)
  object space 117184K, 39% used [0x0000000700600000,0x00000007032eb518,0x0000000707870000)
 PSPermGen       total 35584K, used 17647K [0x00000006fb400000, 0x00000006fd6c0000, 0x0000000700600000)
  object space 35584K, 49% used [0x00000006fb400000,0x00000006fc53bcd8,0x00000006fd6c0000)
Event: 10.868 GC heap after
Heap after GC invocations=8 (full 1):
 PSYoungGen      total 259584K, used 18449K [0x00000007aacb0000, 0x00000007c5ea0000, 0x0000000800000000)
  eden space 226304K, 0% used [0x00000007aacb0000,0x00000007aacb0000,0x00000007b89b0000)
  from space 33280K, 55% used [0x00000007b89b0000,0x00000007b9bb4430,0x00000007baa30000)
  to   space 31360K, 0% used [0x00000007c4000000,0x00000007c4000000,0x00000007c5ea0000)
 ParOldGen       total 117184K, used 45997K [0x0000000700600000, 0x0000000707870000, 0x00000007aacb0000)
  object space 117184K, 39% used [0x0000000700600000,0x00000007032eb518,0x0000000707870000)
 PSPermGen       total 35584K, used 17647K [0x00000006fb400000, 0x00000006fd6c0000, 0x0000000700600000)
  object space 35584K, 49% used [0x00000006fb400000,0x00000006fc53bcd8,0x00000006fd6c0000)
}
Event: 12.160 GC heap before
{Heap before GC invocations=9 (full 1):
 PSYoungGen      total 259584K, used 243591K [0x00000007aacb0000, 0x00000007c5ea0000, 0x0000000800000000)
  eden space 226304K, 99% used [0x00000007aacb0000,0x00000007b888d910,0x00000007b89b0000)
  from space 33280K, 55% used [0x00000007b89b0000,0x00000007b9bb4430,0x00000007baa30000)
  to   space 31360K, 0% used [0x00000007c4000000,0x00000007c4000000,0x00000007c5ea0000)
 ParOldGen       total 117184K, used 45997K [0x0000000700600000, 0x0000000707870000, 0x00000007aacb0000)
  object space 117184K, 39% used [0x0000000700600000,0x00000007032eb518,0x0000000707870000)
 PSPermGen       total 35584K, used 17649K [0x00000006fb400000, 0x00000006fd6c0000, 0x0000000700600000)
  object space 35584K, 49% used [0x00000006fb400000,0x00000006fc53c4e8,0x00000006fd6c0000)
Event: 12.164 GC heap after
Heap after GC invocations=9 (full 1):
 PSYoungGen      total 391744K, used 18449K [0x00000007aacb0000, 0x00000007c52e0000, 0x0000000800000000)
  eden space 372416K, 0% used [0x00000007aacb0000,0x00000007aacb0000,0x00000007c1860000)
  from space 19328K, 95% used [0x00000007c4000000,0x00000007c5204430,0x00000007c52e0000)
  to   space 29952K, 0% used [0x00000007c1860000,0x00000007c1860000,0x00000007c35a0000)
 ParOldGen       total 117184K, used 45997K [0x0000000700600000, 0x0000000707870000, 0x00000007aacb0000)
  object space 117184K, 39% used [0x0000000700600000,0x00000007032eb518,0x0000000707870000)
 PSPermGen       total 35584K, used 17649K [0x00000006fb400000, 0x00000006fd6c0000, 0x0000000700600000)
  object space 35584K, 49% used [0x00000006fb400000,0x00000006fc53c4e8,0x00000006fd6c0000)
}
Event: 14.192 GC heap before
{Heap before GC invocations=10 (full 1):
 PSYoungGen      total 391744K, used 389554K [0x00000007aacb0000, 0x00000007c52e0000, 0x0000000800000000)
  eden space 372416K, 99% used [0x00000007aacb0000,0x00000007c1718478,0x00000007c1860000)
  from space 19328K, 95% used [0x00000007c4000000,0x00000007c5204430,0x00000007c52e0000)
  to   space 29952K, 0% used [0x00000007c1860000,0x00000007c1860000,0x00000007c35a0000)
 ParOldGen       total 117184K, used 45997K [0x0000000700600000, 0x0000000707870000, 0x00000007aacb0000)
  object space 117184K, 39% used [0x0000000700600000,0x00000007032eb518,0x0000000707870000)
 PSPermGen       total 35584K, used 17650K [0x00000006fb400000, 0x00000006fd6c0000, 0x0000000700600000)
  object space 35584K, 49% used [0x00000006fb400000,0x00000006fc53c9f0,0x00000006fd6c0000)
Event: 14.197 GC heap after
Heap after GC invocations=10 (full 1):
 PSYoungGen      total 402368K, used 18481K [0x00000007aacb0000, 0x00000007cd2f0000, 0x0000000800000000)
  eden space 372416K, 0% used [0x00000007aacb0000,0x00000007aacb0000,0x00000007c1860000)
  from space 29952K, 61% used [0x00000007c1860000,0x00000007c2a6c430,0x00000007c35a0000)
  to   space 28736K, 0% used [0x00000007cb6e0000,0x00000007cb6e0000,0x00000007cd2f0000)
 ParOldGen       total 117184K, used 46021K [0x0000000700600000, 0x0000000707870000, 0x00000007aacb0000)
  object space 117184K, 39% used [0x0000000700600000,0x00000007032f1518,0x0000000707870000)
 PSPermGen       total 35584K, used 17650K [0x00000006fb400000, 0x00000006fd6c0000, 0x0000000700600000)
  object space 35584K, 49% used [0x00000006fb400000,0x00000006fc53c9f0,0x00000006fd6c0000)
}
Event: 16.233 GC heap before
{Heap before GC invocations=11 (full 1):
 PSYoungGen      total 402368K, used 389406K [0x00000007aacb0000, 0x00000007cd2f0000, 0x0000000800000000)
  eden space 372416K, 99% used [0x00000007aacb0000,0x00000007c16eb560,0x00000007c1860000)
  from space 29952K, 61% used [0x00000007c1860000,0x00000007c2a6c430,0x00000007c35a0000)
  to   space 28736K, 0% used [0x00000007cb6e0000,0x00000007cb6e0000,0x00000007cd2f0000)
 ParOldGen       total 117184K, used 46021K [0x0000000700600000, 0x0000000707870000, 0x00000007aacb0000)
  object space 117184K, 39% used [0x0000000700600000,0x00000007032f1518,0x0000000707870000)
 PSPermGen       total 35584K, used 17651K [0x00000006fb400000, 0x00000006fd6c0000, 0x0000000700600000)
  object space 35584K, 49% used [0x00000006fb400000,0x00000006fc53cf70,0x00000006fd6c0000)
Event: 16.238 GC heap after
Heap after GC invocations=11 (full 1):
 PSYoungGen      total 514432K, used 18481K [0x00000007aacb0000, 0x00000007cc8f0000, 0x0000000800000000)
  eden space 495936K, 0% used [0x00000007aacb0000,0x00000007aacb0000,0x00000007c9100000)
  from space 18496K, 99% used [0x00000007cb6e0000,0x00000007cc8ec430,0x00000007cc8f0000)
  to   space 27776K, 0% used [0x00000007c92b0000,0x00000007c92b0000,0x00000007cadd0000)
 ParOldGen       total 117184K, used 46029K [0x0000000700600000, 0x0000000707870000, 0x00000007aacb0000)
  object space 117184K, 39% used [0x0000000700600000,0x00000007032f3518,0x0000000707870000)
 PSPermGen       total 35584K, used 17651K [0x00000006fb400000, 0x00000006fd6c0000, 0x0000000700600000)
  object space 35584K, 49% used [0x00000006fb400000,0x00000006fc53cf70,0x00000006fd6c0000)
}
Event: 18.929 GC heap before
{Heap before GC invocations=12 (full 1):
 PSYoungGen      total 514432K, used 511018K [0x00000007aacb0000, 0x00000007cc8f0000, 0x0000000800000000)
  eden space 495936K, 99% used [0x00000007aacb0000,0x00000007c8dae4c8,0x00000007c9100000)
  from space 18496K, 99% used [0x00000007cb6e0000,0x00000007cc8ec430,0x00000007cc8f0000)
  to   space 27776K, 0% used [0x00000007c92b0000,0x00000007c92b0000,0x00000007cadd0000)
 ParOldGen       total 117184K, used 46029K [0x0000000700600000, 0x0000000707870000, 0x00000007aacb0000)
  object space 117184K, 39% used [0x0000000700600000,0x00000007032f3518,0x0000000707870000)
 PSPermGen       total 35584K, used 17663K [0x00000006fb400000, 0x00000006fd6c0000, 0x0000000700600000)
  object space 35584K, 49% used [0x00000006fb400000,0x00000006fc53ff30,0x00000006fd6c0000)
Event: 18.936 GC heap after
Heap after GC invocations=12 (full 1):
 PSYoungGen      total 493056K, used 18481K [0x00000007aacb0000, 0x00000007cb6f0000, 0x0000000800000000)
  eden space 474560K, 0% used [0x00000007aacb0000,0x00000007aacb0000,0x00000007c7c20000)
  from space 18496K, 99% used [0x00000007c92b0000,0x00000007ca4bc430,0x00000007ca4c0000)
  to   space 18624K, 0% used [0x00000007ca4c0000,0x00000007ca4c0000,0x00000007cb6f0000)
 ParOldGen       total 117184K, used 46045K [0x0000000700600000, 0x0000000707870000, 0x00000007aacb0000)
  object space 117184K, 39% used [0x0000000700600000,0x00000007032f7518,0x0000000707870000)
 PSPermGen       total 35584K, used 17663K [0x00000006fb400000, 0x00000006fd6c0000, 0x0000000700600000)
  object space 35584K, 49% used [0x00000006fb400000,0x00000006fc53ff30,0x00000006fd6c0000)
}

