# JRE version: 7.0_07-b11
# Java VM: Java HotSpot(TM) 64-Bit Server VM (23.3-b01 mixed mode windows-amd64 compressed oops)
Heap
 PSYoungGen      total 707264K, used 534763K [0x00000007aacb0000, 0x00000007e8330000, 0x0000000800000000)
  eden space 664064K, 74% used [0x00000007aacb0000,0x00000007c8cc3828,0x00000007d3530000)
  from space 43200K, 99% used [0x00000007e3ab0000,0x00000007e64d7488,0x00000007e64e0000)
  to   space 31040K, 0% used [0x00000007e64e0000,0x00000007e64e0000,0x00000007e8330000)
 ParOldGen       total 202560K, used 69940K [0x0000000700600000, 0x000000070cbd0000, 0x00000007aacb0000)
  object space 202560K, 34% used [0x0000000700600000,0x0000000704a4d3d0,0x000000070cbd0000)
 PSPermGen       total 32704K, used 18327K [0x00000006fb400000, 0x00000006fd3f0000, 0x0000000700600000)
  object space 32704K, 56% used [0x00000006fb400000,0x00000006fc5e5d58,0x00000006fd3f0000)
GC Heap History (10 events):
Event: 71.215 GC heap before
{Heap before GC invocations=36 (full 6):
 PSYoungGen      total 823680K, used 822045K [0x00000007aacb0000, 0x00000007ef100000, 0x0000000800000000)
  eden space 788672K, 99% used [0x00000007aacb0000,0x00000007dad48aa0,0x00000007daee0000)
  from space 35008K, 99% used [0x00000007e8480000,0x00000007ea6aea28,0x00000007ea6b0000)
  to   space 57472K, 0% used [0x00000007eb8e0000,0x00000007eb8e0000,0x00000007ef100000)
 ParOldGen       total 206464K, used 51695K [0x0000000700600000, 0x000000070cfa0000, 0x00000007aacb0000)
  object space 206464K, 25% used [0x0000000700600000,0x000000070387bde0,0x000000070cfa0000)
 PSPermGen       total 34752K, used 18291K [0x00000006fb400000, 0x00000006fd5f0000, 0x0000000700600000)
  object space 34752K, 52% used [0x00000006fb400000,0x00000006fc5dcd80,0x00000006fd5f0000)
Event: 71.221 GC heap after
Heap after GC invocations=36 (full 6):
 PSYoungGen      total 784000K, used 28863K [0x00000007aacb0000, 0x00000007ed510000, 0x0000000800000000)
  eden space 755136K, 0% used [0x00000007aacb0000,0x00000007aacb0000,0x00000007d8e20000)
  from space 28864K, 99% used [0x00000007eb8e0000,0x00000007ed50fdf8,0x00000007ed510000)
  to   space 56448K, 0% used [0x00000007e66d0000,0x00000007e66d0000,0x00000007e9df0000)
 ParOldGen       total 206464K, used 51695K [0x0000000700600000, 0x000000070cfa0000, 0x00000007aacb0000)
  object space 206464K, 25% used [0x0000000700600000,0x000000070387bde0,0x000000070cfa0000)
 PSPermGen       total 34752K, used 18291K [0x00000006fb400000, 0x00000006fd5f0000, 0x0000000700600000)
  object space 34752K, 52% used [0x00000006fb400000,0x00000006fc5dcd80,0x00000006fd5f0000)
}
Event: 72.880 GC heap before
{Heap before GC invocations=37 (full 6):
 PSYoungGen      total 784000K, used 783655K [0x00000007aacb0000, 0x00000007ed510000, 0x0000000800000000)
  eden space 755136K, 99% used [0x00000007aacb0000,0x00000007d8dc9f68,0x00000007d8e20000)
  from space 28864K, 99% used [0x00000007eb8e0000,0x00000007ed50fdf8,0x00000007ed510000)
  to   space 56448K, 0% used [0x00000007e66d0000,0x00000007e66d0000,0x00000007e9df0000)
 ParOldGen       total 206464K, used 53720K [0x0000000700600000, 0x000000070cfa0000, 0x00000007aacb0000)
  object space 206464K, 26% used [0x0000000700600000,0x0000000703a761f0,0x000000070cfa0000)
 PSPermGen       total 34752K, used 18292K [0x00000006fb400000, 0x00000006fd5f0000, 0x0000000700600000)
  object space 34752K, 52% used [0x00000006fb400000,0x00000006fc5dd2c8,0x00000006fd5f0000)
Event: 72.885 GC heap after
Heap after GC invocations=37 (full 6):
 PSYoungGen      total 734208K, used 10900K [0x00000007aacb0000, 0x00000007eb8f0000, 0x0000000800000000)
  eden space 723264K, 0% used [0x00000007aacb0000,0x00000007aacb0000,0x00000007d6f00000)
  from space 10944K, 99% used [0x00000007e66d0000,0x00000007e7175078,0x00000007e7180000)
  to   space 55104K, 0% used [0x00000007e8320000,0x00000007e8320000,0x00000007eb8f0000)
 ParOldGen       total 206464K, used 53720K [0x0000000700600000, 0x000000070cfa0000, 0x00000007aacb0000)
  object space 206464K, 26% used [0x0000000700600000,0x0000000703a761f0,0x000000070cfa0000)
 PSPermGen       total 34752K, used 18292K [0x00000006fb400000, 0x00000006fd5f0000, 0x0000000700600000)
  object space 34752K, 52% used [0x00000006fb400000,0x00000006fc5dd2c8,0x00000006fd5f0000)
}
Event: 75.122 GC heap before
{Heap before GC invocations=38 (full 7):
 PSYoungGen      total 734208K, used 734164K [0x00000007aacb0000, 0x00000007eb8f0000, 0x0000000800000000)
  eden space 723264K, 100% used [0x00000007aacb0000,0x00000007d6f00000,0x00000007d6f00000)
  from space 10944K, 99% used [0x00000007e66d0000,0x00000007e7175078,0x00000007e7180000)
  to   space 55104K, 0% used [0x00000007e8320000,0x00000007e8320000,0x00000007eb8f0000)
 ParOldGen       total 329920K, used 329838K [0x0000000700600000, 0x0000000714830000, 0x00000007aacb0000)
  object space 329920K, 99% used [0x0000000700600000,0x000000071481baa0,0x0000000714830000)
 PSPermGen       total 34752K, used 18294K [0x00000006fb400000, 0x00000006fd5f0000, 0x0000000700600000)
  object space 34752K, 52% used [0x00000006fb400000,0x00000006fc5ddb48,0x00000006fd5f0000)
Event: 75.165 GC heap after
Heap after GC invocations=38 (full 7):
 PSYoungGen      total 734208K, used 0K [0x00000007aacb0000, 0x00000007eb8f0000, 0x0000000800000000)
  eden space 723264K, 0% used [0x00000007aacb0000,0x00000007aacb0000,0x00000007d6f00000)
  from space 10944K, 0% used [0x00000007e66d0000,0x00000007e66d0000,0x00000007e7180000)
  to   space 55104K, 0% used [0x00000007e8320000,0x00000007e8320000,0x00000007eb8f0000)
 ParOldGen       total 202560K, used 51715K [0x0000000700600000, 0x000000070cbd0000, 0x00000007aacb0000)
  object space 202560K, 25% used [0x0000000700600000,0x0000000703880fa0,0x000000070cbd0000)
 PSPermGen       total 32704K, used 18294K [0x00000006fb400000, 0x00000006fd3f0000, 0x0000000700600000)
  object space 32704K, 55% used [0x00000006fb400000,0x00000006fc5ddae8,0x00000006fd3f0000)
}
Event: 76.762 GC heap before
{Heap before GC invocations=39 (full 7):
 PSYoungGen      total 734208K, used 722171K [0x00000007aacb0000, 0x00000007eb8f0000, 0x0000000800000000)
  eden space 723264K, 99% used [0x00000007aacb0000,0x00000007d6deefe8,0x00000007d6f00000)
  from space 10944K, 0% used [0x00000007e66d0000,0x00000007e66d0000,0x00000007e7180000)
  to   space 55104K, 0% used [0x00000007e8320000,0x00000007e8320000,0x00000007eb8f0000)
 ParOldGen       total 202560K, used 51715K [0x0000000700600000, 0x000000070cbd0000, 0x00000007aacb0000)
  object space 202560K, 25% used [0x0000000700600000,0x0000000703880fa0,0x000000070cbd0000)
 PSPermGen       total 32704K, used 18295K [0x00000006fb400000, 0x00000006fd3f0000, 0x0000000700600000)
  object space 32704K, 55% used [0x00000006fb400000,0x00000006fc5dde70,0x00000006fd3f0000)
Event: 76.770 GC heap after
Heap after GC invocations=39 (full 7):
 PSYoungGen      total 744448K, used 51503K [0x00000007aacb0000, 0x00000007eb570000, 0x0000000800000000)
  eden space 692928K, 0% used [0x00000007aacb0000,0x00000007aacb0000,0x00000007d5160000)
  from space 51520K, 99% used [0x00000007e8320000,0x00000007eb56bf50,0x00000007eb570000)
  to   space 62848K, 0% used [0x00000007e3ab0000,0x00000007e3ab0000,0x00000007e7810000)
 ParOldGen       total 202560K, used 69940K [0x0000000700600000, 0x000000070cbd0000, 0x00000007aacb0000)
  object space 202560K, 34% used [0x0000000700600000,0x0000000704a4d3d0,0x000000070cbd0000)
 PSPermGen       total 32704K, used 18295K [0x00000006fb400000, 0x00000006fd3f0000, 0x0000000700600000)
  object space 32704K, 55% used [0x00000006fb400000,0x00000006fc5dde70,0x00000006fd3f0000)
}
Event: 78.327 GC heap before
{Heap before GC invocations=40 (full 7):
 PSYoungGen      total 744448K, used 744392K [0x00000007aacb0000, 0x00000007eb570000, 0x0000000800000000)
  eden space 692928K, 99% used [0x00000007aacb0000,0x00000007d5156360,0x00000007d5160000)
  from space 51520K, 99% used [0x00000007e8320000,0x00000007eb56bf50,0x00000007eb570000)
  to   space 62848K, 0% used [0x00000007e3ab0000,0x00000007e3ab0000,0x00000007e7810000)
 ParOldGen       total 202560K, used 69940K [0x0000000700600000, 0x000000070cbd0000, 0x00000007aacb0000)
  object space 202560K, 34% used [0x0000000700600000,0x0000000704a4d3d0,0x000000070cbd0000)
 PSPermGen       total 32704K, used 18296K [0x00000006fb400000, 0x00000006fd3f0000, 0x0000000700600000)
  object space 32704K, 55% used [0x00000006fb400000,0x00000006fc5de138,0x00000006fd3f0000)
Event: 78.337 GC heap after
Heap after GC invocations=40 (full 7):
 PSYoungGen      total 707264K, used 43165K [0x00000007aacb0000, 0x00000007e8330000, 0x0000000800000000)
  eden space 664064K, 0% used [0x00000007aacb0000,0x00000007aacb0000,0x00000007d3530000)
  from space 43200K, 99% used [0x00000007e3ab0000,0x00000007e64d7488,0x00000007e64e0000)
  to   space 31040K, 0% used [0x00000007e64e0000,0x00000007e64e0000,0x00000007e8330000)
 ParOldGen       total 202560K, used 69940K [0x0000000700600000, 0x000000070cbd0000, 0x00000007aacb0000)
  object space 202560K, 34% used [0x0000000700600000,0x0000000704a4d3d0,0x000000070cbd0000)
 PSPermGen       total 32704K, used 18296K [0x00000006fb400000, 0x00000006fd3f0000, 0x0000000700600000)
  object space 32704K, 55% used [0x00000006fb400000,0x00000006fc5de138,0x00000006fd3f0000)
}

