# JRE version: 7.0_07-b11
# Java VM: Java HotSpot(TM) 64-Bit Server VM (23.3-b01 mixed mode windows-amd64 compressed oops)
Heap
 PSYoungGen      total 1325952K, used 440665K [0x00000007aacb0000, 0x00000007ffe40000, 0x0000000800000000)
  eden space 1258688K, 33% used [0x00000007aacb0000,0x00000007c482f2e0,0x00000007f79e0000)
  from space 67264K, 28% used [0x00000007fbc90000,0x00000007fcf67420,0x00000007ffe40000)
  to   space 67776K, 0% used [0x00000007f79e0000,0x00000007f79e0000,0x00000007fbc10000)
 ParOldGen       total 271232K, used 152753K [0x0000000700600000, 0x0000000710ee0000, 0x00000007aacb0000)
  object space 271232K, 56% used [0x0000000700600000,0x0000000709b2c5f0,0x0000000710ee0000)
 PSPermGen       total 36160K, used 18344K [0x00000006fb400000, 0x00000006fd750000, 0x0000000700600000)
  object space 36160K, 50% used [0x00000006fb400000,0x00000006fc5ea2d8,0x00000006fd750000)
GC Heap History (10 events):
Event: 25.814 GC heap before
{Heap before GC invocations=19 (full 4):
 PSYoungGen      total 1051200K, used 1049861K [0x00000007aacb0000, 0x00000007f0480000, 0x0000000800000000)
  eden space 992960K, 100% used [0x00000007aacb0000,0x00000007e7660000,0x00000007e7660000)
  from space 58240K, 97% used [0x00000007ecba0000,0x00000007f0331708,0x00000007f0480000)
  to   space 72768K, 0% used [0x00000007e7660000,0x00000007e7660000,0x00000007ebd70000)
 ParOldGen       total 250624K, used 181269K [0x0000000700600000, 0x000000070fac0000, 0x00000007aacb0000)
  object space 250624K, 72% used [0x0000000700600000,0x000000070b705620,0x000000070fac0000)
 PSPermGen       total 37760K, used 18299K [0x00000006fb400000, 0x00000006fd8e0000, 0x0000000700600000)
  object space 37760K, 48% used [0x00000006fb400000,0x00000006fc5dec40,0x00000006fd8e0000)
Event: 25.827 GC heap after
Heap after GC invocations=19 (full 4):
 PSYoungGen      total 1065728K, used 41445K [0x00000007aacb0000, 0x0000000800000000, 0x0000000800000000)
  eden space 992960K, 0% used [0x00000007aacb0000,0x00000007aacb0000,0x00000007e7660000)
  from space 72768K, 56% used [0x00000007e7660000,0x00000007e9ed9648,0x00000007ebd70000)
  to   space 71488K, 0% used [0x00000007fba30000,0x00000007fba30000,0x0000000800000000)
 ParOldGen       total 250624K, used 187384K [0x0000000700600000, 0x000000070fac0000, 0x00000007aacb0000)
  object space 250624K, 74% used [0x0000000700600000,0x000000070bcfe230,0x000000070fac0000)
 PSPermGen       total 37760K, used 18299K [0x00000006fb400000, 0x00000006fd8e0000, 0x0000000700600000)
  object space 37760K, 48% used [0x00000006fb400000,0x00000006fc5dec40,0x00000006fd8e0000)
}
Event: 28.663 GC heap before
{Heap before GC invocations=20 (full 4):
 PSYoungGen      total 1065728K, used 1029568K [0x00000007aacb0000, 0x0000000800000000, 0x0000000800000000)
  eden space 992960K, 99% used [0x00000007aacb0000,0x00000007e71a6a60,0x00000007e7660000)
  from space 72768K, 56% used [0x00000007e7660000,0x00000007e9ed9648,0x00000007ebd70000)
  to   space 71488K, 0% used [0x00000007fba30000,0x00000007fba30000,0x0000000800000000)
 ParOldGen       total 250624K, used 193459K [0x0000000700600000, 0x000000070fac0000, 0x00000007aacb0000)
  object space 250624K, 77% used [0x0000000700600000,0x000000070c2ece40,0x000000070fac0000)
 PSPermGen       total 37760K, used 18306K [0x00000006fb400000, 0x00000006fd8e0000, 0x0000000700600000)
  object space 37760K, 48% used [0x00000006fb400000,0x00000006fc5e0ac0,0x00000006fd8e0000)
Event: 28.674 GC heap after
Heap after GC invocations=20 (full 4):
 PSYoungGen      total 1315584K, used 36225K [0x00000007aacb0000, 0x00000007ff880000, 0x0000000800000000)
  eden space 1251776K, 0% used [0x00000007aacb0000,0x00000007aacb0000,0x00000007f7320000)
  from space 63808K, 56% used [0x00000007fba30000,0x00000007fdd905d0,0x00000007ff880000)
  to   space 68288K, 0% used [0x00000007f7320000,0x00000007f7320000,0x00000007fb5d0000)
 ParOldGen       total 250624K, used 199850K [0x0000000700600000, 0x000000070fac0000, 0x00000007aacb0000)
  object space 250624K, 79% used [0x0000000700600000,0x000000070c92ab80,0x000000070fac0000)
 PSPermGen       total 37760K, used 18306K [0x00000006fb400000, 0x00000006fd8e0000, 0x0000000700600000)
  object space 37760K, 48% used [0x00000006fb400000,0x00000006fc5e0ac0,0x00000006fd8e0000)
}
Event: 31.514 GC heap before
{Heap before GC invocations=21 (full 5):
 PSYoungGen      total 1315584K, used 1288001K [0x00000007aacb0000, 0x00000007ff880000, 0x0000000800000000)
  eden space 1251776K, 100% used [0x00000007aacb0000,0x00000007f7320000,0x00000007f7320000)
  from space 63808K, 56% used [0x00000007fba30000,0x00000007fdd905d0,0x00000007ff880000)
  to   space 68288K, 0% used [0x00000007f7320000,0x00000007f7320000,0x00000007fb5d0000)
 ParOldGen       total 312320K, used 312291K [0x0000000700600000, 0x0000000713700000, 0x00000007aacb0000)
  object space 312320K, 99% used [0x0000000700600000,0x00000007136f8c28,0x0000000713700000)
 PSPermGen       total 37760K, used 18321K [0x00000006fb400000, 0x00000006fd8e0000, 0x0000000700600000)
  object space 37760K, 48% used [0x00000006fb400000,0x00000006fc5e4640,0x00000006fd8e0000)
Event: 31.554 GC heap after
Heap after GC invocations=21 (full 5):
 PSYoungGen      total 1315584K, used 0K [0x00000007aacb0000, 0x00000007ff880000, 0x0000000800000000)
  eden space 1251776K, 0% used [0x00000007aacb0000,0x00000007aacb0000,0x00000007f7320000)
  from space 63808K, 0% used [0x00000007fba30000,0x00000007fba30000,0x00000007ff880000)
  to   space 68288K, 0% used [0x00000007f7320000,0x00000007f7320000,0x00000007fb5d0000)
 ParOldGen       total 271232K, used 57491K [0x0000000700600000, 0x0000000710ee0000, 0x00000007aacb0000)
  object space 271232K, 21% used [0x0000000700600000,0x0000000703e24f70,0x0000000710ee0000)
 PSPermGen       total 36160K, used 18321K [0x00000006fb400000, 0x00000006fd750000, 0x0000000700600000)
  object space 36160K, 50% used [0x00000006fb400000,0x00000006fc5e44c0,0x00000006fd750000)
}
Event: 34.012 GC heap before
{Heap before GC invocations=22 (full 5):
 PSYoungGen      total 1315584K, used 1250869K [0x00000007aacb0000, 0x00000007ff880000, 0x0000000800000000)
  eden space 1251776K, 99% used [0x00000007aacb0000,0x00000007f723d6d0,0x00000007f7320000)
  from space 63808K, 0% used [0x00000007fba30000,0x00000007fba30000,0x00000007ff880000)
  to   space 68288K, 0% used [0x00000007f7320000,0x00000007f7320000,0x00000007fb5d0000)
 ParOldGen       total 271232K, used 65591K [0x0000000700600000, 0x0000000710ee0000, 0x00000007aacb0000)
  object space 271232K, 24% used [0x0000000700600000,0x000000070460df90,0x0000000710ee0000)
 PSPermGen       total 36160K, used 18326K [0x00000006fb400000, 0x00000006fd750000, 0x0000000700600000)
  object space 36160K, 50% used [0x00000006fb400000,0x00000006fc5e5980,0x00000006fd750000)
Event: 34.016 GC heap after
Heap after GC invocations=22 (full 5):
 PSYoungGen      total 1320064K, used 11090K [0x00000007aacb0000, 0x0000000800000000, 0x0000000800000000)
  eden space 1251776K, 0% used [0x00000007aacb0000,0x00000007aacb0000,0x00000007f7320000)
  from space 68288K, 16% used [0x00000007f7320000,0x00000007f7df49d0,0x00000007fb5d0000)
  to   space 69056K, 0% used [0x00000007fbc90000,0x00000007fbc90000,0x0000000800000000)
 ParOldGen       total 271232K, used 65591K [0x0000000700600000, 0x0000000710ee0000, 0x00000007aacb0000)
  object space 271232K, 24% used [0x0000000700600000,0x000000070460df90,0x0000000710ee0000)
 PSPermGen       total 36160K, used 18326K [0x00000006fb400000, 0x00000006fd750000, 0x0000000700600000)
  object space 36160K, 50% used [0x00000006fb400000,0x00000006fc5e5980,0x00000006fd750000)
}
Event: 37.049 GC heap before
{Heap before GC invocations=23 (full 5):
 PSYoungGen      total 1320064K, used 1262866K [0x00000007aacb0000, 0x0000000800000000, 0x0000000800000000)
  eden space 1251776K, 100% used [0x00000007aacb0000,0x00000007f7320000,0x00000007f7320000)
  from space 68288K, 16% used [0x00000007f7320000,0x00000007f7df49d0,0x00000007fb5d0000)
  to   space 69056K, 0% used [0x00000007fbc90000,0x00000007fbc90000,0x0000000800000000)
 ParOldGen       total 271232K, used 152753K [0x0000000700600000, 0x0000000710ee0000, 0x00000007aacb0000)
  object space 271232K, 56% used [0x0000000700600000,0x0000000709b2c5f0,0x0000000710ee0000)
 PSPermGen       total 36160K, used 18333K [0x00000006fb400000, 0x00000006fd750000, 0x0000000700600000)
  object space 36160K, 50% used [0x00000006fb400000,0x00000006fc5e77e8,0x00000006fd750000)
Event: 37.052 GC heap after
Heap after GC invocations=23 (full 5):
 PSYoungGen      total 1325952K, used 19293K [0x00000007aacb0000, 0x00000007ffe40000, 0x0000000800000000)
  eden space 1258688K, 0% used [0x00000007aacb0000,0x00000007aacb0000,0x00000007f79e0000)
  from space 67264K, 28% used [0x00000007fbc90000,0x00000007fcf67420,0x00000007ffe40000)
  to   space 67776K, 0% used [0x00000007f79e0000,0x00000007f79e0000,0x00000007fbc10000)
 ParOldGen       total 271232K, used 152753K [0x0000000700600000, 0x0000000710ee0000, 0x00000007aacb0000)
  object space 271232K, 56% used [0x0000000700600000,0x0000000709b2c5f0,0x0000000710ee0000)
 PSPermGen       total 36160K, used 18333K [0x00000006fb400000, 0x00000006fd750000, 0x0000000700600000)
  object space 36160K, 50% used [0x00000006fb400000,0x00000006fc5e77e8,0x00000006fd750000)
}

