# JRE version: 7.0_07-b11
# Java VM: Java HotSpot(TM) 64-Bit Server VM (23.3-b01 mixed mode windows-amd64 compressed oops)
Heap
 PSYoungGen      total 679616K, used 259558K [0x00000007aacb0000, 0x00000007e3340000, 0x0000000800000000)
  eden space 661120K, 36% used [0x00000007aacb0000,0x00000007b981d528,0x00000007d3250000)
  from space 18496K, 99% used [0x00000007dd830000,0x00000007dea3c430,0x00000007dea40000)
  to   space 63232K, 0% used [0x00000007df580000,0x00000007df580000,0x00000007e3340000)
 ParOldGen       total 320192K, used 280837K [0x0000000700600000, 0x0000000713eb0000, 0x00000007aacb0000)
  object space 320192K, 87% used [0x0000000700600000,0x00000007118416d8,0x0000000713eb0000)
 PSPermGen       total 29504K, used 18272K [0x00000006fb400000, 0x00000006fd0d0000, 0x0000000700600000)
  object space 29504K, 61% used [0x00000006fb400000,0x00000006fc5d8120,0x00000006fd0d0000)
GC Heap History (10 events):
Event: 105.748 GC heap before
{Heap before GC invocations=60 (full 9):
 PSYoungGen      total 795904K, used 794214K [0x00000007aacb0000, 0x00000007eb1b0000, 0x0000000800000000)
  eden space 795584K, 99% used [0x00000007aacb0000,0x00000007db401b78,0x00000007db5a0000)
  from space 320K, 90% used [0x00000007eb160000,0x00000007eb1a8000,0x00000007eb1b0000)
  to   space 63488K, 0% used [0x00000007e35b0000,0x00000007e35b0000,0x00000007e73b0000)
 ParOldGen       total 320192K, used 135183K [0x0000000700600000, 0x0000000713eb0000, 0x00000007aacb0000)
  object space 320192K, 42% used [0x0000000700600000,0x0000000708a03dc0,0x0000000713eb0000)
 PSPermGen       total 29504K, used 18241K [0x00000006fb400000, 0x00000006fd0d0000, 0x0000000700600000)
  object space 29504K, 61% used [0x00000006fb400000,0x00000006fc5d0540,0x00000006fd0d0000)
Event: 105.753 GC heap after
Heap after GC invocations=60 (full 9):
 PSYoungGen      total 805312K, used 39199K [0x00000007aacb0000, 0x00000007eb170000, 0x0000000800000000)
  eden space 766080K, 0% used [0x00000007aacb0000,0x00000007aacb0000,0x00000007d98d0000)
  from space 39232K, 99% used [0x00000007e35b0000,0x00000007e5bf7df0,0x00000007e5c00000)
  to   space 65664K, 0% used [0x00000007e7150000,0x00000007e7150000,0x00000007eb170000)
 ParOldGen       total 320192K, used 135183K [0x0000000700600000, 0x0000000713eb0000, 0x00000007aacb0000)
  object space 320192K, 42% used [0x0000000700600000,0x0000000708a03dc0,0x0000000713eb0000)
 PSPermGen       total 29504K, used 18241K [0x00000006fb400000, 0x00000006fd0d0000, 0x0000000700600000)
  object space 29504K, 61% used [0x00000006fb400000,0x00000006fc5d0540,0x00000006fd0d0000)
}
Event: 107.487 GC heap before
{Heap before GC invocations=61 (full 9):
 PSYoungGen      total 805312K, used 805279K [0x00000007aacb0000, 0x00000007eb170000, 0x0000000800000000)
  eden space 766080K, 100% used [0x00000007aacb0000,0x00000007d98d0000,0x00000007d98d0000)
  from space 39232K, 99% used [0x00000007e35b0000,0x00000007e5bf7df0,0x00000007e5c00000)
  to   space 65664K, 0% used [0x00000007e7150000,0x00000007e7150000,0x00000007eb170000)
 ParOldGen       total 320192K, used 159718K [0x0000000700600000, 0x0000000713eb0000, 0x00000007aacb0000)
  object space 320192K, 49% used [0x0000000700600000,0x000000070a1f9870,0x0000000713eb0000)
 PSPermGen       total 29504K, used 18241K [0x00000006fb400000, 0x00000006fd0d0000, 0x0000000700600000)
  object space 29504K, 61% used [0x00000006fb400000,0x00000006fc5d0540,0x00000006fd0d0000)
Event: 107.493 GC heap after
Heap after GC invocations=61 (full 9):
 PSYoungGen      total 738176K, used 256K [0x00000007aacb0000, 0x00000007e7190000, 0x0000000800000000)
  eden space 737920K, 0% used [0x00000007aacb0000,0x00000007aacb0000,0x00000007d7d50000)
  from space 256K, 100% used [0x00000007e7150000,0x00000007e7190000,0x00000007e7190000)
  to   space 65472K, 0% used [0x00000007df1b0000,0x00000007df1b0000,0x00000007e31a0000)
 ParOldGen       total 320192K, used 159718K [0x0000000700600000, 0x0000000713eb0000, 0x00000007aacb0000)
  object space 320192K, 49% used [0x0000000700600000,0x000000070a1f9870,0x0000000713eb0000)
 PSPermGen       total 29504K, used 18241K [0x00000006fb400000, 0x00000006fd0d0000, 0x0000000700600000)
  object space 29504K, 61% used [0x00000006fb400000,0x00000006fc5d0540,0x00000006fd0d0000)
}
Event: 109.270 GC heap before
{Heap before GC invocations=62 (full 9):
 PSYoungGen      total 738176K, used 738176K [0x00000007aacb0000, 0x00000007e7190000, 0x0000000800000000)
  eden space 737920K, 100% used [0x00000007aacb0000,0x00000007d7d50000,0x00000007d7d50000)
  from space 256K, 100% used [0x00000007e7150000,0x00000007e7190000,0x00000007e7190000)
  to   space 65472K, 0% used [0x00000007df1b0000,0x00000007df1b0000,0x00000007e31a0000)
 ParOldGen       total 320192K, used 215321K [0x0000000700600000, 0x0000000713eb0000, 0x00000007aacb0000)
  object space 320192K, 67% used [0x0000000700600000,0x000000070d846690,0x0000000713eb0000)
 PSPermGen       total 29504K, used 18241K [0x00000006fb400000, 0x00000006fd0d0000, 0x0000000700600000)
  object space 29504K, 61% used [0x00000006fb400000,0x00000006fc5d0540,0x00000006fd0d0000)
Event: 109.272 GC heap after
Heap after GC invocations=62 (full 9):
 PSYoungGen      total 776576K, used 6331K [0x00000007aacb0000, 0x00000007e7160000, 0x0000000800000000)
  eden space 711104K, 0% used [0x00000007aacb0000,0x00000007aacb0000,0x00000007d6320000)
  from space 65472K, 9% used [0x00000007df1b0000,0x00000007df7dec30,0x00000007e31a0000)
  to   space 63680K, 0% used [0x00000007e3330000,0x00000007e3330000,0x00000007e7160000)
 ParOldGen       total 320192K, used 215321K [0x0000000700600000, 0x0000000713eb0000, 0x00000007aacb0000)
  object space 320192K, 67% used [0x0000000700600000,0x000000070d846690,0x0000000713eb0000)
 PSPermGen       total 29504K, used 18241K [0x00000006fb400000, 0x00000006fd0d0000, 0x0000000700600000)
  object space 29504K, 61% used [0x00000006fb400000,0x00000006fc5d0540,0x00000006fd0d0000)
}
Event: 110.854 GC heap before
{Heap before GC invocations=63 (full 9):
 PSYoungGen      total 776576K, used 712648K [0x00000007aacb0000, 0x00000007e7160000, 0x0000000800000000)
  eden space 711104K, 99% used [0x00000007aacb0000,0x00000007d5e73548,0x00000007d6320000)
  from space 65472K, 9% used [0x00000007df1b0000,0x00000007df7dec30,0x00000007e31a0000)
  to   space 63680K, 0% used [0x00000007e3330000,0x00000007e3330000,0x00000007e7160000)
 ParOldGen       total 320192K, used 221396K [0x0000000700600000, 0x0000000713eb0000, 0x00000007aacb0000)
  object space 320192K, 69% used [0x0000000700600000,0x000000070de352a0,0x0000000713eb0000)
 PSPermGen       total 29504K, used 18241K [0x00000006fb400000, 0x00000006fd0d0000, 0x0000000700600000)
  object space 29504K, 61% used [0x00000006fb400000,0x00000006fc5d0540,0x00000006fd0d0000)
Event: 110.860 GC heap after
Heap after GC invocations=63 (full 9):
 PSYoungGen      total 726592K, used 41079K [0x00000007aacb0000, 0x00000007e5b50000, 0x0000000800000000)
  eden space 685504K, 0% used [0x00000007aacb0000,0x00000007aacb0000,0x00000007d4a20000)
  from space 41088K, 99% used [0x00000007e3330000,0x00000007e5b4de18,0x00000007e5b50000)
  to   space 67136K, 0% used [0x00000007dd830000,0x00000007dd830000,0x00000007e19c0000)
 ParOldGen       total 320192K, used 221396K [0x0000000700600000, 0x0000000713eb0000, 0x00000007aacb0000)
  object space 320192K, 69% used [0x0000000700600000,0x000000070de352a0,0x0000000713eb0000)
 PSPermGen       total 29504K, used 18241K [0x00000006fb400000, 0x00000006fd0d0000, 0x0000000700600000)
  object space 29504K, 61% used [0x00000006fb400000,0x00000006fc5d0540,0x00000006fd0d0000)
}
Event: 112.487 GC heap before
{Heap before GC invocations=64 (full 9):
 PSYoungGen      total 726592K, used 726583K [0x00000007aacb0000, 0x00000007e5b50000, 0x0000000800000000)
  eden space 685504K, 100% used [0x00000007aacb0000,0x00000007d4a20000,0x00000007d4a20000)
  from space 41088K, 99% used [0x00000007e3330000,0x00000007e5b4de18,0x00000007e5b50000)
  to   space 67136K, 0% used [0x00000007dd830000,0x00000007dd830000,0x00000007e19c0000)
 ParOldGen       total 320192K, used 280837K [0x0000000700600000, 0x0000000713eb0000, 0x00000007aacb0000)
  object space 320192K, 87% used [0x0000000700600000,0x00000007118416d8,0x0000000713eb0000)
 PSPermGen       total 29504K, used 18241K [0x00000006fb400000, 0x00000006fd0d0000, 0x0000000700600000)
  object space 29504K, 61% used [0x00000006fb400000,0x00000006fc5d0540,0x00000006fd0d0000)
Event: 112.492 GC heap after
Heap after GC invocations=64 (full 9):
 PSYoungGen      total 679616K, used 18481K [0x00000007aacb0000, 0x00000007e3340000, 0x0000000800000000)
  eden space 661120K, 0% used [0x00000007aacb0000,0x00000007aacb0000,0x00000007d3250000)
  from space 18496K, 99% used [0x00000007dd830000,0x00000007dea3c430,0x00000007dea40000)
  to   space 63232K, 0% used [0x00000007df580000,0x00000007df580000,0x00000007e3340000)
 ParOldGen       total 320192K, used 280837K [0x0000000700600000, 0x0000000713eb0000, 0x00000007aacb0000)
  object space 320192K, 87% used [0x0000000700600000,0x00000007118416d8,0x0000000713eb0000)
 PSPermGen       total 29504K, used 18241K [0x00000006fb400000, 0x00000006fd0d0000, 0x0000000700600000)
  object space 29504K, 61% used [0x00000006fb400000,0x00000006fc5d0540,0x00000006fd0d0000)
}

