# JRE version: 7.0_07-b11
# Java VM: Java HotSpot(TM) 64-Bit Server VM (23.3-b01 mixed mode windows-amd64 compressed oops)
Heap
 PSYoungGen      total 895872K, used 784198K [0x00000007aacb0000, 0x00000007eb600000, 0x0000000800000000)
  eden space 833152K, 89% used [0x00000007aacb0000,0x00000007d881fdc8,0x00000007dda50000)
  from space 62720K, 56% used [0x00000007dda50000,0x00000007dfcb1de0,0x00000007e1790000)
  to   space 59968K, 0% used [0x00000007e7b70000,0x00000007e7b70000,0x00000007eb600000)
 ParOldGen       total 237056K, used 44926K [0x0000000700600000, 0x000000070ed80000, 0x00000007aacb0000)
  object space 237056K, 18% used [0x0000000700600000,0x00000007031df9b8,0x000000070ed80000)
 PSPermGen       total 37568K, used 18265K [0x00000006fb400000, 0x00000006fd8b0000, 0x0000000700600000)
  object space 37568K, 48% used [0x00000006fb400000,0x00000006fc5d6648,0x00000006fd8b0000)
GC Heap History (10 events):
Event: 17.047 GC heap before
{Heap before GC invocations=19 (full 4):
 PSYoungGen      total 640960K, used 579599K [0x00000007aacb0000, 0x00000007d6760000, 0x0000000800000000)
  eden space 581696K, 99% used [0x00000007aacb0000,0x00000007ce2b3d68,0x00000007ce4c0000)
  from space 59264K, 0% used [0x00000007d2d80000,0x00000007d2d80000,0x00000007d6760000)
  to   space 66880K, 0% used [0x00000007ce4c0000,0x00000007ce4c0000,0x00000007d2610000)
 ParOldGen       total 237056K, used 44926K [0x0000000700600000, 0x000000070ed80000, 0x00000007aacb0000)
  object space 237056K, 18% used [0x0000000700600000,0x00000007031df9b8,0x000000070ed80000)
 PSPermGen       total 37568K, used 18109K [0x00000006fb400000, 0x00000006fd8b0000, 0x0000000700600000)
  object space 37568K, 48% used [0x00000006fb400000,0x00000006fc5af578,0x00000006fd8b0000)
Event: 17.058 GC heap after
Heap after GC invocations=19 (full 4):
 PSYoungGen      total 648576K, used 35599K [0x00000007aacb0000, 0x00000007e0050000, 0x0000000800000000)
  eden space 581696K, 0% used [0x00000007aacb0000,0x00000007aacb0000,0x00000007ce4c0000)
  from space 66880K, 53% used [0x00000007ce4c0000,0x00000007d0783c40,0x00000007d2610000)
  to   space 64320K, 0% used [0x00000007dc180000,0x00000007dc180000,0x00000007e0050000)
 ParOldGen       total 237056K, used 44926K [0x0000000700600000, 0x000000070ed80000, 0x00000007aacb0000)
  object space 237056K, 18% used [0x0000000700600000,0x00000007031df9b8,0x000000070ed80000)
 PSPermGen       total 37568K, used 18109K [0x00000006fb400000, 0x00000006fd8b0000, 0x0000000700600000)
  object space 37568K, 48% used [0x00000006fb400000,0x00000006fc5af578,0x00000006fd8b0000)
}
Event: 19.167 GC heap before
{Heap before GC invocations=20 (full 4):
 PSYoungGen      total 648576K, used 616815K [0x00000007aacb0000, 0x00000007e0050000, 0x0000000800000000)
  eden space 581696K, 99% used [0x00000007aacb0000,0x00000007ce448180,0x00000007ce4c0000)
  from space 66880K, 53% used [0x00000007ce4c0000,0x00000007d0783c40,0x00000007d2610000)
  to   space 64320K, 0% used [0x00000007dc180000,0x00000007dc180000,0x00000007e0050000)
 ParOldGen       total 237056K, used 44926K [0x0000000700600000, 0x000000070ed80000, 0x00000007aacb0000)
  object space 237056K, 18% used [0x0000000700600000,0x00000007031df9b8,0x000000070ed80000)
 PSPermGen       total 37568K, used 18117K [0x00000006fb400000, 0x00000006fd8b0000, 0x0000000700600000)
  object space 37568K, 48% used [0x00000006fb400000,0x00000006fc5b15f0,0x00000006fd8b0000)
Event: 19.177 GC heap after
Heap after GC invocations=20 (full 4):
 PSYoungGen      total 775616K, used 34883K [0x00000007aacb0000, 0x00000007dee10000, 0x0000000800000000)
  eden space 729984K, 0% used [0x00000007aacb0000,0x00000007aacb0000,0x00000007d7590000)
  from space 45632K, 76% used [0x00000007dc180000,0x00000007de390ea0,0x00000007dee10000)
  to   space 61696K, 0% used [0x00000007d7590000,0x00000007d7590000,0x00000007db1d0000)
 ParOldGen       total 237056K, used 44926K [0x0000000700600000, 0x000000070ed80000, 0x00000007aacb0000)
  object space 237056K, 18% used [0x0000000700600000,0x00000007031df9b8,0x000000070ed80000)
 PSPermGen       total 37568K, used 18117K [0x00000006fb400000, 0x00000006fd8b0000, 0x0000000700600000)
  object space 37568K, 48% used [0x00000006fb400000,0x00000006fc5b15f0,0x00000006fd8b0000)
}
Event: 21.930 GC heap before
{Heap before GC invocations=21 (full 4):
 PSYoungGen      total 775616K, used 764552K [0x00000007aacb0000, 0x00000007dee10000, 0x0000000800000000)
  eden space 729984K, 99% used [0x00000007aacb0000,0x00000007d75413b0,0x00000007d7590000)
  from space 45632K, 76% used [0x00000007dc180000,0x00000007de390ea0,0x00000007dee10000)
  to   space 61696K, 0% used [0x00000007d7590000,0x00000007d7590000,0x00000007db1d0000)
 ParOldGen       total 237056K, used 44926K [0x0000000700600000, 0x000000070ed80000, 0x00000007aacb0000)
  object space 237056K, 18% used [0x0000000700600000,0x00000007031df9b8,0x000000070ed80000)
 PSPermGen       total 37568K, used 18132K [0x00000006fb400000, 0x00000006fd8b0000, 0x0000000700600000)
  object space 37568K, 48% used [0x00000006fb400000,0x00000006fc5b52f0,0x00000006fd8b0000)
Event: 21.938 GC heap after
Heap after GC invocations=21 (full 4):
 PSYoungGen      total 791680K, used 31562K [0x00000007aacb0000, 0x00000007e5580000, 0x0000000800000000)
  eden space 729984K, 0% used [0x00000007aacb0000,0x00000007aacb0000,0x00000007d7590000)
  from space 61696K, 51% used [0x00000007d7590000,0x00000007d94629d0,0x00000007db1d0000)
  to   space 59264K, 0% used [0x00000007e1ba0000,0x00000007e1ba0000,0x00000007e5580000)
 ParOldGen       total 237056K, used 44926K [0x0000000700600000, 0x000000070ed80000, 0x00000007aacb0000)
  object space 237056K, 18% used [0x0000000700600000,0x00000007031df9b8,0x000000070ed80000)
 PSPermGen       total 37568K, used 18132K [0x00000006fb400000, 0x00000006fd8b0000, 0x0000000700600000)
  object space 37568K, 48% used [0x00000006fb400000,0x00000006fc5b52f0,0x00000006fd8b0000)
}
Event: 24.658 GC heap before
{Heap before GC invocations=22 (full 4):
 PSYoungGen      total 791680K, used 759757K [0x00000007aacb0000, 0x00000007e5580000, 0x0000000800000000)
  eden space 729984K, 99% used [0x00000007aacb0000,0x00000007d73d0d70,0x00000007d7590000)
  from space 61696K, 51% used [0x00000007d7590000,0x00000007d94629d0,0x00000007db1d0000)
  to   space 59264K, 0% used [0x00000007e1ba0000,0x00000007e1ba0000,0x00000007e5580000)
 ParOldGen       total 237056K, used 44926K [0x0000000700600000, 0x000000070ed80000, 0x00000007aacb0000)
  object space 237056K, 18% used [0x0000000700600000,0x00000007031df9b8,0x000000070ed80000)
 PSPermGen       total 37568K, used 18137K [0x00000006fb400000, 0x00000006fd8b0000, 0x0000000700600000)
  object space 37568K, 48% used [0x00000006fb400000,0x00000006fc5b6780,0x00000006fd8b0000)
Event: 24.670 GC heap after
Heap after GC invocations=22 (full 4):
 PSYoungGen      total 891712K, used 49869K [0x00000007aacb0000, 0x00000007e54d0000, 0x0000000800000000)
  eden space 833152K, 0% used [0x00000007aacb0000,0x00000007aacb0000,0x00000007dda50000)
  from space 58560K, 85% used [0x00000007e1ba0000,0x00000007e4c535a0,0x00000007e54d0000)
  to   space 62720K, 0% used [0x00000007dda50000,0x00000007dda50000,0x00000007e1790000)
 ParOldGen       total 237056K, used 44926K [0x0000000700600000, 0x000000070ed80000, 0x00000007aacb0000)
  object space 237056K, 18% used [0x0000000700600000,0x00000007031df9b8,0x000000070ed80000)
 PSPermGen       total 37568K, used 18137K [0x00000006fb400000, 0x00000006fd8b0000, 0x0000000700600000)
  object space 37568K, 48% used [0x00000006fb400000,0x00000006fc5b6780,0x00000006fd8b0000)
}
Event: 27.699 GC heap before
{Heap before GC invocations=23 (full 4):
 PSYoungGen      total 891712K, used 880107K [0x00000007aacb0000, 0x00000007e54d0000, 0x0000000800000000)
  eden space 833152K, 99% used [0x00000007aacb0000,0x00000007dd777808,0x00000007dda50000)
  from space 58560K, 85% used [0x00000007e1ba0000,0x00000007e4c535a0,0x00000007e54d0000)
  to   space 62720K, 0% used [0x00000007dda50000,0x00000007dda50000,0x00000007e1790000)
 ParOldGen       total 237056K, used 44926K [0x0000000700600000, 0x000000070ed80000, 0x00000007aacb0000)
  object space 237056K, 18% used [0x0000000700600000,0x00000007031df9b8,0x000000070ed80000)
 PSPermGen       total 37568K, used 18228K [0x00000006fb400000, 0x00000006fd8b0000, 0x0000000700600000)
  object space 37568K, 48% used [0x00000006fb400000,0x00000006fc5cd168,0x00000006fd8b0000)
Event: 27.707 GC heap after
Heap after GC invocations=23 (full 4):
 PSYoungGen      total 895872K, used 35207K [0x00000007aacb0000, 0x00000007eb600000, 0x0000000800000000)
  eden space 833152K, 0% used [0x00000007aacb0000,0x00000007aacb0000,0x00000007dda50000)
  from space 62720K, 56% used [0x00000007dda50000,0x00000007dfcb1de0,0x00000007e1790000)
  to   space 59968K, 0% used [0x00000007e7b70000,0x00000007e7b70000,0x00000007eb600000)
 ParOldGen       total 237056K, used 44926K [0x0000000700600000, 0x000000070ed80000, 0x00000007aacb0000)
  object space 237056K, 18% used [0x0000000700600000,0x00000007031df9b8,0x000000070ed80000)
 PSPermGen       total 37568K, used 18228K [0x00000006fb400000, 0x00000006fd8b0000, 0x0000000700600000)
  object space 37568K, 48% used [0x00000006fb400000,0x00000006fc5cd168,0x00000006fd8b0000)
}

