# JRE version: 7.0_07-b11
# Java VM: Java HotSpot(TM) 64-Bit Server VM (23.3-b01 mixed mode windows-amd64 compressed oops)
Heap
 PSYoungGen      total 307904K, used 262796K [0x00000007aacb0000, 0x00000007c30a0000, 0x0000000800000000)
  eden space 243968K, 100% used [0x00000007aacb0000,0x00000007b9af0000,0x00000007b9af0000)
  from space 63936K, 29% used [0x00000007b9af0000,0x00000007bad53320,0x00000007bd960000)
  to   space 59904K, 0% used [0x00000007bf620000,0x00000007bf620000,0x00000007c30a0000)
 ParOldGen       total 464384K, used 464242K [0x0000000700600000, 0x000000071cb80000, 0x00000007aacb0000)
  object space 464384K, 99% used [0x0000000700600000,0x000000071cb5c890,0x000000071cb80000)
 PSPermGen       total 21248K, used 18438K [0x00000006fb400000, 0x00000006fc8c0000, 0x0000000700600000)
  object space 21248K, 86% used [0x00000006fb400000,0x00000006fc6018f8,0x00000006fc8c0000)
GC Heap History (10 events):
Event: 261.280 GC heap before
{Heap before GC invocations=240 (full 35):
 PSYoungGen      total 280512K, used 233211K [0x00000007aacb0000, 0x00000007bf2c0000, 0x0000000800000000)
  eden space 232640K, 100% used [0x00000007aacb0000,0x00000007b8fe0000,0x00000007b8fe0000)
  from space 47872K, 1% used [0x00000007bc400000,0x00000007bc48eef0,0x00000007bf2c0000)
  to   space 50624K, 0% used [0x00000007b8fe0000,0x00000007b8fe0000,0x00000007bc150000)
 ParOldGen       total 430528K, used 223134K [0x0000000700600000, 0x000000071aa70000, 0x00000007aacb0000)
  object space 430528K, 51% used [0x0000000700600000,0x000000070dfe7a80,0x000000071aa70000)
 PSPermGen       total 21248K, used 18404K [0x00000006fb400000, 0x00000006fc8c0000, 0x0000000700600000)
  object space 21248K, 86% used [0x00000006fb400000,0x00000006fc5f90e8,0x00000006fc8c0000)
Event: 261.282 GC heap after
Heap after GC invocations=240 (full 35):
 PSYoungGen      total 228800K, used 539K [0x00000007aacb0000, 0x00000007bec70000, 0x0000000800000000)
  eden space 228224K, 0% used [0x00000007aacb0000,0x00000007aacb0000,0x00000007b8b90000)
  from space 576K, 93% used [0x00000007b8fe0000,0x00000007b9066ef0,0x00000007b9070000)
  to   space 49600K, 0% used [0x00000007bbc00000,0x00000007bbc00000,0x00000007bec70000)
 ParOldGen       total 430528K, used 223134K [0x0000000700600000, 0x000000071aa70000, 0x00000007aacb0000)
  object space 430528K, 51% used [0x0000000700600000,0x000000070dfe7a80,0x000000071aa70000)
 PSPermGen       total 21248K, used 18404K [0x00000006fb400000, 0x00000006fc8c0000, 0x0000000700600000)
  object space 21248K, 86% used [0x00000006fb400000,0x00000006fc5f90e8,0x00000006fc8c0000)
}
Event: 261.857 GC heap before
{Heap before GC invocations=241 (full 35):
 PSYoungGen      total 228800K, used 228763K [0x00000007aacb0000, 0x00000007bec70000, 0x0000000800000000)
  eden space 228224K, 100% used [0x00000007aacb0000,0x00000007b8b90000,0x00000007b8b90000)
  from space 576K, 93% used [0x00000007b8fe0000,0x00000007b9066ef0,0x00000007b9070000)
  to   space 49600K, 0% used [0x00000007bbc00000,0x00000007bbc00000,0x00000007bec70000)
 ParOldGen       total 430528K, used 278064K [0x0000000700600000, 0x000000071aa70000, 0x00000007aacb0000)
  object space 430528K, 64% used [0x0000000700600000,0x000000071158c280,0x000000071aa70000)
 PSPermGen       total 21248K, used 18404K [0x00000006fb400000, 0x00000006fc8c0000, 0x0000000700600000)
  object space 21248K, 86% used [0x00000006fb400000,0x00000006fc5f90e8,0x00000006fc8c0000)
Event: 261.860 GC heap after
Heap after GC invocations=241 (full 35):
 PSYoungGen      total 265792K, used 18828K [0x00000007aacb0000, 0x00000007be4e0000, 0x0000000800000000)
  eden space 223936K, 0% used [0x00000007aacb0000,0x00000007aacb0000,0x00000007b8760000)
  from space 41856K, 44% used [0x00000007bbc00000,0x00000007bce63320,0x00000007be4e0000)
  to   space 47872K, 0% used [0x00000007b8760000,0x00000007b8760000,0x00000007bb620000)
 ParOldGen       total 430528K, used 278064K [0x0000000700600000, 0x000000071aa70000, 0x00000007aacb0000)
  object space 430528K, 64% used [0x0000000700600000,0x000000071158c280,0x000000071aa70000)
 PSPermGen       total 21248K, used 18404K [0x00000006fb400000, 0x00000006fc8c0000, 0x0000000700600000)
  object space 21248K, 86% used [0x00000006fb400000,0x00000006fc5f90e8,0x00000006fc8c0000)
}
Event: 262.327 GC heap before
{Heap before GC invocations=242 (full 35):
 PSYoungGen      total 265792K, used 242323K [0x00000007aacb0000, 0x00000007be4e0000, 0x0000000800000000)
  eden space 223936K, 99% used [0x00000007aacb0000,0x00000007b86f1b28,0x00000007b8760000)
  from space 41856K, 44% used [0x00000007bbc00000,0x00000007bce63320,0x00000007be4e0000)
  to   space 47872K, 0% used [0x00000007b8760000,0x00000007b8760000,0x00000007bb620000)
 ParOldGen       total 430528K, used 278064K [0x0000000700600000, 0x000000071aa70000, 0x00000007aacb0000)
  object space 430528K, 64% used [0x0000000700600000,0x000000071158c280,0x000000071aa70000)
 PSPermGen       total 21248K, used 18404K [0x00000006fb400000, 0x00000006fc8c0000, 0x0000000700600000)
  object space 21248K, 86% used [0x00000006fb400000,0x00000006fc5f90e8,0x00000006fc8c0000)
Event: 262.334 GC heap after
Heap after GC invocations=242 (full 35):
 PSYoungGen      total 271808K, used 47337K [0x00000007aacb0000, 0x00000007c10c0000, 0x0000000800000000)
  eden space 223936K, 0% used [0x00000007aacb0000,0x00000007aacb0000,0x00000007b8760000)
  from space 47872K, 98% used [0x00000007b8760000,0x00000007bb59a5c0,0x00000007bb620000)
  to   space 56704K, 0% used [0x00000007bd960000,0x00000007bd960000,0x00000007c10c0000)
 ParOldGen       total 430528K, used 278064K [0x0000000700600000, 0x000000071aa70000, 0x00000007aacb0000)
  object space 430528K, 64% used [0x0000000700600000,0x000000071158c280,0x000000071aa70000)
 PSPermGen       total 21248K, used 18404K [0x00000006fb400000, 0x00000006fc8c0000, 0x0000000700600000)
  object space 21248K, 86% used [0x00000006fb400000,0x00000006fc5f90e8,0x00000006fc8c0000)
}
Event: 262.816 GC heap before
{Heap before GC invocations=243 (full 35):
 PSYoungGen      total 271808K, used 269568K [0x00000007aacb0000, 0x00000007c10c0000, 0x0000000800000000)
  eden space 223936K, 99% used [0x00000007aacb0000,0x00000007b85b5cd0,0x00000007b8760000)
  from space 47872K, 98% used [0x00000007b8760000,0x00000007bb59a5c0,0x00000007bb620000)
  to   space 56704K, 0% used [0x00000007bd960000,0x00000007bd960000,0x00000007c10c0000)
 ParOldGen       total 430528K, used 283506K [0x0000000700600000, 0x000000071aa70000, 0x00000007aacb0000)
  object space 430528K, 65% used [0x0000000700600000,0x0000000711adcb60,0x000000071aa70000)
 PSPermGen       total 21248K, used 18404K [0x00000006fb400000, 0x00000006fc8c0000, 0x0000000700600000)
  object space 21248K, 86% used [0x00000006fb400000,0x00000006fc5f90e8,0x00000006fc8c0000)
Event: 262.829 GC heap after
Heap after GC invocations=243 (full 35):
 PSYoungGen      total 300672K, used 47749K [0x00000007aacb0000, 0x00000007c23e0000, 0x0000000800000000)
  eden space 243968K, 0% used [0x00000007aacb0000,0x00000007aacb0000,0x00000007b9af0000)
  from space 56704K, 84% used [0x00000007bd960000,0x00000007c08014b0,0x00000007c10c0000)
  to   space 63936K, 0% used [0x00000007b9af0000,0x00000007b9af0000,0x00000007bd960000)
 ParOldGen       total 430528K, used 283506K [0x0000000700600000, 0x000000071aa70000, 0x00000007aacb0000)
  object space 430528K, 65% used [0x0000000700600000,0x0000000711adcb60,0x000000071aa70000)
 PSPermGen       total 21248K, used 18404K [0x00000006fb400000, 0x00000006fc8c0000, 0x0000000700600000)
  object space 21248K, 86% used [0x00000006fb400000,0x00000006fc5f90e8,0x00000006fc8c0000)
}
Event: 263.516 GC heap before
{Heap before GC invocations=244 (full 35):
 PSYoungGen      total 300672K, used 291717K [0x00000007aacb0000, 0x00000007c23e0000, 0x0000000800000000)
  eden space 243968K, 100% used [0x00000007aacb0000,0x00000007b9af0000,0x00000007b9af0000)
  from space 56704K, 84% used [0x00000007bd960000,0x00000007c08014b0,0x00000007c10c0000)
  to   space 63936K, 0% used [0x00000007b9af0000,0x00000007b9af0000,0x00000007bd960000)
 ParOldGen       total 430528K, used 369825K [0x0000000700600000, 0x000000071aa70000, 0x00000007aacb0000)
  object space 430528K, 85% used [0x0000000700600000,0x0000000716f28448,0x000000071aa70000)
 PSPermGen       total 21248K, used 18404K [0x00000006fb400000, 0x00000006fc8c0000, 0x0000000700600000)
  object space 21248K, 86% used [0x00000006fb400000,0x00000006fc5f90e8,0x00000006fc8c0000)
Event: 263.519 GC heap after
Heap after GC invocations=244 (full 35):
 PSYoungGen      total 307904K, used 18828K [0x00000007aacb0000, 0x00000007c30a0000, 0x0000000800000000)
  eden space 243968K, 0% used [0x00000007aacb0000,0x00000007aacb0000,0x00000007b9af0000)
  from space 63936K, 29% used [0x00000007b9af0000,0x00000007bad53320,0x00000007bd960000)
  to   space 59904K, 0% used [0x00000007bf620000,0x00000007bf620000,0x00000007c30a0000)
 ParOldGen       total 430528K, used 369825K [0x0000000700600000, 0x000000071aa70000, 0x00000007aacb0000)
  object space 430528K, 85% used [0x0000000700600000,0x0000000716f28448,0x000000071aa70000)
 PSPermGen       total 21248K, used 18404K [0x00000006fb400000, 0x00000006fc8c0000, 0x0000000700600000)
  object space 21248K, 86% used [0x00000006fb400000,0x00000006fc5f90e8,0x00000006fc8c0000)
}

