# JRE version: 7.0_07-b11
# Java VM: Java HotSpot(TM) 64-Bit Server VM (23.3-b01 mixed mode windows-amd64 compressed oops)
Heap
 PSYoungGen      total 1342976K, used 1332651K [0x00000007aacb0000, 0x0000000800000000, 0x0000000800000000)
  eden space 1296960K, 99% used [0x00000007aacb0000,0x00000007f9631b58,0x00000007f9f40000)
  from space 46016K, 97% used [0x00000007fd310000,0x00000007ffef92c0,0x0000000800000000)
  to   space 49536K, 0% used [0x00000007f9f40000,0x00000007f9f40000,0x00000007fcfa0000)
 ParOldGen       total 242688K, used 73518K [0x0000000700600000, 0x000000070f300000, 0x00000007aacb0000)
  object space 242688K, 30% used [0x0000000700600000,0x0000000704dcb850,0x000000070f300000)
 PSPermGen       total 39680K, used 18338K [0x00000006fb400000, 0x00000006fdac0000, 0x0000000700600000)
  object space 39680K, 46% used [0x00000006fb400000,0x00000006fc5e88a0,0x00000006fdac0000)
GC Heap History (10 events):
Event: 14.585 GC heap before
{Heap before GC invocations=13 (full 2):
 PSYoungGen      total 869760K, used 868112K [0x00000007aacb0000, 0x00000007eea20000, 0x0000000800000000)
  eden space 829312K, 100% used [0x00000007aacb0000,0x00000007dd690000,0x00000007dd690000)
  from space 40448K, 95% used [0x00000007dd690000,0x00000007dfc74340,0x00000007dfe10000)
  to   space 42880K, 0% used [0x00000007ec040000,0x00000007ec040000,0x00000007eea20000)
 ParOldGen       total 257536K, used 256518K [0x0000000700600000, 0x0000000710180000, 0x00000007aacb0000)
  object space 257536K, 99% used [0x0000000700600000,0x0000000710081900,0x0000000710180000)
 PSPermGen       total 36736K, used 18164K [0x00000006fb400000, 0x00000006fd7e0000, 0x0000000700600000)
  object space 36736K, 49% used [0x00000006fb400000,0x00000006fc5bd350,0x00000006fd7e0000)
Event: 14.625 GC heap after
Heap after GC invocations=13 (full 2):
 PSYoungGen      total 869760K, used 0K [0x00000007aacb0000, 0x00000007eea20000, 0x0000000800000000)
  eden space 829312K, 0% used [0x00000007aacb0000,0x00000007aacb0000,0x00000007dd690000)
  from space 40448K, 0% used [0x00000007dd690000,0x00000007dd690000,0x00000007dfe10000)
  to   space 42880K, 0% used [0x00000007ec040000,0x00000007ec040000,0x00000007eea20000)
 ParOldGen       total 207552K, used 63170K [0x0000000700600000, 0x000000070d0b0000, 0x00000007aacb0000)
  object space 207552K, 30% used [0x0000000700600000,0x00000007043b0bf8,0x000000070d0b0000)
 PSPermGen       total 41344K, used 18164K [0x00000006fb400000, 0x00000006fdc60000, 0x0000000700600000)
  object space 41344K, 43% used [0x00000006fb400000,0x00000006fc5bd2d0,0x00000006fdc60000)
}
Event: 16.694 GC heap before
{Heap before GC invocations=14 (full 2):
 PSYoungGen      total 869760K, used 829312K [0x00000007aacb0000, 0x00000007eea20000, 0x0000000800000000)
  eden space 829312K, 100% used [0x00000007aacb0000,0x00000007dd690000,0x00000007dd690000)
  from space 40448K, 0% used [0x00000007dd690000,0x00000007dd690000,0x00000007dfe10000)
  to   space 42880K, 0% used [0x00000007ec040000,0x00000007ec040000,0x00000007eea20000)
 ParOldGen       total 207552K, used 160849K [0x0000000700600000, 0x000000070d0b0000, 0x00000007aacb0000)
  object space 207552K, 77% used [0x0000000700600000,0x000000070a314670,0x000000070d0b0000)
 PSPermGen       total 41344K, used 18179K [0x00000006fb400000, 0x00000006fdc60000, 0x0000000700600000)
  object space 41344K, 43% used [0x00000006fb400000,0x00000006fc5c0fe0,0x00000006fdc60000)
Event: 16.704 GC heap after
Heap after GC invocations=14 (full 2):
 PSYoungGen      total 1068160K, used 34761K [0x00000007aacb0000, 0x00000007f4cb0000, 0x0000000800000000)
  eden space 1025280K, 0% used [0x00000007aacb0000,0x00000007aacb0000,0x00000007e95f0000)
  from space 42880K, 81% used [0x00000007ec040000,0x00000007ee2327f0,0x00000007eea20000)
  to   space 43328K, 0% used [0x00000007e95f0000,0x00000007e95f0000,0x00000007ec040000)
 ParOldGen       total 207552K, used 160849K [0x0000000700600000, 0x000000070d0b0000, 0x00000007aacb0000)
  object space 207552K, 77% used [0x0000000700600000,0x000000070a314670,0x000000070d0b0000)
 PSPermGen       total 41344K, used 18179K [0x00000006fb400000, 0x00000006fdc60000, 0x0000000700600000)
  object space 41344K, 43% used [0x00000006fb400000,0x00000006fc5c0fe0,0x00000006fdc60000)
}
Event: 20.935 GC heap before
{Heap before GC invocations=15 (full 2):
 PSYoungGen      total 1068160K, used 1058341K [0x00000007aacb0000, 0x00000007f4cb0000, 0x0000000800000000)
  eden space 1025280K, 99% used [0x00000007aacb0000,0x00000007e9446f18,0x00000007e95f0000)
  from space 42880K, 81% used [0x00000007ec040000,0x00000007ee2327f0,0x00000007eea20000)
  to   space 43328K, 0% used [0x00000007e95f0000,0x00000007e95f0000,0x00000007ec040000)
 ParOldGen       total 207552K, used 160849K [0x0000000700600000, 0x000000070d0b0000, 0x00000007aacb0000)
  object space 207552K, 77% used [0x0000000700600000,0x000000070a314670,0x000000070d0b0000)
 PSPermGen       total 41344K, used 18216K [0x00000006fb400000, 0x00000006fdc60000, 0x0000000700600000)
  object space 41344K, 44% used [0x00000006fb400000,0x00000006fc5ca3f0,0x00000006fdc60000)
Event: 20.949 GC heap after
Heap after GC invocations=15 (full 2):
 PSYoungGen      total 1068608K, used 41166K [0x00000007aacb0000, 0x0000000800000000, 0x0000000800000000)
  eden space 1025280K, 0% used [0x00000007aacb0000,0x00000007aacb0000,0x00000007e95f0000)
  from space 43328K, 95% used [0x00000007e95f0000,0x00000007ebe23b98,0x00000007ec040000)
  to   space 46016K, 0% used [0x00000007fd310000,0x00000007fd310000,0x0000000800000000)
 ParOldGen       total 207552K, used 187263K [0x0000000700600000, 0x000000070d0b0000, 0x00000007aacb0000)
  object space 207552K, 90% used [0x0000000700600000,0x000000070bcdfca0,0x000000070d0b0000)
 PSPermGen       total 41344K, used 18216K [0x00000006fb400000, 0x00000006fdc60000, 0x0000000700600000)
  object space 41344K, 44% used [0x00000006fb400000,0x00000006fc5ca3f0,0x00000006fdc60000)
}
Event: 20.949 GC heap before
{Heap before GC invocations=16 (full 3):
 PSYoungGen      total 1068608K, used 41166K [0x00000007aacb0000, 0x0000000800000000, 0x0000000800000000)
  eden space 1025280K, 0% used [0x00000007aacb0000,0x00000007aacb0000,0x00000007e95f0000)
  from space 43328K, 95% used [0x00000007e95f0000,0x00000007ebe23b98,0x00000007ec040000)
  to   space 46016K, 0% used [0x00000007fd310000,0x00000007fd310000,0x0000000800000000)
 ParOldGen       total 207552K, used 187263K [0x0000000700600000, 0x000000070d0b0000, 0x00000007aacb0000)
  object space 207552K, 90% used [0x0000000700600000,0x000000070bcdfca0,0x000000070d0b0000)
 PSPermGen       total 41344K, used 18216K [0x00000006fb400000, 0x00000006fdc60000, 0x0000000700600000)
  object space 41344K, 44% used [0x00000006fb400000,0x00000006fc5ca3f0,0x00000006fdc60000)
Event: 20.981 GC heap after
Heap after GC invocations=16 (full 3):
 PSYoungGen      total 1068608K, used 0K [0x00000007aacb0000, 0x0000000800000000, 0x0000000800000000)
  eden space 1025280K, 0% used [0x00000007aacb0000,0x00000007aacb0000,0x00000007e95f0000)
  from space 43328K, 0% used [0x00000007e95f0000,0x00000007e95f0000,0x00000007ec040000)
  to   space 46016K, 0% used [0x00000007fd310000,0x00000007fd310000,0x0000000800000000)
 ParOldGen       total 242688K, used 65418K [0x0000000700600000, 0x000000070f300000, 0x00000007aacb0000)
  object space 242688K, 26% used [0x0000000700600000,0x00000007045e2840,0x000000070f300000)
 PSPermGen       total 39680K, used 18216K [0x00000006fb400000, 0x00000006fdac0000, 0x0000000700600000)
  object space 39680K, 45% used [0x00000006fb400000,0x00000006fc5ca330,0x00000006fdac0000)
}
Event: 27.703 GC heap before
{Heap before GC invocations=17 (full 3):
 PSYoungGen      total 1068608K, used 1024867K [0x00000007aacb0000, 0x0000000800000000, 0x0000000800000000)
  eden space 1025280K, 99% used [0x00000007aacb0000,0x00000007e9588c90,0x00000007e95f0000)
  from space 43328K, 0% used [0x00000007e95f0000,0x00000007e95f0000,0x00000007ec040000)
  to   space 46016K, 0% used [0x00000007fd310000,0x00000007fd310000,0x0000000800000000)
 ParOldGen       total 242688K, used 65418K [0x0000000700600000, 0x000000070f300000, 0x00000007aacb0000)
  object space 242688K, 26% used [0x0000000700600000,0x00000007045e2840,0x000000070f300000)
 PSPermGen       total 39680K, used 18314K [0x00000006fb400000, 0x00000006fdac0000, 0x0000000700600000)
  object space 39680K, 46% used [0x00000006fb400000,0x00000006fc5e2a40,0x00000006fdac0000)
Event: 27.715 GC heap after
Heap after GC invocations=17 (full 3):
 PSYoungGen      total 1342976K, used 44964K [0x00000007aacb0000, 0x0000000800000000, 0x0000000800000000)
  eden space 1296960K, 0% used [0x00000007aacb0000,0x00000007aacb0000,0x00000007f9f40000)
  from space 46016K, 97% used [0x00000007fd310000,0x00000007ffef92c0,0x0000000800000000)
  to   space 49536K, 0% used [0x00000007f9f40000,0x00000007f9f40000,0x00000007fcfa0000)
 ParOldGen       total 242688K, used 73518K [0x0000000700600000, 0x000000070f300000, 0x00000007aacb0000)
  object space 242688K, 30% used [0x0000000700600000,0x0000000704dcb850,0x000000070f300000)
 PSPermGen       total 39680K, used 18314K [0x00000006fb400000, 0x00000006fdac0000, 0x0000000700600000)
  object space 39680K, 46% used [0x00000006fb400000,0x00000006fc5e2a40,0x00000006fdac0000)
}

