# JRE version: 7.0_07-b11
# Java VM: Java HotSpot(TM) 64-Bit Server VM (23.3-b01 mixed mode windows-amd64 compressed oops)
Heap
 PSYoungGen      total 151936K, used 71861K [0x00000007aacb0000, 0x00000007b6210000, 0x0000000800000000)
  eden space 140800K, 44% used [0x00000007aacb0000,0x00000007ae9503c0,0x00000007b3630000)
  from space 11136K, 87% used [0x00000007b3630000,0x00000007b3fbd0e0,0x00000007b4110000)
  to   space 11136K, 0% used [0x00000007b5730000,0x00000007b5730000,0x00000007b6210000)
 ParOldGen       total 403968K, used 171916K [0x0000000700600000, 0x0000000719080000, 0x00000007aacb0000)
  object space 403968K, 42% used [0x0000000700600000,0x000000070ade30e0,0x0000000719080000)
 PSPermGen       total 21248K, used 18613K [0x00000006fb400000, 0x00000006fc8c0000, 0x0000000700600000)
  object space 21248K, 87% used [0x00000006fb400000,0x00000006fc62d7e0,0x00000006fc8c0000)
GC Heap History (10 events):
Event: 2781.685 GC heap before
{Heap before GC invocations=4607 (full 210):
 PSYoungGen      total 115328K, used 111511K [0x00000007aacb0000, 0x00000007b2850000, 0x0000000800000000)
  eden space 104192K, 97% used [0x00000007aacb0000,0x00000007b0f62f80,0x00000007b1270000)
  from space 11136K, 93% used [0x00000007b1d50000,0x00000007b2782e70,0x00000007b2830000)
  to   space 11136K, 0% used [0x00000007b1270000,0x00000007b1270000,0x00000007b1d50000)
 ParOldGen       total 403968K, used 114866K [0x0000000700600000, 0x0000000719080000, 0x00000007aacb0000)
  object space 403968K, 28% used [0x0000000700600000,0x000000070762cba0,0x0000000719080000)
 PSPermGen       total 21248K, used 18587K [0x00000006fb400000, 0x00000006fc8c0000, 0x0000000700600000)
  object space 21248K, 87% used [0x00000006fb400000,0x00000006fc626c28,0x00000006fc8c0000)
Event: 2781.689 GC heap after
Heap after GC invocations=4607 (full 210):
 PSYoungGen      total 115328K, used 9716K [0x00000007aacb0000, 0x00000007b38d0000, 0x0000000800000000)
  eden space 104192K, 0% used [0x00000007aacb0000,0x00000007aacb0000,0x00000007b1270000)
  from space 11136K, 87% used [0x00000007b1270000,0x00000007b1bed0e0,0x00000007b1d50000)
  to   space 11136K, 0% used [0x00000007b2df0000,0x00000007b2df0000,0x00000007b38d0000)
 ParOldGen       total 403968K, used 133867K [0x0000000700600000, 0x0000000719080000, 0x00000007aacb0000)
  object space 403968K, 33% used [0x0000000700600000,0x00000007088bad60,0x0000000719080000)
 PSPermGen       total 21248K, used 18587K [0x00000006fb400000, 0x00000006fc8c0000, 0x0000000700600000)
  object space 21248K, 87% used [0x00000006fb400000,0x00000006fc626c28,0x00000006fc8c0000)
}
Event: 2782.140 GC heap before
{Heap before GC invocations=4608 (full 210):
 PSYoungGen      total 115328K, used 108161K [0x00000007aacb0000, 0x00000007b38d0000, 0x0000000800000000)
  eden space 104192K, 94% used [0x00000007aacb0000,0x00000007b0cd33a8,0x00000007b1270000)
  from space 11136K, 87% used [0x00000007b1270000,0x00000007b1bed0e0,0x00000007b1d50000)
  to   space 11136K, 0% used [0x00000007b2df0000,0x00000007b2df0000,0x00000007b38d0000)
 ParOldGen       total 403968K, used 133867K [0x0000000700600000, 0x0000000719080000, 0x00000007aacb0000)
  object space 403968K, 33% used [0x0000000700600000,0x00000007088bad60,0x0000000719080000)
 PSPermGen       total 21248K, used 18587K [0x00000006fb400000, 0x00000006fc8c0000, 0x0000000700600000)
  object space 21248K, 87% used [0x00000006fb400000,0x00000006fc626c28,0x00000006fc8c0000)
Event: 2782.144 GC heap after
Heap after GC invocations=4608 (full 210):
 PSYoungGen      total 132224K, used 10411K [0x00000007aacb0000, 0x00000007b38c0000, 0x0000000800000000)
  eden space 121152K, 0% used [0x00000007aacb0000,0x00000007aacb0000,0x00000007b2300000)
  from space 11072K, 94% used [0x00000007b2df0000,0x00000007b381ae70,0x00000007b38c0000)
  to   space 11136K, 0% used [0x00000007b2300000,0x00000007b2300000,0x00000007b2de0000)
 ParOldGen       total 403968K, used 133899K [0x0000000700600000, 0x0000000719080000, 0x00000007aacb0000)
  object space 403968K, 33% used [0x0000000700600000,0x00000007088c2d60,0x0000000719080000)
 PSPermGen       total 21248K, used 18587K [0x00000006fb400000, 0x00000006fc8c0000, 0x0000000700600000)
  object space 21248K, 87% used [0x00000006fb400000,0x00000006fc626c28,0x00000006fc8c0000)
}
Event: 2782.678 GC heap before
{Heap before GC invocations=4609 (full 210):
 PSYoungGen      total 132224K, used 130500K [0x00000007aacb0000, 0x00000007b38c0000, 0x0000000800000000)
  eden space 121152K, 99% used [0x00000007aacb0000,0x00000007b21f6508,0x00000007b2300000)
  from space 11072K, 94% used [0x00000007b2df0000,0x00000007b381ae70,0x00000007b38c0000)
  to   space 11136K, 0% used [0x00000007b2300000,0x00000007b2300000,0x00000007b2de0000)
 ParOldGen       total 403968K, used 133899K [0x0000000700600000, 0x0000000719080000, 0x00000007aacb0000)
  object space 403968K, 33% used [0x0000000700600000,0x00000007088c2d60,0x0000000719080000)
 PSPermGen       total 21248K, used 18587K [0x00000006fb400000, 0x00000006fc8c0000, 0x0000000700600000)
  object space 21248K, 87% used [0x00000006fb400000,0x00000006fc626c28,0x00000006fc8c0000)
Event: 2782.684 GC heap after
Heap after GC invocations=4609 (full 210):
 PSYoungGen      total 132288K, used 9716K [0x00000007aacb0000, 0x00000007b4c20000, 0x0000000800000000)
  eden space 121152K, 0% used [0x00000007aacb0000,0x00000007aacb0000,0x00000007b2300000)
  from space 11136K, 87% used [0x00000007b2300000,0x00000007b2c7d0e0,0x00000007b2de0000)
  to   space 11136K, 0% used [0x00000007b4140000,0x00000007b4140000,0x00000007b4c20000)
 ParOldGen       total 403968K, used 152891K [0x0000000700600000, 0x0000000719080000, 0x00000007aacb0000)
  object space 403968K, 37% used [0x0000000700600000,0x0000000709b4ef20,0x0000000719080000)
 PSPermGen       total 21248K, used 18587K [0x00000006fb400000, 0x00000006fc8c0000, 0x0000000700600000)
  object space 21248K, 87% used [0x00000006fb400000,0x00000006fc626c28,0x00000006fc8c0000)
}
Event: 2783.225 GC heap before
{Heap before GC invocations=4610 (full 210):
 PSYoungGen      total 132288K, used 127119K [0x00000007aacb0000, 0x00000007b4c20000, 0x0000000800000000)
  eden space 121152K, 96% used [0x00000007aacb0000,0x00000007b1f56bd8,0x00000007b2300000)
  from space 11136K, 87% used [0x00000007b2300000,0x00000007b2c7d0e0,0x00000007b2de0000)
  to   space 11136K, 0% used [0x00000007b4140000,0x00000007b4140000,0x00000007b4c20000)
 ParOldGen       total 403968K, used 152891K [0x0000000700600000, 0x0000000719080000, 0x00000007aacb0000)
  object space 403968K, 37% used [0x0000000700600000,0x0000000709b4ef20,0x0000000719080000)
 PSPermGen       total 21248K, used 18587K [0x00000006fb400000, 0x00000006fc8c0000, 0x0000000700600000)
  object space 21248K, 87% used [0x00000006fb400000,0x00000006fc626c28,0x00000006fc8c0000)
Event: 2783.229 GC heap after
Heap after GC invocations=4610 (full 210):
 PSYoungGen      total 151744K, used 10475K [0x00000007aacb0000, 0x00000007b4bf0000, 0x0000000800000000)
  eden space 140800K, 0% used [0x00000007aacb0000,0x00000007aacb0000,0x00000007b3630000)
  from space 10944K, 95% used [0x00000007b4140000,0x00000007b4b7ae70,0x00000007b4bf0000)
  to   space 11136K, 0% used [0x00000007b3630000,0x00000007b3630000,0x00000007b4110000)
 ParOldGen       total 403968K, used 152915K [0x0000000700600000, 0x0000000719080000, 0x00000007aacb0000)
  object space 403968K, 37% used [0x0000000700600000,0x0000000709b54f20,0x0000000719080000)
 PSPermGen       total 21248K, used 18587K [0x00000006fb400000, 0x00000006fc8c0000, 0x0000000700600000)
  object space 21248K, 87% used [0x00000006fb400000,0x00000006fc626c28,0x00000006fc8c0000)
}
Event: 2783.802 GC heap before
{Heap before GC invocations=4611 (full 210):
 PSYoungGen      total 151744K, used 149487K [0x00000007aacb0000, 0x00000007b4bf0000, 0x0000000800000000)
  eden space 140800K, 98% used [0x00000007aacb0000,0x00000007b3470d98,0x00000007b3630000)
  from space 10944K, 95% used [0x00000007b4140000,0x00000007b4b7ae70,0x00000007b4bf0000)
  to   space 11136K, 0% used [0x00000007b3630000,0x00000007b3630000,0x00000007b4110000)
 ParOldGen       total 403968K, used 152915K [0x0000000700600000, 0x0000000719080000, 0x00000007aacb0000)
  object space 403968K, 37% used [0x0000000700600000,0x0000000709b54f20,0x0000000719080000)
 PSPermGen       total 21248K, used 18587K [0x00000006fb400000, 0x00000006fc8c0000, 0x0000000700600000)
  object space 21248K, 87% used [0x00000006fb400000,0x00000006fc626c28,0x00000006fc8c0000)
Event: 2783.806 GC heap after
Heap after GC invocations=4611 (full 210):
 PSYoungGen      total 151936K, used 9780K [0x00000007aacb0000, 0x00000007b6210000, 0x0000000800000000)
  eden space 140800K, 0% used [0x00000007aacb0000,0x00000007aacb0000,0x00000007b3630000)
  from space 11136K, 87% used [0x00000007b3630000,0x00000007b3fbd0e0,0x00000007b4110000)
  to   space 11136K, 0% used [0x00000007b5730000,0x00000007b5730000,0x00000007b6210000)
 ParOldGen       total 403968K, used 171916K [0x0000000700600000, 0x0000000719080000, 0x00000007aacb0000)
  object space 403968K, 42% used [0x0000000700600000,0x000000070ade30e0,0x0000000719080000)
 PSPermGen       total 21248K, used 18587K [0x00000006fb400000, 0x00000006fc8c0000, 0x0000000700600000)
  object space 21248K, 87% used [0x00000006fb400000,0x00000006fc626c28,0x00000006fc8c0000)
}

