# JRE version: 7.0_07-b11
# Java VM: Java HotSpot(TM) 64-Bit Server VM (23.3-b01 mixed mode windows-amd64 compressed oops)
Heap
 PSYoungGen      total 458880K, used 71998K [0x00000007aacb0000, 0x00000007cd5b0000, 0x0000000800000000)
  eden space 384768K, 6% used [0x00000007aacb0000,0x00000007ac52b928,0x00000007c2470000)
  from space 74112K, 63% used [0x00000007c2470000,0x00000007c5243f90,0x00000007c6cd0000)
  to   space 73344K, 0% used [0x00000007c8e10000,0x00000007c8e10000,0x00000007cd5b0000)
 ParOldGen       total 266816K, used 209425K [0x0000000700600000, 0x0000000710a90000, 0x00000007aacb0000)
  object space 266816K, 78% used [0x0000000700600000,0x000000070d284600,0x0000000710a90000)
 PSPermGen       total 39680K, used 18128K [0x00000006fb400000, 0x00000006fdac0000, 0x0000000700600000)
  object space 39680K, 45% used [0x00000006fb400000,0x00000006fc5b4000,0x00000006fdac0000)
GC Heap History (10 events):
Event: 15.934 GC heap before
{Heap before GC invocations=20 (full 3):
 PSYoungGen      total 379648K, used 356806K [0x00000007aacb0000, 0x00000007c65d0000, 0x0000000800000000)
  eden space 312576K, 99% used [0x00000007aacb0000,0x00000007bdb55b38,0x00000007bddf0000)
  from space 67072K, 69% used [0x00000007c2130000,0x00000007c4efbf90,0x00000007c62b0000)
  to   space 68864K, 0% used [0x00000007bddf0000,0x00000007bddf0000,0x00000007c2130000)
 ParOldGen       total 266816K, used 209425K [0x0000000700600000, 0x0000000710a90000, 0x00000007aacb0000)
  object space 266816K, 78% used [0x0000000700600000,0x000000070d284600,0x0000000710a90000)
 PSPermGen       total 39680K, used 18113K [0x00000006fb400000, 0x00000006fdac0000, 0x0000000700600000)
  object space 39680K, 45% used [0x00000006fb400000,0x00000006fc5b0710,0x00000006fdac0000)
Event: 15.944 GC heap after
Heap after GC invocations=20 (full 3):
 PSYoungGen      total 381440K, used 61703K [0x00000007aacb0000, 0x00000007c96a0000, 0x0000000800000000)
  eden space 312576K, 0% used [0x00000007aacb0000,0x00000007aacb0000,0x00000007bddf0000)
  from space 68864K, 89% used [0x00000007bddf0000,0x00000007c1a31ef0,0x00000007c2130000)
  to   space 75520K, 0% used [0x00000007c4ce0000,0x00000007c4ce0000,0x00000007c96a0000)
 ParOldGen       total 266816K, used 209425K [0x0000000700600000, 0x0000000710a90000, 0x00000007aacb0000)
  object space 266816K, 78% used [0x0000000700600000,0x000000070d284600,0x0000000710a90000)
 PSPermGen       total 39680K, used 18113K [0x00000006fb400000, 0x00000006fdac0000, 0x0000000700600000)
  object space 39680K, 45% used [0x00000006fb400000,0x00000006fc5b0710,0x00000006fdac0000)
}
Event: 17.088 GC heap before
{Heap before GC invocations=21 (full 3):
 PSYoungGen      total 381440K, used 368957K [0x00000007aacb0000, 0x00000007c96a0000, 0x0000000800000000)
  eden space 312576K, 98% used [0x00000007aacb0000,0x00000007bd8bd640,0x00000007bddf0000)
  from space 68864K, 89% used [0x00000007bddf0000,0x00000007c1a31ef0,0x00000007c2130000)
  to   space 75520K, 0% used [0x00000007c4ce0000,0x00000007c4ce0000,0x00000007c96a0000)
 ParOldGen       total 266816K, used 209425K [0x0000000700600000, 0x0000000710a90000, 0x00000007aacb0000)
  object space 266816K, 78% used [0x0000000700600000,0x000000070d284600,0x0000000710a90000)
 PSPermGen       total 39680K, used 18116K [0x00000006fb400000, 0x00000006fdac0000, 0x0000000700600000)
  object space 39680K, 45% used [0x00000006fb400000,0x00000006fc5b1270,0x00000006fdac0000)
Event: 17.099 GC heap after
Heap after GC invocations=21 (full 3):
 PSYoungGen      total 423232K, used 47117K [0x00000007aacb0000, 0x00000007c9520000, 0x0000000800000000)
  eden space 349248K, 0% used [0x00000007aacb0000,0x00000007aacb0000,0x00000007c01c0000)
  from space 73984K, 63% used [0x00000007c4ce0000,0x00000007c7ae36f0,0x00000007c9520000)
  to   space 75456K, 0% used [0x00000007c01c0000,0x00000007c01c0000,0x00000007c4b70000)
 ParOldGen       total 266816K, used 209425K [0x0000000700600000, 0x0000000710a90000, 0x00000007aacb0000)
  object space 266816K, 78% used [0x0000000700600000,0x000000070d284600,0x0000000710a90000)
 PSPermGen       total 39680K, used 18116K [0x00000006fb400000, 0x00000006fdac0000, 0x0000000700600000)
  object space 39680K, 45% used [0x00000006fb400000,0x00000006fc5b1270,0x00000006fdac0000)
}
Event: 18.410 GC heap before
{Heap before GC invocations=22 (full 3):
 PSYoungGen      total 423232K, used 395008K [0x00000007aacb0000, 0x00000007c9520000, 0x0000000800000000)
  eden space 349248K, 99% used [0x00000007aacb0000,0x00000007c006ca48,0x00000007c01c0000)
  from space 73984K, 63% used [0x00000007c4ce0000,0x00000007c7ae36f0,0x00000007c9520000)
  to   space 75456K, 0% used [0x00000007c01c0000,0x00000007c01c0000,0x00000007c4b70000)
 ParOldGen       total 266816K, used 209425K [0x0000000700600000, 0x0000000710a90000, 0x00000007aacb0000)
  object space 266816K, 78% used [0x0000000700600000,0x000000070d284600,0x0000000710a90000)
 PSPermGen       total 39680K, used 18117K [0x00000006fb400000, 0x00000006fdac0000, 0x0000000700600000)
  object space 39680K, 45% used [0x00000006fb400000,0x00000006fc5b1678,0x00000006fdac0000)
Event: 18.418 GC heap after
Heap after GC invocations=22 (full 3):
 PSYoungGen      total 424704K, used 45946K [0x00000007aacb0000, 0x00000007cb790000, 0x0000000800000000)
  eden space 349248K, 0% used [0x00000007aacb0000,0x00000007aacb0000,0x00000007c01c0000)
  from space 75456K, 60% used [0x00000007c01c0000,0x00000007c2e9eaa0,0x00000007c4b70000)
  to   space 74624K, 0% used [0x00000007c6eb0000,0x00000007c6eb0000,0x00000007cb790000)
 ParOldGen       total 266816K, used 209425K [0x0000000700600000, 0x0000000710a90000, 0x00000007aacb0000)
  object space 266816K, 78% used [0x0000000700600000,0x000000070d284600,0x0000000710a90000)
 PSPermGen       total 39680K, used 18117K [0x00000006fb400000, 0x00000006fdac0000, 0x0000000700600000)
  object space 39680K, 45% used [0x00000006fb400000,0x00000006fc5b1678,0x00000006fdac0000)
}
Event: 19.657 GC heap before
{Heap before GC invocations=23 (full 3):
 PSYoungGen      total 424704K, used 391179K [0x00000007aacb0000, 0x00000007cb790000, 0x0000000800000000)
  eden space 349248K, 98% used [0x00000007aacb0000,0x00000007bfdd4238,0x00000007c01c0000)
  from space 75456K, 60% used [0x00000007c01c0000,0x00000007c2e9eaa0,0x00000007c4b70000)
  to   space 74624K, 0% used [0x00000007c6eb0000,0x00000007c6eb0000,0x00000007cb790000)
 ParOldGen       total 266816K, used 209425K [0x0000000700600000, 0x0000000710a90000, 0x00000007aacb0000)
  object space 266816K, 78% used [0x0000000700600000,0x000000070d284600,0x0000000710a90000)
 PSPermGen       total 39680K, used 18118K [0x00000006fb400000, 0x00000006fdac0000, 0x0000000700600000)
  object space 39680K, 45% used [0x00000006fb400000,0x00000006fc5b1a50,0x00000006fdac0000)
Event: 19.667 GC heap after
Heap after GC invocations=23 (full 3):
 PSYoungGen      total 456960K, used 47085K [0x00000007aacb0000, 0x00000007cb530000, 0x0000000800000000)
  eden space 384768K, 0% used [0x00000007aacb0000,0x00000007aacb0000,0x00000007c2470000)
  from space 72192K, 65% used [0x00000007c6eb0000,0x00000007c9cab6f0,0x00000007cb530000)
  to   space 74112K, 0% used [0x00000007c2470000,0x00000007c2470000,0x00000007c6cd0000)
 ParOldGen       total 266816K, used 209425K [0x0000000700600000, 0x0000000710a90000, 0x00000007aacb0000)
  object space 266816K, 78% used [0x0000000700600000,0x000000070d284600,0x0000000710a90000)
 PSPermGen       total 39680K, used 18118K [0x00000006fb400000, 0x00000006fdac0000, 0x0000000700600000)
  object space 39680K, 45% used [0x00000006fb400000,0x00000006fc5b1a50,0x00000006fdac0000)
}
Event: 21.006 GC heap before
{Heap before GC invocations=24 (full 3):
 PSYoungGen      total 456960K, used 426892K [0x00000007aacb0000, 0x00000007cb530000, 0x0000000800000000)
  eden space 384768K, 98% used [0x00000007aacb0000,0x00000007c1f97a38,0x00000007c2470000)
  from space 72192K, 65% used [0x00000007c6eb0000,0x00000007c9cab6f0,0x00000007cb530000)
  to   space 74112K, 0% used [0x00000007c2470000,0x00000007c2470000,0x00000007c6cd0000)
 ParOldGen       total 266816K, used 209425K [0x0000000700600000, 0x0000000710a90000, 0x00000007aacb0000)
  object space 266816K, 78% used [0x0000000700600000,0x000000070d284600,0x0000000710a90000)
 PSPermGen       total 39680K, used 18126K [0x00000006fb400000, 0x00000006fdac0000, 0x0000000700600000)
  object space 39680K, 45% used [0x00000006fb400000,0x00000006fc5b3b08,0x00000006fdac0000)
Event: 21.012 GC heap after
Heap after GC invocations=24 (full 3):
 PSYoungGen      total 458880K, used 46927K [0x00000007aacb0000, 0x00000007cd5b0000, 0x0000000800000000)
  eden space 384768K, 0% used [0x00000007aacb0000,0x00000007aacb0000,0x00000007c2470000)
  from space 74112K, 63% used [0x00000007c2470000,0x00000007c5243f90,0x00000007c6cd0000)
  to   space 73344K, 0% used [0x00000007c8e10000,0x00000007c8e10000,0x00000007cd5b0000)
 ParOldGen       total 266816K, used 209425K [0x0000000700600000, 0x0000000710a90000, 0x00000007aacb0000)
  object space 266816K, 78% used [0x0000000700600000,0x000000070d284600,0x0000000710a90000)
 PSPermGen       total 39680K, used 18126K [0x00000006fb400000, 0x00000006fdac0000, 0x0000000700600000)
  object space 39680K, 45% used [0x00000006fb400000,0x00000006fc5b3b08,0x00000006fdac0000)
}

