# JRE version: 7.0_07-b11
# Java VM: Java HotSpot(TM) 64-Bit Server VM (23.3-b01 mixed mode windows-amd64 compressed oops)
Heap
 PSYoungGen      total 1310912K, used 803937K [0x00000007aacb0000, 0x00000007ffdd0000, 0x0000000800000000)
  eden space 1230976K, 65% used [0x00000007aacb0000,0x00000007dbdc8550,0x00000007f5ed0000)
  from space 79936K, 0% used [0x00000007f5ed0000,0x00000007f5ed0000,0x00000007face0000)
  to   space 81408K, 0% used [0x00000007fae50000,0x00000007fae50000,0x00000007ffdd0000)
 ParOldGen       total 448640K, used 35580K [0x0000000700600000, 0x000000071bc20000, 0x00000007aacb0000)
  object space 448640K, 7% used [0x0000000700600000,0x00000007028bf098,0x000000071bc20000)
 PSPermGen       total 30656K, used 18127K [0x00000006fb400000, 0x00000006fd1f0000, 0x0000000700600000)
  object space 30656K, 59% used [0x00000006fb400000,0x00000006fc5b3e10,0x00000006fd1f0000)
GC Heap History (10 events):
Event: 45.643 GC heap before
{Heap before GC invocations=35 (full 7):
 PSYoungGen      total 1318272K, used 1239945K [0x00000007aacb0000, 0x0000000800000000, 0x0000000800000000)
  eden space 1240512K, 99% used [0x00000007aacb0000,0x00000007f675a7e8,0x00000007f6820000)
  from space 77760K, 0% used [0x00000007f6820000,0x00000007f6858000,0x00000007fb410000)
  to   space 77504K, 0% used [0x00000007fb450000,0x00000007fb450000,0x0000000800000000)
 ParOldGen       total 390912K, used 312442K [0x0000000700600000, 0x00000007183c0000, 0x00000007aacb0000)
  object space 390912K, 79% used [0x0000000700600000,0x000000071371eb70,0x00000007183c0000)
 PSPermGen       total 32320K, used 18081K [0x00000006fb400000, 0x00000006fd390000, 0x0000000700600000)
  object space 32320K, 55% used [0x00000006fb400000,0x00000006fc5a86a8,0x00000006fd390000)
Event: 45.652 GC heap after
Heap after GC invocations=35 (full 7):
 PSYoungGen      total 1306240K, used 55965K [0x00000007aacb0000, 0x0000000800000000, 0x0000000800000000)
  eden space 1228736K, 0% used [0x00000007aacb0000,0x00000007aacb0000,0x00000007f5ca0000)
  from space 77504K, 72% used [0x00000007fb450000,0x00000007feaf77d0,0x0000000800000000)
  to   space 83648K, 0% used [0x00000007f5ca0000,0x00000007f5ca0000,0x00000007fae50000)
 ParOldGen       total 390912K, used 312442K [0x0000000700600000, 0x00000007183c0000, 0x00000007aacb0000)
  object space 390912K, 79% used [0x0000000700600000,0x000000071371eb70,0x00000007183c0000)
 PSPermGen       total 32320K, used 18081K [0x00000006fb400000, 0x00000006fd390000, 0x0000000700600000)
  object space 32320K, 55% used [0x00000006fb400000,0x00000006fc5a86a8,0x00000006fd390000)
}
Event: 47.752 GC heap before
{Heap before GC invocations=36 (full 7):
 PSYoungGen      total 1306240K, used 1284523K [0x00000007aacb0000, 0x0000000800000000, 0x0000000800000000)
  eden space 1228736K, 99% used [0x00000007aacb0000,0x00000007f5c736f8,0x00000007f5ca0000)
  from space 77504K, 72% used [0x00000007fb450000,0x00000007feaf77d0,0x0000000800000000)
  to   space 83648K, 0% used [0x00000007f5ca0000,0x00000007f5ca0000,0x00000007fae50000)
 ParOldGen       total 390912K, used 312442K [0x0000000700600000, 0x00000007183c0000, 0x00000007aacb0000)
  object space 390912K, 79% used [0x0000000700600000,0x000000071371eb70,0x00000007183c0000)
 PSPermGen       total 32320K, used 18083K [0x00000006fb400000, 0x00000006fd390000, 0x0000000700600000)
  object space 32320K, 55% used [0x00000006fb400000,0x00000006fc5a8c80,0x00000006fd390000)
Event: 47.763 GC heap after
Heap after GC invocations=36 (full 7):
 PSYoungGen      total 1275968K, used 47191K [0x00000007aacb0000, 0x0000000800000000, 0x0000000800000000)
  eden space 1228736K, 0% used [0x00000007aacb0000,0x00000007aacb0000,0x00000007f5ca0000)
  from space 47232K, 99% used [0x00000007f5ca0000,0x00000007f8ab5da8,0x00000007f8ac0000)
  to   space 85120K, 0% used [0x00000007face0000,0x00000007face0000,0x0000000800000000)
 ParOldGen       total 390912K, used 312442K [0x0000000700600000, 0x00000007183c0000, 0x00000007aacb0000)
  object space 390912K, 79% used [0x0000000700600000,0x000000071371eb70,0x00000007183c0000)
 PSPermGen       total 32320K, used 18083K [0x00000006fb400000, 0x00000006fd390000, 0x0000000700600000)
  object space 32320K, 55% used [0x00000006fb400000,0x00000006fc5a8c80,0x00000006fd390000)
}
Event: 49.838 GC heap before
{Heap before GC invocations=37 (full 7):
 PSYoungGen      total 1275968K, used 1270902K [0x00000007aacb0000, 0x0000000800000000, 0x0000000800000000)
  eden space 1228736K, 99% used [0x00000007aacb0000,0x00000007f57b7e30,0x00000007f5ca0000)
  from space 47232K, 99% used [0x00000007f5ca0000,0x00000007f8ab5da8,0x00000007f8ac0000)
  to   space 85120K, 0% used [0x00000007face0000,0x00000007face0000,0x0000000800000000)
 ParOldGen       total 390912K, used 312442K [0x0000000700600000, 0x00000007183c0000, 0x00000007aacb0000)
  object space 390912K, 79% used [0x0000000700600000,0x000000071371eb70,0x00000007183c0000)
 PSPermGen       total 32320K, used 18084K [0x00000006fb400000, 0x00000006fd390000, 0x0000000700600000)
  object space 32320K, 55% used [0x00000006fb400000,0x00000006fc5a9150,0x00000006fd390000)
Event: 49.842 GC heap after
Heap after GC invocations=37 (full 7):
 PSYoungGen      total 1316096K, used 30959K [0x00000007aacb0000, 0x0000000800000000, 0x0000000800000000)
  eden space 1230976K, 0% used [0x00000007aacb0000,0x00000007aacb0000,0x00000007f5ed0000)
  from space 85120K, 36% used [0x00000007face0000,0x00000007fcb1bd88,0x0000000800000000)
  to   space 79936K, 0% used [0x00000007f5ed0000,0x00000007f5ed0000,0x00000007face0000)
 ParOldGen       total 390912K, used 312442K [0x0000000700600000, 0x00000007183c0000, 0x00000007aacb0000)
  object space 390912K, 79% used [0x0000000700600000,0x000000071371eb70,0x00000007183c0000)
 PSPermGen       total 32320K, used 18084K [0x00000006fb400000, 0x00000006fd390000, 0x0000000700600000)
  object space 32320K, 55% used [0x00000006fb400000,0x00000006fc5a9150,0x00000006fd390000)
}
Event: 51.904 GC heap before
{Heap before GC invocations=38 (full 7):
 PSYoungGen      total 1316096K, used 1260275K [0x00000007aacb0000, 0x0000000800000000, 0x0000000800000000)
  eden space 1230976K, 99% used [0x00000007aacb0000,0x00000007f5d311c0,0x00000007f5ed0000)
  from space 85120K, 36% used [0x00000007face0000,0x00000007fcb1bd88,0x0000000800000000)
  to   space 79936K, 0% used [0x00000007f5ed0000,0x00000007f5ed0000,0x00000007face0000)
 ParOldGen       total 390912K, used 317885K [0x0000000700600000, 0x00000007183c0000, 0x00000007aacb0000)
  object space 390912K, 81% used [0x0000000700600000,0x0000000713c6f450,0x00000007183c0000)
 PSPermGen       total 32320K, used 18086K [0x00000006fb400000, 0x00000006fd390000, 0x0000000700600000)
  object space 32320K, 55% used [0x00000006fb400000,0x00000006fc5a99c8,0x00000006fd390000)
Event: 51.910 GC heap after
Heap after GC invocations=38 (full 7):
 PSYoungGen      total 1310912K, used 47604K [0x00000007aacb0000, 0x00000007ffdd0000, 0x0000000800000000)
  eden space 1230976K, 0% used [0x00000007aacb0000,0x00000007aacb0000,0x00000007f5ed0000)
  from space 79936K, 59% used [0x00000007f5ed0000,0x00000007f8d4d230,0x00000007face0000)
  to   space 81408K, 0% used [0x00000007fae50000,0x00000007fae50000,0x00000007ffdd0000)
 ParOldGen       total 390912K, used 317885K [0x0000000700600000, 0x00000007183c0000, 0x00000007aacb0000)
  object space 390912K, 81% used [0x0000000700600000,0x0000000713c6f450,0x00000007183c0000)
 PSPermGen       total 32320K, used 18086K [0x00000006fb400000, 0x00000006fd390000, 0x0000000700600000)
  object space 32320K, 55% used [0x00000006fb400000,0x00000006fc5a99c8,0x00000006fd390000)
}
Event: 54.216 GC heap before
{Heap before GC invocations=39 (full 8):
 PSYoungGen      total 1310912K, used 1278552K [0x00000007aacb0000, 0x00000007ffdd0000, 0x0000000800000000)
  eden space 1230976K, 99% used [0x00000007aacb0000,0x00000007f5ec91c0,0x00000007f5ed0000)
  from space 79936K, 59% used [0x00000007f5ed0000,0x00000007f8d4d230,0x00000007face0000)
  to   space 81408K, 0% used [0x00000007fae50000,0x00000007fae50000,0x00000007ffdd0000)
 ParOldGen       total 442432K, used 442255K [0x0000000700600000, 0x000000071b610000, 0x00000007aacb0000)
  object space 442432K, 99% used [0x0000000700600000,0x000000071b5e3d98,0x000000071b610000)
 PSPermGen       total 32320K, used 18091K [0x00000006fb400000, 0x00000006fd390000, 0x0000000700600000)
  object space 32320K, 55% used [0x00000006fb400000,0x00000006fc5aad68,0x00000006fd390000)
Event: 54.249 GC heap after
Heap after GC invocations=39 (full 8):
 PSYoungGen      total 1310912K, used 0K [0x00000007aacb0000, 0x00000007ffdd0000, 0x0000000800000000)
  eden space 1230976K, 0% used [0x00000007aacb0000,0x00000007aacb0000,0x00000007f5ed0000)
  from space 79936K, 0% used [0x00000007f5ed0000,0x00000007f5ed0000,0x00000007face0000)
  to   space 81408K, 0% used [0x00000007fae50000,0x00000007fae50000,0x00000007ffdd0000)
 ParOldGen       total 448640K, used 35580K [0x0000000700600000, 0x000000071bc20000, 0x00000007aacb0000)
  object space 448640K, 7% used [0x0000000700600000,0x00000007028bf098,0x000000071bc20000)
 PSPermGen       total 30656K, used 18091K [0x00000006fb400000, 0x00000006fd1f0000, 0x0000000700600000)
  object space 30656K, 59% used [0x00000006fb400000,0x00000006fc5aacc8,0x00000006fd1f0000)
}

