# JRE version: 7.0_07-b11
# Java VM: Java HotSpot(TM) 64-Bit Server VM (23.3-b01 mixed mode windows-amd64 compressed oops)
Heap
 PSYoungGen      total 834304K, used 65585K [0x00000007aacb0000, 0x00000007e3c70000, 0x0000000800000000)
  eden space 734656K, 1% used [0x00000007aacb0000,0x00000007ab8a44c0,0x00000007d7a20000)
  from space 99648K, 53% used [0x00000007ddb20000,0x00000007e0f37fe0,0x00000007e3c70000)
  to   space 99328K, 0% used [0x00000007d7a20000,0x00000007d7a20000,0x00000007ddb20000)
 ParOldGen       total 381952K, used 281739K [0x0000000700600000, 0x0000000717b00000, 0x00000007aacb0000)
  object space 381952K, 73% used [0x0000000700600000,0x0000000711922f00,0x0000000717b00000)
 PSPermGen       total 36096K, used 18115K [0x00000006fb400000, 0x00000006fd740000, 0x0000000700600000)
  object space 36096K, 50% used [0x00000006fb400000,0x00000006fc5b0d58,0x00000006fd740000)
GC Heap History (10 events):
Event: 25.199 GC heap before
{Heap before GC invocations=31 (full 5):
 PSYoungGen      total 724416K, used 688638K [0x00000007aacb0000, 0x00000007dd620000, 0x0000000800000000)
  eden space 622784K, 100% used [0x00000007aacb0000,0x00000007d0ce0000,0x00000007d0ce0000)
  from space 101632K, 64% used [0x00000007d72e0000,0x00000007db32fbd0,0x00000007dd620000)
  to   space 103040K, 0% used [0x00000007d0ce0000,0x00000007d0ce0000,0x00000007d7180000)
 ParOldGen       total 323904K, used 316297K [0x0000000700600000, 0x0000000714250000, 0x00000007aacb0000)
  object space 323904K, 97% used [0x0000000700600000,0x0000000713ae26b0,0x0000000714250000)
 PSPermGen       total 37696K, used 18067K [0x00000006fb400000, 0x00000006fd8d0000, 0x0000000700600000)
  object space 37696K, 47% used [0x00000006fb400000,0x00000006fc5a4d30,0x00000006fd8d0000)
Event: 25.234 GC heap after
Heap after GC invocations=31 (full 5):
 PSYoungGen      total 724416K, used 0K [0x00000007aacb0000, 0x00000007dd620000, 0x0000000800000000)
  eden space 622784K, 0% used [0x00000007aacb0000,0x00000007aacb0000,0x00000007d0ce0000)
  from space 101632K, 0% used [0x00000007d72e0000,0x00000007d72e0000,0x00000007dd620000)
  to   space 103040K, 0% used [0x00000007d0ce0000,0x00000007d0ce0000,0x00000007d7180000)
 ParOldGen       total 381952K, used 51003K [0x0000000700600000, 0x0000000717b00000, 0x00000007aacb0000)
  object space 381952K, 13% used [0x0000000700600000,0x00000007037ced78,0x0000000717b00000)
 PSPermGen       total 36096K, used 18067K [0x00000006fb400000, 0x00000006fd740000, 0x0000000700600000)
  object space 36096K, 50% used [0x00000006fb400000,0x00000006fc5a4c10,0x00000006fd740000)
}
Event: 26.382 GC heap before
{Heap before GC invocations=32 (full 5):
 PSYoungGen      total 724416K, used 621687K [0x00000007aacb0000, 0x00000007dd620000, 0x0000000800000000)
  eden space 622784K, 99% used [0x00000007aacb0000,0x00000007d0bcde38,0x00000007d0ce0000)
  from space 101632K, 0% used [0x00000007d72e0000,0x00000007d72e0000,0x00000007dd620000)
  to   space 103040K, 0% used [0x00000007d0ce0000,0x00000007d0ce0000,0x00000007d7180000)
 ParOldGen       total 381952K, used 59103K [0x0000000700600000, 0x0000000717b00000, 0x00000007aacb0000)
  object space 381952K, 15% used [0x0000000700600000,0x0000000703fb7d98,0x0000000717b00000)
 PSPermGen       total 36096K, used 18071K [0x00000006fb400000, 0x00000006fd740000, 0x0000000700600000)
  object space 36096K, 50% used [0x00000006fb400000,0x00000006fc5a5f90,0x00000006fd740000)
Event: 26.385 GC heap after
Heap after GC invocations=32 (full 5):
 PSYoungGen      total 725824K, used 29291K [0x00000007aacb0000, 0x00000007e1260000, 0x0000000800000000)
  eden space 622784K, 0% used [0x00000007aacb0000,0x00000007aacb0000,0x00000007d0ce0000)
  from space 103040K, 28% used [0x00000007d0ce0000,0x00000007d297ac60,0x00000007d7180000)
  to   space 102080K, 0% used [0x00000007daeb0000,0x00000007daeb0000,0x00000007e1260000)
 ParOldGen       total 381952K, used 59103K [0x0000000700600000, 0x0000000717b00000, 0x00000007aacb0000)
  object space 381952K, 15% used [0x0000000700600000,0x0000000703fb7d98,0x0000000717b00000)
 PSPermGen       total 36096K, used 18071K [0x00000006fb400000, 0x00000006fd740000, 0x0000000700600000)
  object space 36096K, 50% used [0x00000006fb400000,0x00000006fc5a5f90,0x00000006fd740000)
}
Event: 27.700 GC heap before
{Heap before GC invocations=33 (full 5):
 PSYoungGen      total 725824K, used 652075K [0x00000007aacb0000, 0x00000007e1260000, 0x0000000800000000)
  eden space 622784K, 100% used [0x00000007aacb0000,0x00000007d0ce0000,0x00000007d0ce0000)
  from space 103040K, 28% used [0x00000007d0ce0000,0x00000007d297ac60,0x00000007d7180000)
  to   space 102080K, 0% used [0x00000007daeb0000,0x00000007daeb0000,0x00000007e1260000)
 ParOldGen       total 381952K, used 171055K [0x0000000700600000, 0x0000000717b00000, 0x00000007aacb0000)
  object space 381952K, 44% used [0x0000000700600000,0x000000070ad0bf98,0x0000000717b00000)
 PSPermGen       total 36096K, used 18072K [0x00000006fb400000, 0x00000006fd740000, 0x0000000700600000)
  object space 36096K, 50% used [0x00000006fb400000,0x00000006fc5a62f8,0x00000006fd740000)
Event: 27.704 GC heap after
Heap after GC invocations=33 (full 5):
 PSYoungGen      total 774528K, used 18545K [0x00000007aacb0000, 0x00000007e0be0000, 0x0000000800000000)
  eden space 679104K, 0% used [0x00000007aacb0000,0x00000007aacb0000,0x00000007d43e0000)
  from space 95424K, 19% used [0x00000007daeb0000,0x00000007dc0cc430,0x00000007e0be0000)
  to   space 102400K, 0% used [0x00000007d43e0000,0x00000007d43e0000,0x00000007da7e0000)
 ParOldGen       total 381952K, used 171055K [0x0000000700600000, 0x0000000717b00000, 0x00000007aacb0000)
  object space 381952K, 44% used [0x0000000700600000,0x000000070ad0bf98,0x0000000717b00000)
 PSPermGen       total 36096K, used 18072K [0x00000006fb400000, 0x00000006fd740000, 0x0000000700600000)
  object space 36096K, 50% used [0x00000006fb400000,0x00000006fc5a62f8,0x00000006fd740000)
}
Event: 29.155 GC heap before
{Heap before GC invocations=34 (full 5):
 PSYoungGen      total 774528K, used 697649K [0x00000007aacb0000, 0x00000007e0be0000, 0x0000000800000000)
  eden space 679104K, 100% used [0x00000007aacb0000,0x00000007d43e0000,0x00000007d43e0000)
  from space 95424K, 19% used [0x00000007daeb0000,0x00000007dc0cc430,0x00000007e0be0000)
  to   space 102400K, 0% used [0x00000007d43e0000,0x00000007d43e0000,0x00000007da7e0000)
 ParOldGen       total 381952K, used 281739K [0x0000000700600000, 0x0000000717b00000, 0x00000007aacb0000)
  object space 381952K, 73% used [0x0000000700600000,0x0000000711922f00,0x0000000717b00000)
 PSPermGen       total 36096K, used 18076K [0x00000006fb400000, 0x00000006fd740000, 0x0000000700600000)
  object space 36096K, 50% used [0x00000006fb400000,0x00000006fc5a71c0,0x00000006fd740000)
Event: 29.158 GC heap after
Heap after GC invocations=34 (full 5):
 PSYoungGen      total 781504K, used 18481K [0x00000007aacb0000, 0x00000007e3e90000, 0x0000000800000000)
  eden space 679104K, 0% used [0x00000007aacb0000,0x00000007aacb0000,0x00000007d43e0000)
  from space 102400K, 18% used [0x00000007d43e0000,0x00000007d55ec430,0x00000007da7e0000)
  to   space 101824K, 0% used [0x00000007ddb20000,0x00000007ddb20000,0x00000007e3e90000)
 ParOldGen       total 381952K, used 281739K [0x0000000700600000, 0x0000000717b00000, 0x00000007aacb0000)
  object space 381952K, 73% used [0x0000000700600000,0x0000000711922f00,0x0000000717b00000)
 PSPermGen       total 36096K, used 18076K [0x00000006fb400000, 0x00000006fd740000, 0x0000000700600000)
  object space 36096K, 50% used [0x00000006fb400000,0x00000006fc5a71c0,0x00000006fd740000)
}
Event: 30.628 GC heap before
{Heap before GC invocations=35 (full 5):
 PSYoungGen      total 781504K, used 696780K [0x00000007aacb0000, 0x00000007e3e90000, 0x0000000800000000)
  eden space 679104K, 99% used [0x00000007aacb0000,0x00000007d4316ea8,0x00000007d43e0000)
  from space 102400K, 18% used [0x00000007d43e0000,0x00000007d55ec430,0x00000007da7e0000)
  to   space 101824K, 0% used [0x00000007ddb20000,0x00000007ddb20000,0x00000007e3e90000)
 ParOldGen       total 381952K, used 281739K [0x0000000700600000, 0x0000000717b00000, 0x00000007aacb0000)
  object space 381952K, 73% used [0x0000000700600000,0x0000000711922f00,0x0000000717b00000)
 PSPermGen       total 36096K, used 18091K [0x00000006fb400000, 0x00000006fd740000, 0x0000000700600000)
  object space 36096K, 50% used [0x00000006fb400000,0x00000006fc5aadd0,0x00000006fd740000)
Event: 30.640 GC heap after
Heap after GC invocations=35 (full 5):
 PSYoungGen      total 834304K, used 53343K [0x00000007aacb0000, 0x00000007e3c70000, 0x0000000800000000)
  eden space 734656K, 0% used [0x00000007aacb0000,0x00000007aacb0000,0x00000007d7a20000)
  from space 99648K, 53% used [0x00000007ddb20000,0x00000007e0f37fe0,0x00000007e3c70000)
  to   space 99328K, 0% used [0x00000007d7a20000,0x00000007d7a20000,0x00000007ddb20000)
 ParOldGen       total 381952K, used 281739K [0x0000000700600000, 0x0000000717b00000, 0x00000007aacb0000)
  object space 381952K, 73% used [0x0000000700600000,0x0000000711922f00,0x0000000717b00000)
 PSPermGen       total 36096K, used 18091K [0x00000006fb400000, 0x00000006fd740000, 0x0000000700600000)
  object space 36096K, 50% used [0x00000006fb400000,0x00000006fc5aadd0,0x00000006fd740000)
}

