# JRE version: 7.0_07-b11
# Java VM: Java HotSpot(TM) 64-Bit Server VM (23.3-b01 mixed mode windows-amd64 compressed oops)
Heap
 PSYoungGen      total 1292480K, used 276504K [0x00000007aacb0000, 0x0000000800000000, 0x0000000800000000)
  eden space 1229760K, 22% used [0x00000007aacb0000,0x00000007bbab63c8,0x00000007f5da0000)
  from space 62720K, 0% used [0x00000007f5da0000,0x00000007f5da0000,0x00000007f9ae0000)
  to   space 86784K, 0% used [0x00000007fab40000,0x00000007fab40000,0x0000000800000000)
 ParOldGen       total 665920K, used 48567K [0x0000000700600000, 0x0000000729050000, 0x00000007aacb0000)
  object space 665920K, 7% used [0x0000000700600000,0x000000070356dfd8,0x0000000729050000)
 PSPermGen       total 30976K, used 18191K [0x00000006fb400000, 0x00000006fd240000, 0x0000000700600000)
  object space 30976K, 58% used [0x00000006fb400000,0x00000006fc5c3ea8,0x00000006fd240000)
GC Heap History (10 events):
Event: 73.247 GC heap before
{Heap before GC invocations=57 (full 7):
 PSYoungGen      total 1269696K, used 1229235K [0x00000007aacb0000, 0x00000007ffd20000, 0x0000000800000000)
  eden space 1194176K, 99% used [0x00000007aacb0000,0x00000007f392c6d0,0x00000007f3ae0000)
  from space 75520K, 48% used [0x00000007f3ae0000,0x00000007f5ed0860,0x00000007f84a0000)
  to   space 72448K, 0% used [0x00000007fb660000,0x00000007fb660000,0x00000007ffd20000)
 ParOldGen       total 580608K, used 447151K [0x0000000700600000, 0x0000000723d00000, 0x00000007aacb0000)
  object space 580608K, 77% used [0x0000000700600000,0x000000071baabe00,0x0000000723d00000)
 PSPermGen       total 32640K, used 18146K [0x00000006fb400000, 0x00000006fd3e0000, 0x0000000700600000)
  object space 32640K, 55% used [0x00000006fb400000,0x00000006fc5b8890,0x00000006fd3e0000)
Event: 73.279 GC heap after
Heap after GC invocations=57 (full 7):
 PSYoungGen      total 1312960K, used 58815K [0x00000007aacb0000, 0x0000000800000000, 0x0000000800000000)
  eden space 1240512K, 0% used [0x00000007aacb0000,0x00000007aacb0000,0x00000007f6820000)
  from space 72448K, 81% used [0x00000007fb660000,0x00000007fefcfcb0,0x00000007ffd20000)
  to   space 77760K, 0% used [0x00000007f6820000,0x00000007f6820000,0x00000007fb410000)
 ParOldGen       total 580608K, used 447167K [0x0000000700600000, 0x0000000723d00000, 0x00000007aacb0000)
  object space 580608K, 77% used [0x0000000700600000,0x000000071baafe00,0x0000000723d00000)
 PSPermGen       total 32640K, used 18146K [0x00000006fb400000, 0x00000006fd3e0000, 0x0000000700600000)
  object space 32640K, 55% used [0x00000006fb400000,0x00000006fc5b8890,0x00000006fd3e0000)
}
Event: 75.710 GC heap before
{Heap before GC invocations=58 (full 7):
 PSYoungGen      total 1312960K, used 1299090K [0x00000007aacb0000, 0x0000000800000000, 0x0000000800000000)
  eden space 1240512K, 99% used [0x00000007aacb0000,0x00000007f67e4ef8,0x00000007f6820000)
  from space 72448K, 81% used [0x00000007fb660000,0x00000007fefcfcb0,0x00000007ffd20000)
  to   space 77760K, 0% used [0x00000007f6820000,0x00000007f6820000,0x00000007fb410000)
 ParOldGen       total 580608K, used 449192K [0x0000000700600000, 0x0000000723d00000, 0x00000007aacb0000)
  object space 580608K, 77% used [0x0000000700600000,0x000000071bcaa210,0x0000000723d00000)
 PSPermGen       total 32640K, used 18146K [0x00000006fb400000, 0x00000006fd3e0000, 0x0000000700600000)
  object space 32640K, 55% used [0x00000006fb400000,0x00000006fc5b8a60,0x00000006fd3e0000)
Event: 75.729 GC heap after
Heap after GC invocations=58 (full 7):
 PSYoungGen      total 1312384K, used 71848K [0x00000007aacb0000, 0x0000000800000000, 0x0000000800000000)
  eden space 1240512K, 0% used [0x00000007aacb0000,0x00000007aacb0000,0x00000007f6820000)
  from space 71872K, 99% used [0x00000007f6820000,0x00000007fae4a0d0,0x00000007fae50000)
  to   space 83648K, 0% used [0x00000007fae50000,0x00000007fae50000,0x0000000800000000)
 ParOldGen       total 580608K, used 449200K [0x0000000700600000, 0x0000000723d00000, 0x00000007aacb0000)
  object space 580608K, 77% used [0x0000000700600000,0x000000071bcac210,0x0000000723d00000)
 PSPermGen       total 32640K, used 18146K [0x00000006fb400000, 0x00000006fd3e0000, 0x0000000700600000)
  object space 32640K, 55% used [0x00000006fb400000,0x00000006fc5b8a60,0x00000006fd3e0000)
}
Event: 78.387 GC heap before
{Heap before GC invocations=59 (full 7):
 PSYoungGen      total 1312384K, used 1312355K [0x00000007aacb0000, 0x0000000800000000, 0x0000000800000000)
  eden space 1240512K, 99% used [0x00000007aacb0000,0x00000007f681edb0,0x00000007f6820000)
  from space 71872K, 99% used [0x00000007f6820000,0x00000007fae4a0d0,0x00000007fae50000)
  to   space 83648K, 0% used [0x00000007fae50000,0x00000007fae50000,0x0000000800000000)
 ParOldGen       total 580608K, used 551272K [0x0000000700600000, 0x0000000723d00000, 0x00000007aacb0000)
  object space 580608K, 94% used [0x0000000700600000,0x000000072205a080,0x0000000723d00000)
 PSPermGen       total 32640K, used 18147K [0x00000006fb400000, 0x00000006fd3e0000, 0x0000000700600000)
  object space 32640K, 55% used [0x00000006fb400000,0x00000006fc5b8c60,0x00000006fd3e0000)
Event: 78.393 GC heap after
Heap after GC invocations=59 (full 7):
 PSYoungGen      total 1313408K, used 36802K [0x00000007aacb0000, 0x0000000800000000, 0x0000000800000000)
  eden space 1229760K, 0% used [0x00000007aacb0000,0x00000007aacb0000,0x00000007f5da0000)
  from space 83648K, 43% used [0x00000007fae50000,0x00000007fd240860,0x0000000800000000)
  to   space 82624K, 0% used [0x00000007f5da0000,0x00000007f5da0000,0x00000007fae50000)
 ParOldGen       total 580608K, used 551280K [0x0000000700600000, 0x0000000723d00000, 0x00000007aacb0000)
  object space 580608K, 94% used [0x0000000700600000,0x000000072205c080,0x0000000723d00000)
 PSPermGen       total 32640K, used 18147K [0x00000006fb400000, 0x00000006fd3e0000, 0x0000000700600000)
  object space 32640K, 55% used [0x00000006fb400000,0x00000006fc5b8c60,0x00000006fd3e0000)
}
Event: 80.843 GC heap before
{Heap before GC invocations=60 (full 7):
 PSYoungGen      total 1313408K, used 1266460K [0x00000007aacb0000, 0x0000000800000000, 0x0000000800000000)
  eden space 1229760K, 99% used [0x00000007aacb0000,0x00000007f5d869d8,0x00000007f5da0000)
  from space 83648K, 43% used [0x00000007fae50000,0x00000007fd240860,0x0000000800000000)
  to   space 82624K, 0% used [0x00000007f5da0000,0x00000007f5da0000,0x00000007fae50000)
 ParOldGen       total 580608K, used 554820K [0x0000000700600000, 0x0000000723d00000, 0x00000007aacb0000)
  object space 580608K, 95% used [0x0000000700600000,0x00000007223d13c0,0x0000000723d00000)
 PSPermGen       total 32640K, used 18151K [0x00000006fb400000, 0x00000006fd3e0000, 0x0000000700600000)
  object space 32640K, 55% used [0x00000006fb400000,0x00000006fc5b9de0,0x00000006fd3e0000)
Event: 80.852 GC heap after
Heap after GC invocations=60 (full 7):
 PSYoungGen      total 1292480K, used 62709K [0x00000007aacb0000, 0x0000000800000000, 0x0000000800000000)
  eden space 1229760K, 0% used [0x00000007aacb0000,0x00000007aacb0000,0x00000007f5da0000)
  from space 62720K, 99% used [0x00000007f5da0000,0x00000007f9add660,0x00000007f9ae0000)
  to   space 86784K, 0% used [0x00000007fab40000,0x00000007fab40000,0x0000000800000000)
 ParOldGen       total 580608K, used 554820K [0x0000000700600000, 0x0000000723d00000, 0x00000007aacb0000)
  object space 580608K, 95% used [0x0000000700600000,0x00000007223d13c0,0x0000000723d00000)
 PSPermGen       total 32640K, used 18151K [0x00000006fb400000, 0x00000006fd3e0000, 0x0000000700600000)
  object space 32640K, 55% used [0x00000006fb400000,0x00000006fc5b9de0,0x00000006fd3e0000)
}
Event: 83.510 GC heap before
{Heap before GC invocations=61 (full 8):
 PSYoungGen      total 1292480K, used 1292433K [0x00000007aacb0000, 0x0000000800000000, 0x0000000800000000)
  eden space 1229760K, 99% used [0x00000007aacb0000,0x00000007f5d96e08,0x00000007f5da0000)
  from space 62720K, 99% used [0x00000007f5da0000,0x00000007f9add660,0x00000007f9ae0000)
  to   space 86784K, 0% used [0x00000007fab40000,0x00000007fab40000,0x0000000800000000)
 ParOldGen       total 666432K, used 666261K [0x0000000700600000, 0x00000007290d0000, 0x00000007aacb0000)
  object space 666432K, 99% used [0x0000000700600000,0x00000007290a54a0,0x00000007290d0000)
 PSPermGen       total 32640K, used 18156K [0x00000006fb400000, 0x00000006fd3e0000, 0x0000000700600000)
  object space 32640K, 55% used [0x00000006fb400000,0x00000006fc5bb0a8,0x00000006fd3e0000)
Event: 83.550 GC heap after
Heap after GC invocations=61 (full 8):
 PSYoungGen      total 1292480K, used 0K [0x00000007aacb0000, 0x0000000800000000, 0x0000000800000000)
  eden space 1229760K, 0% used [0x00000007aacb0000,0x00000007aacb0000,0x00000007f5da0000)
  from space 62720K, 0% used [0x00000007f5da0000,0x00000007f5da0000,0x00000007f9ae0000)
  to   space 86784K, 0% used [0x00000007fab40000,0x00000007fab40000,0x0000000800000000)
 ParOldGen       total 665920K, used 48567K [0x0000000700600000, 0x0000000729050000, 0x00000007aacb0000)
  object space 665920K, 7% used [0x0000000700600000,0x000000070356dfd8,0x0000000729050000)
 PSPermGen       total 30976K, used 18156K [0x00000006fb400000, 0x00000006fd240000, 0x0000000700600000)
  object space 30976K, 58% used [0x00000006fb400000,0x00000006fc5bb028,0x00000006fd240000)
}

