# JRE version: 7.0_07-b11
# Java VM: Java HotSpot(TM) 64-Bit Server VM (23.3-b01 mixed mode windows-amd64 compressed oops)
Heap
 PSYoungGen      total 213760K, used 12179K [0x00000007aacb0000, 0x00000007bc070000, 0x0000000800000000)
  eden space 178176K, 6% used [0x00000007aacb0000,0x00000007ab894ed8,0x00000007b5ab0000)
  from space 35584K, 0% used [0x00000007b9db0000,0x00000007b9db0000,0x00000007bc070000)
  to   space 50496K, 0% used [0x00000007b5dd0000,0x00000007b5dd0000,0x00000007b8f20000)
 ParOldGen       total 173184K, used 14251K [0x0000000700600000, 0x000000070af20000, 0x00000007aacb0000)
  object space 173184K, 8% used [0x0000000700600000,0x00000007013eaf80,0x000000070af20000)
 PSPermGen       total 36096K, used 18247K [0x00000006fb400000, 0x00000006fd740000, 0x0000000700600000)
  object space 36096K, 50% used [0x00000006fb400000,0x00000006fc5d1e48,0x00000006fd740000)
GC Heap History (10 events):
Event: 85.214 GC heap before
{Heap before GC invocations=57 (full 3):
 PSYoungGen      total 198656K, used 197301K [0x00000007aacb0000, 0x00000007bbeb0000, 0x0000000800000000)
  eden space 188160K, 99% used [0x00000007aacb0000,0x00000007b6322770,0x00000007b6470000)
  from space 10496K, 99% used [0x00000007b69a0000,0x00000007b73dae70,0x00000007b73e0000)
  to   space 46208K, 0% used [0x00000007b9190000,0x00000007b9190000,0x00000007bbeb0000)
 ParOldGen       total 201728K, used 70527K [0x0000000700600000, 0x000000070cb00000, 0x00000007aacb0000)
  object space 201728K, 34% used [0x0000000700600000,0x0000000704adfc28,0x000000070cb00000)
 PSPermGen       total 39808K, used 18205K [0x00000006fb400000, 0x00000006fdae0000, 0x0000000700600000)
  object space 39808K, 45% used [0x00000006fb400000,0x00000006fc5c7710,0x00000006fdae0000)
Event: 85.218 GC heap after
Heap after GC invocations=57 (full 3):
 PSYoungGen      total 226048K, used 28764K [0x00000007aacb0000, 0x00000007bbb80000, 0x0000000800000000)
  eden space 183104K, 0% used [0x00000007aacb0000,0x00000007aacb0000,0x00000007b5f80000)
  from space 42944K, 66% used [0x00000007b9190000,0x00000007bada72a0,0x00000007bbb80000)
  to   space 47104K, 0% used [0x00000007b5f80000,0x00000007b5f80000,0x00000007b8d80000)
 ParOldGen       total 201728K, used 70551K [0x0000000700600000, 0x000000070cb00000, 0x00000007aacb0000)
  object space 201728K, 34% used [0x0000000700600000,0x0000000704ae5c28,0x000000070cb00000)
 PSPermGen       total 39808K, used 18205K [0x00000006fb400000, 0x00000006fdae0000, 0x0000000700600000)
  object space 39808K, 45% used [0x00000006fb400000,0x00000006fc5c7710,0x00000006fdae0000)
}
Event: 85.854 GC heap before
{Heap before GC invocations=58 (full 3):
 PSYoungGen      total 226048K, used 209429K [0x00000007aacb0000, 0x00000007bbb80000, 0x0000000800000000)
  eden space 183104K, 98% used [0x00000007aacb0000,0x00000007b5d1e528,0x00000007b5f80000)
  from space 42944K, 66% used [0x00000007b9190000,0x00000007bada72a0,0x00000007bbb80000)
  to   space 47104K, 0% used [0x00000007b5f80000,0x00000007b5f80000,0x00000007b8d80000)
 ParOldGen       total 201728K, used 73968K [0x0000000700600000, 0x000000070cb00000, 0x00000007aacb0000)
  object space 201728K, 36% used [0x0000000700600000,0x0000000704e3c0f8,0x000000070cb00000)
 PSPermGen       total 39808K, used 18210K [0x00000006fb400000, 0x00000006fdae0000, 0x0000000700600000)
  object space 39808K, 45% used [0x00000006fb400000,0x00000006fc5c8b60,0x00000006fdae0000)
Event: 85.857 GC heap after
Heap after GC invocations=58 (full 3):
 PSYoungGen      total 230208K, used 28764K [0x00000007aacb0000, 0x00000007bcc40000, 0x0000000800000000)
  eden space 183104K, 0% used [0x00000007aacb0000,0x00000007aacb0000,0x00000007b5f80000)
  from space 47104K, 61% used [0x00000007b5f80000,0x00000007b7b972a0,0x00000007b8d80000)
  to   space 47680K, 0% used [0x00000007b9db0000,0x00000007b9db0000,0x00000007bcc40000)
 ParOldGen       total 201728K, used 74000K [0x0000000700600000, 0x000000070cb00000, 0x00000007aacb0000)
  object space 201728K, 36% used [0x0000000700600000,0x0000000704e440f8,0x000000070cb00000)
 PSPermGen       total 39808K, used 18210K [0x00000006fb400000, 0x00000006fdae0000, 0x0000000700600000)
  object space 39808K, 45% used [0x00000006fb400000,0x00000006fc5c8b60,0x00000006fdae0000)
}
Event: 87.541 GC heap before
{Heap before GC invocations=59 (full 4):
 PSYoungGen      total 230208K, used 209803K [0x00000007aacb0000, 0x00000007bcc40000, 0x0000000800000000)
  eden space 183104K, 98% used [0x00000007aacb0000,0x00000007b5d7ba48,0x00000007b5f80000)
  from space 47104K, 61% used [0x00000007b5f80000,0x00000007b7b972a0,0x00000007b8d80000)
  to   space 47680K, 0% used [0x00000007b9db0000,0x00000007b9db0000,0x00000007bcc40000)
 ParOldGen       total 376000K, used 374334K [0x0000000700600000, 0x0000000717530000, 0x00000007aacb0000)
  object space 376000K, 99% used [0x0000000700600000,0x000000071738f828,0x0000000717530000)
 PSPermGen       total 39808K, used 18214K [0x00000006fb400000, 0x00000006fdae0000, 0x0000000700600000)
  object space 39808K, 45% used [0x00000006fb400000,0x00000006fc5c99c8,0x00000006fdae0000)
Event: 87.580 GC heap after
Heap after GC invocations=59 (full 4):
 PSYoungGen      total 230208K, used 0K [0x00000007aacb0000, 0x00000007bcc40000, 0x0000000800000000)
  eden space 183104K, 0% used [0x00000007aacb0000,0x00000007aacb0000,0x00000007b5f80000)
  from space 47104K, 0% used [0x00000007b5f80000,0x00000007b5f80000,0x00000007b8d80000)
  to   space 47680K, 0% used [0x00000007b9db0000,0x00000007b9db0000,0x00000007bcc40000)
 ParOldGen       total 183296K, used 20316K [0x0000000700600000, 0x000000070b900000, 0x00000007aacb0000)
  object space 183296K, 11% used [0x0000000700600000,0x00000007019d72d8,0x000000070b900000)
 PSPermGen       total 37760K, used 18214K [0x00000006fb400000, 0x00000006fd8e0000, 0x0000000700600000)
  object space 37760K, 48% used [0x00000006fb400000,0x00000006fc5c9908,0x00000006fd8e0000)
}
Event: 88.220 GC heap before
{Heap before GC invocations=60 (full 4):
 PSYoungGen      total 230208K, used 180466K [0x00000007aacb0000, 0x00000007bcc40000, 0x0000000800000000)
  eden space 183104K, 98% used [0x00000007aacb0000,0x00000007b5ceca08,0x00000007b5f80000)
  from space 47104K, 0% used [0x00000007b5f80000,0x00000007b5f80000,0x00000007b8d80000)
  to   space 47680K, 0% used [0x00000007b9db0000,0x00000007b9db0000,0x00000007bcc40000)
 ParOldGen       total 183296K, used 23733K [0x0000000700600000, 0x000000070b900000, 0x00000007aacb0000)
  object space 183296K, 12% used [0x0000000700600000,0x0000000701d2d7a8,0x000000070b900000)
 PSPermGen       total 37760K, used 18214K [0x00000006fb400000, 0x00000006fd8e0000, 0x0000000700600000)
  object space 37760K, 48% used [0x00000006fb400000,0x00000006fc5c9a78,0x00000006fd8e0000)
Event: 88.226 GC heap after
Heap after GC invocations=60 (full 4):
 PSYoungGen      total 213760K, used 35567K [0x00000007aacb0000, 0x00000007bc070000, 0x0000000800000000)
  eden space 178176K, 0% used [0x00000007aacb0000,0x00000007aacb0000,0x00000007b5ab0000)
  from space 35584K, 99% used [0x00000007b9db0000,0x00000007bc06bc40,0x00000007bc070000)
  to   space 50496K, 0% used [0x00000007b5dd0000,0x00000007b5dd0000,0x00000007b8f20000)
 ParOldGen       total 183296K, used 23733K [0x0000000700600000, 0x000000070b900000, 0x00000007aacb0000)
  object space 183296K, 12% used [0x0000000700600000,0x0000000701d2d7a8,0x000000070b900000)
 PSPermGen       total 37760K, used 18214K [0x00000006fb400000, 0x00000006fd8e0000, 0x0000000700600000)
  object space 37760K, 48% used [0x00000006fb400000,0x00000006fc5c9a78,0x00000006fd8e0000)
}
Event: 89.930 GC heap before
{Heap before GC invocations=61 (full 5):
 PSYoungGen      total 213760K, used 212993K [0x00000007aacb0000, 0x00000007bc070000, 0x0000000800000000)
  eden space 178176K, 99% used [0x00000007aacb0000,0x00000007b59f48c8,0x00000007b5ab0000)
  from space 35584K, 99% used [0x00000007b9db0000,0x00000007bc06bc40,0x00000007bc070000)
  to   space 50496K, 0% used [0x00000007b5dd0000,0x00000007b5dd0000,0x00000007b8f20000)
 ParOldGen       total 322880K, used 321409K [0x0000000700600000, 0x0000000714150000, 0x00000007aacb0000)
  object space 322880K, 99% used [0x0000000700600000,0x0000000713fe0798,0x0000000714150000)
 PSPermGen       total 37760K, used 18223K [0x00000006fb400000, 0x00000006fd8e0000, 0x0000000700600000)
  object space 37760K, 48% used [0x00000006fb400000,0x00000006fc5cbef0,0x00000006fd8e0000)
Event: 89.963 GC heap after
Heap after GC invocations=61 (full 5):
 PSYoungGen      total 213760K, used 0K [0x00000007aacb0000, 0x00000007bc070000, 0x0000000800000000)
  eden space 178176K, 0% used [0x00000007aacb0000,0x00000007aacb0000,0x00000007b5ab0000)
  from space 35584K, 0% used [0x00000007b9db0000,0x00000007b9db0000,0x00000007bc070000)
  to   space 50496K, 0% used [0x00000007b5dd0000,0x00000007b5dd0000,0x00000007b8f20000)
 ParOldGen       total 173184K, used 14251K [0x0000000700600000, 0x000000070af20000, 0x00000007aacb0000)
  object space 173184K, 8% used [0x0000000700600000,0x00000007013eaf80,0x000000070af20000)
 PSPermGen       total 36096K, used 18223K [0x00000006fb400000, 0x00000006fd740000, 0x0000000700600000)
  object space 36096K, 50% used [0x00000006fb400000,0x00000006fc5cbec0,0x00000006fd740000)
}

