# JRE version: 7.0_07-b11
# Java VM: Java HotSpot(TM) 64-Bit Server VM (23.3-b01 mixed mode windows-amd64 compressed oops)
Heap
 PSYoungGen      total 1060928K, used 936764K [0x00000007aacb0000, 0x00000007f4bf0000, 0x0000000800000000)
  eden space 1019200K, 91% used [0x00000007aacb0000,0x00000007e3f7f2d8,0x00000007e9000000)
  from space 41728K, 0% used [0x00000007ebad0000,0x00000007ebad0000,0x00000007ee390000)
  to   space 43840K, 0% used [0x00000007e9000000,0x00000007e9000000,0x00000007ebad0000)
 ParOldGen       total 201408K, used 28398K [0x0000000700600000, 0x000000070cab0000, 0x00000007aacb0000)
  object space 201408K, 14% used [0x0000000700600000,0x00000007021bb930,0x000000070cab0000)
 PSPermGen       total 39808K, used 18194K [0x00000006fb400000, 0x00000006fdae0000, 0x0000000700600000)
  object space 39808K, 45% used [0x00000006fb400000,0x00000006fc5c4b30,0x00000006fdae0000)
GC Heap History (10 events):
Event: 9.222 GC heap before
{Heap before GC invocations=11 (full 1):
 PSYoungGen      total 564288K, used 523458K [0x00000007aacb0000, 0x00000007e30e0000, 0x0000000800000000)
  eden space 523776K, 99% used [0x00000007aacb0000,0x00000007cabe0b08,0x00000007cac30000)
  from space 40512K, 0% used [0x00000007cac30000,0x00000007cac30000,0x00000007cd3c0000)
  to   space 41856K, 0% used [0x00000007e0800000,0x00000007e0800000,0x00000007e30e0000)
 ParOldGen       total 145792K, used 28331K [0x0000000700600000, 0x0000000709460000, 0x00000007aacb0000)
  object space 145792K, 19% used [0x0000000700600000,0x00000007021aae10,0x0000000709460000)
 PSPermGen       total 36672K, used 18068K [0x00000006fb400000, 0x00000006fd7d0000, 0x0000000700600000)
  object space 36672K, 49% used [0x00000006fb400000,0x00000006fc5a51e0,0x00000006fd7d0000)
Event: 9.229 GC heap after
Heap after GC invocations=11 (full 1):
 PSYoungGen      total 766656K, used 29144K [0x00000007aacb0000, 0x00000007e2480000, 0x0000000800000000)
  eden space 737472K, 0% used [0x00000007aacb0000,0x00000007aacb0000,0x00000007d7ce0000)
  from space 29184K, 99% used [0x00000007e0800000,0x00000007e2476190,0x00000007e2480000)
  to   space 40896K, 0% used [0x00000007dd4a0000,0x00000007dd4a0000,0x00000007dfc90000)
 ParOldGen       total 145792K, used 28331K [0x0000000700600000, 0x0000000709460000, 0x00000007aacb0000)
  object space 145792K, 19% used [0x0000000700600000,0x00000007021aae10,0x0000000709460000)
 PSPermGen       total 36672K, used 18068K [0x00000006fb400000, 0x00000006fd7d0000, 0x0000000700600000)
  object space 36672K, 49% used [0x00000006fb400000,0x00000006fc5a51e0,0x00000006fd7d0000)
}
Event: 10.810 GC heap before
{Heap before GC invocations=12 (full 1):
 PSYoungGen      total 766656K, used 766535K [0x00000007aacb0000, 0x00000007e2480000, 0x0000000800000000)
  eden space 737472K, 99% used [0x00000007aacb0000,0x00000007d7ccbb10,0x00000007d7ce0000)
  from space 29184K, 99% used [0x00000007e0800000,0x00000007e2476190,0x00000007e2480000)
  to   space 40896K, 0% used [0x00000007dd4a0000,0x00000007dd4a0000,0x00000007dfc90000)
 ParOldGen       total 145792K, used 30356K [0x0000000700600000, 0x0000000709460000, 0x00000007aacb0000)
  object space 145792K, 20% used [0x0000000700600000,0x00000007023a5220,0x0000000709460000)
 PSPermGen       total 36672K, used 18076K [0x00000006fb400000, 0x00000006fd7d0000, 0x0000000700600000)
  object space 36672K, 49% used [0x00000006fb400000,0x00000006fc5a73b8,0x00000006fd7d0000)
Event: 10.820 GC heap after
Heap after GC invocations=12 (full 1):
 PSYoungGen      total 868224K, used 35251K [0x00000007aacb0000, 0x00000007ee390000, 0x0000000800000000)
  eden space 827328K, 0% used [0x00000007aacb0000,0x00000007aacb0000,0x00000007dd4a0000)
  from space 40896K, 86% used [0x00000007dd4a0000,0x00000007df70cda0,0x00000007dfc90000)
  to   space 41728K, 0% used [0x00000007ebad0000,0x00000007ebad0000,0x00000007ee390000)
 ParOldGen       total 145792K, used 36582K [0x0000000700600000, 0x0000000709460000, 0x00000007aacb0000)
  object space 145792K, 25% used [0x0000000700600000,0x00000007029b9880,0x0000000709460000)
 PSPermGen       total 36672K, used 18076K [0x00000006fb400000, 0x00000006fd7d0000, 0x0000000700600000)
  object space 36672K, 49% used [0x00000006fb400000,0x00000006fc5a73b8,0x00000006fd7d0000)
}
Event: 12.744 GC heap before
{Heap before GC invocations=13 (full 2):
 PSYoungGen      total 868224K, used 862579K [0x00000007aacb0000, 0x00000007ee390000, 0x0000000800000000)
  eden space 827328K, 100% used [0x00000007aacb0000,0x00000007dd4a0000,0x00000007dd4a0000)
  from space 40896K, 86% used [0x00000007dd4a0000,0x00000007df70cda0,0x00000007dfc90000)
  to   space 41728K, 0% used [0x00000007ebad0000,0x00000007ebad0000,0x00000007ee390000)
 ParOldGen       total 145792K, used 128720K [0x0000000700600000, 0x0000000709460000, 0x00000007aacb0000)
  object space 145792K, 88% used [0x0000000700600000,0x00000007083b4270,0x0000000709460000)
 PSPermGen       total 36672K, used 18088K [0x00000006fb400000, 0x00000006fd7d0000, 0x0000000700600000)
  object space 36672K, 49% used [0x00000006fb400000,0x00000006fc5aa3f8,0x00000006fd7d0000)
Event: 12.772 GC heap after
Heap after GC invocations=13 (full 2):
 PSYoungGen      total 868224K, used 0K [0x00000007aacb0000, 0x00000007ee390000, 0x0000000800000000)
  eden space 827328K, 0% used [0x00000007aacb0000,0x00000007aacb0000,0x00000007dd4a0000)
  from space 40896K, 0% used [0x00000007dd4a0000,0x00000007dd4a0000,0x00000007dfc90000)
  to   space 41728K, 0% used [0x00000007ebad0000,0x00000007ebad0000,0x00000007ee390000)
 ParOldGen       total 172416K, used 28369K [0x0000000700600000, 0x000000070ae60000, 0x00000007aacb0000)
  object space 172416K, 16% used [0x0000000700600000,0x00000007021b4578,0x000000070ae60000)
 PSPermGen       total 40960K, used 18088K [0x00000006fb400000, 0x00000006fdc00000, 0x0000000700600000)
  object space 40960K, 44% used [0x00000006fb400000,0x00000006fc5aa3f8,0x00000006fdc00000)
}
Event: 14.511 GC heap before
{Heap before GC invocations=14 (full 2):
 PSYoungGen      total 868224K, used 825752K [0x00000007aacb0000, 0x00000007ee390000, 0x0000000800000000)
  eden space 827328K, 99% used [0x00000007aacb0000,0x00000007dd316140,0x00000007dd4a0000)
  from space 40896K, 0% used [0x00000007dd4a0000,0x00000007dd4a0000,0x00000007dfc90000)
  to   space 41728K, 0% used [0x00000007ebad0000,0x00000007ebad0000,0x00000007ee390000)
 ParOldGen       total 172416K, used 36469K [0x0000000700600000, 0x000000070ae60000, 0x00000007aacb0000)
  object space 172416K, 21% used [0x0000000700600000,0x000000070299d598,0x000000070ae60000)
 PSPermGen       total 40960K, used 18102K [0x00000006fb400000, 0x00000006fdc00000, 0x0000000700600000)
  object space 40960K, 44% used [0x00000006fb400000,0x00000006fc5ad948,0x00000006fdc00000)
Event: 14.514 GC heap after
Heap after GC invocations=14 (full 2):
 PSYoungGen      total 1060928K, used 11710K [0x00000007aacb0000, 0x00000007f4bf0000, 0x0000000800000000)
  eden space 1019200K, 0% used [0x00000007aacb0000,0x00000007aacb0000,0x00000007e9000000)
  from space 41728K, 28% used [0x00000007ebad0000,0x00000007ec63fb40,0x00000007ee390000)
  to   space 43840K, 0% used [0x00000007e9000000,0x00000007e9000000,0x00000007ebad0000)
 ParOldGen       total 172416K, used 36469K [0x0000000700600000, 0x000000070ae60000, 0x00000007aacb0000)
  object space 172416K, 21% used [0x0000000700600000,0x000000070299d598,0x000000070ae60000)
 PSPermGen       total 40960K, used 18102K [0x00000006fb400000, 0x00000006fdc00000, 0x0000000700600000)
  object space 40960K, 44% used [0x00000006fb400000,0x00000006fc5ad948,0x00000006fdc00000)
}
Event: 16.912 GC heap before
{Heap before GC invocations=15 (full 3):
 PSYoungGen      total 1060928K, used 1030910K [0x00000007aacb0000, 0x00000007f4bf0000, 0x0000000800000000)
  eden space 1019200K, 100% used [0x00000007aacb0000,0x00000007e9000000,0x00000007e9000000)
  from space 41728K, 28% used [0x00000007ebad0000,0x00000007ec63fb40,0x00000007ee390000)
  to   space 43840K, 0% used [0x00000007e9000000,0x00000007e9000000,0x00000007ebad0000)
 ParOldGen       total 172416K, used 147592K [0x0000000700600000, 0x000000070ae60000, 0x00000007aacb0000)
  object space 172416K, 85% used [0x0000000700600000,0x00000007096222d0,0x000000070ae60000)
 PSPermGen       total 40960K, used 18147K [0x00000006fb400000, 0x00000006fdc00000, 0x0000000700600000)
  object space 40960K, 44% used [0x00000006fb400000,0x00000006fc5b8cb8,0x00000006fdc00000)
Event: 16.953 GC heap after
Heap after GC invocations=15 (full 3):
 PSYoungGen      total 1060928K, used 0K [0x00000007aacb0000, 0x00000007f4bf0000, 0x0000000800000000)
  eden space 1019200K, 0% used [0x00000007aacb0000,0x00000007aacb0000,0x00000007e9000000)
  from space 41728K, 0% used [0x00000007ebad0000,0x00000007ebad0000,0x00000007ee390000)
  to   space 43840K, 0% used [0x00000007e9000000,0x00000007e9000000,0x00000007ebad0000)
 ParOldGen       total 201408K, used 28398K [0x0000000700600000, 0x000000070cab0000, 0x00000007aacb0000)
  object space 201408K, 14% used [0x0000000700600000,0x00000007021bb930,0x000000070cab0000)
 PSPermGen       total 39808K, used 18147K [0x00000006fb400000, 0x00000006fdae0000, 0x0000000700600000)
  object space 39808K, 45% used [0x00000006fb400000,0x00000006fc5b8cb8,0x00000006fdae0000)
}

