# JRE version: 7.0_07-b11
# Java VM: Java HotSpot(TM) 64-Bit Server VM (23.3-b01 mixed mode windows-amd64 compressed oops)
Heap
 PSYoungGen      total 141824K, used 84177K [0x00000007aacb0000, 0x00000007bf270000, 0x0000000800000000)
  eden space 130944K, 57% used [0x00000007aacb0000,0x00000007af6462d0,0x00000007b2c90000)
  from space 10880K, 81% used [0x00000007b2c90000,0x00000007b352e340,0x00000007b3730000)
  to   space 35840K, 0% used [0x00000007bcf70000,0x00000007bcf70000,0x00000007bf270000)
 ParOldGen       total 174528K, used 57879K [0x0000000700600000, 0x000000070b070000, 0x00000007aacb0000)
  object space 174528K, 33% used [0x0000000700600000,0x0000000703e85f48,0x000000070b070000)
 PSPermGen       total 21248K, used 17638K [0x00000006fb400000, 0x00000006fc8c0000, 0x0000000700600000)
  object space 21248K, 83% used [0x00000006fb400000,0x00000006fc539a38,0x00000006fc8c0000)
GC Heap History (10 events):
Event: 4.104 GC heap before
{Heap before GC invocations=1 (full 0):
 PSYoungGen      total 76352K, used 61202K [0x00000007aacb0000, 0x00000007b01e0000, 0x0000000800000000)
  eden space 65472K, 93% used [0x00000007aacb0000,0x00000007ae874838,0x00000007aeca0000)
  from space 10880K, 0% used [0x00000007af740000,0x00000007af740000,0x00000007b01e0000)
  to   space 10880K, 0% used [0x00000007aeca0000,0x00000007aeca0000,0x00000007af740000)
 ParOldGen       total 174528K, used 0K [0x0000000700600000, 0x000000070b070000, 0x00000007aacb0000)
  object space 174528K, 0% used [0x0000000700600000,0x0000000700600000,0x000000070b070000)
 PSPermGen       total 21248K, used 17409K [0x00000006fb400000, 0x00000006fc8c0000, 0x0000000700600000)
  object space 21248K, 81% used [0x00000006fb400000,0x00000006fc500570,0x00000006fc8c0000)
Event: 4.113 GC heap after
Heap after GC invocations=1 (full 0):
 PSYoungGen      total 76352K, used 8970K [0x00000007aacb0000, 0x00000007b01e0000, 0x0000000800000000)
  eden space 65472K, 0% used [0x00000007aacb0000,0x00000007aacb0000,0x00000007aeca0000)
  from space 10880K, 82% used [0x00000007aeca0000,0x00000007af5629d0,0x00000007af740000)
  to   space 10880K, 0% used [0x00000007af740000,0x00000007af740000,0x00000007b01e0000)
 ParOldGen       total 174528K, used 8K [0x0000000700600000, 0x000000070b070000, 0x00000007aacb0000)
  object space 174528K, 0% used [0x0000000700600000,0x0000000700602000,0x000000070b070000)
 PSPermGen       total 21248K, used 17409K [0x00000006fb400000, 0x00000006fc8c0000, 0x0000000700600000)
  object space 21248K, 81% used [0x00000006fb400000,0x00000006fc500570,0x00000006fc8c0000)
}
Event: 4.397 GC heap before
{Heap before GC invocations=2 (full 0):
 PSYoungGen      total 76352K, used 69840K [0x00000007aacb0000, 0x00000007b01e0000, 0x0000000800000000)
  eden space 65472K, 92% used [0x00000007aacb0000,0x00000007ae8219f8,0x00000007aeca0000)
  from space 10880K, 82% used [0x00000007aeca0000,0x00000007af5629d0,0x00000007af740000)
  to   space 10880K, 0% used [0x00000007af740000,0x00000007af740000,0x00000007b01e0000)
 ParOldGen       total 174528K, used 8K [0x0000000700600000, 0x000000070b070000, 0x00000007aacb0000)
  object space 174528K, 0% used [0x0000000700600000,0x0000000700602000,0x000000070b070000)
 PSPermGen       total 21248K, used 17573K [0x00000006fb400000, 0x00000006fc8c0000, 0x0000000700600000)
  object space 21248K, 82% used [0x00000006fb400000,0x00000006fc529690,0x00000006fc8c0000)
Event: 4.406 GC heap after
Heap after GC invocations=2 (full 0):
 PSYoungGen      total 76352K, used 10872K [0x00000007aacb0000, 0x00000007b41d0000, 0x0000000800000000)
  eden space 65472K, 0% used [0x00000007aacb0000,0x00000007aacb0000,0x00000007aeca0000)
  from space 10880K, 99% used [0x00000007af740000,0x00000007b01de200,0x00000007b01e0000)
  to   space 10880K, 0% used [0x00000007aeca0000,0x00000007aeca0000,0x00000007af740000)
 ParOldGen       total 174528K, used 17099K [0x0000000700600000, 0x000000070b070000, 0x00000007aacb0000)
  object space 174528K, 9% used [0x0000000700600000,0x00000007016b2d98,0x000000070b070000)
 PSPermGen       total 21248K, used 17573K [0x00000006fb400000, 0x00000006fc8c0000, 0x0000000700600000)
  object space 21248K, 82% used [0x00000006fb400000,0x00000006fc529690,0x00000006fc8c0000)
}
Event: 4.732 GC heap before
{Heap before GC invocations=3 (full 0):
 PSYoungGen      total 76352K, used 71220K [0x00000007aacb0000, 0x00000007b41d0000, 0x0000000800000000)
  eden space 65472K, 92% used [0x00000007aacb0000,0x00000007ae79f1e8,0x00000007aeca0000)
  from space 10880K, 99% used [0x00000007af740000,0x00000007b01de200,0x00000007b01e0000)
  to   space 10880K, 0% used [0x00000007aeca0000,0x00000007aeca0000,0x00000007af740000)
 ParOldGen       total 174528K, used 17099K [0x0000000700600000, 0x000000070b070000, 0x00000007aacb0000)
  object space 174528K, 9% used [0x0000000700600000,0x00000007016b2d98,0x000000070b070000)
 PSPermGen       total 21248K, used 17611K [0x00000006fb400000, 0x00000006fc8c0000, 0x0000000700600000)
  object space 21248K, 82% used [0x00000006fb400000,0x00000006fc532f78,0x00000006fc8c0000)
Event: 4.739 GC heap after
Heap after GC invocations=3 (full 0):
 PSYoungGen      total 76352K, used 10872K [0x00000007aacb0000, 0x00000007b41d0000, 0x0000000800000000)
  eden space 65472K, 0% used [0x00000007aacb0000,0x00000007aacb0000,0x00000007aeca0000)
  from space 10880K, 99% used [0x00000007aeca0000,0x00000007af73e200,0x00000007af740000)
  to   space 10880K, 0% used [0x00000007b3730000,0x00000007b3730000,0x00000007b41d0000)
 ParOldGen       total 174528K, used 33579K [0x0000000700600000, 0x000000070b070000, 0x00000007aacb0000)
  object space 174528K, 19% used [0x0000000700600000,0x00000007026caf08,0x000000070b070000)
 PSPermGen       total 21248K, used 17611K [0x00000006fb400000, 0x00000006fc8c0000, 0x0000000700600000)
  object space 21248K, 82% used [0x00000006fb400000,0x00000006fc532f78,0x00000006fc8c0000)
}
Event: 4.991 GC heap before
{Heap before GC invocations=4 (full 0):
 PSYoungGen      total 76352K, used 73068K [0x00000007aacb0000, 0x00000007b41d0000, 0x0000000800000000)
  eden space 65472K, 94% used [0x00000007aacb0000,0x00000007ae96d0a0,0x00000007aeca0000)
  from space 10880K, 99% used [0x00000007aeca0000,0x00000007af73e200,0x00000007af740000)
  to   space 10880K, 0% used [0x00000007b3730000,0x00000007b3730000,0x00000007b41d0000)
 ParOldGen       total 174528K, used 33579K [0x0000000700600000, 0x000000070b070000, 0x00000007aacb0000)
  object space 174528K, 19% used [0x0000000700600000,0x00000007026caf08,0x000000070b070000)
 PSPermGen       total 21248K, used 17614K [0x00000006fb400000, 0x00000006fc8c0000, 0x0000000700600000)
  object space 21248K, 82% used [0x00000006fb400000,0x00000006fc533ab0,0x00000006fc8c0000)
Event: 4.998 GC heap after
Heap after GC invocations=4 (full 0):
 PSYoungGen      total 141824K, used 8776K [0x00000007aacb0000, 0x00000007b41d0000, 0x0000000800000000)
  eden space 130944K, 0% used [0x00000007aacb0000,0x00000007aacb0000,0x00000007b2c90000)
  from space 10880K, 80% used [0x00000007b3730000,0x00000007b3fc2350,0x00000007b41d0000)
  to   space 10880K, 0% used [0x00000007b2c90000,0x00000007b2c90000,0x00000007b3730000)
 ParOldGen       total 174528K, used 45729K [0x0000000700600000, 0x000000070b070000, 0x00000007aacb0000)
  object space 174528K, 26% used [0x0000000700600000,0x00000007032a8728,0x000000070b070000)
 PSPermGen       total 21248K, used 17614K [0x00000006fb400000, 0x00000006fc8c0000, 0x0000000700600000)
  object space 21248K, 82% used [0x00000006fb400000,0x00000006fc533ab0,0x00000006fc8c0000)
}
Event: 5.375 GC heap before
{Heap before GC invocations=5 (full 0):
 PSYoungGen      total 141824K, used 137494K [0x00000007aacb0000, 0x00000007b41d0000, 0x0000000800000000)
  eden space 130944K, 98% used [0x00000007aacb0000,0x00000007b2a637a0,0x00000007b2c90000)
  from space 10880K, 80% used [0x00000007b3730000,0x00000007b3fc2350,0x00000007b41d0000)
  to   space 10880K, 0% used [0x00000007b2c90000,0x00000007b2c90000,0x00000007b3730000)
 ParOldGen       total 174528K, used 45729K [0x0000000700600000, 0x000000070b070000, 0x00000007aacb0000)
  object space 174528K, 26% used [0x0000000700600000,0x00000007032a8728,0x000000070b070000)
 PSPermGen       total 21248K, used 17614K [0x00000006fb400000, 0x00000006fc8c0000, 0x0000000700600000)
  object space 21248K, 82% used [0x00000006fb400000,0x00000006fc533ab0,0x00000006fc8c0000)
Event: 5.381 GC heap after
Heap after GC invocations=5 (full 0):
 PSYoungGen      total 141824K, used 8824K [0x00000007aacb0000, 0x00000007bf270000, 0x0000000800000000)
  eden space 130944K, 0% used [0x00000007aacb0000,0x00000007aacb0000,0x00000007b2c90000)
  from space 10880K, 81% used [0x00000007b2c90000,0x00000007b352e340,0x00000007b3730000)
  to   space 35840K, 0% used [0x00000007bcf70000,0x00000007bcf70000,0x00000007bf270000)
 ParOldGen       total 174528K, used 57879K [0x0000000700600000, 0x000000070b070000, 0x00000007aacb0000)
  object space 174528K, 33% used [0x0000000700600000,0x0000000703e85f48,0x000000070b070000)
 PSPermGen       total 21248K, used 17614K [0x00000006fb400000, 0x00000006fc8c0000, 0x0000000700600000)
  object space 21248K, 82% used [0x00000006fb400000,0x00000006fc533ab0,0x00000006fc8c0000)
}

