# JRE version: 7.0_07-b11
# Java VM: Java HotSpot(TM) 64-Bit Server VM (23.3-b01 mixed mode windows-amd64 compressed oops)
Heap
 PSYoungGen      total 52160K, used 20441K [0x00000007aacb0000, 0x00000007af750000, 0x0000000800000000)
  eden space 30592K, 32% used [0x00000007aacb0000,0x00000007ab66b6e8,0x00000007aca90000)
  from space 21568K, 48% used [0x00000007ae240000,0x00000007aec7ae70,0x00000007af750000)
  to   space 22912K, 0% used [0x00000007aca90000,0x00000007aca90000,0x00000007ae0f0000)
 ParOldGen       total 174528K, used 96299K [0x0000000700600000, 0x000000070b070000, 0x00000007aacb0000)
  object space 174528K, 55% used [0x0000000700600000,0x000000070640ad48,0x000000070b070000)
 PSPermGen       total 21248K, used 18009K [0x00000006fb400000, 0x00000006fc8c0000, 0x0000000700600000)
  object space 21248K, 84% used [0x00000006fb400000,0x00000006fc5966e0,0x00000006fc8c0000)
GC Heap History (10 events):
Event: 22.581 GC heap before
{Heap before GC invocations=30 (full 0):
 PSYoungGen      total 43584K, used 39064K [0x00000007aacb0000, 0x00000007b02e0000, 0x0000000800000000)
  eden space 33088K, 86% used [0x00000007aacb0000,0x00000007ac89b2e8,0x00000007acd00000)
  from space 10496K, 99% used [0x00000007acd80000,0x00000007ad7bae70,0x00000007ad7c0000)
  to   space 27584K, 0% used [0x00000007ae7f0000,0x00000007ae7f0000,0x00000007b02e0000)
 ParOldGen       total 174528K, used 96203K [0x0000000700600000, 0x000000070b070000, 0x00000007aacb0000)
  object space 174528K, 55% used [0x0000000700600000,0x00000007063f2d48,0x000000070b070000)
 PSPermGen       total 21248K, used 17978K [0x00000006fb400000, 0x00000006fc8c0000, 0x0000000700600000)
  object space 21248K, 84% used [0x00000006fb400000,0x00000006fc58ea28,0x00000006fc8c0000)
Event: 22.583 GC heap after
Heap after GC invocations=30 (full 0):
 PSYoungGen      total 57728K, used 10411K [0x00000007aacb0000, 0x00000007b0080000, 0x0000000800000000)
  eden space 32576K, 0% used [0x00000007aacb0000,0x00000007aacb0000,0x00000007acc80000)
  from space 25152K, 41% used [0x00000007ae7f0000,0x00000007af21ae70,0x00000007b0080000)
  to   space 26624K, 0% used [0x00000007acc80000,0x00000007acc80000,0x00000007ae680000)
 ParOldGen       total 174528K, used 96211K [0x0000000700600000, 0x000000070b070000, 0x00000007aacb0000)
  object space 174528K, 55% used [0x0000000700600000,0x00000007063f4d48,0x000000070b070000)
 PSPermGen       total 21248K, used 17978K [0x00000006fb400000, 0x00000006fc8c0000, 0x0000000700600000)
  object space 21248K, 84% used [0x00000006fb400000,0x00000006fc58ea28,0x00000006fc8c0000)
}
Event: 22.976 GC heap before
{Heap before GC invocations=31 (full 0):
 PSYoungGen      total 57728K, used 38930K [0x00000007aacb0000, 0x00000007b0080000, 0x0000000800000000)
  eden space 32576K, 87% used [0x00000007aacb0000,0x00000007ac889bc0,0x00000007acc80000)
  from space 25152K, 41% used [0x00000007ae7f0000,0x00000007af21ae70,0x00000007b0080000)
  to   space 26624K, 0% used [0x00000007acc80000,0x00000007acc80000,0x00000007ae680000)
 ParOldGen       total 174528K, used 96211K [0x0000000700600000, 0x000000070b070000, 0x00000007aacb0000)
  object space 174528K, 55% used [0x0000000700600000,0x00000007063f4d48,0x000000070b070000)
 PSPermGen       total 21248K, used 17978K [0x00000006fb400000, 0x00000006fc8c0000, 0x0000000700600000)
  object space 21248K, 84% used [0x00000006fb400000,0x00000006fc58ea28,0x00000006fc8c0000)
Event: 22.978 GC heap after
Heap after GC invocations=31 (full 0):
 PSYoungGen      total 42496K, used 10411K [0x00000007aacb0000, 0x00000007afe20000, 0x0000000800000000)
  eden space 32064K, 0% used [0x00000007aacb0000,0x00000007aacb0000,0x00000007acc00000)
  from space 10432K, 99% used [0x00000007acc80000,0x00000007ad6aae70,0x00000007ad6b0000)
  to   space 25664K, 0% used [0x00000007ae510000,0x00000007ae510000,0x00000007afe20000)
 ParOldGen       total 174528K, used 96235K [0x0000000700600000, 0x000000070b070000, 0x00000007aacb0000)
  object space 174528K, 55% used [0x0000000700600000,0x00000007063fad48,0x000000070b070000)
 PSPermGen       total 21248K, used 17978K [0x00000006fb400000, 0x00000006fc8c0000, 0x0000000700600000)
  object space 21248K, 84% used [0x00000006fb400000,0x00000006fc58ea28,0x00000006fc8c0000)
}
Event: 23.372 GC heap before
{Heap before GC invocations=32 (full 0):
 PSYoungGen      total 42496K, used 38912K [0x00000007aacb0000, 0x00000007afe20000, 0x0000000800000000)
  eden space 32064K, 88% used [0x00000007aacb0000,0x00000007ac885258,0x00000007acc00000)
  from space 10432K, 99% used [0x00000007acc80000,0x00000007ad6aae70,0x00000007ad6b0000)
  to   space 25664K, 0% used [0x00000007ae510000,0x00000007ae510000,0x00000007afe20000)
 ParOldGen       total 174528K, used 96235K [0x0000000700600000, 0x000000070b070000, 0x00000007aacb0000)
  object space 174528K, 55% used [0x0000000700600000,0x00000007063fad48,0x000000070b070000)
 PSPermGen       total 21248K, used 17978K [0x00000006fb400000, 0x00000006fc8c0000, 0x0000000700600000)
  object space 21248K, 84% used [0x00000006fb400000,0x00000006fc58ea28,0x00000006fc8c0000)
Event: 23.374 GC heap after
Heap after GC invocations=32 (full 0):
 PSYoungGen      total 54784K, used 10475K [0x00000007aacb0000, 0x00000007afbc0000, 0x0000000800000000)
  eden space 31552K, 0% used [0x00000007aacb0000,0x00000007aacb0000,0x00000007acb80000)
  from space 23232K, 45% used [0x00000007ae510000,0x00000007aef4ae70,0x00000007afbc0000)
  to   space 24704K, 0% used [0x00000007acb80000,0x00000007acb80000,0x00000007ae3a0000)
 ParOldGen       total 174528K, used 96251K [0x0000000700600000, 0x000000070b070000, 0x00000007aacb0000)
  object space 174528K, 55% used [0x0000000700600000,0x00000007063fed48,0x000000070b070000)
 PSPermGen       total 21248K, used 17978K [0x00000006fb400000, 0x00000006fc8c0000, 0x0000000700600000)
  object space 21248K, 84% used [0x00000006fb400000,0x00000006fc58ea28,0x00000006fc8c0000)
}
Event: 23.766 GC heap before
{Heap before GC invocations=33 (full 0):
 PSYoungGen      total 54784K, used 38969K [0x00000007aacb0000, 0x00000007afbc0000, 0x0000000800000000)
  eden space 31552K, 90% used [0x00000007aacb0000,0x00000007ac883688,0x00000007acb80000)
  from space 23232K, 45% used [0x00000007ae510000,0x00000007aef4ae70,0x00000007afbc0000)
  to   space 24704K, 0% used [0x00000007acb80000,0x00000007acb80000,0x00000007ae3a0000)
 ParOldGen       total 174528K, used 96251K [0x0000000700600000, 0x000000070b070000, 0x00000007aacb0000)
  object space 174528K, 55% used [0x0000000700600000,0x00000007063fed48,0x000000070b070000)
 PSPermGen       total 21248K, used 17978K [0x00000006fb400000, 0x00000006fc8c0000, 0x0000000700600000)
  object space 21248K, 84% used [0x00000006fb400000,0x00000006fc58ea28,0x00000006fc8c0000)
Event: 23.769 GC heap after
Heap after GC invocations=33 (full 0):
 PSYoungGen      total 41536K, used 10443K [0x00000007aacb0000, 0x00000007af980000, 0x0000000800000000)
  eden space 31040K, 0% used [0x00000007aacb0000,0x00000007aacb0000,0x00000007acb00000)
  from space 10496K, 99% used [0x00000007acb80000,0x00000007ad5b2e70,0x00000007ad5c0000)
  to   space 23808K, 0% used [0x00000007ae240000,0x00000007ae240000,0x00000007af980000)
 ParOldGen       total 174528K, used 96275K [0x0000000700600000, 0x000000070b070000, 0x00000007aacb0000)
  object space 174528K, 55% used [0x0000000700600000,0x0000000706404d48,0x000000070b070000)
 PSPermGen       total 21248K, used 17978K [0x00000006fb400000, 0x00000006fc8c0000, 0x0000000700600000)
  object space 21248K, 84% used [0x00000006fb400000,0x00000006fc58ea28,0x00000006fc8c0000)
}
Event: 24.160 GC heap before
{Heap before GC invocations=34 (full 0):
 PSYoungGen      total 41536K, used 38949K [0x00000007aacb0000, 0x00000007af980000, 0x0000000800000000)
  eden space 31040K, 91% used [0x00000007aacb0000,0x00000007ac886838,0x00000007acb00000)
  from space 10496K, 99% used [0x00000007acb80000,0x00000007ad5b2e70,0x00000007ad5c0000)
  to   space 23808K, 0% used [0x00000007ae240000,0x00000007ae240000,0x00000007af980000)
 ParOldGen       total 174528K, used 96275K [0x0000000700600000, 0x000000070b070000, 0x00000007aacb0000)
  object space 174528K, 55% used [0x0000000700600000,0x0000000706404d48,0x000000070b070000)
 PSPermGen       total 21248K, used 17985K [0x00000006fb400000, 0x00000006fc8c0000, 0x0000000700600000)
  object space 21248K, 84% used [0x00000006fb400000,0x00000006fc590758,0x00000006fc8c0000)
Event: 24.161 GC heap after
Heap after GC invocations=34 (full 0):
 PSYoungGen      total 52160K, used 10475K [0x00000007aacb0000, 0x00000007af750000, 0x0000000800000000)
  eden space 30592K, 0% used [0x00000007aacb0000,0x00000007aacb0000,0x00000007aca90000)
  from space 21568K, 48% used [0x00000007ae240000,0x00000007aec7ae70,0x00000007af750000)
  to   space 22912K, 0% used [0x00000007aca90000,0x00000007aca90000,0x00000007ae0f0000)
 ParOldGen       total 174528K, used 96299K [0x0000000700600000, 0x000000070b070000, 0x00000007aacb0000)
  object space 174528K, 55% used [0x0000000700600000,0x000000070640ad48,0x000000070b070000)
 PSPermGen       total 21248K, used 17985K [0x00000006fb400000, 0x00000006fc8c0000, 0x0000000700600000)
  object space 21248K, 84% used [0x00000006fb400000,0x00000006fc590758,0x00000006fc8c0000)
}

