# JRE version: 7.0_07-b11
# Java VM: Java HotSpot(TM) 64-Bit Server VM (23.3-b01 mixed mode windows-amd64 compressed oops)
Heap
 PSYoungGen      total 1279744K, used 602239K [0x00000007aacb0000, 0x00000007ffbd0000, 0x0000000800000000)
  eden space 1231680K, 48% used [0x00000007aacb0000,0x00000007cf8cfe90,0x00000007f5f80000)
  from space 48064K, 0% used [0x00000007f91b0000,0x00000007f91b0000,0x00000007fc0a0000)
  to   space 51392K, 0% used [0x00000007f5f80000,0x00000007f5f80000,0x00000007f91b0000)
 ParOldGen       total 233920K, used 46900K [0x0000000700600000, 0x000000070ea70000, 0x00000007aacb0000)
  object space 233920K, 20% used [0x0000000700600000,0x00000007033cd280,0x000000070ea70000)
 PSPermGen       total 39680K, used 18286K [0x00000006fb400000, 0x00000006fdac0000, 0x0000000700600000)
  object space 39680K, 46% used [0x00000006fb400000,0x00000006fc5dbb18,0x00000006fdac0000)
GC Heap History (10 events):
Event: 12.473 GC heap before
{Heap before GC invocations=13 (full 1):
 PSYoungGen      total 745984K, used 742444K [0x00000007aacb0000, 0x00000007e9730000, 0x0000000800000000)
  eden space 714688K, 99% used [0x00000007aacb0000,0x00000007d653d158,0x00000007d66a0000)
  from space 31296K, 93% used [0x00000007d66a0000,0x00000007d831e190,0x00000007d8530000)
  to   space 32832K, 0% used [0x00000007e7720000,0x00000007e7720000,0x00000007e9730000)
 ParOldGen       total 133760K, used 96476K [0x0000000700600000, 0x00000007088a0000, 0x00000007aacb0000)
  object space 133760K, 72% used [0x0000000700600000,0x0000000706437290,0x00000007088a0000)
 PSPermGen       total 36608K, used 18100K [0x00000006fb400000, 0x00000006fd7c0000, 0x0000000700600000)
  object space 36608K, 49% used [0x00000006fb400000,0x00000006fc5ad388,0x00000006fd7c0000)
Event: 12.481 GC heap after
Heap after GC invocations=13 (full 1):
 PSYoungGen      total 977664K, used 31645K [0x00000007aacb0000, 0x00000007e9610000, 0x0000000800000000)
  eden space 945984K, 0% used [0x00000007aacb0000,0x00000007aacb0000,0x00000007e4880000)
  from space 31680K, 99% used [0x00000007e7720000,0x00000007e9607430,0x00000007e9610000)
  to   space 34880K, 0% used [0x00000007e51f0000,0x00000007e51f0000,0x00000007e7400000)
 ParOldGen       total 133760K, used 106246K [0x0000000700600000, 0x00000007088a0000, 0x00000007aacb0000)
  object space 133760K, 79% used [0x0000000700600000,0x0000000706dc1810,0x00000007088a0000)
 PSPermGen       total 36608K, used 18100K [0x00000006fb400000, 0x00000006fd7c0000, 0x0000000700600000)
  object space 36608K, 49% used [0x00000006fb400000,0x00000006fc5ad388,0x00000006fd7c0000)
}
Event: 14.581 GC heap before
{Heap before GC invocations=14 (full 1):
 PSYoungGen      total 977664K, used 977629K [0x00000007aacb0000, 0x00000007e9610000, 0x0000000800000000)
  eden space 945984K, 100% used [0x00000007aacb0000,0x00000007e4880000,0x00000007e4880000)
  from space 31680K, 99% used [0x00000007e7720000,0x00000007e9607430,0x00000007e9610000)
  to   space 34880K, 0% used [0x00000007e51f0000,0x00000007e51f0000,0x00000007e7400000)
 ParOldGen       total 133760K, used 106246K [0x0000000700600000, 0x00000007088a0000, 0x00000007aacb0000)
  object space 133760K, 79% used [0x0000000700600000,0x0000000706dc1810,0x00000007088a0000)
 PSPermGen       total 36608K, used 18217K [0x00000006fb400000, 0x00000006fd7c0000, 0x0000000700600000)
  object space 36608K, 49% used [0x00000006fb400000,0x00000006fc5ca490,0x00000006fd7c0000)
Event: 14.593 GC heap after
Heap after GC invocations=14 (full 1):
 PSYoungGen      total 990528K, used 34861K [0x00000007aacb0000, 0x00000007fc0a0000, 0x0000000800000000)
  eden space 955648K, 0% used [0x00000007aacb0000,0x00000007aacb0000,0x00000007e51f0000)
  from space 34880K, 99% used [0x00000007e51f0000,0x00000007e73fb620,0x00000007e7400000)
  to   space 48064K, 0% used [0x00000007f91b0000,0x00000007f91b0000,0x00000007fc0a0000)
 ParOldGen       total 135808K, used 134163K [0x0000000700600000, 0x0000000708aa0000, 0x00000007aacb0000)
  object space 135808K, 98% used [0x0000000700600000,0x0000000708904da0,0x0000000708aa0000)
 PSPermGen       total 36608K, used 18217K [0x00000006fb400000, 0x00000006fd7c0000, 0x0000000700600000)
  object space 36608K, 49% used [0x00000006fb400000,0x00000006fc5ca490,0x00000006fd7c0000)
}
Event: 14.593 GC heap before
{Heap before GC invocations=15 (full 2):
 PSYoungGen      total 990528K, used 34861K [0x00000007aacb0000, 0x00000007fc0a0000, 0x0000000800000000)
  eden space 955648K, 0% used [0x00000007aacb0000,0x00000007aacb0000,0x00000007e51f0000)
  from space 34880K, 99% used [0x00000007e51f0000,0x00000007e73fb620,0x00000007e7400000)
  to   space 48064K, 0% used [0x00000007f91b0000,0x00000007f91b0000,0x00000007fc0a0000)
 ParOldGen       total 135808K, used 134163K [0x0000000700600000, 0x0000000708aa0000, 0x00000007aacb0000)
  object space 135808K, 98% used [0x0000000700600000,0x0000000708904da0,0x0000000708aa0000)
 PSPermGen       total 36608K, used 18217K [0x00000006fb400000, 0x00000006fd7c0000, 0x0000000700600000)
  object space 36608K, 49% used [0x00000006fb400000,0x00000006fc5ca490,0x00000006fd7c0000)
Event: 14.619 GC heap after
Heap after GC invocations=15 (full 2):
 PSYoungGen      total 990528K, used 0K [0x00000007aacb0000, 0x00000007fc0a0000, 0x0000000800000000)
  eden space 955648K, 0% used [0x00000007aacb0000,0x00000007aacb0000,0x00000007e51f0000)
  from space 34880K, 0% used [0x00000007e51f0000,0x00000007e51f0000,0x00000007e7400000)
  to   space 48064K, 0% used [0x00000007f91b0000,0x00000007f91b0000,0x00000007fc0a0000)
 ParOldGen       total 185408K, used 36902K [0x0000000700600000, 0x000000070bb10000, 0x00000007aacb0000)
  object space 185408K, 19% used [0x0000000700600000,0x0000000702a09ba0,0x000000070bb10000)
 PSPermGen       total 41280K, used 18216K [0x00000006fb400000, 0x00000006fdc50000, 0x0000000700600000)
  object space 41280K, 44% used [0x00000006fb400000,0x00000006fc5ca380,0x00000006fdc50000)
}
Event: 16.761 GC heap before
{Heap before GC invocations=16 (full 2):
 PSYoungGen      total 990528K, used 953553K [0x00000007aacb0000, 0x00000007fc0a0000, 0x0000000800000000)
  eden space 955648K, 99% used [0x00000007aacb0000,0x00000007e4fe4700,0x00000007e51f0000)
  from space 34880K, 0% used [0x00000007e51f0000,0x00000007e51f0000,0x00000007e7400000)
  to   space 48064K, 0% used [0x00000007f91b0000,0x00000007f91b0000,0x00000007fc0a0000)
 ParOldGen       total 185408K, used 40320K [0x0000000700600000, 0x000000070bb10000, 0x00000007aacb0000)
  object space 185408K, 21% used [0x0000000700600000,0x0000000702d60070,0x000000070bb10000)
 PSPermGen       total 41280K, used 18256K [0x00000006fb400000, 0x00000006fdc50000, 0x0000000700600000)
  object space 41280K, 44% used [0x00000006fb400000,0x00000006fc5d4170,0x00000006fdc50000)
Event: 16.777 GC heap after
Heap after GC invocations=16 (full 2):
 PSYoungGen      total 1279744K, used 42452K [0x00000007aacb0000, 0x00000007ffbd0000, 0x0000000800000000)
  eden space 1231680K, 0% used [0x00000007aacb0000,0x00000007aacb0000,0x00000007f5f80000)
  from space 48064K, 88% used [0x00000007f91b0000,0x00000007fbb252d0,0x00000007fc0a0000)
  to   space 51392K, 0% used [0x00000007f5f80000,0x00000007f5f80000,0x00000007f91b0000)
 ParOldGen       total 185408K, used 76770K [0x0000000700600000, 0x000000070bb10000, 0x00000007aacb0000)
  object space 185408K, 41% used [0x0000000700600000,0x00000007050f88d0,0x000000070bb10000)
 PSPermGen       total 41280K, used 18256K [0x00000006fb400000, 0x00000006fdc50000, 0x0000000700600000)
  object space 41280K, 44% used [0x00000006fb400000,0x00000006fc5d4170,0x00000006fdc50000)
}
Event: 19.796 GC heap before
{Heap before GC invocations=17 (full 3):
 PSYoungGen      total 1279744K, used 1274132K [0x00000007aacb0000, 0x00000007ffbd0000, 0x0000000800000000)
  eden space 1231680K, 100% used [0x00000007aacb0000,0x00000007f5f80000,0x00000007f5f80000)
  from space 48064K, 88% used [0x00000007f91b0000,0x00000007fbb252d0,0x00000007fc0a0000)
  to   space 51392K, 0% used [0x00000007f5f80000,0x00000007f5f80000,0x00000007f91b0000)
 ParOldGen       total 209728K, used 209284K [0x0000000700600000, 0x000000070d2d0000, 0x00000007aacb0000)
  object space 209728K, 99% used [0x0000000700600000,0x000000070d261208,0x000000070d2d0000)
 PSPermGen       total 41280K, used 18270K [0x00000006fb400000, 0x00000006fdc50000, 0x0000000700600000)
  object space 41280K, 44% used [0x00000006fb400000,0x00000006fc5d7b18,0x00000006fdc50000)
Event: 19.838 GC heap after
Heap after GC invocations=17 (full 3):
 PSYoungGen      total 1279744K, used 0K [0x00000007aacb0000, 0x00000007ffbd0000, 0x0000000800000000)
  eden space 1231680K, 0% used [0x00000007aacb0000,0x00000007aacb0000,0x00000007f5f80000)
  from space 48064K, 0% used [0x00000007f91b0000,0x00000007f91b0000,0x00000007fc0a0000)
  to   space 51392K, 0% used [0x00000007f5f80000,0x00000007f5f80000,0x00000007f91b0000)
 ParOldGen       total 233920K, used 46900K [0x0000000700600000, 0x000000070ea70000, 0x00000007aacb0000)
  object space 233920K, 20% used [0x0000000700600000,0x00000007033cd280,0x000000070ea70000)
 PSPermGen       total 39680K, used 18270K [0x00000006fb400000, 0x00000006fdac0000, 0x0000000700600000)
  object space 39680K, 46% used [0x00000006fb400000,0x00000006fc5d7a98,0x00000006fdac0000)
}

