# JRE version: 7.0_07-b11
# Java VM: Java HotSpot(TM) 64-Bit Server VM (23.3-b01 mixed mode windows-amd64 compressed oops)
Heap
 PSYoungGen      total 647680K, used 508065K [0x00000007aacb0000, 0x00000007d8650000, 0x0000000800000000)
  eden space 639872K, 79% used [0x00000007aacb0000,0x00000007c9c98698,0x00000007d1d90000)
  from space 7808K, 3% used [0x00000007d7eb0000,0x00000007d7ef0000,0x00000007d8650000)
  to   space 53632K, 0% used [0x00000007d1d90000,0x00000007d1d90000,0x00000007d51f0000)
 ParOldGen       total 439680K, used 291915K [0x0000000700600000, 0x000000071b360000, 0x00000007aacb0000)
  object space 439680K, 66% used [0x0000000700600000,0x0000000712312dd0,0x000000071b360000)
 PSPermGen       total 26752K, used 18408K [0x00000006fb400000, 0x00000006fce20000, 0x0000000700600000)
  object space 26752K, 68% used [0x00000006fb400000,0x00000006fc5fa338,0x00000006fce20000)
GC Heap History (10 events):
Event: 104.368 GC heap before
{Heap before GC invocations=55 (full 10):
 PSYoungGen      total 763712K, used 763632K [0x00000007aacb0000, 0x00000007e05f0000, 0x0000000800000000)
  eden space 732608K, 99% used [0x00000007aacb0000,0x00000007d781b7f8,0x00000007d7820000)
  from space 31104K, 99% used [0x00000007de790000,0x00000007e05e0b50,0x00000007e05f0000)
  to   space 56832K, 0% used [0x00000007d96f0000,0x00000007d96f0000,0x00000007dce70000)
 ParOldGen       total 448000K, used 431661K [0x0000000700600000, 0x000000071bb80000, 0x00000007aacb0000)
  object space 448000K, 96% used [0x0000000700600000,0x000000071ab8b610,0x000000071bb80000)
 PSPermGen       total 27776K, used 18399K [0x00000006fb400000, 0x00000006fcf20000, 0x0000000700600000)
  object space 27776K, 66% used [0x00000006fb400000,0x00000006fc5f7cc0,0x00000006fcf20000)
Event: 104.374 GC heap after
Heap after GC invocations=55 (full 10):
 PSYoungGen      total 726400K, used 18481K [0x00000007aacb0000, 0x00000007de7a0000, 0x0000000800000000)
  eden space 707904K, 0% used [0x00000007aacb0000,0x00000007aacb0000,0x00000007d6000000)
  from space 18496K, 99% used [0x00000007d96f0000,0x00000007da8fc430,0x00000007da900000)
  to   space 53632K, 0% used [0x00000007db340000,0x00000007db340000,0x00000007de7a0000)
 ParOldGen       total 448000K, used 431661K [0x0000000700600000, 0x000000071bb80000, 0x00000007aacb0000)
  object space 448000K, 96% used [0x0000000700600000,0x000000071ab8b610,0x000000071bb80000)
 PSPermGen       total 27776K, used 18399K [0x00000006fb400000, 0x00000006fcf20000, 0x0000000700600000)
  object space 27776K, 66% used [0x00000006fb400000,0x00000006fc5f7cc0,0x00000006fcf20000)
}
Event: 105.766 GC heap before
{Heap before GC invocations=56 (full 10):
 PSYoungGen      total 726400K, used 724873K [0x00000007aacb0000, 0x00000007de7a0000, 0x0000000800000000)
  eden space 707904K, 99% used [0x00000007aacb0000,0x00000007d5e86230,0x00000007d6000000)
  from space 18496K, 99% used [0x00000007d96f0000,0x00000007da8fc430,0x00000007da900000)
  to   space 53632K, 0% used [0x00000007db340000,0x00000007db340000,0x00000007de7a0000)
 ParOldGen       total 448000K, used 433686K [0x0000000700600000, 0x000000071bb80000, 0x00000007aacb0000)
  object space 448000K, 96% used [0x0000000700600000,0x000000071ad85a20,0x000000071bb80000)
 PSPermGen       total 27776K, used 18399K [0x00000006fb400000, 0x00000006fcf20000, 0x0000000700600000)
  object space 27776K, 66% used [0x00000006fb400000,0x00000006fc5f7fa8,0x00000006fcf20000)
Event: 105.772 GC heap after
Heap after GC invocations=56 (full 10):
 PSYoungGen      total 713408K, used 29112K [0x00000007aacb0000, 0x00000007dcfb0000, 0x0000000800000000)
  eden space 684288K, 0% used [0x00000007aacb0000,0x00000007aacb0000,0x00000007d48f0000)
  from space 29120K, 99% used [0x00000007db340000,0x00000007dcfae190,0x00000007dcfb0000)
  to   space 53504K, 0% used [0x00000007d6730000,0x00000007d6730000,0x00000007d9b70000)
 ParOldGen       total 448000K, used 433686K [0x0000000700600000, 0x000000071bb80000, 0x00000007aacb0000)
  object space 448000K, 96% used [0x0000000700600000,0x000000071ad85a20,0x000000071bb80000)
 PSPermGen       total 27776K, used 18399K [0x00000006fb400000, 0x00000006fcf20000, 0x0000000700600000)
  object space 27776K, 66% used [0x00000006fb400000,0x00000006fc5f7fa8,0x00000006fcf20000)
}
Event: 107.302 GC heap before
{Heap before GC invocations=57 (full 11):
 PSYoungGen      total 713408K, used 713400K [0x00000007aacb0000, 0x00000007dcfb0000, 0x0000000800000000)
  eden space 684288K, 100% used [0x00000007aacb0000,0x00000007d48f0000,0x00000007d48f0000)
  from space 29120K, 99% used [0x00000007db340000,0x00000007dcfae190,0x00000007dcfb0000)
  to   space 53504K, 0% used [0x00000007d6730000,0x00000007d6730000,0x00000007d9b70000)
 ParOldGen       total 522176K, used 522155K [0x0000000700600000, 0x00000007203f0000, 0x00000007aacb0000)
  object space 522176K, 99% used [0x0000000700600000,0x00000007203ead68,0x00000007203f0000)
 PSPermGen       total 27776K, used 18401K [0x00000006fb400000, 0x00000006fcf20000, 0x0000000700600000)
  object space 27776K, 66% used [0x00000006fb400000,0x00000006fc5f8480,0x00000006fcf20000)
Event: 107.339 GC heap after
Heap after GC invocations=57 (full 11):
 PSYoungGen      total 713408K, used 0K [0x00000007aacb0000, 0x00000007dcfb0000, 0x0000000800000000)
  eden space 684288K, 0% used [0x00000007aacb0000,0x00000007aacb0000,0x00000007d48f0000)
  from space 29120K, 0% used [0x00000007db340000,0x00000007db340000,0x00000007dcfb0000)
  to   space 53504K, 0% used [0x00000007d6730000,0x00000007d6730000,0x00000007d9b70000)
 ParOldGen       total 439680K, used 89412K [0x0000000700600000, 0x000000071b360000, 0x00000007aacb0000)
  object space 439680K, 20% used [0x0000000700600000,0x0000000705d512a8,0x000000071b360000)
 PSPermGen       total 26752K, used 18401K [0x00000006fb400000, 0x00000006fce20000, 0x0000000700600000)
  object space 26752K, 68% used [0x00000006fb400000,0x00000006fc5f8480,0x00000006fce20000)
}
Event: 108.865 GC heap before
{Heap before GC invocations=58 (full 11):
 PSYoungGen      total 713408K, used 684288K [0x00000007aacb0000, 0x00000007dcfb0000, 0x0000000800000000)
  eden space 684288K, 100% used [0x00000007aacb0000,0x00000007d48f0000,0x00000007d48f0000)
  from space 29120K, 0% used [0x00000007db340000,0x00000007db340000,0x00000007dcfb0000)
  to   space 53504K, 0% used [0x00000007d6730000,0x00000007d6730000,0x00000007d9b70000)
 ParOldGen       total 439680K, used 175097K [0x0000000700600000, 0x000000071b360000, 0x00000007aacb0000)
  object space 439680K, 39% used [0x0000000700600000,0x000000070b0fe520,0x000000071b360000)
 PSPermGen       total 26752K, used 18401K [0x00000006fb400000, 0x00000006fce20000, 0x0000000700600000)
  object space 26752K, 68% used [0x00000006fb400000,0x00000006fc5f8480,0x00000006fce20000)
Event: 108.868 GC heap after
Heap after GC invocations=58 (full 11):
 PSYoungGen      total 661824K, used 256K [0x00000007aacb0000, 0x00000007db350000, 0x0000000800000000)
  eden space 661568K, 0% used [0x00000007aacb0000,0x00000007aacb0000,0x00000007d32c0000)
  from space 256K, 100% used [0x00000007d6730000,0x00000007d6770000,0x00000007d6770000)
  to   space 53888K, 0% used [0x00000007d7eb0000,0x00000007d7eb0000,0x00000007db350000)
 ParOldGen       total 439680K, used 175097K [0x0000000700600000, 0x000000071b360000, 0x00000007aacb0000)
  object space 439680K, 39% used [0x0000000700600000,0x000000070b0fe520,0x000000071b360000)
 PSPermGen       total 26752K, used 18401K [0x00000006fb400000, 0x00000006fce20000, 0x0000000700600000)
  object space 26752K, 68% used [0x00000006fb400000,0x00000006fc5f8480,0x00000006fce20000)
}
Event: 110.443 GC heap before
{Heap before GC invocations=59 (full 11):
 PSYoungGen      total 661824K, used 661795K [0x00000007aacb0000, 0x00000007db350000, 0x0000000800000000)
  eden space 661568K, 99% used [0x00000007aacb0000,0x00000007d32b8df0,0x00000007d32c0000)
  from space 256K, 100% used [0x00000007d6730000,0x00000007d6770000,0x00000007d6770000)
  to   space 53888K, 0% used [0x00000007d7eb0000,0x00000007d7eb0000,0x00000007db350000)
 ParOldGen       total 439680K, used 291915K [0x0000000700600000, 0x000000071b360000, 0x00000007aacb0000)
  object space 439680K, 66% used [0x0000000700600000,0x0000000712312dd0,0x000000071b360000)
 PSPermGen       total 26752K, used 18401K [0x00000006fb400000, 0x00000006fce20000, 0x0000000700600000)
  object space 26752K, 68% used [0x00000006fb400000,0x00000006fc5f8480,0x00000006fce20000)
Event: 110.448 GC heap after
Heap after GC invocations=59 (full 11):
 PSYoungGen      total 647680K, used 256K [0x00000007aacb0000, 0x00000007d8650000, 0x0000000800000000)
  eden space 639872K, 0% used [0x00000007aacb0000,0x00000007aacb0000,0x00000007d1d90000)
  from space 7808K, 3% used [0x00000007d7eb0000,0x00000007d7ef0000,0x00000007d8650000)
  to   space 53632K, 0% used [0x00000007d1d90000,0x00000007d1d90000,0x00000007d51f0000)
 ParOldGen       total 439680K, used 291915K [0x0000000700600000, 0x000000071b360000, 0x00000007aacb0000)
  object space 439680K, 66% used [0x0000000700600000,0x0000000712312dd0,0x000000071b360000)
 PSPermGen       total 26752K, used 18401K [0x00000006fb400000, 0x00000006fce20000, 0x0000000700600000)
  object space 26752K, 68% used [0x00000006fb400000,0x00000006fc5f8480,0x00000006fce20000)
}

