# JRE version: 7.0_07-b11
# Java VM: Java HotSpot(TM) 64-Bit Server VM (23.3-b01 mixed mode windows-amd64 compressed oops)
Heap
 PSYoungGen      total 555392K, used 63357K [0x00000007aacb0000, 0x00000007e2520000, 0x0000000800000000)
  eden space 511232K, 5% used [0x00000007aacb0000,0x00000007ac894b60,0x00000007c9ff0000)
  from space 44160K, 78% used [0x00000007c9ff0000,0x00000007cc1ea8a0,0x00000007ccb10000)
  to   space 45888K, 0% used [0x00000007df850000,0x00000007df850000,0x00000007e2520000)
 ParOldGen       total 174528K, used 114507K [0x0000000700600000, 0x000000070b070000, 0x00000007aacb0000)
  object space 174528K, 65% used [0x0000000700600000,0x00000007075d2fe0,0x000000070b070000)
 PSPermGen       total 21248K, used 18042K [0x00000006fb400000, 0x00000006fc8c0000, 0x0000000700600000)
  object space 21248K, 84% used [0x00000006fb400000,0x00000006fc59ea18,0x00000006fc8c0000)
GC Heap History (10 events):
Event: 3.820 GC heap before
{Heap before GC invocations=5 (full 0):
 PSYoungGen      total 141824K, used 134295K [0x00000007aacb0000, 0x00000007b41d0000, 0x0000000800000000)
  eden space 130944K, 98% used [0x00000007aacb0000,0x00000007b2a79c28,0x00000007b2c90000)
  from space 10880K, 50% used [0x00000007b3730000,0x00000007b3c8c3d0,0x00000007b41d0000)
  to   space 10880K, 0% used [0x00000007b2c90000,0x00000007b2c90000,0x00000007b3730000)
 ParOldGen       total 174528K, used 56071K [0x0000000700600000, 0x000000070b070000, 0x00000007aacb0000)
  object space 174528K, 32% used [0x0000000700600000,0x0000000703cc1de0,0x000000070b070000)
 PSPermGen       total 21248K, used 16805K [0x00000006fb400000, 0x00000006fc8c0000, 0x0000000700600000)
  object space 21248K, 79% used [0x00000006fb400000,0x00000006fc469780,0x00000006fc8c0000)
Event: 3.831 GC heap after
Heap after GC invocations=5 (full 0):
 PSYoungGen      total 141824K, used 10875K [0x00000007aacb0000, 0x00000007be910000, 0x0000000800000000)
  eden space 130944K, 0% used [0x00000007aacb0000,0x00000007aacb0000,0x00000007b2c90000)
  from space 10880K, 99% used [0x00000007b2c90000,0x00000007b372eff0,0x00000007b3730000)
  to   space 31040K, 0% used [0x00000007bcac0000,0x00000007bcac0000,0x00000007be910000)
 ParOldGen       total 174528K, used 69748K [0x0000000700600000, 0x000000070b070000, 0x00000007aacb0000)
  object space 174528K, 39% used [0x0000000700600000,0x0000000704a1d210,0x000000070b070000)
 PSPermGen       total 21248K, used 16805K [0x00000006fb400000, 0x00000006fc8c0000, 0x0000000700600000)
  object space 21248K, 79% used [0x00000006fb400000,0x00000006fc469780,0x00000006fc8c0000)
}
Event: 4.247 GC heap before
{Heap before GC invocations=6 (full 0):
 PSYoungGen      total 141824K, used 140625K [0x00000007aacb0000, 0x00000007be910000, 0x0000000800000000)
  eden space 130944K, 99% used [0x00000007aacb0000,0x00000007b2b65758,0x00000007b2c90000)
  from space 10880K, 99% used [0x00000007b2c90000,0x00000007b372eff0,0x00000007b3730000)
  to   space 31040K, 0% used [0x00000007bcac0000,0x00000007bcac0000,0x00000007be910000)
 ParOldGen       total 174528K, used 69748K [0x0000000700600000, 0x000000070b070000, 0x00000007aacb0000)
  object space 174528K, 39% used [0x0000000700600000,0x0000000704a1d210,0x000000070b070000)
 PSPermGen       total 21248K, used 17333K [0x00000006fb400000, 0x00000006fc8c0000, 0x0000000700600000)
  object space 21248K, 81% used [0x00000006fb400000,0x00000006fc4ed7b0,0x00000006fc8c0000)
Event: 4.256 GC heap after
Heap after GC invocations=6 (full 0):
 PSYoungGen      total 288960K, used 30184K [0x00000007aacb0000, 0x00000007bf0d0000, 0x0000000800000000)
  eden space 257920K, 0% used [0x00000007aacb0000,0x00000007aacb0000,0x00000007ba890000)
  from space 31040K, 97% used [0x00000007bcac0000,0x00000007be83a010,0x00000007be910000)
  to   space 35008K, 0% used [0x00000007ba890000,0x00000007ba890000,0x00000007bcac0000)
 ParOldGen       total 174528K, used 69748K [0x0000000700600000, 0x000000070b070000, 0x00000007aacb0000)
  object space 174528K, 39% used [0x0000000700600000,0x0000000704a1d210,0x000000070b070000)
 PSPermGen       total 21248K, used 17333K [0x00000006fb400000, 0x00000006fc8c0000, 0x0000000700600000)
  object space 21248K, 81% used [0x00000006fb400000,0x00000006fc4ed7b0,0x00000006fc8c0000)
}
Event: 5.154 GC heap before
{Heap before GC invocations=7 (full 0):
 PSYoungGen      total 288960K, used 282941K [0x00000007aacb0000, 0x00000007bf0d0000, 0x0000000800000000)
  eden space 257920K, 97% used [0x00000007aacb0000,0x00000007ba3854f0,0x00000007ba890000)
  from space 31040K, 97% used [0x00000007bcac0000,0x00000007be83a010,0x00000007be910000)
  to   space 35008K, 0% used [0x00000007ba890000,0x00000007ba890000,0x00000007bcac0000)
 ParOldGen       total 174528K, used 69748K [0x0000000700600000, 0x000000070b070000, 0x00000007aacb0000)
  object space 174528K, 39% used [0x0000000700600000,0x0000000704a1d210,0x000000070b070000)
 PSPermGen       total 21248K, used 17959K [0x00000006fb400000, 0x00000006fc8c0000, 0x0000000700600000)
  object space 21248K, 84% used [0x00000006fb400000,0x00000006fc589fd0,0x00000006fc8c0000)
Event: 5.166 GC heap after
Heap after GC invocations=7 (full 0):
 PSYoungGen      total 292928K, used 34495K [0x00000007aacb0000, 0x00000007cf1b0000, 0x0000000800000000)
  eden space 257920K, 0% used [0x00000007aacb0000,0x00000007aacb0000,0x00000007ba890000)
  from space 35008K, 98% used [0x00000007ba890000,0x00000007bca3fcf0,0x00000007bcac0000)
  to   space 39552K, 0% used [0x00000007ccb10000,0x00000007ccb10000,0x00000007cf1b0000)
 ParOldGen       total 174528K, used 73679K [0x0000000700600000, 0x000000070b070000, 0x00000007aacb0000)
  object space 174528K, 42% used [0x0000000700600000,0x0000000704df3dc0,0x000000070b070000)
 PSPermGen       total 21248K, used 17959K [0x00000006fb400000, 0x00000006fc8c0000, 0x0000000700600000)
  object space 21248K, 84% used [0x00000006fb400000,0x00000006fc589fd0,0x00000006fc8c0000)
}
Event: 5.786 GC heap before
{Heap before GC invocations=8 (full 0):
 PSYoungGen      total 292928K, used 289266K [0x00000007aacb0000, 0x00000007cf1b0000, 0x0000000800000000)
  eden space 257920K, 98% used [0x00000007aacb0000,0x00000007ba57ccd0,0x00000007ba890000)
  from space 35008K, 98% used [0x00000007ba890000,0x00000007bca3fcf0,0x00000007bcac0000)
  to   space 39552K, 0% used [0x00000007ccb10000,0x00000007ccb10000,0x00000007cf1b0000)
 ParOldGen       total 174528K, used 73679K [0x0000000700600000, 0x000000070b070000, 0x00000007aacb0000)
  object space 174528K, 42% used [0x0000000700600000,0x0000000704df3dc0,0x000000070b070000)
 PSPermGen       total 21248K, used 18020K [0x00000006fb400000, 0x00000006fc8c0000, 0x0000000700600000)
  object space 21248K, 84% used [0x00000006fb400000,0x00000006fc5991a0,0x00000006fc8c0000)
Event: 5.804 GC heap after
Heap after GC invocations=8 (full 0):
 PSYoungGen      total 550784K, used 38385K [0x00000007aacb0000, 0x00000007cfab0000, 0x0000000800000000)
  eden space 511232K, 0% used [0x00000007aacb0000,0x00000007aacb0000,0x00000007c9ff0000)
  from space 39552K, 97% used [0x00000007ccb10000,0x00000007cf08c770,0x00000007cf1b0000)
  to   space 44160K, 0% used [0x00000007c9ff0000,0x00000007c9ff0000,0x00000007ccb10000)
 ParOldGen       total 174528K, used 107701K [0x0000000700600000, 0x000000070b070000, 0x00000007aacb0000)
  object space 174528K, 61% used [0x0000000700600000,0x0000000706f2d780,0x000000070b070000)
 PSPermGen       total 21248K, used 18020K [0x00000006fb400000, 0x00000006fc8c0000, 0x0000000700600000)
  object space 21248K, 84% used [0x00000006fb400000,0x00000006fc5991a0,0x00000006fc8c0000)
}
Event: 6.761 GC heap before
{Heap before GC invocations=9 (full 0):
 PSYoungGen      total 550784K, used 543796K [0x00000007aacb0000, 0x00000007cfab0000, 0x0000000800000000)
  eden space 511232K, 98% used [0x00000007aacb0000,0x00000007c9a40890,0x00000007c9ff0000)
  from space 39552K, 97% used [0x00000007ccb10000,0x00000007cf08c770,0x00000007cf1b0000)
  to   space 44160K, 0% used [0x00000007c9ff0000,0x00000007c9ff0000,0x00000007ccb10000)
 ParOldGen       total 174528K, used 107701K [0x0000000700600000, 0x000000070b070000, 0x00000007aacb0000)
  object space 174528K, 61% used [0x0000000700600000,0x0000000706f2d780,0x000000070b070000)
 PSPermGen       total 21248K, used 18042K [0x00000006fb400000, 0x00000006fc8c0000, 0x0000000700600000)
  object space 21248K, 84% used [0x00000006fb400000,0x00000006fc59ea18,0x00000006fc8c0000)
Event: 6.771 GC heap after
Heap after GC invocations=9 (full 0):
 PSYoungGen      total 555392K, used 34794K [0x00000007aacb0000, 0x00000007e2520000, 0x0000000800000000)
  eden space 511232K, 0% used [0x00000007aacb0000,0x00000007aacb0000,0x00000007c9ff0000)
  from space 44160K, 78% used [0x00000007c9ff0000,0x00000007cc1ea8a0,0x00000007ccb10000)
  to   space 45888K, 0% used [0x00000007df850000,0x00000007df850000,0x00000007e2520000)
 ParOldGen       total 174528K, used 114507K [0x0000000700600000, 0x000000070b070000, 0x00000007aacb0000)
  object space 174528K, 65% used [0x0000000700600000,0x00000007075d2fe0,0x000000070b070000)
 PSPermGen       total 21248K, used 18042K [0x00000006fb400000, 0x00000006fc8c0000, 0x0000000700600000)
  object space 21248K, 84% used [0x00000006fb400000,0x00000006fc59ea18,0x00000006fc8c0000)
}

