# JRE version: 7.0_07-b11
# Java VM: Java HotSpot(TM) 64-Bit Server VM (23.3-b01 mixed mode windows-amd64 compressed oops)
Heap
 PSYoungGen      total 998016K, used 713652K [0x00000007aacb0000, 0x00000007eb7e0000, 0x0000000800000000)
  eden space 988736K, 72% used [0x00000007aacb0000,0x00000007d6535890,0x00000007e7240000)
  from space 9280K, 4% used [0x00000007eaed0000,0x00000007eaf37a50,0x00000007eb7e0000)
  to   space 35648K, 0% used [0x00000007e7240000,0x00000007e7240000,0x00000007e9510000)
 ParOldGen       total 219200K, used 107439K [0x0000000700600000, 0x000000070dc10000, 0x00000007aacb0000)
  object space 219200K, 49% used [0x0000000700600000,0x0000000706eebd18,0x000000070dc10000)
 PSPermGen       total 39808K, used 18170K [0x00000006fb400000, 0x00000006fdae0000, 0x0000000700600000)
  object space 39808K, 45% used [0x00000006fb400000,0x00000006fc5beb28,0x00000006fdae0000)
GC Heap History (10 events):
Event: 13.584 GC heap before
{Heap before GC invocations=13 (full 2):
 PSYoungGen      total 665472K, used 663703K [0x00000007aacb0000, 0x00000007df560000, 0x0000000800000000)
  eden space 665216K, 99% used [0x00000007aacb0000,0x00000007d349ded8,0x00000007d3650000)
  from space 256K, 87% used [0x00000007df520000,0x00000007df558000,0x00000007df560000)
  to   space 29440K, 0% used [0x00000007dbbe0000,0x00000007dbbe0000,0x00000007dd8a0000)
 ParOldGen       total 175872K, used 111844K [0x0000000700600000, 0x000000070b1c0000, 0x00000007aacb0000)
  object space 175872K, 63% used [0x0000000700600000,0x0000000707339048,0x000000070b1c0000)
 PSPermGen       total 40960K, used 18093K [0x00000006fb400000, 0x00000006fdc00000, 0x0000000700600000)
  object space 40960K, 44% used [0x00000006fb400000,0x00000006fc5ab710,0x00000006fdc00000)
Event: 13.592 GC heap after
Heap after GC invocations=13 (full 2):
 PSYoungGen      total 831424K, used 29049K [0x00000007aacb0000, 0x00000007e1890000, 0x0000000800000000)
  eden space 801984K, 0% used [0x00000007aacb0000,0x00000007aacb0000,0x00000007dbbe0000)
  from space 29440K, 98% used [0x00000007dbbe0000,0x00000007dd83e740,0x00000007dd8a0000)
  to   space 31552K, 0% used [0x00000007df9c0000,0x00000007df9c0000,0x00000007e1890000)
 ParOldGen       total 175872K, used 111844K [0x0000000700600000, 0x000000070b1c0000, 0x00000007aacb0000)
  object space 175872K, 63% used [0x0000000700600000,0x0000000707339048,0x000000070b1c0000)
 PSPermGen       total 40960K, used 18093K [0x00000006fb400000, 0x00000006fdc00000, 0x0000000700600000)
  object space 40960K, 44% used [0x00000006fb400000,0x00000006fc5ab710,0x00000006fdc00000)
}
Event: 15.350 GC heap before
{Heap before GC invocations=14 (full 2):
 PSYoungGen      total 831424K, used 830588K [0x00000007aacb0000, 0x00000007e1890000, 0x0000000800000000)
  eden space 801984K, 99% used [0x00000007aacb0000,0x00000007dbb70c38,0x00000007dbbe0000)
  from space 29440K, 98% used [0x00000007dbbe0000,0x00000007dd83e740,0x00000007dd8a0000)
  to   space 31552K, 0% used [0x00000007df9c0000,0x00000007df9c0000,0x00000007e1890000)
 ParOldGen       total 175872K, used 113869K [0x0000000700600000, 0x000000070b1c0000, 0x00000007aacb0000)
  object space 175872K, 64% used [0x0000000700600000,0x0000000707533458,0x000000070b1c0000)
 PSPermGen       total 40960K, used 18099K [0x00000006fb400000, 0x00000006fdc00000, 0x0000000700600000)
  object space 40960K, 44% used [0x00000006fb400000,0x00000006fc5acd68,0x00000006fdc00000)
Event: 15.359 GC heap after
Heap after GC invocations=14 (full 2):
 PSYoungGen      total 863680K, used 29049K [0x00000007aacb0000, 0x00000007eb4d0000, 0x0000000800000000)
  eden space 832128K, 0% used [0x00000007aacb0000,0x00000007aacb0000,0x00000007dd950000)
  from space 31552K, 92% used [0x00000007df9c0000,0x00000007e161e740,0x00000007e1890000)
  to   space 33216K, 0% used [0x00000007dd950000,0x00000007dd950000,0x00000007df9c0000)
 ParOldGen       total 175872K, used 126019K [0x0000000700600000, 0x000000070b1c0000, 0x00000007aacb0000)
  object space 175872K, 71% used [0x0000000700600000,0x0000000708110c78,0x000000070b1c0000)
 PSPermGen       total 40960K, used 18099K [0x00000006fb400000, 0x00000006fdc00000, 0x0000000700600000)
  object space 40960K, 44% used [0x00000006fb400000,0x00000006fc5acd68,0x00000006fdc00000)
}
Event: 17.458 GC heap before
{Heap before GC invocations=15 (full 3):
 PSYoungGen      total 863680K, used 861177K [0x00000007aacb0000, 0x00000007eb4d0000, 0x0000000800000000)
  eden space 832128K, 100% used [0x00000007aacb0000,0x00000007dd950000,0x00000007dd950000)
  from space 31552K, 92% used [0x00000007df9c0000,0x00000007e161e740,0x00000007e1890000)
  to   space 33216K, 0% used [0x00000007dd950000,0x00000007dd950000,0x00000007df9c0000)
 ParOldGen       total 241280K, used 240685K [0x0000000700600000, 0x000000070f1a0000, 0x00000007aacb0000)
  object space 241280K, 99% used [0x0000000700600000,0x000000070f10b6e8,0x000000070f1a0000)
 PSPermGen       total 40960K, used 18110K [0x00000006fb400000, 0x00000006fdc00000, 0x0000000700600000)
  object space 40960K, 44% used [0x00000006fb400000,0x00000006fc5af9d0,0x00000006fdc00000)
Event: 17.508 GC heap after
Heap after GC invocations=15 (full 3):
 PSYoungGen      total 863680K, used 0K [0x00000007aacb0000, 0x00000007eb4d0000, 0x0000000800000000)
  eden space 832128K, 0% used [0x00000007aacb0000,0x00000007aacb0000,0x00000007dd950000)
  from space 31552K, 0% used [0x00000007df9c0000,0x00000007df9c0000,0x00000007e1890000)
  to   space 33216K, 0% used [0x00000007dd950000,0x00000007dd950000,0x00000007df9c0000)
 ParOldGen       total 219200K, used 28336K [0x0000000700600000, 0x000000070dc10000, 0x00000007aacb0000)
  object space 219200K, 12% used [0x0000000700600000,0x00000007021ac0f0,0x000000070dc10000)
 PSPermGen       total 39808K, used 18110K [0x00000006fb400000, 0x00000006fdae0000, 0x0000000700600000)
  object space 39808K, 45% used [0x00000006fb400000,0x00000006fc5af950,0x00000006fdae0000)
}
Event: 19.352 GC heap before
{Heap before GC invocations=16 (full 3):
 PSYoungGen      total 863680K, used 831922K [0x00000007aacb0000, 0x00000007eb4d0000, 0x0000000800000000)
  eden space 832128K, 99% used [0x00000007aacb0000,0x00000007dd91c808,0x00000007dd950000)
  from space 31552K, 0% used [0x00000007df9c0000,0x00000007df9c0000,0x00000007e1890000)
  to   space 33216K, 0% used [0x00000007dd950000,0x00000007dd950000,0x00000007df9c0000)
 ParOldGen       total 219200K, used 34411K [0x0000000700600000, 0x000000070dc10000, 0x00000007aacb0000)
  object space 219200K, 15% used [0x0000000700600000,0x000000070279ad00,0x000000070dc10000)
 PSPermGen       total 39808K, used 18121K [0x00000006fb400000, 0x00000006fdae0000, 0x0000000700600000)
  object space 39808K, 45% used [0x00000006fb400000,0x00000006fc5b2530,0x00000006fdae0000)
Event: 19.357 GC heap after
Heap after GC invocations=16 (full 3):
 PSYoungGen      total 865344K, used 17374K [0x00000007aacb0000, 0x00000007ecf20000, 0x0000000800000000)
  eden space 832128K, 0% used [0x00000007aacb0000,0x00000007aacb0000,0x00000007dd950000)
  from space 33216K, 52% used [0x00000007dd950000,0x00000007dea47880,0x00000007df9c0000)
  to   space 33088K, 0% used [0x00000007eaed0000,0x00000007eaed0000,0x00000007ecf20000)
 ParOldGen       total 219200K, used 34411K [0x0000000700600000, 0x000000070dc10000, 0x00000007aacb0000)
  object space 219200K, 15% used [0x0000000700600000,0x000000070279ad00,0x000000070dc10000)
 PSPermGen       total 39808K, used 18121K [0x00000006fb400000, 0x00000006fdae0000, 0x0000000700600000)
  object space 39808K, 45% used [0x00000006fb400000,0x00000006fc5b2530,0x00000006fdae0000)
}
Event: 21.319 GC heap before
{Heap before GC invocations=17 (full 3):
 PSYoungGen      total 865344K, used 849502K [0x00000007aacb0000, 0x00000007ecf20000, 0x0000000800000000)
  eden space 832128K, 100% used [0x00000007aacb0000,0x00000007dd950000,0x00000007dd950000)
  from space 33216K, 52% used [0x00000007dd950000,0x00000007dea47880,0x00000007df9c0000)
  to   space 33088K, 0% used [0x00000007eaed0000,0x00000007eaed0000,0x00000007ecf20000)
 ParOldGen       total 219200K, used 107439K [0x0000000700600000, 0x000000070dc10000, 0x00000007aacb0000)
  object space 219200K, 49% used [0x0000000700600000,0x0000000706eebd18,0x000000070dc10000)
 PSPermGen       total 39808K, used 18134K [0x00000006fb400000, 0x00000006fdae0000, 0x0000000700600000)
  object space 39808K, 45% used [0x00000006fb400000,0x00000006fc5b5970,0x00000006fdae0000)
Event: 21.321 GC heap after
Heap after GC invocations=17 (full 3):
 PSYoungGen      total 998016K, used 414K [0x00000007aacb0000, 0x00000007eb7e0000, 0x0000000800000000)
  eden space 988736K, 0% used [0x00000007aacb0000,0x00000007aacb0000,0x00000007e7240000)
  from space 9280K, 4% used [0x00000007eaed0000,0x00000007eaf37a50,0x00000007eb7e0000)
  to   space 35648K, 0% used [0x00000007e7240000,0x00000007e7240000,0x00000007e9510000)
 ParOldGen       total 219200K, used 107439K [0x0000000700600000, 0x000000070dc10000, 0x00000007aacb0000)
  object space 219200K, 49% used [0x0000000700600000,0x0000000706eebd18,0x000000070dc10000)
 PSPermGen       total 39808K, used 18134K [0x00000006fb400000, 0x00000006fdae0000, 0x0000000700600000)
  object space 39808K, 45% used [0x00000006fb400000,0x00000006fc5b5970,0x00000006fdae0000)
}

