# JRE version: 7.0_07-b11
# Java VM: Java HotSpot(TM) 64-Bit Server VM (23.3-b01 mixed mode windows-amd64 compressed oops)
Heap
 PSYoungGen      total 161728K, used 129193K [0x00000007aacb0000, 0x00000007b88f0000, 0x0000000800000000)
  eden space 122688K, 74% used [0x00000007aacb0000,0x00000007b05d7168,0x00000007b2480000)
  from space 39040K, 97% used [0x00000007b52b0000,0x00000007b77b33e0,0x00000007b78d0000)
  to   space 47296K, 0% used [0x00000007b2480000,0x00000007b2480000,0x00000007b52b0000)
 ParOldGen       total 174528K, used 62824K [0x0000000700600000, 0x000000070b070000, 0x00000007aacb0000)
  object space 174528K, 35% used [0x0000000700600000,0x000000070435a170,0x000000070b070000)
 PSPermGen       total 21248K, used 17974K [0x00000006fb400000, 0x00000006fc8c0000, 0x0000000700600000)
  object space 21248K, 84% used [0x00000006fb400000,0x00000006fc58dbb8,0x00000006fc8c0000)
GC Heap History (10 events):
Event: 7.643 GC heap before
{Heap before GC invocations=2 (full 0):
 PSYoungGen      total 76352K, used 72066K [0x00000007aacb0000, 0x00000007b01e0000, 0x0000000800000000)
  eden space 65472K, 97% used [0x00000007aacb0000,0x00000007aeafe950,0x00000007aeca0000)
  from space 10880K, 75% used [0x00000007aeca0000,0x00000007af4b2138,0x00000007af740000)
  to   space 10880K, 0% used [0x00000007af740000,0x00000007af740000,0x00000007b01e0000)
 ParOldGen       total 174528K, used 8K [0x0000000700600000, 0x000000070b070000, 0x00000007aacb0000)
  object space 174528K, 0% used [0x0000000700600000,0x0000000700602000,0x000000070b070000)
 PSPermGen       total 21248K, used 17924K [0x00000006fb400000, 0x00000006fc8c0000, 0x0000000700600000)
  object space 21248K, 84% used [0x00000006fb400000,0x00000006fc581040,0x00000006fc8c0000)
Event: 7.657 GC heap after
Heap after GC invocations=2 (full 0):
 PSYoungGen      total 76352K, used 10878K [0x00000007aacb0000, 0x00000007b01e0000, 0x0000000800000000)
  eden space 65472K, 0% used [0x00000007aacb0000,0x00000007aacb0000,0x00000007aeca0000)
  from space 10880K, 99% used [0x00000007af740000,0x00000007b01df940,0x00000007b01e0000)
  to   space 10880K, 0% used [0x00000007aeca0000,0x00000007aeca0000,0x00000007af740000)
 ParOldGen       total 174528K, used 28043K [0x0000000700600000, 0x000000070b070000, 0x00000007aacb0000)
  object space 174528K, 16% used [0x0000000700600000,0x0000000702162fa0,0x000000070b070000)
 PSPermGen       total 21248K, used 17924K [0x00000006fb400000, 0x00000006fc8c0000, 0x0000000700600000)
  object space 21248K, 84% used [0x00000006fb400000,0x00000006fc581040,0x00000006fc8c0000)
}
Event: 7.923 GC heap before
{Heap before GC invocations=3 (full 0):
 PSYoungGen      total 76352K, used 73014K [0x00000007aacb0000, 0x00000007b01e0000, 0x0000000800000000)
  eden space 65472K, 94% used [0x00000007aacb0000,0x00000007ae95df08,0x00000007aeca0000)
  from space 10880K, 99% used [0x00000007af740000,0x00000007b01df940,0x00000007b01e0000)
  to   space 10880K, 0% used [0x00000007aeca0000,0x00000007aeca0000,0x00000007af740000)
 ParOldGen       total 174528K, used 28043K [0x0000000700600000, 0x000000070b070000, 0x00000007aacb0000)
  object space 174528K, 16% used [0x0000000700600000,0x0000000702162fa0,0x000000070b070000)
 PSPermGen       total 21248K, used 17925K [0x00000006fb400000, 0x00000006fc8c0000, 0x0000000700600000)
  object space 21248K, 84% used [0x00000006fb400000,0x00000006fc5814b0,0x00000006fc8c0000)
Event: 7.929 GC heap after
Heap after GC invocations=3 (full 0):
 PSYoungGen      total 76352K, used 10853K [0x00000007aacb0000, 0x00000007b01e0000, 0x0000000800000000)
  eden space 65472K, 0% used [0x00000007aacb0000,0x00000007aacb0000,0x00000007aeca0000)
  from space 10880K, 99% used [0x00000007aeca0000,0x00000007af7394f0,0x00000007af740000)
  to   space 10880K, 0% used [0x00000007af740000,0x00000007af740000,0x00000007b01e0000)
 ParOldGen       total 174528K, used 38524K [0x0000000700600000, 0x000000070b070000, 0x00000007aacb0000)
  object space 174528K, 22% used [0x0000000700600000,0x0000000702b9f130,0x000000070b070000)
 PSPermGen       total 21248K, used 17925K [0x00000006fb400000, 0x00000006fc8c0000, 0x0000000700600000)
  object space 21248K, 84% used [0x00000006fb400000,0x00000006fc5814b0,0x00000006fc8c0000)
}
Event: 8.197 GC heap before
{Heap before GC invocations=4 (full 0):
 PSYoungGen      total 76352K, used 75481K [0x00000007aacb0000, 0x00000007b01e0000, 0x0000000800000000)
  eden space 65472K, 98% used [0x00000007aacb0000,0x00000007aebccf40,0x00000007aeca0000)
  from space 10880K, 99% used [0x00000007aeca0000,0x00000007af7394f0,0x00000007af740000)
  to   space 10880K, 0% used [0x00000007af740000,0x00000007af740000,0x00000007b01e0000)
 ParOldGen       total 174528K, used 38524K [0x0000000700600000, 0x000000070b070000, 0x00000007aacb0000)
  object space 174528K, 22% used [0x0000000700600000,0x0000000702b9f130,0x000000070b070000)
 PSPermGen       total 21248K, used 17926K [0x00000006fb400000, 0x00000006fc8c0000, 0x0000000700600000)
  object space 21248K, 84% used [0x00000006fb400000,0x00000006fc581a40,0x00000006fc8c0000)
Event: 8.206 GC heap after
Heap after GC invocations=4 (full 0):
 PSYoungGen      total 76352K, used 8181K [0x00000007aacb0000, 0x00000007b41d0000, 0x0000000800000000)
  eden space 65472K, 0% used [0x00000007aacb0000,0x00000007aacb0000,0x00000007aeca0000)
  from space 10880K, 75% used [0x00000007af740000,0x00000007aff3d690,0x00000007b01e0000)
  to   space 10880K, 0% used [0x00000007aeca0000,0x00000007aeca0000,0x00000007af740000)
 ParOldGen       total 174528K, used 62824K [0x0000000700600000, 0x000000070b070000, 0x00000007aacb0000)
  object space 174528K, 35% used [0x0000000700600000,0x000000070435a170,0x000000070b070000)
 PSPermGen       total 21248K, used 17926K [0x00000006fb400000, 0x00000006fc8c0000, 0x0000000700600000)
  object space 21248K, 84% used [0x00000006fb400000,0x00000006fc581a40,0x00000006fc8c0000)
}
Event: 8.483 GC heap before
{Heap before GC invocations=5 (full 0):
 PSYoungGen      total 76352K, used 69314K [0x00000007aacb0000, 0x00000007b41d0000, 0x0000000800000000)
  eden space 65472K, 93% used [0x00000007aacb0000,0x00000007ae863460,0x00000007aeca0000)
  from space 10880K, 75% used [0x00000007af740000,0x00000007aff3d690,0x00000007b01e0000)
  to   space 10880K, 0% used [0x00000007aeca0000,0x00000007aeca0000,0x00000007af740000)
 ParOldGen       total 174528K, used 62824K [0x0000000700600000, 0x000000070b070000, 0x00000007aacb0000)
  object space 174528K, 35% used [0x0000000700600000,0x000000070435a170,0x000000070b070000)
 PSPermGen       total 21248K, used 17928K [0x00000006fb400000, 0x00000006fc8c0000, 0x0000000700600000)
  object space 21248K, 84% used [0x00000006fb400000,0x00000006fc582290,0x00000006fc8c0000)
Event: 8.487 GC heap after
Heap after GC invocations=5 (full 0):
 PSYoungGen      total 76352K, used 8213K [0x00000007aacb0000, 0x00000007b78d0000, 0x0000000800000000)
  eden space 65472K, 0% used [0x00000007aacb0000,0x00000007aacb0000,0x00000007aeca0000)
  from space 10880K, 75% used [0x00000007aeca0000,0x00000007af4a5690,0x00000007af740000)
  to   space 39040K, 0% used [0x00000007b52b0000,0x00000007b52b0000,0x00000007b78d0000)
 ParOldGen       total 174528K, used 62824K [0x0000000700600000, 0x000000070b070000, 0x00000007aacb0000)
  object space 174528K, 35% used [0x0000000700600000,0x000000070435a170,0x000000070b070000)
 PSPermGen       total 21248K, used 17928K [0x00000006fb400000, 0x00000006fc8c0000, 0x0000000700600000)
  object space 21248K, 84% used [0x00000006fb400000,0x00000006fc582290,0x00000006fc8c0000)
}
Event: 8.757 GC heap before
{Heap before GC invocations=6 (full 0):
 PSYoungGen      total 76352K, used 72031K [0x00000007aacb0000, 0x00000007b78d0000, 0x0000000800000000)
  eden space 65472K, 97% used [0x00000007aacb0000,0x00000007aeb02928,0x00000007aeca0000)
  from space 10880K, 75% used [0x00000007aeca0000,0x00000007af4a5690,0x00000007af740000)
  to   space 39040K, 0% used [0x00000007b52b0000,0x00000007b52b0000,0x00000007b78d0000)
 ParOldGen       total 174528K, used 62824K [0x0000000700600000, 0x000000070b070000, 0x00000007aacb0000)
  object space 174528K, 35% used [0x0000000700600000,0x000000070435a170,0x000000070b070000)
 PSPermGen       total 21248K, used 17928K [0x00000006fb400000, 0x00000006fc8c0000, 0x0000000700600000)
  object space 21248K, 84% used [0x00000006fb400000,0x00000006fc582290,0x00000006fc8c0000)
Event: 8.767 GC heap after
Heap after GC invocations=6 (full 0):
 PSYoungGen      total 161728K, used 37900K [0x00000007aacb0000, 0x00000007b88f0000, 0x0000000800000000)
  eden space 122688K, 0% used [0x00000007aacb0000,0x00000007aacb0000,0x00000007b2480000)
  from space 39040K, 97% used [0x00000007b52b0000,0x00000007b77b33e0,0x00000007b78d0000)
  to   space 47296K, 0% used [0x00000007b2480000,0x00000007b2480000,0x00000007b52b0000)
 ParOldGen       total 174528K, used 62824K [0x0000000700600000, 0x000000070b070000, 0x00000007aacb0000)
  object space 174528K, 35% used [0x0000000700600000,0x000000070435a170,0x000000070b070000)
 PSPermGen       total 21248K, used 17928K [0x00000006fb400000, 0x00000006fc8c0000, 0x0000000700600000)
  object space 21248K, 84% used [0x00000006fb400000,0x00000006fc582290,0x00000006fc8c0000)
}

