# JRE version: 7.0_07-b11
# Java VM: Java HotSpot(TM) 64-Bit Server VM (23.3-b01 mixed mode windows-amd64 compressed oops)
Heap
 PSYoungGen      total 1265792K, used 531103K [0x00000007aacb0000, 0x0000000800000000, 0x0000000800000000)
  eden space 1190592K, 39% used [0x00000007aacb0000,0x00000007c793c540,0x00000007f3760000)
  from space 75200K, 79% used [0x00000007f3760000,0x00000007f717ba20,0x00000007f80d0000)
  to   space 79744K, 0% used [0x00000007fb220000,0x00000007fb220000,0x0000000800000000)
 ParOldGen       total 212864K, used 168873K [0x0000000700600000, 0x000000070d5e0000, 0x00000007aacb0000)
  object space 212864K, 79% used [0x0000000700600000,0x000000070aaea730,0x000000070d5e0000)
 PSPermGen       total 39424K, used 18128K [0x00000006fb400000, 0x00000006fda80000, 0x0000000700600000)
  object space 39424K, 45% used [0x00000006fb400000,0x00000006fc5b4370,0x00000006fda80000)
GC Heap History (10 events):
Event: 19.547 GC heap before
{Heap before GC invocations=18 (full 3):
 PSYoungGen      total 911424K, used 869613K [0x00000007aacb0000, 0x00000007e7190000, 0x0000000800000000)
  eden space 834112K, 100% used [0x00000007aacb0000,0x00000007ddb40000,0x00000007ddb40000)
  from space 77312K, 45% used [0x00000007e2610000,0x00000007e48bb530,0x00000007e7190000)
  to   space 76608K, 0% used [0x00000007ddb40000,0x00000007ddb40000,0x00000007e2610000)
 ParOldGen       total 212864K, used 100277K [0x0000000700600000, 0x000000070d5e0000, 0x00000007aacb0000)
  object space 212864K, 47% used [0x0000000700600000,0x00000007067ed748,0x000000070d5e0000)
 PSPermGen       total 39424K, used 18093K [0x00000006fb400000, 0x00000006fda80000, 0x0000000700600000)
  object space 39424K, 45% used [0x00000006fb400000,0x00000006fc5ab610,0x00000006fda80000)
Event: 19.554 GC heap after
Heap after GC invocations=18 (full 3):
 PSYoungGen      total 910720K, used 18481K [0x00000007aacb0000, 0x00000007f3dd0000, 0x0000000800000000)
  eden space 834112K, 0% used [0x00000007aacb0000,0x00000007aacb0000,0x00000007ddb40000)
  from space 76608K, 24% used [0x00000007ddb40000,0x00000007ded4c430,0x00000007e2610000)
  to   space 76800K, 0% used [0x00000007ef2d0000,0x00000007ef2d0000,0x00000007f3dd0000)
 ParOldGen       total 212864K, used 100277K [0x0000000700600000, 0x000000070d5e0000, 0x00000007aacb0000)
  object space 212864K, 47% used [0x0000000700600000,0x00000007067ed748,0x000000070d5e0000)
 PSPermGen       total 39424K, used 18093K [0x00000006fb400000, 0x00000006fda80000, 0x0000000700600000)
  object space 39424K, 45% used [0x00000006fb400000,0x00000006fc5ab610,0x00000006fda80000)
}
Event: 21.163 GC heap before
{Heap before GC invocations=19 (full 3):
 PSYoungGen      total 910720K, used 850076K [0x00000007aacb0000, 0x00000007f3dd0000, 0x0000000800000000)
  eden space 834112K, 99% used [0x00000007aacb0000,0x00000007dd8caec8,0x00000007ddb40000)
  from space 76608K, 24% used [0x00000007ddb40000,0x00000007ded4c430,0x00000007e2610000)
  to   space 76800K, 0% used [0x00000007ef2d0000,0x00000007ef2d0000,0x00000007f3dd0000)
 ParOldGen       total 212864K, used 103695K [0x0000000700600000, 0x000000070d5e0000, 0x00000007aacb0000)
  object space 212864K, 48% used [0x0000000700600000,0x0000000706b43c18,0x000000070d5e0000)
 PSPermGen       total 39424K, used 18111K [0x00000006fb400000, 0x00000006fda80000, 0x0000000700600000)
  object space 39424K, 45% used [0x00000006fb400000,0x00000006fc5afc18,0x00000006fda80000)
Event: 21.180 GC heap after
Heap after GC invocations=19 (full 3):
 PSYoungGen      total 1119360K, used 51623K [0x00000007aacb0000, 0x00000007f4400000, 0x0000000800000000)
  eden space 1042560K, 0% used [0x00000007aacb0000,0x00000007aacb0000,0x00000007ea6d0000)
  from space 76800K, 67% used [0x00000007ef2d0000,0x00000007f2539c40,0x00000007f3dd0000)
  to   space 77824K, 0% used [0x00000007ea6d0000,0x00000007ea6d0000,0x00000007ef2d0000)
 ParOldGen       total 212864K, used 103695K [0x0000000700600000, 0x000000070d5e0000, 0x00000007aacb0000)
  object space 212864K, 48% used [0x0000000700600000,0x0000000706b43c18,0x000000070d5e0000)
 PSPermGen       total 39424K, used 18111K [0x00000006fb400000, 0x00000006fda80000, 0x0000000700600000)
  object space 39424K, 45% used [0x00000006fb400000,0x00000006fc5afc18,0x00000006fda80000)
}
Event: 23.314 GC heap before
{Heap before GC invocations=20 (full 3):
 PSYoungGen      total 1119360K, used 1094183K [0x00000007aacb0000, 0x00000007f4400000, 0x0000000800000000)
  eden space 1042560K, 100% used [0x00000007aacb0000,0x00000007ea6d0000,0x00000007ea6d0000)
  from space 76800K, 67% used [0x00000007ef2d0000,0x00000007f2539c40,0x00000007f3dd0000)
  to   space 77824K, 0% used [0x00000007ea6d0000,0x00000007ea6d0000,0x00000007ef2d0000)
 ParOldGen       total 212864K, used 166848K [0x0000000700600000, 0x000000070d5e0000, 0x00000007aacb0000)
  object space 212864K, 78% used [0x0000000700600000,0x000000070a8f0320,0x000000070d5e0000)
 PSPermGen       total 39424K, used 18114K [0x00000006fb400000, 0x00000006fda80000, 0x0000000700600000)
  object space 39424K, 45% used [0x00000006fb400000,0x00000006fc5b0af0,0x00000006fda80000)
Event: 23.319 GC heap after
Heap after GC invocations=20 (full 3):
 PSYoungGen      total 1120384K, used 18481K [0x00000007aacb0000, 0x00000007fd8e0000, 0x0000000800000000)
  eden space 1042560K, 0% used [0x00000007aacb0000,0x00000007aacb0000,0x00000007ea6d0000)
  from space 77824K, 23% used [0x00000007ea6d0000,0x00000007eb8dc430,0x00000007ef2d0000)
  to   space 77696K, 0% used [0x00000007f8d00000,0x00000007f8d00000,0x00000007fd8e0000)
 ParOldGen       total 212864K, used 166848K [0x0000000700600000, 0x000000070d5e0000, 0x00000007aacb0000)
  object space 212864K, 78% used [0x0000000700600000,0x000000070a8f0320,0x000000070d5e0000)
 PSPermGen       total 39424K, used 18114K [0x00000006fb400000, 0x00000006fda80000, 0x0000000700600000)
  object space 39424K, 45% used [0x00000006fb400000,0x00000006fc5b0af0,0x00000006fda80000)
}
Event: 25.240 GC heap before
{Heap before GC invocations=21 (full 3):
 PSYoungGen      total 1120384K, used 1059454K [0x00000007aacb0000, 0x00000007fd8e0000, 0x0000000800000000)
  eden space 1042560K, 99% used [0x00000007aacb0000,0x00000007ea543510,0x00000007ea6d0000)
  from space 77824K, 23% used [0x00000007ea6d0000,0x00000007eb8dc430,0x00000007ef2d0000)
  to   space 77696K, 0% used [0x00000007f8d00000,0x00000007f8d00000,0x00000007fd8e0000)
 ParOldGen       total 212864K, used 166848K [0x0000000700600000, 0x000000070d5e0000, 0x00000007aacb0000)
  object space 212864K, 78% used [0x0000000700600000,0x000000070a8f0320,0x000000070d5e0000)
 PSPermGen       total 39424K, used 18117K [0x00000006fb400000, 0x00000006fda80000, 0x0000000700600000)
  object space 39424K, 45% used [0x00000006fb400000,0x00000006fc5b16f0,0x00000006fda80000)
Event: 25.249 GC heap after
Heap after GC invocations=21 (full 3):
 PSYoungGen      total 1253312K, used 28953K [0x00000007aacb0000, 0x00000007fca40000, 0x0000000800000000)
  eden space 1190592K, 0% used [0x00000007aacb0000,0x00000007aacb0000,0x00000007f3760000)
  from space 62720K, 46% used [0x00000007f8d00000,0x00000007fa9464c0,0x00000007fca40000)
  to   space 75200K, 0% used [0x00000007f3760000,0x00000007f3760000,0x00000007f80d0000)
 ParOldGen       total 212864K, used 166848K [0x0000000700600000, 0x000000070d5e0000, 0x00000007aacb0000)
  object space 212864K, 78% used [0x0000000700600000,0x000000070a8f0320,0x000000070d5e0000)
 PSPermGen       total 39424K, used 18117K [0x00000006fb400000, 0x00000006fda80000, 0x0000000700600000)
  object space 39424K, 45% used [0x00000006fb400000,0x00000006fc5b16f0,0x00000006fda80000)
}
Event: 27.430 GC heap before
{Heap before GC invocations=22 (full 3):
 PSYoungGen      total 1253312K, used 1217914K [0x00000007aacb0000, 0x00000007fca40000, 0x0000000800000000)
  eden space 1190592K, 99% used [0x00000007aacb0000,0x00000007f35c8480,0x00000007f3760000)
  from space 62720K, 46% used [0x00000007f8d00000,0x00000007fa9464c0,0x00000007fca40000)
  to   space 75200K, 0% used [0x00000007f3760000,0x00000007f3760000,0x00000007f80d0000)
 ParOldGen       total 212864K, used 168873K [0x0000000700600000, 0x000000070d5e0000, 0x00000007aacb0000)
  object space 212864K, 79% used [0x0000000700600000,0x000000070aaea730,0x000000070d5e0000)
 PSPermGen       total 39424K, used 18121K [0x00000006fb400000, 0x00000006fda80000, 0x0000000700600000)
  object space 39424K, 45% used [0x00000006fb400000,0x00000006fc5b2498,0x00000006fda80000)
Event: 27.446 GC heap after
Heap after GC invocations=22 (full 3):
 PSYoungGen      total 1265792K, used 59502K [0x00000007aacb0000, 0x0000000800000000, 0x0000000800000000)
  eden space 1190592K, 0% used [0x00000007aacb0000,0x00000007aacb0000,0x00000007f3760000)
  from space 75200K, 79% used [0x00000007f3760000,0x00000007f717ba20,0x00000007f80d0000)
  to   space 79744K, 0% used [0x00000007fb220000,0x00000007fb220000,0x0000000800000000)
 ParOldGen       total 212864K, used 168873K [0x0000000700600000, 0x000000070d5e0000, 0x00000007aacb0000)
  object space 212864K, 79% used [0x0000000700600000,0x000000070aaea730,0x000000070d5e0000)
 PSPermGen       total 39424K, used 18121K [0x00000006fb400000, 0x00000006fda80000, 0x0000000700600000)
  object space 39424K, 45% used [0x00000006fb400000,0x00000006fc5b2498,0x00000006fda80000)
}

