# JRE version: 7.0_07-b11
# Java VM: Java HotSpot(TM) 64-Bit Server VM (23.3-b01 mixed mode windows-amd64 compressed oops)
Heap
 PSYoungGen      total 1245760K, used 1244303K [0x00000007aacb0000, 0x00000007fe050000, 0x0000000800000000)
  eden space 1216704K, 99% used [0x00000007aacb0000,0x00000007f4f756e0,0x00000007f50e0000)
  from space 29056K, 99% used [0x00000007fc3f0000,0x00000007fe04e740,0x00000007fe050000)
  to   space 56640K, 0% used [0x00000007f71b0000,0x00000007f71b0000,0x00000007fa900000)
 ParOldGen       total 186240K, used 122299K [0x0000000700600000, 0x000000070bbe0000, 0x00000007aacb0000)
  object space 186240K, 65% used [0x0000000700600000,0x0000000707d6ef90,0x000000070bbe0000)
 PSPermGen       total 39872K, used 18199K [0x00000006fb400000, 0x00000006fdaf0000, 0x0000000700600000)
  object space 39872K, 45% used [0x00000006fb400000,0x00000006fc5c5f70,0x00000006fdaf0000)
GC Heap History (10 events):
Event: 18.899 GC heap before
{Heap before GC invocations=17 (full 2):
 PSYoungGen      total 1337024K, used 1312011K [0x00000007aacb0000, 0x0000000800000000, 0x0000000800000000)
  eden space 1276864K, 100% used [0x00000007aacb0000,0x00000007f8ba0000,0x00000007f8ba0000)
  from space 60160K, 58% used [0x00000007fc540000,0x00000007fe792c80,0x0000000800000000)
  to   space 59008K, 0% used [0x00000007f8ba0000,0x00000007f8ba0000,0x00000007fc540000)
 ParOldGen       total 182464K, used 76448K [0x0000000700600000, 0x000000070b830000, 0x00000007aacb0000)
  object space 182464K, 41% used [0x0000000700600000,0x00000007050a8270,0x000000070b830000)
 PSPermGen       total 41024K, used 18147K [0x00000006fb400000, 0x00000006fdc10000, 0x0000000700600000)
  object space 41024K, 44% used [0x00000006fb400000,0x00000006fc5b8d30,0x00000006fdc10000)
Event: 18.902 GC heap after
Heap after GC invocations=17 (full 2):
 PSYoungGen      total 1277184K, used 320K [0x00000007aacb0000, 0x0000000800000000, 0x0000000800000000)
  eden space 1276864K, 0% used [0x00000007aacb0000,0x00000007aacb0000,0x00000007f8ba0000)
  from space 320K, 100% used [0x00000007f8ba0000,0x00000007f8bf0000,0x00000007f8bf0000)
  to   space 61312K, 0% used [0x00000007fc420000,0x00000007fc420000,0x0000000800000000)
 ParOldGen       total 182464K, used 94721K [0x0000000700600000, 0x000000070b830000, 0x00000007aacb0000)
  object space 182464K, 51% used [0x0000000700600000,0x00000007062806a0,0x000000070b830000)
 PSPermGen       total 41024K, used 18147K [0x00000006fb400000, 0x00000006fdc10000, 0x0000000700600000)
  object space 41024K, 44% used [0x00000006fb400000,0x00000006fc5b8d30,0x00000006fdc10000)
}
Event: 21.469 GC heap before
{Heap before GC invocations=18 (full 2):
 PSYoungGen      total 1277184K, used 1271423K [0x00000007aacb0000, 0x0000000800000000, 0x0000000800000000)
  eden space 1276864K, 99% used [0x00000007aacb0000,0x00000007f85ffdd8,0x00000007f8ba0000)
  from space 320K, 100% used [0x00000007f8ba0000,0x00000007f8bf0000,0x00000007f8bf0000)
  to   space 61312K, 0% used [0x00000007fc420000,0x00000007fc420000,0x0000000800000000)
 ParOldGen       total 182464K, used 94721K [0x0000000700600000, 0x000000070b830000, 0x00000007aacb0000)
  object space 182464K, 51% used [0x0000000700600000,0x00000007062806a0,0x000000070b830000)
 PSPermGen       total 41024K, used 18161K [0x00000006fb400000, 0x00000006fdc10000, 0x0000000700600000)
  object space 41024K, 44% used [0x00000006fb400000,0x00000006fc5bc500,0x00000006fdc10000)
Event: 21.474 GC heap after
Heap after GC invocations=18 (full 2):
 PSYoungGen      total 1336576K, used 18924K [0x00000007aacb0000, 0x0000000800000000, 0x0000000800000000)
  eden space 1275264K, 0% used [0x00000007aacb0000,0x00000007aacb0000,0x00000007f8a10000)
  from space 61312K, 30% used [0x00000007fc420000,0x00000007fd69b350,0x0000000800000000)
  to   space 59456K, 0% used [0x00000007f8a10000,0x00000007f8a10000,0x00000007fc420000)
 ParOldGen       total 182464K, used 94761K [0x0000000700600000, 0x000000070b830000, 0x00000007aacb0000)
  object space 182464K, 51% used [0x0000000700600000,0x000000070628a6b0,0x000000070b830000)
 PSPermGen       total 41024K, used 18161K [0x00000006fb400000, 0x00000006fdc10000, 0x0000000700600000)
  object space 41024K, 44% used [0x00000006fb400000,0x00000006fc5bc500,0x00000006fdc10000)
}
Event: 23.997 GC heap before
{Heap before GC invocations=19 (full 2):
 PSYoungGen      total 1336576K, used 1293387K [0x00000007aacb0000, 0x0000000800000000, 0x0000000800000000)
  eden space 1275264K, 99% used [0x00000007aacb0000,0x00000007f8947b98,0x00000007f8a10000)
  from space 61312K, 30% used [0x00000007fc420000,0x00000007fd69b350,0x0000000800000000)
  to   space 59456K, 0% used [0x00000007f8a10000,0x00000007f8a10000,0x00000007fc420000)
 ParOldGen       total 182464K, used 98178K [0x0000000700600000, 0x000000070b830000, 0x00000007aacb0000)
  object space 182464K, 53% used [0x0000000700600000,0x00000007065e0b80,0x000000070b830000)
 PSPermGen       total 41024K, used 18163K [0x00000006fb400000, 0x00000006fdc10000, 0x0000000700600000)
  object space 41024K, 44% used [0x00000006fb400000,0x00000006fc5bceb8,0x00000006fdc10000)
Event: 24.005 GC heap after
Heap after GC invocations=19 (full 2):
 PSYoungGen      total 1310400K, used 35124K [0x00000007aacb0000, 0x00000007ffdd0000, 0x0000000800000000)
  eden space 1275264K, 0% used [0x00000007aacb0000,0x00000007aacb0000,0x00000007f8a10000)
  from space 35136K, 99% used [0x00000007f8a10000,0x00000007fac5d370,0x00000007fac60000)
  to   space 59264K, 0% used [0x00000007fc3f0000,0x00000007fc3f0000,0x00000007ffdd0000)
 ParOldGen       total 182464K, used 98226K [0x0000000700600000, 0x000000070b830000, 0x00000007aacb0000)
  object space 182464K, 53% used [0x0000000700600000,0x00000007065ecb80,0x000000070b830000)
 PSPermGen       total 41024K, used 18163K [0x00000006fb400000, 0x00000006fdc10000, 0x0000000700600000)
  object space 41024K, 44% used [0x00000006fb400000,0x00000006fc5bceb8,0x00000006fdc10000)
}
Event: 26.706 GC heap before
{Heap before GC invocations=20 (full 3):
 PSYoungGen      total 1310400K, used 1310388K [0x00000007aacb0000, 0x00000007ffdd0000, 0x0000000800000000)
  eden space 1275264K, 100% used [0x00000007aacb0000,0x00000007f8a10000,0x00000007f8a10000)
  from space 35136K, 99% used [0x00000007f8a10000,0x00000007fac5d370,0x00000007fac60000)
  to   space 59264K, 0% used [0x00000007fc3f0000,0x00000007fc3f0000,0x00000007ffdd0000)
 ParOldGen       total 188544K, used 187201K [0x0000000700600000, 0x000000070be20000, 0x00000007aacb0000)
  object space 188544K, 99% used [0x0000000700600000,0x000000070bcd0660,0x000000070be20000)
 PSPermGen       total 41024K, used 18164K [0x00000006fb400000, 0x00000006fdc10000, 0x0000000700600000)
  object space 41024K, 44% used [0x00000006fb400000,0x00000006fc5bd3b8,0x00000006fdc10000)
Event: 26.750 GC heap after
Heap after GC invocations=20 (full 3):
 PSYoungGen      total 1310400K, used 0K [0x00000007aacb0000, 0x00000007ffdd0000, 0x0000000800000000)
  eden space 1275264K, 0% used [0x00000007aacb0000,0x00000007aacb0000,0x00000007f8a10000)
  from space 35136K, 0% used [0x00000007f8a10000,0x00000007f8a10000,0x00000007fac60000)
  to   space 59264K, 0% used [0x00000007fc3f0000,0x00000007fc3f0000,0x00000007ffdd0000)
 ParOldGen       total 186240K, used 34844K [0x0000000700600000, 0x000000070bbe0000, 0x00000007aacb0000)
  object space 186240K, 18% used [0x0000000700600000,0x00000007028073a0,0x000000070bbe0000)
 PSPermGen       total 39872K, used 18164K [0x00000006fb400000, 0x00000006fdaf0000, 0x0000000700600000)
  object space 39872K, 45% used [0x00000006fb400000,0x00000006fc5bd218,0x00000006fdaf0000)
}
Event: 29.297 GC heap before
{Heap before GC invocations=21 (full 3):
 PSYoungGen      total 1310400K, used 1273871K [0x00000007aacb0000, 0x00000007ffdd0000, 0x0000000800000000)
  eden space 1275264K, 99% used [0x00000007aacb0000,0x00000007f88b3f20,0x00000007f8a10000)
  from space 35136K, 0% used [0x00000007f8a10000,0x00000007f8a10000,0x00000007fac60000)
  to   space 59264K, 0% used [0x00000007fc3f0000,0x00000007fc3f0000,0x00000007ffdd0000)
 ParOldGen       total 186240K, used 36869K [0x0000000700600000, 0x000000070bbe0000, 0x00000007aacb0000)
  object space 186240K, 19% used [0x0000000700600000,0x0000000702a017b0,0x000000070bbe0000)
 PSPermGen       total 39872K, used 18183K [0x00000006fb400000, 0x00000006fdaf0000, 0x0000000700600000)
  object space 39872K, 45% used [0x00000006fb400000,0x00000006fc5c1e00,0x00000006fdaf0000)
Event: 29.305 GC heap after
Heap after GC invocations=21 (full 3):
 PSYoungGen      total 1245760K, used 29049K [0x00000007aacb0000, 0x00000007fe050000, 0x0000000800000000)
  eden space 1216704K, 0% used [0x00000007aacb0000,0x00000007aacb0000,0x00000007f50e0000)
  from space 29056K, 99% used [0x00000007fc3f0000,0x00000007fe04e740,0x00000007fe050000)
  to   space 56640K, 0% used [0x00000007f71b0000,0x00000007f71b0000,0x00000007fa900000)
 ParOldGen       total 186240K, used 36869K [0x0000000700600000, 0x000000070bbe0000, 0x00000007aacb0000)
  object space 186240K, 19% used [0x0000000700600000,0x0000000702a017b0,0x000000070bbe0000)
 PSPermGen       total 39872K, used 18183K [0x00000006fb400000, 0x00000006fdaf0000, 0x0000000700600000)
  object space 39872K, 45% used [0x00000006fb400000,0x00000006fc5c1e00,0x00000006fdaf0000)
}

