# JRE version: 7.0_07-b11
# Java VM: Java HotSpot(TM) 64-Bit Server VM (23.3-b01 mixed mode windows-amd64 compressed oops)
Heap
 PSYoungGen      total 1289344K, used 107502K [0x00000007aacb0000, 0x00000007ffe30000, 0x0000000800000000)
  eden space 1268352K, 6% used [0x00000007aacb0000,0x00000007b012e160,0x00000007f8350000)
  from space 20992K, 99% used [0x00000007f8350000,0x00000007f97cd760,0x00000007f97d0000)
  to   space 62912K, 0% used [0x00000007fc0c0000,0x00000007fc0c0000,0x00000007ffe30000)
 ParOldGen       total 186176K, used 38733K [0x0000000700600000, 0x000000070bbd0000, 0x00000007aacb0000)
  object space 186176K, 20% used [0x0000000700600000,0x0000000702bd3758,0x000000070bbd0000)
 PSPermGen       total 40960K, used 18186K [0x00000006fb400000, 0x00000006fdc00000, 0x0000000700600000)
  object space 40960K, 44% used [0x00000006fb400000,0x00000006fc5c2a78,0x00000006fdc00000)
GC Heap History (10 events):
Event: 15.059 GC heap before
{Heap before GC invocations=15 (full 1):
 PSYoungGen      total 1102720K, used 1056144K [0x00000007aacb0000, 0x0000000800000000, 0x0000000800000000)
  eden space 1036160K, 99% used [0x00000007aacb0000,0x00000007e9f9eb30,0x00000007ea090000)
  from space 66560K, 31% used [0x00000007ea090000,0x00000007eb505760,0x00000007ee190000)
  to   space 65920K, 0% used [0x00000007fbfa0000,0x00000007fbfa0000,0x0000000800000000)
 ParOldGen       total 162624K, used 69687K [0x0000000700600000, 0x000000070a4d0000, 0x00000007aacb0000)
  object space 162624K, 42% used [0x0000000700600000,0x0000000704a0de30,0x000000070a4d0000)
 PSPermGen       total 36672K, used 18106K [0x00000006fb400000, 0x00000006fd7d0000, 0x0000000700600000)
  object space 36672K, 49% used [0x00000006fb400000,0x00000006fc5ae870,0x00000006fd7d0000)
Event: 15.069 GC heap after
Heap after GC invocations=15 (full 1):
 PSYoungGen      total 1323840K, used 36010K [0x00000007aacb0000, 0x00000007ffa80000, 0x0000000800000000)
  eden space 1263552K, 0% used [0x00000007aacb0000,0x00000007aacb0000,0x00000007f7ea0000)
  from space 60288K, 59% used [0x00000007fbfa0000,0x00000007fe2cab30,0x00000007ffa80000)
  to   space 63424K, 0% used [0x00000007f7ea0000,0x00000007f7ea0000,0x00000007fbc90000)
 ParOldGen       total 162624K, used 69719K [0x0000000700600000, 0x000000070a4d0000, 0x00000007aacb0000)
  object space 162624K, 42% used [0x0000000700600000,0x0000000704a15e30,0x000000070a4d0000)
 PSPermGen       total 36672K, used 18106K [0x00000006fb400000, 0x00000006fd7d0000, 0x0000000700600000)
  object space 36672K, 49% used [0x00000006fb400000,0x00000006fc5ae870,0x00000006fd7d0000)
}
Event: 17.776 GC heap before
{Heap before GC invocations=16 (full 2):
 PSYoungGen      total 1323840K, used 1299562K [0x00000007aacb0000, 0x00000007ffa80000, 0x0000000800000000)
  eden space 1263552K, 100% used [0x00000007aacb0000,0x00000007f7ea0000,0x00000007f7ea0000)
  from space 60288K, 59% used [0x00000007fbfa0000,0x00000007fe2cab30,0x00000007ffa80000)
  to   space 63424K, 0% used [0x00000007f7ea0000,0x00000007f7ea0000,0x00000007fbc90000)
 ParOldGen       total 185024K, used 184892K [0x0000000700600000, 0x000000070bab0000, 0x00000007aacb0000)
  object space 185024K, 99% used [0x0000000700600000,0x000000070ba8f1a0,0x000000070bab0000)
 PSPermGen       total 36672K, used 18131K [0x00000006fb400000, 0x00000006fd7d0000, 0x0000000700600000)
  object space 36672K, 49% used [0x00000006fb400000,0x00000006fc5b4ce8,0x00000006fd7d0000)
Event: 17.814 GC heap after
Heap after GC invocations=16 (full 2):
 PSYoungGen      total 1323840K, used 0K [0x00000007aacb0000, 0x00000007ffa80000, 0x0000000800000000)
  eden space 1263552K, 0% used [0x00000007aacb0000,0x00000007aacb0000,0x00000007f7ea0000)
  from space 60288K, 0% used [0x00000007fbfa0000,0x00000007fbfa0000,0x00000007ffa80000)
  to   space 63424K, 0% used [0x00000007f7ea0000,0x00000007f7ea0000,0x00000007fbc90000)
 ParOldGen       total 186176K, used 38559K [0x0000000700600000, 0x000000070bbd0000, 0x00000007aacb0000)
  object space 186176K, 20% used [0x0000000700600000,0x0000000702ba7d08,0x000000070bbd0000)
 PSPermGen       total 40960K, used 18131K [0x00000006fb400000, 0x00000006fdc00000, 0x0000000700600000)
  object space 40960K, 44% used [0x00000006fb400000,0x00000006fc5b4ca8,0x00000006fdc00000)
}
Event: 20.276 GC heap before
{Heap before GC invocations=17 (full 2):
 PSYoungGen      total 1323840K, used 1263449K [0x00000007aacb0000, 0x00000007ffa80000, 0x0000000800000000)
  eden space 1263552K, 99% used [0x00000007aacb0000,0x00000007f7e86770,0x00000007f7ea0000)
  from space 60288K, 0% used [0x00000007fbfa0000,0x00000007fbfa0000,0x00000007ffa80000)
  to   space 63424K, 0% used [0x00000007f7ea0000,0x00000007f7ea0000,0x00000007fbc90000)
 ParOldGen       total 186176K, used 38559K [0x0000000700600000, 0x000000070bbd0000, 0x00000007aacb0000)
  object space 186176K, 20% used [0x0000000700600000,0x0000000702ba7d08,0x000000070bbd0000)
 PSPermGen       total 40960K, used 18136K [0x00000006fb400000, 0x00000006fdc00000, 0x0000000700600000)
  object space 40960K, 44% used [0x00000006fb400000,0x00000006fc5b6030,0x00000006fdc00000)
Event: 20.288 GC heap after
Heap after GC invocations=17 (full 2):
 PSYoungGen      total 1326976K, used 43383K [0x00000007aacb0000, 0x0000000800000000, 0x0000000800000000)
  eden space 1263552K, 0% used [0x00000007aacb0000,0x00000007aacb0000,0x00000007f7ea0000)
  from space 63424K, 68% used [0x00000007f7ea0000,0x00000007fa8fddc0,0x00000007fbc90000)
  to   space 63872K, 0% used [0x00000007fc1a0000,0x00000007fc1a0000,0x0000000800000000)
 ParOldGen       total 186176K, used 38559K [0x0000000700600000, 0x000000070bbd0000, 0x00000007aacb0000)
  object space 186176K, 20% used [0x0000000700600000,0x0000000702ba7d08,0x000000070bbd0000)
 PSPermGen       total 40960K, used 18136K [0x00000006fb400000, 0x00000006fdc00000, 0x0000000700600000)
  object space 40960K, 44% used [0x00000006fb400000,0x00000006fc5b6030,0x00000006fdc00000)
}
Event: 22.752 GC heap before
{Heap before GC invocations=18 (full 2):
 PSYoungGen      total 1326976K, used 1302468K [0x00000007aacb0000, 0x0000000800000000, 0x0000000800000000)
  eden space 1263552K, 99% used [0x00000007aacb0000,0x00000007f7a435c0,0x00000007f7ea0000)
  from space 63424K, 68% used [0x00000007f7ea0000,0x00000007fa8fddc0,0x00000007fbc90000)
  to   space 63872K, 0% used [0x00000007fc1a0000,0x00000007fc1a0000,0x0000000800000000)
 ParOldGen       total 186176K, used 38559K [0x0000000700600000, 0x000000070bbd0000, 0x00000007aacb0000)
  object space 186176K, 20% used [0x0000000700600000,0x0000000702ba7d08,0x000000070bbd0000)
 PSPermGen       total 40960K, used 18139K [0x00000006fb400000, 0x00000006fdc00000, 0x0000000700600000)
  object space 40960K, 44% used [0x00000006fb400000,0x00000006fc5b6cf0,0x00000006fdc00000)
Event: 22.755 GC heap after
Heap after GC invocations=18 (full 2):
 PSYoungGen      total 1332224K, used 18798K [0x00000007aacb0000, 0x0000000800000000, 0x0000000800000000)
  eden space 1268352K, 0% used [0x00000007aacb0000,0x00000007aacb0000,0x00000007f8350000)
  from space 63872K, 29% used [0x00000007fc1a0000,0x00000007fd3fb900,0x0000000800000000)
  to   space 63808K, 0% used [0x00000007f8350000,0x00000007f8350000,0x00000007fc1a0000)
 ParOldGen       total 186176K, used 38717K [0x0000000700600000, 0x000000070bbd0000, 0x00000007aacb0000)
  object space 186176K, 20% used [0x0000000700600000,0x0000000702bcf758,0x000000070bbd0000)
 PSPermGen       total 40960K, used 18139K [0x00000006fb400000, 0x00000006fdc00000, 0x0000000700600000)
  object space 40960K, 44% used [0x00000006fb400000,0x00000006fc5b6cf0,0x00000006fdc00000)
}
Event: 25.203 GC heap before
{Heap before GC invocations=19 (full 2):
 PSYoungGen      total 1332224K, used 1286793K [0x00000007aacb0000, 0x0000000800000000, 0x0000000800000000)
  eden space 1268352K, 99% used [0x00000007aacb0000,0x00000007f82f6b98,0x00000007f8350000)
  from space 63872K, 29% used [0x00000007fc1a0000,0x00000007fd3fb900,0x0000000800000000)
  to   space 63808K, 0% used [0x00000007f8350000,0x00000007f8350000,0x00000007fc1a0000)
 ParOldGen       total 186176K, used 38717K [0x0000000700600000, 0x000000070bbd0000, 0x00000007aacb0000)
  object space 186176K, 20% used [0x0000000700600000,0x0000000702bcf758,0x000000070bbd0000)
 PSPermGen       total 40960K, used 18162K [0x00000006fb400000, 0x00000006fdc00000, 0x0000000700600000)
  object space 40960K, 44% used [0x00000006fb400000,0x00000006fc5bc9b8,0x00000006fdc00000)
Event: 25.206 GC heap after
Heap after GC invocations=19 (full 2):
 PSYoungGen      total 1289344K, used 20981K [0x00000007aacb0000, 0x00000007ffe30000, 0x0000000800000000)
  eden space 1268352K, 0% used [0x00000007aacb0000,0x00000007aacb0000,0x00000007f8350000)
  from space 20992K, 99% used [0x00000007f8350000,0x00000007f97cd760,0x00000007f97d0000)
  to   space 62912K, 0% used [0x00000007fc0c0000,0x00000007fc0c0000,0x00000007ffe30000)
 ParOldGen       total 186176K, used 38733K [0x0000000700600000, 0x000000070bbd0000, 0x00000007aacb0000)
  object space 186176K, 20% used [0x0000000700600000,0x0000000702bd3758,0x000000070bbd0000)
 PSPermGen       total 40960K, used 18162K [0x00000006fb400000, 0x00000006fdc00000, 0x0000000700600000)
  object space 40960K, 44% used [0x00000006fb400000,0x00000006fc5bc9b8,0x00000006fdc00000)
}

