# JRE version: 7.0_07-b11
# Java VM: Java HotSpot(TM) 64-Bit Server VM (23.3-b01 mixed mode windows-amd64 compressed oops)
Heap
 PSYoungGen      total 545216K, used 535407K [0x00000007aacb0000, 0x00000007d0910000, 0x0000000800000000)
  eden space 505728K, 99% used [0x00000007aacb0000,0x00000007c9a4d770,0x00000007c9a90000)
  from space 39488K, 75% used [0x00000007ce280000,0x00000007cffbe810,0x00000007d0910000)
  to   space 56576K, 0% used [0x00000007c9a90000,0x00000007c9a90000,0x00000007cd1d0000)
 ParOldGen       total 235072K, used 183361K [0x0000000700600000, 0x000000070eb90000, 0x00000007aacb0000)
  object space 235072K, 78% used [0x0000000700600000,0x000000070b9105f0,0x000000070eb90000)
 PSPermGen       total 39360K, used 18159K [0x00000006fb400000, 0x00000006fda70000, 0x0000000700600000)
  object space 39360K, 46% used [0x00000006fb400000,0x00000006fc5bbdb8,0x00000006fda70000)
GC Heap History (10 events):
Event: 8.303 GC heap before
{Heap before GC invocations=9 (full 2):
 PSYoungGen      total 287424K, used 286765K [0x00000007aacb0000, 0x00000007ca3a0000, 0x0000000800000000)
  eden space 244416K, 100% used [0x00000007aacb0000,0x00000007b9b60000,0x00000007b9b60000)
  from space 43008K, 98% used [0x00000007b9b60000,0x00000007bc4bb490,0x00000007bc560000)
  to   space 52288K, 0% used [0x00000007c7090000,0x00000007c7090000,0x00000007ca3a0000)
 ParOldGen       total 165888K, used 160510K [0x0000000700600000, 0x000000070a800000, 0x00000007aacb0000)
  object space 165888K, 96% used [0x0000000700600000,0x000000070a2bfa68,0x000000070a800000)
 PSPermGen       total 36288K, used 18024K [0x00000006fb400000, 0x00000006fd770000, 0x0000000700600000)
  object space 36288K, 49% used [0x00000006fb400000,0x00000006fc59a068,0x00000006fd770000)
Event: 8.333 GC heap after
Heap after GC invocations=9 (full 2):
 PSYoungGen      total 287424K, used 0K [0x00000007aacb0000, 0x00000007ca3a0000, 0x0000000800000000)
  eden space 244416K, 0% used [0x00000007aacb0000,0x00000007aacb0000,0x00000007b9b60000)
  from space 43008K, 0% used [0x00000007b9b60000,0x00000007b9b60000,0x00000007bc560000)
  to   space 52288K, 0% used [0x00000007c7090000,0x00000007c7090000,0x00000007ca3a0000)
 ParOldGen       total 201728K, used 41966K [0x0000000700600000, 0x000000070cb00000, 0x00000007aacb0000)
  object space 201728K, 20% used [0x0000000700600000,0x0000000702efb840,0x000000070cb00000)
 PSPermGen       total 40576K, used 18024K [0x00000006fb400000, 0x00000006fdba0000, 0x0000000700600000)
  object space 40576K, 44% used [0x00000006fb400000,0x00000006fc59a028,0x00000006fdba0000)
}
Event: 8.815 GC heap before
{Heap before GC invocations=10 (full 2):
 PSYoungGen      total 287424K, used 242408K [0x00000007aacb0000, 0x00000007ca3a0000, 0x0000000800000000)
  eden space 244416K, 99% used [0x00000007aacb0000,0x00000007b996a2a0,0x00000007b9b60000)
  from space 43008K, 0% used [0x00000007b9b60000,0x00000007b9b60000,0x00000007bc560000)
  to   space 52288K, 0% used [0x00000007c7090000,0x00000007c7090000,0x00000007ca3a0000)
 ParOldGen       total 201728K, used 48041K [0x0000000700600000, 0x000000070cb00000, 0x00000007aacb0000)
  object space 201728K, 23% used [0x0000000700600000,0x00000007034ea450,0x000000070cb00000)
 PSPermGen       total 40576K, used 18026K [0x00000006fb400000, 0x00000006fdba0000, 0x0000000700600000)
  object space 40576K, 44% used [0x00000006fb400000,0x00000006fc59abf8,0x00000006fdba0000)
Event: 8.827 GC heap after
Heap after GC invocations=10 (full 2):
 PSYoungGen      total 439552K, used 47158K [0x00000007aacb0000, 0x00000007ca020000, 0x0000000800000000)
  eden space 390848K, 0% used [0x00000007aacb0000,0x00000007aacb0000,0x00000007c2a60000)
  from space 48704K, 96% used [0x00000007c7090000,0x00000007c9e9d9e0,0x00000007ca020000)
  to   space 60288K, 0% used [0x00000007c2a60000,0x00000007c2a60000,0x00000007c6540000)
 ParOldGen       total 201728K, used 54116K [0x0000000700600000, 0x000000070cb00000, 0x00000007aacb0000)
  object space 201728K, 26% used [0x0000000700600000,0x0000000703ad9060,0x000000070cb00000)
 PSPermGen       total 40576K, used 18026K [0x00000006fb400000, 0x00000006fdba0000, 0x0000000700600000)
  object space 40576K, 44% used [0x00000006fb400000,0x00000006fc59abf8,0x00000006fdba0000)
}
Event: 9.749 GC heap before
{Heap before GC invocations=11 (full 2):
 PSYoungGen      total 439552K, used 438006K [0x00000007aacb0000, 0x00000007ca020000, 0x0000000800000000)
  eden space 390848K, 100% used [0x00000007aacb0000,0x00000007c2a60000,0x00000007c2a60000)
  from space 48704K, 96% used [0x00000007c7090000,0x00000007c9e9d9e0,0x00000007ca020000)
  to   space 60288K, 0% used [0x00000007c2a60000,0x00000007c2a60000,0x00000007c6540000)
 ParOldGen       total 201728K, used 140856K [0x0000000700600000, 0x000000070cb00000, 0x00000007aacb0000)
  object space 201728K, 69% used [0x0000000700600000,0x0000000708f8e0d0,0x000000070cb00000)
 PSPermGen       total 40576K, used 18037K [0x00000006fb400000, 0x00000006fdba0000, 0x0000000700600000)
  object space 40576K, 44% used [0x00000006fb400000,0x00000006fc59d430,0x00000006fdba0000)
Event: 9.755 GC heap after
Heap after GC invocations=11 (full 2):
 PSYoungGen      total 451136K, used 17150K [0x00000007aacb0000, 0x00000007d1a80000, 0x0000000800000000)
  eden space 390848K, 0% used [0x00000007aacb0000,0x00000007aacb0000,0x00000007c2a60000)
  from space 60288K, 28% used [0x00000007c2a60000,0x00000007c3b1fbf0,0x00000007c6540000)
  to   space 57344K, 0% used [0x00000007ce280000,0x00000007ce280000,0x00000007d1a80000)
 ParOldGen       total 201728K, used 140856K [0x0000000700600000, 0x000000070cb00000, 0x00000007aacb0000)
  object space 201728K, 69% used [0x0000000700600000,0x0000000708f8e0d0,0x000000070cb00000)
 PSPermGen       total 40576K, used 18037K [0x00000006fb400000, 0x00000006fdba0000, 0x0000000700600000)
  object space 40576K, 44% used [0x00000006fb400000,0x00000006fc59d430,0x00000006fdba0000)
}
Event: 11.054 GC heap before
{Heap before GC invocations=12 (full 3):
 PSYoungGen      total 451136K, used 407998K [0x00000007aacb0000, 0x00000007d1a80000, 0x0000000800000000)
  eden space 390848K, 100% used [0x00000007aacb0000,0x00000007c2a60000,0x00000007c2a60000)
  from space 60288K, 28% used [0x00000007c2a60000,0x00000007c3b1fbf0,0x00000007c6540000)
  to   space 57344K, 0% used [0x00000007ce280000,0x00000007ce280000,0x00000007d1a80000)
 ParOldGen       total 392064K, used 391872K [0x0000000700600000, 0x00000007184e0000, 0x00000007aacb0000)
  object space 392064K, 99% used [0x0000000700600000,0x00000007184b0340,0x00000007184e0000)
 PSPermGen       total 40576K, used 18045K [0x00000006fb400000, 0x00000006fdba0000, 0x0000000700600000)
  object space 40576K, 44% used [0x00000006fb400000,0x00000006fc59f6f0,0x00000006fdba0000)
Event: 11.108 GC heap after
Heap after GC invocations=12 (full 3):
 PSYoungGen      total 451136K, used 0K [0x00000007aacb0000, 0x00000007d1a80000, 0x0000000800000000)
  eden space 390848K, 0% used [0x00000007aacb0000,0x00000007aacb0000,0x00000007c2a60000)
  from space 60288K, 0% used [0x00000007c2a60000,0x00000007c2a60000,0x00000007c6540000)
  to   space 57344K, 0% used [0x00000007ce280000,0x00000007ce280000,0x00000007d1a80000)
 ParOldGen       total 235072K, used 47812K [0x0000000700600000, 0x000000070eb90000, 0x00000007aacb0000)
  object space 235072K, 20% used [0x0000000700600000,0x00000007034b1270,0x000000070eb90000)
 PSPermGen       total 39360K, used 18045K [0x00000006fb400000, 0x00000006fda70000, 0x0000000700600000)
  object space 39360K, 45% used [0x00000006fb400000,0x00000006fc59f6b0,0x00000006fda70000)
}
Event: 11.849 GC heap before
{Heap before GC invocations=13 (full 3):
 PSYoungGen      total 451136K, used 388649K [0x00000007aacb0000, 0x00000007d1a80000, 0x0000000800000000)
  eden space 390848K, 99% used [0x00000007aacb0000,0x00000007c283a6d0,0x00000007c2a60000)
  from space 60288K, 0% used [0x00000007c2a60000,0x00000007c2a60000,0x00000007c6540000)
  to   space 57344K, 0% used [0x00000007ce280000,0x00000007ce280000,0x00000007d1a80000)
 ParOldGen       total 235072K, used 53887K [0x0000000700600000, 0x000000070eb90000, 0x00000007aacb0000)
  object space 235072K, 22% used [0x0000000700600000,0x0000000703a9fe80,0x000000070eb90000)
 PSPermGen       total 39360K, used 18050K [0x00000006fb400000, 0x00000006fda70000, 0x0000000700600000)
  object space 39360K, 45% used [0x00000006fb400000,0x00000006fc5a0a08,0x00000006fda70000)
Event: 11.857 GC heap after
Heap after GC invocations=13 (full 3):
 PSYoungGen      total 545216K, used 29946K [0x00000007aacb0000, 0x00000007d0910000, 0x0000000800000000)
  eden space 505728K, 0% used [0x00000007aacb0000,0x00000007aacb0000,0x00000007c9a90000)
  from space 39488K, 75% used [0x00000007ce280000,0x00000007cffbe810,0x00000007d0910000)
  to   space 56576K, 0% used [0x00000007c9a90000,0x00000007c9a90000,0x00000007cd1d0000)
 ParOldGen       total 235072K, used 53887K [0x0000000700600000, 0x000000070eb90000, 0x00000007aacb0000)
  object space 235072K, 22% used [0x0000000700600000,0x0000000703a9fe80,0x000000070eb90000)
 PSPermGen       total 39360K, used 18050K [0x00000006fb400000, 0x00000006fda70000, 0x0000000700600000)
  object space 39360K, 45% used [0x00000006fb400000,0x00000006fc5a0a08,0x00000006fda70000)
}

