# JRE version: 7.0_07-b11
# Java VM: Java HotSpot(TM) 64-Bit Server VM (23.3-b01 mixed mode windows-amd64 compressed oops)
Heap
 PSYoungGen      total 744128K, used 141096K [0x00000007aacb0000, 0x00000007f2980000, 0x0000000800000000)
  eden space 719488K, 16% used [0x00000007aacb0000,0x00000007b1e6c638,0x00000007d6b50000)
  from space 24640K, 99% used [0x00000007f1170000,0x00000007f297dab0,0x00000007f2980000)
  to   space 48192K, 0% used [0x00000007ecb60000,0x00000007ecb60000,0x00000007efa70000)
 ParOldGen       total 126912K, used 92817K [0x0000000700600000, 0x00000007081f0000, 0x00000007aacb0000)
  object space 126912K, 73% used [0x0000000700600000,0x00000007060a4640,0x00000007081f0000)
 PSPermGen       total 36800K, used 18379K [0x00000006fb400000, 0x00000006fd7f0000, 0x0000000700600000)
  object space 36800K, 49% used [0x00000006fb400000,0x00000006fc5f2c48,0x00000006fd7f0000)
GC Heap History (10 events):
Event: 43.605 GC heap before
{Heap before GC invocations=25 (full 1):
 PSYoungGen      total 919552K, used 918353K [0x00000007aacb0000, 0x00000007f6a40000, 0x0000000800000000)
  eden space 907392K, 99% used [0x00000007aacb0000,0x00000007e21a6368,0x00000007e22d0000)
  from space 12160K, 99% used [0x00000007f3830000,0x00000007f440e2a0,0x00000007f4410000)
  to   space 39104K, 0% used [0x00000007f4410000,0x00000007f4410000,0x00000007f6a40000)
 ParOldGen       total 126912K, used 75077K [0x0000000700600000, 0x00000007081f0000, 0x00000007aacb0000)
  object space 126912K, 59% used [0x0000000700600000,0x0000000704f51690,0x00000007081f0000)
 PSPermGen       total 36800K, used 18367K [0x00000006fb400000, 0x00000006fd7f0000, 0x0000000700600000)
  object space 36800K, 49% used [0x00000006fb400000,0x00000006fc5eff40,0x00000006fd7f0000)
Event: 43.613 GC heap after
Heap after GC invocations=25 (full 1):
 PSYoungGen      total 902080K, used 36136K [0x00000007aacb0000, 0x00000007f6760000, 0x0000000800000000)
  eden space 865920K, 0% used [0x00000007aacb0000,0x00000007aacb0000,0x00000007dfa50000)
  from space 36160K, 99% used [0x00000007f4410000,0x00000007f675a3e0,0x00000007f6760000)
  to   space 46656K, 0% used [0x00000007f0c40000,0x00000007f0c40000,0x00000007f39d0000)
 ParOldGen       total 126912K, used 87227K [0x0000000700600000, 0x00000007081f0000, 0x00000007aacb0000)
  object space 126912K, 68% used [0x0000000700600000,0x0000000705b2eeb0,0x00000007081f0000)
 PSPermGen       total 36800K, used 18367K [0x00000006fb400000, 0x00000006fd7f0000, 0x0000000700600000)
  object space 36800K, 49% used [0x00000006fb400000,0x00000006fc5eff40,0x00000006fd7f0000)
}
Event: 45.528 GC heap before
{Heap before GC invocations=26 (full 1):
 PSYoungGen      total 902080K, used 900405K [0x00000007aacb0000, 0x00000007f6760000, 0x0000000800000000)
  eden space 865920K, 99% used [0x00000007aacb0000,0x00000007df8b3198,0x00000007dfa50000)
  from space 36160K, 99% used [0x00000007f4410000,0x00000007f675a3e0,0x00000007f6760000)
  to   space 46656K, 0% used [0x00000007f0c40000,0x00000007f0c40000,0x00000007f39d0000)
 ParOldGen       total 126912K, used 87227K [0x0000000700600000, 0x00000007081f0000, 0x00000007aacb0000)
  object space 126912K, 68% used [0x0000000700600000,0x0000000705b2eeb0,0x00000007081f0000)
 PSPermGen       total 36800K, used 18370K [0x00000006fb400000, 0x00000006fd7f0000, 0x0000000700600000)
  object space 36800K, 49% used [0x00000006fb400000,0x00000006fc5f0ba0,0x00000006fd7f0000)
Event: 45.536 GC heap after
Heap after GC invocations=26 (full 1):
 PSYoungGen      total 856704K, used 30188K [0x00000007aacb0000, 0x00000007f4420000, 0x0000000800000000)
  eden space 826496K, 0% used [0x00000007aacb0000,0x00000007aacb0000,0x00000007dd3d0000)
  from space 30208K, 99% used [0x00000007f0c40000,0x00000007f29bb240,0x00000007f29c0000)
  to   space 27008K, 0% used [0x00000007f29c0000,0x00000007f29c0000,0x00000007f4420000)
 ParOldGen       total 126912K, used 87227K [0x0000000700600000, 0x00000007081f0000, 0x00000007aacb0000)
  object space 126912K, 68% used [0x0000000700600000,0x0000000705b2eeb0,0x00000007081f0000)
 PSPermGen       total 36800K, used 18370K [0x00000006fb400000, 0x00000006fd7f0000, 0x0000000700600000)
  object space 36800K, 49% used [0x00000006fb400000,0x00000006fc5f0ba0,0x00000006fd7f0000)
}
Event: 47.406 GC heap before
{Heap before GC invocations=27 (full 1):
 PSYoungGen      total 856704K, used 854818K [0x00000007aacb0000, 0x00000007f4420000, 0x0000000800000000)
  eden space 826496K, 99% used [0x00000007aacb0000,0x00000007dd1fd848,0x00000007dd3d0000)
  from space 30208K, 99% used [0x00000007f0c40000,0x00000007f29bb240,0x00000007f29c0000)
  to   space 27008K, 0% used [0x00000007f29c0000,0x00000007f29c0000,0x00000007f4420000)
 ParOldGen       total 126912K, used 87227K [0x0000000700600000, 0x00000007081f0000, 0x00000007aacb0000)
  object space 126912K, 68% used [0x0000000700600000,0x0000000705b2eeb0,0x00000007081f0000)
 PSPermGen       total 36800K, used 18373K [0x00000006fb400000, 0x00000006fd7f0000, 0x0000000700600000)
  object space 36800K, 49% used [0x00000006fb400000,0x00000006fc5f1488,0x00000006fd7f0000)
Event: 47.411 GC heap after
Heap after GC invocations=27 (full 1):
 PSYoungGen      total 812992K, used 23986K [0x00000007aacb0000, 0x00000007f4130000, 0x0000000800000000)
  eden space 788992K, 0% used [0x00000007aacb0000,0x00000007aacb0000,0x00000007daf30000)
  from space 24000K, 99% used [0x00000007f29c0000,0x00000007f412cbc0,0x00000007f4130000)
  to   space 45632K, 0% used [0x00000007ee810000,0x00000007ee810000,0x00000007f14a0000)
 ParOldGen       total 126912K, used 87227K [0x0000000700600000, 0x00000007081f0000, 0x00000007aacb0000)
  object space 126912K, 68% used [0x0000000700600000,0x0000000705b2eeb0,0x00000007081f0000)
 PSPermGen       total 36800K, used 18373K [0x00000006fb400000, 0x00000006fd7f0000, 0x0000000700600000)
  object space 36800K, 49% used [0x00000006fb400000,0x00000006fc5f1488,0x00000006fd7f0000)
}
Event: 49.189 GC heap before
{Heap before GC invocations=28 (full 1):
 PSYoungGen      total 812992K, used 811178K [0x00000007aacb0000, 0x00000007f4130000, 0x0000000800000000)
  eden space 788992K, 99% used [0x00000007aacb0000,0x00000007dad6dda0,0x00000007daf30000)
  from space 24000K, 99% used [0x00000007f29c0000,0x00000007f412cbc0,0x00000007f4130000)
  to   space 45632K, 0% used [0x00000007ee810000,0x00000007ee810000,0x00000007f14a0000)
 ParOldGen       total 126912K, used 87227K [0x0000000700600000, 0x00000007081f0000, 0x00000007aacb0000)
  object space 126912K, 68% used [0x0000000700600000,0x0000000705b2eeb0,0x00000007081f0000)
 PSPermGen       total 36800K, used 18376K [0x00000006fb400000, 0x00000006fd7f0000, 0x0000000700600000)
  object space 36800K, 49% used [0x00000006fb400000,0x00000006fc5f2370,0x00000006fd7f0000)
Event: 49.196 GC heap after
Heap after GC invocations=28 (full 1):
 PSYoungGen      total 795712K, used 42338K [0x00000007aacb0000, 0x00000007f29d0000, 0x0000000800000000)
  eden space 753344K, 0% used [0x00000007aacb0000,0x00000007aacb0000,0x00000007d8c60000)
  from space 42368K, 99% used [0x00000007ee810000,0x00000007f1168a40,0x00000007f1170000)
  to   space 24960K, 0% used [0x00000007f1170000,0x00000007f1170000,0x00000007f29d0000)
 ParOldGen       total 126912K, used 87227K [0x0000000700600000, 0x00000007081f0000, 0x00000007aacb0000)
  object space 126912K, 68% used [0x0000000700600000,0x0000000705b2eeb0,0x00000007081f0000)
 PSPermGen       total 36800K, used 18376K [0x00000006fb400000, 0x00000006fd7f0000, 0x0000000700600000)
  object space 36800K, 49% used [0x00000006fb400000,0x00000006fc5f2370,0x00000006fd7f0000)
}
Event: 50.834 GC heap before
{Heap before GC invocations=29 (full 1):
 PSYoungGen      total 795712K, used 789649K [0x00000007aacb0000, 0x00000007f29d0000, 0x0000000800000000)
  eden space 753344K, 99% used [0x00000007aacb0000,0x00000007d867bb60,0x00000007d8c60000)
  from space 42368K, 99% used [0x00000007ee810000,0x00000007f1168a40,0x00000007f1170000)
  to   space 24960K, 0% used [0x00000007f1170000,0x00000007f1170000,0x00000007f29d0000)
 ParOldGen       total 126912K, used 87227K [0x0000000700600000, 0x00000007081f0000, 0x00000007aacb0000)
  object space 126912K, 68% used [0x0000000700600000,0x0000000705b2eeb0,0x00000007081f0000)
 PSPermGen       total 36800K, used 18379K [0x00000006fb400000, 0x00000006fd7f0000, 0x0000000700600000)
  object space 36800K, 49% used [0x00000006fb400000,0x00000006fc5f2c48,0x00000006fd7f0000)
Event: 50.838 GC heap after
Heap after GC invocations=29 (full 1):
 PSYoungGen      total 744128K, used 24630K [0x00000007aacb0000, 0x00000007f2980000, 0x0000000800000000)
  eden space 719488K, 0% used [0x00000007aacb0000,0x00000007aacb0000,0x00000007d6b50000)
  from space 24640K, 99% used [0x00000007f1170000,0x00000007f297dab0,0x00000007f2980000)
  to   space 48192K, 0% used [0x00000007ecb60000,0x00000007ecb60000,0x00000007efa70000)
 ParOldGen       total 126912K, used 92817K [0x0000000700600000, 0x00000007081f0000, 0x00000007aacb0000)
  object space 126912K, 73% used [0x0000000700600000,0x00000007060a4640,0x00000007081f0000)
 PSPermGen       total 36800K, used 18379K [0x00000006fb400000, 0x00000006fd7f0000, 0x0000000700600000)
  object space 36800K, 49% used [0x00000006fb400000,0x00000006fc5f2c48,0x00000006fd7f0000)
}

