# JRE version: 7.0_07-b11
# Java VM: Java HotSpot(TM) 64-Bit Server VM (23.3-b01 mixed mode windows-amd64 compressed oops)
Heap
 PSYoungGen      total 64000K, used 56133K [0x00000007aacb0000, 0x00000007b0650000, 0x0000000800000000)
  eden space 44992K, 84% used [0x00000007aacb0000,0x00000007ad19d1d0,0x00000007ad8a0000)
  from space 19008K, 96% used [0x00000007ad8a0000,0x00000007aea84430,0x00000007aeb30000)
  to   space 18944K, 0% used [0x00000007af3d0000,0x00000007af3d0000,0x00000007b0650000)
 ParOldGen       total 130880K, used 127535K [0x0000000700600000, 0x00000007085d0000, 0x00000007aacb0000)
  object space 130880K, 97% used [0x0000000700600000,0x000000070828be80,0x00000007085d0000)
 PSPermGen       total 36160K, used 17958K [0x00000006fb400000, 0x00000006fd750000, 0x0000000700600000)
  object space 36160K, 49% used [0x00000006fb400000,0x00000006fc589900,0x00000006fd750000)
GC Heap History (10 events):
Event: 225.708 GC heap before
{Heap before GC invocations=496 (full 1):
 PSYoungGen      total 56640K, used 54860K [0x00000007aacb0000, 0x00000007af790000, 0x0000000800000000)
  eden space 38144K, 95% used [0x00000007aacb0000,0x00000007ad04ebe0,0x00000007ad1f0000)
  from space 18496K, 99% used [0x00000007ae580000,0x00000007af774430,0x00000007af790000)
  to   space 19264K, 0% used [0x00000007ad1f0000,0x00000007ad1f0000,0x00000007ae4c0000)
 ParOldGen       total 130880K, used 127455K [0x0000000700600000, 0x00000007085d0000, 0x00000007aacb0000)
  object space 130880K, 97% used [0x0000000700600000,0x0000000708277e80,0x00000007085d0000)
 PSPermGen       total 36160K, used 17933K [0x00000006fb400000, 0x00000006fd750000, 0x0000000700600000)
  object space 36160K, 49% used [0x00000006fb400000,0x00000006fc5835c0,0x00000006fd750000)
Event: 225.710 GC heap after
Heap after GC invocations=496 (full 1):
 PSYoungGen      total 55872K, used 18417K [0x00000007aacb0000, 0x00000007af6c0000, 0x0000000800000000)
  eden space 37440K, 0% used [0x00000007aacb0000,0x00000007aacb0000,0x00000007ad140000)
  from space 18432K, 99% used [0x00000007ad1f0000,0x00000007ae3ec430,0x00000007ae3f0000)
  to   space 19200K, 0% used [0x00000007ae400000,0x00000007ae400000,0x00000007af6c0000)
 ParOldGen       total 130880K, used 127487K [0x0000000700600000, 0x00000007085d0000, 0x00000007aacb0000)
  object space 130880K, 97% used [0x0000000700600000,0x000000070827fe80,0x00000007085d0000)
 PSPermGen       total 36160K, used 17933K [0x00000006fb400000, 0x00000006fd750000, 0x0000000700600000)
  object space 36160K, 49% used [0x00000006fb400000,0x00000006fc5835c0,0x00000006fd750000)
}
Event: 225.813 GC heap before
{Heap before GC invocations=497 (full 1):
 PSYoungGen      total 55872K, used 54875K [0x00000007aacb0000, 0x00000007af6c0000, 0x0000000800000000)
  eden space 37440K, 97% used [0x00000007aacb0000,0x00000007ad04a940,0x00000007ad140000)
  from space 18432K, 99% used [0x00000007ad1f0000,0x00000007ae3ec430,0x00000007ae3f0000)
  to   space 19200K, 0% used [0x00000007ae400000,0x00000007ae400000,0x00000007af6c0000)
 ParOldGen       total 130880K, used 127487K [0x0000000700600000, 0x00000007085d0000, 0x00000007aacb0000)
  object space 130880K, 97% used [0x0000000700600000,0x000000070827fe80,0x00000007085d0000)
 PSPermGen       total 36160K, used 17933K [0x00000006fb400000, 0x00000006fd750000, 0x0000000700600000)
  object space 36160K, 49% used [0x00000006fb400000,0x00000006fc5835c0,0x00000006fd750000)
Event: 225.816 GC heap after
Heap after GC invocations=497 (full 1):
 PSYoungGen      total 56704K, used 18289K [0x00000007aacb0000, 0x00000007afdd0000, 0x0000000800000000)
  eden space 37504K, 0% used [0x00000007aacb0000,0x00000007aacb0000,0x00000007ad150000)
  from space 19200K, 95% used [0x00000007ae400000,0x00000007af5dc430,0x00000007af6c0000)
  to   space 19136K, 0% used [0x00000007ad150000,0x00000007ad150000,0x00000007ae400000)
 ParOldGen       total 130880K, used 127519K [0x0000000700600000, 0x00000007085d0000, 0x00000007aacb0000)
  object space 130880K, 97% used [0x0000000700600000,0x0000000708287e80,0x00000007085d0000)
 PSPermGen       total 36160K, used 17933K [0x00000006fb400000, 0x00000006fd750000, 0x0000000700600000)
  object space 36160K, 49% used [0x00000006fb400000,0x00000006fc5835c0,0x00000006fd750000)
}
Event: 225.917 GC heap before
{Heap before GC invocations=498 (full 1):
 PSYoungGen      total 56704K, used 54749K [0x00000007aacb0000, 0x00000007afdd0000, 0x0000000800000000)
  eden space 37504K, 97% used [0x00000007aacb0000,0x00000007ad04b1a0,0x00000007ad150000)
  from space 19200K, 95% used [0x00000007ae400000,0x00000007af5dc430,0x00000007af6c0000)
  to   space 19136K, 0% used [0x00000007ad150000,0x00000007ad150000,0x00000007ae400000)
 ParOldGen       total 130880K, used 127519K [0x0000000700600000, 0x00000007085d0000, 0x00000007aacb0000)
  object space 130880K, 97% used [0x0000000700600000,0x0000000708287e80,0x00000007085d0000)
 PSPermGen       total 36160K, used 17933K [0x00000006fb400000, 0x00000006fd750000, 0x0000000700600000)
  object space 36160K, 49% used [0x00000006fb400000,0x00000006fc5835c0,0x00000006fd750000)
Event: 225.919 GC heap after
Heap after GC invocations=498 (full 1):
 PSYoungGen      total 56640K, used 18321K [0x00000007aacb0000, 0x00000007afdd0000, 0x0000000800000000)
  eden space 37504K, 0% used [0x00000007aacb0000,0x00000007aacb0000,0x00000007ad150000)
  from space 19136K, 95% used [0x00000007ad150000,0x00000007ae334430,0x00000007ae400000)
  to   space 19072K, 0% used [0x00000007aeb30000,0x00000007aeb30000,0x00000007afdd0000)
 ParOldGen       total 130880K, used 127527K [0x0000000700600000, 0x00000007085d0000, 0x00000007aacb0000)
  object space 130880K, 97% used [0x0000000700600000,0x0000000708289e80,0x00000007085d0000)
 PSPermGen       total 36160K, used 17933K [0x00000006fb400000, 0x00000006fd750000, 0x0000000700600000)
  object space 36160K, 49% used [0x00000006fb400000,0x00000006fc5835c0,0x00000006fd750000)
}
Event: 226.019 GC heap before
{Heap before GC invocations=499 (full 1):
 PSYoungGen      total 56640K, used 54779K [0x00000007aacb0000, 0x00000007afdd0000, 0x0000000800000000)
  eden space 37504K, 97% used [0x00000007aacb0000,0x00000007ad04a940,0x00000007ad150000)
  from space 19136K, 95% used [0x00000007ad150000,0x00000007ae334430,0x00000007ae400000)
  to   space 19072K, 0% used [0x00000007aeb30000,0x00000007aeb30000,0x00000007afdd0000)
 ParOldGen       total 130880K, used 127527K [0x0000000700600000, 0x00000007085d0000, 0x00000007aacb0000)
  object space 130880K, 97% used [0x0000000700600000,0x0000000708289e80,0x00000007085d0000)
 PSPermGen       total 36160K, used 17933K [0x00000006fb400000, 0x00000006fd750000, 0x0000000700600000)
  object space 36160K, 49% used [0x00000006fb400000,0x00000006fc5835c0,0x00000006fd750000)
Event: 226.022 GC heap after
Heap after GC invocations=499 (full 1):
 PSYoungGen      total 64000K, used 18289K [0x00000007aacb0000, 0x00000007afdc0000, 0x0000000800000000)
  eden space 44992K, 0% used [0x00000007aacb0000,0x00000007aacb0000,0x00000007ad8a0000)
  from space 19008K, 96% used [0x00000007aeb30000,0x00000007afd0c430,0x00000007afdc0000)
  to   space 19008K, 0% used [0x00000007ad8a0000,0x00000007ad8a0000,0x00000007aeb30000)
 ParOldGen       total 130880K, used 127535K [0x0000000700600000, 0x00000007085d0000, 0x00000007aacb0000)
  object space 130880K, 97% used [0x0000000700600000,0x000000070828be80,0x00000007085d0000)
 PSPermGen       total 36160K, used 17933K [0x00000006fb400000, 0x00000006fd750000, 0x0000000700600000)
  object space 36160K, 49% used [0x00000006fb400000,0x00000006fc5835c0,0x00000006fd750000)
}
Event: 226.140 GC heap before
{Heap before GC invocations=500 (full 1):
 PSYoungGen      total 64000K, used 60824K [0x00000007aacb0000, 0x00000007afdc0000, 0x0000000800000000)
  eden space 44992K, 94% used [0x00000007aacb0000,0x00000007ad639d70,0x00000007ad8a0000)
  from space 19008K, 96% used [0x00000007aeb30000,0x00000007afd0c430,0x00000007afdc0000)
  to   space 19008K, 0% used [0x00000007ad8a0000,0x00000007ad8a0000,0x00000007aeb30000)
 ParOldGen       total 130880K, used 127535K [0x0000000700600000, 0x00000007085d0000, 0x00000007aacb0000)
  object space 130880K, 97% used [0x0000000700600000,0x000000070828be80,0x00000007085d0000)
 PSPermGen       total 36160K, used 17933K [0x00000006fb400000, 0x00000006fd750000, 0x0000000700600000)
  object space 36160K, 49% used [0x00000006fb400000,0x00000006fc5835c0,0x00000006fd750000)
Event: 226.142 GC heap after
Heap after GC invocations=500 (full 1):
 PSYoungGen      total 64000K, used 18321K [0x00000007aacb0000, 0x00000007b0650000, 0x0000000800000000)
  eden space 44992K, 0% used [0x00000007aacb0000,0x00000007aacb0000,0x00000007ad8a0000)
  from space 19008K, 96% used [0x00000007ad8a0000,0x00000007aea84430,0x00000007aeb30000)
  to   space 18944K, 0% used [0x00000007af3d0000,0x00000007af3d0000,0x00000007b0650000)
 ParOldGen       total 130880K, used 127535K [0x0000000700600000, 0x00000007085d0000, 0x00000007aacb0000)
  object space 130880K, 97% used [0x0000000700600000,0x000000070828be80,0x00000007085d0000)
 PSPermGen       total 36160K, used 17933K [0x00000006fb400000, 0x00000006fd750000, 0x0000000700600000)
  object space 36160K, 49% used [0x00000006fb400000,0x00000006fc5835c0,0x00000006fd750000)
}

