# JRE version: 7.0_07-b11
# Java VM: Java HotSpot(TM) 64-Bit Server VM (23.3-b01 mixed mode windows-amd64 compressed oops)
Heap
 PSYoungGen      total 1206272K, used 334439K [0x00000007aacb0000, 0x00000007fd450000, 0x0000000800000000)
  eden space 1165056K, 25% used [0x00000007aacb0000,0x00000007bcb15ef0,0x00000007f1e70000)
  from space 41216K, 99% used [0x00000007f9290000,0x00000007fbac3f70,0x00000007fbad0000)
  to   space 26112K, 0% used [0x00000007fbad0000,0x00000007fbad0000,0x00000007fd450000)
 ParOldGen       total 312064K, used 42627K [0x0000000700600000, 0x00000007136c0000, 0x00000007aacb0000)
  object space 312064K, 13% used [0x0000000700600000,0x0000000702fa0d60,0x00000007136c0000)
 PSPermGen       total 34368K, used 18294K [0x00000006fb400000, 0x00000006fd590000, 0x0000000700600000)
  object space 34368K, 53% used [0x00000006fb400000,0x00000006fc5ddbd0,0x00000006fd590000)
GC Heap History (10 events):
Event: 30.924 GC heap before
{Heap before GC invocations=21 (full 5):
 PSYoungGen      total 1249280K, used 1208320K [0x00000007aacb0000, 0x0000000800000000, 0x0000000800000000)
  eden space 1208320K, 100% used [0x00000007aacb0000,0x00000007f48b0000,0x00000007f48b0000)
  from space 40960K, 0% used [0x00000007f48b0000,0x00000007f48b0000,0x00000007f70b0000)
  to   space 42176K, 0% used [0x00000007fd6d0000,0x00000007fd6d0000,0x0000000800000000)
 ParOldGen       total 311040K, used 108776K [0x0000000700600000, 0x00000007135c0000, 0x00000007aacb0000)
  object space 311040K, 34% used [0x0000000700600000,0x000000070703a270,0x00000007135c0000)
 PSPermGen       total 36096K, used 18278K [0x00000006fb400000, 0x00000006fd740000, 0x0000000700600000)
  object space 36096K, 50% used [0x00000006fb400000,0x00000006fc5d9b00,0x00000006fd740000)
Event: 30.925 GC heap after
Heap after GC invocations=21 (full 5):
 PSYoungGen      total 1158464K, used 288K [0x00000007aacb0000, 0x00000007fd720000, 0x0000000800000000)
  eden space 1158144K, 0% used [0x00000007aacb0000,0x00000007aacb0000,0x00000007f17b0000)
  from space 320K, 90% used [0x00000007fd6d0000,0x00000007fd718000,0x00000007fd720000)
  to   space 42688K, 0% used [0x00000007f83c0000,0x00000007f83c0000,0x00000007fad70000)
 ParOldGen       total 311040K, used 108776K [0x0000000700600000, 0x00000007135c0000, 0x00000007aacb0000)
  object space 311040K, 34% used [0x0000000700600000,0x000000070703a270,0x00000007135c0000)
 PSPermGen       total 36096K, used 18278K [0x00000006fb400000, 0x00000006fd740000, 0x0000000700600000)
  object space 36096K, 50% used [0x00000006fb400000,0x00000006fc5d9b00,0x00000006fd740000)
}
Event: 33.242 GC heap before
{Heap before GC invocations=22 (full 5):
 PSYoungGen      total 1158464K, used 1158309K [0x00000007aacb0000, 0x00000007fd720000, 0x0000000800000000)
  eden space 1158144K, 99% used [0x00000007aacb0000,0x00000007f17916c0,0x00000007f17b0000)
  from space 320K, 90% used [0x00000007fd6d0000,0x00000007fd718000,0x00000007fd720000)
  to   space 42688K, 0% used [0x00000007f83c0000,0x00000007f83c0000,0x00000007fad70000)
 ParOldGen       total 311040K, used 108776K [0x0000000700600000, 0x00000007135c0000, 0x00000007aacb0000)
  object space 311040K, 34% used [0x0000000700600000,0x000000070703a270,0x00000007135c0000)
 PSPermGen       total 36096K, used 18281K [0x00000006fb400000, 0x00000006fd740000, 0x0000000700600000)
  object space 36096K, 50% used [0x00000006fb400000,0x00000006fc5da5e8,0x00000006fd740000)
Event: 33.252 GC heap after
Heap after GC invocations=22 (full 5):
 PSYoungGen      total 1311488K, used 28923K [0x00000007aacb0000, 0x0000000800000000, 0x0000000800000000)
  eden space 1268800K, 0% used [0x00000007aacb0000,0x00000007aacb0000,0x00000007f83c0000)
  from space 42688K, 67% used [0x00000007f83c0000,0x00000007f9ffecf0,0x00000007fad70000)
  to   space 44800K, 0% used [0x00000007fd440000,0x00000007fd440000,0x0000000800000000)
 ParOldGen       total 311040K, used 108776K [0x0000000700600000, 0x00000007135c0000, 0x00000007aacb0000)
  object space 311040K, 34% used [0x0000000700600000,0x000000070703a270,0x00000007135c0000)
 PSPermGen       total 36096K, used 18281K [0x00000006fb400000, 0x00000006fd740000, 0x0000000700600000)
  object space 36096K, 50% used [0x00000006fb400000,0x00000006fc5da5e8,0x00000006fd740000)
}
Event: 35.806 GC heap before
{Heap before GC invocations=23 (full 5):
 PSYoungGen      total 1311488K, used 1295713K [0x00000007aacb0000, 0x0000000800000000, 0x0000000800000000)
  eden space 1268800K, 99% used [0x00000007aacb0000,0x00000007f81c9818,0x00000007f83c0000)
  from space 42688K, 67% used [0x00000007f83c0000,0x00000007f9ffecf0,0x00000007fad70000)
  to   space 44800K, 0% used [0x00000007fd440000,0x00000007fd440000,0x0000000800000000)
 ParOldGen       total 311040K, used 114851K [0x0000000700600000, 0x00000007135c0000, 0x00000007aacb0000)
  object space 311040K, 36% used [0x0000000700600000,0x0000000707628e80,0x00000007135c0000)
 PSPermGen       total 36096K, used 18283K [0x00000006fb400000, 0x00000006fd740000, 0x0000000700600000)
  object space 36096K, 50% used [0x00000006fb400000,0x00000006fc5dae18,0x00000006fd740000)
Event: 35.811 GC heap after
Heap after GC invocations=23 (full 5):
 PSYoungGen      total 1232640K, used 16899K [0x00000007aacb0000, 0x00000007fe4d0000, 0x0000000800000000)
  eden space 1215680K, 0% used [0x00000007aacb0000,0x00000007aacb0000,0x00000007f4fe0000)
  from space 16960K, 99% used [0x00000007fd440000,0x00000007fe4c0f40,0x00000007fe4d0000)
  to   space 42112K, 0% used [0x00000007f9290000,0x00000007f9290000,0x00000007fbbb0000)
 ParOldGen       total 311040K, used 114851K [0x0000000700600000, 0x00000007135c0000, 0x00000007aacb0000)
  object space 311040K, 36% used [0x0000000700600000,0x0000000707628e80,0x00000007135c0000)
 PSPermGen       total 36096K, used 18283K [0x00000006fb400000, 0x00000006fd740000, 0x0000000700600000)
  object space 36096K, 50% used [0x00000006fb400000,0x00000006fc5dae18,0x00000006fd740000)
}
Event: 38.878 GC heap before
{Heap before GC invocations=24 (full 6):
 PSYoungGen      total 1232640K, used 1232537K [0x00000007aacb0000, 0x00000007fe4d0000, 0x0000000800000000)
  eden space 1215680K, 99% used [0x00000007aacb0000,0x00000007f4fd5830,0x00000007f4fe0000)
  from space 16960K, 99% used [0x00000007fd440000,0x00000007fe4c0f40,0x00000007fe4d0000)
  to   space 42112K, 0% used [0x00000007f9290000,0x00000007f9290000,0x00000007fbbb0000)
 ParOldGen       total 400832K, used 400715K [0x0000000700600000, 0x0000000718d70000, 0x00000007aacb0000)
  object space 400832K, 99% used [0x0000000700600000,0x0000000718d52c70,0x0000000718d70000)
 PSPermGen       total 36096K, used 18287K [0x00000006fb400000, 0x00000006fd740000, 0x0000000700600000)
  object space 36096K, 50% used [0x00000006fb400000,0x00000006fc5dbe00,0x00000006fd740000)
Event: 38.917 GC heap after
Heap after GC invocations=24 (full 6):
 PSYoungGen      total 1232640K, used 0K [0x00000007aacb0000, 0x00000007fe4d0000, 0x0000000800000000)
  eden space 1215680K, 0% used [0x00000007aacb0000,0x00000007aacb0000,0x00000007f4fe0000)
  from space 16960K, 0% used [0x00000007fd440000,0x00000007fd440000,0x00000007fe4d0000)
  to   space 42112K, 0% used [0x00000007f9290000,0x00000007f9290000,0x00000007fbbb0000)
 ParOldGen       total 312064K, used 42627K [0x0000000700600000, 0x00000007136c0000, 0x00000007aacb0000)
  object space 312064K, 13% used [0x0000000700600000,0x0000000702fa0d60,0x00000007136c0000)
 PSPermGen       total 34368K, used 18287K [0x00000006fb400000, 0x00000006fd590000, 0x0000000700600000)
  object space 34368K, 53% used [0x00000006fb400000,0x00000006fc5dbd80,0x00000006fd590000)
}
Event: 41.287 GC heap before
{Heap before GC invocations=25 (full 6):
 PSYoungGen      total 1232640K, used 1210302K [0x00000007aacb0000, 0x00000007fe4d0000, 0x0000000800000000)
  eden space 1215680K, 99% used [0x00000007aacb0000,0x00000007f4a9f9c0,0x00000007f4fe0000)
  from space 16960K, 0% used [0x00000007fd440000,0x00000007fd440000,0x00000007fe4d0000)
  to   space 42112K, 0% used [0x00000007f9290000,0x00000007f9290000,0x00000007fbbb0000)
 ParOldGen       total 312064K, used 42627K [0x0000000700600000, 0x00000007136c0000, 0x00000007aacb0000)
  object space 312064K, 13% used [0x0000000700600000,0x0000000702fa0d60,0x00000007136c0000)
 PSPermGen       total 34368K, used 18294K [0x00000006fb400000, 0x00000006fd590000, 0x0000000700600000)
  object space 34368K, 53% used [0x00000006fb400000,0x00000006fc5ddbd0,0x00000006fd590000)
Event: 41.298 GC heap after
Heap after GC invocations=25 (full 6):
 PSYoungGen      total 1206272K, used 41167K [0x00000007aacb0000, 0x00000007fd450000, 0x0000000800000000)
  eden space 1165056K, 0% used [0x00000007aacb0000,0x00000007aacb0000,0x00000007f1e70000)
  from space 41216K, 99% used [0x00000007f9290000,0x00000007fbac3f70,0x00000007fbad0000)
  to   space 26112K, 0% used [0x00000007fbad0000,0x00000007fbad0000,0x00000007fd450000)
 ParOldGen       total 312064K, used 42627K [0x0000000700600000, 0x00000007136c0000, 0x00000007aacb0000)
  object space 312064K, 13% used [0x0000000700600000,0x0000000702fa0d60,0x00000007136c0000)
 PSPermGen       total 34368K, used 18294K [0x00000006fb400000, 0x00000006fd590000, 0x0000000700600000)
  object space 34368K, 53% used [0x00000006fb400000,0x00000006fc5ddbd0,0x00000006fd590000)
}

