# JRE version: 7.0_07-b11
# Java VM: Java HotSpot(TM) 64-Bit Server VM (23.3-b01 mixed mode windows-amd64 compressed oops)
Heap
 PSYoungGen      total 105536K, used 105175K [0x00000007aacb0000, 0x00000007b2930000, 0x0000000800000000)
  eden space 87040K, 99% used [0x00000007aacb0000,0x00000007b0161bb8,0x00000007b01b0000)
  from space 18496K, 99% used [0x00000007b03e0000,0x00000007b15e4430,0x00000007b15f0000)
  to   space 19712K, 0% used [0x00000007b15f0000,0x00000007b15f0000,0x00000007b2930000)
 ParOldGen       total 420352K, used 417918K [0x0000000700600000, 0x000000071a080000, 0x00000007aacb0000)
  object space 420352K, 99% used [0x0000000700600000,0x0000000719e1f848,0x000000071a080000)
 PSPermGen       total 35392K, used 17913K [0x00000006fb400000, 0x00000006fd690000, 0x0000000700600000)
  object space 35392K, 50% used [0x00000006fb400000,0x00000006fc57e6e0,0x00000006fd690000)
GC Heap History (10 events):
Event: 218.076 GC heap before
{Heap before GC invocations=200 (full 5):
 PSYoungGen      total 115648K, used 109631K [0x00000007aacb0000, 0x00000007b3440000, 0x0000000800000000)
  eden space 97216K, 93% used [0x00000007aacb0000,0x00000007b05c38c8,0x00000007b0ba0000)
  from space 18432K, 99% used [0x00000007b2240000,0x00000007b343c430,0x00000007b3440000)
  to   space 20800K, 0% used [0x00000007b0ba0000,0x00000007b0ba0000,0x00000007b1ff0000)
 ParOldGen       total 146752K, used 71562K [0x0000000700600000, 0x0000000709550000, 0x00000007aacb0000)
  object space 146752K, 48% used [0x0000000700600000,0x0000000704be28b8,0x0000000709550000)
 PSPermGen       total 35392K, used 17887K [0x00000006fb400000, 0x00000006fd690000, 0x0000000700600000)
  object space 35392K, 50% used [0x00000006fb400000,0x00000006fc577e40,0x00000006fd690000)
Event: 218.078 GC heap after
Heap after GC invocations=200 (full 5):
 PSYoungGen      total 113536K, used 18481K [0x00000007aacb0000, 0x00000007b31e0000, 0x0000000800000000)
  eden space 95040K, 0% used [0x00000007aacb0000,0x00000007aacb0000,0x00000007b0980000)
  from space 18496K, 99% used [0x00000007b0ba0000,0x00000007b1dac430,0x00000007b1db0000)
  to   space 20672K, 0% used [0x00000007b1db0000,0x00000007b1db0000,0x00000007b31e0000)
 ParOldGen       total 146752K, used 71562K [0x0000000700600000, 0x0000000709550000, 0x00000007aacb0000)
  object space 146752K, 48% used [0x0000000700600000,0x0000000704be28b8,0x0000000709550000)
 PSPermGen       total 35392K, used 17887K [0x00000006fb400000, 0x00000006fd690000, 0x0000000700600000)
  object space 35392K, 50% used [0x00000006fb400000,0x00000006fc577e40,0x00000006fd690000)
}
Event: 218.598 GC heap before
{Heap before GC invocations=201 (full 5):
 PSYoungGen      total 113536K, used 109755K [0x00000007aacb0000, 0x00000007b31e0000, 0x0000000800000000)
  eden space 95040K, 96% used [0x00000007aacb0000,0x00000007b05d2a50,0x00000007b0980000)
  from space 18496K, 99% used [0x00000007b0ba0000,0x00000007b1dac430,0x00000007b1db0000)
  to   space 20672K, 0% used [0x00000007b1db0000,0x00000007b1db0000,0x00000007b31e0000)
 ParOldGen       total 146752K, used 71562K [0x0000000700600000, 0x0000000709550000, 0x00000007aacb0000)
  object space 146752K, 48% used [0x0000000700600000,0x0000000704be28b8,0x0000000709550000)
 PSPermGen       total 35392K, used 17887K [0x00000006fb400000, 0x00000006fd690000, 0x0000000700600000)
  object space 35392K, 50% used [0x00000006fb400000,0x00000006fc577e40,0x00000006fd690000)
Event: 218.601 GC heap after
Heap after GC invocations=201 (full 5):
 PSYoungGen      total 111360K, used 18385K [0x00000007aacb0000, 0x00000007b2fb0000, 0x0000000800000000)
  eden space 92928K, 0% used [0x00000007aacb0000,0x00000007aacb0000,0x00000007b0770000)
  from space 18432K, 99% used [0x00000007b1db0000,0x00000007b2fa4430,0x00000007b2fb0000)
  to   space 20544K, 0% used [0x00000007b0790000,0x00000007b0790000,0x00000007b1ba0000)
 ParOldGen       total 146752K, used 71586K [0x0000000700600000, 0x0000000709550000, 0x00000007aacb0000)
  object space 146752K, 48% used [0x0000000700600000,0x0000000704be88b8,0x0000000709550000)
 PSPermGen       total 35392K, used 17887K [0x00000006fb400000, 0x00000006fd690000, 0x0000000700600000)
  object space 35392K, 50% used [0x00000006fb400000,0x00000006fc577e40,0x00000006fd690000)
}
Event: 219.104 GC heap before
{Heap before GC invocations=202 (full 5):
 PSYoungGen      total 111360K, used 109603K [0x00000007aacb0000, 0x00000007b2fb0000, 0x0000000800000000)
  eden space 92928K, 98% used [0x00000007aacb0000,0x00000007b05c4b78,0x00000007b0770000)
  from space 18432K, 99% used [0x00000007b1db0000,0x00000007b2fa4430,0x00000007b2fb0000)
  to   space 20544K, 0% used [0x00000007b0790000,0x00000007b0790000,0x00000007b1ba0000)
 ParOldGen       total 146752K, used 71586K [0x0000000700600000, 0x0000000709550000, 0x00000007aacb0000)
  object space 146752K, 48% used [0x0000000700600000,0x0000000704be88b8,0x0000000709550000)
 PSPermGen       total 35392K, used 17887K [0x00000006fb400000, 0x00000006fd690000, 0x0000000700600000)
  object space 35392K, 50% used [0x00000006fb400000,0x00000006fc577e40,0x00000006fd690000)
Event: 219.106 GC heap after
Heap after GC invocations=202 (full 5):
 PSYoungGen      total 109312K, used 18417K [0x00000007aacb0000, 0x00000007b2d50000, 0x0000000800000000)
  eden space 90880K, 0% used [0x00000007aacb0000,0x00000007aacb0000,0x00000007b0570000)
  from space 18432K, 99% used [0x00000007b0790000,0x00000007b198c430,0x00000007b1990000)
  to   space 20224K, 0% used [0x00000007b1990000,0x00000007b1990000,0x00000007b2d50000)
 ParOldGen       total 146752K, used 71610K [0x0000000700600000, 0x0000000709550000, 0x00000007aacb0000)
  object space 146752K, 48% used [0x0000000700600000,0x0000000704bee8b8,0x0000000709550000)
 PSPermGen       total 35392K, used 17887K [0x00000006fb400000, 0x00000006fd690000, 0x0000000700600000)
  object space 35392K, 50% used [0x00000006fb400000,0x00000006fc577e40,0x00000006fd690000)
}
Event: 219.567 GC heap before
{Heap before GC invocations=203 (full 5):
 PSYoungGen      total 109312K, used 103564K [0x00000007aacb0000, 0x00000007b2d50000, 0x0000000800000000)
  eden space 90880K, 93% used [0x00000007aacb0000,0x00000007affd6da8,0x00000007b0570000)
  from space 18432K, 99% used [0x00000007b0790000,0x00000007b198c430,0x00000007b1990000)
  to   space 20224K, 0% used [0x00000007b1990000,0x00000007b1990000,0x00000007b2d50000)
 ParOldGen       total 146752K, used 71610K [0x0000000700600000, 0x0000000709550000, 0x00000007aacb0000)
  object space 146752K, 48% used [0x0000000700600000,0x0000000704bee8b8,0x0000000709550000)
 PSPermGen       total 35392K, used 17887K [0x00000006fb400000, 0x00000006fd690000, 0x0000000700600000)
  object space 35392K, 50% used [0x00000006fb400000,0x00000006fc577e40,0x00000006fd690000)
Event: 219.569 GC heap after
Heap after GC invocations=203 (full 5):
 PSYoungGen      total 107392K, used 18481K [0x00000007aacb0000, 0x00000007b2ba0000, 0x0000000800000000)
  eden space 88896K, 0% used [0x00000007aacb0000,0x00000007aacb0000,0x00000007b0380000)
  from space 18496K, 99% used [0x00000007b1990000,0x00000007b2b9c430,0x00000007b2ba0000)
  to   space 20352K, 0% used [0x00000007b03e0000,0x00000007b03e0000,0x00000007b17c0000)
 ParOldGen       total 146752K, used 71626K [0x0000000700600000, 0x0000000709550000, 0x00000007aacb0000)
  object space 146752K, 48% used [0x0000000700600000,0x0000000704bf28b8,0x0000000709550000)
 PSPermGen       total 35392K, used 17887K [0x00000006fb400000, 0x00000006fd690000, 0x0000000700600000)
  object space 35392K, 50% used [0x00000006fb400000,0x00000006fc577e40,0x00000006fd690000)
}
Event: 220.044 GC heap before
{Heap before GC invocations=204 (full 5):
 PSYoungGen      total 107392K, used 103635K [0x00000007aacb0000, 0x00000007b2ba0000, 0x0000000800000000)
  eden space 88896K, 95% used [0x00000007aacb0000,0x00000007affd8888,0x00000007b0380000)
  from space 18496K, 99% used [0x00000007b1990000,0x00000007b2b9c430,0x00000007b2ba0000)
  to   space 20352K, 0% used [0x00000007b03e0000,0x00000007b03e0000,0x00000007b17c0000)
 ParOldGen       total 146752K, used 77701K [0x0000000700600000, 0x0000000709550000, 0x00000007aacb0000)
  object space 146752K, 52% used [0x0000000700600000,0x00000007051e14c8,0x0000000709550000)
 PSPermGen       total 35392K, used 17889K [0x00000006fb400000, 0x00000006fd690000, 0x0000000700600000)
  object space 35392K, 50% used [0x00000006fb400000,0x00000006fc578758,0x00000006fd690000)
Event: 220.046 GC heap after
Heap after GC invocations=204 (full 5):
 PSYoungGen      total 105536K, used 18449K [0x00000007aacb0000, 0x00000007b2930000, 0x0000000800000000)
  eden space 87040K, 0% used [0x00000007aacb0000,0x00000007aacb0000,0x00000007b01b0000)
  from space 18496K, 99% used [0x00000007b03e0000,0x00000007b15e4430,0x00000007b15f0000)
  to   space 19712K, 0% used [0x00000007b15f0000,0x00000007b15f0000,0x00000007b2930000)
 ParOldGen       total 146752K, used 77717K [0x0000000700600000, 0x0000000709550000, 0x00000007aacb0000)
  object space 146752K, 52% used [0x0000000700600000,0x00000007051e54c8,0x0000000709550000)
 PSPermGen       total 35392K, used 17889K [0x00000006fb400000, 0x00000006fd690000, 0x0000000700600000)
  object space 35392K, 50% used [0x00000006fb400000,0x00000006fc578758,0x00000006fd690000)
}

