# JRE version: 7.0_07-b11
# Java VM: Java HotSpot(TM) 64-Bit Server VM (23.3-b01 mixed mode windows-amd64 compressed oops)
Heap
 PSYoungGen      total 1335872K, used 974901K [0x00000007aacb0000, 0x0000000800000000, 0x0000000800000000)
  eden space 1273792K, 74% used [0x00000007aacb0000,0x00000007e4836d10,0x00000007f88a0000)
  from space 62080K, 47% used [0x00000007fc360000,0x00000007fdfe6728,0x0000000800000000)
  to   space 60160K, 0% used [0x00000007f88a0000,0x00000007f88a0000,0x00000007fc360000)
 ParOldGen       total 242240K, used 34574K [0x0000000700600000, 0x000000070f290000, 0x00000007aacb0000)
  object space 242240K, 14% used [0x0000000700600000,0x00000007027c3a98,0x000000070f290000)
 PSPermGen       total 37696K, used 18098K [0x00000006fb400000, 0x00000006fd8d0000, 0x0000000700600000)
  object space 37696K, 48% used [0x00000006fb400000,0x00000006fc5ac820,0x00000006fd8d0000)
GC Heap History (10 events):
Event: 20.772 GC heap before
{Heap before GC invocations=18 (full 3):
 PSYoungGen      total 1154240K, used 1154223K [0x00000007aacb0000, 0x00000007f6960000, 0x0000000800000000)
  eden space 1112896K, 100% used [0x00000007aacb0000,0x00000007eeb80000,0x00000007eeb80000)
  from space 41344K, 99% used [0x00000007f4100000,0x00000007f695bf48,0x00000007f6960000)
  to   space 58304K, 0% used [0x00000007ef780000,0x00000007ef780000,0x00000007f3070000)
 ParOldGen       total 204160K, used 164636K [0x0000000700600000, 0x000000070cd60000, 0x00000007aacb0000)
  object space 204160K, 80% used [0x0000000700600000,0x000000070a6c7180,0x000000070cd60000)
 PSPermGen       total 39296K, used 18030K [0x00000006fb400000, 0x00000006fda60000, 0x0000000700600000)
  object space 39296K, 45% used [0x00000006fb400000,0x00000006fc59b858,0x00000006fda60000)
Event: 20.773 GC heap after
Heap after GC invocations=18 (full 3):
 PSYoungGen      total 1183488K, used 224K [0x00000007aacb0000, 0x0000000800000000, 0x0000000800000000)
  eden space 1125184K, 0% used [0x00000007aacb0000,0x00000007aacb0000,0x00000007ef780000)
  from space 58304K, 0% used [0x00000007ef780000,0x00000007ef7b8000,0x00000007f3070000)
  to   space 58816K, 0% used [0x00000007fc690000,0x00000007fc690000,0x0000000800000000)
 ParOldGen       total 204160K, used 164684K [0x0000000700600000, 0x000000070cd60000, 0x00000007aacb0000)
  object space 204160K, 80% used [0x0000000700600000,0x000000070a6d3180,0x000000070cd60000)
 PSPermGen       total 39296K, used 18030K [0x00000006fb400000, 0x00000006fda60000, 0x0000000700600000)
  object space 39296K, 45% used [0x00000006fb400000,0x00000006fc59b858,0x00000006fda60000)
}
Event: 22.873 GC heap before
{Heap before GC invocations=19 (full 4):
 PSYoungGen      total 1183488K, used 1125408K [0x00000007aacb0000, 0x0000000800000000, 0x0000000800000000)
  eden space 1125184K, 100% used [0x00000007aacb0000,0x00000007ef780000,0x00000007ef780000)
  from space 58304K, 0% used [0x00000007ef780000,0x00000007ef7b8000,0x00000007f3070000)
  to   space 58816K, 0% used [0x00000007fc690000,0x00000007fc690000,0x0000000800000000)
 ParOldGen       total 234112K, used 233994K [0x0000000700600000, 0x000000070eaa0000, 0x00000007aacb0000)
  object space 234112K, 99% used [0x0000000700600000,0x000000070ea82900,0x000000070eaa0000)
 PSPermGen       total 39296K, used 18032K [0x00000006fb400000, 0x00000006fda60000, 0x0000000700600000)
  object space 39296K, 45% used [0x00000006fb400000,0x00000006fc59c1d8,0x00000006fda60000)
Event: 22.902 GC heap after
Heap after GC invocations=19 (full 4):
 PSYoungGen      total 1183488K, used 0K [0x00000007aacb0000, 0x0000000800000000, 0x0000000800000000)
  eden space 1125184K, 0% used [0x00000007aacb0000,0x00000007aacb0000,0x00000007ef780000)
  from space 58304K, 0% used [0x00000007ef780000,0x00000007ef780000,0x00000007f3070000)
  to   space 58816K, 0% used [0x00000007fc690000,0x00000007fc690000,0x0000000800000000)
 ParOldGen       total 242240K, used 32549K [0x0000000700600000, 0x000000070f290000, 0x00000007aacb0000)
  object space 242240K, 13% used [0x0000000700600000,0x00000007025c9688,0x000000070f290000)
 PSPermGen       total 37696K, used 18032K [0x00000006fb400000, 0x00000006fd8d0000, 0x0000000700600000)
  object space 37696K, 47% used [0x00000006fb400000,0x00000006fc59c1d8,0x00000006fd8d0000)
}
Event: 24.806 GC heap before
{Heap before GC invocations=20 (full 4):
 PSYoungGen      total 1183488K, used 1119593K [0x00000007aacb0000, 0x0000000800000000, 0x0000000800000000)
  eden space 1125184K, 99% used [0x00000007aacb0000,0x00000007ef20a7a8,0x00000007ef780000)
  from space 58304K, 0% used [0x00000007ef780000,0x00000007ef780000,0x00000007f3070000)
  to   space 58816K, 0% used [0x00000007fc690000,0x00000007fc690000,0x0000000800000000)
 ParOldGen       total 242240K, used 32549K [0x0000000700600000, 0x000000070f290000, 0x00000007aacb0000)
  object space 242240K, 13% used [0x0000000700600000,0x00000007025c9688,0x000000070f290000)
 PSPermGen       total 37696K, used 18038K [0x00000006fb400000, 0x00000006fd8d0000, 0x0000000700600000)
  object space 37696K, 47% used [0x00000006fb400000,0x00000006fc59d928,0x00000006fd8d0000)
Event: 24.815 GC heap after
Heap after GC invocations=20 (full 4):
 PSYoungGen      total 1335936K, used 33090K [0x00000007aacb0000, 0x0000000800000000, 0x0000000800000000)
  eden space 1277120K, 0% used [0x00000007aacb0000,0x00000007aacb0000,0x00000007f8be0000)
  from space 58816K, 56% used [0x00000007fc690000,0x00000007fe6e0870,0x0000000800000000)
  to   space 59456K, 0% used [0x00000007f8be0000,0x00000007f8be0000,0x00000007fc5f0000)
 ParOldGen       total 242240K, used 32549K [0x0000000700600000, 0x000000070f290000, 0x00000007aacb0000)
  object space 242240K, 13% used [0x0000000700600000,0x00000007025c9688,0x000000070f290000)
 PSPermGen       total 37696K, used 18038K [0x00000006fb400000, 0x00000006fd8d0000, 0x0000000700600000)
  object space 37696K, 47% used [0x00000006fb400000,0x00000006fc59d928,0x00000006fd8d0000)
}
Event: 27.083 GC heap before
{Heap before GC invocations=21 (full 4):
 PSYoungGen      total 1335936K, used 1306778K [0x00000007aacb0000, 0x0000000800000000, 0x0000000800000000)
  eden space 1277120K, 99% used [0x00000007aacb0000,0x00000007f8886250,0x00000007f8be0000)
  from space 58816K, 56% used [0x00000007fc690000,0x00000007fe6e0870,0x0000000800000000)
  to   space 59456K, 0% used [0x00000007f8be0000,0x00000007f8be0000,0x00000007fc5f0000)
 ParOldGen       total 242240K, used 32549K [0x0000000700600000, 0x000000070f290000, 0x00000007aacb0000)
  object space 242240K, 13% used [0x0000000700600000,0x00000007025c9688,0x000000070f290000)
 PSPermGen       total 37696K, used 18039K [0x00000006fb400000, 0x00000006fd8d0000, 0x0000000700600000)
  object space 37696K, 47% used [0x00000006fb400000,0x00000006fc59de40,0x00000006fd8d0000)
Event: 27.105 GC heap after
Heap after GC invocations=21 (full 4):
 PSYoungGen      total 1316544K, used 39366K [0x00000007aacb0000, 0x0000000800000000, 0x0000000800000000)
  eden space 1277120K, 0% used [0x00000007aacb0000,0x00000007aacb0000,0x00000007f8be0000)
  from space 39424K, 99% used [0x00000007f8be0000,0x00000007fb251b78,0x00000007fb260000)
  to   space 62080K, 0% used [0x00000007fc360000,0x00000007fc360000,0x0000000800000000)
 ParOldGen       total 242240K, used 32549K [0x0000000700600000, 0x000000070f290000, 0x00000007aacb0000)
  object space 242240K, 13% used [0x0000000700600000,0x00000007025c9688,0x000000070f290000)
 PSPermGen       total 37696K, used 18039K [0x00000006fb400000, 0x00000006fd8d0000, 0x0000000700600000)
  object space 37696K, 47% used [0x00000006fb400000,0x00000006fc59de40,0x00000006fd8d0000)
}
Event: 29.372 GC heap before
{Heap before GC invocations=22 (full 4):
 PSYoungGen      total 1316544K, used 1315055K [0x00000007aacb0000, 0x0000000800000000, 0x0000000800000000)
  eden space 1277120K, 99% used [0x00000007aacb0000,0x00000007f8a7a310,0x00000007f8be0000)
  from space 39424K, 99% used [0x00000007f8be0000,0x00000007fb251b78,0x00000007fb260000)
  to   space 62080K, 0% used [0x00000007fc360000,0x00000007fc360000,0x0000000800000000)
 ParOldGen       total 242240K, used 34574K [0x0000000700600000, 0x000000070f290000, 0x00000007aacb0000)
  object space 242240K, 14% used [0x0000000700600000,0x00000007027c3a98,0x000000070f290000)
 PSPermGen       total 37696K, used 18041K [0x00000006fb400000, 0x00000006fd8d0000, 0x0000000700600000)
  object space 37696K, 47% used [0x00000006fb400000,0x00000006fc59e700,0x00000006fd8d0000)
Event: 29.376 GC heap after
Heap after GC invocations=22 (full 4):
 PSYoungGen      total 1335872K, used 29209K [0x00000007aacb0000, 0x0000000800000000, 0x0000000800000000)
  eden space 1273792K, 0% used [0x00000007aacb0000,0x00000007aacb0000,0x00000007f88a0000)
  from space 62080K, 47% used [0x00000007fc360000,0x00000007fdfe6728,0x0000000800000000)
  to   space 60160K, 0% used [0x00000007f88a0000,0x00000007f88a0000,0x00000007fc360000)
 ParOldGen       total 242240K, used 34574K [0x0000000700600000, 0x000000070f290000, 0x00000007aacb0000)
  object space 242240K, 14% used [0x0000000700600000,0x00000007027c3a98,0x000000070f290000)
 PSPermGen       total 37696K, used 18041K [0x00000006fb400000, 0x00000006fd8d0000, 0x0000000700600000)
  object space 37696K, 47% used [0x00000006fb400000,0x00000006fc59e700,0x00000006fd8d0000)
}

