# JRE version: 7.0_07-b11
# Java VM: Java HotSpot(TM) 64-Bit Server VM (23.3-b01 mixed mode windows-amd64 compressed oops)
Heap
 PSYoungGen      total 1337920K, used 666586K [0x00000007aacb0000, 0x0000000800000000, 0x0000000800000000)
  eden space 1279808K, 49% used [0x00000007aacb0000,0x00000007d1626f78,0x00000007f8e80000)
  from space 58112K, 59% used [0x00000007f8e80000,0x00000007fafffa60,0x00000007fc740000)
  to   space 57984K, 0% used [0x00000007fc760000,0x00000007fc760000,0x0000000800000000)
 ParOldGen       total 143680K, used 96115K [0x0000000700600000, 0x0000000709250000, 0x00000007aacb0000)
  object space 143680K, 66% used [0x0000000700600000,0x00000007063dce88,0x0000000709250000)
 PSPermGen       total 36800K, used 18280K [0x00000006fb400000, 0x00000006fd7f0000, 0x0000000700600000)
  object space 36800K, 49% used [0x00000006fb400000,0x00000006fc5da028,0x00000006fd7f0000)
GC Heap History (10 events):
Event: 9.700 GC heap before
{Heap before GC invocations=12 (full 1):
 PSYoungGen      total 885056K, used 36136K [0x00000007aacb0000, 0x00000007ffe40000, 0x0000000800000000)
  eden space 831808K, 0% used [0x00000007aacb0000,0x00000007aacb0000,0x00000007dd900000)
  from space 53248K, 67% used [0x00000007dd900000,0x00000007dfc4a3e0,0x00000007e0d00000)
  to   space 52288K, 0% used [0x00000007fcb30000,0x00000007fcb30000,0x00000007ffe40000)
 ParOldGen       total 174528K, used 140704K [0x0000000700600000, 0x000000070b070000, 0x00000007aacb0000)
  object space 174528K, 80% used [0x0000000700600000,0x0000000708f68170,0x000000070b070000)
 PSPermGen       total 21248K, used 18126K [0x00000006fb400000, 0x00000006fc8c0000, 0x0000000700600000)
  object space 21248K, 85% used [0x00000006fb400000,0x00000006fc5b3b30,0x00000006fc8c0000)
Event: 9.755 GC heap after
Heap after GC invocations=12 (full 1):
 PSYoungGen      total 885056K, used 0K [0x00000007aacb0000, 0x00000007ffe40000, 0x0000000800000000)
  eden space 831808K, 0% used [0x00000007aacb0000,0x00000007aacb0000,0x00000007dd900000)
  from space 53248K, 0% used [0x00000007dd900000,0x00000007dd900000,0x00000007e0d00000)
  to   space 52288K, 0% used [0x00000007fcb30000,0x00000007fcb30000,0x00000007ffe40000)
 ParOldGen       total 143680K, used 24697K [0x0000000700600000, 0x0000000709250000, 0x00000007aacb0000)
  object space 143680K, 17% used [0x0000000700600000,0x0000000701e1e460,0x0000000709250000)
 PSPermGen       total 36800K, used 18120K [0x00000006fb400000, 0x00000006fd7f0000, 0x0000000700600000)
  object space 36800K, 49% used [0x00000006fb400000,0x00000006fc5b2068,0x00000006fd7f0000)
}
Event: 11.624 GC heap before
{Heap before GC invocations=13 (full 1):
 PSYoungGen      total 885056K, used 830314K [0x00000007aacb0000, 0x00000007ffe40000, 0x0000000800000000)
  eden space 831808K, 99% used [0x00000007aacb0000,0x00000007dd78a8d0,0x00000007dd900000)
  from space 53248K, 0% used [0x00000007dd900000,0x00000007dd900000,0x00000007e0d00000)
  to   space 52288K, 0% used [0x00000007fcb30000,0x00000007fcb30000,0x00000007ffe40000)
 ParOldGen       total 143680K, used 26722K [0x0000000700600000, 0x0000000709250000, 0x00000007aacb0000)
  object space 143680K, 18% used [0x0000000700600000,0x0000000702018870,0x0000000709250000)
 PSPermGen       total 36800K, used 18137K [0x00000006fb400000, 0x00000006fd7f0000, 0x0000000700600000)
  object space 36800K, 49% used [0x00000006fb400000,0x00000006fc5b67f8,0x00000006fd7f0000)
Event: 11.629 GC heap after
Heap after GC invocations=13 (full 1):
 PSYoungGen      total 1183232K, used 11836K [0x00000007aacb0000, 0x00000007fd6c0000, 0x0000000800000000)
  eden space 1171392K, 0% used [0x00000007aacb0000,0x00000007aacb0000,0x00000007f24a0000)
  from space 11840K, 99% used [0x00000007fcb30000,0x00000007fd6bf3c0,0x00000007fd6c0000)
  to   space 54144K, 0% used [0x00000007f6d00000,0x00000007f6d00000,0x00000007fa1e0000)
 ParOldGen       total 143680K, used 26722K [0x0000000700600000, 0x0000000709250000, 0x00000007aacb0000)
  object space 143680K, 18% used [0x0000000700600000,0x0000000702018870,0x0000000709250000)
 PSPermGen       total 36800K, used 18137K [0x00000006fb400000, 0x00000006fd7f0000, 0x0000000700600000)
  object space 36800K, 49% used [0x00000006fb400000,0x00000006fc5b67f8,0x00000006fd7f0000)
}
Event: 14.474 GC heap before
{Heap before GC invocations=14 (full 1):
 PSYoungGen      total 1183232K, used 1183228K [0x00000007aacb0000, 0x00000007fd6c0000, 0x0000000800000000)
  eden space 1171392K, 100% used [0x00000007aacb0000,0x00000007f24a0000,0x00000007f24a0000)
  from space 11840K, 99% used [0x00000007fcb30000,0x00000007fd6bf3c0,0x00000007fd6c0000)
  to   space 54144K, 0% used [0x00000007f6d00000,0x00000007f6d00000,0x00000007fa1e0000)
 ParOldGen       total 143680K, used 89920K [0x0000000700600000, 0x0000000709250000, 0x00000007aacb0000)
  object space 143680K, 62% used [0x0000000700600000,0x0000000705dd0258,0x0000000709250000)
 PSPermGen       total 36800K, used 18161K [0x00000006fb400000, 0x00000006fd7f0000, 0x0000000700600000)
  object space 36800K, 49% used [0x00000006fb400000,0x00000006fc5bc540,0x00000006fd7f0000)
Event: 14.476 GC heap after
Heap after GC invocations=14 (full 1):
 PSYoungGen      total 1299648K, used 288K [0x00000007aacb0000, 0x0000000800000000, 0x0000000800000000)
  eden space 1245504K, 0% used [0x00000007aacb0000,0x00000007aacb0000,0x00000007f6d00000)
  from space 54144K, 0% used [0x00000007f6d00000,0x00000007f6d48000,0x00000007fa1e0000)
  to   space 57152K, 0% used [0x00000007fc830000,0x00000007fc830000,0x0000000800000000)
 ParOldGen       total 143680K, used 96051K [0x0000000700600000, 0x0000000709250000, 0x00000007aacb0000)
  object space 143680K, 66% used [0x0000000700600000,0x00000007063cce88,0x0000000709250000)
 PSPermGen       total 36800K, used 18161K [0x00000006fb400000, 0x00000006fd7f0000, 0x0000000700600000)
  object space 36800K, 49% used [0x00000006fb400000,0x00000006fc5bc540,0x00000006fd7f0000)
}
Event: 17.295 GC heap before
{Heap before GC invocations=15 (full 1):
 PSYoungGen      total 1299648K, used 1244545K [0x00000007aacb0000, 0x0000000800000000, 0x0000000800000000)
  eden space 1245504K, 99% used [0x00000007aacb0000,0x00000007f6bc86d0,0x00000007f6d00000)
  from space 54144K, 0% used [0x00000007f6d00000,0x00000007f6d48000,0x00000007fa1e0000)
  to   space 57152K, 0% used [0x00000007fc830000,0x00000007fc830000,0x0000000800000000)
 ParOldGen       total 143680K, used 96051K [0x0000000700600000, 0x0000000709250000, 0x00000007aacb0000)
  object space 143680K, 66% used [0x0000000700600000,0x00000007063cce88,0x0000000709250000)
 PSPermGen       total 36800K, used 18213K [0x00000006fb400000, 0x00000006fd7f0000, 0x0000000700600000)
  object space 36800K, 49% used [0x00000006fb400000,0x00000006fc5c96a0,0x00000006fd7f0000)
Event: 17.299 GC heap after
Heap after GC invocations=15 (full 1):
 PSYoungGen      total 1336960K, used 5729K [0x00000007aacb0000, 0x0000000800000000, 0x0000000800000000)
  eden space 1279808K, 0% used [0x00000007aacb0000,0x00000007aacb0000,0x00000007f8e80000)
  from space 57152K, 10% used [0x00000007fc830000,0x00000007fcdc8790,0x0000000800000000)
  to   space 58112K, 0% used [0x00000007f8e80000,0x00000007f8e80000,0x00000007fc740000)
 ParOldGen       total 143680K, used 96083K [0x0000000700600000, 0x0000000709250000, 0x00000007aacb0000)
  object space 143680K, 66% used [0x0000000700600000,0x00000007063d4e88,0x0000000709250000)
 PSPermGen       total 36800K, used 18213K [0x00000006fb400000, 0x00000006fd7f0000, 0x0000000700600000)
  object space 36800K, 49% used [0x00000006fb400000,0x00000006fc5c96a0,0x00000006fd7f0000)
}
Event: 20.314 GC heap before
{Heap before GC invocations=16 (full 1):
 PSYoungGen      total 1336960K, used 1284392K [0x00000007aacb0000, 0x0000000800000000, 0x0000000800000000)
  eden space 1279808K, 99% used [0x00000007aacb0000,0x00000007f8d61a40,0x00000007f8e80000)
  from space 57152K, 10% used [0x00000007fc830000,0x00000007fcdc8790,0x0000000800000000)
  to   space 58112K, 0% used [0x00000007f8e80000,0x00000007f8e80000,0x00000007fc740000)
 ParOldGen       total 143680K, used 96083K [0x0000000700600000, 0x0000000709250000, 0x00000007aacb0000)
  object space 143680K, 66% used [0x0000000700600000,0x00000007063d4e88,0x0000000709250000)
 PSPermGen       total 36800K, used 18246K [0x00000006fb400000, 0x00000006fd7f0000, 0x0000000700600000)
  object space 36800K, 49% used [0x00000006fb400000,0x00000006fc5d1b40,0x00000006fd7f0000)
Event: 20.323 GC heap after
Heap after GC invocations=16 (full 1):
 PSYoungGen      total 1337920K, used 34302K [0x00000007aacb0000, 0x0000000800000000, 0x0000000800000000)
  eden space 1279808K, 0% used [0x00000007aacb0000,0x00000007aacb0000,0x00000007f8e80000)
  from space 58112K, 59% used [0x00000007f8e80000,0x00000007fafffa60,0x00000007fc740000)
  to   space 57984K, 0% used [0x00000007fc760000,0x00000007fc760000,0x0000000800000000)
 ParOldGen       total 143680K, used 96115K [0x0000000700600000, 0x0000000709250000, 0x00000007aacb0000)
  object space 143680K, 66% used [0x0000000700600000,0x00000007063dce88,0x0000000709250000)
 PSPermGen       total 36800K, used 18246K [0x00000006fb400000, 0x00000006fd7f0000, 0x0000000700600000)
  object space 36800K, 49% used [0x00000006fb400000,0x00000006fc5d1b40,0x00000006fd7f0000)
}

