# JRE version: 7.0_07-b11
# Java VM: Java HotSpot(TM) 64-Bit Server VM (23.3-b01 mixed mode windows-amd64 compressed oops)
Heap
 PSYoungGen      total 566080K, used 525547K [0x00000007aacb0000, 0x00000007e3300000, 0x0000000800000000)
  eden space 515072K, 100% used [0x00000007aacb0000,0x00000007ca3b0000,0x00000007ca3b0000)
  from space 51008K, 20% used [0x00000007ca3b0000,0x00000007cadeae70,0x00000007cd580000)
  to   space 49920K, 0% used [0x00000007e0240000,0x00000007e0240000,0x00000007e3300000)
 ParOldGen       total 174528K, used 127453K [0x0000000700600000, 0x000000070b070000, 0x00000007aacb0000)
  object space 174528K, 73% used [0x0000000700600000,0x00000007082774e8,0x000000070b070000)
 PSPermGen       total 21248K, used 17979K [0x00000006fb400000, 0x00000006fc8c0000, 0x0000000700600000)
  object space 21248K, 84% used [0x00000006fb400000,0x00000006fc58edc8,0x00000006fc8c0000)
GC Heap History (10 events):
Event: 8.331 GC heap before
{Heap before GC invocations=5 (full 0):
 PSYoungGen      total 141824K, used 139766K [0x00000007aacb0000, 0x00000007b41d0000, 0x0000000800000000)
  eden space 130944K, 98% used [0x00000007aacb0000,0x00000007b2a957c0,0x00000007b2c90000)
  from space 10880K, 99% used [0x00000007b3730000,0x00000007b41c8310,0x00000007b41d0000)
  to   space 10880K, 0% used [0x00000007b2c90000,0x00000007b2c90000,0x00000007b3730000)
 ParOldGen       total 174528K, used 64710K [0x0000000700600000, 0x000000070b070000, 0x00000007aacb0000)
  object space 174528K, 37% used [0x0000000700600000,0x0000000704531b20,0x000000070b070000)
 PSPermGen       total 21248K, used 17927K [0x00000006fb400000, 0x00000006fc8c0000, 0x0000000700600000)
  object space 21248K, 84% used [0x00000006fb400000,0x00000006fc581f38,0x00000006fc8c0000)
Event: 8.339 GC heap after
Heap after GC invocations=5 (full 0):
 PSYoungGen      total 141824K, used 10584K [0x00000007aacb0000, 0x00000007c09f0000, 0x0000000800000000)
  eden space 130944K, 0% used [0x00000007aacb0000,0x00000007aacb0000,0x00000007b2c90000)
  from space 10880K, 97% used [0x00000007b2c90000,0x00000007b36e63a0,0x00000007b3730000)
  to   space 47872K, 0% used [0x00000007bdb30000,0x00000007bdb30000,0x00000007c09f0000)
 ParOldGen       total 174528K, used 79982K [0x0000000700600000, 0x000000070b070000, 0x00000007aacb0000)
  object space 174528K, 45% used [0x0000000700600000,0x000000070541b8a0,0x000000070b070000)
 PSPermGen       total 21248K, used 17927K [0x00000006fb400000, 0x00000006fc8c0000, 0x0000000700600000)
  object space 21248K, 84% used [0x00000006fb400000,0x00000006fc581f38,0x00000006fc8c0000)
}
Event: 8.802 GC heap before
{Heap before GC invocations=6 (full 0):
 PSYoungGen      total 141824K, used 141440K [0x00000007aacb0000, 0x00000007c09f0000, 0x0000000800000000)
  eden space 130944K, 99% used [0x00000007aacb0000,0x00000007b2c79c80,0x00000007b2c90000)
  from space 10880K, 97% used [0x00000007b2c90000,0x00000007b36e63a0,0x00000007b3730000)
  to   space 47872K, 0% used [0x00000007bdb30000,0x00000007bdb30000,0x00000007c09f0000)
 ParOldGen       total 174528K, used 79982K [0x0000000700600000, 0x000000070b070000, 0x00000007aacb0000)
  object space 174528K, 45% used [0x0000000700600000,0x000000070541b8a0,0x000000070b070000)
 PSPermGen       total 21248K, used 17928K [0x00000006fb400000, 0x00000006fc8c0000, 0x0000000700600000)
  object space 21248K, 84% used [0x00000006fb400000,0x00000006fc582020,0x00000006fc8c0000)
Event: 8.813 GC heap after
Heap after GC invocations=6 (full 0):
 PSYoungGen      total 305408K, used 37990K [0x00000007aacb0000, 0x00000007c1270000, 0x0000000800000000)
  eden space 257536K, 0% used [0x00000007aacb0000,0x00000007aacb0000,0x00000007ba830000)
  from space 47872K, 79% used [0x00000007bdb30000,0x00000007c0049950,0x00000007c09f0000)
  to   space 52224K, 0% used [0x00000007ba830000,0x00000007ba830000,0x00000007bdb30000)
 ParOldGen       total 174528K, used 79982K [0x0000000700600000, 0x000000070b070000, 0x00000007aacb0000)
  object space 174528K, 45% used [0x0000000700600000,0x000000070541b8a0,0x000000070b070000)
 PSPermGen       total 21248K, used 17928K [0x00000006fb400000, 0x00000006fc8c0000, 0x0000000700600000)
  object space 21248K, 84% used [0x00000006fb400000,0x00000006fc582020,0x00000006fc8c0000)
}
Event: 9.722 GC heap before
{Heap before GC invocations=7 (full 0):
 PSYoungGen      total 305408K, used 289989K [0x00000007aacb0000, 0x00000007c1270000, 0x0000000800000000)
  eden space 257536K, 97% used [0x00000007aacb0000,0x00000007ba2c7e78,0x00000007ba830000)
  from space 47872K, 79% used [0x00000007bdb30000,0x00000007c0049950,0x00000007c09f0000)
  to   space 52224K, 0% used [0x00000007ba830000,0x00000007ba830000,0x00000007bdb30000)
 ParOldGen       total 174528K, used 79982K [0x0000000700600000, 0x000000070b070000, 0x00000007aacb0000)
  object space 174528K, 45% used [0x0000000700600000,0x000000070541b8a0,0x000000070b070000)
 PSPermGen       total 21248K, used 17930K [0x00000006fb400000, 0x00000006fc8c0000, 0x0000000700600000)
  object space 21248K, 84% used [0x00000006fb400000,0x00000006fc582a28,0x00000006fc8c0000)
Event: 9.729 GC heap after
Heap after GC invocations=7 (full 0):
 PSYoungGen      total 309760K, used 10539K [0x00000007aacb0000, 0x00000007d08f0000, 0x0000000800000000)
  eden space 257536K, 0% used [0x00000007aacb0000,0x00000007aacb0000,0x00000007ba830000)
  from space 52224K, 20% used [0x00000007ba830000,0x00000007bb27ae70,0x00000007bdb30000)
  to   space 51840K, 0% used [0x00000007cd650000,0x00000007cd650000,0x00000007d08f0000)
 ParOldGen       total 174528K, used 89460K [0x0000000700600000, 0x000000070b070000, 0x00000007aacb0000)
  object space 174528K, 51% used [0x0000000700600000,0x0000000705d5d020,0x000000070b070000)
 PSPermGen       total 21248K, used 17930K [0x00000006fb400000, 0x00000006fc8c0000, 0x0000000700600000)
  object space 21248K, 84% used [0x00000006fb400000,0x00000006fc582a28,0x00000006fc8c0000)
}
Event: 10.617 GC heap before
{Heap before GC invocations=8 (full 0):
 PSYoungGen      total 309760K, used 268002K [0x00000007aacb0000, 0x00000007d08f0000, 0x0000000800000000)
  eden space 257536K, 99% used [0x00000007aacb0000,0x00000007ba81dbe8,0x00000007ba830000)
  from space 52224K, 20% used [0x00000007ba830000,0x00000007bb27ae70,0x00000007bdb30000)
  to   space 51840K, 0% used [0x00000007cd650000,0x00000007cd650000,0x00000007d08f0000)
 ParOldGen       total 174528K, used 89460K [0x0000000700600000, 0x000000070b070000, 0x00000007aacb0000)
  object space 174528K, 51% used [0x0000000700600000,0x0000000705d5d020,0x000000070b070000)
 PSPermGen       total 21248K, used 17931K [0x00000006fb400000, 0x00000006fc8c0000, 0x0000000700600000)
  object space 21248K, 84% used [0x00000006fb400000,0x00000006fc582e78,0x00000006fc8c0000)
Event: 10.621 GC heap after
Heap after GC invocations=8 (full 0):
 PSYoungGen      total 565248K, used 10507K [0x00000007aacb0000, 0x00000007d0750000, 0x0000000800000000)
  eden space 515072K, 0% used [0x00000007aacb0000,0x00000007aacb0000,0x00000007ca3b0000)
  from space 50176K, 20% used [0x00000007cd650000,0x00000007ce092e70,0x00000007d0750000)
  to   space 51008K, 0% used [0x00000007ca3b0000,0x00000007ca3b0000,0x00000007cd580000)
 ParOldGen       total 174528K, used 89476K [0x0000000700600000, 0x000000070b070000, 0x00000007aacb0000)
  object space 174528K, 51% used [0x0000000700600000,0x0000000705d61020,0x000000070b070000)
 PSPermGen       total 21248K, used 17931K [0x00000006fb400000, 0x00000006fc8c0000, 0x0000000700600000)
  object space 21248K, 84% used [0x00000006fb400000,0x00000006fc582e78,0x00000006fc8c0000)
}
Event: 12.537 GC heap before
{Heap before GC invocations=9 (full 0):
 PSYoungGen      total 565248K, used 524628K [0x00000007aacb0000, 0x00000007d0750000, 0x0000000800000000)
  eden space 515072K, 99% used [0x00000007aacb0000,0x00000007ca2c2410,0x00000007ca3b0000)
  from space 50176K, 20% used [0x00000007cd650000,0x00000007ce092e70,0x00000007d0750000)
  to   space 51008K, 0% used [0x00000007ca3b0000,0x00000007ca3b0000,0x00000007cd580000)
 ParOldGen       total 174528K, used 95551K [0x0000000700600000, 0x000000070b070000, 0x00000007aacb0000)
  object space 174528K, 54% used [0x0000000700600000,0x000000070634fc30,0x000000070b070000)
 PSPermGen       total 21248K, used 17935K [0x00000006fb400000, 0x00000006fc8c0000, 0x0000000700600000)
  object space 21248K, 84% used [0x00000006fb400000,0x00000006fc583ca8,0x00000006fc8c0000)
Event: 12.541 GC heap after
Heap after GC invocations=9 (full 0):
 PSYoungGen      total 566080K, used 10475K [0x00000007aacb0000, 0x00000007e3300000, 0x0000000800000000)
  eden space 515072K, 0% used [0x00000007aacb0000,0x00000007aacb0000,0x00000007ca3b0000)
  from space 51008K, 20% used [0x00000007ca3b0000,0x00000007cadeae70,0x00000007cd580000)
  to   space 49920K, 0% used [0x00000007e0240000,0x00000007e0240000,0x00000007e3300000)
 ParOldGen       total 174528K, used 95559K [0x0000000700600000, 0x000000070b070000, 0x00000007aacb0000)
  object space 174528K, 54% used [0x0000000700600000,0x0000000706351c30,0x000000070b070000)
 PSPermGen       total 21248K, used 17935K [0x00000006fb400000, 0x00000006fc8c0000, 0x0000000700600000)
  object space 21248K, 84% used [0x00000006fb400000,0x00000006fc583ca8,0x00000006fc8c0000)
}

