# JRE version: 7.0_07-b11
# Java VM: Java HotSpot(TM) 64-Bit Server VM (23.3-b01 mixed mode windows-amd64 compressed oops)
Heap
 PSYoungGen      total 68800K, used 39663K [0x00000007aacb0000, 0x00000007b0f70000, 0x0000000800000000)
  eden space 40064K, 72% used [0x00000007aacb0000,0x00000007ac930f30,0x00000007ad3d0000)
  from space 28736K, 36% used [0x00000007af360000,0x00000007afd9ae70,0x00000007b0f70000)
  to   space 30528K, 0% used [0x00000007ad3d0000,0x00000007ad3d0000,0x00000007af1a0000)
 ParOldGen       total 174528K, used 37507K [0x0000000700600000, 0x000000070b070000, 0x00000007aacb0000)
  object space 174528K, 21% used [0x0000000700600000,0x0000000702aa0e08,0x000000070b070000)
 PSPermGen       total 21248K, used 17934K [0x00000006fb400000, 0x00000006fc8c0000, 0x0000000700600000)
  object space 21248K, 84% used [0x00000006fb400000,0x00000006fc583bb0,0x00000006fc8c0000)
GC Heap History (10 events):
Event: 18.397 GC heap before
{Heap before GC invocations=20 (full 0):
 PSYoungGen      total 76096K, used 70149K [0x00000007aacb0000, 0x00000007b1cc0000, 0x0000000800000000)
  eden space 44096K, 93% used [0x00000007aacb0000,0x00000007ad522430,0x00000007ad7c0000)
  from space 32000K, 89% used [0x00000007ad8a0000,0x00000007af4af2a0,0x00000007af7e0000)
  to   space 35328K, 0% used [0x00000007afa40000,0x00000007afa40000,0x00000007b1cc0000)
 ParOldGen       total 174528K, used 37379K [0x0000000700600000, 0x000000070b070000, 0x00000007aacb0000)
  object space 174528K, 21% used [0x0000000700600000,0x0000000702a80e08,0x000000070b070000)
 PSPermGen       total 21248K, used 17901K [0x00000006fb400000, 0x00000006fc8c0000, 0x0000000700600000)
  object space 21248K, 84% used [0x00000006fb400000,0x00000006fc57b588,0x00000006fc8c0000)
Event: 18.399 GC heap after
Heap after GC invocations=20 (full 0):
 PSYoungGen      total 76096K, used 10443K [0x00000007aacb0000, 0x00000007b1a50000, 0x0000000800000000)
  eden space 43264K, 0% used [0x00000007aacb0000,0x00000007aacb0000,0x00000007ad6f0000)
  from space 32832K, 31% used [0x00000007afa40000,0x00000007b0472e70,0x00000007b1a50000)
  to   space 34496K, 0% used [0x00000007ad6f0000,0x00000007ad6f0000,0x00000007af8a0000)
 ParOldGen       total 174528K, used 37411K [0x0000000700600000, 0x000000070b070000, 0x00000007aacb0000)
  object space 174528K, 21% used [0x0000000700600000,0x0000000702a88e08,0x000000070b070000)
 PSPermGen       total 21248K, used 17901K [0x00000006fb400000, 0x00000006fc8c0000, 0x0000000700600000)
  object space 21248K, 84% used [0x00000006fb400000,0x00000006fc57b588,0x00000006fc8c0000)
}
Event: 18.925 GC heap before
{Heap before GC invocations=21 (full 0):
 PSYoungGen      total 76096K, used 48457K [0x00000007aacb0000, 0x00000007b1a50000, 0x0000000800000000)
  eden space 43264K, 87% used [0x00000007aacb0000,0x00000007ad1cf698,0x00000007ad6f0000)
  from space 32832K, 31% used [0x00000007afa40000,0x00000007b0472e70,0x00000007b1a50000)
  to   space 34496K, 0% used [0x00000007ad6f0000,0x00000007ad6f0000,0x00000007af8a0000)
 ParOldGen       total 174528K, used 37411K [0x0000000700600000, 0x000000070b070000, 0x00000007aacb0000)
  object space 174528K, 21% used [0x0000000700600000,0x0000000702a88e08,0x000000070b070000)
 PSPermGen       total 21248K, used 17901K [0x00000006fb400000, 0x00000006fc8c0000, 0x0000000700600000)
  object space 21248K, 84% used [0x00000006fb400000,0x00000006fc57b6a8,0x00000006fc8c0000)
Event: 18.926 GC heap after
Heap after GC invocations=21 (full 0):
 PSYoungGen      total 52928K, used 10475K [0x00000007aacb0000, 0x00000007b17a0000, 0x0000000800000000)
  eden space 42432K, 0% used [0x00000007aacb0000,0x00000007aacb0000,0x00000007ad620000)
  from space 10496K, 99% used [0x00000007ad6f0000,0x00000007ae12ae70,0x00000007ae130000)
  to   space 33536K, 0% used [0x00000007af6e0000,0x00000007af6e0000,0x00000007b17a0000)
 ParOldGen       total 174528K, used 37435K [0x0000000700600000, 0x000000070b070000, 0x00000007aacb0000)
  object space 174528K, 21% used [0x0000000700600000,0x0000000702a8ee08,0x000000070b070000)
 PSPermGen       total 21248K, used 17901K [0x00000006fb400000, 0x00000006fc8c0000, 0x0000000700600000)
  object space 21248K, 84% used [0x00000006fb400000,0x00000006fc57b6a8,0x00000006fc8c0000)
}
Event: 19.455 GC heap before
{Heap before GC invocations=22 (full 0):
 PSYoungGen      total 52928K, used 48498K [0x00000007aacb0000, 0x00000007b17a0000, 0x0000000800000000)
  eden space 42432K, 89% used [0x00000007aacb0000,0x00000007ad1d1a30,0x00000007ad620000)
  from space 10496K, 99% used [0x00000007ad6f0000,0x00000007ae12ae70,0x00000007ae130000)
  to   space 33536K, 0% used [0x00000007af6e0000,0x00000007af6e0000,0x00000007b17a0000)
 ParOldGen       total 174528K, used 37435K [0x0000000700600000, 0x000000070b070000, 0x00000007aacb0000)
  object space 174528K, 21% used [0x0000000700600000,0x0000000702a8ee08,0x000000070b070000)
 PSPermGen       total 21248K, used 17901K [0x00000006fb400000, 0x00000006fc8c0000, 0x0000000700600000)
  object space 21248K, 84% used [0x00000006fb400000,0x00000006fc57b6a8,0x00000006fc8c0000)
Event: 19.457 GC heap after
Heap after GC invocations=22 (full 0):
 PSYoungGen      total 72384K, used 10507K [0x00000007aacb0000, 0x00000007b14f0000, 0x0000000800000000)
  eden space 41600K, 0% used [0x00000007aacb0000,0x00000007aacb0000,0x00000007ad550000)
  from space 30784K, 34% used [0x00000007af6e0000,0x00000007b0122e70,0x00000007b14f0000)
  to   space 32576K, 0% used [0x00000007ad550000,0x00000007ad550000,0x00000007af520000)
 ParOldGen       total 174528K, used 37451K [0x0000000700600000, 0x000000070b070000, 0x00000007aacb0000)
  object space 174528K, 21% used [0x0000000700600000,0x0000000702a92e08,0x000000070b070000)
 PSPermGen       total 21248K, used 17901K [0x00000006fb400000, 0x00000006fc8c0000, 0x0000000700600000)
  object space 21248K, 84% used [0x00000006fb400000,0x00000006fc57b6a8,0x00000006fc8c0000)
}
Event: 19.992 GC heap before
{Heap before GC invocations=23 (full 0):
 PSYoungGen      total 72384K, used 48667K [0x00000007aacb0000, 0x00000007b14f0000, 0x0000000800000000)
  eden space 41600K, 91% used [0x00000007aacb0000,0x00000007ad1f3f50,0x00000007ad550000)
  from space 30784K, 34% used [0x00000007af6e0000,0x00000007b0122e70,0x00000007b14f0000)
  to   space 32576K, 0% used [0x00000007ad550000,0x00000007ad550000,0x00000007af520000)
 ParOldGen       total 174528K, used 37451K [0x0000000700600000, 0x000000070b070000, 0x00000007aacb0000)
  object space 174528K, 21% used [0x0000000700600000,0x0000000702a92e08,0x000000070b070000)
 PSPermGen       total 21248K, used 17902K [0x00000006fb400000, 0x00000006fc8c0000, 0x0000000700600000)
  object space 21248K, 84% used [0x00000006fb400000,0x00000006fc57b8f0,0x00000006fc8c0000)
Event: 19.993 GC heap after
Heap after GC invocations=23 (full 0):
 PSYoungGen      total 51328K, used 10443K [0x00000007aacb0000, 0x00000007b1230000, 0x0000000800000000)
  eden space 40832K, 0% used [0x00000007aacb0000,0x00000007aacb0000,0x00000007ad490000)
  from space 10496K, 99% used [0x00000007ad550000,0x00000007adf82e70,0x00000007adf90000)
  to   space 31552K, 0% used [0x00000007af360000,0x00000007af360000,0x00000007b1230000)
 ParOldGen       total 174528K, used 37483K [0x0000000700600000, 0x000000070b070000, 0x00000007aacb0000)
  object space 174528K, 21% used [0x0000000700600000,0x0000000702a9ae08,0x000000070b070000)
 PSPermGen       total 21248K, used 17902K [0x00000006fb400000, 0x00000006fc8c0000, 0x0000000700600000)
  object space 21248K, 84% used [0x00000006fb400000,0x00000006fc57b8f0,0x00000006fc8c0000)
}
Event: 20.516 GC heap before
{Heap before GC invocations=24 (full 0):
 PSYoungGen      total 51328K, used 48706K [0x00000007aacb0000, 0x00000007b1230000, 0x0000000800000000)
  eden space 40832K, 93% used [0x00000007aacb0000,0x00000007ad20db18,0x00000007ad490000)
  from space 10496K, 99% used [0x00000007ad550000,0x00000007adf82e70,0x00000007adf90000)
  to   space 31552K, 0% used [0x00000007af360000,0x00000007af360000,0x00000007b1230000)
 ParOldGen       total 174528K, used 37483K [0x0000000700600000, 0x000000070b070000, 0x00000007aacb0000)
  object space 174528K, 21% used [0x0000000700600000,0x0000000702a9ae08,0x000000070b070000)
 PSPermGen       total 21248K, used 17903K [0x00000006fb400000, 0x00000006fc8c0000, 0x0000000700600000)
  object space 21248K, 84% used [0x00000006fb400000,0x00000006fc57be28,0x00000006fc8c0000)
Event: 20.518 GC heap after
Heap after GC invocations=24 (full 0):
 PSYoungGen      total 68800K, used 10475K [0x00000007aacb0000, 0x00000007b0f70000, 0x0000000800000000)
  eden space 40064K, 0% used [0x00000007aacb0000,0x00000007aacb0000,0x00000007ad3d0000)
  from space 28736K, 36% used [0x00000007af360000,0x00000007afd9ae70,0x00000007b0f70000)
  to   space 30528K, 0% used [0x00000007ad3d0000,0x00000007ad3d0000,0x00000007af1a0000)
 ParOldGen       total 174528K, used 37507K [0x0000000700600000, 0x000000070b070000, 0x00000007aacb0000)
  object space 174528K, 21% used [0x0000000700600000,0x0000000702aa0e08,0x000000070b070000)
 PSPermGen       total 21248K, used 17903K [0x00000006fb400000, 0x00000006fc8c0000, 0x0000000700600000)
  object space 21248K, 84% used [0x00000006fb400000,0x00000006fc57be28,0x00000006fc8c0000)
}

