# JRE version: 7.0_07-b11
# Java VM: Java HotSpot(TM) 64-Bit Server VM (23.3-b01 mixed mode windows-amd64 compressed oops)
Heap
 PSYoungGen      total 604416K, used 604399K [0x00000007aacb0000, 0x00000007d7040000, 0x0000000800000000)
  eden space 564352K, 100% used [0x00000007aacb0000,0x00000007cd3d0000,0x00000007cd3d0000)
  from space 40064K, 99% used [0x00000007d0020000,0x00000007d273bfd8,0x00000007d2740000)
  to   space 74752K, 0% used [0x00000007d2740000,0x00000007d2740000,0x00000007d7040000)
 ParOldGen       total 273408K, used 271357K [0x0000000700600000, 0x0000000711100000, 0x00000007aacb0000)
  object space 273408K, 99% used [0x0000000700600000,0x0000000710eff798,0x0000000711100000)
 PSPermGen       total 41216K, used 18549K [0x00000006fb400000, 0x00000006fdc40000, 0x0000000700600000)
  object space 41216K, 45% used [0x00000006fb400000,0x00000006fc61d408,0x00000006fdc40000)
GC Heap History (10 events):
Event: 106.308 GC heap before
{Heap before GC invocations=39 (full 2):
 PSYoungGen      total 738176K, used 737735K [0x00000007aacb0000, 0x00000007e3d90000, 0x0000000800000000)
  eden space 700800K, 99% used [0x00000007aacb0000,0x00000007d58aaa70,0x00000007d5910000)
  from space 37376K, 99% used [0x00000007e1910000,0x00000007e3d871d0,0x00000007e3d90000)
  to   space 93248K, 0% used [0x00000007d8770000,0x00000007d8770000,0x00000007de280000)
 ParOldGen       total 174592K, used 142491K [0x0000000700600000, 0x000000070b080000, 0x00000007aacb0000)
  object space 174592K, 81% used [0x0000000700600000,0x0000000709126c88,0x000000070b080000)
 PSPermGen       total 41216K, used 18477K [0x00000006fb400000, 0x00000006fdc40000, 0x0000000700600000)
  object space 41216K, 44% used [0x00000006fb400000,0x00000006fc60b448,0x00000006fdc40000)
Event: 106.317 GC heap after
Heap after GC invocations=39 (full 2):
 PSYoungGen      total 719872K, used 49120K [0x00000007aacb0000, 0x00000007e1920000, 0x0000000800000000)
  eden space 670720K, 0% used [0x00000007aacb0000,0x00000007aacb0000,0x00000007d3bb0000)
  from space 49152K, 99% used [0x00000007d8770000,0x00000007db7682b0,0x00000007db770000)
  to   space 89472K, 0% used [0x00000007dc1c0000,0x00000007dc1c0000,0x00000007e1920000)
 ParOldGen       total 174592K, used 142499K [0x0000000700600000, 0x000000070b080000, 0x00000007aacb0000)
  object space 174592K, 81% used [0x0000000700600000,0x0000000709128c88,0x000000070b080000)
 PSPermGen       total 41216K, used 18477K [0x00000006fb400000, 0x00000006fdc40000, 0x0000000700600000)
  object space 41216K, 44% used [0x00000006fb400000,0x00000006fc60b448,0x00000006fdc40000)
}
Event: 107.996 GC heap before
{Heap before GC invocations=40 (full 2):
 PSYoungGen      total 719872K, used 719840K [0x00000007aacb0000, 0x00000007e1920000, 0x0000000800000000)
  eden space 670720K, 100% used [0x00000007aacb0000,0x00000007d3bb0000,0x00000007d3bb0000)
  from space 49152K, 99% used [0x00000007d8770000,0x00000007db7682b0,0x00000007db770000)
  to   space 89472K, 0% used [0x00000007dc1c0000,0x00000007dc1c0000,0x00000007e1920000)
 ParOldGen       total 174592K, used 142499K [0x0000000700600000, 0x000000070b080000, 0x00000007aacb0000)
  object space 174592K, 81% used [0x0000000700600000,0x0000000709128c88,0x000000070b080000)
 PSPermGen       total 41216K, used 18489K [0x00000006fb400000, 0x00000006fdc40000, 0x0000000700600000)
  object space 41216K, 44% used [0x00000006fb400000,0x00000006fc60e480,0x00000006fdc40000)
Event: 108.005 GC heap after
Heap after GC invocations=40 (full 2):
 PSYoungGen      total 678208K, used 36078K [0x00000007aacb0000, 0x00000007de500000, 0x0000000800000000)
  eden space 642112K, 0% used [0x00000007aacb0000,0x00000007aacb0000,0x00000007d1fc0000)
  from space 36096K, 99% used [0x00000007dc1c0000,0x00000007de4fb830,0x00000007de500000)
  to   space 87040K, 0% used [0x00000007d3b00000,0x00000007d3b00000,0x00000007d9000000)
 ParOldGen       total 174592K, used 142507K [0x0000000700600000, 0x000000070b080000, 0x00000007aacb0000)
  object space 174592K, 81% used [0x0000000700600000,0x000000070912ac88,0x000000070b080000)
 PSPermGen       total 41216K, used 18489K [0x00000006fb400000, 0x00000006fdc40000, 0x0000000700600000)
  object space 41216K, 44% used [0x00000006fb400000,0x00000006fc60e480,0x00000006fdc40000)
}
Event: 109.376 GC heap before
{Heap before GC invocations=41 (full 2):
 PSYoungGen      total 678208K, used 672795K [0x00000007aacb0000, 0x00000007de500000, 0x0000000800000000)
  eden space 642112K, 99% used [0x00000007aacb0000,0x00000007d1a7b5c8,0x00000007d1fc0000)
  from space 36096K, 99% used [0x00000007dc1c0000,0x00000007de4fb830,0x00000007de500000)
  to   space 87040K, 0% used [0x00000007d3b00000,0x00000007d3b00000,0x00000007d9000000)
 ParOldGen       total 174592K, used 142507K [0x0000000700600000, 0x000000070b080000, 0x00000007aacb0000)
  object space 174592K, 81% used [0x0000000700600000,0x000000070912ac88,0x000000070b080000)
 PSPermGen       total 41216K, used 18492K [0x00000006fb400000, 0x00000006fdc40000, 0x0000000700600000)
  object space 41216K, 44% used [0x00000006fb400000,0x00000006fc60f158,0x00000006fdc40000)
Event: 109.384 GC heap after
Heap after GC invocations=41 (full 2):
 PSYoungGen      total 657024K, used 42077K [0x00000007aacb0000, 0x00000007dc1d0000, 0x0000000800000000)
  eden space 614912K, 0% used [0x00000007aacb0000,0x00000007aacb0000,0x00000007d0530000)
  from space 42112K, 99% used [0x00000007d3b00000,0x00000007d64174f0,0x00000007d6420000)
  to   space 83584K, 0% used [0x00000007d7030000,0x00000007d7030000,0x00000007dc1d0000)
 ParOldGen       total 174592K, used 142515K [0x0000000700600000, 0x000000070b080000, 0x00000007aacb0000)
  object space 174592K, 81% used [0x0000000700600000,0x000000070912cc88,0x000000070b080000)
 PSPermGen       total 41216K, used 18492K [0x00000006fb400000, 0x00000006fdc40000, 0x0000000700600000)
  object space 41216K, 44% used [0x00000006fb400000,0x00000006fc60f158,0x00000006fdc40000)
}
Event: 110.664 GC heap before
{Heap before GC invocations=42 (full 2):
 PSYoungGen      total 657024K, used 651178K [0x00000007aacb0000, 0x00000007dc1d0000, 0x0000000800000000)
  eden space 614912K, 99% used [0x00000007aacb0000,0x00000007cff83618,0x00000007d0530000)
  from space 42112K, 99% used [0x00000007d3b00000,0x00000007d64174f0,0x00000007d6420000)
  to   space 83584K, 0% used [0x00000007d7030000,0x00000007d7030000,0x00000007dc1d0000)
 ParOldGen       total 174592K, used 142515K [0x0000000700600000, 0x000000070b080000, 0x00000007aacb0000)
  object space 174592K, 81% used [0x0000000700600000,0x000000070912cc88,0x000000070b080000)
 PSPermGen       total 41216K, used 18510K [0x00000006fb400000, 0x00000006fdc40000, 0x0000000700600000)
  object space 41216K, 44% used [0x00000006fb400000,0x00000006fc613b00,0x00000006fdc40000)
Event: 110.673 GC heap after
Heap after GC invocations=42 (full 2):
 PSYoungGen      total 633984K, used 44956K [0x00000007aacb0000, 0x00000007d9c20000, 0x0000000800000000)
  eden space 588992K, 0% used [0x00000007aacb0000,0x00000007aacb0000,0x00000007cebe0000)
  from space 44992K, 99% used [0x00000007d7030000,0x00000007d9c17388,0x00000007d9c20000)
  to   space 79872K, 0% used [0x00000007d0020000,0x00000007d0020000,0x00000007d4e20000)
 ParOldGen       total 174592K, used 142515K [0x0000000700600000, 0x000000070b080000, 0x00000007aacb0000)
  object space 174592K, 81% used [0x0000000700600000,0x000000070912cc88,0x000000070b080000)
 PSPermGen       total 41216K, used 18510K [0x00000006fb400000, 0x00000006fdc40000, 0x0000000700600000)
  object space 41216K, 44% used [0x00000006fb400000,0x00000006fc613b00,0x00000006fdc40000)
}
Event: 113.034 GC heap before
{Heap before GC invocations=43 (full 2):
 PSYoungGen      total 633984K, used 632147K [0x00000007aacb0000, 0x00000007d9c20000, 0x0000000800000000)
  eden space 588992K, 99% used [0x00000007aacb0000,0x00000007cea1dbb0,0x00000007cebe0000)
  from space 44992K, 99% used [0x00000007d7030000,0x00000007d9c17388,0x00000007d9c20000)
  to   space 79872K, 0% used [0x00000007d0020000,0x00000007d0020000,0x00000007d4e20000)
 ParOldGen       total 174592K, used 144540K [0x0000000700600000, 0x000000070b080000, 0x00000007aacb0000)
  object space 174592K, 82% used [0x0000000700600000,0x0000000709327098,0x000000070b080000)
 PSPermGen       total 41216K, used 18517K [0x00000006fb400000, 0x00000006fdc40000, 0x0000000700600000)
  object space 41216K, 44% used [0x00000006fb400000,0x00000006fc615700,0x00000006fdc40000)
Event: 113.044 GC heap after
Heap after GC invocations=43 (full 2):
 PSYoungGen      total 604416K, used 40047K [0x00000007aacb0000, 0x00000007d7040000, 0x0000000800000000)
  eden space 564352K, 0% used [0x00000007aacb0000,0x00000007aacb0000,0x00000007cd3d0000)
  from space 40064K, 99% used [0x00000007d0020000,0x00000007d273bfd8,0x00000007d2740000)
  to   space 74752K, 0% used [0x00000007d2740000,0x00000007d2740000,0x00000007d7040000)
 ParOldGen       total 174592K, used 144540K [0x0000000700600000, 0x000000070b080000, 0x00000007aacb0000)
  object space 174592K, 82% used [0x0000000700600000,0x0000000709327098,0x000000070b080000)
 PSPermGen       total 41216K, used 18517K [0x00000006fb400000, 0x00000006fdc40000, 0x0000000700600000)
  object space 41216K, 44% used [0x00000006fb400000,0x00000006fc615700,0x00000006fdc40000)
}

