# JRE version: 7.0_07-b11
# Java VM: Java HotSpot(TM) 64-Bit Server VM (23.3-b01 mixed mode windows-amd64 compressed oops)
Heap
 PSYoungGen      total 1321792K, used 1111923K [0x00000007aacb0000, 0x0000000800000000, 0x0000000800000000)
  eden space 1264576K, 83% used [0x00000007aacb0000,0x00000007eb50ee20,0x00000007f7fa0000)
  from space 57216K, 95% used [0x00000007fc820000,0x00000007ffd9e1d0,0x0000000800000000)
  to   space 65728K, 0% used [0x00000007f7fa0000,0x00000007f7fa0000,0x00000007fbfd0000)
 ParOldGen       total 233408K, used 138981K [0x0000000700600000, 0x000000070e9f0000, 0x00000007aacb0000)
  object space 233408K, 59% used [0x0000000700600000,0x0000000708db94a8,0x000000070e9f0000)
 PSPermGen       total 39360K, used 18111K [0x00000006fb400000, 0x00000006fda70000, 0x0000000700600000)
  object space 39360K, 46% used [0x00000006fb400000,0x00000006fc5afc70,0x00000006fda70000)
GC Heap History (10 events):
Event: 16.567 GC heap before
{Heap before GC invocations=15 (full 1):
 PSYoungGen      total 970048K, used 921148K [0x00000007aacb0000, 0x00000007ffe50000, 0x0000000800000000)
  eden space 909888K, 100% used [0x00000007aacb0000,0x00000007e2540000,0x00000007e2540000)
  from space 60160K, 18% used [0x00000007e2540000,0x00000007e303f0a8,0x00000007e6000000)
  to   space 59200K, 0% used [0x00000007fc480000,0x00000007fc480000,0x00000007ffe50000)
 ParOldGen       total 142848K, used 100580K [0x0000000700600000, 0x0000000709180000, 0x00000007aacb0000)
  object space 142848K, 70% used [0x0000000700600000,0x0000000706839028,0x0000000709180000)
 PSPermGen       total 36224K, used 18018K [0x00000006fb400000, 0x00000006fd760000, 0x0000000700600000)
  object space 36224K, 49% used [0x00000006fb400000,0x00000006fc598bb0,0x00000006fd760000)
Event: 16.568 GC heap after
Heap after GC invocations=15 (full 1):
 PSYoungGen      total 1266368K, used 288K [0x00000007aacb0000, 0x00000007fdd60000, 0x0000000800000000)
  eden space 1240896K, 0% used [0x00000007aacb0000,0x00000007aacb0000,0x00000007f6880000)
  from space 25472K, 1% used [0x00000007fc480000,0x00000007fc4c8000,0x00000007fdd60000)
  to   space 59840K, 0% used [0x00000007f6880000,0x00000007f6880000,0x00000007fa2f0000)
 ParOldGen       total 142848K, used 100620K [0x0000000700600000, 0x0000000709180000, 0x00000007aacb0000)
  object space 142848K, 70% used [0x0000000700600000,0x0000000706843028,0x0000000709180000)
 PSPermGen       total 36224K, used 18018K [0x00000006fb400000, 0x00000006fd760000, 0x0000000700600000)
  object space 36224K, 49% used [0x00000006fb400000,0x00000006fc598bb0,0x00000006fd760000)
}
Event: 18.961 GC heap before
{Heap before GC invocations=16 (full 1):
 PSYoungGen      total 1266368K, used 1241054K [0x00000007aacb0000, 0x00000007fdd60000, 0x0000000800000000)
  eden space 1240896K, 99% used [0x00000007aacb0000,0x00000007f685f810,0x00000007f6880000)
  from space 25472K, 1% used [0x00000007fc480000,0x00000007fc4c8000,0x00000007fdd60000)
  to   space 59840K, 0% used [0x00000007f6880000,0x00000007f6880000,0x00000007fa2f0000)
 ParOldGen       total 142848K, used 106832K [0x0000000700600000, 0x0000000709180000, 0x00000007aacb0000)
  object space 142848K, 74% used [0x0000000700600000,0x0000000706e54310,0x0000000709180000)
 PSPermGen       total 36224K, used 18031K [0x00000006fb400000, 0x00000006fd760000, 0x0000000700600000)
  object space 36224K, 49% used [0x00000006fb400000,0x00000006fc59bd48,0x00000006fd760000)
Event: 18.976 GC heap after
Heap after GC invocations=16 (full 1):
 PSYoungGen      total 1300736K, used 25180K [0x00000007aacb0000, 0x0000000800000000, 0x0000000800000000)
  eden space 1240896K, 0% used [0x00000007aacb0000,0x00000007aacb0000,0x00000007f6880000)
  from space 59840K, 42% used [0x00000007f6880000,0x00000007f81172b0,0x00000007fa2f0000)
  to   space 57216K, 0% used [0x00000007fc820000,0x00000007fc820000,0x0000000800000000)
 ParOldGen       total 142848K, used 106848K [0x0000000700600000, 0x0000000709180000, 0x00000007aacb0000)
  object space 142848K, 74% used [0x0000000700600000,0x0000000706e58310,0x0000000709180000)
 PSPermGen       total 36224K, used 18031K [0x00000006fb400000, 0x00000006fd760000, 0x0000000700600000)
  object space 36224K, 49% used [0x00000006fb400000,0x00000006fc59bd48,0x00000006fd760000)
}
Event: 21.527 GC heap before
{Heap before GC invocations=17 (full 2):
 PSYoungGen      total 1300736K, used 1266076K [0x00000007aacb0000, 0x0000000800000000, 0x0000000800000000)
  eden space 1240896K, 100% used [0x00000007aacb0000,0x00000007f6880000,0x00000007f6880000)
  from space 59840K, 42% used [0x00000007f6880000,0x00000007f81172b0,0x00000007fa2f0000)
  to   space 57216K, 0% used [0x00000007fc820000,0x00000007fc820000,0x0000000800000000)
 ParOldGen       total 230016K, used 229882K [0x0000000700600000, 0x000000070e6a0000, 0x00000007aacb0000)
  object space 230016K, 99% used [0x0000000700600000,0x000000070e67ea60,0x000000070e6a0000)
 PSPermGen       total 36224K, used 18071K [0x00000006fb400000, 0x00000006fd760000, 0x0000000700600000)
  object space 36224K, 49% used [0x00000006fb400000,0x00000006fc5a5ce0,0x00000006fd760000)
Event: 21.577 GC heap after
Heap after GC invocations=17 (full 2):
 PSYoungGen      total 1300736K, used 0K [0x00000007aacb0000, 0x0000000800000000, 0x0000000800000000)
  eden space 1240896K, 0% used [0x00000007aacb0000,0x00000007aacb0000,0x00000007f6880000)
  from space 59840K, 0% used [0x00000007f6880000,0x00000007f6880000,0x00000007fa2f0000)
  to   space 57216K, 0% used [0x00000007fc820000,0x00000007fc820000,0x0000000800000000)
 ParOldGen       total 197120K, used 60461K [0x0000000700600000, 0x000000070c680000, 0x00000007aacb0000)
  object space 197120K, 30% used [0x0000000700600000,0x000000070410b428,0x000000070c680000)
 PSPermGen       total 40512K, used 18071K [0x00000006fb400000, 0x00000006fdb90000, 0x0000000700600000)
  object space 40512K, 44% used [0x00000006fb400000,0x00000006fc5a5c60,0x00000006fdb90000)
}
Event: 23.958 GC heap before
{Heap before GC invocations=18 (full 3):
 PSYoungGen      total 1300736K, used 1240815K [0x00000007aacb0000, 0x0000000800000000, 0x0000000800000000)
  eden space 1240896K, 99% used [0x00000007aacb0000,0x00000007f686bc00,0x00000007f6880000)
  from space 59840K, 0% used [0x00000007f6880000,0x00000007f6880000,0x00000007fa2f0000)
  to   space 57216K, 0% used [0x00000007fc820000,0x00000007fc820000,0x0000000800000000)
 ParOldGen       total 197120K, used 186994K [0x0000000700600000, 0x000000070c680000, 0x00000007aacb0000)
  object space 197120K, 94% used [0x0000000700600000,0x000000070bc9c858,0x000000070c680000)
 PSPermGen       total 40512K, used 18082K [0x00000006fb400000, 0x00000006fdb90000, 0x0000000700600000)
  object space 40512K, 44% used [0x00000006fb400000,0x00000006fc5a8b20,0x00000006fdb90000)
Event: 23.998 GC heap after
Heap after GC invocations=18 (full 3):
 PSYoungGen      total 1300736K, used 0K [0x00000007aacb0000, 0x0000000800000000, 0x0000000800000000)
  eden space 1240896K, 0% used [0x00000007aacb0000,0x00000007aacb0000,0x00000007f6880000)
  from space 59840K, 0% used [0x00000007f6880000,0x00000007f6880000,0x00000007fa2f0000)
  to   space 57216K, 0% used [0x00000007fc820000,0x00000007fc820000,0x0000000800000000)
 ParOldGen       total 233408K, used 66219K [0x0000000700600000, 0x000000070e9f0000, 0x00000007aacb0000)
  object space 233408K, 28% used [0x0000000700600000,0x00000007046aaca8,0x000000070e9f0000)
 PSPermGen       total 39360K, used 18082K [0x00000006fb400000, 0x00000006fda70000, 0x0000000700600000)
  object space 39360K, 45% used [0x00000006fb400000,0x00000006fc5a8b20,0x00000006fda70000)
}
Event: 26.242 GC heap before
{Heap before GC invocations=19 (full 3):
 PSYoungGen      total 1300736K, used 1240896K [0x00000007aacb0000, 0x0000000800000000, 0x0000000800000000)
  eden space 1240896K, 100% used [0x00000007aacb0000,0x00000007f6880000,0x00000007f6880000)
  from space 59840K, 0% used [0x00000007f6880000,0x00000007f6880000,0x00000007fa2f0000)
  to   space 57216K, 0% used [0x00000007fc820000,0x00000007fc820000,0x0000000800000000)
 ParOldGen       total 233408K, used 122955K [0x0000000700600000, 0x000000070e9f0000, 0x00000007aacb0000)
  object space 233408K, 52% used [0x0000000700600000,0x0000000707e12c98,0x000000070e9f0000)
 PSPermGen       total 39360K, used 18097K [0x00000006fb400000, 0x00000006fda70000, 0x0000000700600000)
  object space 39360K, 45% used [0x00000006fb400000,0x00000006fc5ac550,0x00000006fda70000)
Event: 26.271 GC heap after
Heap after GC invocations=19 (full 3):
 PSYoungGen      total 1321792K, used 54776K [0x00000007aacb0000, 0x0000000800000000, 0x0000000800000000)
  eden space 1264576K, 0% used [0x00000007aacb0000,0x00000007aacb0000,0x00000007f7fa0000)
  from space 57216K, 95% used [0x00000007fc820000,0x00000007ffd9e1d0,0x0000000800000000)
  to   space 65728K, 0% used [0x00000007f7fa0000,0x00000007f7fa0000,0x00000007fbfd0000)
 ParOldGen       total 233408K, used 138981K [0x0000000700600000, 0x000000070e9f0000, 0x00000007aacb0000)
  object space 233408K, 59% used [0x0000000700600000,0x0000000708db94a8,0x000000070e9f0000)
 PSPermGen       total 39360K, used 18097K [0x00000006fb400000, 0x00000006fda70000, 0x0000000700600000)
  object space 39360K, 45% used [0x00000006fb400000,0x00000006fc5ac550,0x00000006fda70000)
}

