# JRE version: 7.0_07-b11
# Java VM: Java HotSpot(TM) 64-Bit Server VM (23.3-b01 mixed mode windows-amd64 compressed oops)
Heap
 PSYoungGen      total 475712K, used 115165K [0x00000007aacb0000, 0x00000007d6c70000, 0x0000000800000000)
  eden space 457152K, 21% used [0x00000007aacb0000,0x00000007b0b131d0,0x00000007c6b20000)
  from space 18560K, 99% used [0x00000007d5a50000,0x00000007d6c64430,0x00000007d6c70000)
  to   space 35072K, 0% used [0x00000007d27f0000,0x00000007d27f0000,0x00000007d4a30000)
 ParOldGen       total 147840K, used 47587K [0x0000000700600000, 0x0000000709660000, 0x00000007aacb0000)
  object space 147840K, 32% used [0x0000000700600000,0x0000000703478ec0,0x0000000709660000)
 PSPermGen       total 39936K, used 17972K [0x00000006fb400000, 0x00000006fdb00000, 0x0000000700600000)
  object space 39936K, 45% used [0x00000006fb400000,0x00000006fc58d2a8,0x00000006fdb00000)
GC Heap History (10 events):
Event: 27.827 GC heap before
{Heap before GC invocations=14 (full 2):
 PSYoungGen      total 606592K, used 578544K [0x00000007aacb0000, 0x00000007dca80000, 0x0000000800000000)
  eden space 564928K, 99% used [0x00000007aacb0000,0x00000007ccf9fc88,0x00000007cd460000)
  from space 41664K, 44% used [0x00000007cd460000,0x00000007ce66c430,0x00000007cfd10000)
  to   space 40512K, 0% used [0x00000007da2f0000,0x00000007da2f0000,0x00000007dca80000)
 ParOldGen       total 147840K, used 47555K [0x0000000700600000, 0x0000000709660000, 0x00000007aacb0000)
  object space 147840K, 32% used [0x0000000700600000,0x0000000703470ec0,0x0000000709660000)
 PSPermGen       total 39936K, used 17902K [0x00000006fb400000, 0x00000006fdb00000, 0x0000000700600000)
  object space 39936K, 44% used [0x00000006fb400000,0x00000006fc57b9b8,0x00000006fdb00000)
Event: 27.836 GC heap after
Heap after GC invocations=14 (full 2):
 PSYoungGen      total 559680K, used 18481K [0x00000007aacb0000, 0x00000007db500000, 0x0000000800000000)
  eden space 541184K, 0% used [0x00000007aacb0000,0x00000007aacb0000,0x00000007cbd30000)
  from space 18496K, 99% used [0x00000007da2f0000,0x00000007db4fc430,0x00000007db500000)
  to   space 39424K, 0% used [0x00000007d6800000,0x00000007d6800000,0x00000007d8e80000)
 ParOldGen       total 147840K, used 47579K [0x0000000700600000, 0x0000000709660000, 0x00000007aacb0000)
  object space 147840K, 32% used [0x0000000700600000,0x0000000703476ec0,0x0000000709660000)
 PSPermGen       total 39936K, used 17902K [0x00000006fb400000, 0x00000006fdb00000, 0x0000000700600000)
  object space 39936K, 44% used [0x00000006fb400000,0x00000006fc57b9b8,0x00000006fdb00000)
}
Event: 30.892 GC heap before
{Heap before GC invocations=15 (full 2):
 PSYoungGen      total 559680K, used 554245K [0x00000007aacb0000, 0x00000007db500000, 0x0000000800000000)
  eden space 541184K, 98% used [0x00000007aacb0000,0x00000007cb7e5278,0x00000007cbd30000)
  from space 18496K, 99% used [0x00000007da2f0000,0x00000007db4fc430,0x00000007db500000)
  to   space 39424K, 0% used [0x00000007d6800000,0x00000007d6800000,0x00000007d8e80000)
 ParOldGen       total 147840K, used 47579K [0x0000000700600000, 0x0000000709660000, 0x00000007aacb0000)
  object space 147840K, 32% used [0x0000000700600000,0x0000000703476ec0,0x0000000709660000)
 PSPermGen       total 39936K, used 17908K [0x00000006fb400000, 0x00000006fdb00000, 0x0000000700600000)
  object space 39936K, 44% used [0x00000006fb400000,0x00000006fc57d130,0x00000006fdb00000)
Event: 30.901 GC heap after
Heap after GC invocations=15 (full 2):
 PSYoungGen      total 537088K, used 18449K [0x00000007aacb0000, 0x00000007da300000, 0x0000000800000000)
  eden space 518592K, 0% used [0x00000007aacb0000,0x00000007aacb0000,0x00000007ca720000)
  from space 18496K, 99% used [0x00000007d6800000,0x00000007d7a04430,0x00000007d7a10000)
  to   space 38336K, 0% used [0x00000007d7d90000,0x00000007d7d90000,0x00000007da300000)
 ParOldGen       total 147840K, used 47579K [0x0000000700600000, 0x0000000709660000, 0x00000007aacb0000)
  object space 147840K, 32% used [0x0000000700600000,0x0000000703476ec0,0x0000000709660000)
 PSPermGen       total 39936K, used 17908K [0x00000006fb400000, 0x00000006fdb00000, 0x0000000700600000)
  object space 39936K, 44% used [0x00000006fb400000,0x00000006fc57d130,0x00000006fdb00000)
}
Event: 33.659 GC heap before
{Heap before GC invocations=16 (full 2):
 PSYoungGen      total 537088K, used 534515K [0x00000007aacb0000, 0x00000007da300000, 0x0000000800000000)
  eden space 518592K, 99% used [0x00000007aacb0000,0x00000007ca4a88c8,0x00000007ca720000)
  from space 18496K, 99% used [0x00000007d6800000,0x00000007d7a04430,0x00000007d7a10000)
  to   space 38336K, 0% used [0x00000007d7d90000,0x00000007d7d90000,0x00000007da300000)
 ParOldGen       total 147840K, used 47579K [0x0000000700600000, 0x0000000709660000, 0x00000007aacb0000)
  object space 147840K, 32% used [0x0000000700600000,0x0000000703476ec0,0x0000000709660000)
 PSPermGen       total 39936K, used 17923K [0x00000006fb400000, 0x00000006fdb00000, 0x0000000700600000)
  object space 39936K, 44% used [0x00000006fb400000,0x00000006fc580f90,0x00000006fdb00000)
Event: 33.668 GC heap after
Heap after GC invocations=16 (full 2):
 PSYoungGen      total 515584K, used 18481K [0x00000007aacb0000, 0x00000007d8fa0000, 0x0000000800000000)
  eden space 497088K, 0% used [0x00000007aacb0000,0x00000007aacb0000,0x00000007c9220000)
  from space 18496K, 99% used [0x00000007d7d90000,0x00000007d8f9c430,0x00000007d8fa0000)
  to   space 37184K, 0% used [0x00000007d4700000,0x00000007d4700000,0x00000007d6b50000)
 ParOldGen       total 147840K, used 47587K [0x0000000700600000, 0x0000000709660000, 0x00000007aacb0000)
  object space 147840K, 32% used [0x0000000700600000,0x0000000703478ec0,0x0000000709660000)
 PSPermGen       total 39936K, used 17923K [0x00000006fb400000, 0x00000006fdb00000, 0x0000000700600000)
  object space 39936K, 44% used [0x00000006fb400000,0x00000006fc580f90,0x00000006fdb00000)
}
Event: 36.356 GC heap before
{Heap before GC invocations=17 (full 2):
 PSYoungGen      total 515584K, used 511580K [0x00000007aacb0000, 0x00000007d8fa0000, 0x0000000800000000)
  eden space 497088K, 99% used [0x00000007aacb0000,0x00000007c8e3ac50,0x00000007c9220000)
  from space 18496K, 99% used [0x00000007d7d90000,0x00000007d8f9c430,0x00000007d8fa0000)
  to   space 37184K, 0% used [0x00000007d4700000,0x00000007d4700000,0x00000007d6b50000)
 ParOldGen       total 147840K, used 47587K [0x0000000700600000, 0x0000000709660000, 0x00000007aacb0000)
  object space 147840K, 32% used [0x0000000700600000,0x0000000703478ec0,0x0000000709660000)
 PSPermGen       total 39936K, used 17939K [0x00000006fb400000, 0x00000006fdb00000, 0x0000000700600000)
  object space 39936K, 44% used [0x00000006fb400000,0x00000006fc584df0,0x00000006fdb00000)
Event: 36.366 GC heap after
Heap after GC invocations=17 (full 2):
 PSYoungGen      total 495104K, used 18449K [0x00000007aacb0000, 0x00000007d7da0000, 0x0000000800000000)
  eden space 476608K, 0% used [0x00000007aacb0000,0x00000007aacb0000,0x00000007c7e20000)
  from space 18496K, 99% used [0x00000007d4700000,0x00000007d5904430,0x00000007d5910000)
  to   space 36160K, 0% used [0x00000007d5a50000,0x00000007d5a50000,0x00000007d7da0000)
 ParOldGen       total 147840K, used 47587K [0x0000000700600000, 0x0000000709660000, 0x00000007aacb0000)
  object space 147840K, 32% used [0x0000000700600000,0x0000000703478ec0,0x0000000709660000)
 PSPermGen       total 39936K, used 17939K [0x00000006fb400000, 0x00000006fdb00000, 0x0000000700600000)
  object space 39936K, 44% used [0x00000006fb400000,0x00000006fc584df0,0x00000006fdb00000)
}
Event: 38.617 GC heap before
{Heap before GC invocations=18 (full 2):
 PSYoungGen      total 495104K, used 493246K [0x00000007aacb0000, 0x00000007d7da0000, 0x0000000800000000)
  eden space 476608K, 99% used [0x00000007aacb0000,0x00000007c7c5b3d8,0x00000007c7e20000)
  from space 18496K, 99% used [0x00000007d4700000,0x00000007d5904430,0x00000007d5910000)
  to   space 36160K, 0% used [0x00000007d5a50000,0x00000007d5a50000,0x00000007d7da0000)
 ParOldGen       total 147840K, used 47587K [0x0000000700600000, 0x0000000709660000, 0x00000007aacb0000)
  object space 147840K, 32% used [0x0000000700600000,0x0000000703478ec0,0x0000000709660000)
 PSPermGen       total 39936K, used 17945K [0x00000006fb400000, 0x00000006fdb00000, 0x0000000700600000)
  object space 39936K, 44% used [0x00000006fb400000,0x00000006fc586548,0x00000006fdb00000)
Event: 38.622 GC heap after
Heap after GC invocations=18 (full 2):
 PSYoungGen      total 475712K, used 18513K [0x00000007aacb0000, 0x00000007d6c70000, 0x0000000800000000)
  eden space 457152K, 0% used [0x00000007aacb0000,0x00000007aacb0000,0x00000007c6b20000)
  from space 18560K, 99% used [0x00000007d5a50000,0x00000007d6c64430,0x00000007d6c70000)
  to   space 35072K, 0% used [0x00000007d27f0000,0x00000007d27f0000,0x00000007d4a30000)
 ParOldGen       total 147840K, used 47587K [0x0000000700600000, 0x0000000709660000, 0x00000007aacb0000)
  object space 147840K, 32% used [0x0000000700600000,0x0000000703478ec0,0x0000000709660000)
 PSPermGen       total 39936K, used 17945K [0x00000006fb400000, 0x00000006fdb00000, 0x0000000700600000)
  object space 39936K, 44% used [0x00000006fb400000,0x00000006fc586548,0x00000006fdb00000)
}

