# JRE version: 7.0_07-b11
# Java VM: Java HotSpot(TM) 64-Bit Server VM (23.3-b01 mixed mode windows-amd64 compressed oops)
Heap
 PSYoungGen      total 695360K, used 114055K [0x00000007aacb0000, 0x00000007dcc90000, 0x0000000800000000)
  eden space 680960K, 15% used [0x00000007aacb0000,0x00000007b1148498,0x00000007d45b0000)
  from space 14400K, 76% used [0x00000007dbe80000,0x00000007dc9497a0,0x00000007dcc90000)
  to   space 69056K, 0% used [0x00000007d45b0000,0x00000007d45b0000,0x00000007d8920000)
 ParOldGen       total 252480K, used 60971K [0x0000000700600000, 0x000000070fc90000, 0x00000007aacb0000)
  object space 252480K, 24% used [0x0000000700600000,0x000000070418ad00,0x000000070fc90000)
 PSPermGen       total 38144K, used 18317K [0x00000006fb400000, 0x00000006fd940000, 0x0000000700600000)
  object space 38144K, 48% used [0x00000006fb400000,0x00000006fc5e3578,0x00000006fd940000)
GC Heap History (10 events):
Event: 8.049 GC heap before
{Heap before GC invocations=10 (full 1):
 PSYoungGen      total 579904K, used 508584K [0x00000007aacb0000, 0x00000007d2710000, 0x0000000800000000)
  eden space 511936K, 99% used [0x00000007aacb0000,0x00000007c9d5a098,0x00000007ca0a0000)
  from space 67968K, 0% used [0x00000007ce390000,0x00000007ce390000,0x00000007d25f0000)
  to   space 68544K, 0% used [0x00000007ca0a0000,0x00000007ca0a0000,0x00000007ce390000)
 ParOldGen       total 152000K, used 40704K [0x0000000700600000, 0x0000000709a70000, 0x00000007aacb0000)
  object space 152000K, 26% used [0x0000000700600000,0x0000000702dc0178,0x0000000709a70000)
 PSPermGen       total 36736K, used 18204K [0x00000006fb400000, 0x00000006fd7e0000, 0x0000000700600000)
  object space 36736K, 49% used [0x00000006fb400000,0x00000006fc5c71f0,0x00000006fd7e0000)
Event: 8.059 GC heap after
Heap after GC invocations=10 (full 1):
 PSYoungGen      total 580480K, used 43224K [0x00000007aacb0000, 0x00000007dfff0000, 0x0000000800000000)
  eden space 511936K, 0% used [0x00000007aacb0000,0x00000007aacb0000,0x00000007ca0a0000)
  from space 68544K, 63% used [0x00000007ca0a0000,0x00000007ccad6380,0x00000007ce390000)
  to   space 67008K, 0% used [0x00000007dbe80000,0x00000007dbe80000,0x00000007dfff0000)
 ParOldGen       total 152000K, used 40704K [0x0000000700600000, 0x0000000709a70000, 0x00000007aacb0000)
  object space 152000K, 26% used [0x0000000700600000,0x0000000702dc0178,0x0000000709a70000)
 PSPermGen       total 36736K, used 18204K [0x00000006fb400000, 0x00000006fd7e0000, 0x0000000700600000)
  object space 36736K, 49% used [0x00000006fb400000,0x00000006fc5c71f0,0x00000006fd7e0000)
}
Event: 10.159 GC heap before
{Heap before GC invocations=11 (full 2):
 PSYoungGen      total 580480K, used 555160K [0x00000007aacb0000, 0x00000007dfff0000, 0x0000000800000000)
  eden space 511936K, 100% used [0x00000007aacb0000,0x00000007ca0a0000,0x00000007ca0a0000)
  from space 68544K, 63% used [0x00000007ca0a0000,0x00000007ccad6380,0x00000007ce390000)
  to   space 67008K, 0% used [0x00000007dbe80000,0x00000007dbe80000,0x00000007dfff0000)
 ParOldGen       total 232704K, used 232238K [0x0000000700600000, 0x000000070e940000, 0x00000007aacb0000)
  object space 232704K, 99% used [0x0000000700600000,0x000000070e8cb8e8,0x000000070e940000)
 PSPermGen       total 36736K, used 18223K [0x00000006fb400000, 0x00000006fd7e0000, 0x0000000700600000)
  object space 36736K, 49% used [0x00000006fb400000,0x00000006fc5cbc78,0x00000006fd7e0000)
Event: 10.191 GC heap after
Heap after GC invocations=11 (full 2):
 PSYoungGen      total 580480K, used 0K [0x00000007aacb0000, 0x00000007dfff0000, 0x0000000800000000)
  eden space 511936K, 0% used [0x00000007aacb0000,0x00000007aacb0000,0x00000007ca0a0000)
  from space 68544K, 0% used [0x00000007ca0a0000,0x00000007ca0a0000,0x00000007ce390000)
  to   space 67008K, 0% used [0x00000007dbe80000,0x00000007dbe80000,0x00000007dfff0000)
 ParOldGen       total 204160K, used 64171K [0x0000000700600000, 0x000000070cd60000, 0x00000007aacb0000)
  object space 204160K, 31% used [0x0000000700600000,0x00000007044aaf40,0x000000070cd60000)
 PSPermGen       total 41408K, used 18222K [0x00000006fb400000, 0x00000006fdc70000, 0x0000000700600000)
  object space 41408K, 44% used [0x00000006fb400000,0x00000006fc5cbb98,0x00000006fdc70000)
}
Event: 11.662 GC heap before
{Heap before GC invocations=12 (full 3):
 PSYoungGen      total 580480K, used 511936K [0x00000007aacb0000, 0x00000007dfff0000, 0x0000000800000000)
  eden space 511936K, 100% used [0x00000007aacb0000,0x00000007ca0a0000,0x00000007ca0a0000)
  from space 68544K, 0% used [0x00000007ca0a0000,0x00000007ca0a0000,0x00000007ce390000)
  to   space 67008K, 0% used [0x00000007dbe80000,0x00000007dbe80000,0x00000007dfff0000)
 ParOldGen       total 207616K, used 206346K [0x0000000700600000, 0x000000070d0c0000, 0x00000007aacb0000)
  object space 207616K, 99% used [0x0000000700600000,0x000000070cf828a0,0x000000070d0c0000)
 PSPermGen       total 41408K, used 18241K [0x00000006fb400000, 0x00000006fdc70000, 0x0000000700600000)
  object space 41408K, 44% used [0x00000006fb400000,0x00000006fc5d0460,0x00000006fdc70000)
Event: 11.696 GC heap after
Heap after GC invocations=12 (full 3):
 PSYoungGen      total 580480K, used 0K [0x00000007aacb0000, 0x00000007dfff0000, 0x0000000800000000)
  eden space 511936K, 0% used [0x00000007aacb0000,0x00000007aacb0000,0x00000007ca0a0000)
  from space 68544K, 0% used [0x00000007ca0a0000,0x00000007ca0a0000,0x00000007ce390000)
  to   space 67008K, 0% used [0x00000007dbe80000,0x00000007dbe80000,0x00000007dfff0000)
 ParOldGen       total 213824K, used 51034K [0x0000000700600000, 0x000000070d6d0000, 0x00000007aacb0000)
  object space 213824K, 23% used [0x0000000700600000,0x00000007037d6a68,0x000000070d6d0000)
 PSPermGen       total 39744K, used 18241K [0x00000006fb400000, 0x00000006fdad0000, 0x0000000700600000)
  object space 39744K, 45% used [0x00000006fb400000,0x00000006fc5d0460,0x00000006fdad0000)
}
Event: 13.362 GC heap before
{Heap before GC invocations=13 (full 4):
 PSYoungGen      total 580480K, used 511936K [0x00000007aacb0000, 0x00000007dfff0000, 0x0000000800000000)
  eden space 511936K, 100% used [0x00000007aacb0000,0x00000007ca0a0000,0x00000007ca0a0000)
  from space 68544K, 0% used [0x00000007ca0a0000,0x00000007ca0a0000,0x00000007ce390000)
  to   space 67008K, 0% used [0x00000007dbe80000,0x00000007dbe80000,0x00000007dfff0000)
 ParOldGen       total 247680K, used 245057K [0x0000000700600000, 0x000000070f7e0000, 0x00000007aacb0000)
  object space 247680K, 98% used [0x0000000700600000,0x000000070f550730,0x000000070f7e0000)
 PSPermGen       total 39744K, used 18282K [0x00000006fb400000, 0x00000006fdad0000, 0x0000000700600000)
  object space 39744K, 45% used [0x00000006fb400000,0x00000006fc5da850,0x00000006fdad0000)
Event: 13.389 GC heap after
Heap after GC invocations=13 (full 4):
 PSYoungGen      total 580480K, used 0K [0x00000007aacb0000, 0x00000007dfff0000, 0x0000000800000000)
  eden space 511936K, 0% used [0x00000007aacb0000,0x00000007aacb0000,0x00000007ca0a0000)
  from space 68544K, 0% used [0x00000007ca0a0000,0x00000007ca0a0000,0x00000007ce390000)
  to   space 67008K, 0% used [0x00000007dbe80000,0x00000007dbe80000,0x00000007dfff0000)
 ParOldGen       total 252480K, used 60971K [0x0000000700600000, 0x000000070fc90000, 0x00000007aacb0000)
  object space 252480K, 24% used [0x0000000700600000,0x000000070418ad00,0x000000070fc90000)
 PSPermGen       total 38144K, used 18282K [0x00000006fb400000, 0x00000006fd940000, 0x0000000700600000)
  object space 38144K, 47% used [0x00000006fb400000,0x00000006fc5da850,0x00000006fd940000)
}
Event: 14.539 GC heap before
{Heap before GC invocations=14 (full 4):
 PSYoungGen      total 580480K, used 506309K [0x00000007aacb0000, 0x00000007dfff0000, 0x0000000800000000)
  eden space 511936K, 98% used [0x00000007aacb0000,0x00000007c9b21428,0x00000007ca0a0000)
  from space 68544K, 0% used [0x00000007ca0a0000,0x00000007ca0a0000,0x00000007ce390000)
  to   space 67008K, 0% used [0x00000007dbe80000,0x00000007dbe80000,0x00000007dfff0000)
 ParOldGen       total 252480K, used 60971K [0x0000000700600000, 0x000000070fc90000, 0x00000007aacb0000)
  object space 252480K, 24% used [0x0000000700600000,0x000000070418ad00,0x000000070fc90000)
 PSPermGen       total 38144K, used 18285K [0x00000006fb400000, 0x00000006fd940000, 0x0000000700600000)
  object space 38144K, 47% used [0x00000006fb400000,0x00000006fc5db5c8,0x00000006fd940000)
Event: 14.543 GC heap after
Heap after GC invocations=14 (full 4):
 PSYoungGen      total 695360K, used 11045K [0x00000007aacb0000, 0x00000007dcc90000, 0x0000000800000000)
  eden space 680960K, 0% used [0x00000007aacb0000,0x00000007aacb0000,0x00000007d45b0000)
  from space 14400K, 76% used [0x00000007dbe80000,0x00000007dc9497a0,0x00000007dcc90000)
  to   space 69056K, 0% used [0x00000007d45b0000,0x00000007d45b0000,0x00000007d8920000)
 ParOldGen       total 252480K, used 60971K [0x0000000700600000, 0x000000070fc90000, 0x00000007aacb0000)
  object space 252480K, 24% used [0x0000000700600000,0x000000070418ad00,0x000000070fc90000)
 PSPermGen       total 38144K, used 18285K [0x00000006fb400000, 0x00000006fd940000, 0x0000000700600000)
  object space 38144K, 47% used [0x00000006fb400000,0x00000006fc5db5c8,0x00000006fd940000)
}

