# JRE version: 7.0_07-b11
# Java VM: Java HotSpot(TM) 64-Bit Server VM (23.3-b01 mixed mode windows-amd64 compressed oops)
Heap
 PSYoungGen      total 882496K, used 332383K [0x00000007aacb0000, 0x00000007edee0000, 0x0000000800000000)
  eden space 811200K, 34% used [0x00000007aacb0000,0x00000007bbb03c28,0x00000007dc4e0000)
  from space 71296K, 77% used [0x00000007dc4e0000,0x00000007dfb24218,0x00000007e0a80000)
  to   space 75840K, 0% used [0x00000007e94d0000,0x00000007e94d0000,0x00000007edee0000)
 ParOldGen       total 228800K, used 51377K [0x0000000700600000, 0x000000070e570000, 0x00000007aacb0000)
  object space 228800K, 22% used [0x0000000700600000,0x000000070382c4e8,0x000000070e570000)
 PSPermGen       total 39360K, used 18116K [0x00000006fb400000, 0x00000006fda70000, 0x0000000700600000)
  object space 39360K, 46% used [0x00000006fb400000,0x00000006fc5b1398,0x00000006fda70000)
GC Heap History (10 events):
Event: 17.830 GC heap before
{Heap before GC invocations=20 (full 2):
 PSYoungGen      total 672384K, used 618765K [0x00000007aacb0000, 0x00000007de0b0000, 0x0000000800000000)
  eden space 601408K, 99% used [0x00000007aacb0000,0x00000007cf6e7300,0x00000007cf800000)
  from space 70976K, 26% used [0x00000007cf800000,0x00000007d0a0c430,0x00000007d3d50000)
  to   space 69056K, 0% used [0x00000007d9d40000,0x00000007d9d40000,0x00000007de0b0000)
 ParOldGen       total 199296K, used 128799K [0x0000000700600000, 0x000000070c8a0000, 0x00000007aacb0000)
  object space 199296K, 64% used [0x0000000700600000,0x00000007083c7d48,0x000000070c8a0000)
 PSPermGen       total 40512K, used 18048K [0x00000006fb400000, 0x00000006fdb90000, 0x0000000700600000)
  object space 40512K, 44% used [0x00000006fb400000,0x00000006fc5a01d8,0x00000006fdb90000)
Event: 17.841 GC heap after
Heap after GC invocations=20 (full 2):
 PSYoungGen      total 765056K, used 55245K [0x00000007aacb0000, 0x00000007dec00000, 0x0000000800000000)
  eden space 696000K, 0% used [0x00000007aacb0000,0x00000007aacb0000,0x00000007d5460000)
  from space 69056K, 80% used [0x00000007d9d40000,0x00000007dd333580,0x00000007de0b0000)
  to   space 74624K, 0% used [0x00000007d5460000,0x00000007d5460000,0x00000007d9d40000)
 ParOldGen       total 199296K, used 128799K [0x0000000700600000, 0x000000070c8a0000, 0x00000007aacb0000)
  object space 199296K, 64% used [0x0000000700600000,0x00000007083c7d48,0x000000070c8a0000)
 PSPermGen       total 40512K, used 18048K [0x00000006fb400000, 0x00000006fdb90000, 0x0000000700600000)
  object space 40512K, 44% used [0x00000006fb400000,0x00000006fc5a01d8,0x00000006fdb90000)
}
Event: 19.381 GC heap before
{Heap before GC invocations=21 (full 2):
 PSYoungGen      total 765056K, used 750035K [0x00000007aacb0000, 0x00000007dec00000, 0x0000000800000000)
  eden space 696000K, 99% used [0x00000007aacb0000,0x00000007d5331970,0x00000007d5460000)
  from space 69056K, 80% used [0x00000007d9d40000,0x00000007dd333580,0x00000007de0b0000)
  to   space 74624K, 0% used [0x00000007d5460000,0x00000007d5460000,0x00000007d9d40000)
 ParOldGen       total 199296K, used 130824K [0x0000000700600000, 0x000000070c8a0000, 0x00000007aacb0000)
  object space 199296K, 65% used [0x0000000700600000,0x00000007085c2158,0x000000070c8a0000)
 PSPermGen       total 40512K, used 18053K [0x00000006fb400000, 0x00000006fdb90000, 0x0000000700600000)
  object space 40512K, 44% used [0x00000006fb400000,0x00000006fc5a1768,0x00000006fdb90000)
Event: 19.391 GC heap after
Heap after GC invocations=21 (full 2):
 PSYoungGen      total 770624K, used 43911K [0x00000007aacb0000, 0x00000007e5380000, 0x0000000800000000)
  eden space 696000K, 0% used [0x00000007aacb0000,0x00000007aacb0000,0x00000007d5460000)
  from space 74624K, 58% used [0x00000007d5460000,0x00000007d7f41d50,0x00000007d9d40000)
  to   space 74752K, 0% used [0x00000007e0a80000,0x00000007e0a80000,0x00000007e5380000)
 ParOldGen       total 199296K, used 130824K [0x0000000700600000, 0x000000070c8a0000, 0x00000007aacb0000)
  object space 199296K, 65% used [0x0000000700600000,0x00000007085c2158,0x000000070c8a0000)
 PSPermGen       total 40512K, used 18053K [0x00000006fb400000, 0x00000006fdb90000, 0x0000000700600000)
  object space 40512K, 44% used [0x00000006fb400000,0x00000006fc5a1768,0x00000006fdb90000)
}
Event: 21.314 GC heap before
{Heap before GC invocations=22 (full 3):
 PSYoungGen      total 770624K, used 739911K [0x00000007aacb0000, 0x00000007e5380000, 0x0000000800000000)
  eden space 696000K, 100% used [0x00000007aacb0000,0x00000007d5460000,0x00000007d5460000)
  from space 74624K, 58% used [0x00000007d5460000,0x00000007d7f41d50,0x00000007d9d40000)
  to   space 74752K, 0% used [0x00000007e0a80000,0x00000007e0a80000,0x00000007e5380000)
 ParOldGen       total 211456K, used 211320K [0x0000000700600000, 0x000000070d480000, 0x00000007aacb0000)
  object space 211456K, 99% used [0x0000000700600000,0x000000070d45e198,0x000000070d480000)
 PSPermGen       total 40512K, used 18071K [0x00000006fb400000, 0x00000006fdb90000, 0x0000000700600000)
  object space 40512K, 44% used [0x00000006fb400000,0x00000006fc5a5c38,0x00000006fdb90000)
Event: 21.353 GC heap after
Heap after GC invocations=22 (full 3):
 PSYoungGen      total 770624K, used 0K [0x00000007aacb0000, 0x00000007e5380000, 0x0000000800000000)
  eden space 696000K, 0% used [0x00000007aacb0000,0x00000007aacb0000,0x00000007d5460000)
  from space 74624K, 0% used [0x00000007d5460000,0x00000007d5460000,0x00000007d9d40000)
  to   space 74752K, 0% used [0x00000007e0a80000,0x00000007e0a80000,0x00000007e5380000)
 ParOldGen       total 228800K, used 49352K [0x0000000700600000, 0x000000070e570000, 0x00000007aacb0000)
  object space 228800K, 21% used [0x0000000700600000,0x00000007036320d8,0x000000070e570000)
 PSPermGen       total 39360K, used 18070K [0x00000006fb400000, 0x00000006fda70000, 0x0000000700600000)
  object space 39360K, 45% used [0x00000006fb400000,0x00000006fc5a5af8,0x00000006fda70000)
}
Event: 23.103 GC heap before
{Heap before GC invocations=23 (full 3):
 PSYoungGen      total 770624K, used 692013K [0x00000007aacb0000, 0x00000007e5380000, 0x0000000800000000)
  eden space 696000K, 99% used [0x00000007aacb0000,0x00000007d507b6b8,0x00000007d5460000)
  from space 74624K, 0% used [0x00000007d5460000,0x00000007d5460000,0x00000007d9d40000)
  to   space 74752K, 0% used [0x00000007e0a80000,0x00000007e0a80000,0x00000007e5380000)
 ParOldGen       total 228800K, used 49352K [0x0000000700600000, 0x000000070e570000, 0x00000007aacb0000)
  object space 228800K, 21% used [0x0000000700600000,0x00000007036320d8,0x000000070e570000)
 PSPermGen       total 39360K, used 18078K [0x00000006fb400000, 0x00000006fda70000, 0x0000000700600000)
  object space 39360K, 45% used [0x00000006fb400000,0x00000006fc5a78b8,0x00000006fda70000)
Event: 23.110 GC heap after
Heap after GC invocations=23 (full 3):
 PSYoungGen      total 883008K, used 29270K [0x00000007aacb0000, 0x00000007e50a0000, 0x0000000800000000)
  eden space 811200K, 0% used [0x00000007aacb0000,0x00000007aacb0000,0x00000007dc4e0000)
  from space 71808K, 40% used [0x00000007e0a80000,0x00000007e2715bd0,0x00000007e50a0000)
  to   space 71296K, 0% used [0x00000007dc4e0000,0x00000007dc4e0000,0x00000007e0a80000)
 ParOldGen       total 228800K, used 49352K [0x0000000700600000, 0x000000070e570000, 0x00000007aacb0000)
  object space 228800K, 21% used [0x0000000700600000,0x00000007036320d8,0x000000070e570000)
 PSPermGen       total 39360K, used 18078K [0x00000006fb400000, 0x00000006fda70000, 0x0000000700600000)
  object space 39360K, 45% used [0x00000006fb400000,0x00000006fc5a78b8,0x00000006fda70000)
}
Event: 25.014 GC heap before
{Heap before GC invocations=24 (full 3):
 PSYoungGen      total 883008K, used 839472K [0x00000007aacb0000, 0x00000007e50a0000, 0x0000000800000000)
  eden space 811200K, 99% used [0x00000007aacb0000,0x00000007dc3e67d8,0x00000007dc4e0000)
  from space 71808K, 40% used [0x00000007e0a80000,0x00000007e2715bd0,0x00000007e50a0000)
  to   space 71296K, 0% used [0x00000007dc4e0000,0x00000007dc4e0000,0x00000007e0a80000)
 ParOldGen       total 228800K, used 51377K [0x0000000700600000, 0x000000070e570000, 0x00000007aacb0000)
  object space 228800K, 22% used [0x0000000700600000,0x000000070382c4e8,0x000000070e570000)
 PSPermGen       total 39360K, used 18081K [0x00000006fb400000, 0x00000006fda70000, 0x0000000700600000)
  object space 39360K, 45% used [0x00000006fb400000,0x00000006fc5a84c0,0x00000006fda70000)
Event: 25.028 GC heap after
Heap after GC invocations=24 (full 3):
 PSYoungGen      total 882496K, used 55568K [0x00000007aacb0000, 0x00000007edee0000, 0x0000000800000000)
  eden space 811200K, 0% used [0x00000007aacb0000,0x00000007aacb0000,0x00000007dc4e0000)
  from space 71296K, 77% used [0x00000007dc4e0000,0x00000007dfb24218,0x00000007e0a80000)
  to   space 75840K, 0% used [0x00000007e94d0000,0x00000007e94d0000,0x00000007edee0000)
 ParOldGen       total 228800K, used 51377K [0x0000000700600000, 0x000000070e570000, 0x00000007aacb0000)
  object space 228800K, 22% used [0x0000000700600000,0x000000070382c4e8,0x000000070e570000)
 PSPermGen       total 39360K, used 18081K [0x00000006fb400000, 0x00000006fda70000, 0x0000000700600000)
  object space 39360K, 45% used [0x00000006fb400000,0x00000006fc5a84c0,0x00000006fda70000)
}

