# JRE version: 7.0_07-b11
# Java VM: Java HotSpot(TM) 64-Bit Server VM (23.3-b01 mixed mode windows-amd64 compressed oops)
Heap
 PSYoungGen      total 864256K, used 560259K [0x00000007aacb0000, 0x0000000800000000, 0x0000000800000000)
  eden space 803136K, 63% used [0x00000007aacb0000,0x00000007ca1ed688,0x00000007dbd00000)
  from space 61120K, 76% used [0x00000007dbd00000,0x00000007deae36d0,0x00000007df8b0000)
  to   space 64000K, 0% used [0x00000007fc180000,0x00000007fc180000,0x0000000800000000)
 ParOldGen       total 174528K, used 113049K [0x0000000700600000, 0x000000070b070000, 0x00000007aacb0000)
  object space 174528K, 64% used [0x0000000700600000,0x0000000707466610,0x000000070b070000)
 PSPermGen       total 21248K, used 17943K [0x00000006fb400000, 0x00000006fc8c0000, 0x0000000700600000)
  object space 21248K, 84% used [0x00000006fb400000,0x00000006fc585c38,0x00000006fc8c0000)
GC Heap History (10 events):
Event: 5.708 GC heap before
{Heap before GC invocations=7 (full 0):
 PSYoungGen      total 288576K, used 283258K [0x00000007aacb0000, 0x00000007bfc10000, 0x0000000800000000)
  eden space 254848K, 97% used [0x00000007aacb0000,0x00000007ba064d90,0x00000007ba590000)
  from space 33728K, 99% used [0x00000007bcd60000,0x00000007bee49c80,0x00000007bee50000)
  to   space 40768K, 0% used [0x00000007ba590000,0x00000007ba590000,0x00000007bcd60000)
 ParOldGen       total 174528K, used 72332K [0x0000000700600000, 0x000000070b070000, 0x00000007aacb0000)
  object space 174528K, 41% used [0x0000000700600000,0x0000000704ca3158,0x000000070b070000)
 PSPermGen       total 21248K, used 17835K [0x00000006fb400000, 0x00000006fc8c0000, 0x0000000700600000)
  object space 21248K, 83% used [0x00000006fb400000,0x00000006fc56add0,0x00000006fc8c0000)
Event: 5.724 GC heap after
Heap after GC invocations=7 (full 0):
 PSYoungGen      total 295616K, used 38426K [0x00000007aacb0000, 0x00000007cf8d0000, 0x0000000800000000)
  eden space 254848K, 0% used [0x00000007aacb0000,0x00000007aacb0000,0x00000007ba590000)
  from space 40768K, 94% used [0x00000007ba590000,0x00000007bcb16900,0x00000007bcd60000)
  to   space 46272K, 0% used [0x00000007ccba0000,0x00000007ccba0000,0x00000007cf8d0000)
 ParOldGen       total 174528K, used 90493K [0x0000000700600000, 0x000000070b070000, 0x00000007aacb0000)
  object space 174528K, 51% used [0x0000000700600000,0x0000000705e5f468,0x000000070b070000)
 PSPermGen       total 21248K, used 17835K [0x00000006fb400000, 0x00000006fc8c0000, 0x0000000700600000)
  object space 21248K, 83% used [0x00000006fb400000,0x00000006fc56add0,0x00000006fc8c0000)
}
Event: 6.422 GC heap before
{Heap before GC invocations=8 (full 0):
 PSYoungGen      total 295616K, used 291634K [0x00000007aacb0000, 0x00000007cf8d0000, 0x0000000800000000)
  eden space 254848K, 99% used [0x00000007aacb0000,0x00000007ba3f6260,0x00000007ba590000)
  from space 40768K, 94% used [0x00000007ba590000,0x00000007bcb16900,0x00000007bcd60000)
  to   space 46272K, 0% used [0x00000007ccba0000,0x00000007ccba0000,0x00000007cf8d0000)
 ParOldGen       total 174528K, used 90493K [0x0000000700600000, 0x000000070b070000, 0x00000007aacb0000)
  object space 174528K, 51% used [0x0000000700600000,0x0000000705e5f468,0x000000070b070000)
 PSPermGen       total 21248K, used 17839K [0x00000006fb400000, 0x00000006fc8c0000, 0x0000000700600000)
  object space 21248K, 83% used [0x00000006fb400000,0x00000006fc56bcc8,0x00000006fc8c0000)
Event: 6.433 GC heap after
Heap after GC invocations=8 (full 0):
 PSYoungGen      total 549632K, used 45159K [0x00000007aacb0000, 0x00000007d0530000, 0x0000000800000000)
  eden space 503360K, 0% used [0x00000007aacb0000,0x00000007aacb0000,0x00000007c9840000)
  from space 46272K, 97% used [0x00000007ccba0000,0x00000007cf7b9d60,0x00000007cf8d0000)
  to   space 52608K, 0% used [0x00000007c9840000,0x00000007c9840000,0x00000007ccba0000)
 ParOldGen       total 174528K, used 95295K [0x0000000700600000, 0x000000070b070000, 0x00000007aacb0000)
  object space 174528K, 54% used [0x0000000700600000,0x000000070630fd48,0x000000070b070000)
 PSPermGen       total 21248K, used 17839K [0x00000006fb400000, 0x00000006fc8c0000, 0x0000000700600000)
  object space 21248K, 83% used [0x00000006fb400000,0x00000006fc56bcc8,0x00000006fc8c0000)
}
Event: 7.879 GC heap before
{Heap before GC invocations=9 (full 0):
 PSYoungGen      total 549632K, used 546816K [0x00000007aacb0000, 0x00000007d0530000, 0x0000000800000000)
  eden space 503360K, 99% used [0x00000007aacb0000,0x00000007c9696368,0x00000007c9840000)
  from space 46272K, 97% used [0x00000007ccba0000,0x00000007cf7b9d60,0x00000007cf8d0000)
  to   space 52608K, 0% used [0x00000007c9840000,0x00000007c9840000,0x00000007ccba0000)
 ParOldGen       total 174528K, used 95295K [0x0000000700600000, 0x000000070b070000, 0x00000007aacb0000)
  object space 174528K, 54% used [0x0000000700600000,0x000000070630fd48,0x000000070b070000)
 PSPermGen       total 21248K, used 17880K [0x00000006fb400000, 0x00000006fc8c0000, 0x0000000700600000)
  object space 21248K, 84% used [0x00000006fb400000,0x00000006fc576120,0x00000006fc8c0000)
Event: 7.897 GC heap after
Heap after GC invocations=9 (full 0):
 PSYoungGen      total 555968K, used 49615K [0x00000007aacb0000, 0x00000007e3230000, 0x0000000800000000)
  eden space 503360K, 0% used [0x00000007aacb0000,0x00000007aacb0000,0x00000007c9840000)
  from space 52608K, 94% used [0x00000007c9840000,0x00000007cc8b3e10,0x00000007ccba0000)
  to   space 58880K, 0% used [0x00000007df8b0000,0x00000007df8b0000,0x00000007e3230000)
 ParOldGen       total 174528K, used 112921K [0x0000000700600000, 0x000000070b070000, 0x00000007aacb0000)
  object space 174528K, 64% used [0x0000000700600000,0x0000000707446610,0x000000070b070000)
 PSPermGen       total 21248K, used 17880K [0x00000006fb400000, 0x00000006fc8c0000, 0x0000000700600000)
  object space 21248K, 84% used [0x00000006fb400000,0x00000006fc576120,0x00000006fc8c0000)
}
Event: 9.314 GC heap before
{Heap before GC invocations=10 (full 0):
 PSYoungGen      total 555968K, used 549940K [0x00000007aacb0000, 0x00000007e3230000, 0x0000000800000000)
  eden space 503360K, 99% used [0x00000007aacb0000,0x00000007c9549200,0x00000007c9840000)
  from space 52608K, 94% used [0x00000007c9840000,0x00000007cc8b3e10,0x00000007ccba0000)
  to   space 58880K, 0% used [0x00000007df8b0000,0x00000007df8b0000,0x00000007e3230000)
 ParOldGen       total 174528K, used 112921K [0x0000000700600000, 0x000000070b070000, 0x00000007aacb0000)
  object space 174528K, 64% used [0x0000000700600000,0x0000000707446610,0x000000070b070000)
 PSPermGen       total 21248K, used 17884K [0x00000006fb400000, 0x00000006fc8c0000, 0x0000000700600000)
  object space 21248K, 84% used [0x00000006fb400000,0x00000006fc5771f8,0x00000006fc8c0000)
Event: 9.325 GC heap after
Heap after GC invocations=10 (full 0):
 PSYoungGen      total 862016K, used 43572K [0x00000007aacb0000, 0x00000007e3690000, 0x0000000800000000)
  eden space 803136K, 0% used [0x00000007aacb0000,0x00000007aacb0000,0x00000007dbd00000)
  from space 58880K, 74% used [0x00000007df8b0000,0x00000007e233d200,0x00000007e3230000)
  to   space 61120K, 0% used [0x00000007dbd00000,0x00000007dbd00000,0x00000007df8b0000)
 ParOldGen       total 174528K, used 112977K [0x0000000700600000, 0x000000070b070000, 0x00000007aacb0000)
  object space 174528K, 64% used [0x0000000700600000,0x0000000707454610,0x000000070b070000)
 PSPermGen       total 21248K, used 17884K [0x00000006fb400000, 0x00000006fc8c0000, 0x0000000700600000)
  object space 21248K, 84% used [0x00000006fb400000,0x00000006fc5771f8,0x00000006fc8c0000)
}
Event: 12.000 GC heap before
{Heap before GC invocations=11 (full 0):
 PSYoungGen      total 862016K, used 846458K [0x00000007aacb0000, 0x00000007e3690000, 0x0000000800000000)
  eden space 803136K, 99% used [0x00000007aacb0000,0x00000007dbcc1868,0x00000007dbd00000)
  from space 58880K, 74% used [0x00000007df8b0000,0x00000007e233d200,0x00000007e3230000)
  to   space 61120K, 0% used [0x00000007dbd00000,0x00000007dbd00000,0x00000007df8b0000)
 ParOldGen       total 174528K, used 112977K [0x0000000700600000, 0x000000070b070000, 0x00000007aacb0000)
  object space 174528K, 64% used [0x0000000700600000,0x0000000707454610,0x000000070b070000)
 PSPermGen       total 21248K, used 17902K [0x00000006fb400000, 0x00000006fc8c0000, 0x0000000700600000)
  object space 21248K, 84% used [0x00000006fb400000,0x00000006fc57bba0,0x00000006fc8c0000)
Event: 12.012 GC heap after
Heap after GC invocations=11 (full 0):
 PSYoungGen      total 864256K, used 46989K [0x00000007aacb0000, 0x0000000800000000, 0x0000000800000000)
  eden space 803136K, 0% used [0x00000007aacb0000,0x00000007aacb0000,0x00000007dbd00000)
  from space 61120K, 76% used [0x00000007dbd00000,0x00000007deae36d0,0x00000007df8b0000)
  to   space 64000K, 0% used [0x00000007fc180000,0x00000007fc180000,0x0000000800000000)
 ParOldGen       total 174528K, used 113049K [0x0000000700600000, 0x000000070b070000, 0x00000007aacb0000)
  object space 174528K, 64% used [0x0000000700600000,0x0000000707466610,0x000000070b070000)
 PSPermGen       total 21248K, used 17902K [0x00000006fb400000, 0x00000006fc8c0000, 0x0000000700600000)
  object space 21248K, 84% used [0x00000006fb400000,0x00000006fc57bba0,0x00000006fc8c0000)
}

