# JRE version: 7.0_07-b11
# Java VM: Java HotSpot(TM) 64-Bit Server VM (23.3-b01 mixed mode windows-amd64 compressed oops)
Heap
 PSYoungGen      total 502784K, used 192436K [0x00000007aacb0000, 0x00000007ccf90000, 0x0000000800000000)
  eden space 455808K, 38% used [0x00000007aacb0000,0x00000007b57fc480,0x00000007c69d0000)
  from space 46976K, 36% used [0x00000007ca1b0000,0x00000007cb250f28,0x00000007ccf90000)
  to   space 52096K, 0% used [0x00000007c69d0000,0x00000007c69d0000,0x00000007c9cb0000)
 ParOldGen       total 368768K, used 267614K [0x0000000700600000, 0x0000000716e20000, 0x00000007aacb0000)
  object space 368768K, 72% used [0x0000000700600000,0x0000000710b57ba8,0x0000000716e20000)
 PSPermGen       total 33984K, used 18076K [0x00000006fb400000, 0x00000006fd530000, 0x0000000700600000)
  object space 33984K, 53% used [0x00000006fb400000,0x00000006fc5a73d8,0x00000006fd530000)
GC Heap History (10 events):
Event: 16.449 GC heap before
{Heap before GC invocations=22 (full 6):
 PSYoungGen      total 372928K, used 308601K [0x00000007aacb0000, 0x00000007c9a50000, 0x0000000800000000)
  eden space 310272K, 99% used [0x00000007aacb0000,0x00000007bd9de6c8,0x00000007bdbb0000)
  from space 62656K, 0% used [0x00000007bdbb0000,0x00000007bdbe0000,0x00000007c18e0000)
  to   space 63488K, 0% used [0x00000007c5c50000,0x00000007c5c50000,0x00000007c9a50000)
 ParOldGen       total 368768K, used 181967K [0x0000000700600000, 0x0000000716e20000, 0x00000007aacb0000)
  object space 368768K, 49% used [0x0000000700600000,0x000000070b7b3dd8,0x0000000716e20000)
 PSPermGen       total 33984K, used 18037K [0x00000006fb400000, 0x00000006fd530000, 0x0000000700600000)
  object space 33984K, 53% used [0x00000006fb400000,0x00000006fc59d528,0x00000006fd530000)
Event: 16.454 GC heap after
Heap after GC invocations=22 (full 6):
 PSYoungGen      total 427776K, used 21045K [0x00000007aacb0000, 0x00000007c8ff0000, 0x0000000800000000)
  eden space 374912K, 0% used [0x00000007aacb0000,0x00000007aacb0000,0x00000007c1ad0000)
  from space 52864K, 39% used [0x00000007c5c50000,0x00000007c70dd748,0x00000007c8ff0000)
  to   space 59968K, 0% used [0x00000007c1ad0000,0x00000007c1ad0000,0x00000007c5560000)
 ParOldGen       total 368768K, used 181967K [0x0000000700600000, 0x0000000716e20000, 0x00000007aacb0000)
  object space 368768K, 49% used [0x0000000700600000,0x000000070b7b3dd8,0x0000000716e20000)
 PSPermGen       total 33984K, used 18037K [0x00000006fb400000, 0x00000006fd530000, 0x0000000700600000)
  object space 33984K, 53% used [0x00000006fb400000,0x00000006fc59d528,0x00000006fd530000)
}
Event: 17.112 GC heap before
{Heap before GC invocations=23 (full 6):
 PSYoungGen      total 427776K, used 395715K [0x00000007aacb0000, 0x00000007c8ff0000, 0x0000000800000000)
  eden space 374912K, 99% used [0x00000007aacb0000,0x00000007c1a934e8,0x00000007c1ad0000)
  from space 52864K, 39% used [0x00000007c5c50000,0x00000007c70dd748,0x00000007c8ff0000)
  to   space 59968K, 0% used [0x00000007c1ad0000,0x00000007c1ad0000,0x00000007c5560000)
 ParOldGen       total 368768K, used 183992K [0x0000000700600000, 0x0000000716e20000, 0x00000007aacb0000)
  object space 368768K, 49% used [0x0000000700600000,0x000000070b9ae1e8,0x0000000716e20000)
 PSPermGen       total 33984K, used 18038K [0x00000006fb400000, 0x00000006fd530000, 0x0000000700600000)
  object space 33984K, 53% used [0x00000006fb400000,0x00000006fc59db38,0x00000006fd530000)
Event: 17.114 GC heap after
Heap after GC invocations=23 (full 6):
 PSYoungGen      total 434880K, used 10888K [0x00000007aacb0000, 0x00000007cb8d0000, 0x0000000800000000)
  eden space 374912K, 0% used [0x00000007aacb0000,0x00000007aacb0000,0x00000007c1ad0000)
  from space 59968K, 18% used [0x00000007c1ad0000,0x00000007c25722f8,0x00000007c5560000)
  to   space 58432K, 0% used [0x00000007c7fc0000,0x00000007c7fc0000,0x00000007cb8d0000)
 ParOldGen       total 368768K, used 183992K [0x0000000700600000, 0x0000000716e20000, 0x00000007aacb0000)
  object space 368768K, 49% used [0x0000000700600000,0x000000070b9ae1e8,0x0000000716e20000)
 PSPermGen       total 33984K, used 18038K [0x00000006fb400000, 0x00000006fd530000, 0x0000000700600000)
  object space 33984K, 53% used [0x00000006fb400000,0x00000006fc59db38,0x00000006fd530000)
}
Event: 17.892 GC heap before
{Heap before GC invocations=24 (full 6):
 PSYoungGen      total 434880K, used 385800K [0x00000007aacb0000, 0x00000007cb8d0000, 0x0000000800000000)
  eden space 374912K, 100% used [0x00000007aacb0000,0x00000007c1ad0000,0x00000007c1ad0000)
  from space 59968K, 18% used [0x00000007c1ad0000,0x00000007c25722f8,0x00000007c5560000)
  to   space 58432K, 0% used [0x00000007c7fc0000,0x00000007c7fc0000,0x00000007cb8d0000)
 ParOldGen       total 368768K, used 267614K [0x0000000700600000, 0x0000000716e20000, 0x00000007aacb0000)
  object space 368768K, 72% used [0x0000000700600000,0x0000000710b57ba8,0x0000000716e20000)
 PSPermGen       total 33984K, used 18040K [0x00000006fb400000, 0x00000006fd530000, 0x0000000700600000)
  object space 33984K, 53% used [0x00000006fb400000,0x00000006fc59e1b8,0x00000006fd530000)
Event: 17.893 GC heap after
Heap after GC invocations=24 (full 6):
 PSYoungGen      total 464320K, used 192K [0x00000007aacb0000, 0x00000007cb220000, 0x0000000800000000)
  eden space 412736K, 0% used [0x00000007aacb0000,0x00000007aacb0000,0x00000007c3fc0000)
  from space 51584K, 0% used [0x00000007c7fc0000,0x00000007c7ff0000,0x00000007cb220000)
  to   space 58560K, 0% used [0x00000007c3fc0000,0x00000007c3fc0000,0x00000007c78f0000)
 ParOldGen       total 368768K, used 267614K [0x0000000700600000, 0x0000000716e20000, 0x00000007aacb0000)
  object space 368768K, 72% used [0x0000000700600000,0x0000000710b57ba8,0x0000000716e20000)
 PSPermGen       total 33984K, used 18040K [0x00000006fb400000, 0x00000006fd530000, 0x0000000700600000)
  object space 33984K, 53% used [0x00000006fb400000,0x00000006fc59e1b8,0x00000006fd530000)
}
Event: 18.621 GC heap before
{Heap before GC invocations=25 (full 6):
 PSYoungGen      total 464320K, used 408318K [0x00000007aacb0000, 0x00000007cb220000, 0x0000000800000000)
  eden space 412736K, 98% used [0x00000007aacb0000,0x00000007c3b3fbc0,0x00000007c3fc0000)
  from space 51584K, 0% used [0x00000007c7fc0000,0x00000007c7ff0000,0x00000007cb220000)
  to   space 58560K, 0% used [0x00000007c3fc0000,0x00000007c3fc0000,0x00000007c78f0000)
 ParOldGen       total 368768K, used 267614K [0x0000000700600000, 0x0000000716e20000, 0x00000007aacb0000)
  object space 368768K, 72% used [0x0000000700600000,0x0000000710b57ba8,0x0000000716e20000)
 PSPermGen       total 33984K, used 18041K [0x00000006fb400000, 0x00000006fd530000, 0x0000000700600000)
  object space 33984K, 53% used [0x00000006fb400000,0x00000006fc59e710,0x00000006fd530000)
Event: 18.630 GC heap after
Heap after GC invocations=25 (full 6):
 PSYoungGen      total 471296K, used 20908K [0x00000007aacb0000, 0x00000007cd770000, 0x0000000800000000)
  eden space 412736K, 0% used [0x00000007aacb0000,0x00000007aacb0000,0x00000007c3fc0000)
  from space 58560K, 35% used [0x00000007c3fc0000,0x00000007c542b070,0x00000007c78f0000)
  to   space 55040K, 0% used [0x00000007ca1b0000,0x00000007ca1b0000,0x00000007cd770000)
 ParOldGen       total 368768K, used 267614K [0x0000000700600000, 0x0000000716e20000, 0x00000007aacb0000)
  object space 368768K, 72% used [0x0000000700600000,0x0000000710b57ba8,0x0000000716e20000)
 PSPermGen       total 33984K, used 18041K [0x00000006fb400000, 0x00000006fd530000, 0x0000000700600000)
  object space 33984K, 53% used [0x00000006fb400000,0x00000006fc59e710,0x00000006fd530000)
}
Event: 19.350 GC heap before
{Heap before GC invocations=26 (full 6):
 PSYoungGen      total 471296K, used 431896K [0x00000007aacb0000, 0x00000007cd770000, 0x0000000800000000)
  eden space 412736K, 99% used [0x00000007aacb0000,0x00000007c3e0b330,0x00000007c3fc0000)
  from space 58560K, 35% used [0x00000007c3fc0000,0x00000007c542b070,0x00000007c78f0000)
  to   space 55040K, 0% used [0x00000007ca1b0000,0x00000007ca1b0000,0x00000007cd770000)
 ParOldGen       total 368768K, used 267614K [0x0000000700600000, 0x0000000716e20000, 0x00000007aacb0000)
  object space 368768K, 72% used [0x0000000700600000,0x0000000710b57ba8,0x0000000716e20000)
 PSPermGen       total 33984K, used 18044K [0x00000006fb400000, 0x00000006fd530000, 0x0000000700600000)
  object space 33984K, 53% used [0x00000006fb400000,0x00000006fc59f240,0x00000006fd530000)
Event: 19.355 GC heap after
Heap after GC invocations=26 (full 6):
 PSYoungGen      total 502784K, used 17027K [0x00000007aacb0000, 0x00000007ccf90000, 0x0000000800000000)
  eden space 455808K, 0% used [0x00000007aacb0000,0x00000007aacb0000,0x00000007c69d0000)
  from space 46976K, 36% used [0x00000007ca1b0000,0x00000007cb250f28,0x00000007ccf90000)
  to   space 52096K, 0% used [0x00000007c69d0000,0x00000007c69d0000,0x00000007c9cb0000)
 ParOldGen       total 368768K, used 267614K [0x0000000700600000, 0x0000000716e20000, 0x00000007aacb0000)
  object space 368768K, 72% used [0x0000000700600000,0x0000000710b57ba8,0x0000000716e20000)
 PSPermGen       total 33984K, used 18044K [0x00000006fb400000, 0x00000006fd530000, 0x0000000700600000)
  object space 33984K, 53% used [0x00000006fb400000,0x00000006fc59f240,0x00000006fd530000)
}

