# JRE version: 7.0_07-b11
# Java VM: Java HotSpot(TM) 64-Bit Server VM (23.3-b01 mixed mode windows-amd64 compressed oops)
Heap
 PSYoungGen      total 141824K, used 83376K [0x00000007aacb0000, 0x00000007b41d0000, 0x0000000800000000)
  eden space 130944K, 63% used [0x00000007aacb0000,0x00000007afe1c1a0,0x00000007b2c90000)
  from space 10880K, 0% used [0x00000007b3730000,0x00000007b3730000,0x00000007b41d0000)
  to   space 10880K, 0% used [0x00000007b2c90000,0x00000007b2c90000,0x00000007b3730000)
 ParOldGen       total 198208K, used 29200K [0x0000000700600000, 0x000000070c790000, 0x00000007aacb0000)
  object space 198208K, 14% used [0x0000000700600000,0x00000007022842e0,0x000000070c790000)
 PSPermGen       total 40448K, used 17963K [0x00000006fb400000, 0x00000006fdb80000, 0x0000000700600000)
  object space 40448K, 44% used [0x00000006fb400000,0x00000006fc58adb0,0x00000006fdb80000)
GC Heap History (10 events):
Event: 4.799 GC heap before
{Heap before GC invocations=2 (full 0):
 PSYoungGen      total 76352K, used 71410K [0x00000007aacb0000, 0x00000007b01e0000, 0x0000000800000000)
  eden space 65472K, 96% used [0x00000007aacb0000,0x00000007aea66c08,0x00000007aeca0000)
  from space 10880K, 75% used [0x00000007aeca0000,0x00000007af4a5fc0,0x00000007af740000)
  to   space 10880K, 0% used [0x00000007af740000,0x00000007af740000,0x00000007b01e0000)
 ParOldGen       total 174528K, used 8K [0x0000000700600000, 0x000000070b070000, 0x00000007aacb0000)
  object space 174528K, 0% used [0x0000000700600000,0x0000000700602000,0x000000070b070000)
 PSPermGen       total 21248K, used 17895K [0x00000006fb400000, 0x00000006fc8c0000, 0x0000000700600000)
  object space 21248K, 84% used [0x00000006fb400000,0x00000006fc579df8,0x00000006fc8c0000)
Event: 4.810 GC heap after
Heap after GC invocations=2 (full 0):
 PSYoungGen      total 76352K, used 10873K [0x00000007aacb0000, 0x00000007b01e0000, 0x0000000800000000)
  eden space 65472K, 0% used [0x00000007aacb0000,0x00000007aacb0000,0x00000007aeca0000)
  from space 10880K, 99% used [0x00000007af740000,0x00000007b01de7a0,0x00000007b01e0000)
  to   space 10880K, 0% used [0x00000007aeca0000,0x00000007aeca0000,0x00000007af740000)
 ParOldGen       total 174528K, used 27890K [0x0000000700600000, 0x000000070b070000, 0x00000007aacb0000)
  object space 174528K, 15% used [0x0000000700600000,0x000000070213cb08,0x000000070b070000)
 PSPermGen       total 21248K, used 17895K [0x00000006fb400000, 0x00000006fc8c0000, 0x0000000700600000)
  object space 21248K, 84% used [0x00000006fb400000,0x00000006fc579df8,0x00000006fc8c0000)
}
Event: 5.057 GC heap before
{Heap before GC invocations=3 (full 0):
 PSYoungGen      total 76352K, used 73005K [0x00000007aacb0000, 0x00000007b01e0000, 0x0000000800000000)
  eden space 65472K, 94% used [0x00000007aacb0000,0x00000007ae95ccd0,0x00000007aeca0000)
  from space 10880K, 99% used [0x00000007af740000,0x00000007b01de7a0,0x00000007b01e0000)
  to   space 10880K, 0% used [0x00000007aeca0000,0x00000007aeca0000,0x00000007af740000)
 ParOldGen       total 174528K, used 27890K [0x0000000700600000, 0x000000070b070000, 0x00000007aacb0000)
  object space 174528K, 15% used [0x0000000700600000,0x000000070213cb08,0x000000070b070000)
 PSPermGen       total 21248K, used 17896K [0x00000006fb400000, 0x00000006fc8c0000, 0x0000000700600000)
  object space 21248K, 84% used [0x00000006fb400000,0x00000006fc57a270,0x00000006fc8c0000)
Event: 5.062 GC heap after
Heap after GC invocations=3 (full 0):
 PSYoungGen      total 76352K, used 8328K [0x00000007aacb0000, 0x00000007b41d0000, 0x0000000800000000)
  eden space 65472K, 0% used [0x00000007aacb0000,0x00000007aacb0000,0x00000007aeca0000)
  from space 10880K, 76% used [0x00000007aeca0000,0x00000007af4c2050,0x00000007af740000)
  to   space 10880K, 0% used [0x00000007b3730000,0x00000007b3730000,0x00000007b41d0000)
 ParOldGen       total 174528K, used 33965K [0x0000000700600000, 0x000000070b070000, 0x00000007aacb0000)
  object space 174528K, 19% used [0x0000000700600000,0x000000070272b718,0x000000070b070000)
 PSPermGen       total 21248K, used 17896K [0x00000006fb400000, 0x00000006fc8c0000, 0x0000000700600000)
  object space 21248K, 84% used [0x00000006fb400000,0x00000006fc57a270,0x00000006fc8c0000)
}
Event: 5.314 GC heap before
{Heap before GC invocations=4 (full 0):
 PSYoungGen      total 76352K, used 72513K [0x00000007aacb0000, 0x00000007b41d0000, 0x0000000800000000)
  eden space 65472K, 98% used [0x00000007aacb0000,0x00000007aeb5e770,0x00000007aeca0000)
  from space 10880K, 76% used [0x00000007aeca0000,0x00000007af4c2050,0x00000007af740000)
  to   space 10880K, 0% used [0x00000007b3730000,0x00000007b3730000,0x00000007b41d0000)
 ParOldGen       total 174528K, used 37382K [0x0000000700600000, 0x000000070b070000, 0x00000007aacb0000)
  object space 174528K, 21% used [0x0000000700600000,0x0000000702a81be8,0x000000070b070000)
 PSPermGen       total 21248K, used 17933K [0x00000006fb400000, 0x00000006fc8c0000, 0x0000000700600000)
  object space 21248K, 84% used [0x00000006fb400000,0x00000006fc5837f8,0x00000006fc8c0000)
Event: 5.323 GC heap after
Heap after GC invocations=4 (full 0):
 PSYoungGen      total 141824K, used 10770K [0x00000007aacb0000, 0x00000007b41d0000, 0x0000000800000000)
  eden space 130944K, 0% used [0x00000007aacb0000,0x00000007aacb0000,0x00000007b2c90000)
  from space 10880K, 98% used [0x00000007b3730000,0x00000007b41b4830,0x00000007b41d0000)
  to   space 10880K, 0% used [0x00000007b2c90000,0x00000007b2c90000,0x00000007b3730000)
 ParOldGen       total 174528K, used 62442K [0x0000000700600000, 0x000000070b070000, 0x00000007aacb0000)
  object space 174528K, 35% used [0x0000000700600000,0x00000007042fa9b8,0x000000070b070000)
 PSPermGen       total 21248K, used 17933K [0x00000006fb400000, 0x00000006fc8c0000, 0x0000000700600000)
  object space 21248K, 84% used [0x00000006fb400000,0x00000006fc5837f8,0x00000006fc8c0000)
}
Event: 6.679 GC heap before
{Heap before GC invocations=5 (full 1):
 PSYoungGen      total 141824K, used 141714K [0x00000007aacb0000, 0x00000007b41d0000, 0x0000000800000000)
  eden space 130944K, 100% used [0x00000007aacb0000,0x00000007b2c90000,0x00000007b2c90000)
  from space 10880K, 98% used [0x00000007b3730000,0x00000007b41b4830,0x00000007b41d0000)
  to   space 10880K, 0% used [0x00000007b2c90000,0x00000007b2c90000,0x00000007b3730000)
 ParOldGen       total 368832K, used 367079K [0x0000000700600000, 0x0000000716e30000, 0x00000007aacb0000)
  object space 368832K, 99% used [0x0000000700600000,0x0000000716c79d78,0x0000000716e30000)
 PSPermGen       total 21248K, used 17951K [0x00000006fb400000, 0x00000006fc8c0000, 0x0000000700600000)
  object space 21248K, 84% used [0x00000006fb400000,0x00000006fc587d60,0x00000006fc8c0000)
Event: 6.733 GC heap after
Heap after GC invocations=5 (full 1):
 PSYoungGen      total 141824K, used 0K [0x00000007aacb0000, 0x00000007b41d0000, 0x0000000800000000)
  eden space 130944K, 0% used [0x00000007aacb0000,0x00000007aacb0000,0x00000007b2c90000)
  from space 10880K, 0% used [0x00000007b3730000,0x00000007b3730000,0x00000007b41d0000)
  to   space 10880K, 0% used [0x00000007b2c90000,0x00000007b2c90000,0x00000007b3730000)
 ParOldGen       total 149056K, used 29346K [0x0000000700600000, 0x0000000709790000, 0x00000007aacb0000)
  object space 149056K, 19% used [0x0000000700600000,0x00000007022a8898,0x0000000709790000)
 PSPermGen       total 36160K, used 17944K [0x00000006fb400000, 0x00000006fd750000, 0x0000000700600000)
  object space 36160K, 49% used [0x00000006fb400000,0x00000006fc5862e8,0x00000006fd750000)
}
Event: 7.252 GC heap before
{Heap before GC invocations=6 (full 2):
 PSYoungGen      total 141824K, used 130944K [0x00000007aacb0000, 0x00000007b41d0000, 0x0000000800000000)
  eden space 130944K, 100% used [0x00000007aacb0000,0x00000007b2c90000,0x00000007b2c90000)
  from space 10880K, 0% used [0x00000007b3730000,0x00000007b3730000,0x00000007b41d0000)
  to   space 10880K, 0% used [0x00000007b2c90000,0x00000007b2c90000,0x00000007b3730000)
 ParOldGen       total 170752K, used 170043K [0x0000000700600000, 0x000000070acc0000, 0x00000007aacb0000)
  object space 170752K, 99% used [0x0000000700600000,0x000000070ac0ec10,0x000000070acc0000)
 PSPermGen       total 36160K, used 17948K [0x00000006fb400000, 0x00000006fd750000, 0x0000000700600000)
  object space 36160K, 49% used [0x00000006fb400000,0x00000006fc587290,0x00000006fd750000)
Event: 7.276 GC heap after
Heap after GC invocations=6 (full 2):
 PSYoungGen      total 141824K, used 0K [0x00000007aacb0000, 0x00000007b41d0000, 0x0000000800000000)
  eden space 130944K, 0% used [0x00000007aacb0000,0x00000007aacb0000,0x00000007b2c90000)
  from space 10880K, 0% used [0x00000007b3730000,0x00000007b3730000,0x00000007b41d0000)
  to   space 10880K, 0% used [0x00000007b2c90000,0x00000007b2c90000,0x00000007b3730000)
 ParOldGen       total 198208K, used 29200K [0x0000000700600000, 0x000000070c790000, 0x00000007aacb0000)
  object space 198208K, 14% used [0x0000000700600000,0x00000007022842e0,0x000000070c790000)
 PSPermGen       total 40448K, used 17948K [0x00000006fb400000, 0x00000006fdb80000, 0x0000000700600000)
  object space 40448K, 44% used [0x00000006fb400000,0x00000006fc587270,0x00000006fdb80000)
}

