# JRE version: 7.0_07-b11
# Java VM: Java HotSpot(TM) 64-Bit Server VM (23.3-b01 mixed mode windows-amd64 compressed oops)
Heap
 PSYoungGen      total 107200K, used 74373K [0x00000007aacb0000, 0x00000007b3140000, 0x0000000800000000)
  eden space 84672K, 66% used [0x00000007aacb0000,0x00000007ae35d0a8,0x00000007aff60000)
  from space 22528K, 81% used [0x00000007b1b40000,0x00000007b2d34430,0x00000007b3140000)
  to   space 25536K, 0% used [0x00000007aff60000,0x00000007aff60000,0x00000007b1850000)
 ParOldGen       total 174528K, used 67297K [0x0000000700600000, 0x000000070b070000, 0x00000007aacb0000)
  object space 174528K, 38% used [0x0000000700600000,0x00000007047b8560,0x000000070b070000)
 PSPermGen       total 21248K, used 17680K [0x00000006fb400000, 0x00000006fc8c0000, 0x0000000700600000)
  object space 21248K, 83% used [0x00000006fb400000,0x00000006fc5443c8,0x00000006fc8c0000)
GC Heap History (10 events):
Event: 17.469 GC heap before
{Heap before GC invocations=14 (full 0):
 PSYoungGen      total 116480K, used 115973K [0x00000007aacb0000, 0x00000007b44d0000, 0x0000000800000000)
  eden space 98048K, 99% used [0x00000007aacb0000,0x00000007b0bf5388,0x00000007b0c70000)
  from space 18432K, 99% used [0x00000007b0f60000,0x00000007b215c430,0x00000007b2160000)
  to   space 28864K, 0% used [0x00000007b28a0000,0x00000007b28a0000,0x00000007b44d0000)
 ParOldGen       total 174528K, used 67177K [0x0000000700600000, 0x000000070b070000, 0x00000007aacb0000)
  object space 174528K, 38% used [0x0000000700600000,0x000000070479a560,0x000000070b070000)
 PSPermGen       total 21248K, used 17651K [0x00000006fb400000, 0x00000006fc8c0000, 0x0000000700600000)
  object space 21248K, 83% used [0x00000006fb400000,0x00000006fc53cfc8,0x00000006fc8c0000)
Event: 17.472 GC heap after
Heap after GC invocations=14 (full 0):
 PSYoungGen      total 119616K, used 18481K [0x00000007aacb0000, 0x00000007b4080000, 0x0000000800000000)
  eden space 95168K, 0% used [0x00000007aacb0000,0x00000007aacb0000,0x00000007b09a0000)
  from space 24448K, 75% used [0x00000007b28a0000,0x00000007b3aac430,0x00000007b4080000)
  to   space 28096K, 0% used [0x00000007b09a0000,0x00000007b09a0000,0x00000007b2510000)
 ParOldGen       total 174528K, used 67193K [0x0000000700600000, 0x000000070b070000, 0x00000007aacb0000)
  object space 174528K, 38% used [0x0000000700600000,0x000000070479e560,0x000000070b070000)
 PSPermGen       total 21248K, used 17651K [0x00000006fb400000, 0x00000006fc8c0000, 0x0000000700600000)
  object space 21248K, 83% used [0x00000006fb400000,0x00000006fc53cfc8,0x00000006fc8c0000)
}
Event: 18.411 GC heap before
{Heap before GC invocations=15 (full 0):
 PSYoungGen      total 119616K, used 109914K [0x00000007aacb0000, 0x00000007b4080000, 0x0000000800000000)
  eden space 95168K, 96% used [0x00000007aacb0000,0x00000007b05fa780,0x00000007b09a0000)
  from space 24448K, 75% used [0x00000007b28a0000,0x00000007b3aac430,0x00000007b4080000)
  to   space 28096K, 0% used [0x00000007b09a0000,0x00000007b09a0000,0x00000007b2510000)
 ParOldGen       total 174528K, used 67193K [0x0000000700600000, 0x000000070b070000, 0x00000007aacb0000)
  object space 174528K, 38% used [0x0000000700600000,0x000000070479e560,0x000000070b070000)
 PSPermGen       total 21248K, used 17654K [0x00000006fb400000, 0x00000006fc8c0000, 0x0000000700600000)
  object space 21248K, 83% used [0x00000006fb400000,0x00000006fc53d908,0x00000006fc8c0000)
Event: 18.413 GC heap after
Heap after GC invocations=15 (full 0):
 PSYoungGen      total 110848K, used 18449K [0x00000007aacb0000, 0x00000007b3c60000, 0x0000000800000000)
  eden space 92352K, 0% used [0x00000007aacb0000,0x00000007aacb0000,0x00000007b06e0000)
  from space 18496K, 99% used [0x00000007b09a0000,0x00000007b1ba4430,0x00000007b1bb0000)
  to   space 27392K, 0% used [0x00000007b21a0000,0x00000007b21a0000,0x00000007b3c60000)
 ParOldGen       total 174528K, used 67209K [0x0000000700600000, 0x000000070b070000, 0x00000007aacb0000)
  object space 174528K, 38% used [0x0000000700600000,0x00000007047a2560,0x000000070b070000)
 PSPermGen       total 21248K, used 17654K [0x00000006fb400000, 0x00000006fc8c0000, 0x0000000700600000)
  object space 21248K, 83% used [0x00000006fb400000,0x00000006fc53d908,0x00000006fc8c0000)
}
Event: 19.362 GC heap before
{Heap before GC invocations=16 (full 0):
 PSYoungGen      total 110848K, used 109761K [0x00000007aacb0000, 0x00000007b3c60000, 0x0000000800000000)
  eden space 92352K, 98% used [0x00000007aacb0000,0x00000007b05dc068,0x00000007b06e0000)
  from space 18496K, 99% used [0x00000007b09a0000,0x00000007b1ba4430,0x00000007b1bb0000)
  to   space 27392K, 0% used [0x00000007b21a0000,0x00000007b21a0000,0x00000007b3c60000)
 ParOldGen       total 174528K, used 67209K [0x0000000700600000, 0x000000070b070000, 0x00000007aacb0000)
  object space 174528K, 38% used [0x0000000700600000,0x00000007047a2560,0x000000070b070000)
 PSPermGen       total 21248K, used 17654K [0x00000006fb400000, 0x00000006fc8c0000, 0x0000000700600000)
  object space 21248K, 83% used [0x00000006fb400000,0x00000006fc53dae0,0x00000006fc8c0000)
Event: 19.364 GC heap after
Heap after GC invocations=16 (full 0):
 PSYoungGen      total 113088K, used 18481K [0x00000007aacb0000, 0x00000007b3880000, 0x0000000800000000)
  eden space 89664K, 0% used [0x00000007aacb0000,0x00000007aacb0000,0x00000007b0440000)
  from space 23424K, 78% used [0x00000007b21a0000,0x00000007b33ac430,0x00000007b3880000)
  to   space 26752K, 0% used [0x00000007b0440000,0x00000007b0440000,0x00000007b1e60000)
 ParOldGen       total 174528K, used 67225K [0x0000000700600000, 0x000000070b070000, 0x00000007aacb0000)
  object space 174528K, 38% used [0x0000000700600000,0x00000007047a6560,0x000000070b070000)
 PSPermGen       total 21248K, used 17654K [0x00000006fb400000, 0x00000006fc8c0000, 0x0000000700600000)
  object space 21248K, 83% used [0x00000006fb400000,0x00000006fc53dae0,0x00000006fc8c0000)
}
Event: 19.603 GC heap before
{Heap before GC invocations=17 (full 0):
 PSYoungGen      total 113088K, used 103640K [0x00000007aacb0000, 0x00000007b3880000, 0x0000000800000000)
  eden space 89664K, 94% used [0x00000007aacb0000,0x00000007affd9d90,0x00000007b0440000)
  from space 23424K, 78% used [0x00000007b21a0000,0x00000007b33ac430,0x00000007b3880000)
  to   space 26752K, 0% used [0x00000007b0440000,0x00000007b0440000,0x00000007b1e60000)
 ParOldGen       total 174528K, used 67225K [0x0000000700600000, 0x000000070b070000, 0x00000007aacb0000)
  object space 174528K, 38% used [0x0000000700600000,0x00000007047a6560,0x000000070b070000)
 PSPermGen       total 21248K, used 17656K [0x00000006fb400000, 0x00000006fc8c0000, 0x0000000700600000)
  object space 21248K, 83% used [0x00000006fb400000,0x00000006fc53e398,0x00000006fc8c0000)
Event: 19.605 GC heap after
Heap after GC invocations=17 (full 0):
 PSYoungGen      total 105600K, used 18449K [0x00000007aacb0000, 0x00000007b34c0000, 0x0000000800000000)
  eden space 87104K, 0% used [0x00000007aacb0000,0x00000007aacb0000,0x00000007b01c0000)
  from space 18496K, 99% used [0x00000007b0440000,0x00000007b1644430,0x00000007b1650000)
  to   space 26112K, 0% used [0x00000007b1b40000,0x00000007b1b40000,0x00000007b34c0000)
 ParOldGen       total 174528K, used 67241K [0x0000000700600000, 0x000000070b070000, 0x00000007aacb0000)
  object space 174528K, 38% used [0x0000000700600000,0x00000007047aa560,0x000000070b070000)
 PSPermGen       total 21248K, used 17656K [0x00000006fb400000, 0x00000006fc8c0000, 0x0000000700600000)
  object space 21248K, 83% used [0x00000006fb400000,0x00000006fc53e398,0x00000006fc8c0000)
}
Event: 19.858 GC heap before
{Heap before GC invocations=18 (full 0):
 PSYoungGen      total 105600K, used 103563K [0x00000007aacb0000, 0x00000007b34c0000, 0x0000000800000000)
  eden space 87104K, 97% used [0x00000007aacb0000,0x00000007affce800,0x00000007b01c0000)
  from space 18496K, 99% used [0x00000007b0440000,0x00000007b1644430,0x00000007b1650000)
  to   space 26112K, 0% used [0x00000007b1b40000,0x00000007b1b40000,0x00000007b34c0000)
 ParOldGen       total 174528K, used 67241K [0x0000000700600000, 0x000000070b070000, 0x00000007aacb0000)
  object space 174528K, 38% used [0x0000000700600000,0x00000007047aa560,0x000000070b070000)
 PSPermGen       total 21248K, used 17656K [0x00000006fb400000, 0x00000006fc8c0000, 0x0000000700600000)
  object space 21248K, 83% used [0x00000006fb400000,0x00000006fc53e398,0x00000006fc8c0000)
Event: 19.861 GC heap after
Heap after GC invocations=18 (full 0):
 PSYoungGen      total 107200K, used 18385K [0x00000007aacb0000, 0x00000007b3140000, 0x0000000800000000)
  eden space 84672K, 0% used [0x00000007aacb0000,0x00000007aacb0000,0x00000007aff60000)
  from space 22528K, 81% used [0x00000007b1b40000,0x00000007b2d34430,0x00000007b3140000)
  to   space 25536K, 0% used [0x00000007aff60000,0x00000007aff60000,0x00000007b1850000)
 ParOldGen       total 174528K, used 67297K [0x0000000700600000, 0x000000070b070000, 0x00000007aacb0000)
  object space 174528K, 38% used [0x0000000700600000,0x00000007047b8560,0x000000070b070000)
 PSPermGen       total 21248K, used 17656K [0x00000006fb400000, 0x00000006fc8c0000, 0x0000000700600000)
  object space 21248K, 83% used [0x00000006fb400000,0x00000006fc53e398,0x00000006fc8c0000)
}

