# JRE version: 7.0_07-b11
# Java VM: Java HotSpot(TM) 64-Bit Server VM (23.3-b01 mixed mode windows-amd64 compressed oops)
Heap
 PSYoungGen      total 910976K, used 452861K [0x00000007aacb0000, 0x00000007f1640000, 0x0000000800000000)
  eden space 852032K, 51% used [0x00000007aacb0000,0x00000007c5668ee8,0x00000007decc0000)
  from space 58944K, 28% used [0x00000007decc0000,0x00000007dfd46850,0x00000007e2650000)
  to   space 56704K, 0% used [0x00000007edee0000,0x00000007edee0000,0x00000007f1640000)
 ParOldGen       total 304320K, used 62453K [0x0000000700600000, 0x0000000712f30000, 0x00000007aacb0000)
  object space 304320K, 20% used [0x0000000700600000,0x00000007042fd530,0x0000000712f30000)
 PSPermGen       total 37632K, used 18138K [0x00000006fb400000, 0x00000006fd8c0000, 0x0000000700600000)
  object space 37632K, 48% used [0x00000006fb400000,0x00000006fc5b6b18,0x00000006fd8c0000)
GC Heap History (10 events):
Event: 17.114 GC heap before
{Heap before GC invocations=13 (full 2):
 PSYoungGen      total 672576K, used 670901K [0x00000007aacb0000, 0x00000007db450000, 0x0000000800000000)
  eden space 671808K, 99% used [0x00000007aacb0000,0x00000007d3b1ed18,0x00000007d3cc0000)
  from space 768K, 99% used [0x00000007db390000,0x00000007db44e930,0x00000007db450000)
  to   space 54336K, 0% used [0x00000007d4a30000,0x00000007d4a30000,0x00000007d7f40000)
 ParOldGen       total 212672K, used 147482K [0x0000000700600000, 0x000000070d5b0000, 0x00000007aacb0000)
  object space 212672K, 69% used [0x0000000700600000,0x0000000709606a10,0x000000070d5b0000)
 PSPermGen       total 40896K, used 18092K [0x00000006fb400000, 0x00000006fdbf0000, 0x0000000700600000)
  object space 40896K, 44% used [0x00000006fb400000,0x00000006fc5ab390,0x00000006fdbf0000)
Event: 17.125 GC heap after
Heap after GC invocations=13 (full 2):
 PSYoungGen      total 739904K, used 41589K [0x00000007aacb0000, 0x00000007e69b0000, 0x0000000800000000)
  eden space 685568K, 0% used [0x00000007aacb0000,0x00000007aacb0000,0x00000007d4a30000)
  from space 54336K, 76% used [0x00000007d4a30000,0x00000007d72cd700,0x00000007d7f40000)
  to   space 57472K, 0% used [0x00000007e3190000,0x00000007e3190000,0x00000007e69b0000)
 ParOldGen       total 212672K, used 147482K [0x0000000700600000, 0x000000070d5b0000, 0x00000007aacb0000)
  object space 212672K, 69% used [0x0000000700600000,0x0000000709606a10,0x000000070d5b0000)
 PSPermGen       total 40896K, used 18092K [0x00000006fb400000, 0x00000006fdbf0000, 0x0000000700600000)
  object space 40896K, 44% used [0x00000006fb400000,0x00000006fc5ab390,0x00000006fdbf0000)
}
Event: 18.780 GC heap before
{Heap before GC invocations=14 (full 3):
 PSYoungGen      total 739904K, used 727157K [0x00000007aacb0000, 0x00000007e69b0000, 0x0000000800000000)
  eden space 685568K, 100% used [0x00000007aacb0000,0x00000007d4a30000,0x00000007d4a30000)
  from space 54336K, 76% used [0x00000007d4a30000,0x00000007d72cd700,0x00000007d7f40000)
  to   space 57472K, 0% used [0x00000007e3190000,0x00000007e3190000,0x00000007e69b0000)
 ParOldGen       total 274048K, used 273877K [0x0000000700600000, 0x00000007111a0000, 0x00000007aacb0000)
  object space 274048K, 99% used [0x0000000700600000,0x0000000711175768,0x00000007111a0000)
 PSPermGen       total 40896K, used 18099K [0x00000006fb400000, 0x00000006fdbf0000, 0x0000000700600000)
  object space 40896K, 44% used [0x00000006fb400000,0x00000006fc5acdd0,0x00000006fdbf0000)
Event: 18.822 GC heap after
Heap after GC invocations=14 (full 3):
 PSYoungGen      total 739904K, used 0K [0x00000007aacb0000, 0x00000007e69b0000, 0x0000000800000000)
  eden space 685568K, 0% used [0x00000007aacb0000,0x00000007aacb0000,0x00000007d4a30000)
  from space 54336K, 0% used [0x00000007d4a30000,0x00000007d4a30000,0x00000007d7f40000)
  to   space 57472K, 0% used [0x00000007e3190000,0x00000007e3190000,0x00000007e69b0000)
 ParOldGen       total 251840K, used 62717K [0x0000000700600000, 0x000000070fbf0000, 0x00000007aacb0000)
  object space 251840K, 24% used [0x0000000700600000,0x000000070433f660,0x000000070fbf0000)
 PSPermGen       total 39744K, used 18099K [0x00000006fb400000, 0x00000006fdad0000, 0x0000000700600000)
  object space 39744K, 45% used [0x00000006fb400000,0x00000006fc5acdd0,0x00000006fdad0000)
}
Event: 20.447 GC heap before
{Heap before GC invocations=15 (full 3):
 PSYoungGen      total 739904K, used 685568K [0x00000007aacb0000, 0x00000007e69b0000, 0x0000000800000000)
  eden space 685568K, 100% used [0x00000007aacb0000,0x00000007d4a30000,0x00000007d4a30000)
  from space 54336K, 0% used [0x00000007d4a30000,0x00000007d4a30000,0x00000007d7f40000)
  to   space 57472K, 0% used [0x00000007e3190000,0x00000007e3190000,0x00000007e69b0000)
 ParOldGen       total 251840K, used 175626K [0x0000000700600000, 0x000000070fbf0000, 0x00000007aacb0000)
  object space 251840K, 69% used [0x0000000700600000,0x000000070b1829a0,0x000000070fbf0000)
 PSPermGen       total 39744K, used 18110K [0x00000006fb400000, 0x00000006fdad0000, 0x0000000700600000)
  object space 39744K, 45% used [0x00000006fb400000,0x00000006fc5af838,0x00000006fdad0000)
Event: 20.448 GC heap after
Heap after GC invocations=15 (full 3):
 PSYoungGen      total 899456K, used 192K [0x00000007aacb0000, 0x00000007e5fe0000, 0x0000000800000000)
  eden space 852032K, 0% used [0x00000007aacb0000,0x00000007aacb0000,0x00000007decc0000)
  from space 47424K, 0% used [0x00000007e3190000,0x00000007e31c0000,0x00000007e5fe0000)
  to   space 58944K, 0% used [0x00000007decc0000,0x00000007decc0000,0x00000007e2650000)
 ParOldGen       total 251840K, used 175626K [0x0000000700600000, 0x000000070fbf0000, 0x00000007aacb0000)
  object space 251840K, 69% used [0x0000000700600000,0x000000070b1829a0,0x000000070fbf0000)
 PSPermGen       total 39744K, used 18110K [0x00000006fb400000, 0x00000006fdad0000, 0x0000000700600000)
  object space 39744K, 45% used [0x00000006fb400000,0x00000006fc5af838,0x00000006fdad0000)
}
Event: 22.463 GC heap before
{Heap before GC invocations=16 (full 4):
 PSYoungGen      total 899456K, used 852224K [0x00000007aacb0000, 0x00000007e5fe0000, 0x0000000800000000)
  eden space 852032K, 100% used [0x00000007aacb0000,0x00000007decc0000,0x00000007decc0000)
  from space 47424K, 0% used [0x00000007e3190000,0x00000007e31c0000,0x00000007e5fe0000)
  to   space 58944K, 0% used [0x00000007decc0000,0x00000007decc0000,0x00000007e2650000)
 ParOldGen       total 300096K, used 299996K [0x0000000700600000, 0x0000000712b10000, 0x00000007aacb0000)
  object space 300096K, 99% used [0x0000000700600000,0x0000000712af72e8,0x0000000712b10000)
 PSPermGen       total 39744K, used 18113K [0x00000006fb400000, 0x00000006fdad0000, 0x0000000700600000)
  object space 39744K, 45% used [0x00000006fb400000,0x00000006fc5b04d8,0x00000006fdad0000)
Event: 22.493 GC heap after
Heap after GC invocations=16 (full 4):
 PSYoungGen      total 899456K, used 0K [0x00000007aacb0000, 0x00000007e5fe0000, 0x0000000800000000)
  eden space 852032K, 0% used [0x00000007aacb0000,0x00000007aacb0000,0x00000007decc0000)
  from space 47424K, 0% used [0x00000007e3190000,0x00000007e3190000,0x00000007e5fe0000)
  to   space 58944K, 0% used [0x00000007decc0000,0x00000007decc0000,0x00000007e2650000)
 ParOldGen       total 304320K, used 60428K [0x0000000700600000, 0x0000000712f30000, 0x00000007aacb0000)
  object space 304320K, 19% used [0x0000000700600000,0x0000000704103120,0x0000000712f30000)
 PSPermGen       total 37632K, used 18113K [0x00000006fb400000, 0x00000006fd8c0000, 0x0000000700600000)
  object space 37632K, 48% used [0x00000006fb400000,0x00000006fc5b0438,0x00000006fd8c0000)
}
Event: 24.214 GC heap before
{Heap before GC invocations=17 (full 4):
 PSYoungGen      total 899456K, used 851113K [0x00000007aacb0000, 0x00000007e5fe0000, 0x0000000800000000)
  eden space 852032K, 99% used [0x00000007aacb0000,0x00000007debda4c0,0x00000007decc0000)
  from space 47424K, 0% used [0x00000007e3190000,0x00000007e3190000,0x00000007e5fe0000)
  to   space 58944K, 0% used [0x00000007decc0000,0x00000007decc0000,0x00000007e2650000)
 ParOldGen       total 304320K, used 62453K [0x0000000700600000, 0x0000000712f30000, 0x00000007aacb0000)
  object space 304320K, 20% used [0x0000000700600000,0x00000007042fd530,0x0000000712f30000)
 PSPermGen       total 37632K, used 18116K [0x00000006fb400000, 0x00000006fd8c0000, 0x0000000700600000)
  object space 37632K, 48% used [0x00000006fb400000,0x00000006fc5b1310,0x00000006fd8c0000)
Event: 24.224 GC heap after
Heap after GC invocations=17 (full 4):
 PSYoungGen      total 910976K, used 16922K [0x00000007aacb0000, 0x00000007f1640000, 0x0000000800000000)
  eden space 852032K, 0% used [0x00000007aacb0000,0x00000007aacb0000,0x00000007decc0000)
  from space 58944K, 28% used [0x00000007decc0000,0x00000007dfd46850,0x00000007e2650000)
  to   space 56704K, 0% used [0x00000007edee0000,0x00000007edee0000,0x00000007f1640000)
 ParOldGen       total 304320K, used 62453K [0x0000000700600000, 0x0000000712f30000, 0x00000007aacb0000)
  object space 304320K, 20% used [0x0000000700600000,0x00000007042fd530,0x0000000712f30000)
 PSPermGen       total 37632K, used 18116K [0x00000006fb400000, 0x00000006fd8c0000, 0x0000000700600000)
  object space 37632K, 48% used [0x00000006fb400000,0x00000006fc5b1310,0x00000006fd8c0000)
}

