# JRE version: 7.0_07-b11
# Java VM: Java HotSpot(TM) 64-Bit Server VM (23.3-b01 mixed mode windows-amd64 compressed oops)
Heap
 PSYoungGen      total 89536K, used 86522K [0x00000007aacb0000, 0x00000007b17a0000, 0x0000000800000000)
  eden space 69696K, 97% used [0x00000007aacb0000,0x00000007aef527a0,0x00000007af0c0000)
  from space 19840K, 92% used [0x00000007b0440000,0x00000007b161c430,0x00000007b17a0000)
  to   space 19904K, 0% used [0x00000007af0c0000,0x00000007af0c0000,0x00000007b0430000)
 ParOldGen       total 174528K, used 152899K [0x0000000700600000, 0x000000070b070000, 0x00000007aacb0000)
  object space 174528K, 87% used [0x0000000700600000,0x0000000709b50c20,0x000000070b070000)
 PSPermGen       total 21248K, used 17745K [0x00000006fb400000, 0x00000006fc8c0000, 0x0000000700600000)
  object space 21248K, 83% used [0x00000006fb400000,0x00000006fc554440,0x00000006fc8c0000)
GC Heap History (10 events):
Event: 41.828 GC heap before
{Heap before GC invocations=78 (full 0):
 PSYoungGen      total 67904K, used 67069K [0x00000007aacb0000, 0x00000007b02f0000, 0x0000000800000000)
  eden space 49408K, 98% used [0x00000007aacb0000,0x00000007adc2b388,0x00000007adcf0000)
  from space 18496K, 99% used [0x00000007adea0000,0x00000007af0a4430,0x00000007af0b0000)
  to   space 18688K, 0% used [0x00000007af0b0000,0x00000007af0b0000,0x00000007b02f0000)
 ParOldGen       total 174528K, used 101900K [0x0000000700600000, 0x000000070b070000, 0x00000007aacb0000)
  object space 174528K, 58% used [0x0000000700600000,0x00000007069832f0,0x000000070b070000)
 PSPermGen       total 21248K, used 17720K [0x00000006fb400000, 0x00000006fc8c0000, 0x0000000700600000)
  object space 21248K, 83% used [0x00000006fb400000,0x00000006fc54e2a0,0x00000006fc8c0000)
Event: 41.831 GC heap after
Heap after GC invocations=78 (full 0):
 PSYoungGen      total 66816K, used 18385K [0x00000007aacb0000, 0x00000007b02b0000, 0x0000000800000000)
  eden space 48384K, 0% used [0x00000007aacb0000,0x00000007aacb0000,0x00000007adbf0000)
  from space 18432K, 99% used [0x00000007af0b0000,0x00000007b02a4430,0x00000007b02b0000)
  to   space 19392K, 0% used [0x00000007adcd0000,0x00000007adcd0000,0x00000007aefc0000)
 ParOldGen       total 174528K, used 101916K [0x0000000700600000, 0x000000070b070000, 0x00000007aacb0000)
  object space 174528K, 58% used [0x0000000700600000,0x00000007069872f0,0x000000070b070000)
 PSPermGen       total 21248K, used 17720K [0x00000006fb400000, 0x00000006fc8c0000, 0x0000000700600000)
  object space 21248K, 83% used [0x00000006fb400000,0x00000006fc54e2a0,0x00000006fc8c0000)
}
Event: 42.130 GC heap before
{Heap before GC invocations=79 (full 0):
 PSYoungGen      total 66816K, used 62707K [0x00000007aacb0000, 0x00000007b02b0000, 0x0000000800000000)
  eden space 48384K, 91% used [0x00000007aacb0000,0x00000007ad7f8ac0,0x00000007adbf0000)
  from space 18432K, 99% used [0x00000007af0b0000,0x00000007b02a4430,0x00000007b02b0000)
  to   space 19392K, 0% used [0x00000007adcd0000,0x00000007adcd0000,0x00000007aefc0000)
 ParOldGen       total 174528K, used 101916K [0x0000000700600000, 0x000000070b070000, 0x00000007aacb0000)
  object space 174528K, 58% used [0x0000000700600000,0x00000007069872f0,0x000000070b070000)
 PSPermGen       total 21248K, used 17720K [0x00000006fb400000, 0x00000006fc8c0000, 0x0000000700600000)
  object space 21248K, 83% used [0x00000006fb400000,0x00000006fc54e2a0,0x00000006fc8c0000)
Event: 42.138 GC heap after
Heap after GC invocations=79 (full 0):
 PSYoungGen      total 68672K, used 14073K [0x00000007aacb0000, 0x00000007b0c70000, 0x0000000800000000)
  eden space 49280K, 0% used [0x00000007aacb0000,0x00000007aacb0000,0x00000007adcd0000)
  from space 19392K, 72% used [0x00000007adcd0000,0x00000007aea8e5e0,0x00000007aefc0000)
  to   space 19968K, 0% used [0x00000007af8f0000,0x00000007af8f0000,0x00000007b0c70000)
 ParOldGen       total 174528K, used 129567K [0x0000000700600000, 0x000000070b070000, 0x00000007aacb0000)
  object space 174528K, 74% used [0x0000000700600000,0x0000000708487eb0,0x000000070b070000)
 PSPermGen       total 21248K, used 17720K [0x00000006fb400000, 0x00000006fc8c0000, 0x0000000700600000)
  object space 21248K, 83% used [0x00000006fb400000,0x00000006fc54e2a0,0x00000006fc8c0000)
}
Event: 42.448 GC heap before
{Heap before GC invocations=80 (full 0):
 PSYoungGen      total 68672K, used 62713K [0x00000007aacb0000, 0x00000007b0c70000, 0x0000000800000000)
  eden space 49280K, 98% used [0x00000007aacb0000,0x00000007adc300c8,0x00000007adcd0000)
  from space 19392K, 72% used [0x00000007adcd0000,0x00000007aea8e5e0,0x00000007aefc0000)
  to   space 19968K, 0% used [0x00000007af8f0000,0x00000007af8f0000,0x00000007b0c70000)
 ParOldGen       total 174528K, used 129567K [0x0000000700600000, 0x000000070b070000, 0x00000007aacb0000)
  object space 174528K, 74% used [0x0000000700600000,0x0000000708487eb0,0x000000070b070000)
 PSPermGen       total 21248K, used 17721K [0x00000006fb400000, 0x00000006fc8c0000, 0x0000000700600000)
  object space 21248K, 83% used [0x00000006fb400000,0x00000006fc54e4b8,0x00000006fc8c0000)
Event: 42.456 GC heap after
Heap after GC invocations=80 (full 0):
 PSYoungGen      total 78016K, used 18481K [0x00000007aacb0000, 0x00000007b0d90000, 0x0000000800000000)
  eden space 58048K, 0% used [0x00000007aacb0000,0x00000007aacb0000,0x00000007ae560000)
  from space 19968K, 92% used [0x00000007af8f0000,0x00000007b0afc430,0x00000007b0c70000)
  to   space 20032K, 0% used [0x00000007ae560000,0x00000007ae560000,0x00000007af8f0000)
 ParOldGen       total 174528K, used 152843K [0x0000000700600000, 0x000000070b070000, 0x00000007aacb0000)
  object space 174528K, 87% used [0x0000000700600000,0x0000000709b42c20,0x000000070b070000)
 PSPermGen       total 21248K, used 17721K [0x00000006fb400000, 0x00000006fc8c0000, 0x0000000700600000)
  object space 21248K, 83% used [0x00000006fb400000,0x00000006fc54e4b8,0x00000006fc8c0000)
}
Event: 42.655 GC heap before
{Heap before GC invocations=81 (full 0):
 PSYoungGen      total 78016K, used 73175K [0x00000007aacb0000, 0x00000007b0d90000, 0x0000000800000000)
  eden space 58048K, 94% used [0x00000007aacb0000,0x00000007ae219810,0x00000007ae560000)
  from space 19968K, 92% used [0x00000007af8f0000,0x00000007b0afc430,0x00000007b0c70000)
  to   space 20032K, 0% used [0x00000007ae560000,0x00000007ae560000,0x00000007af8f0000)
 ParOldGen       total 174528K, used 152843K [0x0000000700600000, 0x000000070b070000, 0x00000007aacb0000)
  object space 174528K, 87% used [0x0000000700600000,0x0000000709b42c20,0x000000070b070000)
 PSPermGen       total 21248K, used 17721K [0x00000006fb400000, 0x00000006fc8c0000, 0x0000000700600000)
  object space 21248K, 83% used [0x00000006fb400000,0x00000006fc54e4b8,0x00000006fc8c0000)
Event: 42.657 GC heap after
Heap after GC invocations=81 (full 0):
 PSYoungGen      total 78080K, used 18353K [0x00000007aacb0000, 0x00000007b17c0000, 0x0000000800000000)
  eden space 58048K, 0% used [0x00000007aacb0000,0x00000007aacb0000,0x00000007ae560000)
  from space 20032K, 91% used [0x00000007ae560000,0x00000007af74c430,0x00000007af8f0000)
  to   space 19968K, 0% used [0x00000007b0440000,0x00000007b0440000,0x00000007b17c0000)
 ParOldGen       total 174528K, used 152883K [0x0000000700600000, 0x000000070b070000, 0x00000007aacb0000)
  object space 174528K, 87% used [0x0000000700600000,0x0000000709b4cc20,0x000000070b070000)
 PSPermGen       total 21248K, used 17721K [0x00000006fb400000, 0x00000006fc8c0000, 0x0000000700600000)
  object space 21248K, 83% used [0x00000006fb400000,0x00000006fc54e4b8,0x00000006fc8c0000)
}
Event: 42.857 GC heap before
{Heap before GC invocations=82 (full 0):
 PSYoungGen      total 78080K, used 73040K [0x00000007aacb0000, 0x00000007b17c0000, 0x0000000800000000)
  eden space 58048K, 94% used [0x00000007aacb0000,0x00000007ae217ee0,0x00000007ae560000)
  from space 20032K, 91% used [0x00000007ae560000,0x00000007af74c430,0x00000007af8f0000)
  to   space 19968K, 0% used [0x00000007b0440000,0x00000007b0440000,0x00000007b17c0000)
 ParOldGen       total 174528K, used 152883K [0x0000000700600000, 0x000000070b070000, 0x00000007aacb0000)
  object space 174528K, 87% used [0x0000000700600000,0x0000000709b4cc20,0x000000070b070000)
 PSPermGen       total 21248K, used 17721K [0x00000006fb400000, 0x00000006fc8c0000, 0x0000000700600000)
  object space 21248K, 83% used [0x00000006fb400000,0x00000006fc54e4b8,0x00000006fc8c0000)
Event: 42.861 GC heap after
Heap after GC invocations=82 (full 0):
 PSYoungGen      total 89536K, used 18289K [0x00000007aacb0000, 0x00000007b17a0000, 0x0000000800000000)
  eden space 69696K, 0% used [0x00000007aacb0000,0x00000007aacb0000,0x00000007af0c0000)
  from space 19840K, 92% used [0x00000007b0440000,0x00000007b161c430,0x00000007b17a0000)
  to   space 19904K, 0% used [0x00000007af0c0000,0x00000007af0c0000,0x00000007b0430000)
 ParOldGen       total 174528K, used 152899K [0x0000000700600000, 0x000000070b070000, 0x00000007aacb0000)
  object space 174528K, 87% used [0x0000000700600000,0x0000000709b50c20,0x000000070b070000)
 PSPermGen       total 21248K, used 17721K [0x00000006fb400000, 0x00000006fc8c0000, 0x0000000700600000)
  object space 21248K, 83% used [0x00000006fb400000,0x00000006fc54e4b8,0x00000006fc8c0000)
}

