# JRE version: 7.0_07-b11
# Java VM: Java HotSpot(TM) 64-Bit Server VM (23.3-b01 mixed mode windows-amd64 compressed oops)
Heap
 PSYoungGen      total 1362560K, used 1129097K [0x00000007aacb0000, 0x0000000800000000, 0x0000000800000000)
  eden space 1333952K, 84% used [0x00000007aacb0000,0x00000007efb52428,0x00000007fc360000)
  from space 28608K, 0% used [0x00000007fc360000,0x00000007fc360000,0x00000007fdf50000)
  to   space 31744K, 0% used [0x00000007fe100000,0x00000007fe100000,0x0000000800000000)
 ParOldGen       total 351232K, used 58514K [0x0000000700600000, 0x0000000715d00000, 0x00000007aacb0000)
  object space 351232K, 16% used [0x0000000700600000,0x0000000703f249f8,0x0000000715d00000)
 PSPermGen       total 34368K, used 18360K [0x00000006fb400000, 0x00000006fd590000, 0x0000000700600000)
  object space 34368K, 53% used [0x00000006fb400000,0x00000006fc5ee270,0x00000006fd590000)
GC Heap History (10 events):
Event: 29.384 GC heap before
{Heap before GC invocations=19 (full 5):
 PSYoungGen      total 1125312K, used 1125268K [0x00000007aacb0000, 0x00000007f2e50000, 0x0000000800000000)
  eden space 1105856K, 100% used [0x00000007aacb0000,0x00000007ee4a0000,0x00000007ee4a0000)
  from space 19456K, 99% used [0x00000007f1b50000,0x00000007f2e45070,0x00000007f2e50000)
  to   space 28672K, 0% used [0x00000007ef650000,0x00000007ef650000,0x00000007f1250000)
 ParOldGen       total 249792K, used 225142K [0x0000000700600000, 0x000000070f9f0000, 0x00000007aacb0000)
  object space 249792K, 90% used [0x0000000700600000,0x000000070e1ddbb8,0x000000070f9f0000)
 PSPermGen       total 37696K, used 18249K [0x00000006fb400000, 0x00000006fd8d0000, 0x0000000700600000)
  object space 37696K, 48% used [0x00000006fb400000,0x00000006fc5d26a0,0x00000006fd8d0000)
Event: 29.416 GC heap after
Heap after GC invocations=19 (full 5):
 PSYoungGen      total 1125312K, used 0K [0x00000007aacb0000, 0x00000007f2e50000, 0x0000000800000000)
  eden space 1105856K, 0% used [0x00000007aacb0000,0x00000007aacb0000,0x00000007ee4a0000)
  from space 19456K, 0% used [0x00000007f1b50000,0x00000007f1b50000,0x00000007f2e50000)
  to   space 28672K, 0% used [0x00000007ef650000,0x00000007ef650000,0x00000007f1250000)
 ParOldGen       total 286976K, used 46249K [0x0000000700600000, 0x0000000711e40000, 0x00000007aacb0000)
  object space 286976K, 16% used [0x0000000700600000,0x000000070332a588,0x0000000711e40000)
 PSPermGen       total 36096K, used 18249K [0x00000006fb400000, 0x00000006fd740000, 0x0000000700600000)
  object space 36096K, 50% used [0x00000006fb400000,0x00000006fc5d2520,0x00000006fd740000)
}
Event: 31.589 GC heap before
{Heap before GC invocations=20 (full 5):
 PSYoungGen      total 1125312K, used 1105162K [0x00000007aacb0000, 0x00000007f2e50000, 0x0000000800000000)
  eden space 1105856K, 99% used [0x00000007aacb0000,0x00000007ee3f2b68,0x00000007ee4a0000)
  from space 19456K, 0% used [0x00000007f1b50000,0x00000007f1b50000,0x00000007f2e50000)
  to   space 28672K, 0% used [0x00000007ef650000,0x00000007ef650000,0x00000007f1250000)
 ParOldGen       total 286976K, used 46249K [0x0000000700600000, 0x0000000711e40000, 0x00000007aacb0000)
  object space 286976K, 16% used [0x0000000700600000,0x000000070332a588,0x0000000711e40000)
 PSPermGen       total 36096K, used 18263K [0x00000006fb400000, 0x00000006fd740000, 0x0000000700600000)
  object space 36096K, 50% used [0x00000006fb400000,0x00000006fc5d5ff0,0x00000006fd740000)
Event: 31.599 GC heap after
Heap after GC invocations=20 (full 5):
 PSYoungGen      total 1152640K, used 28195K [0x00000007aacb0000, 0x0000000800000000, 0x0000000800000000)
  eden space 1123968K, 0% used [0x00000007aacb0000,0x00000007aacb0000,0x00000007ef650000)
  from space 28672K, 98% used [0x00000007ef650000,0x00000007f11d8f80,0x00000007f1250000)
  to   space 29760K, 0% used [0x00000007fe2f0000,0x00000007fe2f0000,0x0000000800000000)
 ParOldGen       total 286976K, used 63841K [0x0000000700600000, 0x0000000711e40000, 0x00000007aacb0000)
  object space 286976K, 22% used [0x0000000700600000,0x0000000704458688,0x0000000711e40000)
 PSPermGen       total 36096K, used 18263K [0x00000006fb400000, 0x00000006fd740000, 0x0000000700600000)
  object space 36096K, 50% used [0x00000006fb400000,0x00000006fc5d5ff0,0x00000006fd740000)
}
Event: 34.153 GC heap before
{Heap before GC invocations=21 (full 5):
 PSYoungGen      total 1152640K, used 1146794K [0x00000007aacb0000, 0x0000000800000000, 0x0000000800000000)
  eden space 1123968K, 99% used [0x00000007aacb0000,0x00000007ef111bd8,0x00000007ef650000)
  from space 28672K, 98% used [0x00000007ef650000,0x00000007f11d8f80,0x00000007f1250000)
  to   space 29760K, 0% used [0x00000007fe2f0000,0x00000007fe2f0000,0x0000000800000000)
 ParOldGen       total 286976K, used 63841K [0x0000000700600000, 0x0000000711e40000, 0x00000007aacb0000)
  object space 286976K, 22% used [0x0000000700600000,0x0000000704458688,0x0000000711e40000)
 PSPermGen       total 36096K, used 18282K [0x00000006fb400000, 0x00000006fd740000, 0x0000000700600000)
  object space 36096K, 50% used [0x00000006fb400000,0x00000006fc5dab00,0x00000006fd740000)
Event: 34.161 GC heap after
Heap after GC invocations=21 (full 5):
 PSYoungGen      total 1363712K, used 29557K [0x00000007aacb0000, 0x0000000800000000, 0x0000000800000000)
  eden space 1333952K, 0% used [0x00000007aacb0000,0x00000007aacb0000,0x00000007fc360000)
  from space 29760K, 99% used [0x00000007fe2f0000,0x00000007fffcd640,0x0000000800000000)
  to   space 31040K, 0% used [0x00000007fc360000,0x00000007fc360000,0x00000007fe1b0000)
 ParOldGen       total 286976K, used 75991K [0x0000000700600000, 0x0000000711e40000, 0x00000007aacb0000)
  object space 286976K, 26% used [0x0000000700600000,0x0000000705035ea8,0x0000000711e40000)
 PSPermGen       total 36096K, used 18282K [0x00000006fb400000, 0x00000006fd740000, 0x0000000700600000)
  object space 36096K, 50% used [0x00000006fb400000,0x00000006fc5dab00,0x00000006fd740000)
}
Event: 37.083 GC heap before
{Heap before GC invocations=22 (full 5):
 PSYoungGen      total 1363712K, used 1362579K [0x00000007aacb0000, 0x0000000800000000, 0x0000000800000000)
  eden space 1333952K, 99% used [0x00000007aacb0000,0x00000007fc277600,0x00000007fc360000)
  from space 29760K, 99% used [0x00000007fe2f0000,0x00000007fffcd640,0x0000000800000000)
  to   space 31040K, 0% used [0x00000007fc360000,0x00000007fc360000,0x00000007fe1b0000)
 ParOldGen       total 286976K, used 78016K [0x0000000700600000, 0x0000000711e40000, 0x00000007aacb0000)
  object space 286976K, 27% used [0x0000000700600000,0x00000007052302b8,0x0000000711e40000)
 PSPermGen       total 36096K, used 18286K [0x00000006fb400000, 0x00000006fd740000, 0x0000000700600000)
  object space 36096K, 50% used [0x00000006fb400000,0x00000006fc5dbb00,0x00000006fd740000)
Event: 37.093 GC heap after
Heap after GC invocations=22 (full 5):
 PSYoungGen      total 1362560K, used 28577K [0x00000007aacb0000, 0x0000000800000000, 0x0000000800000000)
  eden space 1333952K, 0% used [0x00000007aacb0000,0x00000007aacb0000,0x00000007fc360000)
  from space 28608K, 99% used [0x00000007fc360000,0x00000007fdf48420,0x00000007fdf50000)
  to   space 31744K, 0% used [0x00000007fe100000,0x00000007fe100000,0x0000000800000000)
 ParOldGen       total 286976K, used 84851K [0x0000000700600000, 0x0000000711e40000, 0x00000007aacb0000)
  object space 286976K, 29% used [0x0000000700600000,0x00000007058dcc58,0x0000000711e40000)
 PSPermGen       total 36096K, used 18286K [0x00000006fb400000, 0x00000006fd740000, 0x0000000700600000)
  object space 36096K, 50% used [0x00000006fb400000,0x00000006fc5dbb00,0x00000006fd740000)
}
Event: 42.327 GC heap before
{Heap before GC invocations=23 (full 6):
 PSYoungGen      total 1362560K, used 1360019K [0x00000007aacb0000, 0x0000000800000000, 0x0000000800000000)
  eden space 1333952K, 99% used [0x00000007aacb0000,0x00000007fc0ec7f8,0x00000007fc360000)
  from space 28608K, 99% used [0x00000007fc360000,0x00000007fdf48420,0x00000007fdf50000)
  to   space 31744K, 0% used [0x00000007fe100000,0x00000007fe100000,0x0000000800000000)
 ParOldGen       total 388416K, used 385184K [0x0000000700600000, 0x0000000718150000, 0x00000007aacb0000)
  object space 388416K, 99% used [0x0000000700600000,0x0000000717e28388,0x0000000718150000)
 PSPermGen       total 36096K, used 18313K [0x00000006fb400000, 0x00000006fd740000, 0x0000000700600000)
  object space 36096K, 50% used [0x00000006fb400000,0x00000006fc5e2440,0x00000006fd740000)
Event: 42.371 GC heap after
Heap after GC invocations=23 (full 6):
 PSYoungGen      total 1362560K, used 0K [0x00000007aacb0000, 0x0000000800000000, 0x0000000800000000)
  eden space 1333952K, 0% used [0x00000007aacb0000,0x00000007aacb0000,0x00000007fc360000)
  from space 28608K, 0% used [0x00000007fc360000,0x00000007fc360000,0x00000007fdf50000)
  to   space 31744K, 0% used [0x00000007fe100000,0x00000007fe100000,0x0000000800000000)
 ParOldGen       total 351232K, used 58514K [0x0000000700600000, 0x0000000715d00000, 0x00000007aacb0000)
  object space 351232K, 16% used [0x0000000700600000,0x0000000703f249f8,0x0000000715d00000)
 PSPermGen       total 34368K, used 18312K [0x00000006fb400000, 0x00000006fd590000, 0x0000000700600000)
  object space 34368K, 53% used [0x00000006fb400000,0x00000006fc5e2380,0x00000006fd590000)
}

