# JRE version: 7.0_07-b11
# Java VM: Java HotSpot(TM) 64-Bit Server VM (23.3-b01 mixed mode windows-amd64 compressed oops)
Heap
 PSYoungGen      total 1178496K, used 176907K [0x00000007aacb0000, 0x0000000800000000, 0x0000000800000000)
  eden space 1144064K, 14% used [0x00000007aacb0000,0x00000007b4e99770,0x00000007f09f0000)
  from space 34432K, 32% used [0x00000007f09f0000,0x00000007f14c97a0,0x00000007f2b90000)
  to   space 35008K, 0% used [0x00000007fddd0000,0x00000007fddd0000,0x0000000800000000)
 ParOldGen       total 222848K, used 82633K [0x0000000700600000, 0x000000070dfa0000, 0x00000007aacb0000)
  object space 222848K, 37% used [0x0000000700600000,0x00000007056b2708,0x000000070dfa0000)
 PSPermGen       total 39552K, used 18203K [0x00000006fb400000, 0x00000006fdaa0000, 0x0000000700600000)
  object space 39552K, 46% used [0x00000006fb400000,0x00000006fc5c6da8,0x00000006fdaa0000)
GC Heap History (10 events):
Event: 13.481 GC heap before
{Heap before GC invocations=14 (full 3):
 PSYoungGen      total 752000K, used 722176K [0x00000007aacb0000, 0x00000007ea110000, 0x0000000800000000)
  eden space 722176K, 100% used [0x00000007aacb0000,0x00000007d6df0000,0x00000007d6df0000)
  from space 29824K, 0% used [0x00000007d6df0000,0x00000007d6df0000,0x00000007d8b10000)
  to   space 30208K, 0% used [0x00000007e8390000,0x00000007e8390000,0x00000007ea110000)
 ParOldGen       total 192448K, used 177054K [0x0000000700600000, 0x000000070c1f0000, 0x00000007aacb0000)
  object space 192448K, 92% used [0x0000000700600000,0x000000070b2e7998,0x000000070c1f0000)
 PSPermGen       total 41216K, used 18153K [0x00000006fb400000, 0x00000006fdc40000, 0x0000000700600000)
  object space 41216K, 44% used [0x00000006fb400000,0x00000006fc5ba630,0x00000006fdc40000)
Event: 13.515 GC heap after
Heap after GC invocations=14 (full 3):
 PSYoungGen      total 752000K, used 0K [0x00000007aacb0000, 0x00000007ea110000, 0x0000000800000000)
  eden space 722176K, 0% used [0x00000007aacb0000,0x00000007aacb0000,0x00000007d6df0000)
  from space 29824K, 0% used [0x00000007d6df0000,0x00000007d6df0000,0x00000007d8b10000)
  to   space 30208K, 0% used [0x00000007e8390000,0x00000007e8390000,0x00000007ea110000)
 ParOldGen       total 222848K, used 47982K [0x0000000700600000, 0x000000070dfa0000, 0x00000007aacb0000)
  object space 222848K, 21% used [0x0000000700600000,0x00000007034db8c8,0x000000070dfa0000)
 PSPermGen       total 39552K, used 18153K [0x00000006fb400000, 0x00000006fdaa0000, 0x0000000700600000)
  object space 39552K, 45% used [0x00000006fb400000,0x00000006fc5ba630,0x00000006fdaa0000)
}
Event: 16.267 GC heap before
{Heap before GC invocations=15 (full 3):
 PSYoungGen      total 752000K, used 721193K [0x00000007aacb0000, 0x00000007ea110000, 0x0000000800000000)
  eden space 722176K, 99% used [0x00000007aacb0000,0x00000007d6cfa7b0,0x00000007d6df0000)
  from space 29824K, 0% used [0x00000007d6df0000,0x00000007d6df0000,0x00000007d8b10000)
  to   space 30208K, 0% used [0x00000007e8390000,0x00000007e8390000,0x00000007ea110000)
 ParOldGen       total 222848K, used 47982K [0x0000000700600000, 0x000000070dfa0000, 0x00000007aacb0000)
  object space 222848K, 21% used [0x0000000700600000,0x00000007034db8c8,0x000000070dfa0000)
 PSPermGen       total 39552K, used 18166K [0x00000006fb400000, 0x00000006fdaa0000, 0x0000000700600000)
  object space 39552K, 45% used [0x00000006fb400000,0x00000006fc5bd8e8,0x00000006fdaa0000)
Event: 16.278 GC heap after
Heap after GC invocations=15 (full 3):
 PSYoungGen      total 953152K, used 30053K [0x00000007aacb0000, 0x00000007ea0f0000, 0x0000000800000000)
  eden space 923072K, 0% used [0x00000007aacb0000,0x00000007aacb0000,0x00000007e3220000)
  from space 30080K, 99% used [0x00000007e8390000,0x00000007ea0e95b0,0x00000007ea0f0000)
  to   space 31936K, 0% used [0x00000007e6290000,0x00000007e6290000,0x00000007e81c0000)
 ParOldGen       total 222848K, used 82633K [0x0000000700600000, 0x000000070dfa0000, 0x00000007aacb0000)
  object space 222848K, 37% used [0x0000000700600000,0x00000007056b2708,0x000000070dfa0000)
 PSPermGen       total 39552K, used 18166K [0x00000006fb400000, 0x00000006fdaa0000, 0x0000000700600000)
  object space 39552K, 45% used [0x00000006fb400000,0x00000006fc5bd8e8,0x00000006fdaa0000)
}
Event: 20.220 GC heap before
{Heap before GC invocations=16 (full 3):
 PSYoungGen      total 953152K, used 951590K [0x00000007aacb0000, 0x00000007ea0f0000, 0x0000000800000000)
  eden space 923072K, 99% used [0x00000007aacb0000,0x00000007e30a03d0,0x00000007e3220000)
  from space 30080K, 99% used [0x00000007e8390000,0x00000007ea0e95b0,0x00000007ea0f0000)
  to   space 31936K, 0% used [0x00000007e6290000,0x00000007e6290000,0x00000007e81c0000)
 ParOldGen       total 222848K, used 82633K [0x0000000700600000, 0x000000070dfa0000, 0x00000007aacb0000)
  object space 222848K, 37% used [0x0000000700600000,0x00000007056b2708,0x000000070dfa0000)
 PSPermGen       total 39552K, used 18171K [0x00000006fb400000, 0x00000006fdaa0000, 0x0000000700600000)
  object space 39552K, 45% used [0x00000006fb400000,0x00000006fc5becd0,0x00000006fdaa0000)
Event: 20.223 GC heap after
Heap after GC invocations=16 (full 3):
 PSYoungGen      total 1004608K, used 11013K [0x00000007aacb0000, 0x00000007f4c40000, 0x0000000800000000)
  eden space 972672K, 0% used [0x00000007aacb0000,0x00000007aacb0000,0x00000007e6290000)
  from space 31936K, 34% used [0x00000007e6290000,0x00000007e6d517a0,0x00000007e81c0000)
  to   space 33472K, 0% used [0x00000007f2b90000,0x00000007f2b90000,0x00000007f4c40000)
 ParOldGen       total 222848K, used 82633K [0x0000000700600000, 0x000000070dfa0000, 0x00000007aacb0000)
  object space 222848K, 37% used [0x0000000700600000,0x00000007056b2708,0x000000070dfa0000)
 PSPermGen       total 39552K, used 18171K [0x00000006fb400000, 0x00000006fdaa0000, 0x0000000700600000)
  object space 39552K, 45% used [0x00000006fb400000,0x00000006fc5becd0,0x00000006fdaa0000)
}
Event: 24.384 GC heap before
{Heap before GC invocations=17 (full 3):
 PSYoungGen      total 1004608K, used 979873K [0x00000007aacb0000, 0x00000007f4c40000, 0x0000000800000000)
  eden space 972672K, 99% used [0x00000007aacb0000,0x00000007e5ed6cf0,0x00000007e6290000)
  from space 31936K, 34% used [0x00000007e6290000,0x00000007e6d517a0,0x00000007e81c0000)
  to   space 33472K, 0% used [0x00000007f2b90000,0x00000007f2b90000,0x00000007f4c40000)
 ParOldGen       total 222848K, used 82633K [0x0000000700600000, 0x000000070dfa0000, 0x00000007aacb0000)
  object space 222848K, 37% used [0x0000000700600000,0x00000007056b2708,0x000000070dfa0000)
 PSPermGen       total 39552K, used 18172K [0x00000006fb400000, 0x00000006fdaa0000, 0x0000000700600000)
  object space 39552K, 45% used [0x00000006fb400000,0x00000006fc5bf398,0x00000006fdaa0000)
Event: 24.388 GC heap after
Heap after GC invocations=17 (full 3):
 PSYoungGen      total 1177536K, used 11077K [0x00000007aacb0000, 0x00000007f69c0000, 0x0000000800000000)
  eden space 1144064K, 0% used [0x00000007aacb0000,0x00000007aacb0000,0x00000007f09f0000)
  from space 33472K, 33% used [0x00000007f2b90000,0x00000007f36617a0,0x00000007f4c40000)
  to   space 34432K, 0% used [0x00000007f09f0000,0x00000007f09f0000,0x00000007f2b90000)
 ParOldGen       total 222848K, used 82633K [0x0000000700600000, 0x000000070dfa0000, 0x00000007aacb0000)
  object space 222848K, 37% used [0x0000000700600000,0x00000007056b2708,0x000000070dfa0000)
 PSPermGen       total 39552K, used 18172K [0x00000006fb400000, 0x00000006fdaa0000, 0x0000000700600000)
  object space 39552K, 45% used [0x00000006fb400000,0x00000006fc5bf398,0x00000006fdaa0000)
}
Event: 29.299 GC heap before
{Heap before GC invocations=18 (full 3):
 PSYoungGen      total 1177536K, used 1150858K [0x00000007aacb0000, 0x00000007f69c0000, 0x0000000800000000)
  eden space 1144064K, 99% used [0x00000007aacb0000,0x00000007f05c1358,0x00000007f09f0000)
  from space 33472K, 33% used [0x00000007f2b90000,0x00000007f36617a0,0x00000007f4c40000)
  to   space 34432K, 0% used [0x00000007f09f0000,0x00000007f09f0000,0x00000007f2b90000)
 ParOldGen       total 222848K, used 82633K [0x0000000700600000, 0x000000070dfa0000, 0x00000007aacb0000)
  object space 222848K, 37% used [0x0000000700600000,0x00000007056b2708,0x000000070dfa0000)
 PSPermGen       total 39552K, used 18179K [0x00000006fb400000, 0x00000006fdaa0000, 0x0000000700600000)
  object space 39552K, 45% used [0x00000006fb400000,0x00000006fc5c0e20,0x00000006fdaa0000)
Event: 29.303 GC heap after
Heap after GC invocations=18 (full 3):
 PSYoungGen      total 1178496K, used 11109K [0x00000007aacb0000, 0x0000000800000000, 0x0000000800000000)
  eden space 1144064K, 0% used [0x00000007aacb0000,0x00000007aacb0000,0x00000007f09f0000)
  from space 34432K, 32% used [0x00000007f09f0000,0x00000007f14c97a0,0x00000007f2b90000)
  to   space 35008K, 0% used [0x00000007fddd0000,0x00000007fddd0000,0x0000000800000000)
 ParOldGen       total 222848K, used 82633K [0x0000000700600000, 0x000000070dfa0000, 0x00000007aacb0000)
  object space 222848K, 37% used [0x0000000700600000,0x00000007056b2708,0x000000070dfa0000)
 PSPermGen       total 39552K, used 18179K [0x00000006fb400000, 0x00000006fdaa0000, 0x0000000700600000)
  object space 39552K, 45% used [0x00000006fb400000,0x00000006fc5c0e20,0x00000006fdaa0000)
}

