# JRE version: 7.0_07-b11
# Java VM: Java HotSpot(TM) 64-Bit Server VM (23.3-b01 mixed mode windows-amd64 compressed oops)
Heap
 PSYoungGen      total 1274944K, used 654002K [0x00000007aacb0000, 0x0000000800000000, 0x0000000800000000)
  eden space 1202624K, 54% used [0x00000007aacb0000,0x00000007d2b5c9c0,0x00000007f4320000)
  from space 72320K, 0% used [0x00000007f4320000,0x00000007f4320000,0x00000007f89c0000)
  to   space 73856K, 0% used [0x00000007fb7e0000,0x00000007fb7e0000,0x0000000800000000)
 ParOldGen       total 251584K, used 42523K [0x0000000700600000, 0x000000070fbb0000, 0x00000007aacb0000)
  object space 251584K, 16% used [0x0000000700600000,0x0000000702f86fc8,0x000000070fbb0000)
 PSPermGen       total 37760K, used 18110K [0x00000006fb400000, 0x00000006fd8e0000, 0x0000000700600000)
  object space 37760K, 47% used [0x00000006fb400000,0x00000006fc5af848,0x00000006fd8e0000)
GC Heap History (10 events):
Event: 18.759 GC heap before
{Heap before GC invocations=17 (full 3):
 PSYoungGen      total 998592K, used 972549K [0x00000007aacb0000, 0x00000007ecec0000, 0x0000000800000000)
  eden space 932544K, 100% used [0x00000007aacb0000,0x00000007e3b60000,0x00000007e3b60000)
  from space 66048K, 60% used [0x00000007e8e40000,0x00000007eb551460,0x00000007ecec0000)
  to   space 75456K, 0% used [0x00000007e3b60000,0x00000007e3b60000,0x00000007e8510000)
 ParOldGen       total 180096K, used 180049K [0x0000000700600000, 0x000000070b5e0000, 0x00000007aacb0000)
  object space 180096K, 99% used [0x0000000700600000,0x000000070b5d46a0,0x000000070b5e0000)
 PSPermGen       total 40448K, used 18044K [0x00000006fb400000, 0x00000006fdb80000, 0x0000000700600000)
  object space 40448K, 44% used [0x00000006fb400000,0x00000006fc59f2b8,0x00000006fdb80000)
Event: 18.801 GC heap after
Heap after GC invocations=17 (full 3):
 PSYoungGen      total 998592K, used 0K [0x00000007aacb0000, 0x00000007ecec0000, 0x0000000800000000)
  eden space 932544K, 0% used [0x00000007aacb0000,0x00000007aacb0000,0x00000007e3b60000)
  from space 66048K, 0% used [0x00000007e8e40000,0x00000007e8e40000,0x00000007ecec0000)
  to   space 75456K, 0% used [0x00000007e3b60000,0x00000007e3b60000,0x00000007e8510000)
 ParOldGen       total 206464K, used 40458K [0x0000000700600000, 0x000000070cfa0000, 0x00000007aacb0000)
  object space 206464K, 19% used [0x0000000700600000,0x0000000702d82a80,0x000000070cfa0000)
 PSPermGen       total 39296K, used 18044K [0x00000006fb400000, 0x00000006fda60000, 0x0000000700600000)
  object space 39296K, 45% used [0x00000006fb400000,0x00000006fc59f2b8,0x00000006fda60000)
}
Event: 20.486 GC heap before
{Heap before GC invocations=18 (full 3):
 PSYoungGen      total 998592K, used 931314K [0x00000007aacb0000, 0x00000007ecec0000, 0x0000000800000000)
  eden space 932544K, 99% used [0x00000007aacb0000,0x00000007e3a2c890,0x00000007e3b60000)
  from space 66048K, 0% used [0x00000007e8e40000,0x00000007e8e40000,0x00000007ecec0000)
  to   space 75456K, 0% used [0x00000007e3b60000,0x00000007e3b60000,0x00000007e8510000)
 ParOldGen       total 206464K, used 40458K [0x0000000700600000, 0x000000070cfa0000, 0x00000007aacb0000)
  object space 206464K, 19% used [0x0000000700600000,0x0000000702d82a80,0x000000070cfa0000)
 PSPermGen       total 39296K, used 18051K [0x00000006fb400000, 0x00000006fda60000, 0x0000000700600000)
  object space 39296K, 45% used [0x00000006fb400000,0x00000006fc5a0d38,0x00000006fda60000)
Event: 20.499 GC heap after
Heap after GC invocations=18 (full 3):
 PSYoungGen      total 1008000K, used 41070K [0x00000007aacb0000, 0x00000007fea50000, 0x0000000800000000)
  eden space 932544K, 0% used [0x00000007aacb0000,0x00000007aacb0000,0x00000007e3b60000)
  from space 75456K, 54% used [0x00000007e3b60000,0x00000007e637b970,0x00000007e8510000)
  to   space 74240K, 0% used [0x00000007fa1d0000,0x00000007fa1d0000,0x00000007fea50000)
 ParOldGen       total 206464K, used 40458K [0x0000000700600000, 0x000000070cfa0000, 0x00000007aacb0000)
  object space 206464K, 19% used [0x0000000700600000,0x0000000702d82a80,0x000000070cfa0000)
 PSPermGen       total 39296K, used 18051K [0x00000006fb400000, 0x00000006fda60000, 0x0000000700600000)
  object space 39296K, 45% used [0x00000006fb400000,0x00000006fc5a0d38,0x00000006fda60000)
}
Event: 22.251 GC heap before
{Heap before GC invocations=19 (full 3):
 PSYoungGen      total 1008000K, used 968623K [0x00000007aacb0000, 0x00000007fea50000, 0x0000000800000000)
  eden space 932544K, 99% used [0x00000007aacb0000,0x00000007e36805c8,0x00000007e3b60000)
  from space 75456K, 54% used [0x00000007e3b60000,0x00000007e637b970,0x00000007e8510000)
  to   space 74240K, 0% used [0x00000007fa1d0000,0x00000007fa1d0000,0x00000007fea50000)
 ParOldGen       total 206464K, used 46533K [0x0000000700600000, 0x000000070cfa0000, 0x00000007aacb0000)
  object space 206464K, 22% used [0x0000000700600000,0x0000000703371690,0x000000070cfa0000)
 PSPermGen       total 39296K, used 18053K [0x00000006fb400000, 0x00000006fda60000, 0x0000000700600000)
  object space 39296K, 45% used [0x00000006fb400000,0x00000006fc5a1480,0x00000006fda60000)
Event: 22.257 GC heap after
Heap after GC invocations=19 (full 3):
 PSYoungGen      total 1250304K, used 21067K [0x00000007aacb0000, 0x00000007fd060000, 0x0000000800000000)
  eden space 1202624K, 0% used [0x00000007aacb0000,0x00000007aacb0000,0x00000007f4320000)
  from space 47680K, 44% used [0x00000007fa1d0000,0x00000007fb662e10,0x00000007fd060000)
  to   space 72320K, 0% used [0x00000007f4320000,0x00000007f4320000,0x00000007f89c0000)
 ParOldGen       total 206464K, used 52656K [0x0000000700600000, 0x000000070cfa0000, 0x00000007aacb0000)
  object space 206464K, 25% used [0x0000000700600000,0x000000070396c2c0,0x000000070cfa0000)
 PSPermGen       total 39296K, used 18053K [0x00000006fb400000, 0x00000006fda60000, 0x0000000700600000)
  object space 39296K, 45% used [0x00000006fb400000,0x00000006fc5a1480,0x00000006fda60000)
}
Event: 24.684 GC heap before
{Heap before GC invocations=20 (full 3):
 PSYoungGen      total 1250304K, used 1223691K [0x00000007aacb0000, 0x00000007fd060000, 0x0000000800000000)
  eden space 1202624K, 100% used [0x00000007aacb0000,0x00000007f4320000,0x00000007f4320000)
  from space 47680K, 44% used [0x00000007fa1d0000,0x00000007fb662e10,0x00000007fd060000)
  to   space 72320K, 0% used [0x00000007f4320000,0x00000007f4320000,0x00000007f89c0000)
 ParOldGen       total 206464K, used 179203K [0x0000000700600000, 0x000000070cfa0000, 0x00000007aacb0000)
  object space 206464K, 86% used [0x0000000700600000,0x000000070b500ce8,0x000000070cfa0000)
 PSPermGen       total 39296K, used 18073K [0x00000006fb400000, 0x00000006fda60000, 0x0000000700600000)
  object space 39296K, 45% used [0x00000006fb400000,0x00000006fc5a6528,0x00000006fda60000)
Event: 24.685 GC heap after
Heap after GC invocations=20 (full 3):
 PSYoungGen      total 1274944K, used 256K [0x00000007aacb0000, 0x0000000800000000, 0x0000000800000000)
  eden space 1202624K, 0% used [0x00000007aacb0000,0x00000007aacb0000,0x00000007f4320000)
  from space 72320K, 0% used [0x00000007f4320000,0x00000007f4360000,0x00000007f89c0000)
  to   space 73856K, 0% used [0x00000007fb7e0000,0x00000007fb7e0000,0x0000000800000000)
 ParOldGen       total 206464K, used 179235K [0x0000000700600000, 0x000000070cfa0000, 0x00000007aacb0000)
  object space 206464K, 86% used [0x0000000700600000,0x000000070b508ce8,0x000000070cfa0000)
 PSPermGen       total 39296K, used 18073K [0x00000006fb400000, 0x00000006fda60000, 0x0000000700600000)
  object space 39296K, 45% used [0x00000006fb400000,0x00000006fc5a6528,0x00000006fda60000)
}
Event: 27.101 GC heap before
{Heap before GC invocations=21 (full 4):
 PSYoungGen      total 1274944K, used 1202880K [0x00000007aacb0000, 0x0000000800000000, 0x0000000800000000)
  eden space 1202624K, 100% used [0x00000007aacb0000,0x00000007f4320000,0x00000007f4320000)
  from space 72320K, 0% used [0x00000007f4320000,0x00000007f4360000,0x00000007f89c0000)
  to   space 73856K, 0% used [0x00000007fb7e0000,0x00000007fb7e0000,0x0000000800000000)
 ParOldGen       total 289600K, used 288684K [0x0000000700600000, 0x00000007120d0000, 0x00000007aacb0000)
  object space 289600K, 99% used [0x0000000700600000,0x0000000711feb090,0x00000007120d0000)
 PSPermGen       total 39296K, used 18075K [0x00000006fb400000, 0x00000006fda60000, 0x0000000700600000)
  object space 39296K, 45% used [0x00000006fb400000,0x00000006fc5a6e28,0x00000006fda60000)
Event: 27.137 GC heap after
Heap after GC invocations=21 (full 4):
 PSYoungGen      total 1274944K, used 0K [0x00000007aacb0000, 0x0000000800000000, 0x0000000800000000)
  eden space 1202624K, 0% used [0x00000007aacb0000,0x00000007aacb0000,0x00000007f4320000)
  from space 72320K, 0% used [0x00000007f4320000,0x00000007f4320000,0x00000007f89c0000)
  to   space 73856K, 0% used [0x00000007fb7e0000,0x00000007fb7e0000,0x0000000800000000)
 ParOldGen       total 251584K, used 42523K [0x0000000700600000, 0x000000070fbb0000, 0x00000007aacb0000)
  object space 251584K, 16% used [0x0000000700600000,0x0000000702f86fc8,0x000000070fbb0000)
 PSPermGen       total 37760K, used 18075K [0x00000006fb400000, 0x00000006fd8e0000, 0x0000000700600000)
  object space 37760K, 47% used [0x00000006fb400000,0x00000006fc5a6d28,0x00000006fd8e0000)
}

