# JRE version: 7.0_07-b11
# Java VM: Java HotSpot(TM) 64-Bit Server VM (23.3-b01 mixed mode windows-amd64 compressed oops)
Heap
 PSYoungGen      total 96704K, used 86703K [0x00000007aacb0000, 0x00000007b1eb0000, 0x0000000800000000)
  eden space 76928K, 88% used [0x00000007aacb0000,0x00000007aef77a30,0x00000007af7d0000)
  from space 19776K, 92% used [0x00000007b0b10000,0x00000007b1cf4430,0x00000007b1e60000)
  to   space 19712K, 0% used [0x00000007af7d0000,0x00000007af7d0000,0x00000007b0b10000)
 ParOldGen       total 454144K, used 449576K [0x0000000700600000, 0x000000071c180000, 0x00000007aacb0000)
  object space 454144K, 98% used [0x0000000700600000,0x000000071bd0a018,0x000000071c180000)
 PSPermGen       total 30464K, used 17815K [0x00000006fb400000, 0x00000006fd1c0000, 0x0000000700600000)
  object space 30464K, 58% used [0x00000006fb400000,0x00000006fc565ea8,0x00000006fd1c0000)
GC Heap History (10 events):
Event: 273.940 GC heap before
{Heap before GC invocations=444 (full 8):
 PSYoungGen      total 86976K, used 85321K [0x00000007aacb0000, 0x00000007b16b0000, 0x0000000800000000)
  eden space 68480K, 97% used [0x00000007aacb0000,0x00000007aedfe040,0x00000007aef90000)
  from space 18496K, 99% used [0x00000007af0e0000,0x00000007b02e4430,0x00000007b02f0000)
  to   space 20032K, 0% used [0x00000007b0320000,0x00000007b0320000,0x00000007b16b0000)
 ParOldGen       total 454144K, used 449496K [0x0000000700600000, 0x000000071c180000, 0x00000007aacb0000)
  object space 454144K, 98% used [0x0000000700600000,0x000000071bcf6018,0x000000071c180000)
 PSPermGen       total 30464K, used 17791K [0x00000006fb400000, 0x00000006fd1c0000, 0x0000000700600000)
  object space 30464K, 58% used [0x00000006fb400000,0x00000006fc55ff20,0x00000006fd1c0000)
Event: 273.943 GC heap after
Heap after GC invocations=444 (full 8):
 PSYoungGen      total 85824K, used 18385K [0x00000007aacb0000, 0x00000007b1550000, 0x0000000800000000)
  eden space 67200K, 0% used [0x00000007aacb0000,0x00000007aacb0000,0x00000007aee50000)
  from space 18624K, 98% used [0x00000007b0320000,0x00000007b1514430,0x00000007b1550000)
  to   space 19968K, 0% used [0x00000007aee50000,0x00000007aee50000,0x00000007b01d0000)
 ParOldGen       total 454144K, used 449520K [0x0000000700600000, 0x000000071c180000, 0x00000007aacb0000)
  object space 454144K, 98% used [0x0000000700600000,0x000000071bcfc018,0x000000071c180000)
 PSPermGen       total 30464K, used 17791K [0x00000006fb400000, 0x00000006fd1c0000, 0x0000000700600000)
  object space 30464K, 58% used [0x00000006fb400000,0x00000006fc55ff20,0x00000006fd1c0000)
}
Event: 274.485 GC heap before
{Heap before GC invocations=445 (full 8):
 PSYoungGen      total 85824K, used 85305K [0x00000007aacb0000, 0x00000007b1550000, 0x0000000800000000)
  eden space 67200K, 99% used [0x00000007aacb0000,0x00000007aee0a098,0x00000007aee50000)
  from space 18624K, 98% used [0x00000007b0320000,0x00000007b1514430,0x00000007b1550000)
  to   space 19968K, 0% used [0x00000007aee50000,0x00000007aee50000,0x00000007b01d0000)
 ParOldGen       total 454144K, used 449520K [0x0000000700600000, 0x000000071c180000, 0x00000007aacb0000)
  object space 454144K, 98% used [0x0000000700600000,0x000000071bcfc018,0x000000071c180000)
 PSPermGen       total 30464K, used 17791K [0x00000006fb400000, 0x00000006fd1c0000, 0x0000000700600000)
  object space 30464K, 58% used [0x00000006fb400000,0x00000006fc55ff20,0x00000006fd1c0000)
Event: 274.488 GC heap after
Heap after GC invocations=445 (full 8):
 PSYoungGen      total 84480K, used 18481K [0x00000007aacb0000, 0x00000007b1420000, 0x0000000800000000)
  eden space 65984K, 0% used [0x00000007aacb0000,0x00000007aacb0000,0x00000007aed20000)
  from space 18496K, 99% used [0x00000007aee50000,0x00000007b005c430,0x00000007b0060000)
  to   space 19968K, 0% used [0x00000007b00a0000,0x00000007b00a0000,0x00000007b1420000)
 ParOldGen       total 454144K, used 449528K [0x0000000700600000, 0x000000071c180000, 0x00000007aacb0000)
  object space 454144K, 98% used [0x0000000700600000,0x000000071bcfe018,0x000000071c180000)
 PSPermGen       total 30464K, used 17791K [0x00000006fb400000, 0x00000006fd1c0000, 0x0000000700600000)
  object space 30464K, 58% used [0x00000006fb400000,0x00000006fc55ff20,0x00000006fd1c0000)
}
Event: 274.657 GC heap before
{Heap before GC invocations=446 (full 8):
 PSYoungGen      total 84480K, used 79245K [0x00000007aacb0000, 0x00000007b1420000, 0x0000000800000000)
  eden space 65984K, 92% used [0x00000007aacb0000,0x00000007ae807220,0x00000007aed20000)
  from space 18496K, 99% used [0x00000007aee50000,0x00000007b005c430,0x00000007b0060000)
  to   space 19968K, 0% used [0x00000007b00a0000,0x00000007b00a0000,0x00000007b1420000)
 ParOldGen       total 454144K, used 449528K [0x0000000700600000, 0x000000071c180000, 0x00000007aacb0000)
  object space 454144K, 98% used [0x0000000700600000,0x000000071bcfe018,0x000000071c180000)
 PSPermGen       total 30464K, used 17791K [0x00000006fb400000, 0x00000006fd1c0000, 0x0000000700600000)
  object space 30464K, 58% used [0x00000006fb400000,0x00000006fc55ff20,0x00000006fd1c0000)
Event: 274.660 GC heap after
Heap after GC invocations=446 (full 8):
 PSYoungGen      total 86016K, used 18321K [0x00000007aacb0000, 0x00000007b1e40000, 0x0000000800000000)
  eden space 66048K, 0% used [0x00000007aacb0000,0x00000007aacb0000,0x00000007aed30000)
  from space 19968K, 91% used [0x00000007b00a0000,0x00000007b1284430,0x00000007b1420000)
  to   space 19904K, 0% used [0x00000007aed30000,0x00000007aed30000,0x00000007b00a0000)
 ParOldGen       total 454144K, used 449560K [0x0000000700600000, 0x000000071c180000, 0x00000007aacb0000)
  object space 454144K, 98% used [0x0000000700600000,0x000000071bd06018,0x000000071c180000)
 PSPermGen       total 30464K, used 17791K [0x00000006fb400000, 0x00000006fd1c0000, 0x0000000700600000)
  object space 30464K, 58% used [0x00000006fb400000,0x00000006fc55ff20,0x00000006fd1c0000)
}
Event: 274.831 GC heap before
{Heap before GC invocations=447 (full 8):
 PSYoungGen      total 86016K, used 79083K [0x00000007aacb0000, 0x00000007b1e40000, 0x0000000800000000)
  eden space 66048K, 91% used [0x00000007aacb0000,0x00000007ae8069c0,0x00000007aed30000)
  from space 19968K, 91% used [0x00000007b00a0000,0x00000007b1284430,0x00000007b1420000)
  to   space 19904K, 0% used [0x00000007aed30000,0x00000007aed30000,0x00000007b00a0000)
 ParOldGen       total 454144K, used 449560K [0x0000000700600000, 0x000000071c180000, 0x00000007aacb0000)
  object space 454144K, 98% used [0x0000000700600000,0x000000071bd06018,0x000000071c180000)
 PSPermGen       total 30464K, used 17791K [0x00000006fb400000, 0x00000006fd1c0000, 0x0000000700600000)
  object space 30464K, 58% used [0x00000006fb400000,0x00000006fc55ff20,0x00000006fd1c0000)
Event: 274.833 GC heap after
Heap after GC invocations=447 (full 8):
 PSYoungGen      total 85952K, used 18321K [0x00000007aacb0000, 0x00000007b1e60000, 0x0000000800000000)
  eden space 66048K, 0% used [0x00000007aacb0000,0x00000007aacb0000,0x00000007aed30000)
  from space 19904K, 92% used [0x00000007aed30000,0x00000007aff14430,0x00000007b00a0000)
  to   space 19776K, 0% used [0x00000007b0b10000,0x00000007b0b10000,0x00000007b1e60000)
 ParOldGen       total 454144K, used 449576K [0x0000000700600000, 0x000000071c180000, 0x00000007aacb0000)
  object space 454144K, 98% used [0x0000000700600000,0x000000071bd0a018,0x000000071c180000)
 PSPermGen       total 30464K, used 17791K [0x00000006fb400000, 0x00000006fd1c0000, 0x0000000700600000)
  object space 30464K, 58% used [0x00000006fb400000,0x00000006fc55ff20,0x00000006fd1c0000)
}
Event: 275.001 GC heap before
{Heap before GC invocations=448 (full 8):
 PSYoungGen      total 85952K, used 79083K [0x00000007aacb0000, 0x00000007b1e60000, 0x0000000800000000)
  eden space 66048K, 91% used [0x00000007aacb0000,0x00000007ae8069c0,0x00000007aed30000)
  from space 19904K, 92% used [0x00000007aed30000,0x00000007aff14430,0x00000007b00a0000)
  to   space 19776K, 0% used [0x00000007b0b10000,0x00000007b0b10000,0x00000007b1e60000)
 ParOldGen       total 454144K, used 449576K [0x0000000700600000, 0x000000071c180000, 0x00000007aacb0000)
  object space 454144K, 98% used [0x0000000700600000,0x000000071bd0a018,0x000000071c180000)
 PSPermGen       total 30464K, used 17791K [0x00000006fb400000, 0x00000006fd1c0000, 0x0000000700600000)
  object space 30464K, 58% used [0x00000006fb400000,0x00000006fc55ff20,0x00000006fd1c0000)
Event: 275.005 GC heap after
Heap after GC invocations=448 (full 8):
 PSYoungGen      total 96704K, used 18321K [0x00000007aacb0000, 0x00000007b1eb0000, 0x0000000800000000)
  eden space 76928K, 0% used [0x00000007aacb0000,0x00000007aacb0000,0x00000007af7d0000)
  from space 19776K, 92% used [0x00000007b0b10000,0x00000007b1cf4430,0x00000007b1e60000)
  to   space 19712K, 0% used [0x00000007af7d0000,0x00000007af7d0000,0x00000007b0b10000)
 ParOldGen       total 454144K, used 449576K [0x0000000700600000, 0x000000071c180000, 0x00000007aacb0000)
  object space 454144K, 98% used [0x0000000700600000,0x000000071bd0a018,0x000000071c180000)
 PSPermGen       total 30464K, used 17791K [0x00000006fb400000, 0x00000006fd1c0000, 0x0000000700600000)
  object space 30464K, 58% used [0x00000006fb400000,0x00000006fc55ff20,0x00000006fd1c0000)
}

