# JRE version: 7.0_07-b11
# Java VM: Java HotSpot(TM) 64-Bit Server VM (23.3-b01 mixed mode windows-amd64 compressed oops)
Heap
 PSYoungGen      total 1171712K, used 380013K [0x00000007aacb0000, 0x00000007fb0f0000, 0x0000000800000000)
  eden space 1125568K, 33% used [0x00000007aacb0000,0x00000007c1f837a0,0x00000007ef7e0000)
  from space 46144K, 0% used [0x00000007ef7e0000,0x00000007ef828000,0x00000007f24f0000)
  to   space 47360K, 0% used [0x00000007f82b0000,0x00000007f82b0000,0x00000007fb0f0000)
 ParOldGen       total 252992K, used 216805K [0x0000000700600000, 0x000000070fd10000, 0x00000007aacb0000)
  object space 252992K, 85% used [0x0000000700600000,0x000000070d9b9470,0x000000070fd10000)
 PSPermGen       total 37632K, used 18214K [0x00000006fb400000, 0x00000006fd8c0000, 0x0000000700600000)
  object space 37632K, 48% used [0x00000006fb400000,0x00000006fc5c9ac0,0x00000006fd8c0000)
GC Heap History (10 events):
Event: 20.801 GC heap before
{Heap before GC invocations=19 (full 4):
 PSYoungGen      total 895744K, used 873549K [0x00000007aacb0000, 0x00000007e5b50000, 0x0000000800000000)
  eden space 873600K, 99% used [0x00000007aacb0000,0x00000007e017b710,0x00000007e01d0000)
  from space 22144K, 1% used [0x00000007e45b0000,0x00000007e45f8000,0x00000007e5b50000)
  to   space 45824K, 0% used [0x00000007e01d0000,0x00000007e01d0000,0x00000007e2e90000)
 ParOldGen       total 252992K, used 144836K [0x0000000700600000, 0x000000070fd10000, 0x00000007aacb0000)
  object space 252992K, 57% used [0x0000000700600000,0x00000007093712b8,0x000000070fd10000)
 PSPermGen       total 37632K, used 18147K [0x00000006fb400000, 0x00000006fd8c0000, 0x0000000700600000)
  object space 37632K, 48% used [0x00000006fb400000,0x00000006fc5b8ff0,0x00000006fd8c0000)
Event: 20.806 GC heap after
Heap after GC invocations=19 (full 4):
 PSYoungGen      total 919424K, used 20972K [0x00000007aacb0000, 0x00000007eecb0000, 0x0000000800000000)
  eden space 873600K, 0% used [0x00000007aacb0000,0x00000007aacb0000,0x00000007e01d0000)
  from space 45824K, 45% used [0x00000007e01d0000,0x00000007e164b070,0x00000007e2e90000)
  to   space 43392K, 0% used [0x00000007ec250000,0x00000007ec250000,0x00000007eecb0000)
 ParOldGen       total 252992K, used 144836K [0x0000000700600000, 0x000000070fd10000, 0x00000007aacb0000)
  object space 252992K, 57% used [0x0000000700600000,0x00000007093712b8,0x000000070fd10000)
 PSPermGen       total 37632K, used 18147K [0x00000006fb400000, 0x00000006fd8c0000, 0x0000000700600000)
  object space 37632K, 48% used [0x00000006fb400000,0x00000006fc5b8ff0,0x00000006fd8c0000)
}
Event: 22.494 GC heap before
{Heap before GC invocations=20 (full 4):
 PSYoungGen      total 919424K, used 892880K [0x00000007aacb0000, 0x00000007eecb0000, 0x0000000800000000)
  eden space 873600K, 99% used [0x00000007aacb0000,0x00000007e0028fb8,0x00000007e01d0000)
  from space 45824K, 45% used [0x00000007e01d0000,0x00000007e164b070,0x00000007e2e90000)
  to   space 43392K, 0% used [0x00000007ec250000,0x00000007ec250000,0x00000007eecb0000)
 ParOldGen       total 252992K, used 144836K [0x0000000700600000, 0x000000070fd10000, 0x00000007aacb0000)
  object space 252992K, 57% used [0x0000000700600000,0x00000007093712b8,0x000000070fd10000)
 PSPermGen       total 37632K, used 18152K [0x00000006fb400000, 0x00000006fd8c0000, 0x0000000700600000)
  object space 37632K, 48% used [0x00000006fb400000,0x00000006fc5ba0c8,0x00000006fd8c0000)
Event: 22.504 GC heap after
Heap after GC invocations=20 (full 4):
 PSYoungGen      total 1065536K, used 41222K [0x00000007aacb0000, 0x00000007efdb0000, 0x0000000800000000)
  eden space 1022144K, 0% used [0x00000007aacb0000,0x00000007aacb0000,0x00000007e92e0000)
  from space 43392K, 94% used [0x00000007ec250000,0x00000007eea91870,0x00000007eecb0000)
  to   space 48576K, 0% used [0x00000007e92e0000,0x00000007e92e0000,0x00000007ec250000)
 ParOldGen       total 252992K, used 144836K [0x0000000700600000, 0x000000070fd10000, 0x00000007aacb0000)
  object space 252992K, 57% used [0x0000000700600000,0x00000007093712b8,0x000000070fd10000)
 PSPermGen       total 37632K, used 18152K [0x00000006fb400000, 0x00000006fd8c0000, 0x0000000700600000)
  object space 37632K, 48% used [0x00000006fb400000,0x00000006fc5ba0c8,0x00000006fd8c0000)
}
Event: 24.503 GC heap before
{Heap before GC invocations=21 (full 4):
 PSYoungGen      total 1065536K, used 1058816K [0x00000007aacb0000, 0x00000007efdb0000, 0x0000000800000000)
  eden space 1022144K, 99% used [0x00000007aacb0000,0x00000007e8e6e9a8,0x00000007e92e0000)
  from space 43392K, 94% used [0x00000007ec250000,0x00000007eea91870,0x00000007eecb0000)
  to   space 48576K, 0% used [0x00000007e92e0000,0x00000007e92e0000,0x00000007ec250000)
 ParOldGen       total 252992K, used 144836K [0x0000000700600000, 0x000000070fd10000, 0x00000007aacb0000)
  object space 252992K, 57% used [0x0000000700600000,0x00000007093712b8,0x000000070fd10000)
 PSPermGen       total 37632K, used 18159K [0x00000006fb400000, 0x00000006fd8c0000, 0x0000000700600000)
  object space 37632K, 48% used [0x00000006fb400000,0x00000006fc5bbcd8,0x00000006fd8c0000)
Event: 24.509 GC heap after
Heap after GC invocations=21 (full 4):
 PSYoungGen      total 1070720K, used 20940K [0x00000007aacb0000, 0x00000007f5ea0000, 0x0000000800000000)
  eden space 1022144K, 0% used [0x00000007aacb0000,0x00000007aacb0000,0x00000007e92e0000)
  from space 48576K, 43% used [0x00000007e92e0000,0x00000007ea753070,0x00000007ec250000)
  to   space 46464K, 0% used [0x00000007f3140000,0x00000007f3140000,0x00000007f5ea0000)
 ParOldGen       total 252992K, used 144836K [0x0000000700600000, 0x000000070fd10000, 0x00000007aacb0000)
  object space 252992K, 57% used [0x0000000700600000,0x00000007093712b8,0x000000070fd10000)
 PSPermGen       total 37632K, used 18159K [0x00000006fb400000, 0x00000006fd8c0000, 0x0000000700600000)
  object space 37632K, 48% used [0x00000006fb400000,0x00000006fc5bbcd8,0x00000006fd8c0000)
}
Event: 26.524 GC heap before
{Heap before GC invocations=22 (full 4):
 PSYoungGen      total 1070720K, used 1042016K [0x00000007aacb0000, 0x00000007f5ea0000, 0x0000000800000000)
  eden space 1022144K, 99% used [0x00000007aacb0000,0x00000007e91d5340,0x00000007e92e0000)
  from space 48576K, 43% used [0x00000007e92e0000,0x00000007ea753070,0x00000007ec250000)
  to   space 46464K, 0% used [0x00000007f3140000,0x00000007f3140000,0x00000007f5ea0000)
 ParOldGen       total 252992K, used 146861K [0x0000000700600000, 0x000000070fd10000, 0x00000007aacb0000)
  object space 252992K, 58% used [0x0000000700600000,0x000000070956b6c8,0x000000070fd10000)
 PSPermGen       total 37632K, used 18161K [0x00000006fb400000, 0x00000006fd8c0000, 0x0000000700600000)
  object space 37632K, 48% used [0x00000006fb400000,0x00000006fc5bc450,0x00000006fd8c0000)
Event: 26.528 GC heap after
Heap after GC invocations=22 (full 4):
 PSYoungGen      total 1159104K, used 10888K [0x00000007aacb0000, 0x00000007f5200000, 0x0000000800000000)
  eden space 1125568K, 0% used [0x00000007aacb0000,0x00000007aacb0000,0x00000007ef7e0000)
  from space 33536K, 32% used [0x00000007f3140000,0x00000007f3be22f8,0x00000007f5200000)
  to   space 46144K, 0% used [0x00000007ef7e0000,0x00000007ef7e0000,0x00000007f24f0000)
 ParOldGen       total 252992K, used 146861K [0x0000000700600000, 0x000000070fd10000, 0x00000007aacb0000)
  object space 252992K, 58% used [0x0000000700600000,0x000000070956b6c8,0x000000070fd10000)
 PSPermGen       total 37632K, used 18161K [0x00000006fb400000, 0x00000006fd8c0000, 0x0000000700600000)
  object space 37632K, 48% used [0x00000006fb400000,0x00000006fc5bc450,0x00000006fd8c0000)
}
Event: 28.908 GC heap before
{Heap before GC invocations=23 (full 4):
 PSYoungGen      total 1159104K, used 1136456K [0x00000007aacb0000, 0x00000007f5200000, 0x0000000800000000)
  eden space 1125568K, 100% used [0x00000007aacb0000,0x00000007ef7e0000,0x00000007ef7e0000)
  from space 33536K, 32% used [0x00000007f3140000,0x00000007f3be22f8,0x00000007f5200000)
  to   space 46144K, 0% used [0x00000007ef7e0000,0x00000007ef7e0000,0x00000007f24f0000)
 ParOldGen       total 252992K, used 216805K [0x0000000700600000, 0x000000070fd10000, 0x00000007aacb0000)
  object space 252992K, 85% used [0x0000000700600000,0x000000070d9b9470,0x000000070fd10000)
 PSPermGen       total 37632K, used 18175K [0x00000006fb400000, 0x00000006fd8c0000, 0x0000000700600000)
  object space 37632K, 48% used [0x00000006fb400000,0x00000006fc5bff10,0x00000006fd8c0000)
Event: 28.909 GC heap after
Heap after GC invocations=23 (full 4):
 PSYoungGen      total 1171712K, used 288K [0x00000007aacb0000, 0x00000007fb0f0000, 0x0000000800000000)
  eden space 1125568K, 0% used [0x00000007aacb0000,0x00000007aacb0000,0x00000007ef7e0000)
  from space 46144K, 0% used [0x00000007ef7e0000,0x00000007ef828000,0x00000007f24f0000)
  to   space 47360K, 0% used [0x00000007f82b0000,0x00000007f82b0000,0x00000007fb0f0000)
 ParOldGen       total 252992K, used 216805K [0x0000000700600000, 0x000000070fd10000, 0x00000007aacb0000)
  object space 252992K, 85% used [0x0000000700600000,0x000000070d9b9470,0x000000070fd10000)
 PSPermGen       total 37632K, used 18175K [0x00000006fb400000, 0x00000006fd8c0000, 0x0000000700600000)
  object space 37632K, 48% used [0x00000006fb400000,0x00000006fc5bff10,0x00000006fd8c0000)
}

