# JRE version: 7.0_07-b11
# Java VM: Java HotSpot(TM) 64-Bit Server VM (23.3-b01 mixed mode windows-amd64 compressed oops)
Heap
 PSYoungGen      total 509760K, used 147059K [0x00000007aacb0000, 0x00000007d6680000, 0x0000000800000000)
  eden space 462592K, 21% used [0x00000007aacb0000,0x00000007b0e49af0,0x00000007c7070000)
  from space 47168K, 99% used [0x00000007d3870000,0x00000007d6673120,0x00000007d6680000)
  to   space 67904K, 0% used [0x00000007ce1e0000,0x00000007ce1e0000,0x00000007d2430000)
 ParOldGen       total 242048K, used 225710K [0x0000000700600000, 0x000000070f260000, 0x00000007aacb0000)
  object space 242048K, 93% used [0x0000000700600000,0x000000070e26b998,0x000000070f260000)
 PSPermGen       total 24256K, used 18348K [0x00000006fb400000, 0x00000006fcbb0000, 0x0000000700600000)
  object space 24256K, 75% used [0x00000006fb400000,0x00000006fc5eb120,0x00000006fcbb0000)
GC Heap History (10 events):
Event: 97.749 GC heap before
{Heap before GC invocations=59 (full 12):
 PSYoungGen      total 571648K, used 571604K [0x00000007aacb0000, 0x00000007ddc10000, 0x0000000800000000)
  eden space 536512K, 100% used [0x00000007aacb0000,0x00000007cb8a0000,0x00000007cb8a0000)
  from space 35136K, 99% used [0x00000007db9c0000,0x00000007ddc05350,0x00000007ddc10000)
  to   space 68480K, 0% used [0x00000007d5650000,0x00000007d5650000,0x00000007d9930000)
 ParOldGen       total 246784K, used 195720K [0x0000000700600000, 0x000000070f700000, 0x00000007aacb0000)
  object space 246784K, 79% used [0x0000000700600000,0x000000070c5223e8,0x000000070f700000)
 PSPermGen       total 25280K, used 18320K [0x00000006fb400000, 0x00000006fccb0000, 0x0000000700600000)
  object space 25280K, 72% used [0x00000006fb400000,0x00000006fc5e4070,0x00000006fccb0000)
Event: 97.756 GC heap after
Heap after GC invocations=59 (full 12):
 PSYoungGen      total 535296K, used 18513K [0x00000007aacb0000, 0x00000007db9d0000, 0x0000000800000000)
  eden space 516736K, 0% used [0x00000007aacb0000,0x00000007aacb0000,0x00000007ca550000)
  from space 18560K, 99% used [0x00000007d5650000,0x00000007d6864430,0x00000007d6870000)
  to   space 67584K, 0% used [0x00000007d77d0000,0x00000007d77d0000,0x00000007db9d0000)
 ParOldGen       total 246784K, used 195720K [0x0000000700600000, 0x000000070f700000, 0x00000007aacb0000)
  object space 246784K, 79% used [0x0000000700600000,0x000000070c5223e8,0x000000070f700000)
 PSPermGen       total 25280K, used 18320K [0x00000006fb400000, 0x00000006fccb0000, 0x0000000700600000)
  object space 25280K, 72% used [0x00000006fb400000,0x00000006fc5e4070,0x00000006fccb0000)
}
Event: 98.946 GC heap before
{Heap before GC invocations=60 (full 13):
 PSYoungGen      total 535296K, used 535249K [0x00000007aacb0000, 0x00000007db9d0000, 0x0000000800000000)
  eden space 516736K, 100% used [0x00000007aacb0000,0x00000007ca550000,0x00000007ca550000)
  from space 18560K, 99% used [0x00000007d5650000,0x00000007d6864430,0x00000007d6870000)
  to   space 67584K, 0% used [0x00000007d77d0000,0x00000007d77d0000,0x00000007db9d0000)
 ParOldGen       total 246784K, used 239516K [0x0000000700600000, 0x000000070f700000, 0x00000007aacb0000)
  object space 246784K, 97% used [0x0000000700600000,0x000000070efe70c8,0x000000070f700000)
 PSPermGen       total 25280K, used 18325K [0x00000006fb400000, 0x00000006fccb0000, 0x0000000700600000)
  object space 25280K, 72% used [0x00000006fb400000,0x00000006fc5e5420,0x00000006fccb0000)
Event: 98.970 GC heap after
Heap after GC invocations=60 (full 13):
 PSYoungGen      total 535296K, used 0K [0x00000007aacb0000, 0x00000007db9d0000, 0x0000000800000000)
  eden space 516736K, 0% used [0x00000007aacb0000,0x00000007aacb0000,0x00000007ca550000)
  from space 18560K, 0% used [0x00000007d5650000,0x00000007d5650000,0x00000007d6870000)
  to   space 67584K, 0% used [0x00000007d77d0000,0x00000007d77d0000,0x00000007db9d0000)
 ParOldGen       total 242048K, used 36622K [0x0000000700600000, 0x000000070f260000, 0x00000007aacb0000)
  object space 242048K, 15% used [0x0000000700600000,0x00000007029c3910,0x000000070f260000)
 PSPermGen       total 24256K, used 18325K [0x00000006fb400000, 0x00000006fcbb0000, 0x0000000700600000)
  object space 24256K, 75% used [0x00000006fb400000,0x00000006fc5e5400,0x00000006fcbb0000)
}
Event: 100.278 GC heap before
{Heap before GC invocations=61 (full 13):
 PSYoungGen      total 535296K, used 516705K [0x00000007aacb0000, 0x00000007db9d0000, 0x0000000800000000)
  eden space 516736K, 99% used [0x00000007aacb0000,0x00000007ca548418,0x00000007ca550000)
  from space 18560K, 0% used [0x00000007d5650000,0x00000007d5650000,0x00000007d6870000)
  to   space 67584K, 0% used [0x00000007d77d0000,0x00000007d77d0000,0x00000007db9d0000)
 ParOldGen       total 242048K, used 155592K [0x0000000700600000, 0x000000070f260000, 0x00000007aacb0000)
  object space 242048K, 64% used [0x0000000700600000,0x0000000709df2020,0x000000070f260000)
 PSPermGen       total 24256K, used 18325K [0x00000006fb400000, 0x00000006fcbb0000, 0x0000000700600000)
  object space 24256K, 75% used [0x00000006fb400000,0x00000006fc5e54a8,0x00000006fcbb0000)
Event: 100.285 GC heap after
Heap after GC invocations=61 (full 13):
 PSYoungGen      total 516416K, used 18513K [0x00000007aacb0000, 0x00000007d89f0000, 0x0000000800000000)
  eden space 497856K, 0% used [0x00000007aacb0000,0x00000007aacb0000,0x00000007c92e0000)
  from space 18560K, 99% used [0x00000007d77d0000,0x00000007d89e4430,0x00000007d89f0000)
  to   space 66368K, 0% used [0x00000007d0850000,0x00000007d0850000,0x00000007d4920000)
 ParOldGen       total 242048K, used 155592K [0x0000000700600000, 0x000000070f260000, 0x00000007aacb0000)
  object space 242048K, 64% used [0x0000000700600000,0x0000000709df2020,0x000000070f260000)
 PSPermGen       total 24256K, used 18325K [0x00000006fb400000, 0x00000006fcbb0000, 0x0000000700600000)
  object space 24256K, 75% used [0x00000006fb400000,0x00000006fc5e54a8,0x00000006fcbb0000)
}
Event: 101.485 GC heap before
{Heap before GC invocations=62 (full 13):
 PSYoungGen      total 516416K, used 516369K [0x00000007aacb0000, 0x00000007d89f0000, 0x0000000800000000)
  eden space 497856K, 100% used [0x00000007aacb0000,0x00000007c92e0000,0x00000007c92e0000)
  from space 18560K, 99% used [0x00000007d77d0000,0x00000007d89e4430,0x00000007d89f0000)
  to   space 66368K, 0% used [0x00000007d0850000,0x00000007d0850000,0x00000007d4920000)
 ParOldGen       total 242048K, used 225710K [0x0000000700600000, 0x000000070f260000, 0x00000007aacb0000)
  object space 242048K, 93% used [0x0000000700600000,0x000000070e26b998,0x000000070f260000)
 PSPermGen       total 24256K, used 18338K [0x00000006fb400000, 0x00000006fcbb0000, 0x0000000700600000)
  object space 24256K, 75% used [0x00000006fb400000,0x00000006fc5e89c8,0x00000006fcbb0000)
Event: 101.491 GC heap after
Heap after GC invocations=62 (full 13):
 PSYoungGen      total 498304K, used 18481K [0x00000007aacb0000, 0x00000007d77e0000, 0x0000000800000000)
  eden space 479808K, 0% used [0x00000007aacb0000,0x00000007aacb0000,0x00000007c8140000)
  from space 18496K, 99% used [0x00000007d0850000,0x00000007d1a5c430,0x00000007d1a60000)
  to   space 64960K, 0% used [0x00000007d3870000,0x00000007d3870000,0x00000007d77e0000)
 ParOldGen       total 242048K, used 225710K [0x0000000700600000, 0x000000070f260000, 0x00000007aacb0000)
  object space 242048K, 93% used [0x0000000700600000,0x000000070e26b998,0x000000070f260000)
 PSPermGen       total 24256K, used 18338K [0x00000006fb400000, 0x00000006fcbb0000, 0x0000000700600000)
  object space 24256K, 75% used [0x00000006fb400000,0x00000006fc5e89c8,0x00000006fcbb0000)
}
Event: 102.423 GC heap before
{Heap before GC invocations=63 (full 13):
 PSYoungGen      total 498304K, used 498239K [0x00000007aacb0000, 0x00000007d77e0000, 0x0000000800000000)
  eden space 479808K, 99% used [0x00000007aacb0000,0x00000007c81338f0,0x00000007c8140000)
  from space 18496K, 99% used [0x00000007d0850000,0x00000007d1a5c430,0x00000007d1a60000)
  to   space 64960K, 0% used [0x00000007d3870000,0x00000007d3870000,0x00000007d77e0000)
 ParOldGen       total 242048K, used 225710K [0x0000000700600000, 0x000000070f260000, 0x00000007aacb0000)
  object space 242048K, 93% used [0x0000000700600000,0x000000070e26b998,0x000000070f260000)
 PSPermGen       total 24256K, used 18348K [0x00000006fb400000, 0x00000006fcbb0000, 0x0000000700600000)
  object space 24256K, 75% used [0x00000006fb400000,0x00000006fc5eb120,0x00000006fcbb0000)
Event: 102.430 GC heap after
Heap after GC invocations=63 (full 13):
 PSYoungGen      total 509760K, used 47116K [0x00000007aacb0000, 0x00000007d6680000, 0x0000000800000000)
  eden space 462592K, 0% used [0x00000007aacb0000,0x00000007aacb0000,0x00000007c7070000)
  from space 47168K, 99% used [0x00000007d3870000,0x00000007d6673120,0x00000007d6680000)
  to   space 67904K, 0% used [0x00000007ce1e0000,0x00000007ce1e0000,0x00000007d2430000)
 ParOldGen       total 242048K, used 225710K [0x0000000700600000, 0x000000070f260000, 0x00000007aacb0000)
  object space 242048K, 93% used [0x0000000700600000,0x000000070e26b998,0x000000070f260000)
 PSPermGen       total 24256K, used 18348K [0x00000006fb400000, 0x00000006fcbb0000, 0x0000000700600000)
  object space 24256K, 75% used [0x00000006fb400000,0x00000006fc5eb120,0x00000006fcbb0000)
}

