# JRE version: 7.0_07-b11
# Java VM: Java HotSpot(TM) 64-Bit Server VM (23.3-b01 mixed mode windows-amd64 compressed oops)
Heap
 PSYoungGen      total 91904K, used 45420K [0x00000007aacb0000, 0x00000007b2cd0000, 0x0000000800000000)
  eden space 62336K, 48% used [0x00000007aacb0000,0x00000007aca21cc8,0x00000007ae990000)
  from space 29568K, 51% used [0x00000007b0ff0000,0x00000007b1ed9680,0x00000007b2cd0000)
  to   space 34432K, 0% used [0x00000007ae990000,0x00000007ae990000,0x00000007b0b30000)
 ParOldGen       total 174528K, used 76053K [0x0000000700600000, 0x000000070b070000, 0x00000007aacb0000)
  object space 174528K, 43% used [0x0000000700600000,0x0000000705045728,0x000000070b070000)
 PSPermGen       total 21248K, used 18258K [0x00000006fb400000, 0x00000006fc8c0000, 0x0000000700600000)
  object space 21248K, 85% used [0x00000006fb400000,0x00000006fc5d4be8,0x00000006fc8c0000)
GC Heap History (10 events):
Event: 10.246 GC heap before
{Heap before GC invocations=2 (full 0):
 PSYoungGen      total 76352K, used 73390K [0x00000007aacb0000, 0x00000007b01e0000, 0x0000000800000000)
  eden space 65472K, 98% used [0x00000007aacb0000,0x00000007aeb705c8,0x00000007aeca0000)
  from space 10880K, 83% used [0x00000007aeca0000,0x00000007af58b4d8,0x00000007af740000)
  to   space 10880K, 0% used [0x00000007af740000,0x00000007af740000,0x00000007b01e0000)
 ParOldGen       total 174528K, used 8K [0x0000000700600000, 0x000000070b070000, 0x00000007aacb0000)
  object space 174528K, 0% used [0x0000000700600000,0x0000000700602000,0x000000070b070000)
 PSPermGen       total 21248K, used 18062K [0x00000006fb400000, 0x00000006fc8c0000, 0x0000000700600000)
  object space 21248K, 85% used [0x00000006fb400000,0x00000006fc5a38b0,0x00000006fc8c0000)
Event: 10.257 GC heap after
Heap after GC invocations=2 (full 0):
 PSYoungGen      total 76352K, used 10852K [0x00000007aacb0000, 0x00000007b01e0000, 0x0000000800000000)
  eden space 65472K, 0% used [0x00000007aacb0000,0x00000007aacb0000,0x00000007aeca0000)
  from space 10880K, 99% used [0x00000007af740000,0x00000007b01d93f0,0x00000007b01e0000)
  to   space 10880K, 0% used [0x00000007aeca0000,0x00000007aeca0000,0x00000007af740000)
 ParOldGen       total 174528K, used 27437K [0x0000000700600000, 0x000000070b070000, 0x00000007aacb0000)
  object space 174528K, 15% used [0x0000000700600000,0x00000007020cb6b8,0x000000070b070000)
 PSPermGen       total 21248K, used 18062K [0x00000006fb400000, 0x00000006fc8c0000, 0x0000000700600000)
  object space 21248K, 85% used [0x00000006fb400000,0x00000006fc5a38b0,0x00000006fc8c0000)
}
Event: 17.110 GC heap before
{Heap before GC invocations=3 (full 0):
 PSYoungGen      total 76352K, used 72934K [0x00000007aacb0000, 0x00000007b01e0000, 0x0000000800000000)
  eden space 65472K, 94% used [0x00000007aacb0000,0x00000007ae950478,0x00000007aeca0000)
  from space 10880K, 99% used [0x00000007af740000,0x00000007b01d93f0,0x00000007b01e0000)
  to   space 10880K, 0% used [0x00000007aeca0000,0x00000007aeca0000,0x00000007af740000)
 ParOldGen       total 174528K, used 27437K [0x0000000700600000, 0x000000070b070000, 0x00000007aacb0000)
  object space 174528K, 15% used [0x0000000700600000,0x00000007020cb6b8,0x000000070b070000)
 PSPermGen       total 21248K, used 18173K [0x00000006fb400000, 0x00000006fc8c0000, 0x0000000700600000)
  object space 21248K, 85% used [0x00000006fb400000,0x00000006fc5bf770,0x00000006fc8c0000)
Event: 17.121 GC heap after
Heap after GC invocations=3 (full 0):
 PSYoungGen      total 76352K, used 8467K [0x00000007aacb0000, 0x00000007b01e0000, 0x0000000800000000)
  eden space 65472K, 0% used [0x00000007aacb0000,0x00000007aacb0000,0x00000007aeca0000)
  from space 10880K, 77% used [0x00000007aeca0000,0x00000007af4e4ce0,0x00000007af740000)
  to   space 10880K, 0% used [0x00000007af740000,0x00000007af740000,0x00000007b01e0000)
 ParOldGen       total 174528K, used 57812K [0x0000000700600000, 0x000000070b070000, 0x00000007aacb0000)
  object space 174528K, 33% used [0x0000000700600000,0x0000000703e752f8,0x000000070b070000)
 PSPermGen       total 21248K, used 18173K [0x00000006fb400000, 0x00000006fc8c0000, 0x0000000700600000)
  object space 21248K, 85% used [0x00000006fb400000,0x00000006fc5bf770,0x00000006fc8c0000)
}
Event: 24.023 GC heap before
{Heap before GC invocations=4 (full 0):
 PSYoungGen      total 76352K, used 72951K [0x00000007aacb0000, 0x00000007b01e0000, 0x0000000800000000)
  eden space 65472K, 98% used [0x00000007aacb0000,0x00000007aeba91f0,0x00000007aeca0000)
  from space 10880K, 77% used [0x00000007aeca0000,0x00000007af4e4ce0,0x00000007af740000)
  to   space 10880K, 0% used [0x00000007af740000,0x00000007af740000,0x00000007b01e0000)
 ParOldGen       total 174528K, used 57812K [0x0000000700600000, 0x000000070b070000, 0x00000007aacb0000)
  object space 174528K, 33% used [0x0000000700600000,0x0000000703e752f8,0x000000070b070000)
 PSPermGen       total 21248K, used 18188K [0x00000006fb400000, 0x00000006fc8c0000, 0x0000000700600000)
  object space 21248K, 85% used [0x00000006fb400000,0x00000006fc5c3240,0x00000006fc8c0000)
Event: 24.030 GC heap after
Heap after GC invocations=4 (full 0):
 PSYoungGen      total 76352K, used 8435K [0x00000007aacb0000, 0x00000007b01e0000, 0x0000000800000000)
  eden space 65472K, 0% used [0x00000007aacb0000,0x00000007aacb0000,0x00000007aeca0000)
  from space 10880K, 77% used [0x00000007af740000,0x00000007aff7cce0,0x00000007b01e0000)
  to   space 10880K, 0% used [0x00000007aeca0000,0x00000007aeca0000,0x00000007af740000)
 ParOldGen       total 174528K, used 76037K [0x0000000700600000, 0x000000070b070000, 0x00000007aacb0000)
  object space 174528K, 43% used [0x0000000700600000,0x0000000705041728,0x000000070b070000)
 PSPermGen       total 21248K, used 18188K [0x00000006fb400000, 0x00000006fc8c0000, 0x0000000700600000)
  object space 21248K, 85% used [0x00000006fb400000,0x00000006fc5c3240,0x00000006fc8c0000)
}
Event: 32.025 GC heap before
{Heap before GC invocations=5 (full 0):
 PSYoungGen      total 76352K, used 70368K [0x00000007aacb0000, 0x00000007b01e0000, 0x0000000800000000)
  eden space 65472K, 94% used [0x00000007aacb0000,0x00000007ae92b390,0x00000007aeca0000)
  from space 10880K, 77% used [0x00000007af740000,0x00000007aff7cce0,0x00000007b01e0000)
  to   space 10880K, 0% used [0x00000007aeca0000,0x00000007aeca0000,0x00000007af740000)
 ParOldGen       total 174528K, used 76037K [0x0000000700600000, 0x000000070b070000, 0x00000007aacb0000)
  object space 174528K, 43% used [0x0000000700600000,0x0000000705041728,0x000000070b070000)
 PSPermGen       total 21248K, used 18197K [0x00000006fb400000, 0x00000006fc8c0000, 0x0000000700600000)
  object space 21248K, 85% used [0x00000006fb400000,0x00000006fc5c5478,0x00000006fc8c0000)
Event: 32.033 GC heap after
Heap after GC invocations=5 (full 0):
 PSYoungGen      total 74752K, used 8467K [0x00000007aacb0000, 0x00000007b34d0000, 0x0000000800000000)
  eden space 63872K, 0% used [0x00000007aacb0000,0x00000007aacb0000,0x00000007aeb10000)
  from space 10880K, 77% used [0x00000007aeca0000,0x00000007af4e4cc0,0x00000007af740000)
  to   space 37760K, 0% used [0x00000007b0ff0000,0x00000007b0ff0000,0x00000007b34d0000)
 ParOldGen       total 174528K, used 76045K [0x0000000700600000, 0x000000070b070000, 0x00000007aacb0000)
  object space 174528K, 43% used [0x0000000700600000,0x0000000705043728,0x000000070b070000)
 PSPermGen       total 21248K, used 18197K [0x00000006fb400000, 0x00000006fc8c0000, 0x0000000700600000)
  object space 21248K, 85% used [0x00000006fb400000,0x00000006fc5c5478,0x00000006fc8c0000)
}
Event: 38.903 GC heap before
{Heap before GC invocations=6 (full 0):
 PSYoungGen      total 74752K, used 68960K [0x00000007aacb0000, 0x00000007b34d0000, 0x0000000800000000)
  eden space 63872K, 94% used [0x00000007aacb0000,0x00000007ae7c3520,0x00000007aeb10000)
  from space 10880K, 77% used [0x00000007aeca0000,0x00000007af4e4cc0,0x00000007af740000)
  to   space 37760K, 0% used [0x00000007b0ff0000,0x00000007b0ff0000,0x00000007b34d0000)
 ParOldGen       total 174528K, used 76045K [0x0000000700600000, 0x000000070b070000, 0x00000007aacb0000)
  object space 174528K, 43% used [0x0000000700600000,0x0000000705043728,0x000000070b070000)
 PSPermGen       total 21248K, used 18225K [0x00000006fb400000, 0x00000006fc8c0000, 0x0000000700600000)
  object space 21248K, 85% used [0x00000006fb400000,0x00000006fc5cc5a8,0x00000006fc8c0000)
Event: 38.914 GC heap after
Heap after GC invocations=6 (full 0):
 PSYoungGen      total 91904K, used 15269K [0x00000007aacb0000, 0x00000007b2cd0000, 0x0000000800000000)
  eden space 62336K, 0% used [0x00000007aacb0000,0x00000007aacb0000,0x00000007ae990000)
  from space 29568K, 51% used [0x00000007b0ff0000,0x00000007b1ed9680,0x00000007b2cd0000)
  to   space 34432K, 0% used [0x00000007ae990000,0x00000007ae990000,0x00000007b0b30000)
 ParOldGen       total 174528K, used 76053K [0x0000000700600000, 0x000000070b070000, 0x00000007aacb0000)
  object space 174528K, 43% used [0x0000000700600000,0x0000000705045728,0x000000070b070000)
 PSPermGen       total 21248K, used 18225K [0x00000006fb400000, 0x00000006fc8c0000, 0x0000000700600000)
  object space 21248K, 85% used [0x00000006fb400000,0x00000006fc5cc5a8,0x00000006fc8c0000)
}

