# JRE version: 7.0_07-b11
# Java VM: Java HotSpot(TM) 64-Bit Server VM (23.3-b01 mixed mode windows-amd64 compressed oops)
Heap
 PSYoungGen      total 633088K, used 344914K [0x00000007aacb0000, 0x00000007d43d0000, 0x0000000800000000)
  eden space 606080K, 53% used [0x00000007aacb0000,0x00000007be946ba0,0x00000007cfc90000)
  from space 27008K, 76% used [0x00000007d2970000,0x00000007d3dadce0,0x00000007d43d0000)
  to   space 36480K, 0% used [0x00000007cfc90000,0x00000007cfc90000,0x00000007d2030000)
 ParOldGen       total 204544K, used 26160K [0x0000000700600000, 0x000000070cdc0000, 0x00000007aacb0000)
  object space 204544K, 12% used [0x0000000700600000,0x0000000701f8c130,0x000000070cdc0000)
 PSPermGen       total 37632K, used 18175K [0x00000006fb400000, 0x00000006fd8c0000, 0x0000000700600000)
  object space 37632K, 48% used [0x00000006fb400000,0x00000006fc5bfe90,0x00000006fd8c0000)
GC Heap History (10 events):
Event: 15.347 GC heap before
{Heap before GC invocations=12 (full 3):
 PSYoungGen      total 406336K, used 375952K [0x00000007aacb0000, 0x00000007cd840000, 0x0000000800000000)
  eden space 366336K, 99% used [0x00000007aacb0000,0x00000007c1199468,0x00000007c1270000)
  from space 40000K, 26% used [0x00000007c1270000,0x00000007c1caae70,0x00000007c3980000)
  to   space 38976K, 0% used [0x00000007cb230000,0x00000007cb230000,0x00000007cd840000)
 ParOldGen       total 416384K, used 413708K [0x0000000700600000, 0x0000000719ca0000, 0x00000007aacb0000)
  object space 416384K, 99% used [0x0000000700600000,0x0000000719a03120,0x0000000719ca0000)
 PSPermGen       total 40960K, used 18094K [0x00000006fb400000, 0x00000006fdc00000, 0x0000000700600000)
  object space 40960K, 44% used [0x00000006fb400000,0x00000006fc5aba20,0x00000006fdc00000)
Event: 15.400 GC heap after
Heap after GC invocations=12 (full 3):
 PSYoungGen      total 406336K, used 0K [0x00000007aacb0000, 0x00000007cd840000, 0x0000000800000000)
  eden space 366336K, 0% used [0x00000007aacb0000,0x00000007aacb0000,0x00000007c1270000)
  from space 40000K, 0% used [0x00000007c1270000,0x00000007c1270000,0x00000007c3980000)
  to   space 38976K, 0% used [0x00000007cb230000,0x00000007cb230000,0x00000007cd840000)
 ParOldGen       total 167168K, used 20076K [0x0000000700600000, 0x000000070a940000, 0x00000007aacb0000)
  object space 167168K, 12% used [0x0000000700600000,0x000000070199b0e8,0x000000070a940000)
 PSPermGen       total 39744K, used 18094K [0x00000006fb400000, 0x00000006fdad0000, 0x0000000700600000)
  object space 39744K, 45% used [0x00000006fb400000,0x00000006fc5aba20,0x00000006fdad0000)
}
Event: 16.791 GC heap before
{Heap before GC invocations=13 (full 3):
 PSYoungGen      total 406336K, used 364876K [0x00000007aacb0000, 0x00000007cd840000, 0x0000000800000000)
  eden space 366336K, 99% used [0x00000007aacb0000,0x00000007c1103318,0x00000007c1270000)
  from space 40000K, 0% used [0x00000007c1270000,0x00000007c1270000,0x00000007c3980000)
  to   space 38976K, 0% used [0x00000007cb230000,0x00000007cb230000,0x00000007cd840000)
 ParOldGen       total 167168K, used 20076K [0x0000000700600000, 0x000000070a940000, 0x00000007aacb0000)
  object space 167168K, 12% used [0x0000000700600000,0x000000070199b0e8,0x000000070a940000)
 PSPermGen       total 39744K, used 18108K [0x00000006fb400000, 0x00000006fdad0000, 0x0000000700600000)
  object space 39744K, 45% used [0x00000006fb400000,0x00000006fc5af0c8,0x00000006fdad0000)
Event: 16.796 GC heap after
Heap after GC invocations=13 (full 3):
 PSYoungGen      total 504064K, used 20855K [0x00000007aacb0000, 0x00000007ccad0000, 0x0000000800000000)
  eden space 478848K, 0% used [0x00000007aacb0000,0x00000007aacb0000,0x00000007c8050000)
  from space 25216K, 82% used [0x00000007cb230000,0x00000007cc68dce0,0x00000007ccad0000)
  to   space 38144K, 0% used [0x00000007c8050000,0x00000007c8050000,0x00000007ca590000)
 ParOldGen       total 167168K, used 20076K [0x0000000700600000, 0x000000070a940000, 0x00000007aacb0000)
  object space 167168K, 12% used [0x0000000700600000,0x000000070199b0e8,0x000000070a940000)
 PSPermGen       total 39744K, used 18108K [0x00000006fb400000, 0x00000006fdad0000, 0x0000000700600000)
  object space 39744K, 45% used [0x00000006fb400000,0x00000006fc5af0c8,0x00000006fdad0000)
}
Event: 18.513 GC heap before
{Heap before GC invocations=14 (full 3):
 PSYoungGen      total 504064K, used 496641K [0x00000007aacb0000, 0x00000007ccad0000, 0x0000000800000000)
  eden space 478848K, 99% used [0x00000007aacb0000,0x00000007c7d52ac0,0x00000007c8050000)
  from space 25216K, 82% used [0x00000007cb230000,0x00000007cc68dce0,0x00000007ccad0000)
  to   space 38144K, 0% used [0x00000007c8050000,0x00000007c8050000,0x00000007ca590000)
 ParOldGen       total 167168K, used 26151K [0x0000000700600000, 0x000000070a940000, 0x00000007aacb0000)
  object space 167168K, 15% used [0x0000000700600000,0x0000000701f89cf8,0x000000070a940000)
 PSPermGen       total 39744K, used 18129K [0x00000006fb400000, 0x00000006fdad0000, 0x0000000700600000)
  object space 39744K, 45% used [0x00000006fb400000,0x00000006fc5b46d8,0x00000006fdad0000)
Event: 18.518 GC heap after
Heap after GC invocations=14 (full 3):
 PSYoungGen      total 516992K, used 20791K [0x00000007aacb0000, 0x00000007d4de0000, 0x0000000800000000)
  eden space 478848K, 0% used [0x00000007aacb0000,0x00000007aacb0000,0x00000007c8050000)
  from space 38144K, 54% used [0x00000007c8050000,0x00000007c949dce0,0x00000007ca590000)
  to   space 37312K, 0% used [0x00000007d2970000,0x00000007d2970000,0x00000007d4de0000)
 ParOldGen       total 167168K, used 26151K [0x0000000700600000, 0x000000070a940000, 0x00000007aacb0000)
  object space 167168K, 15% used [0x0000000700600000,0x0000000701f89cf8,0x000000070a940000)
 PSPermGen       total 39744K, used 18129K [0x00000006fb400000, 0x00000006fdad0000, 0x0000000700600000)
  object space 39744K, 45% used [0x00000006fb400000,0x00000006fc5b46d8,0x00000006fdad0000)
}
Event: 21.321 GC heap before
{Heap before GC invocations=15 (full 4):
 PSYoungGen      total 516992K, used 499639K [0x00000007aacb0000, 0x00000007d4de0000, 0x0000000800000000)
  eden space 478848K, 100% used [0x00000007aacb0000,0x00000007c8050000,0x00000007c8050000)
  from space 38144K, 54% used [0x00000007c8050000,0x00000007c949dce0,0x00000007ca590000)
  to   space 37312K, 0% used [0x00000007d2970000,0x00000007d2970000,0x00000007d4de0000)
 ParOldGen       total 329280K, used 326485K [0x0000000700600000, 0x0000000714790000, 0x00000007aacb0000)
  object space 329280K, 99% used [0x0000000700600000,0x00000007144d5428,0x0000000714790000)
 PSPermGen       total 39744K, used 18137K [0x00000006fb400000, 0x00000006fdad0000, 0x0000000700600000)
  object space 39744K, 45% used [0x00000006fb400000,0x00000006fc5b6590,0x00000006fdad0000)
Event: 21.356 GC heap after
Heap after GC invocations=15 (full 4):
 PSYoungGen      total 516992K, used 0K [0x00000007aacb0000, 0x00000007d4de0000, 0x0000000800000000)
  eden space 478848K, 0% used [0x00000007aacb0000,0x00000007aacb0000,0x00000007c8050000)
  from space 38144K, 0% used [0x00000007c8050000,0x00000007c8050000,0x00000007ca590000)
  to   space 37312K, 0% used [0x00000007d2970000,0x00000007d2970000,0x00000007d4de0000)
 ParOldGen       total 204544K, used 20085K [0x0000000700600000, 0x000000070cdc0000, 0x00000007aacb0000)
  object space 204544K, 9% used [0x0000000700600000,0x000000070199d520,0x000000070cdc0000)
 PSPermGen       total 37632K, used 18137K [0x00000006fb400000, 0x00000006fd8c0000, 0x0000000700600000)
  object space 37632K, 48% used [0x00000006fb400000,0x00000006fc5b6590,0x00000006fd8c0000)
}
Event: 23.077 GC heap before
{Heap before GC invocations=16 (full 4):
 PSYoungGen      total 516992K, used 478626K [0x00000007aacb0000, 0x00000007d4de0000, 0x0000000800000000)
  eden space 478848K, 99% used [0x00000007aacb0000,0x00000007c8018bf0,0x00000007c8050000)
  from space 38144K, 0% used [0x00000007c8050000,0x00000007c8050000,0x00000007ca590000)
  to   space 37312K, 0% used [0x00000007d2970000,0x00000007d2970000,0x00000007d4de0000)
 ParOldGen       total 204544K, used 26160K [0x0000000700600000, 0x000000070cdc0000, 0x00000007aacb0000)
  object space 204544K, 12% used [0x0000000700600000,0x0000000701f8c130,0x000000070cdc0000)
 PSPermGen       total 37632K, used 18140K [0x00000006fb400000, 0x00000006fd8c0000, 0x0000000700600000)
  object space 37632K, 48% used [0x00000006fb400000,0x00000006fc5b7118,0x00000006fd8c0000)
Event: 23.083 GC heap after
Heap after GC invocations=16 (full 4):
 PSYoungGen      total 633088K, used 20727K [0x00000007aacb0000, 0x00000007d43d0000, 0x0000000800000000)
  eden space 606080K, 0% used [0x00000007aacb0000,0x00000007aacb0000,0x00000007cfc90000)
  from space 27008K, 76% used [0x00000007d2970000,0x00000007d3dadce0,0x00000007d43d0000)
  to   space 36480K, 0% used [0x00000007cfc90000,0x00000007cfc90000,0x00000007d2030000)
 ParOldGen       total 204544K, used 26160K [0x0000000700600000, 0x000000070cdc0000, 0x00000007aacb0000)
  object space 204544K, 12% used [0x0000000700600000,0x0000000701f8c130,0x000000070cdc0000)
 PSPermGen       total 37632K, used 18140K [0x00000006fb400000, 0x00000006fd8c0000, 0x0000000700600000)
  object space 37632K, 48% used [0x00000006fb400000,0x00000006fc5b7118,0x00000006fd8c0000)
}

