# JRE version: 7.0_07-b11
# Java VM: Java HotSpot(TM) 64-Bit Server VM (23.3-b01 mixed mode windows-amd64 compressed oops)
Heap
 PSYoungGen      total 72704K, used 20869K [0x00000007aacb0000, 0x00000007b55e0000, 0x0000000800000000)
  eden space 62272K, 16% used [0x00000007aacb0000,0x00000007ab6e6618,0x00000007ae980000)
  from space 10432K, 99% used [0x00000007aeb00000,0x00000007af52ae70,0x00000007af530000)
  to   space 55488K, 0% used [0x00000007b1fb0000,0x00000007b1fb0000,0x00000007b55e0000)
 ParOldGen       total 174528K, used 106024K [0x0000000700600000, 0x000000070b070000, 0x00000007aacb0000)
  object space 174528K, 60% used [0x0000000700600000,0x0000000706d8a1e0,0x000000070b070000)
 PSPermGen       total 21248K, used 18036K [0x00000006fb400000, 0x00000006fc8c0000, 0x0000000700600000)
  object space 21248K, 84% used [0x00000006fb400000,0x00000006fc59d0a0,0x00000006fc8c0000)
GC Heap History (10 events):
Event: 11.294 GC heap before
{Heap before GC invocations=9 (full 0):
 PSYoungGen      total 96576K, used 94566K [0x00000007aacb0000, 0x00000007b4ea0000, 0x0000000800000000)
  eden space 48000K, 99% used [0x00000007aacb0000,0x00000007adb2e338,0x00000007adb90000)
  from space 48576K, 96% used [0x00000007b1220000,0x00000007b3ffb6d0,0x00000007b4190000)
  to   space 55872K, 0% used [0x00000007adb90000,0x00000007adb90000,0x00000007b1220000)
 ParOldGen       total 174528K, used 63283K [0x0000000700600000, 0x000000070b070000, 0x00000007aacb0000)
  object space 174528K, 36% used [0x0000000700600000,0x00000007043ccd50,0x000000070b070000)
 PSPermGen       total 21248K, used 17880K [0x00000006fb400000, 0x00000006fc8c0000, 0x0000000700600000)
  object space 21248K, 84% used [0x00000006fb400000,0x00000006fc576120,0x00000006fc8c0000)
Event: 11.302 GC heap after
Heap after GC invocations=9 (full 0):
 PSYoungGen      total 75776K, used 28700K [0x00000007aacb0000, 0x00000007b4360000, 0x0000000800000000)
  eden space 47040K, 0% used [0x00000007aacb0000,0x00000007aacb0000,0x00000007adaa0000)
  from space 28736K, 99% used [0x00000007adb90000,0x00000007af7972a0,0x00000007af7a0000)
  to   space 53632K, 0% used [0x00000007b0f00000,0x00000007b0f00000,0x00000007b4360000)
 ParOldGen       total 174528K, used 81596K [0x0000000700600000, 0x000000070b070000, 0x00000007aacb0000)
  object space 174528K, 46% used [0x0000000700600000,0x00000007055af1a0,0x000000070b070000)
 PSPermGen       total 21248K, used 17880K [0x00000006fb400000, 0x00000006fc8c0000, 0x0000000700600000)
  object space 21248K, 84% used [0x00000006fb400000,0x00000006fc576120,0x00000006fc8c0000)
}
Event: 11.830 GC heap before
{Heap before GC invocations=10 (full 0):
 PSYoungGen      total 75776K, used 74991K [0x00000007aacb0000, 0x00000007b4360000, 0x0000000800000000)
  eden space 47040K, 98% used [0x00000007aacb0000,0x00000007ad9e4a90,0x00000007adaa0000)
  from space 28736K, 99% used [0x00000007adb90000,0x00000007af7972a0,0x00000007af7a0000)
  to   space 53632K, 0% used [0x00000007b0f00000,0x00000007b0f00000,0x00000007b4360000)
 ParOldGen       total 174528K, used 81596K [0x0000000700600000, 0x000000070b070000, 0x00000007aacb0000)
  object space 174528K, 46% used [0x0000000700600000,0x00000007055af1a0,0x000000070b070000)
 PSPermGen       total 21248K, used 17972K [0x00000006fb400000, 0x00000006fc8c0000, 0x0000000700600000)
  object space 21248K, 84% used [0x00000006fb400000,0x00000006fc58d0d8,0x00000006fc8c0000)
Event: 11.837 GC heap after
Heap after GC invocations=10 (full 0):
 PSYoungGen      total 93504K, used 53064K [0x00000007aacb0000, 0x00000007b6cf0000, 0x0000000800000000)
  eden space 39872K, 0% used [0x00000007aacb0000,0x00000007aacb0000,0x00000007ad3a0000)
  from space 53632K, 98% used [0x00000007b0f00000,0x00000007b42d22d0,0x00000007b4360000)
  to   space 60800K, 0% used [0x00000007ad3a0000,0x00000007ad3a0000,0x00000007b0f00000)
 ParOldGen       total 174528K, used 81644K [0x0000000700600000, 0x000000070b070000, 0x00000007aacb0000)
  object space 174528K, 46% used [0x0000000700600000,0x00000007055bb1b0,0x000000070b070000)
 PSPermGen       total 21248K, used 17972K [0x00000006fb400000, 0x00000006fc8c0000, 0x0000000700600000)
  object space 21248K, 84% used [0x00000006fb400000,0x00000006fc58d0d8,0x00000006fc8c0000)
}
Event: 12.360 GC heap before
{Heap before GC invocations=11 (full 0):
 PSYoungGen      total 93504K, used 91129K [0x00000007aacb0000, 0x00000007b6cf0000, 0x0000000800000000)
  eden space 39872K, 95% used [0x00000007aacb0000,0x00000007ad1dc428,0x00000007ad3a0000)
  from space 53632K, 98% used [0x00000007b0f00000,0x00000007b42d22d0,0x00000007b4360000)
  to   space 60800K, 0% used [0x00000007ad3a0000,0x00000007ad3a0000,0x00000007b0f00000)
 ParOldGen       total 174528K, used 81644K [0x0000000700600000, 0x000000070b070000, 0x00000007aacb0000)
  object space 174528K, 46% used [0x0000000700600000,0x00000007055bb1b0,0x000000070b070000)
 PSPermGen       total 21248K, used 17987K [0x00000006fb400000, 0x00000006fc8c0000, 0x0000000700600000)
  object space 21248K, 84% used [0x00000006fb400000,0x00000006fc590c88,0x00000006fc8c0000)
Event: 12.370 GC heap after
Heap after GC invocations=11 (full 0):
 PSYoungGen      total 100672K, used 28764K [0x00000007aacb0000, 0x00000007b5ba0000, 0x0000000800000000)
  eden space 39872K, 0% used [0x00000007aacb0000,0x00000007aacb0000,0x00000007ad3a0000)
  from space 60800K, 47% used [0x00000007ad3a0000,0x00000007aefb72a0,0x00000007b0f00000)
  to   space 57664K, 0% used [0x00000007b2350000,0x00000007b2350000,0x00000007b5ba0000)
 ParOldGen       total 174528K, used 105984K [0x0000000700600000, 0x000000070b070000, 0x00000007aacb0000)
  object space 174528K, 60% used [0x0000000700600000,0x0000000706d801e0,0x000000070b070000)
 PSPermGen       total 21248K, used 17987K [0x00000006fb400000, 0x00000006fc8c0000, 0x0000000700600000)
  object space 21248K, 84% used [0x00000006fb400000,0x00000006fc590c88,0x00000006fc8c0000)
}
Event: 12.916 GC heap before
{Heap before GC invocations=12 (full 0):
 PSYoungGen      total 100672K, used 66813K [0x00000007aacb0000, 0x00000007b5ba0000, 0x0000000800000000)
  eden space 39872K, 95% used [0x00000007aacb0000,0x00000007ad1d8478,0x00000007ad3a0000)
  from space 60800K, 47% used [0x00000007ad3a0000,0x00000007aefb72a0,0x00000007b0f00000)
  to   space 57664K, 0% used [0x00000007b2350000,0x00000007b2350000,0x00000007b5ba0000)
 ParOldGen       total 174528K, used 105984K [0x0000000700600000, 0x000000070b070000, 0x00000007aacb0000)
  object space 174528K, 60% used [0x0000000700600000,0x0000000706d801e0,0x000000070b070000)
 PSPermGen       total 21248K, used 18004K [0x00000006fb400000, 0x00000006fc8c0000, 0x0000000700600000)
  object space 21248K, 84% used [0x00000006fb400000,0x00000006fc595320,0x00000006fc8c0000)
Event: 12.920 GC heap after
Heap after GC invocations=12 (full 0):
 PSYoungGen      total 115968K, used 28700K [0x00000007aacb0000, 0x00000007b5640000, 0x0000000800000000)
  eden space 63808K, 0% used [0x00000007aacb0000,0x00000007aacb0000,0x00000007aeb00000)
  from space 52160K, 55% used [0x00000007b2350000,0x00000007b3f572a0,0x00000007b5640000)
  to   space 54912K, 0% used [0x00000007aeb00000,0x00000007aeb00000,0x00000007b20a0000)
 ParOldGen       total 174528K, used 106008K [0x0000000700600000, 0x000000070b070000, 0x00000007aacb0000)
  object space 174528K, 60% used [0x0000000700600000,0x0000000706d861e0,0x000000070b070000)
 PSPermGen       total 21248K, used 18004K [0x00000006fb400000, 0x00000006fc8c0000, 0x0000000700600000)
  object space 21248K, 84% used [0x00000006fb400000,0x00000006fc595320,0x00000006fc8c0000)
}
Event: 13.813 GC heap before
{Heap before GC invocations=13 (full 0):
 PSYoungGen      total 115968K, used 89219K [0x00000007aacb0000, 0x00000007b5640000, 0x0000000800000000)
  eden space 63808K, 94% used [0x00000007aacb0000,0x00000007ae7c9ca8,0x00000007aeb00000)
  from space 52160K, 55% used [0x00000007b2350000,0x00000007b3f572a0,0x00000007b5640000)
  to   space 54912K, 0% used [0x00000007aeb00000,0x00000007aeb00000,0x00000007b20a0000)
 ParOldGen       total 174528K, used 106008K [0x0000000700600000, 0x000000070b070000, 0x00000007aacb0000)
  object space 174528K, 60% used [0x0000000700600000,0x0000000706d861e0,0x000000070b070000)
 PSPermGen       total 21248K, used 18005K [0x00000006fb400000, 0x00000006fc8c0000, 0x0000000700600000)
  object space 21248K, 84% used [0x00000006fb400000,0x00000006fc5954c0,0x00000006fc8c0000)
Event: 13.814 GC heap after
Heap after GC invocations=13 (full 0):
 PSYoungGen      total 72704K, used 10411K [0x00000007aacb0000, 0x00000007b55e0000, 0x0000000800000000)
  eden space 62272K, 0% used [0x00000007aacb0000,0x00000007aacb0000,0x00000007ae980000)
  from space 10432K, 99% used [0x00000007aeb00000,0x00000007af52ae70,0x00000007af530000)
  to   space 55488K, 0% used [0x00000007b1fb0000,0x00000007b1fb0000,0x00000007b55e0000)
 ParOldGen       total 174528K, used 106024K [0x0000000700600000, 0x000000070b070000, 0x00000007aacb0000)
  object space 174528K, 60% used [0x0000000700600000,0x0000000706d8a1e0,0x000000070b070000)
 PSPermGen       total 21248K, used 18005K [0x00000006fb400000, 0x00000006fc8c0000, 0x0000000700600000)
  object space 21248K, 84% used [0x00000006fb400000,0x00000006fc5954c0,0x00000006fc8c0000)
}

