# JRE version: 7.0_07-b11
# Java VM: Java HotSpot(TM) 64-Bit Server VM (23.3-b01 mixed mode windows-amd64 compressed oops)
Heap
 PSYoungGen      total 1196864K, used 150761K [0x00000007aacb0000, 0x00000007f9bf0000, 0x0000000800000000)
  eden space 1152768K, 10% used [0x00000007aacb0000,0x00000007b23db368,0x00000007f1270000)
  from space 44096K, 65% used [0x00000007f70e0000,0x00000007f8cef2a0,0x00000007f9bf0000)
  to   space 70400K, 0% used [0x00000007f1270000,0x00000007f1270000,0x00000007f5730000)
 ParOldGen       total 158400K, used 69036K [0x0000000700600000, 0x000000070a0b0000, 0x00000007aacb0000)
  object space 158400K, 43% used [0x0000000700600000,0x000000070496b150,0x000000070a0b0000)
 PSPermGen       total 36288K, used 18053K [0x00000006fb400000, 0x00000006fd770000, 0x0000000700600000)
  object space 36288K, 49% used [0x00000006fb400000,0x00000006fc5a14b8,0x00000006fd770000)
GC Heap History (10 events):
Event: 8.916 GC heap before
{Heap before GC invocations=9 (full 0):
 PSYoungGen      total 558848K, used 553392K [0x00000007aacb0000, 0x00000007d0d70000, 0x0000000800000000)
  eden space 516416K, 99% used [0x00000007aacb0000,0x00000007ca0ed278,0x00000007ca500000)
  from space 42432K, 96% used [0x00000007cd5a0000,0x00000007cfdcedd0,0x00000007cff10000)
  to   space 49792K, 0% used [0x00000007ca500000,0x00000007ca500000,0x00000007cd5a0000)
 ParOldGen       total 174528K, used 102313K [0x0000000700600000, 0x000000070b070000, 0x00000007aacb0000)
  object space 174528K, 58% used [0x0000000700600000,0x00000007069ea730,0x000000070b070000)
 PSPermGen       total 21248K, used 18001K [0x00000006fb400000, 0x00000006fc8c0000, 0x0000000700600000)
  object space 21248K, 84% used [0x00000006fb400000,0x00000006fc5947f8,0x00000006fc8c0000)
Event: 8.935 GC heap after
Heap after GC invocations=9 (full 0):
 PSYoungGen      total 566208K, used 47642K [0x00000007aacb0000, 0x00000007e4400000, 0x0000000800000000)
  eden space 516416K, 0% used [0x00000007aacb0000,0x00000007aacb0000,0x00000007ca500000)
  from space 49792K, 95% used [0x00000007ca500000,0x00000007cd3868d8,0x00000007cd5a0000)
  to   space 57536K, 0% used [0x00000007e0bd0000,0x00000007e0bd0000,0x00000007e4400000)
 ParOldGen       total 174528K, used 129734K [0x0000000700600000, 0x000000070b070000, 0x00000007aacb0000)
  object space 174528K, 74% used [0x0000000700600000,0x00000007084b1b00,0x000000070b070000)
 PSPermGen       total 21248K, used 18001K [0x00000006fb400000, 0x00000006fc8c0000, 0x0000000700600000)
  object space 21248K, 84% used [0x00000006fb400000,0x00000006fc5947f8,0x00000006fc8c0000)
}
Event: 9.903 GC heap before
{Heap before GC invocations=10 (full 0):
 PSYoungGen      total 566208K, used 558023K [0x00000007aacb0000, 0x00000007e4400000, 0x0000000800000000)
  eden space 516416K, 98% used [0x00000007aacb0000,0x00000007c9f1b3d0,0x00000007ca500000)
  from space 49792K, 95% used [0x00000007ca500000,0x00000007cd3868d8,0x00000007cd5a0000)
  to   space 57536K, 0% used [0x00000007e0bd0000,0x00000007e0bd0000,0x00000007e4400000)
 ParOldGen       total 174528K, used 129734K [0x0000000700600000, 0x000000070b070000, 0x00000007aacb0000)
  object space 174528K, 74% used [0x0000000700600000,0x00000007084b1b00,0x000000070b070000)
 PSPermGen       total 21248K, used 18013K [0x00000006fb400000, 0x00000006fc8c0000, 0x0000000700600000)
  object space 21248K, 84% used [0x00000006fb400000,0x00000006fc597750,0x00000006fc8c0000)
Event: 9.920 GC heap after
Heap after GC invocations=10 (full 0):
 PSYoungGen      total 876224K, used 53178K [0x00000007aacb0000, 0x00000007e52e0000, 0x0000000800000000)
  eden space 818688K, 0% used [0x00000007aacb0000,0x00000007aacb0000,0x00000007dcc30000)
  from space 57536K, 92% used [0x00000007e0bd0000,0x00000007e3fbebb8,0x00000007e4400000)
  to   space 65152K, 0% used [0x00000007dcc30000,0x00000007dcc30000,0x00000007e0bd0000)
 ParOldGen       total 174528K, used 148425K [0x0000000700600000, 0x000000070b070000, 0x00000007aacb0000)
  object space 174528K, 85% used [0x0000000700600000,0x00000007096f2590,0x000000070b070000)
 PSPermGen       total 21248K, used 18013K [0x00000006fb400000, 0x00000006fc8c0000, 0x0000000700600000)
  object space 21248K, 84% used [0x00000006fb400000,0x00000006fc597750,0x00000006fc8c0000)
}
Event: 9.920 GC heap before
{Heap before GC invocations=11 (full 1):
 PSYoungGen      total 876224K, used 53178K [0x00000007aacb0000, 0x00000007e52e0000, 0x0000000800000000)
  eden space 818688K, 0% used [0x00000007aacb0000,0x00000007aacb0000,0x00000007dcc30000)
  from space 57536K, 92% used [0x00000007e0bd0000,0x00000007e3fbebb8,0x00000007e4400000)
  to   space 65152K, 0% used [0x00000007dcc30000,0x00000007dcc30000,0x00000007e0bd0000)
 ParOldGen       total 174528K, used 148425K [0x0000000700600000, 0x000000070b070000, 0x00000007aacb0000)
  object space 174528K, 85% used [0x0000000700600000,0x00000007096f2590,0x000000070b070000)
 PSPermGen       total 21248K, used 18013K [0x00000006fb400000, 0x00000006fc8c0000, 0x0000000700600000)
  object space 21248K, 84% used [0x00000006fb400000,0x00000006fc597750,0x00000006fc8c0000)
Event: 9.975 GC heap after
Heap after GC invocations=11 (full 1):
 PSYoungGen      total 876224K, used 0K [0x00000007aacb0000, 0x00000007e52e0000, 0x0000000800000000)
  eden space 818688K, 0% used [0x00000007aacb0000,0x00000007aacb0000,0x00000007dcc30000)
  from space 57536K, 0% used [0x00000007e0bd0000,0x00000007e0bd0000,0x00000007e4400000)
  to   space 65152K, 0% used [0x00000007dcc30000,0x00000007dcc30000,0x00000007e0bd0000)
 ParOldGen       total 158400K, used 38417K [0x0000000700600000, 0x000000070a0b0000, 0x00000007aacb0000)
  object space 158400K, 24% used [0x0000000700600000,0x0000000702b846d8,0x000000070a0b0000)
 PSPermGen       total 36288K, used 18007K [0x00000006fb400000, 0x00000006fd770000, 0x0000000700600000)
  object space 36288K, 49% used [0x00000006fb400000,0x00000006fc595c18,0x00000006fd770000)
}
Event: 12.624 GC heap before
{Heap before GC invocations=12 (full 1):
 PSYoungGen      total 876224K, used 817805K [0x00000007aacb0000, 0x00000007e52e0000, 0x0000000800000000)
  eden space 818688K, 99% used [0x00000007aacb0000,0x00000007dcb534c0,0x00000007dcc30000)
  from space 57536K, 0% used [0x00000007e0bd0000,0x00000007e0bd0000,0x00000007e4400000)
  to   space 65152K, 0% used [0x00000007dcc30000,0x00000007dcc30000,0x00000007e0bd0000)
 ParOldGen       total 158400K, used 38417K [0x0000000700600000, 0x000000070a0b0000, 0x00000007aacb0000)
  object space 158400K, 24% used [0x0000000700600000,0x0000000702b846d8,0x000000070a0b0000)
 PSPermGen       total 36288K, used 18013K [0x00000006fb400000, 0x00000006fd770000, 0x0000000700600000)
  object space 36288K, 49% used [0x00000006fb400000,0x00000006fc5976f8,0x00000006fd770000)
Event: 12.640 GC heap after
Heap after GC invocations=12 (full 1):
 PSYoungGen      total 883840K, used 62500K [0x00000007aacb0000, 0x00000007fb9d0000, 0x0000000800000000)
  eden space 818688K, 0% used [0x00000007aacb0000,0x00000007aacb0000,0x00000007dcc30000)
  from space 65152K, 95% used [0x00000007dcc30000,0x00000007e09393a0,0x00000007e0bd0000)
  to   space 74688K, 0% used [0x00000007f70e0000,0x00000007f70e0000,0x00000007fb9d0000)
 ParOldGen       total 158400K, used 41442K [0x0000000700600000, 0x000000070a0b0000, 0x00000007aacb0000)
  object space 158400K, 26% used [0x0000000700600000,0x0000000702e78a48,0x000000070a0b0000)
 PSPermGen       total 36288K, used 18013K [0x00000006fb400000, 0x00000006fd770000, 0x0000000700600000)
  object space 36288K, 49% used [0x00000006fb400000,0x00000006fc5976f8,0x00000006fd770000)
}
Event: 15.487 GC heap before
{Heap before GC invocations=13 (full 1):
 PSYoungGen      total 883840K, used 879475K [0x00000007aacb0000, 0x00000007fb9d0000, 0x0000000800000000)
  eden space 818688K, 99% used [0x00000007aacb0000,0x00000007dca83bd0,0x00000007dcc30000)
  from space 65152K, 95% used [0x00000007dcc30000,0x00000007e09393a0,0x00000007e0bd0000)
  to   space 74688K, 0% used [0x00000007f70e0000,0x00000007f70e0000,0x00000007fb9d0000)
 ParOldGen       total 158400K, used 41442K [0x0000000700600000, 0x000000070a0b0000, 0x00000007aacb0000)
  object space 158400K, 26% used [0x0000000700600000,0x0000000702e78a48,0x000000070a0b0000)
 PSPermGen       total 36288K, used 18026K [0x00000006fb400000, 0x00000006fd770000, 0x0000000700600000)
  object space 36288K, 49% used [0x00000006fb400000,0x00000006fc59a900,0x00000006fd770000)
Event: 15.496 GC heap after
Heap after GC invocations=13 (full 1):
 PSYoungGen      total 1196864K, used 28732K [0x00000007aacb0000, 0x00000007f9bf0000, 0x0000000800000000)
  eden space 1152768K, 0% used [0x00000007aacb0000,0x00000007aacb0000,0x00000007f1270000)
  from space 44096K, 65% used [0x00000007f70e0000,0x00000007f8cef2a0,0x00000007f9bf0000)
  to   space 70400K, 0% used [0x00000007f1270000,0x00000007f1270000,0x00000007f5730000)
 ParOldGen       total 158400K, used 69036K [0x0000000700600000, 0x000000070a0b0000, 0x00000007aacb0000)
  object space 158400K, 43% used [0x0000000700600000,0x000000070496b150,0x000000070a0b0000)
 PSPermGen       total 36288K, used 18026K [0x00000006fb400000, 0x00000006fd770000, 0x0000000700600000)
  object space 36288K, 49% used [0x00000006fb400000,0x00000006fc59a900,0x00000006fd770000)
}

