# JRE version: 7.0_07-b11
# Java VM: Java HotSpot(TM) 64-Bit Server VM (23.3-b01 mixed mode windows-amd64 compressed oops)
Heap
 PSYoungGen      total 991744K, used 610376K [0x00000007aacb0000, 0x00000007f4690000, 0x0000000800000000)
  eden space 908224K, 61% used [0x00000007aacb0000,0x00000007cd02e200,0x00000007e23a0000)
  from space 83520K, 59% used [0x00000007e23a0000,0x00000007e5433e60,0x00000007e7530000)
  to   space 83008K, 0% used [0x00000007ef580000,0x00000007ef580000,0x00000007f4690000)
 ParOldGen       total 217152K, used 167498K [0x0000000700600000, 0x000000070da10000, 0x00000007aacb0000)
  object space 217152K, 77% used [0x0000000700600000,0x000000070a992b80,0x000000070da10000)
 PSPermGen       total 39360K, used 18148K [0x00000006fb400000, 0x00000006fda70000, 0x0000000700600000)
  object space 39360K, 46% used [0x00000006fb400000,0x00000006fc5b9008,0x00000006fda70000)
GC Heap History (10 events):
Event: 26.609 GC heap before
{Heap before GC invocations=22 (full 3):
 PSYoungGen      total 757696K, used 704067K [0x00000007aacb0000, 0x00000007ddd00000, 0x0000000800000000)
  eden space 697920K, 99% used [0x00000007aacb0000,0x00000007d538b088,0x00000007d5640000)
  from space 59776K, 14% used [0x00000007da2a0000,0x00000007dab55db0,0x00000007ddd00000)
  to   space 68992K, 0% used [0x00000007d5640000,0x00000007d5640000,0x00000007d99a0000)
 ParOldGen       total 217152K, used 110084K [0x0000000700600000, 0x000000070da10000, 0x00000007aacb0000)
  object space 217152K, 50% used [0x0000000700600000,0x0000000707181240,0x000000070da10000)
 PSPermGen       total 39360K, used 18087K [0x00000006fb400000, 0x00000006fda70000, 0x0000000700600000)
  object space 39360K, 45% used [0x00000006fb400000,0x00000006fc5a9e40,0x00000006fda70000)
Event: 26.621 GC heap after
Heap after GC invocations=22 (full 3):
 PSYoungGen      total 766912K, used 58341K [0x00000007aacb0000, 0x00000007e4750000, 0x0000000800000000)
  eden space 697920K, 0% used [0x00000007aacb0000,0x00000007aacb0000,0x00000007d5640000)
  from space 68992K, 84% used [0x00000007d5640000,0x00000007d8f396a8,0x00000007d99a0000)
  to   space 75328K, 0% used [0x00000007dfdc0000,0x00000007dfdc0000,0x00000007e4750000)
 ParOldGen       total 217152K, used 110084K [0x0000000700600000, 0x000000070da10000, 0x00000007aacb0000)
  object space 217152K, 50% used [0x0000000700600000,0x0000000707181240,0x000000070da10000)
 PSPermGen       total 39360K, used 18087K [0x00000006fb400000, 0x00000006fda70000, 0x0000000700600000)
  object space 39360K, 45% used [0x00000006fb400000,0x00000006fc5a9e40,0x00000006fda70000)
}
Event: 28.293 GC heap before
{Heap before GC invocations=23 (full 3):
 PSYoungGen      total 766912K, used 756261K [0x00000007aacb0000, 0x00000007e4750000, 0x0000000800000000)
  eden space 697920K, 100% used [0x00000007aacb0000,0x00000007d5640000,0x00000007d5640000)
  from space 68992K, 84% used [0x00000007d5640000,0x00000007d8f396a8,0x00000007d99a0000)
  to   space 75328K, 0% used [0x00000007dfdc0000,0x00000007dfdc0000,0x00000007e4750000)
 ParOldGen       total 217152K, used 167498K [0x0000000700600000, 0x000000070da10000, 0x00000007aacb0000)
  object space 217152K, 77% used [0x0000000700600000,0x000000070a992b80,0x000000070da10000)
 PSPermGen       total 39360K, used 18095K [0x00000006fb400000, 0x00000006fda70000, 0x0000000700600000)
  object space 39360K, 45% used [0x00000006fb400000,0x00000006fc5abf60,0x00000006fda70000)
Event: 28.304 GC heap after
Heap after GC invocations=23 (full 3):
 PSYoungGen      total 863936K, used 39769K [0x00000007aacb0000, 0x00000007e42d0000, 0x0000000800000000)
  eden space 793216K, 0% used [0x00000007aacb0000,0x00000007aacb0000,0x00000007db350000)
  from space 70720K, 56% used [0x00000007dfdc0000,0x00000007e2496598,0x00000007e42d0000)
  to   space 73472K, 0% used [0x00000007db350000,0x00000007db350000,0x00000007dfb10000)
 ParOldGen       total 217152K, used 167498K [0x0000000700600000, 0x000000070da10000, 0x00000007aacb0000)
  object space 217152K, 77% used [0x0000000700600000,0x000000070a992b80,0x000000070da10000)
 PSPermGen       total 39360K, used 18095K [0x00000006fb400000, 0x00000006fda70000, 0x0000000700600000)
  object space 39360K, 45% used [0x00000006fb400000,0x00000006fc5abf60,0x00000006fda70000)
}
Event: 30.047 GC heap before
{Heap before GC invocations=24 (full 3):
 PSYoungGen      total 863936K, used 831553K [0x00000007aacb0000, 0x00000007e42d0000, 0x0000000800000000)
  eden space 793216K, 99% used [0x00000007aacb0000,0x00000007db1ea058,0x00000007db350000)
  from space 70720K, 56% used [0x00000007dfdc0000,0x00000007e2496598,0x00000007e42d0000)
  to   space 73472K, 0% used [0x00000007db350000,0x00000007db350000,0x00000007dfb10000)
 ParOldGen       total 217152K, used 167498K [0x0000000700600000, 0x000000070da10000, 0x00000007aacb0000)
  object space 217152K, 77% used [0x0000000700600000,0x000000070a992b80,0x000000070da10000)
 PSPermGen       total 39360K, used 18102K [0x00000006fb400000, 0x00000006fda70000, 0x0000000700600000)
  object space 39360K, 45% used [0x00000006fb400000,0x00000006fc5ad888,0x00000006fda70000)
Event: 30.066 GC heap after
Heap after GC invocations=24 (full 3):
 PSYoungGen      total 866688K, used 61733K [0x00000007aacb0000, 0x00000007ec310000, 0x0000000800000000)
  eden space 793216K, 0% used [0x00000007aacb0000,0x00000007aacb0000,0x00000007db350000)
  from space 73472K, 84% used [0x00000007db350000,0x00000007def99530,0x00000007dfb10000)
  to   space 79744K, 0% used [0x00000007e7530000,0x00000007e7530000,0x00000007ec310000)
 ParOldGen       total 217152K, used 167498K [0x0000000700600000, 0x000000070da10000, 0x00000007aacb0000)
  object space 217152K, 77% used [0x0000000700600000,0x000000070a992b80,0x000000070da10000)
 PSPermGen       total 39360K, used 18102K [0x00000006fb400000, 0x00000006fda70000, 0x0000000700600000)
  object space 39360K, 45% used [0x00000006fb400000,0x00000006fc5ad888,0x00000006fda70000)
}
Event: 31.791 GC heap before
{Heap before GC invocations=25 (full 3):
 PSYoungGen      total 866688K, used 853613K [0x00000007aacb0000, 0x00000007ec310000, 0x0000000800000000)
  eden space 793216K, 99% used [0x00000007aacb0000,0x00000007db2020e0,0x00000007db350000)
  from space 73472K, 84% used [0x00000007db350000,0x00000007def99530,0x00000007dfb10000)
  to   space 79744K, 0% used [0x00000007e7530000,0x00000007e7530000,0x00000007ec310000)
 ParOldGen       total 217152K, used 167498K [0x0000000700600000, 0x000000070da10000, 0x00000007aacb0000)
  object space 217152K, 77% used [0x0000000700600000,0x000000070a992b80,0x000000070da10000)
 PSPermGen       total 39360K, used 18109K [0x00000006fb400000, 0x00000006fda70000, 0x0000000700600000)
  object space 39360K, 46% used [0x00000006fb400000,0x00000006fc5af6c8,0x00000006fda70000)
Event: 31.806 GC heap after
Heap after GC invocations=25 (full 3):
 PSYoungGen      total 987968K, used 58772K [0x00000007aacb0000, 0x00000007ecbe0000, 0x0000000800000000)
  eden space 908224K, 0% used [0x00000007aacb0000,0x00000007aacb0000,0x00000007e23a0000)
  from space 79744K, 73% used [0x00000007e7530000,0x00000007eae953d8,0x00000007ec310000)
  to   space 83520K, 0% used [0x00000007e23a0000,0x00000007e23a0000,0x00000007e7530000)
 ParOldGen       total 217152K, used 167498K [0x0000000700600000, 0x000000070da10000, 0x00000007aacb0000)
  object space 217152K, 77% used [0x0000000700600000,0x000000070a992b80,0x000000070da10000)
 PSPermGen       total 39360K, used 18109K [0x00000006fb400000, 0x00000006fda70000, 0x0000000700600000)
  object space 39360K, 46% used [0x00000006fb400000,0x00000006fc5af6c8,0x00000006fda70000)
}
Event: 33.799 GC heap before
{Heap before GC invocations=26 (full 3):
 PSYoungGen      total 987968K, used 964808K [0x00000007aacb0000, 0x00000007ecbe0000, 0x0000000800000000)
  eden space 908224K, 99% used [0x00000007aacb0000,0x00000007e217ce20,0x00000007e23a0000)
  from space 79744K, 73% used [0x00000007e7530000,0x00000007eae953d8,0x00000007ec310000)
  to   space 83520K, 0% used [0x00000007e23a0000,0x00000007e23a0000,0x00000007e7530000)
 ParOldGen       total 217152K, used 167498K [0x0000000700600000, 0x000000070da10000, 0x00000007aacb0000)
  object space 217152K, 77% used [0x0000000700600000,0x000000070a992b80,0x000000070da10000)
 PSPermGen       total 39360K, used 18114K [0x00000006fb400000, 0x00000006fda70000, 0x0000000700600000)
  object space 39360K, 46% used [0x00000006fb400000,0x00000006fc5b09b0,0x00000006fda70000)
Event: 33.810 GC heap after
Heap after GC invocations=26 (full 3):
 PSYoungGen      total 991744K, used 49743K [0x00000007aacb0000, 0x00000007f4690000, 0x0000000800000000)
  eden space 908224K, 0% used [0x00000007aacb0000,0x00000007aacb0000,0x00000007e23a0000)
  from space 83520K, 59% used [0x00000007e23a0000,0x00000007e5433e60,0x00000007e7530000)
  to   space 83008K, 0% used [0x00000007ef580000,0x00000007ef580000,0x00000007f4690000)
 ParOldGen       total 217152K, used 167498K [0x0000000700600000, 0x000000070da10000, 0x00000007aacb0000)
  object space 217152K, 77% used [0x0000000700600000,0x000000070a992b80,0x000000070da10000)
 PSPermGen       total 39360K, used 18114K [0x00000006fb400000, 0x00000006fda70000, 0x0000000700600000)
  object space 39360K, 46% used [0x00000006fb400000,0x00000006fc5b09b0,0x00000006fda70000)
}

