# JRE version: 7.0_07-b11
# Java VM: Java HotSpot(TM) 64-Bit Server VM (23.3-b01 mixed mode windows-amd64 compressed oops)
Heap
 PSYoungGen      total 1299648K, used 89548K [0x00000007aacb0000, 0x0000000800000000, 0x0000000800000000)
  eden space 1222976K, 2% used [0x00000007aacb0000,0x00000007accc0be0,0x00000007f5700000)
  from space 76672K, 73% used [0x00000007f5700000,0x00000007f8e626a8,0x00000007fa1e0000)
  to   space 81792K, 0% used [0x00000007fb020000,0x00000007fb020000,0x0000000800000000)
 ParOldGen       total 152896K, used 57141K [0x0000000700600000, 0x0000000709b50000, 0x00000007aacb0000)
  object space 152896K, 37% used [0x0000000700600000,0x0000000703dcd420,0x0000000709b50000)
 PSPermGen       total 36288K, used 18058K [0x00000006fb400000, 0x00000006fd770000, 0x0000000700600000)
  object space 36288K, 49% used [0x00000006fb400000,0x00000006fc5a2bd0,0x00000006fd770000)
GC Heap History (10 events):
Event: 9.614 GC heap before
{Heap before GC invocations=10 (full 0):
 PSYoungGen      total 567104K, used 502736K [0x00000007aacb0000, 0x00000007e3ce0000, 0x0000000800000000)
  eden space 502912K, 99% used [0x00000007aacb0000,0x00000007c96dd798,0x00000007c97d0000)
  from space 64192K, 1% used [0x00000007c97d0000,0x00000007c9896930,0x00000007cd680000)
  to   space 64704K, 0% used [0x00000007dfdb0000,0x00000007dfdb0000,0x00000007e3ce0000)
 ParOldGen       total 174528K, used 140389K [0x0000000700600000, 0x000000070b070000, 0x00000007aacb0000)
  object space 174528K, 80% used [0x0000000700600000,0x0000000708f194f8,0x000000070b070000)
 PSPermGen       total 21248K, used 17973K [0x00000006fb400000, 0x00000006fc8c0000, 0x0000000700600000)
  object space 21248K, 84% used [0x00000006fb400000,0x00000006fc58d488,0x00000006fc8c0000)
Event: 9.626 GC heap after
Heap after GC invocations=10 (full 0):
 PSYoungGen      total 864640K, used 47359K [0x00000007aacb0000, 0x00000007e4620000, 0x0000000800000000)
  eden space 799936K, 0% used [0x00000007aacb0000,0x00000007aacb0000,0x00000007db9e0000)
  from space 64704K, 73% used [0x00000007dfdb0000,0x00000007e2befcf0,0x00000007e3ce0000)
  to   space 69440K, 0% used [0x00000007db9e0000,0x00000007db9e0000,0x00000007dfdb0000)
 ParOldGen       total 174528K, used 140421K [0x0000000700600000, 0x000000070b070000, 0x00000007aacb0000)
  object space 174528K, 80% used [0x0000000700600000,0x0000000708f214f8,0x000000070b070000)
 PSPermGen       total 21248K, used 17973K [0x00000006fb400000, 0x00000006fc8c0000, 0x0000000700600000)
  object space 21248K, 84% used [0x00000006fb400000,0x00000006fc58d488,0x00000006fc8c0000)
}
Event: 11.140 GC heap before
{Heap before GC invocations=11 (full 0):
 PSYoungGen      total 864640K, used 845140K [0x00000007aacb0000, 0x00000007e4620000, 0x0000000800000000)
  eden space 799936K, 99% used [0x00000007aacb0000,0x00000007db7c5678,0x00000007db9e0000)
  from space 64704K, 73% used [0x00000007dfdb0000,0x00000007e2befcf0,0x00000007e3ce0000)
  to   space 69440K, 0% used [0x00000007db9e0000,0x00000007db9e0000,0x00000007dfdb0000)
 ParOldGen       total 174528K, used 140421K [0x0000000700600000, 0x000000070b070000, 0x00000007aacb0000)
  object space 174528K, 80% used [0x0000000700600000,0x0000000708f214f8,0x000000070b070000)
 PSPermGen       total 21248K, used 17995K [0x00000006fb400000, 0x00000006fc8c0000, 0x0000000700600000)
  object space 21248K, 84% used [0x00000006fb400000,0x00000006fc592d00,0x00000006fc8c0000)
Event: 11.155 GC heap after
Heap after GC invocations=11 (full 0):
 PSYoungGen      total 869376K, used 44500K [0x00000007aacb0000, 0x0000000800000000, 0x0000000800000000)
  eden space 799936K, 0% used [0x00000007aacb0000,0x00000007aacb0000,0x00000007db9e0000)
  from space 69440K, 64% used [0x00000007db9e0000,0x00000007de5552a0,0x00000007dfdb0000)
  to   space 72000K, 0% used [0x00000007fb9b0000,0x00000007fb9b0000,0x0000000800000000)
 ParOldGen       total 174528K, used 159111K [0x0000000700600000, 0x000000070b070000, 0x00000007aacb0000)
  object space 174528K, 91% used [0x0000000700600000,0x000000070a161f88,0x000000070b070000)
 PSPermGen       total 21248K, used 17995K [0x00000006fb400000, 0x00000006fc8c0000, 0x0000000700600000)
  object space 21248K, 84% used [0x00000006fb400000,0x00000006fc592d00,0x00000006fc8c0000)
}
Event: 11.155 GC heap before
{Heap before GC invocations=12 (full 1):
 PSYoungGen      total 869376K, used 44500K [0x00000007aacb0000, 0x0000000800000000, 0x0000000800000000)
  eden space 799936K, 0% used [0x00000007aacb0000,0x00000007aacb0000,0x00000007db9e0000)
  from space 69440K, 64% used [0x00000007db9e0000,0x00000007de5552a0,0x00000007dfdb0000)
  to   space 72000K, 0% used [0x00000007fb9b0000,0x00000007fb9b0000,0x0000000800000000)
 ParOldGen       total 174528K, used 159111K [0x0000000700600000, 0x000000070b070000, 0x00000007aacb0000)
  object space 174528K, 91% used [0x0000000700600000,0x000000070a161f88,0x000000070b070000)
 PSPermGen       total 21248K, used 17995K [0x00000006fb400000, 0x00000006fc8c0000, 0x0000000700600000)
  object space 21248K, 84% used [0x00000006fb400000,0x00000006fc592d00,0x00000006fc8c0000)
Event: 11.198 GC heap after
Heap after GC invocations=12 (full 1):
 PSYoungGen      total 869376K, used 0K [0x00000007aacb0000, 0x0000000800000000, 0x0000000800000000)
  eden space 799936K, 0% used [0x00000007aacb0000,0x00000007aacb0000,0x00000007db9e0000)
  from space 69440K, 0% used [0x00000007db9e0000,0x00000007db9e0000,0x00000007dfdb0000)
  to   space 72000K, 0% used [0x00000007fb9b0000,0x00000007fb9b0000,0x0000000800000000)
 ParOldGen       total 152896K, used 38867K [0x0000000700600000, 0x0000000709b50000, 0x00000007aacb0000)
  object space 152896K, 25% used [0x0000000700600000,0x0000000702bf4ff0,0x0000000709b50000)
 PSPermGen       total 36288K, used 17988K [0x00000006fb400000, 0x00000006fd770000, 0x0000000700600000)
  object space 36288K, 49% used [0x00000006fb400000,0x00000006fc591268,0x00000006fd770000)
}
Event: 12.668 GC heap before
{Heap before GC invocations=13 (full 1):
 PSYoungGen      total 869376K, used 799481K [0x00000007aacb0000, 0x0000000800000000, 0x0000000800000000)
  eden space 799936K, 99% used [0x00000007aacb0000,0x00000007db96e550,0x00000007db9e0000)
  from space 69440K, 0% used [0x00000007db9e0000,0x00000007db9e0000,0x00000007dfdb0000)
  to   space 72000K, 0% used [0x00000007fb9b0000,0x00000007fb9b0000,0x0000000800000000)
 ParOldGen       total 152896K, used 38867K [0x0000000700600000, 0x0000000709b50000, 0x00000007aacb0000)
  object space 152896K, 25% used [0x0000000700600000,0x0000000702bf4ff0,0x0000000709b50000)
 PSPermGen       total 36288K, used 18013K [0x00000006fb400000, 0x00000006fd770000, 0x0000000700600000)
  object space 36288K, 49% used [0x00000006fb400000,0x00000006fc5976f8,0x00000006fd770000)
Event: 12.680 GC heap after
Heap after GC invocations=13 (full 1):
 PSYoungGen      total 1210688K, used 52276K [0x00000007aacb0000, 0x00000007fecc0000, 0x0000000800000000)
  eden space 1158400K, 0% used [0x00000007aacb0000,0x00000007aacb0000,0x00000007f17f0000)
  from space 52288K, 99% used [0x00000007fb9b0000,0x00000007fecbd318,0x00000007fecc0000)
  to   space 76672K, 0% used [0x00000007f5700000,0x00000007f5700000,0x00000007fa1e0000)
 ParOldGen       total 152896K, used 38867K [0x0000000700600000, 0x0000000709b50000, 0x00000007aacb0000)
  object space 152896K, 25% used [0x0000000700600000,0x0000000702bf4ff0,0x0000000709b50000)
 PSPermGen       total 36288K, used 18013K [0x00000006fb400000, 0x00000006fd770000, 0x0000000700600000)
  object space 36288K, 49% used [0x00000006fb400000,0x00000006fc5976f8,0x00000006fd770000)
}
Event: 14.838 GC heap before
{Heap before GC invocations=14 (full 1):
 PSYoungGen      total 1210688K, used 1209632K [0x00000007aacb0000, 0x00000007fecc0000, 0x0000000800000000)
  eden space 1158400K, 99% used [0x00000007aacb0000,0x00000007f16eb030,0x00000007f17f0000)
  from space 52288K, 99% used [0x00000007fb9b0000,0x00000007fecbd318,0x00000007fecc0000)
  to   space 76672K, 0% used [0x00000007f5700000,0x00000007f5700000,0x00000007fa1e0000)
 ParOldGen       total 152896K, used 38867K [0x0000000700600000, 0x0000000709b50000, 0x00000007aacb0000)
  object space 152896K, 25% used [0x0000000700600000,0x0000000702bf4ff0,0x0000000709b50000)
 PSPermGen       total 36288K, used 18033K [0x00000006fb400000, 0x00000006fd770000, 0x0000000700600000)
  object space 36288K, 49% used [0x00000006fb400000,0x00000006fc59c4f0,0x00000006fd770000)
Event: 14.853 GC heap after
Heap after GC invocations=14 (full 1):
 PSYoungGen      total 1299648K, used 56713K [0x00000007aacb0000, 0x0000000800000000, 0x0000000800000000)
  eden space 1222976K, 0% used [0x00000007aacb0000,0x00000007aacb0000,0x00000007f5700000)
  from space 76672K, 73% used [0x00000007f5700000,0x00000007f8e626a8,0x00000007fa1e0000)
  to   space 81792K, 0% used [0x00000007fb020000,0x00000007fb020000,0x0000000800000000)
 ParOldGen       total 152896K, used 57141K [0x0000000700600000, 0x0000000709b50000, 0x00000007aacb0000)
  object space 152896K, 37% used [0x0000000700600000,0x0000000703dcd420,0x0000000709b50000)
 PSPermGen       total 36288K, used 18033K [0x00000006fb400000, 0x00000006fd770000, 0x0000000700600000)
  object space 36288K, 49% used [0x00000006fb400000,0x00000006fc59c4f0,0x00000006fd770000)
}

