# JRE version: 7.0_07-b11
# Java VM: Java HotSpot(TM) 64-Bit Server VM (23.3-b01 mixed mode windows-amd64 compressed oops)
Heap
 PSYoungGen      total 1121408K, used 152218K [0x00000007aacb0000, 0x00000007fcaf0000, 0x0000000800000000)
  eden space 1058048K, 11% used [0x00000007aacb0000,0x00000007b21e4158,0x00000007eb5f0000)
  from space 63360K, 50% used [0x00000007eb5f0000,0x00000007ed5628a8,0x00000007ef3d0000)
  to   space 60416K, 0% used [0x00000007f8ff0000,0x00000007f8ff0000,0x00000007fcaf0000)
 ParOldGen       total 256832K, used 220823K [0x0000000700600000, 0x00000007100d0000, 0x00000007aacb0000)
  object space 256832K, 85% used [0x0000000700600000,0x000000070dda5cf8,0x00000007100d0000)
 PSPermGen       total 36096K, used 18107K [0x00000006fb400000, 0x00000006fd740000, 0x0000000700600000)
  object space 36096K, 50% used [0x00000006fb400000,0x00000006fc5aeda0,0x00000006fd740000)
GC Heap History (10 events):
Event: 23.255 GC heap before
{Heap before GC invocations=20 (full 4):
 PSYoungGen      total 771136K, used 741369K [0x00000007aacb0000, 0x00000007e8d30000, 0x0000000800000000)
  eden space 715008K, 99% used [0x00000007aacb0000,0x00000007d66314c0,0x00000007d66f0000)
  from space 56128K, 48% used [0x00000007d66f0000,0x00000007d816d020,0x00000007d9dc0000)
  to   space 53440K, 0% used [0x00000007e5900000,0x00000007e5900000,0x00000007e8d30000)
 ParOldGen       total 227520K, used 149552K [0x0000000700600000, 0x000000070e430000, 0x00000007aacb0000)
  object space 227520K, 65% used [0x0000000700600000,0x000000070980c198,0x000000070e430000)
 PSPermGen       total 37696K, used 18048K [0x00000006fb400000, 0x00000006fd8d0000, 0x0000000700600000)
  object space 37696K, 47% used [0x00000006fb400000,0x00000006fc5a0118,0x00000006fd8d0000)
Event: 23.266 GC heap after
Heap after GC invocations=20 (full 4):
 PSYoungGen      total 958208K, used 46246K [0x00000007aacb0000, 0x00000007e91e0000, 0x0000000800000000)
  eden space 904768K, 0% used [0x00000007aacb0000,0x00000007aacb0000,0x00000007e2040000)
  from space 53440K, 86% used [0x00000007e5900000,0x00000007e86298b8,0x00000007e8d30000)
  to   space 58112K, 0% used [0x00000007e2040000,0x00000007e2040000,0x00000007e5900000)
 ParOldGen       total 227520K, used 149552K [0x0000000700600000, 0x000000070e430000, 0x00000007aacb0000)
  object space 227520K, 65% used [0x0000000700600000,0x000000070980c198,0x000000070e430000)
 PSPermGen       total 37696K, used 18048K [0x00000006fb400000, 0x00000006fd8d0000, 0x0000000700600000)
  object space 37696K, 47% used [0x00000006fb400000,0x00000006fc5a0118,0x00000006fd8d0000)
}
Event: 25.461 GC heap before
{Heap before GC invocations=21 (full 5):
 PSYoungGen      total 958208K, used 951005K [0x00000007aacb0000, 0x00000007e91e0000, 0x0000000800000000)
  eden space 904768K, 99% used [0x00000007aacb0000,0x00000007e203df20,0x00000007e2040000)
  from space 53440K, 86% used [0x00000007e5900000,0x00000007e86298b8,0x00000007e8d30000)
  to   space 58112K, 0% used [0x00000007e2040000,0x00000007e2040000,0x00000007e5900000)
 ParOldGen       total 243264K, used 242002K [0x0000000700600000, 0x000000070f390000, 0x00000007aacb0000)
  object space 243264K, 99% used [0x0000000700600000,0x000000070f254a68,0x000000070f390000)
 PSPermGen       total 37696K, used 18073K [0x00000006fb400000, 0x00000006fd8d0000, 0x0000000700600000)
  object space 37696K, 47% used [0x00000006fb400000,0x00000006fc5a6788,0x00000006fd8d0000)
Event: 25.492 GC heap after
Heap after GC invocations=21 (full 5):
 PSYoungGen      total 958208K, used 0K [0x00000007aacb0000, 0x00000007e91e0000, 0x0000000800000000)
  eden space 904768K, 0% used [0x00000007aacb0000,0x00000007aacb0000,0x00000007e2040000)
  from space 53440K, 0% used [0x00000007e5900000,0x00000007e5900000,0x00000007e8d30000)
  to   space 58112K, 0% used [0x00000007e2040000,0x00000007e2040000,0x00000007e5900000)
 ParOldGen       total 256832K, used 33696K [0x0000000700600000, 0x00000007100d0000, 0x00000007aacb0000)
  object space 256832K, 13% used [0x0000000700600000,0x00000007026e8188,0x00000007100d0000)
 PSPermGen       total 36096K, used 18073K [0x00000006fb400000, 0x00000006fd740000, 0x0000000700600000)
  object space 36096K, 50% used [0x00000006fb400000,0x00000006fc5a6648,0x00000006fd740000)
}
Event: 27.671 GC heap before
{Heap before GC invocations=22 (full 5):
 PSYoungGen      total 958208K, used 903532K [0x00000007aacb0000, 0x00000007e91e0000, 0x0000000800000000)
  eden space 904768K, 99% used [0x00000007aacb0000,0x00000007e1f0b200,0x00000007e2040000)
  from space 53440K, 0% used [0x00000007e5900000,0x00000007e5900000,0x00000007e8d30000)
  to   space 58112K, 0% used [0x00000007e2040000,0x00000007e2040000,0x00000007e5900000)
 ParOldGen       total 256832K, used 35721K [0x0000000700600000, 0x00000007100d0000, 0x00000007aacb0000)
  object space 256832K, 13% used [0x0000000700600000,0x00000007028e2598,0x00000007100d0000)
 PSPermGen       total 36096K, used 18084K [0x00000006fb400000, 0x00000006fd740000, 0x0000000700600000)
  object space 36096K, 50% used [0x00000006fb400000,0x00000006fc5a9270,0x00000006fd740000)
Event: 27.686 GC heap after
Heap after GC invocations=22 (full 5):
 PSYoungGen      total 962880K, used 55308K [0x00000007aacb0000, 0x00000007f3c60000, 0x0000000800000000)
  eden space 904768K, 0% used [0x00000007aacb0000,0x00000007aacb0000,0x00000007e2040000)
  from space 58112K, 95% used [0x00000007e2040000,0x00000007e56430a0,0x00000007e5900000)
  to   space 65088K, 0% used [0x00000007efcd0000,0x00000007efcd0000,0x00000007f3c60000)
 ParOldGen       total 256832K, used 35721K [0x0000000700600000, 0x00000007100d0000, 0x00000007aacb0000)
  object space 256832K, 13% used [0x0000000700600000,0x00000007028e2598,0x00000007100d0000)
 PSPermGen       total 36096K, used 18084K [0x00000006fb400000, 0x00000006fd740000, 0x0000000700600000)
  object space 36096K, 50% used [0x00000006fb400000,0x00000006fc5a9270,0x00000006fd740000)
}
Event: 29.538 GC heap before
{Heap before GC invocations=23 (full 5):
 PSYoungGen      total 962880K, used 960076K [0x00000007aacb0000, 0x00000007f3c60000, 0x0000000800000000)
  eden space 904768K, 100% used [0x00000007aacb0000,0x00000007e2040000,0x00000007e2040000)
  from space 58112K, 95% used [0x00000007e2040000,0x00000007e56430a0,0x00000007e5900000)
  to   space 65088K, 0% used [0x00000007efcd0000,0x00000007efcd0000,0x00000007f3c60000)
 ParOldGen       total 256832K, used 59805K [0x0000000700600000, 0x00000007100d0000, 0x00000007aacb0000)
  object space 256832K, 23% used [0x0000000700600000,0x00000007040675d8,0x00000007100d0000)
 PSPermGen       total 36096K, used 18091K [0x00000006fb400000, 0x00000006fd740000, 0x0000000700600000)
  object space 36096K, 50% used [0x00000006fb400000,0x00000006fc5aacf8,0x00000006fd740000)
Event: 29.547 GC heap after
Heap after GC invocations=23 (full 5):
 PSYoungGen      total 1112192K, used 35585K [0x00000007aacb0000, 0x00000007f31b0000, 0x0000000800000000)
  eden space 1058048K, 0% used [0x00000007aacb0000,0x00000007aacb0000,0x00000007eb5f0000)
  from space 54144K, 65% used [0x00000007efcd0000,0x00000007f1f904d8,0x00000007f31b0000)
  to   space 63360K, 0% used [0x00000007eb5f0000,0x00000007eb5f0000,0x00000007ef3d0000)
 ParOldGen       total 256832K, used 59805K [0x0000000700600000, 0x00000007100d0000, 0x00000007aacb0000)
  object space 256832K, 23% used [0x0000000700600000,0x00000007040675d8,0x00000007100d0000)
 PSPermGen       total 36096K, used 18091K [0x00000006fb400000, 0x00000006fd740000, 0x0000000700600000)
  object space 36096K, 50% used [0x00000006fb400000,0x00000006fc5aacf8,0x00000006fd740000)
}
Event: 32.438 GC heap before
{Heap before GC invocations=24 (full 5):
 PSYoungGen      total 1112192K, used 1093580K [0x00000007aacb0000, 0x00000007f31b0000, 0x0000000800000000)
  eden space 1058048K, 99% used [0x00000007aacb0000,0x00000007eb5e2d88,0x00000007eb5f0000)
  from space 54144K, 65% used [0x00000007efcd0000,0x00000007f1f904d8,0x00000007f31b0000)
  to   space 63360K, 0% used [0x00000007eb5f0000,0x00000007eb5f0000,0x00000007ef3d0000)
 ParOldGen       total 256832K, used 220823K [0x0000000700600000, 0x00000007100d0000, 0x00000007aacb0000)
  object space 256832K, 85% used [0x0000000700600000,0x000000070dda5cf8,0x00000007100d0000)
 PSPermGen       total 36096K, used 18107K [0x00000006fb400000, 0x00000006fd740000, 0x0000000700600000)
  object space 36096K, 50% used [0x00000006fb400000,0x00000006fc5aeda0,0x00000006fd740000)
Event: 32.447 GC heap after
Heap after GC invocations=24 (full 5):
 PSYoungGen      total 1121408K, used 32202K [0x00000007aacb0000, 0x00000007fcaf0000, 0x0000000800000000)
  eden space 1058048K, 0% used [0x00000007aacb0000,0x00000007aacb0000,0x00000007eb5f0000)
  from space 63360K, 50% used [0x00000007eb5f0000,0x00000007ed5628a8,0x00000007ef3d0000)
  to   space 60416K, 0% used [0x00000007f8ff0000,0x00000007f8ff0000,0x00000007fcaf0000)
 ParOldGen       total 256832K, used 220823K [0x0000000700600000, 0x00000007100d0000, 0x00000007aacb0000)
  object space 256832K, 85% used [0x0000000700600000,0x000000070dda5cf8,0x00000007100d0000)
 PSPermGen       total 36096K, used 18107K [0x00000006fb400000, 0x00000006fd740000, 0x0000000700600000)
  object space 36096K, 50% used [0x00000006fb400000,0x00000006fc5aeda0,0x00000006fd740000)
}

