# JRE version: 7.0_07-b11
# Java VM: Java HotSpot(TM) 64-Bit Server VM (23.3-b01 mixed mode windows-amd64 compressed oops)
Heap
 PSYoungGen      total 769408K, used 421445K [0x00000007aacb0000, 0x00000007ee810000, 0x0000000800000000)
  eden space 717376K, 58% used [0x00000007aacb0000,0x00000007c48415e8,0x00000007d6940000)
  from space 52032K, 0% used [0x00000007d6940000,0x00000007d6940000,0x00000007d9c10000)
  to   space 53632K, 0% used [0x00000007eb3b0000,0x00000007eb3b0000,0x00000007ee810000)
 ParOldGen       total 213248K, used 28172K [0x0000000700600000, 0x000000070d640000, 0x00000007aacb0000)
  object space 213248K, 13% used [0x0000000700600000,0x0000000702183200,0x000000070d640000)
 PSPermGen       total 37568K, used 18241K [0x00000006fb400000, 0x00000006fd8b0000, 0x0000000700600000)
  object space 37568K, 48% used [0x00000006fb400000,0x00000006fc5d06c8,0x00000006fd8b0000)
GC Heap History (10 events):
Event: 14.650 GC heap before
{Heap before GC invocations=11 (full 1):
 PSYoungGen      total 548416K, used 542958K [0x00000007aacb0000, 0x00000007dcf30000, 0x0000000800000000)
  eden space 506240K, 99% used [0x00000007aacb0000,0x00000007c98d1938,0x00000007c9b10000)
  from space 42176K, 92% used [0x00000007c9b10000,0x00000007cc12a110,0x00000007cc440000)
  to   space 47936K, 0% used [0x00000007da060000,0x00000007da060000,0x00000007dcf30000)
 ParOldGen       total 124096K, used 26674K [0x0000000700600000, 0x0000000707f30000, 0x00000007aacb0000)
  object space 124096K, 21% used [0x0000000700600000,0x000000070200c8e8,0x0000000707f30000)
 PSPermGen       total 36672K, used 18065K [0x00000006fb400000, 0x00000006fd7d0000, 0x0000000700600000)
  object space 36672K, 49% used [0x00000006fb400000,0x00000006fc5a4738,0x00000006fd7d0000)
Event: 14.660 GC heap after
Heap after GC invocations=11 (full 1):
 PSYoungGen      total 764992K, used 39016K [0x00000007aacb0000, 0x00000007dcee0000, 0x0000000800000000)
  eden space 717376K, 0% used [0x00000007aacb0000,0x00000007aacb0000,0x00000007d6940000)
  from space 47616K, 81% used [0x00000007da060000,0x00000007dc67a110,0x00000007dcee0000)
  to   space 52032K, 0% used [0x00000007d6940000,0x00000007d6940000,0x00000007d9c10000)
 ParOldGen       total 124096K, used 26674K [0x0000000700600000, 0x0000000707f30000, 0x00000007aacb0000)
  object space 124096K, 21% used [0x0000000700600000,0x000000070200c8e8,0x0000000707f30000)
 PSPermGen       total 36672K, used 18065K [0x00000006fb400000, 0x00000006fd7d0000, 0x0000000700600000)
  object space 36672K, 49% used [0x00000006fb400000,0x00000006fc5a4738,0x00000006fd7d0000)
}
Event: 17.217 GC heap before
{Heap before GC invocations=12 (full 1):
 PSYoungGen      total 764992K, used 754381K [0x00000007aacb0000, 0x00000007dcee0000, 0x0000000800000000)
  eden space 717376K, 99% used [0x00000007aacb0000,0x00000007d67494d0,0x00000007d6940000)
  from space 47616K, 81% used [0x00000007da060000,0x00000007dc67a110,0x00000007dcee0000)
  to   space 52032K, 0% used [0x00000007d6940000,0x00000007d6940000,0x00000007d9c10000)
 ParOldGen       total 124096K, used 32749K [0x0000000700600000, 0x0000000707f30000, 0x00000007aacb0000)
  object space 124096K, 26% used [0x0000000700600000,0x00000007025fb4f8,0x0000000707f30000)
 PSPermGen       total 36672K, used 18190K [0x00000006fb400000, 0x00000006fd7d0000, 0x0000000700600000)
  object space 36672K, 49% used [0x00000006fb400000,0x00000006fc5c3840,0x00000006fd7d0000)
Event: 17.227 GC heap after
Heap after GC invocations=12 (full 1):
 PSYoungGen      total 769408K, used 34839K [0x00000007aacb0000, 0x00000007ee810000, 0x0000000800000000)
  eden space 717376K, 0% used [0x00000007aacb0000,0x00000007aacb0000,0x00000007d6940000)
  from space 52032K, 66% used [0x00000007d6940000,0x00000007d8b45ea0,0x00000007d9c10000)
  to   space 53632K, 0% used [0x00000007eb3b0000,0x00000007eb3b0000,0x00000007ee810000)
 ParOldGen       total 124096K, used 39687K [0x0000000700600000, 0x0000000707f30000, 0x00000007aacb0000)
  object space 124096K, 31% used [0x0000000700600000,0x0000000702cc1ec8,0x0000000707f30000)
 PSPermGen       total 36672K, used 18190K [0x00000006fb400000, 0x00000006fd7d0000, 0x0000000700600000)
  object space 36672K, 49% used [0x00000006fb400000,0x00000006fc5c3840,0x00000006fd7d0000)
}
Event: 20.822 GC heap before
{Heap before GC invocations=13 (full 2):
 PSYoungGen      total 769408K, used 751772K [0x00000007aacb0000, 0x00000007ee810000, 0x0000000800000000)
  eden space 717376K, 99% used [0x00000007aacb0000,0x00000007d68d1478,0x00000007d6940000)
  from space 52032K, 66% used [0x00000007d6940000,0x00000007d8b45ea0,0x00000007d9c10000)
  to   space 53632K, 0% used [0x00000007eb3b0000,0x00000007eb3b0000,0x00000007ee810000)
 ParOldGen       total 346880K, used 343438K [0x0000000700600000, 0x00000007158c0000, 0x00000007aacb0000)
  object space 346880K, 99% used [0x0000000700600000,0x0000000715563ac8,0x00000007158c0000)
 PSPermGen       total 36672K, used 18209K [0x00000006fb400000, 0x00000006fd7d0000, 0x0000000700600000)
  object space 36672K, 49% used [0x00000006fb400000,0x00000006fc5c8748,0x00000006fd7d0000)
Event: 20.868 GC heap after
Heap after GC invocations=13 (full 2):
 PSYoungGen      total 769408K, used 0K [0x00000007aacb0000, 0x00000007ee810000, 0x0000000800000000)
  eden space 717376K, 0% used [0x00000007aacb0000,0x00000007aacb0000,0x00000007d6940000)
  from space 52032K, 0% used [0x00000007d6940000,0x00000007d6940000,0x00000007d9c10000)
  to   space 53632K, 0% used [0x00000007eb3b0000,0x00000007eb3b0000,0x00000007ee810000)
 ParOldGen       total 160192K, used 38236K [0x0000000700600000, 0x000000070a270000, 0x00000007aacb0000)
  object space 160192K, 23% used [0x0000000700600000,0x0000000702b570d8,0x000000070a270000)
 PSPermGen       total 41280K, used 18209K [0x00000006fb400000, 0x00000006fdc50000, 0x0000000700600000)
  object space 41280K, 44% used [0x00000006fb400000,0x00000006fc5c8608,0x00000006fdc50000)
}
Event: 24.585 GC heap before
{Heap before GC invocations=14 (full 3):
 PSYoungGen      total 769408K, used 716777K [0x00000007aacb0000, 0x00000007ee810000, 0x0000000800000000)
  eden space 717376K, 99% used [0x00000007aacb0000,0x00000007d68aa628,0x00000007d6940000)
  from space 52032K, 0% used [0x00000007d6940000,0x00000007d6940000,0x00000007d9c10000)
  to   space 53632K, 0% used [0x00000007eb3b0000,0x00000007eb3b0000,0x00000007ee810000)
 ParOldGen       total 347456K, used 344645K [0x0000000700600000, 0x0000000715950000, 0x00000007aacb0000)
  object space 347456K, 99% used [0x0000000700600000,0x0000000715691418,0x0000000715950000)
 PSPermGen       total 41280K, used 18221K [0x00000006fb400000, 0x00000006fdc50000, 0x0000000700600000)
  object space 41280K, 44% used [0x00000006fb400000,0x00000006fc5cb7b0,0x00000006fdc50000)
Event: 24.641 GC heap after
Heap after GC invocations=14 (full 3):
 PSYoungGen      total 769408K, used 0K [0x00000007aacb0000, 0x00000007ee810000, 0x0000000800000000)
  eden space 717376K, 0% used [0x00000007aacb0000,0x00000007aacb0000,0x00000007d6940000)
  from space 52032K, 0% used [0x00000007d6940000,0x00000007d6940000,0x00000007d9c10000)
  to   space 53632K, 0% used [0x00000007eb3b0000,0x00000007eb3b0000,0x00000007ee810000)
 ParOldGen       total 177664K, used 28170K [0x0000000700600000, 0x000000070b380000, 0x00000007aacb0000)
  object space 177664K, 15% used [0x0000000700600000,0x00000007021829f8,0x000000070b380000)
 PSPermGen       total 39680K, used 18221K [0x00000006fb400000, 0x00000006fdac0000, 0x0000000700600000)
  object space 39680K, 45% used [0x00000006fb400000,0x00000006fc5cb7b0,0x00000006fdac0000)
}
Event: 28.325 GC heap before
{Heap before GC invocations=15 (full 4):
 PSYoungGen      total 769408K, used 716481K [0x00000007aacb0000, 0x00000007ee810000, 0x0000000800000000)
  eden space 717376K, 99% used [0x00000007aacb0000,0x00000007d6860668,0x00000007d6940000)
  from space 52032K, 0% used [0x00000007d6940000,0x00000007d6940000,0x00000007d9c10000)
  to   space 53632K, 0% used [0x00000007eb3b0000,0x00000007eb3b0000,0x00000007ee810000)
 ParOldGen       total 330240K, used 328504K [0x0000000700600000, 0x0000000714880000, 0x00000007aacb0000)
  object space 330240K, 99% used [0x0000000700600000,0x00000007146ce128,0x0000000714880000)
 PSPermGen       total 39680K, used 18233K [0x00000006fb400000, 0x00000006fdac0000, 0x0000000700600000)
  object space 39680K, 45% used [0x00000006fb400000,0x00000006fc5ce518,0x00000006fdac0000)
Event: 28.362 GC heap after
Heap after GC invocations=15 (full 4):
 PSYoungGen      total 769408K, used 0K [0x00000007aacb0000, 0x00000007ee810000, 0x0000000800000000)
  eden space 717376K, 0% used [0x00000007aacb0000,0x00000007aacb0000,0x00000007d6940000)
  from space 52032K, 0% used [0x00000007d6940000,0x00000007d6940000,0x00000007d9c10000)
  to   space 53632K, 0% used [0x00000007eb3b0000,0x00000007eb3b0000,0x00000007ee810000)
 ParOldGen       total 213248K, used 28172K [0x0000000700600000, 0x000000070d640000, 0x00000007aacb0000)
  object space 213248K, 13% used [0x0000000700600000,0x0000000702183200,0x000000070d640000)
 PSPermGen       total 37568K, used 18233K [0x00000006fb400000, 0x00000006fd8b0000, 0x0000000700600000)
  object space 37568K, 48% used [0x00000006fb400000,0x00000006fc5ce518,0x00000006fd8b0000)
}

