# JRE version: 7.0_07-b11
# Java VM: Java HotSpot(TM) 64-Bit Server VM (23.3-b01 mixed mode windows-amd64 compressed oops)
Heap
 PSYoungGen      total 95360K, used 32945K [0x00000007aacb0000, 0x00000007b3cd0000, 0x0000000800000000)
  eden space 45696K, 9% used [0x00000007aacb0000,0x00000007ab0c5178,0x00000007ad950000)
  from space 49664K, 57% used [0x00000007b0c50000,0x00000007b28672a0,0x00000007b3cd0000)
  to   space 50944K, 0% used [0x00000007ad950000,0x00000007ad950000,0x00000007b0b10000)
 ParOldGen       total 112512K, used 39422K [0x0000000700600000, 0x00000007073e0000, 0x00000007aacb0000)
  object space 112512K, 35% used [0x0000000700600000,0x0000000702c7f880,0x00000007073e0000)
 PSPermGen       total 36288K, used 18031K [0x00000006fb400000, 0x00000006fd770000, 0x0000000700600000)
  object space 36288K, 49% used [0x00000006fb400000,0x00000006fc59bd98,0x00000006fd770000)
GC Heap History (10 events):
Event: 20.407 GC heap before
{Heap before GC invocations=15 (full 1):
 PSYoungGen      total 61312K, used 47514K [0x00000007aacb0000, 0x00000007b4810000, 0x0000000800000000)
  eden space 50816K, 93% used [0x00000007aacb0000,0x00000007adb16820,0x00000007ade50000)
  from space 10496K, 0% used [0x00000007adf60000,0x00000007adf60000,0x00000007ae9a0000)
  to   space 54144K, 0% used [0x00000007b1330000,0x00000007b1330000,0x00000007b4810000)
 ParOldGen       total 112512K, used 21109K [0x0000000700600000, 0x00000007073e0000, 0x00000007aacb0000)
  object space 112512K, 18% used [0x0000000700600000,0x0000000701a9d450,0x00000007073e0000)
 PSPermGen       total 36288K, used 17995K [0x00000006fb400000, 0x00000006fd770000, 0x0000000700600000)
  object space 36288K, 49% used [0x00000006fb400000,0x00000006fc592e98,0x00000006fd770000)
Event: 20.411 GC heap after
Heap after GC invocations=15 (full 1):
 PSYoungGen      total 101120K, used 28732K [0x00000007aacb0000, 0x00000007b4560000, 0x0000000800000000)
  eden space 49728K, 0% used [0x00000007aacb0000,0x00000007aacb0000,0x00000007add40000)
  from space 51392K, 55% used [0x00000007b1330000,0x00000007b2f3f2a0,0x00000007b4560000)
  to   space 53312K, 0% used [0x00000007add40000,0x00000007add40000,0x00000007b1150000)
 ParOldGen       total 112512K, used 21109K [0x0000000700600000, 0x00000007073e0000, 0x00000007aacb0000)
  object space 112512K, 18% used [0x0000000700600000,0x0000000701a9d450,0x00000007073e0000)
 PSPermGen       total 36288K, used 17995K [0x00000006fb400000, 0x00000006fd770000, 0x0000000700600000)
  object space 36288K, 49% used [0x00000006fb400000,0x00000006fc592e98,0x00000006fd770000)
}
Event: 21.070 GC heap before
{Heap before GC invocations=16 (full 1):
 PSYoungGen      total 101120K, used 76274K [0x00000007aacb0000, 0x00000007b4560000, 0x0000000800000000)
  eden space 49728K, 95% used [0x00000007aacb0000,0x00000007adb1d698,0x00000007add40000)
  from space 51392K, 55% used [0x00000007b1330000,0x00000007b2f3f2a0,0x00000007b4560000)
  to   space 53312K, 0% used [0x00000007add40000,0x00000007add40000,0x00000007b1150000)
 ParOldGen       total 112512K, used 21109K [0x0000000700600000, 0x00000007073e0000, 0x00000007aacb0000)
  object space 112512K, 18% used [0x0000000700600000,0x0000000701a9d450,0x00000007073e0000)
 PSPermGen       total 36288K, used 17997K [0x00000006fb400000, 0x00000006fd770000, 0x0000000700600000)
  object space 36288K, 49% used [0x00000006fb400000,0x00000006fc593558,0x00000006fd770000)
Event: 21.073 GC heap after
Heap after GC invocations=16 (full 1):
 PSYoungGen      total 59136K, used 10443K [0x00000007aacb0000, 0x00000007b42b0000, 0x0000000800000000)
  eden space 48640K, 0% used [0x00000007aacb0000,0x00000007aacb0000,0x00000007adc30000)
  from space 10496K, 99% used [0x00000007add40000,0x00000007ae772e70,0x00000007ae780000)
  to   space 52480K, 0% used [0x00000007b0f70000,0x00000007b0f70000,0x00000007b42b0000)
 ParOldGen       total 112512K, used 39358K [0x0000000700600000, 0x00000007073e0000, 0x00000007aacb0000)
  object space 112512K, 34% used [0x0000000700600000,0x0000000702c6f880,0x00000007073e0000)
 PSPermGen       total 36288K, used 17997K [0x00000006fb400000, 0x00000006fd770000, 0x0000000700600000)
  object space 36288K, 49% used [0x00000006fb400000,0x00000006fc593558,0x00000006fd770000)
}
Event: 21.732 GC heap before
{Heap before GC invocations=17 (full 1):
 PSYoungGen      total 59136K, used 58164K [0x00000007aacb0000, 0x00000007b42b0000, 0x0000000800000000)
  eden space 48640K, 98% used [0x00000007aacb0000,0x00000007adb4a380,0x00000007adc30000)
  from space 10496K, 99% used [0x00000007add40000,0x00000007ae772e70,0x00000007ae780000)
  to   space 52480K, 0% used [0x00000007b0f70000,0x00000007b0f70000,0x00000007b42b0000)
 ParOldGen       total 112512K, used 39358K [0x0000000700600000, 0x00000007073e0000, 0x00000007aacb0000)
  object space 112512K, 34% used [0x0000000700600000,0x0000000702c6f880,0x00000007073e0000)
 PSPermGen       total 36288K, used 17997K [0x00000006fb400000, 0x00000006fd770000, 0x0000000700600000)
  object space 36288K, 49% used [0x00000006fb400000,0x00000006fc593630,0x00000006fd770000)
Event: 21.734 GC heap after
Heap after GC invocations=17 (full 1):
 PSYoungGen      total 96768K, used 10507K [0x00000007aacb0000, 0x00000007b3f70000, 0x0000000800000000)
  eden space 47616K, 0% used [0x00000007aacb0000,0x00000007aacb0000,0x00000007adb30000)
  from space 49152K, 21% used [0x00000007b0f70000,0x00000007b19b2e70,0x00000007b3f70000)
  to   space 51328K, 0% used [0x00000007adb30000,0x00000007adb30000,0x00000007b0d50000)
 ParOldGen       total 112512K, used 39382K [0x0000000700600000, 0x00000007073e0000, 0x00000007aacb0000)
  object space 112512K, 35% used [0x0000000700600000,0x0000000702c75880,0x00000007073e0000)
 PSPermGen       total 36288K, used 17997K [0x00000006fb400000, 0x00000006fd770000, 0x0000000700600000)
  object space 36288K, 49% used [0x00000006fb400000,0x00000006fc593630,0x00000006fd770000)
}
Event: 22.365 GC heap before
{Heap before GC invocations=18 (full 1):
 PSYoungGen      total 96768K, used 58123K [0x00000007aacb0000, 0x00000007b3f70000, 0x0000000800000000)
  eden space 47616K, 100% used [0x00000007aacb0000,0x00000007adb30000,0x00000007adb30000)
  from space 49152K, 21% used [0x00000007b0f70000,0x00000007b19b2e70,0x00000007b3f70000)
  to   space 51328K, 0% used [0x00000007adb30000,0x00000007adb30000,0x00000007b0d50000)
 ParOldGen       total 112512K, used 39382K [0x0000000700600000, 0x00000007073e0000, 0x00000007aacb0000)
  object space 112512K, 35% used [0x0000000700600000,0x0000000702c75880,0x00000007073e0000)
 PSPermGen       total 36288K, used 17998K [0x00000006fb400000, 0x00000006fd770000, 0x0000000700600000)
  object space 36288K, 49% used [0x00000006fb400000,0x00000006fc5938a0,0x00000006fd770000)
Event: 22.369 GC heap after
Heap after GC invocations=18 (full 1):
 PSYoungGen      total 75456K, used 28764K [0x00000007aacb0000, 0x00000007b3e60000, 0x0000000800000000)
  eden space 46656K, 0% used [0x00000007aacb0000,0x00000007aacb0000,0x00000007ada40000)
  from space 28800K, 99% used [0x00000007adb30000,0x00000007af7472a0,0x00000007af750000)
  to   space 51264K, 0% used [0x00000007b0c50000,0x00000007b0c50000,0x00000007b3e60000)
 ParOldGen       total 112512K, used 39406K [0x0000000700600000, 0x00000007073e0000, 0x00000007aacb0000)
  object space 112512K, 35% used [0x0000000700600000,0x0000000702c7b880,0x00000007073e0000)
 PSPermGen       total 36288K, used 17998K [0x00000006fb400000, 0x00000006fd770000, 0x0000000700600000)
  object space 36288K, 49% used [0x00000006fb400000,0x00000006fc5938a0,0x00000006fd770000)
}
Event: 22.922 GC heap before
{Heap before GC invocations=19 (full 1):
 PSYoungGen      total 75456K, used 73036K [0x00000007aacb0000, 0x00000007b3e60000, 0x0000000800000000)
  eden space 46656K, 94% used [0x00000007aacb0000,0x00000007ad7ebfe8,0x00000007ada40000)
  from space 28800K, 99% used [0x00000007adb30000,0x00000007af7472a0,0x00000007af750000)
  to   space 51264K, 0% used [0x00000007b0c50000,0x00000007b0c50000,0x00000007b3e60000)
 ParOldGen       total 112512K, used 39406K [0x0000000700600000, 0x00000007073e0000, 0x00000007aacb0000)
  object space 112512K, 35% used [0x0000000700600000,0x0000000702c7b880,0x00000007073e0000)
 PSPermGen       total 36288K, used 18007K [0x00000006fb400000, 0x00000006fd770000, 0x0000000700600000)
  object space 36288K, 49% used [0x00000006fb400000,0x00000006fc595c68,0x00000006fd770000)
Event: 22.925 GC heap after
Heap after GC invocations=19 (full 1):
 PSYoungGen      total 95360K, used 28764K [0x00000007aacb0000, 0x00000007b3cd0000, 0x0000000800000000)
  eden space 45696K, 0% used [0x00000007aacb0000,0x00000007aacb0000,0x00000007ad950000)
  from space 49664K, 57% used [0x00000007b0c50000,0x00000007b28672a0,0x00000007b3cd0000)
  to   space 50944K, 0% used [0x00000007ad950000,0x00000007ad950000,0x00000007b0b10000)
 ParOldGen       total 112512K, used 39422K [0x0000000700600000, 0x00000007073e0000, 0x00000007aacb0000)
  object space 112512K, 35% used [0x0000000700600000,0x0000000702c7f880,0x00000007073e0000)
 PSPermGen       total 36288K, used 18007K [0x00000006fb400000, 0x00000006fd770000, 0x0000000700600000)
  object space 36288K, 49% used [0x00000006fb400000,0x00000006fc595c68,0x00000006fd770000)
}

