# JRE version: 7.0_07-b11
# Java VM: Java HotSpot(TM) 64-Bit Server VM (23.3-b01 mixed mode windows-amd64 compressed oops)
Heap
 PSYoungGen      total 1219648K, used 446501K [0x00000007aacb0000, 0x00000007fce20000, 0x0000000800000000)
  eden space 1209088K, 36% used [0x00000007aacb0000,0x00000007c56766a8,0x00000007f4970000)
  from space 10560K, 99% used [0x00000007fc3d0000,0x00000007fce12e70,0x00000007fce20000)
  to   space 59776K, 0% used [0x00000007f5960000,0x00000007f5960000,0x00000007f93c0000)
 ParOldGen       total 188608K, used 101145K [0x0000000700600000, 0x000000070be30000, 0x00000007aacb0000)
  object space 188608K, 53% used [0x0000000700600000,0x00000007068c65b0,0x000000070be30000)
 PSPermGen       total 41280K, used 18282K [0x00000006fb400000, 0x00000006fdc50000, 0x0000000700600000)
  object space 41280K, 44% used [0x00000006fb400000,0x00000006fc5da918,0x00000006fdc50000)
GC Heap History (10 events):
Event: 36.697 GC heap before
{Heap before GC invocations=18 (full 2):
 PSYoungGen      total 1283200K, used 1237985K [0x00000007aacb0000, 0x0000000800000000, 0x0000000800000000)
  eden space 1213056K, 99% used [0x00000007aacb0000,0x00000007f49a1198,0x00000007f4d50000)
  from space 70144K, 40% used [0x00000007f4d50000,0x00000007f69572a0,0x00000007f91d0000)
  to   space 66304K, 0% used [0x00000007fbf40000,0x00000007fbf40000,0x0000000800000000)
 ParOldGen       total 188608K, used 101121K [0x0000000700600000, 0x000000070be30000, 0x00000007aacb0000)
  object space 188608K, 53% used [0x0000000700600000,0x00000007068c05b0,0x000000070be30000)
 PSPermGen       total 41280K, used 18232K [0x00000006fb400000, 0x00000006fdc50000, 0x0000000700600000)
  object space 41280K, 44% used [0x00000006fb400000,0x00000006fc5ce320,0x00000006fdc50000)
Event: 36.702 GC heap after
Heap after GC invocations=18 (full 2):
 PSYoungGen      total 1321280K, used 10411K [0x00000007aacb0000, 0x00000007ffb80000, 0x0000000800000000)
  eden space 1259584K, 0% used [0x00000007aacb0000,0x00000007aacb0000,0x00000007f7ac0000)
  from space 61696K, 16% used [0x00000007fbf40000,0x00000007fc96ae70,0x00000007ffb80000)
  to   space 65920K, 0% used [0x00000007f7ac0000,0x00000007f7ac0000,0x00000007fbb20000)
 ParOldGen       total 188608K, used 101145K [0x0000000700600000, 0x000000070be30000, 0x00000007aacb0000)
  object space 188608K, 53% used [0x0000000700600000,0x00000007068c65b0,0x000000070be30000)
 PSPermGen       total 41280K, used 18232K [0x00000006fb400000, 0x00000006fdc50000, 0x0000000700600000)
  object space 41280K, 44% used [0x00000006fb400000,0x00000006fc5ce320,0x00000006fdc50000)
}
Event: 41.551 GC heap before
{Heap before GC invocations=19 (full 2):
 PSYoungGen      total 1321280K, used 1269813K [0x00000007aacb0000, 0x00000007ffb80000, 0x0000000800000000)
  eden space 1259584K, 99% used [0x00000007aacb0000,0x00000007f7a92730,0x00000007f7ac0000)
  from space 61696K, 16% used [0x00000007fbf40000,0x00000007fc96ae70,0x00000007ffb80000)
  to   space 65920K, 0% used [0x00000007f7ac0000,0x00000007f7ac0000,0x00000007fbb20000)
 ParOldGen       total 188608K, used 101145K [0x0000000700600000, 0x000000070be30000, 0x00000007aacb0000)
  object space 188608K, 53% used [0x0000000700600000,0x00000007068c65b0,0x000000070be30000)
 PSPermGen       total 41280K, used 18232K [0x00000006fb400000, 0x00000006fdc50000, 0x0000000700600000)
  object space 41280K, 44% used [0x00000006fb400000,0x00000006fc5ce3d0,0x00000006fdc50000)
Event: 41.568 GC heap after
Heap after GC invocations=19 (full 2):
 PSYoungGen      total 1325504K, used 28668K [0x00000007aacb0000, 0x00000007ffd60000, 0x0000000800000000)
  eden space 1259584K, 0% used [0x00000007aacb0000,0x00000007aacb0000,0x00000007f7ac0000)
  from space 65920K, 43% used [0x00000007f7ac0000,0x00000007f96bf2a0,0x00000007fbb20000)
  to   space 62464K, 0% used [0x00000007fc060000,0x00000007fc060000,0x00000007ffd60000)
 ParOldGen       total 188608K, used 101145K [0x0000000700600000, 0x000000070be30000, 0x00000007aacb0000)
  object space 188608K, 53% used [0x0000000700600000,0x00000007068c65b0,0x000000070be30000)
 PSPermGen       total 41280K, used 18232K [0x00000006fb400000, 0x00000006fdc50000, 0x0000000700600000)
  object space 41280K, 44% used [0x00000006fb400000,0x00000006fc5ce3d0,0x00000006fdc50000)
}
Event: 46.432 GC heap before
{Heap before GC invocations=20 (full 2):
 PSYoungGen      total 1325504K, used 1285408K [0x00000007aacb0000, 0x00000007ffd60000, 0x0000000800000000)
  eden space 1259584K, 99% used [0x00000007aacb0000,0x00000007f77f8dc0,0x00000007f7ac0000)
  from space 65920K, 43% used [0x00000007f7ac0000,0x00000007f96bf2a0,0x00000007fbb20000)
  to   space 62464K, 0% used [0x00000007fc060000,0x00000007fc060000,0x00000007ffd60000)
 ParOldGen       total 188608K, used 101145K [0x0000000700600000, 0x000000070be30000, 0x00000007aacb0000)
  object space 188608K, 53% used [0x0000000700600000,0x00000007068c65b0,0x000000070be30000)
 PSPermGen       total 41280K, used 18233K [0x00000006fb400000, 0x00000006fdc50000, 0x0000000700600000)
  object space 41280K, 44% used [0x00000006fb400000,0x00000006fc5ce5c8,0x00000006fdc50000)
Event: 46.434 GC heap after
Heap after GC invocations=20 (full 2):
 PSYoungGen      total 1328320K, used 10475K [0x00000007aacb0000, 0x00000007ffba0000, 0x0000000800000000)
  eden space 1267648K, 0% used [0x00000007aacb0000,0x00000007aacb0000,0x00000007f82a0000)
  from space 60672K, 17% used [0x00000007fc060000,0x00000007fca9ae70,0x00000007ffba0000)
  to   space 61952K, 0% used [0x00000007f82a0000,0x00000007f82a0000,0x00000007fbf20000)
 ParOldGen       total 188608K, used 101145K [0x0000000700600000, 0x000000070be30000, 0x00000007aacb0000)
  object space 188608K, 53% used [0x0000000700600000,0x00000007068c65b0,0x000000070be30000)
 PSPermGen       total 41280K, used 18233K [0x00000006fb400000, 0x00000006fdc50000, 0x0000000700600000)
  object space 41280K, 44% used [0x00000006fb400000,0x00000006fc5ce5c8,0x00000006fdc50000)
}
Event: 51.233 GC heap before
{Heap before GC invocations=21 (full 2):
 PSYoungGen      total 1328320K, used 1273825K [0x00000007aacb0000, 0x00000007ffba0000, 0x0000000800000000)
  eden space 1267648K, 99% used [0x00000007aacb0000,0x00000007f7e6d7a8,0x00000007f82a0000)
  from space 60672K, 17% used [0x00000007fc060000,0x00000007fca9ae70,0x00000007ffba0000)
  to   space 61952K, 0% used [0x00000007f82a0000,0x00000007f82a0000,0x00000007fbf20000)
 ParOldGen       total 188608K, used 101145K [0x0000000700600000, 0x000000070be30000, 0x00000007aacb0000)
  object space 188608K, 53% used [0x0000000700600000,0x00000007068c65b0,0x000000070be30000)
 PSPermGen       total 41280K, used 18234K [0x00000006fb400000, 0x00000006fdc50000, 0x0000000700600000)
  object space 41280K, 44% used [0x00000006fb400000,0x00000006fc5ce910,0x00000006fdc50000)
Event: 51.239 GC heap after
Heap after GC invocations=21 (full 2):
 PSYoungGen      total 1329600K, used 10507K [0x00000007aacb0000, 0x00000007fff60000, 0x0000000800000000)
  eden space 1267648K, 0% used [0x00000007aacb0000,0x00000007aacb0000,0x00000007f82a0000)
  from space 61952K, 16% used [0x00000007f82a0000,0x00000007f8ce2e70,0x00000007fbf20000)
  to   space 60992K, 0% used [0x00000007fc3d0000,0x00000007fc3d0000,0x00000007fff60000)
 ParOldGen       total 188608K, used 101145K [0x0000000700600000, 0x000000070be30000, 0x00000007aacb0000)
  object space 188608K, 53% used [0x0000000700600000,0x00000007068c65b0,0x000000070be30000)
 PSPermGen       total 41280K, used 18234K [0x00000006fb400000, 0x00000006fdc50000, 0x0000000700600000)
  object space 41280K, 44% used [0x00000006fb400000,0x00000006fc5ce910,0x00000006fdc50000)
}
Event: 56.171 GC heap before
{Heap before GC invocations=22 (full 2):
 PSYoungGen      total 1329600K, used 1273745K [0x00000007aacb0000, 0x00000007fff60000, 0x0000000800000000)
  eden space 1267648K, 99% used [0x00000007aacb0000,0x00000007f7e51678,0x00000007f82a0000)
  from space 61952K, 16% used [0x00000007f82a0000,0x00000007f8ce2e70,0x00000007fbf20000)
  to   space 60992K, 0% used [0x00000007fc3d0000,0x00000007fc3d0000,0x00000007fff60000)
 ParOldGen       total 188608K, used 101145K [0x0000000700600000, 0x000000070be30000, 0x00000007aacb0000)
  object space 188608K, 53% used [0x0000000700600000,0x00000007068c65b0,0x000000070be30000)
 PSPermGen       total 41280K, used 18250K [0x00000006fb400000, 0x00000006fdc50000, 0x0000000700600000)
  object space 41280K, 44% used [0x00000006fb400000,0x00000006fc5d2a30,0x00000006fdc50000)
Event: 56.173 GC heap after
Heap after GC invocations=22 (full 2):
 PSYoungGen      total 1219648K, used 10507K [0x00000007aacb0000, 0x00000007fce20000, 0x0000000800000000)
  eden space 1209088K, 0% used [0x00000007aacb0000,0x00000007aacb0000,0x00000007f4970000)
  from space 10560K, 99% used [0x00000007fc3d0000,0x00000007fce12e70,0x00000007fce20000)
  to   space 59776K, 0% used [0x00000007f5960000,0x00000007f5960000,0x00000007f93c0000)
 ParOldGen       total 188608K, used 101145K [0x0000000700600000, 0x000000070be30000, 0x00000007aacb0000)
  object space 188608K, 53% used [0x0000000700600000,0x00000007068c65b0,0x000000070be30000)
 PSPermGen       total 41280K, used 18250K [0x00000006fb400000, 0x00000006fdc50000, 0x0000000700600000)
  object space 41280K, 44% used [0x00000006fb400000,0x00000006fc5d2a30,0x00000006fdc50000)
}

