# JRE version: 7.0_07-b11
# Java VM: Java HotSpot(TM) 64-Bit Server VM (23.3-b01 mixed mode windows-amd64 compressed oops)
Heap
 PSYoungGen      total 1277952K, used 107998K [0x00000007aacb0000, 0x00000007ffd40000, 0x0000000800000000)
  eden space 1261120K, 7% used [0x00000007aacb0000,0x00000007b05bb758,0x00000007f7c40000)
  from space 16832K, 99% used [0x00000007f7c40000,0x00000007f8cac178,0x00000007f8cb0000)
  to   space 65280K, 0% used [0x00000007fbd80000,0x00000007fbd80000,0x00000007ffd40000)
 ParOldGen       total 317760K, used 102422K [0x0000000700600000, 0x0000000713c50000, 0x00000007aacb0000)
  object space 317760K, 32% used [0x0000000700600000,0x0000000706a05800,0x0000000713c50000)
 PSPermGen       total 35520K, used 18106K [0x00000006fb400000, 0x00000006fd6b0000, 0x0000000700600000)
  object space 35520K, 50% used [0x00000006fb400000,0x00000006fc5ae828,0x00000006fd6b0000)
GC Heap History (10 events):
Event: 25.265 GC heap before
{Heap before GC invocations=22 (full 4):
 PSYoungGen      total 1038976K, used 995566K [0x00000007aacb0000, 0x00000007f6f20000, 0x0000000800000000)
  eden space 976640K, 100% used [0x00000007aacb0000,0x00000007e6670000,0x00000007e6670000)
  from space 62336K, 30% used [0x00000007e6670000,0x00000007e78eb8b8,0x00000007ea350000)
  to   space 60992K, 0% used [0x00000007f3390000,0x00000007f3390000,0x00000007f6f20000)
 ParOldGen       total 259648K, used 186170K [0x0000000700600000, 0x0000000710390000, 0x00000007aacb0000)
  object space 259648K, 71% used [0x0000000700600000,0x000000070bbceb60,0x0000000710390000)
 PSPermGen       total 37696K, used 18046K [0x00000006fb400000, 0x00000006fd8d0000, 0x0000000700600000)
  object space 37696K, 47% used [0x00000006fb400000,0x00000006fc59f820,0x00000006fd8d0000)
Event: 25.271 GC heap after
Heap after GC invocations=22 (full 4):
 PSYoungGen      total 1160832K, used 18894K [0x00000007aacb0000, 0x00000007f6100000, 0x0000000800000000)
  eden space 1114304K, 0% used [0x00000007aacb0000,0x00000007aacb0000,0x00000007eece0000)
  from space 46528K, 40% used [0x00000007f3390000,0x00000007f46038b8,0x00000007f6100000)
  to   space 59456K, 0% used [0x00000007eece0000,0x00000007eece0000,0x00000007f26f0000)
 ParOldGen       total 259648K, used 186170K [0x0000000700600000, 0x0000000710390000, 0x00000007aacb0000)
  object space 259648K, 71% used [0x0000000700600000,0x000000070bbceb60,0x0000000710390000)
 PSPermGen       total 37696K, used 18046K [0x00000006fb400000, 0x00000006fd8d0000, 0x0000000700600000)
  object space 37696K, 47% used [0x00000006fb400000,0x00000006fc59f820,0x00000006fd8d0000)
}
Event: 27.152 GC heap before
{Heap before GC invocations=23 (full 4):
 PSYoungGen      total 1160832K, used 1132746K [0x00000007aacb0000, 0x00000007f6100000, 0x0000000800000000)
  eden space 1114304K, 99% used [0x00000007aacb0000,0x00000007eec6f0f0,0x00000007eece0000)
  from space 46528K, 40% used [0x00000007f3390000,0x00000007f46038b8,0x00000007f6100000)
  to   space 59456K, 0% used [0x00000007eece0000,0x00000007eece0000,0x00000007f26f0000)
 ParOldGen       total 259648K, used 188195K [0x0000000700600000, 0x0000000710390000, 0x00000007aacb0000)
  object space 259648K, 72% used [0x0000000700600000,0x000000070bdc8f70,0x0000000710390000)
 PSPermGen       total 37696K, used 18047K [0x00000006fb400000, 0x00000006fd8d0000, 0x0000000700600000)
  object space 37696K, 47% used [0x00000006fb400000,0x00000006fc59fe68,0x00000006fd8d0000)
Event: 27.166 GC heap after
Heap after GC invocations=23 (full 4):
 PSYoungGen      total 1173760K, used 53785K [0x00000007aacb0000, 0x0000000800000000, 0x0000000800000000)
  eden space 1114304K, 0% used [0x00000007aacb0000,0x00000007aacb0000,0x00000007eece0000)
  from space 59456K, 90% used [0x00000007eece0000,0x00000007f2166518,0x00000007f26f0000)
  to   space 65920K, 0% used [0x00000007fbfa0000,0x00000007fbfa0000,0x0000000800000000)
 ParOldGen       total 259648K, used 194270K [0x0000000700600000, 0x0000000710390000, 0x00000007aacb0000)
  object space 259648K, 74% used [0x0000000700600000,0x000000070c3b7b80,0x0000000710390000)
 PSPermGen       total 37696K, used 18047K [0x00000006fb400000, 0x00000006fd8d0000, 0x0000000700600000)
  object space 37696K, 47% used [0x00000006fb400000,0x00000006fc59fe68,0x00000006fd8d0000)
}
Event: 29.188 GC heap before
{Heap before GC invocations=24 (full 5):
 PSYoungGen      total 1173760K, used 1168089K [0x00000007aacb0000, 0x0000000800000000, 0x0000000800000000)
  eden space 1114304K, 100% used [0x00000007aacb0000,0x00000007eece0000,0x00000007eece0000)
  from space 59456K, 90% used [0x00000007eece0000,0x00000007f2166518,0x00000007f26f0000)
  to   space 65920K, 0% used [0x00000007fbfa0000,0x00000007fbfa0000,0x0000000800000000)
 ParOldGen       total 259648K, used 246127K [0x0000000700600000, 0x0000000710390000, 0x00000007aacb0000)
  object space 259648K, 94% used [0x0000000700600000,0x000000070f65bd20,0x0000000710390000)
 PSPermGen       total 37696K, used 18049K [0x00000006fb400000, 0x00000006fd8d0000, 0x0000000700600000)
  object space 37696K, 47% used [0x00000006fb400000,0x00000006fc5a0618,0x00000006fd8d0000)
Event: 29.221 GC heap after
Heap after GC invocations=24 (full 5):
 PSYoungGen      total 1173760K, used 0K [0x00000007aacb0000, 0x0000000800000000, 0x0000000800000000)
  eden space 1114304K, 0% used [0x00000007aacb0000,0x00000007aacb0000,0x00000007eece0000)
  from space 59456K, 0% used [0x00000007eece0000,0x00000007eece0000,0x00000007f26f0000)
  to   space 65920K, 0% used [0x00000007fbfa0000,0x00000007fbfa0000,0x0000000800000000)
 ParOldGen       total 317760K, used 50291K [0x0000000700600000, 0x0000000713c50000, 0x00000007aacb0000)
  object space 317760K, 15% used [0x0000000700600000,0x000000070371cee0,0x0000000713c50000)
 PSPermGen       total 35520K, used 18049K [0x00000006fb400000, 0x00000006fd6b0000, 0x0000000700600000)
  object space 35520K, 50% used [0x00000006fb400000,0x00000006fc5a05b8,0x00000006fd6b0000)
}
Event: 31.220 GC heap before
{Heap before GC invocations=25 (full 5):
 PSYoungGen      total 1173760K, used 1114304K [0x00000007aacb0000, 0x0000000800000000, 0x0000000800000000)
  eden space 1114304K, 100% used [0x00000007aacb0000,0x00000007eece0000,0x00000007eece0000)
  from space 59456K, 0% used [0x00000007eece0000,0x00000007eece0000,0x00000007f26f0000)
  to   space 65920K, 0% used [0x00000007fbfa0000,0x00000007fbfa0000,0x0000000800000000)
 ParOldGen       total 317760K, used 102422K [0x0000000700600000, 0x0000000713c50000, 0x00000007aacb0000)
  object space 317760K, 32% used [0x0000000700600000,0x0000000706a05800,0x0000000713c50000)
 PSPermGen       total 35520K, used 18070K [0x00000006fb400000, 0x00000006fd6b0000, 0x0000000700600000)
  object space 35520K, 50% used [0x00000006fb400000,0x00000006fc5a5820,0x00000006fd6b0000)
Event: 31.221 GC heap after
Heap after GC invocations=25 (full 5):
 PSYoungGen      total 1327040K, used 288K [0x00000007aacb0000, 0x0000000800000000, 0x0000000800000000)
  eden space 1261120K, 0% used [0x00000007aacb0000,0x00000007aacb0000,0x00000007f7c40000)
  from space 65920K, 0% used [0x00000007fbfa0000,0x00000007fbfe8000,0x0000000800000000)
  to   space 67456K, 0% used [0x00000007f7c40000,0x00000007f7c40000,0x00000007fbe20000)
 ParOldGen       total 317760K, used 102422K [0x0000000700600000, 0x0000000713c50000, 0x00000007aacb0000)
  object space 317760K, 32% used [0x0000000700600000,0x0000000706a05800,0x0000000713c50000)
 PSPermGen       total 35520K, used 18070K [0x00000006fb400000, 0x00000006fd6b0000, 0x0000000700600000)
  object space 35520K, 50% used [0x00000006fb400000,0x00000006fc5a5820,0x00000006fd6b0000)
}
Event: 33.585 GC heap before
{Heap before GC invocations=26 (full 5):
 PSYoungGen      total 1327040K, used 1259539K [0x00000007aacb0000, 0x0000000800000000, 0x0000000800000000)
  eden space 1261120K, 99% used [0x00000007aacb0000,0x00000007f7a6cf60,0x00000007f7c40000)
  from space 65920K, 0% used [0x00000007fbfa0000,0x00000007fbfe8000,0x0000000800000000)
  to   space 67456K, 0% used [0x00000007f7c40000,0x00000007f7c40000,0x00000007fbe20000)
 ParOldGen       total 317760K, used 102422K [0x0000000700600000, 0x0000000713c50000, 0x00000007aacb0000)
  object space 317760K, 32% used [0x0000000700600000,0x0000000706a05800,0x0000000713c50000)
 PSPermGen       total 35520K, used 18082K [0x00000006fb400000, 0x00000006fd6b0000, 0x0000000700600000)
  object space 35520K, 50% used [0x00000006fb400000,0x00000006fc5a88a0,0x00000006fd6b0000)
Event: 33.589 GC heap after
Heap after GC invocations=26 (full 5):
 PSYoungGen      total 1277952K, used 16816K [0x00000007aacb0000, 0x00000007ffd40000, 0x0000000800000000)
  eden space 1261120K, 0% used [0x00000007aacb0000,0x00000007aacb0000,0x00000007f7c40000)
  from space 16832K, 99% used [0x00000007f7c40000,0x00000007f8cac178,0x00000007f8cb0000)
  to   space 65280K, 0% used [0x00000007fbd80000,0x00000007fbd80000,0x00000007ffd40000)
 ParOldGen       total 317760K, used 102422K [0x0000000700600000, 0x0000000713c50000, 0x00000007aacb0000)
  object space 317760K, 32% used [0x0000000700600000,0x0000000706a05800,0x0000000713c50000)
 PSPermGen       total 35520K, used 18082K [0x00000006fb400000, 0x00000006fd6b0000, 0x0000000700600000)
  object space 35520K, 50% used [0x00000006fb400000,0x00000006fc5a88a0,0x00000006fd6b0000)
}

