# JRE version: 7.0_07-b11
# Java VM: Java HotSpot(TM) 64-Bit Server VM (23.3-b01 mixed mode windows-amd64 compressed oops)
Heap
 PSYoungGen      total 1331840K, used 767711K [0x00000007aacb0000, 0x00000007fffe0000, 0x0000000800000000)
  eden space 1264960K, 60% used [0x00000007aacb0000,0x00000007d9a67ea0,0x00000007f8000000)
  from space 66880K, 0% used [0x00000007fbe90000,0x00000007fbe90000,0x00000007fffe0000)
  to   space 64064K, 0% used [0x00000007f8000000,0x00000007f8000000,0x00000007fbe90000)
 ParOldGen       total 151872K, used 39642K [0x0000000700600000, 0x0000000709a50000, 0x00000007aacb0000)
  object space 151872K, 26% used [0x0000000700600000,0x0000000702cb6a98,0x0000000709a50000)
 PSPermGen       total 36736K, used 18216K [0x00000006fb400000, 0x00000006fd7e0000, 0x0000000700600000)
  object space 36736K, 49% used [0x00000006fb400000,0x00000006fc5ca3e0,0x00000006fd7e0000)
GC Heap History (10 events):
Event: 8.817 GC heap before
{Heap before GC invocations=9 (full 0):
 PSYoungGen      total 553664K, used 552117K [0x00000007aacb0000, 0x00000007cfe10000, 0x0000000800000000)
  eden space 517760K, 99% used [0x00000007aacb0000,0x00000007ca4dbd10,0x00000007ca650000)
  from space 35904K, 99% used [0x00000007ccf40000,0x00000007cf2419d8,0x00000007cf250000)
  to   space 41920K, 0% used [0x00000007ca650000,0x00000007ca650000,0x00000007ccf40000)
 ParOldGen       total 174528K, used 76269K [0x0000000700600000, 0x000000070b070000, 0x00000007aacb0000)
  object space 174528K, 43% used [0x0000000700600000,0x000000070507b4e8,0x000000070b070000)
 PSPermGen       total 21248K, used 18073K [0x00000006fb400000, 0x00000006fc8c0000, 0x0000000700600000)
  object space 21248K, 85% used [0x00000006fb400000,0x00000006fc5a6560,0x00000006fc8c0000)
Event: 8.830 GC heap after
Heap after GC invocations=9 (full 0):
 PSYoungGen      total 559680K, used 41889K [0x00000007aacb0000, 0x00000007e4050000, 0x0000000800000000)
  eden space 517760K, 0% used [0x00000007aacb0000,0x00000007aacb0000,0x00000007ca650000)
  from space 41920K, 99% used [0x00000007ca650000,0x00000007ccf385e8,0x00000007ccf40000)
  to   space 54592K, 0% used [0x00000007e0b00000,0x00000007e0b00000,0x00000007e4050000)
 ParOldGen       total 174528K, used 91139K [0x0000000700600000, 0x000000070b070000, 0x00000007aacb0000)
  object space 174528K, 52% used [0x0000000700600000,0x0000000705f00ef8,0x000000070b070000)
 PSPermGen       total 21248K, used 18073K [0x00000006fb400000, 0x00000006fc8c0000, 0x0000000700600000)
  object space 21248K, 85% used [0x00000006fb400000,0x00000006fc5a6560,0x00000006fc8c0000)
}
Event: 9.763 GC heap before
{Heap before GC invocations=10 (full 0):
 PSYoungGen      total 559680K, used 558268K [0x00000007aacb0000, 0x00000007e4050000, 0x0000000800000000)
  eden space 517760K, 99% used [0x00000007aacb0000,0x00000007ca4f6c90,0x00000007ca650000)
  from space 41920K, 99% used [0x00000007ca650000,0x00000007ccf385e8,0x00000007ccf40000)
  to   space 54592K, 0% used [0x00000007e0b00000,0x00000007e0b00000,0x00000007e4050000)
 ParOldGen       total 174528K, used 91139K [0x0000000700600000, 0x000000070b070000, 0x00000007aacb0000)
  object space 174528K, 52% used [0x0000000700600000,0x0000000705f00ef8,0x000000070b070000)
 PSPermGen       total 21248K, used 18079K [0x00000006fb400000, 0x00000006fc8c0000, 0x0000000700600000)
  object space 21248K, 85% used [0x00000006fb400000,0x00000006fc5a7fb8,0x00000006fc8c0000)
Event: 9.784 GC heap after
Heap after GC invocations=10 (full 0):
 PSYoungGen      total 876352K, used 49816K [0x00000007aacb0000, 0x00000007e4d50000, 0x0000000800000000)
  eden space 821760K, 0% used [0x00000007aacb0000,0x00000007aacb0000,0x00000007dcf30000)
  from space 54592K, 91% used [0x00000007e0b00000,0x00000007e3ba6120,0x00000007e4050000)
  to   space 61248K, 0% used [0x00000007dcf30000,0x00000007dcf30000,0x00000007e0b00000)
 ParOldGen       total 174528K, used 126674K [0x0000000700600000, 0x000000070b070000, 0x00000007aacb0000)
  object space 174528K, 72% used [0x0000000700600000,0x00000007081b4968,0x000000070b070000)
 PSPermGen       total 21248K, used 18079K [0x00000006fb400000, 0x00000006fc8c0000, 0x0000000700600000)
  object space 21248K, 85% used [0x00000006fb400000,0x00000006fc5a7fb8,0x00000006fc8c0000)
}
Event: 12.177 GC heap before
{Heap before GC invocations=11 (full 0):
 PSYoungGen      total 876352K, used 870640K [0x00000007aacb0000, 0x00000007e4d50000, 0x0000000800000000)
  eden space 821760K, 99% used [0x00000007aacb0000,0x00000007dce46090,0x00000007dcf30000)
  from space 54592K, 91% used [0x00000007e0b00000,0x00000007e3ba6120,0x00000007e4050000)
  to   space 61248K, 0% used [0x00000007dcf30000,0x00000007dcf30000,0x00000007e0b00000)
 ParOldGen       total 174528K, used 126674K [0x0000000700600000, 0x000000070b070000, 0x00000007aacb0000)
  object space 174528K, 72% used [0x0000000700600000,0x00000007081b4968,0x000000070b070000)
 PSPermGen       total 21248K, used 18113K [0x00000006fb400000, 0x00000006fc8c0000, 0x0000000700600000)
  object space 21248K, 85% used [0x00000006fb400000,0x00000006fc5b05c0,0x00000006fc8c0000)
Event: 12.191 GC heap after
Heap after GC invocations=11 (full 0):
 PSYoungGen      total 883008K, used 51140K [0x00000007aacb0000, 0x0000000800000000, 0x0000000800000000)
  eden space 821760K, 0% used [0x00000007aacb0000,0x00000007aacb0000,0x00000007dcf30000)
  from space 61248K, 83% used [0x00000007dcf30000,0x00000007e0121150,0x00000007e0b00000)
  to   space 67008K, 0% used [0x00000007fbe90000,0x00000007fbe90000,0x0000000800000000)
 ParOldGen       total 174528K, used 126706K [0x0000000700600000, 0x000000070b070000, 0x00000007aacb0000)
  object space 174528K, 72% used [0x0000000700600000,0x00000007081bc968,0x000000070b070000)
 PSPermGen       total 21248K, used 18113K [0x00000006fb400000, 0x00000006fc8c0000, 0x0000000700600000)
  object space 21248K, 85% used [0x00000006fb400000,0x00000006fc5b05c0,0x00000006fc8c0000)
}
Event: 15.049 GC heap before
{Heap before GC invocations=12 (full 0):
 PSYoungGen      total 883008K, used 869501K [0x00000007aacb0000, 0x0000000800000000, 0x0000000800000000)
  eden space 821760K, 99% used [0x00000007aacb0000,0x00000007dcbde678,0x00000007dcf30000)
  from space 61248K, 83% used [0x00000007dcf30000,0x00000007e0121150,0x00000007e0b00000)
  to   space 67008K, 0% used [0x00000007fbe90000,0x00000007fbe90000,0x0000000800000000)
 ParOldGen       total 174528K, used 126706K [0x0000000700600000, 0x000000070b070000, 0x00000007aacb0000)
  object space 174528K, 72% used [0x0000000700600000,0x00000007081bc968,0x000000070b070000)
 PSPermGen       total 21248K, used 18213K [0x00000006fb400000, 0x00000006fc8c0000, 0x0000000700600000)
  object space 21248K, 85% used [0x00000006fb400000,0x00000006fc5c95f8,0x00000006fc8c0000)
Event: 15.061 GC heap after
Heap after GC invocations=12 (full 0):
 PSYoungGen      total 1331840K, used 23399K [0x00000007aacb0000, 0x00000007fffe0000, 0x0000000800000000)
  eden space 1264960K, 0% used [0x00000007aacb0000,0x00000007aacb0000,0x00000007f8000000)
  from space 66880K, 34% used [0x00000007fbe90000,0x00000007fd569ea8,0x00000007fffe0000)
  to   space 64064K, 0% used [0x00000007f8000000,0x00000007f8000000,0x00000007fbe90000)
 ParOldGen       total 174528K, used 145188K [0x0000000700600000, 0x000000070b070000, 0x00000007aacb0000)
  object space 174528K, 83% used [0x0000000700600000,0x00000007093c90c8,0x000000070b070000)
 PSPermGen       total 21248K, used 18213K [0x00000006fb400000, 0x00000006fc8c0000, 0x0000000700600000)
  object space 21248K, 85% used [0x00000006fb400000,0x00000006fc5c95f8,0x00000006fc8c0000)
}
Event: 15.061 GC heap before
{Heap before GC invocations=13 (full 1):
 PSYoungGen      total 1331840K, used 23399K [0x00000007aacb0000, 0x00000007fffe0000, 0x0000000800000000)
  eden space 1264960K, 0% used [0x00000007aacb0000,0x00000007aacb0000,0x00000007f8000000)
  from space 66880K, 34% used [0x00000007fbe90000,0x00000007fd569ea8,0x00000007fffe0000)
  to   space 64064K, 0% used [0x00000007f8000000,0x00000007f8000000,0x00000007fbe90000)
 ParOldGen       total 174528K, used 145188K [0x0000000700600000, 0x000000070b070000, 0x00000007aacb0000)
  object space 174528K, 83% used [0x0000000700600000,0x00000007093c90c8,0x000000070b070000)
 PSPermGen       total 21248K, used 18213K [0x00000006fb400000, 0x00000006fc8c0000, 0x0000000700600000)
  object space 21248K, 85% used [0x00000006fb400000,0x00000006fc5c95f8,0x00000006fc8c0000)
Event: 15.106 GC heap after
Heap after GC invocations=13 (full 1):
 PSYoungGen      total 1331840K, used 0K [0x00000007aacb0000, 0x00000007fffe0000, 0x0000000800000000)
  eden space 1264960K, 0% used [0x00000007aacb0000,0x00000007aacb0000,0x00000007f8000000)
  from space 66880K, 0% used [0x00000007fbe90000,0x00000007fbe90000,0x00000007fffe0000)
  to   space 64064K, 0% used [0x00000007f8000000,0x00000007f8000000,0x00000007fbe90000)
 ParOldGen       total 151872K, used 39642K [0x0000000700600000, 0x0000000709a50000, 0x00000007aacb0000)
  object space 151872K, 26% used [0x0000000700600000,0x0000000702cb6a98,0x0000000709a50000)
 PSPermGen       total 36736K, used 18206K [0x00000006fb400000, 0x00000006fd7e0000, 0x0000000700600000)
  object space 36736K, 49% used [0x00000006fb400000,0x00000006fc5c7a80,0x00000006fd7e0000)
}

