# JRE version: 7.0_07-b11
# Java VM: Java HotSpot(TM) 64-Bit Server VM (23.3-b01 mixed mode windows-amd64 compressed oops)
Heap
 PSYoungGen      total 881856K, used 568867K [0x00000007aacb0000, 0x00000007e3de0000, 0x0000000800000000)
  eden space 830784K, 64% used [0x00000007aacb0000,0x00000007cbbbd598,0x00000007dd800000)
  from space 51072K, 57% used [0x00000007e0c00000,0x00000007e287b8c0,0x00000007e3de0000)
  to   space 52160K, 0% used [0x00000007dd800000,0x00000007dd800000,0x00000007e0af0000)
 ParOldGen       total 174528K, used 119980K [0x0000000700600000, 0x000000070b070000, 0x00000007aacb0000)
  object space 174528K, 68% used [0x0000000700600000,0x0000000707b2b118,0x000000070b070000)
 PSPermGen       total 21248K, used 18121K [0x00000006fb400000, 0x00000006fc8c0000, 0x0000000700600000)
  object space 21248K, 85% used [0x00000006fb400000,0x00000006fc5b25f8,0x00000006fc8c0000)
GC Heap History (10 events):
Event: 4.188 GC heap before
{Heap before GC invocations=6 (full 0):
 PSYoungGen      total 141824K, used 137761K [0x00000007aacb0000, 0x00000007c03b0000, 0x0000000800000000)
  eden space 130944K, 96% used [0x00000007aacb0000,0x00000007b289e138,0x00000007b2c90000)
  from space 10880K, 99% used [0x00000007b2c90000,0x00000007b372a640,0x00000007b3730000)
  to   space 44672K, 0% used [0x00000007bd810000,0x00000007bd810000,0x00000007c03b0000)
 ParOldGen       total 174528K, used 94048K [0x0000000700600000, 0x000000070b070000, 0x00000007aacb0000)
  object space 174528K, 53% used [0x0000000700600000,0x00000007061d8308,0x000000070b070000)
 PSPermGen       total 21248K, used 17752K [0x00000006fb400000, 0x00000006fc8c0000, 0x0000000700600000)
  object space 21248K, 83% used [0x00000006fb400000,0x00000006fc5560b0,0x00000006fc8c0000)
Event: 4.198 GC heap after
Heap after GC invocations=6 (full 0):
 PSYoungGen      total 302592K, used 30432K [0x00000007aacb0000, 0x00000007bffd0000, 0x0000000800000000)
  eden space 261888K, 0% used [0x00000007aacb0000,0x00000007aacb0000,0x00000007bac70000)
  from space 40704K, 74% used [0x00000007bd810000,0x00000007bf5c8160,0x00000007bffd0000)
  to   space 42688K, 0% used [0x00000007bac70000,0x00000007bac70000,0x00000007bd620000)
 ParOldGen       total 174528K, used 94056K [0x0000000700600000, 0x000000070b070000, 0x00000007aacb0000)
  object space 174528K, 53% used [0x0000000700600000,0x00000007061da308,0x000000070b070000)
 PSPermGen       total 21248K, used 17752K [0x00000006fb400000, 0x00000006fc8c0000, 0x0000000700600000)
  object space 21248K, 83% used [0x00000006fb400000,0x00000006fc5560b0,0x00000006fc8c0000)
}
Event: 4.962 GC heap before
{Heap before GC invocations=7 (full 0):
 PSYoungGen      total 302592K, used 287662K [0x00000007aacb0000, 0x00000007bffd0000, 0x0000000800000000)
  eden space 261888K, 98% used [0x00000007aacb0000,0x00000007ba7e3708,0x00000007bac70000)
  from space 40704K, 74% used [0x00000007bd810000,0x00000007bf5c8160,0x00000007bffd0000)
  to   space 42688K, 0% used [0x00000007bac70000,0x00000007bac70000,0x00000007bd620000)
 ParOldGen       total 174528K, used 94056K [0x0000000700600000, 0x000000070b070000, 0x00000007aacb0000)
  object space 174528K, 53% used [0x0000000700600000,0x00000007061da308,0x000000070b070000)
 PSPermGen       total 21248K, used 18020K [0x00000006fb400000, 0x00000006fc8c0000, 0x0000000700600000)
  object space 21248K, 84% used [0x00000006fb400000,0x00000006fc599020,0x00000006fc8c0000)
Event: 4.979 GC heap after
Heap after GC invocations=7 (full 0):
 PSYoungGen      total 304576K, used 40488K [0x00000007aacb0000, 0x00000007d0690000, 0x0000000800000000)
  eden space 261888K, 0% used [0x00000007aacb0000,0x00000007aacb0000,0x00000007bac70000)
  from space 42688K, 94% used [0x00000007bac70000,0x00000007bd3fa060,0x00000007bd620000)
  to   space 46272K, 0% used [0x00000007cd960000,0x00000007cd960000,0x00000007d0690000)
 ParOldGen       total 174528K, used 97564K [0x0000000700600000, 0x000000070b070000, 0x00000007aacb0000)
  object space 174528K, 55% used [0x0000000700600000,0x00000007065471c0,0x000000070b070000)
 PSPermGen       total 21248K, used 18020K [0x00000006fb400000, 0x00000006fc8c0000, 0x0000000700600000)
  object space 21248K, 84% used [0x00000006fb400000,0x00000006fc599020,0x00000006fc8c0000)
}
Event: 5.491 GC heap before
{Heap before GC invocations=8 (full 0):
 PSYoungGen      total 304576K, used 297166K [0x00000007aacb0000, 0x00000007d0690000, 0x0000000800000000)
  eden space 261888K, 98% used [0x00000007aacb0000,0x00000007ba7599f8,0x00000007bac70000)
  from space 42688K, 94% used [0x00000007bac70000,0x00000007bd3fa060,0x00000007bd620000)
  to   space 46272K, 0% used [0x00000007cd960000,0x00000007cd960000,0x00000007d0690000)
 ParOldGen       total 174528K, used 97564K [0x0000000700600000, 0x000000070b070000, 0x00000007aacb0000)
  object space 174528K, 55% used [0x0000000700600000,0x00000007065471c0,0x000000070b070000)
 PSPermGen       total 21248K, used 18064K [0x00000006fb400000, 0x00000006fc8c0000, 0x0000000700600000)
  object space 21248K, 85% used [0x00000006fb400000,0x00000006fc5a43a8,0x00000006fc8c0000)
Event: 5.508 GC heap after
Heap after GC invocations=8 (full 0):
 PSYoungGen      total 565504K, used 45855K [0x00000007aacb0000, 0x00000007d0f70000, 0x0000000800000000)
  eden space 519232K, 0% used [0x00000007aacb0000,0x00000007aacb0000,0x00000007ca7c0000)
  from space 46272K, 99% used [0x00000007cd960000,0x00000007d0627c20,0x00000007d0690000)
  to   space 50816K, 0% used [0x00000007ca7c0000,0x00000007ca7c0000,0x00000007cd960000)
 ParOldGen       total 174528K, used 108971K [0x0000000700600000, 0x000000070b070000, 0x00000007aacb0000)
  object space 174528K, 62% used [0x0000000700600000,0x000000070706ad70,0x000000070b070000)
 PSPermGen       total 21248K, used 18064K [0x00000006fb400000, 0x00000006fc8c0000, 0x0000000700600000)
  object space 21248K, 85% used [0x00000006fb400000,0x00000006fc5a43a8,0x00000006fc8c0000)
}
Event: 6.887 GC heap before
{Heap before GC invocations=9 (full 0):
 PSYoungGen      total 565504K, used 561696K [0x00000007aacb0000, 0x00000007d0f70000, 0x0000000800000000)
  eden space 519232K, 99% used [0x00000007aacb0000,0x00000007ca4705f0,0x00000007ca7c0000)
  from space 46272K, 99% used [0x00000007cd960000,0x00000007d0627c20,0x00000007d0690000)
  to   space 50816K, 0% used [0x00000007ca7c0000,0x00000007ca7c0000,0x00000007cd960000)
 ParOldGen       total 174528K, used 108971K [0x0000000700600000, 0x000000070b070000, 0x00000007aacb0000)
  object space 174528K, 62% used [0x0000000700600000,0x000000070706ad70,0x000000070b070000)
 PSPermGen       total 21248K, used 18079K [0x00000006fb400000, 0x00000006fc8c0000, 0x0000000700600000)
  object space 21248K, 85% used [0x00000006fb400000,0x00000006fc5a7c90,0x00000006fc8c0000)
Event: 6.902 GC heap after
Heap after GC invocations=9 (full 0):
 PSYoungGen      total 570048K, used 43775K [0x00000007aacb0000, 0x00000007e4000000, 0x0000000800000000)
  eden space 519232K, 0% used [0x00000007aacb0000,0x00000007aacb0000,0x00000007ca7c0000)
  from space 50816K, 86% used [0x00000007ca7c0000,0x00000007cd27ff50,0x00000007cd960000)
  to   space 53248K, 0% used [0x00000007e0c00000,0x00000007e0c00000,0x00000007e4000000)
 ParOldGen       total 174528K, used 116270K [0x0000000700600000, 0x000000070b070000, 0x00000007aacb0000)
  object space 174528K, 66% used [0x0000000700600000,0x000000070778b810,0x000000070b070000)
 PSPermGen       total 21248K, used 18079K [0x00000006fb400000, 0x00000006fc8c0000, 0x0000000700600000)
  object space 21248K, 85% used [0x00000006fb400000,0x00000006fc5a7c90,0x00000006fc8c0000)
}
Event: 8.051 GC heap before
{Heap before GC invocations=10 (full 0):
 PSYoungGen      total 570048K, used 561654K [0x00000007aacb0000, 0x00000007e4000000, 0x0000000800000000)
  eden space 519232K, 99% used [0x00000007aacb0000,0x00000007ca66daf0,0x00000007ca7c0000)
  from space 50816K, 86% used [0x00000007ca7c0000,0x00000007cd27ff50,0x00000007cd960000)
  to   space 53248K, 0% used [0x00000007e0c00000,0x00000007e0c00000,0x00000007e4000000)
 ParOldGen       total 174528K, used 116270K [0x0000000700600000, 0x000000070b070000, 0x00000007aacb0000)
  object space 174528K, 66% used [0x0000000700600000,0x000000070778b810,0x000000070b070000)
 PSPermGen       total 21248K, used 18086K [0x00000006fb400000, 0x00000006fc8c0000, 0x0000000700600000)
  object space 21248K, 85% used [0x00000006fb400000,0x00000006fc5a9ae8,0x00000006fc8c0000)
Event: 8.060 GC heap after
Heap after GC invocations=10 (full 0):
 PSYoungGen      total 881856K, used 29166K [0x00000007aacb0000, 0x00000007e3de0000, 0x0000000800000000)
  eden space 830784K, 0% used [0x00000007aacb0000,0x00000007aacb0000,0x00000007dd800000)
  from space 51072K, 57% used [0x00000007e0c00000,0x00000007e287b8c0,0x00000007e3de0000)
  to   space 52160K, 0% used [0x00000007dd800000,0x00000007dd800000,0x00000007e0af0000)
 ParOldGen       total 174528K, used 119980K [0x0000000700600000, 0x000000070b070000, 0x00000007aacb0000)
  object space 174528K, 68% used [0x0000000700600000,0x0000000707b2b118,0x000000070b070000)
 PSPermGen       total 21248K, used 18086K [0x00000006fb400000, 0x00000006fc8c0000, 0x0000000700600000)
  object space 21248K, 85% used [0x00000006fb400000,0x00000006fc5a9ae8,0x00000006fc8c0000)
}

