# JRE version: 7.0_07-b11
# Java VM: Java HotSpot(TM) 64-Bit Server VM (23.3-b01 mixed mode windows-amd64 compressed oops)
Heap
 PSYoungGen      total 561600K, used 72824K [0x00000007aacb0000, 0x00000007d0d70000, 0x0000000800000000)
  eden space 524928K, 8% used [0x00000007aacb0000,0x00000007ad7b6f38,0x00000007cad50000)
  from space 36672K, 78% used [0x00000007ce9a0000,0x00000007d05b72a0,0x00000007d0d70000)
  to   space 49216K, 0% used [0x00000007cad50000,0x00000007cad50000,0x00000007cdd60000)
 ParOldGen       total 630656K, used 321198K [0x0000000700600000, 0x0000000726de0000, 0x00000007aacb0000)
  object space 630656K, 50% used [0x0000000700600000,0x0000000713fab998,0x0000000726de0000)
 PSPermGen       total 26176K, used 18145K [0x00000006fb400000, 0x00000006fcd90000, 0x0000000700600000)
  object space 26176K, 69% used [0x00000006fb400000,0x00000006fc5b84b0,0x00000006fcd90000)
GC Heap History (10 events):
Event: 45.337 GC heap before
{Heap before GC invocations=33 (full 10):
 PSYoungGen      total 542976K, used 510491K [0x00000007aacb0000, 0x00000007cef90000, 0x0000000800000000)
  eden space 503040K, 99% used [0x00000007aacb0000,0x00000007c94f3f58,0x00000007c97f0000)
  from space 39936K, 26% used [0x00000007cc890000,0x00000007cd2d2e70,0x00000007cef90000)
  to   space 44864K, 0% used [0x00000007c97f0000,0x00000007c97f0000,0x00000007cc3c0000)
 ParOldGen       total 571072K, used 327264K [0x0000000700600000, 0x00000007233b0000, 0x00000007aacb0000)
  object space 571072K, 57% used [0x0000000700600000,0x0000000714598190,0x00000007233b0000)
 PSPermGen       total 27712K, used 18128K [0x00000006fb400000, 0x00000006fcf10000, 0x0000000700600000)
  object space 27712K, 65% used [0x00000006fb400000,0x00000006fc5b40d8,0x00000006fcf10000)
Event: 45.343 GC heap after
Heap after GC invocations=33 (full 10):
 PSYoungGen      total 547904K, used 28764K [0x00000007aacb0000, 0x00000007d2650000, 0x0000000800000000)
  eden space 503040K, 0% used [0x00000007aacb0000,0x00000007aacb0000,0x00000007c97f0000)
  from space 44864K, 64% used [0x00000007c97f0000,0x00000007cb4072a0,0x00000007cc3c0000)
  to   space 46272K, 0% used [0x00000007cf920000,0x00000007cf920000,0x00000007d2650000)
 ParOldGen       total 571072K, used 327264K [0x0000000700600000, 0x00000007233b0000, 0x00000007aacb0000)
  object space 571072K, 57% used [0x0000000700600000,0x0000000714598190,0x00000007233b0000)
 PSPermGen       total 27712K, used 18128K [0x00000006fb400000, 0x00000006fcf10000, 0x0000000700600000)
  object space 27712K, 65% used [0x00000006fb400000,0x00000006fc5b40d8,0x00000006fcf10000)
}
Event: 48.143 GC heap before
{Heap before GC invocations=34 (full 11):
 PSYoungGen      total 547904K, used 528920K [0x00000007aacb0000, 0x00000007d2650000, 0x0000000800000000)
  eden space 503040K, 99% used [0x00000007aacb0000,0x00000007c951f0f0,0x00000007c97f0000)
  from space 44864K, 64% used [0x00000007c97f0000,0x00000007cb4072a0,0x00000007cc3c0000)
  to   space 46272K, 0% used [0x00000007cf920000,0x00000007cf920000,0x00000007d2650000)
 ParOldGen       total 628288K, used 624940K [0x0000000700600000, 0x0000000726b90000, 0x00000007aacb0000)
  object space 628288K, 99% used [0x0000000700600000,0x000000072684b180,0x0000000726b90000)
 PSPermGen       total 27712K, used 18130K [0x00000006fb400000, 0x00000006fcf10000, 0x0000000700600000)
  object space 27712K, 65% used [0x00000006fb400000,0x00000006fc5b4a30,0x00000006fcf10000)
Event: 48.170 GC heap after
Heap after GC invocations=34 (full 11):
 PSYoungGen      total 547904K, used 0K [0x00000007aacb0000, 0x00000007d2650000, 0x0000000800000000)
  eden space 503040K, 0% used [0x00000007aacb0000,0x00000007aacb0000,0x00000007c97f0000)
  from space 44864K, 0% used [0x00000007c97f0000,0x00000007c97f0000,0x00000007cc3c0000)
  to   space 46272K, 0% used [0x00000007cf920000,0x00000007cf920000,0x00000007d2650000)
 ParOldGen       total 630656K, used 14030K [0x0000000700600000, 0x0000000726de0000, 0x00000007aacb0000)
  object space 630656K, 2% used [0x0000000700600000,0x00000007013b38c8,0x0000000726de0000)
 PSPermGen       total 26176K, used 18130K [0x00000006fb400000, 0x00000006fcd90000, 0x0000000700600000)
  object space 26176K, 69% used [0x00000006fb400000,0x00000006fc5b49b0,0x00000006fcd90000)
}
Event: 49.937 GC heap before
{Heap before GC invocations=35 (full 11):
 PSYoungGen      total 547904K, used 499977K [0x00000007aacb0000, 0x00000007d2650000, 0x0000000800000000)
  eden space 503040K, 99% used [0x00000007aacb0000,0x00000007c94f24c8,0x00000007c97f0000)
  from space 44864K, 0% used [0x00000007c97f0000,0x00000007c97f0000,0x00000007cc3c0000)
  to   space 46272K, 0% used [0x00000007cf920000,0x00000007cf920000,0x00000007d2650000)
 ParOldGen       total 630656K, used 17447K [0x0000000700600000, 0x0000000726de0000, 0x00000007aacb0000)
  object space 630656K, 2% used [0x0000000700600000,0x0000000701709d98,0x0000000726de0000)
 PSPermGen       total 26176K, used 18134K [0x00000006fb400000, 0x00000006fcd90000, 0x0000000700600000)
  object space 26176K, 69% used [0x00000006fb400000,0x00000006fc5b5ac8,0x00000006fcd90000)
Event: 49.947 GC heap after
Heap after GC invocations=35 (full 11):
 PSYoungGen      total 597120K, used 40914K [0x00000007aacb0000, 0x00000007d3640000, 0x0000000800000000)
  eden space 550848K, 0% used [0x00000007aacb0000,0x00000007aacb0000,0x00000007cc6a0000)
  from space 46272K, 88% used [0x00000007cf920000,0x00000007d2114ac0,0x00000007d2650000)
  to   space 51712K, 0% used [0x00000007cc6a0000,0x00000007cc6a0000,0x00000007cf920000)
 ParOldGen       total 630656K, used 23522K [0x0000000700600000, 0x0000000726de0000, 0x00000007aacb0000)
  object space 630656K, 3% used [0x0000000700600000,0x0000000701cf89a8,0x0000000726de0000)
 PSPermGen       total 26176K, used 18134K [0x00000006fb400000, 0x00000006fcd90000, 0x0000000700600000)
  object space 26176K, 69% used [0x00000006fb400000,0x00000006fc5b5ac8,0x00000006fcd90000)
}
Event: 52.940 GC heap before
{Heap before GC invocations=36 (full 11):
 PSYoungGen      total 597120K, used 588562K [0x00000007aacb0000, 0x00000007d3640000, 0x0000000800000000)
  eden space 550848K, 99% used [0x00000007aacb0000,0x00000007cc3800f0,0x00000007cc6a0000)
  from space 46272K, 88% used [0x00000007cf920000,0x00000007d2114ac0,0x00000007d2650000)
  to   space 51712K, 0% used [0x00000007cc6a0000,0x00000007cc6a0000,0x00000007cf920000)
 ParOldGen       total 630656K, used 321198K [0x0000000700600000, 0x0000000726de0000, 0x00000007aacb0000)
  object space 630656K, 50% used [0x0000000700600000,0x0000000713fab998,0x0000000726de0000)
 PSPermGen       total 26176K, used 18136K [0x00000006fb400000, 0x00000006fcd90000, 0x0000000700600000)
  object space 26176K, 69% used [0x00000006fb400000,0x00000006fc5b6248,0x00000006fcd90000)
Event: 52.945 GC heap after
Heap after GC invocations=36 (full 11):
 PSYoungGen      total 556160K, used 18449K [0x00000007aacb0000, 0x00000007d1980000, 0x0000000800000000)
  eden space 537664K, 0% used [0x00000007aacb0000,0x00000007aacb0000,0x00000007cb9c0000)
  from space 18496K, 99% used [0x00000007cc6a0000,0x00000007cd8a4430,0x00000007cd8b0000)
  to   space 49024K, 0% used [0x00000007ce9a0000,0x00000007ce9a0000,0x00000007d1980000)
 ParOldGen       total 630656K, used 321198K [0x0000000700600000, 0x0000000726de0000, 0x00000007aacb0000)
  object space 630656K, 50% used [0x0000000700600000,0x0000000713fab998,0x0000000726de0000)
 PSPermGen       total 26176K, used 18136K [0x00000006fb400000, 0x00000006fcd90000, 0x0000000700600000)
  object space 26176K, 69% used [0x00000006fb400000,0x00000006fc5b6248,0x00000006fcd90000)
}
Event: 54.721 GC heap before
{Heap before GC invocations=37 (full 11):
 PSYoungGen      total 556160K, used 550468K [0x00000007aacb0000, 0x00000007d1980000, 0x0000000800000000)
  eden space 537664K, 98% used [0x00000007aacb0000,0x00000007cb43ce58,0x00000007cb9c0000)
  from space 18496K, 99% used [0x00000007cc6a0000,0x00000007cd8a4430,0x00000007cd8b0000)
  to   space 49024K, 0% used [0x00000007ce9a0000,0x00000007ce9a0000,0x00000007d1980000)
 ParOldGen       total 630656K, used 321198K [0x0000000700600000, 0x0000000726de0000, 0x00000007aacb0000)
  object space 630656K, 50% used [0x0000000700600000,0x0000000713fab998,0x0000000726de0000)
 PSPermGen       total 26176K, used 18145K [0x00000006fb400000, 0x00000006fcd90000, 0x0000000700600000)
  object space 26176K, 69% used [0x00000006fb400000,0x00000006fc5b84b0,0x00000006fcd90000)
Event: 54.727 GC heap after
Heap after GC invocations=37 (full 11):
 PSYoungGen      total 561600K, used 28764K [0x00000007aacb0000, 0x00000007d0d70000, 0x0000000800000000)
  eden space 524928K, 0% used [0x00000007aacb0000,0x00000007aacb0000,0x00000007cad50000)
  from space 36672K, 78% used [0x00000007ce9a0000,0x00000007d05b72a0,0x00000007d0d70000)
  to   space 49216K, 0% used [0x00000007cad50000,0x00000007cad50000,0x00000007cdd60000)
 ParOldGen       total 630656K, used 321198K [0x0000000700600000, 0x0000000726de0000, 0x00000007aacb0000)
  object space 630656K, 50% used [0x0000000700600000,0x0000000713fab998,0x0000000726de0000)
 PSPermGen       total 26176K, used 18145K [0x00000006fb400000, 0x00000006fcd90000, 0x0000000700600000)
  object space 26176K, 69% used [0x00000006fb400000,0x00000006fc5b84b0,0x00000006fcd90000)
}

