# JRE version: 7.0_07-b11
# Java VM: Java HotSpot(TM) 64-Bit Server VM (23.3-b01 mixed mode windows-amd64 compressed oops)
Heap
 PSYoungGen      total 242944K, used 125121K [0x00000007aacb0000, 0x00000007c2cf0000, 0x0000000800000000)
  eden space 208960K, 51% used [0x00000007aacb0000,0x00000007b14dc308,0x00000007b78c0000)
  from space 33984K, 54% used [0x00000007b78c0000,0x00000007b8ac4430,0x00000007b99f0000)
  to   space 32064K, 0% used [0x00000007c0da0000,0x00000007c0da0000,0x00000007c2cf0000)
 ParOldGen       total 149440K, used 45815K [0x0000000700600000, 0x00000007097f0000, 0x00000007aacb0000)
  object space 149440K, 30% used [0x0000000700600000,0x00000007032bdd28,0x00000007097f0000)
 PSPermGen       total 40320K, used 17714K [0x00000006fb400000, 0x00000006fdb60000, 0x0000000700600000)
  object space 40320K, 43% used [0x00000006fb400000,0x00000006fc54c9a0,0x00000006fdb60000)
GC Heap History (10 events):
Event: 8.464 GC heap before
{Heap before GC invocations=5 (full 1):
 PSYoungGen      total 141824K, used 141820K [0x00000007aacb0000, 0x00000007b41d0000, 0x0000000800000000)
  eden space 130944K, 100% used [0x00000007aacb0000,0x00000007b2c90000,0x00000007b2c90000)
  from space 10880K, 99% used [0x00000007b3730000,0x00000007b41cf220,0x00000007b41d0000)
  to   space 10880K, 0% used [0x00000007b2c90000,0x00000007b2c90000,0x00000007b3730000)
 ParOldGen       total 442048K, used 441830K [0x0000000700600000, 0x000000071b5b0000, 0x00000007aacb0000)
  object space 442048K, 99% used [0x0000000700600000,0x000000071b5798b8,0x000000071b5b0000)
 PSPermGen       total 21248K, used 17675K [0x00000006fb400000, 0x00000006fc8c0000, 0x0000000700600000)
  object space 21248K, 83% used [0x00000006fb400000,0x00000006fc542dd8,0x00000006fc8c0000)
Event: 8.535 GC heap after
Heap after GC invocations=5 (full 1):
 PSYoungGen      total 141824K, used 0K [0x00000007aacb0000, 0x00000007b41d0000, 0x0000000800000000)
  eden space 130944K, 0% used [0x00000007aacb0000,0x00000007aacb0000,0x00000007b2c90000)
  from space 10880K, 0% used [0x00000007b3730000,0x00000007b3730000,0x00000007b41d0000)
  to   space 10880K, 0% used [0x00000007b2c90000,0x00000007b2c90000,0x00000007b3730000)
 ParOldGen       total 129024K, used 21429K [0x0000000700600000, 0x0000000708400000, 0x00000007aacb0000)
  object space 129024K, 16% used [0x0000000700600000,0x0000000701aed668,0x0000000708400000)
 PSPermGen       total 35648K, used 17669K [0x00000006fb400000, 0x00000006fd6d0000, 0x0000000700600000)
  object space 35648K, 49% used [0x00000006fb400000,0x00000006fc541420,0x00000006fd6d0000)
}
Event: 11.354 GC heap before
{Heap before GC invocations=6 (full 2):
 PSYoungGen      total 141824K, used 130382K [0x00000007aacb0000, 0x00000007b41d0000, 0x0000000800000000)
  eden space 130944K, 99% used [0x00000007aacb0000,0x00000007b2c03ad0,0x00000007b2c90000)
  from space 10880K, 0% used [0x00000007b3730000,0x00000007b3730000,0x00000007b41d0000)
  to   space 10880K, 0% used [0x00000007b2c90000,0x00000007b2c90000,0x00000007b3730000)
 ParOldGen       total 408704K, used 404155K [0x0000000700600000, 0x0000000719520000, 0x00000007aacb0000)
  object space 408704K, 98% used [0x0000000700600000,0x00000007190aee58,0x0000000719520000)
 PSPermGen       total 35648K, used 17686K [0x00000006fb400000, 0x00000006fd6d0000, 0x0000000700600000)
  object space 35648K, 49% used [0x00000006fb400000,0x00000006fc545990,0x00000006fd6d0000)
Event: 11.396 GC heap after
Heap after GC invocations=6 (full 2):
 PSYoungGen      total 141824K, used 0K [0x00000007aacb0000, 0x00000007b41d0000, 0x0000000800000000)
  eden space 130944K, 0% used [0x00000007aacb0000,0x00000007aacb0000,0x00000007b2c90000)
  from space 10880K, 0% used [0x00000007b3730000,0x00000007b3730000,0x00000007b41d0000)
  to   space 10880K, 0% used [0x00000007b2c90000,0x00000007b2c90000,0x00000007b3730000)
 ParOldGen       total 149440K, used 15440K [0x0000000700600000, 0x00000007097f0000, 0x00000007aacb0000)
  object space 149440K, 10% used [0x0000000700600000,0x00000007015140d8,0x00000007097f0000)
 PSPermGen       total 40320K, used 17686K [0x00000006fb400000, 0x00000006fdb60000, 0x0000000700600000)
  object space 40320K, 43% used [0x00000006fb400000,0x00000006fc545950,0x00000006fdb60000)
}
Event: 12.090 GC heap before
{Heap before GC invocations=7 (full 2):
 PSYoungGen      total 141824K, used 128155K [0x00000007aacb0000, 0x00000007b41d0000, 0x0000000800000000)
  eden space 130944K, 97% used [0x00000007aacb0000,0x00000007b29d6f70,0x00000007b2c90000)
  from space 10880K, 0% used [0x00000007b3730000,0x00000007b3730000,0x00000007b41d0000)
  to   space 10880K, 0% used [0x00000007b2c90000,0x00000007b2c90000,0x00000007b3730000)
 ParOldGen       total 149440K, used 15440K [0x0000000700600000, 0x00000007097f0000, 0x00000007aacb0000)
  object space 149440K, 10% used [0x0000000700600000,0x00000007015140d8,0x00000007097f0000)
 PSPermGen       total 40320K, used 17687K [0x00000006fb400000, 0x00000006fdb60000, 0x0000000700600000)
  object space 40320K, 43% used [0x00000006fb400000,0x00000006fc545d40,0x00000006fdb60000)
Event: 12.095 GC heap after
Heap after GC invocations=7 (full 2):
 PSYoungGen      total 141824K, used 6267K [0x00000007aacb0000, 0x00000007bc380000, 0x0000000800000000)
  eden space 130944K, 0% used [0x00000007aacb0000,0x00000007aacb0000,0x00000007b2c90000)
  from space 10880K, 57% used [0x00000007b2c90000,0x00000007b32aec10,0x00000007b3730000)
  to   space 36480K, 0% used [0x00000007b9fe0000,0x00000007b9fe0000,0x00000007bc380000)
 ParOldGen       total 149440K, used 45815K [0x0000000700600000, 0x00000007097f0000, 0x00000007aacb0000)
  object space 149440K, 30% used [0x0000000700600000,0x00000007032bdd28,0x00000007097f0000)
 PSPermGen       total 40320K, used 17687K [0x00000006fb400000, 0x00000006fdb60000, 0x0000000700600000)
  object space 40320K, 43% used [0x00000006fb400000,0x00000006fc545d40,0x00000006fdb60000)
}
Event: 12.786 GC heap before
{Heap before GC invocations=8 (full 2):
 PSYoungGen      total 141824K, used 134223K [0x00000007aacb0000, 0x00000007bc380000, 0x0000000800000000)
  eden space 130944K, 97% used [0x00000007aacb0000,0x00000007b29a52d8,0x00000007b2c90000)
  from space 10880K, 57% used [0x00000007b2c90000,0x00000007b32aec10,0x00000007b3730000)
  to   space 36480K, 0% used [0x00000007b9fe0000,0x00000007b9fe0000,0x00000007bc380000)
 ParOldGen       total 149440K, used 45815K [0x0000000700600000, 0x00000007097f0000, 0x00000007aacb0000)
  object space 149440K, 30% used [0x0000000700600000,0x00000007032bdd28,0x00000007097f0000)
 PSPermGen       total 40320K, used 17687K [0x00000006fb400000, 0x00000006fdb60000, 0x0000000700600000)
  object space 40320K, 43% used [0x00000006fb400000,0x00000006fc545de8,0x00000006fdb60000)
Event: 12.791 GC heap after
Heap after GC invocations=8 (full 2):
 PSYoungGen      total 236864K, used 18417K [0x00000007aacb0000, 0x00000007bbb20000, 0x0000000800000000)
  eden space 208960K, 0% used [0x00000007aacb0000,0x00000007aacb0000,0x00000007b78c0000)
  from space 27904K, 66% used [0x00000007b9fe0000,0x00000007bb1dc430,0x00000007bbb20000)
  to   space 33984K, 0% used [0x00000007b78c0000,0x00000007b78c0000,0x00000007b99f0000)
 ParOldGen       total 149440K, used 45815K [0x0000000700600000, 0x00000007097f0000, 0x00000007aacb0000)
  object space 149440K, 30% used [0x0000000700600000,0x00000007032bdd28,0x00000007097f0000)
 PSPermGen       total 40320K, used 17687K [0x00000006fb400000, 0x00000006fdb60000, 0x0000000700600000)
  object space 40320K, 43% used [0x00000006fb400000,0x00000006fc545de8,0x00000006fdb60000)
}
Event: 13.493 GC heap before
{Heap before GC invocations=9 (full 2):
 PSYoungGen      total 236864K, used 225628K [0x00000007aacb0000, 0x00000007bbb20000, 0x0000000800000000)
  eden space 208960K, 99% used [0x00000007aacb0000,0x00000007b770af70,0x00000007b78c0000)
  from space 27904K, 66% used [0x00000007b9fe0000,0x00000007bb1dc430,0x00000007bbb20000)
  to   space 33984K, 0% used [0x00000007b78c0000,0x00000007b78c0000,0x00000007b99f0000)
 ParOldGen       total 149440K, used 45815K [0x0000000700600000, 0x00000007097f0000, 0x00000007aacb0000)
  object space 149440K, 30% used [0x0000000700600000,0x00000007032bdd28,0x00000007097f0000)
 PSPermGen       total 40320K, used 17687K [0x00000006fb400000, 0x00000006fdb60000, 0x0000000700600000)
  object space 40320K, 43% used [0x00000006fb400000,0x00000006fc545de8,0x00000006fdb60000)
Event: 13.498 GC heap after
Heap after GC invocations=9 (full 2):
 PSYoungGen      total 242944K, used 18449K [0x00000007aacb0000, 0x00000007c2cf0000, 0x0000000800000000)
  eden space 208960K, 0% used [0x00000007aacb0000,0x00000007aacb0000,0x00000007b78c0000)
  from space 33984K, 54% used [0x00000007b78c0000,0x00000007b8ac4430,0x00000007b99f0000)
  to   space 32064K, 0% used [0x00000007c0da0000,0x00000007c0da0000,0x00000007c2cf0000)
 ParOldGen       total 149440K, used 45815K [0x0000000700600000, 0x00000007097f0000, 0x00000007aacb0000)
  object space 149440K, 30% used [0x0000000700600000,0x00000007032bdd28,0x00000007097f0000)
 PSPermGen       total 40320K, used 17687K [0x00000006fb400000, 0x00000006fdb60000, 0x0000000700600000)
  object space 40320K, 43% used [0x00000006fb400000,0x00000006fc545de8,0x00000006fdb60000)
}

