# JRE version: 7.0_07-b11
# Java VM: Java HotSpot(TM) 64-Bit Server VM (23.3-b01 mixed mode windows-amd64 compressed oops)
Heap
 PSYoungGen      total 364800K, used 136856K [0x00000007aacb0000, 0x00000007c51c0000, 0x0000000800000000)
  eden space 310464K, 44% used [0x00000007aacb0000,0x00000007b32261a8,0x00000007bdbe0000)
  from space 54336K, 0% used [0x00000007c1cb0000,0x00000007c1ce0000,0x00000007c51c0000)
  to   space 60352K, 0% used [0x00000007bdbe0000,0x00000007bdbe0000,0x00000007c16d0000)
 ParOldGen       total 628544K, used 301298K [0x0000000700600000, 0x0000000726bd0000, 0x00000007aacb0000)
  object space 628544K, 47% used [0x0000000700600000,0x0000000712c3c948,0x0000000726bd0000)
 PSPermGen       total 21248K, used 18483K [0x00000006fb400000, 0x00000006fc8c0000, 0x0000000700600000)
  object space 21248K, 86% used [0x00000006fb400000,0x00000006fc60ce38,0x00000006fc8c0000)
GC Heap History (10 events):
Event: 396.445 GC heap before
{Heap before GC invocations=345 (full 25):
 PSYoungGen      total 375616K, used 374191K [0x00000007aacb0000, 0x00000007c70c0000, 0x0000000800000000)
  eden space 340672K, 99% used [0x00000007aacb0000,0x00000007bf8070e8,0x00000007bf960000)
  from space 34944K, 99% used [0x00000007bffe0000,0x00000007c21f4d20,0x00000007c2200000)
  to   space 61120K, 0% used [0x00000007c3510000,0x00000007c3510000,0x00000007c70c0000)
 ParOldGen       total 628544K, used 209504K [0x0000000700600000, 0x0000000726bd0000, 0x00000007aacb0000)
  object space 628544K, 33% used [0x0000000700600000,0x000000070d2980e8,0x0000000726bd0000)
 PSPermGen       total 21248K, used 18432K [0x00000006fb400000, 0x00000006fc8c0000, 0x0000000700600000)
  object space 21248K, 86% used [0x00000006fb400000,0x00000006fc600278,0x00000006fc8c0000)
Event: 396.449 GC heap after
Heap after GC invocations=345 (full 25):
 PSYoungGen      total 391296K, used 34931K [0x00000007aacb0000, 0x00000007c6cc0000, 0x0000000800000000)
  eden space 334272K, 0% used [0x00000007aacb0000,0x00000007aacb0000,0x00000007bf320000)
  from space 57024K, 61% used [0x00000007c3510000,0x00000007c572cd20,0x00000007c6cc0000)
  to   space 62272K, 0% used [0x00000007bf320000,0x00000007bf320000,0x00000007c2ff0000)
 ParOldGen       total 628544K, used 209512K [0x0000000700600000, 0x0000000726bd0000, 0x00000007aacb0000)
  object space 628544K, 33% used [0x0000000700600000,0x000000070d29a0e8,0x0000000726bd0000)
 PSPermGen       total 21248K, used 18432K [0x00000006fb400000, 0x00000006fc8c0000, 0x0000000700600000)
  object space 21248K, 86% used [0x00000006fb400000,0x00000006fc600278,0x00000006fc8c0000)
}
Event: 397.122 GC heap before
{Heap before GC invocations=346 (full 25):
 PSYoungGen      total 391296K, used 368151K [0x00000007aacb0000, 0x00000007c6cc0000, 0x0000000800000000)
  eden space 334272K, 99% used [0x00000007aacb0000,0x00000007bf218fc0,0x00000007bf320000)
  from space 57024K, 61% used [0x00000007c3510000,0x00000007c572cd20,0x00000007c6cc0000)
  to   space 62272K, 0% used [0x00000007bf320000,0x00000007bf320000,0x00000007c2ff0000)
 ParOldGen       total 628544K, used 211537K [0x0000000700600000, 0x0000000726bd0000, 0x00000007aacb0000)
  object space 628544K, 33% used [0x0000000700600000,0x000000070d4944f8,0x0000000726bd0000)
 PSPermGen       total 21248K, used 18432K [0x00000006fb400000, 0x00000006fc8c0000, 0x0000000700600000)
  object space 21248K, 86% used [0x00000006fb400000,0x00000006fc600278,0x00000006fc8c0000)
Event: 397.129 GC heap after
Heap after GC invocations=346 (full 25):
 PSYoungGen      total 367232K, used 39107K [0x00000007aacb0000, 0x00000007c6b10000, 0x0000000800000000)
  eden space 328064K, 0% used [0x00000007aacb0000,0x00000007aacb0000,0x00000007bed10000)
  from space 39168K, 99% used [0x00000007bf320000,0x00000007c1950f80,0x00000007c1960000)
  to   space 64512K, 0% used [0x00000007c2c10000,0x00000007c2c10000,0x00000007c6b10000)
 ParOldGen       total 628544K, used 211545K [0x0000000700600000, 0x0000000726bd0000, 0x00000007aacb0000)
  object space 628544K, 33% used [0x0000000700600000,0x000000070d4964f8,0x0000000726bd0000)
 PSPermGen       total 21248K, used 18432K [0x00000006fb400000, 0x00000006fc8c0000, 0x0000000700600000)
  object space 21248K, 86% used [0x00000006fb400000,0x00000006fc600278,0x00000006fc8c0000)
}
Event: 397.827 GC heap before
{Heap before GC invocations=347 (full 25):
 PSYoungGen      total 367232K, used 367171K [0x00000007aacb0000, 0x00000007c6b10000, 0x0000000800000000)
  eden space 328064K, 100% used [0x00000007aacb0000,0x00000007bed10000,0x00000007bed10000)
  from space 39168K, 99% used [0x00000007bf320000,0x00000007c1950f80,0x00000007c1960000)
  to   space 64512K, 0% used [0x00000007c2c10000,0x00000007c2c10000,0x00000007c6b10000)
 ParOldGen       total 628544K, used 241785K [0x0000000700600000, 0x0000000726bd0000, 0x00000007aacb0000)
  object space 628544K, 38% used [0x0000000700600000,0x000000070f21e6d8,0x0000000726bd0000)
 PSPermGen       total 21248K, used 18432K [0x00000006fb400000, 0x00000006fc8c0000, 0x0000000700600000)
  object space 21248K, 86% used [0x00000006fb400000,0x00000006fc600278,0x00000006fc8c0000)
Event: 397.829 GC heap after
Heap after GC invocations=347 (full 25):
 PSYoungGen      total 380544K, used 160K [0x00000007aacb0000, 0x00000007c6530000, 0x0000000800000000)
  eden space 322048K, 0% used [0x00000007aacb0000,0x00000007aacb0000,0x00000007be730000)
  from space 58496K, 0% used [0x00000007c2c10000,0x00000007c2c38000,0x00000007c6530000)
  to   space 64512K, 0% used [0x00000007be730000,0x00000007be730000,0x00000007c2630000)
 ParOldGen       total 628544K, used 241801K [0x0000000700600000, 0x0000000726bd0000, 0x00000007aacb0000)
  object space 628544K, 38% used [0x0000000700600000,0x000000070f2226d8,0x0000000726bd0000)
 PSPermGen       total 21248K, used 18432K [0x00000006fb400000, 0x00000006fc8c0000, 0x0000000700600000)
  object space 21248K, 86% used [0x00000006fb400000,0x00000006fc600278,0x00000006fc8c0000)
}
Event: 398.445 GC heap before
{Heap before GC invocations=348 (full 25):
 PSYoungGen      total 380544K, used 316158K [0x00000007aacb0000, 0x00000007c6530000, 0x0000000800000000)
  eden space 322048K, 98% used [0x00000007aacb0000,0x00000007be147948,0x00000007be730000)
  from space 58496K, 0% used [0x00000007c2c10000,0x00000007c2c38000,0x00000007c6530000)
  to   space 64512K, 0% used [0x00000007be730000,0x00000007be730000,0x00000007c2630000)
 ParOldGen       total 628544K, used 247876K [0x0000000700600000, 0x0000000726bd0000, 0x00000007aacb0000)
  object space 628544K, 39% used [0x0000000700600000,0x000000070f8112e8,0x0000000726bd0000)
 PSPermGen       total 21248K, used 18432K [0x00000006fb400000, 0x00000006fc8c0000, 0x0000000700600000)
  object space 21248K, 86% used [0x00000006fb400000,0x00000006fc600278,0x00000006fc8c0000)
Event: 398.451 GC heap after
Heap after GC invocations=348 (full 25):
 PSYoungGen      total 335232K, used 19010K [0x00000007aacb0000, 0x00000007c57f0000, 0x0000000800000000)
  eden space 316160K, 0% used [0x00000007aacb0000,0x00000007aacb0000,0x00000007be170000)
  from space 19072K, 99% used [0x00000007be730000,0x00000007bf9c0a00,0x00000007bf9d0000)
  to   space 60672K, 0% used [0x00000007c1cb0000,0x00000007c1cb0000,0x00000007c57f0000)
 ParOldGen       total 628544K, used 247900K [0x0000000700600000, 0x0000000726bd0000, 0x00000007aacb0000)
  object space 628544K, 39% used [0x0000000700600000,0x000000070f8172e8,0x0000000726bd0000)
 PSPermGen       total 21248K, used 18432K [0x00000006fb400000, 0x00000006fc8c0000, 0x0000000700600000)
  object space 21248K, 86% used [0x00000006fb400000,0x00000006fc600278,0x00000006fc8c0000)
}
Event: 399.185 GC heap before
{Heap before GC invocations=349 (full 25):
 PSYoungGen      total 335232K, used 335170K [0x00000007aacb0000, 0x00000007c57f0000, 0x0000000800000000)
  eden space 316160K, 100% used [0x00000007aacb0000,0x00000007be170000,0x00000007be170000)
  from space 19072K, 99% used [0x00000007be730000,0x00000007bf9c0a00,0x00000007bf9d0000)
  to   space 60672K, 0% used [0x00000007c1cb0000,0x00000007c1cb0000,0x00000007c57f0000)
 ParOldGen       total 628544K, used 301282K [0x0000000700600000, 0x0000000726bd0000, 0x00000007aacb0000)
  object space 628544K, 47% used [0x0000000700600000,0x0000000712c38948,0x0000000726bd0000)
 PSPermGen       total 21248K, used 18456K [0x00000006fb400000, 0x00000006fc8c0000, 0x0000000700600000)
  object space 21248K, 86% used [0x00000006fb400000,0x00000006fc606280,0x00000006fc8c0000)
Event: 399.187 GC heap after
Heap after GC invocations=349 (full 25):
 PSYoungGen      total 364800K, used 192K [0x00000007aacb0000, 0x00000007c51c0000, 0x0000000800000000)
  eden space 310464K, 0% used [0x00000007aacb0000,0x00000007aacb0000,0x00000007bdbe0000)
  from space 54336K, 0% used [0x00000007c1cb0000,0x00000007c1ce0000,0x00000007c51c0000)
  to   space 60352K, 0% used [0x00000007bdbe0000,0x00000007bdbe0000,0x00000007c16d0000)
 ParOldGen       total 628544K, used 301298K [0x0000000700600000, 0x0000000726bd0000, 0x00000007aacb0000)
  object space 628544K, 47% used [0x0000000700600000,0x0000000712c3c948,0x0000000726bd0000)
 PSPermGen       total 21248K, used 18456K [0x00000006fb400000, 0x00000006fc8c0000, 0x0000000700600000)
  object space 21248K, 86% used [0x00000006fb400000,0x00000006fc606280,0x00000006fc8c0000)
}

