# JRE version: 7.0_07-b11
# Java VM: Java HotSpot(TM) 64-Bit Server VM (23.3-b01 mixed mode windows-amd64 compressed oops)
Heap
 PSYoungGen      total 230272K, used 228071K [0x00000007aacb0000, 0x00000007bbd70000, 0x0000000800000000)
  eden space 197440K, 100% used [0x00000007aacb0000,0x00000007b6d80000,0x00000007b6d80000)
  from space 32832K, 93% used [0x00000007b9240000,0x00000007bb029c50,0x00000007bb250000)
  to   space 37632K, 0% used [0x00000007b6d80000,0x00000007b6d80000,0x00000007b9240000)
 ParOldGen       total 373760K, used 367974K [0x0000000700600000, 0x0000000717300000, 0x00000007aacb0000)
  object space 373760K, 98% used [0x0000000700600000,0x0000000716d59b30,0x0000000717300000)
 PSPermGen       total 38720K, used 17763K [0x00000006fb400000, 0x00000006fd9d0000, 0x0000000700600000)
  object space 38720K, 45% used [0x00000006fb400000,0x00000006fc558c68,0x00000006fd9d0000)
GC Heap History (10 events):
Event: 8.501 GC heap before
{Heap before GC invocations=5 (full 1):
 PSYoungGen      total 141824K, used 141822K [0x00000007aacb0000, 0x00000007b41d0000, 0x0000000800000000)
  eden space 130944K, 100% used [0x00000007aacb0000,0x00000007b2c90000,0x00000007b2c90000)
  from space 10880K, 99% used [0x00000007b3730000,0x00000007b41cfaf0,0x00000007b41d0000)
  to   space 10880K, 0% used [0x00000007b2c90000,0x00000007b2c90000,0x00000007b3730000)
 ParOldGen       total 435968K, used 435196K [0x0000000700600000, 0x000000071afc0000, 0x00000007aacb0000)
  object space 435968K, 99% used [0x0000000700600000,0x000000071aeff3b0,0x000000071afc0000)
 PSPermGen       total 21248K, used 17712K [0x00000006fb400000, 0x00000006fc8c0000, 0x0000000700600000)
  object space 21248K, 83% used [0x00000006fb400000,0x00000006fc54c0d0,0x00000006fc8c0000)
Event: 8.570 GC heap after
Heap after GC invocations=5 (full 1):
 PSYoungGen      total 141824K, used 0K [0x00000007aacb0000, 0x00000007b41d0000, 0x0000000800000000)
  eden space 130944K, 0% used [0x00000007aacb0000,0x00000007aacb0000,0x00000007b2c90000)
  from space 10880K, 0% used [0x00000007b3730000,0x00000007b3730000,0x00000007b41d0000)
  to   space 10880K, 0% used [0x00000007b2c90000,0x00000007b2c90000,0x00000007b3730000)
 ParOldGen       total 132992K, used 27784K [0x0000000700600000, 0x00000007087e0000, 0x00000007aacb0000)
  object space 132992K, 20% used [0x0000000700600000,0x0000000702122200,0x00000007087e0000)
 PSPermGen       total 35712K, used 17705K [0x00000006fb400000, 0x00000006fd6e0000, 0x0000000700600000)
  object space 35712K, 49% used [0x00000006fb400000,0x00000006fc54a6d8,0x00000006fd6e0000)
}
Event: 11.352 GC heap before
{Heap before GC invocations=6 (full 2):
 PSYoungGen      total 141824K, used 129339K [0x00000007aacb0000, 0x00000007b41d0000, 0x0000000800000000)
  eden space 130944K, 98% used [0x00000007aacb0000,0x00000007b2afeff0,0x00000007b2c90000)
  from space 10880K, 0% used [0x00000007b3730000,0x00000007b3730000,0x00000007b41d0000)
  to   space 10880K, 0% used [0x00000007b2c90000,0x00000007b2c90000,0x00000007b3730000)
 ParOldGen       total 418752K, used 416585K [0x0000000700600000, 0x0000000719ef0000, 0x00000007aacb0000)
  object space 418752K, 99% used [0x0000000700600000,0x0000000719cd2600,0x0000000719ef0000)
 PSPermGen       total 35712K, used 17717K [0x00000006fb400000, 0x00000006fd6e0000, 0x0000000700600000)
  object space 35712K, 49% used [0x00000006fb400000,0x00000006fc54d478,0x00000006fd6e0000)
Event: 11.396 GC heap after
Heap after GC invocations=6 (full 2):
 PSYoungGen      total 141824K, used 0K [0x00000007aacb0000, 0x00000007b41d0000, 0x0000000800000000)
  eden space 130944K, 0% used [0x00000007aacb0000,0x00000007aacb0000,0x00000007b2c90000)
  from space 10880K, 0% used [0x00000007b3730000,0x00000007b3730000,0x00000007b41d0000)
  to   space 10880K, 0% used [0x00000007b2c90000,0x00000007b2c90000,0x00000007b3730000)
 ParOldGen       total 170176K, used 33875K [0x0000000700600000, 0x000000070ac30000, 0x00000007aacb0000)
  object space 170176K, 19% used [0x0000000700600000,0x0000000702714f08,0x000000070ac30000)
 PSPermGen       total 40384K, used 17717K [0x00000006fb400000, 0x00000006fdb70000, 0x0000000700600000)
  object space 40384K, 43% used [0x00000006fb400000,0x00000006fc54d438,0x00000006fdb70000)
}
Event: 14.221 GC heap before
{Heap before GC invocations=7 (full 3):
 PSYoungGen      total 141824K, used 128904K [0x00000007aacb0000, 0x00000007b41d0000, 0x0000000800000000)
  eden space 130944K, 98% used [0x00000007aacb0000,0x00000007b2a92320,0x00000007b2c90000)
  from space 10880K, 0% used [0x00000007b3730000,0x00000007b3730000,0x00000007b41d0000)
  to   space 10880K, 0% used [0x00000007b2c90000,0x00000007b2c90000,0x00000007b3730000)
 ParOldGen       total 419456K, used 416601K [0x0000000700600000, 0x0000000719fa0000, 0x00000007aacb0000)
  object space 419456K, 99% used [0x0000000700600000,0x0000000719cd66f8,0x0000000719fa0000)
 PSPermGen       total 40384K, used 17726K [0x00000006fb400000, 0x00000006fdb70000, 0x0000000700600000)
  object space 40384K, 43% used [0x00000006fb400000,0x00000006fc54faa0,0x00000006fdb70000)
Event: 14.268 GC heap after
Heap after GC invocations=7 (full 3):
 PSYoungGen      total 141824K, used 0K [0x00000007aacb0000, 0x00000007b41d0000, 0x0000000800000000)
  eden space 130944K, 0% used [0x00000007aacb0000,0x00000007aacb0000,0x00000007b2c90000)
  from space 10880K, 0% used [0x00000007b3730000,0x00000007b3730000,0x00000007b41d0000)
  to   space 10880K, 0% used [0x00000007b2c90000,0x00000007b2c90000,0x00000007b3730000)
 ParOldGen       total 179200K, used 15623K [0x0000000700600000, 0x000000070b500000, 0x00000007aacb0000)
  object space 179200K, 8% used [0x0000000700600000,0x0000000701541f90,0x000000070b500000)
 PSPermGen       total 38720K, used 17726K [0x00000006fb400000, 0x00000006fd9d0000, 0x0000000700600000)
  object space 38720K, 45% used [0x00000006fb400000,0x00000006fc54faa0,0x00000006fd9d0000)
}
Event: 14.987 GC heap before
{Heap before GC invocations=8 (full 3):
 PSYoungGen      total 141824K, used 128232K [0x00000007aacb0000, 0x00000007b41d0000, 0x0000000800000000)
  eden space 130944K, 97% used [0x00000007aacb0000,0x00000007b29ea078,0x00000007b2c90000)
  from space 10880K, 0% used [0x00000007b3730000,0x00000007b3730000,0x00000007b41d0000)
  to   space 10880K, 0% used [0x00000007b2c90000,0x00000007b2c90000,0x00000007b3730000)
 ParOldGen       total 179200K, used 15623K [0x0000000700600000, 0x000000070b500000, 0x00000007aacb0000)
  object space 179200K, 8% used [0x0000000700600000,0x0000000701541f90,0x000000070b500000)
 PSPermGen       total 38720K, used 17727K [0x00000006fb400000, 0x00000006fd9d0000, 0x0000000700600000)
  object space 38720K, 45% used [0x00000006fb400000,0x00000006fc54fff0,0x00000006fd9d0000)
Event: 14.992 GC heap after
Heap after GC invocations=8 (full 3):
 PSYoungGen      total 141824K, used 6363K [0x00000007aacb0000, 0x00000007bb250000, 0x0000000800000000)
  eden space 130944K, 0% used [0x00000007aacb0000,0x00000007aacb0000,0x00000007b2c90000)
  from space 10880K, 58% used [0x00000007b2c90000,0x00000007b32c6c10,0x00000007b3730000)
  to   space 32832K, 0% used [0x00000007b9240000,0x00000007b9240000,0x00000007bb250000)
 ParOldGen       total 179200K, used 45998K [0x0000000700600000, 0x000000070b500000, 0x00000007aacb0000)
  object space 179200K, 25% used [0x0000000700600000,0x00000007032ebbe0,0x000000070b500000)
 PSPermGen       total 38720K, used 17727K [0x00000006fb400000, 0x00000006fd9d0000, 0x0000000700600000)
  object space 38720K, 45% used [0x00000006fb400000,0x00000006fc54fff0,0x00000006fd9d0000)
}
Event: 15.685 GC heap before
{Heap before GC invocations=9 (full 3):
 PSYoungGen      total 141824K, used 134443K [0x00000007aacb0000, 0x00000007bb250000, 0x0000000800000000)
  eden space 130944K, 97% used [0x00000007aacb0000,0x00000007b29c4218,0x00000007b2c90000)
  from space 10880K, 58% used [0x00000007b2c90000,0x00000007b32c6c10,0x00000007b3730000)
  to   space 32832K, 0% used [0x00000007b9240000,0x00000007b9240000,0x00000007bb250000)
 ParOldGen       total 179200K, used 52073K [0x0000000700600000, 0x000000070b500000, 0x00000007aacb0000)
  object space 179200K, 29% used [0x0000000700600000,0x00000007038da7f0,0x000000070b500000)
 PSPermGen       total 38720K, used 17728K [0x00000006fb400000, 0x00000006fd9d0000, 0x0000000700600000)
  object space 38720K, 45% used [0x00000006fb400000,0x00000006fc550190,0x00000006fd9d0000)
Event: 15.693 GC heap after
Heap after GC invocations=9 (full 3):
 PSYoungGen      total 230272K, used 30631K [0x00000007aacb0000, 0x00000007bbd70000, 0x0000000800000000)
  eden space 197440K, 0% used [0x00000007aacb0000,0x00000007aacb0000,0x00000007b6d80000)
  from space 32832K, 93% used [0x00000007b9240000,0x00000007bb029c50,0x00000007bb250000)
  to   space 37632K, 0% used [0x00000007b6d80000,0x00000007b6d80000,0x00000007b9240000)
 ParOldGen       total 179200K, used 58149K [0x0000000700600000, 0x000000070b500000, 0x00000007aacb0000)
  object space 179200K, 32% used [0x0000000700600000,0x0000000703ec9400,0x000000070b500000)
 PSPermGen       total 38720K, used 17728K [0x00000006fb400000, 0x00000006fd9d0000, 0x0000000700600000)
  object space 38720K, 45% used [0x00000006fb400000,0x00000006fc550190,0x00000006fd9d0000)
}

