# JRE version: 7.0_07-b11
# Java VM: Java HotSpot(TM) 64-Bit Server VM (23.3-b01 mixed mode windows-amd64 compressed oops)
Heap
 PSYoungGen      total 618752K, used 357443K [0x00000007aacb0000, 0x00000007db1e0000, 0x0000000800000000)
  eden space 580928K, 61% used [0x00000007aacb0000,0x00000007c09c0f50,0x00000007ce400000)
  from space 37824K, 0% used [0x00000007ce400000,0x00000007ce400000,0x00000007d08f0000)
  to   space 38208K, 0% used [0x00000007d8c90000,0x00000007d8c90000,0x00000007db1e0000)
 ParOldGen       total 226176K, used 13961K [0x0000000700600000, 0x000000070e2e0000, 0x00000007aacb0000)
  object space 226176K, 6% used [0x0000000700600000,0x00000007013a24e8,0x000000070e2e0000)
 PSPermGen       total 38016K, used 18305K [0x00000006fb400000, 0x00000006fd920000, 0x0000000700600000)
  object space 38016K, 48% used [0x00000006fb400000,0x00000006fc5e0490,0x00000006fd920000)
GC Heap History (10 events):
Event: 17.337 GC heap before
{Heap before GC invocations=13 (full 3):
 PSYoungGen      total 401472K, used 395908K [0x00000007aacb0000, 0x00000007cbde0000, 0x0000000800000000)
  eden space 369024K, 98% used [0x00000007aacb0000,0x00000007c10a1700,0x00000007c1510000)
  from space 32448K, 96% used [0x00000007c1510000,0x00000007c33bf9e0,0x00000007c34c0000)
  to   space 35392K, 0% used [0x00000007c9b50000,0x00000007c9b50000,0x00000007cbde0000)
 ParOldGen       total 178176K, used 29509K [0x0000000700600000, 0x000000070b400000, 0x00000007aacb0000)
  object space 178176K, 16% used [0x0000000700600000,0x00000007022d1720,0x000000070b400000)
 PSPermGen       total 39616K, used 18261K [0x00000006fb400000, 0x00000006fdab0000, 0x0000000700600000)
  object space 39616K, 46% used [0x00000006fb400000,0x00000006fc5d54c0,0x00000006fdab0000)
Event: 17.345 GC heap after
Heap after GC invocations=13 (full 3):
 PSYoungGen      total 500352K, used 28764K [0x00000007aacb0000, 0x00000007cbbf0000, 0x0000000800000000)
  eden space 466944K, 0% used [0x00000007aacb0000,0x00000007aacb0000,0x00000007c74b0000)
  from space 33408K, 86% used [0x00000007c9b50000,0x00000007cb7672a0,0x00000007cbbf0000)
  to   space 36480K, 0% used [0x00000007c74b0000,0x00000007c74b0000,0x00000007c9850000)
 ParOldGen       total 178176K, used 29509K [0x0000000700600000, 0x000000070b400000, 0x00000007aacb0000)
  object space 178176K, 16% used [0x0000000700600000,0x00000007022d1720,0x000000070b400000)
 PSPermGen       total 39616K, used 18261K [0x00000006fb400000, 0x00000006fdab0000, 0x0000000700600000)
  object space 39616K, 46% used [0x00000006fb400000,0x00000006fc5d54c0,0x00000006fdab0000)
}
Event: 18.975 GC heap before
{Heap before GC invocations=14 (full 3):
 PSYoungGen      total 500352K, used 494296K [0x00000007aacb0000, 0x00000007cbbf0000, 0x0000000800000000)
  eden space 466944K, 99% used [0x00000007aacb0000,0x00000007c734ef60,0x00000007c74b0000)
  from space 33408K, 86% used [0x00000007c9b50000,0x00000007cb7672a0,0x00000007cbbf0000)
  to   space 36480K, 0% used [0x00000007c74b0000,0x00000007c74b0000,0x00000007c9850000)
 ParOldGen       total 178176K, used 29509K [0x0000000700600000, 0x000000070b400000, 0x00000007aacb0000)
  object space 178176K, 16% used [0x0000000700600000,0x00000007022d1720,0x000000070b400000)
 PSPermGen       total 39616K, used 18271K [0x00000006fb400000, 0x00000006fdab0000, 0x0000000700600000)
  object space 39616K, 46% used [0x00000006fb400000,0x00000006fc5d7f40,0x00000006fdab0000)
Event: 18.986 GC heap after
Heap after GC invocations=14 (full 3):
 PSYoungGen      total 503424K, used 28732K [0x00000007aacb0000, 0x00000007d33b0000, 0x0000000800000000)
  eden space 466944K, 0% used [0x00000007aacb0000,0x00000007aacb0000,0x00000007c74b0000)
  from space 36480K, 78% used [0x00000007c74b0000,0x00000007c90bf2a0,0x00000007c9850000)
  to   space 37248K, 0% used [0x00000007d0f50000,0x00000007d0f50000,0x00000007d33b0000)
 ParOldGen       total 178176K, used 29509K [0x0000000700600000, 0x000000070b400000, 0x00000007aacb0000)
  object space 178176K, 16% used [0x0000000700600000,0x00000007022d1720,0x000000070b400000)
 PSPermGen       total 39616K, used 18271K [0x00000006fb400000, 0x00000006fdab0000, 0x0000000700600000)
  object space 39616K, 46% used [0x00000006fb400000,0x00000006fc5d7f40,0x00000006fdab0000)
}
Event: 20.708 GC heap before
{Heap before GC invocations=15 (full 3):
 PSYoungGen      total 503424K, used 494446K [0x00000007aacb0000, 0x00000007d33b0000, 0x0000000800000000)
  eden space 466944K, 99% used [0x00000007aacb0000,0x00000007c737c728,0x00000007c74b0000)
  from space 36480K, 78% used [0x00000007c74b0000,0x00000007c90bf2a0,0x00000007c9850000)
  to   space 37248K, 0% used [0x00000007d0f50000,0x00000007d0f50000,0x00000007d33b0000)
 ParOldGen       total 178176K, used 29509K [0x0000000700600000, 0x000000070b400000, 0x00000007aacb0000)
  object space 178176K, 16% used [0x0000000700600000,0x00000007022d1720,0x000000070b400000)
 PSPermGen       total 39616K, used 18280K [0x00000006fb400000, 0x00000006fdab0000, 0x0000000700600000)
  object space 39616K, 46% used [0x00000006fb400000,0x00000006fc5da128,0x00000006fdab0000)
Event: 20.715 GC heap after
Heap after GC invocations=15 (full 3):
 PSYoungGen      total 612224K, used 28796K [0x00000007aacb0000, 0x00000007d2de0000, 0x0000000800000000)
  eden space 580928K, 0% used [0x00000007aacb0000,0x00000007aacb0000,0x00000007ce400000)
  from space 31296K, 92% used [0x00000007d0f50000,0x00000007d2b6f2a0,0x00000007d2de0000)
  to   space 37824K, 0% used [0x00000007ce400000,0x00000007ce400000,0x00000007d08f0000)
 ParOldGen       total 178176K, used 29509K [0x0000000700600000, 0x000000070b400000, 0x00000007aacb0000)
  object space 178176K, 16% used [0x0000000700600000,0x00000007022d1720,0x000000070b400000)
 PSPermGen       total 39616K, used 18280K [0x00000006fb400000, 0x00000006fdab0000, 0x0000000700600000)
  object space 39616K, 46% used [0x00000006fb400000,0x00000006fc5da128,0x00000006fdab0000)
}
Event: 22.862 GC heap before
{Heap before GC invocations=16 (full 3):
 PSYoungGen      total 612224K, used 608611K [0x00000007aacb0000, 0x00000007d2de0000, 0x0000000800000000)
  eden space 580928K, 99% used [0x00000007aacb0000,0x00000007ce2e99e8,0x00000007ce400000)
  from space 31296K, 92% used [0x00000007d0f50000,0x00000007d2b6f2a0,0x00000007d2de0000)
  to   space 37824K, 0% used [0x00000007ce400000,0x00000007ce400000,0x00000007d08f0000)
 ParOldGen       total 178176K, used 35584K [0x0000000700600000, 0x000000070b400000, 0x00000007aacb0000)
  object space 178176K, 19% used [0x0000000700600000,0x00000007028c0330,0x000000070b400000)
 PSPermGen       total 39616K, used 18292K [0x00000006fb400000, 0x00000006fdab0000, 0x0000000700600000)
  object space 39616K, 46% used [0x00000006fb400000,0x00000006fc5dd200,0x00000006fdab0000)
Event: 22.871 GC heap after
Heap after GC invocations=16 (full 3):
 PSYoungGen      total 618752K, used 28764K [0x00000007aacb0000, 0x00000007db1e0000, 0x0000000800000000)
  eden space 580928K, 0% used [0x00000007aacb0000,0x00000007aacb0000,0x00000007ce400000)
  from space 37824K, 76% used [0x00000007ce400000,0x00000007d00172a0,0x00000007d08f0000)
  to   space 38208K, 0% used [0x00000007d8c90000,0x00000007d8c90000,0x00000007db1e0000)
 ParOldGen       total 178176K, used 35584K [0x0000000700600000, 0x000000070b400000, 0x00000007aacb0000)
  object space 178176K, 19% used [0x0000000700600000,0x00000007028c0330,0x000000070b400000)
 PSPermGen       total 39616K, used 18292K [0x00000006fb400000, 0x00000006fdab0000, 0x0000000700600000)
  object space 39616K, 46% used [0x00000006fb400000,0x00000006fc5dd200,0x00000006fdab0000)
}
Event: 25.980 GC heap before
{Heap before GC invocations=17 (full 4):
 PSYoungGen      total 618752K, used 608807K [0x00000007aacb0000, 0x00000007db1e0000, 0x0000000800000000)
  eden space 580928K, 99% used [0x00000007aacb0000,0x00000007ce322a48,0x00000007ce400000)
  from space 37824K, 76% used [0x00000007ce400000,0x00000007d00172a0,0x00000007d08f0000)
  to   space 38208K, 0% used [0x00000007d8c90000,0x00000007d8c90000,0x00000007db1e0000)
 ParOldGen       total 334208K, used 333260K [0x0000000700600000, 0x0000000714c60000, 0x00000007aacb0000)
  object space 334208K, 99% used [0x0000000700600000,0x0000000714b73320,0x0000000714c60000)
 PSPermGen       total 39616K, used 18297K [0x00000006fb400000, 0x00000006fdab0000, 0x0000000700600000)
  object space 39616K, 46% used [0x00000006fb400000,0x00000006fc5de580,0x00000006fdab0000)
Event: 26.018 GC heap after
Heap after GC invocations=17 (full 4):
 PSYoungGen      total 618752K, used 0K [0x00000007aacb0000, 0x00000007db1e0000, 0x0000000800000000)
  eden space 580928K, 0% used [0x00000007aacb0000,0x00000007aacb0000,0x00000007ce400000)
  from space 37824K, 0% used [0x00000007ce400000,0x00000007ce400000,0x00000007d08f0000)
  to   space 38208K, 0% used [0x00000007d8c90000,0x00000007d8c90000,0x00000007db1e0000)
 ParOldGen       total 226176K, used 13961K [0x0000000700600000, 0x000000070e2e0000, 0x00000007aacb0000)
  object space 226176K, 6% used [0x0000000700600000,0x00000007013a24e8,0x000000070e2e0000)
 PSPermGen       total 38016K, used 18297K [0x00000006fb400000, 0x00000006fd920000, 0x0000000700600000)
  object space 38016K, 48% used [0x00000006fb400000,0x00000006fc5de500,0x00000006fd920000)
}

