# JRE version: 7.0_07-b11
# Java VM: Java HotSpot(TM) 64-Bit Server VM (23.3-b01 mixed mode windows-amd64 compressed oops)
Heap
 PSYoungGen      total 846080K, used 369932K [0x00000007aacb0000, 0x00000007e4710000, 0x0000000800000000)
  eden space 798528K, 44% used [0x00000007aacb0000,0x00000007c03e6e50,0x00000007db880000)
  from space 47552K, 38% used [0x00000007db880000,0x00000007dca8c430,0x00000007de6f0000)
  to   space 45568K, 0% used [0x00000007e1a90000,0x00000007e1a90000,0x00000007e4710000)
 ParOldGen       total 519808K, used 242212K [0x0000000700600000, 0x00000007201a0000, 0x00000007aacb0000)
  object space 519808K, 46% used [0x0000000700600000,0x000000070f2890d0,0x00000007201a0000)
 PSPermGen       total 32256K, used 18105K [0x00000006fb400000, 0x00000006fd380000, 0x0000000700600000)
  object space 32256K, 56% used [0x00000006fb400000,0x00000006fc5ae4b8,0x00000006fd380000)
GC Heap History (10 events):
Event: 27.154 GC heap before
{Heap before GC invocations=28 (full 6):
 PSYoungGen      total 752704K, used 729505K [0x00000007aacb0000, 0x00000007de780000, 0x0000000800000000)
  eden space 708288K, 99% used [0x00000007aacb0000,0x00000007d6058848,0x00000007d6060000)
  from space 44416K, 47% used [0x00000007d6060000,0x00000007d751fe20,0x00000007d8bc0000)
  to   space 43712K, 0% used [0x00000007dbcd0000,0x00000007dbcd0000,0x00000007de780000)
 ParOldGen       total 437568K, used 414716K [0x0000000700600000, 0x000000071b150000, 0x00000007aacb0000)
  object space 437568K, 94% used [0x0000000700600000,0x0000000719aff048,0x000000071b150000)
 PSPermGen       total 33984K, used 18042K [0x00000006fb400000, 0x00000006fd530000, 0x0000000700600000)
  object space 33984K, 53% used [0x00000006fb400000,0x00000006fc59e9d0,0x00000006fd530000)
Event: 27.156 GC heap after
Heap after GC invocations=28 (full 6):
 PSYoungGen      total 790016K, used 573K [0x00000007aacb0000, 0x00000007de100000, 0x0000000800000000)
  eden space 752960K, 0% used [0x00000007aacb0000,0x00000007aacb0000,0x00000007d8c00000)
  from space 37056K, 1% used [0x00000007dbcd0000,0x00000007dbd5f488,0x00000007de100000)
  to   space 43520K, 0% used [0x00000007d8c00000,0x00000007d8c00000,0x00000007db680000)
 ParOldGen       total 437568K, used 414716K [0x0000000700600000, 0x000000071b150000, 0x00000007aacb0000)
  object space 437568K, 94% used [0x0000000700600000,0x0000000719aff048,0x000000071b150000)
 PSPermGen       total 33984K, used 18042K [0x00000006fb400000, 0x00000006fd530000, 0x0000000700600000)
  object space 33984K, 53% used [0x00000006fb400000,0x00000006fc59e9d0,0x00000006fd530000)
}
Event: 28.450 GC heap before
{Heap before GC invocations=29 (full 7):
 PSYoungGen      total 790016K, used 753263K [0x00000007aacb0000, 0x00000007de100000, 0x0000000800000000)
  eden space 752960K, 99% used [0x00000007aacb0000,0x00000007d8bbc8b0,0x00000007d8c00000)
  from space 37056K, 1% used [0x00000007dbcd0000,0x00000007dbd5f488,0x00000007de100000)
  to   space 43520K, 0% used [0x00000007d8c00000,0x00000007d8c00000,0x00000007db680000)
 ParOldGen       total 437568K, used 422816K [0x0000000700600000, 0x000000071b150000, 0x00000007aacb0000)
  object space 437568K, 96% used [0x0000000700600000,0x000000071a2e8068,0x000000071b150000)
 PSPermGen       total 33984K, used 18044K [0x00000006fb400000, 0x00000006fd530000, 0x0000000700600000)
  object space 33984K, 53% used [0x00000006fb400000,0x00000006fc59f048,0x00000006fd530000)
Event: 28.478 GC heap after
Heap after GC invocations=29 (full 7):
 PSYoungGen      total 790016K, used 0K [0x00000007aacb0000, 0x00000007de100000, 0x0000000800000000)
  eden space 752960K, 0% used [0x00000007aacb0000,0x00000007aacb0000,0x00000007d8c00000)
  from space 37056K, 0% used [0x00000007dbcd0000,0x00000007dbcd0000,0x00000007de100000)
  to   space 43520K, 0% used [0x00000007d8c00000,0x00000007d8c00000,0x00000007db680000)
 ParOldGen       total 519808K, used 43380K [0x0000000700600000, 0x00000007201a0000, 0x00000007aacb0000)
  object space 519808K, 8% used [0x0000000700600000,0x000000070305d3c8,0x00000007201a0000)
 PSPermGen       total 32256K, used 18043K [0x00000006fb400000, 0x00000006fd380000, 0x0000000700600000)
  object space 32256K, 55% used [0x00000006fb400000,0x00000006fc59efe8,0x00000006fd380000)
}
Event: 29.900 GC heap before
{Heap before GC invocations=30 (full 7):
 PSYoungGen      total 790016K, used 752960K [0x00000007aacb0000, 0x00000007de100000, 0x0000000800000000)
  eden space 752960K, 100% used [0x00000007aacb0000,0x00000007d8c00000,0x00000007d8c00000)
  from space 37056K, 0% used [0x00000007dbcd0000,0x00000007dbcd0000,0x00000007de100000)
  to   space 43520K, 0% used [0x00000007d8c00000,0x00000007d8c00000,0x00000007db680000)
 ParOldGen       total 519808K, used 124978K [0x0000000700600000, 0x00000007201a0000, 0x00000007aacb0000)
  object space 519808K, 24% used [0x0000000700600000,0x000000070800c800,0x00000007201a0000)
 PSPermGen       total 32256K, used 18063K [0x00000006fb400000, 0x00000006fd380000, 0x0000000700600000)
  object space 32256K, 56% used [0x00000006fb400000,0x00000006fc5a3e38,0x00000006fd380000)
Event: 29.903 GC heap after
Heap after GC invocations=30 (full 7):
 PSYoungGen      total 796480K, used 224K [0x00000007aacb0000, 0x00000007e1100000, 0x0000000800000000)
  eden space 752960K, 0% used [0x00000007aacb0000,0x00000007aacb0000,0x00000007d8c00000)
  from space 43520K, 0% used [0x00000007d8c00000,0x00000007d8c38000,0x00000007db680000)
  to   space 43072K, 0% used [0x00000007de6f0000,0x00000007de6f0000,0x00000007e1100000)
 ParOldGen       total 519808K, used 124978K [0x0000000700600000, 0x00000007201a0000, 0x00000007aacb0000)
  object space 519808K, 24% used [0x0000000700600000,0x000000070800c800,0x00000007201a0000)
 PSPermGen       total 32256K, used 18063K [0x00000006fb400000, 0x00000006fd380000, 0x0000000700600000)
  object space 32256K, 56% used [0x00000006fb400000,0x00000006fc5a3e38,0x00000006fd380000)
}
Event: 31.251 GC heap before
{Heap before GC invocations=31 (full 7):
 PSYoungGen      total 796480K, used 751267K [0x00000007aacb0000, 0x00000007e1100000, 0x0000000800000000)
  eden space 752960K, 99% used [0x00000007aacb0000,0x00000007d8a20eb8,0x00000007d8c00000)
  from space 43520K, 0% used [0x00000007d8c00000,0x00000007d8c38000,0x00000007db680000)
  to   space 43072K, 0% used [0x00000007de6f0000,0x00000007de6f0000,0x00000007e1100000)
 ParOldGen       total 519808K, used 131053K [0x0000000700600000, 0x00000007201a0000, 0x00000007aacb0000)
  object space 519808K, 25% used [0x0000000700600000,0x00000007085fb410,0x00000007201a0000)
 PSPermGen       total 32256K, used 18067K [0x00000006fb400000, 0x00000006fd380000, 0x0000000700600000)
  object space 32256K, 56% used [0x00000006fb400000,0x00000006fc5a4f48,0x00000006fd380000)
Event: 31.258 GC heap after
Heap after GC invocations=31 (full 7):
 PSYoungGen      total 841600K, used 33259K [0x00000007aacb0000, 0x00000007e2980000, 0x0000000800000000)
  eden space 798528K, 0% used [0x00000007aacb0000,0x00000007aacb0000,0x00000007db880000)
  from space 43072K, 77% used [0x00000007de6f0000,0x00000007e076af48,0x00000007e1100000)
  to   space 47552K, 0% used [0x00000007db880000,0x00000007db880000,0x00000007de6f0000)
 ParOldGen       total 519808K, used 131053K [0x0000000700600000, 0x00000007201a0000, 0x00000007aacb0000)
  object space 519808K, 25% used [0x0000000700600000,0x00000007085fb410,0x00000007201a0000)
 PSPermGen       total 32256K, used 18067K [0x00000006fb400000, 0x00000006fd380000, 0x0000000700600000)
  object space 32256K, 56% used [0x00000006fb400000,0x00000006fc5a4f48,0x00000006fd380000)
}
Event: 32.899 GC heap before
{Heap before GC invocations=32 (full 7):
 PSYoungGen      total 841600K, used 831772K [0x00000007aacb0000, 0x00000007e2980000, 0x0000000800000000)
  eden space 798528K, 99% used [0x00000007aacb0000,0x00000007db87c298,0x00000007db880000)
  from space 43072K, 77% used [0x00000007de6f0000,0x00000007e076af48,0x00000007e1100000)
  to   space 47552K, 0% used [0x00000007db880000,0x00000007db880000,0x00000007de6f0000)
 ParOldGen       total 519808K, used 242212K [0x0000000700600000, 0x00000007201a0000, 0x00000007aacb0000)
  object space 519808K, 46% used [0x0000000700600000,0x000000070f2890d0,0x00000007201a0000)
 PSPermGen       total 32256K, used 18074K [0x00000006fb400000, 0x00000006fd380000, 0x0000000700600000)
  object space 32256K, 56% used [0x00000006fb400000,0x00000006fc5a68d8,0x00000006fd380000)
Event: 32.905 GC heap after
Heap after GC invocations=32 (full 7):
 PSYoungGen      total 846080K, used 18481K [0x00000007aacb0000, 0x00000007e4710000, 0x0000000800000000)
  eden space 798528K, 0% used [0x00000007aacb0000,0x00000007aacb0000,0x00000007db880000)
  from space 47552K, 38% used [0x00000007db880000,0x00000007dca8c430,0x00000007de6f0000)
  to   space 45568K, 0% used [0x00000007e1a90000,0x00000007e1a90000,0x00000007e4710000)
 ParOldGen       total 519808K, used 242212K [0x0000000700600000, 0x00000007201a0000, 0x00000007aacb0000)
  object space 519808K, 46% used [0x0000000700600000,0x000000070f2890d0,0x00000007201a0000)
 PSPermGen       total 32256K, used 18074K [0x00000006fb400000, 0x00000006fd380000, 0x0000000700600000)
  object space 32256K, 56% used [0x00000006fb400000,0x00000006fc5a68d8,0x00000006fd380000)
}

