# JRE version: 7.0_07-b11
# Java VM: Java HotSpot(TM) 64-Bit Server VM (23.3-b01 mixed mode windows-amd64 compressed oops)
Heap
 PSYoungGen      total 243072K, used 164059K [0x00000007aacb0000, 0x00000007bdda0000, 0x0000000800000000)
  eden space 232384K, 66% used [0x00000007aacb0000,0x00000007b4281b08,0x00000007b8fa0000)
  from space 10688K, 99% used [0x00000007b9bc0000,0x00000007ba625180,0x00000007ba630000)
  to   space 39936K, 0% used [0x00000007bb6a0000,0x00000007bb6a0000,0x00000007bdda0000)
 ParOldGen       total 196992K, used 41334K [0x0000000700600000, 0x000000070c660000, 0x00000007aacb0000)
  object space 196992K, 20% used [0x0000000700600000,0x0000000702e5db98,0x000000070c660000)
 PSPermGen       total 40448K, used 17969K [0x00000006fb400000, 0x00000006fdb80000, 0x0000000700600000)
  object space 40448K, 44% used [0x00000006fb400000,0x00000006fc58c788,0x00000006fdb80000)
GC Heap History (10 events):
Event: 6.367 GC heap before
{Heap before GC invocations=5 (full 0):
 PSYoungGen      total 141824K, used 139447K [0x00000007aacb0000, 0x00000007b41d0000, 0x0000000800000000)
  eden space 130944K, 98% used [0x00000007aacb0000,0x00000007b2a64360,0x00000007b2c90000)
  from space 10880K, 98% used [0x00000007b3730000,0x00000007b41a9a00,0x00000007b41d0000)
  to   space 10880K, 0% used [0x00000007b2c90000,0x00000007b2c90000,0x00000007b3730000)
 ParOldGen       total 174528K, used 71979K [0x0000000700600000, 0x000000070b070000, 0x00000007aacb0000)
  object space 174528K, 41% used [0x0000000700600000,0x0000000704c4adc0,0x000000070b070000)
 PSPermGen       total 21248K, used 17944K [0x00000006fb400000, 0x00000006fc8c0000, 0x0000000700600000)
  object space 21248K, 84% used [0x00000006fb400000,0x00000006fc586328,0x00000006fc8c0000)
Event: 6.372 GC heap after
Heap after GC invocations=5 (full 0):
 PSYoungGen      total 141824K, used 8412K [0x00000007aacb0000, 0x00000007bf5f0000, 0x0000000800000000)
  eden space 130944K, 0% used [0x00000007aacb0000,0x00000007aacb0000,0x00000007b2c90000)
  from space 10880K, 77% used [0x00000007b2c90000,0x00000007b34c7220,0x00000007b3730000)
  to   space 37632K, 0% used [0x00000007bd130000,0x00000007bd130000,0x00000007bf5f0000)
 ParOldGen       total 174528K, used 78813K [0x0000000700600000, 0x000000070b070000, 0x00000007aacb0000)
  object space 174528K, 45% used [0x0000000700600000,0x00000007052f7760,0x000000070b070000)
 PSPermGen       total 21248K, used 17944K [0x00000006fb400000, 0x00000006fc8c0000, 0x0000000700600000)
  object space 21248K, 84% used [0x00000006fb400000,0x00000006fc586328,0x00000006fc8c0000)
}
Event: 6.900 GC heap before
{Heap before GC invocations=6 (full 1):
 PSYoungGen      total 141824K, used 139356K [0x00000007aacb0000, 0x00000007bf5f0000, 0x0000000800000000)
  eden space 130944K, 100% used [0x00000007aacb0000,0x00000007b2c90000,0x00000007b2c90000)
  from space 10880K, 77% used [0x00000007b2c90000,0x00000007b34c7220,0x00000007b3730000)
  to   space 37632K, 0% used [0x00000007bd130000,0x00000007bd130000,0x00000007bf5f0000)
 ParOldGen       total 186688K, used 181627K [0x0000000700600000, 0x000000070bc50000, 0x00000007aacb0000)
  object space 186688K, 97% used [0x0000000700600000,0x000000070b75ecc0,0x000000070bc50000)
 PSPermGen       total 21248K, used 17952K [0x00000006fb400000, 0x00000006fc8c0000, 0x0000000700600000)
  object space 21248K, 84% used [0x00000006fb400000,0x00000006fc5882e8,0x00000006fc8c0000)
Event: 6.940 GC heap after
Heap after GC invocations=6 (full 1):
 PSYoungGen      total 141824K, used 0K [0x00000007aacb0000, 0x00000007bf5f0000, 0x0000000800000000)
  eden space 130944K, 0% used [0x00000007aacb0000,0x00000007aacb0000,0x00000007b2c90000)
  from space 10880K, 0% used [0x00000007b2c90000,0x00000007b2c90000,0x00000007b3730000)
  to   space 37632K, 0% used [0x00000007bd130000,0x00000007bd130000,0x00000007bf5f0000)
 ParOldGen       total 145728K, used 29333K [0x0000000700600000, 0x0000000709450000, 0x00000007aacb0000)
  object space 145728K, 20% used [0x0000000700600000,0x00000007022a5490,0x0000000709450000)
 PSPermGen       total 36160K, used 17946K [0x00000006fb400000, 0x00000006fd750000, 0x0000000700600000)
  object space 36160K, 49% used [0x00000006fb400000,0x00000006fc586890,0x00000006fd750000)
}
Event: 7.464 GC heap before
{Heap before GC invocations=7 (full 2):
 PSYoungGen      total 141824K, used 130944K [0x00000007aacb0000, 0x00000007bf5f0000, 0x0000000800000000)
  eden space 130944K, 100% used [0x00000007aacb0000,0x00000007b2c90000,0x00000007b2c90000)
  from space 10880K, 0% used [0x00000007b2c90000,0x00000007b2c90000,0x00000007b3730000)
  to   space 37632K, 0% used [0x00000007bd130000,0x00000007bd130000,0x00000007bf5f0000)
 ParOldGen       total 163968K, used 163028K [0x0000000700600000, 0x000000070a620000, 0x00000007aacb0000)
  object space 163968K, 99% used [0x0000000700600000,0x000000070a535080,0x000000070a620000)
 PSPermGen       total 36160K, used 17952K [0x00000006fb400000, 0x00000006fd750000, 0x0000000700600000)
  object space 36160K, 49% used [0x00000006fb400000,0x00000006fc5882b8,0x00000006fd750000)
Event: 7.487 GC heap after
Heap after GC invocations=7 (full 2):
 PSYoungGen      total 141824K, used 0K [0x00000007aacb0000, 0x00000007bf5f0000, 0x0000000800000000)
  eden space 130944K, 0% used [0x00000007aacb0000,0x00000007aacb0000,0x00000007b2c90000)
  from space 10880K, 0% used [0x00000007b2c90000,0x00000007b2c90000,0x00000007b3730000)
  to   space 37632K, 0% used [0x00000007bd130000,0x00000007bd130000,0x00000007bf5f0000)
 ParOldGen       total 196992K, used 29184K [0x0000000700600000, 0x000000070c660000, 0x00000007aacb0000)
  object space 196992K, 14% used [0x0000000700600000,0x0000000702280378,0x000000070c660000)
 PSPermGen       total 40448K, used 17952K [0x00000006fb400000, 0x00000006fdb80000, 0x0000000700600000)
  object space 40448K, 44% used [0x00000006fb400000,0x00000006fc588278,0x00000006fdb80000)
}
Event: 7.745 GC heap before
{Heap before GC invocations=8 (full 2):
 PSYoungGen      total 141824K, used 130060K [0x00000007aacb0000, 0x00000007bf5f0000, 0x0000000800000000)
  eden space 130944K, 99% used [0x00000007aacb0000,0x00000007b2bb33b8,0x00000007b2c90000)
  from space 10880K, 0% used [0x00000007b2c90000,0x00000007b2c90000,0x00000007b3730000)
  to   space 37632K, 0% used [0x00000007bd130000,0x00000007bd130000,0x00000007bf5f0000)
 ParOldGen       total 196992K, used 29184K [0x0000000700600000, 0x000000070c660000, 0x00000007aacb0000)
  object space 196992K, 14% used [0x0000000700600000,0x0000000702280378,0x000000070c660000)
 PSPermGen       total 40448K, used 17952K [0x00000006fb400000, 0x00000006fdb80000, 0x0000000700600000)
  object space 40448K, 44% used [0x00000006fb400000,0x00000006fc5883a8,0x00000006fdb80000)
Event: 7.752 GC heap after
Heap after GC invocations=8 (full 2):
 PSYoungGen      total 204736K, used 29070K [0x00000007aacb0000, 0x00000007beda0000, 0x0000000800000000)
  eden space 175616K, 0% used [0x00000007aacb0000,0x00000007aacb0000,0x00000007b5830000)
  from space 29120K, 99% used [0x00000007bd130000,0x00000007bed938c0,0x00000007beda0000)
  to   space 41920K, 0% used [0x00000007b9bc0000,0x00000007b9bc0000,0x00000007bc4b0000)
 ParOldGen       total 196992K, used 29184K [0x0000000700600000, 0x000000070c660000, 0x00000007aacb0000)
  object space 196992K, 14% used [0x0000000700600000,0x0000000702280378,0x000000070c660000)
 PSPermGen       total 40448K, used 17952K [0x00000006fb400000, 0x00000006fdb80000, 0x0000000700600000)
  object space 40448K, 44% used [0x00000006fb400000,0x00000006fc5883a8,0x00000006fdb80000)
}
Event: 8.098 GC heap before
{Heap before GC invocations=9 (full 2):
 PSYoungGen      total 204736K, used 199253K [0x00000007aacb0000, 0x00000007beda0000, 0x0000000800000000)
  eden space 175616K, 96% used [0x00000007aacb0000,0x00000007b52e1f18,0x00000007b5830000)
  from space 29120K, 99% used [0x00000007bd130000,0x00000007bed938c0,0x00000007beda0000)
  to   space 41920K, 0% used [0x00000007b9bc0000,0x00000007b9bc0000,0x00000007bc4b0000)
 ParOldGen       total 196992K, used 41334K [0x0000000700600000, 0x000000070c660000, 0x00000007aacb0000)
  object space 196992K, 20% used [0x0000000700600000,0x0000000702e5db98,0x000000070c660000)
 PSPermGen       total 40448K, used 17953K [0x00000006fb400000, 0x00000006fdb80000, 0x0000000700600000)
  object space 40448K, 44% used [0x00000006fb400000,0x00000006fc588498,0x00000006fdb80000)
Event: 8.102 GC heap after
Heap after GC invocations=9 (full 2):
 PSYoungGen      total 243072K, used 10644K [0x00000007aacb0000, 0x00000007bdda0000, 0x0000000800000000)
  eden space 232384K, 0% used [0x00000007aacb0000,0x00000007aacb0000,0x00000007b8fa0000)
  from space 10688K, 99% used [0x00000007b9bc0000,0x00000007ba625180,0x00000007ba630000)
  to   space 39936K, 0% used [0x00000007bb6a0000,0x00000007bb6a0000,0x00000007bdda0000)
 ParOldGen       total 196992K, used 41334K [0x0000000700600000, 0x000000070c660000, 0x00000007aacb0000)
  object space 196992K, 20% used [0x0000000700600000,0x0000000702e5db98,0x000000070c660000)
 PSPermGen       total 40448K, used 17953K [0x00000006fb400000, 0x00000006fdb80000, 0x0000000700600000)
  object space 40448K, 44% used [0x00000006fb400000,0x00000006fc588498,0x00000006fdb80000)
}

