# JRE version: 7.0_07-b11
# Java VM: Java HotSpot(TM) 64-Bit Server VM (23.3-b01 mixed mode windows-amd64 compressed oops)
Heap
 PSYoungGen      total 570560K, used 383678K [0x00000007aacb0000, 0x00000007d66f0000, 0x0000000800000000)
  eden space 507904K, 69% used [0x00000007aacb0000,0x00000007c0657938,0x00000007c9cb0000)
  from space 62656K, 47% used [0x00000007c9cb0000,0x00000007cb9b8288,0x00000007cd9e0000)
  to   space 59456K, 0% used [0x00000007d2ce0000,0x00000007d2ce0000,0x00000007d66f0000)
 ParOldGen       total 244672K, used 130904K [0x0000000700600000, 0x000000070f4f0000, 0x00000007aacb0000)
  object space 244672K, 53% used [0x0000000700600000,0x00000007085d6138,0x000000070f4f0000)
 PSPermGen       total 37632K, used 18036K [0x00000006fb400000, 0x00000006fd8c0000, 0x0000000700600000)
  object space 37632K, 47% used [0x00000006fb400000,0x00000006fc59d300,0x00000006fd8c0000)
GC Heap History (10 events):
Event: 14.283 GC heap before
{Heap before GC invocations=17 (full 4):
 PSYoungGen      total 375680K, used 314782K [0x00000007aacb0000, 0x00000007c5a60000, 0x0000000800000000)
  eden space 319424K, 98% used [0x00000007aacb0000,0x00000007be017bd8,0x00000007be4a0000)
  from space 56256K, 0% used [0x00000007c2370000,0x00000007c2370000,0x00000007c5a60000)
  to   space 60288K, 0% used [0x00000007be4a0000,0x00000007be4a0000,0x00000007c1f80000)
 ParOldGen       total 244672K, used 35131K [0x0000000700600000, 0x000000070f4f0000, 0x00000007aacb0000)
  object space 244672K, 14% used [0x0000000700600000,0x000000070284efc0,0x000000070f4f0000)
 PSPermGen       total 37632K, used 17992K [0x00000006fb400000, 0x00000006fd8c0000, 0x0000000700600000)
  object space 37632K, 47% used [0x00000006fb400000,0x00000006fc592098,0x00000006fd8c0000)
Event: 14.288 GC heap after
Heap after GC invocations=17 (full 4):
 PSYoungGen      total 379712K, used 25420K [0x00000007aacb0000, 0x00000007cad10000, 0x0000000800000000)
  eden space 319424K, 0% used [0x00000007aacb0000,0x00000007aacb0000,0x00000007be4a0000)
  from space 60288K, 42% used [0x00000007be4a0000,0x00000007bfd730e0,0x00000007c1f80000)
  to   space 57216K, 0% used [0x00000007c7530000,0x00000007c7530000,0x00000007cad10000)
 ParOldGen       total 244672K, used 35131K [0x0000000700600000, 0x000000070f4f0000, 0x00000007aacb0000)
  object space 244672K, 14% used [0x0000000700600000,0x000000070284efc0,0x000000070f4f0000)
 PSPermGen       total 37632K, used 17992K [0x00000006fb400000, 0x00000006fd8c0000, 0x0000000700600000)
  object space 37632K, 47% used [0x00000006fb400000,0x00000006fc592098,0x00000006fd8c0000)
}
Event: 14.872 GC heap before
{Heap before GC invocations=18 (full 4):
 PSYoungGen      total 379712K, used 340331K [0x00000007aacb0000, 0x00000007cad10000, 0x0000000800000000)
  eden space 319424K, 98% used [0x00000007aacb0000,0x00000007be037e48,0x00000007be4a0000)
  from space 60288K, 42% used [0x00000007be4a0000,0x00000007bfd730e0,0x00000007c1f80000)
  to   space 57216K, 0% used [0x00000007c7530000,0x00000007c7530000,0x00000007cad10000)
 ParOldGen       total 244672K, used 41206K [0x0000000700600000, 0x000000070f4f0000, 0x00000007aacb0000)
  object space 244672K, 16% used [0x0000000700600000,0x0000000702e3dbd0,0x000000070f4f0000)
 PSPermGen       total 37632K, used 17994K [0x00000006fb400000, 0x00000006fd8c0000, 0x0000000700600000)
  object space 37632K, 47% used [0x00000006fb400000,0x00000006fc592960,0x00000006fd8c0000)
Event: 14.880 GC heap after
Heap after GC invocations=18 (full 4):
 PSYoungGen      total 466880K, used 35803K [0x00000007aacb0000, 0x00000007cad20000, 0x0000000800000000)
  eden space 409664K, 0% used [0x00000007aacb0000,0x00000007aacb0000,0x00000007c3cc0000)
  from space 57216K, 62% used [0x00000007c7530000,0x00000007c9826eb8,0x00000007cad10000)
  to   space 57536K, 0% used [0x00000007c3cc0000,0x00000007c3cc0000,0x00000007c74f0000)
 ParOldGen       total 244672K, used 41206K [0x0000000700600000, 0x000000070f4f0000, 0x00000007aacb0000)
  object space 244672K, 16% used [0x0000000700600000,0x0000000702e3dbd0,0x000000070f4f0000)
 PSPermGen       total 37632K, used 17994K [0x00000006fb400000, 0x00000006fd8c0000, 0x0000000700600000)
  object space 37632K, 47% used [0x00000006fb400000,0x00000006fc592960,0x00000006fd8c0000)
}
Event: 15.839 GC heap before
{Heap before GC invocations=19 (full 4):
 PSYoungGen      total 466880K, used 445467K [0x00000007aacb0000, 0x00000007cad20000, 0x0000000800000000)
  eden space 409664K, 100% used [0x00000007aacb0000,0x00000007c3cc0000,0x00000007c3cc0000)
  from space 57216K, 62% used [0x00000007c7530000,0x00000007c9826eb8,0x00000007cad10000)
  to   space 57536K, 0% used [0x00000007c3cc0000,0x00000007c3cc0000,0x00000007c74f0000)
 ParOldGen       total 244672K, used 122804K [0x0000000700600000, 0x000000070f4f0000, 0x00000007aacb0000)
  object space 244672K, 50% used [0x0000000700600000,0x0000000707ded118,0x000000070f4f0000)
 PSPermGen       total 37632K, used 17998K [0x00000006fb400000, 0x00000006fd8c0000, 0x0000000700600000)
  object space 37632K, 47% used [0x00000006fb400000,0x00000006fc593888,0x00000006fd8c0000)
Event: 15.844 GC heap after
Heap after GC invocations=19 (full 4):
 PSYoungGen      total 467200K, used 18481K [0x00000007aacb0000, 0x00000007d10b0000, 0x0000000800000000)
  eden space 409664K, 0% used [0x00000007aacb0000,0x00000007aacb0000,0x00000007c3cc0000)
  from space 57536K, 32% used [0x00000007c3cc0000,0x00000007c4ecc430,0x00000007c74f0000)
  to   space 56128K, 0% used [0x00000007cd9e0000,0x00000007cd9e0000,0x00000007d10b0000)
 ParOldGen       total 244672K, used 122804K [0x0000000700600000, 0x000000070f4f0000, 0x00000007aacb0000)
  object space 244672K, 50% used [0x0000000700600000,0x0000000707ded118,0x000000070f4f0000)
 PSPermGen       total 37632K, used 17998K [0x00000006fb400000, 0x00000006fd8c0000, 0x0000000700600000)
  object space 37632K, 47% used [0x00000006fb400000,0x00000006fc593888,0x00000006fd8c0000)
}
Event: 16.619 GC heap before
{Heap before GC invocations=20 (full 4):
 PSYoungGen      total 467200K, used 427362K [0x00000007aacb0000, 0x00000007d10b0000, 0x0000000800000000)
  eden space 409664K, 99% used [0x00000007aacb0000,0x00000007c3bfc4b8,0x00000007c3cc0000)
  from space 57536K, 32% used [0x00000007c3cc0000,0x00000007c4ecc430,0x00000007c74f0000)
  to   space 56128K, 0% used [0x00000007cd9e0000,0x00000007cd9e0000,0x00000007d10b0000)
 ParOldGen       total 244672K, used 122804K [0x0000000700600000, 0x000000070f4f0000, 0x00000007aacb0000)
  object space 244672K, 50% used [0x0000000700600000,0x0000000707ded118,0x000000070f4f0000)
 PSPermGen       total 37632K, used 18003K [0x00000006fb400000, 0x00000006fd8c0000, 0x0000000700600000)
  object space 37632K, 47% used [0x00000006fb400000,0x00000006fc594c10,0x00000006fd8c0000)
Event: 16.633 GC heap after
Heap after GC invocations=20 (full 4):
 PSYoungGen      total 564032K, used 52411K [0x00000007aacb0000, 0x00000007d22d0000, 0x0000000800000000)
  eden space 507904K, 0% used [0x00000007aacb0000,0x00000007aacb0000,0x00000007c9cb0000)
  from space 56128K, 93% used [0x00000007cd9e0000,0x00000007d0d0ec28,0x00000007d10b0000)
  to   space 62656K, 0% used [0x00000007c9cb0000,0x00000007c9cb0000,0x00000007cd9e0000)
 ParOldGen       total 244672K, used 122804K [0x0000000700600000, 0x000000070f4f0000, 0x00000007aacb0000)
  object space 244672K, 50% used [0x0000000700600000,0x0000000707ded118,0x000000070f4f0000)
 PSPermGen       total 37632K, used 18003K [0x00000006fb400000, 0x00000006fd8c0000, 0x0000000700600000)
  object space 37632K, 47% used [0x00000006fb400000,0x00000006fc594c10,0x00000006fd8c0000)
}
Event: 17.572 GC heap before
{Heap before GC invocations=21 (full 4):
 PSYoungGen      total 564032K, used 559002K [0x00000007aacb0000, 0x00000007d22d0000, 0x0000000800000000)
  eden space 507904K, 99% used [0x00000007aacb0000,0x00000007c9b67f08,0x00000007c9cb0000)
  from space 56128K, 93% used [0x00000007cd9e0000,0x00000007d0d0ec28,0x00000007d10b0000)
  to   space 62656K, 0% used [0x00000007c9cb0000,0x00000007c9cb0000,0x00000007cd9e0000)
 ParOldGen       total 244672K, used 130904K [0x0000000700600000, 0x000000070f4f0000, 0x00000007aacb0000)
  object space 244672K, 53% used [0x0000000700600000,0x00000007085d6138,0x000000070f4f0000)
 PSPermGen       total 37632K, used 18004K [0x00000006fb400000, 0x00000006fd8c0000, 0x0000000700600000)
  object space 37632K, 47% used [0x00000006fb400000,0x00000006fc595220,0x00000006fd8c0000)
Event: 17.582 GC heap after
Heap after GC invocations=21 (full 4):
 PSYoungGen      total 570560K, used 29728K [0x00000007aacb0000, 0x00000007d66f0000, 0x0000000800000000)
  eden space 507904K, 0% used [0x00000007aacb0000,0x00000007aacb0000,0x00000007c9cb0000)
  from space 62656K, 47% used [0x00000007c9cb0000,0x00000007cb9b8288,0x00000007cd9e0000)
  to   space 59456K, 0% used [0x00000007d2ce0000,0x00000007d2ce0000,0x00000007d66f0000)
 ParOldGen       total 244672K, used 130904K [0x0000000700600000, 0x000000070f4f0000, 0x00000007aacb0000)
  object space 244672K, 53% used [0x0000000700600000,0x00000007085d6138,0x000000070f4f0000)
 PSPermGen       total 37632K, used 18004K [0x00000006fb400000, 0x00000006fd8c0000, 0x0000000700600000)
  object space 37632K, 47% used [0x00000006fb400000,0x00000006fc595220,0x00000006fd8c0000)
}

