# JRE version: 7.0_07-b11
# Java VM: Java HotSpot(TM) 64-Bit Server VM (23.3-b01 mixed mode windows-amd64 compressed oops)
Heap
 PSYoungGen      total 112000K, used 98514K [0x00000007aacb0000, 0x00000007b40e0000, 0x0000000800000000)
  eden space 101312K, 97% used [0x00000007aacb0000,0x00000007b0ce4868,0x00000007b0fa0000)
  from space 10688K, 0% used [0x00000007b3670000,0x00000007b3670000,0x00000007b40e0000)
  to   space 25216K, 0% used [0x00000007b0fa0000,0x00000007b0fa0000,0x00000007b2840000)
 ParOldGen       total 229824K, used 227972K [0x0000000700600000, 0x000000070e670000, 0x00000007aacb0000)
  object space 229824K, 99% used [0x0000000700600000,0x000000070e4a13d0,0x000000070e670000)
 PSPermGen       total 33344K, used 17874K [0x00000006fb400000, 0x00000006fd490000, 0x0000000700600000)
  object space 33344K, 53% used [0x00000006fb400000,0x00000006fc574a58,0x00000006fd490000)
GC Heap History (10 events):
Event: 92.717 GC heap before
{Heap before GC invocations=52 (full 3):
 PSYoungGen      total 125760K, used 121775K [0x00000007aacb0000, 0x00000007b53d0000, 0x0000000800000000)
  eden space 107328K, 96% used [0x00000007aacb0000,0x00000007b119fac8,0x00000007b1580000)
  from space 18432K, 99% used [0x00000007b41d0000,0x00000007b53cc430,0x00000007b53d0000)
  to   space 24256K, 0% used [0x00000007b2470000,0x00000007b2470000,0x00000007b3c20000)
 ParOldGen       total 121088K, used 64274K [0x0000000700600000, 0x0000000707c40000, 0x00000007aacb0000)
  object space 121088K, 53% used [0x0000000700600000,0x00000007044c4b68,0x0000000707c40000)
 PSPermGen       total 38720K, used 17836K [0x00000006fb400000, 0x00000006fd9d0000, 0x0000000700600000)
  object space 38720K, 46% used [0x00000006fb400000,0x00000006fc56b1f0,0x00000006fd9d0000)
Event: 92.721 GC heap after
Heap after GC invocations=52 (full 3):
 PSYoungGen      total 122688K, used 18417K [0x00000007aacb0000, 0x00000007b41e0000, 0x0000000800000000)
  eden space 104256K, 0% used [0x00000007aacb0000,0x00000007aacb0000,0x00000007b1280000)
  from space 18432K, 99% used [0x00000007b2470000,0x00000007b366c430,0x00000007b3670000)
  to   space 11712K, 0% used [0x00000007b3670000,0x00000007b3670000,0x00000007b41e0000)
 ParOldGen       total 121088K, used 64274K [0x0000000700600000, 0x0000000707c40000, 0x00000007aacb0000)
  object space 121088K, 53% used [0x0000000700600000,0x00000007044c4b68,0x0000000707c40000)
 PSPermGen       total 38720K, used 17836K [0x00000006fb400000, 0x00000006fd9d0000, 0x0000000700600000)
  object space 38720K, 46% used [0x00000006fb400000,0x00000006fc56b1f0,0x00000006fd9d0000)
}
Event: 93.301 GC heap before
{Heap before GC invocations=53 (full 3):
 PSYoungGen      total 122688K, used 121780K [0x00000007aacb0000, 0x00000007b41e0000, 0x0000000800000000)
  eden space 104256K, 99% used [0x00000007aacb0000,0x00000007b11a0cf8,0x00000007b1280000)
  from space 18432K, 99% used [0x00000007b2470000,0x00000007b366c430,0x00000007b3670000)
  to   space 11712K, 0% used [0x00000007b3670000,0x00000007b3670000,0x00000007b41e0000)
 ParOldGen       total 121088K, used 70349K [0x0000000700600000, 0x0000000707c40000, 0x00000007aacb0000)
  object space 121088K, 58% used [0x0000000700600000,0x0000000704ab3778,0x0000000707c40000)
 PSPermGen       total 38720K, used 17837K [0x00000006fb400000, 0x00000006fd9d0000, 0x0000000700600000)
  object space 38720K, 46% used [0x00000006fb400000,0x00000006fc56b4f8,0x00000006fd9d0000)
Event: 93.304 GC heap after
Heap after GC invocations=53 (full 3):
 PSYoungGen      total 112000K, used 6235K [0x00000007aacb0000, 0x00000007b40e0000, 0x0000000800000000)
  eden space 101312K, 0% used [0x00000007aacb0000,0x00000007aacb0000,0x00000007b0fa0000)
  from space 10688K, 58% used [0x00000007b3670000,0x00000007b3c86c10,0x00000007b40e0000)
  to   space 25216K, 0% used [0x00000007b0fa0000,0x00000007b0fa0000,0x00000007b2840000)
 ParOldGen       total 121088K, used 82499K [0x0000000700600000, 0x0000000707c40000, 0x00000007aacb0000)
  object space 121088K, 68% used [0x0000000700600000,0x0000000705690f98,0x0000000707c40000)
 PSPermGen       total 38720K, used 17837K [0x00000006fb400000, 0x00000006fd9d0000, 0x0000000700600000)
  object space 38720K, 46% used [0x00000006fb400000,0x00000006fc56b4f8,0x00000006fd9d0000)
}
Event: 95.968 GC heap before
{Heap before GC invocations=54 (full 4):
 PSYoungGen      total 112000K, used 103785K [0x00000007aacb0000, 0x00000007b40e0000, 0x0000000800000000)
  eden space 101312K, 96% used [0x00000007aacb0000,0x00000007b0bf3af0,0x00000007b0fa0000)
  from space 10688K, 58% used [0x00000007b3670000,0x00000007b3c86c10,0x00000007b40e0000)
  to   space 25216K, 0% used [0x00000007b0fa0000,0x00000007b0fa0000,0x00000007b2840000)
 ParOldGen       total 473728K, used 471300K [0x0000000700600000, 0x000000071d4a0000, 0x00000007aacb0000)
  object space 473728K, 99% used [0x0000000700600000,0x000000071d241398,0x000000071d4a0000)
 PSPermGen       total 38720K, used 17837K [0x00000006fb400000, 0x00000006fd9d0000, 0x0000000700600000)
  object space 38720K, 46% used [0x00000006fb400000,0x00000006fc56b738,0x00000006fd9d0000)
Event: 96.019 GC heap after
Heap after GC invocations=54 (full 4):
 PSYoungGen      total 112000K, used 0K [0x00000007aacb0000, 0x00000007b40e0000, 0x0000000800000000)
  eden space 101312K, 0% used [0x00000007aacb0000,0x00000007aacb0000,0x00000007b0fa0000)
  from space 10688K, 0% used [0x00000007b3670000,0x00000007b3670000,0x00000007b40e0000)
  to   space 25216K, 0% used [0x00000007b0fa0000,0x00000007b0fa0000,0x00000007b2840000)
 ParOldGen       total 111360K, used 21417K [0x0000000700600000, 0x00000007072c0000, 0x00000007aacb0000)
  object space 111360K, 19% used [0x0000000700600000,0x0000000701aea690,0x00000007072c0000)
 PSPermGen       total 37184K, used 17837K [0x00000006fb400000, 0x00000006fd850000, 0x0000000700600000)
  object space 37184K, 47% used [0x00000006fb400000,0x00000006fc56b698,0x00000006fd850000)
}
Event: 98.668 GC heap before
{Heap before GC invocations=55 (full 5):
 PSYoungGen      total 112000K, used 97538K [0x00000007aacb0000, 0x00000007b40e0000, 0x0000000800000000)
  eden space 101312K, 96% used [0x00000007aacb0000,0x00000007b0bf08e0,0x00000007b0fa0000)
  from space 10688K, 0% used [0x00000007b3670000,0x00000007b3670000,0x00000007b40e0000)
  to   space 25216K, 0% used [0x00000007b0fa0000,0x00000007b0fa0000,0x00000007b2840000)
 ParOldGen       total 415360K, used 410218K [0x0000000700600000, 0x0000000719ba0000, 0x00000007aacb0000)
  object space 415360K, 98% used [0x0000000700600000,0x000000071969aa90,0x0000000719ba0000)
 PSPermGen       total 37184K, used 17838K [0x00000006fb400000, 0x00000006fd850000, 0x0000000700600000)
  object space 37184K, 47% used [0x00000006fb400000,0x00000006fc56b950,0x00000006fd850000)
Event: 98.714 GC heap after
Heap after GC invocations=55 (full 5):
 PSYoungGen      total 112000K, used 0K [0x00000007aacb0000, 0x00000007b40e0000, 0x0000000800000000)
  eden space 101312K, 0% used [0x00000007aacb0000,0x00000007aacb0000,0x00000007b0fa0000)
  from space 10688K, 0% used [0x00000007b3670000,0x00000007b3670000,0x00000007b40e0000)
  to   space 25216K, 0% used [0x00000007b0fa0000,0x00000007b0fa0000,0x00000007b2840000)
 ParOldGen       total 109760K, used 21418K [0x0000000700600000, 0x0000000707130000, 0x00000007aacb0000)
  object space 109760K, 19% used [0x0000000700600000,0x0000000701aea908,0x0000000707130000)
 PSPermGen       total 35584K, used 17838K [0x00000006fb400000, 0x00000006fd6c0000, 0x0000000700600000)
  object space 35584K, 50% used [0x00000006fb400000,0x00000006fc56b950,0x00000006fd6c0000)
}
Event: 101.368 GC heap before
{Heap before GC invocations=56 (full 6):
 PSYoungGen      total 112000K, used 97591K [0x00000007aacb0000, 0x00000007b40e0000, 0x0000000800000000)
  eden space 101312K, 96% used [0x00000007aacb0000,0x00000007b0bfdde8,0x00000007b0fa0000)
  from space 10688K, 0% used [0x00000007b3670000,0x00000007b3670000,0x00000007b40e0000)
  to   space 25216K, 0% used [0x00000007b0fa0000,0x00000007b0fa0000,0x00000007b2840000)
 ParOldGen       total 413760K, used 410219K [0x0000000700600000, 0x0000000719a10000, 0x00000007aacb0000)
  object space 413760K, 99% used [0x0000000700600000,0x000000071969ad08,0x0000000719a10000)
 PSPermGen       total 35584K, used 17850K [0x00000006fb400000, 0x00000006fd6c0000, 0x0000000700600000)
  object space 35584K, 50% used [0x00000006fb400000,0x00000006fc56ea28,0x00000006fd6c0000)
Event: 101.414 GC heap after
Heap after GC invocations=56 (full 6):
 PSYoungGen      total 112000K, used 0K [0x00000007aacb0000, 0x00000007b40e0000, 0x0000000800000000)
  eden space 101312K, 0% used [0x00000007aacb0000,0x00000007aacb0000,0x00000007b0fa0000)
  from space 10688K, 0% used [0x00000007b3670000,0x00000007b3670000,0x00000007b40e0000)
  to   space 25216K, 0% used [0x00000007b0fa0000,0x00000007b0fa0000,0x00000007b2840000)
 ParOldGen       total 108224K, used 21422K [0x0000000700600000, 0x0000000706fb0000, 0x00000007aacb0000)
  object space 108224K, 19% used [0x0000000700600000,0x0000000701aeb9b0,0x0000000706fb0000)
 PSPermGen       total 33344K, used 17850K [0x00000006fb400000, 0x00000006fd490000, 0x0000000700600000)
  object space 33344K, 53% used [0x00000006fb400000,0x00000006fc56ea28,0x00000006fd490000)
}

