# JRE version: 7.0_07-b11
# Java VM: Java HotSpot(TM) 64-Bit Server VM (23.3-b01 mixed mode windows-amd64 compressed oops)
Heap
 PSYoungGen      total 1329408K, used 476876K [0x00000007aacb0000, 0x00000007ffe10000, 0x0000000800000000)
  eden space 1266496K, 37% used [0x00000007aacb0000,0x00000007c7e633b8,0x00000007f8180000)
  from space 62912K, 0% used [0x00000007f8180000,0x00000007f8180000,0x00000007fbef0000)
  to   space 60224K, 0% used [0x00000007fc340000,0x00000007fc340000,0x00000007ffe10000)
 ParOldGen       total 227776K, used 37888K [0x0000000700600000, 0x000000070e470000, 0x00000007aacb0000)
  object space 227776K, 16% used [0x0000000700600000,0x0000000702b003a8,0x000000070e470000)
 PSPermGen       total 39360K, used 18054K [0x00000006fb400000, 0x00000006fda70000, 0x0000000700600000)
  object space 39360K, 45% used [0x00000006fb400000,0x00000006fc5a1a50,0x00000006fda70000)
GC Heap History (10 events):
Event: 15.621 GC heap before
{Heap before GC invocations=14 (full 2):
 PSYoungGen      total 1187008K, used 18481K [0x00000007aacb0000, 0x00000007f8980000, 0x0000000800000000)
  eden space 1142080K, 0% used [0x00000007aacb0000,0x00000007aacb0000,0x00000007f0800000)
  from space 44928K, 41% used [0x00000007f5da0000,0x00000007f6fac430,0x00000007f8980000)
  to   space 66304K, 0% used [0x00000007f0800000,0x00000007f0800000,0x00000007f48c0000)
 ParOldGen       total 148352K, used 120778K [0x0000000700600000, 0x00000007096e0000, 0x00000007aacb0000)
  object space 148352K, 81% used [0x0000000700600000,0x0000000707bf29e0,0x00000007096e0000)
 PSPermGen       total 36288K, used 18008K [0x00000006fb400000, 0x00000006fd770000, 0x0000000700600000)
  object space 36288K, 49% used [0x00000006fb400000,0x00000006fc596148,0x00000006fd770000)
Event: 15.654 GC heap after
Heap after GC invocations=14 (full 2):
 PSYoungGen      total 1187008K, used 0K [0x00000007aacb0000, 0x00000007f8980000, 0x0000000800000000)
  eden space 1142080K, 0% used [0x00000007aacb0000,0x00000007aacb0000,0x00000007f0800000)
  from space 44928K, 0% used [0x00000007f5da0000,0x00000007f5da0000,0x00000007f8980000)
  to   space 66304K, 0% used [0x00000007f0800000,0x00000007f0800000,0x00000007f48c0000)
 ParOldGen       total 191232K, used 37927K [0x0000000700600000, 0x000000070c0c0000, 0x00000007aacb0000)
  object space 191232K, 19% used [0x0000000700600000,0x0000000702b09d38,0x000000070c0c0000)
 PSPermGen       total 40512K, used 18008K [0x00000006fb400000, 0x00000006fdb90000, 0x0000000700600000)
  object space 40512K, 44% used [0x00000006fb400000,0x00000006fc596148,0x00000006fdb90000)
}
Event: 17.675 GC heap before
{Heap before GC invocations=15 (full 2):
 PSYoungGen      total 1187008K, used 1138441K [0x00000007aacb0000, 0x00000007f8980000, 0x0000000800000000)
  eden space 1142080K, 99% used [0x00000007aacb0000,0x00000007f04727d8,0x00000007f0800000)
  from space 44928K, 0% used [0x00000007f5da0000,0x00000007f5da0000,0x00000007f8980000)
  to   space 66304K, 0% used [0x00000007f0800000,0x00000007f0800000,0x00000007f48c0000)
 ParOldGen       total 191232K, used 37927K [0x0000000700600000, 0x000000070c0c0000, 0x00000007aacb0000)
  object space 191232K, 19% used [0x0000000700600000,0x0000000702b09d38,0x000000070c0c0000)
 PSPermGen       total 40512K, used 18014K [0x00000006fb400000, 0x00000006fdb90000, 0x0000000700600000)
  object space 40512K, 44% used [0x00000006fb400000,0x00000006fc597980,0x00000006fdb90000)
Event: 17.680 GC heap after
Heap after GC invocations=15 (full 2):
 PSYoungGen      total 1208384K, used 20972K [0x00000007aacb0000, 0x0000000800000000, 0x0000000800000000)
  eden space 1142080K, 0% used [0x00000007aacb0000,0x00000007aacb0000,0x00000007f0800000)
  from space 66304K, 31% used [0x00000007f0800000,0x00000007f1c7b070,0x00000007f48c0000)
  to   space 63232K, 0% used [0x00000007fc240000,0x00000007fc240000,0x0000000800000000)
 ParOldGen       total 191232K, used 37927K [0x0000000700600000, 0x000000070c0c0000, 0x00000007aacb0000)
  object space 191232K, 19% used [0x0000000700600000,0x0000000702b09d38,0x000000070c0c0000)
 PSPermGen       total 40512K, used 18014K [0x00000006fb400000, 0x00000006fdb90000, 0x0000000700600000)
  object space 40512K, 44% used [0x00000006fb400000,0x00000006fc597980,0x00000006fdb90000)
}
Event: 19.687 GC heap before
{Heap before GC invocations=16 (full 2):
 PSYoungGen      total 1208384K, used 1162120K [0x00000007aacb0000, 0x0000000800000000, 0x0000000800000000)
  eden space 1142080K, 99% used [0x00000007aacb0000,0x00000007f0717200,0x00000007f0800000)
  from space 66304K, 31% used [0x00000007f0800000,0x00000007f1c7b070,0x00000007f48c0000)
  to   space 63232K, 0% used [0x00000007fc240000,0x00000007fc240000,0x0000000800000000)
 ParOldGen       total 191232K, used 37927K [0x0000000700600000, 0x000000070c0c0000, 0x00000007aacb0000)
  object space 191232K, 19% used [0x0000000700600000,0x0000000702b09d38,0x000000070c0c0000)
 PSPermGen       total 40512K, used 18018K [0x00000006fb400000, 0x00000006fdb90000, 0x0000000700600000)
  object space 40512K, 44% used [0x00000006fb400000,0x00000006fc598b48,0x00000006fdb90000)
Event: 19.698 GC heap after
Heap after GC invocations=16 (full 2):
 PSYoungGen      total 1326016K, used 34977K [0x00000007aacb0000, 0x00000007ffc60000, 0x0000000800000000)
  eden space 1266496K, 0% used [0x00000007aacb0000,0x00000007aacb0000,0x00000007f8180000)
  from space 59520K, 58% used [0x00000007fc240000,0x00000007fe4685a8,0x00000007ffc60000)
  to   space 62912K, 0% used [0x00000007f8180000,0x00000007f8180000,0x00000007fbef0000)
 ParOldGen       total 191232K, used 37943K [0x0000000700600000, 0x000000070c0c0000, 0x00000007aacb0000)
  object space 191232K, 19% used [0x0000000700600000,0x0000000702b0dd38,0x000000070c0c0000)
 PSPermGen       total 40512K, used 18018K [0x00000006fb400000, 0x00000006fdb90000, 0x0000000700600000)
  object space 40512K, 44% used [0x00000006fb400000,0x00000006fc598b48,0x00000006fdb90000)
}
Event: 21.937 GC heap before
{Heap before GC invocations=17 (full 2):
 PSYoungGen      total 1326016K, used 1299891K [0x00000007aacb0000, 0x00000007ffc60000, 0x0000000800000000)
  eden space 1266496K, 99% used [0x00000007aacb0000,0x00000007f7ff49b0,0x00000007f8180000)
  from space 59520K, 58% used [0x00000007fc240000,0x00000007fe4685a8,0x00000007ffc60000)
  to   space 62912K, 0% used [0x00000007f8180000,0x00000007f8180000,0x00000007fbef0000)
 ParOldGen       total 191232K, used 44018K [0x0000000700600000, 0x000000070c0c0000, 0x00000007aacb0000)
  object space 191232K, 23% used [0x0000000700600000,0x00000007030fc948,0x000000070c0c0000)
 PSPermGen       total 40512K, used 18042K [0x00000006fb400000, 0x00000006fdb90000, 0x0000000700600000)
  object space 40512K, 44% used [0x00000006fb400000,0x00000006fc59e968,0x00000006fdb90000)
Event: 21.943 GC heap after
Heap after GC invocations=17 (full 2):
 PSYoungGen      total 1329408K, used 21109K [0x00000007aacb0000, 0x00000007ffe10000, 0x0000000800000000)
  eden space 1266496K, 0% used [0x00000007aacb0000,0x00000007aacb0000,0x00000007f8180000)
  from space 62912K, 33% used [0x00000007f8180000,0x00000007f961d748,0x00000007fbef0000)
  to   space 60224K, 0% used [0x00000007fc340000,0x00000007fc340000,0x00000007ffe10000)
 ParOldGen       total 191232K, used 44018K [0x0000000700600000, 0x000000070c0c0000, 0x00000007aacb0000)
  object space 191232K, 23% used [0x0000000700600000,0x00000007030fc948,0x000000070c0c0000)
 PSPermGen       total 40512K, used 18042K [0x00000006fb400000, 0x00000006fdb90000, 0x0000000700600000)
  object space 40512K, 44% used [0x00000006fb400000,0x00000006fc59e968,0x00000006fdb90000)
}
Event: 24.371 GC heap before
{Heap before GC invocations=18 (full 3):
 PSYoungGen      total 1329408K, used 1287520K [0x00000007aacb0000, 0x00000007ffe10000, 0x0000000800000000)
  eden space 1266496K, 99% used [0x00000007aacb0000,0x00000007f816a918,0x00000007f8180000)
  from space 62912K, 33% used [0x00000007f8180000,0x00000007f961d748,0x00000007fbef0000)
  to   space 60224K, 0% used [0x00000007fc340000,0x00000007fc340000,0x00000007ffe10000)
 ParOldGen       total 191232K, used 183405K [0x0000000700600000, 0x000000070c0c0000, 0x00000007aacb0000)
  object space 191232K, 95% used [0x0000000700600000,0x000000070b91b440,0x000000070c0c0000)
 PSPermGen       total 40512K, used 18046K [0x00000006fb400000, 0x00000006fdb90000, 0x0000000700600000)
  object space 40512K, 44% used [0x00000006fb400000,0x00000006fc59f9d8,0x00000006fdb90000)
Event: 24.406 GC heap after
Heap after GC invocations=18 (full 3):
 PSYoungGen      total 1329408K, used 0K [0x00000007aacb0000, 0x00000007ffe10000, 0x0000000800000000)
  eden space 1266496K, 0% used [0x00000007aacb0000,0x00000007aacb0000,0x00000007f8180000)
  from space 62912K, 0% used [0x00000007f8180000,0x00000007f8180000,0x00000007fbef0000)
  to   space 60224K, 0% used [0x00000007fc340000,0x00000007fc340000,0x00000007ffe10000)
 ParOldGen       total 227776K, used 37888K [0x0000000700600000, 0x000000070e470000, 0x00000007aacb0000)
  object space 227776K, 16% used [0x0000000700600000,0x0000000702b003a8,0x000000070e470000)
 PSPermGen       total 39360K, used 18046K [0x00000006fb400000, 0x00000006fda70000, 0x0000000700600000)
  object space 39360K, 45% used [0x00000006fb400000,0x00000006fc59f9d8,0x00000006fda70000)
}

