# JRE version: 7.0_07-b11
# Java VM: Java HotSpot(TM) 64-Bit Server VM (23.3-b01 mixed mode windows-amd64 compressed oops)
Heap
 PSYoungGen      total 1345664K, used 511495K [0x00000007aacb0000, 0x00000007fff80000, 0x0000000800000000)
  eden space 1297792K, 39% used [0x00000007aacb0000,0x00000007c9ff1f98,0x00000007fa010000)
  from space 47872K, 0% used [0x00000007fcfb0000,0x00000007fcff0000,0x00000007ffe70000)
  to   space 48768K, 0% used [0x00000007fa010000,0x00000007fa010000,0x00000007fcfb0000)
 ParOldGen       total 318784K, used 147407K [0x0000000700600000, 0x0000000713d50000, 0x00000007aacb0000)
  object space 318784K, 46% used [0x0000000700600000,0x00000007095f3d50,0x0000000713d50000)
 PSPermGen       total 36096K, used 18296K [0x00000006fb400000, 0x00000006fd740000, 0x0000000700600000)
  object space 36096K, 50% used [0x00000006fb400000,0x00000006fc5de388,0x00000006fd740000)
GC Heap History (10 events):
Event: 23.329 GC heap before
{Heap before GC invocations=23 (full 4):
 PSYoungGen      total 1169600K, used 1144552K [0x00000007aacb0000, 0x00000007f5d00000, 0x0000000800000000)
  eden space 1144256K, 99% used [0x00000007aacb0000,0x00000007f09760f8,0x00000007f0a20000)
  from space 25344K, 3% used [0x00000007f4440000,0x00000007f4534238,0x00000007f5d00000)
  to   space 42432K, 0% used [0x00000007f0a20000,0x00000007f0a20000,0x00000007f3390000)
 ParOldGen       total 263744K, used 224585K [0x0000000700600000, 0x0000000710790000, 0x00000007aacb0000)
  object space 263744K, 85% used [0x0000000700600000,0x000000070e1524d0,0x0000000710790000)
 PSPermGen       total 37696K, used 18286K [0x00000006fb400000, 0x00000006fd8d0000, 0x0000000700600000)
  object space 37696K, 48% used [0x00000006fb400000,0x00000006fc5db878,0x00000006fd8d0000)
Event: 23.342 GC heap after
Heap after GC invocations=23 (full 4):
 PSYoungGen      total 1186688K, used 37457K [0x00000007aacb0000, 0x00000007fd130000, 0x0000000800000000)
  eden space 1144256K, 0% used [0x00000007aacb0000,0x00000007aacb0000,0x00000007f0a20000)
  from space 42432K, 88% used [0x00000007f0a20000,0x00000007f2eb4530,0x00000007f3390000)
  to   space 47168K, 0% used [0x00000007fa320000,0x00000007fa320000,0x00000007fd130000)
 ParOldGen       total 263744K, used 224585K [0x0000000700600000, 0x0000000710790000, 0x00000007aacb0000)
  object space 263744K, 85% used [0x0000000700600000,0x000000070e1524d0,0x0000000710790000)
 PSPermGen       total 37696K, used 18286K [0x00000006fb400000, 0x00000006fd8d0000, 0x0000000700600000)
  object space 37696K, 48% used [0x00000006fb400000,0x00000006fc5db878,0x00000006fd8d0000)
}
Event: 24.995 GC heap before
{Heap before GC invocations=24 (full 4):
 PSYoungGen      total 1186688K, used 1181415K [0x00000007aacb0000, 0x00000007fd130000, 0x0000000800000000)
  eden space 1144256K, 99% used [0x00000007aacb0000,0x00000007f09d58f0,0x00000007f0a20000)
  from space 42432K, 88% used [0x00000007f0a20000,0x00000007f2eb4530,0x00000007f3390000)
  to   space 47168K, 0% used [0x00000007fa320000,0x00000007fa320000,0x00000007fd130000)
 ParOldGen       total 263744K, used 224585K [0x0000000700600000, 0x0000000710790000, 0x00000007aacb0000)
  object space 263744K, 85% used [0x0000000700600000,0x000000070e1524d0,0x0000000710790000)
 PSPermGen       total 37696K, used 18288K [0x00000006fb400000, 0x00000006fd8d0000, 0x0000000700600000)
  object space 37696K, 48% used [0x00000006fb400000,0x00000006fc5dc0f0,0x00000006fd8d0000)
Event: 25.005 GC heap after
Heap after GC invocations=24 (full 4):
 PSYoungGen      total 1297920K, used 35432K [0x00000007aacb0000, 0x00000007fdbc0000, 0x0000000800000000)
  eden space 1250752K, 0% used [0x00000007aacb0000,0x00000007aacb0000,0x00000007f7220000)
  from space 47168K, 75% used [0x00000007fa320000,0x00000007fc5ba120,0x00000007fd130000)
  to   space 50176K, 0% used [0x00000007f7220000,0x00000007f7220000,0x00000007fa320000)
 ParOldGen       total 263744K, used 224585K [0x0000000700600000, 0x0000000710790000, 0x00000007aacb0000)
  object space 263744K, 85% used [0x0000000700600000,0x000000070e1524d0,0x0000000710790000)
 PSPermGen       total 37696K, used 18288K [0x00000006fb400000, 0x00000006fd8d0000, 0x0000000700600000)
  object space 37696K, 48% used [0x00000006fb400000,0x00000006fc5dc0f0,0x00000006fd8d0000)
}
Event: 26.850 GC heap before
{Heap before GC invocations=25 (full 4):
 PSYoungGen      total 1297920K, used 1284576K [0x00000007aacb0000, 0x00000007fdbc0000, 0x0000000800000000)
  eden space 1250752K, 99% used [0x00000007aacb0000,0x00000007f708e0f8,0x00000007f7220000)
  from space 47168K, 75% used [0x00000007fa320000,0x00000007fc5ba120,0x00000007fd130000)
  to   space 50176K, 0% used [0x00000007f7220000,0x00000007f7220000,0x00000007fa320000)
 ParOldGen       total 263744K, used 232685K [0x0000000700600000, 0x0000000710790000, 0x00000007aacb0000)
  object space 263744K, 88% used [0x0000000700600000,0x000000070e93b4f0,0x0000000710790000)
 PSPermGen       total 37696K, used 18288K [0x00000006fb400000, 0x00000006fd8d0000, 0x0000000700600000)
  object space 37696K, 48% used [0x00000006fb400000,0x00000006fc5dc258,0x00000006fd8d0000)
Event: 26.857 GC heap after
Heap after GC invocations=25 (full 4):
 PSYoungGen      total 1300928K, used 18148K [0x00000007aacb0000, 0x00000007ffe70000, 0x0000000800000000)
  eden space 1250752K, 0% used [0x00000007aacb0000,0x00000007aacb0000,0x00000007f7220000)
  from space 50176K, 36% used [0x00000007f7220000,0x00000007f83d93c8,0x00000007fa320000)
  to   space 47872K, 0% used [0x00000007fcfb0000,0x00000007fcfb0000,0x00000007ffe70000)
 ParOldGen       total 263744K, used 232685K [0x0000000700600000, 0x0000000710790000, 0x00000007aacb0000)
  object space 263744K, 88% used [0x0000000700600000,0x000000070e93b4f0,0x0000000710790000)
 PSPermGen       total 37696K, used 18288K [0x00000006fb400000, 0x00000006fd8d0000, 0x0000000700600000)
  object space 37696K, 48% used [0x00000006fb400000,0x00000006fc5dc258,0x00000006fd8d0000)
}
Event: 28.749 GC heap before
{Heap before GC invocations=26 (full 5):
 PSYoungGen      total 1300928K, used 1268900K [0x00000007aacb0000, 0x00000007ffe70000, 0x0000000800000000)
  eden space 1250752K, 100% used [0x00000007aacb0000,0x00000007f7220000,0x00000007f7220000)
  from space 50176K, 36% used [0x00000007f7220000,0x00000007f83d93c8,0x00000007fa320000)
  to   space 47872K, 0% used [0x00000007fcfb0000,0x00000007fcfb0000,0x00000007ffe70000)
 ParOldGen       total 280640K, used 280470K [0x0000000700600000, 0x0000000711810000, 0x00000007aacb0000)
  object space 280640K, 99% used [0x0000000700600000,0x00000007117e59f0,0x0000000711810000)
 PSPermGen       total 37696K, used 18289K [0x00000006fb400000, 0x00000006fd8d0000, 0x0000000700600000)
  object space 37696K, 48% used [0x00000006fb400000,0x00000006fc5dc760,0x00000006fd8d0000)
Event: 28.788 GC heap after
Heap after GC invocations=26 (full 5):
 PSYoungGen      total 1300928K, used 0K [0x00000007aacb0000, 0x00000007ffe70000, 0x0000000800000000)
  eden space 1250752K, 0% used [0x00000007aacb0000,0x00000007aacb0000,0x00000007f7220000)
  from space 50176K, 0% used [0x00000007f7220000,0x00000007f7220000,0x00000007fa320000)
  to   space 47872K, 0% used [0x00000007fcfb0000,0x00000007fcfb0000,0x00000007ffe70000)
 ParOldGen       total 318784K, used 45032K [0x0000000700600000, 0x0000000713d50000, 0x00000007aacb0000)
  object space 318784K, 14% used [0x0000000700600000,0x00000007031fa200,0x0000000713d50000)
 PSPermGen       total 36096K, used 18289K [0x00000006fb400000, 0x00000006fd740000, 0x0000000700600000)
  object space 36096K, 50% used [0x00000006fb400000,0x00000006fc5dc4e0,0x00000006fd740000)
}
Event: 30.751 GC heap before
{Heap before GC invocations=27 (full 5):
 PSYoungGen      total 1300928K, used 1250749K [0x00000007aacb0000, 0x00000007ffe70000, 0x0000000800000000)
  eden space 1250752K, 99% used [0x00000007aacb0000,0x00000007f721f660,0x00000007f7220000)
  from space 50176K, 0% used [0x00000007f7220000,0x00000007f7220000,0x00000007fa320000)
  to   space 47872K, 0% used [0x00000007fcfb0000,0x00000007fcfb0000,0x00000007ffe70000)
 ParOldGen       total 318784K, used 147407K [0x0000000700600000, 0x0000000713d50000, 0x00000007aacb0000)
  object space 318784K, 46% used [0x0000000700600000,0x00000007095f3d50,0x0000000713d50000)
 PSPermGen       total 36096K, used 18289K [0x00000006fb400000, 0x00000006fd740000, 0x0000000700600000)
  object space 36096K, 50% used [0x00000006fb400000,0x00000006fc5dc730,0x00000006fd740000)
Event: 30.753 GC heap after
Heap after GC invocations=27 (full 5):
 PSYoungGen      total 1345664K, used 256K [0x00000007aacb0000, 0x00000007fff80000, 0x0000000800000000)
  eden space 1297792K, 0% used [0x00000007aacb0000,0x00000007aacb0000,0x00000007fa010000)
  from space 47872K, 0% used [0x00000007fcfb0000,0x00000007fcff0000,0x00000007ffe70000)
  to   space 48768K, 0% used [0x00000007fa010000,0x00000007fa010000,0x00000007fcfb0000)
 ParOldGen       total 318784K, used 147407K [0x0000000700600000, 0x0000000713d50000, 0x00000007aacb0000)
  object space 318784K, 46% used [0x0000000700600000,0x00000007095f3d50,0x0000000713d50000)
 PSPermGen       total 36096K, used 18289K [0x00000006fb400000, 0x00000006fd740000, 0x0000000700600000)
  object space 36096K, 50% used [0x00000006fb400000,0x00000006fc5dc730,0x00000006fd740000)
}

