# JRE version: 7.0_07-b11
# Java VM: Java HotSpot(TM) 64-Bit Server VM (23.3-b01 mixed mode windows-amd64 compressed oops)
Heap
 PSYoungGen      total 1334912K, used 164823K [0x00000007aacb0000, 0x0000000800000000, 0x0000000800000000)
  eden space 1307840K, 10% used [0x00000007aacb0000,0x00000007b34736f0,0x00000007fa9e0000)
  from space 27072K, 95% used [0x00000007fa9e0000,0x00000007fc3125a0,0x00000007fc450000)
  to   space 27456K, 0% used [0x00000007fe530000,0x00000007fe530000,0x0000000800000000)
 ParOldGen       total 361088K, used 81152K [0x0000000700600000, 0x00000007166a0000, 0x00000007aacb0000)
  object space 361088K, 22% used [0x0000000700600000,0x00000007055403e8,0x00000007166a0000)
 PSPermGen       total 36096K, used 18235K [0x00000006fb400000, 0x00000006fd740000, 0x0000000700600000)
  object space 36096K, 50% used [0x00000006fb400000,0x00000006fc5cef10,0x00000006fd740000)
GC Heap History (10 events):
Event: 20.004 GC heap before
{Heap before GC invocations=16 (full 4):
 PSYoungGen      total 860096K, used 859271K [0x00000007aacb0000, 0x00000007eff00000, 0x0000000800000000)
  eden space 834112K, 99% used [0x00000007aacb0000,0x00000007ddb04da0,0x00000007ddb40000)
  from space 25984K, 97% used [0x00000007ddb40000,0x00000007df40d188,0x00000007df4a0000)
  to   space 26496K, 0% used [0x00000007ee520000,0x00000007ee520000,0x00000007eff00000)
 ParOldGen       total 271168K, used 95659K [0x0000000700600000, 0x0000000710ed0000, 0x00000007aacb0000)
  object space 271168K, 35% used [0x0000000700600000,0x000000070636aef8,0x0000000710ed0000)
 PSPermGen       total 37696K, used 18201K [0x00000006fb400000, 0x00000006fd8d0000, 0x0000000700600000)
  object space 37696K, 48% used [0x00000006fb400000,0x00000006fc5c6478,0x00000006fd8d0000)
Event: 20.012 GC heap after
Heap after GC invocations=16 (full 4):
 PSYoungGen      total 1080064K, used 24304K [0x00000007aacb0000, 0x00000007efce0000, 0x0000000800000000)
  eden space 1055744K, 0% used [0x00000007aacb0000,0x00000007aacb0000,0x00000007eb3b0000)
  from space 24320K, 99% used [0x00000007ee520000,0x00000007efcdc230,0x00000007efce0000)
  to   space 26496K, 0% used [0x00000007ec920000,0x00000007ec920000,0x00000007ee300000)
 ParOldGen       total 271168K, used 123231K [0x0000000700600000, 0x0000000710ed0000, 0x00000007aacb0000)
  object space 271168K, 45% used [0x0000000700600000,0x0000000707e57ee8,0x0000000710ed0000)
 PSPermGen       total 37696K, used 18201K [0x00000006fb400000, 0x00000006fd8d0000, 0x0000000700600000)
  object space 37696K, 48% used [0x00000006fb400000,0x00000006fc5c6478,0x00000006fd8d0000)
}
Event: 23.679 GC heap before
{Heap before GC invocations=17 (full 4):
 PSYoungGen      total 1080064K, used 1079776K [0x00000007aacb0000, 0x00000007efce0000, 0x0000000800000000)
  eden space 1055744K, 99% used [0x00000007aacb0000,0x00000007eb36bf08,0x00000007eb3b0000)
  from space 24320K, 99% used [0x00000007ee520000,0x00000007efcdc230,0x00000007efce0000)
  to   space 26496K, 0% used [0x00000007ec920000,0x00000007ec920000,0x00000007ee300000)
 ParOldGen       total 271168K, used 123231K [0x0000000700600000, 0x0000000710ed0000, 0x00000007aacb0000)
  object space 271168K, 45% used [0x0000000700600000,0x0000000707e57ee8,0x0000000710ed0000)
 PSPermGen       total 37696K, used 18213K [0x00000006fb400000, 0x00000006fd8d0000, 0x0000000700600000)
  object space 37696K, 48% used [0x00000006fb400000,0x00000006fc5c96f8,0x00000006fd8d0000)
Event: 23.693 GC heap after
Heap after GC invocations=17 (full 4):
 PSYoungGen      total 1104192K, used 25442K [0x00000007aacb0000, 0x00000007fde90000, 0x0000000800000000)
  eden space 1077696K, 0% used [0x00000007aacb0000,0x00000007aacb0000,0x00000007ec920000)
  from space 26496K, 96% used [0x00000007ec920000,0x00000007ee1f8b60,0x00000007ee300000)
  to   space 26880K, 0% used [0x00000007fc450000,0x00000007fc450000,0x00000007fde90000)
 ParOldGen       total 271168K, used 173462K [0x0000000700600000, 0x0000000710ed0000, 0x00000007aacb0000)
  object space 271168K, 63% used [0x0000000700600000,0x000000070af65880,0x0000000710ed0000)
 PSPermGen       total 37696K, used 18213K [0x00000006fb400000, 0x00000006fd8d0000, 0x0000000700600000)
  object space 37696K, 48% used [0x00000006fb400000,0x00000006fc5c96f8,0x00000006fd8d0000)
}
Event: 26.767 GC heap before
{Heap before GC invocations=18 (full 4):
 PSYoungGen      total 1104192K, used 1098858K [0x00000007aacb0000, 0x00000007fde90000, 0x0000000800000000)
  eden space 1077696K, 99% used [0x00000007aacb0000,0x00000007ec4f1e28,0x00000007ec920000)
  from space 26496K, 96% used [0x00000007ec920000,0x00000007ee1f8b60,0x00000007ee300000)
  to   space 26880K, 0% used [0x00000007fc450000,0x00000007fc450000,0x00000007fde90000)
 ParOldGen       total 271168K, used 173462K [0x0000000700600000, 0x0000000710ed0000, 0x00000007aacb0000)
  object space 271168K, 63% used [0x0000000700600000,0x000000070af65880,0x0000000710ed0000)
 PSPermGen       total 37696K, used 18222K [0x00000006fb400000, 0x00000006fd8d0000, 0x0000000700600000)
  object space 37696K, 48% used [0x00000006fb400000,0x00000006fc5cba28,0x00000006fd8d0000)
Event: 26.779 GC heap after
Heap after GC invocations=18 (full 4):
 PSYoungGen      total 1334720K, used 25179K [0x00000007aacb0000, 0x00000007fe230000, 0x0000000800000000)
  eden space 1307840K, 0% used [0x00000007aacb0000,0x00000007aacb0000,0x00000007fa9e0000)
  from space 26880K, 93% used [0x00000007fc450000,0x00000007fdce6e50,0x00000007fde90000)
  to   space 27072K, 0% used [0x00000007fa9e0000,0x00000007fa9e0000,0x00000007fc450000)
 ParOldGen       total 271168K, used 216790K [0x0000000700600000, 0x0000000710ed0000, 0x00000007aacb0000)
  object space 271168K, 79% used [0x0000000700600000,0x000000070d9b5ad0,0x0000000710ed0000)
 PSPermGen       total 37696K, used 18222K [0x00000006fb400000, 0x00000006fd8d0000, 0x0000000700600000)
  object space 37696K, 48% used [0x00000006fb400000,0x00000006fc5cba28,0x00000006fd8d0000)
}
Event: 26.779 GC heap before
{Heap before GC invocations=19 (full 5):
 PSYoungGen      total 1334720K, used 25179K [0x00000007aacb0000, 0x00000007fe230000, 0x0000000800000000)
  eden space 1307840K, 0% used [0x00000007aacb0000,0x00000007aacb0000,0x00000007fa9e0000)
  from space 26880K, 93% used [0x00000007fc450000,0x00000007fdce6e50,0x00000007fde90000)
  to   space 27072K, 0% used [0x00000007fa9e0000,0x00000007fa9e0000,0x00000007fc450000)
 ParOldGen       total 271168K, used 216790K [0x0000000700600000, 0x0000000710ed0000, 0x00000007aacb0000)
  object space 271168K, 79% used [0x0000000700600000,0x000000070d9b5ad0,0x0000000710ed0000)
 PSPermGen       total 37696K, used 18222K [0x00000006fb400000, 0x00000006fd8d0000, 0x0000000700600000)
  object space 37696K, 48% used [0x00000006fb400000,0x00000006fc5cba28,0x00000006fd8d0000)
Event: 26.812 GC heap after
Heap after GC invocations=19 (full 5):
 PSYoungGen      total 1334720K, used 0K [0x00000007aacb0000, 0x00000007fe230000, 0x0000000800000000)
  eden space 1307840K, 0% used [0x00000007aacb0000,0x00000007aacb0000,0x00000007fa9e0000)
  from space 26880K, 0% used [0x00000007fc450000,0x00000007fc450000,0x00000007fde90000)
  to   space 27072K, 0% used [0x00000007fa9e0000,0x00000007fa9e0000,0x00000007fc450000)
 ParOldGen       total 361088K, used 65585K [0x0000000700600000, 0x00000007166a0000, 0x00000007aacb0000)
  object space 361088K, 18% used [0x0000000700600000,0x000000070460c6f8,0x00000007166a0000)
 PSPermGen       total 36096K, used 18222K [0x00000006fb400000, 0x00000006fd740000, 0x0000000700600000)
  object space 36096K, 50% used [0x00000006fb400000,0x00000006fc5cb8e8,0x00000006fd740000)
}
Event: 31.265 GC heap before
{Heap before GC invocations=20 (full 5):
 PSYoungGen      total 1334720K, used 1302788K [0x00000007aacb0000, 0x00000007fe230000, 0x0000000800000000)
  eden space 1307840K, 99% used [0x00000007aacb0000,0x00000007fa4f13c0,0x00000007fa9e0000)
  from space 26880K, 0% used [0x00000007fc450000,0x00000007fc450000,0x00000007fde90000)
  to   space 27072K, 0% used [0x00000007fa9e0000,0x00000007fa9e0000,0x00000007fc450000)
 ParOldGen       total 361088K, used 65585K [0x0000000700600000, 0x00000007166a0000, 0x00000007aacb0000)
  object space 361088K, 18% used [0x0000000700600000,0x000000070460c6f8,0x00000007166a0000)
 PSPermGen       total 36096K, used 18235K [0x00000006fb400000, 0x00000006fd740000, 0x0000000700600000)
  object space 36096K, 50% used [0x00000006fb400000,0x00000006fc5cecb0,0x00000006fd740000)
Event: 31.273 GC heap after
Heap after GC invocations=20 (full 5):
 PSYoungGen      total 1334912K, used 25801K [0x00000007aacb0000, 0x0000000800000000, 0x0000000800000000)
  eden space 1307840K, 0% used [0x00000007aacb0000,0x00000007aacb0000,0x00000007fa9e0000)
  from space 27072K, 95% used [0x00000007fa9e0000,0x00000007fc3125a0,0x00000007fc450000)
  to   space 27456K, 0% used [0x00000007fe530000,0x00000007fe530000,0x0000000800000000)
 ParOldGen       total 361088K, used 81152K [0x0000000700600000, 0x00000007166a0000, 0x00000007aacb0000)
  object space 361088K, 22% used [0x0000000700600000,0x00000007055403e8,0x00000007166a0000)
 PSPermGen       total 36096K, used 18235K [0x00000006fb400000, 0x00000006fd740000, 0x0000000700600000)
  object space 36096K, 50% used [0x00000006fb400000,0x00000006fc5cecb0,0x00000006fd740000)
}

