# JRE version: 7.0_07-b11
# Java VM: Java HotSpot(TM) 64-Bit Server VM (23.3-b01 mixed mode windows-amd64 compressed oops)
Heap
 PSYoungGen      total 296512K, used 152963K [0x00000007aacb0000, 0x00000007c0150000, 0x0000000800000000)
  eden space 257472K, 47% used [0x00000007aacb0000,0x00000007b2553fa8,0x00000007ba820000)
  from space 39040K, 75% used [0x00000007bd290000,0x00000007bef4cf58,0x00000007bf8b0000)
  to   space 43456K, 0% used [0x00000007ba820000,0x00000007ba820000,0x00000007bd290000)
 ParOldGen       total 174528K, used 133031K [0x0000000700600000, 0x000000070b070000, 0x00000007aacb0000)
  object space 174528K, 76% used [0x0000000700600000,0x00000007087e9f60,0x000000070b070000)
 PSPermGen       total 21248K, used 18065K [0x00000006fb400000, 0x00000006fc8c0000, 0x0000000700600000)
  object space 21248K, 85% used [0x00000006fb400000,0x00000006fc5a46a8,0x00000006fc8c0000)
GC Heap History (10 events):
Event: 8.838 GC heap before
{Heap before GC invocations=4 (full 0):
 PSYoungGen      total 76352K, used 72328K [0x00000007aacb0000, 0x00000007b01e0000, 0x0000000800000000)
  eden space 65472K, 96% used [0x00000007aacb0000,0x00000007aeaae0d0,0x00000007aeca0000)
  from space 10880K, 81% used [0x00000007aeca0000,0x00000007af544100,0x00000007af740000)
  to   space 10880K, 0% used [0x00000007af740000,0x00000007af740000,0x00000007b01e0000)
 ParOldGen       total 174528K, used 57364K [0x0000000700600000, 0x000000070b070000, 0x00000007aacb0000)
  object space 174528K, 32% used [0x0000000700600000,0x0000000703e05238,0x000000070b070000)
 PSPermGen       total 21248K, used 18008K [0x00000006fb400000, 0x00000006fc8c0000, 0x0000000700600000)
  object space 21248K, 84% used [0x00000006fb400000,0x00000006fc596028,0x00000006fc8c0000)
Event: 8.843 GC heap after
Heap after GC invocations=4 (full 0):
 PSYoungGen      total 76352K, used 8800K [0x00000007aacb0000, 0x00000007b01e0000, 0x0000000800000000)
  eden space 65472K, 0% used [0x00000007aacb0000,0x00000007aacb0000,0x00000007aeca0000)
  from space 10880K, 80% used [0x00000007af740000,0x00000007affd80f0,0x00000007b01e0000)
  to   space 10880K, 0% used [0x00000007aeca0000,0x00000007aeca0000,0x00000007af740000)
 ParOldGen       total 174528K, used 57364K [0x0000000700600000, 0x000000070b070000, 0x00000007aacb0000)
  object space 174528K, 32% used [0x0000000700600000,0x0000000703e05238,0x000000070b070000)
 PSPermGen       total 21248K, used 18008K [0x00000006fb400000, 0x00000006fc8c0000, 0x0000000700600000)
  object space 21248K, 84% used [0x00000006fb400000,0x00000006fc596028,0x00000006fc8c0000)
}
Event: 9.055 GC heap before
{Heap before GC invocations=5 (full 0):
 PSYoungGen      total 76352K, used 71918K [0x00000007aacb0000, 0x00000007b01e0000, 0x0000000800000000)
  eden space 65472K, 96% used [0x00000007aacb0000,0x00000007aea539b0,0x00000007aeca0000)
  from space 10880K, 80% used [0x00000007af740000,0x00000007affd80f0,0x00000007b01e0000)
  to   space 10880K, 0% used [0x00000007aeca0000,0x00000007aeca0000,0x00000007af740000)
 ParOldGen       total 174528K, used 63439K [0x0000000700600000, 0x000000070b070000, 0x00000007aacb0000)
  object space 174528K, 36% used [0x0000000700600000,0x00000007043f3e48,0x000000070b070000)
 PSPermGen       total 21248K, used 18008K [0x00000006fb400000, 0x00000006fc8c0000, 0x0000000700600000)
  object space 21248K, 84% used [0x00000006fb400000,0x00000006fc5960d0,0x00000006fc8c0000)
Event: 9.060 GC heap after
Heap after GC invocations=5 (full 0):
 PSYoungGen      total 76352K, used 8984K [0x00000007aacb0000, 0x00000007b7db0000, 0x0000000800000000)
  eden space 65472K, 0% used [0x00000007aacb0000,0x00000007aacb0000,0x00000007aeca0000)
  from space 10880K, 82% used [0x00000007aeca0000,0x00000007af5663f0,0x00000007af740000)
  to   space 41536K, 0% used [0x00000007b5520000,0x00000007b5520000,0x00000007b7db0000)
 ParOldGen       total 174528K, used 63439K [0x0000000700600000, 0x000000070b070000, 0x00000007aacb0000)
  object space 174528K, 36% used [0x0000000700600000,0x00000007043f3e48,0x000000070b070000)
 PSPermGen       total 21248K, used 18008K [0x00000006fb400000, 0x00000006fc8c0000, 0x0000000700600000)
  object space 21248K, 84% used [0x00000006fb400000,0x00000006fc5960d0,0x00000006fc8c0000)
}
Event: 10.049 GC heap before
{Heap before GC invocations=6 (full 0):
 PSYoungGen      total 76352K, used 74456K [0x00000007aacb0000, 0x00000007b7db0000, 0x0000000800000000)
  eden space 65472K, 100% used [0x00000007aacb0000,0x00000007aeca0000,0x00000007aeca0000)
  from space 10880K, 82% used [0x00000007aeca0000,0x00000007af5663f0,0x00000007af740000)
  to   space 41536K, 0% used [0x00000007b5520000,0x00000007b5520000,0x00000007b7db0000)
 ParOldGen       total 174528K, used 127939K [0x0000000700600000, 0x000000070b070000, 0x00000007aacb0000)
  object space 174528K, 73% used [0x0000000700600000,0x00000007082f0f68,0x000000070b070000)
 PSPermGen       total 21248K, used 18027K [0x00000006fb400000, 0x00000006fc8c0000, 0x0000000700600000)
  object space 21248K, 84% used [0x00000006fb400000,0x00000006fc59af38,0x00000006fc8c0000)
Event: 10.055 GC heap after
Heap after GC invocations=6 (full 0):
 PSYoungGen      total 169024K, used 5495K [0x00000007aacb0000, 0x00000007b7a50000, 0x0000000800000000)
  eden space 130944K, 0% used [0x00000007aacb0000,0x00000007aacb0000,0x00000007b2c90000)
  from space 38080K, 14% used [0x00000007b5520000,0x00000007b5a7dc30,0x00000007b7a50000)
  to   space 39808K, 0% used [0x00000007b2c90000,0x00000007b2c90000,0x00000007b5370000)
 ParOldGen       total 174528K, used 127939K [0x0000000700600000, 0x000000070b070000, 0x00000007aacb0000)
  object space 174528K, 73% used [0x0000000700600000,0x00000007082f0f68,0x000000070b070000)
 PSPermGen       total 21248K, used 18027K [0x00000006fb400000, 0x00000006fc8c0000, 0x0000000700600000)
  object space 21248K, 84% used [0x00000006fb400000,0x00000006fc59af38,0x00000006fc8c0000)
}
Event: 10.478 GC heap before
{Heap before GC invocations=7 (full 0):
 PSYoungGen      total 169024K, used 130912K [0x00000007aacb0000, 0x00000007b7a50000, 0x0000000800000000)
  eden space 130944K, 95% used [0x00000007aacb0000,0x00000007b272a788,0x00000007b2c90000)
  from space 38080K, 14% used [0x00000007b5520000,0x00000007b5a7dc30,0x00000007b7a50000)
  to   space 39808K, 0% used [0x00000007b2c90000,0x00000007b2c90000,0x00000007b5370000)
 ParOldGen       total 174528K, used 127939K [0x0000000700600000, 0x000000070b070000, 0x00000007aacb0000)
  object space 174528K, 73% used [0x0000000700600000,0x00000007082f0f68,0x000000070b070000)
 PSPermGen       total 21248K, used 18029K [0x00000006fb400000, 0x00000006fc8c0000, 0x0000000700600000)
  object space 21248K, 84% used [0x00000006fb400000,0x00000006fc59b610,0x00000006fc8c0000)
Event: 10.484 GC heap after
Heap after GC invocations=7 (full 0):
 PSYoungGen      total 170752K, used 717K [0x00000007aacb0000, 0x00000007bf8b0000, 0x0000000800000000)
  eden space 130944K, 0% used [0x00000007aacb0000,0x00000007aacb0000,0x00000007b2c90000)
  from space 39808K, 1% used [0x00000007b2c90000,0x00000007b2d43648,0x00000007b5370000)
  to   space 39040K, 0% used [0x00000007bd290000,0x00000007bd290000,0x00000007bf8b0000)
 ParOldGen       total 174528K, used 132903K [0x0000000700600000, 0x000000070b070000, 0x00000007aacb0000)
  object space 174528K, 76% used [0x0000000700600000,0x00000007087c9f30,0x000000070b070000)
 PSPermGen       total 21248K, used 18029K [0x00000006fb400000, 0x00000006fc8c0000, 0x0000000700600000)
  object space 21248K, 84% used [0x00000006fb400000,0x00000006fc59b610,0x00000006fc8c0000)
}
Event: 10.885 GC heap before
{Heap before GC invocations=8 (full 0):
 PSYoungGen      total 170752K, used 129748K [0x00000007aacb0000, 0x00000007bf8b0000, 0x0000000800000000)
  eden space 130944K, 98% used [0x00000007aacb0000,0x00000007b2ab1a20,0x00000007b2c90000)
  from space 39808K, 1% used [0x00000007b2c90000,0x00000007b2d43648,0x00000007b5370000)
  to   space 39040K, 0% used [0x00000007bd290000,0x00000007bd290000,0x00000007bf8b0000)
 ParOldGen       total 174528K, used 132903K [0x0000000700600000, 0x000000070b070000, 0x00000007aacb0000)
  object space 174528K, 76% used [0x0000000700600000,0x00000007087c9f30,0x000000070b070000)
 PSPermGen       total 21248K, used 18034K [0x00000006fb400000, 0x00000006fc8c0000, 0x0000000700600000)
  object space 21248K, 84% used [0x00000006fb400000,0x00000006fc59cac8,0x00000006fc8c0000)
Event: 10.894 GC heap after
Heap after GC invocations=8 (full 0):
 PSYoungGen      total 296512K, used 29427K [0x00000007aacb0000, 0x00000007c0150000, 0x0000000800000000)
  eden space 257472K, 0% used [0x00000007aacb0000,0x00000007aacb0000,0x00000007ba820000)
  from space 39040K, 75% used [0x00000007bd290000,0x00000007bef4cf58,0x00000007bf8b0000)
  to   space 43456K, 0% used [0x00000007ba820000,0x00000007ba820000,0x00000007bd290000)
 ParOldGen       total 174528K, used 133031K [0x0000000700600000, 0x000000070b070000, 0x00000007aacb0000)
  object space 174528K, 76% used [0x0000000700600000,0x00000007087e9f60,0x000000070b070000)
 PSPermGen       total 21248K, used 18034K [0x00000006fb400000, 0x00000006fc8c0000, 0x0000000700600000)
  object space 21248K, 84% used [0x00000006fb400000,0x00000006fc59cac8,0x00000006fc8c0000)
}

