# JRE version: 7.0_07-b11
# Java VM: Java HotSpot(TM) 64-Bit Server VM (23.3-b01 mixed mode windows-amd64 compressed oops)
Heap
 PSYoungGen      total 916928K, used 912394K [0x00000007aacb0000, 0x00000007f4920000, 0x0000000800000000)
  eden space 868032K, 99% used [0x00000007aacb0000,0x00000007dfacec20,0x00000007dfc60000)
  from space 48896K, 94% used [0x00000007dfc60000,0x00000007e2943c20,0x00000007e2c20000)
  to   space 54912K, 0% used [0x00000007f1380000,0x00000007f1380000,0x00000007f4920000)
 ParOldGen       total 217472K, used 61108K [0x0000000700600000, 0x000000070da60000, 0x00000007aacb0000)
  object space 217472K, 28% used [0x0000000700600000,0x00000007041ad0b8,0x000000070da60000)
 PSPermGen       total 39360K, used 18037K [0x00000006fb400000, 0x00000006fda70000, 0x0000000700600000)
  object space 39360K, 45% used [0x00000006fb400000,0x00000006fc59d4b0,0x00000006fda70000)
GC Heap History (10 events):
Event: 15.453 GC heap before
{Heap before GC invocations=14 (full 1):
 PSYoungGen      total 695680K, used 684877K [0x00000007aacb0000, 0x00000007d7c30000, 0x0000000800000000)
  eden space 659456K, 99% used [0x00000007aacb0000,0x00000007d2d1fd18,0x00000007d30b0000)
  from space 36224K, 80% used [0x00000007d56d0000,0x00000007d73338c0,0x00000007d7a30000)
  to   space 38656K, 0% used [0x00000007d30b0000,0x00000007d30b0000,0x00000007d5670000)
 ParOldGen       total 125184K, used 74698K [0x0000000700600000, 0x0000000708040000, 0x00000007aacb0000)
  object space 125184K, 59% used [0x0000000700600000,0x0000000704ef2bf0,0x0000000708040000)
 PSPermGen       total 36288K, used 17909K [0x00000006fb400000, 0x00000006fd770000, 0x0000000700600000)
  object space 36288K, 49% used [0x00000006fb400000,0x00000006fc57d610,0x00000006fd770000)
Event: 15.462 GC heap after
Heap after GC invocations=14 (full 1):
 PSYoungGen      total 698112K, used 37835K [0x00000007aacb0000, 0x00000007e56e0000, 0x0000000800000000)
  eden space 659456K, 0% used [0x00000007aacb0000,0x00000007aacb0000,0x00000007d30b0000)
  from space 38656K, 97% used [0x00000007d30b0000,0x00000007d55a2c10,0x00000007d5670000)
  to   space 43776K, 0% used [0x00000007e2c20000,0x00000007e2c20000,0x00000007e56e0000)
 ParOldGen       total 125184K, used 78156K [0x0000000700600000, 0x0000000708040000, 0x00000007aacb0000)
  object space 125184K, 62% used [0x0000000700600000,0x00000007052530c0,0x0000000708040000)
 PSPermGen       total 36288K, used 17909K [0x00000006fb400000, 0x00000006fd770000, 0x0000000700600000)
  object space 36288K, 49% used [0x00000006fb400000,0x00000006fc57d610,0x00000006fd770000)
}
Event: 16.970 GC heap before
{Heap before GC invocations=15 (full 2):
 PSYoungGen      total 698112K, used 697291K [0x00000007aacb0000, 0x00000007e56e0000, 0x0000000800000000)
  eden space 659456K, 100% used [0x00000007aacb0000,0x00000007d30b0000,0x00000007d30b0000)
  from space 38656K, 97% used [0x00000007d30b0000,0x00000007d55a2c10,0x00000007d5670000)
  to   space 43776K, 0% used [0x00000007e2c20000,0x00000007e2c20000,0x00000007e56e0000)
 ParOldGen       total 224960K, used 224422K [0x0000000700600000, 0x000000070e1b0000, 0x00000007aacb0000)
  object space 224960K, 99% used [0x0000000700600000,0x000000070e1299c0,0x000000070e1b0000)
 PSPermGen       total 36288K, used 17917K [0x00000006fb400000, 0x00000006fd770000, 0x0000000700600000)
  object space 36288K, 49% used [0x00000006fb400000,0x00000006fc57f4a8,0x00000006fd770000)
Event: 17.001 GC heap after
Heap after GC invocations=15 (full 2):
 PSYoungGen      total 698112K, used 0K [0x00000007aacb0000, 0x00000007e56e0000, 0x0000000800000000)
  eden space 659456K, 0% used [0x00000007aacb0000,0x00000007aacb0000,0x00000007d30b0000)
  from space 38656K, 0% used [0x00000007d30b0000,0x00000007d30b0000,0x00000007d5670000)
  to   space 43776K, 0% used [0x00000007e2c20000,0x00000007e2c20000,0x00000007e56e0000)
 ParOldGen       total 180352K, used 22631K [0x0000000700600000, 0x000000070b620000, 0x00000007aacb0000)
  object space 180352K, 12% used [0x0000000700600000,0x0000000701c19d40,0x000000070b620000)
 PSPermGen       total 40576K, used 17917K [0x00000006fb400000, 0x00000006fdba0000, 0x0000000700600000)
  object space 40576K, 44% used [0x00000006fb400000,0x00000006fc57f428,0x00000006fdba0000)
}
Event: 18.187 GC heap before
{Heap before GC invocations=16 (full 2):
 PSYoungGen      total 698112K, used 654372K [0x00000007aacb0000, 0x00000007e56e0000, 0x0000000800000000)
  eden space 659456K, 99% used [0x00000007aacb0000,0x00000007d2bb9050,0x00000007d30b0000)
  from space 38656K, 0% used [0x00000007d30b0000,0x00000007d30b0000,0x00000007d5670000)
  to   space 43776K, 0% used [0x00000007e2c20000,0x00000007e2c20000,0x00000007e56e0000)
 ParOldGen       total 180352K, used 28706K [0x0000000700600000, 0x000000070b620000, 0x00000007aacb0000)
  object space 180352K, 15% used [0x0000000700600000,0x0000000702208950,0x000000070b620000)
 PSPermGen       total 40576K, used 17922K [0x00000006fb400000, 0x00000006fdba0000, 0x0000000700600000)
  object space 40576K, 44% used [0x00000006fb400000,0x00000006fc580af0,0x00000006fdba0000)
Event: 18.197 GC heap after
Heap after GC invocations=16 (full 2):
 PSYoungGen      total 911808K, used 40492K [0x00000007aacb0000, 0x00000007e5e90000, 0x0000000800000000)
  eden space 868032K, 0% used [0x00000007aacb0000,0x00000007aacb0000,0x00000007dfc60000)
  from space 43776K, 92% used [0x00000007e2c20000,0x00000007e53ab350,0x00000007e56e0000)
  to   space 48896K, 0% used [0x00000007dfc60000,0x00000007dfc60000,0x00000007e2c20000)
 ParOldGen       total 180352K, used 32123K [0x0000000700600000, 0x000000070b620000, 0x00000007aacb0000)
  object space 180352K, 17% used [0x0000000700600000,0x000000070255ee20,0x000000070b620000)
 PSPermGen       total 40576K, used 17922K [0x00000006fb400000, 0x00000006fdba0000, 0x0000000700600000)
  object space 40576K, 44% used [0x00000006fb400000,0x00000006fc580af0,0x00000006fdba0000)
}
Event: 20.035 GC heap before
{Heap before GC invocations=17 (full 3):
 PSYoungGen      total 911808K, used 908524K [0x00000007aacb0000, 0x00000007e5e90000, 0x0000000800000000)
  eden space 868032K, 100% used [0x00000007aacb0000,0x00000007dfc60000,0x00000007dfc60000)
  from space 43776K, 92% used [0x00000007e2c20000,0x00000007e53ab350,0x00000007e56e0000)
  to   space 48896K, 0% used [0x00000007dfc60000,0x00000007dfc60000,0x00000007e2c20000)
 ParOldGen       total 180352K, used 163834K [0x0000000700600000, 0x000000070b620000, 0x00000007aacb0000)
  object space 180352K, 90% used [0x0000000700600000,0x000000070a5feab0,0x000000070b620000)
 PSPermGen       total 40576K, used 17926K [0x00000006fb400000, 0x00000006fdba0000, 0x0000000700600000)
  object space 40576K, 44% used [0x00000006fb400000,0x00000006fc581b08,0x00000006fdba0000)
Event: 20.065 GC heap after
Heap after GC invocations=17 (full 3):
 PSYoungGen      total 911808K, used 0K [0x00000007aacb0000, 0x00000007e5e90000, 0x0000000800000000)
  eden space 868032K, 0% used [0x00000007aacb0000,0x00000007aacb0000,0x00000007dfc60000)
  from space 43776K, 0% used [0x00000007e2c20000,0x00000007e2c20000,0x00000007e56e0000)
  to   space 48896K, 0% used [0x00000007dfc60000,0x00000007dfc60000,0x00000007e2c20000)
 ParOldGen       total 217472K, used 19215K [0x0000000700600000, 0x000000070da60000, 0x00000007aacb0000)
  object space 217472K, 8% used [0x0000000700600000,0x00000007018c3f88,0x000000070da60000)
 PSPermGen       total 39360K, used 17926K [0x00000006fb400000, 0x00000006fda70000, 0x0000000700600000)
  object space 39360K, 45% used [0x00000006fb400000,0x00000006fc581b08,0x00000006fda70000)
}
Event: 21.690 GC heap before
{Heap before GC invocations=18 (full 3):
 PSYoungGen      total 911808K, used 863830K [0x00000007aacb0000, 0x00000007e5e90000, 0x0000000800000000)
  eden space 868032K, 99% used [0x00000007aacb0000,0x00000007df845bf8,0x00000007dfc60000)
  from space 43776K, 0% used [0x00000007e2c20000,0x00000007e2c20000,0x00000007e56e0000)
  to   space 48896K, 0% used [0x00000007dfc60000,0x00000007dfc60000,0x00000007e2c20000)
 ParOldGen       total 217472K, used 25290K [0x0000000700600000, 0x000000070da60000, 0x00000007aacb0000)
  object space 217472K, 11% used [0x0000000700600000,0x0000000701eb2b98,0x000000070da60000)
 PSPermGen       total 39360K, used 18030K [0x00000006fb400000, 0x00000006fda70000, 0x0000000700600000)
  object space 39360K, 45% used [0x00000006fb400000,0x00000006fc59bb48,0x00000006fda70000)
Event: 21.704 GC heap after
Heap after GC invocations=18 (full 3):
 PSYoungGen      total 916928K, used 45967K [0x00000007aacb0000, 0x00000007f4920000, 0x0000000800000000)
  eden space 868032K, 0% used [0x00000007aacb0000,0x00000007aacb0000,0x00000007dfc60000)
  from space 48896K, 94% used [0x00000007dfc60000,0x00000007e2943c20,0x00000007e2c20000)
  to   space 54912K, 0% used [0x00000007f1380000,0x00000007f1380000,0x00000007f4920000)
 ParOldGen       total 217472K, used 51615K [0x0000000700600000, 0x000000070da60000, 0x00000007aacb0000)
  object space 217472K, 23% used [0x0000000700600000,0x0000000703867fd8,0x000000070da60000)
 PSPermGen       total 39360K, used 18030K [0x00000006fb400000, 0x00000006fda70000, 0x0000000700600000)
  object space 39360K, 45% used [0x00000006fb400000,0x00000006fc59bb48,0x00000006fda70000)
}

