# JRE version: 7.0_07-b11
# Java VM: Java HotSpot(TM) 64-Bit Server VM (23.3-b01 mixed mode windows-amd64 compressed oops)
Heap
 PSYoungGen      total 1094336K, used 508295K [0x00000007aacb0000, 0x0000000800000000, 0x0000000800000000)
  eden space 1034944K, 49% used [0x00000007aacb0000,0x00000007c9d11e10,0x00000007e9f60000)
  from space 59392K, 0% used [0x00000007e9f60000,0x00000007e9f60000,0x00000007ed960000)
  to   space 58560K, 0% used [0x00000007fc6d0000,0x00000007fc6d0000,0x0000000800000000)
 ParOldGen       total 223168K, used 73113K [0x0000000700600000, 0x000000070dff0000, 0x00000007aacb0000)
  object space 223168K, 32% used [0x0000000700600000,0x0000000704d66418,0x000000070dff0000)
 PSPermGen       total 40960K, used 18331K [0x00000006fb400000, 0x00000006fdc00000, 0x0000000700600000)
  object space 40960K, 44% used [0x00000006fb400000,0x00000006fc5e6cf8,0x00000006fdc00000)
GC Heap History (10 events):
Event: 10.578 GC heap before
{Heap before GC invocations=11 (full 1):
 PSYoungGen      total 567232K, used 514230K [0x00000007aacb0000, 0x00000007e3620000, 0x0000000800000000)
  eden space 520192K, 98% used [0x00000007aacb0000,0x00000007ca2dda08,0x00000007ca8b0000)
  from space 47040K, 0% used [0x00000007ca8b0000,0x00000007ca8b0000,0x00000007cd6a0000)
  to   space 47424K, 0% used [0x00000007e07d0000,0x00000007e07d0000,0x00000007e3620000)
 ParOldGen       total 150208K, used 34672K [0x0000000700600000, 0x00000007098b0000, 0x00000007aacb0000)
  object space 150208K, 23% used [0x0000000700600000,0x00000007027dc178,0x00000007098b0000)
 PSPermGen       total 36800K, used 18152K [0x00000006fb400000, 0x00000006fd7f0000, 0x0000000700600000)
  object space 36800K, 49% used [0x00000006fb400000,0x00000006fc5ba2e0,0x00000006fd7f0000)
Event: 10.591 GC heap after
Heap after GC invocations=11 (full 1):
 PSYoungGen      total 784704K, used 45919K [0x00000007aacb0000, 0x00000007e34b0000, 0x0000000800000000)
  eden space 738752K, 0% used [0x00000007aacb0000,0x00000007aacb0000,0x00000007d7e20000)
  from space 45952K, 99% used [0x00000007e07d0000,0x00000007e34a7e70,0x00000007e34b0000)
  to   space 50880K, 0% used [0x00000007dd150000,0x00000007dd150000,0x00000007e0300000)
 ParOldGen       total 150208K, used 60638K [0x0000000700600000, 0x00000007098b0000, 0x00000007aacb0000)
  object space 150208K, 40% used [0x0000000700600000,0x0000000704137b78,0x00000007098b0000)
 PSPermGen       total 36800K, used 18152K [0x00000006fb400000, 0x00000006fd7f0000, 0x0000000700600000)
  object space 36800K, 49% used [0x00000006fb400000,0x00000006fc5ba2e0,0x00000006fd7f0000)
}
Event: 12.261 GC heap before
{Heap before GC invocations=12 (full 1):
 PSYoungGen      total 784704K, used 779438K [0x00000007aacb0000, 0x00000007e34b0000, 0x0000000800000000)
  eden space 738752K, 99% used [0x00000007aacb0000,0x00000007d7903d80,0x00000007d7e20000)
  from space 45952K, 99% used [0x00000007e07d0000,0x00000007e34a7e70,0x00000007e34b0000)
  to   space 50880K, 0% used [0x00000007dd150000,0x00000007dd150000,0x00000007e0300000)
 ParOldGen       total 150208K, used 60638K [0x0000000700600000, 0x00000007098b0000, 0x00000007aacb0000)
  object space 150208K, 40% used [0x0000000700600000,0x0000000704137b78,0x00000007098b0000)
 PSPermGen       total 36800K, used 18170K [0x00000006fb400000, 0x00000006fd7f0000, 0x0000000700600000)
  object space 36800K, 49% used [0x00000006fb400000,0x00000006fc5be838,0x00000006fd7f0000)
Event: 12.277 GC heap after
Heap after GC invocations=12 (full 1):
 PSYoungGen      total 874816K, used 48824K [0x00000007aacb0000, 0x00000007f0ed0000, 0x0000000800000000)
  eden space 823936K, 0% used [0x00000007aacb0000,0x00000007aacb0000,0x00000007dd150000)
  from space 50880K, 95% used [0x00000007dd150000,0x00000007e00fe3a0,0x00000007e0300000)
  to   space 54720K, 0% used [0x00000007ed960000,0x00000007ed960000,0x00000007f0ed0000)
 ParOldGen       total 150208K, used 79232K [0x0000000700600000, 0x00000007098b0000, 0x00000007aacb0000)
  object space 150208K, 52% used [0x0000000700600000,0x0000000705360338,0x00000007098b0000)
 PSPermGen       total 36800K, used 18170K [0x00000006fb400000, 0x00000006fd7f0000, 0x0000000700600000)
  object space 36800K, 49% used [0x00000006fb400000,0x00000006fc5be838,0x00000006fd7f0000)
}
Event: 16.562 GC heap before
{Heap before GC invocations=13 (full 1):
 PSYoungGen      total 874816K, used 870831K [0x00000007aacb0000, 0x00000007f0ed0000, 0x0000000800000000)
  eden space 823936K, 99% used [0x00000007aacb0000,0x00000007dcf6d888,0x00000007dd150000)
  from space 50880K, 95% used [0x00000007dd150000,0x00000007e00fe3a0,0x00000007e0300000)
  to   space 54720K, 0% used [0x00000007ed960000,0x00000007ed960000,0x00000007f0ed0000)
 ParOldGen       total 150208K, used 79232K [0x0000000700600000, 0x00000007098b0000, 0x00000007aacb0000)
  object space 150208K, 52% used [0x0000000700600000,0x0000000705360338,0x00000007098b0000)
 PSPermGen       total 36800K, used 18277K [0x00000006fb400000, 0x00000006fd7f0000, 0x0000000700600000)
  object space 36800K, 49% used [0x00000006fb400000,0x00000006fc5d9528,0x00000006fd7f0000)
Event: 16.582 GC heap after
Heap after GC invocations=13 (full 1):
 PSYoungGen      total 1089664K, used 53122K [0x00000007aacb0000, 0x00000007f7930000, 0x0000000800000000)
  eden space 1034944K, 0% used [0x00000007aacb0000,0x00000007aacb0000,0x00000007e9f60000)
  from space 54720K, 97% used [0x00000007ed960000,0x00000007f0d40830,0x00000007f0ed0000)
  to   space 59392K, 0% used [0x00000007e9f60000,0x00000007e9f60000,0x00000007ed960000)
 ParOldGen       total 150208K, used 107288K [0x0000000700600000, 0x00000007098b0000, 0x00000007aacb0000)
  object space 150208K, 71% used [0x0000000700600000,0x0000000706ec6148,0x00000007098b0000)
 PSPermGen       total 36800K, used 18277K [0x00000006fb400000, 0x00000006fd7f0000, 0x0000000700600000)
  object space 36800K, 49% used [0x00000006fb400000,0x00000006fc5d9528,0x00000006fd7f0000)
}
Event: 23.415 GC heap before
{Heap before GC invocations=14 (full 1):
 PSYoungGen      total 1089664K, used 1085579K [0x00000007aacb0000, 0x00000007f7930000, 0x0000000800000000)
  eden space 1034944K, 99% used [0x00000007aacb0000,0x00000007e9cf2580,0x00000007e9f60000)
  from space 54720K, 97% used [0x00000007ed960000,0x00000007f0d40830,0x00000007f0ed0000)
  to   space 59392K, 0% used [0x00000007e9f60000,0x00000007e9f60000,0x00000007ed960000)
 ParOldGen       total 150208K, used 107288K [0x0000000700600000, 0x00000007098b0000, 0x00000007aacb0000)
  object space 150208K, 71% used [0x0000000700600000,0x0000000706ec6148,0x00000007098b0000)
 PSPermGen       total 36800K, used 18292K [0x00000006fb400000, 0x00000006fd7f0000, 0x0000000700600000)
  object space 36800K, 49% used [0x00000006fb400000,0x00000006fc5dd018,0x00000006fd7f0000)
Event: 23.426 GC heap after
Heap after GC invocations=14 (full 1):
 PSYoungGen      total 1094336K, used 28732K [0x00000007aacb0000, 0x0000000800000000, 0x0000000800000000)
  eden space 1034944K, 0% used [0x00000007aacb0000,0x00000007aacb0000,0x00000007e9f60000)
  from space 59392K, 48% used [0x00000007e9f60000,0x00000007ebb6f2a0,0x00000007ed960000)
  to   space 58560K, 0% used [0x00000007fc6d0000,0x00000007fc6d0000,0x0000000800000000)
 ParOldGen       total 150208K, used 133782K [0x0000000700600000, 0x00000007098b0000, 0x00000007aacb0000)
  object space 150208K, 89% used [0x0000000700600000,0x00000007088a5b28,0x00000007098b0000)
 PSPermGen       total 36800K, used 18292K [0x00000006fb400000, 0x00000006fd7f0000, 0x0000000700600000)
  object space 36800K, 49% used [0x00000006fb400000,0x00000006fc5dd018,0x00000006fd7f0000)
}
Event: 23.426 GC heap before
{Heap before GC invocations=15 (full 2):
 PSYoungGen      total 1094336K, used 28732K [0x00000007aacb0000, 0x0000000800000000, 0x0000000800000000)
  eden space 1034944K, 0% used [0x00000007aacb0000,0x00000007aacb0000,0x00000007e9f60000)
  from space 59392K, 48% used [0x00000007e9f60000,0x00000007ebb6f2a0,0x00000007ed960000)
  to   space 58560K, 0% used [0x00000007fc6d0000,0x00000007fc6d0000,0x0000000800000000)
 ParOldGen       total 150208K, used 133782K [0x0000000700600000, 0x00000007098b0000, 0x00000007aacb0000)
  object space 150208K, 89% used [0x0000000700600000,0x00000007088a5b28,0x00000007098b0000)
 PSPermGen       total 36800K, used 18292K [0x00000006fb400000, 0x00000006fd7f0000, 0x0000000700600000)
  object space 36800K, 49% used [0x00000006fb400000,0x00000006fc5dd018,0x00000006fd7f0000)
Event: 23.461 GC heap after
Heap after GC invocations=15 (full 2):
 PSYoungGen      total 1094336K, used 0K [0x00000007aacb0000, 0x0000000800000000, 0x0000000800000000)
  eden space 1034944K, 0% used [0x00000007aacb0000,0x00000007aacb0000,0x00000007e9f60000)
  from space 59392K, 0% used [0x00000007e9f60000,0x00000007e9f60000,0x00000007ed960000)
  to   space 58560K, 0% used [0x00000007fc6d0000,0x00000007fc6d0000,0x0000000800000000)
 ParOldGen       total 223168K, used 73113K [0x0000000700600000, 0x000000070dff0000, 0x00000007aacb0000)
  object space 223168K, 32% used [0x0000000700600000,0x0000000704d66418,0x000000070dff0000)
 PSPermGen       total 40960K, used 18291K [0x00000006fb400000, 0x00000006fdc00000, 0x0000000700600000)
  object space 40960K, 44% used [0x00000006fb400000,0x00000006fc5dcf38,0x00000006fdc00000)
}

