# JRE version: 7.0_07-b11
# Java VM: Java HotSpot(TM) 64-Bit Server VM (23.3-b01 mixed mode windows-amd64 compressed oops)
Heap
 PSYoungGen      total 364928K, used 173550K [0x00000007aacb0000, 0x00000007cbcb0000, 0x0000000800000000)
  eden space 269440K, 41% used [0x00000007aacb0000,0x00000007b1935d68,0x00000007bb3d0000)
  from space 95488K, 65% used [0x00000007bb3d0000,0x00000007bf0c5da0,0x00000007c1110000)
  to   space 99584K, 0% used [0x00000007c5b70000,0x00000007c5b70000,0x00000007cbcb0000)
 ParOldGen       total 297216K, used 72838K [0x0000000700600000, 0x0000000712840000, 0x00000007aacb0000)
  object space 297216K, 24% used [0x0000000700600000,0x0000000704d21918,0x0000000712840000)
 PSPermGen       total 39680K, used 18099K [0x00000006fb400000, 0x00000006fdac0000, 0x0000000700600000)
  object space 39680K, 45% used [0x00000006fb400000,0x00000006fc5acec0,0x00000006fdac0000)
GC Heap History (10 events):
Event: 9.543 GC heap before
{Heap before GC invocations=12 (full 3):
 PSYoungGen      total 232832K, used 230144K [0x00000007aacb0000, 0x00000007bd860000, 0x0000000800000000)
  eden space 189760K, 98% used [0x00000007aacb0000,0x00000007b639e370,0x00000007b6600000)
  from space 43072K, 99% used [0x00000007b9890000,0x00000007bc262050,0x00000007bc2a0000)
  to   space 51776K, 0% used [0x00000007b6600000,0x00000007b6600000,0x00000007b9890000)
 ParOldGen       total 297216K, used 48538K [0x0000000700600000, 0x0000000712840000, 0x00000007aacb0000)
  object space 297216K, 16% used [0x0000000700600000,0x00000007035668d8,0x0000000712840000)
 PSPermGen       total 39680K, used 18060K [0x00000006fb400000, 0x00000006fdac0000, 0x0000000700600000)
  object space 39680K, 45% used [0x00000006fb400000,0x00000006fc5a3278,0x00000006fdac0000)
Event: 9.558 GC heap after
Heap after GC invocations=12 (full 3):
 PSYoungGen      total 241536K, used 50764K [0x00000007aacb0000, 0x00000007c0860000, 0x0000000800000000)
  eden space 189760K, 0% used [0x00000007aacb0000,0x00000007aacb0000,0x00000007b6600000)
  from space 51776K, 98% used [0x00000007b6600000,0x00000007b97931f0,0x00000007b9890000)
  to   space 61120K, 0% used [0x00000007bccb0000,0x00000007bccb0000,0x00000007c0860000)
 ParOldGen       total 297216K, used 60688K [0x0000000700600000, 0x0000000712840000, 0x00000007aacb0000)
  object space 297216K, 20% used [0x0000000700600000,0x00000007041440f8,0x0000000712840000)
 PSPermGen       total 39680K, used 18060K [0x00000006fb400000, 0x00000006fdac0000, 0x0000000700600000)
  object space 39680K, 45% used [0x00000006fb400000,0x00000006fc5a3278,0x00000006fdac0000)
}
Event: 9.919 GC heap before
{Heap before GC invocations=13 (full 3):
 PSYoungGen      total 241536K, used 240444K [0x00000007aacb0000, 0x00000007c0860000, 0x0000000800000000)
  eden space 189760K, 99% used [0x00000007aacb0000,0x00000007b65ec0b0,0x00000007b6600000)
  from space 51776K, 98% used [0x00000007b6600000,0x00000007b97931f0,0x00000007b9890000)
  to   space 61120K, 0% used [0x00000007bccb0000,0x00000007bccb0000,0x00000007c0860000)
 ParOldGen       total 297216K, used 60688K [0x0000000700600000, 0x0000000712840000, 0x00000007aacb0000)
  object space 297216K, 20% used [0x0000000700600000,0x00000007041440f8,0x0000000712840000)
 PSPermGen       total 39680K, used 18062K [0x00000006fb400000, 0x00000006fdac0000, 0x0000000700600000)
  object space 39680K, 45% used [0x00000006fb400000,0x00000006fc5a3b38,0x00000006fdac0000)
Event: 9.935 GC heap after
Heap after GC invocations=13 (full 3):
 PSYoungGen      total 284928K, used 59737K [0x00000007aacb0000, 0x00000007c22f0000, 0x0000000800000000)
  eden space 223808K, 0% used [0x00000007aacb0000,0x00000007aacb0000,0x00000007b8740000)
  from space 61120K, 97% used [0x00000007bccb0000,0x00000007c0706740,0x00000007c0860000)
  to   space 71104K, 0% used [0x00000007b8740000,0x00000007b8740000,0x00000007bccb0000)
 ParOldGen       total 297216K, used 72838K [0x0000000700600000, 0x0000000712840000, 0x00000007aacb0000)
  object space 297216K, 24% used [0x0000000700600000,0x0000000704d21918,0x0000000712840000)
 PSPermGen       total 39680K, used 18062K [0x00000006fb400000, 0x00000006fdac0000, 0x0000000700600000)
  object space 39680K, 45% used [0x00000006fb400000,0x00000006fc5a3b38,0x00000006fdac0000)
}
Event: 10.365 GC heap before
{Heap before GC invocations=14 (full 3):
 PSYoungGen      total 284928K, used 283013K [0x00000007aacb0000, 0x00000007c22f0000, 0x0000000800000000)
  eden space 223808K, 99% used [0x00000007aacb0000,0x00000007b86baf98,0x00000007b8740000)
  from space 61120K, 97% used [0x00000007bccb0000,0x00000007c0706740,0x00000007c0860000)
  to   space 71104K, 0% used [0x00000007b8740000,0x00000007b8740000,0x00000007bccb0000)
 ParOldGen       total 297216K, used 72838K [0x0000000700600000, 0x0000000712840000, 0x00000007aacb0000)
  object space 297216K, 24% used [0x0000000700600000,0x0000000704d21918,0x0000000712840000)
 PSPermGen       total 39680K, used 18063K [0x00000006fb400000, 0x00000006fdac0000, 0x0000000700600000)
  object space 39680K, 45% used [0x00000006fb400000,0x00000006fc5a3d98,0x00000006fdac0000)
Event: 10.375 GC heap after
Heap after GC invocations=14 (full 3):
 PSYoungGen      total 294912K, used 66987K [0x00000007aacb0000, 0x00000007c60f0000, 0x0000000800000000)
  eden space 223808K, 0% used [0x00000007aacb0000,0x00000007aacb0000,0x00000007b8740000)
  from space 71104K, 94% used [0x00000007b8740000,0x00000007bc8aad80,0x00000007bccb0000)
  to   space 81792K, 0% used [0x00000007c1110000,0x00000007c1110000,0x00000007c60f0000)
 ParOldGen       total 297216K, used 72838K [0x0000000700600000, 0x0000000712840000, 0x00000007aacb0000)
  object space 297216K, 24% used [0x0000000700600000,0x0000000704d21918,0x0000000712840000)
 PSPermGen       total 39680K, used 18063K [0x00000006fb400000, 0x00000006fdac0000, 0x0000000700600000)
  object space 39680K, 45% used [0x00000006fb400000,0x00000006fc5a3d98,0x00000006fdac0000)
}
Event: 10.801 GC heap before
{Heap before GC invocations=15 (full 3):
 PSYoungGen      total 294912K, used 289996K [0x00000007aacb0000, 0x00000007c60f0000, 0x0000000800000000)
  eden space 223808K, 99% used [0x00000007aacb0000,0x00000007b86784d0,0x00000007b8740000)
  from space 71104K, 94% used [0x00000007b8740000,0x00000007bc8aad80,0x00000007bccb0000)
  to   space 81792K, 0% used [0x00000007c1110000,0x00000007c1110000,0x00000007c60f0000)
 ParOldGen       total 297216K, used 72838K [0x0000000700600000, 0x0000000712840000, 0x00000007aacb0000)
  object space 297216K, 24% used [0x0000000700600000,0x0000000704d21918,0x0000000712840000)
 PSPermGen       total 39680K, used 18065K [0x00000006fb400000, 0x00000006fdac0000, 0x0000000700600000)
  object space 39680K, 45% used [0x00000006fb400000,0x00000006fc5a46b0,0x00000006fdac0000)
Event: 10.821 GC heap after
Heap after GC invocations=15 (full 3):
 PSYoungGen      total 351232K, used 81139K [0x00000007aacb0000, 0x00000007c81a0000, 0x0000000800000000)
  eden space 269440K, 0% used [0x00000007aacb0000,0x00000007aacb0000,0x00000007bb3d0000)
  from space 81792K, 99% used [0x00000007c1110000,0x00000007c604ce40,0x00000007c60f0000)
  to   space 95488K, 0% used [0x00000007bb3d0000,0x00000007bb3d0000,0x00000007c1110000)
 ParOldGen       total 297216K, used 72838K [0x0000000700600000, 0x0000000712840000, 0x00000007aacb0000)
  object space 297216K, 24% used [0x0000000700600000,0x0000000704d21918,0x0000000712840000)
 PSPermGen       total 39680K, used 18065K [0x00000006fb400000, 0x00000006fdac0000, 0x0000000700600000)
  object space 39680K, 45% used [0x00000006fb400000,0x00000006fc5a46b0,0x00000006fdac0000)
}
Event: 11.464 GC heap before
{Heap before GC invocations=16 (full 3):
 PSYoungGen      total 351232K, used 347483K [0x00000007aacb0000, 0x00000007c81a0000, 0x0000000800000000)
  eden space 269440K, 98% used [0x00000007aacb0000,0x00000007bb0ca0f8,0x00000007bb3d0000)
  from space 81792K, 99% used [0x00000007c1110000,0x00000007c604ce40,0x00000007c60f0000)
  to   space 95488K, 0% used [0x00000007bb3d0000,0x00000007bb3d0000,0x00000007c1110000)
 ParOldGen       total 297216K, used 72838K [0x0000000700600000, 0x0000000712840000, 0x00000007aacb0000)
  object space 297216K, 24% used [0x0000000700600000,0x0000000704d21918,0x0000000712840000)
 PSPermGen       total 39680K, used 18072K [0x00000006fb400000, 0x00000006fdac0000, 0x0000000700600000)
  object space 39680K, 45% used [0x00000006fb400000,0x00000006fc5a6308,0x00000006fdac0000)
Event: 11.472 GC heap after
Heap after GC invocations=16 (full 3):
 PSYoungGen      total 364928K, used 62423K [0x00000007aacb0000, 0x00000007cbcb0000, 0x0000000800000000)
  eden space 269440K, 0% used [0x00000007aacb0000,0x00000007aacb0000,0x00000007bb3d0000)
  from space 95488K, 65% used [0x00000007bb3d0000,0x00000007bf0c5da0,0x00000007c1110000)
  to   space 99584K, 0% used [0x00000007c5b70000,0x00000007c5b70000,0x00000007cbcb0000)
 ParOldGen       total 297216K, used 72838K [0x0000000700600000, 0x0000000712840000, 0x00000007aacb0000)
  object space 297216K, 24% used [0x0000000700600000,0x0000000704d21918,0x0000000712840000)
 PSPermGen       total 39680K, used 18072K [0x00000006fb400000, 0x00000006fdac0000, 0x0000000700600000)
  object space 39680K, 45% used [0x00000006fb400000,0x00000006fc5a6308,0x00000006fdac0000)
}

