# JRE version: 7.0_07-b11
# Java VM: Java HotSpot(TM) 64-Bit Server VM (23.3-b01 mixed mode windows-amd64 compressed oops)
Heap
 PSYoungGen      total 1352896K, used 1125671K [0x00000007aacb0000, 0x0000000800000000, 0x0000000800000000)
  eden space 1310144K, 82% used [0x00000007aacb0000,0x00000007ece41ef0,0x00000007fac20000)
  from space 42752K, 99% used [0x00000007fac20000,0x00000007fd5d7f48,0x00000007fd5e0000)
  to   space 43136K, 0% used [0x00000007fd5e0000,0x00000007fd5e0000,0x0000000800000000)
 ParOldGen       total 272768K, used 81155K [0x0000000700600000, 0x0000000711060000, 0x00000007aacb0000)
  object space 272768K, 29% used [0x0000000700600000,0x0000000705540ca0,0x0000000711060000)
 PSPermGen       total 37760K, used 18283K [0x00000006fb400000, 0x00000006fd8e0000, 0x0000000700600000)
  object space 37760K, 48% used [0x00000006fb400000,0x00000006fc5dad98,0x00000006fd8e0000)
GC Heap History (10 events):
Event: 24.164 GC heap before
{Heap before GC invocations=17 (full 4):
 PSYoungGen      total 1162880K, used 1130752K [0x00000007aacb0000, 0x0000000800000000, 0x0000000800000000)
  eden space 1130752K, 100% used [0x00000007aacb0000,0x00000007efcf0000,0x00000007efcf0000)
  from space 32128K, 0% used [0x00000007efcf0000,0x00000007efcf0000,0x00000007f1c50000)
  to   space 34240K, 0% used [0x00000007fde90000,0x00000007fde90000,0x0000000800000000)
 ParOldGen       total 222592K, used 191754K [0x0000000700600000, 0x000000070df60000, 0x00000007aacb0000)
  object space 222592K, 86% used [0x0000000700600000,0x000000070c142840,0x000000070df60000)
 PSPermGen       total 39872K, used 18213K [0x00000006fb400000, 0x00000006fdaf0000, 0x0000000700600000)
  object space 39872K, 45% used [0x00000006fb400000,0x00000006fc5c9530,0x00000006fdaf0000)
Event: 24.197 GC heap after
Heap after GC invocations=17 (full 4):
 PSYoungGen      total 1162880K, used 0K [0x00000007aacb0000, 0x0000000800000000, 0x0000000800000000)
  eden space 1130752K, 0% used [0x00000007aacb0000,0x00000007aacb0000,0x00000007efcf0000)
  from space 32128K, 0% used [0x00000007efcf0000,0x00000007efcf0000,0x00000007f1c50000)
  to   space 34240K, 0% used [0x00000007fde90000,0x00000007fde90000,0x0000000800000000)
 ParOldGen       total 272768K, used 49913K [0x0000000700600000, 0x0000000711060000, 0x00000007aacb0000)
  object space 272768K, 18% used [0x0000000700600000,0x00000007036be700,0x0000000711060000)
 PSPermGen       total 37760K, used 18213K [0x00000006fb400000, 0x00000006fd8e0000, 0x0000000700600000)
  object space 37760K, 48% used [0x00000006fb400000,0x00000006fc5c9510,0x00000006fd8e0000)
}
Event: 26.454 GC heap before
{Heap before GC invocations=18 (full 4):
 PSYoungGen      total 1162880K, used 1130752K [0x00000007aacb0000, 0x0000000800000000, 0x0000000800000000)
  eden space 1130752K, 100% used [0x00000007aacb0000,0x00000007efcf0000,0x00000007efcf0000)
  from space 32128K, 0% used [0x00000007efcf0000,0x00000007efcf0000,0x00000007f1c50000)
  to   space 34240K, 0% used [0x00000007fde90000,0x00000007fde90000,0x0000000800000000)
 ParOldGen       total 272768K, used 49913K [0x0000000700600000, 0x0000000711060000, 0x00000007aacb0000)
  object space 272768K, 18% used [0x0000000700600000,0x00000007036be700,0x0000000711060000)
 PSPermGen       total 37760K, used 18217K [0x00000006fb400000, 0x00000006fd8e0000, 0x0000000700600000)
  object space 37760K, 48% used [0x00000006fb400000,0x00000006fc5ca578,0x00000006fd8e0000)
Event: 26.462 GC heap after
Heap after GC invocations=18 (full 4):
 PSYoungGen      total 1356416K, used 33108K [0x00000007aacb0000, 0x0000000800000000, 0x0000000800000000)
  eden space 1322176K, 0% used [0x00000007aacb0000,0x00000007aacb0000,0x00000007fb7e0000)
  from space 34240K, 96% used [0x00000007fde90000,0x00000007ffee5170,0x0000000800000000)
  to   space 36928K, 0% used [0x00000007fb7e0000,0x00000007fb7e0000,0x00000007fdbf0000)
 ParOldGen       total 272768K, used 49913K [0x0000000700600000, 0x0000000711060000, 0x00000007aacb0000)
  object space 272768K, 18% used [0x0000000700600000,0x00000007036be700,0x0000000711060000)
 PSPermGen       total 37760K, used 18217K [0x00000006fb400000, 0x00000006fd8e0000, 0x0000000700600000)
  object space 37760K, 48% used [0x00000006fb400000,0x00000006fc5ca578,0x00000006fd8e0000)
}
Event: 29.333 GC heap before
{Heap before GC invocations=19 (full 4):
 PSYoungGen      total 1356416K, used 1350346K [0x00000007aacb0000, 0x0000000800000000, 0x0000000800000000)
  eden space 1322176K, 99% used [0x00000007aacb0000,0x00000007fb30d828,0x00000007fb7e0000)
  from space 34240K, 96% used [0x00000007fde90000,0x00000007ffee5170,0x0000000800000000)
  to   space 36928K, 0% used [0x00000007fb7e0000,0x00000007fb7e0000,0x00000007fdbf0000)
 ParOldGen       total 272768K, used 49913K [0x0000000700600000, 0x0000000711060000, 0x00000007aacb0000)
  object space 272768K, 18% used [0x0000000700600000,0x00000007036be700,0x0000000711060000)
 PSPermGen       total 37760K, used 18239K [0x00000006fb400000, 0x00000006fd8e0000, 0x0000000700600000)
  object space 37760K, 48% used [0x00000006fb400000,0x00000006fc5cfc68,0x00000006fd8e0000)
Event: 29.343 GC heap after
Heap after GC invocations=19 (full 4):
 PSYoungGen      total 1358528K, used 36329K [0x00000007aacb0000, 0x0000000800000000, 0x0000000800000000)
  eden space 1322176K, 0% used [0x00000007aacb0000,0x00000007aacb0000,0x00000007fb7e0000)
  from space 36352K, 99% used [0x00000007fb7e0000,0x00000007fdb5a790,0x00000007fdb60000)
  to   space 37504K, 0% used [0x00000007fdb60000,0x00000007fdb60000,0x0000000800000000)
 ParOldGen       total 272768K, used 60155K [0x0000000700600000, 0x0000000711060000, 0x00000007aacb0000)
  object space 272768K, 22% used [0x0000000700600000,0x00000007040bee20,0x0000000711060000)
 PSPermGen       total 37760K, used 18239K [0x00000006fb400000, 0x00000006fd8e0000, 0x0000000700600000)
  object space 37760K, 48% used [0x00000006fb400000,0x00000006fc5cfc68,0x00000006fd8e0000)
}
Event: 34.841 GC heap before
{Heap before GC invocations=20 (full 4):
 PSYoungGen      total 1358528K, used 1357375K [0x00000007aacb0000, 0x0000000800000000, 0x0000000800000000)
  eden space 1322176K, 99% used [0x00000007aacb0000,0x00000007fb6c56d0,0x00000007fb7e0000)
  from space 36352K, 99% used [0x00000007fb7e0000,0x00000007fdb5a790,0x00000007fdb60000)
  to   space 37504K, 0% used [0x00000007fdb60000,0x00000007fdb60000,0x0000000800000000)
 ParOldGen       total 272768K, used 60155K [0x0000000700600000, 0x0000000711060000, 0x00000007aacb0000)
  object space 272768K, 22% used [0x0000000700600000,0x00000007040bee20,0x0000000711060000)
 PSPermGen       total 37760K, used 18246K [0x00000006fb400000, 0x00000006fd8e0000, 0x0000000700600000)
  object space 37760K, 48% used [0x00000006fb400000,0x00000006fc5d1920,0x00000006fd8e0000)
Event: 34.848 GC heap after
Heap after GC invocations=20 (full 4):
 PSYoungGen      total 1347648K, used 36355K [0x00000007aacb0000, 0x0000000800000000, 0x0000000800000000)
  eden space 1310144K, 0% used [0x00000007aacb0000,0x00000007aacb0000,0x00000007fac20000)
  from space 37504K, 96% used [0x00000007fdb60000,0x00000007ffee0d70,0x0000000800000000)
  to   space 42944K, 0% used [0x00000007fac20000,0x00000007fac20000,0x00000007fd610000)
 ParOldGen       total 272768K, used 68505K [0x0000000700600000, 0x0000000711060000, 0x00000007aacb0000)
  object space 272768K, 25% used [0x0000000700600000,0x00000007048e65a0,0x0000000711060000)
 PSPermGen       total 37760K, used 18246K [0x00000006fb400000, 0x00000006fd8e0000, 0x0000000700600000)
  object space 37760K, 48% used [0x00000006fb400000,0x00000006fc5d1920,0x00000006fd8e0000)
}
Event: 37.714 GC heap before
{Heap before GC invocations=21 (full 4):
 PSYoungGen      total 1347648K, used 1346274K [0x00000007aacb0000, 0x0000000800000000, 0x0000000800000000)
  eden space 1310144K, 99% used [0x00000007aacb0000,0x00000007fabe7d18,0x00000007fac20000)
  from space 37504K, 96% used [0x00000007fdb60000,0x00000007ffee0d70,0x0000000800000000)
  to   space 42944K, 0% used [0x00000007fac20000,0x00000007fac20000,0x00000007fd610000)
 ParOldGen       total 272768K, used 70530K [0x0000000700600000, 0x0000000711060000, 0x00000007aacb0000)
  object space 272768K, 25% used [0x0000000700600000,0x0000000704ae09b0,0x0000000711060000)
 PSPermGen       total 37760K, used 18254K [0x00000006fb400000, 0x00000006fd8e0000, 0x0000000700600000)
  object space 37760K, 48% used [0x00000006fb400000,0x00000006fc5d3a78,0x00000006fd8e0000)
Event: 37.723 GC heap after
Heap after GC invocations=21 (full 4):
 PSYoungGen      total 1352896K, used 42719K [0x00000007aacb0000, 0x0000000800000000, 0x0000000800000000)
  eden space 1310144K, 0% used [0x00000007aacb0000,0x00000007aacb0000,0x00000007fac20000)
  from space 42752K, 99% used [0x00000007fac20000,0x00000007fd5d7f48,0x00000007fd5e0000)
  to   space 43136K, 0% used [0x00000007fd5e0000,0x00000007fd5e0000,0x0000000800000000)
 ParOldGen       total 272768K, used 81155K [0x0000000700600000, 0x0000000711060000, 0x00000007aacb0000)
  object space 272768K, 29% used [0x0000000700600000,0x0000000705540ca0,0x0000000711060000)
 PSPermGen       total 37760K, used 18254K [0x00000006fb400000, 0x00000006fd8e0000, 0x0000000700600000)
  object space 37760K, 48% used [0x00000006fb400000,0x00000006fc5d3a78,0x00000006fd8e0000)
}

