# JRE version: 7.0_07-b11
# Java VM: Java HotSpot(TM) 64-Bit Server VM (23.3-b01 mixed mode windows-amd64 compressed oops)
Heap
 PSYoungGen      total 1301504K, used 1060721K [0x00000007aacb0000, 0x0000000800000000, 0x0000000800000000)
  eden space 1252800K, 80% used [0x00000007aacb0000,0x00000007e88fe710,0x00000007f7420000)
  from space 48704K, 99% used [0x00000007f7420000,0x00000007fa3ade80,0x00000007fa3b0000)
  to   space 74496K, 0% used [0x00000007fb740000,0x00000007fb740000,0x0000000800000000)
 ParOldGen       total 249664K, used 48644K [0x0000000700600000, 0x000000070f9d0000, 0x00000007aacb0000)
  object space 249664K, 19% used [0x0000000700600000,0x0000000703581270,0x000000070f9d0000)
 PSPermGen       total 37760K, used 18097K [0x00000006fb400000, 0x00000006fd8e0000, 0x0000000700600000)
  object space 37760K, 47% used [0x00000006fb400000,0x00000006fc5ac770,0x00000006fd8e0000)
GC Heap History (10 events):
Event: 22.463 GC heap before
{Heap before GC invocations=21 (full 3):
 PSYoungGen      total 988800K, used 954395K [0x00000007aacb0000, 0x00000007f7d70000, 0x0000000800000000)
  eden space 920256K, 99% used [0x00000007aacb0000,0x00000007e2f53c88,0x00000007e2f60000)
  from space 68544K, 49% used [0x00000007e2f60000,0x00000007e50c2f98,0x00000007e7250000)
  to   space 66304K, 0% used [0x00000007f3cb0000,0x00000007f3cb0000,0x00000007f7d70000)
 ParOldGen       total 214784K, used 97130K [0x0000000700600000, 0x000000070d7c0000, 0x00000007aacb0000)
  object space 214784K, 45% used [0x0000000700600000,0x00000007064da8a0,0x000000070d7c0000)
 PSPermGen       total 39296K, used 18051K [0x00000006fb400000, 0x00000006fda60000, 0x0000000700600000)
  object space 39296K, 45% used [0x00000006fb400000,0x00000006fc5a0f80,0x00000006fda60000)
Event: 22.487 GC heap after
Heap after GC invocations=21 (full 3):
 PSYoungGen      total 1195520K, used 41222K [0x00000007aacb0000, 0x00000007f8900000, 0x0000000800000000)
  eden space 1129216K, 0% used [0x00000007aacb0000,0x00000007aacb0000,0x00000007efb70000)
  from space 66304K, 62% used [0x00000007f3cb0000,0x00000007f64f1870,0x00000007f7d70000)
  to   space 66816K, 0% used [0x00000007efb70000,0x00000007efb70000,0x00000007f3cb0000)
 ParOldGen       total 214784K, used 125351K [0x0000000700600000, 0x000000070d7c0000, 0x00000007aacb0000)
  object space 214784K, 58% used [0x0000000700600000,0x0000000708069e50,0x000000070d7c0000)
 PSPermGen       total 39296K, used 18051K [0x00000006fb400000, 0x00000006fda60000, 0x0000000700600000)
  object space 39296K, 45% used [0x00000006fb400000,0x00000006fc5a0f80,0x00000006fda60000)
}
Event: 24.858 GC heap before
{Heap before GC invocations=22 (full 3):
 PSYoungGen      total 1195520K, used 1169933K [0x00000007aacb0000, 0x00000007f8900000, 0x0000000800000000)
  eden space 1129216K, 99% used [0x00000007aacb0000,0x00000007efaf1e90,0x00000007efb70000)
  from space 66304K, 62% used [0x00000007f3cb0000,0x00000007f64f1870,0x00000007f7d70000)
  to   space 66816K, 0% used [0x00000007efb70000,0x00000007efb70000,0x00000007f3cb0000)
 ParOldGen       total 214784K, used 130793K [0x0000000700600000, 0x000000070d7c0000, 0x00000007aacb0000)
  object space 214784K, 60% used [0x0000000700600000,0x00000007085ba730,0x000000070d7c0000)
 PSPermGen       total 39296K, used 18073K [0x00000006fb400000, 0x00000006fda60000, 0x0000000700600000)
  object space 39296K, 45% used [0x00000006fb400000,0x00000006fc5a6670,0x00000006fda60000)
Event: 24.885 GC heap after
Heap after GC invocations=22 (full 3):
 PSYoungGen      total 1196032K, used 48801K [0x00000007aacb0000, 0x0000000800000000, 0x0000000800000000)
  eden space 1129216K, 0% used [0x00000007aacb0000,0x00000007aacb0000,0x00000007efb70000)
  from space 66816K, 73% used [0x00000007efb70000,0x00000007f2b18558,0x00000007f3cb0000)
  to   space 69760K, 0% used [0x00000007fbbe0000,0x00000007fbbe0000,0x0000000800000000)
 ParOldGen       total 214784K, used 130849K [0x0000000700600000, 0x000000070d7c0000, 0x00000007aacb0000)
  object space 214784K, 60% used [0x0000000700600000,0x00000007085c8740,0x000000070d7c0000)
 PSPermGen       total 39296K, used 18073K [0x00000006fb400000, 0x00000006fda60000, 0x0000000700600000)
  object space 39296K, 45% used [0x00000006fb400000,0x00000006fc5a6670,0x00000006fda60000)
}
Event: 27.025 GC heap before
{Heap before GC invocations=23 (full 3):
 PSYoungGen      total 1196032K, used 1178017K [0x00000007aacb0000, 0x0000000800000000, 0x0000000800000000)
  eden space 1129216K, 100% used [0x00000007aacb0000,0x00000007efb70000,0x00000007efb70000)
  from space 66816K, 73% used [0x00000007efb70000,0x00000007f2b18558,0x00000007f3cb0000)
  to   space 69760K, 0% used [0x00000007fbbe0000,0x00000007fbbe0000,0x0000000800000000)
 ParOldGen       total 214784K, used 177262K [0x0000000700600000, 0x000000070d7c0000, 0x00000007aacb0000)
  object space 214784K, 82% used [0x0000000700600000,0x000000070b31bbd0,0x000000070d7c0000)
 PSPermGen       total 39296K, used 18078K [0x00000006fb400000, 0x00000006fda60000, 0x0000000700600000)
  object space 39296K, 46% used [0x00000006fb400000,0x00000006fc5a7950,0x00000006fda60000)
Event: 27.029 GC heap after
Heap after GC invocations=23 (full 3):
 PSYoungGen      total 1322560K, used 256K [0x00000007aacb0000, 0x0000000800000000, 0x0000000800000000)
  eden space 1252800K, 0% used [0x00000007aacb0000,0x00000007aacb0000,0x00000007f7420000)
  from space 69760K, 0% used [0x00000007fbbe0000,0x00000007fbc20000,0x0000000800000000)
  to   space 71616K, 0% used [0x00000007f7420000,0x00000007f7420000,0x00000007fba10000)
 ParOldGen       total 214784K, used 205542K [0x0000000700600000, 0x000000070d7c0000, 0x00000007aacb0000)
  object space 214784K, 95% used [0x0000000700600000,0x000000070ceb9a30,0x000000070d7c0000)
 PSPermGen       total 39296K, used 18078K [0x00000006fb400000, 0x00000006fda60000, 0x0000000700600000)
  object space 39296K, 46% used [0x00000006fb400000,0x00000006fc5a7950,0x00000006fda60000)
}
Event: 27.029 GC heap before
{Heap before GC invocations=24 (full 4):
 PSYoungGen      total 1322560K, used 256K [0x00000007aacb0000, 0x0000000800000000, 0x0000000800000000)
  eden space 1252800K, 0% used [0x00000007aacb0000,0x00000007aacb0000,0x00000007f7420000)
  from space 69760K, 0% used [0x00000007fbbe0000,0x00000007fbc20000,0x0000000800000000)
  to   space 71616K, 0% used [0x00000007f7420000,0x00000007f7420000,0x00000007fba10000)
 ParOldGen       total 214784K, used 205542K [0x0000000700600000, 0x000000070d7c0000, 0x00000007aacb0000)
  object space 214784K, 95% used [0x0000000700600000,0x000000070ceb9a30,0x000000070d7c0000)
 PSPermGen       total 39296K, used 18078K [0x00000006fb400000, 0x00000006fda60000, 0x0000000700600000)
  object space 39296K, 46% used [0x00000006fb400000,0x00000006fc5a7950,0x00000006fda60000)
Event: 27.054 GC heap after
Heap after GC invocations=24 (full 4):
 PSYoungGen      total 1322560K, used 0K [0x00000007aacb0000, 0x0000000800000000, 0x0000000800000000)
  eden space 1252800K, 0% used [0x00000007aacb0000,0x00000007aacb0000,0x00000007f7420000)
  from space 69760K, 0% used [0x00000007fbbe0000,0x00000007fbbe0000,0x0000000800000000)
  to   space 71616K, 0% used [0x00000007f7420000,0x00000007f7420000,0x00000007fba10000)
 ParOldGen       total 249664K, used 40544K [0x0000000700600000, 0x000000070f9d0000, 0x00000007aacb0000)
  object space 249664K, 16% used [0x0000000700600000,0x0000000702d98250,0x000000070f9d0000)
 PSPermGen       total 37760K, used 18078K [0x00000006fb400000, 0x00000006fd8e0000, 0x0000000700600000)
  object space 37760K, 47% used [0x00000006fb400000,0x00000006fc5a78b0,0x00000006fd8e0000)
}
Event: 30.025 GC heap before
{Heap before GC invocations=25 (full 4):
 PSYoungGen      total 1322560K, used 1252029K [0x00000007aacb0000, 0x0000000800000000, 0x0000000800000000)
  eden space 1252800K, 99% used [0x00000007aacb0000,0x00000007f735f7a0,0x00000007f7420000)
  from space 69760K, 0% used [0x00000007fbbe0000,0x00000007fbbe0000,0x0000000800000000)
  to   space 71616K, 0% used [0x00000007f7420000,0x00000007f7420000,0x00000007fba10000)
 ParOldGen       total 249664K, used 48644K [0x0000000700600000, 0x000000070f9d0000, 0x00000007aacb0000)
  object space 249664K, 19% used [0x0000000700600000,0x0000000703581270,0x000000070f9d0000)
 PSPermGen       total 37760K, used 18089K [0x00000006fb400000, 0x00000006fd8e0000, 0x0000000700600000)
  object space 37760K, 47% used [0x00000006fb400000,0x00000006fc5aa530,0x00000006fd8e0000)
Event: 30.052 GC heap after
Heap after GC invocations=25 (full 4):
 PSYoungGen      total 1301504K, used 48695K [0x00000007aacb0000, 0x0000000800000000, 0x0000000800000000)
  eden space 1252800K, 0% used [0x00000007aacb0000,0x00000007aacb0000,0x00000007f7420000)
  from space 48704K, 99% used [0x00000007f7420000,0x00000007fa3ade80,0x00000007fa3b0000)
  to   space 74496K, 0% used [0x00000007fb740000,0x00000007fb740000,0x0000000800000000)
 ParOldGen       total 249664K, used 48644K [0x0000000700600000, 0x000000070f9d0000, 0x00000007aacb0000)
  object space 249664K, 19% used [0x0000000700600000,0x0000000703581270,0x000000070f9d0000)
 PSPermGen       total 37760K, used 18089K [0x00000006fb400000, 0x00000006fd8e0000, 0x0000000700600000)
  object space 37760K, 47% used [0x00000006fb400000,0x00000006fc5aa530,0x00000006fd8e0000)
}

