# JRE version: 7.0_07-b11
# Java VM: Java HotSpot(TM) 64-Bit Server VM (23.3-b01 mixed mode windows-amd64 compressed oops)
Heap
 PSYoungGen      total 434752K, used 129568K [0x00000007aacb0000, 0x00000007c8e60000, 0x0000000800000000)
  eden space 394176K, 25% used [0x00000007aacb0000,0x00000007b0f30f38,0x00000007c2da0000)
  from space 40576K, 70% used [0x00000007c66c0000,0x00000007c82c72a0,0x00000007c8e60000)
  to   space 49536K, 0% used [0x00000007c2da0000,0x00000007c2da0000,0x00000007c5e00000)
 ParOldGen       total 467328K, used 22220K [0x0000000700600000, 0x000000071ce60000, 0x00000007aacb0000)
  object space 467328K, 4% used [0x0000000700600000,0x0000000701bb3210,0x000000071ce60000)
 PSPermGen       total 27648K, used 18321K [0x00000006fb400000, 0x00000006fcf00000, 0x0000000700600000)
  object space 27648K, 66% used [0x00000006fb400000,0x00000006fc5e47d0,0x00000006fcf00000)
GC Heap History (10 events):
Event: 56.762 GC heap before
{Heap before GC invocations=38 (full 9):
 PSYoungGen      total 455616K, used 454257K [0x00000007aacb0000, 0x00000007cc300000, 0x0000000800000000)
  eden space 434816K, 99% used [0x00000007aacb0000,0x00000007c53fe7f8,0x00000007c5550000)
  from space 20800K, 99% used [0x00000007caeb0000,0x00000007cc2fdce0,0x00000007cc300000)
  to   space 46080K, 0% used [0x00000007c6900000,0x00000007c6900000,0x00000007c9600000)
 ParOldGen       total 489088K, used 31713K [0x0000000700600000, 0x000000071e3a0000, 0x00000007aacb0000)
  object space 489088K, 6% used [0x0000000700600000,0x00000007024f8498,0x000000071e3a0000)
 PSPermGen       total 29312K, used 18263K [0x00000006fb400000, 0x00000006fd0a0000, 0x0000000700600000)
  object space 29312K, 62% used [0x00000006fb400000,0x00000006fc5d5c28,0x00000006fd0a0000)
Event: 56.769 GC heap after
Heap after GC invocations=38 (full 9):
 PSYoungGen      total 463168K, used 39016K [0x00000007aacb0000, 0x00000007caf80000, 0x0000000800000000)
  eden space 424128K, 0% used [0x00000007aacb0000,0x00000007aacb0000,0x00000007c4ae0000)
  from space 39040K, 99% used [0x00000007c6900000,0x00000007c8f1a110,0x00000007c8f20000)
  to   space 33152K, 0% used [0x00000007c8f20000,0x00000007c8f20000,0x00000007caf80000)
 ParOldGen       total 489088K, used 31713K [0x0000000700600000, 0x000000071e3a0000, 0x00000007aacb0000)
  object space 489088K, 6% used [0x0000000700600000,0x00000007024f8498,0x000000071e3a0000)
 PSPermGen       total 29312K, used 18263K [0x00000006fb400000, 0x00000006fd0a0000, 0x0000000700600000)
  object space 29312K, 62% used [0x00000006fb400000,0x00000006fc5d5c28,0x00000006fd0a0000)
}
Event: 59.329 GC heap before
{Heap before GC invocations=39 (full 9):
 PSYoungGen      total 463168K, used 463144K [0x00000007aacb0000, 0x00000007caf80000, 0x0000000800000000)
  eden space 424128K, 100% used [0x00000007aacb0000,0x00000007c4ae0000,0x00000007c4ae0000)
  from space 39040K, 99% used [0x00000007c6900000,0x00000007c8f1a110,0x00000007c8f20000)
  to   space 33152K, 0% used [0x00000007c8f20000,0x00000007c8f20000,0x00000007caf80000)
 ParOldGen       total 489088K, used 310404K [0x0000000700600000, 0x000000071e3a0000, 0x00000007aacb0000)
  object space 489088K, 63% used [0x0000000700600000,0x0000000713521368,0x000000071e3a0000)
 PSPermGen       total 29312K, used 18265K [0x00000006fb400000, 0x00000006fd0a0000, 0x0000000700600000)
  object space 29312K, 62% used [0x00000006fb400000,0x00000006fc5d6470,0x00000006fd0a0000)
Event: 59.333 GC heap after
Heap after GC invocations=39 (full 9):
 PSYoungGen      total 432832K, used 10475K [0x00000007aacb0000, 0x00000007ca1b0000, 0x0000000800000000)
  eden space 413824K, 0% used [0x00000007aacb0000,0x00000007aacb0000,0x00000007c40d0000)
  from space 19008K, 55% used [0x00000007c8f20000,0x00000007c995ae70,0x00000007ca1b0000)
  to   space 49600K, 0% used [0x00000007c40d0000,0x00000007c40d0000,0x00000007c7140000)
 ParOldGen       total 489088K, used 310404K [0x0000000700600000, 0x000000071e3a0000, 0x00000007aacb0000)
  object space 489088K, 63% used [0x0000000700600000,0x0000000713521368,0x000000071e3a0000)
 PSPermGen       total 29312K, used 18265K [0x00000006fb400000, 0x00000006fd0a0000, 0x0000000700600000)
  object space 29312K, 62% used [0x00000006fb400000,0x00000006fc5d6470,0x00000006fd0a0000)
}
Event: 60.828 GC heap before
{Heap before GC invocations=40 (full 9):
 PSYoungGen      total 432832K, used 422291K [0x00000007aacb0000, 0x00000007ca1b0000, 0x0000000800000000)
  eden space 413824K, 99% used [0x00000007aacb0000,0x00000007c3ed9f58,0x00000007c40d0000)
  from space 19008K, 55% used [0x00000007c8f20000,0x00000007c995ae70,0x00000007ca1b0000)
  to   space 49600K, 0% used [0x00000007c40d0000,0x00000007c40d0000,0x00000007c7140000)
 ParOldGen       total 489088K, used 316479K [0x0000000700600000, 0x000000071e3a0000, 0x00000007aacb0000)
  object space 489088K, 64% used [0x0000000700600000,0x0000000713b0ff78,0x000000071e3a0000)
 PSPermGen       total 29312K, used 18275K [0x00000006fb400000, 0x00000006fd0a0000, 0x0000000700600000)
  object space 29312K, 62% used [0x00000006fb400000,0x00000006fc5d8dd0,0x00000006fd0a0000)
Event: 60.834 GC heap after
Heap after GC invocations=40 (full 9):
 PSYoungGen      total 428096K, used 24176K [0x00000007aacb0000, 0x00000007c9660000, 0x0000000800000000)
  eden space 403904K, 0% used [0x00000007aacb0000,0x00000007aacb0000,0x00000007c3720000)
  from space 24192K, 99% used [0x00000007c40d0000,0x00000007c586c1b0,0x00000007c5870000)
  to   space 48768K, 0% used [0x00000007c66c0000,0x00000007c66c0000,0x00000007c9660000)
 ParOldGen       total 489088K, used 316479K [0x0000000700600000, 0x000000071e3a0000, 0x00000007aacb0000)
  object space 489088K, 64% used [0x0000000700600000,0x0000000713b0ff78,0x000000071e3a0000)
 PSPermGen       total 29312K, used 18275K [0x00000006fb400000, 0x00000006fd0a0000, 0x0000000700600000)
  object space 29312K, 62% used [0x00000006fb400000,0x00000006fc5d8dd0,0x00000006fd0a0000)
}
Event: 63.551 GC heap before
{Heap before GC invocations=41 (full 10):
 PSYoungGen      total 428096K, used 426674K [0x00000007aacb0000, 0x00000007c9660000, 0x0000000800000000)
  eden space 403904K, 99% used [0x00000007aacb0000,0x00000007c35c09c0,0x00000007c3720000)
  from space 24192K, 99% used [0x00000007c40d0000,0x00000007c586c1b0,0x00000007c5870000)
  to   space 48768K, 0% used [0x00000007c66c0000,0x00000007c66c0000,0x00000007c9660000)
 ParOldGen       total 619136K, used 616813K [0x0000000700600000, 0x00000007262a0000, 0x00000007aacb0000)
  object space 619136K, 99% used [0x0000000700600000,0x000000072605b6a8,0x00000007262a0000)
 PSPermGen       total 29312K, used 18285K [0x00000006fb400000, 0x00000006fd0a0000, 0x0000000700600000)
  object space 29312K, 62% used [0x00000006fb400000,0x00000006fc5db518,0x00000006fd0a0000)
Event: 63.588 GC heap after
Heap after GC invocations=41 (full 10):
 PSYoungGen      total 428096K, used 0K [0x00000007aacb0000, 0x00000007c9660000, 0x0000000800000000)
  eden space 403904K, 0% used [0x00000007aacb0000,0x00000007aacb0000,0x00000007c3720000)
  from space 24192K, 0% used [0x00000007c40d0000,0x00000007c40d0000,0x00000007c5870000)
  to   space 48768K, 0% used [0x00000007c66c0000,0x00000007c66c0000,0x00000007c9660000)
 ParOldGen       total 467328K, used 22220K [0x0000000700600000, 0x000000071ce60000, 0x00000007aacb0000)
  object space 467328K, 4% used [0x0000000700600000,0x0000000701bb3210,0x000000071ce60000)
 PSPermGen       total 27648K, used 18285K [0x00000006fb400000, 0x00000006fcf00000, 0x0000000700600000)
  object space 27648K, 66% used [0x00000006fb400000,0x00000006fc5db518,0x00000006fcf00000)
}
Event: 65.041 GC heap before
{Heap before GC invocations=42 (full 10):
 PSYoungGen      total 428096K, used 398907K [0x00000007aacb0000, 0x00000007c9660000, 0x0000000800000000)
  eden space 403904K, 98% used [0x00000007aacb0000,0x00000007c323ee50,0x00000007c3720000)
  from space 24192K, 0% used [0x00000007c40d0000,0x00000007c40d0000,0x00000007c5870000)
  to   space 48768K, 0% used [0x00000007c66c0000,0x00000007c66c0000,0x00000007c9660000)
 ParOldGen       total 467328K, used 22220K [0x0000000700600000, 0x000000071ce60000, 0x00000007aacb0000)
  object space 467328K, 4% used [0x0000000700600000,0x0000000701bb3210,0x000000071ce60000)
 PSPermGen       total 27648K, used 18294K [0x00000006fb400000, 0x00000006fcf00000, 0x0000000700600000)
  object space 27648K, 66% used [0x00000006fb400000,0x00000006fc5ddac8,0x00000006fcf00000)
Event: 65.045 GC heap after
Heap after GC invocations=42 (full 10):
 PSYoungGen      total 434752K, used 28700K [0x00000007aacb0000, 0x00000007c8e60000, 0x0000000800000000)
  eden space 394176K, 0% used [0x00000007aacb0000,0x00000007aacb0000,0x00000007c2da0000)
  from space 40576K, 70% used [0x00000007c66c0000,0x00000007c82c72a0,0x00000007c8e60000)
  to   space 49536K, 0% used [0x00000007c2da0000,0x00000007c2da0000,0x00000007c5e00000)
 ParOldGen       total 467328K, used 22220K [0x0000000700600000, 0x000000071ce60000, 0x00000007aacb0000)
  object space 467328K, 4% used [0x0000000700600000,0x0000000701bb3210,0x000000071ce60000)
 PSPermGen       total 27648K, used 18294K [0x00000006fb400000, 0x00000006fcf00000, 0x0000000700600000)
  object space 27648K, 66% used [0x00000006fb400000,0x00000006fc5ddac8,0x00000006fcf00000)
}

