# JRE version: 7.0_07-b11
# Java VM: Java HotSpot(TM) 64-Bit Server VM (23.3-b01 mixed mode windows-amd64 compressed oops)
Heap
 PSYoungGen      total 986880K, used 720070K [0x00000007aacb0000, 0x00000007f1990000, 0x0000000800000000)
  eden space 869696K, 80% used [0x00000007aacb0000,0x00000007d57a3ba0,0x00000007dfe00000)
  from space 117184K, 17% used [0x00000007dfe00000,0x00000007e123dce0,0x00000007e7070000)
  to   space 117248K, 0% used [0x00000007ea710000,0x00000007ea710000,0x00000007f1990000)
 ParOldGen       total 585216K, used 368398K [0x0000000700600000, 0x0000000724180000, 0x00000007aacb0000)
  object space 585216K, 62% used [0x0000000700600000,0x0000000716dc38d8,0x0000000724180000)
 PSPermGen       total 29312K, used 18345K [0x00000006fb400000, 0x00000006fd0a0000, 0x0000000700600000)
  object space 29312K, 62% used [0x00000006fb400000,0x00000006fc5ea638,0x00000006fd0a0000)
GC Heap History (10 events):
Event: 53.697 GC heap before
{Heap before GC invocations=40 (full 8):
 PSYoungGen      total 849216K, used 827005K [0x00000007aacb0000, 0x00000007e96e0000, 0x0000000800000000)
  eden space 750208K, 99% used [0x00000007aacb0000,0x00000007d86481f8,0x00000007d8950000)
  from space 99008K, 80% used [0x00000007d8950000,0x00000007dd757368,0x00000007dea00000)
  to   space 102976K, 0% used [0x00000007e3250000,0x00000007e3250000,0x00000007e96e0000)
 ParOldGen       total 503232K, used 202103K [0x0000000700600000, 0x000000071f170000, 0x00000007aacb0000)
  object space 503232K, 40% used [0x0000000700600000,0x000000070cb5df08,0x000000071f170000)
 PSPermGen       total 30976K, used 18215K [0x00000006fb400000, 0x00000006fd240000, 0x0000000700600000)
  object space 30976K, 58% used [0x00000006fb400000,0x00000006fc5c9f78,0x00000006fd240000)
Event: 53.732 GC heap after
Heap after GC invocations=40 (full 8):
 PSYoungGen      total 911936K, used 102226K [0x00000007aacb0000, 0x00000007eb740000, 0x0000000800000000)
  eden space 808960K, 0% used [0x00000007aacb0000,0x00000007aacb0000,0x00000007dc2b0000)
  from space 102976K, 99% used [0x00000007e3250000,0x00000007e9624a38,0x00000007e96e0000)
  to   space 114304K, 0% used [0x00000007dc2b0000,0x00000007dc2b0000,0x00000007e3250000)
 ParOldGen       total 503232K, used 202103K [0x0000000700600000, 0x000000071f170000, 0x00000007aacb0000)
  object space 503232K, 40% used [0x0000000700600000,0x000000070cb5df08,0x000000071f170000)
 PSPermGen       total 30976K, used 18215K [0x00000006fb400000, 0x00000006fd240000, 0x0000000700600000)
  object space 30976K, 58% used [0x00000006fb400000,0x00000006fc5c9f78,0x00000006fd240000)
}
Event: 57.901 GC heap before
{Heap before GC invocations=41 (full 9):
 PSYoungGen      total 911936K, used 908757K [0x00000007aacb0000, 0x00000007eb740000, 0x0000000800000000)
  eden space 808960K, 99% used [0x00000007aacb0000,0x00000007dc050bc0,0x00000007dc2b0000)
  from space 102976K, 99% used [0x00000007e3250000,0x00000007e9624a38,0x00000007e96e0000)
  to   space 114304K, 0% used [0x00000007dc2b0000,0x00000007dc2b0000,0x00000007e3250000)
 ParOldGen       total 503232K, used 502437K [0x0000000700600000, 0x000000071f170000, 0x00000007aacb0000)
  object space 503232K, 99% used [0x0000000700600000,0x000000071f0a9638,0x000000071f170000)
 PSPermGen       total 30976K, used 18330K [0x00000006fb400000, 0x00000006fd240000, 0x0000000700600000)
  object space 30976K, 59% used [0x00000006fb400000,0x00000006fc5e6978,0x00000006fd240000)
Event: 57.944 GC heap after
Heap after GC invocations=41 (full 9):
 PSYoungGen      total 911936K, used 0K [0x00000007aacb0000, 0x00000007eb740000, 0x0000000800000000)
  eden space 808960K, 0% used [0x00000007aacb0000,0x00000007aacb0000,0x00000007dc2b0000)
  from space 102976K, 0% used [0x00000007e3250000,0x00000007e3250000,0x00000007e96e0000)
  to   space 114304K, 0% used [0x00000007dc2b0000,0x00000007dc2b0000,0x00000007e3250000)
 ParOldGen       total 585216K, used 64647K [0x0000000700600000, 0x0000000724180000, 0x00000007aacb0000)
  object space 585216K, 11% used [0x0000000700600000,0x0000000704521cd8,0x0000000724180000)
 PSPermGen       total 29312K, used 18329K [0x00000006fb400000, 0x00000006fd0a0000, 0x0000000700600000)
  object space 29312K, 62% used [0x00000006fb400000,0x00000006fc5e6798,0x00000006fd0a0000)
}
Event: 60.966 GC heap before
{Heap before GC invocations=42 (full 9):
 PSYoungGen      total 911936K, used 807446K [0x00000007aacb0000, 0x00000007eb740000, 0x0000000800000000)
  eden space 808960K, 99% used [0x00000007aacb0000,0x00000007dc135b00,0x00000007dc2b0000)
  from space 102976K, 0% used [0x00000007e3250000,0x00000007e3250000,0x00000007e96e0000)
  to   space 114304K, 0% used [0x00000007dc2b0000,0x00000007dc2b0000,0x00000007e3250000)
 ParOldGen       total 585216K, used 68064K [0x0000000700600000, 0x0000000724180000, 0x00000007aacb0000)
  object space 585216K, 11% used [0x0000000700600000,0x00000007048781a8,0x0000000724180000)
 PSPermGen       total 29312K, used 18331K [0x00000006fb400000, 0x00000006fd0a0000, 0x0000000700600000)
  object space 29312K, 62% used [0x00000006fb400000,0x00000006fc5e6cc8,0x00000006fd0a0000)
Event: 60.972 GC heap after
Heap after GC invocations=42 (full 9):
 PSYoungGen      total 923264K, used 38984K [0x00000007aacb0000, 0x00000007ee710000, 0x0000000800000000)
  eden space 808960K, 0% used [0x00000007aacb0000,0x00000007aacb0000,0x00000007dc2b0000)
  from space 114304K, 34% used [0x00000007dc2b0000,0x00000007de8c2110,0x00000007e3250000)
  to   space 113600K, 0% used [0x00000007e7820000,0x00000007e7820000,0x00000007ee710000)
 ParOldGen       total 585216K, used 68064K [0x0000000700600000, 0x0000000724180000, 0x00000007aacb0000)
  object space 585216K, 11% used [0x0000000700600000,0x00000007048781a8,0x0000000724180000)
 PSPermGen       total 29312K, used 18331K [0x00000006fb400000, 0x00000006fd0a0000, 0x0000000700600000)
  object space 29312K, 62% used [0x00000006fb400000,0x00000006fc5e6cc8,0x00000006fd0a0000)
}
Event: 65.202 GC heap before
{Heap before GC invocations=43 (full 9):
 PSYoungGen      total 923264K, used 846474K [0x00000007aacb0000, 0x00000007ee710000, 0x0000000800000000)
  eden space 808960K, 99% used [0x00000007aacb0000,0x00000007dc140990,0x00000007dc2b0000)
  from space 114304K, 34% used [0x00000007dc2b0000,0x00000007de8c2110,0x00000007e3250000)
  to   space 113600K, 0% used [0x00000007e7820000,0x00000007e7820000,0x00000007ee710000)
 ParOldGen       total 585216K, used 368398K [0x0000000700600000, 0x0000000724180000, 0x00000007aacb0000)
  object space 585216K, 62% used [0x0000000700600000,0x0000000716dc38d8,0x0000000724180000)
 PSPermGen       total 29312K, used 18333K [0x00000006fb400000, 0x00000006fd0a0000, 0x0000000700600000)
  object space 29312K, 62% used [0x00000006fb400000,0x00000006fc5e77a0,0x00000006fd0a0000)
Event: 65.205 GC heap after
Heap after GC invocations=43 (full 9):
 PSYoungGen      total 979008K, used 10475K [0x00000007aacb0000, 0x00000007ee2e0000, 0x0000000800000000)
  eden space 869696K, 0% used [0x00000007aacb0000,0x00000007aacb0000,0x00000007dfe00000)
  from space 109312K, 9% used [0x00000007e7820000,0x00000007e825ae70,0x00000007ee2e0000)
  to   space 117184K, 0% used [0x00000007dfe00000,0x00000007dfe00000,0x00000007e7070000)
 ParOldGen       total 585216K, used 368398K [0x0000000700600000, 0x0000000724180000, 0x00000007aacb0000)
  object space 585216K, 62% used [0x0000000700600000,0x0000000716dc38d8,0x0000000724180000)
 PSPermGen       total 29312K, used 18333K [0x00000006fb400000, 0x00000006fd0a0000, 0x0000000700600000)
  object space 29312K, 62% used [0x00000006fb400000,0x00000006fc5e77a0,0x00000006fd0a0000)
}
Event: 68.613 GC heap before
{Heap before GC invocations=44 (full 9):
 PSYoungGen      total 979008K, used 878234K [0x00000007aacb0000, 0x00000007ee2e0000, 0x0000000800000000)
  eden space 869696K, 99% used [0x00000007aacb0000,0x00000007dfc1bcc8,0x00000007dfe00000)
  from space 109312K, 9% used [0x00000007e7820000,0x00000007e825ae70,0x00000007ee2e0000)
  to   space 117184K, 0% used [0x00000007dfe00000,0x00000007dfe00000,0x00000007e7070000)
 ParOldGen       total 585216K, used 368398K [0x0000000700600000, 0x0000000724180000, 0x00000007aacb0000)
  object space 585216K, 62% used [0x0000000700600000,0x0000000716dc38d8,0x0000000724180000)
 PSPermGen       total 29312K, used 18337K [0x00000006fb400000, 0x00000006fd0a0000, 0x0000000700600000)
  object space 29312K, 62% used [0x00000006fb400000,0x00000006fc5e86f8,0x00000006fd0a0000)
Event: 68.616 GC heap after
Heap after GC invocations=44 (full 9):
 PSYoungGen      total 986880K, used 20727K [0x00000007aacb0000, 0x00000007f1990000, 0x0000000800000000)
  eden space 869696K, 0% used [0x00000007aacb0000,0x00000007aacb0000,0x00000007dfe00000)
  from space 117184K, 17% used [0x00000007dfe00000,0x00000007e123dce0,0x00000007e7070000)
  to   space 117248K, 0% used [0x00000007ea710000,0x00000007ea710000,0x00000007f1990000)
 ParOldGen       total 585216K, used 368398K [0x0000000700600000, 0x0000000724180000, 0x00000007aacb0000)
  object space 585216K, 62% used [0x0000000700600000,0x0000000716dc38d8,0x0000000724180000)
 PSPermGen       total 29312K, used 18337K [0x00000006fb400000, 0x00000006fd0a0000, 0x0000000700600000)
  object space 29312K, 62% used [0x00000006fb400000,0x00000006fc5e86f8,0x00000006fd0a0000)
}

