# JRE version: 7.0_07-b11
# Java VM: Java HotSpot(TM) 64-Bit Server VM (23.3-b01 mixed mode windows-amd64 compressed oops)
Heap
 PSYoungGen      total 547392K, used 291249K [0x00000007aacb0000, 0x00000007d0b20000, 0x0000000800000000)
  eden space 493504K, 53% used [0x00000007aacb0000,0x00000007bad05408,0x00000007c8ea0000)
  from space 53888K, 53% used [0x00000007cd680000,0x00000007cf2972a0,0x00000007d0b20000)
  to   space 63744K, 0% used [0x00000007c8ea0000,0x00000007c8ea0000,0x00000007ccce0000)
 ParOldGen       total 352768K, used 50863K [0x0000000700600000, 0x0000000715e80000, 0x00000007aacb0000)
  object space 352768K, 14% used [0x0000000700600000,0x00000007037abcb0,0x0000000715e80000)
 PSPermGen       total 36160K, used 18122K [0x00000006fb400000, 0x00000006fd750000, 0x0000000700600000)
  object space 36160K, 50% used [0x00000006fb400000,0x00000006fc5b2a88,0x00000006fd750000)
GC Heap History (10 events):
Event: 13.157 GC heap before
{Heap before GC invocations=15 (full 3):
 PSYoungGen      total 395072K, used 380902K [0x00000007aacb0000, 0x00000007cb6c0000, 0x0000000800000000)
  eden space 337664K, 99% used [0x00000007aacb0000,0x00000007bf559420,0x00000007bf670000)
  from space 57408K, 77% used [0x00000007bf670000,0x00000007c21c0720,0x00000007c2e80000)
  to   space 61312K, 0% used [0x00000007c7ae0000,0x00000007c7ae0000,0x00000007cb6c0000)
 ParOldGen       total 239744K, used 47306K [0x0000000700600000, 0x000000070f020000, 0x00000007aacb0000)
  object space 239744K, 19% used [0x0000000700600000,0x0000000703432890,0x000000070f020000)
 PSPermGen       total 39360K, used 18086K [0x00000006fb400000, 0x00000006fda70000, 0x0000000700600000)
  object space 39360K, 45% used [0x00000006fb400000,0x00000006fc5a99a8,0x00000006fda70000)
Event: 13.170 GC heap after
Heap after GC invocations=15 (full 3):
 PSYoungGen      total 469184K, used 47252K [0x00000007aacb0000, 0x00000007cbd00000, 0x0000000800000000)
  eden space 407872K, 0% used [0x00000007aacb0000,0x00000007aacb0000,0x00000007c3b00000)
  from space 61312K, 77% used [0x00000007c7ae0000,0x00000007ca905320,0x00000007cb6c0000)
  to   space 65408K, 0% used [0x00000007c3b00000,0x00000007c3b00000,0x00000007c7ae0000)
 ParOldGen       total 239744K, used 47306K [0x0000000700600000, 0x000000070f020000, 0x00000007aacb0000)
  object space 239744K, 19% used [0x0000000700600000,0x0000000703432890,0x000000070f020000)
 PSPermGen       total 39360K, used 18086K [0x00000006fb400000, 0x00000006fda70000, 0x0000000700600000)
  object space 39360K, 45% used [0x00000006fb400000,0x00000006fc5a99a8,0x00000006fda70000)
}
Event: 15.923 GC heap before
{Heap before GC invocations=16 (full 4):
 PSYoungGen      total 469184K, used 453784K [0x00000007aacb0000, 0x00000007cbd00000, 0x0000000800000000)
  eden space 407872K, 99% used [0x00000007aacb0000,0x00000007c39b0eb8,0x00000007c3b00000)
  from space 61312K, 77% used [0x00000007c7ae0000,0x00000007ca905320,0x00000007cb6c0000)
  to   space 65408K, 0% used [0x00000007c3b00000,0x00000007c3b00000,0x00000007c7ae0000)
 ParOldGen       total 356800K, used 353714K [0x0000000700600000, 0x0000000716270000, 0x00000007aacb0000)
  object space 356800K, 99% used [0x0000000700600000,0x0000000715f6cbd0,0x0000000716270000)
 PSPermGen       total 39360K, used 18100K [0x00000006fb400000, 0x00000006fda70000, 0x0000000700600000)
  object space 39360K, 45% used [0x00000006fb400000,0x00000006fc5ad198,0x00000006fda70000)
Event: 15.958 GC heap after
Heap after GC invocations=16 (full 4):
 PSYoungGen      total 469184K, used 0K [0x00000007aacb0000, 0x00000007cbd00000, 0x0000000800000000)
  eden space 407872K, 0% used [0x00000007aacb0000,0x00000007aacb0000,0x00000007c3b00000)
  from space 61312K, 0% used [0x00000007c7ae0000,0x00000007c7ae0000,0x00000007cb6c0000)
  to   space 65408K, 0% used [0x00000007c3b00000,0x00000007c3b00000,0x00000007c7ae0000)
 ParOldGen       total 299776K, used 47419K [0x0000000700600000, 0x0000000712ac0000, 0x00000007aacb0000)
  object space 299776K, 15% used [0x0000000700600000,0x000000070344ec00,0x0000000712ac0000)
 PSPermGen       total 37824K, used 18100K [0x00000006fb400000, 0x00000006fd8f0000, 0x0000000700600000)
  object space 37824K, 47% used [0x00000006fb400000,0x00000006fc5ad138,0x00000006fd8f0000)
}
Event: 18.652 GC heap before
{Heap before GC invocations=17 (full 5):
 PSYoungGen      total 469184K, used 406403K [0x00000007aacb0000, 0x00000007cbd00000, 0x0000000800000000)
  eden space 407872K, 99% used [0x00000007aacb0000,0x00000007c3990df0,0x00000007c3b00000)
  from space 61312K, 0% used [0x00000007c7ae0000,0x00000007c7ae0000,0x00000007cb6c0000)
  to   space 65408K, 0% used [0x00000007c3b00000,0x00000007c3b00000,0x00000007c7ae0000)
 ParOldGen       total 350912K, used 347752K [0x0000000700600000, 0x0000000715cb0000, 0x00000007aacb0000)
  object space 350912K, 99% used [0x0000000700600000,0x000000071599a330,0x0000000715cb0000)
 PSPermGen       total 37824K, used 18105K [0x00000006fb400000, 0x00000006fd8f0000, 0x0000000700600000)
  object space 37824K, 47% used [0x00000006fb400000,0x00000006fc5ae608,0x00000006fd8f0000)
Event: 18.678 GC heap after
Heap after GC invocations=17 (full 5):
 PSYoungGen      total 469184K, used 0K [0x00000007aacb0000, 0x00000007cbd00000, 0x0000000800000000)
  eden space 407872K, 0% used [0x00000007aacb0000,0x00000007aacb0000,0x00000007c3b00000)
  from space 61312K, 0% used [0x00000007c7ae0000,0x00000007c7ae0000,0x00000007cb6c0000)
  to   space 65408K, 0% used [0x00000007c3b00000,0x00000007c3b00000,0x00000007c7ae0000)
 ParOldGen       total 352768K, used 50863K [0x0000000700600000, 0x0000000715e80000, 0x00000007aacb0000)
  object space 352768K, 14% used [0x0000000700600000,0x00000007037abcb0,0x0000000715e80000)
 PSPermGen       total 36160K, used 18105K [0x00000006fb400000, 0x00000006fd750000, 0x0000000700600000)
  object space 36160K, 50% used [0x00000006fb400000,0x00000006fc5ae608,0x00000006fd750000)
}
Event: 20.134 GC heap before
{Heap before GC invocations=18 (full 5):
 PSYoungGen      total 469184K, used 405239K [0x00000007aacb0000, 0x00000007cbd00000, 0x0000000800000000)
  eden space 407872K, 99% used [0x00000007aacb0000,0x00000007c386de80,0x00000007c3b00000)
  from space 61312K, 0% used [0x00000007c7ae0000,0x00000007c7ae0000,0x00000007cb6c0000)
  to   space 65408K, 0% used [0x00000007c3b00000,0x00000007c3b00000,0x00000007c7ae0000)
 ParOldGen       total 352768K, used 50863K [0x0000000700600000, 0x0000000715e80000, 0x00000007aacb0000)
  object space 352768K, 14% used [0x0000000700600000,0x00000007037abcb0,0x0000000715e80000)
 PSPermGen       total 36160K, used 18109K [0x00000006fb400000, 0x00000006fd750000, 0x0000000700600000)
  object space 36160K, 50% used [0x00000006fb400000,0x00000006fc5af7e8,0x00000006fd750000)
Event: 20.142 GC heap after
Heap after GC invocations=18 (full 5):
 PSYoungGen      total 473280K, used 43540K [0x00000007aacb0000, 0x00000007d1810000, 0x0000000800000000)
  eden space 407872K, 0% used [0x00000007aacb0000,0x00000007aacb0000,0x00000007c3b00000)
  from space 65408K, 66% used [0x00000007c3b00000,0x00000007c6585200,0x00000007c7ae0000)
  to   space 67136K, 0% used [0x00000007cd680000,0x00000007cd680000,0x00000007d1810000)
 ParOldGen       total 352768K, used 50863K [0x0000000700600000, 0x0000000715e80000, 0x00000007aacb0000)
  object space 352768K, 14% used [0x0000000700600000,0x00000007037abcb0,0x0000000715e80000)
 PSPermGen       total 36160K, used 18109K [0x00000006fb400000, 0x00000006fd750000, 0x0000000700600000)
  object space 36160K, 50% used [0x00000006fb400000,0x00000006fc5af7e8,0x00000006fd750000)
}
Event: 21.684 GC heap before
{Heap before GC invocations=19 (full 5):
 PSYoungGen      total 473280K, used 445996K [0x00000007aacb0000, 0x00000007d1810000, 0x0000000800000000)
  eden space 407872K, 98% used [0x00000007aacb0000,0x00000007c35b5f48,0x00000007c3b00000)
  from space 65408K, 66% used [0x00000007c3b00000,0x00000007c6585200,0x00000007c7ae0000)
  to   space 67136K, 0% used [0x00000007cd680000,0x00000007cd680000,0x00000007d1810000)
 ParOldGen       total 352768K, used 50863K [0x0000000700600000, 0x0000000715e80000, 0x00000007aacb0000)
  object space 352768K, 14% used [0x0000000700600000,0x00000007037abcb0,0x0000000715e80000)
 PSPermGen       total 36160K, used 18115K [0x00000006fb400000, 0x00000006fd750000, 0x0000000700600000)
  object space 36160K, 50% used [0x00000006fb400000,0x00000006fc5b0cd0,0x00000006fd750000)
Event: 21.692 GC heap after
Heap after GC invocations=19 (full 5):
 PSYoungGen      total 547392K, used 28764K [0x00000007aacb0000, 0x00000007d0b20000, 0x0000000800000000)
  eden space 493504K, 0% used [0x00000007aacb0000,0x00000007aacb0000,0x00000007c8ea0000)
  from space 53888K, 53% used [0x00000007cd680000,0x00000007cf2972a0,0x00000007d0b20000)
  to   space 63744K, 0% used [0x00000007c8ea0000,0x00000007c8ea0000,0x00000007ccce0000)
 ParOldGen       total 352768K, used 50863K [0x0000000700600000, 0x0000000715e80000, 0x00000007aacb0000)
  object space 352768K, 14% used [0x0000000700600000,0x00000007037abcb0,0x0000000715e80000)
 PSPermGen       total 36160K, used 18115K [0x00000006fb400000, 0x00000006fd750000, 0x0000000700600000)
  object space 36160K, 50% used [0x00000006fb400000,0x00000006fc5b0cd0,0x00000006fd750000)
}

