# JRE version: 7.0_07-b11
# Java VM: Java HotSpot(TM) 64-Bit Server VM (23.3-b01 mixed mode windows-amd64 compressed oops)
Heap
 PSYoungGen      total 160384K, used 60120K [0x00000007aacb0000, 0x00000007bc440000, 0x0000000800000000)
  eden space 116096K, 51% used [0x00000007aacb0000,0x00000007ae7662f8,0x00000007b1e10000)
  from space 44288K, 0% used [0x00000007b1e10000,0x00000007b1e10000,0x00000007b4950000)
  to   space 50240K, 0% used [0x00000007b9330000,0x00000007b9330000,0x00000007bc440000)
 ParOldGen       total 159680K, used 25463K [0x0000000700600000, 0x000000070a1f0000, 0x00000007aacb0000)
  object space 159680K, 15% used [0x0000000700600000,0x0000000701edded0,0x000000070a1f0000)
 PSPermGen       total 40832K, used 17896K [0x00000006fb400000, 0x00000006fdbe0000, 0x0000000700600000)
  object space 40832K, 43% used [0x00000006fb400000,0x00000006fc57a350,0x00000006fdbe0000)
GC Heap History (10 events):
Event: 7.115 GC heap before
{Heap before GC invocations=7 (full 0):
 PSYoungGen      total 94144K, used 87404K [0x00000007aacb0000, 0x00000007b7890000, 0x0000000800000000)
  eden space 58752K, 97% used [0x00000007aacb0000,0x00000007ae4c6398,0x00000007ae610000)
  from space 35392K, 84% used [0x00000007b0da0000,0x00000007b2ae4e40,0x00000007b3030000)
  to   space 40512K, 0% used [0x00000007ae610000,0x00000007ae610000,0x00000007b0da0000)
 ParOldGen       total 174528K, used 34898K [0x0000000700600000, 0x000000070b070000, 0x00000007aacb0000)
  object space 174528K, 19% used [0x0000000700600000,0x0000000702814848,0x000000070b070000)
 PSPermGen       total 21248K, used 17886K [0x00000006fb400000, 0x00000006fc8c0000, 0x0000000700600000)
  object space 21248K, 84% used [0x00000006fb400000,0x00000006fc577b10,0x00000006fc8c0000)
Event: 7.121 GC heap after
Heap after GC invocations=7 (full 0):
 PSYoungGen      total 99264K, used 28764K [0x00000007aacb0000, 0x00000007b7330000, 0x0000000800000000)
  eden space 58752K, 0% used [0x00000007aacb0000,0x00000007aacb0000,0x00000007ae610000)
  from space 40512K, 71% used [0x00000007ae610000,0x00000007b02272a0,0x00000007b0da0000)
  to   space 42880K, 0% used [0x00000007b4950000,0x00000007b4950000,0x00000007b7330000)
 ParOldGen       total 174528K, used 36269K [0x0000000700600000, 0x000000070b070000, 0x00000007aacb0000)
  object space 174528K, 20% used [0x0000000700600000,0x000000070296b458,0x000000070b070000)
 PSPermGen       total 21248K, used 17886K [0x00000006fb400000, 0x00000006fc8c0000, 0x0000000700600000)
  object space 21248K, 84% used [0x00000006fb400000,0x00000006fc577b10,0x00000006fc8c0000)
}
Event: 7.491 GC heap before
{Heap before GC invocations=8 (full 0):
 PSYoungGen      total 99264K, used 86083K [0x00000007aacb0000, 0x00000007b7330000, 0x0000000800000000)
  eden space 58752K, 97% used [0x00000007aacb0000,0x00000007ae4a9b28,0x00000007ae610000)
  from space 40512K, 71% used [0x00000007ae610000,0x00000007b02272a0,0x00000007b0da0000)
  to   space 42880K, 0% used [0x00000007b4950000,0x00000007b4950000,0x00000007b7330000)
 ParOldGen       total 174528K, used 36269K [0x0000000700600000, 0x000000070b070000, 0x00000007aacb0000)
  object space 174528K, 20% used [0x0000000700600000,0x000000070296b458,0x000000070b070000)
 PSPermGen       total 21248K, used 17887K [0x00000006fb400000, 0x00000006fc8c0000, 0x0000000700600000)
  object space 21248K, 84% used [0x00000006fb400000,0x00000006fc577cc8,0x00000006fc8c0000)
Event: 7.498 GC heap after
Heap after GC invocations=8 (full 0):
 PSYoungGen      total 158976K, used 28764K [0x00000007aacb0000, 0x00000007b75f0000, 0x0000000800000000)
  eden space 116096K, 0% used [0x00000007aacb0000,0x00000007aacb0000,0x00000007b1e10000)
  from space 42880K, 67% used [0x00000007b4950000,0x00000007b65672a0,0x00000007b7330000)
  to   space 44288K, 0% used [0x00000007b1e10000,0x00000007b1e10000,0x00000007b4950000)
 ParOldGen       total 174528K, used 36301K [0x0000000700600000, 0x000000070b070000, 0x00000007aacb0000)
  object space 174528K, 20% used [0x0000000700600000,0x0000000702973458,0x000000070b070000)
 PSPermGen       total 21248K, used 17887K [0x00000006fb400000, 0x00000006fc8c0000, 0x0000000700600000)
  object space 21248K, 84% used [0x00000006fb400000,0x00000006fc577cc8,0x00000006fc8c0000)
}
Event: 7.791 GC heap before
{Heap before GC invocations=9 (full 0):
 PSYoungGen      total 158976K, used 139371K [0x00000007aacb0000, 0x00000007b75f0000, 0x0000000800000000)
  eden space 116096K, 95% used [0x00000007aacb0000,0x00000007b18b3ac0,0x00000007b1e10000)
  from space 42880K, 67% used [0x00000007b4950000,0x00000007b65672a0,0x00000007b7330000)
  to   space 44288K, 0% used [0x00000007b1e10000,0x00000007b1e10000,0x00000007b4950000)
 ParOldGen       total 174528K, used 42376K [0x0000000700600000, 0x000000070b070000, 0x00000007aacb0000)
  object space 174528K, 24% used [0x0000000700600000,0x0000000702f62068,0x000000070b070000)
 PSPermGen       total 21248K, used 17895K [0x00000006fb400000, 0x00000006fc8c0000, 0x0000000700600000)
  object space 21248K, 84% used [0x00000006fb400000,0x00000006fc579d70,0x00000006fc8c0000)
Event: 7.800 GC heap after
Heap after GC invocations=9 (full 0):
 PSYoungGen      total 160384K, used 41589K [0x00000007aacb0000, 0x00000007bc440000, 0x0000000800000000)
  eden space 116096K, 0% used [0x00000007aacb0000,0x00000007aacb0000,0x00000007b1e10000)
  from space 44288K, 93% used [0x00000007b1e10000,0x00000007b46ad700,0x00000007b4950000)
  to   space 50240K, 0% used [0x00000007b9330000,0x00000007b9330000,0x00000007bc440000)
 ParOldGen       total 174528K, used 42384K [0x0000000700600000, 0x000000070b070000, 0x00000007aacb0000)
  object space 174528K, 24% used [0x0000000700600000,0x0000000702f64068,0x000000070b070000)
 PSPermGen       total 21248K, used 17895K [0x00000006fb400000, 0x00000006fc8c0000, 0x0000000700600000)
  object space 21248K, 84% used [0x00000006fb400000,0x00000006fc579d70,0x00000006fc8c0000)
}
Event: 8.726 GC heap before
{Heap before GC invocations=10 (full 1):
 PSYoungGen      total 160384K, used 157630K [0x00000007aacb0000, 0x00000007bc440000, 0x0000000800000000)
  eden space 116096K, 99% used [0x00000007aacb0000,0x00000007b1e02348,0x00000007b1e10000)
  from space 44288K, 93% used [0x00000007b1e10000,0x00000007b46ad700,0x00000007b4950000)
  to   space 50240K, 0% used [0x00000007b9330000,0x00000007b9330000,0x00000007bc440000)
 ParOldGen       total 319488K, used 319261K [0x0000000700600000, 0x0000000713e00000, 0x00000007aacb0000)
  object space 319488K, 99% used [0x0000000700600000,0x0000000713dc76a8,0x0000000713e00000)
 PSPermGen       total 21248K, used 17897K [0x00000006fb400000, 0x00000006fc8c0000, 0x0000000700600000)
  object space 21248K, 84% used [0x00000006fb400000,0x00000006fc57a5a0,0x00000006fc8c0000)
Event: 8.783 GC heap after
Heap after GC invocations=10 (full 1):
 PSYoungGen      total 160384K, used 0K [0x00000007aacb0000, 0x00000007bc440000, 0x0000000800000000)
  eden space 116096K, 0% used [0x00000007aacb0000,0x00000007aacb0000,0x00000007b1e10000)
  from space 44288K, 0% used [0x00000007b1e10000,0x00000007b1e10000,0x00000007b4950000)
  to   space 50240K, 0% used [0x00000007b9330000,0x00000007b9330000,0x00000007bc440000)
 ParOldGen       total 116032K, used 19559K [0x0000000700600000, 0x0000000707750000, 0x00000007aacb0000)
  object space 116032K, 16% used [0x0000000700600000,0x0000000701919ca8,0x0000000707750000)
 PSPermGen       total 36096K, used 17890K [0x00000006fb400000, 0x00000006fd740000, 0x0000000700600000)
  object space 36096K, 49% used [0x00000006fb400000,0x00000006fc578ac8,0x00000006fd740000)
}
Event: 9.574 GC heap before
{Heap before GC invocations=11 (full 2):
 PSYoungGen      total 160384K, used 116096K [0x00000007aacb0000, 0x00000007bc440000, 0x0000000800000000)
  eden space 116096K, 100% used [0x00000007aacb0000,0x00000007b1e10000,0x00000007b1e10000)
  from space 44288K, 0% used [0x00000007b1e10000,0x00000007b1e10000,0x00000007b4950000)
  to   space 50240K, 0% used [0x00000007b9330000,0x00000007b9330000,0x00000007bc440000)
 ParOldGen       total 264384K, used 264290K [0x0000000700600000, 0x0000000710830000, 0x00000007aacb0000)
  object space 264384K, 99% used [0x0000000700600000,0x00000007108189d8,0x0000000710830000)
 PSPermGen       total 36096K, used 17891K [0x00000006fb400000, 0x00000006fd740000, 0x0000000700600000)
  object space 36096K, 49% used [0x00000006fb400000,0x00000006fc578e58,0x00000006fd740000)
Event: 9.604 GC heap after
Heap after GC invocations=11 (full 2):
 PSYoungGen      total 160384K, used 0K [0x00000007aacb0000, 0x00000007bc440000, 0x0000000800000000)
  eden space 116096K, 0% used [0x00000007aacb0000,0x00000007aacb0000,0x00000007b1e10000)
  from space 44288K, 0% used [0x00000007b1e10000,0x00000007b1e10000,0x00000007b4950000)
  to   space 50240K, 0% used [0x00000007b9330000,0x00000007b9330000,0x00000007bc440000)
 ParOldGen       total 159680K, used 25463K [0x0000000700600000, 0x000000070a1f0000, 0x00000007aacb0000)
  object space 159680K, 15% used [0x0000000700600000,0x0000000701edded0,0x000000070a1f0000)
 PSPermGen       total 40832K, used 17891K [0x00000006fb400000, 0x00000006fdbe0000, 0x0000000700600000)
  object space 40832K, 43% used [0x00000006fb400000,0x00000006fc578e58,0x00000006fdbe0000)
}

