# JRE version: 7.0_07-b11
# Java VM: Java HotSpot(TM) 64-Bit Server VM (23.3-b01 mixed mode windows-amd64 compressed oops)
Heap
 PSYoungGen      total 393152K, used 263458K [0x00000007aacb0000, 0x00000007c7840000, 0x0000000800000000)
  eden space 348928K, 75% used [0x00000007aacb0000,0x00000007badf8bd0,0x00000007c0170000)
  from space 44224K, 0% used [0x00000007c4d10000,0x00000007c4d10000,0x00000007c7840000)
  to   space 54656K, 0% used [0x00000007c0d80000,0x00000007c0d80000,0x00000007c42e0000)
 ParOldGen       total 224064K, used 38778K [0x0000000700600000, 0x000000070e0d0000, 0x00000007aacb0000)
  object space 224064K, 17% used [0x0000000700600000,0x0000000702bdea40,0x000000070e0d0000)
 PSPermGen       total 39232K, used 17980K [0x00000006fb400000, 0x00000006fda50000, 0x0000000700600000)
  object space 39232K, 45% used [0x00000006fb400000,0x00000006fc58f378,0x00000006fda50000)
GC Heap History (10 events):
Event: 7.334 GC heap before
{Heap before GC invocations=7 (full 1):
 PSYoungGen      total 141824K, used 137257K [0x00000007aacb0000, 0x00000007be490000, 0x0000000800000000)
  eden space 130944K, 96% used [0x00000007aacb0000,0x00000007b2894a70,0x00000007b2c90000)
  from space 10880K, 95% used [0x00000007b2c90000,0x00000007b36b5d20,0x00000007b3730000)
  to   space 48320K, 0% used [0x00000007bb560000,0x00000007bb560000,0x00000007be490000)
 ParOldGen       total 141568K, used 41758K [0x0000000700600000, 0x0000000709040000, 0x00000007aacb0000)
  object space 141568K, 29% used [0x0000000700600000,0x0000000702ec7b68,0x0000000709040000)
 PSPermGen       total 36160K, used 17947K [0x00000006fb400000, 0x00000006fd750000, 0x0000000700600000)
  object space 36160K, 49% used [0x00000006fb400000,0x00000006fc586ef0,0x00000006fd750000)
Event: 7.341 GC heap after
Heap after GC invocations=7 (full 1):
 PSYoungGen      total 270400K, used 29407K [0x00000007aacb0000, 0x00000007beac0000, 0x0000000800000000)
  eden space 222080K, 0% used [0x00000007aacb0000,0x00000007aacb0000,0x00000007b8590000)
  from space 48320K, 60% used [0x00000007bb560000,0x00000007bd217ee0,0x00000007be490000)
  to   space 48960K, 0% used [0x00000007b8590000,0x00000007b8590000,0x00000007bb560000)
 ParOldGen       total 141568K, used 41758K [0x0000000700600000, 0x0000000709040000, 0x00000007aacb0000)
  object space 141568K, 29% used [0x0000000700600000,0x0000000702ec7b68,0x0000000709040000)
 PSPermGen       total 36160K, used 17947K [0x00000006fb400000, 0x00000006fd750000, 0x0000000700600000)
  object space 36160K, 49% used [0x00000006fb400000,0x00000006fc586ef0,0x00000006fd750000)
}
Event: 7.756 GC heap before
{Heap before GC invocations=8 (full 1):
 PSYoungGen      total 270400K, used 250340K [0x00000007aacb0000, 0x00000007beac0000, 0x0000000800000000)
  eden space 222080K, 99% used [0x00000007aacb0000,0x00000007b8471298,0x00000007b8590000)
  from space 48320K, 60% used [0x00000007bb560000,0x00000007bd217ee0,0x00000007be490000)
  to   space 48960K, 0% used [0x00000007b8590000,0x00000007b8590000,0x00000007bb560000)
 ParOldGen       total 141568K, used 53908K [0x0000000700600000, 0x0000000709040000, 0x00000007aacb0000)
  object space 141568K, 38% used [0x0000000700600000,0x0000000703aa5388,0x0000000709040000)
 PSPermGen       total 36160K, used 17949K [0x00000006fb400000, 0x00000006fd750000, 0x0000000700600000)
  object space 36160K, 49% used [0x00000006fb400000,0x00000006fc587608,0x00000006fd750000)
Event: 7.759 GC heap after
Heap after GC invocations=8 (full 1):
 PSYoungGen      total 271040K, used 11383K [0x00000007aacb0000, 0x00000007c7b70000, 0x0000000800000000)
  eden space 222080K, 0% used [0x00000007aacb0000,0x00000007aacb0000,0x00000007b8590000)
  from space 48960K, 23% used [0x00000007b8590000,0x00000007b90addc0,0x00000007bb560000)
  to   space 47488K, 0% used [0x00000007c4d10000,0x00000007c4d10000,0x00000007c7b70000)
 ParOldGen       total 141568K, used 53908K [0x0000000700600000, 0x0000000709040000, 0x00000007aacb0000)
  object space 141568K, 38% used [0x0000000700600000,0x0000000703aa5388,0x0000000709040000)
 PSPermGen       total 36160K, used 17949K [0x00000006fb400000, 0x00000006fd750000, 0x0000000700600000)
  object space 36160K, 49% used [0x00000006fb400000,0x00000006fc587608,0x00000006fd750000)
}
Event: 8.329 GC heap before
{Heap before GC invocations=9 (full 2):
 PSYoungGen      total 271040K, used 233463K [0x00000007aacb0000, 0x00000007c7b70000, 0x0000000800000000)
  eden space 222080K, 100% used [0x00000007aacb0000,0x00000007b8590000,0x00000007b8590000)
  from space 48960K, 23% used [0x00000007b8590000,0x00000007b90addc0,0x00000007bb560000)
  to   space 47488K, 0% used [0x00000007c4d10000,0x00000007c4d10000,0x00000007c7b70000)
 ParOldGen       total 141568K, used 134742K [0x0000000700600000, 0x0000000709040000, 0x00000007aacb0000)
  object space 141568K, 95% used [0x0000000700600000,0x0000000708995880,0x0000000709040000)
 PSPermGen       total 36160K, used 17952K [0x00000006fb400000, 0x00000006fd750000, 0x0000000700600000)
  object space 36160K, 49% used [0x00000006fb400000,0x00000006fc588088,0x00000006fd750000)
Event: 8.352 GC heap after
Heap after GC invocations=9 (full 2):
 PSYoungGen      total 271040K, used 0K [0x00000007aacb0000, 0x00000007c7b70000, 0x0000000800000000)
  eden space 222080K, 0% used [0x00000007aacb0000,0x00000007aacb0000,0x00000007b8590000)
  from space 48960K, 0% used [0x00000007b8590000,0x00000007b8590000,0x00000007bb560000)
  to   space 47488K, 0% used [0x00000007c4d10000,0x00000007c4d10000,0x00000007c7b70000)
 ParOldGen       total 174016K, used 22819K [0x0000000700600000, 0x000000070aff0000, 0x00000007aacb0000)
  object space 174016K, 13% used [0x0000000700600000,0x0000000701c48c98,0x000000070aff0000)
 PSPermGen       total 40448K, used 17952K [0x00000006fb400000, 0x00000006fdb80000, 0x0000000700600000)
  object space 40448K, 44% used [0x00000006fb400000,0x00000006fc588088,0x00000006fdb80000)
}
Event: 8.787 GC heap before
{Heap before GC invocations=10 (full 2):
 PSYoungGen      total 271040K, used 219485K [0x00000007aacb0000, 0x00000007c7b70000, 0x0000000800000000)
  eden space 222080K, 98% used [0x00000007aacb0000,0x00000007b8307690,0x00000007b8590000)
  from space 48960K, 0% used [0x00000007b8590000,0x00000007b8590000,0x00000007bb560000)
  to   space 47488K, 0% used [0x00000007c4d10000,0x00000007c4d10000,0x00000007c7b70000)
 ParOldGen       total 174016K, used 28894K [0x0000000700600000, 0x000000070aff0000, 0x00000007aacb0000)
  object space 174016K, 16% used [0x0000000700600000,0x00000007022378a8,0x000000070aff0000)
 PSPermGen       total 40448K, used 17971K [0x00000006fb400000, 0x00000006fdb80000, 0x0000000700600000)
  object space 40448K, 44% used [0x00000006fb400000,0x00000006fc58ced8,0x00000006fdb80000)
Event: 8.798 GC heap after
Heap after GC invocations=10 (full 2):
 PSYoungGen      total 393152K, used 44189K [0x00000007aacb0000, 0x00000007c7840000, 0x0000000800000000)
  eden space 348928K, 0% used [0x00000007aacb0000,0x00000007aacb0000,0x00000007c0170000)
  from space 44224K, 99% used [0x00000007c4d10000,0x00000007c78376a0,0x00000007c7840000)
  to   space 54656K, 0% used [0x00000007c0d80000,0x00000007c0d80000,0x00000007c42e0000)
 ParOldGen       total 174016K, used 44461K [0x0000000700600000, 0x000000070aff0000, 0x00000007aacb0000)
  object space 174016K, 25% used [0x0000000700600000,0x000000070316b598,0x000000070aff0000)
 PSPermGen       total 40448K, used 17971K [0x00000006fb400000, 0x00000006fdb80000, 0x0000000700600000)
  object space 40448K, 44% used [0x00000006fb400000,0x00000006fc58ced8,0x00000006fdb80000)
}
Event: 9.787 GC heap before
{Heap before GC invocations=11 (full 3):
 PSYoungGen      total 393152K, used 393117K [0x00000007aacb0000, 0x00000007c7840000, 0x0000000800000000)
  eden space 348928K, 100% used [0x00000007aacb0000,0x00000007c0170000,0x00000007c0170000)
  from space 44224K, 99% used [0x00000007c4d10000,0x00000007c78376a0,0x00000007c7840000)
  to   space 54656K, 0% used [0x00000007c0d80000,0x00000007c0d80000,0x00000007c42e0000)
 ParOldGen       total 282496K, used 282062K [0x0000000700600000, 0x00000007119e0000, 0x00000007aacb0000)
  object space 282496K, 99% used [0x0000000700600000,0x0000000711973a60,0x00000007119e0000)
 PSPermGen       total 40448K, used 17973K [0x00000006fb400000, 0x00000006fdb80000, 0x0000000700600000)
  object space 40448K, 44% used [0x00000006fb400000,0x00000006fc58d698,0x00000006fdb80000)
Event: 9.824 GC heap after
Heap after GC invocations=11 (full 3):
 PSYoungGen      total 393152K, used 0K [0x00000007aacb0000, 0x00000007c7840000, 0x0000000800000000)
  eden space 348928K, 0% used [0x00000007aacb0000,0x00000007aacb0000,0x00000007c0170000)
  from space 44224K, 0% used [0x00000007c4d10000,0x00000007c4d10000,0x00000007c7840000)
  to   space 54656K, 0% used [0x00000007c0d80000,0x00000007c0d80000,0x00000007c42e0000)
 ParOldGen       total 224064K, used 38778K [0x0000000700600000, 0x000000070e0d0000, 0x00000007aacb0000)
  object space 224064K, 17% used [0x0000000700600000,0x0000000702bdea40,0x000000070e0d0000)
 PSPermGen       total 39232K, used 17973K [0x00000006fb400000, 0x00000006fda50000, 0x0000000700600000)
  object space 39232K, 45% used [0x00000006fb400000,0x00000006fc58d658,0x00000006fda50000)
}

