# JRE version: 7.0_07-b11
# Java VM: Java HotSpot(TM) 64-Bit Server VM (23.3-b01 mixed mode windows-amd64 compressed oops)
Heap
 PSYoungGen      total 388288K, used 374524K [0x00000007aacb0000, 0x00000007c56d0000, 0x0000000800000000)
  eden space 345792K, 100% used [0x00000007aacb0000,0x00000007bfe60000,0x00000007bfe60000)
  from space 42496K, 67% used [0x00000007c28a0000,0x00000007c44af2a0,0x00000007c5220000)
  to   space 43264K, 0% used [0x00000007bfe60000,0x00000007bfe60000,0x00000007c28a0000)
 ParOldGen       total 447168K, used 360987K [0x0000000700600000, 0x000000071bab0000, 0x00000007aacb0000)
  object space 447168K, 80% used [0x0000000700600000,0x0000000716686d50,0x000000071bab0000)
 PSPermGen       total 34176K, used 18142K [0x00000006fb400000, 0x00000006fd560000, 0x0000000700600000)
  object space 34176K, 53% used [0x00000006fb400000,0x00000006fc5b7910,0x00000006fd560000)
GC Heap History (10 events):
Event: 19.710 GC heap before
{Heap before GC invocations=16 (full 6):
 PSYoungGen      total 244928K, used 199699K [0x00000007aacb0000, 0x00000007bed70000, 0x0000000800000000)
  eden space 201344K, 99% used [0x00000007aacb0000,0x00000007b6fb4fc8,0x00000007b7150000)
  from space 43584K, 0% used [0x00000007b7150000,0x00000007b7150000,0x00000007b9be0000)
  to   space 41792K, 0% used [0x00000007bc4a0000,0x00000007bc4a0000,0x00000007bed70000)
 ParOldGen       total 447168K, used 20023K [0x0000000700600000, 0x000000071bab0000, 0x00000007aacb0000)
  object space 447168K, 4% used [0x0000000700600000,0x000000070198de88,0x000000071bab0000)
 PSPermGen       total 34176K, used 18099K [0x00000006fb400000, 0x00000006fd560000, 0x0000000700600000)
  object space 34176K, 52% used [0x00000006fb400000,0x00000006fc5acf38,0x00000006fd560000)
Event: 19.719 GC heap after
Heap after GC invocations=16 (full 6):
 PSYoungGen      total 282688K, used 35599K [0x00000007aacb0000, 0x00000007bf410000, 0x0000000800000000)
  eden space 240896K, 0% used [0x00000007aacb0000,0x00000007aacb0000,0x00000007b97f0000)
  from space 41792K, 85% used [0x00000007bc4a0000,0x00000007be763c40,0x00000007bed70000)
  to   space 45760K, 0% used [0x00000007b97f0000,0x00000007b97f0000,0x00000007bc4a0000)
 ParOldGen       total 447168K, used 20023K [0x0000000700600000, 0x000000071bab0000, 0x00000007aacb0000)
  object space 447168K, 4% used [0x0000000700600000,0x000000070198de88,0x000000071bab0000)
 PSPermGen       total 34176K, used 18099K [0x00000006fb400000, 0x00000006fd560000, 0x0000000700600000)
  object space 34176K, 52% used [0x00000006fb400000,0x00000006fc5acf38,0x00000006fd560000)
}
Event: 20.660 GC heap before
{Heap before GC invocations=17 (full 6):
 PSYoungGen      total 282688K, used 276495K [0x00000007aacb0000, 0x00000007bf410000, 0x0000000800000000)
  eden space 240896K, 100% used [0x00000007aacb0000,0x00000007b97f0000,0x00000007b97f0000)
  from space 41792K, 85% used [0x00000007bc4a0000,0x00000007be763c40,0x00000007bed70000)
  to   space 45760K, 0% used [0x00000007b97f0000,0x00000007b97f0000,0x00000007bc4a0000)
 ParOldGen       total 447168K, used 39010K [0x0000000700600000, 0x000000071bab0000, 0x00000007aacb0000)
  object space 447168K, 8% used [0x0000000700600000,0x0000000702c18bd8,0x000000071bab0000)
 PSPermGen       total 34176K, used 18100K [0x00000006fb400000, 0x00000006fd560000, 0x0000000700600000)
  object space 34176K, 52% used [0x00000006fb400000,0x00000006fc5ad2f8,0x00000006fd560000)
Event: 20.665 GC heap after
Heap after GC invocations=17 (full 6):
 PSYoungGen      total 286656K, used 18449K [0x00000007aacb0000, 0x00000007c1cd0000, 0x0000000800000000)
  eden space 240896K, 0% used [0x00000007aacb0000,0x00000007aacb0000,0x00000007b97f0000)
  from space 45760K, 40% used [0x00000007b97f0000,0x00000007ba9f4430,0x00000007bc4a0000)
  to   space 43520K, 0% used [0x00000007bf250000,0x00000007bf250000,0x00000007c1cd0000)
 ParOldGen       total 447168K, used 39010K [0x0000000700600000, 0x000000071bab0000, 0x00000007aacb0000)
  object space 447168K, 8% used [0x0000000700600000,0x0000000702c18bd8,0x000000071bab0000)
 PSPermGen       total 34176K, used 18100K [0x00000006fb400000, 0x00000006fd560000, 0x0000000700600000)
  object space 34176K, 52% used [0x00000006fb400000,0x00000006fc5ad2f8,0x00000006fd560000)
}
Event: 21.527 GC heap before
{Heap before GC invocations=18 (full 6):
 PSYoungGen      total 286656K, used 255922K [0x00000007aacb0000, 0x00000007c1cd0000, 0x0000000800000000)
  eden space 240896K, 98% used [0x00000007aacb0000,0x00000007b9498548,0x00000007b97f0000)
  from space 45760K, 40% used [0x00000007b97f0000,0x00000007ba9f4430,0x00000007bc4a0000)
  to   space 43520K, 0% used [0x00000007bf250000,0x00000007bf250000,0x00000007c1cd0000)
 ParOldGen       total 447168K, used 45085K [0x0000000700600000, 0x000000071bab0000, 0x00000007aacb0000)
  object space 447168K, 10% used [0x0000000700600000,0x00000007032077e8,0x000000071bab0000)
 PSPermGen       total 34176K, used 18101K [0x00000006fb400000, 0x00000006fd560000, 0x0000000700600000)
  object space 34176K, 52% used [0x00000006fb400000,0x00000006fc5ad740,0x00000006fd560000)
Event: 21.535 GC heap after
Heap after GC invocations=18 (full 6):
 PSYoungGen      total 332608K, used 28700K [0x00000007aacb0000, 0x00000007c23c0000, 0x0000000800000000)
  eden space 289088K, 0% used [0x00000007aacb0000,0x00000007aacb0000,0x00000007bc700000)
  from space 43520K, 65% used [0x00000007bf250000,0x00000007c0e572a0,0x00000007c1cd0000)
  to   space 44352K, 0% used [0x00000007bc700000,0x00000007bc700000,0x00000007bf250000)
 ParOldGen       total 447168K, used 45085K [0x0000000700600000, 0x000000071bab0000, 0x00000007aacb0000)
  object space 447168K, 10% used [0x0000000700600000,0x00000007032077e8,0x000000071bab0000)
 PSPermGen       total 34176K, used 18101K [0x00000006fb400000, 0x00000006fd560000, 0x0000000700600000)
  object space 34176K, 52% used [0x00000006fb400000,0x00000006fc5ad740,0x00000006fd560000)
}
Event: 23.624 GC heap before
{Heap before GC invocations=19 (full 6):
 PSYoungGen      total 332608K, used 317313K [0x00000007aacb0000, 0x00000007c23c0000, 0x0000000800000000)
  eden space 289088K, 99% used [0x00000007aacb0000,0x00000007bc689420,0x00000007bc700000)
  from space 43520K, 65% used [0x00000007bf250000,0x00000007c0e572a0,0x00000007c1cd0000)
  to   space 44352K, 0% used [0x00000007bc700000,0x00000007bc700000,0x00000007bf250000)
 ParOldGen       total 447168K, used 345419K [0x0000000700600000, 0x000000071bab0000, 0x00000007aacb0000)
  object space 447168K, 77% used [0x0000000700600000,0x0000000715752f18,0x000000071bab0000)
 PSPermGen       total 34176K, used 18103K [0x00000006fb400000, 0x00000006fd560000, 0x0000000700600000)
  object space 34176K, 52% used [0x00000006fb400000,0x00000006fc5adee0,0x00000006fd560000)
Event: 23.628 GC heap after
Heap after GC invocations=19 (full 6):
 PSYoungGen      total 333440K, used 18449K [0x00000007aacb0000, 0x00000007c5220000, 0x0000000800000000)
  eden space 289088K, 0% used [0x00000007aacb0000,0x00000007aacb0000,0x00000007bc700000)
  from space 44352K, 41% used [0x00000007bc700000,0x00000007bd904430,0x00000007bf250000)
  to   space 42496K, 0% used [0x00000007c28a0000,0x00000007c28a0000,0x00000007c5220000)
 ParOldGen       total 447168K, used 345419K [0x0000000700600000, 0x000000071bab0000, 0x00000007aacb0000)
  object space 447168K, 77% used [0x0000000700600000,0x0000000715752f18,0x000000071bab0000)
 PSPermGen       total 34176K, used 18103K [0x00000006fb400000, 0x00000006fd560000, 0x0000000700600000)
  object space 34176K, 52% used [0x00000006fb400000,0x00000006fc5adee0,0x00000006fd560000)
}
Event: 24.660 GC heap before
{Heap before GC invocations=20 (full 6):
 PSYoungGen      total 333440K, used 307038K [0x00000007aacb0000, 0x00000007c5220000, 0x0000000800000000)
  eden space 289088K, 99% used [0x00000007aacb0000,0x00000007bc683658,0x00000007bc700000)
  from space 44352K, 41% used [0x00000007bc700000,0x00000007bd904430,0x00000007bf250000)
  to   space 42496K, 0% used [0x00000007c28a0000,0x00000007c28a0000,0x00000007c5220000)
 ParOldGen       total 447168K, used 351494K [0x0000000700600000, 0x000000071bab0000, 0x00000007aacb0000)
  object space 447168K, 78% used [0x0000000700600000,0x0000000715d41b28,0x000000071bab0000)
 PSPermGen       total 34176K, used 18107K [0x00000006fb400000, 0x00000006fd560000, 0x0000000700600000)
  object space 34176K, 52% used [0x00000006fb400000,0x00000006fc5aedf8,0x00000006fd560000)
Event: 24.668 GC heap after
Heap after GC invocations=20 (full 6):
 PSYoungGen      total 388288K, used 28732K [0x00000007aacb0000, 0x00000007c56d0000, 0x0000000800000000)
  eden space 345792K, 0% used [0x00000007aacb0000,0x00000007aacb0000,0x00000007bfe60000)
  from space 42496K, 67% used [0x00000007c28a0000,0x00000007c44af2a0,0x00000007c5220000)
  to   space 43264K, 0% used [0x00000007bfe60000,0x00000007bfe60000,0x00000007c28a0000)
 ParOldGen       total 447168K, used 351494K [0x0000000700600000, 0x000000071bab0000, 0x00000007aacb0000)
  object space 447168K, 78% used [0x0000000700600000,0x0000000715d41b28,0x000000071bab0000)
 PSPermGen       total 34176K, used 18107K [0x00000006fb400000, 0x00000006fd560000, 0x0000000700600000)
  object space 34176K, 52% used [0x00000006fb400000,0x00000006fc5aedf8,0x00000006fd560000)
}

