# JRE version: 7.0_07-b11
# Java VM: Java HotSpot(TM) 64-Bit Server VM (23.3-b01 mixed mode windows-amd64 compressed oops)
Heap
 PSYoungGen      total 414272K, used 4427K [0x00000007aacb0000, 0x00000007c8c60000, 0x0000000800000000)
  eden space 355584K, 1% used [0x00000007aacb0000,0x00000007ab102cd0,0x00000007c07f0000)
  from space 58688K, 0% used [0x00000007c47a0000,0x00000007c47a0000,0x00000007c80f0000)
  to   space 65216K, 0% used [0x00000007c07f0000,0x00000007c07f0000,0x00000007c47a0000)
 ParOldGen       total 157568K, used 35768K [0x0000000700600000, 0x0000000709fe0000, 0x00000007aacb0000)
  object space 157568K, 22% used [0x0000000700600000,0x00000007028ee268,0x0000000709fe0000)
 PSPermGen       total 40448K, used 18007K [0x00000006fb400000, 0x00000006fdb80000, 0x0000000700600000)
  object space 40448K, 44% used [0x00000006fb400000,0x00000006fc595f68,0x00000006fdb80000)
GC Heap History (10 events):
Event: 7.082 GC heap before
{Heap before GC invocations=8 (full 0):
 PSYoungGen      total 170048K, used 163967K [0x00000007aacb0000, 0x00000007c0810000, 0x0000000800000000)
  eden space 124288K, 98% used [0x00000007aacb0000,0x00000007b24b1100,0x00000007b2610000)
  from space 45760K, 89% used [0x00000007b2610000,0x00000007b4e2edd0,0x00000007b52c0000)
  to   space 53568K, 0% used [0x00000007bd3c0000,0x00000007bd3c0000,0x00000007c0810000)
 ParOldGen       total 174528K, used 58252K [0x0000000700600000, 0x000000070b070000, 0x00000007aacb0000)
  object space 174528K, 33% used [0x0000000700600000,0x0000000703ee3270,0x000000070b070000)
 PSPermGen       total 21248K, used 17950K [0x00000006fb400000, 0x00000006fc8c0000, 0x0000000700600000)
  object space 21248K, 84% used [0x00000006fb400000,0x00000006fc587bf0,0x00000006fc8c0000)
Event: 7.103 GC heap after
Heap after GC invocations=8 (full 0):
 PSYoungGen      total 297152K, used 41420K [0x00000007aacb0000, 0x00000007c11d0000, 0x0000000800000000)
  eden space 243584K, 0% used [0x00000007aacb0000,0x00000007aacb0000,0x00000007b9a90000)
  from space 53568K, 77% used [0x00000007bd3c0000,0x00000007bfc333f0,0x00000007c0810000)
  to   space 58560K, 0% used [0x00000007b9a90000,0x00000007b9a90000,0x00000007bd3c0000)
 ParOldGen       total 174528K, used 58364K [0x0000000700600000, 0x000000070b070000, 0x00000007aacb0000)
  object space 174528K, 33% used [0x0000000700600000,0x0000000703eff2a0,0x000000070b070000)
 PSPermGen       total 21248K, used 17950K [0x00000006fb400000, 0x00000006fc8c0000, 0x0000000700600000)
  object space 21248K, 84% used [0x00000006fb400000,0x00000006fc587bf0,0x00000006fc8c0000)
}
Event: 8.099 GC heap before
{Heap before GC invocations=9 (full 1):
 PSYoungGen      total 297152K, used 285004K [0x00000007aacb0000, 0x00000007c11d0000, 0x0000000800000000)
  eden space 243584K, 100% used [0x00000007aacb0000,0x00000007b9a90000,0x00000007b9a90000)
  from space 53568K, 77% used [0x00000007bd3c0000,0x00000007bfc333f0,0x00000007c0810000)
  to   space 58560K, 0% used [0x00000007b9a90000,0x00000007b9a90000,0x00000007bd3c0000)
 ParOldGen       total 248896K, used 248843K [0x0000000700600000, 0x000000070f910000, 0x00000007aacb0000)
  object space 248896K, 99% used [0x0000000700600000,0x000000070f902c18,0x000000070f910000)
 PSPermGen       total 21248K, used 17958K [0x00000006fb400000, 0x00000006fc8c0000, 0x0000000700600000)
  object space 21248K, 84% used [0x00000006fb400000,0x00000006fc589918,0x00000006fc8c0000)
Event: 8.161 GC heap after
Heap after GC invocations=9 (full 1):
 PSYoungGen      total 297152K, used 0K [0x00000007aacb0000, 0x00000007c11d0000, 0x0000000800000000)
  eden space 243584K, 0% used [0x00000007aacb0000,0x00000007aacb0000,0x00000007b9a90000)
  from space 53568K, 0% used [0x00000007bd3c0000,0x00000007bd3c0000,0x00000007c0810000)
  to   space 58560K, 0% used [0x00000007b9a90000,0x00000007b9a90000,0x00000007bd3c0000)
 ParOldGen       total 127232K, used 25685K [0x0000000700600000, 0x0000000708240000, 0x00000007aacb0000)
  object space 127232K, 20% used [0x0000000700600000,0x0000000701f15438,0x0000000708240000)
 PSPermGen       total 36224K, used 17951K [0x00000006fb400000, 0x00000006fd760000, 0x0000000700600000)
  object space 36224K, 49% used [0x00000006fb400000,0x00000006fc587e20,0x00000006fd760000)
}
Event: 8.722 GC heap before
{Heap before GC invocations=10 (full 1):
 PSYoungGen      total 297152K, used 238120K [0x00000007aacb0000, 0x00000007c11d0000, 0x0000000800000000)
  eden space 243584K, 97% used [0x00000007aacb0000,0x00000007b953a1f8,0x00000007b9a90000)
  from space 53568K, 0% used [0x00000007bd3c0000,0x00000007bd3c0000,0x00000007c0810000)
  to   space 58560K, 0% used [0x00000007b9a90000,0x00000007b9a90000,0x00000007bd3c0000)
 ParOldGen       total 127232K, used 25685K [0x0000000700600000, 0x0000000708240000, 0x00000007aacb0000)
  object space 127232K, 20% used [0x0000000700600000,0x0000000701f15438,0x0000000708240000)
 PSPermGen       total 36224K, used 17973K [0x00000006fb400000, 0x00000006fd760000, 0x0000000700600000)
  object space 36224K, 49% used [0x00000006fb400000,0x00000006fc58d680,0x00000006fd760000)
Event: 8.730 GC heap after
Heap after GC invocations=10 (full 1):
 PSYoungGen      total 302144K, used 33204K [0x00000007aacb0000, 0x00000007c80f0000, 0x0000000800000000)
  eden space 243584K, 0% used [0x00000007aacb0000,0x00000007aacb0000,0x00000007b9a90000)
  from space 58560K, 56% used [0x00000007b9a90000,0x00000007bbafd058,0x00000007bd3c0000)
  to   space 58688K, 0% used [0x00000007c47a0000,0x00000007c47a0000,0x00000007c80f0000)
 ParOldGen       total 127232K, used 25685K [0x0000000700600000, 0x0000000708240000, 0x00000007aacb0000)
  object space 127232K, 20% used [0x0000000700600000,0x0000000701f15438,0x0000000708240000)
 PSPermGen       total 36224K, used 17973K [0x00000006fb400000, 0x00000006fd760000, 0x0000000700600000)
  object space 36224K, 49% used [0x00000006fb400000,0x00000006fc58d680,0x00000006fd760000)
}
Event: 9.216 GC heap before
{Heap before GC invocations=11 (full 1):
 PSYoungGen      total 302144K, used 273014K [0x00000007aacb0000, 0x00000007c80f0000, 0x0000000800000000)
  eden space 243584K, 98% used [0x00000007aacb0000,0x00000007b96e09d0,0x00000007b9a90000)
  from space 58560K, 56% used [0x00000007b9a90000,0x00000007bbafd058,0x00000007bd3c0000)
  to   space 58688K, 0% used [0x00000007c47a0000,0x00000007c47a0000,0x00000007c80f0000)
 ParOldGen       total 127232K, used 31760K [0x0000000700600000, 0x0000000708240000, 0x00000007aacb0000)
  object space 127232K, 24% used [0x0000000700600000,0x0000000702504048,0x0000000708240000)
 PSPermGen       total 36224K, used 17975K [0x00000006fb400000, 0x00000006fd760000, 0x0000000700600000)
  object space 36224K, 49% used [0x00000006fb400000,0x00000006fc58ddd8,0x00000006fd760000)
Event: 9.227 GC heap after
Heap after GC invocations=11 (full 1):
 PSYoungGen      total 414272K, used 51461K [0x00000007aacb0000, 0x00000007c8c60000, 0x0000000800000000)
  eden space 355584K, 0% used [0x00000007aacb0000,0x00000007aacb0000,0x00000007c07f0000)
  from space 58688K, 87% used [0x00000007c47a0000,0x00000007c79e1488,0x00000007c80f0000)
  to   space 65216K, 0% used [0x00000007c07f0000,0x00000007c07f0000,0x00000007c47a0000)
 ParOldGen       total 127232K, used 31760K [0x0000000700600000, 0x0000000708240000, 0x00000007aacb0000)
  object space 127232K, 24% used [0x0000000700600000,0x0000000702504048,0x0000000708240000)
 PSPermGen       total 36224K, used 17975K [0x00000006fb400000, 0x00000006fd760000, 0x0000000700600000)
  object space 36224K, 49% used [0x00000006fb400000,0x00000006fc58ddd8,0x00000006fd760000)
}
Event: 10.713 GC heap before
{Heap before GC invocations=12 (full 2):
 PSYoungGen      total 414272K, used 407045K [0x00000007aacb0000, 0x00000007c8c60000, 0x0000000800000000)
  eden space 355584K, 100% used [0x00000007aacb0000,0x00000007c07f0000,0x00000007c07f0000)
  from space 58688K, 87% used [0x00000007c47a0000,0x00000007c79e1488,0x00000007c80f0000)
  to   space 65216K, 0% used [0x00000007c07f0000,0x00000007c07f0000,0x00000007c47a0000)
 ParOldGen       total 161088K, used 159548K [0x0000000700600000, 0x000000070a350000, 0x00000007aacb0000)
  object space 161088K, 99% used [0x0000000700600000,0x000000070a1cf050,0x000000070a350000)
 PSPermGen       total 36224K, used 17984K [0x00000006fb400000, 0x00000006fd760000, 0x0000000700600000)
  object space 36224K, 49% used [0x00000006fb400000,0x00000006fc590010,0x00000006fd760000)
Event: 10.753 GC heap after
Heap after GC invocations=12 (full 2):
 PSYoungGen      total 414272K, used 0K [0x00000007aacb0000, 0x00000007c8c60000, 0x0000000800000000)
  eden space 355584K, 0% used [0x00000007aacb0000,0x00000007aacb0000,0x00000007c07f0000)
  from space 58688K, 0% used [0x00000007c47a0000,0x00000007c47a0000,0x00000007c80f0000)
  to   space 65216K, 0% used [0x00000007c07f0000,0x00000007c07f0000,0x00000007c47a0000)
 ParOldGen       total 157568K, used 35768K [0x0000000700600000, 0x0000000709fe0000, 0x00000007aacb0000)
  object space 157568K, 22% used [0x0000000700600000,0x00000007028ee268,0x0000000709fe0000)
 PSPermGen       total 40448K, used 17983K [0x00000006fb400000, 0x00000006fdb80000, 0x0000000700600000)
  object space 40448K, 44% used [0x00000006fb400000,0x00000006fc58ffe0,0x00000006fdb80000)
}

