# JRE version: 7.0_07-b11
# Java VM: Java HotSpot(TM) 64-Bit Server VM (23.3-b01 mixed mode windows-amd64 compressed oops)
Heap
 PSYoungGen      total 1063104K, used 558311K [0x00000007aacb0000, 0x00000007f8110000, 0x0000000800000000)
  eden space 1027904K, 50% used [0x00000007aacb0000,0x00000007cab97130,0x00000007e9880000)
  from space 35200K, 99% used [0x00000007f2840000,0x00000007f4a92c80,0x00000007f4aa0000)
  to   space 55744K, 0% used [0x00000007f4aa0000,0x00000007f4aa0000,0x00000007f8110000)
 ParOldGen       total 288640K, used 31111K [0x0000000700600000, 0x0000000711fe0000, 0x00000007aacb0000)
  object space 288640K, 10% used [0x0000000700600000,0x0000000702461de8,0x0000000711fe0000)
 PSPermGen       total 32640K, used 18119K [0x00000006fb400000, 0x00000006fd3e0000, 0x0000000700600000)
  object space 32640K, 55% used [0x00000006fb400000,0x00000006fc5b1c08,0x00000006fd3e0000)
GC Heap History (10 events):
Event: 50.528 GC heap before
{Heap before GC invocations=32 (full 6):
 PSYoungGen      total 1275712K, used 1275693K [0x00000007aacb0000, 0x00000007fd970000, 0x0000000800000000)
  eden space 1216384K, 100% used [0x00000007aacb0000,0x00000007f5090000,0x00000007f5090000)
  from space 59328K, 99% used [0x00000007f8490000,0x00000007fbe7b5c8,0x00000007fbe80000)
  to   space 27584K, 0% used [0x00000007fbe80000,0x00000007fbe80000,0x00000007fd970000)
 ParOldGen       total 283840K, used 124259K [0x0000000700600000, 0x0000000711b30000, 0x00000007aacb0000)
  object space 283840K, 43% used [0x0000000700600000,0x0000000707f58dc0,0x0000000711b30000)
 PSPermGen       total 33856K, used 18103K [0x00000006fb400000, 0x00000006fd510000, 0x0000000700600000)
  object space 33856K, 53% used [0x00000006fb400000,0x00000006fc5adfd8,0x00000006fd510000)
Event: 50.533 GC heap after
Heap after GC invocations=32 (full 6):
 PSYoungGen      total 1190464K, used 24652K [0x00000007aacb0000, 0x00000007fd6a0000, 0x0000000800000000)
  eden space 1165760K, 0% used [0x00000007aacb0000,0x00000007aacb0000,0x00000007f1f20000)
  from space 24704K, 99% used [0x00000007fbe80000,0x00000007fd693040,0x00000007fd6a0000)
  to   space 65856K, 0% used [0x00000007f5600000,0x00000007f5600000,0x00000007f9650000)
 ParOldGen       total 283840K, used 136409K [0x0000000700600000, 0x0000000711b30000, 0x00000007aacb0000)
  object space 283840K, 48% used [0x0000000700600000,0x0000000708b365e0,0x0000000711b30000)
 PSPermGen       total 33856K, used 18103K [0x00000006fb400000, 0x00000006fd510000, 0x0000000700600000)
  object space 33856K, 53% used [0x00000006fb400000,0x00000006fc5adfd8,0x00000006fd510000)
}
Event: 53.176 GC heap before
{Heap before GC invocations=33 (full 6):
 PSYoungGen      total 1190464K, used 1190412K [0x00000007aacb0000, 0x00000007fd6a0000, 0x0000000800000000)
  eden space 1165760K, 100% used [0x00000007aacb0000,0x00000007f1f20000,0x00000007f1f20000)
  from space 24704K, 99% used [0x00000007fbe80000,0x00000007fd693040,0x00000007fd6a0000)
  to   space 65856K, 0% used [0x00000007f5600000,0x00000007f5600000,0x00000007f9650000)
 ParOldGen       total 283840K, used 203763K [0x0000000700600000, 0x0000000711b30000, 0x00000007aacb0000)
  object space 283840K, 71% used [0x0000000700600000,0x000000070ccfceb8,0x0000000711b30000)
 PSPermGen       total 33856K, used 18106K [0x00000006fb400000, 0x00000006fd510000, 0x0000000700600000)
  object space 33856K, 53% used [0x00000006fb400000,0x00000006fc5aea38,0x00000006fd510000)
Event: 53.181 GC heap after
Heap after GC invocations=33 (full 6):
 PSYoungGen      total 1136128K, used 18545K [0x00000007aacb0000, 0x00000007fbe90000, 0x0000000800000000)
  eden space 1117568K, 0% used [0x00000007aacb0000,0x00000007aacb0000,0x00000007ef010000)
  from space 18560K, 99% used [0x00000007f5600000,0x00000007f681c430,0x00000007f6820000)
  to   space 63040K, 0% used [0x00000007f8100000,0x00000007f8100000,0x00000007fbe90000)
 ParOldGen       total 283840K, used 203763K [0x0000000700600000, 0x0000000711b30000, 0x00000007aacb0000)
  object space 283840K, 71% used [0x0000000700600000,0x000000070ccfceb8,0x0000000711b30000)
 PSPermGen       total 33856K, used 18106K [0x00000006fb400000, 0x00000006fd510000, 0x0000000700600000)
  object space 33856K, 53% used [0x00000006fb400000,0x00000006fc5aea38,0x00000006fd510000)
}
Event: 55.743 GC heap before
{Heap before GC invocations=34 (full 7):
 PSYoungGen      total 1136128K, used 1136113K [0x00000007aacb0000, 0x00000007fbe90000, 0x0000000800000000)
  eden space 1117568K, 100% used [0x00000007aacb0000,0x00000007ef010000,0x00000007ef010000)
  from space 18560K, 99% used [0x00000007f5600000,0x00000007f681c430,0x00000007f6820000)
  to   space 63040K, 0% used [0x00000007f8100000,0x00000007f8100000,0x00000007fbe90000)
 ParOldGen       total 283840K, used 275082K [0x0000000700600000, 0x0000000711b30000, 0x00000007aacb0000)
  object space 283840K, 96% used [0x0000000700600000,0x00000007112a2b40,0x0000000711b30000)
 PSPermGen       total 33856K, used 18108K [0x00000006fb400000, 0x00000006fd510000, 0x0000000700600000)
  object space 33856K, 53% used [0x00000006fb400000,0x00000006fc5af128,0x00000006fd510000)
Event: 55.773 GC heap after
Heap after GC invocations=34 (full 7):
 PSYoungGen      total 1136128K, used 0K [0x00000007aacb0000, 0x00000007fbe90000, 0x0000000800000000)
  eden space 1117568K, 0% used [0x00000007aacb0000,0x00000007aacb0000,0x00000007ef010000)
  from space 18560K, 0% used [0x00000007f5600000,0x00000007f5600000,0x00000007f6820000)
  to   space 63040K, 0% used [0x00000007f8100000,0x00000007f8100000,0x00000007fbe90000)
 ParOldGen       total 288640K, used 27556K [0x0000000700600000, 0x0000000711fe0000, 0x00000007aacb0000)
  object space 288640K, 9% used [0x0000000700600000,0x00000007020e9240,0x0000000711fe0000)
 PSPermGen       total 32640K, used 18108K [0x00000006fb400000, 0x00000006fd3e0000, 0x0000000700600000)
  object space 32640K, 55% used [0x00000006fb400000,0x00000006fc5af0e8,0x00000006fd3e0000)
}
Event: 58.067 GC heap before
{Heap before GC invocations=35 (full 7):
 PSYoungGen      total 1136128K, used 1115755K [0x00000007aacb0000, 0x00000007fbe90000, 0x0000000800000000)
  eden space 1117568K, 99% used [0x00000007aacb0000,0x00000007eee4aec8,0x00000007ef010000)
  from space 18560K, 0% used [0x00000007f5600000,0x00000007f5600000,0x00000007f6820000)
  to   space 63040K, 0% used [0x00000007f8100000,0x00000007f8100000,0x00000007fbe90000)
 ParOldGen       total 288640K, used 27556K [0x0000000700600000, 0x0000000711fe0000, 0x00000007aacb0000)
  object space 288640K, 9% used [0x0000000700600000,0x00000007020e9240,0x0000000711fe0000)
 PSPermGen       total 32640K, used 18108K [0x00000006fb400000, 0x00000006fd3e0000, 0x0000000700600000)
  object space 32640K, 55% used [0x00000006fb400000,0x00000006fc5af108,0x00000006fd3e0000)
Event: 58.075 GC heap after
Heap after GC invocations=35 (full 7):
 PSYoungGen      total 1106688K, used 35009K [0x00000007aacb0000, 0x00000007fa340000, 0x0000000800000000)
  eden space 1071616K, 0% used [0x00000007aacb0000,0x00000007aacb0000,0x00000007ec330000)
  from space 35072K, 99% used [0x00000007f8100000,0x00000007fa3305a8,0x00000007fa340000)
  to   space 62976K, 0% used [0x00000007f2840000,0x00000007f2840000,0x00000007f65c0000)
 ParOldGen       total 288640K, used 27556K [0x0000000700600000, 0x0000000711fe0000, 0x00000007aacb0000)
  object space 288640K, 9% used [0x0000000700600000,0x00000007020e9240,0x0000000711fe0000)
 PSPermGen       total 32640K, used 18108K [0x00000006fb400000, 0x00000006fd3e0000, 0x0000000700600000)
  object space 32640K, 55% used [0x00000006fb400000,0x00000006fc5af108,0x00000006fd3e0000)
}
Event: 60.228 GC heap before
{Heap before GC invocations=36 (full 7):
 PSYoungGen      total 1106688K, used 1106489K [0x00000007aacb0000, 0x00000007fa340000, 0x0000000800000000)
  eden space 1071616K, 99% used [0x00000007aacb0000,0x00000007ec30df30,0x00000007ec330000)
  from space 35072K, 99% used [0x00000007f8100000,0x00000007fa3305a8,0x00000007fa340000)
  to   space 62976K, 0% used [0x00000007f2840000,0x00000007f2840000,0x00000007f65c0000)
 ParOldGen       total 288640K, used 31111K [0x0000000700600000, 0x0000000711fe0000, 0x00000007aacb0000)
  object space 288640K, 10% used [0x0000000700600000,0x0000000702461de8,0x0000000711fe0000)
 PSPermGen       total 32640K, used 18111K [0x00000006fb400000, 0x00000006fd3e0000, 0x0000000700600000)
  object space 32640K, 55% used [0x00000006fb400000,0x00000006fc5afca0,0x00000006fd3e0000)
Event: 60.236 GC heap after
Heap after GC invocations=36 (full 7):
 PSYoungGen      total 1063104K, used 35147K [0x00000007aacb0000, 0x00000007f8110000, 0x0000000800000000)
  eden space 1027904K, 0% used [0x00000007aacb0000,0x00000007aacb0000,0x00000007e9880000)
  from space 35200K, 99% used [0x00000007f2840000,0x00000007f4a92c80,0x00000007f4aa0000)
  to   space 55744K, 0% used [0x00000007f4aa0000,0x00000007f4aa0000,0x00000007f8110000)
 ParOldGen       total 288640K, used 31111K [0x0000000700600000, 0x0000000711fe0000, 0x00000007aacb0000)
  object space 288640K, 10% used [0x0000000700600000,0x0000000702461de8,0x0000000711fe0000)
 PSPermGen       total 32640K, used 18111K [0x00000006fb400000, 0x00000006fd3e0000, 0x0000000700600000)
  object space 32640K, 55% used [0x00000006fb400000,0x00000006fc5afca0,0x00000006fd3e0000)
}

