# JRE version: 7.0_07-b11
# Java VM: Java HotSpot(TM) 64-Bit Server VM (23.3-b01 mixed mode windows-amd64 compressed oops)
Heap
 PSYoungGen      total 213632K, used 193633K [0x00000007aacb0000, 0x00000007bb170000, 0x0000000800000000)
  eden space 175296K, 93% used [0x00000007aacb0000,0x00000007b4d32b68,0x00000007b57e0000)
  from space 38336K, 76% used [0x00000007b8180000,0x00000007b9e15bd0,0x00000007ba6f0000)
  to   space 42624K, 0% used [0x00000007b57e0000,0x00000007b57e0000,0x00000007b8180000)
 ParOldGen       total 195584K, used 52311K [0x0000000700600000, 0x000000070c500000, 0x00000007aacb0000)
  object space 195584K, 26% used [0x0000000700600000,0x0000000703915ce8,0x000000070c500000)
 PSPermGen       total 40832K, used 18056K [0x00000006fb400000, 0x00000006fdbe0000, 0x0000000700600000)
  object space 40832K, 44% used [0x00000006fb400000,0x00000006fc5a2040,0x00000006fdbe0000)
GC Heap History (10 events):
Event: 6.050 GC heap before
{Heap before GC invocations=4 (full 0):
 PSYoungGen      total 76352K, used 72566K [0x00000007aacb0000, 0x00000007b41d0000, 0x0000000800000000)
  eden space 65472K, 98% used [0x00000007aacb0000,0x00000007aeb5e630,0x00000007aeca0000)
  from space 10880K, 77% used [0x00000007aeca0000,0x00000007af4cf220,0x00000007af740000)
  to   space 10880K, 0% used [0x00000007b3730000,0x00000007b3730000,0x00000007b41d0000)
 ParOldGen       total 174528K, used 38106K [0x0000000700600000, 0x000000070b070000, 0x00000007aacb0000)
  object space 174528K, 21% used [0x0000000700600000,0x0000000702b368c0,0x000000070b070000)
 PSPermGen       total 21248K, used 18021K [0x00000006fb400000, 0x00000006fc8c0000, 0x0000000700600000)
  object space 21248K, 84% used [0x00000006fb400000,0x00000006fc5995e0,0x00000006fc8c0000)
Event: 6.060 GC heap after
Heap after GC invocations=4 (full 0):
 PSYoungGen      total 141824K, used 8364K [0x00000007aacb0000, 0x00000007b41d0000, 0x0000000800000000)
  eden space 130944K, 0% used [0x00000007aacb0000,0x00000007aacb0000,0x00000007b2c90000)
  from space 10880K, 76% used [0x00000007b3730000,0x00000007b3f5b230,0x00000007b41d0000)
  to   space 10880K, 0% used [0x00000007b2c90000,0x00000007b2c90000,0x00000007b3730000)
 ParOldGen       total 174528K, used 63165K [0x0000000700600000, 0x000000070b070000, 0x00000007aacb0000)
  object space 174528K, 36% used [0x0000000700600000,0x00000007043af690,0x000000070b070000)
 PSPermGen       total 21248K, used 18021K [0x00000006fb400000, 0x00000006fc8c0000, 0x0000000700600000)
  object space 21248K, 84% used [0x00000006fb400000,0x00000006fc5995e0,0x00000006fc8c0000)
}
Event: 7.116 GC heap before
{Heap before GC invocations=5 (full 1):
 PSYoungGen      total 141824K, used 139308K [0x00000007aacb0000, 0x00000007b41d0000, 0x0000000800000000)
  eden space 130944K, 100% used [0x00000007aacb0000,0x00000007b2c90000,0x00000007b2c90000)
  from space 10880K, 76% used [0x00000007b3730000,0x00000007b3f5b230,0x00000007b41d0000)
  to   space 10880K, 0% used [0x00000007b2c90000,0x00000007b2c90000,0x00000007b3730000)
 ParOldGen       total 348096K, used 346371K [0x0000000700600000, 0x00000007159f0000, 0x00000007aacb0000)
  object space 348096K, 99% used [0x0000000700600000,0x0000000715840d60,0x00000007159f0000)
 PSPermGen       total 21248K, used 18032K [0x00000006fb400000, 0x00000006fc8c0000, 0x0000000700600000)
  object space 21248K, 84% used [0x00000006fb400000,0x00000006fc59c3d8,0x00000006fc8c0000)
Event: 7.172 GC heap after
Heap after GC invocations=5 (full 1):
 PSYoungGen      total 141824K, used 0K [0x00000007aacb0000, 0x00000007b41d0000, 0x0000000800000000)
  eden space 130944K, 0% used [0x00000007aacb0000,0x00000007aacb0000,0x00000007b2c90000)
  from space 10880K, 0% used [0x00000007b3730000,0x00000007b3730000,0x00000007b41d0000)
  to   space 10880K, 0% used [0x00000007b2c90000,0x00000007b2c90000,0x00000007b3730000)
 ParOldGen       total 149120K, used 29917K [0x0000000700600000, 0x00000007097a0000, 0x00000007aacb0000)
  object space 149120K, 20% used [0x0000000700600000,0x0000000702337510,0x00000007097a0000)
 PSPermGen       total 36608K, used 18026K [0x00000006fb400000, 0x00000006fd7c0000, 0x0000000700600000)
  object space 36608K, 49% used [0x00000006fb400000,0x00000006fc59a940,0x00000006fd7c0000)
}
Event: 7.682 GC heap before
{Heap before GC invocations=6 (full 2):
 PSYoungGen      total 141824K, used 130944K [0x00000007aacb0000, 0x00000007b41d0000, 0x0000000800000000)
  eden space 130944K, 100% used [0x00000007aacb0000,0x00000007b2c90000,0x00000007b2c90000)
  from space 10880K, 0% used [0x00000007b3730000,0x00000007b3730000,0x00000007b41d0000)
  to   space 10880K, 0% used [0x00000007b2c90000,0x00000007b2c90000,0x00000007b3730000)
 ParOldGen       total 161280K, used 161121K [0x0000000700600000, 0x000000070a380000, 0x00000007aacb0000)
  object space 161280K, 99% used [0x0000000700600000,0x000000070a358680,0x000000070a380000)
 PSPermGen       total 36608K, used 18028K [0x00000006fb400000, 0x00000006fd7c0000, 0x0000000700600000)
  object space 36608K, 49% used [0x00000006fb400000,0x00000006fc59b070,0x00000006fd7c0000)
Event: 7.705 GC heap after
Heap after GC invocations=6 (full 2):
 PSYoungGen      total 141824K, used 0K [0x00000007aacb0000, 0x00000007b41d0000, 0x0000000800000000)
  eden space 130944K, 0% used [0x00000007aacb0000,0x00000007aacb0000,0x00000007b2c90000)
  from space 10880K, 0% used [0x00000007b3730000,0x00000007b3730000,0x00000007b41d0000)
  to   space 10880K, 0% used [0x00000007b2c90000,0x00000007b2c90000,0x00000007b3730000)
 ParOldGen       total 195584K, used 29909K [0x0000000700600000, 0x000000070c500000, 0x00000007aacb0000)
  object space 195584K, 15% used [0x0000000700600000,0x0000000702335658,0x000000070c500000)
 PSPermGen       total 40832K, used 18027K [0x00000006fb400000, 0x00000006fdbe0000, 0x0000000700600000)
  object space 40832K, 44% used [0x00000006fb400000,0x00000006fc59aff0,0x00000006fdbe0000)
}
Event: 8.127 GC heap before
{Heap before GC invocations=7 (full 2):
 PSYoungGen      total 141824K, used 125436K [0x00000007aacb0000, 0x00000007b41d0000, 0x0000000800000000)
  eden space 130944K, 95% used [0x00000007aacb0000,0x00000007b272f2e0,0x00000007b2c90000)
  from space 10880K, 0% used [0x00000007b3730000,0x00000007b3730000,0x00000007b41d0000)
  to   space 10880K, 0% used [0x00000007b2c90000,0x00000007b2c90000,0x00000007b3730000)
 ParOldGen       total 195584K, used 29909K [0x0000000700600000, 0x000000070c500000, 0x00000007aacb0000)
  object space 195584K, 15% used [0x0000000700600000,0x0000000702335658,0x000000070c500000)
 PSPermGen       total 40832K, used 18032K [0x00000006fb400000, 0x00000006fdbe0000, 0x0000000700600000)
  object space 40832K, 44% used [0x00000006fb400000,0x00000006fc59c060,0x00000006fdbe0000)
Event: 8.132 GC heap after
Heap after GC invocations=7 (full 2):
 PSYoungGen      total 141824K, used 10117K [0x00000007aacb0000, 0x00000007ba6f0000, 0x0000000800000000)
  eden space 130944K, 0% used [0x00000007aacb0000,0x00000007aacb0000,0x00000007b2c90000)
  from space 10880K, 92% used [0x00000007b2c90000,0x00000007b3671700,0x00000007b3730000)
  to   space 38336K, 0% used [0x00000007b8180000,0x00000007b8180000,0x00000007ba6f0000)
 ParOldGen       total 195584K, used 48894K [0x0000000700600000, 0x000000070c500000, 0x00000007aacb0000)
  object space 195584K, 24% used [0x0000000700600000,0x00000007035bf818,0x000000070c500000)
 PSPermGen       total 40832K, used 18032K [0x00000006fb400000, 0x00000006fdbe0000, 0x0000000700600000)
  object space 40832K, 44% used [0x00000006fb400000,0x00000006fc59c060,0x00000006fdbe0000)
}
Event: 8.581 GC heap before
{Heap before GC invocations=8 (full 2):
 PSYoungGen      total 141824K, used 140604K [0x00000007aacb0000, 0x00000007ba6f0000, 0x0000000800000000)
  eden space 130944K, 99% used [0x00000007aacb0000,0x00000007b2c1dc40,0x00000007b2c90000)
  from space 10880K, 92% used [0x00000007b2c90000,0x00000007b3671700,0x00000007b3730000)
  to   space 38336K, 0% used [0x00000007b8180000,0x00000007b8180000,0x00000007ba6f0000)
 ParOldGen       total 195584K, used 52311K [0x0000000700600000, 0x000000070c500000, 0x00000007aacb0000)
  object space 195584K, 26% used [0x0000000700600000,0x0000000703915ce8,0x000000070c500000)
 PSPermGen       total 40832K, used 18032K [0x00000006fb400000, 0x00000006fdbe0000, 0x0000000700600000)
  object space 40832K, 44% used [0x00000006fb400000,0x00000006fc59c310,0x00000006fdbe0000)
Event: 8.590 GC heap after
Heap after GC invocations=8 (full 2):
 PSYoungGen      total 213632K, used 29270K [0x00000007aacb0000, 0x00000007bb170000, 0x0000000800000000)
  eden space 175296K, 0% used [0x00000007aacb0000,0x00000007aacb0000,0x00000007b57e0000)
  from space 38336K, 76% used [0x00000007b8180000,0x00000007b9e15bd0,0x00000007ba6f0000)
  to   space 42624K, 0% used [0x00000007b57e0000,0x00000007b57e0000,0x00000007b8180000)
 ParOldGen       total 195584K, used 52311K [0x0000000700600000, 0x000000070c500000, 0x00000007aacb0000)
  object space 195584K, 26% used [0x0000000700600000,0x0000000703915ce8,0x000000070c500000)
 PSPermGen       total 40832K, used 18032K [0x00000006fb400000, 0x00000006fdbe0000, 0x0000000700600000)
  object space 40832K, 44% used [0x00000006fb400000,0x00000006fc59c310,0x00000006fdbe0000)
}

