# JRE version: 7.0_07-b11
# Java VM: Java HotSpot(TM) 64-Bit Server VM (23.3-b01 mixed mode windows-amd64 compressed oops)
Heap
 PSYoungGen      total 1103168K, used 352158K [0x00000007aacb0000, 0x00000007f7b70000, 0x0000000800000000)
  eden space 1085696K, 30% used [0x00000007aacb0000,0x00000007bf394758,0x00000007ed0f0000)
  from space 17472K, 99% used [0x00000007f26c0000,0x00000007f37c3140,0x00000007f37d0000)
  to   space 55040K, 0% used [0x00000007f45b0000,0x00000007f45b0000,0x00000007f7b70000)
 ParOldGen       total 284864K, used 119932K [0x0000000700600000, 0x0000000711c30000, 0x00000007aacb0000)
  object space 284864K, 42% used [0x0000000700600000,0x0000000707b1f358,0x0000000711c30000)
 PSPermGen       total 37760K, used 18144K [0x00000006fb400000, 0x00000006fd8e0000, 0x0000000700600000)
  object space 37760K, 48% used [0x00000006fb400000,0x00000006fc5b8200,0x00000006fd8e0000)
GC Heap History (10 events):
Event: 27.241 GC heap before
{Heap before GC invocations=21 (full 3):
 PSYoungGen      total 1153600K, used 1115160K [0x00000007aacb0000, 0x00000007fed90000, 0x0000000800000000)
  eden space 1092160K, 100% used [0x00000007aacb0000,0x00000007ed740000,0x00000007ed740000)
  from space 61440K, 37% used [0x00000007ed740000,0x00000007eedb63b0,0x00000007f1340000)
  to   space 58304K, 0% used [0x00000007fb4a0000,0x00000007fb4a0000,0x00000007fed90000)
 ParOldGen       total 243968K, used 159627K [0x0000000700600000, 0x000000070f440000, 0x00000007aacb0000)
  object space 243968K, 65% used [0x0000000700600000,0x000000070a1e2ee0,0x000000070f440000)
 PSPermGen       total 39296K, used 18076K [0x00000006fb400000, 0x00000006fda60000, 0x0000000700600000)
  object space 39296K, 46% used [0x00000006fb400000,0x00000006fc5a72a8,0x00000006fda60000)
Event: 27.244 GC heap after
Heap after GC invocations=21 (full 3):
 PSYoungGen      total 1274560K, used 6363K [0x00000007aacb0000, 0x00000007fd7e0000, 0x0000000800000000)
  eden space 1238464K, 0% used [0x00000007aacb0000,0x00000007aacb0000,0x00000007f6620000)
  from space 36096K, 17% used [0x00000007fb4a0000,0x00000007fbad6c30,0x00000007fd7e0000)
  to   space 58240K, 0% used [0x00000007f6620000,0x00000007f6620000,0x00000007f9f00000)
 ParOldGen       total 243968K, used 159627K [0x0000000700600000, 0x000000070f440000, 0x00000007aacb0000)
  object space 243968K, 65% used [0x0000000700600000,0x000000070a1e2ee0,0x000000070f440000)
 PSPermGen       total 39296K, used 18076K [0x00000006fb400000, 0x00000006fda60000, 0x0000000700600000)
  object space 39296K, 46% used [0x00000006fb400000,0x00000006fc5a72a8,0x00000006fda60000)
}
Event: 30.141 GC heap before
{Heap before GC invocations=22 (full 4):
 PSYoungGen      total 1274560K, used 1244827K [0x00000007aacb0000, 0x00000007fd7e0000, 0x0000000800000000)
  eden space 1238464K, 100% used [0x00000007aacb0000,0x00000007f6620000,0x00000007f6620000)
  from space 36096K, 17% used [0x00000007fb4a0000,0x00000007fbad6c30,0x00000007fd7e0000)
  to   space 58240K, 0% used [0x00000007f6620000,0x00000007f6620000,0x00000007f9f00000)
 ParOldGen       total 243968K, used 238312K [0x0000000700600000, 0x000000070f440000, 0x00000007aacb0000)
  object space 243968K, 97% used [0x0000000700600000,0x000000070eeba330,0x000000070f440000)
 PSPermGen       total 39296K, used 18078K [0x00000006fb400000, 0x00000006fda60000, 0x0000000700600000)
  object space 39296K, 46% used [0x00000006fb400000,0x00000006fc5a7a78,0x00000006fda60000)
Event: 30.179 GC heap after
Heap after GC invocations=22 (full 4):
 PSYoungGen      total 1274560K, used 0K [0x00000007aacb0000, 0x00000007fd7e0000, 0x0000000800000000)
  eden space 1238464K, 0% used [0x00000007aacb0000,0x00000007aacb0000,0x00000007f6620000)
  from space 36096K, 0% used [0x00000007fb4a0000,0x00000007fb4a0000,0x00000007fd7e0000)
  to   space 58240K, 0% used [0x00000007f6620000,0x00000007f6620000,0x00000007f9f00000)
 ParOldGen       total 284864K, used 49332K [0x0000000700600000, 0x0000000711c30000, 0x00000007aacb0000)
  object space 284864K, 17% used [0x0000000700600000,0x000000070362d1b0,0x0000000711c30000)
 PSPermGen       total 37760K, used 18078K [0x00000006fb400000, 0x00000006fd8e0000, 0x0000000700600000)
  object space 37760K, 47% used [0x00000006fb400000,0x00000006fc5a79d8,0x00000006fd8e0000)
}
Event: 33.025 GC heap before
{Heap before GC invocations=23 (full 4):
 PSYoungGen      total 1274560K, used 1238464K [0x00000007aacb0000, 0x00000007fd7e0000, 0x0000000800000000)
  eden space 1238464K, 100% used [0x00000007aacb0000,0x00000007f6620000,0x00000007f6620000)
  from space 36096K, 0% used [0x00000007fb4a0000,0x00000007fb4a0000,0x00000007fd7e0000)
  to   space 58240K, 0% used [0x00000007f6620000,0x00000007f6620000,0x00000007f9f00000)
 ParOldGen       total 284864K, used 113857K [0x0000000700600000, 0x0000000711c30000, 0x00000007aacb0000)
  object space 284864K, 39% used [0x0000000700600000,0x0000000707530748,0x0000000711c30000)
 PSPermGen       total 37760K, used 18105K [0x00000006fb400000, 0x00000006fd8e0000, 0x0000000700600000)
  object space 37760K, 47% used [0x00000006fb400000,0x00000006fc5ae6b8,0x00000006fd8e0000)
Event: 33.026 GC heap after
Heap after GC invocations=23 (full 4):
 PSYoungGen      total 1185280K, used 320K [0x00000007aacb0000, 0x00000007fb4b0000, 0x0000000800000000)
  eden space 1184960K, 0% used [0x00000007aacb0000,0x00000007aacb0000,0x00000007f31e0000)
  from space 320K, 100% used [0x00000007f6620000,0x00000007f6670000,0x00000007f6670000)
  to   space 58688K, 0% used [0x00000007f7b60000,0x00000007f7b60000,0x00000007fb4b0000)
 ParOldGen       total 284864K, used 113857K [0x0000000700600000, 0x0000000711c30000, 0x00000007aacb0000)
  object space 284864K, 39% used [0x0000000700600000,0x0000000707530748,0x0000000711c30000)
 PSPermGen       total 37760K, used 18105K [0x00000006fb400000, 0x00000006fd8e0000, 0x0000000700600000)
  object space 37760K, 47% used [0x00000006fb400000,0x00000006fc5ae6b8,0x00000006fd8e0000)
}
Event: 35.623 GC heap before
{Heap before GC invocations=24 (full 4):
 PSYoungGen      total 1185280K, used 1185075K [0x00000007aacb0000, 0x00000007fb4b0000, 0x0000000800000000)
  eden space 1184960K, 99% used [0x00000007aacb0000,0x00000007f31acd58,0x00000007f31e0000)
  from space 320K, 100% used [0x00000007f6620000,0x00000007f6670000,0x00000007f6670000)
  to   space 58688K, 0% used [0x00000007f7b60000,0x00000007f7b60000,0x00000007fb4b0000)
 ParOldGen       total 284864K, used 113857K [0x0000000700600000, 0x0000000711c30000, 0x00000007aacb0000)
  object space 284864K, 39% used [0x0000000700600000,0x0000000707530748,0x0000000711c30000)
 PSPermGen       total 37760K, used 18109K [0x00000006fb400000, 0x00000006fd8e0000, 0x0000000700600000)
  object space 37760K, 47% used [0x00000006fb400000,0x00000006fc5af4f0,0x00000006fd8e0000)
Event: 35.637 GC heap after
Heap after GC invocations=24 (full 4):
 PSYoungGen      total 1163136K, used 29043K [0x00000007aacb0000, 0x00000007f97c0000, 0x0000000800000000)
  eden space 1134080K, 0% used [0x00000007aacb0000,0x00000007aacb0000,0x00000007f0030000)
  from space 29056K, 99% used [0x00000007f7b60000,0x00000007f97bcf80,0x00000007f97c0000)
  to   space 57856K, 0% used [0x00000007f26c0000,0x00000007f26c0000,0x00000007f5f40000)
 ParOldGen       total 284864K, used 113857K [0x0000000700600000, 0x0000000711c30000, 0x00000007aacb0000)
  object space 284864K, 39% used [0x0000000700600000,0x0000000707530748,0x0000000711c30000)
 PSPermGen       total 37760K, used 18109K [0x00000006fb400000, 0x00000006fd8e0000, 0x0000000700600000)
  object space 37760K, 47% used [0x00000006fb400000,0x00000006fc5af4f0,0x00000006fd8e0000)
}
Event: 38.141 GC heap before
{Heap before GC invocations=25 (full 4):
 PSYoungGen      total 1163136K, used 1161215K [0x00000007aacb0000, 0x00000007f97c0000, 0x0000000800000000)
  eden space 1134080K, 99% used [0x00000007aacb0000,0x00000007efe52f88,0x00000007f0030000)
  from space 29056K, 99% used [0x00000007f7b60000,0x00000007f97bcf80,0x00000007f97c0000)
  to   space 57856K, 0% used [0x00000007f26c0000,0x00000007f26c0000,0x00000007f5f40000)
 ParOldGen       total 284864K, used 119932K [0x0000000700600000, 0x0000000711c30000, 0x00000007aacb0000)
  object space 284864K, 42% used [0x0000000700600000,0x0000000707b1f358,0x0000000711c30000)
 PSPermGen       total 37760K, used 18113K [0x00000006fb400000, 0x00000006fd8e0000, 0x0000000700600000)
  object space 37760K, 47% used [0x00000006fb400000,0x00000006fc5b05e0,0x00000006fd8e0000)
Event: 38.146 GC heap after
Heap after GC invocations=25 (full 4):
 PSYoungGen      total 1103168K, used 17420K [0x00000007aacb0000, 0x00000007f7b70000, 0x0000000800000000)
  eden space 1085696K, 0% used [0x00000007aacb0000,0x00000007aacb0000,0x00000007ed0f0000)
  from space 17472K, 99% used [0x00000007f26c0000,0x00000007f37c3140,0x00000007f37d0000)
  to   space 55040K, 0% used [0x00000007f45b0000,0x00000007f45b0000,0x00000007f7b70000)
 ParOldGen       total 284864K, used 119932K [0x0000000700600000, 0x0000000711c30000, 0x00000007aacb0000)
  object space 284864K, 42% used [0x0000000700600000,0x0000000707b1f358,0x0000000711c30000)
 PSPermGen       total 37760K, used 18113K [0x00000006fb400000, 0x00000006fd8e0000, 0x0000000700600000)
  object space 37760K, 47% used [0x00000006fb400000,0x00000006fc5b05e0,0x00000006fd8e0000)
}

