# JRE version: 7.0_07-b11
# Java VM: Java HotSpot(TM) 64-Bit Server VM (23.3-b01 mixed mode windows-amd64 compressed oops)
Heap
 PSYoungGen      total 1247680K, used 740212K [0x00000007aacb0000, 0x00000007fd630000, 0x0000000800000000)
  eden space 1150080K, 57% used [0x00000007aacb0000,0x00000007d376c570,0x00000007f0fd0000)
  from space 97600K, 75% used [0x00000007f74a0000,0x00000007fbcc0c48,0x00000007fd3f0000)
  to   space 101568K, 0% used [0x00000007f0fd0000,0x00000007f0fd0000,0x00000007f7300000)
 ParOldGen       total 282112K, used 150372K [0x0000000700600000, 0x0000000711980000, 0x00000007aacb0000)
  object space 282112K, 53% used [0x0000000700600000,0x00000007098d9380,0x0000000711980000)
 PSPermGen       total 35456K, used 18353K [0x00000006fb400000, 0x00000006fd6a0000, 0x0000000700600000)
  object space 35456K, 51% used [0x00000006fb400000,0x00000006fc5ec4c0,0x00000006fd6a0000)
GC Heap History (10 events):
Event: 17.703 GC heap before
{Heap before GC invocations=19 (full 5):
 PSYoungGen      total 676672K, used 671740K [0x00000007aacb0000, 0x00000007e4df0000, 0x0000000800000000)
  eden space 600896K, 99% used [0x00000007aacb0000,0x00000007cf6966c8,0x00000007cf780000)
  from space 75776K, 94% used [0x00000007cf780000,0x00000007d3d98a20,0x00000007d4180000)
  to   space 84416K, 0% used [0x00000007dfb80000,0x00000007dfb80000,0x00000007e4df0000)
 ParOldGen       total 282112K, used 45205K [0x0000000700600000, 0x0000000711980000, 0x00000007aacb0000)
  object space 282112K, 16% used [0x0000000700600000,0x00000007032257a0,0x0000000711980000)
 PSPermGen       total 35456K, used 18184K [0x00000006fb400000, 0x00000006fd6a0000, 0x0000000700600000)
  object space 35456K, 51% used [0x00000006fb400000,0x00000006fc5c2338,0x00000006fd6a0000)
Event: 17.723 GC heap after
Heap after GC invocations=19 (full 5):
 PSYoungGen      total 859712K, used 73158K [0x00000007aacb0000, 0x00000007e5c40000, 0x0000000800000000)
  eden space 775296K, 0% used [0x00000007aacb0000,0x00000007aacb0000,0x00000007da1d0000)
  from space 84416K, 86% used [0x00000007dfb80000,0x00000007e42f1b38,0x00000007e4df0000)
  to   space 91840K, 0% used [0x00000007da1d0000,0x00000007da1d0000,0x00000007dfb80000)
 ParOldGen       total 282112K, used 59351K [0x0000000700600000, 0x0000000711980000, 0x00000007aacb0000)
  object space 282112K, 21% used [0x0000000700600000,0x0000000703ff5ce0,0x0000000711980000)
 PSPermGen       total 35456K, used 18184K [0x00000006fb400000, 0x00000006fd6a0000, 0x0000000700600000)
  object space 35456K, 51% used [0x00000006fb400000,0x00000006fc5c2338,0x00000006fd6a0000)
}
Event: 19.609 GC heap before
{Heap before GC invocations=20 (full 5):
 PSYoungGen      total 859712K, used 846734K [0x00000007aacb0000, 0x00000007e5c40000, 0x0000000800000000)
  eden space 775296K, 99% used [0x00000007aacb0000,0x00000007da021d90,0x00000007da1d0000)
  from space 84416K, 86% used [0x00000007dfb80000,0x00000007e42f1b38,0x00000007e4df0000)
  to   space 91840K, 0% used [0x00000007da1d0000,0x00000007da1d0000,0x00000007dfb80000)
 ParOldGen       total 282112K, used 61376K [0x0000000700600000, 0x0000000711980000, 0x00000007aacb0000)
  object space 282112K, 21% used [0x0000000700600000,0x00000007041f00f0,0x0000000711980000)
 PSPermGen       total 35456K, used 18280K [0x00000006fb400000, 0x00000006fd6a0000, 0x0000000700600000)
  object space 35456K, 51% used [0x00000006fb400000,0x00000006fc5da208,0x00000006fd6a0000)
Event: 19.631 GC heap after
Heap after GC invocations=20 (full 5):
 PSYoungGen      total 867136K, used 84418K [0x00000007aacb0000, 0x00000007f46b0000, 0x0000000800000000)
  eden space 775296K, 0% used [0x00000007aacb0000,0x00000007aacb0000,0x00000007da1d0000)
  from space 91840K, 91% used [0x00000007da1d0000,0x00000007df440b88,0x00000007dfb80000)
  to   space 101760K, 0% used [0x00000007ee350000,0x00000007ee350000,0x00000007f46b0000)
 ParOldGen       total 282112K, used 61408K [0x0000000700600000, 0x0000000711980000, 0x00000007aacb0000)
  object space 282112K, 21% used [0x0000000700600000,0x00000007041f80f0,0x0000000711980000)
 PSPermGen       total 35456K, used 18280K [0x00000006fb400000, 0x00000006fd6a0000, 0x0000000700600000)
  object space 35456K, 51% used [0x00000006fb400000,0x00000006fc5da208,0x00000006fd6a0000)
}
Event: 21.697 GC heap before
{Heap before GC invocations=21 (full 5):
 PSYoungGen      total 867136K, used 859714K [0x00000007aacb0000, 0x00000007f46b0000, 0x0000000800000000)
  eden space 775296K, 100% used [0x00000007aacb0000,0x00000007da1d0000,0x00000007da1d0000)
  from space 91840K, 91% used [0x00000007da1d0000,0x00000007df440b88,0x00000007dfb80000)
  to   space 101760K, 0% used [0x00000007ee350000,0x00000007ee350000,0x00000007f46b0000)
 ParOldGen       total 282112K, used 124227K [0x0000000700600000, 0x0000000711980000, 0x00000007aacb0000)
  object space 282112K, 44% used [0x0000000700600000,0x0000000707f50fc0,0x0000000711980000)
 PSPermGen       total 35456K, used 18296K [0x00000006fb400000, 0x00000006fd6a0000, 0x0000000700600000)
  object space 35456K, 51% used [0x00000006fb400000,0x00000006fc5de220,0x00000006fd6a0000)
Event: 21.712 GC heap after
Heap after GC invocations=21 (full 5):
 PSYoungGen      total 1070720K, used 58385K [0x00000007aacb0000, 0x00000007f3480000, 0x0000000800000000)
  eden space 987584K, 0% used [0x00000007aacb0000,0x00000007aacb0000,0x00000007e7120000)
  from space 83136K, 70% used [0x00000007ee350000,0x00000007f1c54578,0x00000007f3480000)
  to   space 100032K, 0% used [0x00000007e7120000,0x00000007e7120000,0x00000007ed2d0000)
 ParOldGen       total 282112K, used 124275K [0x0000000700600000, 0x0000000711980000, 0x00000007aacb0000)
  object space 282112K, 44% used [0x0000000700600000,0x0000000707f5cfc0,0x0000000711980000)
 PSPermGen       total 35456K, used 18296K [0x00000006fb400000, 0x00000006fd6a0000, 0x0000000700600000)
  object space 35456K, 51% used [0x00000006fb400000,0x00000006fc5de220,0x00000006fd6a0000)
}
Event: 24.139 GC heap before
{Heap before GC invocations=22 (full 5):
 PSYoungGen      total 1070720K, used 1045969K [0x00000007aacb0000, 0x00000007f3480000, 0x0000000800000000)
  eden space 987584K, 100% used [0x00000007aacb0000,0x00000007e7120000,0x00000007e7120000)
  from space 83136K, 70% used [0x00000007ee350000,0x00000007f1c54578,0x00000007f3480000)
  to   space 100032K, 0% used [0x00000007e7120000,0x00000007e7120000,0x00000007ed2d0000)
 ParOldGen       total 282112K, used 150372K [0x0000000700600000, 0x0000000711980000, 0x00000007aacb0000)
  object space 282112K, 53% used [0x0000000700600000,0x00000007098d9380,0x0000000711980000)
 PSPermGen       total 35456K, used 18315K [0x00000006fb400000, 0x00000006fd6a0000, 0x0000000700600000)
  object space 35456K, 51% used [0x00000006fb400000,0x00000006fc5e2e18,0x00000006fd6a0000)
Event: 24.155 GC heap after
Heap after GC invocations=22 (full 5):
 PSYoungGen      total 1087616K, used 56749K [0x00000007aacb0000, 0x00000007fd3f0000, 0x0000000800000000)
  eden space 987584K, 0% used [0x00000007aacb0000,0x00000007aacb0000,0x00000007e7120000)
  from space 100032K, 56% used [0x00000007e7120000,0x00000007ea88b628,0x00000007ed2d0000)
  to   space 97600K, 0% used [0x00000007f74a0000,0x00000007f74a0000,0x00000007fd3f0000)
 ParOldGen       total 282112K, used 150372K [0x0000000700600000, 0x0000000711980000, 0x00000007aacb0000)
  object space 282112K, 53% used [0x0000000700600000,0x00000007098d9380,0x0000000711980000)
 PSPermGen       total 35456K, used 18315K [0x00000006fb400000, 0x00000006fd6a0000, 0x0000000700600000)
  object space 35456K, 51% used [0x00000006fb400000,0x00000006fc5e2e18,0x00000006fd6a0000)
}
Event: 26.492 GC heap before
{Heap before GC invocations=23 (full 5):
 PSYoungGen      total 1087616K, used 1042694K [0x00000007aacb0000, 0x00000007fd3f0000, 0x0000000800000000)
  eden space 987584K, 99% used [0x00000007aacb0000,0x00000007e6f865d0,0x00000007e7120000)
  from space 100032K, 56% used [0x00000007e7120000,0x00000007ea88b628,0x00000007ed2d0000)
  to   space 97600K, 0% used [0x00000007f74a0000,0x00000007f74a0000,0x00000007fd3f0000)
 ParOldGen       total 282112K, used 150372K [0x0000000700600000, 0x0000000711980000, 0x00000007aacb0000)
  object space 282112K, 53% used [0x0000000700600000,0x00000007098d9380,0x0000000711980000)
 PSPermGen       total 35456K, used 18348K [0x00000006fb400000, 0x00000006fd6a0000, 0x0000000700600000)
  object space 35456K, 51% used [0x00000006fb400000,0x00000006fc5eb0a0,0x00000006fd6a0000)
Event: 26.511 GC heap after
Heap after GC invocations=23 (full 5):
 PSYoungGen      total 1247680K, used 73859K [0x00000007aacb0000, 0x00000007fd630000, 0x0000000800000000)
  eden space 1150080K, 0% used [0x00000007aacb0000,0x00000007aacb0000,0x00000007f0fd0000)
  from space 97600K, 75% used [0x00000007f74a0000,0x00000007fbcc0c48,0x00000007fd3f0000)
  to   space 101568K, 0% used [0x00000007f0fd0000,0x00000007f0fd0000,0x00000007f7300000)
 ParOldGen       total 282112K, used 150372K [0x0000000700600000, 0x0000000711980000, 0x00000007aacb0000)
  object space 282112K, 53% used [0x0000000700600000,0x00000007098d9380,0x0000000711980000)
 PSPermGen       total 35456K, used 18348K [0x00000006fb400000, 0x00000006fd6a0000, 0x0000000700600000)
  object space 35456K, 51% used [0x00000006fb400000,0x00000006fc5eb0a0,0x00000006fd6a0000)
}

