# JRE version: 7.0_07-b11
# Java VM: Java HotSpot(TM) 64-Bit Server VM (23.3-b01 mixed mode windows-amd64 compressed oops)
Heap
 PSYoungGen      total 1184064K, used 133939K [0x00000007aacb0000, 0x0000000800000000, 0x0000000800000000)
  eden space 1140608K, 11% used [0x00000007aacb0000,0x00000007b2f7cd00,0x00000007f0690000)
  from space 43456K, 0% used [0x00000007f0690000,0x00000007f0690000,0x00000007f3100000)
  to   space 44480K, 0% used [0x00000007fd490000,0x00000007fd490000,0x0000000800000000)
 ParOldGen       total 274944K, used 44967K [0x0000000700600000, 0x0000000711280000, 0x00000007aacb0000)
  object space 274944K, 16% used [0x0000000700600000,0x00000007031e9f20,0x0000000711280000)
 PSPermGen       total 37568K, used 18300K [0x00000006fb400000, 0x00000006fd8b0000, 0x0000000700600000)
  object space 37568K, 48% used [0x00000006fb400000,0x00000006fc5df2e8,0x00000006fd8b0000)
GC Heap History (10 events):
Event: 16.124 GC heap before
{Heap before GC invocations=15 (full 3):
 PSYoungGen      total 857984K, used 856580K [0x00000007aacb0000, 0x00000007e92b0000, 0x0000000800000000)
  eden space 822848K, 100% used [0x00000007aacb0000,0x00000007dd040000,0x00000007dd040000)
  from space 35136K, 96% used [0x00000007dd040000,0x00000007df131290,0x00000007df290000)
  to   space 38016K, 0% used [0x00000007e6d90000,0x00000007e6d90000,0x00000007e92b0000)
 ParOldGen       total 211392K, used 133124K [0x0000000700600000, 0x000000070d470000, 0x00000007aacb0000)
  object space 211392K, 62% used [0x0000000700600000,0x00000007088011f8,0x000000070d470000)
 PSPermGen       total 39616K, used 18225K [0x00000006fb400000, 0x00000006fdab0000, 0x0000000700600000)
  object space 39616K, 46% used [0x00000006fb400000,0x00000006fc5cc5d8,0x00000006fdab0000)
Event: 16.125 GC heap after
Heap after GC invocations=15 (full 3):
 PSYoungGen      total 981376K, used 256K [0x00000007aacb0000, 0x00000007ef130000, 0x0000000800000000)
  eden space 943360K, 0% used [0x00000007aacb0000,0x00000007aacb0000,0x00000007e45f0000)
  from space 38016K, 0% used [0x00000007e6d90000,0x00000007e6dd0000,0x00000007e92b0000)
  to   space 40576K, 0% used [0x00000007e45f0000,0x00000007e45f0000,0x00000007e6d90000)
 ParOldGen       total 211392K, used 133204K [0x0000000700600000, 0x000000070d470000, 0x00000007aacb0000)
  object space 211392K, 63% used [0x0000000700600000,0x0000000708815208,0x000000070d470000)
 PSPermGen       total 39616K, used 18225K [0x00000006fb400000, 0x00000006fdab0000, 0x0000000700600000)
  object space 39616K, 46% used [0x00000006fb400000,0x00000006fc5cc5d8,0x00000006fdab0000)
}
Event: 18.126 GC heap before
{Heap before GC invocations=16 (full 3):
 PSYoungGen      total 981376K, used 943616K [0x00000007aacb0000, 0x00000007ef130000, 0x0000000800000000)
  eden space 943360K, 100% used [0x00000007aacb0000,0x00000007e45f0000,0x00000007e45f0000)
  from space 38016K, 0% used [0x00000007e6d90000,0x00000007e6dd0000,0x00000007e92b0000)
  to   space 40576K, 0% used [0x00000007e45f0000,0x00000007e45f0000,0x00000007e6d90000)
 ParOldGen       total 211392K, used 170418K [0x0000000700600000, 0x000000070d470000, 0x00000007aacb0000)
  object space 211392K, 80% used [0x0000000700600000,0x000000070ac6c8c0,0x000000070d470000)
 PSPermGen       total 39616K, used 18230K [0x00000006fb400000, 0x00000006fdab0000, 0x0000000700600000)
  object space 39616K, 46% used [0x00000006fb400000,0x00000006fc5cdbf0,0x00000006fdab0000)
Event: 18.127 GC heap after
Heap after GC invocations=16 (full 3):
 PSYoungGen      total 983936K, used 699K [0x00000007aacb0000, 0x00000007f64e0000, 0x0000000800000000)
  eden space 943360K, 0% used [0x00000007aacb0000,0x00000007aacb0000,0x00000007e45f0000)
  from space 40576K, 1% used [0x00000007e45f0000,0x00000007e469eef0,0x00000007e6d90000)
  to   space 42112K, 0% used [0x00000007f3bc0000,0x00000007f3bc0000,0x00000007f64e0000)
 ParOldGen       total 211392K, used 170418K [0x0000000700600000, 0x000000070d470000, 0x00000007aacb0000)
  object space 211392K, 80% used [0x0000000700600000,0x000000070ac6c8c0,0x000000070d470000)
 PSPermGen       total 39616K, used 18230K [0x00000006fb400000, 0x00000006fdab0000, 0x0000000700600000)
  object space 39616K, 46% used [0x00000006fb400000,0x00000006fc5cdbf0,0x00000006fdab0000)
}
Event: 20.025 GC heap before
{Heap before GC invocations=17 (full 3):
 PSYoungGen      total 983936K, used 942260K [0x00000007aacb0000, 0x00000007f64e0000, 0x0000000800000000)
  eden space 943360K, 99% used [0x00000007aacb0000,0x00000007e442e3c8,0x00000007e45f0000)
  from space 40576K, 1% used [0x00000007e45f0000,0x00000007e469eef0,0x00000007e6d90000)
  to   space 42112K, 0% used [0x00000007f3bc0000,0x00000007f3bc0000,0x00000007f64e0000)
 ParOldGen       total 211392K, used 170418K [0x0000000700600000, 0x000000070d470000, 0x00000007aacb0000)
  object space 211392K, 80% used [0x0000000700600000,0x000000070ac6c8c0,0x000000070d470000)
 PSPermGen       total 39616K, used 18258K [0x00000006fb400000, 0x00000006fdab0000, 0x0000000700600000)
  object space 39616K, 46% used [0x00000006fb400000,0x00000006fc5d4ba8,0x00000006fdab0000)
Event: 20.034 GC heap after
Heap after GC invocations=17 (full 3):
 PSYoungGen      total 1173056K, used 28923K [0x00000007aacb0000, 0x00000007f5b70000, 0x0000000800000000)
  eden space 1140608K, 0% used [0x00000007aacb0000,0x00000007aacb0000,0x00000007f0690000)
  from space 32448K, 89% used [0x00000007f3bc0000,0x00000007f57fecf0,0x00000007f5b70000)
  to   space 43456K, 0% used [0x00000007f0690000,0x00000007f0690000,0x00000007f3100000)
 ParOldGen       total 211392K, used 170418K [0x0000000700600000, 0x000000070d470000, 0x00000007aacb0000)
  object space 211392K, 80% used [0x0000000700600000,0x000000070ac6c8c0,0x000000070d470000)
 PSPermGen       total 39616K, used 18258K [0x00000006fb400000, 0x00000006fdab0000, 0x0000000700600000)
  object space 39616K, 46% used [0x00000006fb400000,0x00000006fc5d4ba8,0x00000006fdab0000)
}
Event: 22.391 GC heap before
{Heap before GC invocations=18 (full 3):
 PSYoungGen      total 1173056K, used 1168068K [0x00000007aacb0000, 0x00000007f5b70000, 0x0000000800000000)
  eden space 1140608K, 99% used [0x00000007aacb0000,0x00000007f0522418,0x00000007f0690000)
  from space 32448K, 89% used [0x00000007f3bc0000,0x00000007f57fecf0,0x00000007f5b70000)
  to   space 43456K, 0% used [0x00000007f0690000,0x00000007f0690000,0x00000007f3100000)
 ParOldGen       total 211392K, used 175860K [0x0000000700600000, 0x000000070d470000, 0x00000007aacb0000)
  object space 211392K, 83% used [0x0000000700600000,0x000000070b1bd1a0,0x000000070d470000)
 PSPermGen       total 39616K, used 18264K [0x00000006fb400000, 0x00000006fdab0000, 0x0000000700600000)
  object space 39616K, 46% used [0x00000006fb400000,0x00000006fc5d6190,0x00000006fdab0000)
Event: 22.399 GC heap after
Heap after GC invocations=18 (full 3):
 PSYoungGen      total 1184064K, used 29302K [0x00000007aacb0000, 0x0000000800000000, 0x0000000800000000)
  eden space 1140608K, 0% used [0x00000007aacb0000,0x00000007aacb0000,0x00000007f0690000)
  from space 43456K, 67% used [0x00000007f0690000,0x00000007f232dbe0,0x00000007f3100000)
  to   space 44480K, 0% used [0x00000007fd490000,0x00000007fd490000,0x0000000800000000)
 ParOldGen       total 211392K, used 175860K [0x0000000700600000, 0x000000070d470000, 0x00000007aacb0000)
  object space 211392K, 83% used [0x0000000700600000,0x000000070b1bd1a0,0x000000070d470000)
 PSPermGen       total 39616K, used 18264K [0x00000006fb400000, 0x00000006fdab0000, 0x0000000700600000)
  object space 39616K, 46% used [0x00000006fb400000,0x00000006fc5d6190,0x00000006fdab0000)
}
Event: 24.858 GC heap before
{Heap before GC invocations=19 (full 4):
 PSYoungGen      total 1184064K, used 1169910K [0x00000007aacb0000, 0x0000000800000000, 0x0000000800000000)
  eden space 1140608K, 100% used [0x00000007aacb0000,0x00000007f0690000,0x00000007f0690000)
  from space 43456K, 67% used [0x00000007f0690000,0x00000007f232dbe0,0x00000007f3100000)
  to   space 44480K, 0% used [0x00000007fd490000,0x00000007fd490000,0x0000000800000000)
 ParOldGen       total 255232K, used 255095K [0x0000000700600000, 0x000000070ff40000, 0x00000007aacb0000)
  object space 255232K, 99% used [0x0000000700600000,0x000000070ff1dd20,0x000000070ff40000)
 PSPermGen       total 39616K, used 18270K [0x00000006fb400000, 0x00000006fdab0000, 0x0000000700600000)
  object space 39616K, 46% used [0x00000006fb400000,0x00000006fc5d7888,0x00000006fdab0000)
Event: 24.890 GC heap after
Heap after GC invocations=19 (full 4):
 PSYoungGen      total 1184064K, used 0K [0x00000007aacb0000, 0x0000000800000000, 0x0000000800000000)
  eden space 1140608K, 0% used [0x00000007aacb0000,0x00000007aacb0000,0x00000007f0690000)
  from space 43456K, 0% used [0x00000007f0690000,0x00000007f0690000,0x00000007f3100000)
  to   space 44480K, 0% used [0x00000007fd490000,0x00000007fd490000,0x0000000800000000)
 ParOldGen       total 274944K, used 44967K [0x0000000700600000, 0x0000000711280000, 0x00000007aacb0000)
  object space 274944K, 16% used [0x0000000700600000,0x00000007031e9f20,0x0000000711280000)
 PSPermGen       total 37568K, used 18269K [0x00000006fb400000, 0x00000006fd8b0000, 0x0000000700600000)
  object space 37568K, 48% used [0x00000006fb400000,0x00000006fc5d7708,0x00000006fd8b0000)
}

