# JRE version: 7.0_07-b11
# Java VM: Java HotSpot(TM) 64-Bit Server VM (23.3-b01 mixed mode windows-amd64 compressed oops)
Heap
 PSYoungGen      total 121664K, used 50894K [0x00000007aacb0000, 0x00000007b7910000, 0x0000000800000000)
  eden space 109376K, 35% used [0x00000007aacb0000,0x00000007ad26e0b8,0x00000007b1780000)
  from space 12288K, 99% used [0x00000007b6d10000,0x00000007b7905820,0x00000007b7910000)
  to   space 24128K, 0% used [0x00000007b49f0000,0x00000007b49f0000,0x00000007b6180000)
 ParOldGen       total 174528K, used 148638K [0x0000000700600000, 0x000000070b070000, 0x00000007aacb0000)
  object space 174528K, 85% used [0x0000000700600000,0x0000000709727b60,0x000000070b070000)
 PSPermGen       total 21248K, used 17894K [0x00000006fb400000, 0x00000006fc8c0000, 0x0000000700600000)
  object space 21248K, 84% used [0x00000006fb400000,0x00000006fc5798d0,0x00000006fc8c0000)
GC Heap History (10 events):
Event: 68.185 GC heap before
{Heap before GC invocations=44 (full 0):
 PSYoungGen      total 147200K, used 146079K [0x00000007aacb0000, 0x00000007ba100000, 0x0000000800000000)
  eden space 128768K, 99% used [0x00000007aacb0000,0x00000007b295baa0,0x00000007b2a70000)
  from space 18432K, 99% used [0x00000007b7d80000,0x00000007b8f7c430,0x00000007b8f80000)
  to   space 17920K, 0% used [0x00000007b8f80000,0x00000007b8f80000,0x00000007ba100000)
 ParOldGen       total 174528K, used 130333K [0x0000000700600000, 0x000000070b070000, 0x00000007aacb0000)
  object space 174528K, 74% used [0x0000000700600000,0x0000000708547730,0x000000070b070000)
 PSPermGen       total 21248K, used 17859K [0x00000006fb400000, 0x00000006fc8c0000, 0x0000000700600000)
  object space 21248K, 84% used [0x00000006fb400000,0x00000006fc570d90,0x00000006fc8c0000)
Event: 68.188 GC heap after
Heap after GC invocations=44 (full 0):
 PSYoungGen      total 136896K, used 12342K [0x00000007aacb0000, 0x00000007b9b90000, 0x0000000800000000)
  eden space 124544K, 0% used [0x00000007aacb0000,0x00000007aacb0000,0x00000007b2650000)
  from space 12352K, 99% used [0x00000007b8f80000,0x00000007b9b8d820,0x00000007b9b90000)
  to   space 24256K, 0% used [0x00000007b6c30000,0x00000007b6c30000,0x00000007b83e0000)
 ParOldGen       total 174528K, used 136416K [0x0000000700600000, 0x000000070b070000, 0x00000007aacb0000)
  object space 174528K, 78% used [0x0000000700600000,0x0000000708b38340,0x000000070b070000)
 PSPermGen       total 21248K, used 17859K [0x00000006fb400000, 0x00000006fc8c0000, 0x0000000700600000)
  object space 21248K, 84% used [0x00000006fb400000,0x00000006fc570d90,0x00000006fc8c0000)
}
Event: 68.857 GC heap before
{Heap before GC invocations=45 (full 0):
 PSYoungGen      total 136896K, used 133938K [0x00000007aacb0000, 0x00000007b9b90000, 0x0000000800000000)
  eden space 124544K, 97% used [0x00000007aacb0000,0x00000007b236f000,0x00000007b2650000)
  from space 12352K, 99% used [0x00000007b8f80000,0x00000007b9b8d820,0x00000007b9b90000)
  to   space 24256K, 0% used [0x00000007b6c30000,0x00000007b6c30000,0x00000007b83e0000)
 ParOldGen       total 174528K, used 136416K [0x0000000700600000, 0x000000070b070000, 0x00000007aacb0000)
  object space 174528K, 78% used [0x0000000700600000,0x0000000708b38340,0x000000070b070000)
 PSPermGen       total 21248K, used 17859K [0x00000006fb400000, 0x00000006fc8c0000, 0x0000000700600000)
  object space 21248K, 84% used [0x00000006fb400000,0x00000006fc570d90,0x00000006fc8c0000)
Event: 68.861 GC heap after
Heap after GC invocations=45 (full 0):
 PSYoungGen      total 139008K, used 18449K [0x00000007aacb0000, 0x00000007b8f90000, 0x0000000800000000)
  eden space 120512K, 0% used [0x00000007aacb0000,0x00000007aacb0000,0x00000007b2260000)
  from space 18496K, 99% used [0x00000007b6c30000,0x00000007b7e34430,0x00000007b7e40000)
  to   space 17728K, 0% used [0x00000007b7e40000,0x00000007b7e40000,0x00000007b8f90000)
 ParOldGen       total 174528K, used 136424K [0x0000000700600000, 0x000000070b070000, 0x00000007aacb0000)
  object space 174528K, 78% used [0x0000000700600000,0x0000000708b3a340,0x000000070b070000)
 PSPermGen       total 21248K, used 17859K [0x00000006fb400000, 0x00000006fc8c0000, 0x0000000700600000)
  object space 21248K, 84% used [0x00000006fb400000,0x00000006fc570d90,0x00000006fc8c0000)
}
Event: 69.489 GC heap before
{Heap before GC invocations=46 (full 0):
 PSYoungGen      total 139008K, used 133965K [0x00000007aacb0000, 0x00000007b8f90000, 0x0000000800000000)
  eden space 120512K, 95% used [0x00000007aacb0000,0x00000007b1d7f158,0x00000007b2260000)
  from space 18496K, 99% used [0x00000007b6c30000,0x00000007b7e34430,0x00000007b7e40000)
  to   space 17728K, 0% used [0x00000007b7e40000,0x00000007b7e40000,0x00000007b8f90000)
 ParOldGen       total 174528K, used 136424K [0x0000000700600000, 0x000000070b070000, 0x00000007aacb0000)
  object space 174528K, 78% used [0x0000000700600000,0x0000000708b3a340,0x000000070b070000)
 PSPermGen       total 21248K, used 17859K [0x00000006fb400000, 0x00000006fc8c0000, 0x0000000700600000)
  object space 21248K, 84% used [0x00000006fb400000,0x00000006fc570d90,0x00000006fc8c0000)
Event: 69.493 GC heap after
Heap after GC invocations=46 (full 0):
 PSYoungGen      total 128960K, used 12310K [0x00000007aacb0000, 0x00000007b8a50000, 0x0000000800000000)
  eden space 116608K, 0% used [0x00000007aacb0000,0x00000007aacb0000,0x00000007b1e90000)
  from space 12352K, 99% used [0x00000007b7e40000,0x00000007b8a45820,0x00000007b8a50000)
  to   space 24192K, 0% used [0x00000007b5b10000,0x00000007b5b10000,0x00000007b72b0000)
 ParOldGen       total 174528K, used 142507K [0x0000000700600000, 0x000000070b070000, 0x00000007aacb0000)
  object space 174528K, 81% used [0x0000000700600000,0x000000070912af50,0x000000070b070000)
 PSPermGen       total 21248K, used 17859K [0x00000006fb400000, 0x00000006fc8c0000, 0x0000000700600000)
  object space 21248K, 84% used [0x00000006fb400000,0x00000006fc570d90,0x00000006fc8c0000)
}
Event: 70.101 GC heap before
{Heap before GC invocations=47 (full 0):
 PSYoungGen      total 128960K, used 127865K [0x00000007aacb0000, 0x00000007b8a50000, 0x0000000800000000)
  eden space 116608K, 99% used [0x00000007aacb0000,0x00000007b1d88c20,0x00000007b1e90000)
  from space 12352K, 99% used [0x00000007b7e40000,0x00000007b8a45820,0x00000007b8a50000)
  to   space 24192K, 0% used [0x00000007b5b10000,0x00000007b5b10000,0x00000007b72b0000)
 ParOldGen       total 174528K, used 142507K [0x0000000700600000, 0x000000070b070000, 0x00000007aacb0000)
  object space 174528K, 81% used [0x0000000700600000,0x000000070912af50,0x000000070b070000)
 PSPermGen       total 21248K, used 17867K [0x00000006fb400000, 0x00000006fc8c0000, 0x0000000700600000)
  object space 21248K, 84% used [0x00000006fb400000,0x00000006fc572d18,0x00000006fc8c0000)
Event: 70.104 GC heap after
Heap after GC invocations=47 (full 0):
 PSYoungGen      total 131328K, used 18417K [0x00000007aacb0000, 0x00000007b7e50000, 0x0000000800000000)
  eden space 112896K, 0% used [0x00000007aacb0000,0x00000007aacb0000,0x00000007b1af0000)
  from space 18432K, 99% used [0x00000007b5b10000,0x00000007b6d0c430,0x00000007b6d10000)
  to   space 17664K, 0% used [0x00000007b6d10000,0x00000007b6d10000,0x00000007b7e50000)
 ParOldGen       total 174528K, used 142531K [0x0000000700600000, 0x000000070b070000, 0x00000007aacb0000)
  object space 174528K, 81% used [0x0000000700600000,0x0000000709130f50,0x000000070b070000)
 PSPermGen       total 21248K, used 17867K [0x00000006fb400000, 0x00000006fc8c0000, 0x0000000700600000)
  object space 21248K, 84% used [0x00000006fb400000,0x00000006fc572d18,0x00000006fc8c0000)
}
Event: 70.494 GC heap before
{Heap before GC invocations=48 (full 0):
 PSYoungGen      total 131328K, used 127794K [0x00000007aacb0000, 0x00000007b7e50000, 0x0000000800000000)
  eden space 112896K, 96% used [0x00000007aacb0000,0x00000007b17806a0,0x00000007b1af0000)
  from space 18432K, 99% used [0x00000007b5b10000,0x00000007b6d0c430,0x00000007b6d10000)
  to   space 17664K, 0% used [0x00000007b6d10000,0x00000007b6d10000,0x00000007b7e50000)
 ParOldGen       total 174528K, used 142531K [0x0000000700600000, 0x000000070b070000, 0x00000007aacb0000)
  object space 174528K, 81% used [0x0000000700600000,0x0000000709130f50,0x000000070b070000)
 PSPermGen       total 21248K, used 17867K [0x00000006fb400000, 0x00000006fc8c0000, 0x0000000700600000)
  object space 21248K, 84% used [0x00000006fb400000,0x00000006fc572d18,0x00000006fc8c0000)
Event: 70.497 GC heap after
Heap after GC invocations=48 (full 0):
 PSYoungGen      total 121664K, used 12246K [0x00000007aacb0000, 0x00000007b7910000, 0x0000000800000000)
  eden space 109376K, 0% used [0x00000007aacb0000,0x00000007aacb0000,0x00000007b1780000)
  from space 12288K, 99% used [0x00000007b6d10000,0x00000007b7905820,0x00000007b7910000)
  to   space 24128K, 0% used [0x00000007b49f0000,0x00000007b49f0000,0x00000007b6180000)
 ParOldGen       total 174528K, used 148638K [0x0000000700600000, 0x000000070b070000, 0x00000007aacb0000)
  object space 174528K, 85% used [0x0000000700600000,0x0000000709727b60,0x000000070b070000)
 PSPermGen       total 21248K, used 17867K [0x00000006fb400000, 0x00000006fc8c0000, 0x0000000700600000)
  object space 21248K, 84% used [0x00000006fb400000,0x00000006fc572d18,0x00000006fc8c0000)
}

