# JRE version: 7.0_07-b11
# Java VM: Java HotSpot(TM) 64-Bit Server VM (23.3-b01 mixed mode windows-amd64 compressed oops)
Heap
 PSYoungGen      total 149248K, used 33091K [0x00000007aacb0000, 0x00000007b5390000, 0x0000000800000000)
  eden space 127488K, 11% used [0x00000007aacb0000,0x00000007abb0c878,0x00000007b2930000)
  from space 21760K, 84% used [0x00000007b3e30000,0x00000007b5024430,0x00000007b5370000)
  to   space 21504K, 0% used [0x00000007b2930000,0x00000007b2930000,0x00000007b3e30000)
 ParOldGen       total 154112K, used 89933K [0x0000000700600000, 0x0000000709c80000, 0x00000007aacb0000)
  object space 154112K, 58% used [0x0000000700600000,0x0000000705dd35b0,0x0000000709c80000)
 PSPermGen       total 34944K, used 17750K [0x00000006fb400000, 0x00000006fd620000, 0x0000000700600000)
  object space 34944K, 50% used [0x00000006fb400000,0x00000006fc555b40,0x00000006fd620000)
GC Heap History (10 events):
Event: 116.856 GC heap before
{Heap before GC invocations=73 (full 5):
 PSYoungGen      total 117184K, used 115591K [0x00000007aacb0000, 0x00000007b3970000, 0x0000000800000000)
  eden space 98816K, 98% used [0x00000007aacb0000,0x00000007b0ba5980,0x00000007b0d30000)
  from space 18368K, 99% used [0x00000007b0f70000,0x00000007b215c430,0x00000007b2160000)
  to   space 22656K, 0% used [0x00000007b2350000,0x00000007b2350000,0x00000007b3970000)
 ParOldGen       total 154112K, used 89829K [0x0000000700600000, 0x0000000709c80000, 0x00000007aacb0000)
  object space 154112K, 58% used [0x0000000700600000,0x0000000705db95b0,0x0000000709c80000)
 PSPermGen       total 34944K, used 17723K [0x00000006fb400000, 0x00000006fd620000, 0x0000000700600000)
  object space 34944K, 50% used [0x00000006fb400000,0x00000006fc54ee58,0x00000006fd620000)
Event: 116.859 GC heap after
Heap after GC invocations=73 (full 5):
 PSYoungGen      total 116480K, used 18449K [0x00000007aacb0000, 0x00000007b36c0000, 0x0000000800000000)
  eden space 96576K, 0% used [0x00000007aacb0000,0x00000007aacb0000,0x00000007b0b00000)
  from space 19904K, 92% used [0x00000007b2350000,0x00000007b3554430,0x00000007b36c0000)
  to   space 22400K, 0% used [0x00000007b0b00000,0x00000007b0b00000,0x00000007b20e0000)
 ParOldGen       total 154112K, used 89837K [0x0000000700600000, 0x0000000709c80000, 0x00000007aacb0000)
  object space 154112K, 58% used [0x0000000700600000,0x0000000705dbb5b0,0x0000000709c80000)
 PSPermGen       total 34944K, used 17723K [0x00000006fb400000, 0x00000006fd620000, 0x0000000700600000)
  object space 34944K, 50% used [0x00000006fb400000,0x00000006fc54ee58,0x00000006fd620000)
}
Event: 117.411 GC heap before
{Heap before GC invocations=74 (full 5):
 PSYoungGen      total 116480K, used 109810K [0x00000007aacb0000, 0x00000007b36c0000, 0x0000000800000000)
  eden space 96576K, 94% used [0x00000007aacb0000,0x00000007b05e84f0,0x00000007b0b00000)
  from space 19904K, 92% used [0x00000007b2350000,0x00000007b3554430,0x00000007b36c0000)
  to   space 22400K, 0% used [0x00000007b0b00000,0x00000007b0b00000,0x00000007b20e0000)
 ParOldGen       total 154112K, used 89837K [0x0000000700600000, 0x0000000709c80000, 0x00000007aacb0000)
  object space 154112K, 58% used [0x0000000700600000,0x0000000705dbb5b0,0x0000000709c80000)
 PSPermGen       total 34944K, used 17726K [0x00000006fb400000, 0x00000006fd620000, 0x0000000700600000)
  object space 34944K, 50% used [0x00000006fb400000,0x00000006fc54fbb8,0x00000006fd620000)
Event: 117.420 GC heap after
Heap after GC invocations=74 (full 5):
 PSYoungGen      total 118976K, used 18417K [0x00000007aacb0000, 0x00000007b4420000, 0x0000000800000000)
  eden space 96576K, 0% used [0x00000007aacb0000,0x00000007aacb0000,0x00000007b0b00000)
  from space 22400K, 82% used [0x00000007b0b00000,0x00000007b1cfc430,0x00000007b20e0000)
  to   space 22208K, 0% used [0x00000007b2e70000,0x00000007b2e70000,0x00000007b4420000)
 ParOldGen       total 154112K, used 89853K [0x0000000700600000, 0x0000000709c80000, 0x00000007aacb0000)
  object space 154112K, 58% used [0x0000000700600000,0x0000000705dbf5b0,0x0000000709c80000)
 PSPermGen       total 34944K, used 17726K [0x00000006fb400000, 0x00000006fd620000, 0x0000000700600000)
  object space 34944K, 50% used [0x00000006fb400000,0x00000006fc54fbb8,0x00000006fd620000)
}
Event: 117.915 GC heap before
{Heap before GC invocations=75 (full 5):
 PSYoungGen      total 118976K, used 109657K [0x00000007aacb0000, 0x00000007b4420000, 0x0000000800000000)
  eden space 96576K, 94% used [0x00000007aacb0000,0x00000007b05c9fd0,0x00000007b0b00000)
  from space 22400K, 82% used [0x00000007b0b00000,0x00000007b1cfc430,0x00000007b20e0000)
  to   space 22208K, 0% used [0x00000007b2e70000,0x00000007b2e70000,0x00000007b4420000)
 ParOldGen       total 154112K, used 89853K [0x0000000700600000, 0x0000000709c80000, 0x00000007aacb0000)
  object space 154112K, 58% used [0x0000000700600000,0x0000000705dbf5b0,0x0000000709c80000)
 PSPermGen       total 34944K, used 17726K [0x00000006fb400000, 0x00000006fd620000, 0x0000000700600000)
  object space 34944K, 50% used [0x00000006fb400000,0x00000006fc54fbb8,0x00000006fd620000)
Event: 117.920 GC heap after
Heap after GC invocations=75 (full 5):
 PSYoungGen      total 132928K, used 18385K [0x00000007aacb0000, 0x00000007b43f0000, 0x0000000800000000)
  eden space 110912K, 0% used [0x00000007aacb0000,0x00000007aacb0000,0x00000007b1900000)
  from space 22016K, 83% used [0x00000007b2e70000,0x00000007b4064430,0x00000007b43f0000)
  to   space 21952K, 0% used [0x00000007b1900000,0x00000007b1900000,0x00000007b2e70000)
 ParOldGen       total 154112K, used 89885K [0x0000000700600000, 0x0000000709c80000, 0x00000007aacb0000)
  object space 154112K, 58% used [0x0000000700600000,0x0000000705dc75b0,0x0000000709c80000)
 PSPermGen       total 34944K, used 17726K [0x00000006fb400000, 0x00000006fd620000, 0x0000000700600000)
  object space 34944K, 50% used [0x00000006fb400000,0x00000006fc54fbb8,0x00000006fd620000)
}
Event: 118.225 GC heap before
{Heap before GC invocations=76 (full 5):
 PSYoungGen      total 132928K, used 127763K [0x00000007aacb0000, 0x00000007b43f0000, 0x0000000800000000)
  eden space 110912K, 98% used [0x00000007aacb0000,0x00000007b1780b70,0x00000007b1900000)
  from space 22016K, 83% used [0x00000007b2e70000,0x00000007b4064430,0x00000007b43f0000)
  to   space 21952K, 0% used [0x00000007b1900000,0x00000007b1900000,0x00000007b2e70000)
 ParOldGen       total 154112K, used 89885K [0x0000000700600000, 0x0000000709c80000, 0x00000007aacb0000)
  object space 154112K, 58% used [0x0000000700600000,0x0000000705dc75b0,0x0000000709c80000)
 PSPermGen       total 34944K, used 17726K [0x00000006fb400000, 0x00000006fd620000, 0x0000000700600000)
  object space 34944K, 50% used [0x00000006fb400000,0x00000006fc54fbb8,0x00000006fd620000)
Event: 118.227 GC heap after
Heap after GC invocations=76 (full 5):
 PSYoungGen      total 132864K, used 18385K [0x00000007aacb0000, 0x00000007b5370000, 0x0000000800000000)
  eden space 110912K, 0% used [0x00000007aacb0000,0x00000007aacb0000,0x00000007b1900000)
  from space 21952K, 83% used [0x00000007b1900000,0x00000007b2af4430,0x00000007b2e70000)
  to   space 21760K, 0% used [0x00000007b3e30000,0x00000007b3e30000,0x00000007b5370000)
 ParOldGen       total 154112K, used 89909K [0x0000000700600000, 0x0000000709c80000, 0x00000007aacb0000)
  object space 154112K, 58% used [0x0000000700600000,0x0000000705dcd5b0,0x0000000709c80000)
 PSPermGen       total 34944K, used 17726K [0x00000006fb400000, 0x00000006fd620000, 0x0000000700600000)
  object space 34944K, 50% used [0x00000006fb400000,0x00000006fc54fbb8,0x00000006fd620000)
}
Event: 118.538 GC heap before
{Heap before GC invocations=77 (full 5):
 PSYoungGen      total 132864K, used 127755K [0x00000007aacb0000, 0x00000007b5370000, 0x0000000800000000)
  eden space 110912K, 98% used [0x00000007aacb0000,0x00000007b177eb78,0x00000007b1900000)
  from space 21952K, 83% used [0x00000007b1900000,0x00000007b2af4430,0x00000007b2e70000)
  to   space 21760K, 0% used [0x00000007b3e30000,0x00000007b3e30000,0x00000007b5370000)
 ParOldGen       total 154112K, used 89909K [0x0000000700600000, 0x0000000709c80000, 0x00000007aacb0000)
  object space 154112K, 58% used [0x0000000700600000,0x0000000705dcd5b0,0x0000000709c80000)
 PSPermGen       total 34944K, used 17726K [0x00000006fb400000, 0x00000006fd620000, 0x0000000700600000)
  object space 34944K, 50% used [0x00000006fb400000,0x00000006fc54fbb8,0x00000006fd620000)
Event: 118.543 GC heap after
Heap after GC invocations=77 (full 5):
 PSYoungGen      total 149248K, used 18385K [0x00000007aacb0000, 0x00000007b5390000, 0x0000000800000000)
  eden space 127488K, 0% used [0x00000007aacb0000,0x00000007aacb0000,0x00000007b2930000)
  from space 21760K, 84% used [0x00000007b3e30000,0x00000007b5024430,0x00000007b5370000)
  to   space 21504K, 0% used [0x00000007b2930000,0x00000007b2930000,0x00000007b3e30000)
 ParOldGen       total 154112K, used 89933K [0x0000000700600000, 0x0000000709c80000, 0x00000007aacb0000)
  object space 154112K, 58% used [0x0000000700600000,0x0000000705dd35b0,0x0000000709c80000)
 PSPermGen       total 34944K, used 17726K [0x00000006fb400000, 0x00000006fd620000, 0x0000000700600000)
  object space 34944K, 50% used [0x00000006fb400000,0x00000006fc54fbb8,0x00000006fd620000)
}

