# JRE version: 7.0_07-b11
# Java VM: Java HotSpot(TM) 64-Bit Server VM (23.3-b01 mixed mode windows-amd64 compressed oops)
Heap
 PSYoungGen      total 1324608K, used 59593K [0x00000007aacb0000, 0x00000007ffd30000, 0x0000000800000000)
  eden space 1262080K, 1% used [0x00000007aacb0000,0x00000007ac098aa8,0x00000007f7d30000)
  from space 62528K, 62% used [0x00000007fc020000,0x00000007fe669b90,0x00000007ffd30000)
  to   space 65536K, 0% used [0x00000007f7d30000,0x00000007f7d30000,0x00000007fbd30000)
 ParOldGen       total 190464K, used 141288K [0x0000000700600000, 0x000000070c000000, 0x00000007aacb0000)
  object space 190464K, 74% used [0x0000000700600000,0x0000000708ffa148,0x000000070c000000)
 PSPermGen       total 40896K, used 18126K [0x00000006fb400000, 0x00000006fdbf0000, 0x0000000700600000)
  object space 40896K, 44% used [0x00000006fb400000,0x00000006fc5b3970,0x00000006fdbf0000)
GC Heap History (10 events):
Event: 15.659 GC heap before
{Heap before GC invocations=16 (full 2):
 PSYoungGen      total 946432K, used 896535K [0x00000007aacb0000, 0x00000007f5bc0000, 0x0000000800000000)
  eden space 875712K, 100% used [0x00000007aacb0000,0x00000007e03e0000,0x00000007e03e0000)
  from space 70720K, 29% used [0x00000007e03e0000,0x00000007e1835d10,0x00000007e48f0000)
  to   space 69568K, 0% used [0x00000007f17d0000,0x00000007f17d0000,0x00000007f5bc0000)
 ParOldGen       total 190464K, used 141288K [0x0000000700600000, 0x000000070c000000, 0x00000007aacb0000)
  object space 190464K, 74% used [0x0000000700600000,0x0000000708ffa148,0x000000070c000000)
 PSPermGen       total 40896K, used 18067K [0x00000006fb400000, 0x00000006fdbf0000, 0x0000000700600000)
  object space 40896K, 44% used [0x00000006fb400000,0x00000006fc5a4dc8,0x00000006fdbf0000)
Event: 15.661 GC heap after
Heap after GC invocations=16 (full 2):
 PSYoungGen      total 1096192K, used 224K [0x00000007aacb0000, 0x00000007f3f70000, 0x0000000800000000)
  eden space 1055616K, 0% used [0x00000007aacb0000,0x00000007aacb0000,0x00000007eb390000)
  from space 40576K, 0% used [0x00000007f17d0000,0x00000007f1808000,0x00000007f3f70000)
  to   space 71616K, 0% used [0x00000007eb390000,0x00000007eb390000,0x00000007ef980000)
 ParOldGen       total 190464K, used 141288K [0x0000000700600000, 0x000000070c000000, 0x00000007aacb0000)
  object space 190464K, 74% used [0x0000000700600000,0x0000000708ffa148,0x000000070c000000)
 PSPermGen       total 40896K, used 18067K [0x00000006fb400000, 0x00000006fdbf0000, 0x0000000700600000)
  object space 40896K, 44% used [0x00000006fb400000,0x00000006fc5a4dc8,0x00000006fdbf0000)
}
Event: 17.827 GC heap before
{Heap before GC invocations=17 (full 2):
 PSYoungGen      total 1096192K, used 1053997K [0x00000007aacb0000, 0x00000007f3f70000, 0x0000000800000000)
  eden space 1055616K, 99% used [0x00000007aacb0000,0x00000007eb1c3670,0x00000007eb390000)
  from space 40576K, 0% used [0x00000007f17d0000,0x00000007f1808000,0x00000007f3f70000)
  to   space 71616K, 0% used [0x00000007eb390000,0x00000007eb390000,0x00000007ef980000)
 ParOldGen       total 190464K, used 141288K [0x0000000700600000, 0x000000070c000000, 0x00000007aacb0000)
  object space 190464K, 74% used [0x0000000700600000,0x0000000708ffa148,0x000000070c000000)
 PSPermGen       total 40896K, used 18090K [0x00000006fb400000, 0x00000006fdbf0000, 0x0000000700600000)
  object space 40896K, 44% used [0x00000006fb400000,0x00000006fc5aa998,0x00000006fdbf0000)
Event: 17.837 GC heap after
Heap after GC invocations=17 (full 2):
 PSYoungGen      total 1127232K, used 37149K [0x00000007aacb0000, 0x00000007ffed0000, 0x0000000800000000)
  eden space 1055616K, 0% used [0x00000007aacb0000,0x00000007aacb0000,0x00000007eb390000)
  from space 71616K, 51% used [0x00000007eb390000,0x00000007ed7d7780,0x00000007ef980000)
  to   space 70080K, 0% used [0x00000007fba60000,0x00000007fba60000,0x00000007ffed0000)
 ParOldGen       total 190464K, used 141288K [0x0000000700600000, 0x000000070c000000, 0x00000007aacb0000)
  object space 190464K, 74% used [0x0000000700600000,0x0000000708ffa148,0x000000070c000000)
 PSPermGen       total 40896K, used 18090K [0x00000006fb400000, 0x00000006fdbf0000, 0x0000000700600000)
  object space 40896K, 44% used [0x00000006fb400000,0x00000006fc5aa998,0x00000006fdbf0000)
}
Event: 19.952 GC heap before
{Heap before GC invocations=18 (full 2):
 PSYoungGen      total 1127232K, used 1092423K [0x00000007aacb0000, 0x00000007ffed0000, 0x0000000800000000)
  eden space 1055616K, 99% used [0x00000007aacb0000,0x00000007eb33a4e0,0x00000007eb390000)
  from space 71616K, 51% used [0x00000007eb390000,0x00000007ed7d7780,0x00000007ef980000)
  to   space 70080K, 0% used [0x00000007fba60000,0x00000007fba60000,0x00000007ffed0000)
 ParOldGen       total 190464K, used 141288K [0x0000000700600000, 0x000000070c000000, 0x00000007aacb0000)
  object space 190464K, 74% used [0x0000000700600000,0x0000000708ffa148,0x000000070c000000)
 PSPermGen       total 40896K, used 18097K [0x00000006fb400000, 0x00000006fdbf0000, 0x0000000700600000)
  object space 40896K, 44% used [0x00000006fb400000,0x00000006fc5ac508,0x00000006fdbf0000)
Event: 19.957 GC heap after
Heap after GC invocations=18 (full 2):
 PSYoungGen      total 1273024K, used 16835K [0x00000007aacb0000, 0x00000007fe410000, 0x0000000800000000)
  eden space 1230336K, 0% used [0x00000007aacb0000,0x00000007aacb0000,0x00000007f5e30000)
  from space 42688K, 39% used [0x00000007fba60000,0x00000007fcad0f40,0x00000007fe410000)
  to   space 68544K, 0% used [0x00000007f5e30000,0x00000007f5e30000,0x00000007fa120000)
 ParOldGen       total 190464K, used 141288K [0x0000000700600000, 0x000000070c000000, 0x00000007aacb0000)
  object space 190464K, 74% used [0x0000000700600000,0x0000000708ffa148,0x000000070c000000)
 PSPermGen       total 40896K, used 18097K [0x00000006fb400000, 0x00000006fdbf0000, 0x0000000700600000)
  object space 40896K, 44% used [0x00000006fb400000,0x00000006fc5ac508,0x00000006fdbf0000)
}
Event: 22.352 GC heap before
{Heap before GC invocations=19 (full 2):
 PSYoungGen      total 1273024K, used 1243533K [0x00000007aacb0000, 0x00000007fe410000, 0x0000000800000000)
  eden space 1230336K, 99% used [0x00000007aacb0000,0x00000007f5aa2788,0x00000007f5e30000)
  from space 42688K, 39% used [0x00000007fba60000,0x00000007fcad0f40,0x00000007fe410000)
  to   space 68544K, 0% used [0x00000007f5e30000,0x00000007f5e30000,0x00000007fa120000)
 ParOldGen       total 190464K, used 141288K [0x0000000700600000, 0x000000070c000000, 0x00000007aacb0000)
  object space 190464K, 74% used [0x0000000700600000,0x0000000708ffa148,0x000000070c000000)
 PSPermGen       total 40896K, used 18105K [0x00000006fb400000, 0x00000006fdbf0000, 0x0000000700600000)
  object space 40896K, 44% used [0x00000006fb400000,0x00000006fc5ae4d8,0x00000006fdbf0000)
Event: 22.359 GC heap after
Heap after GC invocations=19 (full 2):
 PSYoungGen      total 1298880K, used 24905K [0x00000007aacb0000, 0x0000000800000000, 0x0000000800000000)
  eden space 1230336K, 0% used [0x00000007aacb0000,0x00000007aacb0000,0x00000007f5e30000)
  from space 68544K, 36% used [0x00000007f5e30000,0x00000007f7682530,0x00000007fa120000)
  to   space 65408K, 0% used [0x00000007fc020000,0x00000007fc020000,0x0000000800000000)
 ParOldGen       total 190464K, used 141288K [0x0000000700600000, 0x000000070c000000, 0x00000007aacb0000)
  object space 190464K, 74% used [0x0000000700600000,0x0000000708ffa148,0x000000070c000000)
 PSPermGen       total 40896K, used 18105K [0x00000006fb400000, 0x00000006fdbf0000, 0x0000000700600000)
  object space 40896K, 44% used [0x00000006fb400000,0x00000006fc5ae4d8,0x00000006fdbf0000)
}
Event: 24.733 GC heap before
{Heap before GC invocations=20 (full 2):
 PSYoungGen      total 1298880K, used 1252445K [0x00000007aacb0000, 0x0000000800000000, 0x0000000800000000)
  eden space 1230336K, 99% used [0x00000007aacb0000,0x00000007f5b75160,0x00000007f5e30000)
  from space 68544K, 36% used [0x00000007f5e30000,0x00000007f7682530,0x00000007fa120000)
  to   space 65408K, 0% used [0x00000007fc020000,0x00000007fc020000,0x0000000800000000)
 ParOldGen       total 190464K, used 141288K [0x0000000700600000, 0x000000070c000000, 0x00000007aacb0000)
  object space 190464K, 74% used [0x0000000700600000,0x0000000708ffa148,0x000000070c000000)
 PSPermGen       total 40896K, used 18126K [0x00000006fb400000, 0x00000006fdbf0000, 0x0000000700600000)
  object space 40896K, 44% used [0x00000006fb400000,0x00000006fc5b3970,0x00000006fdbf0000)
Event: 24.741 GC heap after
Heap after GC invocations=20 (full 2):
 PSYoungGen      total 1324608K, used 39206K [0x00000007aacb0000, 0x00000007ffd30000, 0x0000000800000000)
  eden space 1262080K, 0% used [0x00000007aacb0000,0x00000007aacb0000,0x00000007f7d30000)
  from space 62528K, 62% used [0x00000007fc020000,0x00000007fe669b90,0x00000007ffd30000)
  to   space 65536K, 0% used [0x00000007f7d30000,0x00000007f7d30000,0x00000007fbd30000)
 ParOldGen       total 190464K, used 141288K [0x0000000700600000, 0x000000070c000000, 0x00000007aacb0000)
  object space 190464K, 74% used [0x0000000700600000,0x0000000708ffa148,0x000000070c000000)
 PSPermGen       total 40896K, used 18126K [0x00000006fb400000, 0x00000006fdbf0000, 0x0000000700600000)
  object space 40896K, 44% used [0x00000006fb400000,0x00000006fc5b3970,0x00000006fdbf0000)
}

