# JRE version: 7.0_07-b11
# Java VM: Java HotSpot(TM) 64-Bit Server VM (23.3-b01 mixed mode windows-amd64 compressed oops)
Heap
 PSYoungGen      total 983104K, used 848958K [0x00000007aacb0000, 0x00000007f0630000, 0x0000000800000000)
  eden space 928192K, 88% used [0x00000007aacb0000,0x00000007dcdb8908,0x00000007e3720000)
  from space 54912K, 52% used [0x00000007e6a40000,0x00000007e86472a0,0x00000007e9fe0000)
  to   space 52352K, 0% used [0x00000007e3720000,0x00000007e3720000,0x00000007e6a40000)
 ParOldGen       total 172992K, used 80008K [0x0000000700600000, 0x000000070aef0000, 0x00000007aacb0000)
  object space 172992K, 46% used [0x0000000700600000,0x0000000705422308,0x000000070aef0000)
 PSPermGen       total 40512K, used 18041K [0x00000006fb400000, 0x00000006fdb90000, 0x0000000700600000)
  object space 40512K, 44% used [0x00000006fb400000,0x00000006fc59e538,0x00000006fdb90000)
GC Heap History (10 events):
Event: 7.976 GC heap before
{Heap before GC invocations=10 (full 1):
 PSYoungGen      total 555520K, used 43604K [0x00000007aacb0000, 0x00000007e2d20000, 0x0000000800000000)
  eden space 508992K, 0% used [0x00000007aacb0000,0x00000007aacb0000,0x00000007c9dc0000)
  from space 46528K, 93% used [0x00000007c9dc0000,0x00000007cc855200,0x00000007ccb30000)
  to   space 51776K, 0% used [0x00000007dfa90000,0x00000007dfa90000,0x00000007e2d20000)
 ParOldGen       total 174528K, used 156072K [0x0000000700600000, 0x000000070b070000, 0x00000007aacb0000)
  object space 174528K, 89% used [0x0000000700600000,0x0000000709e6a2c8,0x000000070b070000)
 PSPermGen       total 21248K, used 17884K [0x00000006fb400000, 0x00000006fc8c0000, 0x0000000700600000)
  object space 21248K, 84% used [0x00000006fb400000,0x00000006fc577390,0x00000006fc8c0000)
Event: 8.029 GC heap after
Heap after GC invocations=10 (full 1):
 PSYoungGen      total 555520K, used 0K [0x00000007aacb0000, 0x00000007e2d20000, 0x0000000800000000)
  eden space 508992K, 0% used [0x00000007aacb0000,0x00000007aacb0000,0x00000007c9dc0000)
  from space 46528K, 0% used [0x00000007c9dc0000,0x00000007c9dc0000,0x00000007ccb30000)
  to   space 51776K, 0% used [0x00000007dfa90000,0x00000007dfa90000,0x00000007e2d20000)
 ParOldGen       total 151232K, used 37379K [0x0000000700600000, 0x00000007099b0000, 0x00000007aacb0000)
  object space 151232K, 24% used [0x0000000700600000,0x0000000702a80f48,0x00000007099b0000)
 PSPermGen       total 36288K, used 17878K [0x00000006fb400000, 0x00000006fd770000, 0x0000000700600000)
  object space 36288K, 49% used [0x00000006fb400000,0x00000006fc5758f8,0x00000006fd770000)
}
Event: 10.455 GC heap before
{Heap before GC invocations=11 (full 2):
 PSYoungGen      total 555520K, used 506719K [0x00000007aacb0000, 0x00000007e2d20000, 0x0000000800000000)
  eden space 508992K, 99% used [0x00000007aacb0000,0x00000007c9b87d88,0x00000007c9dc0000)
  from space 46528K, 0% used [0x00000007c9dc0000,0x00000007c9dc0000,0x00000007ccb30000)
  to   space 51776K, 0% used [0x00000007dfa90000,0x00000007dfa90000,0x00000007e2d20000)
 ParOldGen       total 380352K, used 377580K [0x0000000700600000, 0x0000000717970000, 0x00000007aacb0000)
  object space 380352K, 99% used [0x0000000700600000,0x00000007176bb338,0x0000000717970000)
 PSPermGen       total 36288K, used 17882K [0x00000006fb400000, 0x00000006fd770000, 0x0000000700600000)
  object space 36288K, 49% used [0x00000006fb400000,0x00000006fc576a78,0x00000006fd770000)
Event: 10.501 GC heap after
Heap after GC invocations=11 (full 2):
 PSYoungGen      total 555520K, used 0K [0x00000007aacb0000, 0x00000007e2d20000, 0x0000000800000000)
  eden space 508992K, 0% used [0x00000007aacb0000,0x00000007aacb0000,0x00000007c9dc0000)
  from space 46528K, 0% used [0x00000007c9dc0000,0x00000007c9dc0000,0x00000007ccb30000)
  to   space 51776K, 0% used [0x00000007dfa90000,0x00000007dfa90000,0x00000007e2d20000)
 ParOldGen       total 172992K, used 31320K [0x0000000700600000, 0x000000070aef0000, 0x00000007aacb0000)
  object space 172992K, 18% used [0x0000000700600000,0x0000000702496298,0x000000070aef0000)
 PSPermGen       total 40512K, used 17882K [0x00000006fb400000, 0x00000006fdb90000, 0x0000000700600000)
  object space 40512K, 44% used [0x00000006fb400000,0x00000006fc576a78,0x00000006fdb90000)
}
Event: 12.363 GC heap before
{Heap before GC invocations=12 (full 2):
 PSYoungGen      total 555520K, used 507379K [0x00000007aacb0000, 0x00000007e2d20000, 0x0000000800000000)
  eden space 508992K, 99% used [0x00000007aacb0000,0x00000007c9c2cee8,0x00000007c9dc0000)
  from space 46528K, 0% used [0x00000007c9dc0000,0x00000007c9dc0000,0x00000007ccb30000)
  to   space 51776K, 0% used [0x00000007dfa90000,0x00000007dfa90000,0x00000007e2d20000)
 ParOldGen       total 172992K, used 31320K [0x0000000700600000, 0x000000070aef0000, 0x00000007aacb0000)
  object space 172992K, 18% used [0x0000000700600000,0x0000000702496298,0x000000070aef0000)
 PSPermGen       total 40512K, used 17978K [0x00000006fb400000, 0x00000006fdb90000, 0x0000000700600000)
  object space 40512K, 44% used [0x00000006fb400000,0x00000006fc58ea70,0x00000006fdb90000)
Event: 12.375 GC heap after
Heap after GC invocations=12 (full 2):
 PSYoungGen      total 745024K, used 49615K [0x00000007aacb0000, 0x00000007e2b10000, 0x0000000800000000)
  eden space 695360K, 0% used [0x00000007aacb0000,0x00000007aacb0000,0x00000007d53c0000)
  from space 49664K, 99% used [0x00000007dfa90000,0x00000007e2b03e00,0x00000007e2b10000)
  to   space 57792K, 0% used [0x00000007dba30000,0x00000007dba30000,0x00000007df2a0000)
 ParOldGen       total 172992K, used 55620K [0x0000000700600000, 0x000000070aef0000, 0x00000007aacb0000)
  object space 172992K, 32% used [0x0000000700600000,0x0000000703c512d8,0x000000070aef0000)
 PSPermGen       total 40512K, used 17978K [0x00000006fb400000, 0x00000006fdb90000, 0x0000000700600000)
  object space 40512K, 44% used [0x00000006fb400000,0x00000006fc58ea70,0x00000006fdb90000)
}
Event: 17.015 GC heap before
{Heap before GC invocations=13 (full 2):
 PSYoungGen      total 745024K, used 744408K [0x00000007aacb0000, 0x00000007e2b10000, 0x0000000800000000)
  eden space 695360K, 99% used [0x00000007aacb0000,0x00000007d5332370,0x00000007d53c0000)
  from space 49664K, 99% used [0x00000007dfa90000,0x00000007e2b03e00,0x00000007e2b10000)
  to   space 57792K, 0% used [0x00000007dba30000,0x00000007dba30000,0x00000007df2a0000)
 ParOldGen       total 172992K, used 55620K [0x0000000700600000, 0x000000070aef0000, 0x00000007aacb0000)
  object space 172992K, 32% used [0x0000000700600000,0x0000000703c512d8,0x000000070aef0000)
 PSPermGen       total 40512K, used 17981K [0x00000006fb400000, 0x00000006fdb90000, 0x0000000700600000)
  object space 40512K, 44% used [0x00000006fb400000,0x00000006fc58f688,0x00000006fdb90000)
Event: 17.025 GC heap after
Heap after GC invocations=13 (full 2):
 PSYoungGen      total 858048K, used 28732K [0x00000007aacb0000, 0x00000007e9fe0000, 0x0000000800000000)
  eden space 800256K, 0% used [0x00000007aacb0000,0x00000007aacb0000,0x00000007dba30000)
  from space 57792K, 49% used [0x00000007dba30000,0x00000007dd63f2a0,0x00000007df2a0000)
  to   space 54912K, 0% used [0x00000007e6a40000,0x00000007e6a40000,0x00000007e9fe0000)
 ParOldGen       total 172992K, used 79976K [0x0000000700600000, 0x000000070aef0000, 0x00000007aacb0000)
  object space 172992K, 46% used [0x0000000700600000,0x000000070541a308,0x000000070aef0000)
 PSPermGen       total 40512K, used 17981K [0x00000006fb400000, 0x00000006fdb90000, 0x0000000700600000)
  object space 40512K, 44% used [0x00000006fb400000,0x00000006fc58f688,0x00000006fdb90000)
}
Event: 22.300 GC heap before
{Heap before GC invocations=14 (full 2):
 PSYoungGen      total 858048K, used 827675K [0x00000007aacb0000, 0x00000007e9fe0000, 0x0000000800000000)
  eden space 800256K, 99% used [0x00000007aacb0000,0x00000007db8e7d30,0x00000007dba30000)
  from space 57792K, 49% used [0x00000007dba30000,0x00000007dd63f2a0,0x00000007df2a0000)
  to   space 54912K, 0% used [0x00000007e6a40000,0x00000007e6a40000,0x00000007e9fe0000)
 ParOldGen       total 172992K, used 79976K [0x0000000700600000, 0x000000070aef0000, 0x00000007aacb0000)
  object space 172992K, 46% used [0x0000000700600000,0x000000070541a308,0x000000070aef0000)
 PSPermGen       total 40512K, used 17992K [0x00000006fb400000, 0x00000006fdb90000, 0x0000000700600000)
  object space 40512K, 44% used [0x00000006fb400000,0x00000006fc592318,0x00000006fdb90000)
Event: 22.307 GC heap after
Heap after GC invocations=14 (full 2):
 PSYoungGen      total 983104K, used 28700K [0x00000007aacb0000, 0x00000007f0630000, 0x0000000800000000)
  eden space 928192K, 0% used [0x00000007aacb0000,0x00000007aacb0000,0x00000007e3720000)
  from space 54912K, 52% used [0x00000007e6a40000,0x00000007e86472a0,0x00000007e9fe0000)
  to   space 52352K, 0% used [0x00000007e3720000,0x00000007e3720000,0x00000007e6a40000)
 ParOldGen       total 172992K, used 80008K [0x0000000700600000, 0x000000070aef0000, 0x00000007aacb0000)
  object space 172992K, 46% used [0x0000000700600000,0x0000000705422308,0x000000070aef0000)
 PSPermGen       total 40512K, used 17992K [0x00000006fb400000, 0x00000006fdb90000, 0x0000000700600000)
  object space 40512K, 44% used [0x00000006fb400000,0x00000006fc592318,0x00000006fdb90000)
}

