# JRE version: 7.0_07-b11
# Java VM: Java HotSpot(TM) 64-Bit Server VM (23.3-b01 mixed mode windows-amd64 compressed oops)
Heap
 PSYoungGen      total 95040K, used 57850K [0x00000007aacb0000, 0x00000007b3b10000, 0x0000000800000000)
  eden space 46720K, 62% used [0x00000007aacb0000,0x00000007ac917888,0x00000007ada50000)
  from space 48320K, 59% used [0x00000007b0be0000,0x00000007b27f72a0,0x00000007b3b10000)
  to   space 49536K, 0% used [0x00000007ada50000,0x00000007ada50000,0x00000007b0ab0000)
 ParOldGen       total 174528K, used 64524K [0x0000000700600000, 0x000000070b070000, 0x00000007aacb0000)
  object space 174528K, 36% used [0x0000000700600000,0x00000007045033a0,0x000000070b070000)
 PSPermGen       total 21248K, used 17922K [0x00000006fb400000, 0x00000006fc8c0000, 0x0000000700600000)
  object space 21248K, 84% used [0x00000006fb400000,0x00000006fc5809d0,0x00000006fc8c0000)
GC Heap History (10 events):
Event: 11.542 GC heap before
{Heap before GC invocations=6 (full 0):
 PSYoungGen      total 74752K, used 72120K [0x00000007aacb0000, 0x00000007b3650000, 0x0000000800000000)
  eden space 63872K, 99% used [0x00000007aacb0000,0x00000007aeaf5938,0x00000007aeb10000)
  from space 10880K, 76% used [0x00000007aeca0000,0x00000007af4c89b0,0x00000007af740000)
  to   space 38528K, 0% used [0x00000007b10b0000,0x00000007b10b0000,0x00000007b3650000)
 ParOldGen       total 174528K, used 49390K [0x0000000700600000, 0x000000070b070000, 0x00000007aacb0000)
  object space 174528K, 28% used [0x0000000700600000,0x000000070363bb78,0x000000070b070000)
 PSPermGen       total 21248K, used 17880K [0x00000006fb400000, 0x00000006fc8c0000, 0x0000000700600000)
  object space 21248K, 84% used [0x00000006fb400000,0x00000006fc5762d0,0x00000006fc8c0000)
Event: 11.565 GC heap after
Heap after GC invocations=6 (full 0):
 PSYoungGen      total 94336K, used 36831K [0x00000007aacb0000, 0x00000007b8470000, 0x0000000800000000)
  eden space 55808K, 0% used [0x00000007aacb0000,0x00000007aacb0000,0x00000007ae330000)
  from space 38528K, 95% used [0x00000007b10b0000,0x00000007b34a7c50,0x00000007b3650000)
  to   space 46592K, 0% used [0x00000007ae330000,0x00000007ae330000,0x00000007b10b0000)
 ParOldGen       total 174528K, used 52808K [0x0000000700600000, 0x000000070b070000, 0x00000007aacb0000)
  object space 174528K, 30% used [0x0000000700600000,0x0000000703992048,0x000000070b070000)
 PSPermGen       total 21248K, used 17880K [0x00000006fb400000, 0x00000006fc8c0000, 0x0000000700600000)
  object space 21248K, 84% used [0x00000006fb400000,0x00000006fc5762d0,0x00000006fc8c0000)
}
Event: 12.339 GC heap before
{Heap before GC invocations=7 (full 0):
 PSYoungGen      total 94336K, used 87992K [0x00000007aacb0000, 0x00000007b8470000, 0x0000000800000000)
  eden space 55808K, 91% used [0x00000007aacb0000,0x00000007adea6650,0x00000007ae330000)
  from space 38528K, 95% used [0x00000007b10b0000,0x00000007b34a7c50,0x00000007b3650000)
  to   space 46592K, 0% used [0x00000007ae330000,0x00000007ae330000,0x00000007b10b0000)
 ParOldGen       total 174528K, used 52808K [0x0000000700600000, 0x000000070b070000, 0x00000007aacb0000)
  object space 174528K, 30% used [0x0000000700600000,0x0000000703992048,0x000000070b070000)
 PSPermGen       total 21248K, used 17880K [0x00000006fb400000, 0x00000006fc8c0000, 0x0000000700600000)
  object space 21248K, 84% used [0x00000006fb400000,0x00000006fc576378,0x00000006fc8c0000)
Event: 12.344 GC heap after
Heap after GC invocations=7 (full 0):
 PSYoungGen      total 68544K, used 13956K [0x00000007aacb0000, 0x00000007b37f0000, 0x0000000800000000)
  eden space 54528K, 0% used [0x00000007aacb0000,0x00000007aacb0000,0x00000007ae1f0000)
  from space 14016K, 99% used [0x00000007ae330000,0x00000007af0d1340,0x00000007af0e0000)
  to   space 44032K, 0% used [0x00000007b0cf0000,0x00000007b0cf0000,0x00000007b37f0000)
 ParOldGen       total 174528K, used 54113K [0x0000000700600000, 0x000000070b070000, 0x00000007aacb0000)
  object space 174528K, 31% used [0x0000000700600000,0x0000000703ad8500,0x000000070b070000)
 PSPermGen       total 21248K, used 17880K [0x00000006fb400000, 0x00000006fc8c0000, 0x0000000700600000)
  object space 21248K, 84% used [0x00000006fb400000,0x00000006fc576378,0x00000006fc8c0000)
}
Event: 13.015 GC heap before
{Heap before GC invocations=8 (full 0):
 PSYoungGen      total 68544K, used 67742K [0x00000007aacb0000, 0x00000007b37f0000, 0x0000000800000000)
  eden space 54528K, 98% used [0x00000007aacb0000,0x00000007ae1367d0,0x00000007ae1f0000)
  from space 14016K, 99% used [0x00000007ae330000,0x00000007af0d1340,0x00000007af0e0000)
  to   space 44032K, 0% used [0x00000007b0cf0000,0x00000007b0cf0000,0x00000007b37f0000)
 ParOldGen       total 174528K, used 54113K [0x0000000700600000, 0x000000070b070000, 0x00000007aacb0000)
  object space 174528K, 31% used [0x0000000700600000,0x0000000703ad8500,0x000000070b070000)
 PSPermGen       total 21248K, used 17885K [0x00000006fb400000, 0x00000006fc8c0000, 0x0000000700600000)
  object space 21248K, 84% used [0x00000006fb400000,0x00000006fc5777d8,0x00000006fc8c0000)
Event: 13.021 GC heap after
Heap after GC invocations=8 (full 0):
 PSYoungGen      total 92736K, used 39016K [0x00000007aacb0000, 0x00000007b4220000, 0x0000000800000000)
  eden space 48704K, 0% used [0x00000007aacb0000,0x00000007aacb0000,0x00000007adc40000)
  from space 44032K, 88% used [0x00000007b0cf0000,0x00000007b330a110,0x00000007b37f0000)
  to   space 49856K, 0% used [0x00000007adc40000,0x00000007adc40000,0x00000007b0cf0000)
 ParOldGen       total 174528K, used 54129K [0x0000000700600000, 0x000000070b070000, 0x00000007aacb0000)
  object space 174528K, 31% used [0x0000000700600000,0x0000000703adc500,0x000000070b070000)
 PSPermGen       total 21248K, used 17885K [0x00000006fb400000, 0x00000006fc8c0000, 0x0000000700600000)
  object space 21248K, 84% used [0x00000006fb400000,0x00000006fc5777d8,0x00000006fc8c0000)
}
Event: 13.695 GC heap before
{Heap before GC invocations=9 (full 0):
 PSYoungGen      total 92736K, used 86976K [0x00000007aacb0000, 0x00000007b4220000, 0x0000000800000000)
  eden space 48704K, 98% used [0x00000007aacb0000,0x00000007adb861e8,0x00000007adc40000)
  from space 44032K, 88% used [0x00000007b0cf0000,0x00000007b330a110,0x00000007b37f0000)
  to   space 49856K, 0% used [0x00000007adc40000,0x00000007adc40000,0x00000007b0cf0000)
 ParOldGen       total 174528K, used 54129K [0x0000000700600000, 0x000000070b070000, 0x00000007aacb0000)
  object space 174528K, 31% used [0x0000000700600000,0x0000000703adc500,0x000000070b070000)
 PSPermGen       total 21248K, used 17889K [0x00000006fb400000, 0x00000006fc8c0000, 0x0000000700600000)
  object space 21248K, 84% used [0x00000006fb400000,0x00000006fc5787c8,0x00000006fc8c0000)
Event: 13.703 GC heap after
Heap after GC invocations=9 (full 0):
 PSYoungGen      total 76480K, used 28764K [0x00000007aacb0000, 0x00000007b3c80000, 0x0000000800000000)
  eden space 47680K, 0% used [0x00000007aacb0000,0x00000007aacb0000,0x00000007adb40000)
  from space 28800K, 99% used [0x00000007adc40000,0x00000007af8572a0,0x00000007af860000)
  to   space 49792K, 0% used [0x00000007b0be0000,0x00000007b0be0000,0x00000007b3c80000)
 ParOldGen       total 174528K, used 64492K [0x0000000700600000, 0x000000070b070000, 0x00000007aacb0000)
  object space 174528K, 36% used [0x0000000700600000,0x00000007044fb3a0,0x000000070b070000)
 PSPermGen       total 21248K, used 17889K [0x00000006fb400000, 0x00000006fc8c0000, 0x0000000700600000)
  object space 21248K, 84% used [0x00000006fb400000,0x00000006fc5787c8,0x00000006fc8c0000)
}
Event: 14.381 GC heap before
{Heap before GC invocations=10 (full 0):
 PSYoungGen      total 76480K, used 76441K [0x00000007aacb0000, 0x00000007b3c80000, 0x0000000800000000)
  eden space 47680K, 99% used [0x00000007aacb0000,0x00000007adb3f358,0x00000007adb40000)
  from space 28800K, 99% used [0x00000007adc40000,0x00000007af8572a0,0x00000007af860000)
  to   space 49792K, 0% used [0x00000007b0be0000,0x00000007b0be0000,0x00000007b3c80000)
 ParOldGen       total 174528K, used 64492K [0x0000000700600000, 0x000000070b070000, 0x00000007aacb0000)
  object space 174528K, 36% used [0x0000000700600000,0x00000007044fb3a0,0x000000070b070000)
 PSPermGen       total 21248K, used 17897K [0x00000006fb400000, 0x00000006fc8c0000, 0x0000000700600000)
  object space 21248K, 84% used [0x00000006fb400000,0x00000006fc57a5a0,0x00000006fc8c0000)
Event: 14.385 GC heap after
Heap after GC invocations=10 (full 0):
 PSYoungGen      total 95040K, used 28764K [0x00000007aacb0000, 0x00000007b3b10000, 0x0000000800000000)
  eden space 46720K, 0% used [0x00000007aacb0000,0x00000007aacb0000,0x00000007ada50000)
  from space 48320K, 59% used [0x00000007b0be0000,0x00000007b27f72a0,0x00000007b3b10000)
  to   space 49536K, 0% used [0x00000007ada50000,0x00000007ada50000,0x00000007b0ab0000)
 ParOldGen       total 174528K, used 64524K [0x0000000700600000, 0x000000070b070000, 0x00000007aacb0000)
  object space 174528K, 36% used [0x0000000700600000,0x00000007045033a0,0x000000070b070000)
 PSPermGen       total 21248K, used 17897K [0x00000006fb400000, 0x00000006fc8c0000, 0x0000000700600000)
  object space 21248K, 84% used [0x00000006fb400000,0x00000006fc57a5a0,0x00000006fc8c0000)
}

