# JRE version: 7.0_07-b11
# Java VM: Java HotSpot(TM) 64-Bit Server VM (23.3-b01 mixed mode windows-amd64 compressed oops)
Heap
 PSYoungGen      total 291776K, used 247321K [0x00000007aacb0000, 0x00000007be990000, 0x0000000800000000)
  eden space 261888K, 85% used [0x00000007aacb0000,0x00000007b87b6728,0x00000007bac70000)
  from space 29888K, 77% used [0x00000007bcc60000,0x00000007be2dffa0,0x00000007be990000)
  to   space 31296K, 0% used [0x00000007bac70000,0x00000007bac70000,0x00000007bcb00000)
 ParOldGen       total 174528K, used 62638K [0x0000000700600000, 0x000000070b070000, 0x00000007aacb0000)
  object space 174528K, 35% used [0x0000000700600000,0x000000070432b968,0x000000070b070000)
 PSPermGen       total 21248K, used 17691K [0x00000006fb400000, 0x00000006fc8c0000, 0x0000000700600000)
  object space 21248K, 83% used [0x00000006fb400000,0x00000006fc546e08,0x00000006fc8c0000)
GC Heap History (10 events):
Event: 4.927 GC heap before
{Heap before GC invocations=2 (full 0):
 PSYoungGen      total 76352K, used 73552K [0x00000007aacb0000, 0x00000007b01e0000, 0x0000000800000000)
  eden space 65472K, 95% used [0x00000007aacb0000,0x00000007ae9e8ec8,0x00000007aeca0000)
  from space 10880K, 99% used [0x00000007aeca0000,0x00000007af73b158,0x00000007af740000)
  to   space 10880K, 0% used [0x00000007af740000,0x00000007af740000,0x00000007b01e0000)
 ParOldGen       total 174528K, used 698K [0x0000000700600000, 0x000000070b070000, 0x00000007aacb0000)
  object space 174528K, 0% used [0x0000000700600000,0x00000007006aea40,0x000000070b070000)
 PSPermGen       total 21248K, used 17632K [0x00000006fb400000, 0x00000006fc8c0000, 0x0000000700600000)
  object space 21248K, 82% used [0x00000006fb400000,0x00000006fc5382e0,0x00000006fc8c0000)
Event: 4.936 GC heap after
Heap after GC invocations=2 (full 0):
 PSYoungGen      total 76352K, used 10853K [0x00000007aacb0000, 0x00000007b01e0000, 0x0000000800000000)
  eden space 65472K, 0% used [0x00000007aacb0000,0x00000007aacb0000,0x00000007aeca0000)
  from space 10880K, 99% used [0x00000007af740000,0x00000007b01d96f0,0x00000007b01e0000)
  to   space 10880K, 0% used [0x00000007aeca0000,0x00000007aeca0000,0x00000007af740000)
 ParOldGen       total 174528K, used 19949K [0x0000000700600000, 0x000000070b070000, 0x00000007aacb0000)
  object space 174528K, 11% used [0x0000000700600000,0x000000070197b558,0x000000070b070000)
 PSPermGen       total 21248K, used 17632K [0x00000006fb400000, 0x00000006fc8c0000, 0x0000000700600000)
  object space 21248K, 82% used [0x00000006fb400000,0x00000006fc5382e0,0x00000006fc8c0000)
}
Event: 5.289 GC heap before
{Heap before GC invocations=3 (full 0):
 PSYoungGen      total 76352K, used 73589K [0x00000007aacb0000, 0x00000007b01e0000, 0x0000000800000000)
  eden space 65472K, 95% used [0x00000007aacb0000,0x00000007ae9f3e38,0x00000007aeca0000)
  from space 10880K, 99% used [0x00000007af740000,0x00000007b01d96f0,0x00000007b01e0000)
  to   space 10880K, 0% used [0x00000007aeca0000,0x00000007aeca0000,0x00000007af740000)
 ParOldGen       total 174528K, used 19949K [0x0000000700600000, 0x000000070b070000, 0x00000007aacb0000)
  object space 174528K, 11% used [0x0000000700600000,0x000000070197b558,0x000000070b070000)
 PSPermGen       total 21248K, used 17633K [0x00000006fb400000, 0x00000006fc8c0000, 0x0000000700600000)
  object space 21248K, 82% used [0x00000006fb400000,0x00000006fc5385c8,0x00000006fc8c0000)
Event: 5.297 GC heap after
Heap after GC invocations=3 (full 0):
 PSYoungGen      total 76352K, used 10853K [0x00000007aacb0000, 0x00000007b41d0000, 0x0000000800000000)
  eden space 65472K, 0% used [0x00000007aacb0000,0x00000007aacb0000,0x00000007aeca0000)
  from space 10880K, 99% used [0x00000007aeca0000,0x00000007af7396f0,0x00000007af740000)
  to   space 10880K, 0% used [0x00000007b3730000,0x00000007b3730000,0x00000007b41d0000)
 ParOldGen       total 174528K, used 38214K [0x0000000700600000, 0x000000070b070000, 0x00000007aacb0000)
  object space 174528K, 21% used [0x0000000700600000,0x0000000702b51988,0x000000070b070000)
 PSPermGen       total 21248K, used 17633K [0x00000006fb400000, 0x00000006fc8c0000, 0x0000000700600000)
  object space 21248K, 82% used [0x00000006fb400000,0x00000006fc5385c8,0x00000006fc8c0000)
}
Event: 5.625 GC heap before
{Heap before GC invocations=4 (full 0):
 PSYoungGen      total 76352K, used 72908K [0x00000007aacb0000, 0x00000007b41d0000, 0x0000000800000000)
  eden space 65472K, 94% used [0x00000007aacb0000,0x00000007ae949d00,0x00000007aeca0000)
  from space 10880K, 99% used [0x00000007aeca0000,0x00000007af7396f0,0x00000007af740000)
  to   space 10880K, 0% used [0x00000007b3730000,0x00000007b3730000,0x00000007b41d0000)
 ParOldGen       total 174528K, used 38214K [0x0000000700600000, 0x000000070b070000, 0x00000007aacb0000)
  object space 174528K, 21% used [0x0000000700600000,0x0000000702b51988,0x000000070b070000)
 PSPermGen       total 21248K, used 17635K [0x00000006fb400000, 0x00000006fc8c0000, 0x0000000700600000)
  object space 21248K, 82% used [0x00000006fb400000,0x00000006fc538ef0,0x00000006fc8c0000)
Event: 5.631 GC heap after
Heap after GC invocations=4 (full 0):
 PSYoungGen      total 141824K, used 10869K [0x00000007aacb0000, 0x00000007b41d0000, 0x0000000800000000)
  eden space 130944K, 0% used [0x00000007aacb0000,0x00000007aacb0000,0x00000007b2c90000)
  from space 10880K, 99% used [0x00000007b3730000,0x00000007b41cd700,0x00000007b41d0000)
  to   space 10880K, 0% used [0x00000007b2c90000,0x00000007b2c90000,0x00000007b3730000)
 ParOldGen       total 174528K, used 50404K [0x0000000700600000, 0x000000070b070000, 0x00000007aacb0000)
  object space 174528K, 28% used [0x0000000700600000,0x00000007037391a8,0x000000070b070000)
 PSPermGen       total 21248K, used 17635K [0x00000006fb400000, 0x00000006fc8c0000, 0x0000000700600000)
  object space 21248K, 82% used [0x00000006fb400000,0x00000006fc538ef0,0x00000006fc8c0000)
}
Event: 6.321 GC heap before
{Heap before GC invocations=5 (full 0):
 PSYoungGen      total 141824K, used 139781K [0x00000007aacb0000, 0x00000007b41d0000, 0x0000000800000000)
  eden space 130944K, 98% used [0x00000007aacb0000,0x00000007b2a93ed8,0x00000007b2c90000)
  from space 10880K, 99% used [0x00000007b3730000,0x00000007b41cd700,0x00000007b41d0000)
  to   space 10880K, 0% used [0x00000007b2c90000,0x00000007b2c90000,0x00000007b3730000)
 ParOldGen       total 174528K, used 50404K [0x0000000700600000, 0x000000070b070000, 0x00000007aacb0000)
  object space 174528K, 28% used [0x0000000700600000,0x00000007037391a8,0x000000070b070000)
 PSPermGen       total 21248K, used 17637K [0x00000006fb400000, 0x00000006fc8c0000, 0x0000000700600000)
  object space 21248K, 83% used [0x00000006fb400000,0x00000006fc539440,0x00000006fc8c0000)
Event: 6.329 GC heap after
Heap after GC invocations=5 (full 0):
 PSYoungGen      total 141824K, used 10865K [0x00000007aacb0000, 0x00000007bec50000, 0x0000000800000000)
  eden space 130944K, 0% used [0x00000007aacb0000,0x00000007aacb0000,0x00000007b2c90000)
  from space 10880K, 99% used [0x00000007b2c90000,0x00000007b372c690,0x00000007b3730000)
  to   space 32704K, 0% used [0x00000007bcc60000,0x00000007bcc60000,0x00000007bec50000)
 ParOldGen       total 174528K, used 62638K [0x0000000700600000, 0x000000070b070000, 0x00000007aacb0000)
  object space 174528K, 35% used [0x0000000700600000,0x000000070432b968,0x000000070b070000)
 PSPermGen       total 21248K, used 17637K [0x00000006fb400000, 0x00000006fc8c0000, 0x0000000700600000)
  object space 21248K, 83% used [0x00000006fb400000,0x00000006fc539440,0x00000006fc8c0000)
}
Event: 7.025 GC heap before
{Heap before GC invocations=6 (full 0):
 PSYoungGen      total 141824K, used 139698K [0x00000007aacb0000, 0x00000007bec50000, 0x0000000800000000)
  eden space 130944K, 98% used [0x00000007aacb0000,0x00000007b2a803c0,0x00000007b2c90000)
  from space 10880K, 99% used [0x00000007b2c90000,0x00000007b372c690,0x00000007b3730000)
  to   space 32704K, 0% used [0x00000007bcc60000,0x00000007bcc60000,0x00000007bec50000)
 ParOldGen       total 174528K, used 62638K [0x0000000700600000, 0x000000070b070000, 0x00000007aacb0000)
  object space 174528K, 35% used [0x0000000700600000,0x000000070432b968,0x000000070b070000)
 PSPermGen       total 21248K, used 17637K [0x00000006fb400000, 0x00000006fc8c0000, 0x0000000700600000)
  object space 21248K, 83% used [0x00000006fb400000,0x00000006fc5397c0,0x00000006fc8c0000)
Event: 7.032 GC heap after
Heap after GC invocations=6 (full 0):
 PSYoungGen      total 291776K, used 23039K [0x00000007aacb0000, 0x00000007be990000, 0x0000000800000000)
  eden space 261888K, 0% used [0x00000007aacb0000,0x00000007aacb0000,0x00000007bac70000)
  from space 29888K, 77% used [0x00000007bcc60000,0x00000007be2dffa0,0x00000007be990000)
  to   space 31296K, 0% used [0x00000007bac70000,0x00000007bac70000,0x00000007bcb00000)
 ParOldGen       total 174528K, used 62638K [0x0000000700600000, 0x000000070b070000, 0x00000007aacb0000)
  object space 174528K, 35% used [0x0000000700600000,0x000000070432b968,0x000000070b070000)
 PSPermGen       total 21248K, used 17637K [0x00000006fb400000, 0x00000006fc8c0000, 0x0000000700600000)
  object space 21248K, 83% used [0x00000006fb400000,0x00000006fc5397c0,0x00000006fc8c0000)
}

