# JRE version: 7.0_07-b11
# Java VM: Java HotSpot(TM) 64-Bit Server VM (23.3-b01 mixed mode windows-amd64 compressed oops)
Heap
 PSYoungGen      total 70016K, used 49689K [0x00000007aacb0000, 0x00000007b1b80000, 0x0000000800000000)
  eden space 51520K, 60% used [0x00000007aacb0000,0x00000007acb32358,0x00000007adf00000)
  from space 18496K, 99% used [0x00000007adff0000,0x00000007af1f4430,0x00000007af200000)
  to   space 30976K, 0% used [0x00000007afd40000,0x00000007afd40000,0x00000007b1b80000)
 ParOldGen       total 124288K, used 44670K [0x0000000700600000, 0x0000000707f60000, 0x00000007aacb0000)
  object space 124288K, 35% used [0x0000000700600000,0x000000070319f870,0x0000000707f60000)
 PSPermGen       total 35648K, used 17729K [0x00000006fb400000, 0x00000006fd6d0000, 0x0000000700600000)
  object space 35648K, 49% used [0x00000006fb400000,0x00000006fc550678,0x00000006fd6d0000)
GC Heap History (10 events):
Event: 13.711 GC heap before
{Heap before GC invocations=10 (full 1):
 PSYoungGen      total 76608K, used 74214K [0x00000007aacb0000, 0x00000007b23e0000, 0x0000000800000000)
  eden space 58048K, 95% used [0x00000007aacb0000,0x00000007ae3155c0,0x00000007ae560000)
  from space 18560K, 99% used [0x00000007ae6c0000,0x00000007af8d4430,0x00000007af8e0000)
  to   space 32000K, 0% used [0x00000007b04a0000,0x00000007b04a0000,0x00000007b23e0000)
 ParOldGen       total 429888K, used 426010K [0x0000000700600000, 0x000000071a9d0000, 0x00000007aacb0000)
  object space 429888K, 99% used [0x0000000700600000,0x000000071a606b30,0x000000071a9d0000)
 PSPermGen       total 21248K, used 17672K [0x00000006fb400000, 0x00000006fc8c0000, 0x0000000700600000)
  object space 21248K, 83% used [0x00000006fb400000,0x00000006fc5423d0,0x00000006fc8c0000)
Event: 13.780 GC heap after
Heap after GC invocations=10 (full 1):
 PSYoungGen      total 76608K, used 0K [0x00000007aacb0000, 0x00000007b23e0000, 0x0000000800000000)
  eden space 58048K, 0% used [0x00000007aacb0000,0x00000007aacb0000,0x00000007ae560000)
  from space 18560K, 0% used [0x00000007ae6c0000,0x00000007ae6c0000,0x00000007af8e0000)
  to   space 32000K, 0% used [0x00000007b04a0000,0x00000007b04a0000,0x00000007b23e0000)
 ParOldGen       total 124288K, used 20210K [0x0000000700600000, 0x0000000707f60000, 0x00000007aacb0000)
  object space 124288K, 16% used [0x0000000700600000,0x00000007019bc810,0x0000000707f60000)
 PSPermGen       total 35648K, used 17666K [0x00000006fb400000, 0x00000006fd6d0000, 0x0000000700600000)
  object space 35648K, 49% used [0x00000006fb400000,0x00000006fc5409e8,0x00000006fd6d0000)
}
Event: 14.231 GC heap before
{Heap before GC invocations=11 (full 1):
 PSYoungGen      total 76608K, used 55138K [0x00000007aacb0000, 0x00000007b23e0000, 0x0000000800000000)
  eden space 58048K, 94% used [0x00000007aacb0000,0x00000007ae2888c8,0x00000007ae560000)
  from space 18560K, 0% used [0x00000007ae6c0000,0x00000007ae6c0000,0x00000007af8e0000)
  to   space 32000K, 0% used [0x00000007b04a0000,0x00000007b04a0000,0x00000007b23e0000)
 ParOldGen       total 124288K, used 20210K [0x0000000700600000, 0x0000000707f60000, 0x00000007aacb0000)
  object space 124288K, 16% used [0x0000000700600000,0x00000007019bc810,0x0000000707f60000)
 PSPermGen       total 35648K, used 17704K [0x00000006fb400000, 0x00000006fd6d0000, 0x0000000700600000)
  object space 35648K, 49% used [0x00000006fb400000,0x00000006fc54a038,0x00000006fd6d0000)
Event: 14.236 GC heap after
Heap after GC invocations=11 (full 1):
 PSYoungGen      total 86464K, used 30631K [0x00000007aacb0000, 0x00000007b29c0000, 0x0000000800000000)
  eden space 54464K, 0% used [0x00000007aacb0000,0x00000007aacb0000,0x00000007ae1e0000)
  from space 32000K, 95% used [0x00000007b04a0000,0x00000007b2289c50,0x00000007b23e0000)
  to   space 35584K, 0% used [0x00000007ae1e0000,0x00000007ae1e0000,0x00000007b04a0000)
 ParOldGen       total 124288K, used 26285K [0x0000000700600000, 0x0000000707f60000, 0x00000007aacb0000)
  object space 124288K, 21% used [0x0000000700600000,0x0000000701fab420,0x0000000707f60000)
 PSPermGen       total 35648K, used 17704K [0x00000006fb400000, 0x00000006fd6d0000, 0x0000000700600000)
  object space 35648K, 49% used [0x00000006fb400000,0x00000006fc54a038,0x00000006fd6d0000)
}
Event: 14.655 GC heap before
{Heap before GC invocations=12 (full 1):
 PSYoungGen      total 86464K, used 79456K [0x00000007aacb0000, 0x00000007b29c0000, 0x0000000800000000)
  eden space 54464K, 89% used [0x00000007aacb0000,0x00000007adc5e490,0x00000007ae1e0000)
  from space 32000K, 95% used [0x00000007b04a0000,0x00000007b2289c50,0x00000007b23e0000)
  to   space 35584K, 0% used [0x00000007ae1e0000,0x00000007ae1e0000,0x00000007b04a0000)
 ParOldGen       total 124288K, used 26285K [0x0000000700600000, 0x0000000707f60000, 0x00000007aacb0000)
  object space 124288K, 21% used [0x0000000700600000,0x0000000701fab420,0x0000000707f60000)
 PSPermGen       total 35648K, used 17704K [0x00000006fb400000, 0x00000006fd6d0000, 0x0000000700600000)
  object space 35648K, 49% used [0x00000006fb400000,0x00000006fc54a0e0,0x00000006fd6d0000)
Event: 14.659 GC heap after
Heap after GC invocations=12 (full 1):
 PSYoungGen      total 71936K, used 18481K [0x00000007aacb0000, 0x00000007b2320000, 0x0000000800000000)
  eden space 53440K, 0% used [0x00000007aacb0000,0x00000007aacb0000,0x00000007ae0e0000)
  from space 18496K, 99% used [0x00000007ae1e0000,0x00000007af3ec430,0x00000007af3f0000)
  to   space 33920K, 0% used [0x00000007b0200000,0x00000007b0200000,0x00000007b2320000)
 ParOldGen       total 124288K, used 44614K [0x0000000700600000, 0x0000000707f60000, 0x00000007aacb0000)
  object space 124288K, 35% used [0x0000000700600000,0x0000000703191870,0x0000000707f60000)
 PSPermGen       total 35648K, used 17704K [0x00000006fb400000, 0x00000006fd6d0000, 0x0000000700600000)
  object space 35648K, 49% used [0x00000006fb400000,0x00000006fc54a0e0,0x00000006fd6d0000)
}
Event: 15.080 GC heap before
{Heap before GC invocations=13 (full 1):
 PSYoungGen      total 71936K, used 67169K [0x00000007aacb0000, 0x00000007b2320000, 0x0000000800000000)
  eden space 53440K, 91% used [0x00000007aacb0000,0x00000007adc3c158,0x00000007ae0e0000)
  from space 18496K, 99% used [0x00000007ae1e0000,0x00000007af3ec430,0x00000007af3f0000)
  to   space 33920K, 0% used [0x00000007b0200000,0x00000007b0200000,0x00000007b2320000)
 ParOldGen       total 124288K, used 44614K [0x0000000700600000, 0x0000000707f60000, 0x00000007aacb0000)
  object space 124288K, 35% used [0x0000000700600000,0x0000000703191870,0x0000000707f60000)
 PSPermGen       total 35648K, used 17704K [0x00000006fb400000, 0x00000006fd6d0000, 0x0000000700600000)
  object space 35648K, 49% used [0x00000006fb400000,0x00000006fc54a2a8,0x00000006fd6d0000)
Event: 15.083 GC heap after
Heap after GC invocations=13 (full 1):
 PSYoungGen      total 82368K, used 18449K [0x00000007aacb0000, 0x00000007b1f30000, 0x0000000800000000)
  eden space 52480K, 0% used [0x00000007aacb0000,0x00000007aacb0000,0x00000007adff0000)
  from space 29888K, 61% used [0x00000007b0200000,0x00000007b1404430,0x00000007b1f30000)
  to   space 32384K, 0% used [0x00000007adff0000,0x00000007adff0000,0x00000007aff90000)
 ParOldGen       total 124288K, used 44646K [0x0000000700600000, 0x0000000707f60000, 0x00000007aacb0000)
  object space 124288K, 35% used [0x0000000700600000,0x0000000703199870,0x0000000707f60000)
 PSPermGen       total 35648K, used 17704K [0x00000006fb400000, 0x00000006fd6d0000, 0x0000000700600000)
  object space 35648K, 49% used [0x00000006fb400000,0x00000006fc54a2a8,0x00000006fd6d0000)
}
Event: 15.503 GC heap before
{Heap before GC invocations=14 (full 1):
 PSYoungGen      total 82368K, used 67118K [0x00000007aacb0000, 0x00000007b1f30000, 0x0000000800000000)
  eden space 52480K, 92% used [0x00000007aacb0000,0x00000007adc37640,0x00000007adff0000)
  from space 29888K, 61% used [0x00000007b0200000,0x00000007b1404430,0x00000007b1f30000)
  to   space 32384K, 0% used [0x00000007adff0000,0x00000007adff0000,0x00000007aff90000)
 ParOldGen       total 124288K, used 44646K [0x0000000700600000, 0x0000000707f60000, 0x00000007aacb0000)
  object space 124288K, 35% used [0x0000000700600000,0x0000000703199870,0x0000000707f60000)
 PSPermGen       total 35648K, used 17705K [0x00000006fb400000, 0x00000006fd6d0000, 0x0000000700600000)
  object space 35648K, 49% used [0x00000006fb400000,0x00000006fc54a6f0,0x00000006fd6d0000)
Event: 15.505 GC heap after
Heap after GC invocations=14 (full 1):
 PSYoungGen      total 70016K, used 18449K [0x00000007aacb0000, 0x00000007b1b80000, 0x0000000800000000)
  eden space 51520K, 0% used [0x00000007aacb0000,0x00000007aacb0000,0x00000007adf00000)
  from space 18496K, 99% used [0x00000007adff0000,0x00000007af1f4430,0x00000007af200000)
  to   space 30976K, 0% used [0x00000007afd40000,0x00000007afd40000,0x00000007b1b80000)
 ParOldGen       total 124288K, used 44670K [0x0000000700600000, 0x0000000707f60000, 0x00000007aacb0000)
  object space 124288K, 35% used [0x0000000700600000,0x000000070319f870,0x0000000707f60000)
 PSPermGen       total 35648K, used 17705K [0x00000006fb400000, 0x00000006fd6d0000, 0x0000000700600000)
  object space 35648K, 49% used [0x00000006fb400000,0x00000006fc54a6f0,0x00000006fd6d0000)
}

