# JRE version: 7.0_07-b11
# Java VM: Java HotSpot(TM) 64-Bit Server VM (23.3-b01 mixed mode windows-amd64 compressed oops)
Heap
 PSYoungGen      total 863424K, used 855262K [0x00000007aacb0000, 0x00000007edec0000, 0x0000000800000000)
  eden space 799360K, 100% used [0x00000007aacb0000,0x00000007db950000,0x00000007db950000)
  from space 64064K, 87% used [0x00000007db950000,0x00000007defe78d8,0x00000007df7e0000)
  to   space 70912K, 0% used [0x00000007e9980000,0x00000007e9980000,0x00000007edec0000)
 ParOldGen       total 241664K, used 227132K [0x0000000700600000, 0x000000070f200000, 0x00000007aacb0000)
  object space 241664K, 93% used [0x0000000700600000,0x000000070e3cf258,0x000000070f200000)
 PSPermGen       total 39744K, used 18164K [0x00000006fb400000, 0x00000006fdad0000, 0x0000000700600000)
  object space 39744K, 45% used [0x00000006fb400000,0x00000006fc5bd1a8,0x00000006fdad0000)
GC Heap History (10 events):
Event: 12.024 GC heap before
{Heap before GC invocations=12 (full 3):
 PSYoungGen      total 569024K, used 515968K [0x00000007aacb0000, 0x00000007e4a10000, 0x0000000800000000)
  eden space 515968K, 100% used [0x00000007aacb0000,0x00000007ca490000,0x00000007ca490000)
  from space 53056K, 0% used [0x00000007ca490000,0x00000007ca490000,0x00000007cd860000)
  to   space 60992K, 0% used [0x00000007e0e80000,0x00000007e0e80000,0x00000007e4a10000)
 ParOldGen       total 325952K, used 325853K [0x0000000700600000, 0x0000000714450000, 0x00000007aacb0000)
  object space 325952K, 99% used [0x0000000700600000,0x0000000714437440,0x0000000714450000)
 PSPermGen       total 40960K, used 18098K [0x00000006fb400000, 0x00000006fdc00000, 0x0000000700600000)
  object space 40960K, 44% used [0x00000006fb400000,0x00000006fc5aca00,0x00000006fdc00000)
Event: 12.082 GC heap after
Heap after GC invocations=12 (full 3):
 PSYoungGen      total 569024K, used 0K [0x00000007aacb0000, 0x00000007e4a10000, 0x0000000800000000)
  eden space 515968K, 0% used [0x00000007aacb0000,0x00000007aacb0000,0x00000007ca490000)
  from space 53056K, 0% used [0x00000007ca490000,0x00000007ca490000,0x00000007cd860000)
  to   space 60992K, 0% used [0x00000007e0e80000,0x00000007e0e80000,0x00000007e4a10000)
 ParOldGen       total 241664K, used 52249K [0x0000000700600000, 0x000000070f200000, 0x00000007aacb0000)
  object space 241664K, 21% used [0x0000000700600000,0x00000007039066e0,0x000000070f200000)
 PSPermGen       total 39744K, used 18098K [0x00000006fb400000, 0x00000006fdad0000, 0x0000000700600000)
  object space 39744K, 45% used [0x00000006fb400000,0x00000006fc5aca00,0x00000006fdad0000)
}
Event: 13.124 GC heap before
{Heap before GC invocations=13 (full 3):
 PSYoungGen      total 569024K, used 515968K [0x00000007aacb0000, 0x00000007e4a10000, 0x0000000800000000)
  eden space 515968K, 100% used [0x00000007aacb0000,0x00000007ca490000,0x00000007ca490000)
  from space 53056K, 0% used [0x00000007ca490000,0x00000007ca490000,0x00000007cd860000)
  to   space 60992K, 0% used [0x00000007e0e80000,0x00000007e0e80000,0x00000007e4a10000)
 ParOldGen       total 241664K, used 104326K [0x0000000700600000, 0x000000070f200000, 0x00000007aacb0000)
  object space 241664K, 43% used [0x0000000700600000,0x0000000706be1878,0x000000070f200000)
 PSPermGen       total 39744K, used 18105K [0x00000006fb400000, 0x00000006fdad0000, 0x0000000700600000)
  object space 39744K, 45% used [0x00000006fb400000,0x00000006fc5ae5a0,0x00000006fdad0000)
Event: 13.129 GC heap after
Heap after GC invocations=13 (full 3):
 PSYoungGen      total 660992K, used 18449K [0x00000007aacb0000, 0x00000007e2090000, 0x0000000800000000)
  eden space 642496K, 0% used [0x00000007aacb0000,0x00000007aacb0000,0x00000007d2020000)
  from space 18496K, 99% used [0x00000007e0e80000,0x00000007e2084430,0x00000007e2090000)
  to   space 58432K, 0% used [0x00000007dae70000,0x00000007dae70000,0x00000007de780000)
 ParOldGen       total 241664K, used 104326K [0x0000000700600000, 0x000000070f200000, 0x00000007aacb0000)
  object space 241664K, 43% used [0x0000000700600000,0x0000000706be1878,0x000000070f200000)
 PSPermGen       total 39744K, used 18105K [0x00000006fb400000, 0x00000006fdad0000, 0x0000000700600000)
  object space 39744K, 45% used [0x00000006fb400000,0x00000006fc5ae5a0,0x00000006fdad0000)
}
Event: 14.340 GC heap before
{Heap before GC invocations=14 (full 3):
 PSYoungGen      total 660992K, used 660455K [0x00000007aacb0000, 0x00000007e2090000, 0x0000000800000000)
  eden space 642496K, 99% used [0x00000007aacb0000,0x00000007d1fa5a50,0x00000007d2020000)
  from space 18496K, 99% used [0x00000007e0e80000,0x00000007e2084430,0x00000007e2090000)
  to   space 58432K, 0% used [0x00000007dae70000,0x00000007dae70000,0x00000007de780000)
 ParOldGen       total 241664K, used 107743K [0x0000000700600000, 0x000000070f200000, 0x00000007aacb0000)
  object space 241664K, 44% used [0x0000000700600000,0x0000000706f37d48,0x000000070f200000)
 PSPermGen       total 39744K, used 18113K [0x00000006fb400000, 0x00000006fdad0000, 0x0000000700600000)
  object space 39744K, 45% used [0x00000006fb400000,0x00000006fc5b0408,0x00000006fdad0000)
Event: 14.355 GC heap after
Heap after GC invocations=14 (full 3):
 PSYoungGen      total 846656K, used 56325K [0x00000007aacb0000, 0x00000007e3930000, 0x0000000800000000)
  eden space 788224K, 0% used [0x00000007aacb0000,0x00000007aacb0000,0x00000007dae70000)
  from space 58432K, 96% used [0x00000007dae70000,0x00000007de5717b8,0x00000007de780000)
  to   space 66880K, 0% used [0x00000007df7e0000,0x00000007df7e0000,0x00000007e3930000)
 ParOldGen       total 241664K, used 111681K [0x0000000700600000, 0x000000070f200000, 0x00000007aacb0000)
  object space 241664K, 46% used [0x0000000700600000,0x0000000707310430,0x000000070f200000)
 PSPermGen       total 39744K, used 18113K [0x00000006fb400000, 0x00000006fdad0000, 0x0000000700600000)
  object space 39744K, 45% used [0x00000006fb400000,0x00000006fc5b0408,0x00000006fdad0000)
}
Event: 15.974 GC heap before
{Heap before GC invocations=15 (full 3):
 PSYoungGen      total 846656K, used 844549K [0x00000007aacb0000, 0x00000007e3930000, 0x0000000800000000)
  eden space 788224K, 100% used [0x00000007aacb0000,0x00000007dae70000,0x00000007dae70000)
  from space 58432K, 96% used [0x00000007dae70000,0x00000007de5717b8,0x00000007de780000)
  to   space 66880K, 0% used [0x00000007df7e0000,0x00000007df7e0000,0x00000007e3930000)
 ParOldGen       total 241664K, used 151194K [0x0000000700600000, 0x000000070f200000, 0x00000007aacb0000)
  object space 241664K, 62% used [0x0000000700600000,0x00000007099a6ae0,0x000000070f200000)
 PSPermGen       total 39744K, used 18121K [0x00000006fb400000, 0x00000006fdad0000, 0x0000000700600000)
  object space 39744K, 45% used [0x00000006fb400000,0x00000006fc5b2410,0x00000006fdad0000)
Event: 15.982 GC heap after
Heap after GC invocations=15 (full 3):
 PSYoungGen      total 866240K, used 30358K [0x00000007aacb0000, 0x00000007ed0b0000, 0x0000000800000000)
  eden space 799360K, 0% used [0x00000007aacb0000,0x00000007aacb0000,0x00000007db950000)
  from space 66880K, 45% used [0x00000007df7e0000,0x00000007e15858e8,0x00000007e3930000)
  to   space 64064K, 0% used [0x00000007db950000,0x00000007db950000,0x00000007df7e0000)
 ParOldGen       total 241664K, used 151194K [0x0000000700600000, 0x000000070f200000, 0x00000007aacb0000)
  object space 241664K, 62% used [0x0000000700600000,0x00000007099a6ae0,0x000000070f200000)
 PSPermGen       total 39744K, used 18121K [0x00000006fb400000, 0x00000006fdad0000, 0x0000000700600000)
  object space 39744K, 45% used [0x00000006fb400000,0x00000006fc5b2410,0x00000006fdad0000)
}
Event: 17.607 GC heap before
{Heap before GC invocations=16 (full 3):
 PSYoungGen      total 866240K, used 827666K [0x00000007aacb0000, 0x00000007ed0b0000, 0x0000000800000000)
  eden space 799360K, 99% used [0x00000007aacb0000,0x00000007db74f110,0x00000007db950000)
  from space 66880K, 45% used [0x00000007df7e0000,0x00000007e15858e8,0x00000007e3930000)
  to   space 64064K, 0% used [0x00000007db950000,0x00000007db950000,0x00000007df7e0000)
 ParOldGen       total 241664K, used 157269K [0x0000000700600000, 0x000000070f200000, 0x00000007aacb0000)
  object space 241664K, 65% used [0x0000000700600000,0x0000000709f956f0,0x000000070f200000)
 PSPermGen       total 39744K, used 18131K [0x00000006fb400000, 0x00000006fdad0000, 0x0000000700600000)
  object space 39744K, 45% used [0x00000006fb400000,0x00000006fc5b4e68,0x00000006fdad0000)
Event: 17.617 GC heap after
Heap after GC invocations=16 (full 3):
 PSYoungGen      total 863424K, used 55902K [0x00000007aacb0000, 0x00000007edec0000, 0x0000000800000000)
  eden space 799360K, 0% used [0x00000007aacb0000,0x00000007aacb0000,0x00000007db950000)
  from space 64064K, 87% used [0x00000007db950000,0x00000007defe78d8,0x00000007df7e0000)
  to   space 70912K, 0% used [0x00000007e9980000,0x00000007e9980000,0x00000007edec0000)
 ParOldGen       total 241664K, used 157269K [0x0000000700600000, 0x000000070f200000, 0x00000007aacb0000)
  object space 241664K, 65% used [0x0000000700600000,0x0000000709f956f0,0x000000070f200000)
 PSPermGen       total 39744K, used 18131K [0x00000006fb400000, 0x00000006fdad0000, 0x0000000700600000)
  object space 39744K, 45% used [0x00000006fb400000,0x00000006fc5b4e68,0x00000006fdad0000)
}

