# JRE version: 7.0_07-b11
# Java VM: Java HotSpot(TM) 64-Bit Server VM (23.3-b01 mixed mode windows-amd64 compressed oops)
Heap
 PSYoungGen      total 385280K, used 382694K [0x00000007aacb0000, 0x00000007cb8c0000, 0x0000000800000000)
  eden space 345728K, 99% used [0x00000007aacb0000,0x00000007bfbd8fe8,0x00000007bfe50000)
  from space 39552K, 99% used [0x00000007c9220000,0x00000007cb8b0a40,0x00000007cb8c0000)
  to   space 54848K, 0% used [0x00000007c4da0000,0x00000007c4da0000,0x00000007c8330000)
 ParOldGen       total 270848K, used 240610K [0x0000000700600000, 0x0000000710e80000, 0x00000007aacb0000)
  object space 270848K, 88% used [0x0000000700600000,0x000000070f0f8828,0x0000000710e80000)
 PSPermGen       total 37632K, used 17991K [0x00000006fb400000, 0x00000006fd8c0000, 0x0000000700600000)
  object space 37632K, 47% used [0x00000006fb400000,0x00000006fc591ee0,0x00000006fd8c0000)
GC Heap History (10 events):
Event: 8.977 GC heap before
{Heap before GC invocations=8 (full 1):
 PSYoungGen      total 287872K, used 253481K [0x00000007aacb0000, 0x00000007bfdf0000, 0x0000000800000000)
  eden space 254016K, 99% used [0x00000007aacb0000,0x00000007ba43a4c8,0x00000007ba4c0000)
  from space 33856K, 0% used [0x00000007bcd80000,0x00000007bcd80000,0x00000007bee90000)
  to   space 41728K, 0% used [0x00000007ba4c0000,0x00000007ba4c0000,0x00000007bcd80000)
 ParOldGen       total 129216K, used 22390K [0x0000000700600000, 0x0000000708430000, 0x00000007aacb0000)
  object space 129216K, 17% used [0x0000000700600000,0x0000000701bddb60,0x0000000708430000)
 PSPermGen       total 36224K, used 17949K [0x00000006fb400000, 0x00000006fd760000, 0x0000000700600000)
  object space 36224K, 49% used [0x00000006fb400000,0x00000006fc5877a8,0x00000006fd760000)
Event: 8.987 GC heap after
Heap after GC invocations=8 (full 1):
 PSYoungGen      total 295744K, used 40324K [0x00000007aacb0000, 0x00000007cc2f0000, 0x0000000800000000)
  eden space 254016K, 0% used [0x00000007aacb0000,0x00000007aacb0000,0x00000007ba4c0000)
  from space 41728K, 96% used [0x00000007ba4c0000,0x00000007bcc21040,0x00000007bcd80000)
  to   space 49984K, 0% used [0x00000007c9220000,0x00000007c9220000,0x00000007cc2f0000)
 ParOldGen       total 129216K, used 46690K [0x0000000700600000, 0x0000000708430000, 0x00000007aacb0000)
  object space 129216K, 36% used [0x0000000700600000,0x0000000703398ba0,0x0000000708430000)
 PSPermGen       total 36224K, used 17949K [0x00000006fb400000, 0x00000006fd760000, 0x0000000700600000)
  object space 36224K, 49% used [0x00000006fb400000,0x00000006fc5877a8,0x00000006fd760000)
}
Event: 10.107 GC heap before
{Heap before GC invocations=9 (full 2):
 PSYoungGen      total 295744K, used 294340K [0x00000007aacb0000, 0x00000007cc2f0000, 0x0000000800000000)
  eden space 254016K, 100% used [0x00000007aacb0000,0x00000007ba4c0000,0x00000007ba4c0000)
  from space 41728K, 96% used [0x00000007ba4c0000,0x00000007bcc21040,0x00000007bcd80000)
  to   space 49984K, 0% used [0x00000007c9220000,0x00000007c9220000,0x00000007cc2f0000)
 ParOldGen       total 361792K, used 359175K [0x0000000700600000, 0x0000000716750000, 0x00000007aacb0000)
  object space 361792K, 99% used [0x0000000700600000,0x00000007164c1ca8,0x0000000716750000)
 PSPermGen       total 36224K, used 17972K [0x00000006fb400000, 0x00000006fd760000, 0x0000000700600000)
  object space 36224K, 49% used [0x00000006fb400000,0x00000006fc58d210,0x00000006fd760000)
Event: 10.147 GC heap after
Heap after GC invocations=9 (full 2):
 PSYoungGen      total 295744K, used 0K [0x00000007aacb0000, 0x00000007cc2f0000, 0x0000000800000000)
  eden space 254016K, 0% used [0x00000007aacb0000,0x00000007aacb0000,0x00000007ba4c0000)
  from space 41728K, 0% used [0x00000007ba4c0000,0x00000007ba4c0000,0x00000007bcd80000)
  to   space 49984K, 0% used [0x00000007c9220000,0x00000007c9220000,0x00000007cc2f0000)
 ParOldGen       total 185536K, used 38570K [0x0000000700600000, 0x000000070bb30000, 0x00000007aacb0000)
  object space 185536K, 20% used [0x0000000700600000,0x0000000702baaaf0,0x000000070bb30000)
 PSPermGen       total 40448K, used 17972K [0x00000006fb400000, 0x00000006fdb80000, 0x0000000700600000)
  object space 40448K, 44% used [0x00000006fb400000,0x00000006fc58d210,0x00000006fdb80000)
}
Event: 11.141 GC heap before
{Heap before GC invocations=10 (full 3):
 PSYoungGen      total 295744K, used 254016K [0x00000007aacb0000, 0x00000007cc2f0000, 0x0000000800000000)
  eden space 254016K, 100% used [0x00000007aacb0000,0x00000007ba4c0000,0x00000007ba4c0000)
  from space 41728K, 0% used [0x00000007ba4c0000,0x00000007ba4c0000,0x00000007bcd80000)
  to   space 49984K, 0% used [0x00000007c9220000,0x00000007c9220000,0x00000007cc2f0000)
 ParOldGen       total 321984K, used 321945K [0x0000000700600000, 0x0000000714070000, 0x00000007aacb0000)
  object space 321984K, 99% used [0x0000000700600000,0x00000007140664b0,0x0000000714070000)
 PSPermGen       total 40448K, used 17973K [0x00000006fb400000, 0x00000006fdb80000, 0x0000000700600000)
  object space 40448K, 44% used [0x00000006fb400000,0x00000006fc58d728,0x00000006fdb80000)
Event: 11.184 GC heap after
Heap after GC invocations=10 (full 3):
 PSYoungGen      total 295744K, used 0K [0x00000007aacb0000, 0x00000007cc2f0000, 0x0000000800000000)
  eden space 254016K, 0% used [0x00000007aacb0000,0x00000007aacb0000,0x00000007ba4c0000)
  from space 41728K, 0% used [0x00000007ba4c0000,0x00000007ba4c0000,0x00000007bcd80000)
  to   space 49984K, 0% used [0x00000007c9220000,0x00000007c9220000,0x00000007cc2f0000)
 ParOldGen       total 219200K, used 35365K [0x0000000700600000, 0x000000070dc10000, 0x00000007aacb0000)
  object space 219200K, 16% used [0x0000000700600000,0x00000007028897b0,0x000000070dc10000)
 PSPermGen       total 39232K, used 17973K [0x00000006fb400000, 0x00000006fda50000, 0x0000000700600000)
  object space 39232K, 45% used [0x00000006fb400000,0x00000006fc58d728,0x00000006fda50000)
}
Event: 12.089 GC heap before
{Heap before GC invocations=11 (full 4):
 PSYoungGen      total 295744K, used 254016K [0x00000007aacb0000, 0x00000007cc2f0000, 0x0000000800000000)
  eden space 254016K, 100% used [0x00000007aacb0000,0x00000007ba4c0000,0x00000007ba4c0000)
  from space 41728K, 0% used [0x00000007ba4c0000,0x00000007ba4c0000,0x00000007bcd80000)
  to   space 49984K, 0% used [0x00000007c9220000,0x00000007c9220000,0x00000007cc2f0000)
 ParOldGen       total 305984K, used 303341K [0x0000000700600000, 0x00000007130d0000, 0x00000007aacb0000)
  object space 305984K, 99% used [0x0000000700600000,0x0000000712e3b7a8,0x00000007130d0000)
 PSPermGen       total 39232K, used 17976K [0x00000006fb400000, 0x00000006fda50000, 0x0000000700600000)
  object space 39232K, 45% used [0x00000006fb400000,0x00000006fc58e0e8,0x00000006fda50000)
Event: 12.117 GC heap after
Heap after GC invocations=11 (full 4):
 PSYoungGen      total 295744K, used 0K [0x00000007aacb0000, 0x00000007cc2f0000, 0x0000000800000000)
  eden space 254016K, 0% used [0x00000007aacb0000,0x00000007aacb0000,0x00000007ba4c0000)
  from space 41728K, 0% used [0x00000007ba4c0000,0x00000007ba4c0000,0x00000007bcd80000)
  to   space 49984K, 0% used [0x00000007c9220000,0x00000007c9220000,0x00000007cc2f0000)
 ParOldGen       total 270848K, used 35198K [0x0000000700600000, 0x0000000710e80000, 0x00000007aacb0000)
  object space 270848K, 12% used [0x0000000700600000,0x000000070285f9b8,0x0000000710e80000)
 PSPermGen       total 37632K, used 17976K [0x00000006fb400000, 0x00000006fd8c0000, 0x0000000700600000)
  object space 37632K, 47% used [0x00000006fb400000,0x00000006fc58e0e8,0x00000006fd8c0000)
}
Event: 12.541 GC heap before
{Heap before GC invocations=12 (full 4):
 PSYoungGen      total 295744K, used 252111K [0x00000007aacb0000, 0x00000007cc2f0000, 0x0000000800000000)
  eden space 254016K, 99% used [0x00000007aacb0000,0x00000007ba2e3f10,0x00000007ba4c0000)
  from space 41728K, 0% used [0x00000007ba4c0000,0x00000007ba4c0000,0x00000007bcd80000)
  to   space 49984K, 0% used [0x00000007c9220000,0x00000007c9220000,0x00000007cc2f0000)
 ParOldGen       total 270848K, used 41273K [0x0000000700600000, 0x0000000710e80000, 0x00000007aacb0000)
  object space 270848K, 15% used [0x0000000700600000,0x0000000702e4e5c8,0x0000000710e80000)
 PSPermGen       total 37632K, used 17979K [0x00000006fb400000, 0x00000006fd8c0000, 0x0000000700600000)
  object space 37632K, 47% used [0x00000006fb400000,0x00000006fc58eef8,0x00000006fd8c0000)
Event: 12.549 GC heap after
Heap after GC invocations=12 (full 4):
 PSYoungGen      total 385280K, used 39490K [0x00000007aacb0000, 0x00000007cb8c0000, 0x0000000800000000)
  eden space 345728K, 0% used [0x00000007aacb0000,0x00000007aacb0000,0x00000007bfe50000)
  from space 39552K, 99% used [0x00000007c9220000,0x00000007cb8b0a40,0x00000007cb8c0000)
  to   space 54848K, 0% used [0x00000007c4da0000,0x00000007c4da0000,0x00000007c8330000)
 ParOldGen       total 270848K, used 41273K [0x0000000700600000, 0x0000000710e80000, 0x00000007aacb0000)
  object space 270848K, 15% used [0x0000000700600000,0x0000000702e4e5c8,0x0000000710e80000)
 PSPermGen       total 37632K, used 17979K [0x00000006fb400000, 0x00000006fd8c0000, 0x0000000700600000)
  object space 37632K, 47% used [0x00000006fb400000,0x00000006fc58eef8,0x00000006fd8c0000)
}

