# JRE version: 7.0_07-b11
# Java VM: Java HotSpot(TM) 64-Bit Server VM (23.3-b01 mixed mode windows-amd64 compressed oops)
Heap
 PSYoungGen      total 1273664K, used 1257394K [0x00000007aacb0000, 0x0000000800000000, 0x0000000800000000)
  eden space 1272896K, 98% used [0x00000007aacb0000,0x00000007f77e54f8,0x00000007f87c0000)
  from space 768K, 95% used [0x00000007f87c0000,0x00000007f8877488,0x00000007f8880000)
  to   space 63360K, 0% used [0x00000007fc220000,0x00000007fc220000,0x0000000800000000)
 ParOldGen       total 234816K, used 138977K [0x0000000700600000, 0x000000070eb50000, 0x00000007aacb0000)
  object space 234816K, 59% used [0x0000000700600000,0x0000000708db84d0,0x000000070eb50000)
 PSPermGen       total 39808K, used 18306K [0x00000006fb400000, 0x00000006fdae0000, 0x0000000700600000)
  object space 39808K, 45% used [0x00000006fb400000,0x00000006fc5e0a20,0x00000006fdae0000)
GC Heap History (10 events):
Event: 21.267 GC heap before
{Heap before GC invocations=16 (full 2):
 PSYoungGen      total 1144832K, used 1133678K [0x00000007aacb0000, 0x0000000800000000, 0x0000000800000000)
  eden space 1093504K, 99% used [0x00000007aacb0000,0x00000007ed7a7360,0x00000007ed890000)
  from space 51328K, 80% used [0x00000007ed890000,0x00000007f00b4510,0x00000007f0ab0000)
  to   space 52864K, 0% used [0x00000007fcc60000,0x00000007fcc60000,0x0000000800000000)
 ParOldGen       total 187200K, used 39976K [0x0000000700600000, 0x000000070bcd0000, 0x00000007aacb0000)
  object space 187200K, 21% used [0x0000000700600000,0x0000000702d0a1e8,0x000000070bcd0000)
 PSPermGen       total 40960K, used 18256K [0x00000006fb400000, 0x00000006fdc00000, 0x0000000700600000)
  object space 40960K, 44% used [0x00000006fb400000,0x00000006fc5d4188,0x00000006fdc00000)
Event: 21.280 GC heap after
Heap after GC invocations=16 (full 2):
 PSYoungGen      total 1332416K, used 52824K [0x00000007aacb0000, 0x0000000800000000, 0x0000000800000000)
  eden space 1279552K, 0% used [0x00000007aacb0000,0x00000007aacb0000,0x00000007f8e40000)
  from space 52864K, 99% used [0x00000007fcc60000,0x00000007ffff62d0,0x0000000800000000)
  to   space 58240K, 0% used [0x00000007f8e40000,0x00000007f8e40000,0x00000007fc720000)
 ParOldGen       total 187200K, used 46051K [0x0000000700600000, 0x000000070bcd0000, 0x00000007aacb0000)
  object space 187200K, 24% used [0x0000000700600000,0x00000007032f8df8,0x000000070bcd0000)
 PSPermGen       total 40960K, used 18256K [0x00000006fb400000, 0x00000006fdc00000, 0x0000000700600000)
  object space 40960K, 44% used [0x00000006fb400000,0x00000006fc5d4188,0x00000006fdc00000)
}
Event: 24.084 GC heap before
{Heap before GC invocations=17 (full 2):
 PSYoungGen      total 1332416K, used 1332376K [0x00000007aacb0000, 0x0000000800000000, 0x0000000800000000)
  eden space 1279552K, 100% used [0x00000007aacb0000,0x00000007f8e40000,0x00000007f8e40000)
  from space 52864K, 99% used [0x00000007fcc60000,0x00000007ffff62d0,0x0000000800000000)
  to   space 58240K, 0% used [0x00000007f8e40000,0x00000007f8e40000,0x00000007fc720000)
 ParOldGen       total 187200K, used 108829K [0x0000000700600000, 0x000000070bcd0000, 0x00000007aacb0000)
  object space 187200K, 58% used [0x0000000700600000,0x00000007070474b8,0x000000070bcd0000)
 PSPermGen       total 40960K, used 18265K [0x00000006fb400000, 0x00000006fdc00000, 0x0000000700600000)
  object space 40960K, 44% used [0x00000006fb400000,0x00000006fc5d6438,0x00000006fdc00000)
Event: 24.090 GC heap after
Heap after GC invocations=17 (full 2):
 PSYoungGen      total 1298816K, used 19211K [0x00000007aacb0000, 0x0000000800000000, 0x0000000800000000)
  eden space 1279552K, 0% used [0x00000007aacb0000,0x00000007aacb0000,0x00000007f8e40000)
  from space 19264K, 99% used [0x00000007f8e40000,0x00000007fa102d60,0x00000007fa110000)
  to   space 58560K, 0% used [0x00000007fc6d0000,0x00000007fc6d0000,0x0000000800000000)
 ParOldGen       total 187200K, used 108829K [0x0000000700600000, 0x000000070bcd0000, 0x00000007aacb0000)
  object space 187200K, 58% used [0x0000000700600000,0x00000007070474b8,0x000000070bcd0000)
 PSPermGen       total 40960K, used 18265K [0x00000006fb400000, 0x00000006fdc00000, 0x0000000700600000)
  object space 40960K, 44% used [0x00000006fb400000,0x00000006fc5d6438,0x00000006fdc00000)
}
Event: 27.002 GC heap before
{Heap before GC invocations=18 (full 3):
 PSYoungGen      total 1298816K, used 1298763K [0x00000007aacb0000, 0x0000000800000000, 0x0000000800000000)
  eden space 1279552K, 100% used [0x00000007aacb0000,0x00000007f8e40000,0x00000007f8e40000)
  from space 19264K, 99% used [0x00000007f8e40000,0x00000007fa102d60,0x00000007fa110000)
  to   space 58560K, 0% used [0x00000007fc6d0000,0x00000007fc6d0000,0x0000000800000000)
 ParOldGen       total 192704K, used 191351K [0x0000000700600000, 0x000000070c230000, 0x00000007aacb0000)
  object space 192704K, 99% used [0x0000000700600000,0x000000070c0ddee0,0x000000070c230000)
 PSPermGen       total 40960K, used 18273K [0x00000006fb400000, 0x00000006fdc00000, 0x0000000700600000)
  object space 40960K, 44% used [0x00000006fb400000,0x00000006fc5d8408,0x00000006fdc00000)
Event: 27.041 GC heap after
Heap after GC invocations=18 (full 3):
 PSYoungGen      total 1298816K, used 0K [0x00000007aacb0000, 0x0000000800000000, 0x0000000800000000)
  eden space 1279552K, 0% used [0x00000007aacb0000,0x00000007aacb0000,0x00000007f8e40000)
  from space 19264K, 0% used [0x00000007f8e40000,0x00000007f8e40000,0x00000007fa110000)
  to   space 58560K, 0% used [0x00000007fc6d0000,0x00000007fc6d0000,0x0000000800000000)
 ParOldGen       total 234816K, used 48214K [0x0000000700600000, 0x000000070eb50000, 0x00000007aacb0000)
  object space 234816K, 20% used [0x0000000700600000,0x00000007035159d0,0x000000070eb50000)
 PSPermGen       total 39808K, used 18272K [0x00000006fb400000, 0x00000006fdae0000, 0x0000000700600000)
  object space 39808K, 45% used [0x00000006fb400000,0x00000006fc5d8348,0x00000006fdae0000)
}
Event: 29.633 GC heap before
{Heap before GC invocations=19 (full 3):
 PSYoungGen      total 1298816K, used 1279552K [0x00000007aacb0000, 0x0000000800000000, 0x0000000800000000)
  eden space 1279552K, 100% used [0x00000007aacb0000,0x00000007f8e40000,0x00000007f8e40000)
  from space 19264K, 0% used [0x00000007f8e40000,0x00000007f8e40000,0x00000007fa110000)
  to   space 58560K, 0% used [0x00000007fc6d0000,0x00000007fc6d0000,0x0000000800000000)
 ParOldGen       total 234816K, used 75935K [0x0000000700600000, 0x000000070eb50000, 0x00000007aacb0000)
  object space 234816K, 32% used [0x0000000700600000,0x0000000705027f88,0x000000070eb50000)
 PSPermGen       total 39808K, used 18281K [0x00000006fb400000, 0x00000006fdae0000, 0x0000000700600000)
  object space 39808K, 45% used [0x00000006fb400000,0x00000006fc5da5a8,0x00000006fdae0000)
Event: 29.634 GC heap after
Heap after GC invocations=19 (full 3):
 PSYoungGen      total 1331456K, used 669K [0x00000007aacb0000, 0x0000000800000000, 0x0000000800000000)
  eden space 1272896K, 0% used [0x00000007aacb0000,0x00000007aacb0000,0x00000007f87c0000)
  from space 58560K, 1% used [0x00000007fc6d0000,0x00000007fc777488,0x0000000800000000)
  to   space 61568K, 0% used [0x00000007f87c0000,0x00000007f87c0000,0x00000007fc3e0000)
 ParOldGen       total 234816K, used 75935K [0x0000000700600000, 0x000000070eb50000, 0x00000007aacb0000)
  object space 234816K, 32% used [0x0000000700600000,0x0000000705027f88,0x000000070eb50000)
 PSPermGen       total 39808K, used 18281K [0x00000006fb400000, 0x00000006fdae0000, 0x0000000700600000)
  object space 39808K, 45% used [0x00000006fb400000,0x00000006fc5da5a8,0x00000006fdae0000)
}
Event: 32.276 GC heap before
{Heap before GC invocations=20 (full 3):
 PSYoungGen      total 1331456K, used 1273565K [0x00000007aacb0000, 0x0000000800000000, 0x0000000800000000)
  eden space 1272896K, 100% used [0x00000007aacb0000,0x00000007f87c0000,0x00000007f87c0000)
  from space 58560K, 1% used [0x00000007fc6d0000,0x00000007fc777488,0x0000000800000000)
  to   space 61568K, 0% used [0x00000007f87c0000,0x00000007f87c0000,0x00000007fc3e0000)
 ParOldGen       total 234816K, used 138977K [0x0000000700600000, 0x000000070eb50000, 0x00000007aacb0000)
  object space 234816K, 59% used [0x0000000700600000,0x0000000708db84d0,0x000000070eb50000)
 PSPermGen       total 39808K, used 18298K [0x00000006fb400000, 0x00000006fdae0000, 0x0000000700600000)
  object space 39808K, 45% used [0x00000006fb400000,0x00000006fc5debb0,0x00000006fdae0000)
Event: 32.277 GC heap after
Heap after GC invocations=20 (full 3):
 PSYoungGen      total 1273664K, used 733K [0x00000007aacb0000, 0x0000000800000000, 0x0000000800000000)
  eden space 1272896K, 0% used [0x00000007aacb0000,0x00000007aacb0000,0x00000007f87c0000)
  from space 768K, 95% used [0x00000007f87c0000,0x00000007f8877488,0x00000007f8880000)
  to   space 63360K, 0% used [0x00000007fc220000,0x00000007fc220000,0x0000000800000000)
 ParOldGen       total 234816K, used 138977K [0x0000000700600000, 0x000000070eb50000, 0x00000007aacb0000)
  object space 234816K, 59% used [0x0000000700600000,0x0000000708db84d0,0x000000070eb50000)
 PSPermGen       total 39808K, used 18298K [0x00000006fb400000, 0x00000006fdae0000, 0x0000000700600000)
  object space 39808K, 45% used [0x00000006fb400000,0x00000006fc5debb0,0x00000006fdae0000)
}

