# JRE version: 7.0_07-b11
# Java VM: Java HotSpot(TM) 64-Bit Server VM (23.3-b01 mixed mode windows-amd64 compressed oops)
Heap
 PSYoungGen      total 61120K, used 40152K [0x00000007aacb0000, 0x00000007b2880000, 0x0000000800000000)
  eden space 50624K, 58% used [0x00000007aacb0000,0x00000007ac9b3380,0x00000007ade20000)
  from space 10496K, 99% used [0x00000007adf30000,0x00000007ae962e70,0x00000007ae970000)
  to   space 38080K, 0% used [0x00000007b0350000,0x00000007b0350000,0x00000007b2880000)
 ParOldGen       total 174528K, used 49561K [0x0000000700600000, 0x000000070b070000, 0x00000007aacb0000)
  object space 174528K, 28% used [0x0000000700600000,0x0000000703666748,0x000000070b070000)
 PSPermGen       total 21248K, used 17882K [0x00000006fb400000, 0x00000006fc8c0000, 0x0000000700600000)
  object space 21248K, 84% used [0x00000006fb400000,0x00000006fc576b78,0x00000006fc8c0000)
GC Heap History (10 events):
Event: 8.426 GC heap before
{Heap before GC invocations=5 (full 0):
 PSYoungGen      total 76352K, used 65960K [0x00000007aacb0000, 0x00000007b01e0000, 0x0000000800000000)
  eden space 65472K, 93% used [0x00000007aacb0000,0x00000007ae833e60,0x00000007aeca0000)
  from space 10880K, 46% used [0x00000007af740000,0x00000007afc264f0,0x00000007b01e0000)
  to   space 10880K, 0% used [0x00000007aeca0000,0x00000007aeca0000,0x00000007af740000)
 ParOldGen       total 174528K, used 44688K [0x0000000700600000, 0x000000070b070000, 0x00000007aacb0000)
  object space 174528K, 25% used [0x0000000700600000,0x00000007031a4178,0x000000070b070000)
 PSPermGen       total 21248K, used 17851K [0x00000006fb400000, 0x00000006fc8c0000, 0x0000000700600000)
  object space 21248K, 84% used [0x00000006fb400000,0x00000006fc56ee38,0x00000006fc8c0000)
Event: 8.429 GC heap after
Heap after GC invocations=5 (full 0):
 PSYoungGen      total 74752K, used 8418K [0x00000007aacb0000, 0x00000007b27f0000, 0x0000000800000000)
  eden space 63872K, 0% used [0x00000007aacb0000,0x00000007aacb0000,0x00000007aeb10000)
  from space 10880K, 77% used [0x00000007aeca0000,0x00000007af4d89b0,0x00000007af740000)
  to   space 31168K, 0% used [0x00000007b0980000,0x00000007b0980000,0x00000007b27f0000)
 ParOldGen       total 174528K, used 48105K [0x0000000700600000, 0x000000070b070000, 0x00000007aacb0000)
  object space 174528K, 27% used [0x0000000700600000,0x00000007034fa648,0x000000070b070000)
 PSPermGen       total 21248K, used 17851K [0x00000006fb400000, 0x00000006fc8c0000, 0x0000000700600000)
  object space 21248K, 84% used [0x00000006fb400000,0x00000006fc56ee38,0x00000006fc8c0000)
}
Event: 9.268 GC heap before
{Heap before GC invocations=6 (full 0):
 PSYoungGen      total 74752K, used 71814K [0x00000007aacb0000, 0x00000007b27f0000, 0x0000000800000000)
  eden space 63872K, 99% used [0x00000007aacb0000,0x00000007aea98fd0,0x00000007aeb10000)
  from space 10880K, 77% used [0x00000007aeca0000,0x00000007af4d89b0,0x00000007af740000)
  to   space 31168K, 0% used [0x00000007b0980000,0x00000007b0980000,0x00000007b27f0000)
 ParOldGen       total 174528K, used 48105K [0x0000000700600000, 0x000000070b070000, 0x00000007aacb0000)
  object space 174528K, 27% used [0x0000000700600000,0x00000007034fa648,0x000000070b070000)
 PSPermGen       total 21248K, used 17851K [0x00000006fb400000, 0x00000006fc8c0000, 0x0000000700600000)
  object space 21248K, 84% used [0x00000006fb400000,0x00000006fc56ee38,0x00000006fc8c0000)
Event: 9.276 GC heap after
Heap after GC invocations=6 (full 0):
 PSYoungGen      total 87872K, used 30044K [0x00000007aacb0000, 0x00000007b3470000, 0x0000000800000000)
  eden space 56704K, 0% used [0x00000007aacb0000,0x00000007aacb0000,0x00000007ae410000)
  from space 31168K, 96% used [0x00000007b0980000,0x00000007b26d72c0,0x00000007b27f0000)
  to   space 38336K, 0% used [0x00000007ae410000,0x00000007ae410000,0x00000007b0980000)
 ParOldGen       total 174528K, used 48105K [0x0000000700600000, 0x000000070b070000, 0x00000007aacb0000)
  object space 174528K, 27% used [0x0000000700600000,0x00000007034fa648,0x000000070b070000)
 PSPermGen       total 21248K, used 17851K [0x00000006fb400000, 0x00000006fc8c0000, 0x0000000700600000)
  object space 21248K, 84% used [0x00000006fb400000,0x00000006fc56ee38,0x00000006fc8c0000)
}
Event: 10.069 GC heap before
{Heap before GC invocations=7 (full 0):
 PSYoungGen      total 87872K, used 81137K [0x00000007aacb0000, 0x00000007b3470000, 0x0000000800000000)
  eden space 56704K, 90% used [0x00000007aacb0000,0x00000007ade95300,0x00000007ae410000)
  from space 31168K, 96% used [0x00000007b0980000,0x00000007b26d72c0,0x00000007b27f0000)
  to   space 38336K, 0% used [0x00000007ae410000,0x00000007ae410000,0x00000007b0980000)
 ParOldGen       total 174528K, used 48105K [0x0000000700600000, 0x000000070b070000, 0x00000007aacb0000)
  object space 174528K, 27% used [0x0000000700600000,0x00000007034fa648,0x000000070b070000)
 PSPermGen       total 21248K, used 17851K [0x00000006fb400000, 0x00000006fc8c0000, 0x0000000700600000)
  object space 21248K, 84% used [0x00000006fb400000,0x00000006fc56ee38,0x00000006fc8c0000)
Event: 10.073 GC heap after
Heap after GC invocations=7 (full 0):
 PSYoungGen      total 66048K, used 10571K [0x00000007aacb0000, 0x00000007b2910000, 0x0000000800000000)
  eden space 55424K, 0% used [0x00000007aacb0000,0x00000007aacb0000,0x00000007ae2d0000)
  from space 10624K, 99% used [0x00000007ae410000,0x00000007aee62e70,0x00000007aee70000)
  to   space 35968K, 0% used [0x00000007b05f0000,0x00000007b05f0000,0x00000007b2910000)
 ParOldGen       total 174528K, used 49457K [0x0000000700600000, 0x000000070b070000, 0x00000007aacb0000)
  object space 174528K, 28% used [0x0000000700600000,0x000000070364c718,0x000000070b070000)
 PSPermGen       total 21248K, used 17851K [0x00000006fb400000, 0x00000006fc8c0000, 0x0000000700600000)
  object space 21248K, 84% used [0x00000006fb400000,0x00000006fc56ee38,0x00000006fc8c0000)
}
Event: 10.774 GC heap before
{Heap before GC invocations=8 (full 0):
 PSYoungGen      total 66048K, used 64245K [0x00000007aacb0000, 0x00000007b2910000, 0x0000000800000000)
  eden space 55424K, 96% used [0x00000007aacb0000,0x00000007ae11a808,0x00000007ae2d0000)
  from space 10624K, 99% used [0x00000007ae410000,0x00000007aee62e70,0x00000007aee70000)
  to   space 35968K, 0% used [0x00000007b05f0000,0x00000007b05f0000,0x00000007b2910000)
 ParOldGen       total 174528K, used 49457K [0x0000000700600000, 0x000000070b070000, 0x00000007aacb0000)
  object space 174528K, 28% used [0x0000000700600000,0x000000070364c718,0x000000070b070000)
 PSPermGen       total 21248K, used 17851K [0x00000006fb400000, 0x00000006fc8c0000, 0x0000000700600000)
  object space 21248K, 84% used [0x00000006fb400000,0x00000006fc56eee0,0x00000006fc8c0000)
Event: 10.778 GC heap after
Heap after GC invocations=8 (full 0):
 PSYoungGen      total 87680K, used 28700K [0x00000007aacb0000, 0x00000007b2f20000, 0x0000000800000000)
  eden space 51712K, 0% used [0x00000007aacb0000,0x00000007aacb0000,0x00000007adf30000)
  from space 35968K, 79% used [0x00000007b05f0000,0x00000007b21f72a0,0x00000007b2910000)
  to   space 39680K, 0% used [0x00000007adf30000,0x00000007adf30000,0x00000007b05f0000)
 ParOldGen       total 174528K, used 49561K [0x0000000700600000, 0x000000070b070000, 0x00000007aacb0000)
  object space 174528K, 28% used [0x0000000700600000,0x0000000703666748,0x000000070b070000)
 PSPermGen       total 21248K, used 17851K [0x00000006fb400000, 0x00000006fc8c0000, 0x0000000700600000)
  object space 21248K, 84% used [0x00000006fb400000,0x00000006fc56eee0,0x00000006fc8c0000)
}
Event: 11.564 GC heap before
{Heap before GC invocations=9 (full 0):
 PSYoungGen      total 87680K, used 79663K [0x00000007aacb0000, 0x00000007b2f20000, 0x0000000800000000)
  eden space 51712K, 98% used [0x00000007aacb0000,0x00000007ade74b70,0x00000007adf30000)
  from space 35968K, 79% used [0x00000007b05f0000,0x00000007b21f72a0,0x00000007b2910000)
  to   space 39680K, 0% used [0x00000007adf30000,0x00000007adf30000,0x00000007b05f0000)
 ParOldGen       total 174528K, used 49561K [0x0000000700600000, 0x000000070b070000, 0x00000007aacb0000)
  object space 174528K, 28% used [0x0000000700600000,0x0000000703666748,0x000000070b070000)
 PSPermGen       total 21248K, used 17851K [0x00000006fb400000, 0x00000006fc8c0000, 0x0000000700600000)
  object space 21248K, 84% used [0x00000006fb400000,0x00000006fc56eee0,0x00000006fc8c0000)
Event: 11.566 GC heap after
Heap after GC invocations=9 (full 0):
 PSYoungGen      total 61120K, used 10443K [0x00000007aacb0000, 0x00000007b2880000, 0x0000000800000000)
  eden space 50624K, 0% used [0x00000007aacb0000,0x00000007aacb0000,0x00000007ade20000)
  from space 10496K, 99% used [0x00000007adf30000,0x00000007ae962e70,0x00000007ae970000)
  to   space 38080K, 0% used [0x00000007b0350000,0x00000007b0350000,0x00000007b2880000)
 ParOldGen       total 174528K, used 49561K [0x0000000700600000, 0x000000070b070000, 0x00000007aacb0000)
  object space 174528K, 28% used [0x0000000700600000,0x0000000703666748,0x000000070b070000)
 PSPermGen       total 21248K, used 17851K [0x00000006fb400000, 0x00000006fc8c0000, 0x0000000700600000)
  object space 21248K, 84% used [0x00000006fb400000,0x00000006fc56eee0,0x00000006fc8c0000)
}

