# JRE version: 7.0_07-b11
# Java VM: Java HotSpot(TM) 64-Bit Server VM (23.3-b01 mixed mode windows-amd64 compressed oops)
Heap
 PSYoungGen      total 1165760K, used 407478K [0x00000007aacb0000, 0x0000000800000000, 0x0000000800000000)
  eden space 1126784K, 33% used [0x00000007aacb0000,0x00000007c1e66ea0,0x00000007ef910000)
  from space 38976K, 74% used [0x00000007ef910000,0x00000007f1546cf0,0x00000007f1f20000)
  to   space 39936K, 0% used [0x00000007fd900000,0x00000007fd900000,0x0000000800000000)
 ParOldGen       total 243008K, used 22416K [0x0000000700600000, 0x000000070f350000, 0x00000007aacb0000)
  object space 243008K, 9% used [0x0000000700600000,0x0000000701be43c8,0x000000070f350000)
 PSPermGen       total 37632K, used 18141K [0x00000006fb400000, 0x00000006fd8c0000, 0x0000000700600000)
  object space 37632K, 48% used [0x00000006fb400000,0x00000006fc5b7538,0x00000006fd8c0000)
GC Heap History (10 events):
Event: 13.324 GC heap before
{Heap before GC invocations=15 (full 3):
 PSYoungGen      total 923584K, used 29397K [0x00000007aacb0000, 0x00000007e5760000, 0x0000000800000000)
  eden space 891712K, 0% used [0x00000007aacb0000,0x00000007aacb0000,0x00000007e1380000)
  from space 31872K, 92% used [0x00000007e3840000,0x00000007e54f5630,0x00000007e5760000)
  to   space 34752K, 0% used [0x00000007e1380000,0x00000007e1380000,0x00000007e3570000)
 ParOldGen       total 167744K, used 154424K [0x0000000700600000, 0x000000070a9d0000, 0x00000007aacb0000)
  object space 167744K, 92% used [0x0000000700600000,0x0000000709cce3c0,0x000000070a9d0000)
 PSPermGen       total 40896K, used 18091K [0x00000006fb400000, 0x00000006fdbf0000, 0x0000000700600000)
  object space 40896K, 44% used [0x00000006fb400000,0x00000006fc5aae30,0x00000006fdbf0000)
Event: 13.351 GC heap after
Heap after GC invocations=15 (full 3):
 PSYoungGen      total 923584K, used 0K [0x00000007aacb0000, 0x00000007e5760000, 0x0000000800000000)
  eden space 891712K, 0% used [0x00000007aacb0000,0x00000007aacb0000,0x00000007e1380000)
  from space 31872K, 0% used [0x00000007e3840000,0x00000007e3840000,0x00000007e5760000)
  to   space 34752K, 0% used [0x00000007e1380000,0x00000007e1380000,0x00000007e3570000)
 ParOldGen       total 199424K, used 28446K [0x0000000700600000, 0x000000070c8c0000, 0x00000007aacb0000)
  object space 199424K, 14% used [0x0000000700600000,0x00000007021c7840,0x000000070c8c0000)
 PSPermGen       total 39744K, used 18091K [0x00000006fb400000, 0x00000006fdad0000, 0x0000000700600000)
  object space 39744K, 45% used [0x00000006fb400000,0x00000006fc5aae30,0x00000006fdad0000)
}
Event: 15.365 GC heap before
{Heap before GC invocations=16 (full 3):
 PSYoungGen      total 923584K, used 891712K [0x00000007aacb0000, 0x00000007e5760000, 0x0000000800000000)
  eden space 891712K, 100% used [0x00000007aacb0000,0x00000007e1380000,0x00000007e1380000)
  from space 31872K, 0% used [0x00000007e3840000,0x00000007e3840000,0x00000007e5760000)
  to   space 34752K, 0% used [0x00000007e1380000,0x00000007e1380000,0x00000007e3570000)
 ParOldGen       total 199424K, used 140961K [0x0000000700600000, 0x000000070c8c0000, 0x00000007aacb0000)
  object space 199424K, 70% used [0x0000000700600000,0x0000000708fa8470,0x000000070c8c0000)
 PSPermGen       total 39744K, used 18102K [0x00000006fb400000, 0x00000006fdad0000, 0x0000000700600000)
  object space 39744K, 45% used [0x00000006fb400000,0x00000006fc5ad868,0x00000006fdad0000)
Event: 15.366 GC heap after
Heap after GC invocations=16 (full 3):
 PSYoungGen      total 926464K, used 288K [0x00000007aacb0000, 0x00000007f4d10000, 0x0000000800000000)
  eden space 891712K, 0% used [0x00000007aacb0000,0x00000007aacb0000,0x00000007e1380000)
  from space 34752K, 0% used [0x00000007e1380000,0x00000007e13c8000,0x00000007e3570000)
  to   space 37504K, 0% used [0x00000007f2870000,0x00000007f2870000,0x00000007f4d10000)
 ParOldGen       total 199424K, used 140961K [0x0000000700600000, 0x000000070c8c0000, 0x00000007aacb0000)
  object space 199424K, 70% used [0x0000000700600000,0x0000000708fa8470,0x000000070c8c0000)
 PSPermGen       total 39744K, used 18102K [0x00000006fb400000, 0x00000006fdad0000, 0x0000000700600000)
  object space 39744K, 45% used [0x00000006fb400000,0x00000006fc5ad868,0x00000006fdad0000)
}
Event: 17.112 GC heap before
{Heap before GC invocations=17 (full 3):
 PSYoungGen      total 926464K, used 890494K [0x00000007aacb0000, 0x00000007f4d10000, 0x0000000800000000)
  eden space 891712K, 99% used [0x00000007aacb0000,0x00000007e1207a88,0x00000007e1380000)
  from space 34752K, 0% used [0x00000007e1380000,0x00000007e13c8000,0x00000007e3570000)
  to   space 37504K, 0% used [0x00000007f2870000,0x00000007f2870000,0x00000007f4d10000)
 ParOldGen       total 199424K, used 142986K [0x0000000700600000, 0x000000070c8c0000, 0x00000007aacb0000)
  object space 199424K, 71% used [0x0000000700600000,0x00000007091a2880,0x000000070c8c0000)
 PSPermGen       total 39744K, used 18124K [0x00000006fb400000, 0x00000006fdad0000, 0x0000000700600000)
  object space 39744K, 45% used [0x00000006fb400000,0x00000006fc5b3170,0x00000006fdad0000)
Event: 17.120 GC heap after
Heap after GC invocations=17 (full 3):
 PSYoungGen      total 1154560K, used 29429K [0x00000007aacb0000, 0x00000007f4530000, 0x0000000800000000)
  eden space 1125120K, 0% used [0x00000007aacb0000,0x00000007aacb0000,0x00000007ef770000)
  from space 29440K, 99% used [0x00000007f2870000,0x00000007f452d630,0x00000007f4530000)
  to   space 38976K, 0% used [0x00000007ef910000,0x00000007ef910000,0x00000007f1f20000)
 ParOldGen       total 199424K, used 142986K [0x0000000700600000, 0x000000070c8c0000, 0x00000007aacb0000)
  object space 199424K, 71% used [0x0000000700600000,0x00000007091a2880,0x000000070c8c0000)
 PSPermGen       total 39744K, used 18124K [0x00000006fb400000, 0x00000006fdad0000, 0x0000000700600000)
  object space 39744K, 45% used [0x00000006fb400000,0x00000006fc5b3170,0x00000006fdad0000)
}
Event: 19.626 GC heap before
{Heap before GC invocations=18 (full 4):
 PSYoungGen      total 1154560K, used 1154549K [0x00000007aacb0000, 0x00000007f4530000, 0x0000000800000000)
  eden space 1125120K, 100% used [0x00000007aacb0000,0x00000007ef770000,0x00000007ef770000)
  from space 29440K, 99% used [0x00000007f2870000,0x00000007f452d630,0x00000007f4530000)
  to   space 38976K, 0% used [0x00000007ef910000,0x00000007ef910000,0x00000007f1f20000)
 ParOldGen       total 260992K, used 260943K [0x0000000700600000, 0x00000007104e0000, 0x00000007aacb0000)
  object space 260992K, 99% used [0x0000000700600000,0x00000007104d3db8,0x00000007104e0000)
 PSPermGen       total 39744K, used 18128K [0x00000006fb400000, 0x00000006fdad0000, 0x0000000700600000)
  object space 39744K, 45% used [0x00000006fb400000,0x00000006fc5b42e0,0x00000006fdad0000)
Event: 19.660 GC heap after
Heap after GC invocations=18 (full 4):
 PSYoungGen      total 1154560K, used 0K [0x00000007aacb0000, 0x00000007f4530000, 0x0000000800000000)
  eden space 1125120K, 0% used [0x00000007aacb0000,0x00000007aacb0000,0x00000007ef770000)
  from space 29440K, 0% used [0x00000007f2870000,0x00000007f2870000,0x00000007f4530000)
  to   space 38976K, 0% used [0x00000007ef910000,0x00000007ef910000,0x00000007f1f20000)
 ParOldGen       total 243008K, used 22416K [0x0000000700600000, 0x000000070f350000, 0x00000007aacb0000)
  object space 243008K, 9% used [0x0000000700600000,0x0000000701be43c8,0x000000070f350000)
 PSPermGen       total 37632K, used 18128K [0x00000006fb400000, 0x00000006fd8c0000, 0x0000000700600000)
  object space 37632K, 48% used [0x00000006fb400000,0x00000006fc5b42a0,0x00000006fd8c0000)
}
Event: 21.848 GC heap before
{Heap before GC invocations=19 (full 4):
 PSYoungGen      total 1154560K, used 1124261K [0x00000007aacb0000, 0x00000007f4530000, 0x0000000800000000)
  eden space 1125120K, 99% used [0x00000007aacb0000,0x00000007ef699590,0x00000007ef770000)
  from space 29440K, 0% used [0x00000007f2870000,0x00000007f2870000,0x00000007f4530000)
  to   space 38976K, 0% used [0x00000007ef910000,0x00000007ef910000,0x00000007f1f20000)
 ParOldGen       total 243008K, used 22416K [0x0000000700600000, 0x000000070f350000, 0x00000007aacb0000)
  object space 243008K, 9% used [0x0000000700600000,0x0000000701be43c8,0x000000070f350000)
 PSPermGen       total 37632K, used 18141K [0x00000006fb400000, 0x00000006fd8c0000, 0x0000000700600000)
  object space 37632K, 48% used [0x00000006fb400000,0x00000006fc5b7490,0x00000006fd8c0000)
Event: 21.856 GC heap after
Heap after GC invocations=19 (full 4):
 PSYoungGen      total 1165760K, used 28891K [0x00000007aacb0000, 0x0000000800000000, 0x0000000800000000)
  eden space 1126784K, 0% used [0x00000007aacb0000,0x00000007aacb0000,0x00000007ef910000)
  from space 38976K, 74% used [0x00000007ef910000,0x00000007f1546cf0,0x00000007f1f20000)
  to   space 39936K, 0% used [0x00000007fd900000,0x00000007fd900000,0x0000000800000000)
 ParOldGen       total 243008K, used 22416K [0x0000000700600000, 0x000000070f350000, 0x00000007aacb0000)
  object space 243008K, 9% used [0x0000000700600000,0x0000000701be43c8,0x000000070f350000)
 PSPermGen       total 37632K, used 18141K [0x00000006fb400000, 0x00000006fd8c0000, 0x0000000700600000)
  object space 37632K, 48% used [0x00000006fb400000,0x00000006fc5b7490,0x00000006fd8c0000)
}

