# JRE version: 7.0_07-b11
# Java VM: Java HotSpot(TM) 64-Bit Server VM (23.3-b01 mixed mode windows-amd64 compressed oops)
Heap
 PSYoungGen      total 1354432K, used 757523K [0x00000007aacb0000, 0x0000000800000000, 0x0000000800000000)
  eden space 1313344K, 54% used [0x00000007aacb0000,0x00000007d68588d0,0x00000007faf40000)
  from space 41088K, 99% used [0x00000007faf40000,0x00000007fd75c510,0x00000007fd760000)
  to   space 41600K, 0% used [0x00000007fd760000,0x00000007fd760000,0x0000000800000000)
 ParOldGen       total 249024K, used 125331K [0x0000000700600000, 0x000000070f930000, 0x00000007aacb0000)
  object space 249024K, 50% used [0x0000000700600000,0x0000000708064e58,0x000000070f930000)
 PSPermGen       total 37696K, used 18207K [0x00000006fb400000, 0x00000006fd8d0000, 0x0000000700600000)
  object space 37696K, 48% used [0x00000006fb400000,0x00000006fc5c7ff8,0x00000006fd8d0000)
GC Heap History (10 events):
Event: 21.573 GC heap before
{Heap before GC invocations=17 (full 3):
 PSYoungGen      total 1331712K, used 1296118K [0x00000007aacb0000, 0x0000000800000000, 0x0000000800000000)
  eden space 1297472K, 99% used [0x00000007aacb0000,0x00000007f9e6da50,0x00000007f9fc0000)
  from space 34240K, 0% used [0x00000007f9fc0000,0x00000007f9fc0000,0x00000007fc130000)
  to   space 33984K, 0% used [0x00000007fded0000,0x00000007fded0000,0x0000000800000000)
 ParOldGen       total 200256K, used 29767K [0x0000000700600000, 0x000000070c990000, 0x00000007aacb0000)
  object space 200256K, 14% used [0x0000000700600000,0x0000000702311c90,0x000000070c990000)
 PSPermGen       total 39808K, used 18126K [0x00000006fb400000, 0x00000006fdae0000, 0x0000000700600000)
  object space 39808K, 45% used [0x00000006fb400000,0x00000006fc5b39c8,0x00000006fdae0000)
Event: 21.582 GC heap after
Heap after GC invocations=17 (full 3):
 PSYoungGen      total 1356416K, used 33385K [0x00000007aacb0000, 0x0000000800000000, 0x0000000800000000)
  eden space 1322432K, 0% used [0x00000007aacb0000,0x00000007aacb0000,0x00000007fb820000)
  from space 33984K, 98% used [0x00000007fded0000,0x00000007fff6a420,0x0000000800000000)
  to   space 36800K, 0% used [0x00000007fb820000,0x00000007fb820000,0x00000007fdc10000)
 ParOldGen       total 200256K, used 37867K [0x0000000700600000, 0x000000070c990000, 0x00000007aacb0000)
  object space 200256K, 18% used [0x0000000700600000,0x0000000702afacb0,0x000000070c990000)
 PSPermGen       total 39808K, used 18126K [0x00000006fb400000, 0x00000006fdae0000, 0x0000000700600000)
  object space 39808K, 45% used [0x00000006fb400000,0x00000006fc5b39c8,0x00000006fdae0000)
}
Event: 24.442 GC heap before
{Heap before GC invocations=18 (full 3):
 PSYoungGen      total 1356416K, used 1355817K [0x00000007aacb0000, 0x0000000800000000, 0x0000000800000000)
  eden space 1322432K, 100% used [0x00000007aacb0000,0x00000007fb820000,0x00000007fb820000)
  from space 33984K, 98% used [0x00000007fded0000,0x00000007fff6a420,0x0000000800000000)
  to   space 36800K, 0% used [0x00000007fb820000,0x00000007fb820000,0x00000007fdc10000)
 ParOldGen       total 200256K, used 158229K [0x0000000700600000, 0x000000070c990000, 0x00000007aacb0000)
  object space 200256K, 79% used [0x0000000700600000,0x000000070a085480,0x000000070c990000)
 PSPermGen       total 39808K, used 18134K [0x00000006fb400000, 0x00000006fdae0000, 0x0000000700600000)
  object space 39808K, 45% used [0x00000006fb400000,0x00000006fc5b5be8,0x00000006fdae0000)
Event: 24.445 GC heap after
Heap after GC invocations=18 (full 3):
 PSYoungGen      total 1322752K, used 288K [0x00000007aacb0000, 0x0000000800000000, 0x0000000800000000)
  eden space 1322432K, 0% used [0x00000007aacb0000,0x00000007aacb0000,0x00000007fb820000)
  from space 320K, 90% used [0x00000007fb820000,0x00000007fb868000,0x00000007fb870000)
  to   space 39488K, 0% used [0x00000007fd970000,0x00000007fd970000,0x0000000800000000)
 ParOldGen       total 200256K, used 164344K [0x0000000700600000, 0x000000070c990000, 0x00000007aacb0000)
  object space 200256K, 82% used [0x0000000700600000,0x000000070a67e0b0,0x000000070c990000)
 PSPermGen       total 39808K, used 18134K [0x00000006fb400000, 0x00000006fdae0000, 0x0000000700600000)
  object space 39808K, 45% used [0x00000006fb400000,0x00000006fc5b5be8,0x00000006fdae0000)
}
Event: 27.340 GC heap before
{Heap before GC invocations=19 (full 4):
 PSYoungGen      total 1322752K, used 1322720K [0x00000007aacb0000, 0x0000000800000000, 0x0000000800000000)
  eden space 1322432K, 100% used [0x00000007aacb0000,0x00000007fb820000,0x00000007fb820000)
  from space 320K, 90% used [0x00000007fb820000,0x00000007fb868000,0x00000007fb870000)
  to   space 39488K, 0% used [0x00000007fd970000,0x00000007fd970000,0x0000000800000000)
 ParOldGen       total 289024K, used 288882K [0x0000000700600000, 0x0000000712040000, 0x00000007aacb0000)
  object space 289024K, 99% used [0x0000000700600000,0x000000071201cad0,0x0000000712040000)
 PSPermGen       total 39808K, used 18157K [0x00000006fb400000, 0x00000006fdae0000, 0x0000000700600000)
  object space 39808K, 45% used [0x00000006fb400000,0x00000006fc5bb478,0x00000006fdae0000)
Event: 27.377 GC heap after
Heap after GC invocations=19 (full 4):
 PSYoungGen      total 1322752K, used 0K [0x00000007aacb0000, 0x0000000800000000, 0x0000000800000000)
  eden space 1322432K, 0% used [0x00000007aacb0000,0x00000007aacb0000,0x00000007fb820000)
  from space 320K, 0% used [0x00000007fb820000,0x00000007fb820000,0x00000007fb870000)
  to   space 39488K, 0% used [0x00000007fd970000,0x00000007fd970000,0x0000000800000000)
 ParOldGen       total 249024K, used 32053K [0x0000000700600000, 0x000000070f930000, 0x00000007aacb0000)
  object space 249024K, 12% used [0x0000000700600000,0x000000070254d7c0,0x000000070f930000)
 PSPermGen       total 37696K, used 18157K [0x00000006fb400000, 0x00000006fd8d0000, 0x0000000700600000)
  object space 37696K, 48% used [0x00000006fb400000,0x00000006fc5bb418,0x00000006fd8d0000)
}
Event: 30.178 GC heap before
{Heap before GC invocations=20 (full 4):
 PSYoungGen      total 1322752K, used 1322432K [0x00000007aacb0000, 0x0000000800000000, 0x0000000800000000)
  eden space 1322432K, 100% used [0x00000007aacb0000,0x00000007fb820000,0x00000007fb820000)
  from space 320K, 0% used [0x00000007fb820000,0x00000007fb820000,0x00000007fb870000)
  to   space 39488K, 0% used [0x00000007fd970000,0x00000007fd970000,0x0000000800000000)
 ParOldGen       total 249024K, used 125331K [0x0000000700600000, 0x000000070f930000, 0x00000007aacb0000)
  object space 249024K, 50% used [0x0000000700600000,0x0000000708064e58,0x000000070f930000)
 PSPermGen       total 37696K, used 18163K [0x00000006fb400000, 0x00000006fd8d0000, 0x0000000700600000)
  object space 37696K, 48% used [0x00000006fb400000,0x00000006fc5bce50,0x00000006fd8d0000)
Event: 30.179 GC heap after
Heap after GC invocations=20 (full 4):
 PSYoungGen      total 1352832K, used 288K [0x00000007aacb0000, 0x0000000800000000, 0x0000000800000000)
  eden space 1313344K, 0% used [0x00000007aacb0000,0x00000007aacb0000,0x00000007faf40000)
  from space 39488K, 0% used [0x00000007fd970000,0x00000007fd9b8000,0x0000000800000000)
  to   space 41344K, 0% used [0x00000007faf40000,0x00000007faf40000,0x00000007fd7a0000)
 ParOldGen       total 249024K, used 125331K [0x0000000700600000, 0x000000070f930000, 0x00000007aacb0000)
  object space 249024K, 50% used [0x0000000700600000,0x0000000708064e58,0x000000070f930000)
 PSPermGen       total 37696K, used 18163K [0x00000006fb400000, 0x00000006fd8d0000, 0x0000000700600000)
  object space 37696K, 48% used [0x00000006fb400000,0x00000006fc5bce50,0x00000006fd8d0000)
}
Event: 32.749 GC heap before
{Heap before GC invocations=21 (full 4):
 PSYoungGen      total 1352832K, used 1311712K [0x00000007aacb0000, 0x0000000800000000, 0x0000000800000000)
  eden space 1313344K, 99% used [0x00000007aacb0000,0x00000007fad60128,0x00000007faf40000)
  from space 39488K, 0% used [0x00000007fd970000,0x00000007fd9b8000,0x0000000800000000)
  to   space 41344K, 0% used [0x00000007faf40000,0x00000007faf40000,0x00000007fd7a0000)
 ParOldGen       total 249024K, used 125331K [0x0000000700600000, 0x000000070f930000, 0x00000007aacb0000)
  object space 249024K, 50% used [0x0000000700600000,0x0000000708064e58,0x000000070f930000)
 PSPermGen       total 37696K, used 18173K [0x00000006fb400000, 0x00000006fd8d0000, 0x0000000700600000)
  object space 37696K, 48% used [0x00000006fb400000,0x00000006fc5bf620,0x00000006fd8d0000)
Event: 32.759 GC heap after
Heap after GC invocations=21 (full 4):
 PSYoungGen      total 1354432K, used 41073K [0x00000007aacb0000, 0x0000000800000000, 0x0000000800000000)
  eden space 1313344K, 0% used [0x00000007aacb0000,0x00000007aacb0000,0x00000007faf40000)
  from space 41088K, 99% used [0x00000007faf40000,0x00000007fd75c510,0x00000007fd760000)
  to   space 41600K, 0% used [0x00000007fd760000,0x00000007fd760000,0x0000000800000000)
 ParOldGen       total 249024K, used 125331K [0x0000000700600000, 0x000000070f930000, 0x00000007aacb0000)
  object space 249024K, 50% used [0x0000000700600000,0x0000000708064e58,0x000000070f930000)
 PSPermGen       total 37696K, used 18173K [0x00000006fb400000, 0x00000006fd8d0000, 0x0000000700600000)
  object space 37696K, 48% used [0x00000006fb400000,0x00000006fc5bf620,0x00000006fd8d0000)
}

