# JRE version: 7.0_07-b11
# Java VM: Java HotSpot(TM) 64-Bit Server VM (23.3-b01 mixed mode windows-amd64 compressed oops)
Heap
 PSYoungGen      total 1317824K, used 1008016K [0x00000007aacb0000, 0x0000000800000000, 0x0000000800000000)
  eden space 1249984K, 75% used [0x00000007aacb0000,0x00000007e42db9d8,0x00000007f7160000)
  from space 67840K, 99% used [0x00000007f7160000,0x00000007fb398860,0x00000007fb3a0000)
  to   space 76224K, 0% used [0x00000007fb590000,0x00000007fb590000,0x0000000800000000)
 ParOldGen       total 435648K, used 319916K [0x0000000700600000, 0x000000071af70000, 0x00000007aacb0000)
  object space 435648K, 73% used [0x0000000700600000,0x0000000713e6b280,0x000000071af70000)
 PSPermGen       total 28800K, used 18243K [0x00000006fb400000, 0x00000006fd020000, 0x0000000700600000)
  object space 28800K, 63% used [0x00000006fb400000,0x00000006fc5d0ca8,0x00000006fd020000)
GC Heap History (10 events):
Event: 76.584 GC heap before
{Heap before GC invocations=40 (full 9):
 PSYoungGen      total 1315776K, used 1289092K [0x00000007aacb0000, 0x00000007ff950000, 0x0000000800000000)
  eden space 1240192K, 100% used [0x00000007aacb0000,0x00000007f67d0000,0x00000007f67d0000)
  from space 75584K, 64% used [0x00000007faf80000,0x00000007fdf41120,0x00000007ff950000)
  to   space 73408K, 0% used [0x00000007f67d0000,0x00000007f67d0000,0x00000007faf80000)
 ParOldGen       total 435648K, used 278945K [0x0000000700600000, 0x000000071af70000, 0x00000007aacb0000)
  object space 435648K, 64% used [0x0000000700600000,0x0000000711668798,0x000000071af70000)
 PSPermGen       total 28800K, used 18232K [0x00000006fb400000, 0x00000006fd020000, 0x0000000700600000)
  object space 28800K, 63% used [0x00000006fb400000,0x00000006fc5ce068,0x00000006fd020000)
Event: 76.595 GC heap after
Heap after GC invocations=40 (full 9):
 PSYoungGen      total 1313600K, used 54595K [0x00000007aacb0000, 0x00000007ffdc0000, 0x0000000800000000)
  eden space 1240192K, 0% used [0x00000007aacb0000,0x00000007aacb0000,0x00000007f67d0000)
  from space 73408K, 74% used [0x00000007f67d0000,0x00000007f9d20c70,0x00000007faf80000)
  to   space 73344K, 0% used [0x00000007fb620000,0x00000007fb620000,0x00000007ffdc0000)
 ParOldGen       total 435648K, used 278945K [0x0000000700600000, 0x000000071af70000, 0x00000007aacb0000)
  object space 435648K, 64% used [0x0000000700600000,0x0000000711668798,0x000000071af70000)
 PSPermGen       total 28800K, used 18232K [0x00000006fb400000, 0x00000006fd020000, 0x0000000700600000)
  object space 28800K, 63% used [0x00000006fb400000,0x00000006fc5ce068,0x00000006fd020000)
}
Event: 79.393 GC heap before
{Heap before GC invocations=41 (full 9):
 PSYoungGen      total 1313600K, used 1291614K [0x00000007aacb0000, 0x00000007ffdc0000, 0x0000000800000000)
  eden space 1240192K, 99% used [0x00000007aacb0000,0x00000007f64b6f20,0x00000007f67d0000)
  from space 73408K, 74% used [0x00000007f67d0000,0x00000007f9d20c70,0x00000007faf80000)
  to   space 73344K, 0% used [0x00000007fb620000,0x00000007fb620000,0x00000007ffdc0000)
 ParOldGen       total 435648K, used 278945K [0x0000000700600000, 0x000000071af70000, 0x00000007aacb0000)
  object space 435648K, 64% used [0x0000000700600000,0x0000000711668798,0x000000071af70000)
 PSPermGen       total 28800K, used 18235K [0x00000006fb400000, 0x00000006fd020000, 0x0000000700600000)
  object space 28800K, 63% used [0x00000006fb400000,0x00000006fc5cef08,0x00000006fd020000)
Event: 79.401 GC heap after
Heap after GC invocations=41 (full 9):
 PSYoungGen      total 1321280K, used 52845K [0x00000007aacb0000, 0x00000007ffe30000, 0x0000000800000000)
  eden space 1247936K, 0% used [0x00000007aacb0000,0x00000007aacb0000,0x00000007f6f60000)
  from space 73344K, 72% used [0x00000007fb620000,0x00000007fe9bb630,0x00000007ffdc0000)
  to   space 72448K, 0% used [0x00000007f6f60000,0x00000007f6f60000,0x00000007fb620000)
 ParOldGen       total 435648K, used 278945K [0x0000000700600000, 0x000000071af70000, 0x00000007aacb0000)
  object space 435648K, 64% used [0x0000000700600000,0x0000000711668798,0x000000071af70000)
 PSPermGen       total 28800K, used 18235K [0x00000006fb400000, 0x00000006fd020000, 0x0000000700600000)
  object space 28800K, 63% used [0x00000006fb400000,0x00000006fc5cef08,0x00000006fd020000)
}
Event: 82.250 GC heap before
{Heap before GC invocations=42 (full 9):
 PSYoungGen      total 1321280K, used 1300781K [0x00000007aacb0000, 0x00000007ffe30000, 0x0000000800000000)
  eden space 1247936K, 100% used [0x00000007aacb0000,0x00000007f6f60000,0x00000007f6f60000)
  from space 73344K, 72% used [0x00000007fb620000,0x00000007fe9bb630,0x00000007ffdc0000)
  to   space 72448K, 0% used [0x00000007f6f60000,0x00000007f6f60000,0x00000007fb620000)
 ParOldGen       total 435648K, used 285159K [0x0000000700600000, 0x000000071af70000, 0x00000007aacb0000)
  object space 435648K, 65% used [0x0000000700600000,0x0000000711c79fe8,0x000000071af70000)
 PSPermGen       total 28800K, used 18241K [0x00000006fb400000, 0x00000006fd020000, 0x0000000700600000)
  object space 28800K, 63% used [0x00000006fb400000,0x00000006fc5d0508,0x00000006fd020000)
Event: 82.260 GC heap after
Heap after GC invocations=42 (full 9):
 PSYoungGen      total 1320384K, used 58287K [0x00000007aacb0000, 0x0000000800000000, 0x0000000800000000)
  eden space 1247936K, 0% used [0x00000007aacb0000,0x00000007aacb0000,0x00000007f6f60000)
  from space 72448K, 80% used [0x00000007f6f60000,0x00000007fa84bf10,0x00000007fb620000)
  to   space 73600K, 0% used [0x00000007fb820000,0x00000007fb820000,0x0000000800000000)
 ParOldGen       total 435648K, used 285159K [0x0000000700600000, 0x000000071af70000, 0x00000007aacb0000)
  object space 435648K, 65% used [0x0000000700600000,0x0000000711c79fe8,0x000000071af70000)
 PSPermGen       total 28800K, used 18241K [0x00000006fb400000, 0x00000006fd020000, 0x0000000700600000)
  object space 28800K, 63% used [0x00000006fb400000,0x00000006fc5d0508,0x00000006fd020000)
}
Event: 85.133 GC heap before
{Heap before GC invocations=43 (full 9):
 PSYoungGen      total 1320384K, used 1306223K [0x00000007aacb0000, 0x0000000800000000, 0x0000000800000000)
  eden space 1247936K, 100% used [0x00000007aacb0000,0x00000007f6f60000,0x00000007f6f60000)
  from space 72448K, 80% used [0x00000007f6f60000,0x00000007fa84bf10,0x00000007fb620000)
  to   space 73600K, 0% used [0x00000007fb820000,0x00000007fb820000,0x0000000800000000)
 ParOldGen       total 435648K, used 313705K [0x0000000700600000, 0x000000071af70000, 0x00000007aacb0000)
  object space 435648K, 72% used [0x0000000700600000,0x000000071385a640,0x000000071af70000)
 PSPermGen       total 28800K, used 18242K [0x00000006fb400000, 0x00000006fd020000, 0x0000000700600000)
  object space 28800K, 63% used [0x00000006fb400000,0x00000006fc5d0a10,0x00000006fd020000)
Event: 85.139 GC heap after
Heap after GC invocations=43 (full 9):
 PSYoungGen      total 1320896K, used 47095K [0x00000007aacb0000, 0x00000007ffd60000, 0x0000000800000000)
  eden space 1249984K, 0% used [0x00000007aacb0000,0x00000007aacb0000,0x00000007f7160000)
  from space 70912K, 66% used [0x00000007fb820000,0x00000007fe61dfa0,0x00000007ffd60000)
  to   space 71680K, 0% used [0x00000007f7160000,0x00000007f7160000,0x00000007fb760000)
 ParOldGen       total 435648K, used 313761K [0x0000000700600000, 0x000000071af70000, 0x00000007aacb0000)
  object space 435648K, 72% used [0x0000000700600000,0x0000000713868650,0x000000071af70000)
 PSPermGen       total 28800K, used 18242K [0x00000006fb400000, 0x00000006fd020000, 0x0000000700600000)
  object space 28800K, 63% used [0x00000006fb400000,0x00000006fc5d0a10,0x00000006fd020000)
}
Event: 87.951 GC heap before
{Heap before GC invocations=44 (full 9):
 PSYoungGen      total 1320896K, used 1294326K [0x00000007aacb0000, 0x00000007ffd60000, 0x0000000800000000)
  eden space 1249984K, 99% used [0x00000007aacb0000,0x00000007f6eaf910,0x00000007f7160000)
  from space 70912K, 66% used [0x00000007fb820000,0x00000007fe61dfa0,0x00000007ffd60000)
  to   space 71680K, 0% used [0x00000007f7160000,0x00000007f7160000,0x00000007fb760000)
 ParOldGen       total 435648K, used 319836K [0x0000000700600000, 0x000000071af70000, 0x00000007aacb0000)
  object space 435648K, 73% used [0x0000000700600000,0x0000000713e57260,0x000000071af70000)
 PSPermGen       total 28800K, used 18243K [0x00000006fb400000, 0x00000006fd020000, 0x0000000700600000)
  object space 28800K, 63% used [0x00000006fb400000,0x00000006fc5d0c00,0x00000006fd020000)
Event: 87.960 GC heap after
Heap after GC invocations=44 (full 9):
 PSYoungGen      total 1317824K, used 67810K [0x00000007aacb0000, 0x0000000800000000, 0x0000000800000000)
  eden space 1249984K, 0% used [0x00000007aacb0000,0x00000007aacb0000,0x00000007f7160000)
  from space 67840K, 99% used [0x00000007f7160000,0x00000007fb398860,0x00000007fb3a0000)
  to   space 76224K, 0% used [0x00000007fb590000,0x00000007fb590000,0x0000000800000000)
 ParOldGen       total 435648K, used 319916K [0x0000000700600000, 0x000000071af70000, 0x00000007aacb0000)
  object space 435648K, 73% used [0x0000000700600000,0x0000000713e6b280,0x000000071af70000)
 PSPermGen       total 28800K, used 18243K [0x00000006fb400000, 0x00000006fd020000, 0x0000000700600000)
  object space 28800K, 63% used [0x00000006fb400000,0x00000006fc5d0c00,0x00000006fd020000)
}

