# JRE version: 7.0_07-b11
# Java VM: Java HotSpot(TM) 64-Bit Server VM (23.3-b01 mixed mode windows-amd64 compressed oops)
Heap
 PSYoungGen      total 336832K, used 317052K [0x00000007aacb0000, 0x00000007cb1c0000, 0x0000000800000000)
  eden space 280896K, 100% used [0x00000007aacb0000,0x00000007bbf00000,0x00000007bbf00000)
  from space 55936K, 64% used [0x00000007bbf00000,0x00000007be24f000,0x00000007bf5a0000)
  to   space 56896K, 0% used [0x00000007c7a30000,0x00000007c7a30000,0x00000007cb1c0000)
 ParOldGen       total 368256K, used 366702K [0x0000000700600000, 0x0000000716da0000, 0x00000007aacb0000)
  object space 368256K, 99% used [0x0000000700600000,0x0000000716c1b8e0,0x0000000716da0000)
 PSPermGen       total 36288K, used 18048K [0x00000006fb400000, 0x00000006fd770000, 0x0000000700600000)
  object space 36288K, 49% used [0x00000006fb400000,0x00000006fc5a0290,0x00000006fd770000)
GC Heap History (10 events):
Event: 7.378 GC heap before
{Heap before GC invocations=8 (full 1):
 PSYoungGen      total 151040K, used 121502K [0x00000007aacb0000, 0x00000007b65e0000, 0x0000000800000000)
  eden space 111680K, 98% used [0x00000007aacb0000,0x00000007b18a6328,0x00000007b19c0000)
  from space 39360K, 27% used [0x00000007b3ea0000,0x00000007b49517a0,0x00000007b6510000)
  to   space 37760K, 0% used [0x00000007b19c0000,0x00000007b19c0000,0x00000007b3ea0000)
 ParOldGen       total 133312K, used 32237K [0x0000000700600000, 0x0000000708830000, 0x00000007aacb0000)
  object space 133312K, 24% used [0x0000000700600000,0x000000070257b6b8,0x0000000708830000)
 PSPermGen       total 36288K, used 18007K [0x00000006fb400000, 0x00000006fd770000, 0x0000000700600000)
  object space 36288K, 49% used [0x00000006fb400000,0x00000006fc595e60,0x00000006fd770000)
Event: 7.388 GC heap after
Heap after GC invocations=8 (full 1):
 PSYoungGen      total 149440K, used 34586K [0x00000007aacb0000, 0x00000007bc4b0000, 0x0000000800000000)
  eden space 111680K, 0% used [0x00000007aacb0000,0x00000007aacb0000,0x00000007b19c0000)
  from space 37760K, 91% used [0x00000007b19c0000,0x00000007b3b86a50,0x00000007b3ea0000)
  to   space 43648K, 0% used [0x00000007b9a10000,0x00000007b9a10000,0x00000007bc4b0000)
 ParOldGen       total 133312K, used 45147K [0x0000000700600000, 0x0000000708830000, 0x00000007aacb0000)
  object space 133312K, 33% used [0x0000000700600000,0x0000000703216c68,0x0000000708830000)
 PSPermGen       total 36288K, used 18007K [0x00000006fb400000, 0x00000006fd770000, 0x0000000700600000)
  object space 36288K, 49% used [0x00000006fb400000,0x00000006fc595e60,0x00000006fd770000)
}
Event: 7.784 GC heap before
{Heap before GC invocations=9 (full 1):
 PSYoungGen      total 149440K, used 143640K [0x00000007aacb0000, 0x00000007bc4b0000, 0x0000000800000000)
  eden space 111680K, 97% used [0x00000007aacb0000,0x00000007b172f870,0x00000007b19c0000)
  from space 37760K, 91% used [0x00000007b19c0000,0x00000007b3b86a50,0x00000007b3ea0000)
  to   space 43648K, 0% used [0x00000007b9a10000,0x00000007b9a10000,0x00000007bc4b0000)
 ParOldGen       total 133312K, used 45147K [0x0000000700600000, 0x0000000708830000, 0x00000007aacb0000)
  object space 133312K, 33% used [0x0000000700600000,0x0000000703216c68,0x0000000708830000)
 PSPermGen       total 36288K, used 18026K [0x00000006fb400000, 0x00000006fd770000, 0x0000000700600000)
  object space 36288K, 49% used [0x00000006fb400000,0x00000006fc59abe8,0x00000006fd770000)
Event: 7.796 GC heap after
Heap after GC invocations=9 (full 1):
 PSYoungGen      total 236032K, used 42249K [0x00000007aacb0000, 0x00000007bd460000, 0x0000000800000000)
  eden space 192384K, 0% used [0x00000007aacb0000,0x00000007aacb0000,0x00000007b6890000)
  from space 43648K, 96% used [0x00000007b9a10000,0x00000007bc352540,0x00000007bc4b0000)
  to   space 50688K, 0% used [0x00000007b6890000,0x00000007b6890000,0x00000007b9a10000)
 ParOldGen       total 133312K, used 51222K [0x0000000700600000, 0x0000000708830000, 0x00000007aacb0000)
  object space 133312K, 38% used [0x0000000700600000,0x0000000703805878,0x0000000708830000)
 PSPermGen       total 36288K, used 18026K [0x00000006fb400000, 0x00000006fd770000, 0x0000000700600000)
  object space 36288K, 49% used [0x00000006fb400000,0x00000006fc59abe8,0x00000006fd770000)
}
Event: 8.268 GC heap before
{Heap before GC invocations=10 (full 1):
 PSYoungGen      total 236032K, used 232408K [0x00000007aacb0000, 0x00000007bd460000, 0x0000000800000000)
  eden space 192384K, 98% used [0x00000007aacb0000,0x00000007b6663b68,0x00000007b6890000)
  from space 43648K, 96% used [0x00000007b9a10000,0x00000007bc352540,0x00000007bc4b0000)
  to   space 50688K, 0% used [0x00000007b6890000,0x00000007b6890000,0x00000007b9a10000)
 ParOldGen       total 133312K, used 51222K [0x0000000700600000, 0x0000000708830000, 0x00000007aacb0000)
  object space 133312K, 38% used [0x0000000700600000,0x0000000703805878,0x0000000708830000)
 PSPermGen       total 36288K, used 18029K [0x00000006fb400000, 0x00000006fd770000, 0x0000000700600000)
  object space 36288K, 49% used [0x00000006fb400000,0x00000006fc59b598,0x00000006fd770000)
Event: 8.277 GC heap after
Heap after GC invocations=10 (full 1):
 PSYoungGen      total 243072K, used 34022K [0x00000007aacb0000, 0x00000007c28c0000, 0x0000000800000000)
  eden space 192384K, 0% used [0x00000007aacb0000,0x00000007aacb0000,0x00000007b6890000)
  from space 50688K, 67% used [0x00000007b6890000,0x00000007b89c9b20,0x00000007b9a10000)
  to   space 52352K, 0% used [0x00000007bf5a0000,0x00000007bf5a0000,0x00000007c28c0000)
 ParOldGen       total 133312K, used 51254K [0x0000000700600000, 0x0000000708830000, 0x00000007aacb0000)
  object space 133312K, 38% used [0x0000000700600000,0x000000070380d878,0x0000000708830000)
 PSPermGen       total 36288K, used 18029K [0x00000006fb400000, 0x00000006fd770000, 0x0000000700600000)
  object space 36288K, 49% used [0x00000006fb400000,0x00000006fc59b598,0x00000006fd770000)
}
Event: 8.632 GC heap before
{Heap before GC invocations=11 (full 1):
 PSYoungGen      total 243072K, used 225895K [0x00000007aacb0000, 0x00000007c28c0000, 0x0000000800000000)
  eden space 192384K, 99% used [0x00000007aacb0000,0x00000007b68103c8,0x00000007b6890000)
  from space 50688K, 67% used [0x00000007b6890000,0x00000007b89c9b20,0x00000007b9a10000)
  to   space 52352K, 0% used [0x00000007bf5a0000,0x00000007bf5a0000,0x00000007c28c0000)
 ParOldGen       total 133312K, used 51254K [0x0000000700600000, 0x0000000708830000, 0x00000007aacb0000)
  object space 133312K, 38% used [0x0000000700600000,0x000000070380d878,0x0000000708830000)
 PSPermGen       total 36288K, used 18030K [0x00000006fb400000, 0x00000006fd770000, 0x0000000700600000)
  object space 36288K, 49% used [0x00000006fb400000,0x00000006fc59bb98,0x00000006fd770000)
Event: 8.643 GC heap after
Heap after GC invocations=11 (full 1):
 PSYoungGen      total 333248K, used 41083K [0x00000007aacb0000, 0x00000007c3180000, 0x0000000800000000)
  eden space 280896K, 0% used [0x00000007aacb0000,0x00000007aacb0000,0x00000007bbf00000)
  from space 52352K, 78% used [0x00000007bf5a0000,0x00000007c1dbedd0,0x00000007c28c0000)
  to   space 55936K, 0% used [0x00000007bbf00000,0x00000007bbf00000,0x00000007bf5a0000)
 ParOldGen       total 133312K, used 67855K [0x0000000700600000, 0x0000000708830000, 0x00000007aacb0000)
  object space 133312K, 50% used [0x0000000700600000,0x0000000704843c68,0x0000000708830000)
 PSPermGen       total 36288K, used 18030K [0x00000006fb400000, 0x00000006fd770000, 0x0000000700600000)
  object space 36288K, 49% used [0x00000006fb400000,0x00000006fc59bb98,0x00000006fd770000)
}
Event: 9.200 GC heap before
{Heap before GC invocations=12 (full 1):
 PSYoungGen      total 333248K, used 321497K [0x00000007aacb0000, 0x00000007c3180000, 0x0000000800000000)
  eden space 280896K, 99% used [0x00000007aacb0000,0x00000007bbe87948,0x00000007bbf00000)
  from space 52352K, 78% used [0x00000007bf5a0000,0x00000007c1dbedd0,0x00000007c28c0000)
  to   space 55936K, 0% used [0x00000007bbf00000,0x00000007bbf00000,0x00000007bf5a0000)
 ParOldGen       total 133312K, used 73930K [0x0000000700600000, 0x0000000708830000, 0x00000007aacb0000)
  object space 133312K, 55% used [0x0000000700600000,0x0000000704e32878,0x0000000708830000)
 PSPermGen       total 36288K, used 18037K [0x00000006fb400000, 0x00000006fd770000, 0x0000000700600000)
  object space 36288K, 49% used [0x00000006fb400000,0x00000006fc59d6f8,0x00000006fd770000)
Event: 9.209 GC heap after
Heap after GC invocations=12 (full 1):
 PSYoungGen      total 336832K, used 36156K [0x00000007aacb0000, 0x00000007cb1c0000, 0x0000000800000000)
  eden space 280896K, 0% used [0x00000007aacb0000,0x00000007aacb0000,0x00000007bbf00000)
  from space 55936K, 64% used [0x00000007bbf00000,0x00000007be24f000,0x00000007bf5a0000)
  to   space 56896K, 0% used [0x00000007c7a30000,0x00000007c7a30000,0x00000007cb1c0000)
 ParOldGen       total 133312K, used 73962K [0x0000000700600000, 0x0000000708830000, 0x00000007aacb0000)
  object space 133312K, 55% used [0x0000000700600000,0x0000000704e3a878,0x0000000708830000)
 PSPermGen       total 36288K, used 18037K [0x00000006fb400000, 0x00000006fd770000, 0x0000000700600000)
  object space 36288K, 49% used [0x00000006fb400000,0x00000006fc59d6f8,0x00000006fd770000)
}

