# JRE version: 7.0_07-b11
# Java VM: Java HotSpot(TM) 64-Bit Server VM (23.3-b01 mixed mode windows-amd64 compressed oops)
Heap
 PSYoungGen      total 114752K, used 112233K [0x00000007aacb0000, 0x00000007b3d60000, 0x0000000800000000)
  eden space 108416K, 97% used [0x00000007aacb0000,0x00000007b1423a60,0x00000007b1690000)
  from space 6336K, 99% used [0x00000007b3730000,0x00000007b3d56c10,0x00000007b3d60000)
  to   space 10880K, 0% used [0x00000007b2820000,0x00000007b2820000,0x00000007b32c0000)
 ParOldGen       total 216896K, used 216549K [0x0000000700600000, 0x000000070d9d0000, 0x00000007aacb0000)
  object space 216896K, 99% used [0x0000000700600000,0x000000070d979608,0x000000070d9d0000)
 PSPermGen       total 35648K, used 17704K [0x00000006fb400000, 0x00000006fd6d0000, 0x0000000700600000)
  object space 35648K, 49% used [0x00000006fb400000,0x00000006fc54a258,0x00000006fd6d0000)
GC Heap History (10 events):
Event: 4.216 GC heap before
{Heap before GC invocations=1 (full 0):
 PSYoungGen      total 76352K, used 65472K [0x00000007aacb0000, 0x00000007b01e0000, 0x0000000800000000)
  eden space 65472K, 100% used [0x00000007aacb0000,0x00000007aeca0000,0x00000007aeca0000)
  from space 10880K, 0% used [0x00000007af740000,0x00000007af740000,0x00000007b01e0000)
  to   space 10880K, 0% used [0x00000007aeca0000,0x00000007aeca0000,0x00000007af740000)
 ParOldGen       total 174528K, used 0K [0x0000000700600000, 0x000000070b070000, 0x00000007aacb0000)
  object space 174528K, 0% used [0x0000000700600000,0x0000000700600000,0x000000070b070000)
 PSPermGen       total 21248K, used 17522K [0x00000006fb400000, 0x00000006fc8c0000, 0x0000000700600000)
  object space 21248K, 82% used [0x00000006fb400000,0x00000006fc51c8f8,0x00000006fc8c0000)
Event: 4.226 GC heap after
Heap after GC invocations=1 (full 0):
 PSYoungGen      total 76352K, used 10855K [0x00000007aacb0000, 0x00000007b01e0000, 0x0000000800000000)
  eden space 65472K, 0% used [0x00000007aacb0000,0x00000007aacb0000,0x00000007aeca0000)
  from space 10880K, 99% used [0x00000007aeca0000,0x00000007af739fa8,0x00000007af740000)
  to   space 10880K, 0% used [0x00000007af740000,0x00000007af740000,0x00000007b01e0000)
 ParOldGen       total 174528K, used 685K [0x0000000700600000, 0x000000070b070000, 0x00000007aacb0000)
  object space 174528K, 0% used [0x0000000700600000,0x00000007006ab648,0x000000070b070000)
 PSPermGen       total 21248K, used 17522K [0x00000006fb400000, 0x00000006fc8c0000, 0x0000000700600000)
  object space 21248K, 82% used [0x00000006fb400000,0x00000006fc51c8f8,0x00000006fc8c0000)
}
Event: 4.923 GC heap before
{Heap before GC invocations=2 (full 0):
 PSYoungGen      total 76352K, used 73547K [0x00000007aacb0000, 0x00000007b01e0000, 0x0000000800000000)
  eden space 65472K, 95% used [0x00000007aacb0000,0x00000007ae9e8ee0,0x00000007aeca0000)
  from space 10880K, 99% used [0x00000007aeca0000,0x00000007af739fa8,0x00000007af740000)
  to   space 10880K, 0% used [0x00000007af740000,0x00000007af740000,0x00000007b01e0000)
 ParOldGen       total 174528K, used 685K [0x0000000700600000, 0x000000070b070000, 0x00000007aacb0000)
  object space 174528K, 0% used [0x0000000700600000,0x00000007006ab648,0x000000070b070000)
 PSPermGen       total 21248K, used 17588K [0x00000006fb400000, 0x00000006fc8c0000, 0x0000000700600000)
  object space 21248K, 82% used [0x00000006fb400000,0x00000006fc52d030,0x00000006fc8c0000)
Event: 4.933 GC heap after
Heap after GC invocations=2 (full 0):
 PSYoungGen      total 76352K, used 10868K [0x00000007aacb0000, 0x00000007b01e0000, 0x0000000800000000)
  eden space 65472K, 0% used [0x00000007aacb0000,0x00000007aacb0000,0x00000007aeca0000)
  from space 10880K, 99% used [0x00000007af740000,0x00000007b01dd330,0x00000007b01e0000)
  to   space 10880K, 0% used [0x00000007aeca0000,0x00000007aeca0000,0x00000007af740000)
 ParOldGen       total 174528K, used 22223K [0x0000000700600000, 0x000000070b070000, 0x00000007aacb0000)
  object space 174528K, 12% used [0x0000000700600000,0x0000000701bb3fb8,0x000000070b070000)
 PSPermGen       total 21248K, used 17588K [0x00000006fb400000, 0x00000006fc8c0000, 0x0000000700600000)
  object space 21248K, 82% used [0x00000006fb400000,0x00000006fc52d030,0x00000006fc8c0000)
}
Event: 5.273 GC heap before
{Heap before GC invocations=3 (full 0):
 PSYoungGen      total 76352K, used 74043K [0x00000007aacb0000, 0x00000007b01e0000, 0x0000000800000000)
  eden space 65472K, 96% used [0x00000007aacb0000,0x00000007aea61a68,0x00000007aeca0000)
  from space 10880K, 99% used [0x00000007af740000,0x00000007b01dd330,0x00000007b01e0000)
  to   space 10880K, 0% used [0x00000007aeca0000,0x00000007aeca0000,0x00000007af740000)
 ParOldGen       total 174528K, used 28298K [0x0000000700600000, 0x000000070b070000, 0x00000007aacb0000)
  object space 174528K, 16% used [0x0000000700600000,0x00000007021a2bc8,0x000000070b070000)
 PSPermGen       total 21248K, used 17634K [0x00000006fb400000, 0x00000006fc8c0000, 0x0000000700600000)
  object space 21248K, 82% used [0x00000006fb400000,0x00000006fc5389a0,0x00000006fc8c0000)
Event: 5.280 GC heap after
Heap after GC invocations=3 (full 0):
 PSYoungGen      total 76352K, used 10868K [0x00000007aacb0000, 0x00000007b41d0000, 0x0000000800000000)
  eden space 65472K, 0% used [0x00000007aacb0000,0x00000007aacb0000,0x00000007aeca0000)
  from space 10880K, 99% used [0x00000007aeca0000,0x00000007af73d330,0x00000007af740000)
  to   space 10880K, 0% used [0x00000007b3730000,0x00000007b3730000,0x00000007b41d0000)
 ParOldGen       total 174528K, used 28330K [0x0000000700600000, 0x000000070b070000, 0x00000007aacb0000)
  object space 174528K, 16% used [0x0000000700600000,0x00000007021aabc8,0x000000070b070000)
 PSPermGen       total 21248K, used 17634K [0x00000006fb400000, 0x00000006fc8c0000, 0x0000000700600000)
  object space 21248K, 82% used [0x00000006fb400000,0x00000006fc5389a0,0x00000006fc8c0000)
}
Event: 7.724 GC heap before
{Heap before GC invocations=4 (full 1):
 PSYoungGen      total 76352K, used 73501K [0x00000007aacb0000, 0x00000007b41d0000, 0x0000000800000000)
  eden space 65472K, 95% used [0x00000007aacb0000,0x00000007ae9da360,0x00000007aeca0000)
  from space 10880K, 99% used [0x00000007aeca0000,0x00000007af73d330,0x00000007af740000)
  to   space 10880K, 0% used [0x00000007b3730000,0x00000007b3730000,0x00000007b41d0000)
 ParOldGen       total 411648K, used 411056K [0x0000000700600000, 0x0000000719800000, 0x00000007aacb0000)
  object space 411648K, 99% used [0x0000000700600000,0x000000071976c3b8,0x0000000719800000)
 PSPermGen       total 21248K, used 17683K [0x00000006fb400000, 0x00000006fc8c0000, 0x0000000700600000)
  object space 21248K, 83% used [0x00000006fb400000,0x00000006fc544ca8,0x00000006fc8c0000)
Event: 7.784 GC heap after
Heap after GC invocations=4 (full 1):
 PSYoungGen      total 76352K, used 0K [0x00000007aacb0000, 0x00000007b41d0000, 0x0000000800000000)
  eden space 65472K, 0% used [0x00000007aacb0000,0x00000007aacb0000,0x00000007aeca0000)
  from space 10880K, 0% used [0x00000007aeca0000,0x00000007aeca0000,0x00000007af740000)
  to   space 10880K, 0% used [0x00000007b3730000,0x00000007b3730000,0x00000007b41d0000)
 ParOldGen       total 125696K, used 16073K [0x0000000700600000, 0x00000007080c0000, 0x00000007aacb0000)
  object space 125696K, 12% used [0x0000000700600000,0x00000007015b27f8,0x00000007080c0000)
 PSPermGen       total 35648K, used 17676K [0x00000006fb400000, 0x00000006fd6d0000, 0x0000000700600000)
  object space 35648K, 49% used [0x00000006fb400000,0x00000006fc5432f0,0x00000006fd6d0000)
}
Event: 8.139 GC heap before
{Heap before GC invocations=5 (full 1):
 PSYoungGen      total 76352K, used 61420K [0x00000007aacb0000, 0x00000007b41d0000, 0x0000000800000000)
  eden space 65472K, 93% used [0x00000007aacb0000,0x00000007ae8ab1b8,0x00000007aeca0000)
  from space 10880K, 0% used [0x00000007aeca0000,0x00000007aeca0000,0x00000007af740000)
  to   space 10880K, 0% used [0x00000007b3730000,0x00000007b3730000,0x00000007b41d0000)
 ParOldGen       total 125696K, used 22149K [0x0000000700600000, 0x00000007080c0000, 0x00000007aacb0000)
  object space 125696K, 17% used [0x0000000700600000,0x0000000701ba1408,0x00000007080c0000)
 PSPermGen       total 35648K, used 17676K [0x00000006fb400000, 0x00000006fd6d0000, 0x0000000700600000)
  object space 35648K, 49% used [0x00000006fb400000,0x00000006fc5432f0,0x00000006fd6d0000)
Event: 8.144 GC heap after
Heap after GC invocations=5 (full 1):
 PSYoungGen      total 114752K, used 6299K [0x00000007aacb0000, 0x00000007b3d60000, 0x0000000800000000)
  eden space 108416K, 0% used [0x00000007aacb0000,0x00000007aacb0000,0x00000007b1690000)
  from space 6336K, 99% used [0x00000007b3730000,0x00000007b3d56c10,0x00000007b3d60000)
  to   space 10880K, 0% used [0x00000007b2820000,0x00000007b2820000,0x00000007b32c0000)
 ParOldGen       total 125696K, used 52524K [0x0000000700600000, 0x00000007080c0000, 0x00000007aacb0000)
  object space 125696K, 41% used [0x0000000700600000,0x000000070394b058,0x00000007080c0000)
 PSPermGen       total 35648K, used 17676K [0x00000006fb400000, 0x00000006fd6d0000, 0x0000000700600000)
  object space 35648K, 49% used [0x00000006fb400000,0x00000006fc5432f0,0x00000006fd6d0000)
}

