# JRE version: 7.0_07-b11
# Java VM: Java HotSpot(TM) 64-Bit Server VM (23.3-b01 mixed mode windows-amd64 compressed oops)
Heap
 PSYoungGen      total 96768K, used 76070K [0x00000007aacb0000, 0x00000007b4350000, 0x0000000800000000)
  eden space 57344K, 74% used [0x00000007aacb0000,0x00000007ad6512b8,0x00000007ae4b0000)
  from space 39424K, 84% used [0x00000007b1190000,0x00000007b3238660,0x00000007b3810000)
  to   space 45952K, 0% used [0x00000007ae4b0000,0x00000007ae4b0000,0x00000007b1190000)
 ParOldGen       total 174528K, used 47184K [0x0000000700600000, 0x000000070b070000, 0x00000007aacb0000)
  object space 174528K, 27% used [0x0000000700600000,0x0000000703414290,0x000000070b070000)
 PSPermGen       total 21248K, used 17913K [0x00000006fb400000, 0x00000006fc8c0000, 0x0000000700600000)
  object space 21248K, 84% used [0x00000006fb400000,0x00000006fc57e618,0x00000006fc8c0000)
GC Heap History (10 events):
Event: 5.618 GC heap before
{Heap before GC invocations=2 (full 0):
 PSYoungGen      total 76352K, used 71819K [0x00000007aacb0000, 0x00000007b01e0000, 0x0000000800000000)
  eden space 65472K, 95% used [0x00000007aacb0000,0x00000007ae96dfe8,0x00000007aeca0000)
  from space 10880K, 88% used [0x00000007aeca0000,0x00000007af604e98,0x00000007af740000)
  to   space 10880K, 0% used [0x00000007af740000,0x00000007af740000,0x00000007b01e0000)
 ParOldGen       total 174528K, used 8K [0x0000000700600000, 0x000000070b070000, 0x00000007aacb0000)
  object space 174528K, 0% used [0x0000000700600000,0x0000000700602000,0x000000070b070000)
 PSPermGen       total 21248K, used 17863K [0x00000006fb400000, 0x00000006fc8c0000, 0x0000000700600000)
  object space 21248K, 84% used [0x00000006fb400000,0x00000006fc571d40,0x00000006fc8c0000)
Event: 5.632 GC heap after
Heap after GC invocations=2 (full 0):
 PSYoungGen      total 76352K, used 10875K [0x00000007aacb0000, 0x00000007b01e0000, 0x0000000800000000)
  eden space 65472K, 0% used [0x00000007aacb0000,0x00000007aacb0000,0x00000007aeca0000)
  from space 10880K, 99% used [0x00000007af740000,0x00000007b01dec40,0x00000007b01e0000)
  to   space 10880K, 0% used [0x00000007aeca0000,0x00000007aeca0000,0x00000007af740000)
 ParOldGen       total 174528K, used 28959K [0x0000000700600000, 0x000000070b070000, 0x00000007aacb0000)
  object space 174528K, 16% used [0x0000000700600000,0x0000000702247e60,0x000000070b070000)
 PSPermGen       total 21248K, used 17863K [0x00000006fb400000, 0x00000006fc8c0000, 0x0000000700600000)
  object space 21248K, 84% used [0x00000006fb400000,0x00000006fc571d40,0x00000006fc8c0000)
}
Event: 6.529 GC heap before
{Heap before GC invocations=3 (full 0):
 PSYoungGen      total 76352K, used 73714K [0x00000007aacb0000, 0x00000007b01e0000, 0x0000000800000000)
  eden space 65472K, 95% used [0x00000007aacb0000,0x00000007aea0dc78,0x00000007aeca0000)
  from space 10880K, 99% used [0x00000007af740000,0x00000007b01dec40,0x00000007b01e0000)
  to   space 10880K, 0% used [0x00000007aeca0000,0x00000007aeca0000,0x00000007af740000)
 ParOldGen       total 174528K, used 28959K [0x0000000700600000, 0x000000070b070000, 0x00000007aacb0000)
  object space 174528K, 16% used [0x0000000700600000,0x0000000702247e60,0x000000070b070000)
 PSPermGen       total 21248K, used 17877K [0x00000006fb400000, 0x00000006fc8c0000, 0x0000000700600000)
  object space 21248K, 84% used [0x00000006fb400000,0x00000006fc5754f8,0x00000006fc8c0000)
Event: 6.534 GC heap after
Heap after GC invocations=3 (full 0):
 PSYoungGen      total 76352K, used 8430K [0x00000007aacb0000, 0x00000007b01e0000, 0x0000000800000000)
  eden space 65472K, 0% used [0x00000007aacb0000,0x00000007aacb0000,0x00000007aeca0000)
  from space 10880K, 77% used [0x00000007aeca0000,0x00000007af4db880,0x00000007af740000)
  to   space 10880K, 0% used [0x00000007af740000,0x00000007af740000,0x00000007b01e0000)
 ParOldGen       total 174528K, used 28959K [0x0000000700600000, 0x000000070b070000, 0x00000007aacb0000)
  object space 174528K, 16% used [0x0000000700600000,0x0000000702247e60,0x000000070b070000)
 PSPermGen       total 21248K, used 17877K [0x00000006fb400000, 0x00000006fc8c0000, 0x0000000700600000)
  object space 21248K, 84% used [0x00000006fb400000,0x00000006fc5754f8,0x00000006fc8c0000)
}
Event: 7.337 GC heap before
{Heap before GC invocations=4 (full 0):
 PSYoungGen      total 76352K, used 72616K [0x00000007aacb0000, 0x00000007b01e0000, 0x0000000800000000)
  eden space 65472K, 98% used [0x00000007aacb0000,0x00000007aeb5e8c0,0x00000007aeca0000)
  from space 10880K, 77% used [0x00000007aeca0000,0x00000007af4db880,0x00000007af740000)
  to   space 10880K, 0% used [0x00000007af740000,0x00000007af740000,0x00000007b01e0000)
 ParOldGen       total 174528K, used 28959K [0x0000000700600000, 0x000000070b070000, 0x00000007aacb0000)
  object space 174528K, 16% used [0x0000000700600000,0x0000000702247e60,0x000000070b070000)
 PSPermGen       total 21248K, used 17880K [0x00000006fb400000, 0x00000006fc8c0000, 0x0000000700600000)
  object space 21248K, 84% used [0x00000006fb400000,0x00000006fc576260,0x00000006fc8c0000)
Event: 7.345 GC heap after
Heap after GC invocations=4 (full 0):
 PSYoungGen      total 76352K, used 8432K [0x00000007aacb0000, 0x00000007b01e0000, 0x0000000800000000)
  eden space 65472K, 0% used [0x00000007aacb0000,0x00000007aacb0000,0x00000007aeca0000)
  from space 10880K, 77% used [0x00000007af740000,0x00000007aff7c080,0x00000007b01e0000)
  to   space 10880K, 0% used [0x00000007aeca0000,0x00000007aeca0000,0x00000007af740000)
 ParOldGen       total 174528K, used 47184K [0x0000000700600000, 0x000000070b070000, 0x00000007aacb0000)
  object space 174528K, 27% used [0x0000000700600000,0x0000000703414290,0x000000070b070000)
 PSPermGen       total 21248K, used 17880K [0x00000006fb400000, 0x00000006fc8c0000, 0x0000000700600000)
  object space 21248K, 84% used [0x00000006fb400000,0x00000006fc576260,0x00000006fc8c0000)
}
Event: 8.245 GC heap before
{Heap before GC invocations=5 (full 0):
 PSYoungGen      total 76352K, used 69373K [0x00000007aacb0000, 0x00000007b01e0000, 0x0000000800000000)
  eden space 65472K, 93% used [0x00000007aacb0000,0x00000007ae833650,0x00000007aeca0000)
  from space 10880K, 77% used [0x00000007af740000,0x00000007aff7c080,0x00000007b01e0000)
  to   space 10880K, 0% used [0x00000007aeca0000,0x00000007aeca0000,0x00000007af740000)
 ParOldGen       total 174528K, used 47184K [0x0000000700600000, 0x000000070b070000, 0x00000007aacb0000)
  object space 174528K, 27% used [0x0000000700600000,0x0000000703414290,0x000000070b070000)
 PSPermGen       total 21248K, used 17881K [0x00000006fb400000, 0x00000006fc8c0000, 0x0000000700600000)
  object space 21248K, 84% used [0x00000006fb400000,0x00000006fc576758,0x00000006fc8c0000)
Event: 8.250 GC heap after
Heap after GC invocations=5 (full 0):
 PSYoungGen      total 74752K, used 8400K [0x00000007aacb0000, 0x00000007b3810000, 0x0000000800000000)
  eden space 63872K, 0% used [0x00000007aacb0000,0x00000007aacb0000,0x00000007aeb10000)
  from space 10880K, 77% used [0x00000007aeca0000,0x00000007af4d4080,0x00000007af740000)
  to   space 39424K, 0% used [0x00000007b1190000,0x00000007b1190000,0x00000007b3810000)
 ParOldGen       total 174528K, used 47184K [0x0000000700600000, 0x000000070b070000, 0x00000007aacb0000)
  object space 174528K, 27% used [0x0000000700600000,0x0000000703414290,0x000000070b070000)
 PSPermGen       total 21248K, used 17881K [0x00000006fb400000, 0x00000006fc8c0000, 0x0000000700600000)
  object space 21248K, 84% used [0x00000006fb400000,0x00000006fc576758,0x00000006fc8c0000)
}
Event: 9.050 GC heap before
{Heap before GC invocations=6 (full 0):
 PSYoungGen      total 74752K, used 71794K [0x00000007aacb0000, 0x00000007b3810000, 0x0000000800000000)
  eden space 63872K, 99% used [0x00000007aacb0000,0x00000007aea98a80,0x00000007aeb10000)
  from space 10880K, 77% used [0x00000007aeca0000,0x00000007af4d4080,0x00000007af740000)
  to   space 39424K, 0% used [0x00000007b1190000,0x00000007b1190000,0x00000007b3810000)
 ParOldGen       total 174528K, used 47184K [0x0000000700600000, 0x000000070b070000, 0x00000007aacb0000)
  object space 174528K, 27% used [0x0000000700600000,0x0000000703414290,0x000000070b070000)
 PSPermGen       total 21248K, used 17882K [0x00000006fb400000, 0x00000006fc8c0000, 0x0000000700600000)
  object space 21248K, 84% used [0x00000006fb400000,0x00000006fc576890,0x00000006fc8c0000)
Event: 9.061 GC heap after
Heap after GC invocations=6 (full 0):
 PSYoungGen      total 96768K, used 33441K [0x00000007aacb0000, 0x00000007b4350000, 0x0000000800000000)
  eden space 57344K, 0% used [0x00000007aacb0000,0x00000007aacb0000,0x00000007ae4b0000)
  from space 39424K, 84% used [0x00000007b1190000,0x00000007b3238660,0x00000007b3810000)
  to   space 45952K, 0% used [0x00000007ae4b0000,0x00000007ae4b0000,0x00000007b1190000)
 ParOldGen       total 174528K, used 47184K [0x0000000700600000, 0x000000070b070000, 0x00000007aacb0000)
  object space 174528K, 27% used [0x0000000700600000,0x0000000703414290,0x000000070b070000)
 PSPermGen       total 21248K, used 17882K [0x00000006fb400000, 0x00000006fc8c0000, 0x0000000700600000)
  object space 21248K, 84% used [0x00000006fb400000,0x00000006fc576890,0x00000006fc8c0000)
}

