# JRE version: 7.0_07-b11
# Java VM: Java HotSpot(TM) 64-Bit Server VM (23.3-b01 mixed mode windows-amd64 compressed oops)
Heap
 PSYoungGen      total 565504K, used 299318K [0x00000007aacb0000, 0x00000007d01f0000, 0x0000000800000000)
  eden space 522688K, 57% used [0x00000007aacb0000,0x00000007bd0fdba0,0x00000007cab20000)
  from space 42816K, 0% used [0x00000007cd600000,0x00000007cd600000,0x00000007cffd0000)
  to   space 43904K, 0% used [0x00000007cab20000,0x00000007cab20000,0x00000007cd600000)
 ParOldGen       total 138112K, used 24979K [0x0000000700600000, 0x0000000708ce0000, 0x00000007aacb0000)
  object space 138112K, 18% used [0x0000000700600000,0x0000000701e64ea0,0x0000000708ce0000)
 PSPermGen       total 36608K, used 18044K [0x00000006fb400000, 0x00000006fd7c0000, 0x0000000700600000)
  object space 36608K, 49% used [0x00000006fb400000,0x00000006fc59f178,0x00000006fd7c0000)
GC Heap History (10 events):
Event: 3.785 GC heap before
{Heap before GC invocations=5 (full 0):
 PSYoungGen      total 141824K, used 141587K [0x00000007aacb0000, 0x00000007b41d0000, 0x0000000800000000)
  eden space 130944K, 99% used [0x00000007aacb0000,0x00000007b2c59c90,0x00000007b2c90000)
  from space 10880K, 99% used [0x00000007b3730000,0x00000007b41cafe0,0x00000007b41d0000)
  to   space 10880K, 0% used [0x00000007b2c90000,0x00000007b2c90000,0x00000007b3730000)
 ParOldGen       total 174528K, used 50737K [0x0000000700600000, 0x000000070b070000, 0x00000007aacb0000)
  object space 174528K, 29% used [0x0000000700600000,0x000000070378c740,0x000000070b070000)
 PSPermGen       total 21248K, used 16808K [0x00000006fb400000, 0x00000006fc8c0000, 0x0000000700600000)
  object space 21248K, 79% used [0x00000006fb400000,0x00000006fc46a278,0x00000006fc8c0000)
Event: 3.799 GC heap after
Heap after GC invocations=5 (full 0):
 PSYoungGen      total 141824K, used 10856K [0x00000007aacb0000, 0x00000007bfb70000, 0x0000000800000000)
  eden space 130944K, 0% used [0x00000007aacb0000,0x00000007aacb0000,0x00000007b2c90000)
  from space 10880K, 99% used [0x00000007b2c90000,0x00000007b372a3d0,0x00000007b3730000)
  to   space 40448K, 0% used [0x00000007bd3f0000,0x00000007bd3f0000,0x00000007bfb70000)
 ParOldGen       total 174528K, used 87978K [0x0000000700600000, 0x000000070b070000, 0x00000007aacb0000)
  object space 174528K, 50% used [0x0000000700600000,0x0000000705bea808,0x000000070b070000)
 PSPermGen       total 21248K, used 16808K [0x00000006fb400000, 0x00000006fc8c0000, 0x0000000700600000)
  object space 21248K, 79% used [0x00000006fb400000,0x00000006fc46a278,0x00000006fc8c0000)
}
Event: 4.222 GC heap before
{Heap before GC invocations=6 (full 0):
 PSYoungGen      total 141824K, used 136012K [0x00000007aacb0000, 0x00000007bfb70000, 0x0000000800000000)
  eden space 130944K, 95% used [0x00000007aacb0000,0x00000007b26e8e20,0x00000007b2c90000)
  from space 10880K, 99% used [0x00000007b2c90000,0x00000007b372a3d0,0x00000007b3730000)
  to   space 40448K, 0% used [0x00000007bd3f0000,0x00000007bd3f0000,0x00000007bfb70000)
 ParOldGen       total 174528K, used 87978K [0x0000000700600000, 0x000000070b070000, 0x00000007aacb0000)
  object space 174528K, 50% used [0x0000000700600000,0x0000000705bea808,0x000000070b070000)
 PSPermGen       total 21248K, used 17760K [0x00000006fb400000, 0x00000006fc8c0000, 0x0000000700600000)
  object space 21248K, 83% used [0x00000006fb400000,0x00000006fc5583d8,0x00000006fc8c0000)
Event: 4.232 GC heap after
Heap after GC invocations=6 (full 0):
 PSYoungGen      total 301056K, used 30668K [0x00000007aacb0000, 0x00000007bfa30000, 0x0000000800000000)
  eden space 261888K, 0% used [0x00000007aacb0000,0x00000007aacb0000,0x00000007bac70000)
  from space 39168K, 78% used [0x00000007bd3f0000,0x00000007bf1e3380,0x00000007bfa30000)
  to   space 39808K, 0% used [0x00000007bac70000,0x00000007bac70000,0x00000007bd350000)
 ParOldGen       total 174528K, used 87986K [0x0000000700600000, 0x000000070b070000, 0x00000007aacb0000)
  object space 174528K, 50% used [0x0000000700600000,0x0000000705bec808,0x000000070b070000)
 PSPermGen       total 21248K, used 17760K [0x00000006fb400000, 0x00000006fc8c0000, 0x0000000700600000)
  object space 21248K, 83% used [0x00000006fb400000,0x00000006fc5583d8,0x00000006fc8c0000)
}
Event: 5.017 GC heap before
{Heap before GC invocations=7 (full 0):
 PSYoungGen      total 301056K, used 288099K [0x00000007aacb0000, 0x00000007bfa30000, 0x0000000800000000)
  eden space 261888K, 98% used [0x00000007aacb0000,0x00000007ba8159d8,0x00000007bac70000)
  from space 39168K, 78% used [0x00000007bd3f0000,0x00000007bf1e3380,0x00000007bfa30000)
  to   space 39808K, 0% used [0x00000007bac70000,0x00000007bac70000,0x00000007bd350000)
 ParOldGen       total 174528K, used 87986K [0x0000000700600000, 0x000000070b070000, 0x00000007aacb0000)
  object space 174528K, 50% used [0x0000000700600000,0x0000000705bec808,0x000000070b070000)
 PSPermGen       total 21248K, used 18023K [0x00000006fb400000, 0x00000006fc8c0000, 0x0000000700600000)
  object space 21248K, 84% used [0x00000006fb400000,0x00000006fc599e58,0x00000006fc8c0000)
Event: 5.030 GC heap after
Heap after GC invocations=7 (full 0):
 PSYoungGen      total 301696K, used 37872K [0x00000007aacb0000, 0x00000007cffd0000, 0x0000000800000000)
  eden space 261888K, 0% used [0x00000007aacb0000,0x00000007aacb0000,0x00000007bac70000)
  from space 39808K, 95% used [0x00000007bac70000,0x00000007bd16c200,0x00000007bd350000)
  to   space 42816K, 0% used [0x00000007cd600000,0x00000007cd600000,0x00000007cffd0000)
 ParOldGen       total 174528K, used 96070K [0x0000000700600000, 0x000000070b070000, 0x00000007aacb0000)
  object space 174528K, 55% used [0x0000000700600000,0x00000007063d1b60,0x000000070b070000)
 PSPermGen       total 21248K, used 18023K [0x00000006fb400000, 0x00000006fc8c0000, 0x0000000700600000)
  object space 21248K, 84% used [0x00000006fb400000,0x00000006fc599e58,0x00000006fc8c0000)
}
Event: 5.655 GC heap before
{Heap before GC invocations=8 (full 0):
 PSYoungGen      total 301696K, used 294250K [0x00000007aacb0000, 0x00000007cffd0000, 0x0000000800000000)
  eden space 261888K, 97% used [0x00000007aacb0000,0x00000007ba70e7c8,0x00000007bac70000)
  from space 39808K, 95% used [0x00000007bac70000,0x00000007bd16c200,0x00000007bd350000)
  to   space 42816K, 0% used [0x00000007cd600000,0x00000007cd600000,0x00000007cffd0000)
 ParOldGen       total 174528K, used 102145K [0x0000000700600000, 0x000000070b070000, 0x00000007aacb0000)
  object space 174528K, 58% used [0x0000000700600000,0x00000007069c0770,0x000000070b070000)
 PSPermGen       total 21248K, used 18025K [0x00000006fb400000, 0x00000006fc8c0000, 0x0000000700600000)
  object space 21248K, 84% used [0x00000006fb400000,0x00000006fc59a700,0x00000006fc8c0000)
Event: 5.669 GC heap after
Heap after GC invocations=8 (full 0):
 PSYoungGen      total 565504K, used 36054K [0x00000007aacb0000, 0x00000007d01f0000, 0x0000000800000000)
  eden space 522688K, 0% used [0x00000007aacb0000,0x00000007aacb0000,0x00000007cab20000)
  from space 42816K, 84% used [0x00000007cd600000,0x00000007cf935b40,0x00000007cffd0000)
  to   space 43904K, 0% used [0x00000007cab20000,0x00000007cab20000,0x00000007cd600000)
 ParOldGen       total 174528K, used 102645K [0x0000000700600000, 0x000000070b070000, 0x00000007aacb0000)
  object space 174528K, 58% used [0x0000000700600000,0x0000000706a3d780,0x000000070b070000)
 PSPermGen       total 21248K, used 18025K [0x00000006fb400000, 0x00000006fc8c0000, 0x0000000700600000)
  object space 21248K, 84% used [0x00000006fb400000,0x00000006fc59a700,0x00000006fc8c0000)
}
Event: 7.155 GC heap before
{Heap before GC invocations=9 (full 1):
 PSYoungGen      total 565504K, used 558742K [0x00000007aacb0000, 0x00000007d01f0000, 0x0000000800000000)
  eden space 522688K, 100% used [0x00000007aacb0000,0x00000007cab20000,0x00000007cab20000)
  from space 42816K, 84% used [0x00000007cd600000,0x00000007cf935b40,0x00000007cffd0000)
  to   space 43904K, 0% used [0x00000007cab20000,0x00000007cab20000,0x00000007cd600000)
 ParOldGen       total 203456K, used 203390K [0x0000000700600000, 0x000000070ccb0000, 0x00000007aacb0000)
  object space 203456K, 99% used [0x0000000700600000,0x000000070cc9fa80,0x000000070ccb0000)
 PSPermGen       total 21248K, used 18030K [0x00000006fb400000, 0x00000006fc8c0000, 0x0000000700600000)
  object space 21248K, 84% used [0x00000006fb400000,0x00000006fc59b8b0,0x00000006fc8c0000)
Event: 7.216 GC heap after
Heap after GC invocations=9 (full 1):
 PSYoungGen      total 565504K, used 0K [0x00000007aacb0000, 0x00000007d01f0000, 0x0000000800000000)
  eden space 522688K, 0% used [0x00000007aacb0000,0x00000007aacb0000,0x00000007cab20000)
  from space 42816K, 0% used [0x00000007cd600000,0x00000007cd600000,0x00000007cffd0000)
  to   space 43904K, 0% used [0x00000007cab20000,0x00000007cab20000,0x00000007cd600000)
 ParOldGen       total 138112K, used 24979K [0x0000000700600000, 0x0000000708ce0000, 0x00000007aacb0000)
  object space 138112K, 18% used [0x0000000700600000,0x0000000701e64ea0,0x0000000708ce0000)
 PSPermGen       total 36608K, used 18023K [0x00000006fb400000, 0x00000006fd7c0000, 0x0000000700600000)
  object space 36608K, 49% used [0x00000006fb400000,0x00000006fc599e68,0x00000006fd7c0000)
}

