# JRE version: 7.0_07-b11
# Java VM: Java HotSpot(TM) 64-Bit Server VM (23.3-b01 mixed mode windows-amd64 compressed oops)
Heap
 PSYoungGen      total 342976K, used 262239K [0x00000007aacb0000, 0x00000007c1b60000, 0x0000000800000000)
  eden space 322240K, 78% used [0x00000007aacb0000,0x00000007ba2850f8,0x00000007be760000)
  from space 20736K, 50% used [0x00000007c0720000,0x00000007c1162e70,0x00000007c1b60000)
  to   space 26624K, 0% used [0x00000007be760000,0x00000007be760000,0x00000007c0160000)
 ParOldGen       total 339328K, used 51335K [0x0000000700600000, 0x0000000715160000, 0x00000007aacb0000)
  object space 339328K, 15% used [0x0000000700600000,0x0000000703821e98,0x0000000715160000)
 PSPermGen       total 35520K, used 18041K [0x00000006fb400000, 0x00000006fd6b0000, 0x0000000700600000)
  object space 35520K, 50% used [0x00000006fb400000,0x00000006fc59e4a0,0x00000006fd6b0000)
GC Heap History (10 events):
Event: 13.348 GC heap before
{Heap before GC invocations=15 (full 4):
 PSYoungGen      total 259520K, used 250620K [0x00000007aacb0000, 0x00000007bc960000, 0x0000000800000000)
  eden space 231488K, 98% used [0x00000007aacb0000,0x00000007b8b4ed00,0x00000007b8ec0000)
  from space 28032K, 80% used [0x00000007babf0000,0x00000007bc210690,0x00000007bc750000)
  to   space 29888K, 0% used [0x00000007b8ec0000,0x00000007b8ec0000,0x00000007babf0000)
 ParOldGen       total 277568K, used 66894K [0x0000000700600000, 0x0000000711510000, 0x00000007aacb0000)
  object space 277568K, 24% used [0x0000000700600000,0x0000000704753bc0,0x0000000711510000)
 PSPermGen       total 37632K, used 17989K [0x00000006fb400000, 0x00000006fd8c0000, 0x0000000700600000)
  object space 37632K, 47% used [0x00000006fb400000,0x00000006fc591620,0x00000006fd8c0000)
Event: 13.351 GC heap after
Heap after GC invocations=15 (full 4):
 PSYoungGen      total 261376K, used 10475K [0x00000007aacb0000, 0x00000007bf840000, 0x0000000800000000)
  eden space 231488K, 0% used [0x00000007aacb0000,0x00000007aacb0000,0x00000007b8ec0000)
  from space 29888K, 35% used [0x00000007b8ec0000,0x00000007b98fae70,0x00000007babf0000)
  to   space 29120K, 0% used [0x00000007bdbd0000,0x00000007bdbd0000,0x00000007bf840000)
 ParOldGen       total 277568K, used 66894K [0x0000000700600000, 0x0000000711510000, 0x00000007aacb0000)
  object space 277568K, 24% used [0x0000000700600000,0x0000000704753bc0,0x0000000711510000)
 PSPermGen       total 37632K, used 17989K [0x00000006fb400000, 0x00000006fd8c0000, 0x0000000700600000)
  object space 37632K, 47% used [0x00000006fb400000,0x00000006fc591620,0x00000006fd8c0000)
}
Event: 14.162 GC heap before
{Heap before GC invocations=16 (full 4):
 PSYoungGen      total 261376K, used 238552K [0x00000007aacb0000, 0x00000007bf840000, 0x0000000800000000)
  eden space 231488K, 98% used [0x00000007aacb0000,0x00000007b8b6b1c0,0x00000007b8ec0000)
  from space 29888K, 35% used [0x00000007b8ec0000,0x00000007b98fae70,0x00000007babf0000)
  to   space 29120K, 0% used [0x00000007bdbd0000,0x00000007bdbd0000,0x00000007bf840000)
 ParOldGen       total 277568K, used 72969K [0x0000000700600000, 0x0000000711510000, 0x00000007aacb0000)
  object space 277568K, 26% used [0x0000000700600000,0x0000000704d427d0,0x0000000711510000)
 PSPermGen       total 37632K, used 17992K [0x00000006fb400000, 0x00000006fd8c0000, 0x0000000700600000)
  object space 37632K, 47% used [0x00000006fb400000,0x00000006fc592038,0x00000006fd8c0000)
Event: 14.165 GC heap after
Heap after GC invocations=16 (full 4):
 PSYoungGen      total 298624K, used 10475K [0x00000007aacb0000, 0x00000007bf1b0000, 0x0000000800000000)
  eden space 276224K, 0% used [0x00000007aacb0000,0x00000007aacb0000,0x00000007bba70000)
  from space 22400K, 46% used [0x00000007bdbd0000,0x00000007be60ae70,0x00000007bf1b0000)
  to   space 28288K, 0% used [0x00000007bba70000,0x00000007bba70000,0x00000007bd610000)
 ParOldGen       total 277568K, used 72969K [0x0000000700600000, 0x0000000711510000, 0x00000007aacb0000)
  object space 277568K, 26% used [0x0000000700600000,0x0000000704d427d0,0x0000000711510000)
 PSPermGen       total 37632K, used 17992K [0x00000006fb400000, 0x00000006fd8c0000, 0x0000000700600000)
  object space 37632K, 47% used [0x00000006fb400000,0x00000006fc592038,0x00000006fd8c0000)
}
Event: 15.965 GC heap before
{Heap before GC invocations=17 (full 5):
 PSYoungGen      total 298624K, used 286699K [0x00000007aacb0000, 0x00000007bf1b0000, 0x0000000800000000)
  eden space 276224K, 100% used [0x00000007aacb0000,0x00000007bba70000,0x00000007bba70000)
  from space 22400K, 46% used [0x00000007bdbd0000,0x00000007be60ae70,0x00000007bf1b0000)
  to   space 28288K, 0% used [0x00000007bba70000,0x00000007bba70000,0x00000007bd610000)
 ParOldGen       total 287104K, used 285216K [0x0000000700600000, 0x0000000711e60000, 0x00000007aacb0000)
  object space 287104K, 99% used [0x0000000700600000,0x0000000711c88288,0x0000000711e60000)
 PSPermGen       total 37632K, used 18000K [0x00000006fb400000, 0x00000006fd8c0000, 0x0000000700600000)
  object space 37632K, 47% used [0x00000006fb400000,0x00000006fc5941e0,0x00000006fd8c0000)
Event: 15.989 GC heap after
Heap after GC invocations=17 (full 5):
 PSYoungGen      total 298624K, used 0K [0x00000007aacb0000, 0x00000007bf1b0000, 0x0000000800000000)
  eden space 276224K, 0% used [0x00000007aacb0000,0x00000007aacb0000,0x00000007bba70000)
  from space 22400K, 0% used [0x00000007bdbd0000,0x00000007bdbd0000,0x00000007bf1b0000)
  to   space 28288K, 0% used [0x00000007bba70000,0x00000007bba70000,0x00000007bd610000)
 ParOldGen       total 339328K, used 51335K [0x0000000700600000, 0x0000000715160000, 0x00000007aacb0000)
  object space 339328K, 15% used [0x0000000700600000,0x0000000703821e98,0x0000000715160000)
 PSPermGen       total 35520K, used 18000K [0x00000006fb400000, 0x00000006fd6b0000, 0x0000000700600000)
  object space 35520K, 50% used [0x00000006fb400000,0x00000006fc5941a0,0x00000006fd6b0000)
}
Event: 17.021 GC heap before
{Heap before GC invocations=18 (full 5):
 PSYoungGen      total 298624K, used 275480K [0x00000007aacb0000, 0x00000007bf1b0000, 0x0000000800000000)
  eden space 276224K, 99% used [0x00000007aacb0000,0x00000007bb9b61b0,0x00000007bba70000)
  from space 22400K, 0% used [0x00000007bdbd0000,0x00000007bdbd0000,0x00000007bf1b0000)
  to   space 28288K, 0% used [0x00000007bba70000,0x00000007bba70000,0x00000007bd610000)
 ParOldGen       total 339328K, used 51335K [0x0000000700600000, 0x0000000715160000, 0x00000007aacb0000)
  object space 339328K, 15% used [0x0000000700600000,0x0000000703821e98,0x0000000715160000)
 PSPermGen       total 35520K, used 18005K [0x00000006fb400000, 0x00000006fd6b0000, 0x0000000700600000)
  object space 35520K, 50% used [0x00000006fb400000,0x00000006fc5954b8,0x00000006fd6b0000)
Event: 17.023 GC heap after
Heap after GC invocations=18 (full 5):
 PSYoungGen      total 304512K, used 10507K [0x00000007aacb0000, 0x00000007c21f0000, 0x0000000800000000)
  eden space 276224K, 0% used [0x00000007aacb0000,0x00000007aacb0000,0x00000007bba70000)
  from space 28288K, 37% used [0x00000007bba70000,0x00000007bc4b2e70,0x00000007bd610000)
  to   space 27456K, 0% used [0x00000007c0720000,0x00000007c0720000,0x00000007c21f0000)
 ParOldGen       total 339328K, used 51335K [0x0000000700600000, 0x0000000715160000, 0x00000007aacb0000)
  object space 339328K, 15% used [0x0000000700600000,0x0000000703821e98,0x0000000715160000)
 PSPermGen       total 35520K, used 18005K [0x00000006fb400000, 0x00000006fd6b0000, 0x0000000700600000)
  object space 35520K, 50% used [0x00000006fb400000,0x00000006fc5954b8,0x00000006fd6b0000)
}
Event: 18.066 GC heap before
{Heap before GC invocations=19 (full 5):
 PSYoungGen      total 304512K, used 286107K [0x00000007aacb0000, 0x00000007c21f0000, 0x0000000800000000)
  eden space 276224K, 99% used [0x00000007aacb0000,0x00000007bb9d3dc0,0x00000007bba70000)
  from space 28288K, 37% used [0x00000007bba70000,0x00000007bc4b2e70,0x00000007bd610000)
  to   space 27456K, 0% used [0x00000007c0720000,0x00000007c0720000,0x00000007c21f0000)
 ParOldGen       total 339328K, used 51335K [0x0000000700600000, 0x0000000715160000, 0x00000007aacb0000)
  object space 339328K, 15% used [0x0000000700600000,0x0000000703821e98,0x0000000715160000)
 PSPermGen       total 35520K, used 18009K [0x00000006fb400000, 0x00000006fd6b0000, 0x0000000700600000)
  object space 35520K, 50% used [0x00000006fb400000,0x00000006fc596498,0x00000006fd6b0000)
Event: 18.069 GC heap after
Heap after GC invocations=19 (full 5):
 PSYoungGen      total 342976K, used 10507K [0x00000007aacb0000, 0x00000007c1b60000, 0x0000000800000000)
  eden space 322240K, 0% used [0x00000007aacb0000,0x00000007aacb0000,0x00000007be760000)
  from space 20736K, 50% used [0x00000007c0720000,0x00000007c1162e70,0x00000007c1b60000)
  to   space 26624K, 0% used [0x00000007be760000,0x00000007be760000,0x00000007c0160000)
 ParOldGen       total 339328K, used 51335K [0x0000000700600000, 0x0000000715160000, 0x00000007aacb0000)
  object space 339328K, 15% used [0x0000000700600000,0x0000000703821e98,0x0000000715160000)
 PSPermGen       total 35520K, used 18009K [0x00000006fb400000, 0x00000006fd6b0000, 0x0000000700600000)
  object space 35520K, 50% used [0x00000006fb400000,0x00000006fc596498,0x00000006fd6b0000)
}

