# JRE version: 7.0_07-b11
# Java VM: Java HotSpot(TM) 64-Bit Server VM (23.3-b01 mixed mode windows-amd64 compressed oops)
Heap
 PSYoungGen      total 289664K, used 197611K [0x00000007aacb0000, 0x00000007be500000, 0x0000000800000000)
  eden space 269248K, 73% used [0x00000007aacb0000,0x00000007b6d82cd8,0x00000007bb3a0000)
  from space 20416K, 0% used [0x00000007bd110000,0x00000007bd138000,0x00000007be500000)
  to   space 25280K, 0% used [0x00000007bb3a0000,0x00000007bb3a0000,0x00000007bcc50000)
 ParOldGen       total 607168K, used 327291K [0x0000000700600000, 0x00000007256f0000, 0x00000007aacb0000)
  object space 607168K, 53% used [0x0000000700600000,0x000000071459ed80,0x00000007256f0000)
 PSPermGen       total 33920K, used 18138K [0x00000006fb400000, 0x00000006fd520000, 0x0000000700600000)
  object space 33920K, 53% used [0x00000006fb400000,0x00000006fc5b6a80,0x00000006fd520000)
GC Heap History (10 events):
Event: 16.501 GC heap before
{Heap before GC invocations=16 (full 4):
 PSYoungGen      total 214592K, used 200706K [0x00000007aacb0000, 0x00000007bc110000, 0x0000000800000000)
  eden space 191488K, 99% used [0x00000007aacb0000,0x00000007b666db10,0x00000007b67b0000)
  from space 23104K, 45% used [0x00000007b67b0000,0x00000007b71f2e70,0x00000007b7e40000)
  to   space 22720K, 0% used [0x00000007baae0000,0x00000007baae0000,0x00000007bc110000)
 ParOldGen       total 391424K, used 351580K [0x0000000700600000, 0x0000000718440000, 0x00000007aacb0000)
  object space 391424K, 89% used [0x0000000700600000,0x0000000715d57148,0x0000000718440000)
 PSPermGen       total 37632K, used 18083K [0x00000006fb400000, 0x00000006fd8c0000, 0x0000000700600000)
  object space 37632K, 48% used [0x00000006fb400000,0x00000006fc5a8db8,0x00000006fd8c0000)
Event: 16.502 GC heap after
Heap after GC invocations=16 (full 4):
 PSYoungGen      total 249536K, used 192K [0x00000007aacb0000, 0x00000007bbd20000, 0x0000000800000000)
  eden space 230848K, 0% used [0x00000007aacb0000,0x00000007aacb0000,0x00000007b8e20000)
  from space 18688K, 1% used [0x00000007baae0000,0x00000007bab10000,0x00000007bbd20000)
  to   space 24064K, 0% used [0x00000007b8e20000,0x00000007b8e20000,0x00000007ba5a0000)
 ParOldGen       total 391424K, used 351580K [0x0000000700600000, 0x0000000718440000, 0x00000007aacb0000)
  object space 391424K, 89% used [0x0000000700600000,0x0000000715d57148,0x0000000718440000)
 PSPermGen       total 37632K, used 18083K [0x00000006fb400000, 0x00000006fd8c0000, 0x0000000700600000)
  object space 37632K, 48% used [0x00000006fb400000,0x00000006fc5a8db8,0x00000006fd8c0000)
}
Event: 18.367 GC heap before
{Heap before GC invocations=17 (full 5):
 PSYoungGen      total 249536K, used 228372K [0x00000007aacb0000, 0x00000007bbd20000, 0x0000000800000000)
  eden space 230848K, 98% used [0x00000007aacb0000,0x00000007b8b85080,0x00000007b8e20000)
  from space 18688K, 1% used [0x00000007baae0000,0x00000007bab10000,0x00000007bbd20000)
  to   space 24064K, 0% used [0x00000007b8e20000,0x00000007b8e20000,0x00000007ba5a0000)
 ParOldGen       total 658432K, used 655331K [0x0000000700600000, 0x0000000728900000, 0x00000007aacb0000)
  object space 658432K, 99% used [0x0000000700600000,0x00000007285f8d48,0x0000000728900000)
 PSPermGen       total 37632K, used 18091K [0x00000006fb400000, 0x00000006fd8c0000, 0x0000000700600000)
  object space 37632K, 48% used [0x00000006fb400000,0x00000006fc5aae98,0x00000006fd8c0000)
Event: 18.410 GC heap after
Heap after GC invocations=17 (full 5):
 PSYoungGen      total 249536K, used 0K [0x00000007aacb0000, 0x00000007bbd20000, 0x0000000800000000)
  eden space 230848K, 0% used [0x00000007aacb0000,0x00000007aacb0000,0x00000007b8e20000)
  from space 18688K, 0% used [0x00000007baae0000,0x00000007baae0000,0x00000007bbd20000)
  to   space 24064K, 0% used [0x00000007b8e20000,0x00000007b8e20000,0x00000007ba5a0000)
 ParOldGen       total 492096K, used 23534K [0x0000000700600000, 0x000000071e690000, 0x00000007aacb0000)
  object space 492096K, 4% used [0x0000000700600000,0x0000000701cfb9e8,0x000000071e690000)
 PSPermGen       total 35968K, used 18091K [0x00000006fb400000, 0x00000006fd720000, 0x0000000700600000)
  object space 35968K, 50% used [0x00000006fb400000,0x00000006fc5aae98,0x00000006fd720000)
}
Event: 20.335 GC heap before
{Heap before GC invocations=18 (full 5):
 PSYoungGen      total 249536K, used 228171K [0x00000007aacb0000, 0x00000007bbd20000, 0x0000000800000000)
  eden space 230848K, 98% used [0x00000007aacb0000,0x00000007b8b82f50,0x00000007b8e20000)
  from space 18688K, 0% used [0x00000007baae0000,0x00000007baae0000,0x00000007bbd20000)
  to   space 24064K, 0% used [0x00000007b8e20000,0x00000007b8e20000,0x00000007ba5a0000)
 ParOldGen       total 492096K, used 327285K [0x0000000700600000, 0x000000071e690000, 0x00000007aacb0000)
  object space 492096K, 66% used [0x0000000700600000,0x000000071459d5e8,0x000000071e690000)
 PSPermGen       total 35968K, used 18101K [0x00000006fb400000, 0x00000006fd720000, 0x0000000700600000)
  object space 35968K, 50% used [0x00000006fb400000,0x00000006fc5ad410,0x00000006fd720000)
Event: 20.337 GC heap after
Heap after GC invocations=18 (full 5):
 PSYoungGen      total 254912K, used 160K [0x00000007aacb0000, 0x00000007be960000, 0x0000000800000000)
  eden space 230848K, 0% used [0x00000007aacb0000,0x00000007aacb0000,0x00000007b8e20000)
  from space 24064K, 0% used [0x00000007b8e20000,0x00000007b8e48000,0x00000007ba5a0000)
  to   space 24896K, 0% used [0x00000007bd110000,0x00000007bd110000,0x00000007be960000)
 ParOldGen       total 492096K, used 327285K [0x0000000700600000, 0x000000071e690000, 0x00000007aacb0000)
  object space 492096K, 66% used [0x0000000700600000,0x000000071459d5e8,0x000000071e690000)
 PSPermGen       total 35968K, used 18101K [0x00000006fb400000, 0x00000006fd720000, 0x0000000700600000)
  object space 35968K, 50% used [0x00000006fb400000,0x00000006fc5ad410,0x00000006fd720000)
}
Event: 22.234 GC heap before
{Heap before GC invocations=19 (full 6):
 PSYoungGen      total 254912K, used 228312K [0x00000007aacb0000, 0x00000007be960000, 0x0000000800000000)
  eden space 230848K, 98% used [0x00000007aacb0000,0x00000007b8b7e3a0,0x00000007b8e20000)
  from space 24064K, 0% used [0x00000007b8e20000,0x00000007b8e48000,0x00000007ba5a0000)
  to   space 24896K, 0% used [0x00000007bd110000,0x00000007bd110000,0x00000007be960000)
 ParOldGen       total 631680K, used 631036K [0x0000000700600000, 0x0000000726ee0000, 0x00000007aacb0000)
  object space 631680K, 99% used [0x0000000700600000,0x0000000726e3f1e8,0x0000000726ee0000)
 PSPermGen       total 35968K, used 18103K [0x00000006fb400000, 0x00000006fd720000, 0x0000000700600000)
  object space 35968K, 50% used [0x00000006fb400000,0x00000006fc5adcd8,0x00000006fd720000)
Event: 22.262 GC heap after
Heap after GC invocations=19 (full 6):
 PSYoungGen      total 254912K, used 0K [0x00000007aacb0000, 0x00000007be960000, 0x0000000800000000)
  eden space 230848K, 0% used [0x00000007aacb0000,0x00000007aacb0000,0x00000007b8e20000)
  from space 24064K, 0% used [0x00000007b8e20000,0x00000007b8e20000,0x00000007ba5a0000)
  to   space 24896K, 0% used [0x00000007bd110000,0x00000007bd110000,0x00000007be960000)
 ParOldGen       total 607168K, used 23540K [0x0000000700600000, 0x00000007256f0000, 0x00000007aacb0000)
  object space 607168K, 3% used [0x0000000700600000,0x0000000701cfd180,0x00000007256f0000)
 PSPermGen       total 33920K, used 18103K [0x00000006fb400000, 0x00000006fd520000, 0x0000000700600000)
  object space 33920K, 53% used [0x00000006fb400000,0x00000006fc5adcd8,0x00000006fd520000)
}
Event: 24.135 GC heap before
{Heap before GC invocations=20 (full 6):
 PSYoungGen      total 254912K, used 228148K [0x00000007aacb0000, 0x00000007be960000, 0x0000000800000000)
  eden space 230848K, 98% used [0x00000007aacb0000,0x00000007b8b7d108,0x00000007b8e20000)
  from space 24064K, 0% used [0x00000007b8e20000,0x00000007b8e20000,0x00000007ba5a0000)
  to   space 24896K, 0% used [0x00000007bd110000,0x00000007bd110000,0x00000007be960000)
 ParOldGen       total 607168K, used 327291K [0x0000000700600000, 0x00000007256f0000, 0x00000007aacb0000)
  object space 607168K, 53% used [0x0000000700600000,0x000000071459ed80,0x00000007256f0000)
 PSPermGen       total 33920K, used 18104K [0x00000006fb400000, 0x00000006fd520000, 0x0000000700600000)
  object space 33920K, 53% used [0x00000006fb400000,0x00000006fc5ae1a8,0x00000006fd520000)
Event: 24.136 GC heap after
Heap after GC invocations=20 (full 6):
 PSYoungGen      total 289664K, used 160K [0x00000007aacb0000, 0x00000007be500000, 0x0000000800000000)
  eden space 269248K, 0% used [0x00000007aacb0000,0x00000007aacb0000,0x00000007bb3a0000)
  from space 20416K, 0% used [0x00000007bd110000,0x00000007bd138000,0x00000007be500000)
  to   space 25280K, 0% used [0x00000007bb3a0000,0x00000007bb3a0000,0x00000007bcc50000)
 ParOldGen       total 607168K, used 327291K [0x0000000700600000, 0x00000007256f0000, 0x00000007aacb0000)
  object space 607168K, 53% used [0x0000000700600000,0x000000071459ed80,0x00000007256f0000)
 PSPermGen       total 33920K, used 18104K [0x00000006fb400000, 0x00000006fd520000, 0x0000000700600000)
  object space 33920K, 53% used [0x00000006fb400000,0x00000006fc5ae1a8,0x00000006fd520000)
}

