# JRE version: 7.0_07-b11
# Java VM: Java HotSpot(TM) 64-Bit Server VM (23.3-b01 mixed mode windows-amd64 compressed oops)
Heap
 PSYoungGen      total 1305152K, used 65217K [0x00000007aacb0000, 0x0000000800000000, 0x0000000800000000)
  eden space 1218112K, 3% used [0x00000007aacb0000,0x00000007ad6110a8,0x00000007f5240000)
  from space 87040K, 26% used [0x00000007f5240000,0x00000007f688f500,0x00000007fa740000)
  to   space 86400K, 0% used [0x00000007faba0000,0x00000007faba0000,0x0000000800000000)
 ParOldGen       total 202496K, used 76236K [0x0000000700600000, 0x000000070cbc0000, 0x00000007aacb0000)
  object space 202496K, 37% used [0x0000000700600000,0x00000007050730a0,0x000000070cbc0000)
 PSPermGen       total 39424K, used 18175K [0x00000006fb400000, 0x00000006fda80000, 0x0000000700600000)
  object space 39424K, 46% used [0x00000006fb400000,0x00000006fc5bfcd0,0x00000006fda80000)
GC Heap History (10 events):
Event: 24.843 GC heap before
{Heap before GC invocations=20 (full 2):
 PSYoungGen      total 1104576K, used 1102694K [0x00000007aacb0000, 0x0000000800000000, 0x0000000800000000)
  eden space 1026112K, 99% used [0x00000007aacb0000,0x00000007e9608080,0x00000007e96c0000)
  from space 78464K, 98% used [0x00000007e96c0000,0x00000007ee2417f0,0x00000007ee360000)
  to   space 89280K, 0% used [0x00000007fa8d0000,0x00000007fa8d0000,0x0000000800000000)
 ParOldGen       total 181568K, used 149425K [0x0000000700600000, 0x000000070b750000, 0x00000007aacb0000)
  object space 181568K, 82% used [0x0000000700600000,0x00000007097ec718,0x000000070b750000)
 PSPermGen       total 40576K, used 18101K [0x00000006fb400000, 0x00000006fdba0000, 0x0000000700600000)
  object space 40576K, 44% used [0x00000006fb400000,0x00000006fc5ad5c8,0x00000006fdba0000)
Event: 24.858 GC heap after
Heap after GC invocations=20 (full 2):
 PSYoungGen      total 1309312K, used 47199K [0x00000007aacb0000, 0x0000000800000000, 0x0000000800000000)
  eden space 1220032K, 0% used [0x00000007aacb0000,0x00000007aacb0000,0x00000007f5420000)
  from space 89280K, 52% used [0x00000007fa8d0000,0x00000007fd6e7ee0,0x0000000800000000)
  to   space 86720K, 0% used [0x00000007f5420000,0x00000007f5420000,0x00000007fa8d0000)
 ParOldGen       total 181568K, used 149457K [0x0000000700600000, 0x000000070b750000, 0x00000007aacb0000)
  object space 181568K, 82% used [0x0000000700600000,0x00000007097f4718,0x000000070b750000)
 PSPermGen       total 40576K, used 18101K [0x00000006fb400000, 0x00000006fdba0000, 0x0000000700600000)
  object space 40576K, 44% used [0x00000006fb400000,0x00000006fc5ad5c8,0x00000006fdba0000)
}
Event: 27.508 GC heap before
{Heap before GC invocations=21 (full 2):
 PSYoungGen      total 1309312K, used 1266294K [0x00000007aacb0000, 0x0000000800000000, 0x0000000800000000)
  eden space 1220032K, 99% used [0x00000007aacb0000,0x00000007f5335a28,0x00000007f5420000)
  from space 89280K, 52% used [0x00000007fa8d0000,0x00000007fd6e7ee0,0x0000000800000000)
  to   space 86720K, 0% used [0x00000007f5420000,0x00000007f5420000,0x00000007fa8d0000)
 ParOldGen       total 181568K, used 152874K [0x0000000700600000, 0x000000070b750000, 0x00000007aacb0000)
  object space 181568K, 84% used [0x0000000700600000,0x0000000709b4abe8,0x000000070b750000)
 PSPermGen       total 40576K, used 18109K [0x00000006fb400000, 0x00000006fdba0000, 0x0000000700600000)
  object space 40576K, 44% used [0x00000006fb400000,0x00000006fc5af4a0,0x00000006fdba0000)
Event: 27.522 GC heap after
Heap after GC invocations=21 (full 2):
 PSYoungGen      total 1269440K, used 49348K [0x00000007aacb0000, 0x00000007ffa60000, 0x0000000800000000)
  eden space 1220032K, 0% used [0x00000007aacb0000,0x00000007aacb0000,0x00000007f5420000)
  from space 49408K, 99% used [0x00000007f5420000,0x00000007f8451160,0x00000007f8460000)
  to   space 85120K, 0% used [0x00000007fa740000,0x00000007fa740000,0x00000007ffa60000)
 ParOldGen       total 181568K, used 152890K [0x0000000700600000, 0x000000070b750000, 0x00000007aacb0000)
  object space 181568K, 84% used [0x0000000700600000,0x0000000709b4ebe8,0x000000070b750000)
 PSPermGen       total 40576K, used 18109K [0x00000006fb400000, 0x00000006fdba0000, 0x0000000700600000)
  object space 40576K, 44% used [0x00000006fb400000,0x00000006fc5af4a0,0x00000006fdba0000)
}
Event: 30.292 GC heap before
{Heap before GC invocations=22 (full 3):
 PSYoungGen      total 1269440K, used 1269380K [0x00000007aacb0000, 0x00000007ffa60000, 0x0000000800000000)
  eden space 1220032K, 100% used [0x00000007aacb0000,0x00000007f5420000,0x00000007f5420000)
  from space 49408K, 99% used [0x00000007f5420000,0x00000007f8451160,0x00000007f8460000)
  to   space 85120K, 0% used [0x00000007fa740000,0x00000007fa740000,0x00000007ffa60000)
 ParOldGen       total 185664K, used 183748K [0x0000000700600000, 0x000000070bb50000, 0x00000007aacb0000)
  object space 185664K, 98% used [0x0000000700600000,0x000000070b9712e0,0x000000070bb50000)
 PSPermGen       total 40576K, used 18112K [0x00000006fb400000, 0x00000006fdba0000, 0x0000000700600000)
  object space 40576K, 44% used [0x00000006fb400000,0x00000006fc5b03a8,0x00000006fdba0000)
Event: 30.334 GC heap after
Heap after GC invocations=22 (full 3):
 PSYoungGen      total 1269440K, used 0K [0x00000007aacb0000, 0x00000007ffa60000, 0x0000000800000000)
  eden space 1220032K, 0% used [0x00000007aacb0000,0x00000007aacb0000,0x00000007f5420000)
  from space 49408K, 0% used [0x00000007f5420000,0x00000007f5420000,0x00000007f8460000)
  to   space 85120K, 0% used [0x00000007fa740000,0x00000007fa740000,0x00000007ffa60000)
 ParOldGen       total 202496K, used 45957K [0x0000000700600000, 0x000000070cbc0000, 0x00000007aacb0000)
  object space 202496K, 22% used [0x0000000700600000,0x00000007032e16f0,0x000000070cbc0000)
 PSPermGen       total 39424K, used 18112K [0x00000006fb400000, 0x00000006fda80000, 0x0000000700600000)
  object space 39424K, 45% used [0x00000006fb400000,0x00000006fc5b01a8,0x00000006fda80000)
}
Event: 32.987 GC heap before
{Heap before GC invocations=23 (full 3):
 PSYoungGen      total 1269440K, used 1218429K [0x00000007aacb0000, 0x00000007ffa60000, 0x0000000800000000)
  eden space 1220032K, 99% used [0x00000007aacb0000,0x00000007f528f6a8,0x00000007f5420000)
  from space 49408K, 0% used [0x00000007f5420000,0x00000007f5420000,0x00000007f8460000)
  to   space 85120K, 0% used [0x00000007fa740000,0x00000007fa740000,0x00000007ffa60000)
 ParOldGen       total 202496K, used 45957K [0x0000000700600000, 0x000000070cbc0000, 0x00000007aacb0000)
  object space 202496K, 22% used [0x0000000700600000,0x00000007032e16f0,0x000000070cbc0000)
 PSPermGen       total 39424K, used 18137K [0x00000006fb400000, 0x00000006fda80000, 0x0000000700600000)
  object space 39424K, 46% used [0x00000006fb400000,0x00000006fc5b6440,0x00000006fda80000)
Event: 32.996 GC heap after
Heap after GC invocations=23 (full 3):
 PSYoungGen      total 1303232K, used 59226K [0x00000007aacb0000, 0x0000000800000000, 0x0000000800000000)
  eden space 1218112K, 0% used [0x00000007aacb0000,0x00000007aacb0000,0x00000007f5240000)
  from space 85120K, 69% used [0x00000007fa740000,0x00000007fe116890,0x00000007ffa60000)
  to   space 87040K, 0% used [0x00000007f5240000,0x00000007f5240000,0x00000007fa740000)
 ParOldGen       total 202496K, used 45957K [0x0000000700600000, 0x000000070cbc0000, 0x00000007aacb0000)
  object space 202496K, 22% used [0x0000000700600000,0x00000007032e16f0,0x000000070cbc0000)
 PSPermGen       total 39424K, used 18137K [0x00000006fb400000, 0x00000006fda80000, 0x0000000700600000)
  object space 39424K, 46% used [0x00000006fb400000,0x00000006fc5b6440,0x00000006fda80000)
}
Event: 35.652 GC heap before
{Heap before GC invocations=24 (full 3):
 PSYoungGen      total 1303232K, used 1275905K [0x00000007aacb0000, 0x0000000800000000, 0x0000000800000000)
  eden space 1218112K, 99% used [0x00000007aacb0000,0x00000007f50d9c60,0x00000007f5240000)
  from space 85120K, 69% used [0x00000007fa740000,0x00000007fe116890,0x00000007ffa60000)
  to   space 87040K, 0% used [0x00000007f5240000,0x00000007f5240000,0x00000007fa740000)
 ParOldGen       total 202496K, used 45957K [0x0000000700600000, 0x000000070cbc0000, 0x00000007aacb0000)
  object space 202496K, 22% used [0x0000000700600000,0x00000007032e16f0,0x000000070cbc0000)
 PSPermGen       total 39424K, used 18148K [0x00000006fb400000, 0x00000006fda80000, 0x0000000700600000)
  object space 39424K, 46% used [0x00000006fb400000,0x00000006fc5b9118,0x00000006fda80000)
Event: 35.659 GC heap after
Heap after GC invocations=24 (full 3):
 PSYoungGen      total 1305152K, used 22845K [0x00000007aacb0000, 0x0000000800000000, 0x0000000800000000)
  eden space 1218112K, 0% used [0x00000007aacb0000,0x00000007aacb0000,0x00000007f5240000)
  from space 87040K, 26% used [0x00000007f5240000,0x00000007f688f500,0x00000007fa740000)
  to   space 86400K, 0% used [0x00000007faba0000,0x00000007faba0000,0x0000000800000000)
 ParOldGen       total 202496K, used 76236K [0x0000000700600000, 0x000000070cbc0000, 0x00000007aacb0000)
  object space 202496K, 37% used [0x0000000700600000,0x00000007050730a0,0x000000070cbc0000)
 PSPermGen       total 39424K, used 18148K [0x00000006fb400000, 0x00000006fda80000, 0x0000000700600000)
  object space 39424K, 46% used [0x00000006fb400000,0x00000006fc5b9118,0x00000006fda80000)
}

