# JRE version: 7.0_07-b11
# Java VM: Java HotSpot(TM) 64-Bit Server VM (23.3-b01 mixed mode windows-amd64 compressed oops)
Heap
 PSYoungGen      total 859904K, used 369852K [0x00000007aacb0000, 0x00000007f1030000, 0x0000000800000000)
  eden space 833984K, 41% used [0x00000007aacb0000,0x00000007bfd94d68,0x00000007ddb20000)
  from space 25920K, 95% used [0x00000007ddb20000,0x00000007df36a4f0,0x00000007df470000)
  to   space 26176K, 0% used [0x00000007ef6a0000,0x00000007ef6a0000,0x00000007f1030000)
 ParOldGen       total 178688K, used 42763K [0x0000000700600000, 0x000000070b480000, 0x00000007aacb0000)
  object space 178688K, 23% used [0x0000000700600000,0x0000000702fc2e88,0x000000070b480000)
 PSPermGen       total 41088K, used 18172K [0x00000006fb400000, 0x00000006fdc20000, 0x0000000700600000)
  object space 41088K, 44% used [0x00000006fb400000,0x00000006fc5bf098,0x00000006fdc20000)
GC Heap History (10 events):
Event: 7.614 GC heap before
{Heap before GC invocations=9 (full 0):
 PSYoungGen      total 546496K, used 540540K [0x00000007aacb0000, 0x00000007cdcf0000, 0x0000000800000000)
  eden space 521216K, 98% used [0x00000007aacb0000,0x00000007ca417330,0x00000007ca9b0000)
  from space 25280K, 99% used [0x00000007cc300000,0x00000007cdb77de0,0x00000007cdbb0000)
  to   space 25920K, 0% used [0x00000007ca9b0000,0x00000007ca9b0000,0x00000007cc300000)
 ParOldGen       total 174528K, used 88424K [0x0000000700600000, 0x000000070b070000, 0x00000007aacb0000)
  object space 174528K, 50% used [0x0000000700600000,0x0000000705c5a108,0x000000070b070000)
 PSPermGen       total 21248K, used 18095K [0x00000006fb400000, 0x00000006fc8c0000, 0x0000000700600000)
  object space 21248K, 85% used [0x00000006fb400000,0x00000006fc5abf20,0x00000006fc8c0000)
Event: 7.628 GC heap after
Heap after GC invocations=9 (full 0):
 PSYoungGen      total 547136K, used 24653K [0x00000007aacb0000, 0x00000007e0e40000, 0x0000000800000000)
  eden space 521216K, 0% used [0x00000007aacb0000,0x00000007aacb0000,0x00000007ca9b0000)
  from space 25920K, 95% used [0x00000007ca9b0000,0x00000007cc1c3780,0x00000007cc300000)
  to   space 26176K, 0% used [0x00000007df4b0000,0x00000007df4b0000,0x00000007e0e40000)
 ParOldGen       total 174528K, used 118142K [0x0000000700600000, 0x000000070b070000, 0x00000007aacb0000)
  object space 174528K, 67% used [0x0000000700600000,0x000000070795f990,0x000000070b070000)
 PSPermGen       total 21248K, used 18095K [0x00000006fb400000, 0x00000006fc8c0000, 0x0000000700600000)
  object space 21248K, 85% used [0x00000006fb400000,0x00000006fc5abf20,0x00000006fc8c0000)
}
Event: 8.700 GC heap before
{Heap before GC invocations=10 (full 0):
 PSYoungGen      total 547136K, used 541735K [0x00000007aacb0000, 0x00000007e0e40000, 0x0000000800000000)
  eden space 521216K, 99% used [0x00000007aacb0000,0x00000007ca5a6690,0x00000007ca9b0000)
  from space 25920K, 95% used [0x00000007ca9b0000,0x00000007cc1c3780,0x00000007cc300000)
  to   space 26176K, 0% used [0x00000007df4b0000,0x00000007df4b0000,0x00000007e0e40000)
 ParOldGen       total 174528K, used 118142K [0x0000000700600000, 0x000000070b070000, 0x00000007aacb0000)
  object space 174528K, 67% used [0x0000000700600000,0x000000070795f990,0x000000070b070000)
 PSPermGen       total 21248K, used 18102K [0x00000006fb400000, 0x00000006fc8c0000, 0x0000000700600000)
  object space 21248K, 85% used [0x00000006fb400000,0x00000006fc5ada18,0x00000006fc8c0000)
Event: 8.712 GC heap after
Heap after GC invocations=10 (full 0):
 PSYoungGen      total 859648K, used 23451K [0x00000007aacb0000, 0x00000007e0dc0000, 0x0000000800000000)
  eden space 833984K, 0% used [0x00000007aacb0000,0x00000007aacb0000,0x00000007ddb20000)
  from space 25664K, 91% used [0x00000007df4b0000,0x00000007e0b96fc0,0x00000007e0dc0000)
  to   space 25920K, 0% used [0x00000007ddb20000,0x00000007ddb20000,0x00000007df470000)
 ParOldGen       total 174528K, used 143573K [0x0000000700600000, 0x000000070b070000, 0x00000007aacb0000)
  object space 174528K, 82% used [0x0000000700600000,0x0000000709235530,0x000000070b070000)
 PSPermGen       total 21248K, used 18102K [0x00000006fb400000, 0x00000006fc8c0000, 0x0000000700600000)
  object space 21248K, 85% used [0x00000006fb400000,0x00000006fc5ada18,0x00000006fc8c0000)
}
Event: 10.411 GC heap before
{Heap before GC invocations=11 (full 1):
 PSYoungGen      total 859648K, used 855719K [0x00000007aacb0000, 0x00000007e0dc0000, 0x0000000800000000)
  eden space 833984K, 99% used [0x00000007aacb0000,0x00000007dd972eb0,0x00000007ddb20000)
  from space 25664K, 91% used [0x00000007df4b0000,0x00000007e0b96fc0,0x00000007e0dc0000)
  to   space 25920K, 0% used [0x00000007ddb20000,0x00000007ddb20000,0x00000007df470000)
 ParOldGen       total 174528K, used 149648K [0x0000000700600000, 0x000000070b070000, 0x00000007aacb0000)
  object space 174528K, 85% used [0x0000000700600000,0x0000000709824140,0x000000070b070000)
 PSPermGen       total 21248K, used 18117K [0x00000006fb400000, 0x00000006fc8c0000, 0x0000000700600000)
  object space 21248K, 85% used [0x00000006fb400000,0x00000006fc5b1420,0x00000006fc8c0000)
Event: 10.474 GC heap after
Heap after GC invocations=11 (full 1):
 PSYoungGen      total 859648K, used 0K [0x00000007aacb0000, 0x00000007e0dc0000, 0x0000000800000000)
  eden space 833984K, 0% used [0x00000007aacb0000,0x00000007aacb0000,0x00000007ddb20000)
  from space 25664K, 0% used [0x00000007df4b0000,0x00000007df4b0000,0x00000007e0dc0000)
  to   space 25920K, 0% used [0x00000007ddb20000,0x00000007ddb20000,0x00000007df470000)
 ParOldGen       total 142528K, used 32827K [0x0000000700600000, 0x0000000709130000, 0x00000007aacb0000)
  object space 142528K, 23% used [0x0000000700600000,0x000000070260ece0,0x0000000709130000)
 PSPermGen       total 36800K, used 18110K [0x00000006fb400000, 0x00000006fd7f0000, 0x0000000700600000)
  object space 36800K, 49% used [0x00000006fb400000,0x00000006fc5af868,0x00000006fd7f0000)
}
Event: 12.342 GC heap before
{Heap before GC invocations=12 (full 2):
 PSYoungGen      total 859648K, used 833984K [0x00000007aacb0000, 0x00000007e0dc0000, 0x0000000800000000)
  eden space 833984K, 100% used [0x00000007aacb0000,0x00000007ddb20000,0x00000007ddb20000)
  from space 25664K, 0% used [0x00000007df4b0000,0x00000007df4b0000,0x00000007e0dc0000)
  to   space 25920K, 0% used [0x00000007ddb20000,0x00000007ddb20000,0x00000007df470000)
 ParOldGen       total 142528K, used 122309K [0x0000000700600000, 0x0000000709130000, 0x00000007aacb0000)
  object space 142528K, 85% used [0x0000000700600000,0x0000000707d714e0,0x0000000709130000)
 PSPermGen       total 36800K, used 18153K [0x00000006fb400000, 0x00000006fd7f0000, 0x0000000700600000)
  object space 36800K, 49% used [0x00000006fb400000,0x00000006fc5ba520,0x00000006fd7f0000)
Event: 12.370 GC heap after
Heap after GC invocations=12 (full 2):
 PSYoungGen      total 859648K, used 0K [0x00000007aacb0000, 0x00000007e0dc0000, 0x0000000800000000)
  eden space 833984K, 0% used [0x00000007aacb0000,0x00000007aacb0000,0x00000007ddb20000)
  from space 25664K, 0% used [0x00000007df4b0000,0x00000007df4b0000,0x00000007e0dc0000)
  to   space 25920K, 0% used [0x00000007ddb20000,0x00000007ddb20000,0x00000007df470000)
 ParOldGen       total 178688K, used 34663K [0x0000000700600000, 0x000000070b480000, 0x00000007aacb0000)
  object space 178688K, 19% used [0x0000000700600000,0x00000007027d9e68,0x000000070b480000)
 PSPermGen       total 41088K, used 18153K [0x00000006fb400000, 0x00000006fdc20000, 0x0000000700600000)
  object space 41088K, 44% used [0x00000006fb400000,0x00000006fc5ba520,0x00000006fdc20000)
}
Event: 14.028 GC heap before
{Heap before GC invocations=13 (full 2):
 PSYoungGen      total 859648K, used 832509K [0x00000007aacb0000, 0x00000007e0dc0000, 0x0000000800000000)
  eden space 833984K, 99% used [0x00000007aacb0000,0x00000007dd9af618,0x00000007ddb20000)
  from space 25664K, 0% used [0x00000007df4b0000,0x00000007df4b0000,0x00000007e0dc0000)
  to   space 25920K, 0% used [0x00000007ddb20000,0x00000007ddb20000,0x00000007df470000)
 ParOldGen       total 178688K, used 34663K [0x0000000700600000, 0x000000070b480000, 0x00000007aacb0000)
  object space 178688K, 19% used [0x0000000700600000,0x00000007027d9e68,0x000000070b480000)
 PSPermGen       total 41088K, used 18160K [0x00000006fb400000, 0x00000006fdc20000, 0x0000000700600000)
  object space 41088K, 44% used [0x00000006fb400000,0x00000006fc5bc008,0x00000006fdc20000)
Event: 14.036 GC heap after
Heap after GC invocations=13 (full 2):
 PSYoungGen      total 859904K, used 24873K [0x00000007aacb0000, 0x00000007f1030000, 0x0000000800000000)
  eden space 833984K, 0% used [0x00000007aacb0000,0x00000007aacb0000,0x00000007ddb20000)
  from space 25920K, 95% used [0x00000007ddb20000,0x00000007df36a4f0,0x00000007df470000)
  to   space 26176K, 0% used [0x00000007ef6a0000,0x00000007ef6a0000,0x00000007f1030000)
 ParOldGen       total 178688K, used 42763K [0x0000000700600000, 0x000000070b480000, 0x00000007aacb0000)
  object space 178688K, 23% used [0x0000000700600000,0x0000000702fc2e88,0x000000070b480000)
 PSPermGen       total 41088K, used 18160K [0x00000006fb400000, 0x00000006fdc20000, 0x0000000700600000)
  object space 41088K, 44% used [0x00000006fb400000,0x00000006fc5bc008,0x00000006fdc20000)
}

