# JRE version: 7.0_07-b11
# Java VM: Java HotSpot(TM) 64-Bit Server VM (23.3-b01 mixed mode windows-amd64 compressed oops)
Heap
 PSYoungGen      total 769920K, used 185328K [0x00000007aacb0000, 0x00000007ee080000, 0x0000000800000000)
  eden space 718784K, 20% used [0x00000007aacb0000,0x00000007b3978190,0x00000007d6aa0000)
  from space 51136K, 80% used [0x00000007d6aa0000,0x00000007d92d3f60,0x00000007d9c90000)
  to   space 52032K, 0% used [0x00000007eadb0000,0x00000007eadb0000,0x00000007ee080000)
 ParOldGen       total 149376K, used 36556K [0x0000000700600000, 0x00000007097e0000, 0x00000007aacb0000)
  object space 149376K, 24% used [0x0000000700600000,0x00000007029b30f0,0x00000007097e0000)
 PSPermGen       total 36608K, used 18086K [0x00000006fb400000, 0x00000006fd7c0000, 0x0000000700600000)
  object space 36608K, 49% used [0x00000006fb400000,0x00000006fc5a99f8,0x00000006fd7c0000)
GC Heap History (10 events):
Event: 5.722 GC heap before
{Heap before GC invocations=8 (full 0):
 PSYoungGen      total 302464K, used 294853K [0x00000007aacb0000, 0x00000007d0130000, 0x0000000800000000)
  eden space 257408K, 98% used [0x00000007aacb0000,0x00000007ba55d3c0,0x00000007ba810000)
  from space 45056K, 89% used [0x00000007ba810000,0x00000007bcf543e0,0x00000007bd410000)
  to   space 48000K, 0% used [0x00000007cd250000,0x00000007cd250000,0x00000007d0130000)
 ParOldGen       total 174528K, used 134788K [0x0000000700600000, 0x000000070b070000, 0x00000007aacb0000)
  object space 174528K, 77% used [0x0000000700600000,0x00000007089a11b8,0x000000070b070000)
 PSPermGen       total 21248K, used 18039K [0x00000006fb400000, 0x00000006fc8c0000, 0x0000000700600000)
  object space 21248K, 84% used [0x00000006fb400000,0x00000006fc59de90,0x00000006fc8c0000)
Event: 5.735 GC heap after
Heap after GC invocations=8 (full 0):
 PSYoungGen      total 557440K, used 47983K [0x00000007aacb0000, 0x00000007d0bb0000, 0x0000000800000000)
  eden space 509440K, 0% used [0x00000007aacb0000,0x00000007aacb0000,0x00000007c9e30000)
  from space 48000K, 99% used [0x00000007cd250000,0x00000007d012bf70,0x00000007d0130000)
  to   space 53376K, 0% used [0x00000007c9e30000,0x00000007c9e30000,0x00000007cd250000)
 ParOldGen       total 174528K, used 135342K [0x0000000700600000, 0x000000070b070000, 0x00000007aacb0000)
  object space 174528K, 77% used [0x0000000700600000,0x0000000708a2b918,0x000000070b070000)
 PSPermGen       total 21248K, used 18039K [0x00000006fb400000, 0x00000006fc8c0000, 0x0000000700600000)
  object space 21248K, 84% used [0x00000006fb400000,0x00000006fc59de90,0x00000006fc8c0000)
}
Event: 6.962 GC heap before
{Heap before GC invocations=9 (full 1):
 PSYoungGen      total 557440K, used 557423K [0x00000007aacb0000, 0x00000007d0bb0000, 0x0000000800000000)
  eden space 509440K, 100% used [0x00000007aacb0000,0x00000007c9e30000,0x00000007c9e30000)
  from space 48000K, 99% used [0x00000007cd250000,0x00000007d012bf70,0x00000007d0130000)
  to   space 53376K, 0% used [0x00000007c9e30000,0x00000007c9e30000,0x00000007cd250000)
 ParOldGen       total 196352K, used 195334K [0x0000000700600000, 0x000000070c5c0000, 0x00000007aacb0000)
  object space 196352K, 99% used [0x0000000700600000,0x000000070c4c1a98,0x000000070c5c0000)
 PSPermGen       total 21248K, used 18044K [0x00000006fb400000, 0x00000006fc8c0000, 0x0000000700600000)
  object space 21248K, 84% used [0x00000006fb400000,0x00000006fc59f210,0x00000006fc8c0000)
Event: 7.024 GC heap after
Heap after GC invocations=9 (full 1):
 PSYoungGen      total 557440K, used 0K [0x00000007aacb0000, 0x00000007d0bb0000, 0x0000000800000000)
  eden space 509440K, 0% used [0x00000007aacb0000,0x00000007aacb0000,0x00000007c9e30000)
  from space 48000K, 0% used [0x00000007cd250000,0x00000007cd250000,0x00000007d0130000)
  to   space 53376K, 0% used [0x00000007c9e30000,0x00000007c9e30000,0x00000007cd250000)
 ParOldGen       total 149376K, used 30441K [0x0000000700600000, 0x00000007097e0000, 0x00000007aacb0000)
  object space 149376K, 20% used [0x0000000700600000,0x00000007023ba4e0,0x00000007097e0000)
 PSPermGen       total 36608K, used 18037K [0x00000006fb400000, 0x00000006fd7c0000, 0x0000000700600000)
  object space 36608K, 49% used [0x00000006fb400000,0x00000006fc59d7c8,0x00000006fd7c0000)
}
Event: 8.084 GC heap before
{Heap before GC invocations=10 (full 1):
 PSYoungGen      total 557440K, used 507890K [0x00000007aacb0000, 0x00000007d0bb0000, 0x0000000800000000)
  eden space 509440K, 99% used [0x00000007aacb0000,0x00000007c9caca78,0x00000007c9e30000)
  from space 48000K, 0% used [0x00000007cd250000,0x00000007cd250000,0x00000007d0130000)
  to   space 53376K, 0% used [0x00000007c9e30000,0x00000007c9e30000,0x00000007cd250000)
 ParOldGen       total 149376K, used 30441K [0x0000000700600000, 0x00000007097e0000, 0x00000007aacb0000)
  object space 149376K, 20% used [0x0000000700600000,0x00000007023ba4e0,0x00000007097e0000)
 PSPermGen       total 36608K, used 18048K [0x00000006fb400000, 0x00000006fd7c0000, 0x0000000700600000)
  object space 36608K, 49% used [0x00000006fb400000,0x00000006fc5a0200,0x00000006fd7c0000)
Event: 8.093 GC heap after
Heap after GC invocations=10 (full 1):
 PSYoungGen      total 562816K, used 35092K [0x00000007aacb0000, 0x00000007dd7c0000, 0x0000000800000000)
  eden space 509440K, 0% used [0x00000007aacb0000,0x00000007aacb0000,0x00000007c9e30000)
  from space 53376K, 65% used [0x00000007c9e30000,0x00000007cc075350,0x00000007cd250000)
  to   space 51776K, 0% used [0x00000007da530000,0x00000007da530000,0x00000007dd7c0000)
 ParOldGen       total 149376K, used 30441K [0x0000000700600000, 0x00000007097e0000, 0x00000007aacb0000)
  object space 149376K, 20% used [0x0000000700600000,0x00000007023ba4e0,0x00000007097e0000)
 PSPermGen       total 36608K, used 18048K [0x00000006fb400000, 0x00000006fd7c0000, 0x0000000700600000)
  object space 36608K, 49% used [0x00000006fb400000,0x00000006fc5a0200,0x00000006fd7c0000)
}
Event: 9.145 GC heap before
{Heap before GC invocations=11 (full 1):
 PSYoungGen      total 562816K, used 539004K [0x00000007aacb0000, 0x00000007dd7c0000, 0x0000000800000000)
  eden space 509440K, 98% used [0x00000007aacb0000,0x00000007c98ca050,0x00000007c9e30000)
  from space 53376K, 65% used [0x00000007c9e30000,0x00000007cc075350,0x00000007cd250000)
  to   space 51776K, 0% used [0x00000007da530000,0x00000007da530000,0x00000007dd7c0000)
 ParOldGen       total 149376K, used 30441K [0x0000000700600000, 0x00000007097e0000, 0x00000007aacb0000)
  object space 149376K, 20% used [0x0000000700600000,0x00000007023ba4e0,0x00000007097e0000)
 PSPermGen       total 36608K, used 18055K [0x00000006fb400000, 0x00000006fd7c0000, 0x0000000700600000)
  object space 36608K, 49% used [0x00000006fb400000,0x00000006fc5a1f70,0x00000006fd7c0000)
Event: 9.156 GC heap after
Heap after GC invocations=11 (full 1):
 PSYoungGen      total 761088K, used 36991K [0x00000007aacb0000, 0x00000007dce80000, 0x0000000800000000)
  eden space 718784K, 0% used [0x00000007aacb0000,0x00000007aacb0000,0x00000007d6aa0000)
  from space 42304K, 87% used [0x00000007da530000,0x00000007dc94fd30,0x00000007dce80000)
  to   space 51136K, 0% used [0x00000007d6aa0000,0x00000007d6aa0000,0x00000007d9c90000)
 ParOldGen       total 149376K, used 30441K [0x0000000700600000, 0x00000007097e0000, 0x00000007aacb0000)
  object space 149376K, 20% used [0x0000000700600000,0x00000007023ba4e0,0x00000007097e0000)
 PSPermGen       total 36608K, used 18055K [0x00000006fb400000, 0x00000006fd7c0000, 0x0000000700600000)
  object space 36608K, 49% used [0x00000006fb400000,0x00000006fc5a1f70,0x00000006fd7c0000)
}
Event: 10.650 GC heap before
{Heap before GC invocations=12 (full 1):
 PSYoungGen      total 761088K, used 753916K [0x00000007aacb0000, 0x00000007dce80000, 0x0000000800000000)
  eden space 718784K, 99% used [0x00000007aacb0000,0x00000007d68cf2d8,0x00000007d6aa0000)
  from space 42304K, 87% used [0x00000007da530000,0x00000007dc94fd30,0x00000007dce80000)
  to   space 51136K, 0% used [0x00000007d6aa0000,0x00000007d6aa0000,0x00000007d9c90000)
 ParOldGen       total 149376K, used 30441K [0x0000000700600000, 0x00000007097e0000, 0x00000007aacb0000)
  object space 149376K, 20% used [0x0000000700600000,0x00000007023ba4e0,0x00000007097e0000)
 PSPermGen       total 36608K, used 18064K [0x00000006fb400000, 0x00000006fd7c0000, 0x0000000700600000)
  object space 36608K, 49% used [0x00000006fb400000,0x00000006fc5a4348,0x00000006fd7c0000)
Event: 10.661 GC heap after
Heap after GC invocations=12 (full 1):
 PSYoungGen      total 769920K, used 41167K [0x00000007aacb0000, 0x00000007ee080000, 0x0000000800000000)
  eden space 718784K, 0% used [0x00000007aacb0000,0x00000007aacb0000,0x00000007d6aa0000)
  from space 51136K, 80% used [0x00000007d6aa0000,0x00000007d92d3f60,0x00000007d9c90000)
  to   space 52032K, 0% used [0x00000007eadb0000,0x00000007eadb0000,0x00000007ee080000)
 ParOldGen       total 149376K, used 36556K [0x0000000700600000, 0x00000007097e0000, 0x00000007aacb0000)
  object space 149376K, 24% used [0x0000000700600000,0x00000007029b30f0,0x00000007097e0000)
 PSPermGen       total 36608K, used 18064K [0x00000006fb400000, 0x00000006fd7c0000, 0x0000000700600000)
  object space 36608K, 49% used [0x00000006fb400000,0x00000006fc5a4348,0x00000006fd7c0000)
}

