# JRE version: 7.0_07-b11
# Java VM: Java HotSpot(TM) 64-Bit Server VM (23.3-b01 mixed mode windows-amd64 compressed oops)
Heap
 PSYoungGen      total 200128K, used 157339K [0x00000007aacb0000, 0x00000007bfd50000, 0x0000000800000000)
  eden space 178880K, 76% used [0x00000007aacb0000,0x00000007b319a7d8,0x00000007b5b60000)
  from space 21248K, 99% used [0x00000007be890000,0x00000007bfd4c610,0x00000007bfd50000)
  to   space 57792K, 0% used [0x00000007b8c70000,0x00000007b8c70000,0x00000007bc4e0000)
 ParOldGen       total 239872K, used 25432K [0x0000000700600000, 0x000000070f040000, 0x00000007aacb0000)
  object space 239872K, 10% used [0x0000000700600000,0x0000000701ed63c8,0x000000070f040000)
 PSPermGen       total 39168K, used 17945K [0x00000006fb400000, 0x00000006fda40000, 0x0000000700600000)
  object space 39168K, 45% used [0x00000006fb400000,0x00000006fc586448,0x00000006fda40000)
GC Heap History (10 events):
Event: 6.326 GC heap before
{Heap before GC invocations=5 (full 0):
 PSYoungGen      total 141824K, used 136819K [0x00000007aacb0000, 0x00000007b41d0000, 0x0000000800000000)
  eden space 130944K, 96% used [0x00000007aacb0000,0x00000007b27b46f0,0x00000007b2c90000)
  from space 10880K, 99% used [0x00000007b3730000,0x00000007b41c85c0,0x00000007b41d0000)
  to   space 10880K, 0% used [0x00000007b2c90000,0x00000007b2c90000,0x00000007b3730000)
 ParOldGen       total 174528K, used 80862K [0x0000000700600000, 0x000000070b070000, 0x00000007aacb0000)
  object space 174528K, 46% used [0x0000000700600000,0x00000007054f7920,0x000000070b070000)
 PSPermGen       total 21248K, used 17930K [0x00000006fb400000, 0x00000006fc8c0000, 0x0000000700600000)
  object space 21248K, 84% used [0x00000006fb400000,0x00000006fc582bd0,0x00000006fc8c0000)
Event: 6.338 GC heap after
Heap after GC invocations=5 (full 0):
 PSYoungGen      total 141824K, used 10858K [0x00000007aacb0000, 0x00000007c24b0000, 0x0000000800000000)
  eden space 130944K, 0% used [0x00000007aacb0000,0x00000007aacb0000,0x00000007b2c90000)
  from space 10880K, 99% used [0x00000007b2c90000,0x00000007b372ab40,0x00000007b3730000)
  to   space 61568K, 0% used [0x00000007be890000,0x00000007be890000,0x00000007c24b0000)
 ParOldGen       total 174528K, used 118382K [0x0000000700600000, 0x000000070b070000, 0x00000007aacb0000)
  object space 174528K, 67% used [0x0000000700600000,0x000000070799bbf0,0x000000070b070000)
 PSPermGen       total 21248K, used 17930K [0x00000006fb400000, 0x00000006fc8c0000, 0x0000000700600000)
  object space 21248K, 84% used [0x00000006fb400000,0x00000006fc582bd0,0x00000006fc8c0000)
}
Event: 7.024 GC heap before
{Heap before GC invocations=6 (full 1):
 PSYoungGen      total 141824K, used 141802K [0x00000007aacb0000, 0x00000007c24b0000, 0x0000000800000000)
  eden space 130944K, 100% used [0x00000007aacb0000,0x00000007b2c90000,0x00000007b2c90000)
  from space 10880K, 99% used [0x00000007b2c90000,0x00000007b372ab40,0x00000007b3730000)
  to   space 61568K, 0% used [0x00000007be890000,0x00000007be890000,0x00000007c24b0000)
 ParOldGen       total 321856K, used 321770K [0x0000000700600000, 0x0000000714050000, 0x00000007aacb0000)
  object space 321856K, 99% used [0x0000000700600000,0x000000071403a918,0x0000000714050000)
 PSPermGen       total 21248K, used 17935K [0x00000006fb400000, 0x00000006fc8c0000, 0x0000000700600000)
  object space 21248K, 84% used [0x00000006fb400000,0x00000006fc583e88,0x00000006fc8c0000)
Event: 7.078 GC heap after
Heap after GC invocations=6 (full 1):
 PSYoungGen      total 141824K, used 0K [0x00000007aacb0000, 0x00000007c24b0000, 0x0000000800000000)
  eden space 130944K, 0% used [0x00000007aacb0000,0x00000007aacb0000,0x00000007b2c90000)
  from space 10880K, 0% used [0x00000007b2c90000,0x00000007b2c90000,0x00000007b3730000)
  to   space 61568K, 0% used [0x00000007be890000,0x00000007be890000,0x00000007c24b0000)
 ParOldGen       total 151232K, used 19854K [0x0000000700600000, 0x00000007099b0000, 0x00000007aacb0000)
  object space 151232K, 13% used [0x0000000700600000,0x0000000701963bd8,0x00000007099b0000)
 PSPermGen       total 36160K, used 17929K [0x00000006fb400000, 0x00000006fd750000, 0x0000000700600000)
  object space 36160K, 49% used [0x00000006fb400000,0x00000006fc582410,0x00000006fd750000)
}
Event: 7.697 GC heap before
{Heap before GC invocations=7 (full 2):
 PSYoungGen      total 141824K, used 130944K [0x00000007aacb0000, 0x00000007c24b0000, 0x0000000800000000)
  eden space 130944K, 100% used [0x00000007aacb0000,0x00000007b2c90000,0x00000007b2c90000)
  from space 10880K, 0% used [0x00000007b2c90000,0x00000007b2c90000,0x00000007b3730000)
  to   space 61568K, 0% used [0x00000007be890000,0x00000007be890000,0x00000007c24b0000)
 ParOldGen       total 216704K, used 216662K [0x0000000700600000, 0x000000070d9a0000, 0x00000007aacb0000)
  object space 216704K, 99% used [0x0000000700600000,0x000000070d995b68,0x000000070d9a0000)
 PSPermGen       total 36160K, used 17933K [0x00000006fb400000, 0x00000006fd750000, 0x0000000700600000)
  object space 36160K, 49% used [0x00000006fb400000,0x00000006fc5835d0,0x00000006fd750000)
Event: 7.723 GC heap after
Heap after GC invocations=7 (full 2):
 PSYoungGen      total 141824K, used 0K [0x00000007aacb0000, 0x00000007c24b0000, 0x0000000800000000)
  eden space 130944K, 0% used [0x00000007aacb0000,0x00000007aacb0000,0x00000007b2c90000)
  from space 10880K, 0% used [0x00000007b2c90000,0x00000007b2c90000,0x00000007b3730000)
  to   space 61568K, 0% used [0x00000007be890000,0x00000007be890000,0x00000007c24b0000)
 ParOldGen       total 201856K, used 29170K [0x0000000700600000, 0x000000070cb20000, 0x00000007aacb0000)
  object space 201856K, 14% used [0x0000000700600000,0x000000070227ca28,0x000000070cb20000)
 PSPermGen       total 40896K, used 17933K [0x00000006fb400000, 0x00000006fdbf0000, 0x0000000700600000)
  object space 40896K, 43% used [0x00000006fb400000,0x00000006fc5835d0,0x00000006fdbf0000)
}
Event: 8.483 GC heap before
{Heap before GC invocations=8 (full 3):
 PSYoungGen      total 141824K, used 130942K [0x00000007aacb0000, 0x00000007c24b0000, 0x0000000800000000)
  eden space 130944K, 99% used [0x00000007aacb0000,0x00000007b2c8f810,0x00000007b2c90000)
  from space 10880K, 0% used [0x00000007b2c90000,0x00000007b2c90000,0x00000007b3730000)
  to   space 61568K, 0% used [0x00000007be890000,0x00000007be890000,0x00000007c24b0000)
 ParOldGen       total 285184K, used 284912K [0x0000000700600000, 0x0000000711c80000, 0x00000007aacb0000)
  object space 285184K, 99% used [0x0000000700600000,0x0000000711c3c098,0x0000000711c80000)
 PSPermGen       total 40896K, used 17935K [0x00000006fb400000, 0x00000006fdbf0000, 0x0000000700600000)
  object space 40896K, 43% used [0x00000006fb400000,0x00000006fc583e40,0x00000006fdbf0000)
Event: 8.518 GC heap after
Heap after GC invocations=8 (full 3):
 PSYoungGen      total 141824K, used 0K [0x00000007aacb0000, 0x00000007c24b0000, 0x0000000800000000)
  eden space 130944K, 0% used [0x00000007aacb0000,0x00000007aacb0000,0x00000007b2c90000)
  from space 10880K, 0% used [0x00000007b2c90000,0x00000007b2c90000,0x00000007b3730000)
  to   space 61568K, 0% used [0x00000007be890000,0x00000007be890000,0x00000007c24b0000)
 ParOldGen       total 239872K, used 25432K [0x0000000700600000, 0x000000070f040000, 0x00000007aacb0000)
  object space 239872K, 10% used [0x0000000700600000,0x0000000701ed63c8,0x000000070f040000)
 PSPermGen       total 39168K, used 17935K [0x00000006fb400000, 0x00000006fda40000, 0x0000000700600000)
  object space 39168K, 45% used [0x00000006fb400000,0x00000006fc583e00,0x00000006fda40000)
}
Event: 9.076 GC heap before
{Heap before GC invocations=9 (full 3):
 PSYoungGen      total 141824K, used 128109K [0x00000007aacb0000, 0x00000007c24b0000, 0x0000000800000000)
  eden space 130944K, 97% used [0x00000007aacb0000,0x00000007b29cb480,0x00000007b2c90000)
  from space 10880K, 0% used [0x00000007b2c90000,0x00000007b2c90000,0x00000007b3730000)
  to   space 61568K, 0% used [0x00000007be890000,0x00000007be890000,0x00000007c24b0000)
 ParOldGen       total 239872K, used 25432K [0x0000000700600000, 0x000000070f040000, 0x00000007aacb0000)
  object space 239872K, 10% used [0x0000000700600000,0x0000000701ed63c8,0x000000070f040000)
 PSPermGen       total 39168K, used 17943K [0x00000006fb400000, 0x00000006fda40000, 0x0000000700600000)
  object space 39168K, 45% used [0x00000006fb400000,0x00000006fc585d40,0x00000006fda40000)
Event: 9.081 GC heap after
Heap after GC invocations=9 (full 3):
 PSYoungGen      total 200128K, used 21233K [0x00000007aacb0000, 0x00000007bfd50000, 0x0000000800000000)
  eden space 178880K, 0% used [0x00000007aacb0000,0x00000007aacb0000,0x00000007b5b60000)
  from space 21248K, 99% used [0x00000007be890000,0x00000007bfd4c610,0x00000007bfd50000)
  to   space 57792K, 0% used [0x00000007b8c70000,0x00000007b8c70000,0x00000007bc4e0000)
 ParOldGen       total 239872K, used 25432K [0x0000000700600000, 0x000000070f040000, 0x00000007aacb0000)
  object space 239872K, 10% used [0x0000000700600000,0x0000000701ed63c8,0x000000070f040000)
 PSPermGen       total 39168K, used 17943K [0x00000006fb400000, 0x00000006fda40000, 0x0000000700600000)
  object space 39168K, 45% used [0x00000006fb400000,0x00000006fc585d40,0x00000006fda40000)
}

