# JRE version: 7.0_07-b11
# Java VM: Java HotSpot(TM) 64-Bit Server VM (23.3-b01 mixed mode windows-amd64 compressed oops)
Heap
 PSYoungGen      total 1154624K, used 80965K [0x00000007aacb0000, 0x00000007f97f0000, 0x0000000800000000)
  eden space 1120384K, 4% used [0x00000007aacb0000,0x00000007ada61738,0x00000007ef2d0000)
  from space 34240K, 99% used [0x00000007f45e0000,0x00000007f6740010,0x00000007f6750000)
  to   space 49792K, 0% used [0x00000007f6750000,0x00000007f6750000,0x00000007f97f0000)
 ParOldGen       total 175808K, used 26984K [0x0000000700600000, 0x000000070b1b0000, 0x00000007aacb0000)
  object space 175808K, 15% used [0x0000000700600000,0x000000070205a320,0x000000070b1b0000)
 PSPermGen       total 41408K, used 18398K [0x00000006fb400000, 0x00000006fdc70000, 0x0000000700600000)
  object space 41408K, 44% used [0x00000006fb400000,0x00000006fc5f7b78,0x00000006fdc70000)
GC Heap History (10 events):
Event: 23.304 GC heap before
{Heap before GC invocations=17 (full 2):
 PSYoungGen      total 1340224K, used 1288871K [0x00000007aacb0000, 0x0000000800000000, 0x0000000800000000)
  eden space 1289408K, 99% used [0x00000007aacb0000,0x00000007f9759cf8,0x00000007f97e0000)
  from space 50816K, 0% used [0x00000007fce60000,0x00000007fce60000,0x0000000800000000)
  to   space 53312K, 0% used [0x00000007f97e0000,0x00000007f97e0000,0x00000007fcbf0000)
 ParOldGen       total 175808K, used 26920K [0x0000000700600000, 0x000000070b1b0000, 0x00000007aacb0000)
  object space 175808K, 15% used [0x0000000700600000,0x000000070204a320,0x000000070b1b0000)
 PSPermGen       total 41408K, used 18266K [0x00000006fb400000, 0x00000006fdc70000, 0x0000000700600000)
  object space 41408K, 44% used [0x00000006fb400000,0x00000006fc5d6a08,0x00000006fdc70000)
Event: 23.312 GC heap after
Heap after GC invocations=17 (full 2):
 PSYoungGen      total 1325632K, used 36200K [0x00000007aacb0000, 0x0000000800000000, 0x0000000800000000)
  eden space 1289408K, 0% used [0x00000007aacb0000,0x00000007aacb0000,0x00000007f97e0000)
  from space 36224K, 99% used [0x00000007f97e0000,0x00000007fbb3a3e0,0x00000007fbb40000)
  to   space 53504K, 0% used [0x00000007fcbc0000,0x00000007fcbc0000,0x0000000800000000)
 ParOldGen       total 175808K, used 26920K [0x0000000700600000, 0x000000070b1b0000, 0x00000007aacb0000)
  object space 175808K, 15% used [0x0000000700600000,0x000000070204a320,0x000000070b1b0000)
 PSPermGen       total 41408K, used 18266K [0x00000006fb400000, 0x00000006fdc70000, 0x0000000700600000)
  object space 41408K, 44% used [0x00000006fb400000,0x00000006fc5d6a08,0x00000006fdc70000)
}
Event: 26.248 GC heap before
{Heap before GC invocations=18 (full 2):
 PSYoungGen      total 1325632K, used 1323945K [0x00000007aacb0000, 0x0000000800000000, 0x0000000800000000)
  eden space 1289408K, 99% used [0x00000007aacb0000,0x00000007f9640098,0x00000007f97e0000)
  from space 36224K, 99% used [0x00000007f97e0000,0x00000007fbb3a3e0,0x00000007fbb40000)
  to   space 53504K, 0% used [0x00000007fcbc0000,0x00000007fcbc0000,0x0000000800000000)
 ParOldGen       total 175808K, used 26920K [0x0000000700600000, 0x000000070b1b0000, 0x00000007aacb0000)
  object space 175808K, 15% used [0x0000000700600000,0x000000070204a320,0x000000070b1b0000)
 PSPermGen       total 41408K, used 18298K [0x00000006fb400000, 0x00000006fdc70000, 0x0000000700600000)
  object space 41408K, 44% used [0x00000006fb400000,0x00000006fc5de960,0x00000006fdc70000)
Event: 26.255 GC heap after
Heap after GC invocations=18 (full 2):
 PSYoungGen      total 1342528K, used 36136K [0x00000007aacb0000, 0x0000000800000000, 0x0000000800000000)
  eden space 1289024K, 0% used [0x00000007aacb0000,0x00000007aacb0000,0x00000007f9780000)
  from space 53504K, 67% used [0x00000007fcbc0000,0x00000007fef0a3e0,0x0000000800000000)
  to   space 53504K, 0% used [0x00000007f9780000,0x00000007f9780000,0x00000007fcbc0000)
 ParOldGen       total 175808K, used 26944K [0x0000000700600000, 0x000000070b1b0000, 0x00000007aacb0000)
  object space 175808K, 15% used [0x0000000700600000,0x0000000702050320,0x000000070b1b0000)
 PSPermGen       total 41408K, used 18298K [0x00000006fb400000, 0x00000006fdc70000, 0x0000000700600000)
  object space 41408K, 44% used [0x00000006fb400000,0x00000006fc5de960,0x00000006fdc70000)
}
Event: 29.237 GC heap before
{Heap before GC invocations=19 (full 2):
 PSYoungGen      total 1342528K, used 1324875K [0x00000007aacb0000, 0x0000000800000000, 0x0000000800000000)
  eden space 1289024K, 99% used [0x00000007aacb0000,0x00000007f9738bd0,0x00000007f9780000)
  from space 53504K, 67% used [0x00000007fcbc0000,0x00000007fef0a3e0,0x0000000800000000)
  to   space 53504K, 0% used [0x00000007f9780000,0x00000007f9780000,0x00000007fcbc0000)
 ParOldGen       total 175808K, used 26944K [0x0000000700600000, 0x000000070b1b0000, 0x00000007aacb0000)
  object space 175808K, 15% used [0x0000000700600000,0x0000000702050320,0x000000070b1b0000)
 PSPermGen       total 41408K, used 18349K [0x00000006fb400000, 0x00000006fdc70000, 0x0000000700600000)
  object space 41408K, 44% used [0x00000006fb400000,0x00000006fc5eb7d0,0x00000006fdc70000)
Event: 29.242 GC heap after
Heap after GC invocations=19 (full 2):
 PSYoungGen      total 1230336K, used 350K [0x00000007aacb0000, 0x00000007fcbd0000, 0x0000000800000000)
  eden space 1229952K, 0% used [0x00000007aacb0000,0x00000007aacb0000,0x00000007f5dd0000)
  from space 384K, 91% used [0x00000007f9780000,0x00000007f97d7a50,0x00000007f97e0000)
  to   space 53184K, 0% used [0x00000007f97e0000,0x00000007f97e0000,0x00000007fcbd0000)
 ParOldGen       total 175808K, used 26984K [0x0000000700600000, 0x000000070b1b0000, 0x00000007aacb0000)
  object space 175808K, 15% used [0x0000000700600000,0x000000070205a320,0x000000070b1b0000)
 PSPermGen       total 41408K, used 18349K [0x00000006fb400000, 0x00000006fdc70000, 0x0000000700600000)
  object space 41408K, 44% used [0x00000006fb400000,0x00000006fc5eb7d0,0x00000006fdc70000)
}
Event: 31.972 GC heap before
{Heap before GC invocations=20 (full 2):
 PSYoungGen      total 1230336K, used 1229728K [0x00000007aacb0000, 0x00000007fcbd0000, 0x0000000800000000)
  eden space 1229952K, 99% used [0x00000007aacb0000,0x00000007f5d408e8,0x00000007f5dd0000)
  from space 384K, 91% used [0x00000007f9780000,0x00000007f97d7a50,0x00000007f97e0000)
  to   space 53184K, 0% used [0x00000007f97e0000,0x00000007f97e0000,0x00000007fcbd0000)
 ParOldGen       total 175808K, used 26984K [0x0000000700600000, 0x000000070b1b0000, 0x00000007aacb0000)
  object space 175808K, 15% used [0x0000000700600000,0x000000070205a320,0x000000070b1b0000)
 PSPermGen       total 41408K, used 18362K [0x00000006fb400000, 0x00000006fdc70000, 0x0000000700600000)
  object space 41408K, 44% used [0x00000006fb400000,0x00000006fc5ee9a8,0x00000006fdc70000)
Event: 31.977 GC heap after
Heap after GC invocations=20 (full 2):
 PSYoungGen      total 1197824K, used 24050K [0x00000007aacb0000, 0x00000007faf60000, 0x0000000800000000)
  eden space 1173760K, 0% used [0x00000007aacb0000,0x00000007aacb0000,0x00000007f26f0000)
  from space 24064K, 99% used [0x00000007f97e0000,0x00000007faf5cbc0,0x00000007faf60000)
  to   space 54016K, 0% used [0x00000007f45e0000,0x00000007f45e0000,0x00000007f7aa0000)
 ParOldGen       total 175808K, used 26984K [0x0000000700600000, 0x000000070b1b0000, 0x00000007aacb0000)
  object space 175808K, 15% used [0x0000000700600000,0x000000070205a320,0x000000070b1b0000)
 PSPermGen       total 41408K, used 18362K [0x00000006fb400000, 0x00000006fdc70000, 0x0000000700600000)
  object space 41408K, 44% used [0x00000006fb400000,0x00000006fc5ee9a8,0x00000006fdc70000)
}
Event: 34.497 GC heap before
{Heap before GC invocations=21 (full 2):
 PSYoungGen      total 1197824K, used 1197692K [0x00000007aacb0000, 0x00000007faf60000, 0x0000000800000000)
  eden space 1173760K, 99% used [0x00000007aacb0000,0x00000007f26d25f0,0x00000007f26f0000)
  from space 24064K, 99% used [0x00000007f97e0000,0x00000007faf5cbc0,0x00000007faf60000)
  to   space 54016K, 0% used [0x00000007f45e0000,0x00000007f45e0000,0x00000007f7aa0000)
 ParOldGen       total 175808K, used 26984K [0x0000000700600000, 0x000000070b1b0000, 0x00000007aacb0000)
  object space 175808K, 15% used [0x0000000700600000,0x000000070205a320,0x000000070b1b0000)
 PSPermGen       total 41408K, used 18371K [0x00000006fb400000, 0x00000006fdc70000, 0x0000000700600000)
  object space 41408K, 44% used [0x00000006fb400000,0x00000006fc5f0fc0,0x00000006fdc70000)
Event: 34.504 GC heap after
Heap after GC invocations=21 (full 2):
 PSYoungGen      total 1154624K, used 34176K [0x00000007aacb0000, 0x00000007f97f0000, 0x0000000800000000)
  eden space 1120384K, 0% used [0x00000007aacb0000,0x00000007aacb0000,0x00000007ef2d0000)
  from space 34240K, 99% used [0x00000007f45e0000,0x00000007f6740010,0x00000007f6750000)
  to   space 49792K, 0% used [0x00000007f6750000,0x00000007f6750000,0x00000007f97f0000)
 ParOldGen       total 175808K, used 26984K [0x0000000700600000, 0x000000070b1b0000, 0x00000007aacb0000)
  object space 175808K, 15% used [0x0000000700600000,0x000000070205a320,0x000000070b1b0000)
 PSPermGen       total 41408K, used 18371K [0x00000006fb400000, 0x00000006fdc70000, 0x0000000700600000)
  object space 41408K, 44% used [0x00000006fb400000,0x00000006fc5f0fc0,0x00000006fdc70000)
}

