# JRE version: 7.0_07-b11
# Java VM: Java HotSpot(TM) 64-Bit Server VM (23.3-b01 mixed mode windows-amd64 compressed oops)
Heap
 PSYoungGen      total 252672K, used 195809K [0x00000007aacb0000, 0x00000007bce50000, 0x0000000800000000)
  eden space 223040K, 74% used [0x00000007aacb0000,0x00000007b4f02ab8,0x00000007b8680000)
  from space 29632K, 99% used [0x00000007bb160000,0x00000007bce45980,0x00000007bce50000)
  to   space 35968K, 0% used [0x00000007b8810000,0x00000007b8810000,0x00000007bab30000)
 ParOldGen       total 174528K, used 94569K [0x0000000700600000, 0x000000070b070000, 0x00000007aacb0000)
  object space 174528K, 54% used [0x0000000700600000,0x000000070625a5c8,0x000000070b070000)
 PSPermGen       total 21248K, used 17663K [0x00000006fb400000, 0x00000006fc8c0000, 0x0000000700600000)
  object space 21248K, 83% used [0x00000006fb400000,0x00000006fc53fdc0,0x00000006fc8c0000)
GC Heap History (10 events):
Event: 8.182 GC heap before
{Heap before GC invocations=6 (full 0):
 PSYoungGen      total 141824K, used 139332K [0x00000007aacb0000, 0x00000007bf090000, 0x0000000800000000)
  eden space 130944K, 98% used [0x00000007aacb0000,0x00000007b2a21568,0x00000007b2c90000)
  from space 10880K, 99% used [0x00000007b2c90000,0x00000007b372fb10,0x00000007b3730000)
  to   space 34880K, 0% used [0x00000007bce80000,0x00000007bce80000,0x00000007bf090000)
 ParOldGen       total 174528K, used 72960K [0x0000000700600000, 0x000000070b070000, 0x00000007aacb0000)
  object space 174528K, 41% used [0x0000000700600000,0x0000000704d40088,0x000000070b070000)
 PSPermGen       total 21248K, used 17650K [0x00000006fb400000, 0x00000006fc8c0000, 0x0000000700600000)
  object space 21248K, 83% used [0x00000006fb400000,0x00000006fc53cb20,0x00000006fc8c0000)
Event: 8.190 GC heap after
Heap after GC invocations=6 (full 0):
 PSYoungGen      total 296256K, used 27708K [0x00000007aacb0000, 0x00000007bf010000, 0x0000000800000000)
  eden space 261888K, 0% used [0x00000007aacb0000,0x00000007aacb0000,0x00000007bac70000)
  from space 34368K, 80% used [0x00000007bce80000,0x00000007be98f0d0,0x00000007bf010000)
  to   space 34624K, 0% used [0x00000007bac70000,0x00000007bac70000,0x00000007bce40000)
 ParOldGen       total 174528K, used 72960K [0x0000000700600000, 0x000000070b070000, 0x00000007aacb0000)
  object space 174528K, 41% used [0x0000000700600000,0x0000000704d40088,0x000000070b070000)
 PSPermGen       total 21248K, used 17650K [0x00000006fb400000, 0x00000006fc8c0000, 0x0000000700600000)
  object space 21248K, 83% used [0x00000006fb400000,0x00000006fc53cb20,0x00000006fc8c0000)
}
Event: 10.839 GC heap before
{Heap before GC invocations=7 (full 0):
 PSYoungGen      total 296256K, used 284511K [0x00000007aacb0000, 0x00000007bf010000, 0x0000000800000000)
  eden space 261888K, 98% used [0x00000007aacb0000,0x00000007ba778ca8,0x00000007bac70000)
  from space 34368K, 80% used [0x00000007bce80000,0x00000007be98f0d0,0x00000007bf010000)
  to   space 34624K, 0% used [0x00000007bac70000,0x00000007bac70000,0x00000007bce40000)
 ParOldGen       total 174528K, used 72960K [0x0000000700600000, 0x000000070b070000, 0x00000007aacb0000)
  object space 174528K, 41% used [0x0000000700600000,0x0000000704d40088,0x000000070b070000)
 PSPermGen       total 21248K, used 17653K [0x00000006fb400000, 0x00000006fc8c0000, 0x0000000700600000)
  object space 21248K, 83% used [0x00000006fb400000,0x00000006fc53d760,0x00000006fc8c0000)
Event: 10.848 GC heap after
Heap after GC invocations=7 (full 0):
 PSYoungGen      total 270016K, used 18513K [0x00000007aacb0000, 0x00000007be6a0000, 0x0000000800000000)
  eden space 251456K, 0% used [0x00000007aacb0000,0x00000007aacb0000,0x00000007ba240000)
  from space 18560K, 99% used [0x00000007bac70000,0x00000007bbe84430,0x00000007bbe90000)
  to   space 35008K, 0% used [0x00000007bc470000,0x00000007bc470000,0x00000007be6a0000)
 ParOldGen       total 174528K, used 82339K [0x0000000700600000, 0x000000070b070000, 0x00000007aacb0000)
  object space 174528K, 47% used [0x0000000700600000,0x0000000705668da8,0x000000070b070000)
 PSPermGen       total 21248K, used 17653K [0x00000006fb400000, 0x00000006fc8c0000, 0x0000000700600000)
  object space 21248K, 83% used [0x00000006fb400000,0x00000006fc53d760,0x00000006fc8c0000)
}
Event: 13.431 GC heap before
{Heap before GC invocations=8 (full 0):
 PSYoungGen      total 270016K, used 268316K [0x00000007aacb0000, 0x00000007be6a0000, 0x0000000800000000)
  eden space 251456K, 99% used [0x00000007aacb0000,0x00000007ba0a2f18,0x00000007ba240000)
  from space 18560K, 99% used [0x00000007bac70000,0x00000007bbe84430,0x00000007bbe90000)
  to   space 35008K, 0% used [0x00000007bc470000,0x00000007bc470000,0x00000007be6a0000)
 ParOldGen       total 174528K, used 82339K [0x0000000700600000, 0x000000070b070000, 0x00000007aacb0000)
  object space 174528K, 47% used [0x0000000700600000,0x0000000705668da8,0x000000070b070000)
 PSPermGen       total 21248K, used 17656K [0x00000006fb400000, 0x00000006fc8c0000, 0x0000000700600000)
  object space 21248K, 83% used [0x00000006fb400000,0x00000006fc53e300,0x00000006fc8c0000)
Event: 13.436 GC heap after
Heap after GC invocations=8 (full 0):
 PSYoungGen      total 266752K, used 18449K [0x00000007aacb0000, 0x00000007bdd10000, 0x0000000800000000)
  eden space 241536K, 0% used [0x00000007aacb0000,0x00000007aacb0000,0x00000007b9890000)
  from space 25216K, 73% used [0x00000007bc470000,0x00000007bd674430,0x00000007bdd10000)
  to   space 35072K, 0% used [0x00000007b9890000,0x00000007b9890000,0x00000007bbad0000)
 ParOldGen       total 174528K, used 82395K [0x0000000700600000, 0x000000070b070000, 0x00000007aacb0000)
  object space 174528K, 47% used [0x0000000700600000,0x0000000705676da8,0x000000070b070000)
 PSPermGen       total 21248K, used 17656K [0x00000006fb400000, 0x00000006fc8c0000, 0x0000000700600000)
  object space 21248K, 83% used [0x00000006fb400000,0x00000006fc53e300,0x00000006fc8c0000)
}
Event: 15.920 GC heap before
{Heap before GC invocations=9 (full 0):
 PSYoungGen      total 266752K, used 255834K [0x00000007aacb0000, 0x00000007bdd10000, 0x0000000800000000)
  eden space 241536K, 98% used [0x00000007aacb0000,0x00000007b94824a0,0x00000007b9890000)
  from space 25216K, 73% used [0x00000007bc470000,0x00000007bd674430,0x00000007bdd10000)
  to   space 35072K, 0% used [0x00000007b9890000,0x00000007b9890000,0x00000007bbad0000)
 ParOldGen       total 174528K, used 82395K [0x0000000700600000, 0x000000070b070000, 0x00000007aacb0000)
  object space 174528K, 47% used [0x0000000700600000,0x0000000705676da8,0x000000070b070000)
 PSPermGen       total 21248K, used 17658K [0x00000006fb400000, 0x00000006fc8c0000, 0x0000000700600000)
  object space 21248K, 83% used [0x00000006fb400000,0x00000006fc53ebf8,0x00000006fc8c0000)
Event: 15.923 GC heap after
Heap after GC invocations=9 (full 0):
 PSYoungGen      total 250560K, used 18481K [0x00000007aacb0000, 0x00000007bd370000, 0x0000000800000000)
  eden space 232064K, 0% used [0x00000007aacb0000,0x00000007aacb0000,0x00000007b8f50000)
  from space 18496K, 99% used [0x00000007b9890000,0x00000007baa9c430,0x00000007baaa0000)
  to   space 34880K, 0% used [0x00000007bb160000,0x00000007bb160000,0x00000007bd370000)
 ParOldGen       total 174528K, used 82395K [0x0000000700600000, 0x000000070b070000, 0x00000007aacb0000)
  object space 174528K, 47% used [0x0000000700600000,0x0000000705676da8,0x000000070b070000)
 PSPermGen       total 21248K, used 17658K [0x00000006fb400000, 0x00000006fc8c0000, 0x0000000700600000)
  object space 21248K, 83% used [0x00000006fb400000,0x00000006fc53ebf8,0x00000006fc8c0000)
}
Event: 18.175 GC heap before
{Heap before GC invocations=10 (full 0):
 PSYoungGen      total 250560K, used 245587K [0x00000007aacb0000, 0x00000007bd370000, 0x0000000800000000)
  eden space 232064K, 97% used [0x00000007aacb0000,0x00000007b8a78980,0x00000007b8f50000)
  from space 18496K, 99% used [0x00000007b9890000,0x00000007baa9c430,0x00000007baaa0000)
  to   space 34880K, 0% used [0x00000007bb160000,0x00000007bb160000,0x00000007bd370000)
 ParOldGen       total 174528K, used 82395K [0x0000000700600000, 0x000000070b070000, 0x00000007aacb0000)
  object space 174528K, 47% used [0x0000000700600000,0x0000000705676da8,0x000000070b070000)
 PSPermGen       total 21248K, used 17660K [0x00000006fb400000, 0x00000006fc8c0000, 0x0000000700600000)
  object space 21248K, 83% used [0x00000006fb400000,0x00000006fc53f060,0x00000006fc8c0000)
Event: 18.183 GC heap after
Heap after GC invocations=10 (full 0):
 PSYoungGen      total 252672K, used 29590K [0x00000007aacb0000, 0x00000007bce50000, 0x0000000800000000)
  eden space 223040K, 0% used [0x00000007aacb0000,0x00000007aacb0000,0x00000007b8680000)
  from space 29632K, 99% used [0x00000007bb160000,0x00000007bce45980,0x00000007bce50000)
  to   space 35968K, 0% used [0x00000007b8810000,0x00000007b8810000,0x00000007bab30000)
 ParOldGen       total 174528K, used 94569K [0x0000000700600000, 0x000000070b070000, 0x00000007aacb0000)
  object space 174528K, 54% used [0x0000000700600000,0x000000070625a5c8,0x000000070b070000)
 PSPermGen       total 21248K, used 17660K [0x00000006fb400000, 0x00000006fc8c0000, 0x0000000700600000)
  object space 21248K, 83% used [0x00000006fb400000,0x00000006fc53f060,0x00000006fc8c0000)
}

