# JRE version: 7.0_07-b11
# Java VM: Java HotSpot(TM) 64-Bit Server VM (23.3-b01 mixed mode windows-amd64 compressed oops)
Heap
 PSYoungGen      total 1314880K, used 1111425K [0x00000007aacb0000, 0x00000007ffef0000, 0x0000000800000000)
  eden space 1238976K, 86% used [0x00000007aacb0000,0x00000007ebf42dc8,0x00000007f66a0000)
  from space 75904K, 57% used [0x00000007f66a0000,0x00000007f916d820,0x00000007fb0c0000)
  to   space 73600K, 0% used [0x00000007fb710000,0x00000007fb710000,0x00000007ffef0000)
 ParOldGen       total 362048K, used 296929K [0x0000000700600000, 0x0000000716790000, 0x00000007aacb0000)
  object space 362048K, 82% used [0x0000000700600000,0x00000007127f8738,0x0000000716790000)
 PSPermGen       total 35456K, used 18164K [0x00000006fb400000, 0x00000006fd6a0000, 0x0000000700600000)
  object space 35456K, 51% used [0x00000006fb400000,0x00000006fc5bd368,0x00000006fd6a0000)
GC Heap History (10 events):
Event: 22.265 GC heap before
{Heap before GC invocations=24 (full 5):
 PSYoungGen      total 865536K, used 843394K [0x00000007aacb0000, 0x00000007e5240000, 0x0000000800000000)
  eden space 793408K, 100% used [0x00000007aacb0000,0x00000007db380000,0x00000007db380000)
  from space 72128K, 69% used [0x00000007e0bd0000,0x00000007e3ca0818,0x00000007e5240000)
  to   space 81280K, 0% used [0x00000007db380000,0x00000007db380000,0x00000007e02e0000)
 ParOldGen       total 362048K, used 173850K [0x0000000700600000, 0x0000000716790000, 0x00000007aacb0000)
  object space 362048K, 48% used [0x0000000700600000,0x000000070afc6878,0x0000000716790000)
 PSPermGen       total 35456K, used 18111K [0x00000006fb400000, 0x00000006fd6a0000, 0x0000000700600000)
  object space 35456K, 51% used [0x00000006fb400000,0x00000006fc5afd68,0x00000006fd6a0000)
Event: 22.275 GC heap after
Heap after GC invocations=24 (full 5):
 PSYoungGen      total 874688K, used 37276K [0x00000007aacb0000, 0x00000007f3660000, 0x0000000800000000)
  eden space 793408K, 0% used [0x00000007aacb0000,0x00000007aacb0000,0x00000007db380000)
  from space 81280K, 45% used [0x00000007db380000,0x00000007dd7e7190,0x00000007e02e0000)
  to   space 77568K, 0% used [0x00000007eeaa0000,0x00000007eeaa0000,0x00000007f3660000)
 ParOldGen       total 362048K, used 173850K [0x0000000700600000, 0x0000000716790000, 0x00000007aacb0000)
  object space 362048K, 48% used [0x0000000700600000,0x000000070afc6878,0x0000000716790000)
 PSPermGen       total 35456K, used 18111K [0x00000006fb400000, 0x00000006fd6a0000, 0x0000000700600000)
  object space 35456K, 51% used [0x00000006fb400000,0x00000006fc5afd68,0x00000006fd6a0000)
}
Event: 23.943 GC heap before
{Heap before GC invocations=25 (full 5):
 PSYoungGen      total 874688K, used 827796K [0x00000007aacb0000, 0x00000007f3660000, 0x0000000800000000)
  eden space 793408K, 99% used [0x00000007aacb0000,0x00000007db0adf90,0x00000007db380000)
  from space 81280K, 45% used [0x00000007db380000,0x00000007dd7e7190,0x00000007e02e0000)
  to   space 77568K, 0% used [0x00000007eeaa0000,0x00000007eeaa0000,0x00000007f3660000)
 ParOldGen       total 362048K, used 177267K [0x0000000700600000, 0x0000000716790000, 0x00000007aacb0000)
  object space 362048K, 48% used [0x0000000700600000,0x000000070b31cd48,0x0000000716790000)
 PSPermGen       total 35456K, used 18121K [0x00000006fb400000, 0x00000006fd6a0000, 0x0000000700600000)
  object space 35456K, 51% used [0x00000006fb400000,0x00000006fc5b24b8,0x00000006fd6a0000)
Event: 23.958 GC heap after
Heap after GC invocations=25 (full 5):
 PSYoungGen      total 1085632K, used 54743K [0x00000007aacb0000, 0x00000007f2b50000, 0x0000000800000000)
  eden space 1019392K, 0% used [0x00000007aacb0000,0x00000007aacb0000,0x00000007e9030000)
  from space 66240K, 82% used [0x00000007eeaa0000,0x00000007f2015e28,0x00000007f2b50000)
  to   space 79424K, 0% used [0x00000007e9030000,0x00000007e9030000,0x00000007eddc0000)
 ParOldGen       total 362048K, used 177307K [0x0000000700600000, 0x0000000716790000, 0x00000007aacb0000)
  object space 362048K, 48% used [0x0000000700600000,0x000000070b326d48,0x0000000716790000)
 PSPermGen       total 35456K, used 18121K [0x00000006fb400000, 0x00000006fd6a0000, 0x0000000700600000)
  object space 35456K, 51% used [0x00000006fb400000,0x00000006fc5b24b8,0x00000006fd6a0000)
}
Event: 27.147 GC heap before
{Heap before GC invocations=26 (full 5):
 PSYoungGen      total 1085632K, used 1074135K [0x00000007aacb0000, 0x00000007f2b50000, 0x0000000800000000)
  eden space 1019392K, 100% used [0x00000007aacb0000,0x00000007e9030000,0x00000007e9030000)
  from space 66240K, 82% used [0x00000007eeaa0000,0x00000007f2015e28,0x00000007f2b50000)
  to   space 79424K, 0% used [0x00000007e9030000,0x00000007e9030000,0x00000007eddc0000)
 ParOldGen       total 362048K, used 290589K [0x0000000700600000, 0x0000000716790000, 0x00000007aacb0000)
  object space 362048K, 80% used [0x0000000700600000,0x00000007121c7450,0x0000000716790000)
 PSPermGen       total 35456K, used 18129K [0x00000006fb400000, 0x00000006fd6a0000, 0x0000000700600000)
  object space 35456K, 51% used [0x00000006fb400000,0x00000006fc5b4768,0x00000006fd6a0000)
Event: 27.155 GC heap after
Heap after GC invocations=26 (full 5):
 PSYoungGen      total 1098816K, used 28977K [0x00000007aacb0000, 0x0000000800000000, 0x0000000800000000)
  eden space 1019392K, 0% used [0x00000007aacb0000,0x00000007aacb0000,0x00000007e9030000)
  from space 79424K, 36% used [0x00000007e9030000,0x00000007eac7c630,0x00000007eddc0000)
  to   space 77632K, 0% used [0x00000007fb430000,0x00000007fb430000,0x0000000800000000)
 ParOldGen       total 362048K, used 296696K [0x0000000700600000, 0x0000000716790000, 0x00000007aacb0000)
  object space 362048K, 81% used [0x0000000700600000,0x00000007127be060,0x0000000716790000)
 PSPermGen       total 35456K, used 18129K [0x00000006fb400000, 0x00000006fd6a0000, 0x0000000700600000)
  object space 35456K, 51% used [0x00000006fb400000,0x00000006fc5b4768,0x00000006fd6a0000)
}
Event: 29.291 GC heap before
{Heap before GC invocations=27 (full 5):
 PSYoungGen      total 1098816K, used 1045602K [0x00000007aacb0000, 0x0000000800000000, 0x0000000800000000)
  eden space 1019392K, 99% used [0x00000007aacb0000,0x00000007e8d7c360,0x00000007e9030000)
  from space 79424K, 36% used [0x00000007e9030000,0x00000007eac7c630,0x00000007eddc0000)
  to   space 77632K, 0% used [0x00000007fb430000,0x00000007fb430000,0x0000000800000000)
 ParOldGen       total 362048K, used 296696K [0x0000000700600000, 0x0000000716790000, 0x00000007aacb0000)
  object space 362048K, 81% used [0x0000000700600000,0x00000007127be060,0x0000000716790000)
 PSPermGen       total 35456K, used 18146K [0x00000006fb400000, 0x00000006fd6a0000, 0x0000000700600000)
  object space 35456K, 51% used [0x00000006fb400000,0x00000006fc5b8b08,0x00000006fd6a0000)
Event: 29.302 GC heap after
Heap after GC invocations=27 (full 5):
 PSYoungGen      total 1311360K, used 45409K [0x00000007aacb0000, 0x00000007ffae0000, 0x0000000800000000)
  eden space 1238976K, 0% used [0x00000007aacb0000,0x00000007aacb0000,0x00000007f66a0000)
  from space 72384K, 62% used [0x00000007fb430000,0x00000007fe0887a8,0x00000007ffae0000)
  to   space 75904K, 0% used [0x00000007f66a0000,0x00000007f66a0000,0x00000007fb0c0000)
 ParOldGen       total 362048K, used 296744K [0x0000000700600000, 0x0000000716790000, 0x00000007aacb0000)
  object space 362048K, 81% used [0x0000000700600000,0x00000007127ca060,0x0000000716790000)
 PSPermGen       total 35456K, used 18146K [0x00000006fb400000, 0x00000006fd6a0000, 0x0000000700600000)
  object space 35456K, 51% used [0x00000006fb400000,0x00000006fc5b8b08,0x00000006fd6a0000)
}
Event: 31.491 GC heap before
{Heap before GC invocations=28 (full 5):
 PSYoungGen      total 1311360K, used 1284322K [0x00000007aacb0000, 0x00000007ffae0000, 0x0000000800000000)
  eden space 1238976K, 99% used [0x00000007aacb0000,0x00000007f6690370,0x00000007f66a0000)
  from space 72384K, 62% used [0x00000007fb430000,0x00000007fe0887a8,0x00000007ffae0000)
  to   space 75904K, 0% used [0x00000007f66a0000,0x00000007f66a0000,0x00000007fb0c0000)
 ParOldGen       total 362048K, used 296881K [0x0000000700600000, 0x0000000716790000, 0x00000007aacb0000)
  object space 362048K, 82% used [0x0000000700600000,0x00000007127ec738,0x0000000716790000)
 PSPermGen       total 35456K, used 18153K [0x00000006fb400000, 0x00000006fd6a0000, 0x0000000700600000)
  object space 35456K, 51% used [0x00000006fb400000,0x00000006fc5ba5d8,0x00000006fd6a0000)
Event: 31.502 GC heap after
Heap after GC invocations=28 (full 5):
 PSYoungGen      total 1314880K, used 43830K [0x00000007aacb0000, 0x00000007ffef0000, 0x0000000800000000)
  eden space 1238976K, 0% used [0x00000007aacb0000,0x00000007aacb0000,0x00000007f66a0000)
  from space 75904K, 57% used [0x00000007f66a0000,0x00000007f916d820,0x00000007fb0c0000)
  to   space 73600K, 0% used [0x00000007fb710000,0x00000007fb710000,0x00000007ffef0000)
 ParOldGen       total 362048K, used 296929K [0x0000000700600000, 0x0000000716790000, 0x00000007aacb0000)
  object space 362048K, 82% used [0x0000000700600000,0x00000007127f8738,0x0000000716790000)
 PSPermGen       total 35456K, used 18153K [0x00000006fb400000, 0x00000006fd6a0000, 0x0000000700600000)
  object space 35456K, 51% used [0x00000006fb400000,0x00000006fc5ba5d8,0x00000006fd6a0000)
}

