# JRE version: 7.0_07-b11
# Java VM: Java HotSpot(TM) 64-Bit Server VM (23.3-b01 mixed mode windows-amd64 compressed oops)
Heap
 PSYoungGen      total 577024K, used 457743K [0x00000007aacb0000, 0x00000007d2780000, 0x0000000800000000)
  eden space 530368K, 86% used [0x00000007aacb0000,0x00000007c6bb3fc0,0x00000007cb2a0000)
  from space 46656K, 0% used [0x00000007cf9f0000,0x00000007cf9f0000,0x00000007d2780000)
  to   space 59840K, 0% used [0x00000007cb2a0000,0x00000007cb2a0000,0x00000007ced10000)
 ParOldGen       total 195392K, used 20056K [0x0000000700600000, 0x000000070c4d0000, 0x00000007aacb0000)
  object space 195392K, 10% used [0x0000000700600000,0x0000000701996308,0x000000070c4d0000)
 PSPermGen       total 37632K, used 18127K [0x00000006fb400000, 0x00000006fd8c0000, 0x0000000700600000)
  object space 37632K, 48% used [0x00000006fb400000,0x00000006fc5b3c00,0x00000006fd8c0000)
GC Heap History (10 events):
Event: 17.588 GC heap before
{Heap before GC invocations=14 (full 3):
 PSYoungGen      total 367104K, used 308706K [0x00000007aacb0000, 0x00000007ccca0000, 0x0000000800000000)
  eden space 300800K, 99% used [0x00000007aacb0000,0x00000007bcfedd18,0x00000007bd270000)
  from space 66304K, 15% used [0x00000007bd270000,0x00000007bdcaae70,0x00000007c1330000)
  to   space 65344K, 0% used [0x00000007c8cd0000,0x00000007c8cd0000,0x00000007ccca0000)
 ParOldGen       total 346880K, used 345768K [0x0000000700600000, 0x00000007158c0000, 0x00000007aacb0000)
  object space 346880K, 99% used [0x0000000700600000,0x00000007157aa090,0x00000007158c0000)
 PSPermGen       total 40896K, used 18070K [0x00000006fb400000, 0x00000006fdbf0000, 0x0000000700600000)
  object space 40896K, 44% used [0x00000006fb400000,0x00000006fc5a5928,0x00000006fdbf0000)
Event: 17.642 GC heap after
Heap after GC invocations=14 (full 3):
 PSYoungGen      total 367104K, used 0K [0x00000007aacb0000, 0x00000007ccca0000, 0x0000000800000000)
  eden space 300800K, 0% used [0x00000007aacb0000,0x00000007aacb0000,0x00000007bd270000)
  from space 66304K, 0% used [0x00000007bd270000,0x00000007bd270000,0x00000007c1330000)
  to   space 65344K, 0% used [0x00000007c8cd0000,0x00000007c8cd0000,0x00000007ccca0000)
 ParOldGen       total 165056K, used 20045K [0x0000000700600000, 0x000000070a730000, 0x00000007aacb0000)
  object space 165056K, 12% used [0x0000000700600000,0x0000000701993468,0x000000070a730000)
 PSPermGen       total 39744K, used 18070K [0x00000006fb400000, 0x00000006fdad0000, 0x0000000700600000)
  object space 39744K, 45% used [0x00000006fb400000,0x00000006fc5a5928,0x00000006fdad0000)
}
Event: 18.703 GC heap before
{Heap before GC invocations=15 (full 3):
 PSYoungGen      total 367104K, used 297909K [0x00000007aacb0000, 0x00000007ccca0000, 0x0000000800000000)
  eden space 300800K, 99% used [0x00000007aacb0000,0x00000007bcf9d720,0x00000007bd270000)
  from space 66304K, 0% used [0x00000007bd270000,0x00000007bd270000,0x00000007c1330000)
  to   space 65344K, 0% used [0x00000007c8cd0000,0x00000007c8cd0000,0x00000007ccca0000)
 ParOldGen       total 165056K, used 20045K [0x0000000700600000, 0x000000070a730000, 0x00000007aacb0000)
  object space 165056K, 12% used [0x0000000700600000,0x0000000701993468,0x000000070a730000)
 PSPermGen       total 39744K, used 18071K [0x00000006fb400000, 0x00000006fdad0000, 0x0000000700600000)
  object space 39744K, 45% used [0x00000006fb400000,0x00000006fc5a5c18,0x00000006fdad0000)
Event: 18.711 GC heap after
Heap after GC invocations=15 (full 3):
 PSYoungGen      total 449024K, used 31042K [0x00000007aacb0000, 0x00000007cb5d0000, 0x0000000800000000)
  eden space 407040K, 0% used [0x00000007aacb0000,0x00000007aacb0000,0x00000007c3a30000)
  from space 41984K, 73% used [0x00000007c8cd0000,0x00000007cab20b50,0x00000007cb5d0000)
  to   space 63296K, 0% used [0x00000007c3a30000,0x00000007c3a30000,0x00000007c7800000)
 ParOldGen       total 165056K, used 20045K [0x0000000700600000, 0x000000070a730000, 0x00000007aacb0000)
  object space 165056K, 12% used [0x0000000700600000,0x0000000701993468,0x000000070a730000)
 PSPermGen       total 39744K, used 18071K [0x00000006fb400000, 0x00000006fdad0000, 0x0000000700600000)
  object space 39744K, 45% used [0x00000006fb400000,0x00000006fc5a5c18,0x00000006fdad0000)
}
Event: 20.153 GC heap before
{Heap before GC invocations=16 (full 3):
 PSYoungGen      total 449024K, used 436056K [0x00000007aacb0000, 0x00000007cb5d0000, 0x0000000800000000)
  eden space 407040K, 99% used [0x00000007aacb0000,0x00000007c38355c0,0x00000007c3a30000)
  from space 41984K, 73% used [0x00000007c8cd0000,0x00000007cab20b50,0x00000007cb5d0000)
  to   space 63296K, 0% used [0x00000007c3a30000,0x00000007c3a30000,0x00000007c7800000)
 ParOldGen       total 165056K, used 20045K [0x0000000700600000, 0x000000070a730000, 0x00000007aacb0000)
  object space 165056K, 12% used [0x0000000700600000,0x0000000701993468,0x000000070a730000)
 PSPermGen       total 39744K, used 18079K [0x00000006fb400000, 0x00000006fdad0000, 0x0000000700600000)
  object space 39744K, 45% used [0x00000006fb400000,0x00000006fc5a7f88,0x00000006fdad0000)
Event: 20.160 GC heap after
Heap after GC invocations=16 (full 3):
 PSYoungGen      total 470336K, used 28764K [0x00000007aacb0000, 0x00000007d34f0000, 0x0000000800000000)
  eden space 407040K, 0% used [0x00000007aacb0000,0x00000007aacb0000,0x00000007c3a30000)
  from space 63296K, 45% used [0x00000007c3a30000,0x00000007c56472a0,0x00000007c7800000)
  to   space 60416K, 0% used [0x00000007cf9f0000,0x00000007cf9f0000,0x00000007d34f0000)
 ParOldGen       total 165056K, used 30344K [0x0000000700600000, 0x000000070a730000, 0x00000007aacb0000)
  object space 165056K, 18% used [0x0000000700600000,0x00000007023a22d8,0x000000070a730000)
 PSPermGen       total 39744K, used 18079K [0x00000006fb400000, 0x00000006fdad0000, 0x0000000700600000)
  object space 39744K, 45% used [0x00000006fb400000,0x00000006fc5a7f88,0x00000006fdad0000)
}
Event: 21.577 GC heap before
{Heap before GC invocations=17 (full 3):
 PSYoungGen      total 470336K, used 431098K [0x00000007aacb0000, 0x00000007d34f0000, 0x0000000800000000)
  eden space 407040K, 98% used [0x00000007aacb0000,0x00000007c35975c0,0x00000007c3a30000)
  from space 63296K, 45% used [0x00000007c3a30000,0x00000007c56472a0,0x00000007c7800000)
  to   space 60416K, 0% used [0x00000007cf9f0000,0x00000007cf9f0000,0x00000007d34f0000)
 ParOldGen       total 165056K, used 36419K [0x0000000700600000, 0x000000070a730000, 0x00000007aacb0000)
  object space 165056K, 22% used [0x0000000700600000,0x0000000702990ee8,0x000000070a730000)
 PSPermGen       total 39744K, used 18086K [0x00000006fb400000, 0x00000006fdad0000, 0x0000000700600000)
  object space 39744K, 45% used [0x00000006fb400000,0x00000006fc5a9bc0,0x00000006fdad0000)
Event: 21.580 GC heap after
Heap after GC invocations=17 (full 3):
 PSYoungGen      total 577024K, used 10507K [0x00000007aacb0000, 0x00000007d2780000, 0x0000000800000000)
  eden space 530368K, 0% used [0x00000007aacb0000,0x00000007aacb0000,0x00000007cb2a0000)
  from space 46656K, 22% used [0x00000007cf9f0000,0x00000007d0432e70,0x00000007d2780000)
  to   space 59840K, 0% used [0x00000007cb2a0000,0x00000007cb2a0000,0x00000007ced10000)
 ParOldGen       total 165056K, used 36467K [0x0000000700600000, 0x000000070a730000, 0x00000007aacb0000)
  object space 165056K, 22% used [0x0000000700600000,0x000000070299cee8,0x000000070a730000)
 PSPermGen       total 39744K, used 18086K [0x00000006fb400000, 0x00000006fdad0000, 0x0000000700600000)
  object space 39744K, 45% used [0x00000006fb400000,0x00000006fc5a9bc0,0x00000006fdad0000)
}
Event: 24.577 GC heap before
{Heap before GC invocations=18 (full 4):
 PSYoungGen      total 577024K, used 539976K [0x00000007aacb0000, 0x00000007d2780000, 0x0000000800000000)
  eden space 530368K, 99% used [0x00000007aacb0000,0x00000007cb1bf380,0x00000007cb2a0000)
  from space 46656K, 22% used [0x00000007cf9f0000,0x00000007d0432e70,0x00000007d2780000)
  to   space 59840K, 0% used [0x00000007cb2a0000,0x00000007cb2a0000,0x00000007ced10000)
 ParOldGen       total 346240K, used 342876K [0x0000000700600000, 0x0000000715820000, 0x00000007aacb0000)
  object space 346240K, 99% used [0x0000000700600000,0x00000007154d7228,0x0000000715820000)
 PSPermGen       total 39744K, used 18094K [0x00000006fb400000, 0x00000006fdad0000, 0x0000000700600000)
  object space 39744K, 45% used [0x00000006fb400000,0x00000006fc5ab8f0,0x00000006fdad0000)
Event: 24.617 GC heap after
Heap after GC invocations=18 (full 4):
 PSYoungGen      total 577024K, used 0K [0x00000007aacb0000, 0x00000007d2780000, 0x0000000800000000)
  eden space 530368K, 0% used [0x00000007aacb0000,0x00000007aacb0000,0x00000007cb2a0000)
  from space 46656K, 0% used [0x00000007cf9f0000,0x00000007cf9f0000,0x00000007d2780000)
  to   space 59840K, 0% used [0x00000007cb2a0000,0x00000007cb2a0000,0x00000007ced10000)
 ParOldGen       total 195392K, used 20056K [0x0000000700600000, 0x000000070c4d0000, 0x00000007aacb0000)
  object space 195392K, 10% used [0x0000000700600000,0x0000000701996308,0x000000070c4d0000)
 PSPermGen       total 37632K, used 18094K [0x00000006fb400000, 0x00000006fd8c0000, 0x0000000700600000)
  object space 37632K, 48% used [0x00000006fb400000,0x00000006fc5ab8f0,0x00000006fd8c0000)
}

