# JRE version: 7.0_07-b11
# Java VM: Java HotSpot(TM) 64-Bit Server VM (23.3-b01 mixed mode windows-amd64 compressed oops)
Heap
 PSYoungGen      total 553216K, used 94442K [0x00000007aacb0000, 0x00000007ce6d0000, 0x0000000800000000)
  eden space 523776K, 14% used [0x00000007aacb0000,0x00000007af6de780,0x00000007cac30000)
  from space 29440K, 62% used [0x00000007cca10000,0x00000007cdc1c430,0x00000007ce6d0000)
  to   space 30016K, 0% used [0x00000007cac30000,0x00000007cac30000,0x00000007cc980000)
 ParOldGen       total 174528K, used 57314K [0x0000000700600000, 0x000000070b070000, 0x00000007aacb0000)
  object space 174528K, 32% used [0x0000000700600000,0x0000000703df8b00,0x000000070b070000)
 PSPermGen       total 21248K, used 17666K [0x00000006fb400000, 0x00000006fc8c0000, 0x0000000700600000)
  object space 21248K, 83% used [0x00000006fb400000,0x00000006fc5408e8,0x00000006fc8c0000)
GC Heap History (10 events):
Event: 5.568 GC heap before
{Heap before GC invocations=4 (full 0):
 PSYoungGen      total 76352K, used 72914K [0x00000007aacb0000, 0x00000007b41d0000, 0x0000000800000000)
  eden space 65472K, 94% used [0x00000007aacb0000,0x00000007ae949d00,0x00000007aeca0000)
  from space 10880K, 99% used [0x00000007aeca0000,0x00000007af73ac30,0x00000007af740000)
  to   space 10880K, 0% used [0x00000007b3730000,0x00000007b3730000,0x00000007b41d0000)
 ParOldGen       total 174528K, used 28227K [0x0000000700600000, 0x000000070b070000, 0x00000007aacb0000)
  object space 174528K, 16% used [0x0000000700600000,0x0000000702190e90,0x000000070b070000)
 PSPermGen       total 21248K, used 17634K [0x00000006fb400000, 0x00000006fc8c0000, 0x0000000700600000)
  object space 21248K, 82% used [0x00000006fb400000,0x00000006fc538bb0,0x00000006fc8c0000)
Event: 5.583 GC heap after
Heap after GC invocations=4 (full 0):
 PSYoungGen      total 141824K, used 10875K [0x00000007aacb0000, 0x00000007b41d0000, 0x0000000800000000)
  eden space 130944K, 0% used [0x00000007aacb0000,0x00000007aacb0000,0x00000007b2c90000)
  from space 10880K, 99% used [0x00000007b3730000,0x00000007b41cec40,0x00000007b41d0000)
  to   space 10880K, 0% used [0x00000007b2c90000,0x00000007b2c90000,0x00000007b3730000)
 ParOldGen       total 174528K, used 40425K [0x0000000700600000, 0x000000070b070000, 0x00000007aacb0000)
  object space 174528K, 23% used [0x0000000700600000,0x0000000702d7a6b0,0x000000070b070000)
 PSPermGen       total 21248K, used 17634K [0x00000006fb400000, 0x00000006fc8c0000, 0x0000000700600000)
  object space 21248K, 82% used [0x00000006fb400000,0x00000006fc538bb0,0x00000006fc8c0000)
}
Event: 6.297 GC heap before
{Heap before GC invocations=5 (full 0):
 PSYoungGen      total 141824K, used 140166K [0x00000007aacb0000, 0x00000007b41d0000, 0x0000000800000000)
  eden space 130944K, 98% used [0x00000007aacb0000,0x00000007b2af2ca0,0x00000007b2c90000)
  from space 10880K, 99% used [0x00000007b3730000,0x00000007b41cec40,0x00000007b41d0000)
  to   space 10880K, 0% used [0x00000007b2c90000,0x00000007b2c90000,0x00000007b3730000)
 ParOldGen       total 174528K, used 40425K [0x0000000700600000, 0x000000070b070000, 0x00000007aacb0000)
  object space 174528K, 23% used [0x0000000700600000,0x0000000702d7a6b0,0x000000070b070000)
 PSPermGen       total 21248K, used 17637K [0x00000006fb400000, 0x00000006fc8c0000, 0x0000000700600000)
  object space 21248K, 83% used [0x00000006fb400000,0x00000006fc5397b0,0x00000006fc8c0000)
Event: 6.305 GC heap after
Heap after GC invocations=5 (full 0):
 PSYoungGen      total 141824K, used 10875K [0x00000007aacb0000, 0x00000007beab0000, 0x0000000800000000)
  eden space 130944K, 0% used [0x00000007aacb0000,0x00000007aacb0000,0x00000007b2c90000)
  from space 10880K, 99% used [0x00000007b2c90000,0x00000007b372ec60,0x00000007b3730000)
  to   space 31872K, 0% used [0x00000007bcb90000,0x00000007bcb90000,0x00000007beab0000)
 ParOldGen       total 174528K, used 52591K [0x0000000700600000, 0x000000070b070000, 0x00000007aacb0000)
  object space 174528K, 30% used [0x0000000700600000,0x000000070395bed0,0x000000070b070000)
 PSPermGen       total 21248K, used 17637K [0x00000006fb400000, 0x00000006fc8c0000, 0x0000000700600000)
  object space 21248K, 83% used [0x00000006fb400000,0x00000006fc5397b0,0x00000006fc8c0000)
}
Event: 7.000 GC heap before
{Heap before GC invocations=6 (full 0):
 PSYoungGen      total 141824K, used 139577K [0x00000007aacb0000, 0x00000007beab0000, 0x0000000800000000)
  eden space 130944K, 98% used [0x00000007aacb0000,0x00000007b2a5fb48,0x00000007b2c90000)
  from space 10880K, 99% used [0x00000007b2c90000,0x00000007b372ec60,0x00000007b3730000)
  to   space 31872K, 0% used [0x00000007bcb90000,0x00000007bcb90000,0x00000007beab0000)
 ParOldGen       total 174528K, used 52591K [0x0000000700600000, 0x000000070b070000, 0x00000007aacb0000)
  object space 174528K, 30% used [0x0000000700600000,0x000000070395bed0,0x000000070b070000)
 PSPermGen       total 21248K, used 17638K [0x00000006fb400000, 0x00000006fc8c0000, 0x0000000700600000)
  object space 21248K, 83% used [0x00000006fb400000,0x00000006fc539ab0,0x00000006fc8c0000)
Event: 7.008 GC heap after
Heap after GC invocations=6 (full 0):
 PSYoungGen      total 292480K, used 23185K [0x00000007aacb0000, 0x00000007be970000, 0x0000000800000000)
  eden space 261888K, 0% used [0x00000007aacb0000,0x00000007aacb0000,0x00000007bac70000)
  from space 30592K, 75% used [0x00000007bcb90000,0x00000007be234460,0x00000007be970000)
  to   space 31232K, 0% used [0x00000007bac70000,0x00000007bac70000,0x00000007bcaf0000)
 ParOldGen       total 174528K, used 52591K [0x0000000700600000, 0x000000070b070000, 0x00000007aacb0000)
  object space 174528K, 30% used [0x0000000700600000,0x000000070395bed0,0x000000070b070000)
 PSPermGen       total 21248K, used 17638K [0x00000006fb400000, 0x00000006fc8c0000, 0x0000000700600000)
  object space 21248K, 83% used [0x00000006fb400000,0x00000006fc539ab0,0x00000006fc8c0000)
}
Event: 8.401 GC heap before
{Heap before GC invocations=7 (full 0):
 PSYoungGen      total 292480K, used 279817K [0x00000007aacb0000, 0x00000007be970000, 0x0000000800000000)
  eden space 261888K, 97% used [0x00000007aacb0000,0x00000007ba74e1a0,0x00000007bac70000)
  from space 30592K, 75% used [0x00000007bcb90000,0x00000007be234460,0x00000007be970000)
  to   space 31232K, 0% used [0x00000007bac70000,0x00000007bac70000,0x00000007bcaf0000)
 ParOldGen       total 174528K, used 52591K [0x0000000700600000, 0x000000070b070000, 0x00000007aacb0000)
  object space 174528K, 30% used [0x0000000700600000,0x000000070395bed0,0x000000070b070000)
 PSPermGen       total 21248K, used 17639K [0x00000006fb400000, 0x00000006fc8c0000, 0x0000000700600000)
  object space 21248K, 83% used [0x00000006fb400000,0x00000006fc539e80,0x00000006fc8c0000)
Event: 8.409 GC heap after
Heap after GC invocations=7 (full 0):
 PSYoungGen      total 293120K, used 18481K [0x00000007aacb0000, 0x00000007ce7f0000, 0x0000000800000000)
  eden space 261888K, 0% used [0x00000007aacb0000,0x00000007aacb0000,0x00000007bac70000)
  from space 31232K, 59% used [0x00000007bac70000,0x00000007bbe7c430,0x00000007bcaf0000)
  to   space 30592K, 0% used [0x00000007cca10000,0x00000007cca10000,0x00000007ce7f0000)
 ParOldGen       total 174528K, used 57314K [0x0000000700600000, 0x000000070b070000, 0x00000007aacb0000)
  object space 174528K, 32% used [0x0000000700600000,0x0000000703df8b00,0x000000070b070000)
 PSPermGen       total 21248K, used 17639K [0x00000006fb400000, 0x00000006fc8c0000, 0x0000000700600000)
  object space 21248K, 83% used [0x00000006fb400000,0x00000006fc539e80,0x00000006fc8c0000)
}
Event: 9.292 GC heap before
{Heap before GC invocations=8 (full 0):
 PSYoungGen      total 293120K, used 274605K [0x00000007aacb0000, 0x00000007ce7f0000, 0x0000000800000000)
  eden space 261888K, 97% used [0x00000007aacb0000,0x00000007ba6cf1b0,0x00000007bac70000)
  from space 31232K, 59% used [0x00000007bac70000,0x00000007bbe7c430,0x00000007bcaf0000)
  to   space 30592K, 0% used [0x00000007cca10000,0x00000007cca10000,0x00000007ce7f0000)
 ParOldGen       total 174528K, used 57314K [0x0000000700600000, 0x000000070b070000, 0x00000007aacb0000)
  object space 174528K, 32% used [0x0000000700600000,0x0000000703df8b00,0x000000070b070000)
 PSPermGen       total 21248K, used 17642K [0x00000006fb400000, 0x00000006fc8c0000, 0x0000000700600000)
  object space 21248K, 83% used [0x00000006fb400000,0x00000006fc53a960,0x00000006fc8c0000)
Event: 9.297 GC heap after
Heap after GC invocations=8 (full 0):
 PSYoungGen      total 553216K, used 18481K [0x00000007aacb0000, 0x00000007ce6d0000, 0x0000000800000000)
  eden space 523776K, 0% used [0x00000007aacb0000,0x00000007aacb0000,0x00000007cac30000)
  from space 29440K, 62% used [0x00000007cca10000,0x00000007cdc1c430,0x00000007ce6d0000)
  to   space 30016K, 0% used [0x00000007cac30000,0x00000007cac30000,0x00000007cc980000)
 ParOldGen       total 174528K, used 57314K [0x0000000700600000, 0x000000070b070000, 0x00000007aacb0000)
  object space 174528K, 32% used [0x0000000700600000,0x0000000703df8b00,0x000000070b070000)
 PSPermGen       total 21248K, used 17642K [0x00000006fb400000, 0x00000006fc8c0000, 0x0000000700600000)
  object space 21248K, 83% used [0x00000006fb400000,0x00000006fc53a960,0x00000006fc8c0000)
}

