# JRE version: 7.0_07-b11
# Java VM: Java HotSpot(TM) 64-Bit Server VM (23.3-b01 mixed mode windows-amd64 compressed oops)
Heap
 PSYoungGen      total 152384K, used 51574K [0x00000007aacb0000, 0x00000007b8db0000, 0x0000000800000000)
  eden space 152064K, 33% used [0x00000007aacb0000,0x00000007adebdf68,0x00000007b4130000)
  from space 320K, 99% used [0x00000007b4530000,0x00000007b457fa50,0x00000007b4580000)
  to   space 39168K, 0% used [0x00000007b6770000,0x00000007b6770000,0x00000007b8db0000)
 ParOldGen       total 171456K, used 50567K [0x0000000700600000, 0x000000070ad70000, 0x00000007aacb0000)
  object space 171456K, 29% used [0x0000000700600000,0x0000000703761cf0,0x000000070ad70000)
 PSPermGen       total 21504K, used 18335K [0x00000006fb400000, 0x00000006fc900000, 0x0000000700600000)
  object space 21504K, 85% used [0x00000006fb400000,0x00000006fc5e7ff8,0x00000006fc900000)
GC Heap History (10 events):
Event: 360.878 GC heap before
{Heap before GC invocations=431 (full 22):
 PSYoungGen      total 211776K, used 182586K [0x00000007aacb0000, 0x00000007bba10000, 0x0000000800000000)
  eden space 169408K, 99% used [0x00000007aacb0000,0x00000007b517d1a0,0x00000007b5220000)
  from space 42368K, 32% used [0x00000007b79d0000,0x00000007b87517d0,0x00000007ba330000)
  to   space 40640K, 0% used [0x00000007b5220000,0x00000007b5220000,0x00000007b79d0000)
 ParOldGen       total 171456K, used 26834K [0x0000000700600000, 0x000000070ad70000, 0x00000007aacb0000)
  object space 171456K, 15% used [0x0000000700600000,0x0000000702034b80,0x000000070ad70000)
 PSPermGen       total 21504K, used 18312K [0x00000006fb400000, 0x00000006fc900000, 0x0000000700600000)
  object space 21504K, 85% used [0x00000006fb400000,0x00000006fc5e2050,0x00000006fc900000)
Event: 360.882 GC heap after
Heap after GC invocations=431 (full 22):
 PSYoungGen      total 210048K, used 23954K [0x00000007aacb0000, 0x00000007bbcc0000, 0x0000000800000000)
  eden space 169408K, 0% used [0x00000007aacb0000,0x00000007aacb0000,0x00000007b5220000)
  from space 40640K, 58% used [0x00000007b5220000,0x00000007b6984bc0,0x00000007b79d0000)
  to   space 40704K, 0% used [0x00000007b9500000,0x00000007b9500000,0x00000007bbcc0000)
 ParOldGen       total 171456K, used 26866K [0x0000000700600000, 0x000000070ad70000, 0x00000007aacb0000)
  object space 171456K, 15% used [0x0000000700600000,0x000000070203cb80,0x000000070ad70000)
 PSPermGen       total 21504K, used 18312K [0x00000006fb400000, 0x00000006fc900000, 0x0000000700600000)
  object space 21504K, 85% used [0x00000006fb400000,0x00000006fc5e2050,0x00000006fc900000)
}
Event: 361.249 GC heap before
{Heap before GC invocations=432 (full 22):
 PSYoungGen      total 210048K, used 190294K [0x00000007aacb0000, 0x00000007bbcc0000, 0x0000000800000000)
  eden space 169408K, 98% used [0x00000007aacb0000,0x00000007b4f20f68,0x00000007b5220000)
  from space 40640K, 58% used [0x00000007b5220000,0x00000007b6984bc0,0x00000007b79d0000)
  to   space 40704K, 0% used [0x00000007b9500000,0x00000007b9500000,0x00000007bbcc0000)
 ParOldGen       total 171456K, used 26866K [0x0000000700600000, 0x000000070ad70000, 0x00000007aacb0000)
  object space 171456K, 15% used [0x0000000700600000,0x000000070203cb80,0x000000070ad70000)
 PSPermGen       total 21504K, used 18312K [0x00000006fb400000, 0x00000006fc900000, 0x0000000700600000)
  object space 21504K, 85% used [0x00000006fb400000,0x00000006fc5e2050,0x00000006fc900000)
Event: 361.251 GC heap after
Heap after GC invocations=432 (full 22):
 PSYoungGen      total 178944K, used 14083K [0x00000007aacb0000, 0x00000007ba2d0000, 0x0000000800000000)
  eden space 164800K, 0% used [0x00000007aacb0000,0x00000007aacb0000,0x00000007b4da0000)
  from space 14144K, 99% used [0x00000007b9500000,0x00000007ba2c0c70,0x00000007ba2d0000)
  to   space 39168K, 0% used [0x00000007b5650000,0x00000007b5650000,0x00000007b7c90000)
 ParOldGen       total 171456K, used 26898K [0x0000000700600000, 0x000000070ad70000, 0x00000007aacb0000)
  object space 171456K, 15% used [0x0000000700600000,0x0000000702044b80,0x000000070ad70000)
 PSPermGen       total 21504K, used 18312K [0x00000006fb400000, 0x00000006fc900000, 0x0000000700600000)
  object space 21504K, 85% used [0x00000006fb400000,0x00000006fc5e2050,0x00000006fc900000)
}
Event: 361.605 GC heap before
{Heap before GC invocations=433 (full 22):
 PSYoungGen      total 178944K, used 178442K [0x00000007aacb0000, 0x00000007ba2d0000, 0x0000000800000000)
  eden space 164800K, 99% used [0x00000007aacb0000,0x00000007b4d31e48,0x00000007b4da0000)
  from space 14144K, 99% used [0x00000007b9500000,0x00000007ba2c0c70,0x00000007ba2d0000)
  to   space 39168K, 0% used [0x00000007b5650000,0x00000007b5650000,0x00000007b7c90000)
 ParOldGen       total 171456K, used 26898K [0x0000000700600000, 0x000000070ad70000, 0x00000007aacb0000)
  object space 171456K, 15% used [0x0000000700600000,0x0000000702044b80,0x000000070ad70000)
 PSPermGen       total 21504K, used 18312K [0x00000006fb400000, 0x00000006fc900000, 0x0000000700600000)
  object space 21504K, 85% used [0x00000006fb400000,0x00000006fc5e2050,0x00000006fc900000)
Event: 361.608 GC heap after
Heap after GC invocations=433 (full 22):
 PSYoungGen      total 174272K, used 13829K [0x00000007aacb0000, 0x00000007b9510000, 0x0000000800000000)
  eden space 160384K, 0% used [0x00000007aacb0000,0x00000007aacb0000,0x00000007b4950000)
  from space 13888K, 99% used [0x00000007b5650000,0x00000007b63d17d0,0x00000007b63e0000)
  to   space 37696K, 0% used [0x00000007b7040000,0x00000007b7040000,0x00000007b9510000)
 ParOldGen       total 171456K, used 26930K [0x0000000700600000, 0x000000070ad70000, 0x00000007aacb0000)
  object space 171456K, 15% used [0x0000000700600000,0x000000070204cb80,0x000000070ad70000)
 PSPermGen       total 21504K, used 18312K [0x00000006fb400000, 0x00000006fc900000, 0x0000000700600000)
  object space 21504K, 85% used [0x00000006fb400000,0x00000006fc5e2050,0x00000006fc900000)
}
Event: 361.977 GC heap before
{Heap before GC invocations=434 (full 22):
 PSYoungGen      total 174272K, used 172515K [0x00000007aacb0000, 0x00000007b9510000, 0x0000000800000000)
  eden space 160384K, 98% used [0x00000007aacb0000,0x00000007b47a7680,0x00000007b4950000)
  from space 13888K, 99% used [0x00000007b5650000,0x00000007b63d17d0,0x00000007b63e0000)
  to   space 37696K, 0% used [0x00000007b7040000,0x00000007b7040000,0x00000007b9510000)
 ParOldGen       total 171456K, used 26930K [0x0000000700600000, 0x000000070ad70000, 0x00000007aacb0000)
  object space 171456K, 15% used [0x0000000700600000,0x000000070204cb80,0x000000070ad70000)
 PSPermGen       total 21504K, used 18312K [0x00000006fb400000, 0x00000006fc900000, 0x0000000700600000)
  object space 21504K, 85% used [0x00000006fb400000,0x00000006fc5e2070,0x00000006fc900000)
Event: 361.981 GC heap after
Heap after GC invocations=434 (full 22):
 PSYoungGen      total 188480K, used 24176K [0x00000007aacb0000, 0x00000007b8fd0000, 0x0000000800000000)
  eden space 156160K, 0% used [0x00000007aacb0000,0x00000007aacb0000,0x00000007b4530000)
  from space 32320K, 74% used [0x00000007b7040000,0x00000007b87dc060,0x00000007b8fd0000)
  to   space 38208K, 0% used [0x00000007b4530000,0x00000007b4530000,0x00000007b6a80000)
 ParOldGen       total 171456K, used 26946K [0x0000000700600000, 0x000000070ad70000, 0x00000007aacb0000)
  object space 171456K, 15% used [0x0000000700600000,0x0000000702050b80,0x000000070ad70000)
 PSPermGen       total 21504K, used 18312K [0x00000006fb400000, 0x00000006fc900000, 0x0000000700600000)
  object space 21504K, 85% used [0x00000006fb400000,0x00000006fc5e2070,0x00000006fc900000)
}
Event: 362.472 GC heap before
{Heap before GC invocations=435 (full 22):
 PSYoungGen      total 188480K, used 179288K [0x00000007aacb0000, 0x00000007b8fd0000, 0x0000000800000000)
  eden space 156160K, 99% used [0x00000007aacb0000,0x00000007b442a1a8,0x00000007b4530000)
  from space 32320K, 74% used [0x00000007b7040000,0x00000007b87dc060,0x00000007b8fd0000)
  to   space 38208K, 0% used [0x00000007b4530000,0x00000007b4530000,0x00000007b6a80000)
 ParOldGen       total 171456K, used 26946K [0x0000000700600000, 0x000000070ad70000, 0x00000007aacb0000)
  object space 171456K, 15% used [0x0000000700600000,0x0000000702050b80,0x000000070ad70000)
 PSPermGen       total 21504K, used 18312K [0x00000006fb400000, 0x00000006fc900000, 0x0000000700600000)
  object space 21504K, 85% used [0x00000006fb400000,0x00000006fc5e2070,0x00000006fc900000)
Event: 362.476 GC heap after
Heap after GC invocations=435 (full 22):
 PSYoungGen      total 152384K, used 318K [0x00000007aacb0000, 0x00000007b8db0000, 0x0000000800000000)
  eden space 152064K, 0% used [0x00000007aacb0000,0x00000007aacb0000,0x00000007b4130000)
  from space 320K, 99% used [0x00000007b4530000,0x00000007b457fa50,0x00000007b4580000)
  to   space 39168K, 0% used [0x00000007b6770000,0x00000007b6770000,0x00000007b8db0000)
 ParOldGen       total 171456K, used 50567K [0x0000000700600000, 0x000000070ad70000, 0x00000007aacb0000)
  object space 171456K, 29% used [0x0000000700600000,0x0000000703761cf0,0x000000070ad70000)
 PSPermGen       total 21504K, used 18312K [0x00000006fb400000, 0x00000006fc900000, 0x0000000700600000)
  object space 21504K, 85% used [0x00000006fb400000,0x00000006fc5e2070,0x00000006fc900000)
}

