# JRE version: 7.0_07-b11
# Java VM: Java HotSpot(TM) 64-Bit Server VM (23.3-b01 mixed mode windows-amd64 compressed oops)
Heap
 PSYoungGen      total 279296K, used 90422K [0x00000007aacb0000, 0x00000007bd9e0000, 0x0000000800000000)
  eden space 257216K, 28% used [0x00000007aacb0000,0x00000007af4bbfc0,0x00000007ba7e0000)
  from space 22080K, 75% used [0x00000007bbe70000,0x00000007bceb1a80,0x00000007bd400000)
  to   space 23104K, 0% used [0x00000007ba7e0000,0x00000007ba7e0000,0x00000007bbe70000)
 ParOldGen       total 430272K, used 360276K [0x0000000700600000, 0x000000071aa30000, 0x00000007aacb0000)
  object space 430272K, 83% used [0x0000000700600000,0x00000007165d53a0,0x000000071aa30000)
 PSPermGen       total 35968K, used 18167K [0x00000006fb400000, 0x00000006fd720000, 0x0000000700600000)
  object space 35968K, 50% used [0x00000006fb400000,0x00000006fc5bdfe0,0x00000006fd720000)
GC Heap History (10 events):
Event: 16.292 GC heap before
{Heap before GC invocations=15 (full 5):
 PSYoungGen      total 165184K, used 159121K [0x00000007aacb0000, 0x00000007b8050000, 0x0000000800000000)
  eden space 148096K, 96% used [0x00000007aacb0000,0x00000007b37ea9c0,0x00000007b3d50000)
  from space 17088K, 96% used [0x00000007b3d50000,0x00000007b4d79a80,0x00000007b4e00000)
  to   space 18880K, 0% used [0x00000007b6de0000,0x00000007b6de0000,0x00000007b8050000)
 ParOldGen       total 430272K, used 26150K [0x0000000700600000, 0x000000071aa30000, 0x00000007aacb0000)
  object space 430272K, 6% used [0x0000000700600000,0x0000000701f89b50,0x000000071aa30000)
 PSPermGen       total 35968K, used 18114K [0x00000006fb400000, 0x00000006fd720000, 0x0000000700600000)
  object space 35968K, 50% used [0x00000006fb400000,0x00000006fc5b09c8,0x00000006fd720000)
Event: 16.295 GC heap after
Heap after GC invocations=15 (full 5):
 PSYoungGen      total 196032K, used 10507K [0x00000007aacb0000, 0x00000007b7ec0000, 0x0000000800000000)
  eden space 178752K, 0% used [0x00000007aacb0000,0x00000007aacb0000,0x00000007b5b40000)
  from space 17280K, 60% used [0x00000007b6de0000,0x00000007b7822e70,0x00000007b7ec0000)
  to   space 18176K, 0% used [0x00000007b5b40000,0x00000007b5b40000,0x00000007b6d00000)
 ParOldGen       total 430272K, used 26150K [0x0000000700600000, 0x000000071aa30000, 0x00000007aacb0000)
  object space 430272K, 6% used [0x0000000700600000,0x0000000701f89b50,0x000000071aa30000)
 PSPermGen       total 35968K, used 18114K [0x00000006fb400000, 0x00000006fd720000, 0x0000000700600000)
  object space 35968K, 50% used [0x00000006fb400000,0x00000006fc5b09c8,0x00000006fd720000)
}
Event: 16.910 GC heap before
{Heap before GC invocations=16 (full 5):
 PSYoungGen      total 196032K, used 187713K [0x00000007aacb0000, 0x00000007b7ec0000, 0x0000000800000000)
  eden space 178752K, 99% used [0x00000007aacb0000,0x00000007b59bd610,0x00000007b5b40000)
  from space 17280K, 60% used [0x00000007b6de0000,0x00000007b7822e70,0x00000007b7ec0000)
  to   space 18176K, 0% used [0x00000007b5b40000,0x00000007b5b40000,0x00000007b6d00000)
 ParOldGen       total 430272K, used 26150K [0x0000000700600000, 0x000000071aa30000, 0x00000007aacb0000)
  object space 430272K, 6% used [0x0000000700600000,0x0000000701f89b50,0x000000071aa30000)
 PSPermGen       total 35968K, used 18120K [0x00000006fb400000, 0x00000006fd720000, 0x0000000700600000)
  object space 35968K, 50% used [0x00000006fb400000,0x00000006fc5b2090,0x00000006fd720000)
Event: 16.916 GC heap after
Heap after GC invocations=16 (full 5):
 PSYoungGen      total 196928K, used 16582K [0x00000007aacb0000, 0x00000007ba8b0000, 0x0000000800000000)
  eden space 178752K, 0% used [0x00000007aacb0000,0x00000007aacb0000,0x00000007b5b40000)
  from space 18176K, 91% used [0x00000007b5b40000,0x00000007b6b71a80,0x00000007b6d00000)
  to   space 19520K, 0% used [0x00000007b95a0000,0x00000007b95a0000,0x00000007ba8b0000)
 ParOldGen       total 430272K, used 38300K [0x0000000700600000, 0x000000071aa30000, 0x00000007aacb0000)
  object space 430272K, 8% used [0x0000000700600000,0x0000000702b67370,0x000000071aa30000)
 PSPermGen       total 35968K, used 18120K [0x00000006fb400000, 0x00000006fd720000, 0x0000000700600000)
  object space 35968K, 50% used [0x00000006fb400000,0x00000006fc5b2090,0x00000006fd720000)
}
Event: 17.526 GC heap before
{Heap before GC invocations=17 (full 5):
 PSYoungGen      total 196928K, used 191133K [0x00000007aacb0000, 0x00000007ba8b0000, 0x0000000800000000)
  eden space 178752K, 97% used [0x00000007aacb0000,0x00000007b57259a0,0x00000007b5b40000)
  from space 18176K, 91% used [0x00000007b5b40000,0x00000007b6b71a80,0x00000007b6d00000)
  to   space 19520K, 0% used [0x00000007b95a0000,0x00000007b95a0000,0x00000007ba8b0000)
 ParOldGen       total 430272K, used 44375K [0x0000000700600000, 0x000000071aa30000, 0x00000007aacb0000)
  object space 430272K, 10% used [0x0000000700600000,0x0000000703155f80,0x000000071aa30000)
 PSPermGen       total 35968K, used 18121K [0x00000006fb400000, 0x00000006fd720000, 0x0000000700600000)
  object space 35968K, 50% used [0x00000006fb400000,0x00000006fc5b26f8,0x00000006fd720000)
Event: 17.530 GC heap after
Heap after GC invocations=17 (full 5):
 PSYoungGen      total 237120K, used 17374K [0x00000007aacb0000, 0x00000007baac0000, 0x0000000800000000)
  eden space 217600K, 0% used [0x00000007aacb0000,0x00000007aacb0000,0x00000007b8130000)
  from space 19520K, 89% used [0x00000007b95a0000,0x00000007ba697810,0x00000007ba8b0000)
  to   space 20928K, 0% used [0x00000007b8130000,0x00000007b8130000,0x00000007b95a0000)
 ParOldGen       total 430272K, used 47793K [0x0000000700600000, 0x000000071aa30000, 0x00000007aacb0000)
  object space 430272K, 11% used [0x0000000700600000,0x00000007034ac450,0x000000071aa30000)
 PSPermGen       total 35968K, used 18121K [0x00000006fb400000, 0x00000006fd720000, 0x0000000700600000)
  object space 35968K, 50% used [0x00000006fb400000,0x00000006fc5b26f8,0x00000006fd720000)
}
Event: 19.396 GC heap before
{Heap before GC invocations=18 (full 5):
 PSYoungGen      total 237120K, used 234314K [0x00000007aacb0000, 0x00000007baac0000, 0x0000000800000000)
  eden space 217600K, 99% used [0x00000007aacb0000,0x00000007b808b038,0x00000007b8130000)
  from space 19520K, 89% used [0x00000007b95a0000,0x00000007ba697810,0x00000007ba8b0000)
  to   space 20928K, 0% used [0x00000007b8130000,0x00000007b8130000,0x00000007b95a0000)
 ParOldGen       total 430272K, used 348126K [0x0000000700600000, 0x000000071aa30000, 0x00000007aacb0000)
  object space 430272K, 80% used [0x0000000700600000,0x00000007159f7b80,0x000000071aa30000)
 PSPermGen       total 35968K, used 18132K [0x00000006fb400000, 0x00000006fd720000, 0x0000000700600000)
  object space 35968K, 50% used [0x00000006fb400000,0x00000006fc5b5178,0x00000006fd720000)
Event: 19.397 GC heap after
Heap after GC invocations=18 (full 5):
 PSYoungGen      total 238528K, used 256K [0x00000007aacb0000, 0x00000007bd400000, 0x0000000800000000)
  eden space 217600K, 0% used [0x00000007aacb0000,0x00000007aacb0000,0x00000007b8130000)
  from space 20928K, 1% used [0x00000007b8130000,0x00000007b8170000,0x00000007b95a0000)
  to   space 22080K, 0% used [0x00000007bbe70000,0x00000007bbe70000,0x00000007bd400000)
 ParOldGen       total 430272K, used 348126K [0x0000000700600000, 0x000000071aa30000, 0x00000007aacb0000)
  object space 430272K, 80% used [0x0000000700600000,0x00000007159f7b80,0x000000071aa30000)
 PSPermGen       total 35968K, used 18132K [0x00000006fb400000, 0x00000006fd720000, 0x0000000700600000)
  object space 35968K, 50% used [0x00000006fb400000,0x00000006fc5b5178,0x00000006fd720000)
}
Event: 20.148 GC heap before
{Heap before GC invocations=19 (full 5):
 PSYoungGen      total 238528K, used 215297K [0x00000007aacb0000, 0x00000007bd400000, 0x0000000800000000)
  eden space 217600K, 98% used [0x00000007aacb0000,0x00000007b7eb07f0,0x00000007b8130000)
  from space 20928K, 1% used [0x00000007b8130000,0x00000007b8170000,0x00000007b95a0000)
  to   space 22080K, 0% used [0x00000007bbe70000,0x00000007bbe70000,0x00000007bd400000)
 ParOldGen       total 430272K, used 348126K [0x0000000700600000, 0x000000071aa30000, 0x00000007aacb0000)
  object space 430272K, 80% used [0x0000000700600000,0x00000007159f7b80,0x000000071aa30000)
 PSPermGen       total 35968K, used 18133K [0x00000006fb400000, 0x00000006fd720000, 0x0000000700600000)
  object space 35968K, 50% used [0x00000006fb400000,0x00000006fc5b5578,0x00000006fd720000)
Event: 20.155 GC heap after
Heap after GC invocations=19 (full 5):
 PSYoungGen      total 279296K, used 16646K [0x00000007aacb0000, 0x00000007bd9e0000, 0x0000000800000000)
  eden space 257216K, 0% used [0x00000007aacb0000,0x00000007aacb0000,0x00000007ba7e0000)
  from space 22080K, 75% used [0x00000007bbe70000,0x00000007bceb1a80,0x00000007bd400000)
  to   space 23104K, 0% used [0x00000007ba7e0000,0x00000007ba7e0000,0x00000007bbe70000)
 ParOldGen       total 430272K, used 360276K [0x0000000700600000, 0x000000071aa30000, 0x00000007aacb0000)
  object space 430272K, 83% used [0x0000000700600000,0x00000007165d53a0,0x000000071aa30000)
 PSPermGen       total 35968K, used 18133K [0x00000006fb400000, 0x00000006fd720000, 0x0000000700600000)
  object space 35968K, 50% used [0x00000006fb400000,0x00000006fc5b5578,0x00000006fd720000)
}

