# JRE version: 7.0_07-b11
# Java VM: Java HotSpot(TM) 64-Bit Server VM (23.3-b01 mixed mode windows-amd64 compressed oops)
Heap
 PSYoungGen      total 115072K, used 13672K [0x00000007aacb0000, 0x00000007b4030000, 0x0000000800000000)
  eden space 84352K, 15% used [0x00000007aacb0000,0x00000007ab9d2278,0x00000007aff10000)
  from space 30720K, 0% used [0x00000007b2230000,0x00000007b2268000,0x00000007b4030000)
  to   space 33344K, 0% used [0x00000007aff10000,0x00000007aff10000,0x00000007b1fa0000)
 ParOldGen       total 650240K, used 410042K [0x0000000700600000, 0x0000000728100000, 0x00000007aacb0000)
  object space 650240K, 63% used [0x0000000700600000,0x000000071966eb20,0x0000000728100000)
 PSPermGen       total 28288K, used 17753K [0x00000006fb400000, 0x00000006fcfa0000, 0x0000000700600000)
  object space 28288K, 62% used [0x00000006fb400000,0x00000006fc556498,0x00000006fcfa0000)
GC Heap History (10 events):
Event: 23.197 GC heap before
{Heap before GC invocations=11 (full 7):
 PSYoungGen      total 76352K, used 60853K [0x00000007aacb0000, 0x00000007b01e0000, 0x0000000800000000)
  eden space 65472K, 92% used [0x00000007aacb0000,0x00000007ae81d688,0x00000007aeca0000)
  from space 10880K, 0% used [0x00000007aeca0000,0x00000007aeca0000,0x00000007af740000)
  to   space 10880K, 0% used [0x00000007af740000,0x00000007af740000,0x00000007b01e0000)
 ParOldGen       total 466560K, used 21235K [0x0000000700600000, 0x000000071cda0000, 0x00000007aacb0000)
  object space 466560K, 4% used [0x0000000700600000,0x0000000701abcc60,0x000000071cda0000)
 PSPermGen       total 32000K, used 17712K [0x00000006fb400000, 0x00000006fd340000, 0x0000000700600000)
  object space 32000K, 55% used [0x00000006fb400000,0x00000006fc54c010,0x00000006fd340000)
Event: 23.201 GC heap after
Heap after GC invocations=11 (full 7):
 PSYoungGen      total 76352K, used 6267K [0x00000007aacb0000, 0x00000007b1a10000, 0x0000000800000000)
  eden space 65472K, 0% used [0x00000007aacb0000,0x00000007aacb0000,0x00000007aeca0000)
  from space 10880K, 57% used [0x00000007af740000,0x00000007afd5ec10,0x00000007b01e0000)
  to   space 10880K, 0% used [0x00000007aeca0000,0x00000007aeca0000,0x00000007af740000)
 ParOldGen       total 466560K, used 51610K [0x0000000700600000, 0x000000071cda0000, 0x00000007aacb0000)
  object space 466560K, 11% used [0x0000000700600000,0x00000007038668b0,0x000000071cda0000)
 PSPermGen       total 32000K, used 17712K [0x00000006fb400000, 0x00000006fd340000, 0x0000000700600000)
  object space 32000K, 55% used [0x00000006fb400000,0x00000006fc54c010,0x00000006fd340000)
}
Event: 25.663 GC heap before
{Heap before GC invocations=12 (full 8):
 PSYoungGen      total 76352K, used 67367K [0x00000007aacb0000, 0x00000007b1a10000, 0x0000000800000000)
  eden space 65472K, 93% used [0x00000007aacb0000,0x00000007ae85b2e8,0x00000007aeca0000)
  from space 10880K, 57% used [0x00000007af740000,0x00000007afd5ec10,0x00000007b01e0000)
  to   space 10880K, 0% used [0x00000007aeca0000,0x00000007aeca0000,0x00000007af740000)
 ParOldGen       total 466560K, used 440411K [0x0000000700600000, 0x000000071cda0000, 0x00000007aacb0000)
  object space 466560K, 94% used [0x0000000700600000,0x000000071b416cb0,0x000000071cda0000)
 PSPermGen       total 32000K, used 17712K [0x00000006fb400000, 0x00000006fd340000, 0x0000000700600000)
  object space 32000K, 55% used [0x00000006fb400000,0x00000006fc54c160,0x00000006fd340000)
Event: 25.686 GC heap after
Heap after GC invocations=12 (full 8):
 PSYoungGen      total 76352K, used 0K [0x00000007aacb0000, 0x00000007b1a10000, 0x0000000800000000)
  eden space 65472K, 0% used [0x00000007aacb0000,0x00000007aacb0000,0x00000007aeca0000)
  from space 10880K, 0% used [0x00000007af740000,0x00000007af740000,0x00000007b01e0000)
  to   space 10880K, 0% used [0x00000007aeca0000,0x00000007aeca0000,0x00000007af740000)
 ParOldGen       total 567488K, used 21238K [0x0000000700600000, 0x0000000723030000, 0x00000007aacb0000)
  object space 567488K, 3% used [0x0000000700600000,0x0000000701abdad8,0x0000000723030000)
 PSPermGen       total 29824K, used 17712K [0x00000006fb400000, 0x00000006fd120000, 0x0000000700600000)
  object space 29824K, 59% used [0x00000006fb400000,0x00000006fc54c160,0x00000006fd120000)
}
Event: 28.130 GC heap before
{Heap before GC invocations=13 (full 8):
 PSYoungGen      total 76352K, used 61090K [0x00000007aacb0000, 0x00000007b1a10000, 0x0000000800000000)
  eden space 65472K, 93% used [0x00000007aacb0000,0x00000007ae858b50,0x00000007aeca0000)
  from space 10880K, 0% used [0x00000007af740000,0x00000007af740000,0x00000007b01e0000)
  to   space 10880K, 0% used [0x00000007aeca0000,0x00000007aeca0000,0x00000007af740000)
 ParOldGen       total 567488K, used 410039K [0x0000000700600000, 0x0000000723030000, 0x00000007aacb0000)
  object space 567488K, 72% used [0x0000000700600000,0x000000071966ded8,0x0000000723030000)
 PSPermGen       total 29824K, used 17716K [0x00000006fb400000, 0x00000006fd120000, 0x0000000700600000)
  object space 29824K, 59% used [0x00000006fb400000,0x00000006fc54d098,0x00000006fd120000)
Event: 28.132 GC heap after
Heap after GC invocations=13 (full 8):
 PSYoungGen      total 76352K, used 256K [0x00000007aacb0000, 0x00000007b4310000, 0x0000000800000000)
  eden space 65472K, 0% used [0x00000007aacb0000,0x00000007aacb0000,0x00000007aeca0000)
  from space 10880K, 2% used [0x00000007aeca0000,0x00000007aece0000,0x00000007af740000)
  to   space 33664K, 0% used [0x00000007b2230000,0x00000007b2230000,0x00000007b4310000)
 ParOldGen       total 567488K, used 410039K [0x0000000700600000, 0x0000000723030000, 0x00000007aacb0000)
  object space 567488K, 72% used [0x0000000700600000,0x000000071966ded8,0x0000000723030000)
 PSPermGen       total 29824K, used 17716K [0x00000006fb400000, 0x00000006fd120000, 0x0000000700600000)
  object space 29824K, 59% used [0x00000006fb400000,0x00000006fc54d098,0x00000006fd120000)
}
Event: 30.630 GC heap before
{Heap before GC invocations=14 (full 9):
 PSYoungGen      total 76352K, used 61326K [0x00000007aacb0000, 0x00000007b4310000, 0x0000000800000000)
  eden space 65472K, 93% used [0x00000007aacb0000,0x00000007ae853958,0x00000007aeca0000)
  from space 10880K, 2% used [0x00000007aeca0000,0x00000007aece0000,0x00000007af740000)
  to   space 33664K, 0% used [0x00000007b2230000,0x00000007b2230000,0x00000007b4310000)
 ParOldGen       total 804608K, used 798840K [0x0000000700600000, 0x00000007317c0000, 0x00000007aacb0000)
  object space 804608K, 99% used [0x0000000700600000,0x000000073121e2d8,0x00000007317c0000)
 PSPermGen       total 29824K, used 17719K [0x00000006fb400000, 0x00000006fd120000, 0x0000000700600000)
  object space 29824K, 59% used [0x00000006fb400000,0x00000006fc54df20,0x00000006fd120000)
Event: 30.668 GC heap after
Heap after GC invocations=14 (full 9):
 PSYoungGen      total 76352K, used 0K [0x00000007aacb0000, 0x00000007b4310000, 0x0000000800000000)
  eden space 65472K, 0% used [0x00000007aacb0000,0x00000007aacb0000,0x00000007aeca0000)
  from space 10880K, 0% used [0x00000007aeca0000,0x00000007aeca0000,0x00000007af740000)
  to   space 33664K, 0% used [0x00000007b2230000,0x00000007b2230000,0x00000007b4310000)
 ParOldGen       total 650240K, used 21241K [0x0000000700600000, 0x0000000728100000, 0x00000007aacb0000)
  object space 650240K, 3% used [0x0000000700600000,0x0000000701abe720,0x0000000728100000)
 PSPermGen       total 28288K, used 17719K [0x00000006fb400000, 0x00000006fcfa0000, 0x0000000700600000)
  object space 28288K, 62% used [0x00000006fb400000,0x00000006fc54df20,0x00000006fcfa0000)
}
Event: 33.130 GC heap before
{Heap before GC invocations=15 (full 9):
 PSYoungGen      total 76352K, used 61067K [0x00000007aacb0000, 0x00000007b4310000, 0x0000000800000000)
  eden space 65472K, 93% used [0x00000007aacb0000,0x00000007ae852d60,0x00000007aeca0000)
  from space 10880K, 0% used [0x00000007aeca0000,0x00000007aeca0000,0x00000007af740000)
  to   space 33664K, 0% used [0x00000007b2230000,0x00000007b2230000,0x00000007b4310000)
 ParOldGen       total 650240K, used 410042K [0x0000000700600000, 0x0000000728100000, 0x00000007aacb0000)
  object space 650240K, 63% used [0x0000000700600000,0x000000071966eb20,0x0000000728100000)
 PSPermGen       total 28288K, used 17729K [0x00000006fb400000, 0x00000006fcfa0000, 0x0000000700600000)
  object space 28288K, 62% used [0x00000006fb400000,0x00000006fc550510,0x00000006fcfa0000)
Event: 33.131 GC heap after
Heap after GC invocations=15 (full 9):
 PSYoungGen      total 115072K, used 224K [0x00000007aacb0000, 0x00000007b4030000, 0x0000000800000000)
  eden space 84352K, 0% used [0x00000007aacb0000,0x00000007aacb0000,0x00000007aff10000)
  from space 30720K, 0% used [0x00000007b2230000,0x00000007b2268000,0x00000007b4030000)
  to   space 33344K, 0% used [0x00000007aff10000,0x00000007aff10000,0x00000007b1fa0000)
 ParOldGen       total 650240K, used 410042K [0x0000000700600000, 0x0000000728100000, 0x00000007aacb0000)
  object space 650240K, 63% used [0x0000000700600000,0x000000071966eb20,0x0000000728100000)
 PSPermGen       total 28288K, used 17729K [0x00000006fb400000, 0x00000006fcfa0000, 0x0000000700600000)
  object space 28288K, 62% used [0x00000006fb400000,0x00000006fc550510,0x00000006fcfa0000)
}

