# JRE version: 7.0_07-b11
# Java VM: Java HotSpot(TM) 64-Bit Server VM (23.3-b01 mixed mode windows-amd64 compressed oops)
Heap
 PSYoungGen      total 131904K, used 33869K [0x00000007aacb0000, 0x00000007b6210000, 0x0000000800000000)
  eden space 111488K, 13% used [0x00000007aacb0000,0x00000007abaf12e8,0x00000007b1990000)
  from space 20416K, 94% used [0x00000007b1990000,0x00000007b2c621c0,0x00000007b2d80000)
  to   space 22784K, 0% used [0x00000007b4bd0000,0x00000007b4bd0000,0x00000007b6210000)
 ParOldGen       total 569664K, used 41746K [0x0000000700600000, 0x0000000723250000, 0x00000007aacb0000)
  object space 569664K, 7% used [0x0000000700600000,0x0000000702ec48c0,0x0000000723250000)
 PSPermGen       total 32640K, used 18126K [0x00000006fb400000, 0x00000006fd3e0000, 0x0000000700600000)
  object space 32640K, 55% used [0x00000006fb400000,0x00000006fc5b38d0,0x00000006fd3e0000)
GC Heap History (10 events):
Event: 15.483 GC heap before
{Heap before GC invocations=12 (full 6):
 PSYoungGen      total 86144K, used 72866K [0x00000007aacb0000, 0x00000007b2310000, 0x0000000800000000)
  eden space 75264K, 96% used [0x00000007aacb0000,0x00000007af3a0930,0x00000007af630000)
  from space 10880K, 2% used [0x00000007af630000,0x00000007af668000,0x00000007b00d0000)
  to   space 17088K, 0% used [0x00000007b1260000,0x00000007b1260000,0x00000007b2310000)
 ParOldGen       total 498048K, used 352318K [0x0000000700600000, 0x000000071ec60000, 0x00000007aacb0000)
  object space 498048K, 70% used [0x0000000700600000,0x0000000715e0fa20,0x000000071ec60000)
 PSPermGen       total 34176K, used 18077K [0x00000006fb400000, 0x00000006fd560000, 0x0000000700600000)
  object space 34176K, 52% used [0x00000006fb400000,0x00000006fc5a76a0,0x00000006fd560000)
Event: 15.490 GC heap after
Heap after GC invocations=12 (full 6):
 PSYoungGen      total 101056K, used 16550K [0x00000007aacb0000, 0x00000007b3850000, 0x0000000800000000)
  eden space 83968K, 0% used [0x00000007aacb0000,0x00000007aacb0000,0x00000007afeb0000)
  from space 17088K, 96% used [0x00000007b1260000,0x00000007b2289a80,0x00000007b2310000)
  to   space 20160K, 0% used [0x00000007afeb0000,0x00000007afeb0000,0x00000007b1260000)
 ParOldGen       total 498048K, used 364468K [0x0000000700600000, 0x000000071ec60000, 0x00000007aacb0000)
  object space 498048K, 73% used [0x0000000700600000,0x00000007169ed240,0x000000071ec60000)
 PSPermGen       total 34176K, used 18077K [0x00000006fb400000, 0x00000006fd560000, 0x0000000700600000)
  object space 34176K, 52% used [0x00000006fb400000,0x00000006fc5a76a0,0x00000006fd560000)
}
Event: 15.801 GC heap before
{Heap before GC invocations=13 (full 6):
 PSYoungGen      total 101056K, used 95986K [0x00000007aacb0000, 0x00000007b3850000, 0x0000000800000000)
  eden space 83968K, 94% used [0x00000007aacb0000,0x00000007afa43130,0x00000007afeb0000)
  from space 17088K, 96% used [0x00000007b1260000,0x00000007b2289a80,0x00000007b2310000)
  to   space 20160K, 0% used [0x00000007afeb0000,0x00000007afeb0000,0x00000007b1260000)
 ParOldGen       total 498048K, used 364468K [0x0000000700600000, 0x000000071ec60000, 0x00000007aacb0000)
  object space 498048K, 73% used [0x0000000700600000,0x00000007169ed240,0x000000071ec60000)
 PSPermGen       total 34176K, used 18085K [0x00000006fb400000, 0x00000006fd560000, 0x0000000700600000)
  object space 34176K, 52% used [0x00000006fb400000,0x00000006fc5a95e8,0x00000006fd560000)
Event: 15.803 GC heap after
Heap after GC invocations=13 (full 6):
 PSYoungGen      total 104128K, used 10475K [0x00000007aacb0000, 0x00000007b4010000, 0x0000000800000000)
  eden space 83968K, 0% used [0x00000007aacb0000,0x00000007aacb0000,0x00000007afeb0000)
  from space 20160K, 51% used [0x00000007afeb0000,0x00000007b08eae70,0x00000007b1260000)
  to   space 19008K, 0% used [0x00000007b2d80000,0x00000007b2d80000,0x00000007b4010000)
 ParOldGen       total 498048K, used 364468K [0x0000000700600000, 0x000000071ec60000, 0x00000007aacb0000)
  object space 498048K, 73% used [0x0000000700600000,0x00000007169ed240,0x000000071ec60000)
 PSPermGen       total 34176K, used 18085K [0x00000006fb400000, 0x00000006fd560000, 0x0000000700600000)
  object space 34176K, 52% used [0x00000006fb400000,0x00000006fc5a95e8,0x00000006fd560000)
}
Event: 16.098 GC heap before
{Heap before GC invocations=14 (full 6):
 PSYoungGen      total 104128K, used 92609K [0x00000007aacb0000, 0x00000007b4010000, 0x0000000800000000)
  eden space 83968K, 97% used [0x00000007aacb0000,0x00000007afce5720,0x00000007afeb0000)
  from space 20160K, 51% used [0x00000007afeb0000,0x00000007b08eae70,0x00000007b1260000)
  to   space 19008K, 0% used [0x00000007b2d80000,0x00000007b2d80000,0x00000007b4010000)
 ParOldGen       total 498048K, used 367885K [0x0000000700600000, 0x000000071ec60000, 0x00000007aacb0000)
  object space 498048K, 73% used [0x0000000700600000,0x0000000716d43710,0x000000071ec60000)
 PSPermGen       total 34176K, used 18085K [0x00000006fb400000, 0x00000006fd560000, 0x0000000700600000)
  object space 34176K, 52% used [0x00000006fb400000,0x00000006fc5a95e8,0x00000006fd560000)
Event: 16.105 GC heap after
Heap after GC invocations=14 (full 6):
 PSYoungGen      total 130496K, used 15823K [0x00000007aacb0000, 0x00000007b4a20000, 0x0000000800000000)
  eden space 111488K, 0% used [0x00000007aacb0000,0x00000007aacb0000,0x00000007b1990000)
  from space 19008K, 83% used [0x00000007b2d80000,0x00000007b3cf3cf0,0x00000007b4010000)
  to   space 20416K, 0% used [0x00000007b1990000,0x00000007b1990000,0x00000007b2d80000)
 ParOldGen       total 498048K, used 380795K [0x0000000700600000, 0x000000071ec60000, 0x00000007aacb0000)
  object space 498048K, 76% used [0x0000000700600000,0x00000007179decc0,0x000000071ec60000)
 PSPermGen       total 34176K, used 18085K [0x00000006fb400000, 0x00000006fd560000, 0x0000000700600000)
  object space 34176K, 52% used [0x00000006fb400000,0x00000006fc5a95e8,0x00000006fd560000)
}
Event: 17.520 GC heap before
{Heap before GC invocations=15 (full 7):
 PSYoungGen      total 130496K, used 126621K [0x00000007aacb0000, 0x00000007b4a20000, 0x0000000800000000)
  eden space 111488K, 99% used [0x00000007aacb0000,0x00000007b18e3940,0x00000007b1990000)
  from space 19008K, 83% used [0x00000007b2d80000,0x00000007b3cf3cf0,0x00000007b4010000)
  to   space 20416K, 0% used [0x00000007b1990000,0x00000007b1990000,0x00000007b2d80000)
 ParOldGen       total 679232K, used 678471K [0x0000000700600000, 0x0000000729d50000, 0x00000007aacb0000)
  object space 679232K, 99% used [0x0000000700600000,0x0000000729c91cb0,0x0000000729d50000)
 PSPermGen       total 34176K, used 18099K [0x00000006fb400000, 0x00000006fd560000, 0x0000000700600000)
  object space 34176K, 52% used [0x00000006fb400000,0x00000006fc5acd48,0x00000006fd560000)
Event: 17.551 GC heap after
Heap after GC invocations=15 (full 7):
 PSYoungGen      total 130496K, used 0K [0x00000007aacb0000, 0x00000007b4a20000, 0x0000000800000000)
  eden space 111488K, 0% used [0x00000007aacb0000,0x00000007aacb0000,0x00000007b1990000)
  from space 19008K, 0% used [0x00000007b2d80000,0x00000007b2d80000,0x00000007b4010000)
  to   space 20416K, 0% used [0x00000007b1990000,0x00000007b1990000,0x00000007b2d80000)
 ParOldGen       total 569664K, used 14028K [0x0000000700600000, 0x0000000723250000, 0x00000007aacb0000)
  object space 569664K, 2% used [0x0000000700600000,0x00000007013b33b0,0x0000000723250000)
 PSPermGen       total 32640K, used 18099K [0x00000006fb400000, 0x00000006fd3e0000, 0x0000000700600000)
  object space 32640K, 55% used [0x00000006fb400000,0x00000006fc5acd18,0x00000006fd3e0000)
}
Event: 17.888 GC heap before
{Heap before GC invocations=16 (full 7):
 PSYoungGen      total 130496K, used 110547K [0x00000007aacb0000, 0x00000007b4a20000, 0x0000000800000000)
  eden space 111488K, 99% used [0x00000007aacb0000,0x00000007b18a4f58,0x00000007b1990000)
  from space 19008K, 0% used [0x00000007b2d80000,0x00000007b2d80000,0x00000007b4010000)
  to   space 20416K, 0% used [0x00000007b1990000,0x00000007b1990000,0x00000007b2d80000)
 ParOldGen       total 569664K, used 14028K [0x0000000700600000, 0x0000000723250000, 0x00000007aacb0000)
  object space 569664K, 2% used [0x0000000700600000,0x00000007013b33b0,0x0000000723250000)
 PSPermGen       total 32640K, used 18099K [0x00000006fb400000, 0x00000006fd3e0000, 0x0000000700600000)
  object space 32640K, 55% used [0x00000006fb400000,0x00000006fc5acd18,0x00000006fd3e0000)
Event: 17.894 GC heap after
Heap after GC invocations=16 (full 7):
 PSYoungGen      total 131904K, used 19272K [0x00000007aacb0000, 0x00000007b6210000, 0x0000000800000000)
  eden space 111488K, 0% used [0x00000007aacb0000,0x00000007aacb0000,0x00000007b1990000)
  from space 20416K, 94% used [0x00000007b1990000,0x00000007b2c621c0,0x00000007b2d80000)
  to   space 22784K, 0% used [0x00000007b4bd0000,0x00000007b4bd0000,0x00000007b6210000)
 ParOldGen       total 569664K, used 41746K [0x0000000700600000, 0x0000000723250000, 0x00000007aacb0000)
  object space 569664K, 7% used [0x0000000700600000,0x0000000702ec48c0,0x0000000723250000)
 PSPermGen       total 32640K, used 18099K [0x00000006fb400000, 0x00000006fd3e0000, 0x0000000700600000)
  object space 32640K, 55% used [0x00000006fb400000,0x00000006fc5acd18,0x00000006fd3e0000)
}

