# JRE version: 7.0_07-b11
# Java VM: Java HotSpot(TM) 64-Bit Server VM (23.3-b01 mixed mode windows-amd64 compressed oops)
Heap
 PSYoungGen      total 409216K, used 294429K [0x00000007aacb0000, 0x00000007c70e0000, 0x0000000800000000)
  eden space 380480K, 69% used [0x00000007aacb0000,0x00000007bb0282f0,0x00000007c2040000)
  from space 28736K, 99% used [0x00000007c3290000,0x00000007c4e9f2a0,0x00000007c4ea0000)
  to   space 35072K, 0% used [0x00000007c4ea0000,0x00000007c4ea0000,0x00000007c70e0000)
 ParOldGen       total 174528K, used 142676K [0x0000000700600000, 0x000000070b070000, 0x00000007aacb0000)
  object space 174528K, 81% used [0x0000000700600000,0x00000007091553b8,0x000000070b070000)
 PSPermGen       total 21248K, used 18210K [0x00000006fb400000, 0x00000006fc8c0000, 0x0000000700600000)
  object space 21248K, 85% used [0x00000006fb400000,0x00000006fc5c8978,0x00000006fc8c0000)
GC Heap History (10 events):
Event: 14.647 GC heap before
{Heap before GC invocations=11 (full 0):
 PSYoungGen      total 503616K, used 503612K [0x00000007aacb0000, 0x00000007cceb0000, 0x0000000800000000)
  eden space 474816K, 100% used [0x00000007aacb0000,0x00000007c7c60000,0x00000007c7c60000)
  from space 28800K, 99% used [0x00000007cb290000,0x00000007cceaf2a0,0x00000007cceb0000)
  to   space 36800K, 0% used [0x00000007c86d0000,0x00000007c86d0000,0x00000007caac0000)
 ParOldGen       total 174528K, used 141914K [0x0000000700600000, 0x000000070b070000, 0x00000007aacb0000)
  object space 174528K, 81% used [0x0000000700600000,0x0000000709096a38,0x000000070b070000)
 PSPermGen       total 21248K, used 18149K [0x00000006fb400000, 0x00000006fc8c0000, 0x0000000700600000)
  object space 21248K, 85% used [0x00000006fb400000,0x00000006fc5b9748,0x00000006fc8c0000)
Event: 14.651 GC heap after
Heap after GC invocations=11 (full 0):
 PSYoungGen      total 454784K, used 746K [0x00000007aacb0000, 0x00000007cb2a0000, 0x0000000800000000)
  eden space 454016K, 0% used [0x00000007aacb0000,0x00000007aacb0000,0x00000007c6810000)
  from space 768K, 97% used [0x00000007c86d0000,0x00000007c878a940,0x00000007c8790000)
  to   space 37120K, 0% used [0x00000007c8e60000,0x00000007c8e60000,0x00000007cb2a0000)
 ParOldGen       total 174528K, used 141986K [0x0000000700600000, 0x000000070b070000, 0x00000007aacb0000)
  object space 174528K, 81% used [0x0000000700600000,0x00000007090a8a58,0x000000070b070000)
 PSPermGen       total 21248K, used 18149K [0x00000006fb400000, 0x00000006fc8c0000, 0x0000000700600000)
  object space 21248K, 85% used [0x00000006fb400000,0x00000006fc5b9748,0x00000006fc8c0000)
}
Event: 16.687 GC heap before
{Heap before GC invocations=12 (full 0):
 PSYoungGen      total 454784K, used 450702K [0x00000007aacb0000, 0x00000007cb2a0000, 0x0000000800000000)
  eden space 454016K, 99% used [0x00000007aacb0000,0x00000007c6419218,0x00000007c6810000)
  from space 768K, 97% used [0x00000007c86d0000,0x00000007c878a940,0x00000007c8790000)
  to   space 37120K, 0% used [0x00000007c8e60000,0x00000007c8e60000,0x00000007cb2a0000)
 ParOldGen       total 174528K, used 141986K [0x0000000700600000, 0x000000070b070000, 0x00000007aacb0000)
  object space 174528K, 81% used [0x0000000700600000,0x00000007090a8a58,0x000000070b070000)
 PSPermGen       total 21248K, used 18160K [0x00000006fb400000, 0x00000006fc8c0000, 0x0000000700600000)
  object space 21248K, 85% used [0x00000006fb400000,0x00000006fc5bc228,0x00000006fc8c0000)
Event: 16.691 GC heap after
Heap after GC invocations=12 (full 0):
 PSYoungGen      total 445760K, used 10845K [0x00000007aacb0000, 0x00000007c99a0000, 0x0000000800000000)
  eden space 434240K, 0% used [0x00000007aacb0000,0x00000007aacb0000,0x00000007c54c0000)
  from space 11520K, 94% used [0x00000007c8e60000,0x00000007c98f7490,0x00000007c99a0000)
  to   space 35264K, 0% used [0x00000007c54c0000,0x00000007c54c0000,0x00000007c7730000)
 ParOldGen       total 174528K, used 142074K [0x0000000700600000, 0x000000070b070000, 0x00000007aacb0000)
  object space 174528K, 81% used [0x0000000700600000,0x00000007090bea88,0x000000070b070000)
 PSPermGen       total 21248K, used 18160K [0x00000006fb400000, 0x00000006fc8c0000, 0x0000000700600000)
  object space 21248K, 85% used [0x00000006fb400000,0x00000006fc5bc228,0x00000006fc8c0000)
}
Event: 18.649 GC heap before
{Heap before GC invocations=13 (full 0):
 PSYoungGen      total 445760K, used 444495K [0x00000007aacb0000, 0x00000007c99a0000, 0x0000000800000000)
  eden space 434240K, 99% used [0x00000007aacb0000,0x00000007c542c9e0,0x00000007c54c0000)
  from space 11520K, 94% used [0x00000007c8e60000,0x00000007c98f7490,0x00000007c99a0000)
  to   space 35264K, 0% used [0x00000007c54c0000,0x00000007c54c0000,0x00000007c7730000)
 ParOldGen       total 174528K, used 142074K [0x0000000700600000, 0x000000070b070000, 0x00000007aacb0000)
  object space 174528K, 81% used [0x0000000700600000,0x00000007090bea88,0x000000070b070000)
 PSPermGen       total 21248K, used 18164K [0x00000006fb400000, 0x00000006fc8c0000, 0x0000000700600000)
  object space 21248K, 85% used [0x00000006fb400000,0x00000006fc5bd0b0,0x00000006fc8c0000)
Event: 18.654 GC heap after
Heap after GC invocations=13 (full 0):
 PSYoungGen      total 444160K, used 28700K [0x00000007aacb0000, 0x00000007c8e70000, 0x0000000800000000)
  eden space 415424K, 0% used [0x00000007aacb0000,0x00000007aacb0000,0x00000007c4260000)
  from space 28736K, 99% used [0x00000007c54c0000,0x00000007c70c72a0,0x00000007c70d0000)
  to   space 30336K, 0% used [0x00000007c70d0000,0x00000007c70d0000,0x00000007c8e70000)
 ParOldGen       total 174528K, used 142636K [0x0000000700600000, 0x000000070b070000, 0x00000007aacb0000)
  object space 174528K, 81% used [0x0000000700600000,0x000000070914b3b8,0x000000070b070000)
 PSPermGen       total 21248K, used 18164K [0x00000006fb400000, 0x00000006fc8c0000, 0x0000000700600000)
  object space 21248K, 85% used [0x00000006fb400000,0x00000006fc5bd0b0,0x00000006fc8c0000)
}
Event: 20.528 GC heap before
{Heap before GC invocations=14 (full 0):
 PSYoungGen      total 444160K, used 440643K [0x00000007aacb0000, 0x00000007c8e70000, 0x0000000800000000)
  eden space 415424K, 99% used [0x00000007aacb0000,0x00000007c3ef9978,0x00000007c4260000)
  from space 28736K, 99% used [0x00000007c54c0000,0x00000007c70c72a0,0x00000007c70d0000)
  to   space 30336K, 0% used [0x00000007c70d0000,0x00000007c70d0000,0x00000007c8e70000)
 ParOldGen       total 174528K, used 142636K [0x0000000700600000, 0x000000070b070000, 0x00000007aacb0000)
  object space 174528K, 81% used [0x0000000700600000,0x000000070914b3b8,0x000000070b070000)
 PSPermGen       total 21248K, used 18168K [0x00000006fb400000, 0x00000006fc8c0000, 0x0000000700600000)
  object space 21248K, 85% used [0x00000006fb400000,0x00000006fc5be3c8,0x00000006fc8c0000)
Event: 20.531 GC heap after
Heap after GC invocations=14 (full 0):
 PSYoungGen      total 408000K, used 10475K [0x00000007aacb0000, 0x00000007c7b10000, 0x0000000800000000)
  eden space 397504K, 0% used [0x00000007aacb0000,0x00000007aacb0000,0x00000007c30e0000)
  from space 10496K, 99% used [0x00000007c70d0000,0x00000007c7b0ae70,0x00000007c7b10000)
  to   space 37120K, 0% used [0x00000007c3290000,0x00000007c3290000,0x00000007c56d0000)
 ParOldGen       total 174528K, used 142644K [0x0000000700600000, 0x000000070b070000, 0x00000007aacb0000)
  object space 174528K, 81% used [0x0000000700600000,0x000000070914d3b8,0x000000070b070000)
 PSPermGen       total 21248K, used 18168K [0x00000006fb400000, 0x00000006fc8c0000, 0x0000000700600000)
  object space 21248K, 85% used [0x00000006fb400000,0x00000006fc5be3c8,0x00000006fc8c0000)
}
Event: 22.330 GC heap before
{Heap before GC invocations=15 (full 0):
 PSYoungGen      total 408000K, used 406006K [0x00000007aacb0000, 0x00000007c7b10000, 0x0000000800000000)
  eden space 397504K, 99% used [0x00000007aacb0000,0x00000007c2ef2ae8,0x00000007c30e0000)
  from space 10496K, 99% used [0x00000007c70d0000,0x00000007c7b0ae70,0x00000007c7b10000)
  to   space 37120K, 0% used [0x00000007c3290000,0x00000007c3290000,0x00000007c56d0000)
 ParOldGen       total 174528K, used 142644K [0x0000000700600000, 0x000000070b070000, 0x00000007aacb0000)
  object space 174528K, 81% used [0x0000000700600000,0x000000070914d3b8,0x000000070b070000)
 PSPermGen       total 21248K, used 18174K [0x00000006fb400000, 0x00000006fc8c0000, 0x0000000700600000)
  object space 21248K, 85% used [0x00000006fb400000,0x00000006fc5bf820,0x00000006fc8c0000)
Event: 22.335 GC heap after
Heap after GC invocations=15 (full 0):
 PSYoungGen      total 409216K, used 28732K [0x00000007aacb0000, 0x00000007c70e0000, 0x0000000800000000)
  eden space 380480K, 0% used [0x00000007aacb0000,0x00000007aacb0000,0x00000007c2040000)
  from space 28736K, 99% used [0x00000007c3290000,0x00000007c4e9f2a0,0x00000007c4ea0000)
  to   space 35072K, 0% used [0x00000007c4ea0000,0x00000007c4ea0000,0x00000007c70e0000)
 ParOldGen       total 174528K, used 142676K [0x0000000700600000, 0x000000070b070000, 0x00000007aacb0000)
  object space 174528K, 81% used [0x0000000700600000,0x00000007091553b8,0x000000070b070000)
 PSPermGen       total 21248K, used 18174K [0x00000006fb400000, 0x00000006fc8c0000, 0x0000000700600000)
  object space 21248K, 85% used [0x00000006fb400000,0x00000006fc5bf820,0x00000006fc8c0000)
}

