# JRE version: 7.0_07-b11
# Java VM: Java HotSpot(TM) 64-Bit Server VM (23.3-b01 mixed mode windows-amd64 compressed oops)
Heap
 PSYoungGen      total 1356864K, used 105042K [0x00000007aacb0000, 0x00000007fffc0000, 0x0000000800000000)
  eden space 1317568K, 5% used [0x00000007aacb0000,0x00000007af70db98,0x00000007fb360000)
  from space 39296K, 73% used [0x00000007fd960000,0x00000007ff596cf0,0x00000007fffc0000)
  to   space 38912K, 0% used [0x00000007fb360000,0x00000007fb360000,0x00000007fd960000)
 ParOldGen       total 174528K, used 135567K [0x0000000700600000, 0x000000070b070000, 0x00000007aacb0000)
  object space 174528K, 77% used [0x0000000700600000,0x0000000708a63cf8,0x000000070b070000)
 PSPermGen       total 21248K, used 18050K [0x00000006fb400000, 0x00000006fc8c0000, 0x0000000700600000)
  object space 21248K, 84% used [0x00000006fb400000,0x00000006fc5a0bc0,0x00000006fc8c0000)
GC Heap History (10 events):
Event: 5.322 GC heap before
{Heap before GC invocations=8 (full 0):
 PSYoungGen      total 289728K, used 286250K [0x00000007aacb0000, 0x00000007ce410000, 0x0000000800000000)
  eden space 261888K, 98% used [0x00000007aacb0000,0x00000007ba9c43c8,0x00000007bac70000)
  from space 27840K, 97% used [0x00000007bac70000,0x00000007bc6e6530,0x00000007bc7a0000)
  to   space 28608K, 0% used [0x00000007cc820000,0x00000007cc820000,0x00000007ce410000)
 ParOldGen       total 174528K, used 79271K [0x0000000700600000, 0x000000070b070000, 0x00000007aacb0000)
  object space 174528K, 45% used [0x0000000700600000,0x0000000705369f70,0x000000070b070000)
 PSPermGen       total 21248K, used 18002K [0x00000006fb400000, 0x00000006fc8c0000, 0x0000000700600000)
  object space 21248K, 84% used [0x00000006fb400000,0x00000006fc594b28,0x00000006fc8c0000)
Event: 5.334 GC heap after
Heap after GC invocations=8 (full 0):
 PSYoungGen      total 544128K, used 28583K [0x00000007aacb0000, 0x00000007cf430000, 0x0000000800000000)
  eden space 515520K, 0% used [0x00000007aacb0000,0x00000007aacb0000,0x00000007ca420000)
  from space 28608K, 99% used [0x00000007cc820000,0x00000007ce409c10,0x00000007ce410000)
  to   space 36864K, 0% used [0x00000007ca420000,0x00000007ca420000,0x00000007cc820000)
 ParOldGen       total 174528K, used 95653K [0x0000000700600000, 0x000000070b070000, 0x00000007aacb0000)
  object space 174528K, 54% used [0x0000000700600000,0x0000000706369470,0x000000070b070000)
 PSPermGen       total 21248K, used 18002K [0x00000006fb400000, 0x00000006fc8c0000, 0x0000000700600000)
  object space 21248K, 84% used [0x00000006fb400000,0x00000006fc594b28,0x00000006fc8c0000)
}
Event: 6.391 GC heap before
{Heap before GC invocations=9 (full 0):
 PSYoungGen      total 544128K, used 539169K [0x00000007aacb0000, 0x00000007cf430000, 0x0000000800000000)
  eden space 515520K, 99% used [0x00000007aacb0000,0x00000007c9f4eb98,0x00000007ca420000)
  from space 28608K, 99% used [0x00000007cc820000,0x00000007ce409c10,0x00000007ce410000)
  to   space 36864K, 0% used [0x00000007ca420000,0x00000007ca420000,0x00000007cc820000)
 ParOldGen       total 174528K, used 95653K [0x0000000700600000, 0x000000070b070000, 0x00000007aacb0000)
  object space 174528K, 54% used [0x0000000700600000,0x0000000706369470,0x000000070b070000)
 PSPermGen       total 21248K, used 18005K [0x00000006fb400000, 0x00000006fc8c0000, 0x0000000700600000)
  object space 21248K, 84% used [0x00000006fb400000,0x00000006fc595440,0x00000006fc8c0000)
Event: 6.403 GC heap after
Heap after GC invocations=9 (full 0):
 PSYoungGen      total 552384K, used 33963K [0x00000007aacb0000, 0x00000007e1d50000, 0x0000000800000000)
  eden space 515520K, 0% used [0x00000007aacb0000,0x00000007aacb0000,0x00000007ca420000)
  from space 36864K, 92% used [0x00000007ca420000,0x00000007cc54ae00,0x00000007cc820000)
  to   space 38464K, 0% used [0x00000007df7c0000,0x00000007df7c0000,0x00000007e1d50000)
 ParOldGen       total 174528K, used 108929K [0x0000000700600000, 0x000000070b070000, 0x00000007aacb0000)
  object space 174528K, 62% used [0x0000000700600000,0x00000007070606f0,0x000000070b070000)
 PSPermGen       total 21248K, used 18005K [0x00000006fb400000, 0x00000006fc8c0000, 0x0000000700600000)
  object space 21248K, 84% used [0x00000006fb400000,0x00000006fc595440,0x00000006fc8c0000)
}
Event: 7.407 GC heap before
{Heap before GC invocations=10 (full 0):
 PSYoungGen      total 552384K, used 546022K [0x00000007aacb0000, 0x00000007e1d50000, 0x0000000800000000)
  eden space 515520K, 99% used [0x00000007aacb0000,0x00000007ca0bec68,0x00000007ca420000)
  from space 36864K, 92% used [0x00000007ca420000,0x00000007cc54ae00,0x00000007cc820000)
  to   space 38464K, 0% used [0x00000007df7c0000,0x00000007df7c0000,0x00000007e1d50000)
 ParOldGen       total 174528K, used 108929K [0x0000000700600000, 0x000000070b070000, 0x00000007aacb0000)
  object space 174528K, 62% used [0x0000000700600000,0x00000007070606f0,0x000000070b070000)
 PSPermGen       total 21248K, used 18007K [0x00000006fb400000, 0x00000006fc8c0000, 0x0000000700600000)
  object space 21248K, 84% used [0x00000006fb400000,0x00000006fc595f20,0x00000006fc8c0000)
Event: 7.418 GC heap after
Heap after GC invocations=10 (full 0):
 PSYoungGen      total 863232K, used 31169K [0x00000007aacb0000, 0x00000007e1d70000, 0x0000000800000000)
  eden space 824768K, 0% used [0x00000007aacb0000,0x00000007aacb0000,0x00000007dd220000)
  from space 38464K, 81% used [0x00000007df7c0000,0x00000007e16305a0,0x00000007e1d50000)
  to   space 38528K, 0% used [0x00000007dd220000,0x00000007dd220000,0x00000007df7c0000)
 ParOldGen       total 174528K, used 117218K [0x0000000700600000, 0x000000070b070000, 0x00000007aacb0000)
  object space 174528K, 67% used [0x0000000700600000,0x00000007078788b8,0x000000070b070000)
 PSPermGen       total 21248K, used 18007K [0x00000006fb400000, 0x00000006fc8c0000, 0x0000000700600000)
  object space 21248K, 84% used [0x00000006fb400000,0x00000006fc595f20,0x00000006fc8c0000)
}
Event: 9.078 GC heap before
{Heap before GC invocations=11 (full 0):
 PSYoungGen      total 863232K, used 851336K [0x00000007aacb0000, 0x00000007e1d70000, 0x0000000800000000)
  eden space 824768K, 99% used [0x00000007aacb0000,0x00000007dcda1bb8,0x00000007dd220000)
  from space 38464K, 81% used [0x00000007df7c0000,0x00000007e16305a0,0x00000007e1d50000)
  to   space 38528K, 0% used [0x00000007dd220000,0x00000007dd220000,0x00000007df7c0000)
 ParOldGen       total 174528K, used 117218K [0x0000000700600000, 0x000000070b070000, 0x00000007aacb0000)
  object space 174528K, 67% used [0x0000000700600000,0x00000007078788b8,0x000000070b070000)
 PSPermGen       total 21248K, used 18020K [0x00000006fb400000, 0x00000006fc8c0000, 0x0000000700600000)
  object space 21248K, 84% used [0x00000006fb400000,0x00000006fc5992e8,0x00000006fc8c0000)
Event: 9.088 GC heap after
Heap after GC invocations=11 (full 0):
 PSYoungGen      total 863296K, used 16741K [0x00000007aacb0000, 0x0000000800000000, 0x0000000800000000)
  eden space 824768K, 0% used [0x00000007aacb0000,0x00000007aacb0000,0x00000007dd220000)
  from space 38528K, 43% used [0x00000007dd220000,0x00000007de2794f0,0x00000007df7c0000)
  to   space 39552K, 0% used [0x00000007fd960000,0x00000007fd960000,0x0000000800000000)
 ParOldGen       total 174528K, used 135483K [0x0000000700600000, 0x000000070b070000, 0x00000007aacb0000)
  object space 174528K, 77% used [0x0000000700600000,0x0000000708a4ece8,0x000000070b070000)
 PSPermGen       total 21248K, used 18020K [0x00000006fb400000, 0x00000006fc8c0000, 0x0000000700600000)
  object space 21248K, 84% used [0x00000006fb400000,0x00000006fc5992e8,0x00000006fc8c0000)
}
Event: 10.657 GC heap before
{Heap before GC invocations=12 (full 0):
 PSYoungGen      total 863296K, used 840216K [0x00000007aacb0000, 0x0000000800000000, 0x0000000800000000)
  eden space 824768K, 99% used [0x00000007aacb0000,0x00000007dd0dcec8,0x00000007dd220000)
  from space 38528K, 43% used [0x00000007dd220000,0x00000007de2794f0,0x00000007df7c0000)
  to   space 39552K, 0% used [0x00000007fd960000,0x00000007fd960000,0x0000000800000000)
 ParOldGen       total 174528K, used 135483K [0x0000000700600000, 0x000000070b070000, 0x00000007aacb0000)
  object space 174528K, 77% used [0x0000000700600000,0x0000000708a4ece8,0x000000070b070000)
 PSPermGen       total 21248K, used 18048K [0x00000006fb400000, 0x00000006fc8c0000, 0x0000000700600000)
  object space 21248K, 84% used [0x00000006fb400000,0x00000006fc5a00a8,0x00000006fc8c0000)
Event: 10.665 GC heap after
Heap after GC invocations=12 (full 0):
 PSYoungGen      total 1356864K, used 28891K [0x00000007aacb0000, 0x00000007fffc0000, 0x0000000800000000)
  eden space 1317568K, 0% used [0x00000007aacb0000,0x00000007aacb0000,0x00000007fb360000)
  from space 39296K, 73% used [0x00000007fd960000,0x00000007ff596cf0,0x00000007fffc0000)
  to   space 38912K, 0% used [0x00000007fb360000,0x00000007fb360000,0x00000007fd960000)
 ParOldGen       total 174528K, used 135567K [0x0000000700600000, 0x000000070b070000, 0x00000007aacb0000)
  object space 174528K, 77% used [0x0000000700600000,0x0000000708a63cf8,0x000000070b070000)
 PSPermGen       total 21248K, used 18048K [0x00000006fb400000, 0x00000006fc8c0000, 0x0000000700600000)
  object space 21248K, 84% used [0x00000006fb400000,0x00000006fc5a00a8,0x00000006fc8c0000)
}

