# JRE version: 7.0_07-b11
# Java VM: Java HotSpot(TM) 64-Bit Server VM (23.3-b01 mixed mode windows-amd64 compressed oops)
Heap
 PSYoungGen      total 390272K, used 274818K [0x00000007aacb0000, 0x00000007c49e0000, 0x0000000800000000)
  eden space 366912K, 74% used [0x00000007aacb0000,0x00000007bb910828,0x00000007c1300000)
  from space 23360K, 0% used [0x00000007c3310000,0x00000007c3310000,0x00000007c49e0000)
  to   space 28096K, 0% used [0x00000007c1300000,0x00000007c1300000,0x00000007c2e70000)
 ParOldGen       total 320832K, used 20278K [0x0000000700600000, 0x0000000713f50000, 0x00000007aacb0000)
  object space 320832K, 6% used [0x0000000700600000,0x00000007019cda70,0x0000000713f50000)
 PSPermGen       total 33920K, used 18142K [0x00000006fb400000, 0x00000006fd520000, 0x0000000700600000)
  object space 33920K, 53% used [0x00000006fb400000,0x00000006fc5b7ad8,0x00000006fd520000)
GC Heap History (10 events):
Event: 15.093 GC heap before
{Heap before GC invocations=12 (full 4):
 PSYoungGen      total 323712K, used 319313K [0x00000007aacb0000, 0x00000007c1a90000, 0x0000000800000000)
  eden space 299712K, 99% used [0x00000007aacb0000,0x00000007bd046738,0x00000007bd160000)
  from space 24000K, 86% used [0x00000007beab0000,0x00000007bfeedce0,0x00000007c0220000)
  to   space 25920K, 0% used [0x00000007bd160000,0x00000007bd160000,0x00000007beab0000)
 ParOldGen       total 328768K, used 326668K [0x0000000700600000, 0x0000000714710000, 0x00000007aacb0000)
  object space 328768K, 99% used [0x0000000700600000,0x00000007145033f0,0x0000000714710000)
 PSPermGen       total 39424K, used 18063K [0x00000006fb400000, 0x00000006fda80000, 0x0000000700600000)
  object space 39424K, 45% used [0x00000006fb400000,0x00000006fc5a3d88,0x00000006fda80000)
Event: 15.131 GC heap after
Heap after GC invocations=12 (full 4):
 PSYoungGen      total 323712K, used 0K [0x00000007aacb0000, 0x00000007c1a90000, 0x0000000800000000)
  eden space 299712K, 0% used [0x00000007aacb0000,0x00000007aacb0000,0x00000007bd160000)
  from space 24000K, 0% used [0x00000007beab0000,0x00000007beab0000,0x00000007c0220000)
  to   space 25920K, 0% used [0x00000007bd160000,0x00000007bd160000,0x00000007beab0000)
 ParOldGen       total 223808K, used 20267K [0x0000000700600000, 0x000000070e090000, 0x00000007aacb0000)
  object space 223808K, 9% used [0x0000000700600000,0x00000007019cae88,0x000000070e090000)
 PSPermGen       total 37824K, used 18063K [0x00000006fb400000, 0x00000006fd8f0000, 0x0000000700600000)
  object space 37824K, 47% used [0x00000006fb400000,0x00000006fc5a3d08,0x00000006fd8f0000)
}
Event: 16.195 GC heap before
{Heap before GC invocations=13 (full 4):
 PSYoungGen      total 323712K, used 298361K [0x00000007aacb0000, 0x00000007c1a90000, 0x0000000800000000)
  eden space 299712K, 99% used [0x00000007aacb0000,0x00000007bd00e778,0x00000007bd160000)
  from space 24000K, 0% used [0x00000007beab0000,0x00000007beab0000,0x00000007c0220000)
  to   space 25920K, 0% used [0x00000007bd160000,0x00000007bd160000,0x00000007beab0000)
 ParOldGen       total 223808K, used 26342K [0x0000000700600000, 0x000000070e090000, 0x00000007aacb0000)
  object space 223808K, 11% used [0x0000000700600000,0x0000000701fb9a98,0x000000070e090000)
 PSPermGen       total 37824K, used 18069K [0x00000006fb400000, 0x00000006fd8f0000, 0x0000000700600000)
  object space 37824K, 47% used [0x00000006fb400000,0x00000006fc5a5428,0x00000006fd8f0000)
Event: 16.201 GC heap after
Heap after GC invocations=13 (full 4):
 PSYoungGen      total 325632K, used 20727K [0x00000007aacb0000, 0x00000007c4da0000, 0x0000000800000000)
  eden space 299712K, 0% used [0x00000007aacb0000,0x00000007aacb0000,0x00000007bd160000)
  from space 25920K, 79% used [0x00000007bd160000,0x00000007be59dce0,0x00000007beab0000)
  to   space 27200K, 0% used [0x00000007c3310000,0x00000007c3310000,0x00000007c4da0000)
 ParOldGen       total 223808K, used 26342K [0x0000000700600000, 0x000000070e090000, 0x00000007aacb0000)
  object space 223808K, 11% used [0x0000000700600000,0x0000000701fb9a98,0x000000070e090000)
 PSPermGen       total 37824K, used 18069K [0x00000006fb400000, 0x00000006fd8f0000, 0x0000000700600000)
  object space 37824K, 47% used [0x00000006fb400000,0x00000006fc5a5428,0x00000006fd8f0000)
}
Event: 18.302 GC heap before
{Heap before GC invocations=14 (full 5):
 PSYoungGen      total 325632K, used 319214K [0x00000007aacb0000, 0x00000007c4da0000, 0x0000000800000000)
  eden space 299712K, 99% used [0x00000007aacb0000,0x00000007bd02dde0,0x00000007bd160000)
  from space 25920K, 79% used [0x00000007bd160000,0x00000007be59dce0,0x00000007beab0000)
  to   space 27200K, 0% used [0x00000007c3310000,0x00000007c3310000,0x00000007c4da0000)
 ParOldGen       total 328704K, used 326676K [0x0000000700600000, 0x0000000714700000, 0x00000007aacb0000)
  object space 328704K, 99% used [0x0000000700600000,0x00000007145051c8,0x0000000714700000)
 PSPermGen       total 37824K, used 18083K [0x00000006fb400000, 0x00000006fd8f0000, 0x0000000700600000)
  object space 37824K, 47% used [0x00000006fb400000,0x00000006fc5a8d58,0x00000006fd8f0000)
Event: 18.330 GC heap after
Heap after GC invocations=14 (full 5):
 PSYoungGen      total 325632K, used 0K [0x00000007aacb0000, 0x00000007c4da0000, 0x0000000800000000)
  eden space 299712K, 0% used [0x00000007aacb0000,0x00000007aacb0000,0x00000007bd160000)
  from space 25920K, 0% used [0x00000007bd160000,0x00000007bd160000,0x00000007beab0000)
  to   space 27200K, 0% used [0x00000007c3310000,0x00000007c3310000,0x00000007c4da0000)
 ParOldGen       total 265728K, used 20271K [0x0000000700600000, 0x0000000710980000, 0x00000007aacb0000)
  object space 265728K, 7% used [0x0000000700600000,0x00000007019cbdc8,0x0000000710980000)
 PSPermGen       total 36160K, used 18083K [0x00000006fb400000, 0x00000006fd750000, 0x0000000700600000)
  object space 36160K, 50% used [0x00000006fb400000,0x00000006fc5a8d58,0x00000006fd750000)
}
Event: 19.362 GC heap before
{Heap before GC invocations=15 (full 5):
 PSYoungGen      total 325632K, used 298084K [0x00000007aacb0000, 0x00000007c4da0000, 0x0000000800000000)
  eden space 299712K, 99% used [0x00000007aacb0000,0x00000007bcfc91c8,0x00000007bd160000)
  from space 25920K, 0% used [0x00000007bd160000,0x00000007bd160000,0x00000007beab0000)
  to   space 27200K, 0% used [0x00000007c3310000,0x00000007c3310000,0x00000007c4da0000)
 ParOldGen       total 265728K, used 26346K [0x0000000700600000, 0x0000000710980000, 0x00000007aacb0000)
  object space 265728K, 9% used [0x0000000700600000,0x0000000701fba9d8,0x0000000710980000)
 PSPermGen       total 36160K, used 18095K [0x00000006fb400000, 0x00000006fd750000, 0x0000000700600000)
  object space 36160K, 50% used [0x00000006fb400000,0x00000006fc5abca0,0x00000006fd750000)
Event: 19.367 GC heap after
Heap after GC invocations=15 (full 5):
 PSYoungGen      total 390272K, used 20727K [0x00000007aacb0000, 0x00000007c49e0000, 0x0000000800000000)
  eden space 366912K, 0% used [0x00000007aacb0000,0x00000007aacb0000,0x00000007c1300000)
  from space 23360K, 88% used [0x00000007c3310000,0x00000007c474dce0,0x00000007c49e0000)
  to   space 28096K, 0% used [0x00000007c1300000,0x00000007c1300000,0x00000007c2e70000)
 ParOldGen       total 265728K, used 26346K [0x0000000700600000, 0x0000000710980000, 0x00000007aacb0000)
  object space 265728K, 9% used [0x0000000700600000,0x0000000701fba9d8,0x0000000710980000)
 PSPermGen       total 36160K, used 18095K [0x00000006fb400000, 0x00000006fd750000, 0x0000000700600000)
  object space 36160K, 50% used [0x00000006fb400000,0x00000006fc5abca0,0x00000006fd750000)
}
Event: 21.702 GC heap before
{Heap before GC invocations=16 (full 6):
 PSYoungGen      total 390272K, used 385865K [0x00000007aacb0000, 0x00000007c49e0000, 0x0000000800000000)
  eden space 366912K, 99% used [0x00000007aacb0000,0x00000007c11449f8,0x00000007c1300000)
  from space 23360K, 88% used [0x00000007c3310000,0x00000007c474dce0,0x00000007c49e0000)
  to   space 28096K, 0% used [0x00000007c1300000,0x00000007c1300000,0x00000007c2e70000)
 ParOldGen       total 329024K, used 326680K [0x0000000700600000, 0x0000000714750000, 0x00000007aacb0000)
  object space 329024K, 99% used [0x0000000700600000,0x0000000714506108,0x0000000714750000)
 PSPermGen       total 36160K, used 18108K [0x00000006fb400000, 0x00000006fd750000, 0x0000000700600000)
  object space 36160K, 50% used [0x00000006fb400000,0x00000006fc5af2c8,0x00000006fd750000)
Event: 21.727 GC heap after
Heap after GC invocations=16 (full 6):
 PSYoungGen      total 390272K, used 0K [0x00000007aacb0000, 0x00000007c49e0000, 0x0000000800000000)
  eden space 366912K, 0% used [0x00000007aacb0000,0x00000007aacb0000,0x00000007c1300000)
  from space 23360K, 0% used [0x00000007c3310000,0x00000007c3310000,0x00000007c49e0000)
  to   space 28096K, 0% used [0x00000007c1300000,0x00000007c1300000,0x00000007c2e70000)
 ParOldGen       total 320832K, used 20278K [0x0000000700600000, 0x0000000713f50000, 0x00000007aacb0000)
  object space 320832K, 6% used [0x0000000700600000,0x00000007019cda70,0x0000000713f50000)
 PSPermGen       total 33920K, used 18108K [0x00000006fb400000, 0x00000006fd520000, 0x0000000700600000)
  object space 33920K, 53% used [0x00000006fb400000,0x00000006fc5af2c8,0x00000006fd520000)
}

