# JRE version: 7.0_07-b11
# Java VM: Java HotSpot(TM) 64-Bit Server VM (23.3-b01 mixed mode windows-amd64 compressed oops)
Heap
 PSYoungGen      total 76352K, used 32711K [0x00000007aacb0000, 0x00000007b01e0000, 0x0000000800000000)
  eden space 65472K, 33% used [0x00000007aacb0000,0x00000007ac204a48,0x00000007aeca0000)
  from space 10880K, 99% used [0x00000007aeca0000,0x00000007af73d250,0x00000007af740000)
  to   space 10880K, 0% used [0x00000007af740000,0x00000007af740000,0x00000007b01e0000)
 ParOldGen       total 174528K, used 13595K [0x0000000700600000, 0x000000070b070000, 0x00000007aacb0000)
  object space 174528K, 7% used [0x0000000700600000,0x0000000701346f48,0x000000070b070000)
 PSPermGen       total 21248K, used 16600K [0x00000006fb400000, 0x00000006fc8c0000, 0x0000000700600000)
  object space 21248K, 78% used [0x00000006fb400000,0x00000006fc436248,0x00000006fc8c0000)
GC Heap History (6 events):
Event: 4.063 GC heap before
{Heap before GC invocations=1 (full 0):
 PSYoungGen      total 76352K, used 65472K [0x00000007aacb0000, 0x00000007b01e0000, 0x0000000800000000)
  eden space 65472K, 100% used [0x00000007aacb0000,0x00000007aeca0000,0x00000007aeca0000)
  from space 10880K, 0% used [0x00000007af740000,0x00000007af740000,0x00000007b01e0000)
  to   space 10880K, 0% used [0x00000007aeca0000,0x00000007aeca0000,0x00000007af740000)
 ParOldGen       total 174528K, used 0K [0x0000000700600000, 0x000000070b070000, 0x00000007aacb0000)
  object space 174528K, 0% used [0x0000000700600000,0x0000000700600000,0x000000070b070000)
 PSPermGen       total 21248K, used 16526K [0x00000006fb400000, 0x00000006fc8c0000, 0x0000000700600000)
  object space 21248K, 77% used [0x00000006fb400000,0x00000006fc423a80,0x00000006fc8c0000)
Event: 4.072 GC heap after
Heap after GC invocations=1 (full 0):
 PSYoungGen      total 76352K, used 10869K [0x00000007aacb0000, 0x00000007b01e0000, 0x0000000800000000)
  eden space 65472K, 0% used [0x00000007aacb0000,0x00000007aacb0000,0x00000007aeca0000)
  from space 10880K, 99% used [0x00000007aeca0000,0x00000007af73d6c0,0x00000007af740000)
  to   space 10880K, 0% used [0x00000007af740000,0x00000007af740000,0x00000007b01e0000)
 ParOldGen       total 174528K, used 4661K [0x0000000700600000, 0x000000070b070000, 0x00000007aacb0000)
  object space 174528K, 2% used [0x0000000700600000,0x0000000700a8d6e0,0x000000070b070000)
 PSPermGen       total 21248K, used 16526K [0x00000006fb400000, 0x00000006fc8c0000, 0x0000000700600000)
  object space 21248K, 77% used [0x00000006fb400000,0x00000006fc423a80,0x00000006fc8c0000)
}
Event: 4.906 GC heap before
{Heap before GC invocations=2 (full 0):
 PSYoungGen      total 76352K, used 75586K [0x00000007aacb0000, 0x00000007b01e0000, 0x0000000800000000)
  eden space 65472K, 98% used [0x00000007aacb0000,0x00000007aebe3408,0x00000007aeca0000)
  from space 10880K, 99% used [0x00000007aeca0000,0x00000007af73d6c0,0x00000007af740000)
  to   space 10880K, 0% used [0x00000007af740000,0x00000007af740000,0x00000007b01e0000)
 ParOldGen       total 174528K, used 4661K [0x0000000700600000, 0x000000070b070000, 0x00000007aacb0000)
  object space 174528K, 2% used [0x0000000700600000,0x0000000700a8d6e0,0x000000070b070000)
 PSPermGen       total 21248K, used 16595K [0x00000006fb400000, 0x00000006fc8c0000, 0x0000000700600000)
  object space 21248K, 78% used [0x00000006fb400000,0x00000006fc434e78,0x00000006fc8c0000)
Event: 4.913 GC heap after
Heap after GC invocations=2 (full 0):
 PSYoungGen      total 76352K, used 10667K [0x00000007aacb0000, 0x00000007b01e0000, 0x0000000800000000)
  eden space 65472K, 0% used [0x00000007aacb0000,0x00000007aacb0000,0x00000007aeca0000)
  from space 10880K, 98% used [0x00000007af740000,0x00000007b01aac40,0x00000007b01e0000)
  to   space 10880K, 0% used [0x00000007aeca0000,0x00000007aeca0000,0x00000007af740000)
 ParOldGen       total 174528K, used 9317K [0x0000000700600000, 0x000000070b070000, 0x00000007aacb0000)
  object space 174528K, 5% used [0x0000000700600000,0x0000000700f19480,0x000000070b070000)
 PSPermGen       total 21248K, used 16595K [0x00000006fb400000, 0x00000006fc8c0000, 0x0000000700600000)
  object space 21248K, 78% used [0x00000006fb400000,0x00000006fc434e78,0x00000006fc8c0000)
}
Event: 5.935 GC heap before
{Heap before GC invocations=3 (full 0):
 PSYoungGen      total 76352K, used 75865K [0x00000007aacb0000, 0x00000007b01e0000, 0x0000000800000000)
  eden space 65472K, 99% used [0x00000007aacb0000,0x00000007aec5bbb0,0x00000007aeca0000)
  from space 10880K, 98% used [0x00000007af740000,0x00000007b01aac40,0x00000007b01e0000)
  to   space 10880K, 0% used [0x00000007aeca0000,0x00000007aeca0000,0x00000007af740000)
 ParOldGen       total 174528K, used 9317K [0x0000000700600000, 0x000000070b070000, 0x00000007aacb0000)
  object space 174528K, 5% used [0x0000000700600000,0x0000000700f19480,0x000000070b070000)
 PSPermGen       total 21248K, used 16599K [0x00000006fb400000, 0x00000006fc8c0000, 0x0000000700600000)
  object space 21248K, 78% used [0x00000006fb400000,0x00000006fc435ed0,0x00000006fc8c0000)
Event: 5.940 GC heap after
Heap after GC invocations=3 (full 0):
 PSYoungGen      total 76352K, used 10868K [0x00000007aacb0000, 0x00000007b01e0000, 0x0000000800000000)
  eden space 65472K, 0% used [0x00000007aacb0000,0x00000007aacb0000,0x00000007aeca0000)
  from space 10880K, 99% used [0x00000007aeca0000,0x00000007af73d250,0x00000007af740000)
  to   space 10880K, 0% used [0x00000007af740000,0x00000007af740000,0x00000007b01e0000)
 ParOldGen       total 174528K, used 13595K [0x0000000700600000, 0x000000070b070000, 0x00000007aacb0000)
  object space 174528K, 7% used [0x0000000700600000,0x0000000701346f48,0x000000070b070000)
 PSPermGen       total 21248K, used 16599K [0x00000006fb400000, 0x00000006fc8c0000, 0x0000000700600000)
  object space 21248K, 78% used [0x00000006fb400000,0x00000006fc435ed0,0x00000006fc8c0000)
}

