# JRE version: 7.0_07-b11
# Java VM: Java HotSpot(TM) 64-Bit Server VM (23.3-b01 mixed mode windows-amd64 compressed oops)
Heap
 PSYoungGen      total 1241216K, used 911563K [0x00000007aacb0000, 0x00000007ff890000, 0x0000000800000000)
  eden space 1213184K, 72% used [0x00000007aacb0000,0x00000007e0b91848,0x00000007f4d70000)
  from space 28032K, 99% used [0x00000007f4d70000,0x00000007f68c1500,0x00000007f68d0000)
  to   space 87168K, 0% used [0x00000007fa370000,0x00000007fa370000,0x00000007ff890000)
 ParOldGen       total 227968K, used 153926K [0x0000000700600000, 0x000000070e4a0000, 0x00000007aacb0000)
  object space 227968K, 67% used [0x0000000700600000,0x0000000709c51a20,0x000000070e4a0000)
 PSPermGen       total 39744K, used 18293K [0x00000006fb400000, 0x00000006fdad0000, 0x0000000700600000)
  object space 39744K, 46% used [0x00000006fb400000,0x00000006fc5dd7a0,0x00000006fdad0000)
GC Heap History (10 events):
Event: 17.776 GC heap before
{Heap before GC invocations=16 (full 2):
 PSYoungGen      total 851648K, used 832684K [0x00000007aacb0000, 0x00000007f8af0000, 0x0000000800000000)
  eden space 775296K, 99% used [0x00000007aacb0000,0x00000007d9c79df8,0x00000007da1d0000)
  from space 76352K, 82% used [0x00000007da1d0000,0x00000007ddf31430,0x00000007dec60000)
  to   space 82496K, 0% used [0x00000007f3a60000,0x00000007f3a60000,0x00000007f8af0000)
 ParOldGen       total 188800K, used 49552K [0x0000000700600000, 0x000000070be60000, 0x00000007aacb0000)
  object space 188800K, 26% used [0x0000000700600000,0x0000000703664228,0x000000070be60000)
 PSPermGen       total 40896K, used 18126K [0x00000006fb400000, 0x00000006fdbf0000, 0x0000000700600000)
  object space 40896K, 44% used [0x00000006fb400000,0x00000006fc5b3978,0x00000006fdbf0000)
Event: 17.791 GC heap after
Heap after GC invocations=16 (full 2):
 PSYoungGen      total 1178816K, used 58612K [0x00000007aacb0000, 0x00000007f86d0000, 0x0000000800000000)
  eden space 1100544K, 0% used [0x00000007aacb0000,0x00000007aacb0000,0x00000007edf70000)
  from space 78272K, 74% used [0x00000007f3a60000,0x00000007f739d1d0,0x00000007f86d0000)
  to   space 85696K, 0% used [0x00000007edf70000,0x00000007edf70000,0x00000007f3320000)
 ParOldGen       total 188800K, used 53057K [0x0000000700600000, 0x000000070be60000, 0x00000007aacb0000)
  object space 188800K, 28% used [0x0000000700600000,0x00000007039d0718,0x000000070be60000)
 PSPermGen       total 40896K, used 18126K [0x00000006fb400000, 0x00000006fdbf0000, 0x0000000700600000)
  object space 40896K, 44% used [0x00000006fb400000,0x00000006fc5b3978,0x00000006fdbf0000)
}
Event: 20.698 GC heap before
{Heap before GC invocations=17 (full 2):
 PSYoungGen      total 1178816K, used 1157817K [0x00000007aacb0000, 0x00000007f86d0000, 0x0000000800000000)
  eden space 1100544K, 99% used [0x00000007aacb0000,0x00000007ede21568,0x00000007edf70000)
  from space 78272K, 74% used [0x00000007f3a60000,0x00000007f739d1d0,0x00000007f86d0000)
  to   space 85696K, 0% used [0x00000007edf70000,0x00000007edf70000,0x00000007f3320000)
 ParOldGen       total 188800K, used 59132K [0x0000000700600000, 0x000000070be60000, 0x00000007aacb0000)
  object space 188800K, 31% used [0x0000000700600000,0x0000000703fbf328,0x000000070be60000)
 PSPermGen       total 40896K, used 18153K [0x00000006fb400000, 0x00000006fdbf0000, 0x0000000700600000)
  object space 40896K, 44% used [0x00000006fb400000,0x00000006fc5ba570,0x00000006fdbf0000)
Event: 20.721 GC heap after
Heap after GC invocations=17 (full 2):
 PSYoungGen      total 1186240K, used 73766K [0x00000007aacb0000, 0x0000000800000000, 0x0000000800000000)
  eden space 1100544K, 0% used [0x00000007aacb0000,0x00000007aacb0000,0x00000007edf70000)
  from space 85696K, 86% used [0x00000007edf70000,0x00000007f2779be0,0x00000007f3320000)
  to   space 93632K, 0% used [0x00000007fa490000,0x00000007fa490000,0x0000000800000000)
 ParOldGen       total 188800K, used 59164K [0x0000000700600000, 0x000000070be60000, 0x00000007aacb0000)
  object space 188800K, 31% used [0x0000000700600000,0x0000000703fc7328,0x000000070be60000)
 PSPermGen       total 40896K, used 18153K [0x00000006fb400000, 0x00000006fdbf0000, 0x0000000700600000)
  object space 40896K, 44% used [0x00000006fb400000,0x00000006fc5ba570,0x00000006fdbf0000)
}
Event: 24.445 GC heap before
{Heap before GC invocations=18 (full 3):
 PSYoungGen      total 1186240K, used 1174310K [0x00000007aacb0000, 0x0000000800000000, 0x0000000800000000)
  eden space 1100544K, 100% used [0x00000007aacb0000,0x00000007edf70000,0x00000007edf70000)
  from space 85696K, 86% used [0x00000007edf70000,0x00000007f2779be0,0x00000007f3320000)
  to   space 93632K, 0% used [0x00000007fa490000,0x00000007fa490000,0x0000000800000000)
 ParOldGen       total 207872K, used 205348K [0x0000000700600000, 0x000000070d100000, 0x00000007aacb0000)
  object space 207872K, 98% used [0x0000000700600000,0x000000070ce89360,0x000000070d100000)
 PSPermGen       total 40896K, used 18175K [0x00000006fb400000, 0x00000006fdbf0000, 0x0000000700600000)
  object space 40896K, 44% used [0x00000006fb400000,0x00000006fc5bfd00,0x00000006fdbf0000)
Event: 24.498 GC heap after
Heap after GC invocations=18 (full 3):
 PSYoungGen      total 1186240K, used 0K [0x00000007aacb0000, 0x0000000800000000, 0x0000000800000000)
  eden space 1100544K, 0% used [0x00000007aacb0000,0x00000007aacb0000,0x00000007edf70000)
  from space 85696K, 0% used [0x00000007edf70000,0x00000007edf70000,0x00000007f3320000)
  to   space 93632K, 0% used [0x00000007fa490000,0x00000007fa490000,0x0000000800000000)
 ParOldGen       total 227968K, used 72324K [0x0000000700600000, 0x000000070e4a0000, 0x00000007aacb0000)
  object space 227968K, 31% used [0x0000000700600000,0x0000000704ca1250,0x000000070e4a0000)
 PSPermGen       total 39744K, used 18175K [0x00000006fb400000, 0x00000006fdad0000, 0x0000000700600000)
  object space 39744K, 45% used [0x00000006fb400000,0x00000006fc5bfc20,0x00000006fdad0000)
}
Event: 28.210 GC heap before
{Heap before GC invocations=19 (full 3):
 PSYoungGen      total 1186240K, used 1100544K [0x00000007aacb0000, 0x0000000800000000, 0x0000000800000000)
  eden space 1100544K, 100% used [0x00000007aacb0000,0x00000007edf70000,0x00000007edf70000)
  from space 85696K, 0% used [0x00000007edf70000,0x00000007edf70000,0x00000007f3320000)
  to   space 93632K, 0% used [0x00000007fa490000,0x00000007fa490000,0x0000000800000000)
 ParOldGen       total 227968K, used 100328K [0x0000000700600000, 0x000000070e4a0000, 0x00000007aacb0000)
  object space 227968K, 44% used [0x0000000700600000,0x00000007067fa3a0,0x000000070e4a0000)
 PSPermGen       total 39744K, used 18185K [0x00000006fb400000, 0x00000006fdad0000, 0x0000000700600000)
  object space 39744K, 45% used [0x00000006fb400000,0x00000006fc5c2438,0x00000006fdad0000)
Event: 28.225 GC heap after
Heap after GC invocations=19 (full 3):
 PSYoungGen      total 1305920K, used 39602K [0x00000007aacb0000, 0x00000007fff20000, 0x0000000800000000)
  eden space 1213184K, 0% used [0x00000007aacb0000,0x00000007aacb0000,0x00000007f4d70000)
  from space 92736K, 42% used [0x00000007fa490000,0x00000007fcb3caf0,0x00000007fff20000)
  to   space 89216K, 0% used [0x00000007f4d70000,0x00000007f4d70000,0x00000007fa490000)
 ParOldGen       total 227968K, used 100328K [0x0000000700600000, 0x000000070e4a0000, 0x00000007aacb0000)
  object space 227968K, 44% used [0x0000000700600000,0x00000007067fa3a0,0x000000070e4a0000)
 PSPermGen       total 39744K, used 18185K [0x00000006fb400000, 0x00000006fdad0000, 0x0000000700600000)
  object space 39744K, 45% used [0x00000006fb400000,0x00000006fc5c2438,0x00000006fdad0000)
}
Event: 32.552 GC heap before
{Heap before GC invocations=20 (full 3):
 PSYoungGen      total 1305920K, used 1247190K [0x00000007aacb0000, 0x00000007fff20000, 0x0000000800000000)
  eden space 1213184K, 99% used [0x00000007aacb0000,0x00000007f47f8f78,0x00000007f4d70000)
  from space 92736K, 42% used [0x00000007fa490000,0x00000007fcb3caf0,0x00000007fff20000)
  to   space 89216K, 0% used [0x00000007f4d70000,0x00000007f4d70000,0x00000007fa490000)
 ParOldGen       total 227968K, used 100328K [0x0000000700600000, 0x000000070e4a0000, 0x00000007aacb0000)
  object space 227968K, 44% used [0x0000000700600000,0x00000007067fa3a0,0x000000070e4a0000)
 PSPermGen       total 39744K, used 18281K [0x00000006fb400000, 0x00000006fdad0000, 0x0000000700600000)
  object space 39744K, 45% used [0x00000006fb400000,0x00000006fc5da630,0x00000006fdad0000)
Event: 32.562 GC heap after
Heap after GC invocations=20 (full 3):
 PSYoungGen      total 1241216K, used 27973K [0x00000007aacb0000, 0x00000007ff890000, 0x0000000800000000)
  eden space 1213184K, 0% used [0x00000007aacb0000,0x00000007aacb0000,0x00000007f4d70000)
  from space 28032K, 99% used [0x00000007f4d70000,0x00000007f68c1500,0x00000007f68d0000)
  to   space 87168K, 0% used [0x00000007fa370000,0x00000007fa370000,0x00000007ff890000)
 ParOldGen       total 227968K, used 153926K [0x0000000700600000, 0x000000070e4a0000, 0x00000007aacb0000)
  object space 227968K, 67% used [0x0000000700600000,0x0000000709c51a20,0x000000070e4a0000)
 PSPermGen       total 39744K, used 18281K [0x00000006fb400000, 0x00000006fdad0000, 0x0000000700600000)
  object space 39744K, 45% used [0x00000006fb400000,0x00000006fc5da630,0x00000006fdad0000)
}

