# JRE version: 7.0_07-b11
# Java VM: Java HotSpot(TM) 64-Bit Server VM (23.3-b01 mixed mode windows-amd64 compressed oops)
Heap
 PSYoungGen      total 456000K, used 455834K [0x00000007aacb0000, 0x00000007de2a0000, 0x0000000800000000)
  eden space 437504K, 99% used [0x00000007aacb0000,0x00000007c57ca6a8,0x00000007c57f0000)
  from space 18496K, 99% used [0x00000007db490000,0x00000007dc69c430,0x00000007dc6a0000)
  to   space 28672K, 0% used [0x00000007dc6a0000,0x00000007dc6a0000,0x00000007de2a0000)
 ParOldGen       total 350848K, used 345345K [0x0000000700600000, 0x0000000715ca0000, 0x00000007aacb0000)
  object space 350848K, 98% used [0x0000000700600000,0x0000000715740488,0x0000000715ca0000)
 PSPermGen       total 21248K, used 17756K [0x00000006fb400000, 0x00000006fc8c0000, 0x0000000700600000)
  object space 21248K, 83% used [0x00000006fb400000,0x00000006fc5570d8,0x00000006fc8c0000)
GC Heap History (10 events):
Event: 12.738 GC heap before
{Heap before GC invocations=9 (full 0):
 PSYoungGen      total 558656K, used 538974K [0x00000007aacb0000, 0x00000007cf150000, 0x0000000800000000)
  eden space 523776K, 99% used [0x00000007aacb0000,0x00000007ca90b5f8,0x00000007cac30000)
  from space 34880K, 52% used [0x00000007ccf40000,0x00000007ce13c430,0x00000007cf150000)
  to   space 35392K, 0% used [0x00000007cac30000,0x00000007cac30000,0x00000007ccec0000)
 ParOldGen       total 174528K, used 71849K [0x0000000700600000, 0x000000070b070000, 0x00000007aacb0000)
  object space 174528K, 41% used [0x0000000700600000,0x0000000704c2a5b8,0x000000070b070000)
 PSPermGen       total 21248K, used 17653K [0x00000006fb400000, 0x00000006fc8c0000, 0x0000000700600000)
  object space 21248K, 83% used [0x00000006fb400000,0x00000006fc53d480,0x00000006fc8c0000)
Event: 12.748 GC heap after
Heap after GC invocations=9 (full 0):
 PSYoungGen      total 559168K, used 18513K [0x00000007aacb0000, 0x00000007e2300000, 0x0000000800000000)
  eden space 523776K, 0% used [0x00000007aacb0000,0x00000007aacb0000,0x00000007cac30000)
  from space 35392K, 52% used [0x00000007cac30000,0x00000007cbe44430,0x00000007ccec0000)
  to   space 34752K, 0% used [0x00000007e0110000,0x00000007e0110000,0x00000007e2300000)
 ParOldGen       total 174528K, used 71857K [0x0000000700600000, 0x000000070b070000, 0x00000007aacb0000)
  object space 174528K, 41% used [0x0000000700600000,0x0000000704c2c5b8,0x000000070b070000)
 PSPermGen       total 21248K, used 17653K [0x00000006fb400000, 0x00000006fc8c0000, 0x0000000700600000)
  object space 21248K, 83% used [0x00000006fb400000,0x00000006fc53d480,0x00000006fc8c0000)
}
Event: 15.570 GC heap before
{Heap before GC invocations=10 (full 0):
 PSYoungGen      total 559168K, used 537266K [0x00000007aacb0000, 0x00000007e2300000, 0x0000000800000000)
  eden space 523776K, 99% used [0x00000007aacb0000,0x00000007ca7486d0,0x00000007cac30000)
  from space 35392K, 52% used [0x00000007cac30000,0x00000007cbe44430,0x00000007ccec0000)
  to   space 34752K, 0% used [0x00000007e0110000,0x00000007e0110000,0x00000007e2300000)
 ParOldGen       total 174528K, used 71857K [0x0000000700600000, 0x000000070b070000, 0x00000007aacb0000)
  object space 174528K, 41% used [0x0000000700600000,0x0000000704c2c5b8,0x000000070b070000)
 PSPermGen       total 21248K, used 17657K [0x00000006fb400000, 0x00000006fc8c0000, 0x0000000700600000)
  object space 21248K, 83% used [0x00000006fb400000,0x00000006fc53e720,0x00000006fc8c0000)
Event: 15.579 GC heap after
Heap after GC invocations=10 (full 0):
 PSYoungGen      total 519104K, used 18513K [0x00000007aacb0000, 0x00000007e1330000, 0x0000000800000000)
  eden space 500544K, 0% used [0x00000007aacb0000,0x00000007aacb0000,0x00000007c9580000)
  from space 18560K, 99% used [0x00000007e0110000,0x00000007e1324430,0x00000007e1330000)
  to   space 34176K, 0% used [0x00000007dd070000,0x00000007dd070000,0x00000007df1d0000)
 ParOldGen       total 174528K, used 71897K [0x0000000700600000, 0x000000070b070000, 0x00000007aacb0000)
  object space 174528K, 41% used [0x0000000700600000,0x0000000704c365b8,0x000000070b070000)
 PSPermGen       total 21248K, used 17657K [0x00000006fb400000, 0x00000006fc8c0000, 0x0000000700600000)
  object space 21248K, 83% used [0x00000006fb400000,0x00000006fc53e720,0x00000006fc8c0000)
}
Event: 18.306 GC heap before
{Heap before GC invocations=11 (full 0):
 PSYoungGen      total 519104K, used 518285K [0x00000007aacb0000, 0x00000007e1330000, 0x0000000800000000)
  eden space 500544K, 99% used [0x00000007aacb0000,0x00000007c94bf030,0x00000007c9580000)
  from space 18560K, 99% used [0x00000007e0110000,0x00000007e1324430,0x00000007e1330000)
  to   space 34176K, 0% used [0x00000007dd070000,0x00000007dd070000,0x00000007df1d0000)
 ParOldGen       total 174528K, used 71897K [0x0000000700600000, 0x000000070b070000, 0x00000007aacb0000)
  object space 174528K, 41% used [0x0000000700600000,0x0000000704c365b8,0x000000070b070000)
 PSPermGen       total 21248K, used 17662K [0x00000006fb400000, 0x00000006fc8c0000, 0x0000000700600000)
  object space 21248K, 83% used [0x00000006fb400000,0x00000006fc53fa80,0x00000006fc8c0000)
Event: 18.318 GC heap after
Heap after GC invocations=11 (full 0):
 PSYoungGen      total 497024K, used 18513K [0x00000007aacb0000, 0x00000007e0120000, 0x0000000800000000)
  eden space 478464K, 0% used [0x00000007aacb0000,0x00000007aacb0000,0x00000007c7ff0000)
  from space 18560K, 99% used [0x00000007dd070000,0x00000007de284430,0x00000007de290000)
  to   space 31296K, 0% used [0x00000007de290000,0x00000007de290000,0x00000007e0120000)
 ParOldGen       total 174528K, used 71945K [0x0000000700600000, 0x000000070b070000, 0x00000007aacb0000)
  object space 174528K, 41% used [0x0000000700600000,0x0000000704c425b8,0x000000070b070000)
 PSPermGen       total 21248K, used 17662K [0x00000006fb400000, 0x00000006fc8c0000, 0x0000000700600000)
  object space 21248K, 83% used [0x00000006fb400000,0x00000006fc53fa80,0x00000006fc8c0000)
}
Event: 20.907 GC heap before
{Heap before GC invocations=12 (full 0):
 PSYoungGen      total 497024K, used 493638K [0x00000007aacb0000, 0x00000007e0120000, 0x0000000800000000)
  eden space 478464K, 99% used [0x00000007aacb0000,0x00000007c7cad578,0x00000007c7ff0000)
  from space 18560K, 99% used [0x00000007dd070000,0x00000007de284430,0x00000007de290000)
  to   space 31296K, 0% used [0x00000007de290000,0x00000007de290000,0x00000007e0120000)
 ParOldGen       total 174528K, used 71945K [0x0000000700600000, 0x000000070b070000, 0x00000007aacb0000)
  object space 174528K, 41% used [0x0000000700600000,0x0000000704c425b8,0x000000070b070000)
 PSPermGen       total 21248K, used 17669K [0x00000006fb400000, 0x00000006fc8c0000, 0x0000000700600000)
  object space 21248K, 83% used [0x00000006fb400000,0x00000006fc541798,0x00000006fc8c0000)
Event: 20.915 GC heap after
Heap after GC invocations=12 (full 0):
 PSYoungGen      total 476032K, used 18513K [0x00000007aacb0000, 0x00000007df4b0000, 0x0000000800000000)
  eden space 457472K, 0% used [0x00000007aacb0000,0x00000007aacb0000,0x00000007c6b70000)
  from space 18560K, 99% used [0x00000007de290000,0x00000007df4a4430,0x00000007df4b0000)
  to   space 32832K, 0% used [0x00000007db490000,0x00000007db490000,0x00000007dd4a0000)
 ParOldGen       total 174528K, used 71961K [0x0000000700600000, 0x000000070b070000, 0x00000007aacb0000)
  object space 174528K, 41% used [0x0000000700600000,0x0000000704c465b8,0x000000070b070000)
 PSPermGen       total 21248K, used 17669K [0x00000006fb400000, 0x00000006fc8c0000, 0x0000000700600000)
  object space 21248K, 83% used [0x00000006fb400000,0x00000006fc541798,0x00000006fc8c0000)
}
Event: 23.427 GC heap before
{Heap before GC invocations=13 (full 0):
 PSYoungGen      total 476032K, used 475126K [0x00000007aacb0000, 0x00000007df4b0000, 0x0000000800000000)
  eden space 457472K, 99% used [0x00000007aacb0000,0x00000007c6a99430,0x00000007c6b70000)
  from space 18560K, 99% used [0x00000007de290000,0x00000007df4a4430,0x00000007df4b0000)
  to   space 32832K, 0% used [0x00000007db490000,0x00000007db490000,0x00000007dd4a0000)
 ParOldGen       total 174528K, used 78036K [0x0000000700600000, 0x000000070b070000, 0x00000007aacb0000)
  object space 174528K, 44% used [0x0000000700600000,0x00000007052351c8,0x000000070b070000)
 PSPermGen       total 21248K, used 17683K [0x00000006fb400000, 0x00000006fc8c0000, 0x0000000700600000)
  object space 21248K, 83% used [0x00000006fb400000,0x00000006fc544ed0,0x00000006fc8c0000)
Event: 23.439 GC heap after
Heap after GC invocations=13 (full 0):
 PSYoungGen      total 456000K, used 18481K [0x00000007aacb0000, 0x00000007de2a0000, 0x0000000800000000)
  eden space 437504K, 0% used [0x00000007aacb0000,0x00000007aacb0000,0x00000007c57f0000)
  from space 18496K, 99% used [0x00000007db490000,0x00000007dc69c430,0x00000007dc6a0000)
  to   space 28672K, 0% used [0x00000007dc6a0000,0x00000007dc6a0000,0x00000007de2a0000)
 ParOldGen       total 174528K, used 78044K [0x0000000700600000, 0x000000070b070000, 0x00000007aacb0000)
  object space 174528K, 44% used [0x0000000700600000,0x00000007052371c8,0x000000070b070000)
 PSPermGen       total 21248K, used 17683K [0x00000006fb400000, 0x00000006fc8c0000, 0x0000000700600000)
  object space 21248K, 83% used [0x00000006fb400000,0x00000006fc544ed0,0x00000006fc8c0000)
}

