# JRE version: 7.0_07-b11
# Java VM: Java HotSpot(TM) 64-Bit Server VM (23.3-b01 mixed mode windows-amd64 compressed oops)
Heap
 PSYoungGen      total 1249152K, used 248684K [0x00000007aacb0000, 0x00000007fa650000, 0x0000000800000000)
  eden space 1208448K, 18% used [0x00000007aacb0000,0x00000007b8b3a7f8,0x00000007f48d0000)
  from space 40704K, 51% used [0x00000007f6ed0000,0x00000007f8320998,0x00000007f9690000)
  to   space 38912K, 0% used [0x00000007f48d0000,0x00000007f48d0000,0x00000007f6ed0000)
 ParOldGen       total 168768K, used 126067K [0x0000000700600000, 0x000000070aad0000, 0x00000007aacb0000)
  object space 168768K, 74% used [0x0000000700600000,0x000000070811cd30,0x000000070aad0000)
 PSPermGen       total 40832K, used 18109K [0x00000006fb400000, 0x00000006fdbe0000, 0x0000000700600000)
  object space 40832K, 44% used [0x00000006fb400000,0x00000006fc5afeb8,0x00000006fdbe0000)
GC Heap History (10 events):
Event: 15.784 GC heap before
{Heap before GC invocations=12 (full 1):
 PSYoungGen      total 705728K, used 690581K [0x00000007aacb0000, 0x00000007d8a80000, 0x0000000800000000)
  eden space 667968K, 99% used [0x00000007aacb0000,0x00000007d364bfb0,0x00000007d3900000)
  from space 37760K, 67% used [0x00000007d65a0000,0x00000007d7e69720,0x00000007d8a80000)
  to   space 41728K, 0% used [0x00000007d3900000,0x00000007d3900000,0x00000007d61c0000)
 ParOldGen       total 126784K, used 101849K [0x0000000700600000, 0x00000007081d0000, 0x00000007aacb0000)
  object space 126784K, 80% used [0x0000000700600000,0x0000000706976560,0x00000007081d0000)
 PSPermGen       total 36608K, used 18058K [0x00000006fb400000, 0x00000006fd7c0000, 0x0000000700600000)
  object space 36608K, 49% used [0x00000006fb400000,0x00000006fc5a28c8,0x00000006fd7c0000)
Event: 15.790 GC heap after
Heap after GC invocations=12 (full 1):
 PSYoungGen      total 709696K, used 11045K [0x00000007aacb0000, 0x00000007ea5d0000, 0x0000000800000000)
  eden space 667968K, 0% used [0x00000007aacb0000,0x00000007aacb0000,0x00000007d3900000)
  from space 41728K, 26% used [0x00000007d3900000,0x00000007d43c97a0,0x00000007d61c0000)
  to   space 42176K, 0% used [0x00000007e7ca0000,0x00000007e7ca0000,0x00000007ea5d0000)
 ParOldGen       total 126784K, used 118620K [0x0000000700600000, 0x00000007081d0000, 0x00000007aacb0000)
  object space 126784K, 93% used [0x0000000700600000,0x00000007079d7070,0x00000007081d0000)
 PSPermGen       total 36608K, used 18058K [0x00000006fb400000, 0x00000006fd7c0000, 0x0000000700600000)
  object space 36608K, 49% used [0x00000006fb400000,0x00000006fc5a28c8,0x00000006fd7c0000)
}
Event: 15.790 GC heap before
{Heap before GC invocations=13 (full 2):
 PSYoungGen      total 709696K, used 11045K [0x00000007aacb0000, 0x00000007ea5d0000, 0x0000000800000000)
  eden space 667968K, 0% used [0x00000007aacb0000,0x00000007aacb0000,0x00000007d3900000)
  from space 41728K, 26% used [0x00000007d3900000,0x00000007d43c97a0,0x00000007d61c0000)
  to   space 42176K, 0% used [0x00000007e7ca0000,0x00000007e7ca0000,0x00000007ea5d0000)
 ParOldGen       total 126784K, used 118620K [0x0000000700600000, 0x00000007081d0000, 0x00000007aacb0000)
  object space 126784K, 93% used [0x0000000700600000,0x00000007079d7070,0x00000007081d0000)
 PSPermGen       total 36608K, used 18058K [0x00000006fb400000, 0x00000006fd7c0000, 0x0000000700600000)
  object space 36608K, 49% used [0x00000006fb400000,0x00000006fc5a28c8,0x00000006fd7c0000)
Event: 15.822 GC heap after
Heap after GC invocations=13 (full 2):
 PSYoungGen      total 709696K, used 0K [0x00000007aacb0000, 0x00000007ea5d0000, 0x0000000800000000)
  eden space 667968K, 0% used [0x00000007aacb0000,0x00000007aacb0000,0x00000007d3900000)
  from space 41728K, 0% used [0x00000007d3900000,0x00000007d3900000,0x00000007d61c0000)
  to   space 42176K, 0% used [0x00000007e7ca0000,0x00000007e7ca0000,0x00000007ea5d0000)
 ParOldGen       total 168768K, used 38766K [0x0000000700600000, 0x000000070aad0000, 0x00000007aacb0000)
  object space 168768K, 22% used [0x0000000700600000,0x0000000702bdba88,0x000000070aad0000)
 PSPermGen       total 40832K, used 18058K [0x00000006fb400000, 0x00000006fdbe0000, 0x0000000700600000)
  object space 40832K, 44% used [0x00000006fb400000,0x00000006fc5a2848,0x00000006fdbe0000)
}
Event: 17.255 GC heap before
{Heap before GC invocations=14 (full 2):
 PSYoungGen      total 709696K, used 667968K [0x00000007aacb0000, 0x00000007ea5d0000, 0x0000000800000000)
  eden space 667968K, 100% used [0x00000007aacb0000,0x00000007d3900000,0x00000007d3900000)
  from space 41728K, 0% used [0x00000007d3900000,0x00000007d3900000,0x00000007d61c0000)
  to   space 42176K, 0% used [0x00000007e7ca0000,0x00000007e7ca0000,0x00000007ea5d0000)
 ParOldGen       total 168768K, used 107786K [0x0000000700600000, 0x000000070aad0000, 0x00000007aacb0000)
  object space 168768K, 63% used [0x0000000700600000,0x0000000706f42900,0x000000070aad0000)
 PSPermGen       total 40832K, used 18073K [0x00000006fb400000, 0x00000006fdbe0000, 0x0000000700600000)
  object space 40832K, 44% used [0x00000006fb400000,0x00000006fc5a6408,0x00000006fdbe0000)
Event: 17.261 GC heap after
Heap after GC invocations=14 (full 2):
 PSYoungGen      total 924544K, used 18449K [0x00000007aacb0000, 0x00000007e8eb0000, 0x0000000800000000)
  eden space 906048K, 0% used [0x00000007aacb0000,0x00000007aacb0000,0x00000007e2180000)
  from space 18496K, 99% used [0x00000007e7ca0000,0x00000007e8ea4430,0x00000007e8eb0000)
  to   space 40960K, 0% used [0x00000007e3eb0000,0x00000007e3eb0000,0x00000007e66b0000)
 ParOldGen       total 168768K, used 107786K [0x0000000700600000, 0x000000070aad0000, 0x00000007aacb0000)
  object space 168768K, 63% used [0x0000000700600000,0x0000000706f42900,0x000000070aad0000)
 PSPermGen       total 40832K, used 18073K [0x00000006fb400000, 0x00000006fdbe0000, 0x0000000700600000)
  object space 40832K, 44% used [0x00000006fb400000,0x00000006fc5a6408,0x00000006fdbe0000)
}
Event: 18.959 GC heap before
{Heap before GC invocations=15 (full 2):
 PSYoungGen      total 924544K, used 919320K [0x00000007aacb0000, 0x00000007e8eb0000, 0x0000000800000000)
  eden space 906048K, 99% used [0x00000007aacb0000,0x00000007e1c71d68,0x00000007e2180000)
  from space 18496K, 99% used [0x00000007e7ca0000,0x00000007e8ea4430,0x00000007e8eb0000)
  to   space 40960K, 0% used [0x00000007e3eb0000,0x00000007e3eb0000,0x00000007e66b0000)
 ParOldGen       total 168768K, used 107786K [0x0000000700600000, 0x000000070aad0000, 0x00000007aacb0000)
  object space 168768K, 63% used [0x0000000700600000,0x0000000706f42900,0x000000070aad0000)
 PSPermGen       total 40832K, used 18090K [0x00000006fb400000, 0x00000006fdbe0000, 0x0000000700600000)
  object space 40832K, 44% used [0x00000006fb400000,0x00000006fc5aab00,0x00000006fdbe0000)
Event: 18.964 GC heap after
Heap after GC invocations=15 (full 2):
 PSYoungGen      total 976896K, used 13009K [0x00000007aacb0000, 0x00000007f9690000, 0x0000000800000000)
  eden space 935936K, 0% used [0x00000007aacb0000,0x00000007aacb0000,0x00000007e3eb0000)
  from space 40960K, 31% used [0x00000007e3eb0000,0x00000007e4b64708,0x00000007e66b0000)
  to   space 40704K, 0% used [0x00000007f6ed0000,0x00000007f6ed0000,0x00000007f9690000)
 ParOldGen       total 168768K, used 126051K [0x0000000700600000, 0x000000070aad0000, 0x00000007aacb0000)
  object space 168768K, 74% used [0x0000000700600000,0x0000000708118d30,0x000000070aad0000)
 PSPermGen       total 40832K, used 18090K [0x00000006fb400000, 0x00000006fdbe0000, 0x0000000700600000)
  object space 40832K, 44% used [0x00000006fb400000,0x00000006fc5aab00,0x00000006fdbe0000)
}
Event: 20.763 GC heap before
{Heap before GC invocations=16 (full 2):
 PSYoungGen      total 976896K, used 944303K [0x00000007aacb0000, 0x00000007f9690000, 0x0000000800000000)
  eden space 935936K, 99% used [0x00000007aacb0000,0x00000007e3a27808,0x00000007e3eb0000)
  from space 40960K, 31% used [0x00000007e3eb0000,0x00000007e4b64708,0x00000007e66b0000)
  to   space 40704K, 0% used [0x00000007f6ed0000,0x00000007f6ed0000,0x00000007f9690000)
 ParOldGen       total 168768K, used 126051K [0x0000000700600000, 0x000000070aad0000, 0x00000007aacb0000)
  object space 168768K, 74% used [0x0000000700600000,0x0000000708118d30,0x000000070aad0000)
 PSPermGen       total 40832K, used 18101K [0x00000006fb400000, 0x00000006fdbe0000, 0x0000000700600000)
  object space 40832K, 44% used [0x00000006fb400000,0x00000006fc5ad638,0x00000006fdbe0000)
Event: 20.769 GC heap after
Heap after GC invocations=16 (full 2):
 PSYoungGen      total 1249152K, used 20802K [0x00000007aacb0000, 0x00000007fa650000, 0x0000000800000000)
  eden space 1208448K, 0% used [0x00000007aacb0000,0x00000007aacb0000,0x00000007f48d0000)
  from space 40704K, 51% used [0x00000007f6ed0000,0x00000007f8320998,0x00000007f9690000)
  to   space 38912K, 0% used [0x00000007f48d0000,0x00000007f48d0000,0x00000007f6ed0000)
 ParOldGen       total 168768K, used 126067K [0x0000000700600000, 0x000000070aad0000, 0x00000007aacb0000)
  object space 168768K, 74% used [0x0000000700600000,0x000000070811cd30,0x000000070aad0000)
 PSPermGen       total 40832K, used 18101K [0x00000006fb400000, 0x00000006fdbe0000, 0x0000000700600000)
  object space 40832K, 44% used [0x00000006fb400000,0x00000006fc5ad638,0x00000006fdbe0000)
}

