# JRE version: 7.0_07-b11
# Java VM: Java HotSpot(TM) 64-Bit Server VM (23.3-b01 mixed mode windows-amd64 compressed oops)
Heap
 PSYoungGen      total 1324736K, used 827982K [0x00000007aacb0000, 0x0000000800000000, 0x0000000800000000)
  eden space 1251328K, 64% used [0x00000007aacb0000,0x00000007dc32f470,0x00000007f72b0000)
  from space 73408K, 25% used [0x00000007fb850000,0x00000007fca64430,0x0000000800000000)
  to   space 71296K, 0% used [0x00000007f72b0000,0x00000007f72b0000,0x00000007fb850000)
 ParOldGen       total 234304K, used 105160K [0x0000000700600000, 0x000000070ead0000, 0x00000007aacb0000)
  object space 234304K, 44% used [0x0000000700600000,0x0000000706cb2238,0x000000070ead0000)
 PSPermGen       total 37568K, used 18291K [0x00000006fb400000, 0x00000006fd8b0000, 0x0000000700600000)
  object space 37568K, 48% used [0x00000006fb400000,0x00000006fc5dcdf8,0x00000006fd8b0000)
GC Heap History (10 events):
Event: 22.694 GC heap before
{Heap before GC invocations=18 (full 3):
 PSYoungGen      total 1325760K, used 1260864K [0x00000007aacb0000, 0x0000000800000000, 0x0000000800000000)
  eden space 1260864K, 100% used [0x00000007aacb0000,0x00000007f7c00000,0x00000007f7c00000)
  from space 64896K, 0% used [0x00000007fc0a0000,0x00000007fc0a0000,0x0000000800000000)
  to   space 67584K, 0% used [0x00000007f7c00000,0x00000007f7c00000,0x00000007fbe00000)
 ParOldGen       total 208000K, used 167277K [0x0000000700600000, 0x000000070d120000, 0x00000007aacb0000)
  object space 208000K, 80% used [0x0000000700600000,0x000000070a95b658,0x000000070d120000)
 PSPermGen       total 39616K, used 18255K [0x00000006fb400000, 0x00000006fdab0000, 0x0000000700600000)
  object space 39616K, 46% used [0x00000006fb400000,0x00000006fc5d3e80,0x00000006fdab0000)
Event: 22.695 GC heap after
Heap after GC invocations=18 (full 3):
 PSYoungGen      total 1261120K, used 256K [0x00000007aacb0000, 0x0000000800000000, 0x0000000800000000)
  eden space 1260864K, 0% used [0x00000007aacb0000,0x00000007aacb0000,0x00000007f7c00000)
  from space 256K, 100% used [0x00000007f7c00000,0x00000007f7c40000,0x00000007f7c40000)
  to   space 69056K, 0% used [0x00000007fbc90000,0x00000007fbc90000,0x0000000800000000)
 ParOldGen       total 208000K, used 167277K [0x0000000700600000, 0x000000070d120000, 0x00000007aacb0000)
  object space 208000K, 80% used [0x0000000700600000,0x000000070a95b658,0x000000070d120000)
 PSPermGen       total 39616K, used 18255K [0x00000006fb400000, 0x00000006fdab0000, 0x0000000700600000)
  object space 39616K, 46% used [0x00000006fb400000,0x00000006fc5d3e80,0x00000006fdab0000)
}
Event: 25.303 GC heap before
{Heap before GC invocations=19 (full 4):
 PSYoungGen      total 1261120K, used 1261120K [0x00000007aacb0000, 0x0000000800000000, 0x0000000800000000)
  eden space 1260864K, 100% used [0x00000007aacb0000,0x00000007f7c00000,0x00000007f7c00000)
  from space 256K, 100% used [0x00000007f7c00000,0x00000007f7c40000,0x00000007f7c40000)
  to   space 69056K, 0% used [0x00000007fbc90000,0x00000007fbc90000,0x0000000800000000)
 ParOldGen       total 250560K, used 250526K [0x0000000700600000, 0x000000070fab0000, 0x00000007aacb0000)
  object space 250560K, 99% used [0x0000000700600000,0x000000070faa7a40,0x000000070fab0000)
 PSPermGen       total 39616K, used 18258K [0x00000006fb400000, 0x00000006fdab0000, 0x0000000700600000)
  object space 39616K, 46% used [0x00000006fb400000,0x00000006fc5d4a10,0x00000006fdab0000)
Event: 25.332 GC heap after
Heap after GC invocations=19 (full 4):
 PSYoungGen      total 1261120K, used 0K [0x00000007aacb0000, 0x0000000800000000, 0x0000000800000000)
  eden space 1260864K, 0% used [0x00000007aacb0000,0x00000007aacb0000,0x00000007f7c00000)
  from space 256K, 0% used [0x00000007f7c00000,0x00000007f7c00000,0x00000007f7c40000)
  to   space 69056K, 0% used [0x00000007fbc90000,0x00000007fbc90000,0x0000000800000000)
 ParOldGen       total 234304K, used 36773K [0x0000000700600000, 0x000000070ead0000, 0x00000007aacb0000)
  object space 234304K, 15% used [0x0000000700600000,0x00000007029e96d0,0x000000070ead0000)
 PSPermGen       total 37568K, used 18258K [0x00000006fb400000, 0x00000006fd8b0000, 0x0000000700600000)
  object space 37568K, 48% used [0x00000006fb400000,0x00000006fc5d4970,0x00000006fd8b0000)
}
Event: 27.828 GC heap before
{Heap before GC invocations=20 (full 4):
 PSYoungGen      total 1261120K, used 1260864K [0x00000007aacb0000, 0x0000000800000000, 0x0000000800000000)
  eden space 1260864K, 100% used [0x00000007aacb0000,0x00000007f7c00000,0x00000007f7c00000)
  from space 256K, 0% used [0x00000007f7c00000,0x00000007f7c00000,0x00000007f7c40000)
  to   space 69056K, 0% used [0x00000007fbc90000,0x00000007fbc90000,0x0000000800000000)
 ParOldGen       total 234304K, used 36773K [0x0000000700600000, 0x000000070ead0000, 0x00000007aacb0000)
  object space 234304K, 15% used [0x0000000700600000,0x00000007029e96d0,0x000000070ead0000)
 PSPermGen       total 37568K, used 18259K [0x00000006fb400000, 0x00000006fd8b0000, 0x0000000700600000)
  object space 37568K, 48% used [0x00000006fb400000,0x00000006fc5d4c00,0x00000006fd8b0000)
Event: 27.835 GC heap after
Heap after GC invocations=20 (full 4):
 PSYoungGen      total 1330560K, used 29072K [0x00000007aacb0000, 0x0000000800000000, 0x0000000800000000)
  eden space 1261504K, 0% used [0x00000007aacb0000,0x00000007aacb0000,0x00000007f7ca0000)
  from space 69056K, 42% used [0x00000007fbc90000,0x00000007fd8f4050,0x0000000800000000)
  to   space 65472K, 0% used [0x00000007f7ca0000,0x00000007f7ca0000,0x00000007fbc90000)
 ParOldGen       total 234304K, used 36773K [0x0000000700600000, 0x000000070ead0000, 0x00000007aacb0000)
  object space 234304K, 15% used [0x0000000700600000,0x00000007029e96d0,0x000000070ead0000)
 PSPermGen       total 37568K, used 18259K [0x00000006fb400000, 0x00000006fd8b0000, 0x0000000700600000)
  object space 37568K, 48% used [0x00000006fb400000,0x00000006fc5d4c00,0x00000006fd8b0000)
}
Event: 30.263 GC heap before
{Heap before GC invocations=21 (full 4):
 PSYoungGen      total 1330560K, used 1288917K [0x00000007aacb0000, 0x0000000800000000, 0x0000000800000000)
  eden space 1261504K, 99% used [0x00000007aacb0000,0x00000007f7b015e0,0x00000007f7ca0000)
  from space 69056K, 42% used [0x00000007fbc90000,0x00000007fd8f4050,0x0000000800000000)
  to   space 65472K, 0% used [0x00000007f7ca0000,0x00000007f7ca0000,0x00000007fbc90000)
 ParOldGen       total 234304K, used 38798K [0x0000000700600000, 0x000000070ead0000, 0x00000007aacb0000)
  object space 234304K, 16% used [0x0000000700600000,0x0000000702be3ae0,0x000000070ead0000)
 PSPermGen       total 37568K, used 18276K [0x00000006fb400000, 0x00000006fd8b0000, 0x0000000700600000)
  object space 37568K, 48% used [0x00000006fb400000,0x00000006fc5d9120,0x00000006fd8b0000)
Event: 30.279 GC heap after
Heap after GC invocations=21 (full 4):
 PSYoungGen      total 1321024K, used 59479K [0x00000007aacb0000, 0x0000000800000000, 0x0000000800000000)
  eden space 1261504K, 0% used [0x00000007aacb0000,0x00000007aacb0000,0x00000007f7ca0000)
  from space 59520K, 99% used [0x00000007f7ca0000,0x00000007fb6b5ca0,0x00000007fb6c0000)
  to   space 73408K, 0% used [0x00000007fb850000,0x00000007fb850000,0x0000000800000000)
 ParOldGen       total 234304K, used 38798K [0x0000000700600000, 0x000000070ead0000, 0x00000007aacb0000)
  object space 234304K, 16% used [0x0000000700600000,0x0000000702be3ae0,0x000000070ead0000)
 PSPermGen       total 37568K, used 18276K [0x00000006fb400000, 0x00000006fd8b0000, 0x0000000700600000)
  object space 37568K, 48% used [0x00000006fb400000,0x00000006fc5d9120,0x00000006fd8b0000)
}
Event: 32.962 GC heap before
{Heap before GC invocations=22 (full 4):
 PSYoungGen      total 1321024K, used 1320983K [0x00000007aacb0000, 0x0000000800000000, 0x0000000800000000)
  eden space 1261504K, 100% used [0x00000007aacb0000,0x00000007f7ca0000,0x00000007f7ca0000)
  from space 59520K, 99% used [0x00000007f7ca0000,0x00000007fb6b5ca0,0x00000007fb6c0000)
  to   space 73408K, 0% used [0x00000007fb850000,0x00000007fb850000,0x0000000800000000)
 ParOldGen       total 234304K, used 105160K [0x0000000700600000, 0x000000070ead0000, 0x00000007aacb0000)
  object space 234304K, 44% used [0x0000000700600000,0x0000000706cb2238,0x000000070ead0000)
 PSPermGen       total 37568K, used 18282K [0x00000006fb400000, 0x00000006fd8b0000, 0x0000000700600000)
  object space 37568K, 48% used [0x00000006fb400000,0x00000006fc5da888,0x00000006fd8b0000)
Event: 32.965 GC heap after
Heap after GC invocations=22 (full 4):
 PSYoungGen      total 1324736K, used 18513K [0x00000007aacb0000, 0x0000000800000000, 0x0000000800000000)
  eden space 1251328K, 0% used [0x00000007aacb0000,0x00000007aacb0000,0x00000007f72b0000)
  from space 73408K, 25% used [0x00000007fb850000,0x00000007fca64430,0x0000000800000000)
  to   space 71296K, 0% used [0x00000007f72b0000,0x00000007f72b0000,0x00000007fb850000)
 ParOldGen       total 234304K, used 105160K [0x0000000700600000, 0x000000070ead0000, 0x00000007aacb0000)
  object space 234304K, 44% used [0x0000000700600000,0x0000000706cb2238,0x000000070ead0000)
 PSPermGen       total 37568K, used 18282K [0x00000006fb400000, 0x00000006fd8b0000, 0x0000000700600000)
  object space 37568K, 48% used [0x00000006fb400000,0x00000006fc5da888,0x00000006fd8b0000)
}

