# JRE version: 7.0_07-b11
# Java VM: Java HotSpot(TM) 64-Bit Server VM (23.3-b01 mixed mode windows-amd64 compressed oops)
Heap
 PSYoungGen      total 366656K, used 186699K [0x00000007aacb0000, 0x00000007c7670000, 0x0000000800000000)
  eden space 304000K, 51% used [0x00000007aacb0000,0x00000007b46aee80,0x00000007bd590000)
  from space 62656K, 46% used [0x00000007bd590000,0x00000007bf1e4050,0x00000007c12c0000)
  to   space 61312K, 0% used [0x00000007c3a90000,0x00000007c3a90000,0x00000007c7670000)
 ParOldGen       total 394112K, used 228165K [0x0000000700600000, 0x00000007186e0000, 0x00000007aacb0000)
  object space 394112K, 57% used [0x0000000700600000,0x000000070e4d1618,0x00000007186e0000)
 PSPermGen       total 34240K, used 18025K [0x00000006fb400000, 0x00000006fd570000, 0x0000000700600000)
  object space 34240K, 52% used [0x00000006fb400000,0x00000006fc59a438,0x00000006fd570000)
GC Heap History (10 events):
Event: 13.130 GC heap before
{Heap before GC invocations=19 (full 6):
 PSYoungGen      total 256256K, used 200000K [0x00000007aacb0000, 0x00000007c0290000, 0x0000000800000000)
  eden space 200000K, 100% used [0x00000007aacb0000,0x00000007b7000000,0x00000007b7000000)
  from space 56256K, 0% used [0x00000007bae00000,0x00000007bae00000,0x00000007be4f0000)
  to   space 63488K, 0% used [0x00000007b7000000,0x00000007b7000000,0x00000007bae00000)
 ParOldGen       total 394112K, used 145935K [0x0000000700600000, 0x00000007186e0000, 0x00000007aacb0000)
  object space 394112K, 37% used [0x0000000700600000,0x0000000709483da0,0x00000007186e0000)
 PSPermGen       total 34240K, used 17981K [0x00000006fb400000, 0x00000006fd570000, 0x0000000700600000)
  object space 34240K, 52% used [0x00000006fb400000,0x00000006fc58f750,0x00000006fd570000)
Event: 13.131 GC heap after
Heap after GC invocations=19 (full 6):
 PSYoungGen      total 263488K, used 224K [0x00000007aacb0000, 0x00000007c1d60000, 0x0000000800000000)
  eden space 200000K, 0% used [0x00000007aacb0000,0x00000007aacb0000,0x00000007b7000000)
  from space 63488K, 0% used [0x00000007b7000000,0x00000007b7038000,0x00000007bae00000)
  to   space 63680K, 0% used [0x00000007bdf30000,0x00000007bdf30000,0x00000007c1d60000)
 ParOldGen       total 394112K, used 145935K [0x0000000700600000, 0x00000007186e0000, 0x00000007aacb0000)
  object space 394112K, 37% used [0x0000000700600000,0x0000000709483da0,0x00000007186e0000)
 PSPermGen       total 34240K, used 17981K [0x00000006fb400000, 0x00000006fd570000, 0x0000000700600000)
  object space 34240K, 52% used [0x00000006fb400000,0x00000006fc58f750,0x00000006fd570000)
}
Event: 13.510 GC heap before
{Heap before GC invocations=20 (full 6):
 PSYoungGen      total 263488K, used 197069K [0x00000007aacb0000, 0x00000007c1d60000, 0x0000000800000000)
  eden space 200000K, 98% used [0x00000007aacb0000,0x00000007b6ceb4a0,0x00000007b7000000)
  from space 63488K, 0% used [0x00000007b7000000,0x00000007b7038000,0x00000007bae00000)
  to   space 63680K, 0% used [0x00000007bdf30000,0x00000007bdf30000,0x00000007c1d60000)
 ParOldGen       total 394112K, used 145935K [0x0000000700600000, 0x00000007186e0000, 0x00000007aacb0000)
  object space 394112K, 37% used [0x0000000700600000,0x0000000709483da0,0x00000007186e0000)
 PSPermGen       total 34240K, used 17985K [0x00000006fb400000, 0x00000006fd570000, 0x0000000700600000)
  object space 34240K, 52% used [0x00000006fb400000,0x00000006fc5904a0,0x00000006fd570000)
Event: 13.518 GC heap after
Heap after GC invocations=20 (full 6):
 PSYoungGen      total 313088K, used 35252K [0x00000007aacb0000, 0x00000007c21e0000, 0x0000000800000000)
  eden space 249408K, 0% used [0x00000007aacb0000,0x00000007aacb0000,0x00000007ba040000)
  from space 63680K, 55% used [0x00000007bdf30000,0x00000007c019d358,0x00000007c1d60000)
  to   space 64448K, 0% used [0x00000007ba040000,0x00000007ba040000,0x00000007bdf30000)
 ParOldGen       total 394112K, used 145935K [0x0000000700600000, 0x00000007186e0000, 0x00000007aacb0000)
  object space 394112K, 37% used [0x0000000700600000,0x0000000709483da0,0x00000007186e0000)
 PSPermGen       total 34240K, used 17985K [0x00000006fb400000, 0x00000006fd570000, 0x0000000700600000)
  object space 34240K, 52% used [0x00000006fb400000,0x00000006fc5904a0,0x00000006fd570000)
}
Event: 13.996 GC heap before
{Heap before GC invocations=21 (full 6):
 PSYoungGen      total 313088K, used 284084K [0x00000007aacb0000, 0x00000007c21e0000, 0x0000000800000000)
  eden space 249408K, 99% used [0x00000007aacb0000,0x00000007b9fb0078,0x00000007ba040000)
  from space 63680K, 55% used [0x00000007bdf30000,0x00000007c019d358,0x00000007c1d60000)
  to   space 64448K, 0% used [0x00000007ba040000,0x00000007ba040000,0x00000007bdf30000)
 ParOldGen       total 394112K, used 147960K [0x0000000700600000, 0x00000007186e0000, 0x00000007aacb0000)
  object space 394112K, 37% used [0x0000000700600000,0x000000070967e1b0,0x00000007186e0000)
 PSPermGen       total 34240K, used 17987K [0x00000006fb400000, 0x00000006fd570000, 0x0000000700600000)
  object space 34240K, 52% used [0x00000006fb400000,0x00000006fc590c68,0x00000006fd570000)
Event: 14.001 GC heap after
Heap after GC invocations=21 (full 6):
 PSYoungGen      total 313856K, used 29145K [0x00000007aacb0000, 0x00000007c5790000, 0x0000000800000000)
  eden space 249408K, 0% used [0x00000007aacb0000,0x00000007aacb0000,0x00000007ba040000)
  from space 64448K, 45% used [0x00000007ba040000,0x00000007bbcb6728,0x00000007bdf30000)
  to   space 62528K, 0% used [0x00000007c1a80000,0x00000007c1a80000,0x00000007c5790000)
 ParOldGen       total 394112K, used 147960K [0x0000000700600000, 0x00000007186e0000, 0x00000007aacb0000)
  object space 394112K, 37% used [0x0000000700600000,0x000000070967e1b0,0x00000007186e0000)
 PSPermGen       total 34240K, used 17987K [0x00000006fb400000, 0x00000006fd570000, 0x0000000700600000)
  object space 34240K, 52% used [0x00000006fb400000,0x00000006fc590c68,0x00000006fd570000)
}
Event: 14.630 GC heap before
{Heap before GC invocations=22 (full 6):
 PSYoungGen      total 313856K, used 278553K [0x00000007aacb0000, 0x00000007c5790000, 0x0000000800000000)
  eden space 249408K, 100% used [0x00000007aacb0000,0x00000007ba040000,0x00000007ba040000)
  from space 64448K, 45% used [0x00000007ba040000,0x00000007bbcb6728,0x00000007bdf30000)
  to   space 62528K, 0% used [0x00000007c1a80000,0x00000007c1a80000,0x00000007c5790000)
 ParOldGen       total 394112K, used 228165K [0x0000000700600000, 0x00000007186e0000, 0x00000007aacb0000)
  object space 394112K, 57% used [0x0000000700600000,0x000000070e4d1618,0x00000007186e0000)
 PSPermGen       total 34240K, used 17991K [0x00000006fb400000, 0x00000006fd570000, 0x0000000700600000)
  object space 34240K, 52% used [0x00000006fb400000,0x00000006fc591dd8,0x00000006fd570000)
Event: 14.632 GC heap after
Heap after GC invocations=22 (full 6):
 PSYoungGen      total 358720K, used 192K [0x00000007aacb0000, 0x00000007c4ff0000, 0x0000000800000000)
  eden space 304000K, 0% used [0x00000007aacb0000,0x00000007aacb0000,0x00000007bd590000)
  from space 54720K, 0% used [0x00000007c1a80000,0x00000007c1ab0000,0x00000007c4ff0000)
  to   space 62656K, 0% used [0x00000007bd590000,0x00000007bd590000,0x00000007c12c0000)
 ParOldGen       total 394112K, used 228165K [0x0000000700600000, 0x00000007186e0000, 0x00000007aacb0000)
  object space 394112K, 57% used [0x0000000700600000,0x000000070e4d1618,0x00000007186e0000)
 PSPermGen       total 34240K, used 17991K [0x00000006fb400000, 0x00000006fd570000, 0x0000000700600000)
  object space 34240K, 52% used [0x00000006fb400000,0x00000006fc591dd8,0x00000006fd570000)
}
Event: 15.210 GC heap before
{Heap before GC invocations=23 (full 6):
 PSYoungGen      total 358720K, used 302639K [0x00000007aacb0000, 0x00000007c4ff0000, 0x0000000800000000)
  eden space 304000K, 99% used [0x00000007aacb0000,0x00000007bd40be80,0x00000007bd590000)
  from space 54720K, 0% used [0x00000007c1a80000,0x00000007c1ab0000,0x00000007c4ff0000)
  to   space 62656K, 0% used [0x00000007bd590000,0x00000007bd590000,0x00000007c12c0000)
 ParOldGen       total 394112K, used 228165K [0x0000000700600000, 0x00000007186e0000, 0x00000007aacb0000)
  object space 394112K, 57% used [0x0000000700600000,0x000000070e4d1618,0x00000007186e0000)
 PSPermGen       total 34240K, used 17993K [0x00000006fb400000, 0x00000006fd570000, 0x0000000700600000)
  object space 34240K, 52% used [0x00000006fb400000,0x00000006fc5925e8,0x00000006fd570000)
Event: 15.214 GC heap after
Heap after GC invocations=23 (full 6):
 PSYoungGen      total 366656K, used 29008K [0x00000007aacb0000, 0x00000007c7670000, 0x0000000800000000)
  eden space 304000K, 0% used [0x00000007aacb0000,0x00000007aacb0000,0x00000007bd590000)
  from space 62656K, 46% used [0x00000007bd590000,0x00000007bf1e4050,0x00000007c12c0000)
  to   space 61312K, 0% used [0x00000007c3a90000,0x00000007c3a90000,0x00000007c7670000)
 ParOldGen       total 394112K, used 228165K [0x0000000700600000, 0x00000007186e0000, 0x00000007aacb0000)
  object space 394112K, 57% used [0x0000000700600000,0x000000070e4d1618,0x00000007186e0000)
 PSPermGen       total 34240K, used 17993K [0x00000006fb400000, 0x00000006fd570000, 0x0000000700600000)
  object space 34240K, 52% used [0x00000006fb400000,0x00000006fc5925e8,0x00000006fd570000)
}

