# JRE version: 7.0_07-b11
# Java VM: Java HotSpot(TM) 64-Bit Server VM (23.3-b01 mixed mode windows-amd64 compressed oops)
Heap
 PSYoungGen      total 181184K, used 171400K [0x00000007aacb0000, 0x00000007b7ba0000, 0x0000000800000000)
  eden space 157824K, 99% used [0x00000007aacb0000,0x00000007b46bb6d0,0x00000007b46d0000)
  from space 23360K, 58% used [0x00000007b46d0000,0x00000007b5426940,0x00000007b5da0000)
  to   space 22400K, 0% used [0x00000007b65c0000,0x00000007b65c0000,0x00000007b7ba0000)
 ParOldGen       total 420800K, used 420167K [0x0000000700600000, 0x000000071a0f0000, 0x00000007aacb0000)
  object space 420800K, 99% used [0x0000000700600000,0x000000071a051e00,0x000000071a0f0000)
 PSPermGen       total 25984K, used 18500K [0x00000006fb400000, 0x00000006fcd60000, 0x0000000700600000)
  object space 25984K, 71% used [0x00000006fb400000,0x00000006fc611110,0x00000006fcd60000)
GC Heap History (10 events):
Event: 460.043 GC heap before
{Heap before GC invocations=239 (full 10):
 PSYoungGen      total 168064K, used 159966K [0x00000007aacb0000, 0x00000007b7350000, 0x0000000800000000)
  eden space 146432K, 99% used [0x00000007aacb0000,0x00000007b3b565d8,0x00000007b3bb0000)
  from space 21632K, 64% used [0x00000007b3bb0000,0x00000007b4941340,0x00000007b50d0000)
  to   space 21248K, 0% used [0x00000007b5e90000,0x00000007b5e90000,0x00000007b7350000)
 ParOldGen       total 465664K, used 465143K [0x0000000700600000, 0x000000071ccc0000, 0x00000007aacb0000)
  object space 465664K, 99% used [0x0000000700600000,0x000000071cc3dde0,0x000000071ccc0000)
 PSPermGen       total 29312K, used 18493K [0x00000006fb400000, 0x00000006fd0a0000, 0x0000000700600000)
  object space 29312K, 63% used [0x00000006fb400000,0x00000006fc60f538,0x00000006fd0a0000)
Event: 460.083 GC heap after
Heap after GC invocations=239 (full 10):
 PSYoungGen      total 168064K, used 0K [0x00000007aacb0000, 0x00000007b7350000, 0x0000000800000000)
  eden space 146432K, 0% used [0x00000007aacb0000,0x00000007aacb0000,0x00000007b3bb0000)
  from space 21632K, 0% used [0x00000007b3bb0000,0x00000007b3bb0000,0x00000007b50d0000)
  to   space 21248K, 0% used [0x00000007b5e90000,0x00000007b5e90000,0x00000007b7350000)
 ParOldGen       total 301696K, used 60727K [0x0000000700600000, 0x0000000712ca0000, 0x00000007aacb0000)
  object space 301696K, 20% used [0x0000000700600000,0x000000070414ded0,0x0000000712ca0000)
 PSPermGen       total 28160K, used 18493K [0x00000006fb400000, 0x00000006fcf80000, 0x0000000700600000)
  object space 28160K, 65% used [0x00000006fb400000,0x00000006fc60f4b8,0x00000006fcf80000)
}
Event: 461.716 GC heap before
{Heap before GC invocations=240 (full 11):
 PSYoungGen      total 168064K, used 146099K [0x00000007aacb0000, 0x00000007b7350000, 0x0000000800000000)
  eden space 146432K, 99% used [0x00000007aacb0000,0x00000007b3b5cc68,0x00000007b3bb0000)
  from space 21632K, 0% used [0x00000007b3bb0000,0x00000007b3bb0000,0x00000007b50d0000)
  to   space 21248K, 0% used [0x00000007b5e90000,0x00000007b5e90000,0x00000007b7350000)
 ParOldGen       total 361536K, used 361061K [0x0000000700600000, 0x0000000716710000, 0x00000007aacb0000)
  object space 361536K, 99% used [0x0000000700600000,0x0000000716699600,0x0000000716710000)
 PSPermGen       total 28160K, used 18493K [0x00000006fb400000, 0x00000006fcf80000, 0x0000000700600000)
  object space 28160K, 65% used [0x00000006fb400000,0x00000006fc60f4b8,0x00000006fcf80000)
Event: 461.744 GC heap after
Heap after GC invocations=240 (full 11):
 PSYoungGen      total 168064K, used 0K [0x00000007aacb0000, 0x00000007b7350000, 0x0000000800000000)
  eden space 146432K, 0% used [0x00000007aacb0000,0x00000007aacb0000,0x00000007b3bb0000)
  from space 21632K, 0% used [0x00000007b3bb0000,0x00000007b3bb0000,0x00000007b50d0000)
  to   space 21248K, 0% used [0x00000007b5e90000,0x00000007b5e90000,0x00000007b7350000)
 ParOldGen       total 330304K, used 60729K [0x0000000700600000, 0x0000000714890000, 0x00000007aacb0000)
  object space 330304K, 18% used [0x0000000700600000,0x000000070414e488,0x0000000714890000)
 PSPermGen       total 26624K, used 18493K [0x00000006fb400000, 0x00000006fce00000, 0x0000000700600000)
  object space 26624K, 69% used [0x00000006fb400000,0x00000006fc60f4b8,0x00000006fce00000)
}
Event: 462.277 GC heap before
{Heap before GC invocations=241 (full 11):
 PSYoungGen      total 168064K, used 145906K [0x00000007aacb0000, 0x00000007b7350000, 0x0000000800000000)
  eden space 146432K, 99% used [0x00000007aacb0000,0x00000007b3b2cb68,0x00000007b3bb0000)
  from space 21632K, 0% used [0x00000007b3bb0000,0x00000007b3bb0000,0x00000007b50d0000)
  to   space 21248K, 0% used [0x00000007b5e90000,0x00000007b5e90000,0x00000007b7350000)
 ParOldGen       total 330304K, used 66804K [0x0000000700600000, 0x0000000714890000, 0x00000007aacb0000)
  object space 330304K, 20% used [0x0000000700600000,0x000000070473d098,0x0000000714890000)
 PSPermGen       total 26624K, used 18493K [0x00000006fb400000, 0x00000006fce00000, 0x0000000700600000)
  object space 26624K, 69% used [0x00000006fb400000,0x00000006fc60f4b8,0x00000006fce00000)
Event: 462.284 GC heap after
Heap after GC invocations=241 (full 11):
 PSYoungGen      total 179072K, used 20695K [0x00000007aacb0000, 0x00000007b7470000, 0x0000000800000000)
  eden space 157824K, 0% used [0x00000007aacb0000,0x00000007aacb0000,0x00000007b46d0000)
  from space 21248K, 97% used [0x00000007b5e90000,0x00000007b72c5ce0,0x00000007b7350000)
  to   space 23360K, 0% used [0x00000007b46d0000,0x00000007b46d0000,0x00000007b5da0000)
 ParOldGen       total 330304K, used 66804K [0x0000000700600000, 0x0000000714890000, 0x00000007aacb0000)
  object space 330304K, 20% used [0x0000000700600000,0x000000070473d098,0x0000000714890000)
 PSPermGen       total 26624K, used 18493K [0x00000006fb400000, 0x00000006fce00000, 0x0000000700600000)
  object space 26624K, 69% used [0x00000006fb400000,0x00000006fc60f4b8,0x00000006fce00000)
}
Event: 463.977 GC heap before
{Heap before GC invocations=242 (full 12):
 PSYoungGen      total 179072K, used 176412K [0x00000007aacb0000, 0x00000007b7470000, 0x0000000800000000)
  eden space 157824K, 98% used [0x00000007aacb0000,0x00000007b44c1678,0x00000007b46d0000)
  from space 21248K, 97% used [0x00000007b5e90000,0x00000007b72c5ce0,0x00000007b7350000)
  to   space 23360K, 0% used [0x00000007b46d0000,0x00000007b46d0000,0x00000007b5da0000)
 ParOldGen       total 368448K, used 367796K [0x0000000700600000, 0x0000000716dd0000, 0x00000007aacb0000)
  object space 368448K, 99% used [0x0000000700600000,0x0000000716d2d058,0x0000000716dd0000)
 PSPermGen       total 26624K, used 18493K [0x00000006fb400000, 0x00000006fce00000, 0x0000000700600000)
  object space 26624K, 69% used [0x00000006fb400000,0x00000006fc60f4b8,0x00000006fce00000)
Event: 464.007 GC heap after
Heap after GC invocations=242 (full 12):
 PSYoungGen      total 179072K, used 0K [0x00000007aacb0000, 0x00000007b7470000, 0x0000000800000000)
  eden space 157824K, 0% used [0x00000007aacb0000,0x00000007aacb0000,0x00000007b46d0000)
  from space 21248K, 0% used [0x00000007b5e90000,0x00000007b5e90000,0x00000007b7350000)
  to   space 23360K, 0% used [0x00000007b46d0000,0x00000007b46d0000,0x00000007b5da0000)
 ParOldGen       total 370496K, used 64145K [0x0000000700600000, 0x0000000716fd0000, 0x00000007aacb0000)
  object space 370496K, 17% used [0x0000000700600000,0x00000007044a47e0,0x0000000716fd0000)
 PSPermGen       total 25984K, used 18493K [0x00000006fb400000, 0x00000006fcd60000, 0x0000000700600000)
  object space 25984K, 71% used [0x00000006fb400000,0x00000006fc60f4b8,0x00000006fcd60000)
}
Event: 465.494 GC heap before
{Heap before GC invocations=243 (full 12):
 PSYoungGen      total 179072K, used 157756K [0x00000007aacb0000, 0x00000007b7470000, 0x0000000800000000)
  eden space 157824K, 99% used [0x00000007aacb0000,0x00000007b46bf268,0x00000007b46d0000)
  from space 21248K, 0% used [0x00000007b5e90000,0x00000007b5e90000,0x00000007b7350000)
  to   space 23360K, 0% used [0x00000007b46d0000,0x00000007b46d0000,0x00000007b5da0000)
 ParOldGen       total 370496K, used 353721K [0x0000000700600000, 0x0000000716fd0000, 0x00000007aacb0000)
  object space 370496K, 95% used [0x0000000700600000,0x0000000715f6e7e0,0x0000000716fd0000)
 PSPermGen       total 25984K, used 18493K [0x00000006fb400000, 0x00000006fcd60000, 0x0000000700600000)
  object space 25984K, 71% used [0x00000006fb400000,0x00000006fc60f4b8,0x00000006fcd60000)
Event: 465.497 GC heap after
Heap after GC invocations=243 (full 12):
 PSYoungGen      total 181184K, used 13658K [0x00000007aacb0000, 0x00000007b7ba0000, 0x0000000800000000)
  eden space 157824K, 0% used [0x00000007aacb0000,0x00000007aacb0000,0x00000007b46d0000)
  from space 23360K, 58% used [0x00000007b46d0000,0x00000007b5426940,0x00000007b5da0000)
  to   space 22400K, 0% used [0x00000007b65c0000,0x00000007b65c0000,0x00000007b7ba0000)
 ParOldGen       total 370496K, used 353721K [0x0000000700600000, 0x0000000716fd0000, 0x00000007aacb0000)
  object space 370496K, 95% used [0x0000000700600000,0x0000000715f6e7e0,0x0000000716fd0000)
 PSPermGen       total 25984K, used 18493K [0x00000006fb400000, 0x00000006fcd60000, 0x0000000700600000)
  object space 25984K, 71% used [0x00000006fb400000,0x00000006fc60f4b8,0x00000006fcd60000)
}

