# JRE version: 7.0_07-b11
# Java VM: Java HotSpot(TM) 64-Bit Server VM (23.3-b01 mixed mode windows-amd64 compressed oops)
Heap
 PSYoungGen      total 526464K, used 498314K [0x00000007aacb0000, 0x00000007d4000000, 0x0000000800000000)
  eden space 485184K, 94% used [0x00000007aacb0000,0x00000007c6b0b760,0x00000007c8680000)
  from space 41280K, 99% used [0x00000007d17b0000,0x00000007d3ff7150,0x00000007d4000000)
  to   space 56064K, 0% used [0x00000007cd280000,0x00000007cd280000,0x00000007d0940000)
 ParOldGen       total 378624K, used 144777K [0x0000000700600000, 0x00000007177c0000, 0x00000007aacb0000)
  object space 378624K, 38% used [0x0000000700600000,0x0000000709362648,0x00000007177c0000)
 PSPermGen       total 21504K, used 18240K [0x00000006fb400000, 0x00000006fc900000, 0x0000000700600000)
  object space 21504K, 84% used [0x00000006fb400000,0x00000006fc5d0158,0x00000006fc900000)
GC Heap History (10 events):
Event: 932.532 GC heap before
{Heap before GC invocations=985 (full 17):
 PSYoungGen      total 506752K, used 470707K [0x00000007aacb0000, 0x00000007d2040000, 0x0000000800000000)
  eden space 452032K, 99% used [0x00000007aacb0000,0x00000007c6612278,0x00000007c6620000)
  from space 54720K, 34% used [0x00000007c6620000,0x00000007c786ad20,0x00000007c9b90000)
  to   space 53568K, 0% used [0x00000007cebf0000,0x00000007cebf0000,0x00000007d2040000)
 ParOldGen       total 378624K, used 144697K [0x0000000700600000, 0x00000007177c0000, 0x00000007aacb0000)
  object space 378624K, 38% used [0x0000000700600000,0x000000070934e648,0x00000007177c0000)
 PSPermGen       total 21504K, used 18233K [0x00000006fb400000, 0x00000006fc900000, 0x0000000700600000)
  object space 21504K, 84% used [0x00000006fb400000,0x00000006fc5ce500,0x00000006fc900000)
Event: 932.546 GC heap after
Heap after GC invocations=985 (full 17):
 PSYoungGen      total 586368K, used 41253K [0x00000007aacb0000, 0x00000007d2670000, 0x0000000800000000)
  eden space 532800K, 0% used [0x00000007aacb0000,0x00000007aacb0000,0x00000007cb500000)
  from space 53568K, 77% used [0x00000007cebf0000,0x00000007d1439630,0x00000007d2040000)
  to   space 56256K, 0% used [0x00000007cb500000,0x00000007cb500000,0x00000007cebf0000)
 ParOldGen       total 378624K, used 144705K [0x0000000700600000, 0x00000007177c0000, 0x00000007aacb0000)
  object space 378624K, 38% used [0x0000000700600000,0x0000000709350648,0x00000007177c0000)
 PSPermGen       total 21504K, used 18233K [0x00000006fb400000, 0x00000006fc900000, 0x0000000700600000)
  object space 21504K, 84% used [0x00000006fb400000,0x00000006fc5ce500,0x00000006fc900000)
}
Event: 933.587 GC heap before
{Heap before GC invocations=986 (full 17):
 PSYoungGen      total 586368K, used 571600K [0x00000007aacb0000, 0x00000007d2670000, 0x0000000800000000)
  eden space 532800K, 99% used [0x00000007aacb0000,0x00000007cb29abd0,0x00000007cb500000)
  from space 53568K, 77% used [0x00000007cebf0000,0x00000007d1439630,0x00000007d2040000)
  to   space 56256K, 0% used [0x00000007cb500000,0x00000007cb500000,0x00000007cebf0000)
 ParOldGen       total 378624K, used 144705K [0x0000000700600000, 0x00000007177c0000, 0x00000007aacb0000)
  object space 378624K, 38% used [0x0000000700600000,0x0000000709350648,0x00000007177c0000)
 PSPermGen       total 21504K, used 18233K [0x00000006fb400000, 0x00000006fc900000, 0x0000000700600000)
  object space 21504K, 84% used [0x00000006fb400000,0x00000006fc5ce500,0x00000006fc900000)
Event: 933.597 GC heap after
Heap after GC invocations=986 (full 17):
 PSYoungGen      total 589056K, used 32970K [0x00000007aacb0000, 0x00000007d81c0000, 0x0000000800000000)
  eden space 532800K, 0% used [0x00000007aacb0000,0x00000007aacb0000,0x00000007cb500000)
  from space 56256K, 58% used [0x00000007cb500000,0x00000007cd532930,0x00000007cebf0000)
  to   space 55232K, 0% used [0x00000007d4bd0000,0x00000007d4bd0000,0x00000007d81c0000)
 ParOldGen       total 378624K, used 144713K [0x0000000700600000, 0x00000007177c0000, 0x00000007aacb0000)
  object space 378624K, 38% used [0x0000000700600000,0x0000000709352648,0x00000007177c0000)
 PSPermGen       total 21504K, used 18233K [0x00000006fb400000, 0x00000006fc900000, 0x0000000700600000)
  object space 21504K, 84% used [0x00000006fb400000,0x00000006fc5ce500,0x00000006fc900000)
}
Event: 934.656 GC heap before
{Heap before GC invocations=987 (full 17):
 PSYoungGen      total 589056K, used 564682K [0x00000007aacb0000, 0x00000007d81c0000, 0x0000000800000000)
  eden space 532800K, 99% used [0x00000007aacb0000,0x00000007cb3f02b0,0x00000007cb500000)
  from space 56256K, 58% used [0x00000007cb500000,0x00000007cd532930,0x00000007cebf0000)
  to   space 55232K, 0% used [0x00000007d4bd0000,0x00000007d4bd0000,0x00000007d81c0000)
 ParOldGen       total 378624K, used 144713K [0x0000000700600000, 0x00000007177c0000, 0x00000007aacb0000)
  object space 378624K, 38% used [0x0000000700600000,0x0000000709352648,0x00000007177c0000)
 PSPermGen       total 21504K, used 18233K [0x00000006fb400000, 0x00000006fc900000, 0x0000000700600000)
  object space 21504K, 84% used [0x00000006fb400000,0x00000006fc5ce500,0x00000006fc900000)
Event: 934.659 GC heap after
Heap after GC invocations=987 (full 17):
 PSYoungGen      total 527104K, used 10878K [0x00000007aacb0000, 0x00000007d5670000, 0x0000000800000000)
  eden space 516224K, 0% used [0x00000007aacb0000,0x00000007aacb0000,0x00000007ca4d0000)
  from space 10880K, 99% used [0x00000007d4bd0000,0x00000007d566f9c0,0x00000007d5670000)
  to   space 55552K, 0% used [0x00000007ce9f0000,0x00000007ce9f0000,0x00000007d2030000)
 ParOldGen       total 378624K, used 144729K [0x0000000700600000, 0x00000007177c0000, 0x00000007aacb0000)
  object space 378624K, 38% used [0x0000000700600000,0x0000000709356648,0x00000007177c0000)
 PSPermGen       total 21504K, used 18233K [0x00000006fb400000, 0x00000006fc900000, 0x0000000700600000)
  object space 21504K, 84% used [0x00000006fb400000,0x00000006fc5ce500,0x00000006fc900000)
}
Event: 935.673 GC heap before
{Heap before GC invocations=988 (full 17):
 PSYoungGen      total 527104K, used 526528K [0x00000007aacb0000, 0x00000007d5670000, 0x0000000800000000)
  eden space 516224K, 99% used [0x00000007aacb0000,0x00000007ca440908,0x00000007ca4d0000)
  from space 10880K, 99% used [0x00000007d4bd0000,0x00000007d566f9c0,0x00000007d5670000)
  to   space 55552K, 0% used [0x00000007ce9f0000,0x00000007ce9f0000,0x00000007d2030000)
 ParOldGen       total 378624K, used 144729K [0x0000000700600000, 0x00000007177c0000, 0x00000007aacb0000)
  object space 378624K, 38% used [0x0000000700600000,0x0000000709356648,0x00000007177c0000)
 PSPermGen       total 21504K, used 18233K [0x00000006fb400000, 0x00000006fc900000, 0x0000000700600000)
  object space 21504K, 84% used [0x00000006fb400000,0x00000006fc5ce500,0x00000006fc900000)
Event: 935.679 GC heap after
Heap after GC invocations=988 (full 17):
 PSYoungGen      total 529216K, used 28856K [0x00000007aacb0000, 0x00000007d4be0000, 0x0000000800000000)
  eden space 500352K, 0% used [0x00000007aacb0000,0x00000007aacb0000,0x00000007c9550000)
  from space 28864K, 99% used [0x00000007ce9f0000,0x00000007d061e110,0x00000007d0620000)
  to   space 53440K, 0% used [0x00000007d17b0000,0x00000007d17b0000,0x00000007d4be0000)
 ParOldGen       total 378624K, used 144737K [0x0000000700600000, 0x00000007177c0000, 0x00000007aacb0000)
  object space 378624K, 38% used [0x0000000700600000,0x0000000709358648,0x00000007177c0000)
 PSPermGen       total 21504K, used 18233K [0x00000006fb400000, 0x00000006fc900000, 0x0000000700600000)
  object space 21504K, 84% used [0x00000006fb400000,0x00000006fc5ce500,0x00000006fc900000)
}
Event: 936.665 GC heap before
{Heap before GC invocations=989 (full 17):
 PSYoungGen      total 529216K, used 526252K [0x00000007aacb0000, 0x00000007d4be0000, 0x0000000800000000)
  eden space 500352K, 99% used [0x00000007aacb0000,0x00000007c926cfe0,0x00000007c9550000)
  from space 28864K, 99% used [0x00000007ce9f0000,0x00000007d061e110,0x00000007d0620000)
  to   space 53440K, 0% used [0x00000007d17b0000,0x00000007d17b0000,0x00000007d4be0000)
 ParOldGen       total 378624K, used 144737K [0x0000000700600000, 0x00000007177c0000, 0x00000007aacb0000)
  object space 378624K, 38% used [0x0000000700600000,0x0000000709358648,0x00000007177c0000)
 PSPermGen       total 21504K, used 18233K [0x00000006fb400000, 0x00000006fc900000, 0x0000000700600000)
  object space 21504K, 84% used [0x00000006fb400000,0x00000006fc5ce500,0x00000006fc900000)
Event: 936.677 GC heap after
Heap after GC invocations=989 (full 17):
 PSYoungGen      total 526464K, used 41244K [0x00000007aacb0000, 0x00000007d4000000, 0x0000000800000000)
  eden space 485184K, 0% used [0x00000007aacb0000,0x00000007aacb0000,0x00000007c8680000)
  from space 41280K, 99% used [0x00000007d17b0000,0x00000007d3ff7150,0x00000007d4000000)
  to   space 56064K, 0% used [0x00000007cd280000,0x00000007cd280000,0x00000007d0940000)
 ParOldGen       total 378624K, used 144777K [0x0000000700600000, 0x00000007177c0000, 0x00000007aacb0000)
  object space 378624K, 38% used [0x0000000700600000,0x0000000709362648,0x00000007177c0000)
 PSPermGen       total 21504K, used 18233K [0x00000006fb400000, 0x00000006fc900000, 0x0000000700600000)
  object space 21504K, 84% used [0x00000006fb400000,0x00000006fc5ce500,0x00000006fc900000)
}

