# JRE version: 7.0_07-b11
# Java VM: Java HotSpot(TM) 64-Bit Server VM (23.3-b01 mixed mode windows-amd64 compressed oops)
Heap
 PSYoungGen      total 1108480K, used 473476K [0x00000007aacb0000, 0x00000007ffbf0000, 0x0000000800000000)
  eden space 1055424K, 41% used [0x00000007aacb0000,0x00000007c56f1598,0x00000007eb360000)
  from space 53056K, 69% used [0x00000007eb360000,0x00000007ed77fd00,0x00000007ee730000)
  to   space 51904K, 0% used [0x00000007fc940000,0x00000007fc940000,0x00000007ffbf0000)
 ParOldGen       total 180544K, used 89963K [0x0000000700600000, 0x000000070b650000, 0x00000007aacb0000)
  object space 180544K, 49% used [0x0000000700600000,0x0000000705ddade0,0x000000070b650000)
 PSPermGen       total 41216K, used 18264K [0x00000006fb400000, 0x00000006fdc40000, 0x0000000700600000)
  object space 41216K, 44% used [0x00000006fb400000,0x00000006fc5d6210,0x00000006fdc40000)
GC Heap History (10 events):
Event: 7.663 GC heap before
{Heap before GC invocations=11 (full 1):
 PSYoungGen      total 569984K, used 520189K [0x00000007aacb0000, 0x00000007e4330000, 0x0000000800000000)
  eden space 520768K, 99% used [0x00000007aacb0000,0x00000007ca8af7f0,0x00000007ca940000)
  from space 49216K, 0% used [0x00000007ca940000,0x00000007ca940000,0x00000007cd950000)
  to   space 53632K, 0% used [0x00000007e0ed0000,0x00000007e0ed0000,0x00000007e4330000)
 ParOldGen       total 145152K, used 26269K [0x0000000700600000, 0x00000007093c0000, 0x00000007aacb0000)
  object space 145152K, 18% used [0x0000000700600000,0x0000000701fa74f8,0x00000007093c0000)
 PSPermGen       total 36608K, used 18061K [0x00000006fb400000, 0x00000006fd7c0000, 0x0000000700600000)
  object space 36608K, 49% used [0x00000006fb400000,0x00000006fc5a3780,0x00000006fd7c0000)
Event: 7.679 GC heap after
Heap after GC invocations=11 (full 1):
 PSYoungGen      total 794240K, used 47349K [0x00000007aacb0000, 0x00000007e3d10000, 0x0000000800000000)
  eden space 746880K, 0% used [0x00000007aacb0000,0x00000007aacb0000,0x00000007d8610000)
  from space 47360K, 99% used [0x00000007e0ed0000,0x00000007e3d0d430,0x00000007e3d10000)
  to   space 56576K, 0% used [0x00000007dce90000,0x00000007dce90000,0x00000007e05d0000)
 ParOldGen       total 145152K, used 26269K [0x0000000700600000, 0x00000007093c0000, 0x00000007aacb0000)
  object space 145152K, 18% used [0x0000000700600000,0x0000000701fa74f8,0x00000007093c0000)
 PSPermGen       total 36608K, used 18061K [0x00000006fb400000, 0x00000006fd7c0000, 0x0000000700600000)
  object space 36608K, 49% used [0x00000006fb400000,0x00000006fc5a3780,0x00000006fd7c0000)
}
Event: 9.189 GC heap before
{Heap before GC invocations=12 (full 1):
 PSYoungGen      total 794240K, used 791360K [0x00000007aacb0000, 0x00000007e3d10000, 0x0000000800000000)
  eden space 746880K, 99% used [0x00000007aacb0000,0x00000007d8342e18,0x00000007d8610000)
  from space 47360K, 99% used [0x00000007e0ed0000,0x00000007e3d0d430,0x00000007e3d10000)
  to   space 56576K, 0% used [0x00000007dce90000,0x00000007dce90000,0x00000007e05d0000)
 ParOldGen       total 145152K, used 26269K [0x0000000700600000, 0x00000007093c0000, 0x00000007aacb0000)
  object space 145152K, 18% used [0x0000000700600000,0x0000000701fa74f8,0x00000007093c0000)
 PSPermGen       total 36608K, used 18070K [0x00000006fb400000, 0x00000006fd7c0000, 0x0000000700600000)
  object space 36608K, 49% used [0x00000006fb400000,0x00000006fc5a59b0,0x00000006fd7c0000)
Event: 9.199 GC heap after
Heap after GC invocations=12 (full 1):
 PSYoungGen      total 877696K, used 32941K [0x00000007aacb0000, 0x00000007f1cd0000, 0x0000000800000000)
  eden space 821120K, 0% used [0x00000007aacb0000,0x00000007aacb0000,0x00000007dce90000)
  from space 56576K, 58% used [0x00000007dce90000,0x00000007deebb510,0x00000007e05d0000)
  to   space 54912K, 0% used [0x00000007ee730000,0x00000007ee730000,0x00000007f1cd0000)
 ParOldGen       total 145152K, used 38780K [0x0000000700600000, 0x00000007093c0000, 0x00000007aacb0000)
  object space 145152K, 26% used [0x0000000700600000,0x0000000702bdf088,0x00000007093c0000)
 PSPermGen       total 36608K, used 18070K [0x00000006fb400000, 0x00000006fd7c0000, 0x0000000700600000)
  object space 36608K, 49% used [0x00000006fb400000,0x00000006fc5a59b0,0x00000006fd7c0000)
}
Event: 11.263 GC heap before
{Heap before GC invocations=13 (full 1):
 PSYoungGen      total 877696K, used 851160K [0x00000007aacb0000, 0x00000007f1cd0000, 0x0000000800000000)
  eden space 821120K, 99% used [0x00000007aacb0000,0x00000007dcbbad68,0x00000007dce90000)
  from space 56576K, 58% used [0x00000007dce90000,0x00000007deebb510,0x00000007e05d0000)
  to   space 54912K, 0% used [0x00000007ee730000,0x00000007ee730000,0x00000007f1cd0000)
 ParOldGen       total 145152K, used 44855K [0x0000000700600000, 0x00000007093c0000, 0x00000007aacb0000)
  object space 145152K, 30% used [0x0000000700600000,0x00000007031cdc98,0x00000007093c0000)
 PSPermGen       total 36608K, used 18085K [0x00000006fb400000, 0x00000006fd7c0000, 0x0000000700600000)
  object space 36608K, 49% used [0x00000006fb400000,0x00000006fc5a9630,0x00000006fd7c0000)
Event: 11.272 GC heap after
Heap after GC invocations=13 (full 1):
 PSYoungGen      total 1110336K, used 35600K [0x00000007aacb0000, 0x00000007f6970000, 0x0000000800000000)
  eden space 1055424K, 0% used [0x00000007aacb0000,0x00000007aacb0000,0x00000007eb360000)
  from space 54912K, 64% used [0x00000007ee730000,0x00000007f09f4250,0x00000007f1cd0000)
  to   space 53056K, 0% used [0x00000007eb360000,0x00000007eb360000,0x00000007ee730000)
 ParOldGen       total 145152K, used 44923K [0x0000000700600000, 0x00000007093c0000, 0x00000007aacb0000)
  object space 145152K, 30% used [0x0000000700600000,0x00000007031deca8,0x00000007093c0000)
 PSPermGen       total 36608K, used 18085K [0x00000006fb400000, 0x00000006fd7c0000, 0x0000000700600000)
  object space 36608K, 49% used [0x00000006fb400000,0x00000006fc5a9630,0x00000006fd7c0000)
}
Event: 13.807 GC heap before
{Heap before GC invocations=14 (full 2):
 PSYoungGen      total 1110336K, used 1091024K [0x00000007aacb0000, 0x00000007f6970000, 0x0000000800000000)
  eden space 1055424K, 100% used [0x00000007aacb0000,0x00000007eb360000,0x00000007eb360000)
  from space 54912K, 64% used [0x00000007ee730000,0x00000007f09f4250,0x00000007f1cd0000)
  to   space 53056K, 0% used [0x00000007eb360000,0x00000007eb360000,0x00000007ee730000)
 ParOldGen       total 252224K, used 250631K [0x0000000700600000, 0x000000070fc50000, 0x00000007aacb0000)
  object space 252224K, 99% used [0x0000000700600000,0x000000070fac1c10,0x000000070fc50000)
 PSPermGen       total 36608K, used 18199K [0x00000006fb400000, 0x00000006fd7c0000, 0x0000000700600000)
  object space 36608K, 49% used [0x00000006fb400000,0x00000006fc5c5c88,0x00000006fd7c0000)
Event: 13.857 GC heap after
Heap after GC invocations=14 (full 2):
 PSYoungGen      total 1110336K, used 0K [0x00000007aacb0000, 0x00000007f6970000, 0x0000000800000000)
  eden space 1055424K, 0% used [0x00000007aacb0000,0x00000007aacb0000,0x00000007eb360000)
  from space 54912K, 0% used [0x00000007ee730000,0x00000007ee730000,0x00000007f1cd0000)
  to   space 53056K, 0% used [0x00000007eb360000,0x00000007eb360000,0x00000007ee730000)
 ParOldGen       total 180544K, used 37057K [0x0000000700600000, 0x000000070b650000, 0x00000007aacb0000)
  object space 180544K, 20% used [0x0000000700600000,0x0000000702a30738,0x000000070b650000)
 PSPermGen       total 41216K, used 18198K [0x00000006fb400000, 0x00000006fdc40000, 0x0000000700600000)
  object space 41216K, 44% used [0x00000006fb400000,0x00000006fc5c5b38,0x00000006fdc40000)
}
Event: 16.162 GC heap before
{Heap before GC invocations=15 (full 2):
 PSYoungGen      total 1110336K, used 1055424K [0x00000007aacb0000, 0x00000007f6970000, 0x0000000800000000)
  eden space 1055424K, 100% used [0x00000007aacb0000,0x00000007eb360000,0x00000007eb360000)
  from space 54912K, 0% used [0x00000007ee730000,0x00000007ee730000,0x00000007f1cd0000)
  to   space 53056K, 0% used [0x00000007eb360000,0x00000007eb360000,0x00000007ee730000)
 ParOldGen       total 180544K, used 89963K [0x0000000700600000, 0x000000070b650000, 0x00000007aacb0000)
  object space 180544K, 49% used [0x0000000700600000,0x0000000705ddade0,0x000000070b650000)
 PSPermGen       total 41216K, used 18228K [0x00000006fb400000, 0x00000006fdc40000, 0x0000000700600000)
  object space 41216K, 44% used [0x00000006fb400000,0x00000006fc5cd070,0x00000006fdc40000)
Event: 16.172 GC heap after
Heap after GC invocations=15 (full 2):
 PSYoungGen      total 1108480K, used 36991K [0x00000007aacb0000, 0x00000007ffbf0000, 0x0000000800000000)
  eden space 1055424K, 0% used [0x00000007aacb0000,0x00000007aacb0000,0x00000007eb360000)
  from space 53056K, 69% used [0x00000007eb360000,0x00000007ed77fd00,0x00000007ee730000)
  to   space 51904K, 0% used [0x00000007fc940000,0x00000007fc940000,0x00000007ffbf0000)
 ParOldGen       total 180544K, used 89963K [0x0000000700600000, 0x000000070b650000, 0x00000007aacb0000)
  object space 180544K, 49% used [0x0000000700600000,0x0000000705ddade0,0x000000070b650000)
 PSPermGen       total 41216K, used 18228K [0x00000006fb400000, 0x00000006fdc40000, 0x0000000700600000)
  object space 41216K, 44% used [0x00000006fb400000,0x00000006fc5cd070,0x00000006fdc40000)
}

