# JRE version: 7.0_07-b11
# Java VM: Java HotSpot(TM) 64-Bit Server VM (23.3-b01 mixed mode windows-amd64 compressed oops)
Heap
 PSYoungGen      total 1360768K, used 817035K [0x00000007aacb0000, 0x0000000800000000, 0x0000000800000000)
  eden space 1327296K, 61% used [0x00000007aacb0000,0x00000007dca92df8,0x00000007fbce0000)
  from space 33472K, 0% used [0x00000007fbce0000,0x00000007fbce0000,0x00000007fdd90000)
  to   space 35264K, 0% used [0x00000007fdd90000,0x00000007fdd90000,0x0000000800000000)
 ParOldGen       total 203392K, used 30649K [0x0000000700600000, 0x000000070cca0000, 0x00000007aacb0000)
  object space 203392K, 15% used [0x0000000700600000,0x00000007023ee578,0x000000070cca0000)
 PSPermGen       total 39872K, used 18193K [0x00000006fb400000, 0x00000006fdaf0000, 0x0000000700600000)
  object space 39872K, 45% used [0x00000006fb400000,0x00000006fc5c46a0,0x00000006fdaf0000)
GC Heap History (10 events):
Event: 13.799 GC heap before
{Heap before GC invocations=14 (full 2):
 PSYoungGen      total 855104K, used 825655K [0x00000007aacb0000, 0x00000007f57a0000, 0x0000000800000000)
  eden space 826368K, 99% used [0x00000007aacb0000,0x00000007dd2fdfc8,0x00000007dd3b0000)
  from space 28736K, 0% used [0x00000007dd3b0000,0x00000007dd3b0000,0x00000007defc0000)
  to   space 32576K, 0% used [0x00000007f37d0000,0x00000007f37d0000,0x00000007f57a0000)
 ParOldGen       total 173696K, used 36768K [0x0000000700600000, 0x000000070afa0000, 0x00000007aacb0000)
  object space 173696K, 21% used [0x0000000700600000,0x00000007029e81f0,0x000000070afa0000)
 PSPermGen       total 41024K, used 18115K [0x00000006fb400000, 0x00000006fdc10000, 0x0000000700600000)
  object space 41024K, 44% used [0x00000006fb400000,0x00000006fc5b0ea0,0x00000006fdc10000)
Event: 13.803 GC heap after
Heap after GC invocations=14 (full 2):
 PSYoungGen      total 1122688K, used 11120K [0x00000007aacb0000, 0x00000007f42b0000, 0x0000000800000000)
  eden space 1111552K, 0% used [0x00000007aacb0000,0x00000007aacb0000,0x00000007eea30000)
  from space 11136K, 99% used [0x00000007f37d0000,0x00000007f42ac070,0x00000007f42b0000)
  to   space 33536K, 0% used [0x00000007f0130000,0x00000007f0130000,0x00000007f21f0000)
 ParOldGen       total 173696K, used 36768K [0x0000000700600000, 0x000000070afa0000, 0x00000007aacb0000)
  object space 173696K, 21% used [0x0000000700600000,0x00000007029e81f0,0x000000070afa0000)
 PSPermGen       total 41024K, used 18115K [0x00000006fb400000, 0x00000006fdc10000, 0x0000000700600000)
  object space 41024K, 44% used [0x00000006fb400000,0x00000006fc5b0ea0,0x00000006fdc10000)
}
Event: 16.216 GC heap before
{Heap before GC invocations=15 (full 2):
 PSYoungGen      total 1122688K, used 1122672K [0x00000007aacb0000, 0x00000007f42b0000, 0x0000000800000000)
  eden space 1111552K, 100% used [0x00000007aacb0000,0x00000007eea30000,0x00000007eea30000)
  from space 11136K, 99% used [0x00000007f37d0000,0x00000007f42ac070,0x00000007f42b0000)
  to   space 33536K, 0% used [0x00000007f0130000,0x00000007f0130000,0x00000007f21f0000)
 ParOldGen       total 173696K, used 99161K [0x0000000700600000, 0x000000070afa0000, 0x00000007aacb0000)
  object space 173696K, 57% used [0x0000000700600000,0x00000007066d6690,0x000000070afa0000)
 PSPermGen       total 41024K, used 18124K [0x00000006fb400000, 0x00000006fdc10000, 0x0000000700600000)
  object space 41024K, 44% used [0x00000006fb400000,0x00000006fc5b3298,0x00000006fdc10000)
Event: 16.223 GC heap after
Heap after GC invocations=15 (full 2):
 PSYoungGen      total 1168640K, used 24746K [0x00000007aacb0000, 0x0000000800000000, 0x0000000800000000)
  eden space 1135104K, 0% used [0x00000007aacb0000,0x00000007aacb0000,0x00000007f0130000)
  from space 33536K, 73% used [0x00000007f0130000,0x00000007f195aab0,0x00000007f21f0000)
  to   space 33536K, 0% used [0x00000007fdf40000,0x00000007fdf40000,0x0000000800000000)
 ParOldGen       total 173696K, used 99269K [0x0000000700600000, 0x000000070afa0000, 0x00000007aacb0000)
  object space 173696K, 57% used [0x0000000700600000,0x00000007066f16b0,0x000000070afa0000)
 PSPermGen       total 41024K, used 18124K [0x00000006fb400000, 0x00000006fdc10000, 0x0000000700600000)
  object space 41024K, 44% used [0x00000006fb400000,0x00000006fc5b3298,0x00000006fdc10000)
}
Event: 18.880 GC heap before
{Heap before GC invocations=16 (full 2):
 PSYoungGen      total 1168640K, used 1157097K [0x00000007aacb0000, 0x0000000800000000, 0x0000000800000000)
  eden space 1135104K, 99% used [0x00000007aacb0000,0x00000007efe7fc98,0x00000007f0130000)
  from space 33536K, 73% used [0x00000007f0130000,0x00000007f195aab0,0x00000007f21f0000)
  to   space 33536K, 0% used [0x00000007fdf40000,0x00000007fdf40000,0x0000000800000000)
 ParOldGen       total 173696K, used 99269K [0x0000000700600000, 0x000000070afa0000, 0x00000007aacb0000)
  object space 173696K, 57% used [0x0000000700600000,0x00000007066f16b0,0x000000070afa0000)
 PSPermGen       total 41024K, used 18139K [0x00000006fb400000, 0x00000006fdc10000, 0x0000000700600000)
  object space 41024K, 44% used [0x00000006fb400000,0x00000006fc5b6d60,0x00000006fdc10000)
Event: 18.888 GC heap after
Heap after GC invocations=16 (full 2):
 PSYoungGen      total 1360832K, used 27162K [0x00000007aacb0000, 0x0000000800000000, 0x0000000800000000)
  eden space 1327296K, 0% used [0x00000007aacb0000,0x00000007aacb0000,0x00000007fbce0000)
  from space 33536K, 80% used [0x00000007fdf40000,0x00000007ff9c6a68,0x0000000800000000)
  to   space 34368K, 0% used [0x00000007fbce0000,0x00000007fbce0000,0x00000007fde70000)
 ParOldGen       total 173696K, used 111483K [0x0000000700600000, 0x000000070afa0000, 0x00000007aacb0000)
  object space 173696K, 64% used [0x0000000700600000,0x00000007072deee0,0x000000070afa0000)
 PSPermGen       total 41024K, used 18139K [0x00000006fb400000, 0x00000006fdc10000, 0x0000000700600000)
  object space 41024K, 44% used [0x00000006fb400000,0x00000006fc5b6d60,0x00000006fdc10000)
}
Event: 21.849 GC heap before
{Heap before GC invocations=17 (full 2):
 PSYoungGen      total 1360832K, used 1351919K [0x00000007aacb0000, 0x0000000800000000, 0x0000000800000000)
  eden space 1327296K, 99% used [0x00000007aacb0000,0x00000007fba65328,0x00000007fbce0000)
  from space 33536K, 80% used [0x00000007fdf40000,0x00000007ff9c6a68,0x0000000800000000)
  to   space 34368K, 0% used [0x00000007fbce0000,0x00000007fbce0000,0x00000007fde70000)
 ParOldGen       total 173696K, used 114900K [0x0000000700600000, 0x000000070afa0000, 0x00000007aacb0000)
  object space 173696K, 66% used [0x0000000700600000,0x00000007076353b0,0x000000070afa0000)
 PSPermGen       total 41024K, used 18171K [0x00000006fb400000, 0x00000006fdc10000, 0x0000000700600000)
  object space 41024K, 44% used [0x00000006fb400000,0x00000006fc5bef60,0x00000006fdc10000)
Event: 21.858 GC heap after
Heap after GC invocations=17 (full 2):
 PSYoungGen      total 1360768K, used 33418K [0x00000007aacb0000, 0x0000000800000000, 0x0000000800000000)
  eden space 1327296K, 0% used [0x00000007aacb0000,0x00000007aacb0000,0x00000007fbce0000)
  from space 33472K, 99% used [0x00000007fbce0000,0x00000007fdd829b8,0x00000007fdd90000)
  to   space 35264K, 0% used [0x00000007fdd90000,0x00000007fdd90000,0x0000000800000000)
 ParOldGen       total 173696K, used 123032K [0x0000000700600000, 0x000000070afa0000, 0x00000007aacb0000)
  object space 173696K, 70% used [0x0000000700600000,0x0000000707e263d0,0x000000070afa0000)
 PSPermGen       total 41024K, used 18171K [0x00000006fb400000, 0x00000006fdc10000, 0x0000000700600000)
  object space 41024K, 44% used [0x00000006fb400000,0x00000006fc5bef60,0x00000006fdc10000)
}
Event: 24.649 GC heap before
{Heap before GC invocations=18 (full 3):
 PSYoungGen      total 1360768K, used 1360714K [0x00000007aacb0000, 0x0000000800000000, 0x0000000800000000)
  eden space 1327296K, 100% used [0x00000007aacb0000,0x00000007fbce0000,0x00000007fbce0000)
  from space 33472K, 99% used [0x00000007fbce0000,0x00000007fdd829b8,0x00000007fdd90000)
  to   space 35264K, 0% used [0x00000007fdd90000,0x00000007fdd90000,0x0000000800000000)
 ParOldGen       total 215296K, used 213929K [0x0000000700600000, 0x000000070d840000, 0x00000007aacb0000)
  object space 215296K, 99% used [0x0000000700600000,0x000000070d6ea438,0x000000070d840000)
 PSPermGen       total 41024K, used 18185K [0x00000006fb400000, 0x00000006fdc10000, 0x0000000700600000)
  object space 41024K, 44% used [0x00000006fb400000,0x00000006fc5c24b0,0x00000006fdc10000)
Event: 24.692 GC heap after
Heap after GC invocations=18 (full 3):
 PSYoungGen      total 1360768K, used 0K [0x00000007aacb0000, 0x0000000800000000, 0x0000000800000000)
  eden space 1327296K, 0% used [0x00000007aacb0000,0x00000007aacb0000,0x00000007fbce0000)
  from space 33472K, 0% used [0x00000007fbce0000,0x00000007fbce0000,0x00000007fdd90000)
  to   space 35264K, 0% used [0x00000007fdd90000,0x00000007fdd90000,0x0000000800000000)
 ParOldGen       total 203392K, used 30649K [0x0000000700600000, 0x000000070cca0000, 0x00000007aacb0000)
  object space 203392K, 15% used [0x0000000700600000,0x00000007023ee578,0x000000070cca0000)
 PSPermGen       total 39872K, used 18185K [0x00000006fb400000, 0x00000006fdaf0000, 0x0000000700600000)
  object space 39872K, 45% used [0x00000006fb400000,0x00000006fc5c2410,0x00000006fdaf0000)
}

