# JRE version: 7.0_07-b11
# Java VM: Java HotSpot(TM) 64-Bit Server VM (23.3-b01 mixed mode windows-amd64 compressed oops)
Heap
 PSYoungGen      total 525376K, used 2462K [0x00000007aacb0000, 0x00000007d2390000, 0x0000000800000000)
  eden space 464320K, 0% used [0x00000007aacb0000,0x00000007aae805b0,0x00000007c7220000)
  from space 61056K, 0% used [0x00000007cae40000,0x00000007caed7488,0x00000007ce9e0000)
  to   space 61568K, 0% used [0x00000007c7220000,0x00000007c7220000,0x00000007cae40000)
 ParOldGen       total 222016K, used 179760K [0x0000000700600000, 0x000000070ded0000, 0x00000007aacb0000)
  object space 222016K, 80% used [0x0000000700600000,0x000000070b58c0b8,0x000000070ded0000)
 PSPermGen       total 39232K, used 18017K [0x00000006fb400000, 0x00000006fda50000, 0x0000000700600000)
  object space 39232K, 45% used [0x00000006fb400000,0x00000006fc598720,0x00000006fda50000)
GC Heap History (10 events):
Event: 8.006 GC heap before
{Heap before GC invocations=8 (full 1):
 PSYoungGen      total 293632K, used 252407K [0x00000007aacb0000, 0x00000007c03b0000, 0x0000000800000000)
  eden space 255424K, 98% used [0x00000007aacb0000,0x00000007ba32ddb0,0x00000007ba620000)
  from space 38208K, 0% used [0x00000007bd1c0000,0x00000007bd1c0000,0x00000007bf710000)
  to   space 44672K, 0% used [0x00000007ba620000,0x00000007ba620000,0x00000007bd1c0000)
 ParOldGen       total 133760K, used 35312K [0x0000000700600000, 0x00000007088a0000, 0x00000007aacb0000)
  object space 133760K, 26% used [0x0000000700600000,0x000000070287c258,0x00000007088a0000)
 PSPermGen       total 36224K, used 17951K [0x00000006fb400000, 0x00000006fd760000, 0x0000000700600000)
  object space 36224K, 49% used [0x00000006fb400000,0x00000006fc587dc8,0x00000006fd760000)
Event: 8.012 GC heap after
Heap after GC invocations=8 (full 1):
 PSYoungGen      total 300096K, used 29102K [0x00000007aacb0000, 0x00000007cb750000, 0x0000000800000000)
  eden space 255424K, 0% used [0x00000007aacb0000,0x00000007aacb0000,0x00000007ba620000)
  from space 44672K, 65% used [0x00000007ba620000,0x00000007bc28b8c0,0x00000007bd1c0000)
  to   space 46720K, 0% used [0x00000007c89b0000,0x00000007c89b0000,0x00000007cb750000)
 ParOldGen       total 133760K, used 35312K [0x0000000700600000, 0x00000007088a0000, 0x00000007aacb0000)
  object space 133760K, 26% used [0x0000000700600000,0x000000070287c258,0x00000007088a0000)
 PSPermGen       total 36224K, used 17951K [0x00000006fb400000, 0x00000006fd760000, 0x0000000700600000)
  object space 36224K, 49% used [0x00000006fb400000,0x00000006fc587dc8,0x00000006fd760000)
}
Event: 9.170 GC heap before
{Heap before GC invocations=9 (full 2):
 PSYoungGen      total 300096K, used 284526K [0x00000007aacb0000, 0x00000007cb750000, 0x0000000800000000)
  eden space 255424K, 100% used [0x00000007aacb0000,0x00000007ba620000,0x00000007ba620000)
  from space 44672K, 65% used [0x00000007ba620000,0x00000007bc28b8c0,0x00000007bd1c0000)
  to   space 46720K, 0% used [0x00000007c89b0000,0x00000007c89b0000,0x00000007cb750000)
 ParOldGen       total 354176K, used 353091K [0x0000000700600000, 0x0000000715fe0000, 0x00000007aacb0000)
  object space 354176K, 99% used [0x0000000700600000,0x0000000715ed0c60,0x0000000715fe0000)
 PSPermGen       total 36224K, used 17972K [0x00000006fb400000, 0x00000006fd760000, 0x0000000700600000)
  object space 36224K, 49% used [0x00000006fb400000,0x00000006fc58d240,0x00000006fd760000)
Event: 9.213 GC heap after
Heap after GC invocations=9 (full 2):
 PSYoungGen      total 300096K, used 0K [0x00000007aacb0000, 0x00000007cb750000, 0x0000000800000000)
  eden space 255424K, 0% used [0x00000007aacb0000,0x00000007aacb0000,0x00000007ba620000)
  from space 44672K, 0% used [0x00000007ba620000,0x00000007ba620000,0x00000007bd1c0000)
  to   space 46720K, 0% used [0x00000007c89b0000,0x00000007c89b0000,0x00000007cb750000)
 ParOldGen       total 189056K, used 43389K [0x0000000700600000, 0x000000070bea0000, 0x00000007aacb0000)
  object space 189056K, 22% used [0x0000000700600000,0x000000070305f788,0x000000070bea0000)
 PSPermGen       total 40448K, used 17972K [0x00000006fb400000, 0x00000006fdb80000, 0x0000000700600000)
  object space 40448K, 44% used [0x00000006fb400000,0x00000006fc58d240,0x00000006fdb80000)
}
Event: 10.238 GC heap before
{Heap before GC invocations=10 (full 3):
 PSYoungGen      total 300096K, used 255424K [0x00000007aacb0000, 0x00000007cb750000, 0x0000000800000000)
  eden space 255424K, 100% used [0x00000007aacb0000,0x00000007ba620000,0x00000007ba620000)
  from space 44672K, 0% used [0x00000007ba620000,0x00000007ba620000,0x00000007bd1c0000)
  to   space 46720K, 0% used [0x00000007c89b0000,0x00000007c89b0000,0x00000007cb750000)
 ParOldGen       total 344320K, used 344145K [0x0000000700600000, 0x0000000715640000, 0x00000007aacb0000)
  object space 344320K, 99% used [0x0000000700600000,0x0000000715614650,0x0000000715640000)
 PSPermGen       total 40448K, used 17974K [0x00000006fb400000, 0x00000006fdb80000, 0x0000000700600000)
  object space 40448K, 44% used [0x00000006fb400000,0x00000006fc58d9e0,0x00000006fdb80000)
Event: 10.273 GC heap after
Heap after GC invocations=10 (full 3):
 PSYoungGen      total 300096K, used 0K [0x00000007aacb0000, 0x00000007cb750000, 0x0000000800000000)
  eden space 255424K, 0% used [0x00000007aacb0000,0x00000007aacb0000,0x00000007ba620000)
  from space 44672K, 0% used [0x00000007ba620000,0x00000007ba620000,0x00000007bd1c0000)
  to   space 46720K, 0% used [0x00000007c89b0000,0x00000007c89b0000,0x00000007cb750000)
 ParOldGen       total 222016K, used 39779K [0x0000000700600000, 0x000000070ded0000, 0x00000007aacb0000)
  object space 222016K, 17% used [0x0000000700600000,0x0000000702cd8f98,0x000000070ded0000)
 PSPermGen       total 39232K, used 17974K [0x00000006fb400000, 0x00000006fda50000, 0x0000000700600000)
  object space 39232K, 45% used [0x00000006fb400000,0x00000006fc58d9e0,0x00000006fda50000)
}
Event: 10.741 GC heap before
{Heap before GC invocations=11 (full 3):
 PSYoungGen      total 300096K, used 254512K [0x00000007aacb0000, 0x00000007cb750000, 0x0000000800000000)
  eden space 255424K, 99% used [0x00000007aacb0000,0x00000007ba53c130,0x00000007ba620000)
  from space 44672K, 0% used [0x00000007ba620000,0x00000007ba620000,0x00000007bd1c0000)
  to   space 46720K, 0% used [0x00000007c89b0000,0x00000007c89b0000,0x00000007cb750000)
 ParOldGen       total 222016K, used 39779K [0x0000000700600000, 0x000000070ded0000, 0x00000007aacb0000)
  object space 222016K, 17% used [0x0000000700600000,0x0000000702cd8f98,0x000000070ded0000)
 PSPermGen       total 39232K, used 17974K [0x00000006fb400000, 0x00000006fda50000, 0x0000000700600000)
  object space 39232K, 45% used [0x00000006fb400000,0x00000006fc58db60,0x00000006fda50000)
Event: 10.754 GC heap after
Heap after GC invocations=11 (full 3):
 PSYoungGen      total 406528K, used 41252K [0x00000007aacb0000, 0x00000007cb200000, 0x0000000800000000)
  eden space 365248K, 0% used [0x00000007aacb0000,0x00000007aacb0000,0x00000007c1160000)
  from space 41280K, 99% used [0x00000007c89b0000,0x00000007cb1f90e0,0x00000007cb200000)
  to   space 53056K, 0% used [0x00000007c4a60000,0x00000007c4a60000,0x00000007c7e30000)
 ParOldGen       total 222016K, used 70154K [0x0000000700600000, 0x000000070ded0000, 0x00000007aacb0000)
  object space 222016K, 31% used [0x0000000700600000,0x0000000704a82be8,0x000000070ded0000)
 PSPermGen       total 39232K, used 17974K [0x00000006fb400000, 0x00000006fda50000, 0x0000000700600000)
  object space 39232K, 45% used [0x00000006fb400000,0x00000006fc58db60,0x00000006fda50000)
}
Event: 11.437 GC heap before
{Heap before GC invocations=12 (full 3):
 PSYoungGen      total 406528K, used 406464K [0x00000007aacb0000, 0x00000007cb200000, 0x0000000800000000)
  eden space 365248K, 99% used [0x00000007aacb0000,0x00000007c11572f8,0x00000007c1160000)
  from space 41280K, 99% used [0x00000007c89b0000,0x00000007cb1f90e0,0x00000007cb200000)
  to   space 53056K, 0% used [0x00000007c4a60000,0x00000007c4a60000,0x00000007c7e30000)
 ParOldGen       total 222016K, used 73572K [0x0000000700600000, 0x000000070ded0000, 0x00000007aacb0000)
  object space 222016K, 33% used [0x0000000700600000,0x0000000704dd90b8,0x000000070ded0000)
 PSPermGen       total 39232K, used 17976K [0x00000006fb400000, 0x00000006fda50000, 0x0000000700600000)
  object space 39232K, 45% used [0x00000006fb400000,0x00000006fc58e210,0x00000006fda50000)
Event: 11.449 GC heap after
Heap after GC invocations=12 (full 3):
 PSYoungGen      total 476672K, used 50153K [0x00000007aacb0000, 0x00000007ce9e0000, 0x0000000800000000)
  eden space 423616K, 0% used [0x00000007aacb0000,0x00000007aacb0000,0x00000007c4a60000)
  from space 53056K, 94% used [0x00000007c4a60000,0x00000007c7b5a740,0x00000007c7e30000)
  to   space 61056K, 0% used [0x00000007cae40000,0x00000007cae40000,0x00000007ce9e0000)
 ParOldGen       total 222016K, used 85722K [0x0000000700600000, 0x000000070ded0000, 0x00000007aacb0000)
  object space 222016K, 38% used [0x0000000700600000,0x00000007059b68d8,0x000000070ded0000)
 PSPermGen       total 39232K, used 17976K [0x00000006fb400000, 0x00000006fda50000, 0x0000000700600000)
  object space 39232K, 45% used [0x00000006fb400000,0x00000006fc58e210,0x00000006fda50000)
}

