# JRE version: 7.0_07-b11
# Java VM: Java HotSpot(TM) 64-Bit Server VM (23.3-b01 mixed mode windows-amd64 compressed oops)
Heap
 PSYoungGen      total 1348416K, used 857662K [0x00000007aacb0000, 0x0000000800000000, 0x0000000800000000)
  eden space 1308224K, 65% used [0x00000007aacb0000,0x00000007df1dd270,0x00000007faa40000)
  from space 40192K, 0% used [0x00000007fd8c0000,0x00000007fd9226d8,0x0000000800000000)
  to   space 43904K, 0% used [0x00000007faa40000,0x00000007faa40000,0x00000007fd520000)
 ParOldGen       total 177920K, used 112089K [0x0000000700600000, 0x000000070b3c0000, 0x00000007aacb0000)
  object space 177920K, 63% used [0x0000000700600000,0x0000000707376678,0x000000070b3c0000)
 PSPermGen       total 41024K, used 18166K [0x00000006fb400000, 0x00000006fdc10000, 0x0000000700600000)
  object space 41024K, 44% used [0x00000006fb400000,0x00000006fc5bd920,0x00000006fdc10000)
GC Heap History (10 events):
Event: 11.249 GC heap before
{Heap before GC invocations=12 (full 0):
 PSYoungGen      total 867328K, used 847523K [0x00000007aacb0000, 0x0000000800000000, 0x0000000800000000)
  eden space 830400K, 99% used [0x00000007aacb0000,0x00000007dd5fd318,0x00000007dd7a0000)
  from space 36928K, 50% used [0x00000007dd7a0000,0x00000007de9fb900,0x00000007dfbb0000)
  to   space 37760K, 0% used [0x00000007fdb20000,0x00000007fdb20000,0x0000000800000000)
 ParOldGen       total 174528K, used 139366K [0x0000000700600000, 0x000000070b070000, 0x00000007aacb0000)
  object space 174528K, 79% used [0x0000000700600000,0x0000000708e19bf8,0x000000070b070000)
 PSPermGen       total 21248K, used 18099K [0x00000006fb400000, 0x00000006fc8c0000, 0x0000000700600000)
  object space 21248K, 85% used [0x00000006fb400000,0x00000006fc5aced8,0x00000006fc8c0000)
Event: 11.261 GC heap after
Heap after GC invocations=12 (full 0):
 PSYoungGen      total 1354944K, used 34841K [0x00000007aacb0000, 0x0000000800000000, 0x0000000800000000)
  eden space 1317184K, 0% used [0x00000007aacb0000,0x00000007aacb0000,0x00000007fb300000)
  from space 37760K, 92% used [0x00000007fdb20000,0x00000007ffd264c0,0x0000000800000000)
  to   space 39424K, 0% used [0x00000007fb300000,0x00000007fb300000,0x00000007fd980000)
 ParOldGen       total 174528K, used 158419K [0x0000000700600000, 0x000000070b070000, 0x00000007aacb0000)
  object space 174528K, 90% used [0x0000000700600000,0x000000070a0b4dc8,0x000000070b070000)
 PSPermGen       total 21248K, used 18099K [0x00000006fb400000, 0x00000006fc8c0000, 0x0000000700600000)
  object space 21248K, 85% used [0x00000006fb400000,0x00000006fc5aced8,0x00000006fc8c0000)
}
Event: 11.261 GC heap before
{Heap before GC invocations=13 (full 1):
 PSYoungGen      total 1354944K, used 34841K [0x00000007aacb0000, 0x0000000800000000, 0x0000000800000000)
  eden space 1317184K, 0% used [0x00000007aacb0000,0x00000007aacb0000,0x00000007fb300000)
  from space 37760K, 92% used [0x00000007fdb20000,0x00000007ffd264c0,0x0000000800000000)
  to   space 39424K, 0% used [0x00000007fb300000,0x00000007fb300000,0x00000007fd980000)
 ParOldGen       total 174528K, used 158419K [0x0000000700600000, 0x000000070b070000, 0x00000007aacb0000)
  object space 174528K, 90% used [0x0000000700600000,0x000000070a0b4dc8,0x000000070b070000)
 PSPermGen       total 21248K, used 18099K [0x00000006fb400000, 0x00000006fc8c0000, 0x0000000700600000)
  object space 21248K, 85% used [0x00000006fb400000,0x00000006fc5aced8,0x00000006fc8c0000)
Event: 11.320 GC heap after
Heap after GC invocations=13 (full 1):
 PSYoungGen      total 1354944K, used 0K [0x00000007aacb0000, 0x0000000800000000, 0x0000000800000000)
  eden space 1317184K, 0% used [0x00000007aacb0000,0x00000007aacb0000,0x00000007fb300000)
  from space 37760K, 0% used [0x00000007fdb20000,0x00000007fdb20000,0x0000000800000000)
  to   space 39424K, 0% used [0x00000007fb300000,0x00000007fb300000,0x00000007fd980000)
 ParOldGen       total 149376K, used 38240K [0x0000000700600000, 0x00000007097e0000, 0x00000007aacb0000)
  object space 149376K, 25% used [0x0000000700600000,0x0000000702b582e8,0x00000007097e0000)
 PSPermGen       total 36736K, used 18092K [0x00000006fb400000, 0x00000006fd7e0000, 0x0000000700600000)
  object space 36736K, 49% used [0x00000006fb400000,0x00000006fc5ab380,0x00000006fd7e0000)
}
Event: 14.643 GC heap before
{Heap before GC invocations=14 (full 2):
 PSYoungGen      total 1354944K, used 1317184K [0x00000007aacb0000, 0x0000000800000000, 0x0000000800000000)
  eden space 1317184K, 100% used [0x00000007aacb0000,0x00000007fb300000,0x00000007fb300000)
  from space 37760K, 0% used [0x00000007fdb20000,0x00000007fdb20000,0x0000000800000000)
  to   space 39424K, 0% used [0x00000007fb300000,0x00000007fb300000,0x00000007fd980000)
 ParOldGen       total 233536K, used 230532K [0x0000000700600000, 0x000000070ea10000, 0x00000007aacb0000)
  object space 233536K, 98% used [0x0000000700600000,0x000000070e7213c0,0x000000070ea10000)
 PSPermGen       total 36736K, used 18112K [0x00000006fb400000, 0x00000006fd7e0000, 0x0000000700600000)
  object space 36736K, 49% used [0x00000006fb400000,0x00000006fc5b0318,0x00000006fd7e0000)
Event: 14.684 GC heap after
Heap after GC invocations=14 (full 2):
 PSYoungGen      total 1354944K, used 0K [0x00000007aacb0000, 0x0000000800000000, 0x0000000800000000)
  eden space 1317184K, 0% used [0x00000007aacb0000,0x00000007aacb0000,0x00000007fb300000)
  from space 37760K, 0% used [0x00000007fdb20000,0x00000007fdb20000,0x0000000800000000)
  to   space 39424K, 0% used [0x00000007fb300000,0x00000007fb300000,0x00000007fd980000)
 ParOldGen       total 177920K, used 34824K [0x0000000700600000, 0x000000070b3c0000, 0x00000007aacb0000)
  object space 177920K, 19% used [0x0000000700600000,0x00000007028023e0,0x000000070b3c0000)
 PSPermGen       total 41024K, used 18112K [0x00000006fb400000, 0x00000006fdc10000, 0x0000000700600000)
  object space 41024K, 44% used [0x00000006fb400000,0x00000006fc5b0318,0x00000006fdc10000)
}
Event: 17.563 GC heap before
{Heap before GC invocations=15 (full 2):
 PSYoungGen      total 1354944K, used 1315393K [0x00000007aacb0000, 0x0000000800000000, 0x0000000800000000)
  eden space 1317184K, 99% used [0x00000007aacb0000,0x00000007fb1407a0,0x00000007fb300000)
  from space 37760K, 0% used [0x00000007fdb20000,0x00000007fdb20000,0x0000000800000000)
  to   space 39424K, 0% used [0x00000007fb300000,0x00000007fb300000,0x00000007fd980000)
 ParOldGen       total 177920K, used 40899K [0x0000000700600000, 0x000000070b3c0000, 0x00000007aacb0000)
  object space 177920K, 22% used [0x0000000700600000,0x0000000702df0ff0,0x000000070b3c0000)
 PSPermGen       total 41024K, used 18124K [0x00000006fb400000, 0x00000006fdc10000, 0x0000000700600000)
  object space 41024K, 44% used [0x00000006fb400000,0x00000006fc5b31c0,0x00000006fdc10000)
Event: 17.573 GC heap after
Heap after GC invocations=15 (full 2):
 PSYoungGen      total 1350592K, used 33397K [0x00000007aacb0000, 0x0000000800000000, 0x0000000800000000)
  eden space 1317184K, 0% used [0x00000007aacb0000,0x00000007aacb0000,0x00000007fb300000)
  from space 33408K, 99% used [0x00000007fb300000,0x00000007fd39d620,0x00000007fd3a0000)
  to   space 40192K, 0% used [0x00000007fd8c0000,0x00000007fd8c0000,0x0000000800000000)
 ParOldGen       total 177920K, used 40899K [0x0000000700600000, 0x000000070b3c0000, 0x00000007aacb0000)
  object space 177920K, 22% used [0x0000000700600000,0x0000000702df0ff0,0x000000070b3c0000)
 PSPermGen       total 41024K, used 18124K [0x00000006fb400000, 0x00000006fdc10000, 0x0000000700600000)
  object space 41024K, 44% used [0x00000006fb400000,0x00000006fc5b31c0,0x00000006fdc10000)
}
Event: 20.597 GC heap before
{Heap before GC invocations=16 (full 2):
 PSYoungGen      total 1350592K, used 1350581K [0x00000007aacb0000, 0x0000000800000000, 0x0000000800000000)
  eden space 1317184K, 100% used [0x00000007aacb0000,0x00000007fb300000,0x00000007fb300000)
  from space 33408K, 99% used [0x00000007fb300000,0x00000007fd39d620,0x00000007fd3a0000)
  to   space 40192K, 0% used [0x00000007fd8c0000,0x00000007fd8c0000,0x0000000800000000)
 ParOldGen       total 177920K, used 93816K [0x0000000700600000, 0x000000070b3c0000, 0x00000007aacb0000)
  object space 177920K, 52% used [0x0000000700600000,0x000000070619e248,0x000000070b3c0000)
 PSPermGen       total 41024K, used 18147K [0x00000006fb400000, 0x00000006fdc10000, 0x0000000700600000)
  object space 41024K, 44% used [0x00000006fb400000,0x00000006fc5b8d28,0x00000006fdc10000)
Event: 20.600 GC heap after
Heap after GC invocations=16 (full 2):
 PSYoungGen      total 1348416K, used 393K [0x00000007aacb0000, 0x0000000800000000, 0x0000000800000000)
  eden space 1308224K, 0% used [0x00000007aacb0000,0x00000007aacb0000,0x00000007faa40000)
  from space 40192K, 0% used [0x00000007fd8c0000,0x00000007fd9226d8,0x0000000800000000)
  to   space 43904K, 0% used [0x00000007faa40000,0x00000007faa40000,0x00000007fd520000)
 ParOldGen       total 177920K, used 112089K [0x0000000700600000, 0x000000070b3c0000, 0x00000007aacb0000)
  object space 177920K, 63% used [0x0000000700600000,0x0000000707376678,0x000000070b3c0000)
 PSPermGen       total 41024K, used 18147K [0x00000006fb400000, 0x00000006fdc10000, 0x0000000700600000)
  object space 41024K, 44% used [0x00000006fb400000,0x00000006fc5b8d28,0x00000006fdc10000)
}

