# JRE version: 7.0_07-b11
# Java VM: Java HotSpot(TM) 64-Bit Server VM (23.3-b01 mixed mode windows-amd64 compressed oops)
Heap
 PSYoungGen      total 523968K, used 140297K [0x00000007aacb0000, 0x00000007d3da0000, 0x0000000800000000)
  eden space 432448K, 22% used [0x00000007aacb0000,0x00000007b0da5880,0x00000007c5300000)
  from space 91520K, 44% used [0x00000007c5300000,0x00000007c7b0cf10,0x00000007cac60000)
  to   space 88384K, 0% used [0x00000007ce750000,0x00000007ce750000,0x00000007d3da0000)
 ParOldGen       total 338432K, used 110794K [0x0000000700600000, 0x0000000715080000, 0x00000007aacb0000)
  object space 338432K, 32% used [0x0000000700600000,0x0000000707232bd0,0x0000000715080000)
 PSPermGen       total 36160K, used 18157K [0x00000006fb400000, 0x00000006fd750000, 0x0000000700600000)
  object space 36160K, 50% used [0x00000006fb400000,0x00000006fc5bb470,0x00000006fd750000)
GC Heap History (10 events):
Event: 17.957 GC heap before
{Heap before GC invocations=20 (full 4):
 PSYoungGen      total 383424K, used 371728K [0x00000007aacb0000, 0x00000007cc000000, 0x0000000800000000)
  eden space 312704K, 99% used [0x00000007aacb0000,0x00000007bdd69790,0x00000007bde10000)
  from space 70720K, 84% used [0x00000007bde10000,0x00000007c185aab0,0x00000007c2320000)
  to   space 78144K, 0% used [0x00000007c73b0000,0x00000007c73b0000,0x00000007cc000000)
 ParOldGen       total 282624K, used 47643K [0x0000000700600000, 0x0000000711a00000, 0x00000007aacb0000)
  object space 282624K, 16% used [0x0000000700600000,0x0000000703486da0,0x0000000711a00000)
 PSPermGen       total 37824K, used 18102K [0x00000006fb400000, 0x00000006fd8f0000, 0x0000000700600000)
  object space 37824K, 47% used [0x00000006fb400000,0x00000006fc5ada50,0x00000006fd8f0000)
Event: 17.971 GC heap after
Heap after GC invocations=20 (full 4):
 PSYoungGen      total 461888K, used 54895K [0x00000007aacb0000, 0x00000007cc5b0000, 0x0000000800000000)
  eden space 383744K, 0% used [0x00000007aacb0000,0x00000007aacb0000,0x00000007c2370000)
  from space 78144K, 70% used [0x00000007c73b0000,0x00000007ca94bed0,0x00000007cc000000)
  to   space 82176K, 0% used [0x00000007c2370000,0x00000007c2370000,0x00000007c73b0000)
 ParOldGen       total 282624K, used 47643K [0x0000000700600000, 0x0000000711a00000, 0x00000007aacb0000)
  object space 282624K, 16% used [0x0000000700600000,0x0000000703486da0,0x0000000711a00000)
 PSPermGen       total 37824K, used 18102K [0x00000006fb400000, 0x00000006fd8f0000, 0x0000000700600000)
  object space 37824K, 47% used [0x00000006fb400000,0x00000006fc5ada50,0x00000006fd8f0000)
}
Event: 20.659 GC heap before
{Heap before GC invocations=21 (full 5):
 PSYoungGen      total 461888K, used 435607K [0x00000007aacb0000, 0x00000007cc5b0000, 0x0000000800000000)
  eden space 383744K, 99% used [0x00000007aacb0000,0x00000007c207a118,0x00000007c2370000)
  from space 78144K, 70% used [0x00000007c73b0000,0x00000007ca94bed0,0x00000007cc000000)
  to   space 82176K, 0% used [0x00000007c2370000,0x00000007c2370000,0x00000007c73b0000)
 ParOldGen       total 352832K, used 351394K [0x0000000700600000, 0x0000000715e90000, 0x00000007aacb0000)
  object space 352832K, 99% used [0x0000000700600000,0x0000000715d289a0,0x0000000715e90000)
 PSPermGen       total 37824K, used 18114K [0x00000006fb400000, 0x00000006fd8f0000, 0x0000000700600000)
  object space 37824K, 47% used [0x00000006fb400000,0x00000006fc5b08a8,0x00000006fd8f0000)
Event: 20.689 GC heap after
Heap after GC invocations=21 (full 5):
 PSYoungGen      total 461888K, used 0K [0x00000007aacb0000, 0x00000007cc5b0000, 0x0000000800000000)
  eden space 383744K, 0% used [0x00000007aacb0000,0x00000007aacb0000,0x00000007c2370000)
  from space 78144K, 0% used [0x00000007c73b0000,0x00000007c73b0000,0x00000007cc000000)
  to   space 82176K, 0% used [0x00000007c2370000,0x00000007c2370000,0x00000007c73b0000)
 ParOldGen       total 338432K, used 57252K [0x0000000700600000, 0x0000000715080000, 0x00000007aacb0000)
  object space 338432K, 16% used [0x0000000700600000,0x0000000703de9110,0x0000000715080000)
 PSPermGen       total 36160K, used 18114K [0x00000006fb400000, 0x00000006fd750000, 0x0000000700600000)
  object space 36160K, 50% used [0x00000006fb400000,0x00000006fc5b0888,0x00000006fd750000)
}
Event: 22.358 GC heap before
{Heap before GC invocations=22 (full 5):
 PSYoungGen      total 461888K, used 383744K [0x00000007aacb0000, 0x00000007cc5b0000, 0x0000000800000000)
  eden space 383744K, 100% used [0x00000007aacb0000,0x00000007c2370000,0x00000007c2370000)
  from space 78144K, 0% used [0x00000007c73b0000,0x00000007c73b0000,0x00000007cc000000)
  to   space 82176K, 0% used [0x00000007c2370000,0x00000007c2370000,0x00000007c73b0000)
 ParOldGen       total 338432K, used 110794K [0x0000000700600000, 0x0000000715080000, 0x00000007aacb0000)
  object space 338432K, 32% used [0x0000000700600000,0x0000000707232bd0,0x0000000715080000)
 PSPermGen       total 36160K, used 18117K [0x00000006fb400000, 0x00000006fd750000, 0x0000000700600000)
  object space 36160K, 50% used [0x00000006fb400000,0x00000006fc5b15d8,0x00000006fd750000)
Event: 22.359 GC heap after
Heap after GC invocations=22 (full 5):
 PSYoungGen      total 465920K, used 192K [0x00000007aacb0000, 0x00000007cfd70000, 0x0000000800000000)
  eden space 383744K, 0% used [0x00000007aacb0000,0x00000007aacb0000,0x00000007c2370000)
  from space 82176K, 0% used [0x00000007c2370000,0x00000007c23a0000,0x00000007c73b0000)
  to   space 83008K, 0% used [0x00000007cac60000,0x00000007cac60000,0x00000007cfd70000)
 ParOldGen       total 338432K, used 110794K [0x0000000700600000, 0x0000000715080000, 0x00000007aacb0000)
  object space 338432K, 32% used [0x0000000700600000,0x0000000707232bd0,0x0000000715080000)
 PSPermGen       total 36160K, used 18117K [0x00000006fb400000, 0x00000006fd750000, 0x0000000700600000)
  object space 36160K, 50% used [0x00000006fb400000,0x00000006fc5b15d8,0x00000006fd750000)
}
Event: 23.725 GC heap before
{Heap before GC invocations=23 (full 5):
 PSYoungGen      total 465920K, used 383000K [0x00000007aacb0000, 0x00000007cfd70000, 0x0000000800000000)
  eden space 383744K, 99% used [0x00000007aacb0000,0x00000007c2286120,0x00000007c2370000)
  from space 82176K, 0% used [0x00000007c2370000,0x00000007c23a0000,0x00000007c73b0000)
  to   space 83008K, 0% used [0x00000007cac60000,0x00000007cac60000,0x00000007cfd70000)
 ParOldGen       total 338432K, used 110794K [0x0000000700600000, 0x0000000715080000, 0x00000007aacb0000)
  object space 338432K, 32% used [0x0000000700600000,0x0000000707232bd0,0x0000000715080000)
 PSPermGen       total 36160K, used 18122K [0x00000006fb400000, 0x00000006fd750000, 0x0000000700600000)
  object space 36160K, 50% used [0x00000006fb400000,0x00000006fc5b2ad0,0x00000006fd750000)
Event: 23.742 GC heap after
Heap after GC invocations=23 (full 5):
 PSYoungGen      total 515456K, used 67617K [0x00000007aacb0000, 0x00000007d0f70000, 0x0000000800000000)
  eden space 432448K, 0% used [0x00000007aacb0000,0x00000007aacb0000,0x00000007c5300000)
  from space 83008K, 81% used [0x00000007cac60000,0x00000007cee68700,0x00000007cfd70000)
  to   space 91520K, 0% used [0x00000007c5300000,0x00000007c5300000,0x00000007cac60000)
 ParOldGen       total 338432K, used 110794K [0x0000000700600000, 0x0000000715080000, 0x00000007aacb0000)
  object space 338432K, 32% used [0x0000000700600000,0x0000000707232bd0,0x0000000715080000)
 PSPermGen       total 36160K, used 18122K [0x00000006fb400000, 0x00000006fd750000, 0x0000000700600000)
  object space 36160K, 50% used [0x00000006fb400000,0x00000006fc5b2ad0,0x00000006fd750000)
}
Event: 24.764 GC heap before
{Heap before GC invocations=24 (full 5):
 PSYoungGen      total 515456K, used 499776K [0x00000007aacb0000, 0x00000007d0f70000, 0x0000000800000000)
  eden space 432448K, 99% used [0x00000007aacb0000,0x00000007c52b7cd8,0x00000007c5300000)
  from space 83008K, 81% used [0x00000007cac60000,0x00000007cee68700,0x00000007cfd70000)
  to   space 91520K, 0% used [0x00000007c5300000,0x00000007c5300000,0x00000007cac60000)
 ParOldGen       total 338432K, used 110794K [0x0000000700600000, 0x0000000715080000, 0x00000007aacb0000)
  object space 338432K, 32% used [0x0000000700600000,0x0000000707232bd0,0x0000000715080000)
 PSPermGen       total 36160K, used 18130K [0x00000006fb400000, 0x00000006fd750000, 0x0000000700600000)
  object space 36160K, 50% used [0x00000006fb400000,0x00000006fc5b48b8,0x00000006fd750000)
Event: 24.772 GC heap after
Heap after GC invocations=24 (full 5):
 PSYoungGen      total 523968K, used 41011K [0x00000007aacb0000, 0x00000007d3da0000, 0x0000000800000000)
  eden space 432448K, 0% used [0x00000007aacb0000,0x00000007aacb0000,0x00000007c5300000)
  from space 91520K, 44% used [0x00000007c5300000,0x00000007c7b0cf10,0x00000007cac60000)
  to   space 88384K, 0% used [0x00000007ce750000,0x00000007ce750000,0x00000007d3da0000)
 ParOldGen       total 338432K, used 110794K [0x0000000700600000, 0x0000000715080000, 0x00000007aacb0000)
  object space 338432K, 32% used [0x0000000700600000,0x0000000707232bd0,0x0000000715080000)
 PSPermGen       total 36160K, used 18130K [0x00000006fb400000, 0x00000006fd750000, 0x0000000700600000)
  object space 36160K, 50% used [0x00000006fb400000,0x00000006fc5b48b8,0x00000006fd750000)
}

