# JRE version: 7.0_07-b11
# Java VM: Java HotSpot(TM) 64-Bit Server VM (23.3-b01 mixed mode windows-amd64 compressed oops)
Heap
 PSYoungGen      total 498496K, used 310050K [0x00000007aacb0000, 0x00000007cf820000, 0x0000000800000000)
  eden space 427840K, 68% used [0x00000007aacb0000,0x00000007bcb0a330,0x00000007c4e80000)
  from space 70656K, 23% used [0x00000007cb320000,0x00000007cc38e850,0x00000007cf820000)
  to   space 86848K, 0% used [0x00000007c4e80000,0x00000007c4e80000,0x00000007ca350000)
 ParOldGen       total 346048K, used 79700K [0x0000000700600000, 0x00000007157f0000, 0x00000007aacb0000)
  object space 346048K, 23% used [0x0000000700600000,0x00000007053d52b0,0x00000007157f0000)
 PSPermGen       total 24256K, used 18351K [0x00000006fb400000, 0x00000006fcbb0000, 0x0000000700600000)
  object space 24256K, 75% used [0x00000006fb400000,0x00000006fc5ebcc8,0x00000006fcbb0000)
GC Heap History (10 events):
Event: 115.049 GC heap before
{Heap before GC invocations=73 (full 12):
 PSYoungGen      total 547008K, used 517796K [0x00000007aacb0000, 0x00000007d2c80000, 0x0000000800000000)
  eden space 470592K, 99% used [0x00000007aacb0000,0x00000007c7660e88,0x00000007c7840000)
  from space 76416K, 64% used [0x00000007ce1e0000,0x00000007d11d81b8,0x00000007d2c80000)
  to   space 92288K, 0% used [0x00000007c7840000,0x00000007c7840000,0x00000007cd260000)
 ParOldGen       total 354688K, used 228074K [0x0000000700600000, 0x0000000716060000, 0x00000007aacb0000)
  object space 354688K, 64% used [0x0000000700600000,0x000000070e4baa48,0x0000000716060000)
 PSPermGen       total 25280K, used 18344K [0x00000006fb400000, 0x00000006fccb0000, 0x0000000700600000)
  object space 25280K, 72% used [0x00000006fb400000,0x00000006fc5ea070,0x00000006fccb0000)
Event: 115.057 GC heap after
Heap after GC invocations=73 (full 12):
 PSYoungGen      total 562880K, used 46336K [0x00000007aacb0000, 0x00000007d5e60000, 0x0000000800000000)
  eden space 470592K, 0% used [0x00000007aacb0000,0x00000007aacb0000,0x00000007c7840000)
  from space 92288K, 50% used [0x00000007c7840000,0x00000007ca580018,0x00000007cd260000)
  to   space 91328K, 0% used [0x00000007d0530000,0x00000007d0530000,0x00000007d5e60000)
 ParOldGen       total 354688K, used 228074K [0x0000000700600000, 0x0000000716060000, 0x00000007aacb0000)
  object space 354688K, 64% used [0x0000000700600000,0x000000070e4baa48,0x0000000716060000)
 PSPermGen       total 25280K, used 18344K [0x00000006fb400000, 0x00000006fccb0000, 0x0000000700600000)
  object space 25280K, 72% used [0x00000006fb400000,0x00000006fc5ea070,0x00000006fccb0000)
}
Event: 116.184 GC heap before
{Heap before GC invocations=74 (full 12):
 PSYoungGen      total 562880K, used 516928K [0x00000007aacb0000, 0x00000007d5e60000, 0x0000000800000000)
  eden space 470592K, 100% used [0x00000007aacb0000,0x00000007c7840000,0x00000007c7840000)
  from space 92288K, 50% used [0x00000007c7840000,0x00000007ca580018,0x00000007cd260000)
  to   space 91328K, 0% used [0x00000007d0530000,0x00000007d0530000,0x00000007d5e60000)
 ParOldGen       total 354688K, used 294381K [0x0000000700600000, 0x0000000716060000, 0x00000007aacb0000)
  object space 354688K, 82% used [0x0000000700600000,0x000000071257b4e8,0x0000000716060000)
 PSPermGen       total 25280K, used 18344K [0x00000006fb400000, 0x00000006fccb0000, 0x0000000700600000)
  object space 25280K, 72% used [0x00000006fb400000,0x00000006fc5ea070,0x00000006fccb0000)
Event: 116.190 GC heap after
Heap after GC invocations=74 (full 12):
 PSYoungGen      total 474240K, used 18449K [0x00000007aacb0000, 0x00000007d1740000, 0x0000000800000000)
  eden space 455744K, 0% used [0x00000007aacb0000,0x00000007aacb0000,0x00000007c69c0000)
  from space 18496K, 99% used [0x00000007d0530000,0x00000007d1734430,0x00000007d1740000)
  to   space 88320K, 0% used [0x00000007c6ac0000,0x00000007c6ac0000,0x00000007cc100000)
 ParOldGen       total 354688K, used 294381K [0x0000000700600000, 0x0000000716060000, 0x00000007aacb0000)
  object space 354688K, 82% used [0x0000000700600000,0x000000071257b4e8,0x0000000716060000)
 PSPermGen       total 25280K, used 18344K [0x00000006fb400000, 0x00000006fccb0000, 0x0000000700600000)
  object space 25280K, 72% used [0x00000006fb400000,0x00000006fc5ea070,0x00000006fccb0000)
}
Event: 117.158 GC heap before
{Heap before GC invocations=75 (full 12):
 PSYoungGen      total 474240K, used 472388K [0x00000007aacb0000, 0x00000007d1740000, 0x0000000800000000)
  eden space 455744K, 99% used [0x00000007aacb0000,0x00000007c67fcbe0,0x00000007c69c0000)
  from space 18496K, 99% used [0x00000007d0530000,0x00000007d1734430,0x00000007d1740000)
  to   space 88320K, 0% used [0x00000007c6ac0000,0x00000007c6ac0000,0x00000007cc100000)
 ParOldGen       total 354688K, used 296406K [0x0000000700600000, 0x0000000716060000, 0x00000007aacb0000)
  object space 354688K, 83% used [0x0000000700600000,0x00000007127758f8,0x0000000716060000)
 PSPermGen       total 25280K, used 18344K [0x00000006fb400000, 0x00000006fccb0000, 0x0000000700600000)
  object space 25280K, 72% used [0x00000006fb400000,0x00000006fc5ea070,0x00000006fccb0000)
Event: 117.165 GC heap after
Heap after GC invocations=75 (full 12):
 PSYoungGen      total 492032K, used 50480K [0x00000007aacb0000, 0x00000007d0a60000, 0x0000000800000000)
  eden space 441536K, 0% used [0x00000007aacb0000,0x00000007aacb0000,0x00000007c5be0000)
  from space 50496K, 99% used [0x00000007c6ac0000,0x00000007c9c0c278,0x00000007c9c10000)
  to   space 89344K, 0% used [0x00000007cb320000,0x00000007cb320000,0x00000007d0a60000)
 ParOldGen       total 354688K, used 296406K [0x0000000700600000, 0x0000000716060000, 0x00000007aacb0000)
  object space 354688K, 83% used [0x0000000700600000,0x00000007127758f8,0x0000000716060000)
 PSPermGen       total 25280K, used 18344K [0x00000006fb400000, 0x00000006fccb0000, 0x0000000700600000)
  object space 25280K, 72% used [0x00000006fb400000,0x00000006fc5ea070,0x00000006fccb0000)
}
Event: 118.282 GC heap before
{Heap before GC invocations=76 (full 13):
 PSYoungGen      total 492032K, used 492016K [0x00000007aacb0000, 0x00000007d0a60000, 0x0000000800000000)
  eden space 441536K, 100% used [0x00000007aacb0000,0x00000007c5be0000,0x00000007c5be0000)
  from space 50496K, 99% used [0x00000007c6ac0000,0x00000007c9c0c278,0x00000007c9c10000)
  to   space 89344K, 0% used [0x00000007cb320000,0x00000007cb320000,0x00000007d0a60000)
 ParOldGen       total 380160K, used 380084K [0x0000000700600000, 0x0000000717940000, 0x00000007aacb0000)
  object space 380160K, 99% used [0x0000000700600000,0x000000071792d268,0x0000000717940000)
 PSPermGen       total 25280K, used 18344K [0x00000006fb400000, 0x00000006fccb0000, 0x0000000700600000)
  object space 25280K, 72% used [0x00000006fb400000,0x00000006fc5ea070,0x00000006fccb0000)
Event: 118.314 GC heap after
Heap after GC invocations=76 (full 13):
 PSYoungGen      total 492032K, used 0K [0x00000007aacb0000, 0x00000007d0a60000, 0x0000000800000000)
  eden space 441536K, 0% used [0x00000007aacb0000,0x00000007aacb0000,0x00000007c5be0000)
  from space 50496K, 0% used [0x00000007c6ac0000,0x00000007c6ac0000,0x00000007c9c10000)
  to   space 89344K, 0% used [0x00000007cb320000,0x00000007cb320000,0x00000007d0a60000)
 ParOldGen       total 346048K, used 73625K [0x0000000700600000, 0x00000007157f0000, 0x00000007aacb0000)
  object space 346048K, 21% used [0x0000000700600000,0x0000000704de66a0,0x00000007157f0000)
 PSPermGen       total 24256K, used 18344K [0x00000006fb400000, 0x00000006fcbb0000, 0x0000000700600000)
  object space 24256K, 75% used [0x00000006fb400000,0x00000006fc5ea070,0x00000006fcbb0000)
}
Event: 119.215 GC heap before
{Heap before GC invocations=77 (full 13):
 PSYoungGen      total 492032K, used 437506K [0x00000007aacb0000, 0x00000007d0a60000, 0x0000000800000000)
  eden space 441536K, 99% used [0x00000007aacb0000,0x00000007c57f0be8,0x00000007c5be0000)
  from space 50496K, 0% used [0x00000007c6ac0000,0x00000007c6ac0000,0x00000007c9c10000)
  to   space 89344K, 0% used [0x00000007cb320000,0x00000007cb320000,0x00000007d0a60000)
 ParOldGen       total 346048K, used 79700K [0x0000000700600000, 0x00000007157f0000, 0x00000007aacb0000)
  object space 346048K, 23% used [0x0000000700600000,0x00000007053d52b0,0x00000007157f0000)
 PSPermGen       total 24256K, used 18344K [0x00000006fb400000, 0x00000006fcbb0000, 0x0000000700600000)
  object space 24256K, 75% used [0x00000006fb400000,0x00000006fc5ea070,0x00000006fcbb0000)
Event: 119.219 GC heap after
Heap after GC invocations=77 (full 13):
 PSYoungGen      total 498496K, used 16826K [0x00000007aacb0000, 0x00000007cf820000, 0x0000000800000000)
  eden space 427840K, 0% used [0x00000007aacb0000,0x00000007aacb0000,0x00000007c4e80000)
  from space 70656K, 23% used [0x00000007cb320000,0x00000007cc38e850,0x00000007cf820000)
  to   space 86848K, 0% used [0x00000007c4e80000,0x00000007c4e80000,0x00000007ca350000)
 ParOldGen       total 346048K, used 79700K [0x0000000700600000, 0x00000007157f0000, 0x00000007aacb0000)
  object space 346048K, 23% used [0x0000000700600000,0x00000007053d52b0,0x00000007157f0000)
 PSPermGen       total 24256K, used 18344K [0x00000006fb400000, 0x00000006fcbb0000, 0x0000000700600000)
  object space 24256K, 75% used [0x00000006fb400000,0x00000006fc5ea070,0x00000006fcbb0000)
}

