# JRE version: 7.0_07-b11
# Java VM: Java HotSpot(TM) 64-Bit Server VM (23.3-b01 mixed mode windows-amd64 compressed oops)
Heap
 PSYoungGen      total 124096K, used 32126K [0x00000007aacb0000, 0x00000007b3ce0000, 0x0000000800000000)
  eden space 105664K, 13% used [0x00000007aacb0000,0x00000007aba1b540,0x00000007b13e0000)
  from space 18432K, 99% used [0x00000007b1af0000,0x00000007b2ce4430,0x00000007b2cf0000)
  to   space 16320K, 0% used [0x00000007b2cf0000,0x00000007b2cf0000,0x00000007b3ce0000)
 ParOldGen       total 100736K, used 30459K [0x0000000700600000, 0x0000000706860000, 0x00000007aacb0000)
  object space 100736K, 30% used [0x0000000700600000,0x00000007023bef58,0x0000000706860000)
 PSPermGen       total 35712K, used 17778K [0x00000006fb400000, 0x00000006fd6e0000, 0x0000000700600000)
  object space 35712K, 49% used [0x00000006fb400000,0x00000006fc55c920,0x00000006fd6e0000)
GC Heap History (10 events):
Event: 40.131 GC heap before
{Heap before GC invocations=28 (full 1):
 PSYoungGen      total 142720K, used 140110K [0x00000007aacb0000, 0x00000007b52f0000, 0x0000000800000000)
  eden space 124160K, 97% used [0x00000007aacb0000,0x00000007b236f690,0x00000007b25f0000)
  from space 18560K, 99% used [0x00000007b40d0000,0x00000007b52e4430,0x00000007b52f0000)
  to   space 22528K, 0% used [0x00000007b26f0000,0x00000007b26f0000,0x00000007b3cf0000)
 ParOldGen       total 100736K, used 30427K [0x0000000700600000, 0x0000000706860000, 0x00000007aacb0000)
  object space 100736K, 30% used [0x0000000700600000,0x00000007023b6f58,0x0000000706860000)
 PSPermGen       total 35712K, used 17753K [0x00000006fb400000, 0x00000006fd6e0000, 0x0000000700600000)
  object space 35712K, 49% used [0x00000006fb400000,0x00000006fc556738,0x00000006fd6e0000)
Event: 40.134 GC heap after
Heap after GC invocations=28 (full 1):
 PSYoungGen      total 138624K, used 18481K [0x00000007aacb0000, 0x00000007b4d40000, 0x0000000800000000)
  eden space 120128K, 0% used [0x00000007aacb0000,0x00000007aacb0000,0x00000007b2200000)
  from space 18496K, 99% used [0x00000007b26f0000,0x00000007b38fc430,0x00000007b3900000)
  to   space 20736K, 0% used [0x00000007b3900000,0x00000007b3900000,0x00000007b4d40000)
 ParOldGen       total 100736K, used 30427K [0x0000000700600000, 0x0000000706860000, 0x00000007aacb0000)
  object space 100736K, 30% used [0x0000000700600000,0x00000007023b6f58,0x0000000706860000)
 PSPermGen       total 35712K, used 17753K [0x00000006fb400000, 0x00000006fd6e0000, 0x0000000700600000)
  object space 35712K, 49% used [0x00000006fb400000,0x00000006fc556738,0x00000006fd6e0000)
}
Event: 41.140 GC heap before
{Heap before GC invocations=29 (full 1):
 PSYoungGen      total 138624K, used 133998K [0x00000007aacb0000, 0x00000007b4d40000, 0x0000000800000000)
  eden space 120128K, 96% used [0x00000007aacb0000,0x00000007b1d7f758,0x00000007b2200000)
  from space 18496K, 99% used [0x00000007b26f0000,0x00000007b38fc430,0x00000007b3900000)
  to   space 20736K, 0% used [0x00000007b3900000,0x00000007b3900000,0x00000007b4d40000)
 ParOldGen       total 100736K, used 30427K [0x0000000700600000, 0x0000000706860000, 0x00000007aacb0000)
  object space 100736K, 30% used [0x0000000700600000,0x00000007023b6f58,0x0000000706860000)
 PSPermGen       total 35712K, used 17753K [0x00000006fb400000, 0x00000006fd6e0000, 0x0000000700600000)
  object space 35712K, 49% used [0x00000006fb400000,0x00000006fc556738,0x00000006fd6e0000)
Event: 41.142 GC heap after
Heap after GC invocations=29 (full 1):
 PSYoungGen      total 134720K, used 18417K [0x00000007aacb0000, 0x00000007b4b00000, 0x0000000800000000)
  eden space 116288K, 0% used [0x00000007aacb0000,0x00000007aacb0000,0x00000007b1e40000)
  from space 18432K, 99% used [0x00000007b3900000,0x00000007b4afc430,0x00000007b4b00000)
  to   space 21824K, 0% used [0x00000007b2060000,0x00000007b2060000,0x00000007b35b0000)
 ParOldGen       total 100736K, used 30427K [0x0000000700600000, 0x0000000706860000, 0x00000007aacb0000)
  object space 100736K, 30% used [0x0000000700600000,0x00000007023b6f58,0x0000000706860000)
 PSPermGen       total 35712K, used 17753K [0x00000006fb400000, 0x00000006fd6e0000, 0x0000000700600000)
  object space 35712K, 49% used [0x00000006fb400000,0x00000006fc556738,0x00000006fd6e0000)
}
Event: 42.148 GC heap before
{Heap before GC invocations=30 (full 1):
 PSYoungGen      total 134720K, used 133992K [0x00000007aacb0000, 0x00000007b4b00000, 0x0000000800000000)
  eden space 116288K, 99% used [0x00000007aacb0000,0x00000007b1d8de58,0x00000007b1e40000)
  from space 18432K, 99% used [0x00000007b3900000,0x00000007b4afc430,0x00000007b4b00000)
  to   space 21824K, 0% used [0x00000007b2060000,0x00000007b2060000,0x00000007b35b0000)
 ParOldGen       total 100736K, used 30427K [0x0000000700600000, 0x0000000706860000, 0x00000007aacb0000)
  object space 100736K, 30% used [0x0000000700600000,0x00000007023b6f58,0x0000000706860000)
 PSPermGen       total 35712K, used 17754K [0x00000006fb400000, 0x00000006fd6e0000, 0x0000000700600000)
  object space 35712K, 49% used [0x00000006fb400000,0x00000006fc556998,0x00000006fd6e0000)
Event: 42.151 GC heap after
Heap after GC invocations=30 (full 1):
 PSYoungGen      total 131008K, used 18417K [0x00000007aacb0000, 0x00000007b44a0000, 0x0000000800000000)
  eden space 112576K, 0% used [0x00000007aacb0000,0x00000007aacb0000,0x00000007b1aa0000)
  from space 18432K, 99% used [0x00000007b2060000,0x00000007b325c430,0x00000007b3260000)
  to   space 18688K, 0% used [0x00000007b3260000,0x00000007b3260000,0x00000007b44a0000)
 ParOldGen       total 100736K, used 30427K [0x0000000700600000, 0x0000000706860000, 0x00000007aacb0000)
  object space 100736K, 30% used [0x0000000700600000,0x00000007023b6f58,0x0000000706860000)
 PSPermGen       total 35712K, used 17754K [0x00000006fb400000, 0x00000006fd6e0000, 0x0000000700600000)
  object space 35712K, 49% used [0x00000006fb400000,0x00000006fc556998,0x00000006fd6e0000)
}
Event: 42.503 GC heap before
{Heap before GC invocations=31 (full 1):
 PSYoungGen      total 131008K, used 127801K [0x00000007aacb0000, 0x00000007b44a0000, 0x0000000800000000)
  eden space 112576K, 97% used [0x00000007aacb0000,0x00000007b17823b0,0x00000007b1aa0000)
  from space 18432K, 99% used [0x00000007b2060000,0x00000007b325c430,0x00000007b3260000)
  to   space 18688K, 0% used [0x00000007b3260000,0x00000007b3260000,0x00000007b44a0000)
 ParOldGen       total 100736K, used 30427K [0x0000000700600000, 0x0000000706860000, 0x00000007aacb0000)
  object space 100736K, 30% used [0x0000000700600000,0x00000007023b6f58,0x0000000706860000)
 PSPermGen       total 35712K, used 17754K [0x00000006fb400000, 0x00000006fd6e0000, 0x0000000700600000)
  object space 35712K, 49% used [0x00000006fb400000,0x00000006fc556998,0x00000006fd6e0000)
Event: 42.505 GC heap after
Heap after GC invocations=31 (full 1):
 PSYoungGen      total 127552K, used 18449K [0x00000007aacb0000, 0x00000007b4470000, 0x0000000800000000)
  eden space 109056K, 0% used [0x00000007aacb0000,0x00000007aacb0000,0x00000007b1730000)
  from space 18496K, 99% used [0x00000007b3260000,0x00000007b4464430,0x00000007b4470000)
  to   space 21248K, 0% used [0x00000007b1af0000,0x00000007b1af0000,0x00000007b2fb0000)
 ParOldGen       total 100736K, used 30427K [0x0000000700600000, 0x0000000706860000, 0x00000007aacb0000)
  object space 100736K, 30% used [0x0000000700600000,0x00000007023b6f58,0x0000000706860000)
 PSPermGen       total 35712K, used 17754K [0x00000006fb400000, 0x00000006fd6e0000, 0x0000000700600000)
  object space 35712K, 49% used [0x00000006fb400000,0x00000006fc556998,0x00000006fd6e0000)
}
Event: 42.801 GC heap before
{Heap before GC invocations=32 (full 1):
 PSYoungGen      total 127552K, used 121749K [0x00000007aacb0000, 0x00000007b4470000, 0x0000000800000000)
  eden space 109056K, 94% used [0x00000007aacb0000,0x00000007b11911d0,0x00000007b1730000)
  from space 18496K, 99% used [0x00000007b3260000,0x00000007b4464430,0x00000007b4470000)
  to   space 21248K, 0% used [0x00000007b1af0000,0x00000007b1af0000,0x00000007b2fb0000)
 ParOldGen       total 100736K, used 30427K [0x0000000700600000, 0x0000000706860000, 0x00000007aacb0000)
  object space 100736K, 30% used [0x0000000700600000,0x00000007023b6f58,0x0000000706860000)
 PSPermGen       total 35712K, used 17754K [0x00000006fb400000, 0x00000006fd6e0000, 0x0000000700600000)
  object space 35712K, 49% used [0x00000006fb400000,0x00000006fc556998,0x00000006fd6e0000)
Event: 42.803 GC heap after
Heap after GC invocations=32 (full 1):
 PSYoungGen      total 124096K, used 18385K [0x00000007aacb0000, 0x00000007b3ce0000, 0x0000000800000000)
  eden space 105664K, 0% used [0x00000007aacb0000,0x00000007aacb0000,0x00000007b13e0000)
  from space 18432K, 99% used [0x00000007b1af0000,0x00000007b2ce4430,0x00000007b2cf0000)
  to   space 16320K, 0% used [0x00000007b2cf0000,0x00000007b2cf0000,0x00000007b3ce0000)
 ParOldGen       total 100736K, used 30459K [0x0000000700600000, 0x0000000706860000, 0x00000007aacb0000)
  object space 100736K, 30% used [0x0000000700600000,0x00000007023bef58,0x0000000706860000)
 PSPermGen       total 35712K, used 17754K [0x00000006fb400000, 0x00000006fd6e0000, 0x0000000700600000)
  object space 35712K, 49% used [0x00000006fb400000,0x00000006fc556998,0x00000006fd6e0000)
}

