# JRE version: 7.0_07-b11
# Java VM: Java HotSpot(TM) 64-Bit Server VM (23.3-b01 mixed mode windows-amd64 compressed oops)
Heap
 PSYoungGen      total 180928K, used 95878K [0x00000007aacb0000, 0x00000007b85d0000, 0x0000000800000000)
  eden space 145408K, 65% used [0x00000007aacb0000,0x00000007b0993268,0x00000007b3ab0000)
  from space 35520K, 2% used [0x00000007b6320000,0x00000007b63de930,0x00000007b85d0000)
  to   space 38464K, 0% used [0x00000007b3ab0000,0x00000007b3ab0000,0x00000007b6040000)
 ParOldGen       total 194048K, used 115854K [0x0000000700600000, 0x000000070c380000, 0x00000007aacb0000)
  object space 194048K, 59% used [0x0000000700600000,0x0000000707723878,0x000000070c380000)
 PSPermGen       total 40448K, used 17969K [0x00000006fb400000, 0x00000006fdb80000, 0x0000000700600000)
  object space 40448K, 44% used [0x00000006fb400000,0x00000006fc58c7f8,0x00000006fdb80000)
GC Heap History (10 events):
Event: 6.727 GC heap before
{Heap before GC invocations=6 (full 1):
 PSYoungGen      total 76352K, used 73845K [0x00000007aacb0000, 0x00000007b7270000, 0x0000000800000000)
  eden space 65472K, 100% used [0x00000007aacb0000,0x00000007aeca0000,0x00000007aeca0000)
  from space 10880K, 76% used [0x00000007aeca0000,0x00000007af4cd410,0x00000007af740000)
  to   space 35776K, 0% used [0x00000007b4f80000,0x00000007b4f80000,0x00000007b7270000)
 ParOldGen       total 270016K, used 269154K [0x0000000700600000, 0x0000000710db0000, 0x00000007aacb0000)
  object space 270016K, 99% used [0x0000000700600000,0x0000000710cd8b68,0x0000000710db0000)
 PSPermGen       total 21248K, used 17951K [0x00000006fb400000, 0x00000006fc8c0000, 0x0000000700600000)
  object space 21248K, 84% used [0x00000006fb400000,0x00000006fc587fd0,0x00000006fc8c0000)
Event: 6.774 GC heap after
Heap after GC invocations=6 (full 1):
 PSYoungGen      total 76352K, used 0K [0x00000007aacb0000, 0x00000007b7270000, 0x0000000800000000)
  eden space 65472K, 0% used [0x00000007aacb0000,0x00000007aacb0000,0x00000007aeca0000)
  from space 10880K, 0% used [0x00000007aeca0000,0x00000007aeca0000,0x00000007af740000)
  to   space 35776K, 0% used [0x00000007b4f80000,0x00000007b4f80000,0x00000007b7270000)
 ParOldGen       total 141888K, used 29105K [0x0000000700600000, 0x0000000709090000, 0x00000007aacb0000)
  object space 141888K, 20% used [0x0000000700600000,0x000000070226c648,0x0000000709090000)
 PSPermGen       total 36160K, used 17945K [0x00000006fb400000, 0x00000006fd750000, 0x0000000700600000)
  object space 36160K, 49% used [0x00000006fb400000,0x00000006fc586578,0x00000006fd750000)
}
Event: 6.914 GC heap before
{Heap before GC invocations=7 (full 1):
 PSYoungGen      total 76352K, used 63862K [0x00000007aacb0000, 0x00000007b7270000, 0x0000000800000000)
  eden space 65472K, 97% used [0x00000007aacb0000,0x00000007aeb0d9c8,0x00000007aeca0000)
  from space 10880K, 0% used [0x00000007aeca0000,0x00000007aeca0000,0x00000007af740000)
  to   space 35776K, 0% used [0x00000007b4f80000,0x00000007b4f80000,0x00000007b7270000)
 ParOldGen       total 141888K, used 41255K [0x0000000700600000, 0x0000000709090000, 0x00000007aacb0000)
  object space 141888K, 29% used [0x0000000700600000,0x0000000702e49e68,0x0000000709090000)
 PSPermGen       total 36160K, used 17948K [0x00000006fb400000, 0x00000006fd750000, 0x0000000700600000)
  object space 36160K, 49% used [0x00000006fb400000,0x00000006fc587018,0x00000006fd750000)
Event: 6.918 GC heap after
Heap after GC invocations=7 (full 1):
 PSYoungGen      total 121408K, used 10981K [0x00000007aacb0000, 0x00000007b5a40000, 0x0000000800000000)
  eden space 110400K, 0% used [0x00000007aacb0000,0x00000007aacb0000,0x00000007b1880000)
  from space 11008K, 99% used [0x00000007b4f80000,0x00000007b5a397a0,0x00000007b5a40000)
  to   space 33024K, 0% used [0x00000007b19c0000,0x00000007b19c0000,0x00000007b3a00000)
 ParOldGen       total 141888K, used 41255K [0x0000000700600000, 0x0000000709090000, 0x00000007aacb0000)
  object space 141888K, 29% used [0x0000000700600000,0x0000000702e49e68,0x0000000709090000)
 PSPermGen       total 36160K, used 17948K [0x00000006fb400000, 0x00000006fd750000, 0x0000000700600000)
  object space 36160K, 49% used [0x00000006fb400000,0x00000006fc587018,0x00000006fd750000)
}
Event: 7.428 GC heap before
{Heap before GC invocations=8 (full 2):
 PSYoungGen      total 121408K, used 121381K [0x00000007aacb0000, 0x00000007b5a40000, 0x0000000800000000)
  eden space 110400K, 100% used [0x00000007aacb0000,0x00000007b1880000,0x00000007b1880000)
  from space 11008K, 99% used [0x00000007b4f80000,0x00000007b5a397a0,0x00000007b5a40000)
  to   space 33024K, 0% used [0x00000007b19c0000,0x00000007b19c0000,0x00000007b3a00000)
 ParOldGen       total 200896K, used 198829K [0x0000000700600000, 0x000000070ca30000, 0x00000007aacb0000)
  object space 200896K, 98% used [0x0000000700600000,0x000000070c82b490,0x000000070ca30000)
 PSPermGen       total 36160K, used 17952K [0x00000006fb400000, 0x00000006fd750000, 0x0000000700600000)
  object space 36160K, 49% used [0x00000006fb400000,0x00000006fc588020,0x00000006fd750000)
Event: 7.453 GC heap after
Heap after GC invocations=8 (full 2):
 PSYoungGen      total 121408K, used 0K [0x00000007aacb0000, 0x00000007b5a40000, 0x0000000800000000)
  eden space 110400K, 0% used [0x00000007aacb0000,0x00000007aacb0000,0x00000007b1880000)
  from space 11008K, 0% used [0x00000007b4f80000,0x00000007b4f80000,0x00000007b5a40000)
  to   space 33024K, 0% used [0x00000007b19c0000,0x00000007b19c0000,0x00000007b3a00000)
 ParOldGen       total 194048K, used 29114K [0x0000000700600000, 0x000000070c380000, 0x00000007aacb0000)
  object space 194048K, 15% used [0x0000000700600000,0x000000070226ea88,0x000000070c380000)
 PSPermGen       total 40448K, used 17951K [0x00000006fb400000, 0x00000006fdb80000, 0x0000000700600000)
  object space 40448K, 44% used [0x00000006fb400000,0x00000006fc587fe0,0x00000006fdb80000)
}
Event: 7.679 GC heap before
{Heap before GC invocations=9 (full 2):
 PSYoungGen      total 121408K, used 110364K [0x00000007aacb0000, 0x00000007b5a40000, 0x0000000800000000)
  eden space 110400K, 99% used [0x00000007aacb0000,0x00000007b18770f0,0x00000007b1880000)
  from space 11008K, 0% used [0x00000007b4f80000,0x00000007b4f80000,0x00000007b5a40000)
  to   space 33024K, 0% used [0x00000007b19c0000,0x00000007b19c0000,0x00000007b3a00000)
 ParOldGen       total 194048K, used 35358K [0x0000000700600000, 0x000000070c380000, 0x00000007aacb0000)
  object space 194048K, 18% used [0x0000000700600000,0x00000007028879a8,0x000000070c380000)
 PSPermGen       total 40448K, used 17952K [0x00000006fb400000, 0x00000006fdb80000, 0x0000000700600000)
  object space 40448K, 44% used [0x00000006fb400000,0x00000006fc5882b0,0x00000006fdb80000)
Event: 7.686 GC heap after
Heap after GC invocations=9 (full 2):
 PSYoungGen      total 144704K, used 29270K [0x00000007aacb0000, 0x00000007b8870000, 0x0000000800000000)
  eden space 111680K, 0% used [0x00000007aacb0000,0x00000007aacb0000,0x00000007b19c0000)
  from space 33024K, 88% used [0x00000007b19c0000,0x00000007b3655bd0,0x00000007b3a00000)
  to   space 38208K, 0% used [0x00000007b6320000,0x00000007b6320000,0x00000007b8870000)
 ParOldGen       total 194048K, used 35358K [0x0000000700600000, 0x000000070c380000, 0x00000007aacb0000)
  object space 194048K, 18% used [0x0000000700600000,0x00000007028879a8,0x000000070c380000)
 PSPermGen       total 40448K, used 17952K [0x00000006fb400000, 0x00000006fdb80000, 0x0000000700600000)
  object space 40448K, 44% used [0x00000006fb400000,0x00000006fc5882b0,0x00000006fdb80000)
}
Event: 8.053 GC heap before
{Heap before GC invocations=10 (full 2):
 PSYoungGen      total 144704K, used 140950K [0x00000007aacb0000, 0x00000007b8870000, 0x0000000800000000)
  eden space 111680K, 100% used [0x00000007aacb0000,0x00000007b19c0000,0x00000007b19c0000)
  from space 33024K, 88% used [0x00000007b19c0000,0x00000007b3655bd0,0x00000007b3a00000)
  to   space 38208K, 0% used [0x00000007b6320000,0x00000007b6320000,0x00000007b8870000)
 ParOldGen       total 194048K, used 115854K [0x0000000700600000, 0x000000070c380000, 0x00000007aacb0000)
  object space 194048K, 59% used [0x0000000700600000,0x0000000707723878,0x000000070c380000)
 PSPermGen       total 40448K, used 17955K [0x00000006fb400000, 0x00000006fdb80000, 0x0000000700600000)
  object space 40448K, 44% used [0x00000006fb400000,0x00000006fc588cb8,0x00000006fdb80000)
Event: 8.054 GC heap after
Heap after GC invocations=10 (full 2):
 PSYoungGen      total 180928K, used 762K [0x00000007aacb0000, 0x00000007b85d0000, 0x0000000800000000)
  eden space 145408K, 0% used [0x00000007aacb0000,0x00000007aacb0000,0x00000007b3ab0000)
  from space 35520K, 2% used [0x00000007b6320000,0x00000007b63de930,0x00000007b85d0000)
  to   space 38464K, 0% used [0x00000007b3ab0000,0x00000007b3ab0000,0x00000007b6040000)
 ParOldGen       total 194048K, used 115854K [0x0000000700600000, 0x000000070c380000, 0x00000007aacb0000)
  object space 194048K, 59% used [0x0000000700600000,0x0000000707723878,0x000000070c380000)
 PSPermGen       total 40448K, used 17955K [0x00000006fb400000, 0x00000006fdb80000, 0x0000000700600000)
  object space 40448K, 44% used [0x00000006fb400000,0x00000006fc588cb8,0x00000006fdb80000)
}

