# JRE version: 7.0_07-b11
# Java VM: Java HotSpot(TM) 64-Bit Server VM (23.3-b01 mixed mode windows-amd64 compressed oops)
Heap
 PSYoungGen      total 272576K, used 196746K [0x00000007aacb0000, 0x00000007bd650000, 0x0000000800000000)
  eden space 256512K, 70% used [0x00000007aacb0000,0x00000007b5d28428,0x00000007ba730000)
  from space 16064K, 99% used [0x00000007bbc20000,0x00000007bcbca698,0x00000007bcbd0000)
  to   space 21440K, 0% used [0x00000007ba730000,0x00000007ba730000,0x00000007bbc20000)
 ParOldGen       total 174528K, used 67035K [0x0000000700600000, 0x000000070b070000, 0x00000007aacb0000)
  object space 174528K, 38% used [0x0000000700600000,0x0000000704776d08,0x000000070b070000)
 PSPermGen       total 21248K, used 17678K [0x00000006fb400000, 0x00000006fc8c0000, 0x0000000700600000)
  object space 21248K, 83% used [0x00000006fb400000,0x00000006fc543a98,0x00000006fc8c0000)
GC Heap History (10 events):
Event: 4.921 GC heap before
{Heap before GC invocations=2 (full 0):
 PSYoungGen      total 76352K, used 73570K [0x00000007aacb0000, 0x00000007b01e0000, 0x0000000800000000)
  eden space 65472K, 95% used [0x00000007aacb0000,0x00000007ae9e8ef8,0x00000007aeca0000)
  from space 10880K, 99% used [0x00000007aeca0000,0x00000007af73fad8,0x00000007af740000)
  to   space 10880K, 0% used [0x00000007af740000,0x00000007af740000,0x00000007b01e0000)
 ParOldGen       total 174528K, used 5309K [0x0000000700600000, 0x000000070b070000, 0x00000007aacb0000)
  object space 174528K, 3% used [0x0000000700600000,0x0000000700b2f408,0x000000070b070000)
 PSPermGen       total 21248K, used 17596K [0x00000006fb400000, 0x00000006fc8c0000, 0x0000000700600000)
  object space 21248K, 82% used [0x00000006fb400000,0x00000006fc52f210,0x00000006fc8c0000)
Event: 4.929 GC heap after
Heap after GC invocations=2 (full 0):
 PSYoungGen      total 76352K, used 10145K [0x00000007aacb0000, 0x00000007b01e0000, 0x0000000800000000)
  eden space 65472K, 0% used [0x00000007aacb0000,0x00000007aacb0000,0x00000007aeca0000)
  from space 10880K, 93% used [0x00000007af740000,0x00000007b0128408,0x00000007b01e0000)
  to   space 10880K, 0% used [0x00000007aeca0000,0x00000007aeca0000,0x00000007af740000)
 ParOldGen       total 174528K, used 24438K [0x0000000700600000, 0x000000070b070000, 0x00000007aacb0000)
  object space 174528K, 14% used [0x0000000700600000,0x0000000701ddd898,0x000000070b070000)
 PSPermGen       total 21248K, used 17596K [0x00000006fb400000, 0x00000006fc8c0000, 0x0000000700600000)
  object space 21248K, 82% used [0x00000006fb400000,0x00000006fc52f210,0x00000006fc8c0000)
}
Event: 5.288 GC heap before
{Heap before GC invocations=3 (full 0):
 PSYoungGen      total 76352K, used 73319K [0x00000007aacb0000, 0x00000007b01e0000, 0x0000000800000000)
  eden space 65472K, 96% used [0x00000007aacb0000,0x00000007aea61a78,0x00000007aeca0000)
  from space 10880K, 93% used [0x00000007af740000,0x00000007b0128408,0x00000007b01e0000)
  to   space 10880K, 0% used [0x00000007aeca0000,0x00000007aeca0000,0x00000007af740000)
 ParOldGen       total 174528K, used 24438K [0x0000000700600000, 0x000000070b070000, 0x00000007aacb0000)
  object space 174528K, 14% used [0x0000000700600000,0x0000000701ddd898,0x000000070b070000)
 PSPermGen       total 21248K, used 17598K [0x00000006fb400000, 0x00000006fc8c0000, 0x0000000700600000)
  object space 21248K, 82% used [0x00000006fb400000,0x00000006fc52fba0,0x00000006fc8c0000)
Event: 5.303 GC heap after
Heap after GC invocations=3 (full 0):
 PSYoungGen      total 76352K, used 10046K [0x00000007aacb0000, 0x00000007b41d0000, 0x0000000800000000)
  eden space 65472K, 0% used [0x00000007aacb0000,0x00000007aacb0000,0x00000007aeca0000)
  from space 10880K, 92% used [0x00000007aeca0000,0x00000007af66fa78,0x00000007af740000)
  to   space 10880K, 0% used [0x00000007b3730000,0x00000007b3730000,0x00000007b41d0000)
 ParOldGen       total 174528K, used 36588K [0x0000000700600000, 0x000000070b070000, 0x00000007aacb0000)
  object space 174528K, 20% used [0x0000000700600000,0x00000007029bb0b8,0x000000070b070000)
 PSPermGen       total 21248K, used 17598K [0x00000006fb400000, 0x00000006fc8c0000, 0x0000000700600000)
  object space 21248K, 82% used [0x00000006fb400000,0x00000006fc52fba0,0x00000006fc8c0000)
}
Event: 5.681 GC heap before
{Heap before GC invocations=4 (full 0):
 PSYoungGen      total 76352K, used 72390K [0x00000007aacb0000, 0x00000007b41d0000, 0x0000000800000000)
  eden space 65472K, 95% used [0x00000007aacb0000,0x00000007ae991f00,0x00000007aeca0000)
  from space 10880K, 92% used [0x00000007aeca0000,0x00000007af66fa78,0x00000007af740000)
  to   space 10880K, 0% used [0x00000007b3730000,0x00000007b3730000,0x00000007b41d0000)
 ParOldGen       total 174528K, used 36588K [0x0000000700600000, 0x000000070b070000, 0x00000007aacb0000)
  object space 174528K, 20% used [0x0000000700600000,0x00000007029bb0b8,0x000000070b070000)
 PSPermGen       total 21248K, used 17645K [0x00000006fb400000, 0x00000006fc8c0000, 0x0000000700600000)
  object space 21248K, 83% used [0x00000006fb400000,0x00000006fc53b640,0x00000006fc8c0000)
Event: 5.687 GC heap after
Heap after GC invocations=4 (full 0):
 PSYoungGen      total 141824K, used 10211K [0x00000007aacb0000, 0x00000007b41d0000, 0x0000000800000000)
  eden space 130944K, 0% used [0x00000007aacb0000,0x00000007aacb0000,0x00000007b2c90000)
  from space 10880K, 93% used [0x00000007b3730000,0x00000007b4128db8,0x00000007b41d0000)
  to   space 10880K, 0% used [0x00000007b2c90000,0x00000007b2c90000,0x00000007b3730000)
 ParOldGen       total 174528K, used 48738K [0x0000000700600000, 0x000000070b070000, 0x00000007aacb0000)
  object space 174528K, 27% used [0x0000000700600000,0x00000007035988d8,0x000000070b070000)
 PSPermGen       total 21248K, used 17645K [0x00000006fb400000, 0x00000006fc8c0000, 0x0000000700600000)
  object space 21248K, 83% used [0x00000006fb400000,0x00000006fc53b640,0x00000006fc8c0000)
}
Event: 7.009 GC heap before
{Heap before GC invocations=5 (full 0):
 PSYoungGen      total 141824K, used 139502K [0x00000007aacb0000, 0x00000007b41d0000, 0x0000000800000000)
  eden space 130944K, 98% used [0x00000007aacb0000,0x00000007b2af2bd8,0x00000007b2c90000)
  from space 10880K, 93% used [0x00000007b3730000,0x00000007b4128db8,0x00000007b41d0000)
  to   space 10880K, 0% used [0x00000007b2c90000,0x00000007b2c90000,0x00000007b3730000)
 ParOldGen       total 174528K, used 48738K [0x0000000700600000, 0x000000070b070000, 0x00000007aacb0000)
  object space 174528K, 27% used [0x0000000700600000,0x00000007035988d8,0x000000070b070000)
 PSPermGen       total 21248K, used 17648K [0x00000006fb400000, 0x00000006fc8c0000, 0x0000000700600000)
  object space 21248K, 83% used [0x00000006fb400000,0x00000006fc53c3a8,0x00000006fc8c0000)
Event: 7.018 GC heap after
Heap after GC invocations=5 (full 0):
 PSYoungGen      total 141824K, used 10046K [0x00000007aacb0000, 0x00000007bcbd0000, 0x0000000800000000)
  eden space 130944K, 0% used [0x00000007aacb0000,0x00000007aacb0000,0x00000007b2c90000)
  from space 10880K, 92% used [0x00000007b2c90000,0x00000007b365fa78,0x00000007b3730000)
  to   space 16064K, 0% used [0x00000007bbc20000,0x00000007bbc20000,0x00000007bcbd0000)
 ParOldGen       total 174528K, used 60888K [0x0000000700600000, 0x000000070b070000, 0x00000007aacb0000)
  object space 174528K, 34% used [0x0000000700600000,0x00000007041760f8,0x000000070b070000)
 PSPermGen       total 21248K, used 17648K [0x00000006fb400000, 0x00000006fc8c0000, 0x0000000700600000)
  object space 21248K, 83% used [0x00000006fb400000,0x00000006fc53c3a8,0x00000006fc8c0000)
}
Event: 7.782 GC heap before
{Heap before GC invocations=6 (full 0):
 PSYoungGen      total 141824K, used 138749K [0x00000007aacb0000, 0x00000007bcbd0000, 0x0000000800000000)
  eden space 130944K, 98% used [0x00000007aacb0000,0x00000007b2a5fae0,0x00000007b2c90000)
  from space 10880K, 92% used [0x00000007b2c90000,0x00000007b365fa78,0x00000007b3730000)
  to   space 16064K, 0% used [0x00000007bbc20000,0x00000007bbc20000,0x00000007bcbd0000)
 ParOldGen       total 174528K, used 60888K [0x0000000700600000, 0x000000070b070000, 0x00000007aacb0000)
  object space 174528K, 34% used [0x0000000700600000,0x00000007041760f8,0x000000070b070000)
 PSPermGen       total 21248K, used 17651K [0x00000006fb400000, 0x00000006fc8c0000, 0x0000000700600000)
  object space 21248K, 83% used [0x00000006fb400000,0x00000006fc53cee0,0x00000006fc8c0000)
Event: 7.788 GC heap after
Heap after GC invocations=6 (full 0):
 PSYoungGen      total 272576K, used 16041K [0x00000007aacb0000, 0x00000007bd650000, 0x0000000800000000)
  eden space 256512K, 0% used [0x00000007aacb0000,0x00000007aacb0000,0x00000007ba730000)
  from space 16064K, 99% used [0x00000007bbc20000,0x00000007bcbca698,0x00000007bcbd0000)
  to   space 21440K, 0% used [0x00000007ba730000,0x00000007ba730000,0x00000007bbc20000)
 ParOldGen       total 174528K, used 67035K [0x0000000700600000, 0x000000070b070000, 0x00000007aacb0000)
  object space 174528K, 38% used [0x0000000700600000,0x0000000704776d08,0x000000070b070000)
 PSPermGen       total 21248K, used 17651K [0x00000006fb400000, 0x00000006fc8c0000, 0x0000000700600000)
  object space 21248K, 83% used [0x00000006fb400000,0x00000006fc53cee0,0x00000006fc8c0000)
}

