# JRE version: 7.0_07-b11
# Java VM: Java HotSpot(TM) 64-Bit Server VM (23.3-b01 mixed mode windows-amd64 compressed oops)
Heap
 PSYoungGen      total 552576K, used 146183K [0x00000007aacb0000, 0x00000007db6f0000, 0x0000000800000000)
  eden space 522624K, 22% used [0x00000007aacb0000,0x00000007b1f04760,0x00000007cab10000)
  from space 29952K, 97% used [0x00000007cab10000,0x00000007cc77d4e0,0x00000007cc850000)
  to   space 30912K, 0% used [0x00000007d98c0000,0x00000007d98c0000,0x00000007db6f0000)
 ParOldGen       total 126720K, used 62887K [0x0000000700600000, 0x00000007081c0000, 0x00000007aacb0000)
  object space 126720K, 49% used [0x0000000700600000,0x0000000704369eb0,0x00000007081c0000)
 PSPermGen       total 36608K, used 18041K [0x00000006fb400000, 0x00000006fd7c0000, 0x0000000700600000)
  object space 36608K, 49% used [0x00000006fb400000,0x00000006fc59e630,0x00000006fd7c0000)
GC Heap History (10 events):
Event: 4.073 GC heap before
{Heap before GC invocations=6 (full 0):
 PSYoungGen      total 141824K, used 137591K [0x00000007aacb0000, 0x00000007be370000, 0x0000000800000000)
  eden space 130944K, 96% used [0x00000007aacb0000,0x00000007b286efd8,0x00000007b2c90000)
  from space 10880K, 99% used [0x00000007b2c90000,0x00000007b372efd0,0x00000007b3730000)
  to   space 28160K, 0% used [0x00000007bc7f0000,0x00000007bc7f0000,0x00000007be370000)
 ParOldGen       total 174528K, used 69673K [0x0000000700600000, 0x000000070b070000, 0x00000007aacb0000)
  object space 174528K, 39% used [0x0000000700600000,0x0000000704a0a438,0x000000070b070000)
 PSPermGen       total 21248K, used 17744K [0x00000006fb400000, 0x00000006fc8c0000, 0x0000000700600000)
  object space 21248K, 83% used [0x00000006fb400000,0x00000006fc5543b8,0x00000006fc8c0000)
Event: 4.082 GC heap after
Heap after GC invocations=6 (full 0):
 PSYoungGen      total 289280K, used 24303K [0x00000007aacb0000, 0x00000007be2b0000, 0x0000000800000000)
  eden space 261888K, 0% used [0x00000007aacb0000,0x00000007aacb0000,0x00000007bac70000)
  from space 27392K, 88% used [0x00000007bc7f0000,0x00000007bdfabcf0,0x00000007be2b0000)
  to   space 27776K, 0% used [0x00000007bac70000,0x00000007bac70000,0x00000007bc790000)
 ParOldGen       total 174528K, used 75756K [0x0000000700600000, 0x000000070b070000, 0x00000007aacb0000)
  object space 174528K, 43% used [0x0000000700600000,0x0000000704ffb048,0x000000070b070000)
 PSPermGen       total 21248K, used 17744K [0x00000006fb400000, 0x00000006fc8c0000, 0x0000000700600000)
  object space 21248K, 83% used [0x00000006fb400000,0x00000006fc5543b8,0x00000006fc8c0000)
}
Event: 4.890 GC heap before
{Heap before GC invocations=7 (full 0):
 PSYoungGen      total 289280K, used 281274K [0x00000007aacb0000, 0x00000007be2b0000, 0x0000000800000000)
  eden space 261888K, 98% used [0x00000007aacb0000,0x00000007ba7a2bc0,0x00000007bac70000)
  from space 27392K, 88% used [0x00000007bc7f0000,0x00000007bdfabcf0,0x00000007be2b0000)
  to   space 27776K, 0% used [0x00000007bac70000,0x00000007bac70000,0x00000007bc790000)
 ParOldGen       total 174528K, used 75756K [0x0000000700600000, 0x000000070b070000, 0x00000007aacb0000)
  object space 174528K, 43% used [0x0000000700600000,0x0000000704ffb048,0x000000070b070000)
 PSPermGen       total 21248K, used 18019K [0x00000006fb400000, 0x00000006fc8c0000, 0x0000000700600000)
  object space 21248K, 84% used [0x00000006fb400000,0x00000006fc598ee8,0x00000006fc8c0000)
Event: 4.906 GC heap after
Heap after GC invocations=7 (full 0):
 PSYoungGen      total 289664K, used 27694K [0x00000007aacb0000, 0x00000007ce470000, 0x0000000800000000)
  eden space 261888K, 0% used [0x00000007aacb0000,0x00000007aacb0000,0x00000007bac70000)
  from space 27776K, 99% used [0x00000007bac70000,0x00000007bc77bbb0,0x00000007bc790000)
  to   space 28800K, 0% used [0x00000007cc850000,0x00000007cc850000,0x00000007ce470000)
 ParOldGen       total 174528K, used 97567K [0x0000000700600000, 0x000000070b070000, 0x00000007aacb0000)
  object space 174528K, 55% used [0x0000000700600000,0x0000000706547cf0,0x000000070b070000)
 PSPermGen       total 21248K, used 18019K [0x00000006fb400000, 0x00000006fc8c0000, 0x0000000700600000)
  object space 21248K, 84% used [0x00000006fb400000,0x00000006fc598ee8,0x00000006fc8c0000)
}
Event: 5.399 GC heap before
{Heap before GC invocations=8 (full 0):
 PSYoungGen      total 289664K, used 288188K [0x00000007aacb0000, 0x00000007ce470000, 0x0000000800000000)
  eden space 261888K, 99% used [0x00000007aacb0000,0x00000007bab13528,0x00000007bac70000)
  from space 27776K, 99% used [0x00000007bac70000,0x00000007bc77bbb0,0x00000007bc790000)
  to   space 28800K, 0% used [0x00000007cc850000,0x00000007cc850000,0x00000007ce470000)
 ParOldGen       total 174528K, used 107059K [0x0000000700600000, 0x000000070b070000, 0x00000007aacb0000)
  object space 174528K, 61% used [0x0000000700600000,0x0000000706e8cdd0,0x000000070b070000)
 PSPermGen       total 21248K, used 18022K [0x00000006fb400000, 0x00000006fc8c0000, 0x0000000700600000)
  object space 21248K, 84% used [0x00000006fb400000,0x00000006fc599a90,0x00000006fc8c0000)
Event: 5.411 GC heap after
Heap after GC invocations=8 (full 0):
 PSYoungGen      total 551424K, used 28705K [0x00000007aacb0000, 0x00000007ce6b0000, 0x0000000800000000)
  eden space 522624K, 0% used [0x00000007aacb0000,0x00000007aacb0000,0x00000007cab10000)
  from space 28800K, 99% used [0x00000007cc850000,0x00000007ce4585b0,0x00000007ce470000)
  to   space 29952K, 0% used [0x00000007cab10000,0x00000007cab10000,0x00000007cc850000)
 ParOldGen       total 174528K, used 123480K [0x0000000700600000, 0x000000070b070000, 0x00000007aacb0000)
  object space 174528K, 70% used [0x0000000700600000,0x0000000707e962d0,0x000000070b070000)
 PSPermGen       total 21248K, used 18022K [0x00000006fb400000, 0x00000006fc8c0000, 0x0000000700600000)
  object space 21248K, 84% used [0x00000006fb400000,0x00000006fc599a90,0x00000006fc8c0000)
}
Event: 6.611 GC heap before
{Heap before GC invocations=9 (full 1):
 PSYoungGen      total 551424K, used 551329K [0x00000007aacb0000, 0x00000007ce6b0000, 0x0000000800000000)
  eden space 522624K, 100% used [0x00000007aacb0000,0x00000007cab10000,0x00000007cab10000)
  from space 28800K, 99% used [0x00000007cc850000,0x00000007ce4585b0,0x00000007ce470000)
  to   space 29952K, 0% used [0x00000007cab10000,0x00000007cab10000,0x00000007cc850000)
 ParOldGen       total 249152K, used 249116K [0x0000000700600000, 0x000000070f950000, 0x00000007aacb0000)
  object space 249152K, 99% used [0x0000000700600000,0x000000070f947330,0x000000070f950000)
 PSPermGen       total 21248K, used 18024K [0x00000006fb400000, 0x00000006fc8c0000, 0x0000000700600000)
  object space 21248K, 84% used [0x00000006fb400000,0x00000006fc59a310,0x00000006fc8c0000)
Event: 6.680 GC heap after
Heap after GC invocations=9 (full 1):
 PSYoungGen      total 551424K, used 0K [0x00000007aacb0000, 0x00000007ce6b0000, 0x0000000800000000)
  eden space 522624K, 0% used [0x00000007aacb0000,0x00000007aacb0000,0x00000007cab10000)
  from space 28800K, 0% used [0x00000007cc850000,0x00000007cc850000,0x00000007ce470000)
  to   space 29952K, 0% used [0x00000007cab10000,0x00000007cab10000,0x00000007cc850000)
 ParOldGen       total 126720K, used 20362K [0x0000000700600000, 0x00000007081c0000, 0x00000007aacb0000)
  object space 126720K, 16% used [0x0000000700600000,0x00000007019e2a40,0x00000007081c0000)
 PSPermGen       total 36608K, used 18018K [0x00000006fb400000, 0x00000006fd7c0000, 0x0000000700600000)
  object space 36608K, 49% used [0x00000006fb400000,0x00000006fc5988c8,0x00000006fd7c0000)
}
Event: 7.593 GC heap before
{Heap before GC invocations=10 (full 1):
 PSYoungGen      total 551424K, used 522372K [0x00000007aacb0000, 0x00000007ce6b0000, 0x0000000800000000)
  eden space 522624K, 99% used [0x00000007aacb0000,0x00000007caad1148,0x00000007cab10000)
  from space 28800K, 0% used [0x00000007cc850000,0x00000007cc850000,0x00000007ce470000)
  to   space 29952K, 0% used [0x00000007cab10000,0x00000007cab10000,0x00000007cc850000)
 ParOldGen       total 126720K, used 20362K [0x0000000700600000, 0x00000007081c0000, 0x00000007aacb0000)
  object space 126720K, 16% used [0x0000000700600000,0x00000007019e2a40,0x00000007081c0000)
 PSPermGen       total 36608K, used 18039K [0x00000006fb400000, 0x00000006fd7c0000, 0x0000000700600000)
  object space 36608K, 49% used [0x00000006fb400000,0x00000006fc59dfd8,0x00000006fd7c0000)
Event: 7.603 GC heap after
Heap after GC invocations=10 (full 1):
 PSYoungGen      total 552576K, used 29109K [0x00000007aacb0000, 0x00000007db6f0000, 0x0000000800000000)
  eden space 522624K, 0% used [0x00000007aacb0000,0x00000007aacb0000,0x00000007cab10000)
  from space 29952K, 97% used [0x00000007cab10000,0x00000007cc77d4e0,0x00000007cc850000)
  to   space 30912K, 0% used [0x00000007d98c0000,0x00000007d98c0000,0x00000007db6f0000)
 ParOldGen       total 126720K, used 62887K [0x0000000700600000, 0x00000007081c0000, 0x00000007aacb0000)
  object space 126720K, 49% used [0x0000000700600000,0x0000000704369eb0,0x00000007081c0000)
 PSPermGen       total 36608K, used 18039K [0x00000006fb400000, 0x00000006fd7c0000, 0x0000000700600000)
  object space 36608K, 49% used [0x00000006fb400000,0x00000006fc59dfd8,0x00000006fd7c0000)
}

