# JRE version: 7.0_07-b11
# Java VM: Java HotSpot(TM) 64-Bit Server VM (23.3-b01 mixed mode windows-amd64 compressed oops)
Heap
 PSYoungGen      total 245120K, used 93955K [0x00000007aacb0000, 0x00000007c00b0000, 0x0000000800000000)
  eden space 208448K, 27% used [0x00000007aacb0000,0x00000007ae4b0760,0x00000007b7840000)
  from space 36672K, 99% used [0x00000007bdce0000,0x00000007c00a0860,0x00000007c00b0000)
  to   space 50752K, 0% used [0x00000007b9d90000,0x00000007b9d90000,0x00000007bcf20000)
 ParOldGen       total 232512K, used 15075K [0x0000000700600000, 0x000000070e910000, 0x00000007aacb0000)
  object space 232512K, 6% used [0x0000000700600000,0x00000007014b8ed0,0x000000070e910000)
 PSPermGen       total 34944K, used 17724K [0x00000006fb400000, 0x00000006fd620000, 0x0000000700600000)
  object space 34944K, 50% used [0x00000006fb400000,0x00000006fc54f1c0,0x00000006fd620000)
GC Heap History (10 events):
Event: 12.232 GC heap before
{Heap before GC invocations=7 (full 2):
 PSYoungGen      total 141824K, used 128647K [0x00000007aacb0000, 0x00000007c0d50000, 0x0000000800000000)
  eden space 130944K, 98% used [0x00000007aacb0000,0x00000007b2a51e80,0x00000007b2c90000)
  from space 10880K, 0% used [0x00000007b2c90000,0x00000007b2c90000,0x00000007b3730000)
  to   space 49600K, 0% used [0x00000007bdce0000,0x00000007bdce0000,0x00000007c0d50000)
 ParOldGen       total 422656K, used 416654K [0x0000000700600000, 0x000000071a2c0000, 0x00000007aacb0000)
  object space 422656K, 98% used [0x0000000700600000,0x0000000719ce3ac8,0x000000071a2c0000)
 PSPermGen       total 35648K, used 17673K [0x00000006fb400000, 0x00000006fd6d0000, 0x0000000700600000)
  object space 35648K, 49% used [0x00000006fb400000,0x00000006fc542778,0x00000006fd6d0000)
Event: 12.275 GC heap after
Heap after GC invocations=7 (full 2):
 PSYoungGen      total 141824K, used 0K [0x00000007aacb0000, 0x00000007c0d50000, 0x0000000800000000)
  eden space 130944K, 0% used [0x00000007aacb0000,0x00000007aacb0000,0x00000007b2c90000)
  from space 10880K, 0% used [0x00000007b2c90000,0x00000007b2c90000,0x00000007b3730000)
  to   space 49600K, 0% used [0x00000007bdce0000,0x00000007bdce0000,0x00000007c0d50000)
 ParOldGen       total 168960K, used 21783K [0x0000000700600000, 0x000000070ab00000, 0x00000007aacb0000)
  object space 168960K, 12% used [0x0000000700600000,0x0000000701b45c68,0x000000070ab00000)
 PSPermGen       total 40320K, used 17673K [0x00000006fb400000, 0x00000006fdb60000, 0x0000000700600000)
  object space 40320K, 43% used [0x00000006fb400000,0x00000006fc542718,0x00000006fdb60000)
}
Event: 15.098 GC heap before
{Heap before GC invocations=8 (full 3):
 PSYoungGen      total 141824K, used 128392K [0x00000007aacb0000, 0x00000007c0d50000, 0x0000000800000000)
  eden space 130944K, 98% used [0x00000007aacb0000,0x00000007b2a12308,0x00000007b2c90000)
  from space 10880K, 0% used [0x00000007b2c90000,0x00000007b2c90000,0x00000007b3730000)
  to   space 49600K, 0% used [0x00000007bdce0000,0x00000007bdce0000,0x00000007c0d50000)
 ParOldGen       total 412160K, used 410584K [0x0000000700600000, 0x0000000719880000, 0x00000007aacb0000)
  object space 412160K, 99% used [0x0000000700600000,0x00000007196f6068,0x0000000719880000)
 PSPermGen       total 40320K, used 17677K [0x00000006fb400000, 0x00000006fdb60000, 0x0000000700600000)
  object space 40320K, 43% used [0x00000006fb400000,0x00000006fc5434c0,0x00000006fdb60000)
Event: 15.138 GC heap after
Heap after GC invocations=8 (full 3):
 PSYoungGen      total 141824K, used 0K [0x00000007aacb0000, 0x00000007c0d50000, 0x0000000800000000)
  eden space 130944K, 0% used [0x00000007aacb0000,0x00000007aacb0000,0x00000007b2c90000)
  from space 10880K, 0% used [0x00000007b2c90000,0x00000007b2c90000,0x00000007b3730000)
  to   space 49600K, 0% used [0x00000007bdce0000,0x00000007bdce0000,0x00000007c0d50000)
 ParOldGen       total 190144K, used 21147K [0x0000000700600000, 0x000000070bfb0000, 0x00000007aacb0000)
  object space 190144K, 11% used [0x0000000700600000,0x0000000701aa6ea0,0x000000070bfb0000)
 PSPermGen       total 38656K, used 17677K [0x00000006fb400000, 0x00000006fd9c0000, 0x0000000700600000)
  object space 38656K, 45% used [0x00000006fb400000,0x00000006fc5434c0,0x00000006fd9c0000)
}
Event: 17.931 GC heap before
{Heap before GC invocations=9 (full 4):
 PSYoungGen      total 141824K, used 128265K [0x00000007aacb0000, 0x00000007c0d50000, 0x0000000800000000)
  eden space 130944K, 97% used [0x00000007aacb0000,0x00000007b29f2500,0x00000007b2c90000)
  from space 10880K, 0% used [0x00000007b2c90000,0x00000007b2c90000,0x00000007b3730000)
  to   space 49600K, 0% used [0x00000007bdce0000,0x00000007bdce0000,0x00000007c0d50000)
 ParOldGen       total 415104K, used 409948K [0x0000000700600000, 0x0000000719b60000, 0x00000007aacb0000)
  object space 415104K, 98% used [0x0000000700600000,0x00000007196572a0,0x0000000719b60000)
 PSPermGen       total 38656K, used 17686K [0x00000006fb400000, 0x00000006fd9c0000, 0x0000000700600000)
  object space 38656K, 45% used [0x00000006fb400000,0x00000006fc545a30,0x00000006fd9c0000)
Event: 17.969 GC heap after
Heap after GC invocations=9 (full 4):
 PSYoungGen      total 141824K, used 0K [0x00000007aacb0000, 0x00000007c0d50000, 0x0000000800000000)
  eden space 130944K, 0% used [0x00000007aacb0000,0x00000007aacb0000,0x00000007b2c90000)
  from space 10880K, 0% used [0x00000007b2c90000,0x00000007b2c90000,0x00000007b3730000)
  to   space 49600K, 0% used [0x00000007bdce0000,0x00000007bdce0000,0x00000007c0d50000)
 ParOldGen       total 217024K, used 21150K [0x0000000700600000, 0x000000070d9f0000, 0x00000007aacb0000)
  object space 217024K, 9% used [0x0000000700600000,0x0000000701aa7890,0x000000070d9f0000)
 PSPermGen       total 36544K, used 17686K [0x00000006fb400000, 0x00000006fd7b0000, 0x0000000700600000)
  object space 36544K, 48% used [0x00000006fb400000,0x00000006fc545a30,0x00000006fd7b0000)
}
Event: 20.771 GC heap before
{Heap before GC invocations=10 (full 5):
 PSYoungGen      total 141824K, used 128161K [0x00000007aacb0000, 0x00000007c0d50000, 0x0000000800000000)
  eden space 130944K, 97% used [0x00000007aacb0000,0x00000007b29d86b8,0x00000007b2c90000)
  from space 10880K, 0% used [0x00000007b2c90000,0x00000007b2c90000,0x00000007b3730000)
  to   space 49600K, 0% used [0x00000007bdce0000,0x00000007bdce0000,0x00000007c0d50000)
 ParOldGen       total 405504K, used 403876K [0x0000000700600000, 0x0000000719200000, 0x00000007aacb0000)
  object space 405504K, 99% used [0x0000000700600000,0x0000000719069080,0x0000000719200000)
 PSPermGen       total 36544K, used 17700K [0x00000006fb400000, 0x00000006fd7b0000, 0x0000000700600000)
  object space 36544K, 48% used [0x00000006fb400000,0x00000006fc549238,0x00000006fd7b0000)
Event: 20.805 GC heap after
Heap after GC invocations=10 (full 5):
 PSYoungGen      total 141824K, used 0K [0x00000007aacb0000, 0x00000007c0d50000, 0x0000000800000000)
  eden space 130944K, 0% used [0x00000007aacb0000,0x00000007aacb0000,0x00000007b2c90000)
  from space 10880K, 0% used [0x00000007b2c90000,0x00000007b2c90000,0x00000007b3730000)
  to   space 49600K, 0% used [0x00000007bdce0000,0x00000007bdce0000,0x00000007c0d50000)
 ParOldGen       total 232512K, used 15075K [0x0000000700600000, 0x000000070e910000, 0x00000007aacb0000)
  object space 232512K, 6% used [0x0000000700600000,0x00000007014b8ed0,0x000000070e910000)
 PSPermGen       total 34944K, used 17700K [0x00000006fb400000, 0x00000006fd620000, 0x0000000700600000)
  object space 34944K, 50% used [0x00000006fb400000,0x00000006fc549238,0x00000006fd620000)
}
Event: 21.167 GC heap before
{Heap before GC invocations=11 (full 5):
 PSYoungGen      total 141824K, used 127714K [0x00000007aacb0000, 0x00000007c0d50000, 0x0000000800000000)
  eden space 130944K, 97% used [0x00000007aacb0000,0x00000007b29688c0,0x00000007b2c90000)
  from space 10880K, 0% used [0x00000007b2c90000,0x00000007b2c90000,0x00000007b3730000)
  to   space 49600K, 0% used [0x00000007bdce0000,0x00000007bdce0000,0x00000007c0d50000)
 ParOldGen       total 232512K, used 15075K [0x0000000700600000, 0x000000070e910000, 0x00000007aacb0000)
  object space 232512K, 6% used [0x0000000700600000,0x00000007014b8ed0,0x000000070e910000)
 PSPermGen       total 34944K, used 17700K [0x00000006fb400000, 0x00000006fd620000, 0x0000000700600000)
  object space 34944K, 50% used [0x00000006fb400000,0x00000006fc549238,0x00000006fd620000)
Event: 21.175 GC heap after
Heap after GC invocations=11 (full 5):
 PSYoungGen      total 245120K, used 36610K [0x00000007aacb0000, 0x00000007c00b0000, 0x0000000800000000)
  eden space 208448K, 0% used [0x00000007aacb0000,0x00000007aacb0000,0x00000007b7840000)
  from space 36672K, 99% used [0x00000007bdce0000,0x00000007c00a0860,0x00000007c00b0000)
  to   space 50752K, 0% used [0x00000007b9d90000,0x00000007b9d90000,0x00000007bcf20000)
 ParOldGen       total 232512K, used 15075K [0x0000000700600000, 0x000000070e910000, 0x00000007aacb0000)
  object space 232512K, 6% used [0x0000000700600000,0x00000007014b8ed0,0x000000070e910000)
 PSPermGen       total 34944K, used 17700K [0x00000006fb400000, 0x00000006fd620000, 0x0000000700600000)
  object space 34944K, 50% used [0x00000006fb400000,0x00000006fc549238,0x00000006fd620000)
}

