# JRE version: 7.0_07-b11
# Java VM: Java HotSpot(TM) 64-Bit Server VM (23.3-b01 mixed mode windows-amd64 compressed oops)
Heap
 PSYoungGen      total 551744K, used 378611K [0x00000007aacb0000, 0x00000007cf9b0000, 0x0000000800000000)
  eden space 515712K, 66% used [0x00000007aacb0000,0x00000007bfc3ce38,0x00000007ca450000)
  from space 36032K, 97% used [0x00000007ccc80000,0x00000007ceeb01c0,0x00000007cefb0000)
  to   space 41152K, 0% used [0x00000007ca450000,0x00000007ca450000,0x00000007ccc80000)
 ParOldGen       total 174528K, used 66021K [0x0000000700600000, 0x000000070b070000, 0x00000007aacb0000)
  object space 174528K, 37% used [0x0000000700600000,0x0000000704679648,0x000000070b070000)
 PSPermGen       total 21248K, used 17892K [0x00000006fb400000, 0x00000006fc8c0000, 0x0000000700600000)
  object space 21248K, 84% used [0x00000006fb400000,0x00000006fc5790c0,0x00000006fc8c0000)
GC Heap History (10 events):
Event: 5.518 GC heap before
{Heap before GC invocations=4 (full 0):
 PSYoungGen      total 76352K, used 72907K [0x00000007aacb0000, 0x00000007b41d0000, 0x0000000800000000)
  eden space 65472K, 94% used [0x00000007aacb0000,0x00000007ae9450e8,0x00000007aeca0000)
  from space 10880K, 99% used [0x00000007aeca0000,0x00000007af73dc30,0x00000007af740000)
  to   space 10880K, 0% used [0x00000007b3730000,0x00000007b3730000,0x00000007b41d0000)
 ParOldGen       total 174528K, used 25663K [0x0000000700600000, 0x000000070b070000, 0x00000007aacb0000)
  object space 174528K, 14% used [0x0000000700600000,0x0000000701f0fe08,0x000000070b070000)
 PSPermGen       total 21248K, used 17839K [0x00000006fb400000, 0x00000006fc8c0000, 0x0000000700600000)
  object space 21248K, 83% used [0x00000006fb400000,0x00000006fc56be90,0x00000006fc8c0000)
Event: 5.524 GC heap after
Heap after GC invocations=4 (full 0):
 PSYoungGen      total 141824K, used 10786K [0x00000007aacb0000, 0x00000007b41d0000, 0x0000000800000000)
  eden space 130944K, 0% used [0x00000007aacb0000,0x00000007aacb0000,0x00000007b2c90000)
  from space 10880K, 99% used [0x00000007b3730000,0x00000007b41b8980,0x00000007b41d0000)
  to   space 10880K, 0% used [0x00000007b2c90000,0x00000007b2c90000,0x00000007b3730000)
 ParOldGen       total 174528K, used 30387K [0x0000000700600000, 0x000000070b070000, 0x00000007aacb0000)
  object space 174528K, 17% used [0x0000000700600000,0x00000007023acda8,0x000000070b070000)
 PSPermGen       total 21248K, used 17839K [0x00000006fb400000, 0x00000006fc8c0000, 0x0000000700600000)
  object space 21248K, 83% used [0x00000006fb400000,0x00000006fc56be90,0x00000006fc8c0000)
}
Event: 5.956 GC heap before
{Heap before GC invocations=5 (full 0):
 PSYoungGen      total 141824K, used 135798K [0x00000007aacb0000, 0x00000007b41d0000, 0x0000000800000000)
  eden space 130944K, 95% used [0x00000007aacb0000,0x00000007b26c4f58,0x00000007b2c90000)
  from space 10880K, 99% used [0x00000007b3730000,0x00000007b41b8980,0x00000007b41d0000)
  to   space 10880K, 0% used [0x00000007b2c90000,0x00000007b2c90000,0x00000007b3730000)
 ParOldGen       total 174528K, used 30387K [0x0000000700600000, 0x000000070b070000, 0x00000007aacb0000)
  object space 174528K, 17% used [0x0000000700600000,0x00000007023acda8,0x000000070b070000)
 PSPermGen       total 21248K, used 17877K [0x00000006fb400000, 0x00000006fc8c0000, 0x0000000700600000)
  object space 21248K, 84% used [0x00000006fb400000,0x00000006fc575610,0x00000006fc8c0000)
Event: 5.963 GC heap after
Heap after GC invocations=5 (full 0):
 PSYoungGen      total 141824K, used 10811K [0x00000007aacb0000, 0x00000007be910000, 0x0000000800000000)
  eden space 130944K, 0% used [0x00000007aacb0000,0x00000007aacb0000,0x00000007b2c90000)
  from space 10880K, 99% used [0x00000007b2c90000,0x00000007b371edf0,0x00000007b3730000)
  to   space 31040K, 0% used [0x00000007bcac0000,0x00000007bcac0000,0x00000007be910000)
 ParOldGen       total 174528K, used 41945K [0x0000000700600000, 0x000000070b070000, 0x00000007aacb0000)
  object space 174528K, 24% used [0x0000000700600000,0x0000000702ef66e8,0x000000070b070000)
 PSPermGen       total 21248K, used 17877K [0x00000006fb400000, 0x00000006fc8c0000, 0x0000000700600000)
  object space 21248K, 84% used [0x00000006fb400000,0x00000006fc575610,0x00000006fc8c0000)
}
Event: 6.373 GC heap before
{Heap before GC invocations=6 (full 0):
 PSYoungGen      total 141824K, used 138765K [0x00000007aacb0000, 0x00000007be910000, 0x0000000800000000)
  eden space 130944K, 97% used [0x00000007aacb0000,0x00000007b29a4718,0x00000007b2c90000)
  from space 10880K, 99% used [0x00000007b2c90000,0x00000007b371edf0,0x00000007b3730000)
  to   space 31040K, 0% used [0x00000007bcac0000,0x00000007bcac0000,0x00000007be910000)
 ParOldGen       total 174528K, used 41945K [0x0000000700600000, 0x000000070b070000, 0x00000007aacb0000)
  object space 174528K, 24% used [0x0000000700600000,0x0000000702ef66e8,0x000000070b070000)
 PSPermGen       total 21248K, used 17881K [0x00000006fb400000, 0x00000006fc8c0000, 0x0000000700600000)
  object space 21248K, 84% used [0x00000006fb400000,0x00000006fc576560,0x00000006fc8c0000)
Event: 6.381 GC heap after
Heap after GC invocations=6 (full 0):
 PSYoungGen      total 291456K, used 22586K [0x00000007aacb0000, 0x00000007bebf0000, 0x0000000800000000)
  eden space 260416K, 0% used [0x00000007aacb0000,0x00000007aacb0000,0x00000007bab00000)
  from space 31040K, 72% used [0x00000007bcac0000,0x00000007be0cea30,0x00000007be910000)
  to   space 32512K, 0% used [0x00000007bab00000,0x00000007bab00000,0x00000007bcac0000)
 ParOldGen       total 174528K, used 41945K [0x0000000700600000, 0x000000070b070000, 0x00000007aacb0000)
  object space 174528K, 24% used [0x0000000700600000,0x0000000702ef66e8,0x000000070b070000)
 PSPermGen       total 21248K, used 17881K [0x00000006fb400000, 0x00000006fc8c0000, 0x0000000700600000)
  object space 21248K, 84% used [0x00000006fb400000,0x00000006fc576560,0x00000006fc8c0000)
}
Event: 6.859 GC heap before
{Heap before GC invocations=7 (full 0):
 PSYoungGen      total 291456K, used 282907K [0x00000007aacb0000, 0x00000007bebf0000, 0x0000000800000000)
  eden space 260416K, 99% used [0x00000007aacb0000,0x00000007baae83e8,0x00000007bab00000)
  from space 31040K, 72% used [0x00000007bcac0000,0x00000007be0cea30,0x00000007be910000)
  to   space 32512K, 0% used [0x00000007bab00000,0x00000007bab00000,0x00000007bcac0000)
 ParOldGen       total 174528K, used 41945K [0x0000000700600000, 0x000000070b070000, 0x00000007aacb0000)
  object space 174528K, 24% used [0x0000000700600000,0x0000000702ef66e8,0x000000070b070000)
 PSPermGen       total 21248K, used 17884K [0x00000006fb400000, 0x00000006fc8c0000, 0x0000000700600000)
  object space 21248K, 84% used [0x00000006fb400000,0x00000006fc577260,0x00000006fc8c0000)
Event: 6.872 GC heap after
Heap after GC invocations=7 (full 0):
 PSYoungGen      total 292928K, used 28174K [0x00000007aacb0000, 0x00000007cefb0000, 0x0000000800000000)
  eden space 260416K, 0% used [0x00000007aacb0000,0x00000007aacb0000,0x00000007bab00000)
  from space 32512K, 86% used [0x00000007bab00000,0x00000007bc683820,0x00000007bcac0000)
  to   space 36032K, 0% used [0x00000007ccc80000,0x00000007ccc80000,0x00000007cefb0000)
 ParOldGen       total 174528K, used 59938K [0x0000000700600000, 0x000000070b070000, 0x00000007aacb0000)
  object space 174528K, 34% used [0x0000000700600000,0x0000000704088a38,0x000000070b070000)
 PSPermGen       total 21248K, used 17884K [0x00000006fb400000, 0x00000006fc8c0000, 0x0000000700600000)
  object space 21248K, 84% used [0x00000006fb400000,0x00000006fc577260,0x00000006fc8c0000)
}
Event: 7.362 GC heap before
{Heap before GC invocations=8 (full 0):
 PSYoungGen      total 292928K, used 286692K [0x00000007aacb0000, 0x00000007cefb0000, 0x0000000800000000)
  eden space 260416K, 99% used [0x00000007aacb0000,0x00000007ba925960,0x00000007bab00000)
  from space 32512K, 86% used [0x00000007bab00000,0x00000007bc683820,0x00000007bcac0000)
  to   space 36032K, 0% used [0x00000007ccc80000,0x00000007ccc80000,0x00000007cefb0000)
 ParOldGen       total 174528K, used 59938K [0x0000000700600000, 0x000000070b070000, 0x00000007aacb0000)
  object space 174528K, 34% used [0x0000000700600000,0x0000000704088a38,0x000000070b070000)
 PSPermGen       total 21248K, used 17885K [0x00000006fb400000, 0x00000006fc8c0000, 0x0000000700600000)
  object space 21248K, 84% used [0x00000006fb400000,0x00000006fc5777f8,0x00000006fc8c0000)
Event: 7.371 GC heap after
Heap after GC invocations=8 (full 0):
 PSYoungGen      total 551744K, used 35008K [0x00000007aacb0000, 0x00000007cf9b0000, 0x0000000800000000)
  eden space 515712K, 0% used [0x00000007aacb0000,0x00000007aacb0000,0x00000007ca450000)
  from space 36032K, 97% used [0x00000007ccc80000,0x00000007ceeb01c0,0x00000007cefb0000)
  to   space 41152K, 0% used [0x00000007ca450000,0x00000007ca450000,0x00000007ccc80000)
 ParOldGen       total 174528K, used 66021K [0x0000000700600000, 0x000000070b070000, 0x00000007aacb0000)
  object space 174528K, 37% used [0x0000000700600000,0x0000000704679648,0x000000070b070000)
 PSPermGen       total 21248K, used 17885K [0x00000006fb400000, 0x00000006fc8c0000, 0x0000000700600000)
  object space 21248K, 84% used [0x00000006fb400000,0x00000006fc5777f8,0x00000006fc8c0000)
}

