# JRE version: 7.0_07-b11
# Java VM: Java HotSpot(TM) 64-Bit Server VM (23.3-b01 mixed mode windows-amd64 compressed oops)
Heap
 PSYoungGen      total 881472K, used 342221K [0x00000007aacb0000, 0x0000000800000000, 0x0000000800000000)
  eden space 837568K, 35% used [0x00000007aacb0000,0x00000007bd2c6fd8,0x00000007ddea0000)
  from space 43904K, 93% used [0x00000007ddea0000,0x00000007e06bc510,0x00000007e0980000)
  to   space 46976K, 0% used [0x00000007fd220000,0x00000007fd220000,0x0000000800000000)
 ParOldGen       total 174528K, used 132482K [0x0000000700600000, 0x000000070b070000, 0x00000007aacb0000)
  object space 174528K, 75% used [0x0000000700600000,0x0000000708760b48,0x000000070b070000)
 PSPermGen       total 21248K, used 18082K [0x00000006fb400000, 0x00000006fc8c0000, 0x0000000700600000)
  object space 21248K, 85% used [0x00000006fb400000,0x00000006fc5a8808,0x00000006fc8c0000)
GC Heap History (10 events):
Event: 4.903 GC heap before
{Heap before GC invocations=7 (full 0):
 PSYoungGen      total 289408K, used 281659K [0x00000007aacb0000, 0x00000007be2f0000, 0x0000000800000000)
  eden space 261888K, 98% used [0x00000007aacb0000,0x00000007ba83d6c8,0x00000007bac70000)
  from space 27520K, 87% used [0x00000007bc810000,0x00000007bdf91870,0x00000007be2f0000)
  to   space 27904K, 0% used [0x00000007bac70000,0x00000007bac70000,0x00000007bc7b0000)
 ParOldGen       total 174528K, used 75802K [0x0000000700600000, 0x000000070b070000, 0x00000007aacb0000)
  object space 174528K, 43% used [0x0000000700600000,0x00000007050069a0,0x000000070b070000)
 PSPermGen       total 21248K, used 17993K [0x00000006fb400000, 0x00000006fc8c0000, 0x0000000700600000)
  object space 21248K, 84% used [0x00000006fb400000,0x00000006fc592710,0x00000006fc8c0000)
Event: 4.918 GC heap after
Heap after GC invocations=7 (full 0):
 PSYoungGen      total 289792K, used 27884K [0x00000007aacb0000, 0x00000007d01f0000, 0x0000000800000000)
  eden space 261888K, 0% used [0x00000007aacb0000,0x00000007aacb0000,0x00000007bac70000)
  from space 27904K, 99% used [0x00000007bac70000,0x00000007bc7ab0e0,0x00000007bc7b0000)
  to   space 43904K, 0% used [0x00000007cd710000,0x00000007cd710000,0x00000007d01f0000)
 ParOldGen       total 174528K, used 105477K [0x0000000700600000, 0x000000070b070000, 0x00000007aacb0000)
  object space 174528K, 60% used [0x0000000700600000,0x0000000706d015e0,0x000000070b070000)
 PSPermGen       total 21248K, used 17993K [0x00000006fb400000, 0x00000006fc8c0000, 0x0000000700600000)
  object space 21248K, 84% used [0x00000006fb400000,0x00000006fc592710,0x00000006fc8c0000)
}
Event: 5.439 GC heap before
{Heap before GC invocations=8 (full 0):
 PSYoungGen      total 289792K, used 288205K [0x00000007aacb0000, 0x00000007d01f0000, 0x0000000800000000)
  eden space 261888K, 99% used [0x00000007aacb0000,0x00000007baae86b8,0x00000007bac70000)
  from space 27904K, 99% used [0x00000007bac70000,0x00000007bc7ab0e0,0x00000007bc7b0000)
  to   space 43904K, 0% used [0x00000007cd710000,0x00000007cd710000,0x00000007d01f0000)
 ParOldGen       total 174528K, used 105477K [0x0000000700600000, 0x000000070b070000, 0x00000007aacb0000)
  object space 174528K, 60% used [0x0000000700600000,0x0000000706d015e0,0x000000070b070000)
 PSPermGen       total 21248K, used 17994K [0x00000006fb400000, 0x00000006fc8c0000, 0x0000000700600000)
  object space 21248K, 84% used [0x00000006fb400000,0x00000006fc592b58,0x00000006fc8c0000)
Event: 5.445 GC heap after
Heap after GC invocations=8 (full 0):
 PSYoungGen      total 567360K, used 18703K [0x00000007aacb0000, 0x00000007d0290000, 0x0000000800000000)
  eden space 523456K, 0% used [0x00000007aacb0000,0x00000007aacb0000,0x00000007cabe0000)
  from space 43904K, 42% used [0x00000007cd710000,0x00000007ce953d90,0x00000007d01f0000)
  to   space 44224K, 0% used [0x00000007cabe0000,0x00000007cabe0000,0x00000007cd710000)
 ParOldGen       total 174528K, used 105999K [0x0000000700600000, 0x000000070b070000, 0x00000007aacb0000)
  object space 174528K, 60% used [0x0000000700600000,0x0000000706d83e00,0x000000070b070000)
 PSPermGen       total 21248K, used 17994K [0x00000006fb400000, 0x00000006fc8c0000, 0x0000000700600000)
  object space 21248K, 84% used [0x00000006fb400000,0x00000006fc592b58,0x00000006fc8c0000)
}
Event: 6.489 GC heap before
{Heap before GC invocations=9 (full 0):
 PSYoungGen      total 567360K, used 537749K [0x00000007aacb0000, 0x00000007d0290000, 0x0000000800000000)
  eden space 523456K, 99% used [0x00000007aacb0000,0x00000007ca791a00,0x00000007cabe0000)
  from space 43904K, 42% used [0x00000007cd710000,0x00000007ce953d90,0x00000007d01f0000)
  to   space 44224K, 0% used [0x00000007cabe0000,0x00000007cabe0000,0x00000007cd710000)
 ParOldGen       total 174528K, used 105999K [0x0000000700600000, 0x000000070b070000, 0x00000007aacb0000)
  object space 174528K, 60% used [0x0000000700600000,0x0000000706d83e00,0x000000070b070000)
 PSPermGen       total 21248K, used 18003K [0x00000006fb400000, 0x00000006fc8c0000, 0x0000000700600000)
  object space 21248K, 84% used [0x00000006fb400000,0x00000006fc594c80,0x00000006fc8c0000)
Event: 6.499 GC heap after
Heap after GC invocations=9 (full 0):
 PSYoungGen      total 567680K, used 33470K [0x00000007aacb0000, 0x00000007e35e0000, 0x0000000800000000)
  eden space 523456K, 0% used [0x00000007aacb0000,0x00000007aacb0000,0x00000007cabe0000)
  from space 44224K, 75% used [0x00000007cabe0000,0x00000007ccc8fa80,0x00000007cd710000)
  to   space 44672K, 0% used [0x00000007e0a40000,0x00000007e0a40000,0x00000007e35e0000)
 ParOldGen       total 174528K, used 112937K [0x0000000700600000, 0x000000070b070000, 0x00000007aacb0000)
  object space 174528K, 64% used [0x0000000700600000,0x000000070744a630,0x000000070b070000)
 PSPermGen       total 21248K, used 18003K [0x00000006fb400000, 0x00000006fc8c0000, 0x0000000700600000)
  object space 21248K, 84% used [0x00000006fb400000,0x00000006fc594c80,0x00000006fc8c0000)
}
Event: 7.530 GC heap before
{Heap before GC invocations=10 (full 0):
 PSYoungGen      total 567680K, used 556512K [0x00000007aacb0000, 0x00000007e35e0000, 0x0000000800000000)
  eden space 523456K, 99% used [0x00000007aacb0000,0x00000007cab786f0,0x00000007cabe0000)
  from space 44224K, 75% used [0x00000007cabe0000,0x00000007ccc8fa80,0x00000007cd710000)
  to   space 44672K, 0% used [0x00000007e0a40000,0x00000007e0a40000,0x00000007e35e0000)
 ParOldGen       total 174528K, used 112937K [0x0000000700600000, 0x000000070b070000, 0x00000007aacb0000)
  object space 174528K, 64% used [0x0000000700600000,0x000000070744a630,0x000000070b070000)
 PSPermGen       total 21248K, used 18016K [0x00000006fb400000, 0x00000006fc8c0000, 0x0000000700600000)
  object space 21248K, 84% used [0x00000006fb400000,0x00000006fc5982d0,0x00000006fc8c0000)
Event: 7.539 GC heap after
Heap after GC invocations=10 (full 0):
 PSYoungGen      total 880704K, used 30948K [0x00000007aacb0000, 0x00000007e3460000, 0x0000000800000000)
  eden space 837568K, 0% used [0x00000007aacb0000,0x00000007aacb0000,0x00000007ddea0000)
  from space 43136K, 71% used [0x00000007e0a40000,0x00000007e2879100,0x00000007e3460000)
  to   space 43904K, 0% used [0x00000007ddea0000,0x00000007ddea0000,0x00000007e0980000)
 ParOldGen       total 174528K, used 114201K [0x0000000700600000, 0x000000070b070000, 0x00000007aacb0000)
  object space 174528K, 65% used [0x0000000700600000,0x0000000707586718,0x000000070b070000)
 PSPermGen       total 21248K, used 18016K [0x00000006fb400000, 0x00000006fc8c0000, 0x0000000700600000)
  object space 21248K, 84% used [0x00000006fb400000,0x00000006fc5982d0,0x00000006fc8c0000)
}
Event: 9.210 GC heap before
{Heap before GC invocations=11 (full 0):
 PSYoungGen      total 880704K, used 866970K [0x00000007aacb0000, 0x00000007e3460000, 0x0000000800000000)
  eden space 837568K, 99% used [0x00000007aacb0000,0x00000007ddd1d778,0x00000007ddea0000)
  from space 43136K, 71% used [0x00000007e0a40000,0x00000007e2879100,0x00000007e3460000)
  to   space 43904K, 0% used [0x00000007ddea0000,0x00000007ddea0000,0x00000007e0980000)
 ParOldGen       total 174528K, used 114201K [0x0000000700600000, 0x000000070b070000, 0x00000007aacb0000)
  object space 174528K, 65% used [0x0000000700600000,0x0000000707586718,0x000000070b070000)
 PSPermGen       total 21248K, used 18034K [0x00000006fb400000, 0x00000006fc8c0000, 0x0000000700600000)
  object space 21248K, 84% used [0x00000006fb400000,0x00000006fc59c908,0x00000006fc8c0000)
Event: 9.228 GC heap after
Heap after GC invocations=11 (full 0):
 PSYoungGen      total 881472K, used 41073K [0x00000007aacb0000, 0x0000000800000000, 0x0000000800000000)
  eden space 837568K, 0% used [0x00000007aacb0000,0x00000007aacb0000,0x00000007ddea0000)
  from space 43904K, 93% used [0x00000007ddea0000,0x00000007e06bc510,0x00000007e0980000)
  to   space 46976K, 0% used [0x00000007fd220000,0x00000007fd220000,0x0000000800000000)
 ParOldGen       total 174528K, used 132482K [0x0000000700600000, 0x000000070b070000, 0x00000007aacb0000)
  object space 174528K, 75% used [0x0000000700600000,0x0000000708760b48,0x000000070b070000)
 PSPermGen       total 21248K, used 18034K [0x00000006fb400000, 0x00000006fc8c0000, 0x0000000700600000)
  object space 21248K, 84% used [0x00000006fb400000,0x00000006fc59c908,0x00000006fc8c0000)
}

