# JRE version: 7.0_07-b11
# Java VM: Java HotSpot(TM) 64-Bit Server VM (23.3-b01 mixed mode windows-amd64 compressed oops)
Heap
 PSYoungGen      total 241280K, used 27094K [0x00000007aacb0000, 0x00000007be430000, 0x0000000800000000)
  eden space 189056K, 4% used [0x00000007aacb0000,0x00000007ab4d9f98,0x00000007b6550000)
  from space 52224K, 35% used [0x00000007b6550000,0x00000007b779b900,0x00000007b9850000)
  to   space 50496K, 0% used [0x00000007bb2e0000,0x00000007bb2e0000,0x00000007be430000)
 ParOldGen       total 306752K, used 166565K [0x0000000700600000, 0x0000000713190000, 0x00000007aacb0000)
  object space 306752K, 54% used [0x0000000700600000,0x000000070a8a95a8,0x0000000713190000)
 PSPermGen       total 22528K, used 18620K [0x00000006fb400000, 0x00000006fca00000, 0x0000000700600000)
  object space 22528K, 82% used [0x00000006fb400000,0x00000006fc62f218,0x00000006fca00000)
GC Heap History (10 events):
Event: 438.024 GC heap before
{Heap before GC invocations=401 (full 16):
 PSYoungGen      total 252032K, used 240068K [0x00000007aacb0000, 0x00000007bd710000, 0x0000000800000000)
  eden space 204160K, 99% used [0x00000007aacb0000,0x00000007b73cac60,0x00000007b7410000)
  from space 47872K, 75% used [0x00000007ba850000,0x00000007bcba6628,0x00000007bd710000)
  to   space 50688K, 0% used [0x00000007b7410000,0x00000007b7410000,0x00000007ba590000)
 ParOldGen       total 306752K, used 94787K [0x0000000700600000, 0x0000000713190000, 0x00000007aacb0000)
  object space 306752K, 30% used [0x0000000700600000,0x0000000706290f10,0x0000000713190000)
 PSPermGen       total 22528K, used 18620K [0x00000006fb400000, 0x00000006fca00000, 0x0000000700600000)
  object space 22528K, 82% used [0x00000006fb400000,0x00000006fc62f218,0x00000006fca00000)
Event: 438.031 GC heap after
Heap after GC invocations=401 (full 16):
 PSYoungGen      total 227904K, used 28389K [0x00000007aacb0000, 0x00000007bcfe0000, 0x0000000800000000)
  eden space 199488K, 0% used [0x00000007aacb0000,0x00000007aacb0000,0x00000007b6f80000)
  from space 28416K, 99% used [0x00000007b7410000,0x00000007b8fc9528,0x00000007b8fd0000)
  to   space 49344K, 0% used [0x00000007b9fb0000,0x00000007b9fb0000,0x00000007bcfe0000)
 ParOldGen       total 306752K, used 104829K [0x0000000700600000, 0x0000000713190000, 0x00000007aacb0000)
  object space 306752K, 34% used [0x0000000700600000,0x0000000706c5f660,0x0000000713190000)
 PSPermGen       total 22528K, used 18620K [0x00000006fb400000, 0x00000006fca00000, 0x0000000700600000)
  object space 22528K, 82% used [0x00000006fb400000,0x00000006fc62f218,0x00000006fca00000)
}
Event: 438.569 GC heap before
{Heap before GC invocations=402 (full 16):
 PSYoungGen      total 227904K, used 227877K [0x00000007aacb0000, 0x00000007bcfe0000, 0x0000000800000000)
  eden space 199488K, 100% used [0x00000007aacb0000,0x00000007b6f80000,0x00000007b6f80000)
  from space 28416K, 99% used [0x00000007b7410000,0x00000007b8fc9528,0x00000007b8fd0000)
  to   space 49344K, 0% used [0x00000007b9fb0000,0x00000007b9fb0000,0x00000007bcfe0000)
 ParOldGen       total 306752K, used 160012K [0x0000000700600000, 0x0000000713190000, 0x00000007aacb0000)
  object space 306752K, 52% used [0x0000000700600000,0x000000070a243288,0x0000000713190000)
 PSPermGen       total 22528K, used 18620K [0x00000006fb400000, 0x00000006fca00000, 0x0000000700600000)
  object space 22528K, 82% used [0x00000006fb400000,0x00000006fc62f218,0x00000006fca00000)
Event: 438.571 GC heap after
Heap after GC invocations=402 (full 16):
 PSYoungGen      total 243584K, used 224K [0x00000007aacb0000, 0x00000007bcf30000, 0x0000000800000000)
  eden space 194944K, 0% used [0x00000007aacb0000,0x00000007aacb0000,0x00000007b6b10000)
  from space 48640K, 0% used [0x00000007b9fb0000,0x00000007b9fe8000,0x00000007bcf30000)
  to   space 51264K, 0% used [0x00000007b6b10000,0x00000007b6b10000,0x00000007b9d20000)
 ParOldGen       total 306752K, used 166469K [0x0000000700600000, 0x0000000713190000, 0x00000007aacb0000)
  object space 306752K, 54% used [0x0000000700600000,0x000000070a8915a8,0x0000000713190000)
 PSPermGen       total 22528K, used 18620K [0x00000006fb400000, 0x00000006fca00000, 0x0000000700600000)
  object space 22528K, 82% used [0x00000006fb400000,0x00000006fc62f218,0x00000006fca00000)
}
Event: 438.974 GC heap before
{Heap before GC invocations=403 (full 16):
 PSYoungGen      total 243584K, used 194977K [0x00000007aacb0000, 0x00000007bcf30000, 0x0000000800000000)
  eden space 194944K, 99% used [0x00000007aacb0000,0x00000007b6ae04d8,0x00000007b6b10000)
  from space 48640K, 0% used [0x00000007b9fb0000,0x00000007b9fe8000,0x00000007bcf30000)
  to   space 51264K, 0% used [0x00000007b6b10000,0x00000007b6b10000,0x00000007b9d20000)
 ParOldGen       total 306752K, used 166469K [0x0000000700600000, 0x0000000713190000, 0x00000007aacb0000)
  object space 306752K, 54% used [0x0000000700600000,0x000000070a8915a8,0x0000000713190000)
 PSPermGen       total 22528K, used 18620K [0x00000006fb400000, 0x00000006fca00000, 0x0000000700600000)
  object space 22528K, 82% used [0x00000006fb400000,0x00000006fc62f218,0x00000006fca00000)
Event: 438.978 GC heap after
Heap after GC invocations=403 (full 16):
 PSYoungGen      total 219712K, used 29112K [0x00000007aacb0000, 0x00000007bc9d0000, 0x0000000800000000)
  eden space 190592K, 0% used [0x00000007aacb0000,0x00000007aacb0000,0x00000007b66d0000)
  from space 29120K, 99% used [0x00000007b6b10000,0x00000007b877e190,0x00000007b8780000)
  to   space 50688K, 0% used [0x00000007b9850000,0x00000007b9850000,0x00000007bc9d0000)
 ParOldGen       total 306752K, used 166509K [0x0000000700600000, 0x0000000713190000, 0x00000007aacb0000)
  object space 306752K, 54% used [0x0000000700600000,0x000000070a89b5a8,0x0000000713190000)
 PSPermGen       total 22528K, used 18620K [0x00000006fb400000, 0x00000006fca00000, 0x0000000700600000)
  object space 22528K, 82% used [0x00000006fb400000,0x00000006fc62f218,0x00000006fca00000)
}
Event: 439.323 GC heap before
{Heap before GC invocations=404 (full 16):
 PSYoungGen      total 219712K, used 218863K [0x00000007aacb0000, 0x00000007bc9d0000, 0x0000000800000000)
  eden space 190592K, 99% used [0x00000007aacb0000,0x00000007b65fde28,0x00000007b66d0000)
  from space 29120K, 99% used [0x00000007b6b10000,0x00000007b877e190,0x00000007b8780000)
  to   space 50688K, 0% used [0x00000007b9850000,0x00000007b9850000,0x00000007bc9d0000)
 ParOldGen       total 306752K, used 166509K [0x0000000700600000, 0x0000000713190000, 0x00000007aacb0000)
  object space 306752K, 54% used [0x0000000700600000,0x000000070a89b5a8,0x0000000713190000)
 PSPermGen       total 22528K, used 18620K [0x00000006fb400000, 0x00000006fca00000, 0x0000000700600000)
  object space 22528K, 82% used [0x00000006fb400000,0x00000006fc62f218,0x00000006fca00000)
Event: 439.328 GC heap after
Heap after GC invocations=404 (full 16):
 PSYoungGen      total 239744K, used 35092K [0x00000007aacb0000, 0x00000007be970000, 0x0000000800000000)
  eden space 189056K, 0% used [0x00000007aacb0000,0x00000007aacb0000,0x00000007b6550000)
  from space 50688K, 69% used [0x00000007b9850000,0x00000007bba95350,0x00000007bc9d0000)
  to   space 52224K, 0% used [0x00000007b6550000,0x00000007b6550000,0x00000007b9850000)
 ParOldGen       total 306752K, used 166549K [0x0000000700600000, 0x0000000713190000, 0x00000007aacb0000)
  object space 306752K, 54% used [0x0000000700600000,0x000000070a8a55a8,0x0000000713190000)
 PSPermGen       total 22528K, used 18620K [0x00000006fb400000, 0x00000006fca00000, 0x0000000700600000)
  object space 22528K, 82% used [0x00000006fb400000,0x00000006fc62f218,0x00000006fca00000)
}
Event: 439.673 GC heap before
{Heap before GC invocations=405 (full 16):
 PSYoungGen      total 239744K, used 222049K [0x00000007aacb0000, 0x00000007be970000, 0x0000000800000000)
  eden space 189056K, 98% used [0x00000007aacb0000,0x00000007b63430f0,0x00000007b6550000)
  from space 50688K, 69% used [0x00000007b9850000,0x00000007bba95350,0x00000007bc9d0000)
  to   space 52224K, 0% used [0x00000007b6550000,0x00000007b6550000,0x00000007b9850000)
 ParOldGen       total 306752K, used 166549K [0x0000000700600000, 0x0000000713190000, 0x00000007aacb0000)
  object space 306752K, 54% used [0x0000000700600000,0x000000070a8a55a8,0x0000000713190000)
 PSPermGen       total 22528K, used 18620K [0x00000006fb400000, 0x00000006fca00000, 0x0000000700600000)
  object space 22528K, 82% used [0x00000006fb400000,0x00000006fc62f218,0x00000006fca00000)
Event: 439.675 GC heap after
Heap after GC invocations=405 (full 16):
 PSYoungGen      total 241280K, used 18734K [0x00000007aacb0000, 0x00000007be430000, 0x0000000800000000)
  eden space 189056K, 0% used [0x00000007aacb0000,0x00000007aacb0000,0x00000007b6550000)
  from space 52224K, 35% used [0x00000007b6550000,0x00000007b779b900,0x00000007b9850000)
  to   space 50496K, 0% used [0x00000007bb2e0000,0x00000007bb2e0000,0x00000007be430000)
 ParOldGen       total 306752K, used 166565K [0x0000000700600000, 0x0000000713190000, 0x00000007aacb0000)
  object space 306752K, 54% used [0x0000000700600000,0x000000070a8a95a8,0x0000000713190000)
 PSPermGen       total 22528K, used 18620K [0x00000006fb400000, 0x00000006fca00000, 0x0000000700600000)
  object space 22528K, 82% used [0x00000006fb400000,0x00000006fc62f218,0x00000006fca00000)
}

