# JRE version: 7.0_07-b11
# Java VM: Java HotSpot(TM) 64-Bit Server VM (23.3-b01 mixed mode windows-amd64 compressed oops)
Heap
 PSYoungGen      total 597696K, used 56572K [0x00000007aacb0000, 0x00000007da210000, 0x0000000800000000)
  eden space 564736K, 5% used [0x00000007aacb0000,0x00000007acd9eef0,0x00000007cd430000)
  from space 32960K, 69% used [0x00000007cd430000,0x00000007cea80120,0x00000007cf460000)
  to   space 32192K, 0% used [0x00000007d82a0000,0x00000007d82a0000,0x00000007da210000)
 ParOldGen       total 201664K, used 32393K [0x0000000700600000, 0x000000070caf0000, 0x00000007aacb0000)
  object space 201664K, 16% used [0x0000000700600000,0x00000007025a26a0,0x000000070caf0000)
 PSPermGen       total 39744K, used 18146K [0x00000006fb400000, 0x00000006fdad0000, 0x0000000700600000)
  object space 39744K, 45% used [0x00000006fb400000,0x00000006fc5b8908,0x00000006fdad0000)
GC Heap History (10 events):
Event: 7.848 GC heap before
{Heap before GC invocations=10 (full 2):
 PSYoungGen      total 458752K, used 458751K [0x00000007aacb0000, 0x00000007cddd0000, 0x0000000800000000)
  eden space 430272K, 100% used [0x00000007aacb0000,0x00000007c50e0000,0x00000007c50e0000)
  from space 28480K, 99% used [0x00000007cc200000,0x00000007cddcfe40,0x00000007cddd0000)
  to   space 31232K, 0% used [0x00000007ca0d0000,0x00000007ca0d0000,0x00000007cbf50000)
 ParOldGen       total 168512K, used 167585K [0x0000000700600000, 0x000000070aa90000, 0x00000007aacb0000)
  object space 168512K, 99% used [0x0000000700600000,0x000000070a9a8528,0x000000070aa90000)
 PSPermGen       total 36608K, used 18057K [0x00000006fb400000, 0x00000006fd7c0000, 0x0000000700600000)
  object space 36608K, 49% used [0x00000006fb400000,0x00000006fc5a2690,0x00000006fd7c0000)
Event: 7.876 GC heap after
Heap after GC invocations=10 (full 2):
 PSYoungGen      total 458752K, used 0K [0x00000007aacb0000, 0x00000007cddd0000, 0x0000000800000000)
  eden space 430272K, 0% used [0x00000007aacb0000,0x00000007aacb0000,0x00000007c50e0000)
  from space 28480K, 0% used [0x00000007cc200000,0x00000007cc200000,0x00000007cddd0000)
  to   space 31232K, 0% used [0x00000007ca0d0000,0x00000007ca0d0000,0x00000007cbf50000)
 ParOldGen       total 165248K, used 26295K [0x0000000700600000, 0x000000070a760000, 0x00000007aacb0000)
  object space 165248K, 15% used [0x0000000700600000,0x0000000701fadd70,0x000000070a760000)
 PSPermGen       total 40896K, used 18057K [0x00000006fb400000, 0x00000006fdbf0000, 0x0000000700600000)
  object space 40896K, 44% used [0x00000006fb400000,0x00000006fc5a2690,0x00000006fdbf0000)
}
Event: 8.783 GC heap before
{Heap before GC invocations=11 (full 2):
 PSYoungGen      total 458752K, used 429620K [0x00000007aacb0000, 0x00000007cddd0000, 0x0000000800000000)
  eden space 430272K, 99% used [0x00000007aacb0000,0x00000007c503d388,0x00000007c50e0000)
  from space 28480K, 0% used [0x00000007cc200000,0x00000007cc200000,0x00000007cddd0000)
  to   space 31232K, 0% used [0x00000007ca0d0000,0x00000007ca0d0000,0x00000007cbf50000)
 ParOldGen       total 165248K, used 34395K [0x0000000700600000, 0x000000070a760000, 0x00000007aacb0000)
  object space 165248K, 20% used [0x0000000700600000,0x0000000702796d90,0x000000070a760000)
 PSPermGen       total 40896K, used 18064K [0x00000006fb400000, 0x00000006fdbf0000, 0x0000000700600000)
  object space 40896K, 44% used [0x00000006fb400000,0x00000006fc5a4100,0x00000006fdbf0000)
Event: 8.788 GC heap after
Heap after GC invocations=11 (full 2):
 PSYoungGen      total 543360K, used 17342K [0x00000007aacb0000, 0x00000007d1350000, 0x0000000800000000)
  eden space 512128K, 0% used [0x00000007aacb0000,0x00000007aacb0000,0x00000007ca0d0000)
  from space 31232K, 55% used [0x00000007ca0d0000,0x00000007cb1bf880,0x00000007cbf50000)
  to   space 31680K, 0% used [0x00000007cf460000,0x00000007cf460000,0x00000007d1350000)
 ParOldGen       total 165248K, used 34395K [0x0000000700600000, 0x000000070a760000, 0x00000007aacb0000)
  object space 165248K, 20% used [0x0000000700600000,0x0000000702796d90,0x000000070a760000)
 PSPermGen       total 40896K, used 18064K [0x00000006fb400000, 0x00000006fdbf0000, 0x0000000700600000)
  object space 40896K, 44% used [0x00000006fb400000,0x00000006fc5a4100,0x00000006fdbf0000)
}
Event: 10.082 GC heap before
{Heap before GC invocations=12 (full 3):
 PSYoungGen      total 543360K, used 529470K [0x00000007aacb0000, 0x00000007d1350000, 0x0000000800000000)
  eden space 512128K, 100% used [0x00000007aacb0000,0x00000007ca0d0000,0x00000007ca0d0000)
  from space 31232K, 55% used [0x00000007ca0d0000,0x00000007cb1bf880,0x00000007cbf50000)
  to   space 31680K, 0% used [0x00000007cf460000,0x00000007cf460000,0x00000007d1350000)
 ParOldGen       total 165248K, used 145265K [0x0000000700600000, 0x000000070a760000, 0x00000007aacb0000)
  object space 165248K, 87% used [0x0000000700600000,0x00000007093dc480,0x000000070a760000)
 PSPermGen       total 40896K, used 18077K [0x00000006fb400000, 0x00000006fdbf0000, 0x0000000700600000)
  object space 40896K, 44% used [0x00000006fb400000,0x00000006fc5a74d8,0x00000006fdbf0000)
Event: 10.114 GC heap after
Heap after GC invocations=12 (full 3):
 PSYoungGen      total 543360K, used 0K [0x00000007aacb0000, 0x00000007d1350000, 0x0000000800000000)
  eden space 512128K, 0% used [0x00000007aacb0000,0x00000007aacb0000,0x00000007ca0d0000)
  from space 31232K, 0% used [0x00000007ca0d0000,0x00000007ca0d0000,0x00000007cbf50000)
  to   space 31680K, 0% used [0x00000007cf460000,0x00000007cf460000,0x00000007d1350000)
 ParOldGen       total 201664K, used 26318K [0x0000000700600000, 0x000000070caf0000, 0x00000007aacb0000)
  object space 201664K, 13% used [0x0000000700600000,0x0000000701fb3a90,0x000000070caf0000)
 PSPermGen       total 39744K, used 18077K [0x00000006fb400000, 0x00000006fdad0000, 0x0000000700600000)
  object space 39744K, 45% used [0x00000006fb400000,0x00000006fc5a7498,0x00000006fdad0000)
}
Event: 11.188 GC heap before
{Heap before GC invocations=13 (full 3):
 PSYoungGen      total 543360K, used 511447K [0x00000007aacb0000, 0x00000007d1350000, 0x0000000800000000)
  eden space 512128K, 99% used [0x00000007aacb0000,0x00000007ca025de8,0x00000007ca0d0000)
  from space 31232K, 0% used [0x00000007ca0d0000,0x00000007ca0d0000,0x00000007cbf50000)
  to   space 31680K, 0% used [0x00000007cf460000,0x00000007cf460000,0x00000007d1350000)
 ParOldGen       total 201664K, used 26318K [0x0000000700600000, 0x000000070caf0000, 0x00000007aacb0000)
  object space 201664K, 13% used [0x0000000700600000,0x0000000701fb3a90,0x000000070caf0000)
 PSPermGen       total 39744K, used 18095K [0x00000006fb400000, 0x00000006fdad0000, 0x0000000700600000)
  object space 39744K, 45% used [0x00000006fb400000,0x00000006fc5abef0,0x00000006fdad0000)
Event: 11.196 GC heap after
Heap after GC invocations=13 (full 3):
 PSYoungGen      total 596416K, used 28923K [0x00000007aacb0000, 0x00000007d6a40000, 0x0000000800000000)
  eden space 564736K, 0% used [0x00000007aacb0000,0x00000007aacb0000,0x00000007cd430000)
  from space 31680K, 91% used [0x00000007cf460000,0x00000007d109ed10,0x00000007d1350000)
  to   space 32960K, 0% used [0x00000007cd430000,0x00000007cd430000,0x00000007cf460000)
 ParOldGen       total 201664K, used 32393K [0x0000000700600000, 0x000000070caf0000, 0x00000007aacb0000)
  object space 201664K, 16% used [0x0000000700600000,0x00000007025a26a0,0x000000070caf0000)
 PSPermGen       total 39744K, used 18095K [0x00000006fb400000, 0x00000006fdad0000, 0x0000000700600000)
  object space 39744K, 45% used [0x00000006fb400000,0x00000006fc5abef0,0x00000006fdad0000)
}
Event: 12.286 GC heap before
{Heap before GC invocations=14 (full 3):
 PSYoungGen      total 596416K, used 590032K [0x00000007aacb0000, 0x00000007d6a40000, 0x0000000800000000)
  eden space 564736K, 99% used [0x00000007aacb0000,0x00000007cd0a5408,0x00000007cd430000)
  from space 31680K, 91% used [0x00000007cf460000,0x00000007d109ed10,0x00000007d1350000)
  to   space 32960K, 0% used [0x00000007cd430000,0x00000007cd430000,0x00000007cf460000)
 ParOldGen       total 201664K, used 32393K [0x0000000700600000, 0x000000070caf0000, 0x00000007aacb0000)
  object space 201664K, 16% used [0x0000000700600000,0x00000007025a26a0,0x000000070caf0000)
 PSPermGen       total 39744K, used 18119K [0x00000006fb400000, 0x00000006fdad0000, 0x0000000700600000)
  object space 39744K, 45% used [0x00000006fb400000,0x00000006fc5b1d50,0x00000006fdad0000)
Event: 12.293 GC heap after
Heap after GC invocations=14 (full 3):
 PSYoungGen      total 597696K, used 22848K [0x00000007aacb0000, 0x00000007da210000, 0x0000000800000000)
  eden space 564736K, 0% used [0x00000007aacb0000,0x00000007aacb0000,0x00000007cd430000)
  from space 32960K, 69% used [0x00000007cd430000,0x00000007cea80120,0x00000007cf460000)
  to   space 32192K, 0% used [0x00000007d82a0000,0x00000007d82a0000,0x00000007da210000)
 ParOldGen       total 201664K, used 32393K [0x0000000700600000, 0x000000070caf0000, 0x00000007aacb0000)
  object space 201664K, 16% used [0x0000000700600000,0x00000007025a26a0,0x000000070caf0000)
 PSPermGen       total 39744K, used 18119K [0x00000006fb400000, 0x00000006fdad0000, 0x0000000700600000)
  object space 39744K, 45% used [0x00000006fb400000,0x00000006fc5b1d50,0x00000006fdad0000)
}

