# JRE version: 7.0_07-b11
# Java VM: Java HotSpot(TM) 64-Bit Server VM (23.3-b01 mixed mode windows-amd64 compressed oops)
Heap
 PSYoungGen      total 652032K, used 649716K [0x00000007aacb0000, 0x00000007d8fb0000, 0x0000000800000000)
  eden space 624064K, 100% used [0x00000007aacb0000,0x00000007d0e20000,0x00000007d0e20000)
  from space 27968K, 91% used [0x00000007d2960000,0x00000007d426d3f0,0x00000007d44b0000)
  to   space 27904K, 68% used [0x00000007d0e20000,0x00000007d20ae098,0x00000007d2960000)
 ParOldGen       total 195904K, used 76880K [0x0000000700600000, 0x000000070c550000, 0x00000007aacb0000)
  object space 195904K, 39% used [0x0000000700600000,0x00000007051141b0,0x000000070c550000)
 PSPermGen       total 39872K, used 18191K [0x00000006fb400000, 0x00000006fdaf0000, 0x0000000700600000)
  object space 39872K, 45% used [0x00000006fb400000,0x00000006fc5c3dd8,0x00000006fdaf0000)
GC Heap History (10 events):
Event: 6.900 GC heap before
{Heap before GC invocations=9 (full 1):
 PSYoungGen      total 289792K, used 260147K [0x00000007aacb0000, 0x00000007ce210000, 0x0000000800000000)
  eden space 261888K, 99% used [0x00000007aacb0000,0x00000007baabcdb8,0x00000007bac70000)
  from space 27904K, 0% used [0x00000007bac70000,0x00000007bac70000,0x00000007bc7b0000)
  to   space 27584K, 0% used [0x00000007cc720000,0x00000007cc720000,0x00000007ce210000)
 ParOldGen       total 119040K, used 26333K [0x0000000700600000, 0x0000000707a40000, 0x00000007aacb0000)
  object space 119040K, 22% used [0x0000000700600000,0x0000000701fb7660,0x0000000707a40000)
 PSPermGen       total 36736K, used 18110K [0x00000006fb400000, 0x00000006fd7e0000, 0x0000000700600000)
  object space 36736K, 49% used [0x00000006fb400000,0x00000006fc5afaf8,0x00000006fd7e0000)
Event: 6.910 GC heap after
Heap after GC invocations=9 (full 1):
 PSYoungGen      total 478336K, used 25158K [0x00000007aacb0000, 0x00000007cdfc0000, 0x0000000800000000)
  eden space 453120K, 0% used [0x00000007aacb0000,0x00000007aacb0000,0x00000007c6730000)
  from space 25216K, 99% used [0x00000007cc720000,0x00000007cdfb1970,0x00000007cdfc0000)
  to   space 27456K, 0% used [0x00000007caa20000,0x00000007caa20000,0x00000007cc4f0000)
 ParOldGen       total 119040K, used 63543K [0x0000000700600000, 0x0000000707a40000, 0x00000007aacb0000)
  object space 119040K, 53% used [0x0000000700600000,0x000000070440dc50,0x0000000707a40000)
 PSPermGen       total 36736K, used 18110K [0x00000006fb400000, 0x00000006fd7e0000, 0x0000000700600000)
  object space 36736K, 49% used [0x00000006fb400000,0x00000006fc5afaf8,0x00000006fd7e0000)
}
Event: 8.269 GC heap before
{Heap before GC invocations=10 (full 2):
 PSYoungGen      total 478336K, used 478278K [0x00000007aacb0000, 0x00000007cdfc0000, 0x0000000800000000)
  eden space 453120K, 99% used [0x00000007aacb0000,0x00000007c672fff0,0x00000007c6730000)
  from space 25216K, 99% used [0x00000007cc720000,0x00000007cdfb1970,0x00000007cdfc0000)
  to   space 27456K, 0% used [0x00000007caa20000,0x00000007caa20000,0x00000007cc4f0000)
 ParOldGen       total 202368K, used 202299K [0x0000000700600000, 0x000000070cba0000, 0x00000007aacb0000)
  object space 202368K, 99% used [0x0000000700600000,0x000000070cb8ec58,0x000000070cba0000)
 PSPermGen       total 36736K, used 18118K [0x00000006fb400000, 0x00000006fd7e0000, 0x0000000700600000)
  object space 36736K, 49% used [0x00000006fb400000,0x00000006fc5b19b8,0x00000006fd7e0000)
Event: 8.300 GC heap after
Heap after GC invocations=10 (full 2):
 PSYoungGen      total 478336K, used 0K [0x00000007aacb0000, 0x00000007cdfc0000, 0x0000000800000000)
  eden space 453120K, 0% used [0x00000007aacb0000,0x00000007aacb0000,0x00000007c6730000)
  from space 25216K, 0% used [0x00000007cc720000,0x00000007cc720000,0x00000007cdfc0000)
  to   space 27456K, 0% used [0x00000007caa20000,0x00000007caa20000,0x00000007cc4f0000)
 ParOldGen       total 167488K, used 32766K [0x0000000700600000, 0x000000070a990000, 0x00000007aacb0000)
  object space 167488K, 19% used [0x0000000700600000,0x00000007025ff988,0x000000070a990000)
 PSPermGen       total 41024K, used 18118K [0x00000006fb400000, 0x00000006fdc10000, 0x0000000700600000)
  object space 41024K, 44% used [0x00000006fb400000,0x00000006fc5b1978,0x00000006fdc10000)
}
Event: 9.565 GC heap before
{Heap before GC invocations=11 (full 2):
 PSYoungGen      total 478336K, used 449523K [0x00000007aacb0000, 0x00000007cdfc0000, 0x0000000800000000)
  eden space 453120K, 99% used [0x00000007aacb0000,0x00000007c63acef8,0x00000007c6730000)
  from space 25216K, 0% used [0x00000007cc720000,0x00000007cc720000,0x00000007cdfc0000)
  to   space 27456K, 0% used [0x00000007caa20000,0x00000007caa20000,0x00000007cc4f0000)
 ParOldGen       total 167488K, used 38841K [0x0000000700600000, 0x000000070a990000, 0x00000007aacb0000)
  object space 167488K, 23% used [0x0000000700600000,0x0000000702bee598,0x000000070a990000)
 PSPermGen       total 41024K, used 18153K [0x00000006fb400000, 0x00000006fdc10000, 0x0000000700600000)
  object space 41024K, 44% used [0x00000006fb400000,0x00000006fc5ba740,0x00000006fdc10000)
Event: 9.574 GC heap after
Heap after GC invocations=11 (full 2):
 PSYoungGen      total 549120K, used 26874K [0x00000007aacb0000, 0x00000007d44b0000, 0x0000000800000000)
  eden space 521664K, 0% used [0x00000007aacb0000,0x00000007aacb0000,0x00000007caa20000)
  from space 27456K, 97% used [0x00000007caa20000,0x00000007cc45e9a0,0x00000007cc4f0000)
  to   space 27968K, 0% used [0x00000007d2960000,0x00000007d2960000,0x00000007d44b0000)
 ParOldGen       total 167488K, used 58315K [0x0000000700600000, 0x000000070a990000, 0x00000007aacb0000)
  object space 167488K, 34% used [0x0000000700600000,0x0000000703ef2ce8,0x000000070a990000)
 PSPermGen       total 41024K, used 18153K [0x00000006fb400000, 0x00000006fdc10000, 0x0000000700600000)
  object space 41024K, 44% used [0x00000006fb400000,0x00000006fc5ba740,0x00000006fdc10000)
}
Event: 11.371 GC heap before
{Heap before GC invocations=12 (full 3):
 PSYoungGen      total 549120K, used 548538K [0x00000007aacb0000, 0x00000007d44b0000, 0x0000000800000000)
  eden space 521664K, 100% used [0x00000007aacb0000,0x00000007caa20000,0x00000007caa20000)
  from space 27456K, 97% used [0x00000007caa20000,0x00000007cc45e9a0,0x00000007cc4f0000)
  to   space 27968K, 0% used [0x00000007d2960000,0x00000007d2960000,0x00000007d44b0000)
 ParOldGen       total 334144K, used 332240K [0x0000000700600000, 0x0000000714c50000, 0x00000007aacb0000)
  object space 334144K, 99% used [0x0000000700600000,0x0000000714a74200,0x0000000714c50000)
 PSPermGen       total 41024K, used 18167K [0x00000006fb400000, 0x00000006fdc10000, 0x0000000700600000)
  object space 41024K, 44% used [0x00000006fb400000,0x00000006fc5bdd98,0x00000006fdc10000)
Event: 11.414 GC heap after
Heap after GC invocations=12 (full 3):
 PSYoungGen      total 549120K, used 0K [0x00000007aacb0000, 0x00000007d44b0000, 0x0000000800000000)
  eden space 521664K, 0% used [0x00000007aacb0000,0x00000007aacb0000,0x00000007caa20000)
  from space 27456K, 0% used [0x00000007caa20000,0x00000007caa20000,0x00000007cc4f0000)
  to   space 27968K, 0% used [0x00000007d2960000,0x00000007d2960000,0x00000007d44b0000)
 ParOldGen       total 195904K, used 36989K [0x0000000700600000, 0x000000070c550000, 0x00000007aacb0000)
  object space 195904K, 18% used [0x0000000700600000,0x0000000702a1f480,0x000000070c550000)
 PSPermGen       total 39872K, used 18167K [0x00000006fb400000, 0x00000006fdaf0000, 0x0000000700600000)
  object space 39872K, 45% used [0x00000006fb400000,0x00000006fc5bdd98,0x00000006fdaf0000)
}
Event: 12.572 GC heap before
{Heap before GC invocations=13 (full 3):
 PSYoungGen      total 549120K, used 520811K [0x00000007aacb0000, 0x00000007d44b0000, 0x0000000800000000)
  eden space 521664K, 99% used [0x00000007aacb0000,0x00000007ca94ac38,0x00000007caa20000)
  from space 27456K, 0% used [0x00000007caa20000,0x00000007caa20000,0x00000007cc4f0000)
  to   space 27968K, 0% used [0x00000007d2960000,0x00000007d2960000,0x00000007d44b0000)
 ParOldGen       total 195904K, used 36989K [0x0000000700600000, 0x000000070c550000, 0x00000007aacb0000)
  object space 195904K, 18% used [0x0000000700600000,0x0000000702a1f480,0x000000070c550000)
 PSPermGen       total 39872K, used 18175K [0x00000006fb400000, 0x00000006fdaf0000, 0x0000000700600000)
  object space 39872K, 45% used [0x00000006fb400000,0x00000006fc5bfcf0,0x00000006fdaf0000)
Event: 12.584 GC heap after
Heap after GC invocations=13 (full 3):
 PSYoungGen      total 652032K, used 25652K [0x00000007aacb0000, 0x00000007d8fb0000, 0x0000000800000000)
  eden space 624064K, 0% used [0x00000007aacb0000,0x00000007aacb0000,0x00000007d0e20000)
  from space 27968K, 91% used [0x00000007d2960000,0x00000007d426d3f0,0x00000007d44b0000)
  to   space 27904K, 0% used [0x00000007d0e20000,0x00000007d0e20000,0x00000007d2960000)
 ParOldGen       total 195904K, used 76856K [0x0000000700600000, 0x000000070c550000, 0x00000007aacb0000)
  object space 195904K, 39% used [0x0000000700600000,0x000000070510e1b0,0x000000070c550000)
 PSPermGen       total 39872K, used 18175K [0x00000006fb400000, 0x00000006fdaf0000, 0x0000000700600000)
  object space 39872K, 45% used [0x00000006fb400000,0x00000006fc5bfcf0,0x00000006fdaf0000)
}

