# JRE version: 7.0_07-b11
# Java VM: Java HotSpot(TM) 64-Bit Server VM (23.3-b01 mixed mode windows-amd64 compressed oops)
Heap
 PSYoungGen      total 198400K, used 195057K [0x00000007aacb0000, 0x00000007b9230000, 0x0000000800000000)
  eden space 176640K, 100% used [0x00000007aacb0000,0x00000007b5930000,0x00000007b5930000)
  from space 21760K, 84% used [0x00000007b7cf0000,0x00000007b8eec430,0x00000007b9230000)
  to   space 29184K, 0% used [0x00000007b5930000,0x00000007b5930000,0x00000007b75b0000)
 ParOldGen       total 174528K, used 66734K [0x0000000700600000, 0x000000070b070000, 0x00000007aacb0000)
  object space 174528K, 38% used [0x0000000700600000,0x000000070472b938,0x000000070b070000)
 PSPermGen       total 21248K, used 17670K [0x00000006fb400000, 0x00000006fc8c0000, 0x0000000700600000)
  object space 21248K, 83% used [0x00000006fb400000,0x00000006fc541808,0x00000006fc8c0000)
GC Heap History (10 events):
Event: 23.099 GC heap before
{Heap before GC invocations=12 (full 0):
 PSYoungGen      total 232192K, used 231289K [0x00000007aacb0000, 0x00000007bbd40000, 0x0000000800000000)
  eden space 213696K, 99% used [0x00000007aacb0000,0x00000007b7c82348,0x00000007b7d60000)
  from space 18496K, 99% used [0x00000007b85c0000,0x00000007b97cc430,0x00000007b97d0000)
  to   space 32704K, 0% used [0x00000007b9d50000,0x00000007b9d50000,0x00000007bbd40000)
 ParOldGen       total 174528K, used 66670K [0x0000000700600000, 0x000000070b070000, 0x00000007aacb0000)
  object space 174528K, 38% used [0x0000000700600000,0x000000070471b938,0x000000070b070000)
 PSPermGen       total 21248K, used 17659K [0x00000006fb400000, 0x00000006fc8c0000, 0x0000000700600000)
  object space 21248K, 83% used [0x00000006fb400000,0x00000006fc53ee40,0x00000006fc8c0000)
Event: 23.102 GC heap after
Heap after GC invocations=12 (full 0):
 PSYoungGen      total 228736K, used 18385K [0x00000007aacb0000, 0x00000007bb3f0000, 0x0000000800000000)
  eden space 205568K, 0% used [0x00000007aacb0000,0x00000007aacb0000,0x00000007b7570000)
  from space 23168K, 79% used [0x00000007b9d50000,0x00000007baf44430,0x00000007bb3f0000)
  to   space 32000K, 0% used [0x00000007b7570000,0x00000007b7570000,0x00000007b94b0000)
 ParOldGen       total 174528K, used 66686K [0x0000000700600000, 0x000000070b070000, 0x00000007aacb0000)
  object space 174528K, 38% used [0x0000000700600000,0x000000070471f938,0x000000070b070000)
 PSPermGen       total 21248K, used 17659K [0x00000006fb400000, 0x00000006fc8c0000, 0x0000000700600000)
  object space 21248K, 83% used [0x00000006fb400000,0x00000006fc53ee40,0x00000006fc8c0000)
}
Event: 25.184 GC heap before
{Heap before GC invocations=13 (full 0):
 PSYoungGen      total 228736K, used 219053K [0x00000007aacb0000, 0x00000007bb3f0000, 0x0000000800000000)
  eden space 205568K, 97% used [0x00000007aacb0000,0x00000007b70a72c0,0x00000007b7570000)
  from space 23168K, 79% used [0x00000007b9d50000,0x00000007baf44430,0x00000007bb3f0000)
  to   space 32000K, 0% used [0x00000007b7570000,0x00000007b7570000,0x00000007b94b0000)
 ParOldGen       total 174528K, used 66686K [0x0000000700600000, 0x000000070b070000, 0x00000007aacb0000)
  object space 174528K, 38% used [0x0000000700600000,0x000000070471f938,0x000000070b070000)
 PSPermGen       total 21248K, used 17659K [0x00000006fb400000, 0x00000006fc8c0000, 0x0000000700600000)
  object space 21248K, 83% used [0x00000006fb400000,0x00000006fc53eee8,0x00000006fc8c0000)
Event: 25.187 GC heap after
Heap after GC invocations=13 (full 0):
 PSYoungGen      total 216320K, used 18449K [0x00000007aacb0000, 0x00000007bab00000, 0x0000000800000000)
  eden space 197824K, 0% used [0x00000007aacb0000,0x00000007aacb0000,0x00000007b6de0000)
  from space 18496K, 99% used [0x00000007b7570000,0x00000007b8774430,0x00000007b8780000)
  to   space 31296K, 0% used [0x00000007b8c70000,0x00000007b8c70000,0x00000007bab00000)
 ParOldGen       total 174528K, used 66702K [0x0000000700600000, 0x000000070b070000, 0x00000007aacb0000)
  object space 174528K, 38% used [0x0000000700600000,0x0000000704723938,0x000000070b070000)
 PSPermGen       total 21248K, used 17659K [0x00000006fb400000, 0x00000006fc8c0000, 0x0000000700600000)
  object space 21248K, 83% used [0x00000006fb400000,0x00000006fc53eee8,0x00000006fc8c0000)
}
Event: 27.208 GC heap before
{Heap before GC invocations=14 (full 0):
 PSYoungGen      total 216320K, used 212991K [0x00000007aacb0000, 0x00000007bab00000, 0x0000000800000000)
  eden space 197824K, 98% used [0x00000007aacb0000,0x00000007b6aab840,0x00000007b6de0000)
  from space 18496K, 99% used [0x00000007b7570000,0x00000007b8774430,0x00000007b8780000)
  to   space 31296K, 0% used [0x00000007b8c70000,0x00000007b8c70000,0x00000007bab00000)
 ParOldGen       total 174528K, used 66702K [0x0000000700600000, 0x000000070b070000, 0x00000007aacb0000)
  object space 174528K, 38% used [0x0000000700600000,0x0000000704723938,0x000000070b070000)
 PSPermGen       total 21248K, used 17661K [0x00000006fb400000, 0x00000006fc8c0000, 0x0000000700600000)
  object space 21248K, 83% used [0x00000006fb400000,0x00000006fc53f638,0x00000006fc8c0000)
Event: 27.210 GC heap after
Heap after GC invocations=14 (full 0):
 PSYoungGen      total 212736K, used 18449K [0x00000007aacb0000, 0x00000007ba240000, 0x0000000800000000)
  eden space 190400K, 0% used [0x00000007aacb0000,0x00000007aacb0000,0x00000007b66a0000)
  from space 22336K, 82% used [0x00000007b8c70000,0x00000007b9e74430,0x00000007ba240000)
  to   space 30528K, 0% used [0x00000007b66a0000,0x00000007b66a0000,0x00000007b8470000)
 ParOldGen       total 174528K, used 66710K [0x0000000700600000, 0x000000070b070000, 0x00000007aacb0000)
  object space 174528K, 38% used [0x0000000700600000,0x0000000704725938,0x000000070b070000)
 PSPermGen       total 21248K, used 17661K [0x00000006fb400000, 0x00000006fc8c0000, 0x0000000700600000)
  object space 21248K, 83% used [0x00000006fb400000,0x00000006fc53f638,0x00000006fc8c0000)
}
Event: 29.168 GC heap before
{Heap before GC invocations=15 (full 0):
 PSYoungGen      total 212736K, used 206910K [0x00000007aacb0000, 0x00000007ba240000, 0x0000000800000000)
  eden space 190400K, 98% used [0x00000007aacb0000,0x00000007b64bb538,0x00000007b66a0000)
  from space 22336K, 82% used [0x00000007b8c70000,0x00000007b9e74430,0x00000007ba240000)
  to   space 30528K, 0% used [0x00000007b66a0000,0x00000007b66a0000,0x00000007b8470000)
 ParOldGen       total 174528K, used 66710K [0x0000000700600000, 0x000000070b070000, 0x00000007aacb0000)
  object space 174528K, 38% used [0x0000000700600000,0x0000000704725938,0x000000070b070000)
 PSPermGen       total 21248K, used 17663K [0x00000006fb400000, 0x00000006fc8c0000, 0x0000000700600000)
  object space 21248K, 83% used [0x00000006fb400000,0x00000006fc53ff98,0x00000006fc8c0000)
Event: 29.171 GC heap after
Heap after GC invocations=15 (full 0):
 PSYoungGen      total 201792K, used 18417K [0x00000007aacb0000, 0x00000007b9a20000, 0x0000000800000000)
  eden space 183360K, 0% used [0x00000007aacb0000,0x00000007aacb0000,0x00000007b5fc0000)
  from space 18432K, 99% used [0x00000007b66a0000,0x00000007b789c430,0x00000007b78a0000)
  to   space 29888K, 0% used [0x00000007b7cf0000,0x00000007b7cf0000,0x00000007b9a20000)
 ParOldGen       total 174528K, used 66726K [0x0000000700600000, 0x000000070b070000, 0x00000007aacb0000)
  object space 174528K, 38% used [0x0000000700600000,0x0000000704729938,0x000000070b070000)
 PSPermGen       total 21248K, used 17663K [0x00000006fb400000, 0x00000006fc8c0000, 0x0000000700600000)
  object space 21248K, 83% used [0x00000006fb400000,0x00000006fc53ff98,0x00000006fc8c0000)
}
Event: 30.568 GC heap before
{Heap before GC invocations=16 (full 0):
 PSYoungGen      total 201792K, used 201168K [0x00000007aacb0000, 0x00000007b9a20000, 0x0000000800000000)
  eden space 183360K, 99% used [0x00000007aacb0000,0x00000007b5f27f60,0x00000007b5fc0000)
  from space 18432K, 99% used [0x00000007b66a0000,0x00000007b789c430,0x00000007b78a0000)
  to   space 29888K, 0% used [0x00000007b7cf0000,0x00000007b7cf0000,0x00000007b9a20000)
 ParOldGen       total 174528K, used 66726K [0x0000000700600000, 0x000000070b070000, 0x00000007aacb0000)
  object space 174528K, 38% used [0x0000000700600000,0x0000000704729938,0x000000070b070000)
 PSPermGen       total 21248K, used 17669K [0x00000006fb400000, 0x00000006fc8c0000, 0x0000000700600000)
  object space 21248K, 83% used [0x00000006fb400000,0x00000006fc541460,0x00000006fc8c0000)
Event: 30.570 GC heap after
Heap after GC invocations=16 (full 0):
 PSYoungGen      total 198400K, used 18417K [0x00000007aacb0000, 0x00000007b9230000, 0x0000000800000000)
  eden space 176640K, 0% used [0x00000007aacb0000,0x00000007aacb0000,0x00000007b5930000)
  from space 21760K, 84% used [0x00000007b7cf0000,0x00000007b8eec430,0x00000007b9230000)
  to   space 29184K, 0% used [0x00000007b5930000,0x00000007b5930000,0x00000007b75b0000)
 ParOldGen       total 174528K, used 66734K [0x0000000700600000, 0x000000070b070000, 0x00000007aacb0000)
  object space 174528K, 38% used [0x0000000700600000,0x000000070472b938,0x000000070b070000)
 PSPermGen       total 21248K, used 17669K [0x00000006fb400000, 0x00000006fc8c0000, 0x0000000700600000)
  object space 21248K, 83% used [0x00000006fb400000,0x00000006fc541460,0x00000006fc8c0000)
}

