# JRE version: 7.0_07-b11
# Java VM: Java HotSpot(TM) 64-Bit Server VM (23.3-b01 mixed mode windows-amd64 compressed oops)
Heap
 PSYoungGen      total 1318272K, used 1006276K [0x00000007aacb0000, 0x0000000800000000, 0x0000000800000000)
  eden space 1239872K, 77% used [0x00000007aacb0000,0x00000007e53e2848,0x00000007f6780000)
  from space 78400K, 62% used [0x00000007fb370000,0x00000007fe2eeb70,0x0000000800000000)
  to   space 77760K, 0% used [0x00000007f6780000,0x00000007f6780000,0x00000007fb370000)
 ParOldGen       total 394112K, used 342658K [0x0000000700600000, 0x00000007186e0000, 0x00000007aacb0000)
  object space 394112K, 86% used [0x0000000700600000,0x00000007154a0b08,0x00000007186e0000)
 PSPermGen       total 36096K, used 18179K [0x00000006fb400000, 0x00000006fd740000, 0x0000000700600000)
  object space 36096K, 50% used [0x00000006fb400000,0x00000006fc5c0c20,0x00000006fd740000)
GC Heap History (10 events):
Event: 50.959 GC heap before
{Heap before GC invocations=31 (full 5):
 PSYoungGen      total 1322176K, used 1290548K [0x00000007aacb0000, 0x0000000800000000, 0x0000000800000000)
  eden space 1248320K, 99% used [0x00000007aacb0000,0x00000007f6f837c8,0x00000007f6fc0000)
  from space 73856K, 57% used [0x00000007f6fc0000,0x00000007f99398d8,0x00000007fb7e0000)
  to   space 72960K, 0% used [0x00000007fb8c0000,0x00000007fb8c0000,0x0000000800000000)
 ParOldGen       total 394112K, used 298683K [0x0000000700600000, 0x00000007186e0000, 0x00000007aacb0000)
  object space 394112K, 75% used [0x0000000700600000,0x00000007129aeec8,0x00000007186e0000)
 PSPermGen       total 36096K, used 18146K [0x00000006fb400000, 0x00000006fd740000, 0x0000000700600000)
  object space 36096K, 50% used [0x00000006fb400000,0x00000006fc5b8bf0,0x00000006fd740000)
Event: 50.966 GC heap after
Heap after GC invocations=31 (full 5):
 PSYoungGen      total 1321664K, used 47016K [0x00000007aacb0000, 0x0000000800000000, 0x0000000800000000)
  eden space 1248704K, 0% used [0x00000007aacb0000,0x00000007aacb0000,0x00000007f7020000)
  from space 72960K, 64% used [0x00000007fb8c0000,0x00000007fe6aa330,0x0000000800000000)
  to   space 73664K, 0% used [0x00000007f7020000,0x00000007f7020000,0x00000007fb810000)
 ParOldGen       total 394112K, used 298683K [0x0000000700600000, 0x00000007186e0000, 0x00000007aacb0000)
  object space 394112K, 75% used [0x0000000700600000,0x00000007129aeec8,0x00000007186e0000)
 PSPermGen       total 36096K, used 18146K [0x00000006fb400000, 0x00000006fd740000, 0x0000000700600000)
  object space 36096K, 50% used [0x00000006fb400000,0x00000006fc5b8bf0,0x00000006fd740000)
}
Event: 53.666 GC heap before
{Heap before GC invocations=32 (full 5):
 PSYoungGen      total 1321664K, used 1295224K [0x00000007aacb0000, 0x0000000800000000, 0x0000000800000000)
  eden space 1248704K, 99% used [0x00000007aacb0000,0x00000007f6fa3d88,0x00000007f7020000)
  from space 72960K, 64% used [0x00000007fb8c0000,0x00000007fe6aa330,0x0000000800000000)
  to   space 73664K, 0% used [0x00000007f7020000,0x00000007f7020000,0x00000007fb810000)
 ParOldGen       total 394112K, used 298683K [0x0000000700600000, 0x00000007186e0000, 0x00000007aacb0000)
  object space 394112K, 75% used [0x0000000700600000,0x00000007129aeec8,0x00000007186e0000)
 PSPermGen       total 36096K, used 18147K [0x00000006fb400000, 0x00000006fd740000, 0x0000000700600000)
  object space 36096K, 50% used [0x00000006fb400000,0x00000006fc5b8e40,0x00000006fd740000)
Event: 53.672 GC heap after
Heap after GC invocations=32 (full 5):
 PSYoungGen      total 1283008K, used 34263K [0x00000007aacb0000, 0x00000007ff9f0000, 0x0000000800000000)
  eden space 1248704K, 0% used [0x00000007aacb0000,0x00000007aacb0000,0x00000007f7020000)
  from space 34304K, 99% used [0x00000007f7020000,0x00000007f9195d48,0x00000007f91a0000)
  to   space 70208K, 0% used [0x00000007fb560000,0x00000007fb560000,0x00000007ff9f0000)
 ParOldGen       total 394112K, used 298683K [0x0000000700600000, 0x00000007186e0000, 0x00000007aacb0000)
  object space 394112K, 75% used [0x0000000700600000,0x00000007129aeec8,0x00000007186e0000)
 PSPermGen       total 36096K, used 18147K [0x00000006fb400000, 0x00000006fd740000, 0x0000000700600000)
  object space 36096K, 50% used [0x00000006fb400000,0x00000006fc5b8e40,0x00000006fd740000)
}
Event: 56.395 GC heap before
{Heap before GC invocations=33 (full 5):
 PSYoungGen      total 1283008K, used 1277559K [0x00000007aacb0000, 0x00000007ff9f0000, 0x0000000800000000)
  eden space 1248704K, 99% used [0x00000007aacb0000,0x00000007f6ad7ff8,0x00000007f7020000)
  from space 34304K, 99% used [0x00000007f7020000,0x00000007f9195d48,0x00000007f91a0000)
  to   space 70208K, 0% used [0x00000007fb560000,0x00000007fb560000,0x00000007ff9f0000)
 ParOldGen       total 394112K, used 298683K [0x0000000700600000, 0x00000007186e0000, 0x00000007aacb0000)
  object space 394112K, 75% used [0x0000000700600000,0x00000007129aeec8,0x00000007186e0000)
 PSPermGen       total 36096K, used 18157K [0x00000006fb400000, 0x00000006fd740000, 0x0000000700600000)
  object space 36096K, 50% used [0x00000006fb400000,0x00000006fc5bb670,0x00000006fd740000)
Event: 56.403 GC heap after
Heap after GC invocations=33 (full 5):
 PSYoungGen      total 1316096K, used 54637K [0x00000007aacb0000, 0x0000000800000000, 0x0000000800000000)
  eden space 1245888K, 0% used [0x00000007aacb0000,0x00000007aacb0000,0x00000007f6d60000)
  from space 70208K, 77% used [0x00000007fb560000,0x00000007feabb550,0x00000007ff9f0000)
  to   space 73728K, 0% used [0x00000007f6d60000,0x00000007f6d60000,0x00000007fb560000)
 ParOldGen       total 394112K, used 298683K [0x0000000700600000, 0x00000007186e0000, 0x00000007aacb0000)
  object space 394112K, 75% used [0x0000000700600000,0x00000007129aeec8,0x00000007186e0000)
 PSPermGen       total 36096K, used 18157K [0x00000006fb400000, 0x00000006fd740000, 0x0000000700600000)
  object space 36096K, 50% used [0x00000006fb400000,0x00000006fc5bb670,0x00000006fd740000)
}
Event: 59.152 GC heap before
{Heap before GC invocations=34 (full 5):
 PSYoungGen      total 1316096K, used 1300479K [0x00000007aacb0000, 0x0000000800000000, 0x0000000800000000)
  eden space 1245888K, 99% used [0x00000007aacb0000,0x00000007f6d549f0,0x00000007f6d60000)
  from space 70208K, 77% used [0x00000007fb560000,0x00000007feabb550,0x00000007ff9f0000)
  to   space 73728K, 0% used [0x00000007f6d60000,0x00000007f6d60000,0x00000007fb560000)
 ParOldGen       total 394112K, used 300846K [0x0000000700600000, 0x00000007186e0000, 0x00000007aacb0000)
  object space 394112K, 76% used [0x0000000700600000,0x0000000712bcb9b0,0x00000007186e0000)
 PSPermGen       total 36096K, used 18162K [0x00000006fb400000, 0x00000006fd740000, 0x0000000700600000)
  object space 36096K, 50% used [0x00000006fb400000,0x00000006fc5bcbc8,0x00000006fd740000)
Event: 59.160 GC heap after
Heap after GC invocations=34 (full 5):
 PSYoungGen      total 1306176K, used 60246K [0x00000007aacb0000, 0x0000000800000000, 0x0000000800000000)
  eden space 1245888K, 0% used [0x00000007aacb0000,0x00000007aacb0000,0x00000007f6d60000)
  from space 60288K, 99% used [0x00000007f6d60000,0x00000007fa835a70,0x00000007fa840000)
  to   space 78400K, 0% used [0x00000007fb370000,0x00000007fb370000,0x0000000800000000)
 ParOldGen       total 394112K, used 300846K [0x0000000700600000, 0x00000007186e0000, 0x00000007aacb0000)
  object space 394112K, 76% used [0x0000000700600000,0x0000000712bcb9b0,0x00000007186e0000)
 PSPermGen       total 36096K, used 18162K [0x00000006fb400000, 0x00000006fd740000, 0x0000000700600000)
  object space 36096K, 50% used [0x00000006fb400000,0x00000006fc5bcbc8,0x00000006fd740000)
}
Event: 61.997 GC heap before
{Heap before GC invocations=35 (full 5):
 PSYoungGen      total 1306176K, used 1306134K [0x00000007aacb0000, 0x0000000800000000, 0x0000000800000000)
  eden space 1245888K, 100% used [0x00000007aacb0000,0x00000007f6d60000,0x00000007f6d60000)
  from space 60288K, 99% used [0x00000007f6d60000,0x00000007fa835a70,0x00000007fa840000)
  to   space 78400K, 0% used [0x00000007fb370000,0x00000007fb370000,0x0000000800000000)
 ParOldGen       total 394112K, used 342658K [0x0000000700600000, 0x00000007186e0000, 0x00000007aacb0000)
  object space 394112K, 86% used [0x0000000700600000,0x00000007154a0b08,0x00000007186e0000)
 PSPermGen       total 36096K, used 18167K [0x00000006fb400000, 0x00000006fd740000, 0x0000000700600000)
  object space 36096K, 50% used [0x00000006fb400000,0x00000006fc5bdde8,0x00000006fd740000)
Event: 62.004 GC heap after
Heap after GC invocations=35 (full 5):
 PSYoungGen      total 1318272K, used 48634K [0x00000007aacb0000, 0x0000000800000000, 0x0000000800000000)
  eden space 1239872K, 0% used [0x00000007aacb0000,0x00000007aacb0000,0x00000007f6780000)
  from space 78400K, 62% used [0x00000007fb370000,0x00000007fe2eeb70,0x0000000800000000)
  to   space 77760K, 0% used [0x00000007f6780000,0x00000007f6780000,0x00000007fb370000)
 ParOldGen       total 394112K, used 342658K [0x0000000700600000, 0x00000007186e0000, 0x00000007aacb0000)
  object space 394112K, 86% used [0x0000000700600000,0x00000007154a0b08,0x00000007186e0000)
 PSPermGen       total 36096K, used 18167K [0x00000006fb400000, 0x00000006fd740000, 0x0000000700600000)
  object space 36096K, 50% used [0x00000006fb400000,0x00000006fc5bdde8,0x00000006fd740000)
}

