# JRE version: 7.0_07-b11
# Java VM: Java HotSpot(TM) 64-Bit Server VM (23.3-b01 mixed mode windows-amd64 compressed oops)
Heap
 PSYoungGen      total 406272K, used 51840K [0x00000007aacb0000, 0x00000007c7230000, 0x0000000800000000)
  eden space 358912K, 4% used [0x00000007aacb0000,0x00000007abcf5e48,0x00000007c0b30000)
  from space 47360K, 74% used [0x00000007c3c90000,0x00000007c5eea1e8,0x00000007c6ad0000)
  to   space 50560K, 0% used [0x00000007c0b30000,0x00000007c0b30000,0x00000007c3c90000)
 ParOldGen       total 232704K, used 44353K [0x0000000700600000, 0x000000070e940000, 0x00000007aacb0000)
  object space 232704K, 19% used [0x0000000700600000,0x0000000703150798,0x000000070e940000)
 PSPermGen       total 39744K, used 18113K [0x00000006fb400000, 0x00000006fdad0000, 0x0000000700600000)
  object space 39744K, 45% used [0x00000006fb400000,0x00000006fc5b0640,0x00000006fdad0000)
GC Heap History (10 events):
Event: 8.335 GC heap before
{Heap before GC invocations=7 (full 1):
 PSYoungGen      total 291776K, used 290087K [0x00000007aacb0000, 0x00000007c0610000, 0x0000000800000000)
  eden space 253888K, 100% used [0x00000007aacb0000,0x00000007ba4a0000,0x00000007ba4a0000)
  from space 37888K, 95% used [0x00000007bd170000,0x00000007bf4c9c20,0x00000007bf670000)
  to   space 45888K, 0% used [0x00000007ba4a0000,0x00000007ba4a0000,0x00000007bd170000)
 ParOldGen       total 319488K, used 318560K [0x0000000700600000, 0x0000000713e00000, 0x00000007aacb0000)
  object space 319488K, 99% used [0x0000000700600000,0x0000000713d181a8,0x0000000713e00000)
 PSPermGen       total 21248K, used 18067K [0x00000006fb400000, 0x00000006fc8c0000, 0x0000000700600000)
  object space 21248K, 85% used [0x00000006fb400000,0x00000006fc5a4ee8,0x00000006fc8c0000)
Event: 8.394 GC heap after
Heap after GC invocations=7 (full 1):
 PSYoungGen      total 291776K, used 0K [0x00000007aacb0000, 0x00000007c0610000, 0x0000000800000000)
  eden space 253888K, 0% used [0x00000007aacb0000,0x00000007aacb0000,0x00000007ba4a0000)
  from space 37888K, 0% used [0x00000007bd170000,0x00000007bd170000,0x00000007bf670000)
  to   space 45888K, 0% used [0x00000007ba4a0000,0x00000007ba4a0000,0x00000007bd170000)
 ParOldGen       total 163968K, used 48023K [0x0000000700600000, 0x000000070a620000, 0x00000007aacb0000)
  object space 163968K, 29% used [0x0000000700600000,0x00000007034e5f50,0x000000070a620000)
 PSPermGen       total 36672K, used 18060K [0x00000006fb400000, 0x00000006fd7d0000, 0x0000000700600000)
  object space 36672K, 49% used [0x00000006fb400000,0x00000006fc5a3330,0x00000006fd7d0000)
}
Event: 9.535 GC heap before
{Heap before GC invocations=8 (full 2):
 PSYoungGen      total 291776K, used 253888K [0x00000007aacb0000, 0x00000007c0610000, 0x0000000800000000)
  eden space 253888K, 100% used [0x00000007aacb0000,0x00000007ba4a0000,0x00000007ba4a0000)
  from space 37888K, 0% used [0x00000007bd170000,0x00000007bd170000,0x00000007bf670000)
  to   space 45888K, 0% used [0x00000007ba4a0000,0x00000007ba4a0000,0x00000007bd170000)
 ParOldGen       total 306624K, used 306592K [0x0000000700600000, 0x0000000713170000, 0x00000007aacb0000)
  object space 306624K, 99% used [0x0000000700600000,0x0000000713168010,0x0000000713170000)
 PSPermGen       total 36672K, used 18066K [0x00000006fb400000, 0x00000006fd7d0000, 0x0000000700600000)
  object space 36672K, 49% used [0x00000006fb400000,0x00000006fc5a4ad8,0x00000006fd7d0000)
Event: 9.569 GC heap after
Heap after GC invocations=8 (full 2):
 PSYoungGen      total 291776K, used 0K [0x00000007aacb0000, 0x00000007c0610000, 0x0000000800000000)
  eden space 253888K, 0% used [0x00000007aacb0000,0x00000007aacb0000,0x00000007ba4a0000)
  from space 37888K, 0% used [0x00000007bd170000,0x00000007bd170000,0x00000007bf670000)
  to   space 45888K, 0% used [0x00000007ba4a0000,0x00000007ba4a0000,0x00000007bd170000)
 ParOldGen       total 200320K, used 48020K [0x0000000700600000, 0x000000070c9a0000, 0x00000007aacb0000)
  object space 200320K, 23% used [0x0000000700600000,0x00000007034e5188,0x000000070c9a0000)
 PSPermGen       total 40960K, used 18066K [0x00000006fb400000, 0x00000006fdc00000, 0x0000000700600000)
  object space 40960K, 44% used [0x00000006fb400000,0x00000006fc5a4ad8,0x00000006fdc00000)
}
Event: 10.736 GC heap before
{Heap before GC invocations=9 (full 3):
 PSYoungGen      total 291776K, used 253888K [0x00000007aacb0000, 0x00000007c0610000, 0x0000000800000000)
  eden space 253888K, 100% used [0x00000007aacb0000,0x00000007ba4a0000,0x00000007ba4a0000)
  from space 37888K, 0% used [0x00000007bd170000,0x00000007bd170000,0x00000007bf670000)
  to   space 45888K, 0% used [0x00000007ba4a0000,0x00000007ba4a0000,0x00000007bd170000)
 ParOldGen       total 312384K, used 312326K [0x0000000700600000, 0x0000000713710000, 0x00000007aacb0000)
  object space 312384K, 99% used [0x0000000700600000,0x0000000713701838,0x0000000713710000)
 PSPermGen       total 40960K, used 18073K [0x00000006fb400000, 0x00000006fdc00000, 0x0000000700600000)
  object space 40960K, 44% used [0x00000006fb400000,0x00000006fc5a6660,0x00000006fdc00000)
Event: 10.776 GC heap after
Heap after GC invocations=9 (full 3):
 PSYoungGen      total 291776K, used 0K [0x00000007aacb0000, 0x00000007c0610000, 0x0000000800000000)
  eden space 253888K, 0% used [0x00000007aacb0000,0x00000007aacb0000,0x00000007ba4a0000)
  from space 37888K, 0% used [0x00000007bd170000,0x00000007bd170000,0x00000007bf670000)
  to   space 45888K, 0% used [0x00000007ba4a0000,0x00000007ba4a0000,0x00000007bd170000)
 ParOldGen       total 232704K, used 44353K [0x0000000700600000, 0x000000070e940000, 0x00000007aacb0000)
  object space 232704K, 19% used [0x0000000700600000,0x0000000703150798,0x000000070e940000)
 PSPermGen       total 39744K, used 18073K [0x00000006fb400000, 0x00000006fdad0000, 0x0000000700600000)
  object space 39744K, 45% used [0x00000006fb400000,0x00000006fc5a6660,0x00000006fdad0000)
}
Event: 11.356 GC heap before
{Heap before GC invocations=10 (full 3):
 PSYoungGen      total 291776K, used 251930K [0x00000007aacb0000, 0x00000007c0610000, 0x0000000800000000)
  eden space 253888K, 99% used [0x00000007aacb0000,0x00000007ba2b6b78,0x00000007ba4a0000)
  from space 37888K, 0% used [0x00000007bd170000,0x00000007bd170000,0x00000007bf670000)
  to   space 45888K, 0% used [0x00000007ba4a0000,0x00000007ba4a0000,0x00000007bd170000)
 ParOldGen       total 232704K, used 44353K [0x0000000700600000, 0x000000070e940000, 0x00000007aacb0000)
  object space 232704K, 19% used [0x0000000700600000,0x0000000703150798,0x000000070e940000)
 PSPermGen       total 39744K, used 18076K [0x00000006fb400000, 0x00000006fdad0000, 0x0000000700600000)
  object space 39744K, 45% used [0x00000006fb400000,0x00000006fc5a73a8,0x00000006fdad0000)
Event: 11.363 GC heap after
Heap after GC invocations=10 (full 3):
 PSYoungGen      total 299776K, used 29407K [0x00000007aacb0000, 0x00000007c6ad0000, 0x0000000800000000)
  eden space 253888K, 0% used [0x00000007aacb0000,0x00000007aacb0000,0x00000007ba4a0000)
  from space 45888K, 64% used [0x00000007ba4a0000,0x00000007bc157ee0,0x00000007bd170000)
  to   space 47360K, 0% used [0x00000007c3c90000,0x00000007c3c90000,0x00000007c6ad0000)
 ParOldGen       total 232704K, used 44353K [0x0000000700600000, 0x000000070e940000, 0x00000007aacb0000)
  object space 232704K, 19% used [0x0000000700600000,0x0000000703150798,0x000000070e940000)
 PSPermGen       total 39744K, used 18076K [0x00000006fb400000, 0x00000006fdad0000, 0x0000000700600000)
  object space 39744K, 45% used [0x00000006fb400000,0x00000006fc5a73a8,0x00000006fdad0000)
}
Event: 11.924 GC heap before
{Heap before GC invocations=11 (full 3):
 PSYoungGen      total 299776K, used 279717K [0x00000007aacb0000, 0x00000007c6ad0000, 0x0000000800000000)
  eden space 253888K, 98% used [0x00000007aacb0000,0x00000007ba1216d8,0x00000007ba4a0000)
  from space 45888K, 64% used [0x00000007ba4a0000,0x00000007bc157ee0,0x00000007bd170000)
  to   space 47360K, 0% used [0x00000007c3c90000,0x00000007c3c90000,0x00000007c6ad0000)
 ParOldGen       total 232704K, used 44353K [0x0000000700600000, 0x000000070e940000, 0x00000007aacb0000)
  object space 232704K, 19% used [0x0000000700600000,0x0000000703150798,0x000000070e940000)
 PSPermGen       total 39744K, used 18086K [0x00000006fb400000, 0x00000006fdad0000, 0x0000000700600000)
  object space 39744K, 45% used [0x00000006fb400000,0x00000006fc5a9a88,0x00000006fdad0000)
Event: 11.933 GC heap after
Heap after GC invocations=11 (full 3):
 PSYoungGen      total 406272K, used 35176K [0x00000007aacb0000, 0x00000007c7230000, 0x0000000800000000)
  eden space 358912K, 0% used [0x00000007aacb0000,0x00000007aacb0000,0x00000007c0b30000)
  from space 47360K, 74% used [0x00000007c3c90000,0x00000007c5eea1e8,0x00000007c6ad0000)
  to   space 50560K, 0% used [0x00000007c0b30000,0x00000007c0b30000,0x00000007c3c90000)
 ParOldGen       total 232704K, used 44353K [0x0000000700600000, 0x000000070e940000, 0x00000007aacb0000)
  object space 232704K, 19% used [0x0000000700600000,0x0000000703150798,0x000000070e940000)
 PSPermGen       total 39744K, used 18086K [0x00000006fb400000, 0x00000006fdad0000, 0x0000000700600000)
  object space 39744K, 45% used [0x00000006fb400000,0x00000006fc5a9a88,0x00000006fdad0000)
}

