# JRE version: 7.0_07-b11
# Java VM: Java HotSpot(TM) 64-Bit Server VM (23.3-b01 mixed mode windows-amd64 compressed oops)
Heap
 PSYoungGen      total 544192K, used 54551K [0x00000007aacb0000, 0x00000007db750000, 0x0000000800000000)
  eden space 516544K, 10% used [0x00000007aacb0000,0x00000007ae1f5c18,0x00000007ca520000)
  from space 27648K, 0% used [0x00000007ca520000,0x00000007ca520000,0x00000007cc020000)
  to   space 30080K, 0% used [0x00000007d99f0000,0x00000007d99f0000,0x00000007db750000)
 ParOldGen       total 197056K, used 25286K [0x0000000700600000, 0x000000070c670000, 0x00000007aacb0000)
  object space 197056K, 12% used [0x0000000700600000,0x0000000701eb1998,0x000000070c670000)
 PSPermGen       total 39296K, used 17891K [0x00000006fb400000, 0x00000006fda60000, 0x0000000700600000)
  object space 39296K, 45% used [0x00000006fb400000,0x00000006fc578d68,0x00000006fda60000)
GC Heap History (10 events):
Event: 5.408 GC heap before
{Heap before GC invocations=8 (full 0):
 PSYoungGen      total 281600K, used 279879K [0x00000007aacb0000, 0x00000007cd850000, 0x0000000800000000)
  eden space 259712K, 99% used [0x00000007aacb0000,0x00000007ba8a2d70,0x00000007baa50000)
  from space 21888K, 99% used [0x00000007baa50000,0x00000007bbfaf050,0x00000007bbfb0000)
  to   space 24768K, 0% used [0x00000007cc020000,0x00000007cc020000,0x00000007cd850000)
 ParOldGen       total 174528K, used 111709K [0x0000000700600000, 0x000000070b070000, 0x00000007aacb0000)
  object space 174528K, 64% used [0x0000000700600000,0x00000007073176a8,0x000000070b070000)
 PSPermGen       total 21248K, used 17840K [0x00000006fb400000, 0x00000006fc8c0000, 0x0000000700600000)
  object space 21248K, 83% used [0x00000006fb400000,0x00000006fc56c178,0x00000006fc8c0000)
Event: 5.424 GC heap after
Heap after GC invocations=8 (full 0):
 PSYoungGen      total 541312K, used 24259K [0x00000007aacb0000, 0x00000007cddf0000, 0x0000000800000000)
  eden space 516544K, 0% used [0x00000007aacb0000,0x00000007aacb0000,0x00000007ca520000)
  from space 24768K, 97% used [0x00000007cc020000,0x00000007cd7d0f70,0x00000007cd850000)
  to   space 27648K, 0% used [0x00000007ca520000,0x00000007ca520000,0x00000007cc020000)
 ParOldGen       total 174528K, used 152281K [0x0000000700600000, 0x000000070b070000, 0x00000007aacb0000)
  object space 174528K, 87% used [0x0000000700600000,0x0000000709ab6468,0x000000070b070000)
 PSPermGen       total 21248K, used 17840K [0x00000006fb400000, 0x00000006fc8c0000, 0x0000000700600000)
  object space 21248K, 83% used [0x00000006fb400000,0x00000006fc56c178,0x00000006fc8c0000)
}
Event: 5.424 GC heap before
{Heap before GC invocations=9 (full 1):
 PSYoungGen      total 541312K, used 24259K [0x00000007aacb0000, 0x00000007cddf0000, 0x0000000800000000)
  eden space 516544K, 0% used [0x00000007aacb0000,0x00000007aacb0000,0x00000007ca520000)
  from space 24768K, 97% used [0x00000007cc020000,0x00000007cd7d0f70,0x00000007cd850000)
  to   space 27648K, 0% used [0x00000007ca520000,0x00000007ca520000,0x00000007cc020000)
 ParOldGen       total 174528K, used 152281K [0x0000000700600000, 0x000000070b070000, 0x00000007aacb0000)
  object space 174528K, 87% used [0x0000000700600000,0x0000000709ab6468,0x000000070b070000)
 PSPermGen       total 21248K, used 17840K [0x00000006fb400000, 0x00000006fc8c0000, 0x0000000700600000)
  object space 21248K, 83% used [0x00000006fb400000,0x00000006fc56c178,0x00000006fc8c0000)
Event: 5.471 GC heap after
Heap after GC invocations=9 (full 1):
 PSYoungGen      total 541312K, used 0K [0x00000007aacb0000, 0x00000007cddf0000, 0x0000000800000000)
  eden space 516544K, 0% used [0x00000007aacb0000,0x00000007aacb0000,0x00000007ca520000)
  from space 24768K, 0% used [0x00000007cc020000,0x00000007cc020000,0x00000007cd850000)
  to   space 27648K, 0% used [0x00000007ca520000,0x00000007ca520000,0x00000007cc020000)
 ParOldGen       total 146048K, used 24877K [0x0000000700600000, 0x00000007094a0000, 0x00000007aacb0000)
  object space 146048K, 17% used [0x0000000700600000,0x0000000701e4b788,0x00000007094a0000)
 PSPermGen       total 36224K, used 17833K [0x00000006fb400000, 0x00000006fd760000, 0x0000000700600000)
  object space 36224K, 49% used [0x00000006fb400000,0x00000006fc56a770,0x00000006fd760000)
}
Event: 6.444 GC heap before
{Heap before GC invocations=10 (full 1):
 PSYoungGen      total 541312K, used 513725K [0x00000007aacb0000, 0x00000007cddf0000, 0x0000000800000000)
  eden space 516544K, 99% used [0x00000007aacb0000,0x00000007ca25f560,0x00000007ca520000)
  from space 24768K, 0% used [0x00000007cc020000,0x00000007cc020000,0x00000007cd850000)
  to   space 27648K, 0% used [0x00000007ca520000,0x00000007ca520000,0x00000007cc020000)
 ParOldGen       total 146048K, used 37027K [0x0000000700600000, 0x00000007094a0000, 0x00000007aacb0000)
  object space 146048K, 25% used [0x0000000700600000,0x0000000702a28fa8,0x00000007094a0000)
 PSPermGen       total 36224K, used 17875K [0x00000006fb400000, 0x00000006fd760000, 0x0000000700600000)
  object space 36224K, 49% used [0x00000006fb400000,0x00000006fc574cb8,0x00000006fd760000)
Event: 6.452 GC heap after
Heap after GC invocations=10 (full 1):
 PSYoungGen      total 544192K, used 25347K [0x00000007aacb0000, 0x00000007db750000, 0x0000000800000000)
  eden space 516544K, 0% used [0x00000007aacb0000,0x00000007aacb0000,0x00000007ca520000)
  from space 27648K, 91% used [0x00000007ca520000,0x00000007cbde0dd0,0x00000007cc020000)
  to   space 30080K, 0% used [0x00000007d99f0000,0x00000007d99f0000,0x00000007db750000)
 ParOldGen       total 146048K, used 58670K [0x0000000700600000, 0x00000007094a0000, 0x00000007aacb0000)
  object space 146048K, 40% used [0x0000000700600000,0x0000000703f4b8a8,0x00000007094a0000)
 PSPermGen       total 36224K, used 17875K [0x00000006fb400000, 0x00000006fd760000, 0x0000000700600000)
  object space 36224K, 49% used [0x00000006fb400000,0x00000006fc574cb8,0x00000006fd760000)
}
Event: 7.977 GC heap before
{Heap before GC invocations=11 (full 2):
 PSYoungGen      total 544192K, used 541800K [0x00000007aacb0000, 0x00000007db750000, 0x0000000800000000)
  eden space 516544K, 99% used [0x00000007aacb0000,0x00000007ca509370,0x00000007ca520000)
  from space 27648K, 91% used [0x00000007ca520000,0x00000007cbde0dd0,0x00000007cc020000)
  to   space 30080K, 0% used [0x00000007d99f0000,0x00000007d99f0000,0x00000007db750000)
 ParOldGen       total 315456K, used 315339K [0x0000000700600000, 0x0000000713a10000, 0x00000007aacb0000)
  object space 315456K, 99% used [0x0000000700600000,0x00000007139f2fb8,0x0000000713a10000)
 PSPermGen       total 36224K, used 17882K [0x00000006fb400000, 0x00000006fd760000, 0x0000000700600000)
  object space 36224K, 49% used [0x00000006fb400000,0x00000006fc576ad0,0x00000006fd760000)
Event: 8.019 GC heap after
Heap after GC invocations=11 (full 2):
 PSYoungGen      total 544192K, used 0K [0x00000007aacb0000, 0x00000007db750000, 0x0000000800000000)
  eden space 516544K, 0% used [0x00000007aacb0000,0x00000007aacb0000,0x00000007ca520000)
  from space 27648K, 0% used [0x00000007ca520000,0x00000007ca520000,0x00000007cc020000)
  to   space 30080K, 0% used [0x00000007d99f0000,0x00000007d99f0000,0x00000007db750000)
 ParOldGen       total 176128K, used 28739K [0x0000000700600000, 0x000000070b200000, 0x00000007aacb0000)
  object space 176128K, 16% used [0x0000000700600000,0x0000000702210ed8,0x000000070b200000)
 PSPermGen       total 40448K, used 17882K [0x00000006fb400000, 0x00000006fdb80000, 0x0000000700600000)
  object space 40448K, 44% used [0x00000006fb400000,0x00000006fc576a60,0x00000006fdb80000)
}
Event: 9.610 GC heap before
{Heap before GC invocations=12 (full 3):
 PSYoungGen      total 544192K, used 516502K [0x00000007aacb0000, 0x00000007db750000, 0x0000000800000000)
  eden space 516544K, 99% used [0x00000007aacb0000,0x00000007ca515b68,0x00000007ca520000)
  from space 27648K, 0% used [0x00000007ca520000,0x00000007ca520000,0x00000007cc020000)
  to   space 30080K, 0% used [0x00000007d99f0000,0x00000007d99f0000,0x00000007db750000)
 ParOldGen       total 331456K, used 330592K [0x0000000700600000, 0x00000007149b0000, 0x00000007aacb0000)
  object space 331456K, 99% used [0x0000000700600000,0x00000007148d8128,0x00000007149b0000)
 PSPermGen       total 40448K, used 17886K [0x00000006fb400000, 0x00000006fdb80000, 0x0000000700600000)
  object space 40448K, 44% used [0x00000006fb400000,0x00000006fc577968,0x00000006fdb80000)
Event: 9.648 GC heap after
Heap after GC invocations=12 (full 3):
 PSYoungGen      total 544192K, used 0K [0x00000007aacb0000, 0x00000007db750000, 0x0000000800000000)
  eden space 516544K, 0% used [0x00000007aacb0000,0x00000007aacb0000,0x00000007ca520000)
  from space 27648K, 0% used [0x00000007ca520000,0x00000007ca520000,0x00000007cc020000)
  to   space 30080K, 0% used [0x00000007d99f0000,0x00000007d99f0000,0x00000007db750000)
 ParOldGen       total 197056K, used 25286K [0x0000000700600000, 0x000000070c670000, 0x00000007aacb0000)
  object space 197056K, 12% used [0x0000000700600000,0x0000000701eb1998,0x000000070c670000)
 PSPermGen       total 39296K, used 17886K [0x00000006fb400000, 0x00000006fda60000, 0x0000000700600000)
  object space 39296K, 45% used [0x00000006fb400000,0x00000006fc577968,0x00000006fda60000)
}

