# JRE version: 7.0_07-b11
# Java VM: Java HotSpot(TM) 64-Bit Server VM (23.3-b01 mixed mode windows-amd64 compressed oops)
Heap
 PSYoungGen      total 1328256K, used 650727K [0x00000007aacb0000, 0x00000007ff310000, 0x0000000800000000)
  eden space 1302784K, 49% used [0x00000007aacb0000,0x00000007d2829cd0,0x00000007fa4f0000)
  from space 25472K, 0% used [0x00000007fda30000,0x00000007fda30000,0x00000007ff310000)
  to   space 40000K, 0% used [0x00000007fa4f0000,0x00000007fa4f0000,0x00000007fcc00000)
 ParOldGen       total 420480K, used 38189K [0x0000000700600000, 0x000000071a0a0000, 0x00000007aacb0000)
  object space 420480K, 9% used [0x0000000700600000,0x0000000702b4b458,0x000000071a0a0000)
 PSPermGen       total 34240K, used 18208K [0x00000006fb400000, 0x00000006fd570000, 0x0000000700600000)
  object space 34240K, 53% used [0x00000006fb400000,0x00000006fc5c80e8,0x00000006fd570000)
GC Heap History (10 events):
Event: 28.106 GC heap before
{Heap before GC invocations=22 (full 4):
 PSYoungGen      total 1152064K, used 1125470K [0x00000007aacb0000, 0x00000007f9750000, 0x0000000800000000)
  eden space 1115200K, 99% used [0x00000007aacb0000,0x00000007eed4d168,0x00000007eedc0000)
  from space 36864K, 29% used [0x00000007eedc0000,0x00000007ef83a8c0,0x00000007f11c0000)
  to   space 36416K, 0% used [0x00000007f73c0000,0x00000007f73c0000,0x00000007f9750000)
 ParOldGen       total 257344K, used 161483K [0x0000000700600000, 0x0000000710150000, 0x00000007aacb0000)
  object space 257344K, 62% used [0x0000000700600000,0x000000070a3b2de8,0x0000000710150000)
 PSPermGen       total 37632K, used 18164K [0x00000006fb400000, 0x00000006fd8c0000, 0x0000000700600000)
  object space 37632K, 48% used [0x00000006fb400000,0x00000006fc5bd378,0x00000006fd8c0000)
Event: 28.112 GC heap after
Heap after GC invocations=22 (full 4):
 PSYoungGen      total 1235392K, used 17090K [0x00000007aacb0000, 0x00000007f8d50000, 0x0000000800000000)
  eden space 1209216K, 0% used [0x00000007aacb0000,0x00000007aacb0000,0x00000007f4990000)
  from space 26176K, 65% used [0x00000007f73c0000,0x00000007f8470990,0x00000007f8d50000)
  to   space 34688K, 0% used [0x00000007f4990000,0x00000007f4990000,0x00000007f6b70000)
 ParOldGen       total 257344K, used 161483K [0x0000000700600000, 0x0000000710150000, 0x00000007aacb0000)
  object space 257344K, 62% used [0x0000000700600000,0x000000070a3b2de8,0x0000000710150000)
 PSPermGen       total 37632K, used 18164K [0x00000006fb400000, 0x00000006fd8c0000, 0x0000000700600000)
  object space 37632K, 48% used [0x00000006fb400000,0x00000006fc5bd378,0x00000006fd8c0000)
}
Event: 30.779 GC heap before
{Heap before GC invocations=23 (full 5):
 PSYoungGen      total 1235392K, used 1226300K [0x00000007aacb0000, 0x00000007f8d50000, 0x0000000800000000)
  eden space 1209216K, 99% used [0x00000007aacb0000,0x00000007f498e940,0x00000007f4990000)
  from space 26176K, 65% used [0x00000007f73c0000,0x00000007f8470990,0x00000007f8d50000)
  to   space 34688K, 0% used [0x00000007f4990000,0x00000007f4990000,0x00000007f6b70000)
 ParOldGen       total 281152K, used 280453K [0x0000000700600000, 0x0000000711890000, 0x00000007aacb0000)
  object space 281152K, 99% used [0x0000000700600000,0x00000007117e14d8,0x0000000711890000)
 PSPermGen       total 37632K, used 18168K [0x00000006fb400000, 0x00000006fd8c0000, 0x0000000700600000)
  object space 37632K, 48% used [0x00000006fb400000,0x00000006fc5be028,0x00000006fd8c0000)
Event: 30.813 GC heap after
Heap after GC invocations=23 (full 5):
 PSYoungGen      total 1235392K, used 0K [0x00000007aacb0000, 0x00000007f8d50000, 0x0000000800000000)
  eden space 1209216K, 0% used [0x00000007aacb0000,0x00000007aacb0000,0x00000007f4990000)
  from space 26176K, 0% used [0x00000007f73c0000,0x00000007f73c0000,0x00000007f8d50000)
  to   space 34688K, 0% used [0x00000007f4990000,0x00000007f4990000,0x00000007f6b70000)
 ParOldGen       total 323776K, used 26477K [0x0000000700600000, 0x0000000714230000, 0x00000007aacb0000)
  object space 323776K, 8% used [0x0000000700600000,0x0000000701fdb4b8,0x0000000714230000)
 PSPermGen       total 35968K, used 18167K [0x00000006fb400000, 0x00000006fd720000, 0x0000000700600000)
  object space 35968K, 50% used [0x00000006fb400000,0x00000006fc5bdf88,0x00000006fd720000)
}
Event: 33.208 GC heap before
{Heap before GC invocations=24 (full 5):
 PSYoungGen      total 1235392K, used 1207447K [0x00000007aacb0000, 0x00000007f8d50000, 0x0000000800000000)
  eden space 1209216K, 99% used [0x00000007aacb0000,0x00000007f47d5e90,0x00000007f4990000)
  from space 26176K, 0% used [0x00000007f73c0000,0x00000007f73c0000,0x00000007f8d50000)
  to   space 34688K, 0% used [0x00000007f4990000,0x00000007f4990000,0x00000007f6b70000)
 ParOldGen       total 323776K, used 29894K [0x0000000700600000, 0x0000000714230000, 0x00000007aacb0000)
  object space 323776K, 9% used [0x0000000700600000,0x0000000702331988,0x0000000714230000)
 PSPermGen       total 35968K, used 18171K [0x00000006fb400000, 0x00000006fd720000, 0x0000000700600000)
  object space 35968K, 50% used [0x00000006fb400000,0x00000006fc5bed48,0x00000006fd720000)
Event: 33.218 GC heap after
Heap after GC invocations=24 (full 5):
 PSYoungGen      total 1243904K, used 33226K [0x00000007aacb0000, 0x0000000800000000, 0x0000000800000000)
  eden space 1209216K, 0% used [0x00000007aacb0000,0x00000007aacb0000,0x00000007f4990000)
  from space 34688K, 95% used [0x00000007f4990000,0x00000007f6a029b0,0x00000007f6b70000)
  to   space 38720K, 0% used [0x00000007fda30000,0x00000007fda30000,0x0000000800000000)
 ParOldGen       total 323776K, used 31919K [0x0000000700600000, 0x0000000714230000, 0x00000007aacb0000)
  object space 323776K, 9% used [0x0000000700600000,0x000000070252bd98,0x0000000714230000)
 PSPermGen       total 35968K, used 18171K [0x00000006fb400000, 0x00000006fd720000, 0x0000000700600000)
  object space 35968K, 50% used [0x00000006fb400000,0x00000006fc5bed48,0x00000006fd720000)
}
Event: 35.875 GC heap before
{Heap before GC invocations=25 (full 5):
 PSYoungGen      total 1243904K, used 1242413K [0x00000007aacb0000, 0x0000000800000000, 0x0000000800000000)
  eden space 1209216K, 99% used [0x00000007aacb0000,0x00000007f4988c60,0x00000007f4990000)
  from space 34688K, 95% used [0x00000007f4990000,0x00000007f6a029b0,0x00000007f6b70000)
  to   space 38720K, 0% used [0x00000007fda30000,0x00000007fda30000,0x0000000800000000)
 ParOldGen       total 323776K, used 148737K [0x0000000700600000, 0x0000000714230000, 0x00000007aacb0000)
  object space 323776K, 45% used [0x0000000700600000,0x0000000709740668,0x0000000714230000)
 PSPermGen       total 35968K, used 18172K [0x00000006fb400000, 0x00000006fd720000, 0x0000000700600000)
  object space 35968K, 50% used [0x00000006fb400000,0x00000006fc5bf3e8,0x00000006fd720000)
Event: 35.877 GC heap after
Heap after GC invocations=25 (full 5):
 PSYoungGen      total 1328256K, used 256K [0x00000007aacb0000, 0x00000007ff310000, 0x0000000800000000)
  eden space 1302784K, 0% used [0x00000007aacb0000,0x00000007aacb0000,0x00000007fa4f0000)
  from space 25472K, 1% used [0x00000007fda30000,0x00000007fda70000,0x00000007ff310000)
  to   space 40000K, 0% used [0x00000007fa4f0000,0x00000007fa4f0000,0x00000007fcc00000)
 ParOldGen       total 323776K, used 148737K [0x0000000700600000, 0x0000000714230000, 0x00000007aacb0000)
  object space 323776K, 45% used [0x0000000700600000,0x0000000709740668,0x0000000714230000)
 PSPermGen       total 35968K, used 18172K [0x00000006fb400000, 0x00000006fd720000, 0x0000000700600000)
  object space 35968K, 50% used [0x00000006fb400000,0x00000006fc5bf3e8,0x00000006fd720000)
}
Event: 39.040 GC heap before
{Heap before GC invocations=26 (full 6):
 PSYoungGen      total 1328256K, used 1303033K [0x00000007aacb0000, 0x00000007ff310000, 0x0000000800000000)
  eden space 1302784K, 99% used [0x00000007aacb0000,0x00000007fa4ee408,0x00000007fa4f0000)
  from space 25472K, 1% used [0x00000007fda30000,0x00000007fda70000,0x00000007ff310000)
  to   space 40000K, 0% used [0x00000007fa4f0000,0x00000007fa4f0000,0x00000007fcc00000)
 ParOldGen       total 423296K, used 423126K [0x0000000700600000, 0x000000071a360000, 0x00000007aacb0000)
  object space 423296K, 99% used [0x0000000700600000,0x000000071a335878,0x000000071a360000)
 PSPermGen       total 35968K, used 18173K [0x00000006fb400000, 0x00000006fd720000, 0x0000000700600000)
  object space 35968K, 50% used [0x00000006fb400000,0x00000006fc5bf798,0x00000006fd720000)
Event: 39.074 GC heap after
Heap after GC invocations=26 (full 6):
 PSYoungGen      total 1328256K, used 0K [0x00000007aacb0000, 0x00000007ff310000, 0x0000000800000000)
  eden space 1302784K, 0% used [0x00000007aacb0000,0x00000007aacb0000,0x00000007fa4f0000)
  from space 25472K, 0% used [0x00000007fda30000,0x00000007fda30000,0x00000007ff310000)
  to   space 40000K, 0% used [0x00000007fa4f0000,0x00000007fa4f0000,0x00000007fcc00000)
 ParOldGen       total 420480K, used 38189K [0x0000000700600000, 0x000000071a0a0000, 0x00000007aacb0000)
  object space 420480K, 9% used [0x0000000700600000,0x0000000702b4b458,0x000000071a0a0000)
 PSPermGen       total 34240K, used 18173K [0x00000006fb400000, 0x00000006fd570000, 0x0000000700600000)
  object space 34240K, 53% used [0x00000006fb400000,0x00000006fc5bf738,0x00000006fd570000)
}

