# JRE version: 7.0_07-b11
# Java VM: Java HotSpot(TM) 64-Bit Server VM (23.3-b01 mixed mode windows-amd64 compressed oops)
Heap
 PSYoungGen      total 244480K, used 229088K [0x00000007aacb0000, 0x00000007cd490000, 0x0000000800000000)
  eden space 232064K, 93% used [0x00000007aacb0000,0x00000007b8052a58,0x00000007b8f50000)
  from space 12416K, 99% used [0x00000007cc870000,0x00000007cd485820,0x00000007cd490000)
  to   space 53376K, 0% used [0x00000007c6c50000,0x00000007c6c50000,0x00000007ca070000)
 ParOldGen       total 174528K, used 118171K [0x0000000700600000, 0x000000070b070000, 0x00000007aacb0000)
  object space 174528K, 67% used [0x0000000700600000,0x0000000707966c30,0x000000070b070000)
 PSPermGen       total 21248K, used 17844K [0x00000006fb400000, 0x00000006fc8c0000, 0x0000000700600000)
  object space 21248K, 83% used [0x00000006fb400000,0x00000006fc56d008,0x00000006fc8c0000)
GC Heap History (10 events):
Event: 7.539 GC heap before
{Heap before GC invocations=6 (full 0):
 PSYoungGen      total 141824K, used 140696K [0x00000007aacb0000, 0x00000007c0230000, 0x0000000800000000)
  eden space 130944K, 99% used [0x00000007aacb0000,0x00000007b2b79758,0x00000007b2c90000)
  from space 10880K, 99% used [0x00000007b2c90000,0x00000007b372cb50,0x00000007b3730000)
  to   space 43904K, 0% used [0x00000007bd750000,0x00000007bd750000,0x00000007c0230000)
 ParOldGen       total 174528K, used 78445K [0x0000000700600000, 0x000000070b070000, 0x00000007aacb0000)
  object space 174528K, 44% used [0x0000000700600000,0x000000070529b538,0x000000070b070000)
 PSPermGen       total 21248K, used 17642K [0x00000006fb400000, 0x00000006fc8c0000, 0x0000000700600000)
  object space 21248K, 83% used [0x00000006fb400000,0x00000006fc53ab00,0x00000006fc8c0000)
Event: 7.545 GC heap after
Heap after GC invocations=6 (full 0):
 PSYoungGen      total 300288K, used 20741K [0x00000007aacb0000, 0x00000007bfcd0000, 0x0000000800000000)
  eden space 261888K, 0% used [0x00000007aacb0000,0x00000007aacb0000,0x00000007bac70000)
  from space 38400K, 54% used [0x00000007bd750000,0x00000007beb914b0,0x00000007bfcd0000)
  to   space 41152K, 0% used [0x00000007bac70000,0x00000007bac70000,0x00000007bd4a0000)
 ParOldGen       total 174528K, used 78445K [0x0000000700600000, 0x000000070b070000, 0x00000007aacb0000)
  object space 174528K, 44% used [0x0000000700600000,0x000000070529b538,0x000000070b070000)
 PSPermGen       total 21248K, used 17642K [0x00000006fb400000, 0x00000006fc8c0000, 0x0000000700600000)
  object space 21248K, 83% used [0x00000006fb400000,0x00000006fc53ab00,0x00000006fc8c0000)
}
Event: 10.067 GC heap before
{Heap before GC invocations=7 (full 0):
 PSYoungGen      total 300288K, used 277282K [0x00000007aacb0000, 0x00000007bfcd0000, 0x0000000800000000)
  eden space 261888K, 97% used [0x00000007aacb0000,0x00000007ba737530,0x00000007bac70000)
  from space 38400K, 54% used [0x00000007bd750000,0x00000007beb914b0,0x00000007bfcd0000)
  to   space 41152K, 0% used [0x00000007bac70000,0x00000007bac70000,0x00000007bd4a0000)
 ParOldGen       total 174528K, used 78445K [0x0000000700600000, 0x000000070b070000, 0x00000007aacb0000)
  object space 174528K, 44% used [0x0000000700600000,0x000000070529b538,0x000000070b070000)
 PSPermGen       total 21248K, used 17805K [0x00000006fb400000, 0x00000006fc8c0000, 0x0000000700600000)
  object space 21248K, 83% used [0x00000006fb400000,0x00000006fc563710,0x00000006fc8c0000)
Event: 10.079 GC heap after
Heap after GC invocations=7 (full 0):
 PSYoungGen      total 303040K, used 34100K [0x00000007aacb0000, 0x00000007d02b0000, 0x0000000800000000)
  eden space 261888K, 0% used [0x00000007aacb0000,0x00000007aacb0000,0x00000007bac70000)
  from space 41152K, 82% used [0x00000007bac70000,0x00000007bcdbd360,0x00000007bd4a0000)
  to   space 44288K, 0% used [0x00000007cd770000,0x00000007cd770000,0x00000007d02b0000)
 ParOldGen       total 174528K, used 88567K [0x0000000700600000, 0x000000070b070000, 0x00000007aacb0000)
  object space 174528K, 50% used [0x0000000700600000,0x0000000705c7dfe0,0x000000070b070000)
 PSPermGen       total 21248K, used 17805K [0x00000006fb400000, 0x00000006fc8c0000, 0x0000000700600000)
  object space 21248K, 83% used [0x00000006fb400000,0x00000006fc563710,0x00000006fc8c0000)
}
Event: 12.722 GC heap before
{Heap before GC invocations=8 (full 0):
 PSYoungGen      total 303040K, used 292846K [0x00000007aacb0000, 0x00000007d02b0000, 0x0000000800000000)
  eden space 261888K, 98% used [0x00000007aacb0000,0x00000007ba95e700,0x00000007bac70000)
  from space 41152K, 82% used [0x00000007bac70000,0x00000007bcdbd360,0x00000007bd4a0000)
  to   space 44288K, 0% used [0x00000007cd770000,0x00000007cd770000,0x00000007d02b0000)
 ParOldGen       total 174528K, used 88567K [0x0000000700600000, 0x000000070b070000, 0x00000007aacb0000)
  object space 174528K, 50% used [0x0000000700600000,0x0000000705c7dfe0,0x000000070b070000)
 PSPermGen       total 21248K, used 17817K [0x00000006fb400000, 0x00000006fc8c0000, 0x0000000700600000)
  object space 21248K, 83% used [0x00000006fb400000,0x00000006fc566658,0x00000006fc8c0000)
Event: 12.732 GC heap after
Heap after GC invocations=8 (full 0):
 PSYoungGen      total 293312K, used 41850K [0x00000007aacb0000, 0x00000007d0050000, 0x0000000800000000)
  eden space 251456K, 0% used [0x00000007aacb0000,0x00000007aacb0000,0x00000007ba240000)
  from space 41856K, 99% used [0x00000007cd770000,0x00000007d004e8c0,0x00000007d0050000)
  to   space 49536K, 0% used [0x00000007c9f90000,0x00000007c9f90000,0x00000007ccff0000)
 ParOldGen       total 174528K, used 88575K [0x0000000700600000, 0x000000070b070000, 0x00000007aacb0000)
  object space 174528K, 50% used [0x0000000700600000,0x0000000705c7ffe0,0x000000070b070000)
 PSPermGen       total 21248K, used 17817K [0x00000006fb400000, 0x00000006fc8c0000, 0x0000000700600000)
  object space 21248K, 83% used [0x00000006fb400000,0x00000006fc566658,0x00000006fc8c0000)
}
Event: 15.315 GC heap before
{Heap before GC invocations=9 (full 0):
 PSYoungGen      total 293312K, used 291407K [0x00000007aacb0000, 0x00000007d0050000, 0x0000000800000000)
  eden space 251456K, 99% used [0x00000007aacb0000,0x00000007ba065448,0x00000007ba240000)
  from space 41856K, 99% used [0x00000007cd770000,0x00000007d004e8c0,0x00000007d0050000)
  to   space 49536K, 0% used [0x00000007c9f90000,0x00000007c9f90000,0x00000007ccff0000)
 ParOldGen       total 174528K, used 88575K [0x0000000700600000, 0x000000070b070000, 0x00000007aacb0000)
  object space 174528K, 50% used [0x0000000700600000,0x0000000705c7ffe0,0x000000070b070000)
 PSPermGen       total 21248K, used 17819K [0x00000006fb400000, 0x00000006fc8c0000, 0x0000000700600000)
  object space 21248K, 83% used [0x00000006fb400000,0x00000006fc566ea8,0x00000006fc8c0000)
Event: 15.328 GC heap after
Heap after GC invocations=9 (full 0):
 PSYoungGen      total 283392K, used 41818K [0x00000007aacb0000, 0x00000007cd780000, 0x0000000800000000)
  eden space 241536K, 0% used [0x00000007aacb0000,0x00000007aacb0000,0x00000007b9890000)
  from space 41856K, 99% used [0x00000007c9f90000,0x00000007cc8668c0,0x00000007cc870000)
  to   space 15424K, 0% used [0x00000007cc870000,0x00000007cc870000,0x00000007cd780000)
 ParOldGen       total 174528K, used 88631K [0x0000000700600000, 0x000000070b070000, 0x00000007aacb0000)
  object space 174528K, 50% used [0x0000000700600000,0x0000000705c8dfe0,0x000000070b070000)
 PSPermGen       total 21248K, used 17819K [0x00000006fb400000, 0x00000006fc8c0000, 0x0000000700600000)
  object space 21248K, 83% used [0x00000006fb400000,0x00000006fc566ea8,0x00000006fc8c0000)
}
Event: 17.778 GC heap before
{Heap before GC invocations=10 (full 0):
 PSYoungGen      total 283392K, used 279594K [0x00000007aacb0000, 0x00000007cd780000, 0x0000000800000000)
  eden space 241536K, 98% used [0x00000007aacb0000,0x00000007b94e4330,0x00000007b9890000)
  from space 41856K, 99% used [0x00000007c9f90000,0x00000007cc8668c0,0x00000007cc870000)
  to   space 15424K, 0% used [0x00000007cc870000,0x00000007cc870000,0x00000007cd780000)
 ParOldGen       total 174528K, used 88631K [0x0000000700600000, 0x000000070b070000, 0x00000007aacb0000)
  object space 174528K, 50% used [0x0000000700600000,0x0000000705c8dfe0,0x000000070b070000)
 PSPermGen       total 21248K, used 17820K [0x00000006fb400000, 0x00000006fc8c0000, 0x0000000700600000)
  object space 21248K, 83% used [0x00000006fb400000,0x00000006fc567080,0x00000006fc8c0000)
Event: 17.788 GC heap after
Heap after GC invocations=10 (full 0):
 PSYoungGen      total 244480K, used 12374K [0x00000007aacb0000, 0x00000007cd490000, 0x0000000800000000)
  eden space 232064K, 0% used [0x00000007aacb0000,0x00000007aacb0000,0x00000007b8f50000)
  from space 12416K, 99% used [0x00000007cc870000,0x00000007cd485820,0x00000007cd490000)
  to   space 53376K, 0% used [0x00000007c6c50000,0x00000007c6c50000,0x00000007ca070000)
 ParOldGen       total 174528K, used 118171K [0x0000000700600000, 0x000000070b070000, 0x00000007aacb0000)
  object space 174528K, 67% used [0x0000000700600000,0x0000000707966c30,0x000000070b070000)
 PSPermGen       total 21248K, used 17820K [0x00000006fb400000, 0x00000006fc8c0000, 0x0000000700600000)
  object space 21248K, 83% used [0x00000006fb400000,0x00000006fc567080,0x00000006fc8c0000)
}

