# JRE version: 7.0_07-b11
# Java VM: Java HotSpot(TM) 64-Bit Server VM (23.3-b01 mixed mode windows-amd64 compressed oops)
Heap
 PSYoungGen      total 400384K, used 334236K [0x00000007aacb0000, 0x00000007cae50000, 0x0000000800000000)
  eden space 349056K, 85% used [0x00000007aacb0000,0x00000007bd19d130,0x00000007c0190000)
  from space 51328K, 66% used [0x00000007c0190000,0x00000007c230a258,0x00000007c33b0000)
  to   space 52864K, 0% used [0x00000007c7ab0000,0x00000007c7ab0000,0x00000007cae50000)
 ParOldGen       total 319872K, used 99383K [0x0000000700600000, 0x0000000713e60000, 0x00000007aacb0000)
  object space 319872K, 31% used [0x0000000700600000,0x000000070670dc58,0x0000000713e60000)
 PSPermGen       total 37632K, used 18013K [0x00000006fb400000, 0x00000006fd8c0000, 0x0000000700600000)
  object space 37632K, 47% used [0x00000006fb400000,0x00000006fc5975a0,0x00000006fd8c0000)
GC Heap History (10 events):
Event: 10.045 GC heap before
{Heap before GC invocations=11 (full 3):
 PSYoungGen      total 265152K, used 258549K [0x00000007aacb0000, 0x00000007c2dc0000, 0x0000000800000000)
  eden space 222848K, 98% used [0x00000007aacb0000,0x00000007b8384b38,0x00000007b8650000)
  from space 42304K, 91% used [0x00000007b8650000,0x00000007babf89a0,0x00000007bafa0000)
  to   space 49536K, 0% used [0x00000007bfd60000,0x00000007bfd60000,0x00000007c2dc0000)
 ParOldGen       total 252160K, used 50917K [0x0000000700600000, 0x000000070fc40000, 0x00000007aacb0000)
  object space 252160K, 20% used [0x0000000700600000,0x00000007037b9658,0x000000070fc40000)
 PSPermGen       total 39232K, used 17981K [0x00000006fb400000, 0x00000006fda50000, 0x0000000700600000)
  object space 39232K, 45% used [0x00000006fb400000,0x00000006fc58f5e0,0x00000006fda50000)
Event: 10.056 GC heap after
Heap after GC invocations=11 (full 3):
 PSYoungGen      total 337280K, used 45260K [0x00000007aacb0000, 0x00000007c4b50000, 0x0000000800000000)
  eden space 287744K, 0% used [0x00000007aacb0000,0x00000007aacb0000,0x00000007bc5b0000)
  from space 49536K, 91% used [0x00000007bfd60000,0x00000007c2993030,0x00000007c2dc0000)
  to   space 57024K, 0% used [0x00000007bc5b0000,0x00000007bc5b0000,0x00000007bfd60000)
 ParOldGen       total 252160K, used 56992K [0x0000000700600000, 0x000000070fc40000, 0x00000007aacb0000)
  object space 252160K, 22% used [0x0000000700600000,0x0000000703da8268,0x000000070fc40000)
 PSPermGen       total 39232K, used 17981K [0x00000006fb400000, 0x00000006fda50000, 0x0000000700600000)
  object space 39232K, 45% used [0x00000006fb400000,0x00000006fc58f5e0,0x00000006fda50000)
}
Event: 10.570 GC heap before
{Heap before GC invocations=12 (full 3):
 PSYoungGen      total 337280K, used 328492K [0x00000007aacb0000, 0x00000007c4b50000, 0x0000000800000000)
  eden space 287744K, 98% used [0x00000007aacb0000,0x00000007bc148068,0x00000007bc5b0000)
  from space 49536K, 91% used [0x00000007bfd60000,0x00000007c2993030,0x00000007c2dc0000)
  to   space 57024K, 0% used [0x00000007bc5b0000,0x00000007bc5b0000,0x00000007bfd60000)
 ParOldGen       total 252160K, used 63067K [0x0000000700600000, 0x000000070fc40000, 0x00000007aacb0000)
  object space 252160K, 25% used [0x0000000700600000,0x0000000704396e78,0x000000070fc40000)
 PSPermGen       total 39232K, used 17982K [0x00000006fb400000, 0x00000006fda50000, 0x0000000700600000)
  object space 39232K, 45% used [0x00000006fb400000,0x00000006fc58f910,0x00000006fda50000)
Event: 10.575 GC heap after
Heap after GC invocations=12 (full 3):
 PSYoungGen      total 344768K, used 21128K [0x00000007aacb0000, 0x00000007c6cf0000, 0x0000000800000000)
  eden space 287744K, 0% used [0x00000007aacb0000,0x00000007aacb0000,0x00000007bc5b0000)
  from space 57024K, 37% used [0x00000007bc5b0000,0x00000007bda52300,0x00000007bfd60000)
  to   space 53632K, 0% used [0x00000007c3890000,0x00000007c3890000,0x00000007c6cf0000)
 ParOldGen       total 252160K, used 63067K [0x0000000700600000, 0x000000070fc40000, 0x00000007aacb0000)
  object space 252160K, 25% used [0x0000000700600000,0x0000000704396e78,0x000000070fc40000)
 PSPermGen       total 39232K, used 17982K [0x00000006fb400000, 0x00000006fda50000, 0x0000000700600000)
  object space 39232K, 45% used [0x00000006fb400000,0x00000006fc58f910,0x00000006fda50000)
}
Event: 11.470 GC heap before
{Heap before GC invocations=13 (full 4):
 PSYoungGen      total 344768K, used 308872K [0x00000007aacb0000, 0x00000007c6cf0000, 0x0000000800000000)
  eden space 287744K, 100% used [0x00000007aacb0000,0x00000007bc5b0000,0x00000007bc5b0000)
  from space 57024K, 37% used [0x00000007bc5b0000,0x00000007bda52300,0x00000007bfd60000)
  to   space 53632K, 0% used [0x00000007c3890000,0x00000007c3890000,0x00000007c6cf0000)
 ParOldGen       total 273856K, used 272192K [0x0000000700600000, 0x0000000711170000, 0x00000007aacb0000)
  object space 273856K, 99% used [0x0000000700600000,0x0000000710fd0368,0x0000000711170000)
 PSPermGen       total 39232K, used 17990K [0x00000006fb400000, 0x00000006fda50000, 0x0000000700600000)
  object space 39232K, 45% used [0x00000006fb400000,0x00000006fc591ab0,0x00000006fda50000)
Event: 11.495 GC heap after
Heap after GC invocations=13 (full 4):
 PSYoungGen      total 344768K, used 0K [0x00000007aacb0000, 0x00000007c6cf0000, 0x0000000800000000)
  eden space 287744K, 0% used [0x00000007aacb0000,0x00000007aacb0000,0x00000007bc5b0000)
  from space 57024K, 0% used [0x00000007bc5b0000,0x00000007bc5b0000,0x00000007bfd60000)
  to   space 53632K, 0% used [0x00000007c3890000,0x00000007c3890000,0x00000007c6cf0000)
 ParOldGen       total 319872K, used 51851K [0x0000000700600000, 0x0000000713e60000, 0x00000007aacb0000)
  object space 319872K, 16% used [0x0000000700600000,0x00000007038a2d90,0x0000000713e60000)
 PSPermGen       total 37632K, used 17990K [0x00000006fb400000, 0x00000006fd8c0000, 0x0000000700600000)
  object space 37632K, 47% used [0x00000006fb400000,0x00000006fc591ab0,0x00000006fd8c0000)
}
Event: 12.086 GC heap before
{Heap before GC invocations=14 (full 4):
 PSYoungGen      total 344768K, used 287744K [0x00000007aacb0000, 0x00000007c6cf0000, 0x0000000800000000)
  eden space 287744K, 100% used [0x00000007aacb0000,0x00000007bc5b0000,0x00000007bc5b0000)
  from space 57024K, 0% used [0x00000007bc5b0000,0x00000007bc5b0000,0x00000007bfd60000)
  to   space 53632K, 0% used [0x00000007c3890000,0x00000007c3890000,0x00000007c6cf0000)
 ParOldGen       total 319872K, used 99383K [0x0000000700600000, 0x0000000713e60000, 0x00000007aacb0000)
  object space 319872K, 31% used [0x0000000700600000,0x000000070670dc58,0x0000000713e60000)
 PSPermGen       total 37632K, used 17994K [0x00000006fb400000, 0x00000006fd8c0000, 0x0000000700600000)
  object space 37632K, 47% used [0x00000006fb400000,0x00000006fc592ae8,0x00000006fd8c0000)
Event: 12.092 GC heap after
Heap after GC invocations=14 (full 4):
 PSYoungGen      total 395392K, used 18417K [0x00000007aacb0000, 0x00000007c65d0000, 0x0000000800000000)
  eden space 349056K, 0% used [0x00000007aacb0000,0x00000007aacb0000,0x00000007c0190000)
  from space 46336K, 39% used [0x00000007c3890000,0x00000007c4a8c430,0x00000007c65d0000)
  to   space 51328K, 0% used [0x00000007c0190000,0x00000007c0190000,0x00000007c33b0000)
 ParOldGen       total 319872K, used 99383K [0x0000000700600000, 0x0000000713e60000, 0x00000007aacb0000)
  object space 319872K, 31% used [0x0000000700600000,0x000000070670dc58,0x0000000713e60000)
 PSPermGen       total 37632K, used 17994K [0x00000006fb400000, 0x00000006fd8c0000, 0x0000000700600000)
  object space 37632K, 47% used [0x00000006fb400000,0x00000006fc592ae8,0x00000006fd8c0000)
}
Event: 12.735 GC heap before
{Heap before GC invocations=15 (full 4):
 PSYoungGen      total 395392K, used 367400K [0x00000007aacb0000, 0x00000007c65d0000, 0x0000000800000000)
  eden space 349056K, 99% used [0x00000007aacb0000,0x00000007c017de08,0x00000007c0190000)
  from space 46336K, 39% used [0x00000007c3890000,0x00000007c4a8c430,0x00000007c65d0000)
  to   space 51328K, 0% used [0x00000007c0190000,0x00000007c0190000,0x00000007c33b0000)
 ParOldGen       total 319872K, used 99383K [0x0000000700600000, 0x0000000713e60000, 0x00000007aacb0000)
  object space 319872K, 31% used [0x0000000700600000,0x000000070670dc58,0x0000000713e60000)
 PSPermGen       total 37632K, used 18005K [0x00000006fb400000, 0x00000006fd8c0000, 0x0000000700600000)
  object space 37632K, 47% used [0x00000006fb400000,0x00000006fc595408,0x00000006fd8c0000)
Event: 12.740 GC heap after
Heap after GC invocations=15 (full 4):
 PSYoungGen      total 400384K, used 34280K [0x00000007aacb0000, 0x00000007cae50000, 0x0000000800000000)
  eden space 349056K, 0% used [0x00000007aacb0000,0x00000007aacb0000,0x00000007c0190000)
  from space 51328K, 66% used [0x00000007c0190000,0x00000007c230a258,0x00000007c33b0000)
  to   space 52864K, 0% used [0x00000007c7ab0000,0x00000007c7ab0000,0x00000007cae50000)
 ParOldGen       total 319872K, used 99383K [0x0000000700600000, 0x0000000713e60000, 0x00000007aacb0000)
  object space 319872K, 31% used [0x0000000700600000,0x000000070670dc58,0x0000000713e60000)
 PSPermGen       total 37632K, used 18005K [0x00000006fb400000, 0x00000006fd8c0000, 0x0000000700600000)
  object space 37632K, 47% used [0x00000006fb400000,0x00000006fc595408,0x00000006fd8c0000)
}

