# JRE version: 7.0_07-b11
# Java VM: Java HotSpot(TM) 64-Bit Server VM (23.3-b01 mixed mode windows-amd64 compressed oops)
Heap
 PSYoungGen      total 710976K, used 221518K [0x00000007aacb0000, 0x00000007e0840000, 0x0000000800000000)
  eden space 655936K, 28% used [0x00000007aacb0000,0x00000007b62d6c00,0x00000007d2d40000)
  from space 55040K, 63% used [0x00000007d6390000,0x00000007d85bcd40,0x00000007d9950000)
  to   space 55616K, 0% used [0x00000007d2d40000,0x00000007d2d40000,0x00000007d6390000)
 ParOldGen       total 188224K, used 69153K [0x0000000700600000, 0x000000070bdd0000, 0x00000007aacb0000)
  object space 188224K, 36% used [0x0000000700600000,0x0000000704988490,0x000000070bdd0000)
 PSPermGen       total 40512K, used 18045K [0x00000006fb400000, 0x00000006fdb90000, 0x0000000700600000)
  object space 40512K, 44% used [0x00000006fb400000,0x00000006fc59f508,0x00000006fdb90000)
GC Heap History (10 events):
Event: 10.413 GC heap before
{Heap before GC invocations=12 (full 1):
 PSYoungGen      total 449984K, used 29094K [0x00000007aacb0000, 0x00000007d7ed0000, 0x0000000800000000)
  eden space 395200K, 0% used [0x00000007aacb0000,0x00000007aacb0000,0x00000007c2ea0000)
  from space 54784K, 53% used [0x00000007c2ea0000,0x00000007c4b09910,0x00000007c6420000)
  to   space 53568K, 0% used [0x00000007d4a80000,0x00000007d4a80000,0x00000007d7ed0000)
 ParOldGen       total 174528K, used 150106K [0x0000000700600000, 0x000000070b070000, 0x00000007aacb0000)
  object space 174528K, 86% used [0x0000000700600000,0x0000000709896a48,0x000000070b070000)
 PSPermGen       total 21248K, used 17999K [0x00000006fb400000, 0x00000006fc8c0000, 0x0000000700600000)
  object space 21248K, 84% used [0x00000006fb400000,0x00000006fc593ec8,0x00000006fc8c0000)
Event: 10.464 GC heap after
Heap after GC invocations=12 (full 1):
 PSYoungGen      total 449984K, used 0K [0x00000007aacb0000, 0x00000007d7ed0000, 0x0000000800000000)
  eden space 395200K, 0% used [0x00000007aacb0000,0x00000007aacb0000,0x00000007c2ea0000)
  from space 54784K, 0% used [0x00000007c2ea0000,0x00000007c2ea0000,0x00000007c6420000)
  to   space 53568K, 0% used [0x00000007d4a80000,0x00000007d4a80000,0x00000007d7ed0000)
 ParOldGen       total 146752K, used 36851K [0x0000000700600000, 0x0000000709550000, 0x00000007aacb0000)
  object space 146752K, 25% used [0x0000000700600000,0x00000007029fcc50,0x0000000709550000)
 PSPermGen       total 36288K, used 17992K [0x00000006fb400000, 0x00000006fd770000, 0x0000000700600000)
  object space 36288K, 49% used [0x00000006fb400000,0x00000006fc5923d0,0x00000006fd770000)
}
Event: 11.875 GC heap before
{Heap before GC invocations=13 (full 2):
 PSYoungGen      total 449984K, used 395200K [0x00000007aacb0000, 0x00000007d7ed0000, 0x0000000800000000)
  eden space 395200K, 100% used [0x00000007aacb0000,0x00000007c2ea0000,0x00000007c2ea0000)
  from space 54784K, 0% used [0x00000007c2ea0000,0x00000007c2ea0000,0x00000007c6420000)
  to   space 53568K, 0% used [0x00000007d4a80000,0x00000007d4a80000,0x00000007d7ed0000)
 ParOldGen       total 283200K, used 283033K [0x0000000700600000, 0x0000000711a90000, 0x00000007aacb0000)
  object space 283200K, 99% used [0x0000000700600000,0x0000000711a664f0,0x0000000711a90000)
 PSPermGen       total 36288K, used 18014K [0x00000006fb400000, 0x00000006fd770000, 0x0000000700600000)
  object space 36288K, 49% used [0x00000006fb400000,0x00000006fc597938,0x00000006fd770000)
Event: 11.913 GC heap after
Heap after GC invocations=13 (full 2):
 PSYoungGen      total 449984K, used 0K [0x00000007aacb0000, 0x00000007d7ed0000, 0x0000000800000000)
  eden space 395200K, 0% used [0x00000007aacb0000,0x00000007aacb0000,0x00000007c2ea0000)
  from space 54784K, 0% used [0x00000007c2ea0000,0x00000007c2ea0000,0x00000007c6420000)
  to   space 53568K, 0% used [0x00000007d4a80000,0x00000007d4a80000,0x00000007d7ed0000)
 ParOldGen       total 188224K, used 42765K [0x0000000700600000, 0x000000070bdd0000, 0x00000007aacb0000)
  object space 188224K, 22% used [0x0000000700600000,0x0000000702fc3590,0x000000070bdd0000)
 PSPermGen       total 40512K, used 18014K [0x00000006fb400000, 0x00000006fdb90000, 0x0000000700600000)
  object space 40512K, 44% used [0x00000006fb400000,0x00000006fc597938,0x00000006fdb90000)
}
Event: 12.799 GC heap before
{Heap before GC invocations=14 (full 2):
 PSYoungGen      total 449984K, used 389684K [0x00000007aacb0000, 0x00000007d7ed0000, 0x0000000800000000)
  eden space 395200K, 98% used [0x00000007aacb0000,0x00000007c293d098,0x00000007c2ea0000)
  from space 54784K, 0% used [0x00000007c2ea0000,0x00000007c2ea0000,0x00000007c6420000)
  to   space 53568K, 0% used [0x00000007d4a80000,0x00000007d4a80000,0x00000007d7ed0000)
 ParOldGen       total 188224K, used 48840K [0x0000000700600000, 0x000000070bdd0000, 0x00000007aacb0000)
  object space 188224K, 25% used [0x0000000700600000,0x00000007035b21a0,0x000000070bdd0000)
 PSPermGen       total 40512K, used 18017K [0x00000006fb400000, 0x00000006fdb90000, 0x0000000700600000)
  object space 40512K, 44% used [0x00000006fb400000,0x00000006fc5987f0,0x00000006fdb90000)
Event: 12.809 GC heap after
Heap after GC invocations=14 (full 2):
 PSYoungGen      total 556352K, used 41212K [0x00000007aacb0000, 0x00000007d72c0000, 0x0000000800000000)
  eden space 515136K, 0% used [0x00000007aacb0000,0x00000007aacb0000,0x00000007ca3c0000)
  from space 41216K, 99% used [0x00000007d4a80000,0x00000007d72bf130,0x00000007d72c0000)
  to   space 56768K, 0% used [0x00000007d03e0000,0x00000007d03e0000,0x00000007d3b50000)
 ParOldGen       total 188224K, used 48840K [0x0000000700600000, 0x000000070bdd0000, 0x00000007aacb0000)
  object space 188224K, 25% used [0x0000000700600000,0x00000007035b21a0,0x000000070bdd0000)
 PSPermGen       total 40512K, used 18017K [0x00000006fb400000, 0x00000006fdb90000, 0x0000000700600000)
  object space 40512K, 44% used [0x00000006fb400000,0x00000006fc5987f0,0x00000006fdb90000)
}
Event: 14.016 GC heap before
{Heap before GC invocations=15 (full 2):
 PSYoungGen      total 556352K, used 556348K [0x00000007aacb0000, 0x00000007d72c0000, 0x0000000800000000)
  eden space 515136K, 100% used [0x00000007aacb0000,0x00000007ca3c0000,0x00000007ca3c0000)
  from space 41216K, 99% used [0x00000007d4a80000,0x00000007d72bf130,0x00000007d72c0000)
  to   space 56768K, 0% used [0x00000007d03e0000,0x00000007d03e0000,0x00000007d3b50000)
 ParOldGen       total 188224K, used 68956K [0x0000000700600000, 0x000000070bdd0000, 0x00000007aacb0000)
  object space 188224K, 36% used [0x0000000700600000,0x0000000704957158,0x000000070bdd0000)
 PSPermGen       total 40512K, used 18030K [0x00000006fb400000, 0x00000006fdb90000, 0x0000000700600000)
  object space 40512K, 44% used [0x00000006fb400000,0x00000006fc59bb38,0x00000006fdb90000)
Event: 14.021 GC heap after
Heap after GC invocations=15 (full 2):
 PSYoungGen      total 670336K, used 18513K [0x00000007aacb0000, 0x00000007d9950000, 0x0000000800000000)
  eden space 613568K, 0% used [0x00000007aacb0000,0x00000007aacb0000,0x00000007d03e0000)
  from space 56768K, 32% used [0x00000007d03e0000,0x00000007d15f4430,0x00000007d3b50000)
  to   space 55040K, 0% used [0x00000007d6390000,0x00000007d6390000,0x00000007d9950000)
 ParOldGen       total 188224K, used 69153K [0x0000000700600000, 0x000000070bdd0000, 0x00000007aacb0000)
  object space 188224K, 36% used [0x0000000700600000,0x0000000704988490,0x000000070bdd0000)
 PSPermGen       total 40512K, used 18030K [0x00000006fb400000, 0x00000006fdb90000, 0x0000000700600000)
  object space 40512K, 44% used [0x00000006fb400000,0x00000006fc59bb38,0x00000006fdb90000)
}
Event: 15.386 GC heap before
{Heap before GC invocations=16 (full 2):
 PSYoungGen      total 670336K, used 626548K [0x00000007aacb0000, 0x00000007d9950000, 0x0000000800000000)
  eden space 613568K, 99% used [0x00000007aacb0000,0x00000007cfe78f78,0x00000007d03e0000)
  from space 56768K, 32% used [0x00000007d03e0000,0x00000007d15f4430,0x00000007d3b50000)
  to   space 55040K, 0% used [0x00000007d6390000,0x00000007d6390000,0x00000007d9950000)
 ParOldGen       total 188224K, used 69153K [0x0000000700600000, 0x000000070bdd0000, 0x00000007aacb0000)
  object space 188224K, 36% used [0x0000000700600000,0x0000000704988490,0x000000070bdd0000)
 PSPermGen       total 40512K, used 18043K [0x00000006fb400000, 0x00000006fdb90000, 0x0000000700600000)
  object space 40512K, 44% used [0x00000006fb400000,0x00000006fc59ed08,0x00000006fdb90000)
Event: 15.393 GC heap after
Heap after GC invocations=16 (full 2):
 PSYoungGen      total 710976K, used 34995K [0x00000007aacb0000, 0x00000007e0840000, 0x0000000800000000)
  eden space 655936K, 0% used [0x00000007aacb0000,0x00000007aacb0000,0x00000007d2d40000)
  from space 55040K, 63% used [0x00000007d6390000,0x00000007d85bcd40,0x00000007d9950000)
  to   space 55616K, 0% used [0x00000007d2d40000,0x00000007d2d40000,0x00000007d6390000)
 ParOldGen       total 188224K, used 69153K [0x0000000700600000, 0x000000070bdd0000, 0x00000007aacb0000)
  object space 188224K, 36% used [0x0000000700600000,0x0000000704988490,0x000000070bdd0000)
 PSPermGen       total 40512K, used 18043K [0x00000006fb400000, 0x00000006fdb90000, 0x0000000700600000)
  object space 40512K, 44% used [0x00000006fb400000,0x00000006fc59ed08,0x00000006fdb90000)
}

