# JRE version: 7.0_07-b11
# Java VM: Java HotSpot(TM) 64-Bit Server VM (23.3-b01 mixed mode windows-amd64 compressed oops)
Heap
 PSYoungGen      total 636800K, used 516338K [0x00000007aacb0000, 0x00000007d7850000, 0x0000000800000000)
  eden space 604224K, 80% used [0x00000007aacb0000,0x00000007c8846c68,0x00000007cfac0000)
  from space 32576K, 90% used [0x00000007d1ba0000,0x00000007d3845c00,0x00000007d3b70000)
  to   space 33664K, 0% used [0x00000007cfac0000,0x00000007cfac0000,0x00000007d1ba0000)
 ParOldGen       total 163136K, used 46512K [0x0000000700600000, 0x000000070a550000, 0x00000007aacb0000)
  object space 163136K, 28% used [0x0000000700600000,0x000000070336c100,0x000000070a550000)
 PSPermGen       total 40960K, used 18121K [0x00000006fb400000, 0x00000006fdc00000, 0x0000000700600000)
  object space 40960K, 44% used [0x00000006fb400000,0x00000006fc5b2438,0x00000006fdc00000)
GC Heap History (10 events):
Event: 5.946 GC heap before
{Heap before GC invocations=8 (full 1):
 PSYoungGen      total 289664K, used 289521K [0x00000007aacb0000, 0x00000007ce470000, 0x0000000800000000)
  eden space 261888K, 100% used [0x00000007aacb0000,0x00000007bac70000,0x00000007bac70000)
  from space 27776K, 99% used [0x00000007bac70000,0x00000007bc76c5d0,0x00000007bc790000)
  to   space 28800K, 0% used [0x00000007cc850000,0x00000007cc850000,0x00000007ce470000)
 ParOldGen       total 267392K, used 265770K [0x0000000700600000, 0x0000000710b20000, 0x00000007aacb0000)
  object space 267392K, 99% used [0x0000000700600000,0x000000071098a9c8,0x0000000710b20000)
 PSPermGen       total 21248K, used 18063K [0x00000006fb400000, 0x00000006fc8c0000, 0x0000000700600000)
  object space 21248K, 85% used [0x00000006fb400000,0x00000006fc5a3d88,0x00000006fc8c0000)
Event: 6.008 GC heap after
Heap after GC invocations=8 (full 1):
 PSYoungGen      total 289664K, used 0K [0x00000007aacb0000, 0x00000007ce470000, 0x0000000800000000)
  eden space 261888K, 0% used [0x00000007aacb0000,0x00000007aacb0000,0x00000007bac70000)
  from space 27776K, 0% used [0x00000007bac70000,0x00000007bac70000,0x00000007bc790000)
  to   space 28800K, 0% used [0x00000007cc850000,0x00000007cc850000,0x00000007ce470000)
 ParOldGen       total 130432K, used 26280K [0x0000000700600000, 0x0000000708560000, 0x00000007aacb0000)
  object space 130432K, 20% used [0x0000000700600000,0x0000000701faa390,0x0000000708560000)
 PSPermGen       total 36672K, used 18056K [0x00000006fb400000, 0x00000006fd7d0000, 0x0000000700600000)
  object space 36672K, 49% used [0x00000006fb400000,0x00000006fc5a22f0,0x00000006fd7d0000)
}
Event: 6.548 GC heap before
{Heap before GC invocations=9 (full 1):
 PSYoungGen      total 289664K, used 259883K [0x00000007aacb0000, 0x00000007ce470000, 0x0000000800000000)
  eden space 261888K, 99% used [0x00000007aacb0000,0x00000007baa7ad60,0x00000007bac70000)
  from space 27776K, 0% used [0x00000007bac70000,0x00000007bac70000,0x00000007bc790000)
  to   space 28800K, 0% used [0x00000007cc850000,0x00000007cc850000,0x00000007ce470000)
 ParOldGen       total 130432K, used 38430K [0x0000000700600000, 0x0000000708560000, 0x00000007aacb0000)
  object space 130432K, 29% used [0x0000000700600000,0x0000000702b87bb0,0x0000000708560000)
 PSPermGen       total 36672K, used 18069K [0x00000006fb400000, 0x00000006fd7d0000, 0x0000000700600000)
  object space 36672K, 49% used [0x00000006fb400000,0x00000006fc5a56a8,0x00000006fd7d0000)
Event: 6.551 GC heap after
Heap after GC invocations=9 (full 1):
 PSYoungGen      total 460032K, used 11045K [0x00000007aacb0000, 0x00000007cd320000, 0x0000000800000000)
  eden space 448960K, 0% used [0x00000007aacb0000,0x00000007aacb0000,0x00000007c6320000)
  from space 11072K, 99% used [0x00000007cc850000,0x00000007cd3197a0,0x00000007cd320000)
  to   space 31168K, 0% used [0x00000007c9640000,0x00000007c9640000,0x00000007cb4b0000)
 ParOldGen       total 130432K, used 38430K [0x0000000700600000, 0x0000000708560000, 0x00000007aacb0000)
  object space 130432K, 29% used [0x0000000700600000,0x0000000702b87bb0,0x0000000708560000)
 PSPermGen       total 36672K, used 18069K [0x00000006fb400000, 0x00000006fd7d0000, 0x0000000700600000)
  object space 36672K, 49% used [0x00000006fb400000,0x00000006fc5a56a8,0x00000006fd7d0000)
}
Event: 7.696 GC heap before
{Heap before GC invocations=10 (full 2):
 PSYoungGen      total 460032K, used 460005K [0x00000007aacb0000, 0x00000007cd320000, 0x0000000800000000)
  eden space 448960K, 100% used [0x00000007aacb0000,0x00000007c6320000,0x00000007c6320000)
  from space 11072K, 99% used [0x00000007cc850000,0x00000007cd3197a0,0x00000007cd320000)
  to   space 31168K, 0% used [0x00000007c9640000,0x00000007c9640000,0x00000007cb4b0000)
 ParOldGen       total 150208K, used 149553K [0x0000000700600000, 0x00000007098b0000, 0x00000007aacb0000)
  object space 150208K, 99% used [0x0000000700600000,0x000000070980c720,0x00000007098b0000)
 PSPermGen       total 36672K, used 18073K [0x00000006fb400000, 0x00000006fd7d0000, 0x0000000700600000)
  object space 36672K, 49% used [0x00000006fb400000,0x00000006fc5a6748,0x00000006fd7d0000)
Event: 7.723 GC heap after
Heap after GC invocations=10 (full 2):
 PSYoungGen      total 460032K, used 0K [0x00000007aacb0000, 0x00000007cd320000, 0x0000000800000000)
  eden space 448960K, 0% used [0x00000007aacb0000,0x00000007aacb0000,0x00000007c6320000)
  from space 11072K, 0% used [0x00000007cc850000,0x00000007cc850000,0x00000007cd320000)
  to   space 31168K, 0% used [0x00000007c9640000,0x00000007c9640000,0x00000007cb4b0000)
 ParOldGen       total 163136K, used 28287K [0x0000000700600000, 0x000000070a550000, 0x00000007aacb0000)
  object space 163136K, 17% used [0x0000000700600000,0x000000070219fcd0,0x000000070a550000)
 PSPermGen       total 40960K, used 18073K [0x00000006fb400000, 0x00000006fdc00000, 0x0000000700600000)
  object space 40960K, 44% used [0x00000006fb400000,0x00000006fc5a6688,0x00000006fdc00000)
}
Event: 8.627 GC heap before
{Heap before GC invocations=11 (full 2):
 PSYoungGen      total 460032K, used 448632K [0x00000007aacb0000, 0x00000007cd320000, 0x0000000800000000)
  eden space 448960K, 99% used [0x00000007aacb0000,0x00000007c62ce3e0,0x00000007c6320000)
  from space 11072K, 0% used [0x00000007cc850000,0x00000007cc850000,0x00000007cd320000)
  to   space 31168K, 0% used [0x00000007c9640000,0x00000007c9640000,0x00000007cb4b0000)
 ParOldGen       total 163136K, used 28287K [0x0000000700600000, 0x000000070a550000, 0x00000007aacb0000)
  object space 163136K, 17% used [0x0000000700600000,0x000000070219fcd0,0x000000070a550000)
 PSPermGen       total 40960K, used 18082K [0x00000006fb400000, 0x00000006fdc00000, 0x0000000700600000)
  object space 40960K, 44% used [0x00000006fb400000,0x00000006fc5a8a40,0x00000006fdc00000)
Event: 8.635 GC heap after
Heap after GC invocations=11 (full 2):
 PSYoungGen      total 532480K, used 29144K [0x00000007aacb0000, 0x00000007d3b70000, 0x0000000800000000)
  eden space 501312K, 0% used [0x00000007aacb0000,0x00000007aacb0000,0x00000007c9640000)
  from space 31168K, 93% used [0x00000007c9640000,0x00000007cb2b6190,0x00000007cb4b0000)
  to   space 32576K, 0% used [0x00000007d1ba0000,0x00000007d1ba0000,0x00000007d3b70000)
 ParOldGen       total 163136K, used 40437K [0x0000000700600000, 0x000000070a550000, 0x00000007aacb0000)
  object space 163136K, 24% used [0x0000000700600000,0x0000000702d7d4f0,0x000000070a550000)
 PSPermGen       total 40960K, used 18082K [0x00000006fb400000, 0x00000006fdc00000, 0x0000000700600000)
  object space 40960K, 44% used [0x00000006fb400000,0x00000006fc5a8a40,0x00000006fdc00000)
}
Event: 9.626 GC heap before
{Heap before GC invocations=12 (full 2):
 PSYoungGen      total 532480K, used 529580K [0x00000007aacb0000, 0x00000007d3b70000, 0x0000000800000000)
  eden space 501312K, 99% used [0x00000007aacb0000,0x00000007c9564f68,0x00000007c9640000)
  from space 31168K, 93% used [0x00000007c9640000,0x00000007cb2b6190,0x00000007cb4b0000)
  to   space 32576K, 0% used [0x00000007d1ba0000,0x00000007d1ba0000,0x00000007d3b70000)
 ParOldGen       total 163136K, used 40437K [0x0000000700600000, 0x000000070a550000, 0x00000007aacb0000)
  object space 163136K, 24% used [0x0000000700600000,0x0000000702d7d4f0,0x000000070a550000)
 PSPermGen       total 40960K, used 18085K [0x00000006fb400000, 0x00000006fdc00000, 0x0000000700600000)
  object space 40960K, 44% used [0x00000006fb400000,0x00000006fc5a9530,0x00000006fdc00000)
Event: 9.634 GC heap after
Heap after GC invocations=12 (full 2):
 PSYoungGen      total 636800K, used 29335K [0x00000007aacb0000, 0x00000007d7850000, 0x0000000800000000)
  eden space 604224K, 0% used [0x00000007aacb0000,0x00000007aacb0000,0x00000007cfac0000)
  from space 32576K, 90% used [0x00000007d1ba0000,0x00000007d3845c00,0x00000007d3b70000)
  to   space 33664K, 0% used [0x00000007cfac0000,0x00000007cfac0000,0x00000007d1ba0000)
 ParOldGen       total 163136K, used 46512K [0x0000000700600000, 0x000000070a550000, 0x00000007aacb0000)
  object space 163136K, 28% used [0x0000000700600000,0x000000070336c100,0x000000070a550000)
 PSPermGen       total 40960K, used 18085K [0x00000006fb400000, 0x00000006fdc00000, 0x0000000700600000)
  object space 40960K, 44% used [0x00000006fb400000,0x00000006fc5a9530,0x00000006fdc00000)
}

