# JRE version: 7.0_07-b11
# Java VM: Java HotSpot(TM) 64-Bit Server VM (23.3-b01 mixed mode windows-amd64 compressed oops)
Heap
 PSYoungGen      total 546176K, used 429993K [0x00000007aacb0000, 0x00000007ce170000, 0x0000000800000000)
  eden space 515968K, 81% used [0x00000007aacb0000,0x00000007c45d0ec8,0x00000007ca490000)
  from space 30208K, 36% used [0x00000007cc3f0000,0x00000007cceb97a0,0x00000007ce170000)
  to   space 31168K, 0% used [0x00000007ca490000,0x00000007ca490000,0x00000007cc300000)
 ParOldGen       total 174528K, used 71532K [0x0000000700600000, 0x000000070b070000, 0x00000007aacb0000)
  object space 174528K, 40% used [0x0000000700600000,0x0000000704bdb180,0x000000070b070000)
 PSPermGen       total 21248K, used 17894K [0x00000006fb400000, 0x00000006fc8c0000, 0x0000000700600000)
  object space 21248K, 84% used [0x00000006fb400000,0x00000006fc579b90,0x00000006fc8c0000)
GC Heap History (10 events):
Event: 5.750 GC heap before
{Heap before GC invocations=4 (full 0):
 PSYoungGen      total 76352K, used 69554K [0x00000007aacb0000, 0x00000007b41d0000, 0x0000000800000000)
  eden space 65472K, 94% used [0x00000007aacb0000,0x00000007ae932b68,0x00000007aeca0000)
  from space 10880K, 69% used [0x00000007aeca0000,0x00000007af409d10,0x00000007af740000)
  to   space 10880K, 0% used [0x00000007b3730000,0x00000007b3730000,0x00000007b41d0000)
 ParOldGen       total 174528K, used 32177K [0x0000000700600000, 0x000000070b070000, 0x00000007aacb0000)
  object space 174528K, 18% used [0x0000000700600000,0x000000070256c698,0x000000070b070000)
 PSPermGen       total 21248K, used 17842K [0x00000006fb400000, 0x00000006fc8c0000, 0x0000000700600000)
  object space 21248K, 83% used [0x00000006fb400000,0x00000006fc56c968,0x00000006fc8c0000)
Event: 5.755 GC heap after
Heap after GC invocations=4 (full 0):
 PSYoungGen      total 141824K, used 10864K [0x00000007aacb0000, 0x00000007b41d0000, 0x0000000800000000)
  eden space 130944K, 0% used [0x00000007aacb0000,0x00000007aacb0000,0x00000007b2c90000)
  from space 10880K, 99% used [0x00000007b3730000,0x00000007b41cc1d0,0x00000007b41d0000)
  to   space 10880K, 0% used [0x00000007b2c90000,0x00000007b2c90000,0x00000007b3730000)
 ParOldGen       total 174528K, used 35725K [0x0000000700600000, 0x000000070b070000, 0x00000007aacb0000)
  object space 174528K, 20% used [0x0000000700600000,0x00000007028e3758,0x000000070b070000)
 PSPermGen       total 21248K, used 17842K [0x00000006fb400000, 0x00000006fc8c0000, 0x0000000700600000)
  object space 21248K, 83% used [0x00000006fb400000,0x00000006fc56c968,0x00000006fc8c0000)
}
Event: 6.188 GC heap before
{Heap before GC invocations=5 (full 0):
 PSYoungGen      total 141824K, used 136356K [0x00000007aacb0000, 0x00000007b41d0000, 0x0000000800000000)
  eden space 130944K, 95% used [0x00000007aacb0000,0x00000007b273d198,0x00000007b2c90000)
  from space 10880K, 99% used [0x00000007b3730000,0x00000007b41cc1d0,0x00000007b41d0000)
  to   space 10880K, 0% used [0x00000007b2c90000,0x00000007b2c90000,0x00000007b3730000)
 ParOldGen       total 174528K, used 35725K [0x0000000700600000, 0x000000070b070000, 0x00000007aacb0000)
  object space 174528K, 20% used [0x0000000700600000,0x00000007028e3758,0x000000070b070000)
 PSPermGen       total 21248K, used 17881K [0x00000006fb400000, 0x00000006fc8c0000, 0x0000000700600000)
  object space 21248K, 84% used [0x00000006fb400000,0x00000006fc5766d0,0x00000006fc8c0000)
Event: 6.194 GC heap after
Heap after GC invocations=5 (full 0):
 PSYoungGen      total 141824K, used 7579K [0x00000007aacb0000, 0x00000007bdc70000, 0x0000000800000000)
  eden space 130944K, 0% used [0x00000007aacb0000,0x00000007aacb0000,0x00000007b2c90000)
  from space 10880K, 69% used [0x00000007b2c90000,0x00000007b33f6fc0,0x00000007b3730000)
  to   space 24576K, 0% used [0x00000007bc470000,0x00000007bc470000,0x00000007bdc70000)
 ParOldGen       total 174528K, used 42560K [0x0000000700600000, 0x000000070b070000, 0x00000007aacb0000)
  object space 174528K, 24% used [0x0000000700600000,0x0000000702f900f8,0x000000070b070000)
 PSPermGen       total 21248K, used 17881K [0x00000006fb400000, 0x00000006fc8c0000, 0x0000000700600000)
  object space 21248K, 84% used [0x00000006fb400000,0x00000006fc5766d0,0x00000006fc8c0000)
}
Event: 6.654 GC heap before
{Heap before GC invocations=6 (full 0):
 PSYoungGen      total 141824K, used 138050K [0x00000007aacb0000, 0x00000007bdc70000, 0x0000000800000000)
  eden space 130944K, 99% used [0x00000007aacb0000,0x00000007b2c19b08,0x00000007b2c90000)
  from space 10880K, 69% used [0x00000007b2c90000,0x00000007b33f6fc0,0x00000007b3730000)
  to   space 24576K, 0% used [0x00000007bc470000,0x00000007bc470000,0x00000007bdc70000)
 ParOldGen       total 174528K, used 42560K [0x0000000700600000, 0x000000070b070000, 0x00000007aacb0000)
  object space 174528K, 24% used [0x0000000700600000,0x0000000702f900f8,0x000000070b070000)
 PSPermGen       total 21248K, used 17883K [0x00000006fb400000, 0x00000006fc8c0000, 0x0000000700600000)
  object space 21248K, 84% used [0x00000006fb400000,0x00000006fc576ff0,0x00000006fc8c0000)
Event: 6.663 GC heap after
Heap after GC invocations=6 (full 0):
 PSYoungGen      total 282560K, used 23110K [0x00000007aacb0000, 0x00000007be410000, 0x0000000800000000)
  eden space 257984K, 0% used [0x00000007aacb0000,0x00000007aacb0000,0x00000007ba8a0000)
  from space 24576K, 94% used [0x00000007bc470000,0x00000007bdb019d0,0x00000007bdc70000)
  to   space 28480K, 0% used [0x00000007ba8a0000,0x00000007ba8a0000,0x00000007bc470000)
 ParOldGen       total 174528K, used 52052K [0x0000000700600000, 0x000000070b070000, 0x00000007aacb0000)
  object space 174528K, 29% used [0x0000000700600000,0x00000007038d51d8,0x000000070b070000)
 PSPermGen       total 21248K, used 17883K [0x00000006fb400000, 0x00000006fc8c0000, 0x0000000700600000)
  object space 21248K, 84% used [0x00000006fb400000,0x00000006fc576ff0,0x00000006fc8c0000)
}
Event: 7.154 GC heap before
{Heap before GC invocations=7 (full 0):
 PSYoungGen      total 282560K, used 280586K [0x00000007aacb0000, 0x00000007be410000, 0x0000000800000000)
  eden space 257984K, 99% used [0x00000007aacb0000,0x00000007ba820eb0,0x00000007ba8a0000)
  from space 24576K, 94% used [0x00000007bc470000,0x00000007bdb019d0,0x00000007bdc70000)
  to   space 28480K, 0% used [0x00000007ba8a0000,0x00000007ba8a0000,0x00000007bc470000)
 ParOldGen       total 174528K, used 52052K [0x0000000700600000, 0x000000070b070000, 0x00000007aacb0000)
  object space 174528K, 29% used [0x0000000700600000,0x00000007038d51d8,0x000000070b070000)
 PSPermGen       total 21248K, used 17888K [0x00000006fb400000, 0x00000006fc8c0000, 0x0000000700600000)
  object space 21248K, 84% used [0x00000006fb400000,0x00000006fc5782f0,0x00000006fc8c0000)
Event: 7.167 GC heap after
Heap after GC invocations=7 (full 0):
 PSYoungGen      total 286464K, used 25548K [0x00000007aacb0000, 0x00000007ce350000, 0x0000000800000000)
  eden space 257984K, 0% used [0x00000007aacb0000,0x00000007aacb0000,0x00000007ba8a0000)
  from space 28480K, 89% used [0x00000007ba8a0000,0x00000007bc1930e0,0x00000007bc470000)
  to   space 32128K, 0% used [0x00000007cc3f0000,0x00000007cc3f0000,0x00000007ce350000)
 ParOldGen       total 174528K, used 71516K [0x0000000700600000, 0x000000070b070000, 0x00000007aacb0000)
  object space 174528K, 40% used [0x0000000700600000,0x0000000704bd7180,0x000000070b070000)
 PSPermGen       total 21248K, used 17888K [0x00000006fb400000, 0x00000006fc8c0000, 0x0000000700600000)
  object space 21248K, 84% used [0x00000006fb400000,0x00000006fc5782f0,0x00000006fc8c0000)
}
Event: 7.652 GC heap before
{Heap before GC invocations=8 (full 0):
 PSYoungGen      total 286464K, used 281934K [0x00000007aacb0000, 0x00000007ce350000, 0x0000000800000000)
  eden space 257984K, 99% used [0x00000007aacb0000,0x00000007ba710998,0x00000007ba8a0000)
  from space 28480K, 89% used [0x00000007ba8a0000,0x00000007bc1930e0,0x00000007bc470000)
  to   space 32128K, 0% used [0x00000007cc3f0000,0x00000007cc3f0000,0x00000007ce350000)
 ParOldGen       total 174528K, used 71516K [0x0000000700600000, 0x000000070b070000, 0x00000007aacb0000)
  object space 174528K, 40% used [0x0000000700600000,0x0000000704bd7180,0x000000070b070000)
 PSPermGen       total 21248K, used 17889K [0x00000006fb400000, 0x00000006fc8c0000, 0x0000000700600000)
  object space 21248K, 84% used [0x00000006fb400000,0x00000006fc578788,0x00000006fc8c0000)
Event: 7.656 GC heap after
Heap after GC invocations=8 (full 0):
 PSYoungGen      total 546176K, used 11045K [0x00000007aacb0000, 0x00000007ce170000, 0x0000000800000000)
  eden space 515968K, 0% used [0x00000007aacb0000,0x00000007aacb0000,0x00000007ca490000)
  from space 30208K, 36% used [0x00000007cc3f0000,0x00000007cceb97a0,0x00000007ce170000)
  to   space 31168K, 0% used [0x00000007ca490000,0x00000007ca490000,0x00000007cc300000)
 ParOldGen       total 174528K, used 71532K [0x0000000700600000, 0x000000070b070000, 0x00000007aacb0000)
  object space 174528K, 40% used [0x0000000700600000,0x0000000704bdb180,0x000000070b070000)
 PSPermGen       total 21248K, used 17889K [0x00000006fb400000, 0x00000006fc8c0000, 0x0000000700600000)
  object space 21248K, 84% used [0x00000006fb400000,0x00000006fc578788,0x00000006fc8c0000)
}

