# JRE version: 7.0_07-b11
# Java VM: Java HotSpot(TM) 64-Bit Server VM (23.3-b01 mixed mode windows-amd64 compressed oops)
Heap
 PSYoungGen      total 772032K, used 408427K [0x00000007aacb0000, 0x00000007e02c0000, 0x0000000800000000)
  eden space 738944K, 55% used [0x00000007aacb0000,0x00000007c3b8ae60,0x00000007d7e50000)
  from space 33088K, 0% used [0x00000007de270000,0x00000007de270000,0x00000007e02c0000)
  to   space 51712K, 0% used [0x00000007d9dc0000,0x00000007d9dc0000,0x00000007dd040000)
 ParOldGen       total 273536K, used 62657K [0x0000000700600000, 0x0000000711120000, 0x00000007aacb0000)
  object space 273536K, 22% used [0x0000000700600000,0x0000000704330478,0x0000000711120000)
 PSPermGen       total 39424K, used 18183K [0x00000006fb400000, 0x00000006fda80000, 0x0000000700600000)
  object space 39424K, 46% used [0x00000006fb400000,0x00000006fc5c1ca0,0x00000006fda80000)
GC Heap History (10 events):
Event: 14.214 GC heap before
{Heap before GC invocations=11 (full 0):
 PSYoungGen      total 864960K, used 817819K [0x00000007aacb0000, 0x00000007e2de0000, 0x0000000800000000)
  eden space 812160K, 99% used [0x00000007aacb0000,0x00000007dc10c058,0x00000007dc5d0000)
  from space 52800K, 19% used [0x00000007df9b0000,0x00000007e03fae70,0x00000007e2d40000)
  to   space 53120K, 0% used [0x00000007dc5d0000,0x00000007dc5d0000,0x00000007df9b0000)
 ParOldGen       total 174528K, used 107688K [0x0000000700600000, 0x000000070b070000, 0x00000007aacb0000)
  object space 174528K, 61% used [0x0000000700600000,0x0000000706f2a3f8,0x000000070b070000)
 PSPermGen       total 21248K, used 18106K [0x00000006fb400000, 0x00000006fc8c0000, 0x0000000700600000)
  object space 21248K, 85% used [0x00000006fb400000,0x00000006fc5aebe8,0x00000006fc8c0000)
Event: 14.222 GC heap after
Heap after GC invocations=11 (full 0):
 PSYoungGen      total 803904K, used 29270K [0x00000007aacb0000, 0x00000007e0620000, 0x0000000800000000)
  eden space 774592K, 0% used [0x00000007aacb0000,0x00000007aacb0000,0x00000007da120000)
  from space 29312K, 99% used [0x00000007dc5d0000,0x00000007de265bd0,0x00000007de270000)
  to   space 36544K, 0% used [0x00000007de270000,0x00000007de270000,0x00000007e0620000)
 ParOldGen       total 174528K, used 107833K [0x0000000700600000, 0x000000070b070000, 0x00000007aacb0000)
  object space 174528K, 61% used [0x0000000700600000,0x0000000706f4e428,0x000000070b070000)
 PSPermGen       total 21248K, used 18106K [0x00000006fb400000, 0x00000006fc8c0000, 0x0000000700600000)
  object space 21248K, 85% used [0x00000006fb400000,0x00000006fc5aebe8,0x00000006fc8c0000)
}
Event: 15.920 GC heap before
{Heap before GC invocations=12 (full 0):
 PSYoungGen      total 803904K, used 802306K [0x00000007aacb0000, 0x00000007e0620000, 0x0000000800000000)
  eden space 774592K, 99% used [0x00000007aacb0000,0x00000007d9f9af78,0x00000007da120000)
  from space 29312K, 99% used [0x00000007dc5d0000,0x00000007de265bd0,0x00000007de270000)
  to   space 36544K, 0% used [0x00000007de270000,0x00000007de270000,0x00000007e0620000)
 ParOldGen       total 174528K, used 111250K [0x0000000700600000, 0x000000070b070000, 0x00000007aacb0000)
  object space 174528K, 63% used [0x0000000700600000,0x00000007072a48f8,0x000000070b070000)
 PSPermGen       total 21248K, used 18141K [0x00000006fb400000, 0x00000006fc8c0000, 0x0000000700600000)
  object space 21248K, 85% used [0x00000006fb400000,0x00000006fc5b7640,0x00000006fc8c0000)
Event: 15.938 GC heap after
Heap after GC invocations=12 (full 0):
 PSYoungGen      total 772032K, used 33046K [0x00000007aacb0000, 0x00000007e02c0000, 0x0000000800000000)
  eden space 738944K, 0% used [0x00000007aacb0000,0x00000007aacb0000,0x00000007d7e50000)
  from space 33088K, 99% used [0x00000007de270000,0x00000007e02b59b0,0x00000007e02c0000)
  to   space 51712K, 0% used [0x00000007d9dc0000,0x00000007d9dc0000,0x00000007dd040000)
 ParOldGen       total 174528K, used 151413K [0x0000000700600000, 0x000000070b070000, 0x00000007aacb0000)
  object space 174528K, 86% used [0x0000000700600000,0x00000007099dd668,0x000000070b070000)
 PSPermGen       total 21248K, used 18141K [0x00000006fb400000, 0x00000006fc8c0000, 0x0000000700600000)
  object space 21248K, 85% used [0x00000006fb400000,0x00000006fc5b7640,0x00000006fc8c0000)
}
Event: 15.938 GC heap before
{Heap before GC invocations=13 (full 1):
 PSYoungGen      total 772032K, used 33046K [0x00000007aacb0000, 0x00000007e02c0000, 0x0000000800000000)
  eden space 738944K, 0% used [0x00000007aacb0000,0x00000007aacb0000,0x00000007d7e50000)
  from space 33088K, 99% used [0x00000007de270000,0x00000007e02b59b0,0x00000007e02c0000)
  to   space 51712K, 0% used [0x00000007d9dc0000,0x00000007d9dc0000,0x00000007dd040000)
 ParOldGen       total 174528K, used 151413K [0x0000000700600000, 0x000000070b070000, 0x00000007aacb0000)
  object space 174528K, 86% used [0x0000000700600000,0x00000007099dd668,0x000000070b070000)
 PSPermGen       total 21248K, used 18141K [0x00000006fb400000, 0x00000006fc8c0000, 0x0000000700600000)
  object space 21248K, 85% used [0x00000006fb400000,0x00000006fc5b7640,0x00000006fc8c0000)
Event: 15.998 GC heap after
Heap after GC invocations=13 (full 1):
 PSYoungGen      total 772032K, used 0K [0x00000007aacb0000, 0x00000007e02c0000, 0x0000000800000000)
  eden space 738944K, 0% used [0x00000007aacb0000,0x00000007aacb0000,0x00000007d7e50000)
  from space 33088K, 0% used [0x00000007de270000,0x00000007de270000,0x00000007e02c0000)
  to   space 51712K, 0% used [0x00000007d9dc0000,0x00000007d9dc0000,0x00000007dd040000)
 ParOldGen       total 183808K, used 57767K [0x0000000700600000, 0x000000070b980000, 0x00000007aacb0000)
  object space 183808K, 31% used [0x0000000700600000,0x0000000703e69ce0,0x000000070b980000)
 PSPermGen       total 36800K, used 18134K [0x00000006fb400000, 0x00000006fd7f0000, 0x0000000700600000)
  object space 36800K, 49% used [0x00000006fb400000,0x00000006fc5b5ac8,0x00000006fd7f0000)
}
Event: 18.153 GC heap before
{Heap before GC invocations=14 (full 2):
 PSYoungGen      total 772032K, used 738258K [0x00000007aacb0000, 0x00000007e02c0000, 0x0000000800000000)
  eden space 738944K, 99% used [0x00000007aacb0000,0x00000007d7da4878,0x00000007d7e50000)
  from space 33088K, 0% used [0x00000007de270000,0x00000007de270000,0x00000007e02c0000)
  to   space 51712K, 0% used [0x00000007d9dc0000,0x00000007d9dc0000,0x00000007dd040000)
 ParOldGen       total 410304K, used 407460K [0x0000000700600000, 0x00000007196b0000, 0x00000007aacb0000)
  object space 410304K, 99% used [0x0000000700600000,0x00000007193e91b0,0x00000007196b0000)
 PSPermGen       total 36800K, used 18158K [0x00000006fb400000, 0x00000006fd7f0000, 0x0000000700600000)
  object space 36800K, 49% used [0x00000006fb400000,0x00000006fc5bbac0,0x00000006fd7f0000)
Event: 18.206 GC heap after
Heap after GC invocations=14 (full 2):
 PSYoungGen      total 772032K, used 0K [0x00000007aacb0000, 0x00000007e02c0000, 0x0000000800000000)
  eden space 738944K, 0% used [0x00000007aacb0000,0x00000007aacb0000,0x00000007d7e50000)
  from space 33088K, 0% used [0x00000007de270000,0x00000007de270000,0x00000007e02c0000)
  to   space 51712K, 0% used [0x00000007d9dc0000,0x00000007d9dc0000,0x00000007dd040000)
 ParOldGen       total 228416K, used 57778K [0x0000000700600000, 0x000000070e510000, 0x00000007aacb0000)
  object space 228416K, 25% used [0x0000000700600000,0x0000000703e6c8a0,0x000000070e510000)
 PSPermGen       total 41088K, used 18158K [0x00000006fb400000, 0x00000006fdc20000, 0x0000000700600000)
  object space 41088K, 44% used [0x00000006fb400000,0x00000006fc5bba80,0x00000006fdc20000)
}
Event: 21.899 GC heap before
{Heap before GC invocations=15 (full 3):
 PSYoungGen      total 772032K, used 737293K [0x00000007aacb0000, 0x00000007e02c0000, 0x0000000800000000)
  eden space 738944K, 99% used [0x00000007aacb0000,0x00000007d7cb37b0,0x00000007d7e50000)
  from space 33088K, 0% used [0x00000007de270000,0x00000007de270000,0x00000007e02c0000)
  to   space 51712K, 0% used [0x00000007d9dc0000,0x00000007d9dc0000,0x00000007dd040000)
 ParOldGen       total 358464K, used 358111K [0x0000000700600000, 0x0000000716410000, 0x00000007aacb0000)
  object space 358464K, 99% used [0x0000000700600000,0x00000007163b7fd0,0x0000000716410000)
 PSPermGen       total 41088K, used 18175K [0x00000006fb400000, 0x00000006fdc20000, 0x0000000700600000)
  object space 41088K, 44% used [0x00000006fb400000,0x00000006fc5bfef8,0x00000006fdc20000)
Event: 21.940 GC heap after
Heap after GC invocations=15 (full 3):
 PSYoungGen      total 772032K, used 0K [0x00000007aacb0000, 0x00000007e02c0000, 0x0000000800000000)
  eden space 738944K, 0% used [0x00000007aacb0000,0x00000007aacb0000,0x00000007d7e50000)
  from space 33088K, 0% used [0x00000007de270000,0x00000007de270000,0x00000007e02c0000)
  to   space 51712K, 0% used [0x00000007d9dc0000,0x00000007d9dc0000,0x00000007dd040000)
 ParOldGen       total 273536K, used 62657K [0x0000000700600000, 0x0000000711120000, 0x00000007aacb0000)
  object space 273536K, 22% used [0x0000000700600000,0x0000000704330478,0x0000000711120000)
 PSPermGen       total 39424K, used 18175K [0x00000006fb400000, 0x00000006fda80000, 0x0000000700600000)
  object space 39424K, 46% used [0x00000006fb400000,0x00000006fc5bfef8,0x00000006fda80000)
}

