# JRE version: 7.0_07-b11
# Java VM: Java HotSpot(TM) 64-Bit Server VM (23.3-b01 mixed mode windows-amd64 compressed oops)
Heap
 PSYoungGen      total 1080000K, used 238998K [0x00000007aacb0000, 0x00000007f65c0000, 0x0000000800000000)
  eden space 1036224K, 23% used [0x00000007aacb0000,0x00000007b96159e8,0x00000007ea0a0000)
  from space 43776K, 0% used [0x00000007ecde0000,0x00000007ecde0000,0x00000007ef8a0000)
  to   space 46336K, 0% used [0x00000007ea0a0000,0x00000007ea0a0000,0x00000007ecde0000)
 ParOldGen       total 205760K, used 66968K [0x0000000700600000, 0x000000070cef0000, 0x00000007aacb0000)
  object space 205760K, 32% used [0x0000000700600000,0x0000000704766398,0x000000070cef0000)
 PSPermGen       total 41344K, used 18236K [0x00000006fb400000, 0x00000006fdc60000, 0x0000000700600000)
  object space 41344K, 44% used [0x00000006fb400000,0x00000006fc5cf018,0x00000006fdc60000)
GC Heap History (10 events):
Event: 7.935 GC heap before
{Heap before GC invocations=10 (full 1):
 PSYoungGen      total 557952K, used 35433K [0x00000007aacb0000, 0x00000007e2730000, 0x0000000800000000)
  eden space 522048K, 0% used [0x00000007aacb0000,0x00000007aacb0000,0x00000007caa80000)
  from space 35904K, 98% used [0x00000007caa80000,0x00000007ccd1a4d0,0x00000007ccd90000)
  to   space 38272K, 0% used [0x00000007e01d0000,0x00000007e01d0000,0x00000007e2730000)
 ParOldGen       total 174528K, used 154267K [0x0000000700600000, 0x000000070b070000, 0x00000007aacb0000)
  object space 174528K, 88% used [0x0000000700600000,0x0000000709ca6e90,0x000000070b070000)
 PSPermGen       total 21248K, used 18110K [0x00000006fb400000, 0x00000006fc8c0000, 0x0000000700600000)
  object space 21248K, 85% used [0x00000006fb400000,0x00000006fc5af8c8,0x00000006fc8c0000)
Event: 7.993 GC heap after
Heap after GC invocations=10 (full 1):
 PSYoungGen      total 557952K, used 0K [0x00000007aacb0000, 0x00000007e2730000, 0x0000000800000000)
  eden space 522048K, 0% used [0x00000007aacb0000,0x00000007aacb0000,0x00000007caa80000)
  from space 35904K, 0% used [0x00000007caa80000,0x00000007caa80000,0x00000007ccd90000)
  to   space 38272K, 0% used [0x00000007e01d0000,0x00000007e01d0000,0x00000007e2730000)
 ParOldGen       total 140672K, used 30008K [0x0000000700600000, 0x0000000708f60000, 0x00000007aacb0000)
  object space 140672K, 21% used [0x0000000700600000,0x000000070234e1a8,0x0000000708f60000)
 PSPermGen       total 36736K, used 18103K [0x00000006fb400000, 0x00000006fd7e0000, 0x0000000700600000)
  object space 36736K, 49% used [0x00000006fb400000,0x00000006fc5addb0,0x00000006fd7e0000)
}
Event: 9.191 GC heap before
{Heap before GC invocations=11 (full 1):
 PSYoungGen      total 557952K, used 520512K [0x00000007aacb0000, 0x00000007e2730000, 0x0000000800000000)
  eden space 522048K, 99% used [0x00000007aacb0000,0x00000007ca900358,0x00000007caa80000)
  from space 35904K, 0% used [0x00000007caa80000,0x00000007caa80000,0x00000007ccd90000)
  to   space 38272K, 0% used [0x00000007e01d0000,0x00000007e01d0000,0x00000007e2730000)
 ParOldGen       total 140672K, used 30008K [0x0000000700600000, 0x0000000708f60000, 0x00000007aacb0000)
  object space 140672K, 21% used [0x0000000700600000,0x000000070234e1a8,0x0000000708f60000)
 PSPermGen       total 36736K, used 18115K [0x00000006fb400000, 0x00000006fd7e0000, 0x0000000700600000)
  object space 36736K, 49% used [0x00000006fb400000,0x00000006fc5b0fe8,0x00000006fd7e0000)
Event: 9.204 GC heap after
Heap after GC invocations=11 (full 1):
 PSYoungGen      total 778496K, used 37698K [0x00000007aacb0000, 0x00000007e26b0000, 0x0000000800000000)
  eden space 740736K, 0% used [0x00000007aacb0000,0x00000007aacb0000,0x00000007d8010000)
  from space 37760K, 99% used [0x00000007e01d0000,0x00000007e26a0900,0x00000007e26b0000)
  to   space 40768K, 0% used [0x00000007dd710000,0x00000007dd710000,0x00000007dfee0000)
 ParOldGen       total 140672K, used 45575K [0x0000000700600000, 0x0000000708f60000, 0x00000007aacb0000)
  object space 140672K, 32% used [0x0000000700600000,0x0000000703281e98,0x0000000708f60000)
 PSPermGen       total 36736K, used 18115K [0x00000006fb400000, 0x00000006fd7e0000, 0x0000000700600000)
  object space 36736K, 49% used [0x00000006fb400000,0x00000006fc5b0fe8,0x00000006fd7e0000)
}
Event: 10.859 GC heap before
{Heap before GC invocations=12 (full 1):
 PSYoungGen      total 778496K, used 773390K [0x00000007aacb0000, 0x00000007e26b0000, 0x0000000800000000)
  eden space 740736K, 99% used [0x00000007aacb0000,0x00000007d7b232f8,0x00000007d8010000)
  from space 37760K, 99% used [0x00000007e01d0000,0x00000007e26a0900,0x00000007e26b0000)
  to   space 40768K, 0% used [0x00000007dd710000,0x00000007dd710000,0x00000007dfee0000)
 ParOldGen       total 140672K, used 45575K [0x0000000700600000, 0x0000000708f60000, 0x00000007aacb0000)
  object space 140672K, 32% used [0x0000000700600000,0x0000000703281e98,0x0000000708f60000)
 PSPermGen       total 36736K, used 18150K [0x00000006fb400000, 0x00000006fd7e0000, 0x0000000700600000)
  object space 36736K, 49% used [0x00000006fb400000,0x00000006fc5b9bb8,0x00000006fd7e0000)
Event: 10.873 GC heap after
Heap after GC invocations=12 (full 1):
 PSYoungGen      total 870592K, used 40304K [0x00000007aacb0000, 0x00000007ef8a0000, 0x0000000800000000)
  eden space 829824K, 0% used [0x00000007aacb0000,0x00000007aacb0000,0x00000007dd710000)
  from space 40768K, 98% used [0x00000007dd710000,0x00000007dfe6c320,0x00000007dfee0000)
  to   space 43776K, 0% used [0x00000007ecde0000,0x00000007ecde0000,0x00000007ef8a0000)
 ParOldGen       total 140672K, used 69297K [0x0000000700600000, 0x0000000708f60000, 0x00000007aacb0000)
  object space 140672K, 49% used [0x0000000700600000,0x00000007049ac768,0x0000000708f60000)
 PSPermGen       total 36736K, used 18150K [0x00000006fb400000, 0x00000006fd7e0000, 0x0000000700600000)
  object space 36736K, 49% used [0x00000006fb400000,0x00000006fc5b9bb8,0x00000006fd7e0000)
}
Event: 12.744 GC heap before
{Heap before GC invocations=13 (full 1):
 PSYoungGen      total 870592K, used 867056K [0x00000007aacb0000, 0x00000007ef8a0000, 0x0000000800000000)
  eden space 829824K, 99% used [0x00000007aacb0000,0x00000007dd40fd50,0x00000007dd710000)
  from space 40768K, 98% used [0x00000007dd710000,0x00000007dfe6c320,0x00000007dfee0000)
  to   space 43776K, 0% used [0x00000007ecde0000,0x00000007ecde0000,0x00000007ef8a0000)
 ParOldGen       total 140672K, used 75372K [0x0000000700600000, 0x0000000708f60000, 0x00000007aacb0000)
  object space 140672K, 53% used [0x0000000700600000,0x0000000704f9b378,0x0000000708f60000)
 PSPermGen       total 36736K, used 18165K [0x00000006fb400000, 0x00000006fd7e0000, 0x0000000700600000)
  object space 36736K, 49% used [0x00000006fb400000,0x00000006fc5bd5c8,0x00000006fd7e0000)
Event: 12.755 GC heap after
Heap after GC invocations=13 (full 1):
 PSYoungGen      total 1080000K, used 40747K [0x00000007aacb0000, 0x00000007f65c0000, 0x0000000800000000)
  eden space 1036224K, 0% used [0x00000007aacb0000,0x00000007aacb0000,0x00000007ea0a0000)
  from space 43776K, 93% used [0x00000007ecde0000,0x00000007ef5aac50,0x00000007ef8a0000)
  to   space 46336K, 0% used [0x00000007ea0a0000,0x00000007ea0a0000,0x00000007ecde0000)
 ParOldGen       total 140672K, used 75516K [0x0000000700600000, 0x0000000708f60000, 0x00000007aacb0000)
  object space 140672K, 53% used [0x0000000700600000,0x0000000704fbf3c8,0x0000000708f60000)
 PSPermGen       total 36736K, used 18165K [0x00000006fb400000, 0x00000006fd7e0000, 0x0000000700600000)
  object space 36736K, 49% used [0x00000006fb400000,0x00000006fc5bd5c8,0x00000006fd7e0000)
}
Event: 21.244 GC heap before
{Heap before GC invocations=14 (full 2):
 PSYoungGen      total 1080000K, used 1076353K [0x00000007aacb0000, 0x00000007f65c0000, 0x0000000800000000)
  eden space 1036224K, 99% used [0x00000007aacb0000,0x00000007ea005b08,0x00000007ea0a0000)
  from space 43776K, 93% used [0x00000007ecde0000,0x00000007ef5aac50,0x00000007ef8a0000)
  to   space 46336K, 0% used [0x00000007ea0a0000,0x00000007ea0a0000,0x00000007ecde0000)
 ParOldGen       total 375616K, used 373192K [0x0000000700600000, 0x00000007174d0000, 0x00000007aacb0000)
  object space 375616K, 99% used [0x0000000700600000,0x00000007172723b8,0x00000007174d0000)
 PSPermGen       total 36736K, used 18211K [0x00000006fb400000, 0x00000006fd7e0000, 0x0000000700600000)
  object space 36736K, 49% used [0x00000006fb400000,0x00000006fc5c8c10,0x00000006fd7e0000)
Event: 21.303 GC heap after
Heap after GC invocations=14 (full 2):
 PSYoungGen      total 1080000K, used 0K [0x00000007aacb0000, 0x00000007f65c0000, 0x0000000800000000)
  eden space 1036224K, 0% used [0x00000007aacb0000,0x00000007aacb0000,0x00000007ea0a0000)
  from space 43776K, 0% used [0x00000007ecde0000,0x00000007ecde0000,0x00000007ef8a0000)
  to   space 46336K, 0% used [0x00000007ea0a0000,0x00000007ea0a0000,0x00000007ecde0000)
 ParOldGen       total 205760K, used 66968K [0x0000000700600000, 0x000000070cef0000, 0x00000007aacb0000)
  object space 205760K, 32% used [0x0000000700600000,0x0000000704766398,0x000000070cef0000)
 PSPermGen       total 41344K, used 18210K [0x00000006fb400000, 0x00000006fdc60000, 0x0000000700600000)
  object space 41344K, 44% used [0x00000006fb400000,0x00000006fc5c8be0,0x00000006fdc60000)
}

