# JRE version: 7.0_07-b11
# Java VM: Java HotSpot(TM) 64-Bit Server VM (23.3-b01 mixed mode windows-amd64 compressed oops)
Heap
 PSYoungGen      total 357504K, used 84639K [0x00000007aacb0000, 0x00000007c8940000, 0x0000000800000000)
  eden space 327552K, 20% used [0x00000007aacb0000,0x00000007aed43a48,0x00000007bec90000)
  from space 29952K, 61% used [0x00000007bec90000,0x00000007bfea4430,0x00000007c09d0000)
  to   space 29376K, 0% used [0x00000007c6c90000,0x00000007c6c90000,0x00000007c8940000)
 ParOldGen       total 133248K, used 62716K [0x0000000700600000, 0x0000000708820000, 0x00000007aacb0000)
  object space 133248K, 47% used [0x0000000700600000,0x000000070433f020,0x0000000708820000)
 PSPermGen       total 35584K, used 17705K [0x00000006fb400000, 0x00000006fd6c0000, 0x0000000700600000)
  object space 35584K, 49% used [0x00000006fb400000,0x00000006fc54a550,0x00000006fd6c0000)
GC Heap History (10 events):
Event: 10.984 GC heap before
{Heap before GC invocations=10 (full 1):
 PSYoungGen      total 211392K, used 194946K [0x00000007aacb0000, 0x00000007b9b80000, 0x0000000800000000)
  eden space 180032K, 98% used [0x00000007aacb0000,0x00000007b5904520,0x00000007b5c80000)
  from space 31360K, 58% used [0x00000007b7ce0000,0x00000007b8eec430,0x00000007b9b80000)
  to   space 32256K, 0% used [0x00000007b5c80000,0x00000007b5c80000,0x00000007b7c00000)
 ParOldGen       total 133248K, used 62684K [0x0000000700600000, 0x0000000708820000, 0x00000007aacb0000)
  object space 133248K, 47% used [0x0000000700600000,0x0000000704337020,0x0000000708820000)
 PSPermGen       total 35584K, used 17646K [0x00000006fb400000, 0x00000006fd6c0000, 0x0000000700600000)
  object space 35584K, 49% used [0x00000006fb400000,0x00000006fc53bbb0,0x00000006fd6c0000)
Event: 10.990 GC heap after
Heap after GC invocations=10 (full 1):
 PSYoungGen      total 212288K, used 18481K [0x00000007aacb0000, 0x00000007bdd60000, 0x0000000800000000)
  eden space 180032K, 0% used [0x00000007aacb0000,0x00000007aacb0000,0x00000007b5c80000)
  from space 32256K, 57% used [0x00000007b5c80000,0x00000007b6e8c430,0x00000007b7c00000)
  to   space 31680K, 0% used [0x00000007bbe70000,0x00000007bbe70000,0x00000007bdd60000)
 ParOldGen       total 133248K, used 62684K [0x0000000700600000, 0x0000000708820000, 0x00000007aacb0000)
  object space 133248K, 47% used [0x0000000700600000,0x0000000704337020,0x0000000708820000)
 PSPermGen       total 35584K, used 17646K [0x00000006fb400000, 0x00000006fd6c0000, 0x0000000700600000)
  object space 35584K, 49% used [0x00000006fb400000,0x00000006fc53bbb0,0x00000006fd6c0000)
}
Event: 11.951 GC heap before
{Heap before GC invocations=11 (full 1):
 PSYoungGen      total 212288K, used 194848K [0x00000007aacb0000, 0x00000007bdd60000, 0x0000000800000000)
  eden space 180032K, 97% used [0x00000007aacb0000,0x00000007b58ebbd8,0x00000007b5c80000)
  from space 32256K, 57% used [0x00000007b5c80000,0x00000007b6e8c430,0x00000007b7c00000)
  to   space 31680K, 0% used [0x00000007bbe70000,0x00000007bbe70000,0x00000007bdd60000)
 ParOldGen       total 133248K, used 62684K [0x0000000700600000, 0x0000000708820000, 0x00000007aacb0000)
  object space 133248K, 47% used [0x0000000700600000,0x0000000704337020,0x0000000708820000)
 PSPermGen       total 35584K, used 17648K [0x00000006fb400000, 0x00000006fd6c0000, 0x0000000700600000)
  object space 35584K, 49% used [0x00000006fb400000,0x00000006fc53c310,0x00000006fd6c0000)
Event: 11.957 GC heap after
Heap after GC invocations=11 (full 1):
 PSYoungGen      total 274560K, used 18481K [0x00000007aacb0000, 0x00000007bda00000, 0x0000000800000000)
  eden space 246336K, 0% used [0x00000007aacb0000,0x00000007aacb0000,0x00000007b9d40000)
  from space 28224K, 65% used [0x00000007bbe70000,0x00000007bd07c430,0x00000007bda00000)
  to   space 31104K, 0% used [0x00000007b9d40000,0x00000007b9d40000,0x00000007bbba0000)
 ParOldGen       total 133248K, used 62692K [0x0000000700600000, 0x0000000708820000, 0x00000007aacb0000)
  object space 133248K, 47% used [0x0000000700600000,0x0000000704339020,0x0000000708820000)
 PSPermGen       total 35584K, used 17648K [0x00000006fb400000, 0x00000006fd6c0000, 0x0000000700600000)
  object space 35584K, 49% used [0x00000006fb400000,0x00000006fc53c310,0x00000006fd6c0000)
}
Event: 13.287 GC heap before
{Heap before GC invocations=12 (full 1):
 PSYoungGen      total 274560K, used 261693K [0x00000007aacb0000, 0x00000007bda00000, 0x0000000800000000)
  eden space 246336K, 98% used [0x00000007aacb0000,0x00000007b9a331c8,0x00000007b9d40000)
  from space 28224K, 65% used [0x00000007bbe70000,0x00000007bd07c430,0x00000007bda00000)
  to   space 31104K, 0% used [0x00000007b9d40000,0x00000007b9d40000,0x00000007bbba0000)
 ParOldGen       total 133248K, used 62692K [0x0000000700600000, 0x0000000708820000, 0x00000007aacb0000)
  object space 133248K, 47% used [0x0000000700600000,0x0000000704339020,0x0000000708820000)
 PSPermGen       total 35584K, used 17648K [0x00000006fb400000, 0x00000006fd6c0000, 0x0000000700600000)
  object space 35584K, 49% used [0x00000006fb400000,0x00000006fc53c3b8,0x00000006fd6c0000)
Event: 13.292 GC heap after
Heap after GC invocations=12 (full 1):
 PSYoungGen      total 277440K, used 18481K [0x00000007aacb0000, 0x00000007c2cb0000, 0x0000000800000000)
  eden space 246336K, 0% used [0x00000007aacb0000,0x00000007aacb0000,0x00000007b9d40000)
  from space 31104K, 59% used [0x00000007b9d40000,0x00000007baf4c430,0x00000007bbba0000)
  to   space 30592K, 0% used [0x00000007c0ed0000,0x00000007c0ed0000,0x00000007c2cb0000)
 ParOldGen       total 133248K, used 62700K [0x0000000700600000, 0x0000000708820000, 0x00000007aacb0000)
  object space 133248K, 47% used [0x0000000700600000,0x000000070433b020,0x0000000708820000)
 PSPermGen       total 35584K, used 17648K [0x00000006fb400000, 0x00000006fd6c0000, 0x0000000700600000)
  object space 35584K, 49% used [0x00000006fb400000,0x00000006fc53c3b8,0x00000006fd6c0000)
}
Event: 14.656 GC heap before
{Heap before GC invocations=13 (full 1):
 PSYoungGen      total 277440K, used 262427K [0x00000007aacb0000, 0x00000007c2cb0000, 0x0000000800000000)
  eden space 246336K, 99% used [0x00000007aacb0000,0x00000007b9aeaae0,0x00000007b9d40000)
  from space 31104K, 59% used [0x00000007b9d40000,0x00000007baf4c430,0x00000007bbba0000)
  to   space 30592K, 0% used [0x00000007c0ed0000,0x00000007c0ed0000,0x00000007c2cb0000)
 ParOldGen       total 133248K, used 62700K [0x0000000700600000, 0x0000000708820000, 0x00000007aacb0000)
  object space 133248K, 47% used [0x0000000700600000,0x000000070433b020,0x0000000708820000)
 PSPermGen       total 35584K, used 17651K [0x00000006fb400000, 0x00000006fd6c0000, 0x0000000700600000)
  object space 35584K, 49% used [0x00000006fb400000,0x00000006fc53cdd0,0x00000006fd6c0000)
Event: 14.661 GC heap after
Heap after GC invocations=13 (full 1):
 PSYoungGen      total 352384K, used 18481K [0x00000007aacb0000, 0x00000007c2710000, 0x0000000800000000)
  eden space 327552K, 0% used [0x00000007aacb0000,0x00000007aacb0000,0x00000007bec90000)
  from space 24832K, 74% used [0x00000007c0ed0000,0x00000007c20dc430,0x00000007c2710000)
  to   space 29952K, 0% used [0x00000007bec90000,0x00000007bec90000,0x00000007c09d0000)
 ParOldGen       total 133248K, used 62708K [0x0000000700600000, 0x0000000708820000, 0x00000007aacb0000)
  object space 133248K, 47% used [0x0000000700600000,0x000000070433d020,0x0000000708820000)
 PSPermGen       total 35584K, used 17651K [0x00000006fb400000, 0x00000006fd6c0000, 0x0000000700600000)
  object space 35584K, 49% used [0x00000006fb400000,0x00000006fc53cdd0,0x00000006fd6c0000)
}
Event: 16.105 GC heap before
{Heap before GC invocations=14 (full 1):
 PSYoungGen      total 352384K, used 341335K [0x00000007aacb0000, 0x00000007c2710000, 0x0000000800000000)
  eden space 327552K, 98% used [0x00000007aacb0000,0x00000007be7f9bc8,0x00000007bec90000)
  from space 24832K, 74% used [0x00000007c0ed0000,0x00000007c20dc430,0x00000007c2710000)
  to   space 29952K, 0% used [0x00000007bec90000,0x00000007bec90000,0x00000007c09d0000)
 ParOldGen       total 133248K, used 62708K [0x0000000700600000, 0x0000000708820000, 0x00000007aacb0000)
  object space 133248K, 47% used [0x0000000700600000,0x000000070433d020,0x0000000708820000)
 PSPermGen       total 35584K, used 17681K [0x00000006fb400000, 0x00000006fd6c0000, 0x0000000700600000)
  object space 35584K, 49% used [0x00000006fb400000,0x00000006fc5445c8,0x00000006fd6c0000)
Event: 16.109 GC heap after
Heap after GC invocations=14 (full 1):
 PSYoungGen      total 357504K, used 18513K [0x00000007aacb0000, 0x00000007c8940000, 0x0000000800000000)
  eden space 327552K, 0% used [0x00000007aacb0000,0x00000007aacb0000,0x00000007bec90000)
  from space 29952K, 61% used [0x00000007bec90000,0x00000007bfea4430,0x00000007c09d0000)
  to   space 29376K, 0% used [0x00000007c6c90000,0x00000007c6c90000,0x00000007c8940000)
 ParOldGen       total 133248K, used 62716K [0x0000000700600000, 0x0000000708820000, 0x00000007aacb0000)
  object space 133248K, 47% used [0x0000000700600000,0x000000070433f020,0x0000000708820000)
 PSPermGen       total 35584K, used 17681K [0x00000006fb400000, 0x00000006fd6c0000, 0x0000000700600000)
  object space 35584K, 49% used [0x00000006fb400000,0x00000006fc5445c8,0x00000006fd6c0000)
}

