# JRE version: 7.0_07-b11
# Java VM: Java HotSpot(TM) 64-Bit Server VM (23.3-b01 mixed mode windows-amd64 compressed oops)
Heap
 PSYoungGen      total 50240K, used 13771K [0x00000007aacb0000, 0x00000007aed10000, 0x0000000800000000)
  eden space 39232K, 10% used [0x00000007aacb0000,0x00000007ab09dd68,0x00000007ad300000)
  from space 11008K, 88% used [0x00000007addd0000,0x00000007ae7550e0,0x00000007ae890000)
  to   space 11072K, 0% used [0x00000007ad300000,0x00000007ad300000,0x00000007addd0000)
 ParOldGen       total 172800K, used 56440K [0x0000000700600000, 0x000000070aec0000, 0x00000007aacb0000)
  object space 172800K, 32% used [0x0000000700600000,0x0000000703d1e258,0x000000070aec0000)
 PSPermGen       total 34112K, used 18109K [0x00000006fb400000, 0x00000006fd550000, 0x0000000700600000)
  object space 34112K, 53% used [0x00000006fb400000,0x00000006fc5af710,0x00000006fd550000)
GC Heap History (10 events):
Event: 66.261 GC heap before
{Heap before GC invocations=130 (full 5):
 PSYoungGen      total 46016K, used 45260K [0x00000007aacb0000, 0x00000007ae4f0000, 0x0000000800000000)
  eden space 35456K, 98% used [0x00000007aacb0000,0x00000007aceb0560,0x00000007acf50000)
  from space 10560K, 98% used [0x00000007adaa0000,0x00000007ae4d2e70,0x00000007ae4f0000)
  to   space 11072K, 0% used [0x00000007acf50000,0x00000007acf50000,0x00000007ada20000)
 ParOldGen       total 138944K, used 70528K [0x0000000700600000, 0x0000000708db0000, 0x00000007aacb0000)
  object space 138944K, 50% used [0x0000000700600000,0x0000000704ae0078,0x0000000708db0000)
 PSPermGen       total 36160K, used 18078K [0x00000006fb400000, 0x00000006fd750000, 0x0000000700600000)
  object space 36160K, 49% used [0x00000006fb400000,0x00000006fc5a79d0,0x00000006fd750000)
Event: 66.264 GC heap after
Heap after GC invocations=130 (full 5):
 PSYoungGen      total 46528K, used 10475K [0x00000007aacb0000, 0x00000007ae900000, 0x0000000800000000)
  eden space 35456K, 0% used [0x00000007aacb0000,0x00000007aacb0000,0x00000007acf50000)
  from space 11072K, 94% used [0x00000007acf50000,0x00000007ad98ae70,0x00000007ada20000)
  to   space 11072K, 0% used [0x00000007ade30000,0x00000007ade30000,0x00000007ae900000)
 ParOldGen       total 138944K, used 88769K [0x0000000700600000, 0x0000000708db0000, 0x00000007aacb0000)
  object space 138944K, 63% used [0x0000000700600000,0x0000000705cb04a8,0x0000000708db0000)
 PSPermGen       total 36160K, used 18078K [0x00000006fb400000, 0x00000006fd750000, 0x0000000700600000)
  object space 36160K, 49% used [0x00000006fb400000,0x00000006fc5a79d0,0x00000006fd750000)
}
Event: 66.768 GC heap before
{Heap before GC invocations=131 (full 5):
 PSYoungGen      total 46528K, used 42395K [0x00000007aacb0000, 0x00000007ae900000, 0x0000000800000000)
  eden space 35456K, 90% used [0x00000007aacb0000,0x00000007acbdc0f0,0x00000007acf50000)
  from space 11072K, 94% used [0x00000007acf50000,0x00000007ad98ae70,0x00000007ada20000)
  to   space 11072K, 0% used [0x00000007ade30000,0x00000007ade30000,0x00000007ae900000)
 ParOldGen       total 138944K, used 88769K [0x0000000700600000, 0x0000000708db0000, 0x00000007aacb0000)
  object space 138944K, 63% used [0x0000000700600000,0x0000000705cb04a8,0x0000000708db0000)
 PSPermGen       total 36160K, used 18078K [0x00000006fb400000, 0x00000006fd750000, 0x0000000700600000)
  object space 36160K, 49% used [0x00000006fb400000,0x00000006fc5a79d0,0x00000006fd750000)
Event: 66.770 GC heap after
Heap after GC invocations=131 (full 5):
 PSYoungGen      total 45504K, used 10443K [0x00000007aacb0000, 0x00000007ae870000, 0x0000000800000000)
  eden space 35008K, 0% used [0x00000007aacb0000,0x00000007aacb0000,0x00000007acee0000)
  from space 10496K, 99% used [0x00000007ade30000,0x00000007ae862e70,0x00000007ae870000)
  to   space 11008K, 0% used [0x00000007ad2f0000,0x00000007ad2f0000,0x00000007addb0000)
 ParOldGen       total 138944K, used 88801K [0x0000000700600000, 0x0000000708db0000, 0x00000007aacb0000)
  object space 138944K, 63% used [0x0000000700600000,0x0000000705cb84a8,0x0000000708db0000)
 PSPermGen       total 36160K, used 18078K [0x00000006fb400000, 0x00000006fd750000, 0x0000000700600000)
  object space 36160K, 49% used [0x00000006fb400000,0x00000006fc5a79d0,0x00000006fd750000)
}
Event: 67.178 GC heap before
{Heap before GC invocations=132 (full 5):
 PSYoungGen      total 45504K, used 45040K [0x00000007aacb0000, 0x00000007ae870000, 0x0000000800000000)
  eden space 35008K, 98% used [0x00000007aacb0000,0x00000007ace79338,0x00000007acee0000)
  from space 10496K, 99% used [0x00000007ade30000,0x00000007ae862e70,0x00000007ae870000)
  to   space 11008K, 0% used [0x00000007ad2f0000,0x00000007ad2f0000,0x00000007addb0000)
 ParOldGen       total 138944K, used 88801K [0x0000000700600000, 0x0000000708db0000, 0x00000007aacb0000)
  object space 138944K, 63% used [0x0000000700600000,0x0000000705cb84a8,0x0000000708db0000)
 PSPermGen       total 36160K, used 18078K [0x00000006fb400000, 0x00000006fd750000, 0x0000000700600000)
  object space 36160K, 49% used [0x00000006fb400000,0x00000006fc5a7b30,0x00000006fd750000)
Event: 67.182 GC heap after
Heap after GC invocations=132 (full 5):
 PSYoungGen      total 50176K, used 10475K [0x00000007aacb0000, 0x00000007ae890000, 0x0000000800000000)
  eden space 39168K, 0% used [0x00000007aacb0000,0x00000007aacb0000,0x00000007ad2f0000)
  from space 11008K, 95% used [0x00000007ad2f0000,0x00000007add2ae70,0x00000007addb0000)
  to   space 11008K, 0% used [0x00000007addd0000,0x00000007addd0000,0x00000007ae890000)
 ParOldGen       total 138944K, used 107034K [0x0000000700600000, 0x0000000708db0000, 0x00000007aacb0000)
  object space 138944K, 77% used [0x0000000700600000,0x0000000706e868d8,0x0000000708db0000)
 PSPermGen       total 36160K, used 18078K [0x00000006fb400000, 0x00000006fd750000, 0x0000000700600000)
  object space 36160K, 49% used [0x00000006fb400000,0x00000006fc5a7b30,0x00000006fd750000)
}
Event: 67.182 GC heap before
{Heap before GC invocations=133 (full 6):
 PSYoungGen      total 50176K, used 10475K [0x00000007aacb0000, 0x00000007ae890000, 0x0000000800000000)
  eden space 39168K, 0% used [0x00000007aacb0000,0x00000007aacb0000,0x00000007ad2f0000)
  from space 11008K, 95% used [0x00000007ad2f0000,0x00000007add2ae70,0x00000007addb0000)
  to   space 11008K, 0% used [0x00000007addd0000,0x00000007addd0000,0x00000007ae890000)
 ParOldGen       total 138944K, used 107034K [0x0000000700600000, 0x0000000708db0000, 0x00000007aacb0000)
  object space 138944K, 77% used [0x0000000700600000,0x0000000706e868d8,0x0000000708db0000)
 PSPermGen       total 36160K, used 18078K [0x00000006fb400000, 0x00000006fd750000, 0x0000000700600000)
  object space 36160K, 49% used [0x00000006fb400000,0x00000006fc5a7b30,0x00000006fd750000)
Event: 67.202 GC heap after
Heap after GC invocations=133 (full 6):
 PSYoungGen      total 50176K, used 0K [0x00000007aacb0000, 0x00000007ae890000, 0x0000000800000000)
  eden space 39168K, 0% used [0x00000007aacb0000,0x00000007aacb0000,0x00000007ad2f0000)
  from space 11008K, 0% used [0x00000007ad2f0000,0x00000007ad2f0000,0x00000007addb0000)
  to   space 11008K, 0% used [0x00000007addd0000,0x00000007addd0000,0x00000007ae890000)
 ParOldGen       total 172800K, used 27204K [0x0000000700600000, 0x000000070aec0000, 0x00000007aacb0000)
  object space 172800K, 15% used [0x0000000700600000,0x0000000702091228,0x000000070aec0000)
 PSPermGen       total 34112K, used 18078K [0x00000006fb400000, 0x00000006fd550000, 0x0000000700600000)
  object space 34112K, 52% used [0x00000006fb400000,0x00000006fc5a7b30,0x00000006fd550000)
}
Event: 67.725 GC heap before
{Heap before GC invocations=134 (full 6):
 PSYoungGen      total 50176K, used 38018K [0x00000007aacb0000, 0x00000007ae890000, 0x0000000800000000)
  eden space 39168K, 97% used [0x00000007aacb0000,0x00000007ad1d0b28,0x00000007ad2f0000)
  from space 11008K, 0% used [0x00000007ad2f0000,0x00000007ad2f0000,0x00000007addb0000)
  to   space 11008K, 0% used [0x00000007addd0000,0x00000007addd0000,0x00000007ae890000)
 ParOldGen       total 172800K, used 27204K [0x0000000700600000, 0x000000070aec0000, 0x00000007aacb0000)
  object space 172800K, 15% used [0x0000000700600000,0x0000000702091228,0x000000070aec0000)
 PSPermGen       total 34112K, used 18085K [0x00000006fb400000, 0x00000006fd550000, 0x0000000700600000)
  object space 34112K, 53% used [0x00000006fb400000,0x00000006fc5a9788,0x00000006fd550000)
Event: 67.730 GC heap after
Heap after GC invocations=134 (full 6):
 PSYoungGen      total 50240K, used 9748K [0x00000007aacb0000, 0x00000007aed10000, 0x0000000800000000)
  eden space 39232K, 0% used [0x00000007aacb0000,0x00000007aacb0000,0x00000007ad300000)
  from space 11008K, 88% used [0x00000007addd0000,0x00000007ae7550e0,0x00000007ae890000)
  to   space 11072K, 0% used [0x00000007ad300000,0x00000007ad300000,0x00000007addd0000)
 ParOldGen       total 172800K, used 56440K [0x0000000700600000, 0x000000070aec0000, 0x00000007aacb0000)
  object space 172800K, 32% used [0x0000000700600000,0x0000000703d1e258,0x000000070aec0000)
 PSPermGen       total 34112K, used 18085K [0x00000006fb400000, 0x00000006fd550000, 0x0000000700600000)
  object space 34112K, 53% used [0x00000006fb400000,0x00000006fc5a9788,0x00000006fd550000)
}

