# JRE version: 7.0_07-b11
# Java VM: Java HotSpot(TM) 64-Bit Server VM (23.3-b01 mixed mode windows-amd64 compressed oops)
Heap
 PSYoungGen      total 528000K, used 164284K [0x00000007aacb0000, 0x00000007cec70000, 0x0000000800000000)
  eden space 499200K, 27% used [0x00000007aacb0000,0x00000007b31080a0,0x00000007c9430000)
  from space 28800K, 99% used [0x00000007caad0000,0x00000007cc6e72a0,0x00000007cc6f0000)
  to   space 38400K, 0% used [0x00000007cc6f0000,0x00000007cc6f0000,0x00000007cec70000)
 ParOldGen       total 174528K, used 62082K [0x0000000700600000, 0x000000070b070000, 0x00000007aacb0000)
  object space 174528K, 35% used [0x0000000700600000,0x00000007042a0a10,0x000000070b070000)
 PSPermGen       total 21248K, used 18064K [0x00000006fb400000, 0x00000006fc8c0000, 0x0000000700600000)
  object space 21248K, 85% used [0x00000006fb400000,0x00000006fc5a4068,0x00000006fc8c0000)
GC Heap History (10 events):
Event: 6.133 GC heap before
{Heap before GC invocations=5 (full 0):
 PSYoungGen      total 141824K, used 136369K [0x00000007aacb0000, 0x00000007b41d0000, 0x0000000800000000)
  eden space 130944K, 95% used [0x00000007aacb0000,0x00000007b273f810,0x00000007b2c90000)
  from space 10880K, 99% used [0x00000007b3730000,0x00000007b41ccfd0,0x00000007b41d0000)
  to   space 10880K, 0% used [0x00000007b2c90000,0x00000007b2c90000,0x00000007b3730000)
 ParOldGen       total 174528K, used 54601K [0x0000000700600000, 0x000000070b070000, 0x00000007aacb0000)
  object space 174528K, 31% used [0x0000000700600000,0x0000000703b52668,0x000000070b070000)
 PSPermGen       total 21248K, used 18012K [0x00000006fb400000, 0x00000006fc8c0000, 0x0000000700600000)
  object space 21248K, 84% used [0x00000006fb400000,0x00000006fc597260,0x00000006fc8c0000)
Event: 6.138 GC heap after
Heap after GC invocations=5 (full 0):
 PSYoungGen      total 141824K, used 10879K [0x00000007aacb0000, 0x00000007c02f0000, 0x0000000800000000)
  eden space 130944K, 0% used [0x00000007aacb0000,0x00000007aacb0000,0x00000007b2c90000)
  from space 10880K, 99% used [0x00000007b2c90000,0x00000007b372fde0,0x00000007b3730000)
  to   space 44288K, 0% used [0x00000007bd7b0000,0x00000007bd7b0000,0x00000007c02f0000)
 ParOldGen       total 174528K, used 54718K [0x0000000700600000, 0x000000070b070000, 0x00000007aacb0000)
  object space 174528K, 31% used [0x0000000700600000,0x0000000703b6f918,0x000000070b070000)
 PSPermGen       total 21248K, used 18012K [0x00000006fb400000, 0x00000006fc8c0000, 0x0000000700600000)
  object space 21248K, 84% used [0x00000006fb400000,0x00000006fc597260,0x00000006fc8c0000)
}
Event: 6.627 GC heap before
{Heap before GC invocations=6 (full 0):
 PSYoungGen      total 141824K, used 141735K [0x00000007aacb0000, 0x00000007c02f0000, 0x0000000800000000)
  eden space 130944K, 99% used [0x00000007aacb0000,0x00000007b2c7a1a0,0x00000007b2c90000)
  from space 10880K, 99% used [0x00000007b2c90000,0x00000007b372fde0,0x00000007b3730000)
  to   space 44288K, 0% used [0x00000007bd7b0000,0x00000007bd7b0000,0x00000007c02f0000)
 ParOldGen       total 174528K, used 54718K [0x0000000700600000, 0x000000070b070000, 0x00000007aacb0000)
  object space 174528K, 31% used [0x0000000700600000,0x0000000703b6f918,0x000000070b070000)
 PSPermGen       total 21248K, used 18014K [0x00000006fb400000, 0x00000006fc8c0000, 0x0000000700600000)
  object space 21248K, 84% used [0x00000006fb400000,0x00000006fc597818,0x00000006fc8c0000)
Event: 6.635 GC heap after
Heap after GC invocations=6 (full 0):
 PSYoungGen      total 305472K, used 29055K [0x00000007aacb0000, 0x00000007c0450000, 0x0000000800000000)
  eden space 261184K, 0% used [0x00000007aacb0000,0x00000007aacb0000,0x00000007babc0000)
  from space 44288K, 65% used [0x00000007bd7b0000,0x00000007bf40fd38,0x00000007c02f0000)
  to   space 44992K, 0% used [0x00000007babc0000,0x00000007babc0000,0x00000007bd7b0000)
 ParOldGen       total 174528K, used 54718K [0x0000000700600000, 0x000000070b070000, 0x00000007aacb0000)
  object space 174528K, 31% used [0x0000000700600000,0x0000000703b6f918,0x000000070b070000)
 PSPermGen       total 21248K, used 18014K [0x00000006fb400000, 0x00000006fc8c0000, 0x0000000700600000)
  object space 21248K, 84% used [0x00000006fb400000,0x00000006fc597818,0x00000006fc8c0000)
}
Event: 7.726 GC heap before
{Heap before GC invocations=7 (full 0):
 PSYoungGen      total 305472K, used 287156K [0x00000007aacb0000, 0x00000007c0450000, 0x0000000800000000)
  eden space 261184K, 98% used [0x00000007aacb0000,0x00000007ba8bd650,0x00000007babc0000)
  from space 44288K, 65% used [0x00000007bd7b0000,0x00000007bf40fd38,0x00000007c02f0000)
  to   space 44992K, 0% used [0x00000007babc0000,0x00000007babc0000,0x00000007bd7b0000)
 ParOldGen       total 174528K, used 54718K [0x0000000700600000, 0x000000070b070000, 0x00000007aacb0000)
  object space 174528K, 31% used [0x0000000700600000,0x0000000703b6f918,0x000000070b070000)
 PSPermGen       total 21248K, used 18018K [0x00000006fb400000, 0x00000006fc8c0000, 0x0000000700600000)
  object space 21248K, 84% used [0x00000006fb400000,0x00000006fc598920,0x00000006fc8c0000)
Event: 7.738 GC heap after
Heap after GC invocations=7 (full 0):
 PSYoungGen      total 306176K, used 28732K [0x00000007aacb0000, 0x00000007d02b0000, 0x0000000800000000)
  eden space 261184K, 0% used [0x00000007aacb0000,0x00000007aacb0000,0x00000007babc0000)
  from space 44992K, 63% used [0x00000007babc0000,0x00000007bc7cf2a0,0x00000007bd7b0000)
  to   space 44992K, 0% used [0x00000007cd6c0000,0x00000007cd6c0000,0x00000007d02b0000)
 ParOldGen       total 174528K, used 62050K [0x0000000700600000, 0x000000070b070000, 0x00000007aacb0000)
  object space 174528K, 35% used [0x0000000700600000,0x0000000704298a10,0x000000070b070000)
 PSPermGen       total 21248K, used 18018K [0x00000006fb400000, 0x00000006fc8c0000, 0x0000000700600000)
  object space 21248K, 84% used [0x00000006fb400000,0x00000006fc598920,0x00000006fc8c0000)
}
Event: 8.916 GC heap before
{Heap before GC invocations=8 (full 0):
 PSYoungGen      total 306176K, used 289415K [0x00000007aacb0000, 0x00000007d02b0000, 0x0000000800000000)
  eden space 261184K, 99% used [0x00000007aacb0000,0x00000007bab42998,0x00000007babc0000)
  from space 44992K, 63% used [0x00000007babc0000,0x00000007bc7cf2a0,0x00000007bd7b0000)
  to   space 44992K, 0% used [0x00000007cd6c0000,0x00000007cd6c0000,0x00000007d02b0000)
 ParOldGen       total 174528K, used 62050K [0x0000000700600000, 0x000000070b070000, 0x00000007aacb0000)
  object space 174528K, 35% used [0x0000000700600000,0x0000000704298a10,0x000000070b070000)
 PSPermGen       total 21248K, used 18018K [0x00000006fb400000, 0x00000006fc8c0000, 0x0000000700600000)
  object space 21248K, 84% used [0x00000006fb400000,0x00000006fc598a10,0x00000006fc8c0000)
Event: 8.919 GC heap after
Heap after GC invocations=8 (full 0):
 PSYoungGen      total 567232K, used 10475K [0x00000007aacb0000, 0x00000007d0290000, 0x0000000800000000)
  eden space 522368K, 0% used [0x00000007aacb0000,0x00000007aacb0000,0x00000007caad0000)
  from space 44864K, 23% used [0x00000007cd6c0000,0x00000007ce0fae70,0x00000007d0290000)
  to   space 44928K, 0% used [0x00000007caad0000,0x00000007caad0000,0x00000007cd6b0000)
 ParOldGen       total 174528K, used 62066K [0x0000000700600000, 0x000000070b070000, 0x00000007aacb0000)
  object space 174528K, 35% used [0x0000000700600000,0x000000070429ca10,0x000000070b070000)
 PSPermGen       total 21248K, used 18018K [0x00000006fb400000, 0x00000006fc8c0000, 0x0000000700600000)
  object space 21248K, 84% used [0x00000006fb400000,0x00000006fc598a10,0x00000006fc8c0000)
}
Event: 11.272 GC heap before
{Heap before GC invocations=9 (full 0):
 PSYoungGen      total 567232K, used 530411K [0x00000007aacb0000, 0x00000007d0290000, 0x0000000800000000)
  eden space 522368K, 99% used [0x00000007aacb0000,0x00000007ca870168,0x00000007caad0000)
  from space 44864K, 23% used [0x00000007cd6c0000,0x00000007ce0fae70,0x00000007d0290000)
  to   space 44928K, 0% used [0x00000007caad0000,0x00000007caad0000,0x00000007cd6b0000)
 ParOldGen       total 174528K, used 62066K [0x0000000700600000, 0x000000070b070000, 0x00000007aacb0000)
  object space 174528K, 35% used [0x0000000700600000,0x000000070429ca10,0x000000070b070000)
 PSPermGen       total 21248K, used 18020K [0x00000006fb400000, 0x00000006fc8c0000, 0x0000000700600000)
  object space 21248K, 84% used [0x00000006fb400000,0x00000006fc599298,0x00000006fc8c0000)
Event: 11.281 GC heap after
Heap after GC invocations=9 (full 0):
 PSYoungGen      total 528000K, used 28764K [0x00000007aacb0000, 0x00000007cec70000, 0x0000000800000000)
  eden space 499200K, 0% used [0x00000007aacb0000,0x00000007aacb0000,0x00000007c9430000)
  from space 28800K, 99% used [0x00000007caad0000,0x00000007cc6e72a0,0x00000007cc6f0000)
  to   space 38400K, 0% used [0x00000007cc6f0000,0x00000007cc6f0000,0x00000007cec70000)
 ParOldGen       total 174528K, used 62082K [0x0000000700600000, 0x000000070b070000, 0x00000007aacb0000)
  object space 174528K, 35% used [0x0000000700600000,0x00000007042a0a10,0x000000070b070000)
 PSPermGen       total 21248K, used 18020K [0x00000006fb400000, 0x00000006fc8c0000, 0x0000000700600000)
  object space 21248K, 84% used [0x00000006fb400000,0x00000006fc599298,0x00000006fc8c0000)
}

