# JRE version: 7.0_07-b11
# Java VM: Java HotSpot(TM) 64-Bit Server VM (23.3-b01 mixed mode windows-amd64 compressed oops)
Heap
 PSYoungGen      total 900096K, used 45791K [0x00000007aacb0000, 0x00000007e49e0000, 0x0000000800000000)
  eden space 856768K, 1% used [0x00000007aacb0000,0x00000007ab914dd8,0x00000007df160000)
  from space 43328K, 76% used [0x00000007e1e80000,0x00000007e3ed2f60,0x00000007e48d0000)
  to   space 45312K, 0% used [0x00000007df160000,0x00000007df160000,0x00000007e1da0000)
 ParOldGen       total 201408K, used 32398K [0x0000000700600000, 0x000000070cab0000, 0x00000007aacb0000)
  object space 201408K, 16% used [0x0000000700600000,0x00000007025a3948,0x000000070cab0000)
 PSPermGen       total 39808K, used 18184K [0x00000006fb400000, 0x00000006fdae0000, 0x0000000700600000)
  object space 39808K, 45% used [0x00000006fb400000,0x00000006fc5c2190,0x00000006fdae0000)
GC Heap History (10 events):
Event: 9.562 GC heap before
{Heap before GC invocations=11 (full 2):
 PSYoungGen      total 552960K, used 520320K [0x00000007aacb0000, 0x00000007ce8b0000, 0x0000000800000000)
  eden space 520320K, 100% used [0x00000007aacb0000,0x00000007ca8d0000,0x00000007ca8d0000)
  from space 32640K, 0% used [0x00000007cc8d0000,0x00000007cc8d0000,0x00000007ce8b0000)
  to   space 32704K, 0% used [0x00000007ca8d0000,0x00000007ca8d0000,0x00000007cc8c0000)
 ParOldGen       total 175104K, used 143117K [0x0000000700600000, 0x000000070b100000, 0x00000007aacb0000)
  object space 175104K, 81% used [0x0000000700600000,0x00000007091c34a8,0x000000070b100000)
 PSPermGen       total 40960K, used 18080K [0x00000006fb400000, 0x00000006fdc00000, 0x0000000700600000)
  object space 40960K, 44% used [0x00000006fb400000,0x00000006fc5a8068,0x00000006fdc00000)
Event: 9.563 GC heap after
Heap after GC invocations=11 (full 2):
 PSYoungGen      total 553024K, used 256K [0x00000007aacb0000, 0x00000007d93b0000, 0x0000000800000000)
  eden space 520320K, 0% used [0x00000007aacb0000,0x00000007aacb0000,0x00000007ca8d0000)
  from space 32704K, 0% used [0x00000007ca8d0000,0x00000007ca910000,0x00000007cc8c0000)
  to   space 35264K, 0% used [0x00000007d7140000,0x00000007d7140000,0x00000007d93b0000)
 ParOldGen       total 175104K, used 143117K [0x0000000700600000, 0x000000070b100000, 0x00000007aacb0000)
  object space 175104K, 81% used [0x0000000700600000,0x00000007091c34a8,0x000000070b100000)
 PSPermGen       total 40960K, used 18080K [0x00000006fb400000, 0x00000006fdc00000, 0x0000000700600000)
  object space 40960K, 44% used [0x00000006fb400000,0x00000006fc5a8068,0x00000006fdc00000)
}
Event: 10.865 GC heap before
{Heap before GC invocations=12 (full 3):
 PSYoungGen      total 553024K, used 520576K [0x00000007aacb0000, 0x00000007d93b0000, 0x0000000800000000)
  eden space 520320K, 100% used [0x00000007aacb0000,0x00000007ca8d0000,0x00000007ca8d0000)
  from space 32704K, 0% used [0x00000007ca8d0000,0x00000007ca910000,0x00000007cc8c0000)
  to   space 35264K, 0% used [0x00000007d7140000,0x00000007d7140000,0x00000007d93b0000)
 ParOldGen       total 257600K, used 257530K [0x0000000700600000, 0x0000000710190000, 0x00000007aacb0000)
  object space 257600K, 99% used [0x0000000700600000,0x000000071017ea98,0x0000000710190000)
 PSPermGen       total 40960K, used 18166K [0x00000006fb400000, 0x00000006fdc00000, 0x0000000700600000)
  object space 40960K, 44% used [0x00000006fb400000,0x00000006fc5bd830,0x00000006fdc00000)
Event: 10.905 GC heap after
Heap after GC invocations=12 (full 3):
 PSYoungGen      total 553024K, used 0K [0x00000007aacb0000, 0x00000007d93b0000, 0x0000000800000000)
  eden space 520320K, 0% used [0x00000007aacb0000,0x00000007aacb0000,0x00000007ca8d0000)
  from space 32704K, 0% used [0x00000007ca8d0000,0x00000007ca8d0000,0x00000007cc8c0000)
  to   space 35264K, 0% used [0x00000007d7140000,0x00000007d7140000,0x00000007d93b0000)
 ParOldGen       total 201408K, used 26323K [0x0000000700600000, 0x000000070cab0000, 0x00000007aacb0000)
  object space 201408K, 13% used [0x0000000700600000,0x0000000701fb4d38,0x000000070cab0000)
 PSPermGen       total 39808K, used 18165K [0x00000006fb400000, 0x00000006fdae0000, 0x0000000700600000)
  object space 39808K, 45% used [0x00000006fb400000,0x00000006fc5bd790,0x00000006fdae0000)
}
Event: 11.906 GC heap before
{Heap before GC invocations=13 (full 3):
 PSYoungGen      total 553024K, used 519489K [0x00000007aacb0000, 0x00000007d93b0000, 0x0000000800000000)
  eden space 520320K, 99% used [0x00000007aacb0000,0x00000007ca8006a8,0x00000007ca8d0000)
  from space 32704K, 0% used [0x00000007ca8d0000,0x00000007ca8d0000,0x00000007cc8c0000)
  to   space 35264K, 0% used [0x00000007d7140000,0x00000007d7140000,0x00000007d93b0000)
 ParOldGen       total 201408K, used 26323K [0x0000000700600000, 0x000000070cab0000, 0x00000007aacb0000)
  object space 201408K, 13% used [0x0000000700600000,0x0000000701fb4d38,0x000000070cab0000)
 PSPermGen       total 39808K, used 18171K [0x00000006fb400000, 0x00000006fdae0000, 0x0000000700600000)
  object space 39808K, 45% used [0x00000006fb400000,0x00000006fc5becd0,0x00000006fdae0000)
Event: 11.914 GC heap after
Heap after GC invocations=13 (full 3):
 PSYoungGen      total 706432K, used 33067K [0x00000007aacb0000, 0x00000007d9190000, 0x0000000800000000)
  eden space 673344K, 0% used [0x00000007aacb0000,0x00000007aacb0000,0x00000007d3e40000)
  from space 33088K, 99% used [0x00000007d7140000,0x00000007d918af60,0x00000007d9190000)
  to   space 38912K, 0% used [0x00000007d4590000,0x00000007d4590000,0x00000007d6b90000)
 ParOldGen       total 201408K, used 26323K [0x0000000700600000, 0x000000070cab0000, 0x00000007aacb0000)
  object space 201408K, 13% used [0x0000000700600000,0x0000000701fb4d38,0x000000070cab0000)
 PSPermGen       total 39808K, used 18171K [0x00000006fb400000, 0x00000006fdae0000, 0x0000000700600000)
  object space 39808K, 45% used [0x00000006fb400000,0x00000006fc5becd0,0x00000006fdae0000)
}
Event: 13.221 GC heap before
{Heap before GC invocations=14 (full 3):
 PSYoungGen      total 706432K, used 706225K [0x00000007aacb0000, 0x00000007d9190000, 0x0000000800000000)
  eden space 673344K, 99% used [0x00000007aacb0000,0x00000007d3e11860,0x00000007d3e40000)
  from space 33088K, 99% used [0x00000007d7140000,0x00000007d918af60,0x00000007d9190000)
  to   space 38912K, 0% used [0x00000007d4590000,0x00000007d4590000,0x00000007d6b90000)
 ParOldGen       total 201408K, used 26323K [0x0000000700600000, 0x000000070cab0000, 0x00000007aacb0000)
  object space 201408K, 13% used [0x0000000700600000,0x0000000701fb4d38,0x000000070cab0000)
 PSPermGen       total 39808K, used 18181K [0x00000006fb400000, 0x00000006fdae0000, 0x0000000700600000)
  object space 39808K, 45% used [0x00000006fb400000,0x00000006fc5c1610,0x00000006fdae0000)
Event: 13.231 GC heap after
Heap after GC invocations=14 (full 3):
 PSYoungGen      total 719744K, used 37276K [0x00000007aacb0000, 0x00000007e48d0000, 0x0000000800000000)
  eden space 680832K, 0% used [0x00000007aacb0000,0x00000007aacb0000,0x00000007d4590000)
  from space 38912K, 95% used [0x00000007d4590000,0x00000007d69f71b0,0x00000007d6b90000)
  to   space 43328K, 0% used [0x00000007e1e80000,0x00000007e1e80000,0x00000007e48d0000)
 ParOldGen       total 201408K, used 32398K [0x0000000700600000, 0x000000070cab0000, 0x00000007aacb0000)
  object space 201408K, 16% used [0x0000000700600000,0x00000007025a3948,0x000000070cab0000)
 PSPermGen       total 39808K, used 18181K [0x00000006fb400000, 0x00000006fdae0000, 0x0000000700600000)
  object space 39808K, 45% used [0x00000006fb400000,0x00000006fc5c1610,0x00000006fdae0000)
}
Event: 14.524 GC heap before
{Heap before GC invocations=15 (full 3):
 PSYoungGen      total 719744K, used 716894K [0x00000007aacb0000, 0x00000007e48d0000, 0x0000000800000000)
  eden space 680832K, 99% used [0x00000007aacb0000,0x00000007d4460678,0x00000007d4590000)
  from space 38912K, 95% used [0x00000007d4590000,0x00000007d69f71b0,0x00000007d6b90000)
  to   space 43328K, 0% used [0x00000007e1e80000,0x00000007e1e80000,0x00000007e48d0000)
 ParOldGen       total 201408K, used 32398K [0x0000000700600000, 0x000000070cab0000, 0x00000007aacb0000)
  object space 201408K, 16% used [0x0000000700600000,0x00000007025a3948,0x000000070cab0000)
 PSPermGen       total 39808K, used 18183K [0x00000006fb400000, 0x00000006fdae0000, 0x0000000700600000)
  object space 39808K, 45% used [0x00000006fb400000,0x00000006fc5c1fb8,0x00000006fdae0000)
Event: 14.532 GC heap after
Heap after GC invocations=15 (full 3):
 PSYoungGen      total 900096K, used 33099K [0x00000007aacb0000, 0x00000007e49e0000, 0x0000000800000000)
  eden space 856768K, 0% used [0x00000007aacb0000,0x00000007aacb0000,0x00000007df160000)
  from space 43328K, 76% used [0x00000007e1e80000,0x00000007e3ed2f60,0x00000007e48d0000)
  to   space 45312K, 0% used [0x00000007df160000,0x00000007df160000,0x00000007e1da0000)
 ParOldGen       total 201408K, used 32398K [0x0000000700600000, 0x000000070cab0000, 0x00000007aacb0000)
  object space 201408K, 16% used [0x0000000700600000,0x00000007025a3948,0x000000070cab0000)
 PSPermGen       total 39808K, used 18183K [0x00000006fb400000, 0x00000006fdae0000, 0x0000000700600000)
  object space 39808K, 45% used [0x00000006fb400000,0x00000006fc5c1fb8,0x00000006fdae0000)
}

