# JRE version: 7.0_07-b11
# Java VM: Java HotSpot(TM) 64-Bit Server VM (23.3-b01 mixed mode windows-amd64 compressed oops)
Heap
 PSYoungGen      total 1182976K, used 594307K [0x00000007aacb0000, 0x00000007fa230000, 0x0000000800000000)
  eden space 1165504K, 50% used [0x00000007aacb0000,0x00000007cf110ce0,0x00000007f1ee0000)
  from space 17472K, 0% used [0x00000007f9120000,0x00000007f9120000,0x00000007fa230000)
  to   space 59904K, 0% used [0x00000007f2d30000,0x00000007f2d30000,0x00000007f67b0000)
 ParOldGen       total 162880K, used 28379K [0x0000000700600000, 0x000000070a510000, 0x00000007aacb0000)
  object space 162880K, 17% used [0x0000000700600000,0x00000007021b6ef8,0x000000070a510000)
 PSPermGen       total 39872K, used 18241K [0x00000006fb400000, 0x00000006fdaf0000, 0x0000000700600000)
  object space 39872K, 45% used [0x00000006fb400000,0x00000006fc5d0518,0x00000006fdaf0000)
GC Heap History (10 events):
Event: 25.784 GC heap before
{Heap before GC invocations=19 (full 2):
 PSYoungGen      total 1335424K, used 1302891K [0x00000007aacb0000, 0x00000007ffd80000, 0x0000000800000000)
  eden space 1279552K, 99% used [0x00000007aacb0000,0x00000007f88cc180,0x00000007f8e40000)
  from space 55872K, 51% used [0x00000007fc6f0000,0x00000007fe32ecf0,0x00000007ffd80000)
  to   space 56960K, 0% used [0x00000007f8e40000,0x00000007f8e40000,0x00000007fc5e0000)
 ParOldGen       total 172864K, used 28961K [0x0000000700600000, 0x000000070aed0000, 0x00000007aacb0000)
  object space 172864K, 16% used [0x0000000700600000,0x0000000702248508,0x000000070aed0000)
 PSPermGen       total 40960K, used 18187K [0x00000006fb400000, 0x00000006fdc00000, 0x0000000700600000)
  object space 40960K, 44% used [0x00000006fb400000,0x00000006fc5c2fb8,0x00000006fdc00000)
Event: 25.787 GC heap after
Heap after GC invocations=19 (full 2):
 PSYoungGen      total 1336512K, used 20981K [0x00000007aacb0000, 0x0000000800000000, 0x0000000800000000)
  eden space 1279552K, 0% used [0x00000007aacb0000,0x00000007aacb0000,0x00000007f8e40000)
  from space 56960K, 36% used [0x00000007f8e40000,0x00000007fa2bd760,0x00000007fc5e0000)
  to   space 56768K, 0% used [0x00000007fc890000,0x00000007fc890000,0x0000000800000000)
 ParOldGen       total 172864K, used 29017K [0x0000000700600000, 0x000000070aed0000, 0x00000007aacb0000)
  object space 172864K, 16% used [0x0000000700600000,0x0000000702256518,0x000000070aed0000)
 PSPermGen       total 40960K, used 18187K [0x00000006fb400000, 0x00000006fdc00000, 0x0000000700600000)
  object space 40960K, 44% used [0x00000006fb400000,0x00000006fc5c2fb8,0x00000006fdc00000)
}
Event: 28.271 GC heap before
{Heap before GC invocations=20 (full 2):
 PSYoungGen      total 1336512K, used 1299301K [0x00000007aacb0000, 0x0000000800000000, 0x0000000800000000)
  eden space 1279552K, 99% used [0x00000007aacb0000,0x00000007f8d0bfc0,0x00000007f8e40000)
  from space 56960K, 36% used [0x00000007f8e40000,0x00000007fa2bd760,0x00000007fc5e0000)
  to   space 56768K, 0% used [0x00000007fc890000,0x00000007fc890000,0x0000000800000000)
 ParOldGen       total 172864K, used 31042K [0x0000000700600000, 0x000000070aed0000, 0x00000007aacb0000)
  object space 172864K, 17% used [0x0000000700600000,0x0000000702450928,0x000000070aed0000)
 PSPermGen       total 40960K, used 18217K [0x00000006fb400000, 0x00000006fdc00000, 0x0000000700600000)
  object space 40960K, 44% used [0x00000006fb400000,0x00000006fc5ca768,0x00000006fdc00000)
Event: 28.277 GC heap after
Heap after GC invocations=20 (full 2):
 PSYoungGen      total 1337472K, used 41358K [0x00000007aacb0000, 0x0000000800000000, 0x0000000800000000)
  eden space 1280704K, 0% used [0x00000007aacb0000,0x00000007aacb0000,0x00000007f8f60000)
  from space 56768K, 72% used [0x00000007fc890000,0x00000007ff0f39b0,0x0000000800000000)
  to   space 57664K, 0% used [0x00000007f8f60000,0x00000007f8f60000,0x00000007fc7b0000)
 ParOldGen       total 172864K, used 31042K [0x0000000700600000, 0x000000070aed0000, 0x00000007aacb0000)
  object space 172864K, 17% used [0x0000000700600000,0x0000000702450928,0x000000070aed0000)
 PSPermGen       total 40960K, used 18217K [0x00000006fb400000, 0x00000006fdc00000, 0x0000000700600000)
  object space 40960K, 44% used [0x00000006fb400000,0x00000006fc5ca768,0x00000006fdc00000)
}
Event: 30.884 GC heap before
{Heap before GC invocations=21 (full 2):
 PSYoungGen      total 1337472K, used 1322062K [0x00000007aacb0000, 0x0000000800000000, 0x0000000800000000)
  eden space 1280704K, 100% used [0x00000007aacb0000,0x00000007f8f60000,0x00000007f8f60000)
  from space 56768K, 72% used [0x00000007fc890000,0x00000007ff0f39b0,0x0000000800000000)
  to   space 57664K, 0% used [0x00000007f8f60000,0x00000007f8f60000,0x00000007fc7b0000)
 ParOldGen       total 172864K, used 95970K [0x0000000700600000, 0x000000070aed0000, 0x00000007aacb0000)
  object space 172864K, 55% used [0x0000000700600000,0x00000007063b8990,0x000000070aed0000)
 PSPermGen       total 40960K, used 18222K [0x00000006fb400000, 0x00000006fdc00000, 0x0000000700600000)
  object space 40960K, 44% used [0x00000006fb400000,0x00000006fc5cba80,0x00000006fdc00000)
Event: 30.889 GC heap after
Heap after GC invocations=21 (full 2):
 PSYoungGen      total 1221952K, used 288K [0x00000007aacb0000, 0x00000007fcc90000, 0x0000000800000000)
  eden space 1221632K, 0% used [0x00000007aacb0000,0x00000007aacb0000,0x00000007f55b0000)
  from space 320K, 90% used [0x00000007f8f60000,0x00000007f8fa8000,0x00000007f8fb0000)
  to   space 60864K, 0% used [0x00000007f9120000,0x00000007f9120000,0x00000007fcc90000)
 ParOldGen       total 172864K, used 95970K [0x0000000700600000, 0x000000070aed0000, 0x00000007aacb0000)
  object space 172864K, 55% used [0x0000000700600000,0x00000007063b8990,0x000000070aed0000)
 PSPermGen       total 40960K, used 18222K [0x00000006fb400000, 0x00000006fdc00000, 0x0000000700600000)
  object space 40960K, 44% used [0x00000006fb400000,0x00000006fc5cba80,0x00000006fdc00000)
}
Event: 33.235 GC heap before
{Heap before GC invocations=22 (full 2):
 PSYoungGen      total 1221952K, used 1216898K [0x00000007aacb0000, 0x00000007fcc90000, 0x0000000800000000)
  eden space 1221632K, 99% used [0x00000007aacb0000,0x00000007f50c8ab0,0x00000007f55b0000)
  from space 320K, 90% used [0x00000007f8f60000,0x00000007f8fa8000,0x00000007f8fb0000)
  to   space 60864K, 0% used [0x00000007f9120000,0x00000007f9120000,0x00000007fcc90000)
 ParOldGen       total 172864K, used 102045K [0x0000000700600000, 0x000000070aed0000, 0x00000007aacb0000)
  object space 172864K, 59% used [0x0000000700600000,0x00000007069a75a0,0x000000070aed0000)
 PSPermGen       total 40960K, used 18229K [0x00000006fb400000, 0x00000006fdc00000, 0x0000000700600000)
  object space 40960K, 44% used [0x00000006fb400000,0x00000006fc5cd6d0,0x00000006fdc00000)
Event: 33.240 GC heap after
Heap after GC invocations=22 (full 2):
 PSYoungGen      total 1182976K, used 17438K [0x00000007aacb0000, 0x00000007fa230000, 0x0000000800000000)
  eden space 1165504K, 0% used [0x00000007aacb0000,0x00000007aacb0000,0x00000007f1ee0000)
  from space 17472K, 99% used [0x00000007f9120000,0x00000007fa227880,0x00000007fa230000)
  to   space 59904K, 0% used [0x00000007f2d30000,0x00000007f2d30000,0x00000007f67b0000)
 ParOldGen       total 172864K, used 102045K [0x0000000700600000, 0x000000070aed0000, 0x00000007aacb0000)
  object space 172864K, 59% used [0x0000000700600000,0x00000007069a75a0,0x000000070aed0000)
 PSPermGen       total 40960K, used 18229K [0x00000006fb400000, 0x00000006fdc00000, 0x0000000700600000)
  object space 40960K, 44% used [0x00000006fb400000,0x00000006fc5cd6d0,0x00000006fdc00000)
}
Event: 35.636 GC heap before
{Heap before GC invocations=23 (full 3):
 PSYoungGen      total 1182976K, used 1182942K [0x00000007aacb0000, 0x00000007fa230000, 0x0000000800000000)
  eden space 1165504K, 100% used [0x00000007aacb0000,0x00000007f1ee0000,0x00000007f1ee0000)
  from space 17472K, 99% used [0x00000007f9120000,0x00000007fa227880,0x00000007fa230000)
  to   space 59904K, 0% used [0x00000007f2d30000,0x00000007f2d30000,0x00000007f67b0000)
 ParOldGen       total 180416K, used 179757K [0x0000000700600000, 0x000000070b630000, 0x00000007aacb0000)
  object space 180416K, 99% used [0x0000000700600000,0x000000070b58b418,0x000000070b630000)
 PSPermGen       total 40960K, used 18233K [0x00000006fb400000, 0x00000006fdc00000, 0x0000000700600000)
  object space 40960K, 44% used [0x00000006fb400000,0x00000006fc5ce720,0x00000006fdc00000)
Event: 35.672 GC heap after
Heap after GC invocations=23 (full 3):
 PSYoungGen      total 1182976K, used 0K [0x00000007aacb0000, 0x00000007fa230000, 0x0000000800000000)
  eden space 1165504K, 0% used [0x00000007aacb0000,0x00000007aacb0000,0x00000007f1ee0000)
  from space 17472K, 0% used [0x00000007f9120000,0x00000007f9120000,0x00000007fa230000)
  to   space 59904K, 0% used [0x00000007f2d30000,0x00000007f2d30000,0x00000007f67b0000)
 ParOldGen       total 162880K, used 28379K [0x0000000700600000, 0x000000070a510000, 0x00000007aacb0000)
  object space 162880K, 17% used [0x0000000700600000,0x00000007021b6ef8,0x000000070a510000)
 PSPermGen       total 39872K, used 18233K [0x00000006fb400000, 0x00000006fdaf0000, 0x0000000700600000)
  object space 39872K, 45% used [0x00000006fb400000,0x00000006fc5ce680,0x00000006fdaf0000)
}

