# JRE version: 7.0_07-b11
# Java VM: Java HotSpot(TM) 64-Bit Server VM (23.3-b01 mixed mode windows-amd64 compressed oops)
Heap
 PSYoungGen      total 103168K, used 48446K [0x00000007aacb0000, 0x00000007b4690000, 0x0000000800000000)
  eden space 80640K, 47% used [0x00000007aacb0000,0x00000007ad1ccb60,0x00000007afb70000)
  from space 22528K, 46% used [0x00000007b3090000,0x00000007b3ac2e70,0x00000007b4690000)
  to   space 38464K, 0% used [0x00000007afb70000,0x00000007afb70000,0x00000007b2100000)
 ParOldGen       total 238400K, used 206733K [0x0000000700600000, 0x000000070eed0000, 0x00000007aacb0000)
  object space 238400K, 86% used [0x0000000700600000,0x000000070cfe3778,0x000000070eed0000)
 PSPermGen       total 21504K, used 18773K [0x00000006fb400000, 0x00000006fc900000, 0x0000000700600000)
  object space 21504K, 87% used [0x00000006fb400000,0x00000006fc655760,0x00000006fc900000)
GC Heap History (10 events):
Event: 310.747 GC heap before
{Heap before GC invocations=289 (full 19):
 PSYoungGen      total 97408K, used 95918K [0x00000007aacb0000, 0x00000007b4870000, 0x0000000800000000)
  eden space 86912K, 98% used [0x00000007aacb0000,0x00000007b0028d38,0x00000007b0190000)
  from space 10496K, 99% used [0x00000007b0340000,0x00000007b0d72e70,0x00000007b0d80000)
  to   space 36288K, 0% used [0x00000007b2500000,0x00000007b2500000,0x00000007b4870000)
 ParOldGen       total 238400K, used 206645K [0x0000000700600000, 0x000000070eed0000, 0x00000007aacb0000)
  object space 238400K, 86% used [0x0000000700600000,0x000000070cfcd778,0x000000070eed0000)
 PSPermGen       total 21504K, used 18773K [0x00000006fb400000, 0x00000006fc900000, 0x0000000700600000)
  object space 21504K, 87% used [0x00000006fb400000,0x00000006fc655760,0x00000006fc900000)
Event: 310.750 GC heap after
Heap after GC invocations=289 (full 19):
 PSYoungGen      total 117184K, used 10411K [0x00000007aacb0000, 0x00000007b4430000, 0x0000000800000000)
  eden space 85248K, 0% used [0x00000007aacb0000,0x00000007aacb0000,0x00000007afff0000)
  from space 31936K, 32% used [0x00000007b2500000,0x00000007b2f2ae70,0x00000007b4430000)
  to   space 34944K, 0% used [0x00000007afff0000,0x00000007afff0000,0x00000007b2210000)
 ParOldGen       total 238400K, used 206661K [0x0000000700600000, 0x000000070eed0000, 0x00000007aacb0000)
  object space 238400K, 86% used [0x0000000700600000,0x000000070cfd1778,0x000000070eed0000)
 PSPermGen       total 21504K, used 18773K [0x00000006fb400000, 0x00000006fc900000, 0x0000000700600000)
  object space 21504K, 87% used [0x00000006fb400000,0x00000006fc655760,0x00000006fc900000)
}
Event: 311.088 GC heap before
{Heap before GC invocations=290 (full 19):
 PSYoungGen      total 117184K, used 92449K [0x00000007aacb0000, 0x00000007b4430000, 0x0000000800000000)
  eden space 85248K, 96% used [0x00000007aacb0000,0x00000007afccd5e0,0x00000007afff0000)
  from space 31936K, 32% used [0x00000007b2500000,0x00000007b2f2ae70,0x00000007b4430000)
  to   space 34944K, 0% used [0x00000007afff0000,0x00000007afff0000,0x00000007b2210000)
 ParOldGen       total 238400K, used 206661K [0x0000000700600000, 0x000000070eed0000, 0x00000007aacb0000)
  object space 238400K, 86% used [0x0000000700600000,0x000000070cfd1778,0x000000070eed0000)
 PSPermGen       total 21504K, used 18773K [0x00000006fb400000, 0x00000006fc900000, 0x0000000700600000)
  object space 21504K, 87% used [0x00000006fb400000,0x00000006fc655760,0x00000006fc900000)
Event: 311.092 GC heap after
Heap after GC invocations=290 (full 19):
 PSYoungGen      total 118592K, used 28700K [0x00000007aacb0000, 0x00000007b48e0000, 0x0000000800000000)
  eden space 83648K, 0% used [0x00000007aacb0000,0x00000007aacb0000,0x00000007afe60000)
  from space 34944K, 82% used [0x00000007afff0000,0x00000007b1bf72a0,0x00000007b2210000)
  to   space 38144K, 0% used [0x00000007b23a0000,0x00000007b23a0000,0x00000007b48e0000)
 ParOldGen       total 238400K, used 206685K [0x0000000700600000, 0x000000070eed0000, 0x00000007aacb0000)
  object space 238400K, 86% used [0x0000000700600000,0x000000070cfd7778,0x000000070eed0000)
 PSPermGen       total 21504K, used 18773K [0x00000006fb400000, 0x00000006fc900000, 0x0000000700600000)
  object space 21504K, 87% used [0x00000006fb400000,0x00000006fc655760,0x00000006fc900000)
}
Event: 311.434 GC heap before
{Heap before GC invocations=291 (full 19):
 PSYoungGen      total 118592K, used 108097K [0x00000007aacb0000, 0x00000007b48e0000, 0x0000000800000000)
  eden space 83648K, 94% used [0x00000007aacb0000,0x00000007afa39478,0x00000007afe60000)
  from space 34944K, 82% used [0x00000007afff0000,0x00000007b1bf72a0,0x00000007b2210000)
  to   space 38144K, 0% used [0x00000007b23a0000,0x00000007b23a0000,0x00000007b48e0000)
 ParOldGen       total 238400K, used 206685K [0x0000000700600000, 0x000000070eed0000, 0x00000007aacb0000)
  object space 238400K, 86% used [0x0000000700600000,0x000000070cfd7778,0x000000070eed0000)
 PSPermGen       total 21504K, used 18773K [0x00000006fb400000, 0x00000006fc900000, 0x0000000700600000)
  object space 21504K, 87% used [0x00000006fb400000,0x00000006fc655760,0x00000006fc900000)
Event: 311.436 GC heap after
Heap after GC invocations=291 (full 19):
 PSYoungGen      total 116160K, used 10475K [0x00000007aacb0000, 0x00000007b44e0000, 0x0000000800000000)
  eden space 82112K, 0% used [0x00000007aacb0000,0x00000007aacb0000,0x00000007afce0000)
  from space 34048K, 30% used [0x00000007b23a0000,0x00000007b2ddae70,0x00000007b44e0000)
  to   space 36864K, 0% used [0x00000007afce0000,0x00000007afce0000,0x00000007b20e0000)
 ParOldGen       total 238400K, used 206693K [0x0000000700600000, 0x000000070eed0000, 0x00000007aacb0000)
  object space 238400K, 86% used [0x0000000700600000,0x000000070cfd9778,0x000000070eed0000)
 PSPermGen       total 21504K, used 18773K [0x00000006fb400000, 0x00000006fc900000, 0x0000000700600000)
  object space 21504K, 87% used [0x00000006fb400000,0x00000006fc655760,0x00000006fc900000)
}
Event: 311.779 GC heap before
{Heap before GC invocations=292 (full 19):
 PSYoungGen      total 116160K, used 92568K [0x00000007aacb0000, 0x00000007b44e0000, 0x0000000800000000)
  eden space 82112K, 99% used [0x00000007aacb0000,0x00000007afcdb408,0x00000007afce0000)
  from space 34048K, 30% used [0x00000007b23a0000,0x00000007b2ddae70,0x00000007b44e0000)
  to   space 36864K, 0% used [0x00000007afce0000,0x00000007afce0000,0x00000007b20e0000)
 ParOldGen       total 238400K, used 206693K [0x0000000700600000, 0x000000070eed0000, 0x00000007aacb0000)
  object space 238400K, 86% used [0x0000000700600000,0x000000070cfd9778,0x000000070eed0000)
 PSPermGen       total 21504K, used 18773K [0x00000006fb400000, 0x00000006fc900000, 0x0000000700600000)
  object space 21504K, 87% used [0x00000006fb400000,0x00000006fc655760,0x00000006fc900000)
Event: 311.784 GC heap after
Heap after GC invocations=292 (full 19):
 PSYoungGen      total 118976K, used 28764K [0x00000007aacb0000, 0x00000007b5750000, 0x0000000800000000)
  eden space 82112K, 0% used [0x00000007aacb0000,0x00000007aacb0000,0x00000007afce0000)
  from space 36864K, 78% used [0x00000007afce0000,0x00000007b18f72a0,0x00000007b20e0000)
  to   space 39680K, 0% used [0x00000007b3090000,0x00000007b3090000,0x00000007b5750000)
 ParOldGen       total 238400K, used 206701K [0x0000000700600000, 0x000000070eed0000, 0x00000007aacb0000)
  object space 238400K, 86% used [0x0000000700600000,0x000000070cfdb778,0x000000070eed0000)
 PSPermGen       total 21504K, used 18773K [0x00000006fb400000, 0x00000006fc900000, 0x0000000700600000)
  object space 21504K, 87% used [0x00000006fb400000,0x00000006fc655760,0x00000006fc900000)
}
Event: 312.129 GC heap before
{Heap before GC invocations=293 (full 19):
 PSYoungGen      total 118976K, used 108148K [0x00000007aacb0000, 0x00000007b5750000, 0x0000000800000000)
  eden space 82112K, 96% used [0x00000007aacb0000,0x00000007afa35f50,0x00000007afce0000)
  from space 36864K, 78% used [0x00000007afce0000,0x00000007b18f72a0,0x00000007b20e0000)
  to   space 39680K, 0% used [0x00000007b3090000,0x00000007b3090000,0x00000007b5750000)
 ParOldGen       total 238400K, used 206701K [0x0000000700600000, 0x000000070eed0000, 0x00000007aacb0000)
  object space 238400K, 86% used [0x0000000700600000,0x000000070cfdb778,0x000000070eed0000)
 PSPermGen       total 21504K, used 18773K [0x00000006fb400000, 0x00000006fc900000, 0x0000000700600000)
  object space 21504K, 87% used [0x00000006fb400000,0x00000006fc655760,0x00000006fc900000)
Event: 312.131 GC heap after
Heap after GC invocations=293 (full 19):
 PSYoungGen      total 103168K, used 10443K [0x00000007aacb0000, 0x00000007b4690000, 0x0000000800000000)
  eden space 80640K, 0% used [0x00000007aacb0000,0x00000007aacb0000,0x00000007afb70000)
  from space 22528K, 46% used [0x00000007b3090000,0x00000007b3ac2e70,0x00000007b4690000)
  to   space 38464K, 0% used [0x00000007afb70000,0x00000007afb70000,0x00000007b2100000)
 ParOldGen       total 238400K, used 206733K [0x0000000700600000, 0x000000070eed0000, 0x00000007aacb0000)
  object space 238400K, 86% used [0x0000000700600000,0x000000070cfe3778,0x000000070eed0000)
 PSPermGen       total 21504K, used 18773K [0x00000006fb400000, 0x00000006fc900000, 0x0000000700600000)
  object space 21504K, 87% used [0x00000006fb400000,0x00000006fc655760,0x00000006fc900000)
}

