# JRE version: 7.0_07-b11
# Java VM: Java HotSpot(TM) 64-Bit Server VM (23.3-b01 mixed mode windows-amd64 compressed oops)
Heap
 PSYoungGen      total 40896K, used 18119K [0x00000007aacb0000, 0x00000007ae040000, 0x0000000800000000)
  eden space 29504K, 35% used [0x00000007aacb0000,0x00000007ab6e0960,0x00000007ac980000)
  from space 11392K, 67% used [0x00000007ad4f0000,0x00000007adc713a0,0x00000007ae010000)
  to   space 11648K, 0% used [0x00000007ac980000,0x00000007ac980000,0x00000007ad4e0000)
 ParOldGen       total 121920K, used 36987K [0x0000000700600000, 0x0000000707d10000, 0x00000007aacb0000)
  object space 121920K, 30% used [0x0000000700600000,0x0000000702a1edf0,0x0000000707d10000)
 PSPermGen       total 39360K, used 18077K [0x00000006fb400000, 0x00000006fda70000, 0x0000000700600000)
  object space 39360K, 45% used [0x00000006fb400000,0x00000006fc5a77a0,0x00000006fda70000)
GC Heap History (10 events):
Event: 71.446 GC heap before
{Heap before GC invocations=189 (full 2):
 PSYoungGen      total 36800K, used 35595K [0x00000007aacb0000, 0x00000007adb60000, 0x0000000800000000)
  eden space 25792K, 97% used [0x00000007aacb0000,0x00000007ac538090,0x00000007ac5e0000)
  from space 11008K, 95% used [0x00000007ad0a0000,0x00000007adadae70,0x00000007adb60000)
  to   space 11008K, 0% used [0x00000007ac5e0000,0x00000007ac5e0000,0x00000007ad0a0000)
 ParOldGen       total 118016K, used 91604K [0x0000000700600000, 0x0000000707940000, 0x00000007aacb0000)
  object space 118016K, 77% used [0x0000000700600000,0x0000000705f751f0,0x0000000707940000)
 PSPermGen       total 40512K, used 18047K [0x00000006fb400000, 0x00000006fdb90000, 0x0000000700600000)
  object space 40512K, 44% used [0x00000006fb400000,0x00000006fc59fc40,0x00000006fdb90000)
Event: 71.449 GC heap after
Heap after GC invocations=189 (full 2):
 PSYoungGen      total 36800K, used 10507K [0x00000007aacb0000, 0x00000007adfb0000, 0x0000000800000000)
  eden space 25792K, 0% used [0x00000007aacb0000,0x00000007aacb0000,0x00000007ac5e0000)
  from space 11008K, 95% used [0x00000007ac5e0000,0x00000007ad022e70,0x00000007ad0a0000)
  to   space 11008K, 0% used [0x00000007ad4f0000,0x00000007ad4f0000,0x00000007adfb0000)
 ParOldGen       total 118016K, used 109845K [0x0000000700600000, 0x0000000707940000, 0x00000007aacb0000)
  object space 118016K, 93% used [0x0000000700600000,0x0000000707145620,0x0000000707940000)
 PSPermGen       total 40512K, used 18047K [0x00000006fb400000, 0x00000006fdb90000, 0x0000000700600000)
  object space 40512K, 44% used [0x00000006fb400000,0x00000006fc59fc40,0x00000006fdb90000)
}
Event: 71.449 GC heap before
{Heap before GC invocations=190 (full 3):
 PSYoungGen      total 36800K, used 10507K [0x00000007aacb0000, 0x00000007adfb0000, 0x0000000800000000)
  eden space 25792K, 0% used [0x00000007aacb0000,0x00000007aacb0000,0x00000007ac5e0000)
  from space 11008K, 95% used [0x00000007ac5e0000,0x00000007ad022e70,0x00000007ad0a0000)
  to   space 11008K, 0% used [0x00000007ad4f0000,0x00000007ad4f0000,0x00000007adfb0000)
 ParOldGen       total 118016K, used 109845K [0x0000000700600000, 0x0000000707940000, 0x00000007aacb0000)
  object space 118016K, 93% used [0x0000000700600000,0x0000000707145620,0x0000000707940000)
 PSPermGen       total 40512K, used 18047K [0x00000006fb400000, 0x00000006fdb90000, 0x0000000700600000)
  object space 40512K, 44% used [0x00000006fb400000,0x00000006fc59fc40,0x00000006fdb90000)
Event: 71.484 GC heap after
Heap after GC invocations=190 (full 3):
 PSYoungGen      total 36800K, used 0K [0x00000007aacb0000, 0x00000007adfb0000, 0x0000000800000000)
  eden space 25792K, 0% used [0x00000007aacb0000,0x00000007aacb0000,0x00000007ac5e0000)
  from space 11008K, 0% used [0x00000007ac5e0000,0x00000007ac5e0000,0x00000007ad0a0000)
  to   space 11008K, 0% used [0x00000007ad4f0000,0x00000007ad4f0000,0x00000007adfb0000)
 ParOldGen       total 121920K, used 19186K [0x0000000700600000, 0x0000000707d10000, 0x00000007aacb0000)
  object space 121920K, 15% used [0x0000000700600000,0x00000007018bcbe0,0x0000000707d10000)
 PSPermGen       total 39360K, used 18046K [0x00000006fb400000, 0x00000006fda70000, 0x0000000700600000)
  object space 39360K, 45% used [0x00000006fb400000,0x00000006fc59fbc0,0x00000006fda70000)
}
Event: 71.876 GC heap before
{Heap before GC invocations=191 (full 3):
 PSYoungGen      total 36800K, used 22531K [0x00000007aacb0000, 0x00000007adfb0000, 0x0000000800000000)
  eden space 25792K, 87% used [0x00000007aacb0000,0x00000007ac2b0df0,0x00000007ac5e0000)
  from space 11008K, 0% used [0x00000007ac5e0000,0x00000007ac5e0000,0x00000007ad0a0000)
  to   space 11008K, 0% used [0x00000007ad4f0000,0x00000007ad4f0000,0x00000007adfb0000)
 ParOldGen       total 121920K, used 19186K [0x0000000700600000, 0x0000000707d10000, 0x00000007aacb0000)
  object space 121920K, 15% used [0x0000000700600000,0x00000007018bcbe0,0x0000000707d10000)
 PSPermGen       total 39360K, used 18046K [0x00000006fb400000, 0x00000006fda70000, 0x0000000700600000)
  object space 39360K, 45% used [0x00000006fb400000,0x00000006fc59fbc0,0x00000006fda70000)
Event: 71.879 GC heap after
Heap after GC invocations=191 (full 3):
 PSYoungGen      total 41088K, used 10539K [0x00000007aacb0000, 0x00000007adfa0000, 0x0000000800000000)
  eden space 30144K, 0% used [0x00000007aacb0000,0x00000007aacb0000,0x00000007aca20000)
  from space 10944K, 96% used [0x00000007ad4f0000,0x00000007adf3ae70,0x00000007adfa0000)
  to   space 11008K, 0% used [0x00000007aca20000,0x00000007aca20000,0x00000007ad4e0000)
 ParOldGen       total 121920K, used 29438K [0x0000000700600000, 0x0000000707d10000, 0x00000007aacb0000)
  object space 121920K, 24% used [0x0000000700600000,0x00000007022bfa50,0x0000000707d10000)
 PSPermGen       total 39360K, used 18046K [0x00000006fb400000, 0x00000006fda70000, 0x0000000700600000)
  object space 39360K, 45% used [0x00000006fb400000,0x00000006fc59fbc0,0x00000006fda70000)
}
Event: 72.289 GC heap before
{Heap before GC invocations=192 (full 3):
 PSYoungGen      total 41088K, used 40023K [0x00000007aacb0000, 0x00000007adfa0000, 0x0000000800000000)
  eden space 30144K, 97% used [0x00000007aacb0000,0x00000007ac97ada8,0x00000007aca20000)
  from space 10944K, 96% used [0x00000007ad4f0000,0x00000007adf3ae70,0x00000007adfa0000)
  to   space 11008K, 0% used [0x00000007aca20000,0x00000007aca20000,0x00000007ad4e0000)
 ParOldGen       total 121920K, used 29438K [0x0000000700600000, 0x0000000707d10000, 0x00000007aacb0000)
  object space 121920K, 24% used [0x0000000700600000,0x00000007022bfa50,0x0000000707d10000)
 PSPermGen       total 39360K, used 18046K [0x00000006fb400000, 0x00000006fda70000, 0x0000000700600000)
  object space 39360K, 45% used [0x00000006fb400000,0x00000006fc59fbc0,0x00000006fda70000)
Event: 72.291 GC heap after
Heap after GC invocations=192 (full 3):
 PSYoungGen      total 40832K, used 7716K [0x00000007aacb0000, 0x00000007ae010000, 0x0000000800000000)
  eden space 29824K, 0% used [0x00000007aacb0000,0x00000007aacb0000,0x00000007ac9d0000)
  from space 11008K, 70% used [0x00000007aca20000,0x00000007ad1a93a0,0x00000007ad4e0000)
  to   space 11392K, 0% used [0x00000007ad4f0000,0x00000007ad4f0000,0x00000007ae010000)
 ParOldGen       total 121920K, used 33217K [0x0000000700600000, 0x0000000707d10000, 0x00000007aacb0000)
  object space 121920K, 27% used [0x0000000700600000,0x0000000702670420,0x0000000707d10000)
 PSPermGen       total 39360K, used 18046K [0x00000006fb400000, 0x00000006fda70000, 0x0000000700600000)
  object space 39360K, 45% used [0x00000006fb400000,0x00000006fc59fbc0,0x00000006fda70000)
}
Event: 72.696 GC heap before
{Heap before GC invocations=193 (full 3):
 PSYoungGen      total 40832K, used 37200K [0x00000007aacb0000, 0x00000007ae010000, 0x0000000800000000)
  eden space 29824K, 98% used [0x00000007aacb0000,0x00000007ac97ad80,0x00000007ac9d0000)
  from space 11008K, 70% used [0x00000007aca20000,0x00000007ad1a93a0,0x00000007ad4e0000)
  to   space 11392K, 0% used [0x00000007ad4f0000,0x00000007ad4f0000,0x00000007ae010000)
 ParOldGen       total 121920K, used 33217K [0x0000000700600000, 0x0000000707d10000, 0x00000007aacb0000)
  object space 121920K, 27% used [0x0000000700600000,0x0000000702670420,0x0000000707d10000)
 PSPermGen       total 39360K, used 18046K [0x00000006fb400000, 0x00000006fda70000, 0x0000000700600000)
  object space 39360K, 45% used [0x00000006fb400000,0x00000006fc59fbc0,0x00000006fda70000)
Event: 72.697 GC heap after
Heap after GC invocations=193 (full 3):
 PSYoungGen      total 40896K, used 7684K [0x00000007aacb0000, 0x00000007ae040000, 0x0000000800000000)
  eden space 29504K, 0% used [0x00000007aacb0000,0x00000007aacb0000,0x00000007ac980000)
  from space 11392K, 67% used [0x00000007ad4f0000,0x00000007adc713a0,0x00000007ae010000)
  to   space 11648K, 0% used [0x00000007ac980000,0x00000007ac980000,0x00000007ad4e0000)
 ParOldGen       total 121920K, used 36987K [0x0000000700600000, 0x0000000707d10000, 0x00000007aacb0000)
  object space 121920K, 30% used [0x0000000700600000,0x0000000702a1edf0,0x0000000707d10000)
 PSPermGen       total 39360K, used 18046K [0x00000006fb400000, 0x00000006fda70000, 0x0000000700600000)
  object space 39360K, 45% used [0x00000006fb400000,0x00000006fc59fbc0,0x00000006fda70000)
}

