# JRE version: 7.0_07-b11
# Java VM: Java HotSpot(TM) 64-Bit Server VM (23.3-b01 mixed mode windows-amd64 compressed oops)
Heap
 PSYoungGen      total 384768K, used 149147K [0x00000007aacb0000, 0x00000007cced0000, 0x0000000800000000)
  eden space 320256K, 37% used [0x00000007aacb0000,0x00000007b21eb6c8,0x00000007be570000)
  from space 64512K, 45% used [0x00000007be570000,0x00000007c01db8c0,0x00000007c2470000)
  to   space 61632K, 0% used [0x00000007c92a0000,0x00000007c92a0000,0x00000007cced0000)
 ParOldGen       total 174976K, used 55067K [0x0000000700600000, 0x000000070b0e0000, 0x00000007aacb0000)
  object space 174976K, 31% used [0x0000000700600000,0x0000000703bc6fb8,0x000000070b0e0000)
 PSPermGen       total 40896K, used 18081K [0x00000006fb400000, 0x00000006fdbf0000, 0x0000000700600000)
  object space 40896K, 44% used [0x00000006fb400000,0x00000006fc5a8750,0x00000006fdbf0000)
GC Heap History (10 events):
Event: 8.283 GC heap before
{Heap before GC invocations=9 (full 1):
 PSYoungGen      total 163008K, used 119899K [0x00000007aacb0000, 0x00000007bf230000, 0x0000000800000000)
  eden space 124416K, 96% used [0x00000007aacb0000,0x00000007b21c6ca8,0x00000007b2630000)
  from space 38592K, 0% used [0x00000007b2630000,0x00000007b2630000,0x00000007b4be0000)
  to   space 42240K, 0% used [0x00000007bc8f0000,0x00000007bc8f0000,0x00000007bf230000)
 ParOldGen       total 130368K, used 29928K [0x0000000700600000, 0x0000000708550000, 0x00000007aacb0000)
  object space 130368K, 22% used [0x0000000700600000,0x000000070233a1b0,0x0000000708550000)
 PSPermGen       total 36608K, used 18062K [0x00000006fb400000, 0x00000006fd7c0000, 0x0000000700600000)
  object space 36608K, 49% used [0x00000006fb400000,0x00000006fc5a3a58,0x00000006fd7c0000)
Event: 8.296 GC heap after
Heap after GC invocations=9 (full 1):
 PSYoungGen      total 264576K, used 41930K [0x00000007aacb0000, 0x00000007bf1f0000, 0x0000000800000000)
  eden space 222592K, 0% used [0x00000007aacb0000,0x00000007aacb0000,0x00000007b8610000)
  from space 41984K, 99% used [0x00000007bc8f0000,0x00000007bf1e2830,0x00000007bf1f0000)
  to   space 49792K, 0% used [0x00000007b90b0000,0x00000007b90b0000,0x00000007bc150000)
 ParOldGen       total 130368K, used 43627K [0x0000000700600000, 0x0000000708550000, 0x00000007aacb0000)
  object space 130368K, 33% used [0x0000000700600000,0x000000070309ad10,0x0000000708550000)
 PSPermGen       total 36608K, used 18062K [0x00000006fb400000, 0x00000006fd7c0000, 0x0000000700600000)
  object space 36608K, 49% used [0x00000006fb400000,0x00000006fc5a3a58,0x00000006fd7c0000)
}
Event: 8.808 GC heap before
{Heap before GC invocations=10 (full 1):
 PSYoungGen      total 264576K, used 262612K [0x00000007aacb0000, 0x00000007bf1f0000, 0x0000000800000000)
  eden space 222592K, 99% used [0x00000007aacb0000,0x00000007b8432a28,0x00000007b8610000)
  from space 41984K, 99% used [0x00000007bc8f0000,0x00000007bf1e2830,0x00000007bf1f0000)
  to   space 49792K, 0% used [0x00000007b90b0000,0x00000007b90b0000,0x00000007bc150000)
 ParOldGen       total 130368K, used 49702K [0x0000000700600000, 0x0000000708550000, 0x00000007aacb0000)
  object space 130368K, 38% used [0x0000000700600000,0x0000000703689920,0x0000000708550000)
 PSPermGen       total 36608K, used 18063K [0x00000006fb400000, 0x00000006fd7c0000, 0x0000000700600000)
  object space 36608K, 49% used [0x00000006fb400000,0x00000006fc5a3c78,0x00000006fd7c0000)
Event: 8.820 GC heap after
Heap after GC invocations=10 (full 1):
 PSYoungGen      total 283264K, used 46257K [0x00000007aacb0000, 0x00000007c5bf0000, 0x0000000800000000)
  eden space 233472K, 0% used [0x00000007aacb0000,0x00000007aacb0000,0x00000007b90b0000)
  from space 49792K, 92% used [0x00000007b90b0000,0x00000007bbddc5d0,0x00000007bc150000)
  to   space 56832K, 0% used [0x00000007c2470000,0x00000007c2470000,0x00000007c5bf0000)
 ParOldGen       total 130368K, used 49702K [0x0000000700600000, 0x0000000708550000, 0x00000007aacb0000)
  object space 130368K, 38% used [0x0000000700600000,0x0000000703689920,0x0000000708550000)
 PSPermGen       total 36608K, used 18063K [0x00000006fb400000, 0x00000006fd7c0000, 0x0000000700600000)
  object space 36608K, 49% used [0x00000006fb400000,0x00000006fc5a3c78,0x00000006fd7c0000)
}
Event: 9.624 GC heap before
{Heap before GC invocations=11 (full 2):
 PSYoungGen      total 283264K, used 279729K [0x00000007aacb0000, 0x00000007c5bf0000, 0x0000000800000000)
  eden space 233472K, 100% used [0x00000007aacb0000,0x00000007b90b0000,0x00000007b90b0000)
  from space 49792K, 92% used [0x00000007b90b0000,0x00000007bbddc5d0,0x00000007bc150000)
  to   space 56832K, 0% used [0x00000007c2470000,0x00000007c2470000,0x00000007c5bf0000)
 ParOldGen       total 173760K, used 171247K [0x0000000700600000, 0x000000070afb0000, 0x00000007aacb0000)
  object space 173760K, 98% used [0x0000000700600000,0x000000070ad3bc60,0x000000070afb0000)
 PSPermGen       total 36608K, used 18068K [0x00000006fb400000, 0x00000006fd7c0000, 0x0000000700600000)
  object space 36608K, 49% used [0x00000006fb400000,0x00000006fc5a5098,0x00000006fd7c0000)
Event: 9.654 GC heap after
Heap after GC invocations=11 (full 2):
 PSYoungGen      total 283264K, used 0K [0x00000007aacb0000, 0x00000007c5bf0000, 0x0000000800000000)
  eden space 233472K, 0% used [0x00000007aacb0000,0x00000007aacb0000,0x00000007b90b0000)
  from space 49792K, 0% used [0x00000007b90b0000,0x00000007b90b0000,0x00000007bc150000)
  to   space 56832K, 0% used [0x00000007c2470000,0x00000007c2470000,0x00000007c5bf0000)
 ParOldGen       total 174976K, used 48968K [0x0000000700600000, 0x000000070b0e0000, 0x00000007aacb0000)
  object space 174976K, 27% used [0x0000000700600000,0x00000007035d23a8,0x000000070b0e0000)
 PSPermGen       total 40896K, used 18068K [0x00000006fb400000, 0x00000006fdbf0000, 0x0000000700600000)
  object space 40896K, 44% used [0x00000006fb400000,0x00000006fc5a5058,0x00000006fdbf0000)
}
Event: 10.175 GC heap before
{Heap before GC invocations=12 (full 2):
 PSYoungGen      total 283264K, used 232354K [0x00000007aacb0000, 0x00000007c5bf0000, 0x0000000800000000)
  eden space 233472K, 99% used [0x00000007aacb0000,0x00000007b8f988c0,0x00000007b90b0000)
  from space 49792K, 0% used [0x00000007b90b0000,0x00000007b90b0000,0x00000007bc150000)
  to   space 56832K, 0% used [0x00000007c2470000,0x00000007c2470000,0x00000007c5bf0000)
 ParOldGen       total 174976K, used 48968K [0x0000000700600000, 0x000000070b0e0000, 0x00000007aacb0000)
  object space 174976K, 27% used [0x0000000700600000,0x00000007035d23a8,0x000000070b0e0000)
 PSPermGen       total 40896K, used 18073K [0x00000006fb400000, 0x00000006fdbf0000, 0x0000000700600000)
  object space 40896K, 44% used [0x00000006fb400000,0x00000006fc5a6450,0x00000006fdbf0000)
Event: 10.188 GC heap after
Heap after GC invocations=12 (full 2):
 PSYoungGen      total 377088K, used 53402K [0x00000007aacb0000, 0x00000007c66b0000, 0x0000000800000000)
  eden space 320256K, 0% used [0x00000007aacb0000,0x00000007aacb0000,0x00000007be570000)
  from space 56832K, 93% used [0x00000007c2470000,0x00000007c5896900,0x00000007c5bf0000)
  to   space 64512K, 0% used [0x00000007be570000,0x00000007be570000,0x00000007c2470000)
 ParOldGen       total 174976K, used 55043K [0x0000000700600000, 0x000000070b0e0000, 0x00000007aacb0000)
  object space 174976K, 31% used [0x0000000700600000,0x0000000703bc0fb8,0x000000070b0e0000)
 PSPermGen       total 40896K, used 18073K [0x00000006fb400000, 0x00000006fdbf0000, 0x0000000700600000)
  object space 40896K, 44% used [0x00000006fb400000,0x00000006fc5a6450,0x00000006fdbf0000)
}
Event: 10.979 GC heap before
{Heap before GC invocations=13 (full 2):
 PSYoungGen      total 377088K, used 371984K [0x00000007aacb0000, 0x00000007c66b0000, 0x0000000800000000)
  eden space 320256K, 99% used [0x00000007aacb0000,0x00000007be3cd9c0,0x00000007be570000)
  from space 56832K, 93% used [0x00000007c2470000,0x00000007c5896900,0x00000007c5bf0000)
  to   space 64512K, 0% used [0x00000007be570000,0x00000007be570000,0x00000007c2470000)
 ParOldGen       total 174976K, used 55043K [0x0000000700600000, 0x000000070b0e0000, 0x00000007aacb0000)
  object space 174976K, 31% used [0x0000000700600000,0x0000000703bc0fb8,0x000000070b0e0000)
 PSPermGen       total 40896K, used 18081K [0x00000006fb400000, 0x00000006fdbf0000, 0x0000000700600000)
  object space 40896K, 44% used [0x00000006fb400000,0x00000006fc5a8750,0x00000006fdbf0000)
Event: 10.985 GC heap after
Heap after GC invocations=13 (full 2):
 PSYoungGen      total 384768K, used 29102K [0x00000007aacb0000, 0x00000007cced0000, 0x0000000800000000)
  eden space 320256K, 0% used [0x00000007aacb0000,0x00000007aacb0000,0x00000007be570000)
  from space 64512K, 45% used [0x00000007be570000,0x00000007c01db8c0,0x00000007c2470000)
  to   space 61632K, 0% used [0x00000007c92a0000,0x00000007c92a0000,0x00000007cced0000)
 ParOldGen       total 174976K, used 55067K [0x0000000700600000, 0x000000070b0e0000, 0x00000007aacb0000)
  object space 174976K, 31% used [0x0000000700600000,0x0000000703bc6fb8,0x000000070b0e0000)
 PSPermGen       total 40896K, used 18081K [0x00000006fb400000, 0x00000006fdbf0000, 0x0000000700600000)
  object space 40896K, 44% used [0x00000006fb400000,0x00000006fc5a8750,0x00000006fdbf0000)
}

