# JRE version: 7.0_07-b11
# Java VM: Java HotSpot(TM) 64-Bit Server VM (23.3-b01 mixed mode windows-amd64 compressed oops)
Heap
 PSYoungGen      total 1301120K, used 1044804K [0x00000007aacb0000, 0x0000000800000000, 0x0000000800000000)
  eden space 1216192K, 85% used [0x00000007aacb0000,0x00000007ea9010a0,0x00000007f5060000)
  from space 84928K, 0% used [0x00000007fad10000,0x00000007fad10000,0x0000000800000000)
  to   space 89920K, 0% used [0x00000007f5060000,0x00000007f5060000,0x00000007fa830000)
 ParOldGen       total 391424K, used 67211K [0x0000000700600000, 0x0000000718440000, 0x00000007aacb0000)
  object space 391424K, 17% used [0x0000000700600000,0x00000007047a2fd0,0x0000000718440000)
 PSPermGen       total 29248K, used 18245K [0x00000006fb400000, 0x00000006fd090000, 0x0000000700600000)
  object space 29248K, 62% used [0x00000006fb400000,0x00000006fc5d14d8,0x00000006fd090000)
GC Heap History (10 events):
Event: 72.251 GC heap before
{Heap before GC invocations=33 (full 8):
 PSYoungGen      total 1312704K, used 1280745K [0x00000007aacb0000, 0x00000007ff7c0000, 0x0000000800000000)
  eden space 1235584K, 99% used [0x00000007aacb0000,0x00000007f61a57b8,0x00000007f6350000)
  from space 77120K, 60% used [0x00000007fabe0000,0x00000007fd9a4d58,0x00000007ff730000)
  to   space 74304K, 0% used [0x00000007f6350000,0x00000007f6350000,0x00000007fabe0000)
 ParOldGen       total 367872K, used 154357K [0x0000000700600000, 0x0000000716d40000, 0x00000007aacb0000)
  object space 367872K, 41% used [0x0000000700600000,0x0000000709cbd4c8,0x0000000716d40000)
 PSPermGen       total 30976K, used 18216K [0x00000006fb400000, 0x00000006fd240000, 0x0000000700600000)
  object space 30976K, 58% used [0x00000006fb400000,0x00000006fc5ca248,0x00000006fd240000)
Event: 72.260 GC heap after
Heap after GC invocations=33 (full 8):
 PSYoungGen      total 1309888K, used 70286K [0x00000007aacb0000, 0x0000000800000000, 0x0000000800000000)
  eden space 1235584K, 0% used [0x00000007aacb0000,0x00000007aacb0000,0x00000007f6350000)
  from space 74304K, 94% used [0x00000007f6350000,0x00000007fa7f3ae8,0x00000007fabe0000)
  to   space 80384K, 0% used [0x00000007fb180000,0x00000007fb180000,0x0000000800000000)
 ParOldGen       total 367872K, used 154357K [0x0000000700600000, 0x0000000716d40000, 0x00000007aacb0000)
  object space 367872K, 41% used [0x0000000700600000,0x0000000709cbd4c8,0x0000000716d40000)
 PSPermGen       total 30976K, used 18216K [0x00000006fb400000, 0x00000006fd240000, 0x0000000700600000)
  object space 30976K, 58% used [0x00000006fb400000,0x00000006fc5ca248,0x00000006fd240000)
}
Event: 74.967 GC heap before
{Heap before GC invocations=34 (full 8):
 PSYoungGen      total 1309888K, used 1304091K [0x00000007aacb0000, 0x0000000800000000, 0x0000000800000000)
  eden space 1235584K, 99% used [0x00000007aacb0000,0x00000007f61931a8,0x00000007f6350000)
  from space 74304K, 94% used [0x00000007f6350000,0x00000007fa7f3ae8,0x00000007fabe0000)
  to   space 80384K, 0% used [0x00000007fb180000,0x00000007fb180000,0x0000000800000000)
 ParOldGen       total 367872K, used 154357K [0x0000000700600000, 0x0000000716d40000, 0x00000007aacb0000)
  object space 367872K, 41% used [0x0000000700600000,0x0000000709cbd4c8,0x0000000716d40000)
 PSPermGen       total 30976K, used 18225K [0x00000006fb400000, 0x00000006fd240000, 0x0000000700600000)
  object space 30976K, 58% used [0x00000006fb400000,0x00000006fc5cc7b0,0x00000006fd240000)
Event: 74.980 GC heap after
Heap after GC invocations=34 (full 8):
 PSYoungGen      total 1315776K, used 56907K [0x00000007aacb0000, 0x0000000800000000, 0x0000000800000000)
  eden space 1235392K, 0% used [0x00000007aacb0000,0x00000007aacb0000,0x00000007f6320000)
  from space 80384K, 70% used [0x00000007fb180000,0x00000007fe912e38,0x0000000800000000)
  to   space 80256K, 0% used [0x00000007f6320000,0x00000007f6320000,0x00000007fb180000)
 ParOldGen       total 367872K, used 154357K [0x0000000700600000, 0x0000000716d40000, 0x00000007aacb0000)
  object space 367872K, 41% used [0x0000000700600000,0x0000000709cbd4c8,0x0000000716d40000)
 PSPermGen       total 30976K, used 18225K [0x00000006fb400000, 0x00000006fd240000, 0x0000000700600000)
  object space 30976K, 58% used [0x00000006fb400000,0x00000006fc5cc7b0,0x00000006fd240000)
}
Event: 77.224 GC heap before
{Heap before GC invocations=35 (full 8):
 PSYoungGen      total 1315776K, used 1290788K [0x00000007aacb0000, 0x0000000800000000, 0x0000000800000000)
  eden space 1235392K, 99% used [0x00000007aacb0000,0x00000007f61a62b0,0x00000007f6320000)
  from space 80384K, 70% used [0x00000007fb180000,0x00000007fe912e38,0x0000000800000000)
  to   space 80256K, 0% used [0x00000007f6320000,0x00000007f6320000,0x00000007fb180000)
 ParOldGen       total 367872K, used 154357K [0x0000000700600000, 0x0000000716d40000, 0x00000007aacb0000)
  object space 367872K, 41% used [0x0000000700600000,0x0000000709cbd4c8,0x0000000716d40000)
 PSPermGen       total 30976K, used 18228K [0x00000006fb400000, 0x00000006fd240000, 0x0000000700600000)
  object space 30976K, 58% used [0x00000006fb400000,0x00000006fc5cd2e0,0x00000006fd240000)
Event: 77.233 GC heap after
Heap after GC invocations=35 (full 8):
 PSYoungGen      total 1305856K, used 70440K [0x00000007aacb0000, 0x0000000800000000, 0x0000000800000000)
  eden space 1235392K, 0% used [0x00000007aacb0000,0x00000007aacb0000,0x00000007f6320000)
  from space 70464K, 99% used [0x00000007f6320000,0x00000007fa7ea328,0x00000007fa7f0000)
  to   space 84928K, 0% used [0x00000007fad10000,0x00000007fad10000,0x0000000800000000)
 ParOldGen       total 367872K, used 154357K [0x0000000700600000, 0x0000000716d40000, 0x00000007aacb0000)
  object space 367872K, 41% used [0x0000000700600000,0x0000000709cbd4c8,0x0000000716d40000)
 PSPermGen       total 30976K, used 18228K [0x00000006fb400000, 0x00000006fd240000, 0x0000000700600000)
  object space 30976K, 58% used [0x00000006fb400000,0x00000006fc5cd2e0,0x00000006fd240000)
}
Event: 79.441 GC heap before
{Heap before GC invocations=36 (full 8):
 PSYoungGen      total 1305856K, used 1302982K [0x00000007aacb0000, 0x0000000800000000, 0x0000000800000000)
  eden space 1235392K, 99% used [0x00000007aacb0000,0x00000007f6057708,0x00000007f6320000)
  from space 70464K, 99% used [0x00000007f6320000,0x00000007fa7ea328,0x00000007fa7f0000)
  to   space 84928K, 0% used [0x00000007fad10000,0x00000007fad10000,0x0000000800000000)
 ParOldGen       total 367872K, used 157774K [0x0000000700600000, 0x0000000716d40000, 0x00000007aacb0000)
  object space 367872K, 42% used [0x0000000700600000,0x000000070a013998,0x0000000716d40000)
 PSPermGen       total 30976K, used 18229K [0x00000006fb400000, 0x00000006fd240000, 0x0000000700600000)
  object space 30976K, 58% used [0x00000006fb400000,0x00000006fc5cd620,0x00000006fd240000)
Event: 79.455 GC heap after
Heap after GC invocations=36 (full 8):
 PSYoungGen      total 1301120K, used 74062K [0x00000007aacb0000, 0x0000000800000000, 0x0000000800000000)
  eden space 1216192K, 0% used [0x00000007aacb0000,0x00000007aacb0000,0x00000007f5060000)
  from space 84928K, 87% used [0x00000007fad10000,0x00000007ff563a08,0x0000000800000000)
  to   space 89920K, 0% used [0x00000007f5060000,0x00000007f5060000,0x00000007fa830000)
 ParOldGen       total 367872K, used 157774K [0x0000000700600000, 0x0000000716d40000, 0x00000007aacb0000)
  object space 367872K, 42% used [0x0000000700600000,0x000000070a013998,0x0000000716d40000)
 PSPermGen       total 30976K, used 18229K [0x00000006fb400000, 0x00000006fd240000, 0x0000000700600000)
  object space 30976K, 58% used [0x00000006fb400000,0x00000006fc5cd620,0x00000006fd240000)
}
Event: 84.612 GC heap before
{Heap before GC invocations=37 (full 9):
 PSYoungGen      total 1301120K, used 1290254K [0x00000007aacb0000, 0x0000000800000000, 0x0000000800000000)
  eden space 1216192K, 100% used [0x00000007aacb0000,0x00000007f5060000,0x00000007f5060000)
  from space 84928K, 87% used [0x00000007fad10000,0x00000007ff563a08,0x0000000800000000)
  to   space 89920K, 0% used [0x00000007f5060000,0x00000007f5060000,0x00000007fa830000)
 ParOldGen       total 406016K, used 404572K [0x0000000700600000, 0x0000000719280000, 0x00000007aacb0000)
  object space 406016K, 99% used [0x0000000700600000,0x0000000719117280,0x0000000719280000)
 PSPermGen       total 30976K, used 18237K [0x00000006fb400000, 0x00000006fd240000, 0x0000000700600000)
  object space 30976K, 58% used [0x00000006fb400000,0x00000006fc5cf6a0,0x00000006fd240000)
Event: 84.650 GC heap after
Heap after GC invocations=37 (full 9):
 PSYoungGen      total 1301120K, used 0K [0x00000007aacb0000, 0x0000000800000000, 0x0000000800000000)
  eden space 1216192K, 0% used [0x00000007aacb0000,0x00000007aacb0000,0x00000007f5060000)
  from space 84928K, 0% used [0x00000007fad10000,0x00000007fad10000,0x0000000800000000)
  to   space 89920K, 0% used [0x00000007f5060000,0x00000007f5060000,0x00000007fa830000)
 ParOldGen       total 391424K, used 67211K [0x0000000700600000, 0x0000000718440000, 0x00000007aacb0000)
  object space 391424K, 17% used [0x0000000700600000,0x00000007047a2fd0,0x0000000718440000)
 PSPermGen       total 29248K, used 18237K [0x00000006fb400000, 0x00000006fd090000, 0x0000000700600000)
  object space 29248K, 62% used [0x00000006fb400000,0x00000006fc5cf540,0x00000006fd090000)
}

