# JRE version: 7.0_07-b11
# Java VM: Java HotSpot(TM) 64-Bit Server VM (23.3-b01 mixed mode windows-amd64 compressed oops)
Heap
 PSYoungGen      total 508928K, used 308047K [0x00000007aacb0000, 0x00000007ce340000, 0x0000000800000000)
  eden space 465088K, 59% used [0x00000007aacb0000,0x00000007bb9596b0,0x00000007c72e0000)
  from space 43840K, 75% used [0x00000007cb870000,0x00000007cd89a930,0x00000007ce340000)
  to   space 57536K, 0% used [0x00000007c72e0000,0x00000007c72e0000,0x00000007cab10000)
 ParOldGen       total 391744K, used 325529K [0x0000000700600000, 0x0000000718490000, 0x00000007aacb0000)
  object space 391744K, 83% used [0x0000000700600000,0x00000007143e6448,0x0000000718490000)
 PSPermGen       total 25088K, used 18240K [0x00000006fb400000, 0x00000006fcc80000, 0x0000000700600000)
  object space 25088K, 72% used [0x00000006fb400000,0x00000006fc5d0308,0x00000006fcc80000)
GC Heap History (10 events):
Event: 172.720 GC heap before
{Heap before GC invocations=96 (full 12):
 PSYoungGen      total 553792K, used 541248K [0x00000007aacb0000, 0x00000007d37c0000, 0x0000000800000000)
  eden space 541248K, 100% used [0x00000007aacb0000,0x00000007cbd40000,0x00000007cbd40000)
  from space 12544K, 0% used [0x00000007cce00000,0x00000007cce00000,0x00000007cda40000)
  to   space 62720K, 0% used [0x00000007cfa80000,0x00000007cfa80000,0x00000007d37c0000)
 ParOldGen       total 391744K, used 185871K [0x0000000700600000, 0x0000000718490000, 0x00000007aacb0000)
  object space 391744K, 47% used [0x0000000700600000,0x000000070bb83e00,0x0000000718490000)
 PSPermGen       total 25088K, used 18204K [0x00000006fb400000, 0x00000006fcc80000, 0x0000000700600000)
  object space 25088K, 72% used [0x00000006fb400000,0x00000006fc5c7108,0x00000006fcc80000)
Event: 172.722 GC heap after
Heap after GC invocations=96 (full 12):
 PSYoungGen      total 572096K, used 192K [0x00000007aacb0000, 0x00000007d28d0000, 0x0000000800000000)
  eden space 524672K, 0% used [0x00000007aacb0000,0x00000007aacb0000,0x00000007cad10000)
  from space 47424K, 0% used [0x00000007cfa80000,0x00000007cfab0000,0x00000007d28d0000)
  to   space 63360K, 0% used [0x00000007cad10000,0x00000007cad10000,0x00000007ceaf0000)
 ParOldGen       total 391744K, used 185871K [0x0000000700600000, 0x0000000718490000, 0x00000007aacb0000)
  object space 391744K, 47% used [0x0000000700600000,0x000000070bb83e00,0x0000000718490000)
 PSPermGen       total 25088K, used 18204K [0x00000006fb400000, 0x00000006fcc80000, 0x0000000700600000)
  object space 25088K, 72% used [0x00000006fb400000,0x00000006fc5c7108,0x00000006fcc80000)
}
Event: 173.870 GC heap before
{Heap before GC invocations=97 (full 12):
 PSYoungGen      total 572096K, used 522840K [0x00000007aacb0000, 0x00000007d28d0000, 0x0000000800000000)
  eden space 524672K, 99% used [0x00000007aacb0000,0x00000007cab16118,0x00000007cad10000)
  from space 47424K, 0% used [0x00000007cfa80000,0x00000007cfab0000,0x00000007d28d0000)
  to   space 63360K, 0% used [0x00000007cad10000,0x00000007cad10000,0x00000007ceaf0000)
 ParOldGen       total 391744K, used 191946K [0x0000000700600000, 0x0000000718490000, 0x00000007aacb0000)
  object space 391744K, 48% used [0x0000000700600000,0x000000070c172a10,0x0000000718490000)
 PSPermGen       total 25088K, used 18204K [0x00000006fb400000, 0x00000006fcc80000, 0x0000000700600000)
  object space 25088K, 72% used [0x00000006fb400000,0x00000006fc5c7320,0x00000006fcc80000)
Event: 173.875 GC heap after
Heap after GC invocations=97 (full 12):
 PSYoungGen      total 542016K, used 33185K [0x00000007aacb0000, 0x00000007d18b0000, 0x0000000800000000)
  eden space 508800K, 0% used [0x00000007aacb0000,0x00000007aacb0000,0x00000007c9d90000)
  from space 33216K, 99% used [0x00000007cad10000,0x00000007ccd78610,0x00000007ccd80000)
  to   space 63040K, 0% used [0x00000007cdb20000,0x00000007cdb20000,0x00000007d18b0000)
 ParOldGen       total 391744K, used 191946K [0x0000000700600000, 0x0000000718490000, 0x00000007aacb0000)
  object space 391744K, 48% used [0x0000000700600000,0x000000070c172a10,0x0000000718490000)
 PSPermGen       total 25088K, used 18204K [0x00000006fb400000, 0x00000006fcc80000, 0x0000000700600000)
  object space 25088K, 72% used [0x00000006fb400000,0x00000006fc5c7320,0x00000006fcc80000)
}
Event: 175.203 GC heap before
{Heap before GC invocations=98 (full 12):
 PSYoungGen      total 542016K, used 541985K [0x00000007aacb0000, 0x00000007d18b0000, 0x0000000800000000)
  eden space 508800K, 100% used [0x00000007aacb0000,0x00000007c9d90000,0x00000007c9d90000)
  from space 33216K, 99% used [0x00000007cad10000,0x00000007ccd78610,0x00000007ccd80000)
  to   space 63040K, 0% used [0x00000007cdb20000,0x00000007cdb20000,0x00000007d18b0000)
 ParOldGen       total 391744K, used 291747K [0x0000000700600000, 0x0000000718490000, 0x00000007aacb0000)
  object space 391744K, 74% used [0x0000000700600000,0x00000007122e8f90,0x0000000718490000)
 PSPermGen       total 25088K, used 18204K [0x00000006fb400000, 0x00000006fcc80000, 0x0000000700600000)
  object space 25088K, 72% used [0x00000006fb400000,0x00000006fc5c7320,0x00000006fcc80000)
Event: 175.207 GC heap after
Heap after GC invocations=98 (full 12):
 PSYoungGen      total 535616K, used 18513K [0x00000007aacb0000, 0x00000007d0420000, 0x0000000800000000)
  eden space 493632K, 0% used [0x00000007aacb0000,0x00000007aacb0000,0x00000007c8ec0000)
  from space 41984K, 44% used [0x00000007cdb20000,0x00000007ced34430,0x00000007d0420000)
  to   space 60096K, 0% used [0x00000007c8ec0000,0x00000007c8ec0000,0x00000007cc970000)
 ParOldGen       total 391744K, used 291747K [0x0000000700600000, 0x0000000718490000, 0x00000007aacb0000)
  object space 391744K, 74% used [0x0000000700600000,0x00000007122e8f90,0x0000000718490000)
 PSPermGen       total 25088K, used 18204K [0x00000006fb400000, 0x00000006fcc80000, 0x0000000700600000)
  object space 25088K, 72% used [0x00000006fb400000,0x00000006fc5c7320,0x00000006fcc80000)
}
Event: 176.354 GC heap before
{Heap before GC invocations=99 (full 12):
 PSYoungGen      total 535616K, used 512145K [0x00000007aacb0000, 0x00000007d0420000, 0x0000000800000000)
  eden space 493632K, 100% used [0x00000007aacb0000,0x00000007c8ec0000,0x00000007c8ec0000)
  from space 41984K, 44% used [0x00000007cdb20000,0x00000007ced34430,0x00000007d0420000)
  to   space 60096K, 0% used [0x00000007c8ec0000,0x00000007c8ec0000,0x00000007cc970000)
 ParOldGen       total 391744K, used 325529K [0x0000000700600000, 0x0000000718490000, 0x00000007aacb0000)
  object space 391744K, 83% used [0x0000000700600000,0x00000007143e6448,0x0000000718490000)
 PSPermGen       total 25088K, used 18204K [0x00000006fb400000, 0x00000006fcc80000, 0x0000000700600000)
  object space 25088K, 72% used [0x00000006fb400000,0x00000006fc5c7320,0x00000006fcc80000)
Event: 176.358 GC heap after
Heap after GC invocations=99 (full 12):
 PSYoungGen      total 497536K, used 18449K [0x00000007aacb0000, 0x00000007cf060000, 0x0000000800000000)
  eden space 479040K, 0% used [0x00000007aacb0000,0x00000007aacb0000,0x00000007c8080000)
  from space 18496K, 99% used [0x00000007c8ec0000,0x00000007ca0c4430,0x00000007ca0d0000)
  to   space 57280K, 0% used [0x00000007cb870000,0x00000007cb870000,0x00000007cf060000)
 ParOldGen       total 391744K, used 325529K [0x0000000700600000, 0x0000000718490000, 0x00000007aacb0000)
  object space 391744K, 83% used [0x0000000700600000,0x00000007143e6448,0x0000000718490000)
 PSPermGen       total 25088K, used 18204K [0x00000006fb400000, 0x00000006fcc80000, 0x0000000700600000)
  object space 25088K, 72% used [0x00000006fb400000,0x00000006fc5c7320,0x00000006fcc80000)
}
Event: 177.405 GC heap before
{Heap before GC invocations=100 (full 12):
 PSYoungGen      total 497536K, used 493453K [0x00000007aacb0000, 0x00000007cf060000, 0x0000000800000000)
  eden space 479040K, 99% used [0x00000007aacb0000,0x00000007c7c8f330,0x00000007c8080000)
  from space 18496K, 99% used [0x00000007c8ec0000,0x00000007ca0c4430,0x00000007ca0d0000)
  to   space 57280K, 0% used [0x00000007cb870000,0x00000007cb870000,0x00000007cf060000)
 ParOldGen       total 391744K, used 325529K [0x0000000700600000, 0x0000000718490000, 0x00000007aacb0000)
  object space 391744K, 83% used [0x0000000700600000,0x00000007143e6448,0x0000000718490000)
 PSPermGen       total 25088K, used 18204K [0x00000006fb400000, 0x00000006fcc80000, 0x0000000700600000)
  object space 25088K, 72% used [0x00000006fb400000,0x00000006fc5c7320,0x00000006fcc80000)
Event: 177.410 GC heap after
Heap after GC invocations=100 (full 12):
 PSYoungGen      total 508928K, used 32938K [0x00000007aacb0000, 0x00000007ce340000, 0x0000000800000000)
  eden space 465088K, 0% used [0x00000007aacb0000,0x00000007aacb0000,0x00000007c72e0000)
  from space 43840K, 75% used [0x00000007cb870000,0x00000007cd89a930,0x00000007ce340000)
  to   space 57536K, 0% used [0x00000007c72e0000,0x00000007c72e0000,0x00000007cab10000)
 ParOldGen       total 391744K, used 325529K [0x0000000700600000, 0x0000000718490000, 0x00000007aacb0000)
  object space 391744K, 83% used [0x0000000700600000,0x00000007143e6448,0x0000000718490000)
 PSPermGen       total 25088K, used 18204K [0x00000006fb400000, 0x00000006fcc80000, 0x0000000700600000)
  object space 25088K, 72% used [0x00000006fb400000,0x00000006fc5c7320,0x00000006fcc80000)
}

