# JRE version: 7.0_07-b11
# Java VM: Java HotSpot(TM) 64-Bit Server VM (23.3-b01 mixed mode windows-amd64 compressed oops)
Heap
 PSYoungGen      total 193408K, used 172903K [0x00000007aacb0000, 0x00000007bbd80000, 0x0000000800000000)
  eden space 162944K, 94% used [0x00000007aacb0000,0x00000007b4385840,0x00000007b4bd0000)
  from space 30464K, 60% used [0x00000007b4bd0000,0x00000007b5dd4430,0x00000007b6990000)
  to   space 29760K, 0% used [0x00000007ba070000,0x00000007ba070000,0x00000007bbd80000)
 ParOldGen       total 134784K, used 64982K [0x0000000700600000, 0x00000007089a0000, 0x00000007aacb0000)
  object space 134784K, 48% used [0x0000000700600000,0x0000000704575ab0,0x00000007089a0000)
 PSPermGen       total 35776K, used 17649K [0x00000006fb400000, 0x00000006fd6f0000, 0x0000000700600000)
  object space 35776K, 49% used [0x00000006fb400000,0x00000006fc53c7a0,0x00000006fd6f0000)
GC Heap History (10 events):
Event: 8.504 GC heap before
{Heap before GC invocations=6 (full 1):
 PSYoungGen      total 76352K, used 67520K [0x00000007aacb0000, 0x00000007b2510000, 0x0000000800000000)
  eden space 65472K, 93% used [0x00000007aacb0000,0x00000007ae8715d0,0x00000007aeca0000)
  from space 10880K, 58% used [0x00000007af740000,0x00000007afd6ec10,0x00000007b01e0000)
  to   space 10880K, 0% used [0x00000007aeca0000,0x00000007aeca0000,0x00000007af740000)
 ParOldGen       total 134784K, used 52808K [0x0000000700600000, 0x00000007089a0000, 0x00000007aacb0000)
  object space 134784K, 39% used [0x0000000700600000,0x0000000703992290,0x00000007089a0000)
 PSPermGen       total 35776K, used 17620K [0x00000006fb400000, 0x00000006fd6f0000, 0x0000000700600000)
  object space 35776K, 49% used [0x00000006fb400000,0x00000006fc535350,0x00000006fd6f0000)
Event: 8.506 GC heap after
Heap after GC invocations=6 (full 1):
 PSYoungGen      total 76352K, used 6299K [0x00000007aacb0000, 0x00000007b4fb0000, 0x0000000800000000)
  eden space 65472K, 0% used [0x00000007aacb0000,0x00000007aacb0000,0x00000007aeca0000)
  from space 10880K, 57% used [0x00000007aeca0000,0x00000007af2c6c10,0x00000007af740000)
  to   space 33088K, 0% used [0x00000007b2f60000,0x00000007b2f60000,0x00000007b4fb0000)
 ParOldGen       total 134784K, used 64958K [0x0000000700600000, 0x00000007089a0000, 0x00000007aacb0000)
  object space 134784K, 48% used [0x0000000700600000,0x000000070456fab0,0x00000007089a0000)
 PSPermGen       total 35776K, used 17620K [0x00000006fb400000, 0x00000006fd6f0000, 0x0000000700600000)
  object space 35776K, 49% used [0x00000006fb400000,0x00000006fc535350,0x00000006fd6f0000)
}
Event: 8.832 GC heap before
{Heap before GC invocations=7 (full 1):
 PSYoungGen      total 76352K, used 67338K [0x00000007aacb0000, 0x00000007b4fb0000, 0x0000000800000000)
  eden space 65472K, 93% used [0x00000007aacb0000,0x00000007ae84bc10,0x00000007aeca0000)
  from space 10880K, 57% used [0x00000007aeca0000,0x00000007af2c6c10,0x00000007af740000)
  to   space 33088K, 0% used [0x00000007b2f60000,0x00000007b2f60000,0x00000007b4fb0000)
 ParOldGen       total 134784K, used 64958K [0x0000000700600000, 0x00000007089a0000, 0x00000007aacb0000)
  object space 134784K, 48% used [0x0000000700600000,0x000000070456fab0,0x00000007089a0000)
 PSPermGen       total 35776K, used 17620K [0x00000006fb400000, 0x00000006fd6f0000, 0x0000000700600000)
  object space 35776K, 49% used [0x00000006fb400000,0x00000006fc535350,0x00000006fd6f0000)
Event: 8.837 GC heap after
Heap after GC invocations=7 (full 1):
 PSYoungGen      total 134784K, used 18417K [0x00000007aacb0000, 0x00000007b5160000, 0x0000000800000000)
  eden space 101696K, 0% used [0x00000007aacb0000,0x00000007aacb0000,0x00000007b1000000)
  from space 33088K, 55% used [0x00000007b2f60000,0x00000007b415c430,0x00000007b4fb0000)
  to   space 32128K, 0% used [0x00000007b1000000,0x00000007b1000000,0x00000007b2f60000)
 ParOldGen       total 134784K, used 64958K [0x0000000700600000, 0x00000007089a0000, 0x00000007aacb0000)
  object space 134784K, 48% used [0x0000000700600000,0x000000070456fab0,0x00000007089a0000)
 PSPermGen       total 35776K, used 17620K [0x00000006fb400000, 0x00000006fd6f0000, 0x0000000700600000)
  object space 35776K, 49% used [0x00000006fb400000,0x00000006fc535350,0x00000006fd6f0000)
}
Event: 9.369 GC heap before
{Heap before GC invocations=8 (full 1):
 PSYoungGen      total 134784K, used 115912K [0x00000007aacb0000, 0x00000007b5160000, 0x0000000800000000)
  eden space 101696K, 95% used [0x00000007aacb0000,0x00000007b0be5d00,0x00000007b1000000)
  from space 33088K, 55% used [0x00000007b2f60000,0x00000007b415c430,0x00000007b4fb0000)
  to   space 32128K, 0% used [0x00000007b1000000,0x00000007b1000000,0x00000007b2f60000)
 ParOldGen       total 134784K, used 64958K [0x0000000700600000, 0x00000007089a0000, 0x00000007aacb0000)
  object space 134784K, 48% used [0x0000000700600000,0x000000070456fab0,0x00000007089a0000)
 PSPermGen       total 35776K, used 17621K [0x00000006fb400000, 0x00000006fd6f0000, 0x0000000700600000)
  object space 35776K, 49% used [0x00000006fb400000,0x00000006fc535710,0x00000006fd6f0000)
Event: 9.375 GC heap after
Heap after GC invocations=8 (full 1):
 PSYoungGen      total 133824K, used 18449K [0x00000007aacb0000, 0x00000007b8970000, 0x0000000800000000)
  eden space 101696K, 0% used [0x00000007aacb0000,0x00000007aacb0000,0x00000007b1000000)
  from space 32128K, 57% used [0x00000007b1000000,0x00000007b2204430,0x00000007b2f60000)
  to   space 31232K, 0% used [0x00000007b6af0000,0x00000007b6af0000,0x00000007b8970000)
 ParOldGen       total 134784K, used 64958K [0x0000000700600000, 0x00000007089a0000, 0x00000007aacb0000)
  object space 134784K, 48% used [0x0000000700600000,0x000000070456fab0,0x00000007089a0000)
 PSPermGen       total 35776K, used 17621K [0x00000006fb400000, 0x00000006fd6f0000, 0x0000000700600000)
  object space 35776K, 49% used [0x00000006fb400000,0x00000006fc535710,0x00000006fd6f0000)
}
Event: 9.904 GC heap before
{Heap before GC invocations=9 (full 1):
 PSYoungGen      total 133824K, used 115843K [0x00000007aacb0000, 0x00000007b8970000, 0x0000000800000000)
  eden space 101696K, 95% used [0x00000007aacb0000,0x00000007b0bcc8a8,0x00000007b1000000)
  from space 32128K, 57% used [0x00000007b1000000,0x00000007b2204430,0x00000007b2f60000)
  to   space 31232K, 0% used [0x00000007b6af0000,0x00000007b6af0000,0x00000007b8970000)
 ParOldGen       total 134784K, used 64958K [0x0000000700600000, 0x00000007089a0000, 0x00000007aacb0000)
  object space 134784K, 48% used [0x0000000700600000,0x000000070456fab0,0x00000007089a0000)
 PSPermGen       total 35776K, used 17622K [0x00000006fb400000, 0x00000006fd6f0000, 0x0000000700600000)
  object space 35776K, 49% used [0x00000006fb400000,0x00000006fc535b68,0x00000006fd6f0000)
Event: 9.909 GC heap after
Heap after GC invocations=9 (full 1):
 PSYoungGen      total 192000K, used 18385K [0x00000007aacb0000, 0x00000007b8750000, 0x0000000800000000)
  eden space 162944K, 0% used [0x00000007aacb0000,0x00000007aacb0000,0x00000007b4bd0000)
  from space 29056K, 63% used [0x00000007b6af0000,0x00000007b7ce4430,0x00000007b8750000)
  to   space 30464K, 0% used [0x00000007b4bd0000,0x00000007b4bd0000,0x00000007b6990000)
 ParOldGen       total 134784K, used 64982K [0x0000000700600000, 0x00000007089a0000, 0x00000007aacb0000)
  object space 134784K, 48% used [0x0000000700600000,0x0000000704575ab0,0x00000007089a0000)
 PSPermGen       total 35776K, used 17622K [0x00000006fb400000, 0x00000006fd6f0000, 0x0000000700600000)
  object space 35776K, 49% used [0x00000006fb400000,0x00000006fc535b68,0x00000006fd6f0000)
}
Event: 10.592 GC heap before
{Heap before GC invocations=10 (full 1):
 PSYoungGen      total 192000K, used 177011K [0x00000007aacb0000, 0x00000007b8750000, 0x0000000800000000)
  eden space 162944K, 97% used [0x00000007aacb0000,0x00000007b4798b00,0x00000007b4bd0000)
  from space 29056K, 63% used [0x00000007b6af0000,0x00000007b7ce4430,0x00000007b8750000)
  to   space 30464K, 0% used [0x00000007b4bd0000,0x00000007b4bd0000,0x00000007b6990000)
 ParOldGen       total 134784K, used 64982K [0x0000000700600000, 0x00000007089a0000, 0x00000007aacb0000)
  object space 134784K, 48% used [0x0000000700600000,0x0000000704575ab0,0x00000007089a0000)
 PSPermGen       total 35776K, used 17626K [0x00000006fb400000, 0x00000006fd6f0000, 0x0000000700600000)
  object space 35776K, 49% used [0x00000006fb400000,0x00000006fc536818,0x00000006fd6f0000)
Event: 10.597 GC heap after
Heap after GC invocations=10 (full 1):
 PSYoungGen      total 193408K, used 18449K [0x00000007aacb0000, 0x00000007bbd80000, 0x0000000800000000)
  eden space 162944K, 0% used [0x00000007aacb0000,0x00000007aacb0000,0x00000007b4bd0000)
  from space 30464K, 60% used [0x00000007b4bd0000,0x00000007b5dd4430,0x00000007b6990000)
  to   space 29760K, 0% used [0x00000007ba070000,0x00000007ba070000,0x00000007bbd80000)
 ParOldGen       total 134784K, used 64982K [0x0000000700600000, 0x00000007089a0000, 0x00000007aacb0000)
  object space 134784K, 48% used [0x0000000700600000,0x0000000704575ab0,0x00000007089a0000)
 PSPermGen       total 35776K, used 17626K [0x00000006fb400000, 0x00000006fd6f0000, 0x0000000700600000)
  object space 35776K, 49% used [0x00000006fb400000,0x00000006fc536818,0x00000006fd6f0000)
}

