# JRE version: 7.0_07-b11
# Java VM: Java HotSpot(TM) 64-Bit Server VM (23.3-b01 mixed mode windows-amd64 compressed oops)
Heap
 PSYoungGen      total 1078144K, used 282090K [0x00000007aacb0000, 0x00000007f0470000, 0x0000000800000000)
  eden space 1072640K, 26% used [0x00000007aacb0000,0x00000007bbff2998,0x00000007ec430000)
  from space 5504K, 4% used [0x00000007eff10000,0x00000007eff48000,0x00000007f0470000)
  to   space 32896K, 0% used [0x00000007ec430000,0x00000007ec430000,0x00000007ee450000)
 ParOldGen       total 186560K, used 135382K [0x0000000700600000, 0x000000070bc30000, 0x00000007aacb0000)
  object space 186560K, 72% used [0x0000000700600000,0x0000000708a35938,0x000000070bc30000)
 PSPermGen       total 40960K, used 18141K [0x00000006fb400000, 0x00000006fdc00000, 0x0000000700600000)
  object space 40960K, 44% used [0x00000006fb400000,0x00000006fc5b75e0,0x00000006fdc00000)
GC Heap History (10 events):
Event: 8.418 GC heap before
{Heap before GC invocations=10 (full 0):
 PSYoungGen      total 551936K, used 548199K [0x00000007aacb0000, 0x00000007e15d0000, 0x0000000800000000)
  eden space 523328K, 99% used [0x00000007aacb0000,0x00000007cab26888,0x00000007cabc0000)
  from space 28608K, 89% used [0x00000007cabc0000,0x00000007cc4a33e0,0x00000007cc7b0000)
  to   space 28352K, 0% used [0x00000007dfa20000,0x00000007dfa20000,0x00000007e15d0000)
 ParOldGen       total 174528K, used 122742K [0x0000000700600000, 0x000000070b070000, 0x00000007aacb0000)
  object space 174528K, 70% used [0x0000000700600000,0x0000000707ddd960,0x000000070b070000)
 PSPermGen       total 21248K, used 18083K [0x00000006fb400000, 0x00000006fc8c0000, 0x0000000700600000)
  object space 21248K, 85% used [0x00000006fb400000,0x00000006fc5a8e38,0x00000006fc8c0000)
Event: 8.436 GC heap after
Heap after GC invocations=10 (full 0):
 PSYoungGen      total 865536K, used 22395K [0x00000007aacb0000, 0x00000007e1630000, 0x0000000800000000)
  eden space 837184K, 0% used [0x00000007aacb0000,0x00000007aacb0000,0x00000007dde40000)
  from space 28352K, 78% used [0x00000007dfa20000,0x00000007e0ffef20,0x00000007e15d0000)
  to   space 28544K, 0% used [0x00000007dde40000,0x00000007dde40000,0x00000007dfa20000)
 ParOldGen       total 174528K, used 161235K [0x0000000700600000, 0x000000070b070000, 0x00000007aacb0000)
  object space 174528K, 92% used [0x0000000700600000,0x000000070a374d80,0x000000070b070000)
 PSPermGen       total 21248K, used 18083K [0x00000006fb400000, 0x00000006fc8c0000, 0x0000000700600000)
  object space 21248K, 85% used [0x00000006fb400000,0x00000006fc5a8e38,0x00000006fc8c0000)
}
Event: 8.436 GC heap before
{Heap before GC invocations=11 (full 1):
 PSYoungGen      total 865536K, used 22395K [0x00000007aacb0000, 0x00000007e1630000, 0x0000000800000000)
  eden space 837184K, 0% used [0x00000007aacb0000,0x00000007aacb0000,0x00000007dde40000)
  from space 28352K, 78% used [0x00000007dfa20000,0x00000007e0ffef20,0x00000007e15d0000)
  to   space 28544K, 0% used [0x00000007dde40000,0x00000007dde40000,0x00000007dfa20000)
 ParOldGen       total 174528K, used 161235K [0x0000000700600000, 0x000000070b070000, 0x00000007aacb0000)
  object space 174528K, 92% used [0x0000000700600000,0x000000070a374d80,0x000000070b070000)
 PSPermGen       total 21248K, used 18083K [0x00000006fb400000, 0x00000006fc8c0000, 0x0000000700600000)
  object space 21248K, 85% used [0x00000006fb400000,0x00000006fc5a8e38,0x00000006fc8c0000)
Event: 8.493 GC heap after
Heap after GC invocations=11 (full 1):
 PSYoungGen      total 865536K, used 0K [0x00000007aacb0000, 0x00000007e1630000, 0x0000000800000000)
  eden space 837184K, 0% used [0x00000007aacb0000,0x00000007aacb0000,0x00000007dde40000)
  from space 28352K, 0% used [0x00000007dfa20000,0x00000007dfa20000,0x00000007e15d0000)
  to   space 28544K, 0% used [0x00000007dde40000,0x00000007dde40000,0x00000007dfa20000)
 ParOldGen       total 148992K, used 32634K [0x0000000700600000, 0x0000000709780000, 0x00000007aacb0000)
  object space 148992K, 21% used [0x0000000700600000,0x00000007025de950,0x0000000709780000)
 PSPermGen       total 36736K, used 18076K [0x00000006fb400000, 0x00000006fd7e0000, 0x0000000700600000)
  object space 36736K, 49% used [0x00000006fb400000,0x00000006fc5a73a0,0x00000006fd7e0000)
}
Event: 10.532 GC heap before
{Heap before GC invocations=12 (full 2):
 PSYoungGen      total 865536K, used 837184K [0x00000007aacb0000, 0x00000007e1630000, 0x0000000800000000)
  eden space 837184K, 100% used [0x00000007aacb0000,0x00000007dde40000,0x00000007dde40000)
  from space 28352K, 0% used [0x00000007dfa20000,0x00000007dfa20000,0x00000007e15d0000)
  to   space 28544K, 0% used [0x00000007dde40000,0x00000007dde40000,0x00000007dfa20000)
 ParOldGen       total 198464K, used 196451K [0x0000000700600000, 0x000000070c7d0000, 0x00000007aacb0000)
  object space 198464K, 98% used [0x0000000700600000,0x000000070c5d8c00,0x000000070c7d0000)
 PSPermGen       total 36736K, used 18085K [0x00000006fb400000, 0x00000006fd7e0000, 0x0000000700600000)
  object space 36736K, 49% used [0x00000006fb400000,0x00000006fc5a9760,0x00000006fd7e0000)
Event: 10.567 GC heap after
Heap after GC invocations=12 (full 2):
 PSYoungGen      total 865536K, used 0K [0x00000007aacb0000, 0x00000007e1630000, 0x0000000800000000)
  eden space 837184K, 0% used [0x00000007aacb0000,0x00000007aacb0000,0x00000007dde40000)
  from space 28352K, 0% used [0x00000007dfa20000,0x00000007dfa20000,0x00000007e15d0000)
  to   space 28544K, 0% used [0x00000007dde40000,0x00000007dde40000,0x00000007dfa20000)
 ParOldGen       total 186560K, used 36073K [0x0000000700600000, 0x000000070bc30000, 0x00000007aacb0000)
  object space 186560K, 19% used [0x0000000700600000,0x000000070293a7a8,0x000000070bc30000)
 PSPermGen       total 40960K, used 18085K [0x00000006fb400000, 0x00000006fdc00000, 0x0000000700600000)
  object space 40960K, 44% used [0x00000006fb400000,0x00000006fc5a9760,0x00000006fdc00000)
}
Event: 12.367 GC heap before
{Heap before GC invocations=13 (full 2):
 PSYoungGen      total 865536K, used 837184K [0x00000007aacb0000, 0x00000007e1630000, 0x0000000800000000)
  eden space 837184K, 100% used [0x00000007aacb0000,0x00000007dde40000,0x00000007dde40000)
  from space 28352K, 0% used [0x00000007dfa20000,0x00000007dfa20000,0x00000007e15d0000)
  to   space 28544K, 0% used [0x00000007dde40000,0x00000007dde40000,0x00000007dfa20000)
 ParOldGen       total 186560K, used 64071K [0x0000000700600000, 0x000000070bc30000, 0x00000007aacb0000)
  object space 186560K, 34% used [0x0000000700600000,0x0000000704491cb0,0x000000070bc30000)
 PSPermGen       total 40960K, used 18100K [0x00000006fb400000, 0x00000006fdc00000, 0x0000000700600000)
  object space 40960K, 44% used [0x00000006fb400000,0x00000006fc5ad290,0x00000006fdc00000)
Event: 12.373 GC heap after
Heap after GC invocations=13 (full 2):
 PSYoungGen      total 865728K, used 18417K [0x00000007aacb0000, 0x00000007f1bb0000, 0x0000000800000000)
  eden space 837184K, 0% used [0x00000007aacb0000,0x00000007aacb0000,0x00000007dde40000)
  from space 28544K, 64% used [0x00000007dde40000,0x00000007df03c430,0x00000007dfa20000)
  to   space 29312K, 0% used [0x00000007eff10000,0x00000007eff10000,0x00000007f1bb0000)
 ParOldGen       total 186560K, used 64071K [0x0000000700600000, 0x000000070bc30000, 0x00000007aacb0000)
  object space 186560K, 34% used [0x0000000700600000,0x0000000704491cb0,0x000000070bc30000)
 PSPermGen       total 40960K, used 18100K [0x00000006fb400000, 0x00000006fdc00000, 0x0000000700600000)
  object space 40960K, 44% used [0x00000006fb400000,0x00000006fc5ad290,0x00000006fdc00000)
}
Event: 14.138 GC heap before
{Heap before GC invocations=14 (full 2):
 PSYoungGen      total 865728K, used 855601K [0x00000007aacb0000, 0x00000007f1bb0000, 0x0000000800000000)
  eden space 837184K, 100% used [0x00000007aacb0000,0x00000007dde40000,0x00000007dde40000)
  from space 28544K, 64% used [0x00000007dde40000,0x00000007df03c430,0x00000007dfa20000)
  to   space 29312K, 0% used [0x00000007eff10000,0x00000007eff10000,0x00000007f1bb0000)
 ParOldGen       total 186560K, used 117125K [0x0000000700600000, 0x000000070bc30000, 0x00000007aacb0000)
  object space 186560K, 62% used [0x0000000700600000,0x0000000707861508,0x000000070bc30000)
 PSPermGen       total 40960K, used 18107K [0x00000006fb400000, 0x00000006fdc00000, 0x0000000700600000)
  object space 40960K, 44% used [0x00000006fb400000,0x00000006fc5aee28,0x00000006fdc00000)
Event: 14.141 GC heap after
Heap after GC invocations=14 (full 2):
 PSYoungGen      total 1078144K, used 224K [0x00000007aacb0000, 0x00000007f0470000, 0x0000000800000000)
  eden space 1072640K, 0% used [0x00000007aacb0000,0x00000007aacb0000,0x00000007ec430000)
  from space 5504K, 4% used [0x00000007eff10000,0x00000007eff48000,0x00000007f0470000)
  to   space 32896K, 0% used [0x00000007ec430000,0x00000007ec430000,0x00000007ee450000)
 ParOldGen       total 186560K, used 135382K [0x0000000700600000, 0x000000070bc30000, 0x00000007aacb0000)
  object space 186560K, 72% used [0x0000000700600000,0x0000000708a35938,0x000000070bc30000)
 PSPermGen       total 40960K, used 18107K [0x00000006fb400000, 0x00000006fdc00000, 0x0000000700600000)
  object space 40960K, 44% used [0x00000006fb400000,0x00000006fc5aee28,0x00000006fdc00000)
}

