# JRE version: 7.0_07-b11
# Java VM: Java HotSpot(TM) 64-Bit Server VM (23.3-b01 mixed mode windows-amd64 compressed oops)
Heap
 PSYoungGen      total 241536K, used 234576K [0x00000007aacb0000, 0x00000007cbbc0000, 0x0000000800000000)
  eden space 223040K, 96% used [0x00000007aacb0000,0x00000007b7fbfda8,0x00000007b8680000)
  from space 18496K, 99% used [0x00000007c8ab0000,0x00000007c9cb4430,0x00000007c9cc0000)
  to   space 30528K, 0% used [0x00000007c9df0000,0x00000007c9df0000,0x00000007cbbc0000)
 ParOldGen       total 174528K, used 78330K [0x0000000700600000, 0x000000070b070000, 0x00000007aacb0000)
  object space 174528K, 44% used [0x0000000700600000,0x000000070527ea50,0x000000070b070000)
 PSPermGen       total 21248K, used 17689K [0x00000006fb400000, 0x00000006fc8c0000, 0x0000000700600000)
  object space 21248K, 83% used [0x00000006fb400000,0x00000006fc5465d0,0x00000006fc8c0000)
GC Heap History (10 events):
Event: 10.178 GC heap before
{Heap before GC invocations=7 (full 0):
 PSYoungGen      total 292416K, used 279215K [0x00000007aacb0000, 0x00000007be8d0000, 0x0000000800000000)
  eden space 261888K, 97% used [0x00000007aacb0000,0x00000007ba6d1b68,0x00000007bac70000)
  from space 30528K, 75% used [0x00000007bcb00000,0x00000007be18a370,0x00000007be8d0000)
  to   space 30912K, 0% used [0x00000007bac70000,0x00000007bac70000,0x00000007bcaa0000)
 ParOldGen       total 174528K, used 51931K [0x0000000700600000, 0x000000070b070000, 0x00000007aacb0000)
  object space 174528K, 29% used [0x0000000700600000,0x00000007038b6de0,0x000000070b070000)
 PSPermGen       total 21248K, used 17654K [0x00000006fb400000, 0x00000006fc8c0000, 0x0000000700600000)
  object space 21248K, 83% used [0x00000006fb400000,0x00000006fc53d948,0x00000006fc8c0000)
Event: 10.185 GC heap after
Heap after GC invocations=7 (full 0):
 PSYoungGen      total 292800K, used 18513K [0x00000007aacb0000, 0x00000007ce710000, 0x0000000800000000)
  eden space 261888K, 0% used [0x00000007aacb0000,0x00000007aacb0000,0x00000007bac70000)
  from space 30912K, 59% used [0x00000007bac70000,0x00000007bbe84430,0x00000007bcaa0000)
  to   space 30144K, 0% used [0x00000007cc9a0000,0x00000007cc9a0000,0x00000007ce710000)
 ParOldGen       total 174528K, used 56658K [0x0000000700600000, 0x000000070b070000, 0x00000007aacb0000)
  object space 174528K, 32% used [0x0000000700600000,0x0000000703d54aa0,0x000000070b070000)
 PSPermGen       total 21248K, used 17654K [0x00000006fb400000, 0x00000006fc8c0000, 0x0000000700600000)
  object space 21248K, 83% used [0x00000006fb400000,0x00000006fc53d948,0x00000006fc8c0000)
}
Event: 12.835 GC heap before
{Heap before GC invocations=8 (full 0):
 PSYoungGen      total 292800K, used 274638K [0x00000007aacb0000, 0x00000007ce710000, 0x0000000800000000)
  eden space 261888K, 97% used [0x00000007aacb0000,0x00000007ba6cf658,0x00000007bac70000)
  from space 30912K, 59% used [0x00000007bac70000,0x00000007bbe84430,0x00000007bcaa0000)
  to   space 30144K, 0% used [0x00000007cc9a0000,0x00000007cc9a0000,0x00000007ce710000)
 ParOldGen       total 174528K, used 56658K [0x0000000700600000, 0x000000070b070000, 0x00000007aacb0000)
  object space 174528K, 32% used [0x0000000700600000,0x0000000703d54aa0,0x000000070b070000)
 PSPermGen       total 21248K, used 17657K [0x00000006fb400000, 0x00000006fc8c0000, 0x0000000700600000)
  object space 21248K, 83% used [0x00000006fb400000,0x00000006fc53e600,0x00000006fc8c0000)
Event: 12.840 GC heap after
Heap after GC invocations=8 (full 0):
 PSYoungGen      total 269952K, used 18481K [0x00000007aacb0000, 0x00000007cdbb0000, 0x0000000800000000)
  eden space 251456K, 0% used [0x00000007aacb0000,0x00000007aacb0000,0x00000007ba240000)
  from space 18496K, 99% used [0x00000007cc9a0000,0x00000007cdbac430,0x00000007cdbb0000)
  to   space 29504K, 0% used [0x00000007ca210000,0x00000007ca210000,0x00000007cbee0000)
 ParOldGen       total 174528K, used 56674K [0x0000000700600000, 0x000000070b070000, 0x00000007aacb0000)
  object space 174528K, 32% used [0x0000000700600000,0x0000000703d58aa0,0x000000070b070000)
 PSPermGen       total 21248K, used 17657K [0x00000006fb400000, 0x00000006fc8c0000, 0x0000000700600000)
  object space 21248K, 83% used [0x00000006fb400000,0x00000006fc53e600,0x00000006fc8c0000)
}
Event: 15.363 GC heap before
{Heap before GC invocations=9 (full 0):
 PSYoungGen      total 269952K, used 269937K [0x00000007aacb0000, 0x00000007cdbb0000, 0x0000000800000000)
  eden space 251456K, 100% used [0x00000007aacb0000,0x00000007ba240000,0x00000007ba240000)
  from space 18496K, 99% used [0x00000007cc9a0000,0x00000007cdbac430,0x00000007cdbb0000)
  to   space 29504K, 0% used [0x00000007ca210000,0x00000007ca210000,0x00000007cbee0000)
 ParOldGen       total 174528K, used 56674K [0x0000000700600000, 0x000000070b070000, 0x00000007aacb0000)
  object space 174528K, 32% used [0x0000000700600000,0x0000000703d58aa0,0x000000070b070000)
 PSPermGen       total 21248K, used 17660K [0x00000006fb400000, 0x00000006fc8c0000, 0x0000000700600000)
  object space 21248K, 83% used [0x00000006fb400000,0x00000006fc53f260,0x00000006fc8c0000)
Event: 15.375 GC heap after
Heap after GC invocations=9 (full 0):
 PSYoungGen      total 267776K, used 26223K [0x00000007aacb0000, 0x00000007cc9b0000, 0x0000000800000000)
  eden space 241536K, 0% used [0x00000007aacb0000,0x00000007aacb0000,0x00000007b9890000)
  from space 26240K, 99% used [0x00000007ca210000,0x00000007cbbabe00,0x00000007cbbb0000)
  to   space 14336K, 0% used [0x00000007cbbb0000,0x00000007cbbb0000,0x00000007cc9b0000)
 ParOldGen       total 174528K, used 72207K [0x0000000700600000, 0x000000070b070000, 0x00000007aacb0000)
  object space 174528K, 41% used [0x0000000700600000,0x0000000704c83e40,0x000000070b070000)
 PSPermGen       total 21248K, used 17660K [0x00000006fb400000, 0x00000006fc8c0000, 0x0000000700600000)
  object space 21248K, 83% used [0x00000006fb400000,0x00000006fc53f260,0x00000006fc8c0000)
}
Event: 17.852 GC heap before
{Heap before GC invocations=10 (full 0):
 PSYoungGen      total 267776K, used 263538K [0x00000007aacb0000, 0x00000007cc9b0000, 0x0000000800000000)
  eden space 241536K, 98% used [0x00000007aacb0000,0x00000007b9470b08,0x00000007b9890000)
  from space 26240K, 99% used [0x00000007ca210000,0x00000007cbbabe00,0x00000007cbbb0000)
  to   space 14336K, 0% used [0x00000007cbbb0000,0x00000007cbbb0000,0x00000007cc9b0000)
 ParOldGen       total 174528K, used 72207K [0x0000000700600000, 0x000000070b070000, 0x00000007aacb0000)
  object space 174528K, 41% used [0x0000000700600000,0x0000000704c83e40,0x000000070b070000)
 PSPermGen       total 21248K, used 17661K [0x00000006fb400000, 0x00000006fc8c0000, 0x0000000700600000)
  object space 21248K, 83% used [0x00000006fb400000,0x00000006fc53f7d0,0x00000006fc8c0000)
Event: 17.857 GC heap after
Heap after GC invocations=10 (full 0):
 PSYoungGen      total 244480K, used 12406K [0x00000007aacb0000, 0x00000007cc7d0000, 0x0000000800000000)
  eden space 232064K, 0% used [0x00000007aacb0000,0x00000007aacb0000,0x00000007b8f50000)
  from space 12416K, 99% used [0x00000007cbbb0000,0x00000007cc7cd820,0x00000007cc7d0000)
  to   space 31296K, 0% used [0x00000007c8ab0000,0x00000007c8ab0000,0x00000007ca940000)
 ParOldGen       total 174528K, used 78290K [0x0000000700600000, 0x000000070b070000, 0x00000007aacb0000)
  object space 174528K, 44% used [0x0000000700600000,0x0000000705274a50,0x000000070b070000)
 PSPermGen       total 21248K, used 17661K [0x00000006fb400000, 0x00000006fc8c0000, 0x0000000700600000)
  object space 21248K, 83% used [0x00000006fb400000,0x00000006fc53f7d0,0x00000006fc8c0000)
}
Event: 20.142 GC heap before
{Heap before GC invocations=11 (full 0):
 PSYoungGen      total 244480K, used 243612K [0x00000007aacb0000, 0x00000007cc7d0000, 0x0000000800000000)
  eden space 232064K, 99% used [0x00000007aacb0000,0x00000007b8e79b18,0x00000007b8f50000)
  from space 12416K, 99% used [0x00000007cbbb0000,0x00000007cc7cd820,0x00000007cc7d0000)
  to   space 31296K, 0% used [0x00000007c8ab0000,0x00000007c8ab0000,0x00000007ca940000)
 ParOldGen       total 174528K, used 78290K [0x0000000700600000, 0x000000070b070000, 0x00000007aacb0000)
  object space 174528K, 44% used [0x0000000700600000,0x0000000705274a50,0x000000070b070000)
 PSPermGen       total 21248K, used 17665K [0x00000006fb400000, 0x00000006fc8c0000, 0x0000000700600000)
  object space 21248K, 83% used [0x00000006fb400000,0x00000006fc540648,0x00000006fc8c0000)
Event: 20.147 GC heap after
Heap after GC invocations=11 (full 0):
 PSYoungGen      total 241536K, used 18449K [0x00000007aacb0000, 0x00000007cbbc0000, 0x0000000800000000)
  eden space 223040K, 0% used [0x00000007aacb0000,0x00000007aacb0000,0x00000007b8680000)
  from space 18496K, 99% used [0x00000007c8ab0000,0x00000007c9cb4430,0x00000007c9cc0000)
  to   space 30528K, 0% used [0x00000007c9df0000,0x00000007c9df0000,0x00000007cbbc0000)
 ParOldGen       total 174528K, used 78330K [0x0000000700600000, 0x000000070b070000, 0x00000007aacb0000)
  object space 174528K, 44% used [0x0000000700600000,0x000000070527ea50,0x000000070b070000)
 PSPermGen       total 21248K, used 17665K [0x00000006fb400000, 0x00000006fc8c0000, 0x0000000700600000)
  object space 21248K, 83% used [0x00000006fb400000,0x00000006fc540648,0x00000006fc8c0000)
}

