# JRE version: 7.0_07-b11
# Java VM: Java HotSpot(TM) 64-Bit Server VM (23.3-b01 mixed mode windows-amd64 compressed oops)
Heap
 PSYoungGen      total 731648K, used 225025K [0x00000007aacb0000, 0x00000007e5780000, 0x0000000800000000)
  eden space 703104K, 28% used [0x00000007aacb0000,0x00000007b6e891a8,0x00000007d5b50000)
  from space 28544K, 92% used [0x00000007d5b50000,0x00000007d75373e8,0x00000007d7730000)
  to   space 28800K, 0% used [0x00000007e3b60000,0x00000007e3b60000,0x00000007e5780000)
 ParOldGen       total 222336K, used 62717K [0x0000000700600000, 0x000000070df20000, 0x00000007aacb0000)
  object space 222336K, 28% used [0x0000000700600000,0x000000070433f668,0x000000070df20000)
 PSPermGen       total 39424K, used 18203K [0x00000006fb400000, 0x00000006fda80000, 0x0000000700600000)
  object space 39424K, 46% used [0x00000006fb400000,0x00000006fc5c6fe0,0x00000006fda80000)
GC Heap History (10 events):
Event: 9.412 GC heap before
{Heap before GC invocations=10 (full 2):
 PSYoungGen      total 550656K, used 522880K [0x00000007aacb0000, 0x00000007ce430000, 0x0000000800000000)
  eden space 522880K, 100% used [0x00000007aacb0000,0x00000007cab50000,0x00000007cab50000)
  from space 27776K, 0% used [0x00000007cc750000,0x00000007cc750000,0x00000007ce270000)
  to   space 28672K, 0% used [0x00000007cab50000,0x00000007cab50000,0x00000007cc750000)
 ParOldGen       total 332288K, used 330704K [0x0000000700600000, 0x0000000714a80000, 0x00000007aacb0000)
  object space 332288K, 99% used [0x0000000700600000,0x00000007148f4210,0x0000000714a80000)
 PSPermGen       total 36800K, used 18156K [0x00000006fb400000, 0x00000006fd7f0000, 0x0000000700600000)
  object space 36800K, 49% used [0x00000006fb400000,0x00000006fc5bb368,0x00000006fd7f0000)
Event: 9.454 GC heap after
Heap after GC invocations=10 (full 2):
 PSYoungGen      total 550656K, used 0K [0x00000007aacb0000, 0x00000007ce430000, 0x0000000800000000)
  eden space 522880K, 0% used [0x00000007aacb0000,0x00000007aacb0000,0x00000007cab50000)
  from space 27776K, 0% used [0x00000007cc750000,0x00000007cc750000,0x00000007ce270000)
  to   space 28672K, 0% used [0x00000007cab50000,0x00000007cab50000,0x00000007cc750000)
 ParOldGen       total 176768K, used 45781K [0x0000000700600000, 0x000000070b2a0000, 0x00000007aacb0000)
  object space 176768K, 25% used [0x0000000700600000,0x00000007032b5750,0x000000070b2a0000)
 PSPermGen       total 41088K, used 18156K [0x00000006fb400000, 0x00000006fdc20000, 0x0000000700600000)
  object space 41088K, 44% used [0x00000006fb400000,0x00000006fc5bb368,0x00000006fdc20000)
}
Event: 10.607 GC heap before
{Heap before GC invocations=11 (full 2):
 PSYoungGen      total 550656K, used 521038K [0x00000007aacb0000, 0x00000007ce430000, 0x0000000800000000)
  eden space 522880K, 99% used [0x00000007aacb0000,0x00000007ca983a18,0x00000007cab50000)
  from space 27776K, 0% used [0x00000007cc750000,0x00000007cc750000,0x00000007ce270000)
  to   space 28672K, 0% used [0x00000007cab50000,0x00000007cab50000,0x00000007cc750000)
 ParOldGen       total 176768K, used 45781K [0x0000000700600000, 0x000000070b2a0000, 0x00000007aacb0000)
  object space 176768K, 25% used [0x0000000700600000,0x00000007032b5750,0x000000070b2a0000)
 PSPermGen       total 41088K, used 18163K [0x00000006fb400000, 0x00000006fdc20000, 0x0000000700600000)
  object space 41088K, 44% used [0x00000006fb400000,0x00000006fc5bcf28,0x00000006fdc20000)
Event: 10.614 GC heap after
Heap after GC invocations=11 (full 2):
 PSYoungGen      total 551552K, used 25853K [0x00000007aacb0000, 0x00000007d95f0000, 0x0000000800000000)
  eden space 522880K, 0% used [0x00000007aacb0000,0x00000007aacb0000,0x00000007cab50000)
  from space 28672K, 90% used [0x00000007cab50000,0x00000007cc48f700,0x00000007cc750000)
  to   space 28672K, 0% used [0x00000007d79f0000,0x00000007d79f0000,0x00000007d95f0000)
 ParOldGen       total 176768K, used 49199K [0x0000000700600000, 0x000000070b2a0000, 0x00000007aacb0000)
  object space 176768K, 27% used [0x0000000700600000,0x000000070360bc20,0x000000070b2a0000)
 PSPermGen       total 41088K, used 18163K [0x00000006fb400000, 0x00000006fdc20000, 0x0000000700600000)
  object space 41088K, 44% used [0x00000006fb400000,0x00000006fc5bcf28,0x00000006fdc20000)
}
Event: 11.769 GC heap before
{Heap before GC invocations=12 (full 2):
 PSYoungGen      total 551552K, used 545631K [0x00000007aacb0000, 0x00000007d95f0000, 0x0000000800000000)
  eden space 522880K, 99% used [0x00000007aacb0000,0x00000007ca848878,0x00000007cab50000)
  from space 28672K, 90% used [0x00000007cab50000,0x00000007cc48f700,0x00000007cc750000)
  to   space 28672K, 0% used [0x00000007d79f0000,0x00000007d79f0000,0x00000007d95f0000)
 ParOldGen       total 176768K, used 55274K [0x0000000700600000, 0x000000070b2a0000, 0x00000007aacb0000)
  object space 176768K, 31% used [0x0000000700600000,0x0000000703bfa830,0x000000070b2a0000)
 PSPermGen       total 41088K, used 18171K [0x00000006fb400000, 0x00000006fdc20000, 0x0000000700600000)
  object space 41088K, 44% used [0x00000006fb400000,0x00000006fc5bef80,0x00000006fdc20000)
Event: 11.777 GC heap after
Heap after GC invocations=12 (full 2):
 PSYoungGen      total 720064K, used 25684K [0x00000007aacb0000, 0x00000007d9310000, 0x0000000800000000)
  eden space 694336K, 0% used [0x00000007aacb0000,0x00000007aacb0000,0x00000007d52c0000)
  from space 25728K, 99% used [0x00000007d79f0000,0x00000007d93053f0,0x00000007d9310000)
  to   space 28544K, 0% used [0x00000007d5b50000,0x00000007d5b50000,0x00000007d7730000)
 ParOldGen       total 176768K, used 87167K [0x0000000700600000, 0x000000070b2a0000, 0x00000007aacb0000)
  object space 176768K, 49% used [0x0000000700600000,0x0000000705b1ffa0,0x000000070b2a0000)
 PSPermGen       total 41088K, used 18171K [0x00000006fb400000, 0x00000006fdc20000, 0x0000000700600000)
  object space 41088K, 44% used [0x00000006fb400000,0x00000006fc5bef80,0x00000006fdc20000)
}
Event: 13.506 GC heap before
{Heap before GC invocations=13 (full 3):
 PSYoungGen      total 720064K, used 720020K [0x00000007aacb0000, 0x00000007d9310000, 0x0000000800000000)
  eden space 694336K, 100% used [0x00000007aacb0000,0x00000007d52c0000,0x00000007d52c0000)
  from space 25728K, 99% used [0x00000007d79f0000,0x00000007d93053f0,0x00000007d9310000)
  to   space 28544K, 0% used [0x00000007d5b50000,0x00000007d5b50000,0x00000007d7730000)
 ParOldGen       total 176768K, used 164575K [0x0000000700600000, 0x000000070b2a0000, 0x00000007aacb0000)
  object space 176768K, 93% used [0x0000000700600000,0x000000070a6b7e58,0x000000070b2a0000)
 PSPermGen       total 41088K, used 18183K [0x00000006fb400000, 0x00000006fdc20000, 0x0000000700600000)
  object space 41088K, 44% used [0x00000006fb400000,0x00000006fc5c1fe0,0x00000006fdc20000)
Event: 13.545 GC heap after
Heap after GC invocations=13 (full 3):
 PSYoungGen      total 720064K, used 0K [0x00000007aacb0000, 0x00000007d9310000, 0x0000000800000000)
  eden space 694336K, 0% used [0x00000007aacb0000,0x00000007aacb0000,0x00000007d52c0000)
  from space 25728K, 0% used [0x00000007d79f0000,0x00000007d79f0000,0x00000007d9310000)
  to   space 28544K, 0% used [0x00000007d5b50000,0x00000007d5b50000,0x00000007d7730000)
 ParOldGen       total 222336K, used 53858K [0x0000000700600000, 0x000000070df20000, 0x00000007aacb0000)
  object space 222336K, 24% used [0x0000000700600000,0x0000000703a988b8,0x000000070df20000)
 PSPermGen       total 39424K, used 18183K [0x00000006fb400000, 0x00000006fda80000, 0x0000000700600000)
  object space 39424K, 46% used [0x00000006fb400000,0x00000006fc5c1fe0,0x00000006fda80000)
}
Event: 15.066 GC heap before
{Heap before GC invocations=14 (full 3):
 PSYoungGen      total 720064K, used 693545K [0x00000007aacb0000, 0x00000007d9310000, 0x0000000800000000)
  eden space 694336K, 99% used [0x00000007aacb0000,0x00000007d51fa588,0x00000007d52c0000)
  from space 25728K, 0% used [0x00000007d79f0000,0x00000007d79f0000,0x00000007d9310000)
  to   space 28544K, 0% used [0x00000007d5b50000,0x00000007d5b50000,0x00000007d7730000)
 ParOldGen       total 222336K, used 59300K [0x0000000700600000, 0x000000070df20000, 0x00000007aacb0000)
  object space 222336K, 26% used [0x0000000700600000,0x0000000703fe9198,0x000000070df20000)
 PSPermGen       total 39424K, used 18192K [0x00000006fb400000, 0x00000006fda80000, 0x0000000700600000)
  object space 39424K, 46% used [0x00000006fb400000,0x00000006fc5c41e8,0x00000006fda80000)
Event: 15.073 GC heap after
Heap after GC invocations=14 (full 3):
 PSYoungGen      total 731648K, used 26524K [0x00000007aacb0000, 0x00000007e5780000, 0x0000000800000000)
  eden space 703104K, 0% used [0x00000007aacb0000,0x00000007aacb0000,0x00000007d5b50000)
  from space 28544K, 92% used [0x00000007d5b50000,0x00000007d75373e8,0x00000007d7730000)
  to   space 28800K, 0% used [0x00000007e3b60000,0x00000007e3b60000,0x00000007e5780000)
 ParOldGen       total 222336K, used 62717K [0x0000000700600000, 0x000000070df20000, 0x00000007aacb0000)
  object space 222336K, 28% used [0x0000000700600000,0x000000070433f668,0x000000070df20000)
 PSPermGen       total 39424K, used 18192K [0x00000006fb400000, 0x00000006fda80000, 0x0000000700600000)
  object space 39424K, 46% used [0x00000006fb400000,0x00000006fc5c41e8,0x00000006fda80000)
}

