# JRE version: 7.0_07-b11
# Java VM: Java HotSpot(TM) 64-Bit Server VM (23.3-b01 mixed mode windows-amd64 compressed oops)
Heap
 PSYoungGen      total 407616K, used 352373K [0x00000007aacb0000, 0x00000007cc780000, 0x0000000800000000)
  eden space 340928K, 97% used [0x00000007aacb0000,0x00000007bf2d93a0,0x00000007bf9a0000)
  from space 66688K, 27% used [0x00000007bf9a0000,0x00000007c0b94430,0x00000007c3ac0000)
  to   space 64576K, 0% used [0x00000007c8870000,0x00000007c8870000,0x00000007cc780000)
 ParOldGen       total 300224K, used 105333K [0x0000000700600000, 0x0000000712b30000, 0x00000007aacb0000)
  object space 300224K, 35% used [0x0000000700600000,0x0000000706cdd608,0x0000000712b30000)
 PSPermGen       total 37760K, used 18094K [0x00000006fb400000, 0x00000006fd8e0000, 0x0000000700600000)
  object space 37760K, 47% used [0x00000006fb400000,0x00000006fc5aba88,0x00000006fd8e0000)
GC Heap History (10 events):
Event: 9.597 GC heap before
{Heap before GC invocations=11 (full 2):
 PSYoungGen      total 324608K, used 318647K [0x00000007aacb0000, 0x00000007c8f90000, 0x0000000800000000)
  eden space 267712K, 99% used [0x00000007aacb0000,0x00000007bb215338,0x00000007bb220000)
  from space 56896K, 89% used [0x00000007bf1f0000,0x00000007c23b8cc0,0x00000007c2980000)
  to   space 65344K, 0% used [0x00000007bb220000,0x00000007bb220000,0x00000007bf1f0000)
 ParOldGen       total 188736K, used 84107K [0x0000000700600000, 0x000000070be50000, 0x00000007aacb0000)
  object space 188736K, 44% used [0x0000000700600000,0x0000000705822c88,0x000000070be50000)
 PSPermGen       total 40576K, used 18035K [0x00000006fb400000, 0x00000006fdba0000, 0x0000000700600000)
  object space 40576K, 44% used [0x00000006fb400000,0x00000006fc59cf08,0x00000006fdba0000)
Event: 9.603 GC heap after
Heap after GC invocations=11 (full 2):
 PSYoungGen      total 333056K, used 49049K [0x00000007aacb0000, 0x00000007c8540000, 0x0000000800000000)
  eden space 267712K, 0% used [0x00000007aacb0000,0x00000007aacb0000,0x00000007bb220000)
  from space 65344K, 75% used [0x00000007bb220000,0x00000007be2065f0,0x00000007bf1f0000)
  to   space 70464K, 0% used [0x00000007c4070000,0x00000007c4070000,0x00000007c8540000)
 ParOldGen       total 188736K, used 84107K [0x0000000700600000, 0x000000070be50000, 0x00000007aacb0000)
  object space 188736K, 44% used [0x0000000700600000,0x0000000705822c88,0x000000070be50000)
 PSPermGen       total 40576K, used 18035K [0x00000006fb400000, 0x00000006fdba0000, 0x0000000700600000)
  object space 40576K, 44% used [0x00000006fb400000,0x00000006fc59cf08,0x00000006fdba0000)
}
Event: 10.313 GC heap before
{Heap before GC invocations=12 (full 3):
 PSYoungGen      total 333056K, used 316761K [0x00000007aacb0000, 0x00000007c8540000, 0x0000000800000000)
  eden space 267712K, 100% used [0x00000007aacb0000,0x00000007bb220000,0x00000007bb220000)
  from space 65344K, 75% used [0x00000007bb220000,0x00000007be2065f0,0x00000007bf1f0000)
  to   space 70464K, 0% used [0x00000007c4070000,0x00000007c4070000,0x00000007c8540000)
 ParOldGen       total 194816K, used 193840K [0x0000000700600000, 0x000000070c440000, 0x00000007aacb0000)
  object space 194816K, 99% used [0x0000000700600000,0x000000070c34c038,0x000000070c440000)
 PSPermGen       total 40576K, used 18041K [0x00000006fb400000, 0x00000006fdba0000, 0x0000000700600000)
  object space 40576K, 44% used [0x00000006fb400000,0x00000006fc59e488,0x00000006fdba0000)
Event: 10.346 GC heap after
Heap after GC invocations=12 (full 3):
 PSYoungGen      total 333056K, used 0K [0x00000007aacb0000, 0x00000007c8540000, 0x0000000800000000)
  eden space 267712K, 0% used [0x00000007aacb0000,0x00000007aacb0000,0x00000007bb220000)
  from space 65344K, 0% used [0x00000007bb220000,0x00000007bb220000,0x00000007bf1f0000)
  to   space 70464K, 0% used [0x00000007c4070000,0x00000007c4070000,0x00000007c8540000)
 ParOldGen       total 245120K, used 43976K [0x0000000700600000, 0x000000070f560000, 0x00000007aacb0000)
  object space 245120K, 17% used [0x0000000700600000,0x00000007030f2348,0x000000070f560000)
 PSPermGen       total 39360K, used 18041K [0x00000006fb400000, 0x00000006fda70000, 0x0000000700600000)
  object space 39360K, 45% used [0x00000006fb400000,0x00000006fc59e488,0x00000006fda70000)
}
Event: 10.863 GC heap before
{Heap before GC invocations=13 (full 3):
 PSYoungGen      total 333056K, used 267580K [0x00000007aacb0000, 0x00000007c8540000, 0x0000000800000000)
  eden space 267712K, 99% used [0x00000007aacb0000,0x00000007bb1ff200,0x00000007bb220000)
  from space 65344K, 0% used [0x00000007bb220000,0x00000007bb220000,0x00000007bf1f0000)
  to   space 70464K, 0% used [0x00000007c4070000,0x00000007c4070000,0x00000007c8540000)
 ParOldGen       total 245120K, used 53469K [0x0000000700600000, 0x000000070f560000, 0x00000007aacb0000)
  object space 245120K, 21% used [0x0000000700600000,0x0000000703a37428,0x000000070f560000)
 PSPermGen       total 39360K, used 18041K [0x00000006fb400000, 0x00000006fda70000, 0x0000000700600000)
  object space 39360K, 45% used [0x00000006fb400000,0x00000006fc59e6b0,0x00000006fda70000)
Event: 10.870 GC heap after
Heap after GC invocations=13 (full 3):
 PSYoungGen      total 401792K, used 29439K [0x00000007aacb0000, 0x00000007c7be0000, 0x0000000800000000)
  eden space 340928K, 0% used [0x00000007aacb0000,0x00000007aacb0000,0x00000007bf9a0000)
  from space 60864K, 48% used [0x00000007c4070000,0x00000007c5d2fee0,0x00000007c7be0000)
  to   space 66688K, 0% used [0x00000007bf9a0000,0x00000007bf9a0000,0x00000007c3ac0000)
 ParOldGen       total 245120K, used 53469K [0x0000000700600000, 0x000000070f560000, 0x00000007aacb0000)
  object space 245120K, 21% used [0x0000000700600000,0x0000000703a37428,0x000000070f560000)
 PSPermGen       total 39360K, used 18041K [0x00000006fb400000, 0x00000006fda70000, 0x0000000700600000)
  object space 39360K, 45% used [0x00000006fb400000,0x00000006fc59e6b0,0x00000006fda70000)
}
Event: 11.897 GC heap before
{Heap before GC invocations=14 (full 4):
 PSYoungGen      total 401792K, used 370367K [0x00000007aacb0000, 0x00000007c7be0000, 0x0000000800000000)
  eden space 340928K, 100% used [0x00000007aacb0000,0x00000007bf9a0000,0x00000007bf9a0000)
  from space 60864K, 48% used [0x00000007c4070000,0x00000007c5d2fee0,0x00000007c7be0000)
  to   space 66688K, 0% used [0x00000007bf9a0000,0x00000007bf9a0000,0x00000007c3ac0000)
 ParOldGen       total 266816K, used 266265K [0x0000000700600000, 0x0000000710a90000, 0x00000007aacb0000)
  object space 266816K, 99% used [0x0000000700600000,0x0000000710a06678,0x0000000710a90000)
 PSPermGen       total 39360K, used 18049K [0x00000006fb400000, 0x00000006fda70000, 0x0000000700600000)
  object space 39360K, 45% used [0x00000006fb400000,0x00000006fc5a0440,0x00000006fda70000)
Event: 11.923 GC heap after
Heap after GC invocations=14 (full 4):
 PSYoungGen      total 401792K, used 0K [0x00000007aacb0000, 0x00000007c7be0000, 0x0000000800000000)
  eden space 340928K, 0% used [0x00000007aacb0000,0x00000007aacb0000,0x00000007bf9a0000)
  from space 60864K, 0% used [0x00000007c4070000,0x00000007c4070000,0x00000007c7be0000)
  to   space 66688K, 0% used [0x00000007bf9a0000,0x00000007bf9a0000,0x00000007c3ac0000)
 ParOldGen       total 300224K, used 47402K [0x0000000700600000, 0x0000000712b30000, 0x00000007aacb0000)
  object space 300224K, 15% used [0x0000000700600000,0x000000070344a890,0x0000000712b30000)
 PSPermGen       total 37760K, used 18049K [0x00000006fb400000, 0x00000006fd8e0000, 0x0000000700600000)
  object space 37760K, 47% used [0x00000006fb400000,0x00000006fc5a0440,0x00000006fd8e0000)
}
Event: 12.680 GC heap before
{Heap before GC invocations=15 (full 4):
 PSYoungGen      total 401792K, used 340928K [0x00000007aacb0000, 0x00000007c7be0000, 0x0000000800000000)
  eden space 340928K, 100% used [0x00000007aacb0000,0x00000007bf9a0000,0x00000007bf9a0000)
  from space 60864K, 0% used [0x00000007c4070000,0x00000007c4070000,0x00000007c7be0000)
  to   space 66688K, 0% used [0x00000007bf9a0000,0x00000007bf9a0000,0x00000007c3ac0000)
 ParOldGen       total 300224K, used 105333K [0x0000000700600000, 0x0000000712b30000, 0x00000007aacb0000)
  object space 300224K, 35% used [0x0000000700600000,0x0000000706cdd608,0x0000000712b30000)
 PSPermGen       total 37760K, used 18054K [0x00000006fb400000, 0x00000006fd8e0000, 0x0000000700600000)
  object space 37760K, 47% used [0x00000006fb400000,0x00000006fc5a19a0,0x00000006fd8e0000)
Event: 12.683 GC heap after
Heap after GC invocations=15 (full 4):
 PSYoungGen      total 407616K, used 18385K [0x00000007aacb0000, 0x00000007cc780000, 0x0000000800000000)
  eden space 340928K, 0% used [0x00000007aacb0000,0x00000007aacb0000,0x00000007bf9a0000)
  from space 66688K, 27% used [0x00000007bf9a0000,0x00000007c0b94430,0x00000007c3ac0000)
  to   space 64576K, 0% used [0x00000007c8870000,0x00000007c8870000,0x00000007cc780000)
 ParOldGen       total 300224K, used 105333K [0x0000000700600000, 0x0000000712b30000, 0x00000007aacb0000)
  object space 300224K, 35% used [0x0000000700600000,0x0000000706cdd608,0x0000000712b30000)
 PSPermGen       total 37760K, used 18054K [0x00000006fb400000, 0x00000006fd8e0000, 0x0000000700600000)
  object space 37760K, 47% used [0x00000006fb400000,0x00000006fc5a19a0,0x00000006fd8e0000)
}

