# JRE version: 7.0_07-b11
# Java VM: Java HotSpot(TM) 64-Bit Server VM (23.3-b01 mixed mode windows-amd64 compressed oops)
Heap
 PSYoungGen      total 74560K, used 42054K [0x00000007aacb0000, 0x00000007b3570000, 0x0000000800000000)
  eden space 73792K, 55% used [0x00000007aacb0000,0x00000007ad503258,0x00000007af4c0000)
  from space 768K, 99% used [0x00000007b34b0000,0x00000007b356e930,0x00000007b3570000)
  to   space 30592K, 0% used [0x00000007af9b0000,0x00000007af9b0000,0x00000007b1790000)
 ParOldGen       total 319488K, used 148632K [0x0000000700600000, 0x0000000713e00000, 0x00000007aacb0000)
  object space 319488K, 46% used [0x0000000700600000,0x0000000709726038,0x0000000713e00000)
 PSPermGen       total 39232K, used 17964K [0x00000006fb400000, 0x00000006fda50000, 0x0000000700600000)
  object space 39232K, 45% used [0x00000006fb400000,0x00000006fc58b3b0,0x00000006fda50000)
GC Heap History (10 events):
Event: 6.836 GC heap before
{Heap before GC invocations=5 (full 1):
 PSYoungGen      total 76352K, used 73845K [0x00000007aacb0000, 0x00000007b41d0000, 0x0000000800000000)
  eden space 65472K, 100% used [0x00000007aacb0000,0x00000007aeca0000,0x00000007aeca0000)
  from space 10880K, 76% used [0x00000007af740000,0x00000007aff6d410,0x00000007b01e0000)
  to   space 10880K, 0% used [0x00000007aeca0000,0x00000007aeca0000,0x00000007af740000)
 ParOldGen       total 320320K, used 319219K [0x0000000700600000, 0x0000000713ed0000, 0x00000007aacb0000)
  object space 320320K, 99% used [0x0000000700600000,0x0000000713dbcd58,0x0000000713ed0000)
 PSPermGen       total 21248K, used 17946K [0x00000006fb400000, 0x00000006fc8c0000, 0x0000000700600000)
  object space 21248K, 84% used [0x00000006fb400000,0x00000006fc586a58,0x00000006fc8c0000)
Event: 6.890 GC heap after
Heap after GC invocations=5 (full 1):
 PSYoungGen      total 76352K, used 0K [0x00000007aacb0000, 0x00000007b41d0000, 0x0000000800000000)
  eden space 65472K, 0% used [0x00000007aacb0000,0x00000007aacb0000,0x00000007aeca0000)
  from space 10880K, 0% used [0x00000007af740000,0x00000007af740000,0x00000007b01e0000)
  to   space 10880K, 0% used [0x00000007aeca0000,0x00000007aeca0000,0x00000007af740000)
 ParOldGen       total 135936K, used 22993K [0x0000000700600000, 0x0000000708ac0000, 0x00000007aacb0000)
  object space 135936K, 16% used [0x0000000700600000,0x0000000701c74418,0x0000000708ac0000)
 PSPermGen       total 36160K, used 17940K [0x00000006fb400000, 0x00000006fd750000, 0x0000000700600000)
  object space 36160K, 49% used [0x00000006fb400000,0x00000006fc585040,0x00000006fd750000)
}
Event: 7.003 GC heap before
{Heap before GC invocations=6 (full 1):
 PSYoungGen      total 76352K, used 60649K [0x00000007aacb0000, 0x00000007b41d0000, 0x0000000800000000)
  eden space 65472K, 92% used [0x00000007aacb0000,0x00000007ae7ea5c0,0x00000007aeca0000)
  from space 10880K, 0% used [0x00000007af740000,0x00000007af740000,0x00000007b01e0000)
  to   space 10880K, 0% used [0x00000007aeca0000,0x00000007aeca0000,0x00000007af740000)
 ParOldGen       total 135936K, used 29068K [0x0000000700600000, 0x0000000708ac0000, 0x00000007aacb0000)
  object space 135936K, 21% used [0x0000000700600000,0x0000000702263028,0x0000000708ac0000)
 PSPermGen       total 36160K, used 17943K [0x00000006fb400000, 0x00000006fd750000, 0x0000000700600000)
  object space 36160K, 49% used [0x00000006fb400000,0x00000006fc585d58,0x00000006fd750000)
Event: 7.009 GC heap after
Heap after GC invocations=6 (full 1):
 PSYoungGen      total 76352K, used 10117K [0x00000007aacb0000, 0x00000007b5240000, 0x0000000800000000)
  eden space 65472K, 0% used [0x00000007aacb0000,0x00000007aacb0000,0x00000007aeca0000)
  from space 10880K, 92% used [0x00000007aeca0000,0x00000007af681700,0x00000007af740000)
  to   space 30272K, 0% used [0x00000007b34b0000,0x00000007b34b0000,0x00000007b5240000)
 ParOldGen       total 135936K, used 81844K [0x0000000700600000, 0x0000000708ac0000, 0x00000007aacb0000)
  object space 135936K, 60% used [0x0000000700600000,0x00000007055ed308,0x0000000708ac0000)
 PSPermGen       total 36160K, used 17943K [0x00000006fb400000, 0x00000006fd750000, 0x0000000700600000)
  object space 36160K, 49% used [0x00000006fb400000,0x00000006fc585d58,0x00000006fd750000)
}
Event: 7.009 GC heap before
{Heap before GC invocations=7 (full 2):
 PSYoungGen      total 76352K, used 10117K [0x00000007aacb0000, 0x00000007b5240000, 0x0000000800000000)
  eden space 65472K, 0% used [0x00000007aacb0000,0x00000007aacb0000,0x00000007aeca0000)
  from space 10880K, 92% used [0x00000007aeca0000,0x00000007af681700,0x00000007af740000)
  to   space 30272K, 0% used [0x00000007b34b0000,0x00000007b34b0000,0x00000007b5240000)
 ParOldGen       total 135936K, used 81844K [0x0000000700600000, 0x0000000708ac0000, 0x00000007aacb0000)
  object space 135936K, 60% used [0x0000000700600000,0x00000007055ed308,0x0000000708ac0000)
 PSPermGen       total 36160K, used 17943K [0x00000006fb400000, 0x00000006fd750000, 0x0000000700600000)
  object space 36160K, 49% used [0x00000006fb400000,0x00000006fc585d58,0x00000006fd750000)
Event: 7.033 GC heap after
Heap after GC invocations=7 (full 2):
 PSYoungGen      total 76352K, used 0K [0x00000007aacb0000, 0x00000007b5240000, 0x0000000800000000)
  eden space 65472K, 0% used [0x00000007aacb0000,0x00000007aacb0000,0x00000007aeca0000)
  from space 10880K, 0% used [0x00000007aeca0000,0x00000007aeca0000,0x00000007af740000)
  to   space 30272K, 0% used [0x00000007b34b0000,0x00000007b34b0000,0x00000007b5240000)
 ParOldGen       total 242368K, used 29059K [0x0000000700600000, 0x000000070f2b0000, 0x00000007aacb0000)
  object space 242368K, 11% used [0x0000000700600000,0x0000000702260de0,0x000000070f2b0000)
 PSPermGen       total 40896K, used 17943K [0x00000006fb400000, 0x00000006fdbf0000, 0x0000000700600000)
  object space 40896K, 43% used [0x00000006fb400000,0x00000006fc585d58,0x00000006fdbf0000)
}
Event: 7.701 GC heap before
{Heap before GC invocations=8 (full 3):
 PSYoungGen      total 76352K, used 65407K [0x00000007aacb0000, 0x00000007b5240000, 0x0000000800000000)
  eden space 65472K, 99% used [0x00000007aacb0000,0x00000007aec8fda8,0x00000007aeca0000)
  from space 10880K, 0% used [0x00000007aeca0000,0x00000007aeca0000,0x00000007af740000)
  to   space 30272K, 0% used [0x00000007b34b0000,0x00000007b34b0000,0x00000007b5240000)
 ParOldGen       total 297920K, used 297541K [0x0000000700600000, 0x00000007128f0000, 0x00000007aacb0000)
  object space 297920K, 99% used [0x0000000700600000,0x00000007128916f0,0x00000007128f0000)
 PSPermGen       total 40896K, used 17948K [0x00000006fb400000, 0x00000006fdbf0000, 0x0000000700600000)
  object space 40896K, 43% used [0x00000006fb400000,0x00000006fc587058,0x00000006fdbf0000)
Event: 7.726 GC heap after
Heap after GC invocations=8 (full 3):
 PSYoungGen      total 76352K, used 0K [0x00000007aacb0000, 0x00000007b5240000, 0x0000000800000000)
  eden space 65472K, 0% used [0x00000007aacb0000,0x00000007aacb0000,0x00000007aeca0000)
  from space 10880K, 0% used [0x00000007aeca0000,0x00000007aeca0000,0x00000007af740000)
  to   space 30272K, 0% used [0x00000007b34b0000,0x00000007b34b0000,0x00000007b5240000)
 ParOldGen       total 319488K, used 25606K [0x0000000700600000, 0x0000000713e00000, 0x00000007aacb0000)
  object space 319488K, 8% used [0x0000000700600000,0x0000000701f01bf8,0x0000000713e00000)
 PSPermGen       total 39232K, used 17948K [0x00000006fb400000, 0x00000006fda50000, 0x0000000700600000)
  object space 39232K, 45% used [0x00000006fb400000,0x00000006fc587018,0x00000006fda50000)
}
Event: 8.104 GC heap before
{Heap before GC invocations=9 (full 3):
 PSYoungGen      total 76352K, used 65472K [0x00000007aacb0000, 0x00000007b5240000, 0x0000000800000000)
  eden space 65472K, 100% used [0x00000007aacb0000,0x00000007aeca0000,0x00000007aeca0000)
  from space 10880K, 0% used [0x00000007aeca0000,0x00000007aeca0000,0x00000007af740000)
  to   space 30272K, 0% used [0x00000007b34b0000,0x00000007b34b0000,0x00000007b5240000)
 ParOldGen       total 319488K, used 148632K [0x0000000700600000, 0x0000000713e00000, 0x00000007aacb0000)
  object space 319488K, 46% used [0x0000000700600000,0x0000000709726038,0x0000000713e00000)
 PSPermGen       total 39232K, used 17954K [0x00000006fb400000, 0x00000006fda50000, 0x0000000700600000)
  object space 39232K, 45% used [0x00000006fb400000,0x00000006fc588978,0x00000006fda50000)
Event: 8.106 GC heap after
Heap after GC invocations=9 (full 3):
 PSYoungGen      total 74560K, used 762K [0x00000007aacb0000, 0x00000007b3570000, 0x0000000800000000)
  eden space 73792K, 0% used [0x00000007aacb0000,0x00000007aacb0000,0x00000007af4c0000)
  from space 768K, 99% used [0x00000007b34b0000,0x00000007b356e930,0x00000007b3570000)
  to   space 30592K, 0% used [0x00000007af9b0000,0x00000007af9b0000,0x00000007b1790000)
 ParOldGen       total 319488K, used 148632K [0x0000000700600000, 0x0000000713e00000, 0x00000007aacb0000)
  object space 319488K, 46% used [0x0000000700600000,0x0000000709726038,0x0000000713e00000)
 PSPermGen       total 39232K, used 17954K [0x00000006fb400000, 0x00000006fda50000, 0x0000000700600000)
  object space 39232K, 45% used [0x00000006fb400000,0x00000006fc588978,0x00000006fda50000)
}

