# JRE version: 7.0_07-b11
# Java VM: Java HotSpot(TM) 64-Bit Server VM (23.3-b01 mixed mode windows-amd64 compressed oops)
Heap
 PSYoungGen      total 526784K, used 96112K [0x00000007aacb0000, 0x00000007d0000000, 0x0000000800000000)
  eden space 451008K, 12% used [0x00000007aacb0000,0x00000007ae3365b0,0x00000007c6520000)
  from space 75776K, 53% used [0x00000007caf00000,0x00000007cd655bf0,0x00000007cf900000)
  to   space 75648K, 0% used [0x00000007c6520000,0x00000007c6520000,0x00000007caf00000)
 ParOldGen       total 352000K, used 217730K [0x0000000700600000, 0x0000000715dc0000, 0x00000007aacb0000)
  object space 352000K, 61% used [0x0000000700600000,0x000000070daa0bf0,0x0000000715dc0000)
 PSPermGen       total 36096K, used 18118K [0x00000006fb400000, 0x00000006fd740000, 0x0000000700600000)
  object space 36096K, 50% used [0x00000006fb400000,0x00000006fc5b1b10,0x00000006fd740000)
GC Heap History (10 events):
Event: 17.515 GC heap before
{Heap before GC invocations=25 (full 5):
 PSYoungGen      total 380608K, used 343909K [0x00000007aacb0000, 0x00000007c9e00000, 0x0000000800000000)
  eden space 302656K, 100% used [0x00000007aacb0000,0x00000007bd440000,0x00000007bd440000)
  from space 77952K, 52% used [0x00000007bd440000,0x00000007bfc89610,0x00000007c2060000)
  to   space 76224K, 0% used [0x00000007c5390000,0x00000007c5390000,0x00000007c9e00000)
 ParOldGen       total 352000K, used 131982K [0x0000000700600000, 0x0000000715dc0000, 0x00000007aacb0000)
  object space 352000K, 37% used [0x0000000700600000,0x00000007086e3a88,0x0000000715dc0000)
 PSPermGen       total 36096K, used 18082K [0x00000006fb400000, 0x00000006fd740000, 0x0000000700600000)
  object space 36096K, 50% used [0x00000006fb400000,0x00000006fc5a8bf8,0x00000006fd740000)
Event: 17.520 GC heap after
Heap after GC invocations=25 (full 5):
 PSYoungGen      total 426112K, used 192K [0x00000007aacb0000, 0x00000007c9c50000, 0x0000000800000000)
  eden space 351616K, 0% used [0x00000007aacb0000,0x00000007aacb0000,0x00000007c0410000)
  from space 74496K, 0% used [0x00000007c5390000,0x00000007c53c0000,0x00000007c9c50000)
  to   space 77952K, 0% used [0x00000007c0410000,0x00000007c0410000,0x00000007c5030000)
 ParOldGen       total 352000K, used 131982K [0x0000000700600000, 0x0000000715dc0000, 0x00000007aacb0000)
  object space 352000K, 37% used [0x0000000700600000,0x00000007086e3a88,0x0000000715dc0000)
 PSPermGen       total 36096K, used 18082K [0x00000006fb400000, 0x00000006fd740000, 0x0000000700600000)
  object space 36096K, 50% used [0x00000006fb400000,0x00000006fc5a8bf8,0x00000006fd740000)
}
Event: 18.200 GC heap before
{Heap before GC invocations=26 (full 5):
 PSYoungGen      total 426112K, used 350408K [0x00000007aacb0000, 0x00000007c9c50000, 0x0000000800000000)
  eden space 351616K, 99% used [0x00000007aacb0000,0x00000007c02b2098,0x00000007c0410000)
  from space 74496K, 0% used [0x00000007c5390000,0x00000007c53c0000,0x00000007c9c50000)
  to   space 77952K, 0% used [0x00000007c0410000,0x00000007c0410000,0x00000007c5030000)
 ParOldGen       total 352000K, used 131982K [0x0000000700600000, 0x0000000715dc0000, 0x00000007aacb0000)
  object space 352000K, 37% used [0x0000000700600000,0x00000007086e3a88,0x0000000715dc0000)
 PSPermGen       total 36096K, used 18089K [0x00000006fb400000, 0x00000006fd740000, 0x0000000700600000)
  object space 36096K, 50% used [0x00000006fb400000,0x00000006fc5aa5b0,0x00000006fd740000)
Event: 18.206 GC heap after
Heap after GC invocations=26 (full 5):
 PSYoungGen      total 429568K, used 41006K [0x00000007aacb0000, 0x00000007ccf20000, 0x0000000800000000)
  eden space 351616K, 0% used [0x00000007aacb0000,0x00000007aacb0000,0x00000007c0410000)
  from space 77952K, 52% used [0x00000007c0410000,0x00000007c2c1b930,0x00000007c5030000)
  to   space 76864K, 0% used [0x00000007c8410000,0x00000007c8410000,0x00000007ccf20000)
 ParOldGen       total 352000K, used 131982K [0x0000000700600000, 0x0000000715dc0000, 0x00000007aacb0000)
  object space 352000K, 37% used [0x0000000700600000,0x00000007086e3a88,0x0000000715dc0000)
 PSPermGen       total 36096K, used 18089K [0x00000006fb400000, 0x00000006fd740000, 0x0000000700600000)
  object space 36096K, 50% used [0x00000006fb400000,0x00000006fc5aa5b0,0x00000006fd740000)
}
Event: 18.899 GC heap before
{Heap before GC invocations=27 (full 5):
 PSYoungGen      total 429568K, used 389187K [0x00000007aacb0000, 0x00000007ccf20000, 0x0000000800000000)
  eden space 351616K, 99% used [0x00000007aacb0000,0x00000007c00b56a0,0x00000007c0410000)
  from space 77952K, 52% used [0x00000007c0410000,0x00000007c2c1b930,0x00000007c5030000)
  to   space 76864K, 0% used [0x00000007c8410000,0x00000007c8410000,0x00000007ccf20000)
 ParOldGen       total 352000K, used 138057K [0x0000000700600000, 0x0000000715dc0000, 0x00000007aacb0000)
  object space 352000K, 39% used [0x0000000700600000,0x0000000708cd2698,0x0000000715dc0000)
 PSPermGen       total 36096K, used 18091K [0x00000006fb400000, 0x00000006fd740000, 0x0000000700600000)
  object space 36096K, 50% used [0x00000006fb400000,0x00000006fc5aae58,0x00000006fd740000)
Event: 18.903 GC heap after
Heap after GC invocations=27 (full 5):
 PSYoungGen      total 470912K, used 16985K [0x00000007aacb0000, 0x00000007cc790000, 0x0000000800000000)
  eden space 401792K, 0% used [0x00000007aacb0000,0x00000007aacb0000,0x00000007c3510000)
  from space 69120K, 24% used [0x00000007c8410000,0x00000007c94a65f0,0x00000007cc790000)
  to   space 75008K, 0% used [0x00000007c3510000,0x00000007c3510000,0x00000007c7e50000)
 ParOldGen       total 352000K, used 138057K [0x0000000700600000, 0x0000000715dc0000, 0x00000007aacb0000)
  object space 352000K, 39% used [0x0000000700600000,0x0000000708cd2698,0x0000000715dc0000)
 PSPermGen       total 36096K, used 18091K [0x00000006fb400000, 0x00000006fd740000, 0x0000000700600000)
  object space 36096K, 50% used [0x00000006fb400000,0x00000006fc5aae58,0x00000006fd740000)
}
Event: 19.852 GC heap before
{Heap before GC invocations=28 (full 5):
 PSYoungGen      total 470912K, used 418777K [0x00000007aacb0000, 0x00000007cc790000, 0x0000000800000000)
  eden space 401792K, 100% used [0x00000007aacb0000,0x00000007c3510000,0x00000007c3510000)
  from space 69120K, 24% used [0x00000007c8410000,0x00000007c94a65f0,0x00000007cc790000)
  to   space 75008K, 0% used [0x00000007c3510000,0x00000007c3510000,0x00000007c7e50000)
 ParOldGen       total 352000K, used 217730K [0x0000000700600000, 0x0000000715dc0000, 0x00000007aacb0000)
  object space 352000K, 61% used [0x0000000700600000,0x000000070daa0bf0,0x0000000715dc0000)
 PSPermGen       total 36096K, used 18107K [0x00000006fb400000, 0x00000006fd740000, 0x0000000700600000)
  object space 36096K, 50% used [0x00000006fb400000,0x00000006fc5aec10,0x00000006fd740000)
Event: 19.854 GC heap after
Heap after GC invocations=28 (full 5):
 PSYoungGen      total 476800K, used 256K [0x00000007aacb0000, 0x00000007cf900000, 0x0000000800000000)
  eden space 401792K, 0% used [0x00000007aacb0000,0x00000007aacb0000,0x00000007c3510000)
  from space 75008K, 0% used [0x00000007c3510000,0x00000007c3550000,0x00000007c7e50000)
  to   space 75776K, 0% used [0x00000007caf00000,0x00000007caf00000,0x00000007cf900000)
 ParOldGen       total 352000K, used 217730K [0x0000000700600000, 0x0000000715dc0000, 0x00000007aacb0000)
  object space 352000K, 61% used [0x0000000700600000,0x000000070daa0bf0,0x0000000715dc0000)
 PSPermGen       total 36096K, used 18107K [0x00000006fb400000, 0x00000006fd740000, 0x0000000700600000)
  object space 36096K, 50% used [0x00000006fb400000,0x00000006fc5aec10,0x00000006fd740000)
}
Event: 20.699 GC heap before
{Heap before GC invocations=29 (full 5):
 PSYoungGen      total 476800K, used 400662K [0x00000007aacb0000, 0x00000007cf900000, 0x0000000800000000)
  eden space 401792K, 99% used [0x00000007aacb0000,0x00000007c33b58d8,0x00000007c3510000)
  from space 75008K, 0% used [0x00000007c3510000,0x00000007c3550000,0x00000007c7e50000)
  to   space 75776K, 0% used [0x00000007caf00000,0x00000007caf00000,0x00000007cf900000)
 ParOldGen       total 352000K, used 217730K [0x0000000700600000, 0x0000000715dc0000, 0x00000007aacb0000)
  object space 352000K, 61% used [0x0000000700600000,0x000000070daa0bf0,0x0000000715dc0000)
 PSPermGen       total 36096K, used 18117K [0x00000006fb400000, 0x00000006fd740000, 0x0000000700600000)
  object space 36096K, 50% used [0x00000006fb400000,0x00000006fc5b1558,0x00000006fd740000)
Event: 20.714 GC heap after
Heap after GC invocations=29 (full 5):
 PSYoungGen      total 526784K, used 40278K [0x00000007aacb0000, 0x00000007d0000000, 0x0000000800000000)
  eden space 451008K, 0% used [0x00000007aacb0000,0x00000007aacb0000,0x00000007c6520000)
  from space 75776K, 53% used [0x00000007caf00000,0x00000007cd655bf0,0x00000007cf900000)
  to   space 75648K, 0% used [0x00000007c6520000,0x00000007c6520000,0x00000007caf00000)
 ParOldGen       total 352000K, used 217730K [0x0000000700600000, 0x0000000715dc0000, 0x00000007aacb0000)
  object space 352000K, 61% used [0x0000000700600000,0x000000070daa0bf0,0x0000000715dc0000)
 PSPermGen       total 36096K, used 18117K [0x00000006fb400000, 0x00000006fd740000, 0x0000000700600000)
  object space 36096K, 50% used [0x00000006fb400000,0x00000006fc5b1558,0x00000006fd740000)
}

