# JRE version: 7.0_07-b11
# Java VM: Java HotSpot(TM) 64-Bit Server VM (23.3-b01 mixed mode windows-amd64 compressed oops)
Heap
 PSYoungGen      total 396096K, used 177222K [0x00000007aacb0000, 0x00000007c94d0000, 0x0000000800000000)
  eden space 350208K, 50% used [0x00000007aacb0000,0x00000007b5981898,0x00000007c02b0000)
  from space 45888K, 0% used [0x00000007c02b0000,0x00000007c02f0000,0x00000007c2f80000)
  to   space 46272K, 0% used [0x00000007c67a0000,0x00000007c67a0000,0x00000007c94d0000)
 ParOldGen       total 372672K, used 253987K [0x0000000700600000, 0x00000007171f0000, 0x00000007aacb0000)
  object space 372672K, 68% used [0x0000000700600000,0x000000070fe08fe0,0x00000007171f0000)
 PSPermGen       total 35520K, used 18045K [0x00000006fb400000, 0x00000006fd6b0000, 0x0000000700600000)
  object space 35520K, 50% used [0x00000006fb400000,0x00000006fc59f780,0x00000006fd6b0000)
GC Heap History (10 events):
Event: 11.436 GC heap before
{Heap before GC invocations=14 (full 4):
 PSYoungGen      total 281408K, used 272213K [0x00000007aacb0000, 0x00000007c2b20000, 0x0000000800000000)
  eden space 238080K, 97% used [0x00000007aacb0000,0x00000007b9081328,0x00000007b9530000)
  from space 43328K, 89% used [0x00000007b9530000,0x00000007bbb342c8,0x00000007bbf80000)
  to   space 48576K, 0% used [0x00000007bfbb0000,0x00000007bfbb0000,0x00000007c2b20000)
 ParOldGen       total 287744K, used 103150K [0x0000000700600000, 0x0000000711f00000, 0x00000007aacb0000)
  object space 287744K, 35% used [0x0000000700600000,0x0000000706abbbb8,0x0000000711f00000)
 PSPermGen       total 37696K, used 18013K [0x00000006fb400000, 0x00000006fd8d0000, 0x0000000700600000)
  object space 37696K, 47% used [0x00000006fb400000,0x00000006fc5976c8,0x00000006fd8d0000)
Event: 11.442 GC heap after
Heap after GC invocations=14 (full 4):
 PSYoungGen      total 335360K, used 21786K [0x00000007aacb0000, 0x00000007c24e0000, 0x0000000800000000)
  eden space 293184K, 0% used [0x00000007aacb0000,0x00000007aacb0000,0x00000007bcb00000)
  from space 42176K, 51% used [0x00000007bfbb0000,0x00000007c10f6ac8,0x00000007c24e0000)
  to   space 46016K, 0% used [0x00000007bcb00000,0x00000007bcb00000,0x00000007bf7f0000)
 ParOldGen       total 287744K, used 103150K [0x0000000700600000, 0x0000000711f00000, 0x00000007aacb0000)
  object space 287744K, 35% used [0x0000000700600000,0x0000000706abbbb8,0x0000000711f00000)
 PSPermGen       total 37696K, used 18013K [0x00000006fb400000, 0x00000006fd8d0000, 0x0000000700600000)
  object space 37696K, 47% used [0x00000006fb400000,0x00000006fc5976c8,0x00000006fd8d0000)
}
Event: 12.338 GC heap before
{Heap before GC invocations=15 (full 5):
 PSYoungGen      total 335360K, used 314970K [0x00000007aacb0000, 0x00000007c24e0000, 0x0000000800000000)
  eden space 293184K, 100% used [0x00000007aacb0000,0x00000007bcb00000,0x00000007bcb00000)
  from space 42176K, 51% used [0x00000007bfbb0000,0x00000007c10f6ac8,0x00000007c24e0000)
  to   space 46016K, 0% used [0x00000007bcb00000,0x00000007bcb00000,0x00000007bf7f0000)
 ParOldGen       total 287744K, used 278951K [0x0000000700600000, 0x0000000711f00000, 0x00000007aacb0000)
  object space 287744K, 96% used [0x0000000700600000,0x0000000711669cb0,0x0000000711f00000)
 PSPermGen       total 37696K, used 18024K [0x00000006fb400000, 0x00000006fd8d0000, 0x0000000700600000)
  object space 37696K, 47% used [0x00000006fb400000,0x00000006fc59a2c8,0x00000006fd8d0000)
Event: 12.365 GC heap after
Heap after GC invocations=15 (full 5):
 PSYoungGen      total 335360K, used 0K [0x00000007aacb0000, 0x00000007c24e0000, 0x0000000800000000)
  eden space 293184K, 0% used [0x00000007aacb0000,0x00000007aacb0000,0x00000007bcb00000)
  from space 42176K, 0% used [0x00000007bfbb0000,0x00000007bfbb0000,0x00000007c24e0000)
  to   space 46016K, 0% used [0x00000007bcb00000,0x00000007bcb00000,0x00000007bf7f0000)
 ParOldGen       total 372672K, used 46063K [0x0000000700600000, 0x00000007171f0000, 0x00000007aacb0000)
  object space 372672K, 12% used [0x0000000700600000,0x00000007032fbc28,0x00000007171f0000)
 PSPermGen       total 35520K, used 18024K [0x00000006fb400000, 0x00000006fd6b0000, 0x0000000700600000)
  object space 35520K, 50% used [0x00000006fb400000,0x00000006fc59a2c8,0x00000006fd6b0000)
}
Event: 13.053 GC heap before
{Heap before GC invocations=16 (full 5):
 PSYoungGen      total 335360K, used 293184K [0x00000007aacb0000, 0x00000007c24e0000, 0x0000000800000000)
  eden space 293184K, 100% used [0x00000007aacb0000,0x00000007bcb00000,0x00000007bcb00000)
  from space 42176K, 0% used [0x00000007bfbb0000,0x00000007bfbb0000,0x00000007c24e0000)
  to   space 46016K, 0% used [0x00000007bcb00000,0x00000007bcb00000,0x00000007bf7f0000)
 ParOldGen       total 372672K, used 129877K [0x0000000700600000, 0x00000007171f0000, 0x00000007aacb0000)
  object space 372672K, 34% used [0x0000000700600000,0x00000007084d5448,0x00000007171f0000)
 PSPermGen       total 35520K, used 18025K [0x00000006fb400000, 0x00000006fd6b0000, 0x0000000700600000)
  object space 35520K, 50% used [0x00000006fb400000,0x00000006fc59a5c8,0x00000006fd6b0000)
Event: 13.054 GC heap after
Heap after GC invocations=16 (full 5):
 PSYoungGen      total 339200K, used 192K [0x00000007aacb0000, 0x00000007c6430000, 0x0000000800000000)
  eden space 293184K, 0% used [0x00000007aacb0000,0x00000007aacb0000,0x00000007bcb00000)
  from space 46016K, 0% used [0x00000007bcb00000,0x00000007bcb30000,0x00000007bf7f0000)
  to   space 47168K, 0% used [0x00000007c3620000,0x00000007c3620000,0x00000007c6430000)
 ParOldGen       total 372672K, used 129877K [0x0000000700600000, 0x00000007171f0000, 0x00000007aacb0000)
  object space 372672K, 34% used [0x0000000700600000,0x00000007084d5448,0x00000007171f0000)
 PSPermGen       total 35520K, used 18025K [0x00000006fb400000, 0x00000006fd6b0000, 0x0000000700600000)
  object space 35520K, 50% used [0x00000006fb400000,0x00000006fc59a5c8,0x00000006fd6b0000)
}
Event: 13.669 GC heap before
{Heap before GC invocations=17 (full 5):
 PSYoungGen      total 339200K, used 289779K [0x00000007aacb0000, 0x00000007c6430000, 0x0000000800000000)
  eden space 293184K, 98% used [0x00000007aacb0000,0x00000007bc77cfd8,0x00000007bcb00000)
  from space 46016K, 0% used [0x00000007bcb00000,0x00000007bcb30000,0x00000007bf7f0000)
  to   space 47168K, 0% used [0x00000007c3620000,0x00000007c3620000,0x00000007c6430000)
 ParOldGen       total 372672K, used 142027K [0x0000000700600000, 0x00000007171f0000, 0x00000007aacb0000)
  object space 372672K, 38% used [0x0000000700600000,0x00000007090b2c68,0x00000007171f0000)
 PSPermGen       total 35520K, used 18030K [0x00000006fb400000, 0x00000006fd6b0000, 0x0000000700600000)
  object space 35520K, 50% used [0x00000006fb400000,0x00000006fc59bb68,0x00000006fd6b0000)
Event: 13.673 GC heap after
Heap after GC invocations=17 (full 5):
 PSYoungGen      total 389312K, used 10672K [0x00000007aacb0000, 0x00000007c5c50000, 0x0000000800000000)
  eden space 350208K, 0% used [0x00000007aacb0000,0x00000007aacb0000,0x00000007c02b0000)
  from space 39104K, 27% used [0x00000007c3620000,0x00000007c408c1a8,0x00000007c5c50000)
  to   space 45888K, 0% used [0x00000007c02b0000,0x00000007c02b0000,0x00000007c2f80000)
 ParOldGen       total 372672K, used 142027K [0x0000000700600000, 0x00000007171f0000, 0x00000007aacb0000)
  object space 372672K, 38% used [0x0000000700600000,0x00000007090b2c68,0x00000007171f0000)
 PSPermGen       total 35520K, used 18030K [0x00000006fb400000, 0x00000006fd6b0000, 0x0000000700600000)
  object space 35520K, 50% used [0x00000006fb400000,0x00000006fc59bb68,0x00000006fd6b0000)
}
Event: 14.520 GC heap before
{Heap before GC invocations=18 (full 5):
 PSYoungGen      total 389312K, used 360880K [0x00000007aacb0000, 0x00000007c5c50000, 0x0000000800000000)
  eden space 350208K, 100% used [0x00000007aacb0000,0x00000007c02b0000,0x00000007c02b0000)
  from space 39104K, 27% used [0x00000007c3620000,0x00000007c408c1a8,0x00000007c5c50000)
  to   space 45888K, 0% used [0x00000007c02b0000,0x00000007c02b0000,0x00000007c2f80000)
 ParOldGen       total 372672K, used 253987K [0x0000000700600000, 0x00000007171f0000, 0x00000007aacb0000)
  object space 372672K, 68% used [0x0000000700600000,0x000000070fe08fe0,0x00000007171f0000)
 PSPermGen       total 35520K, used 18036K [0x00000006fb400000, 0x00000006fd6b0000, 0x0000000700600000)
  object space 35520K, 50% used [0x00000006fb400000,0x00000006fc59d3b0,0x00000006fd6b0000)
Event: 14.521 GC heap after
Heap after GC invocations=18 (full 5):
 PSYoungGen      total 396096K, used 256K [0x00000007aacb0000, 0x00000007c94d0000, 0x0000000800000000)
  eden space 350208K, 0% used [0x00000007aacb0000,0x00000007aacb0000,0x00000007c02b0000)
  from space 45888K, 0% used [0x00000007c02b0000,0x00000007c02f0000,0x00000007c2f80000)
  to   space 46272K, 0% used [0x00000007c67a0000,0x00000007c67a0000,0x00000007c94d0000)
 ParOldGen       total 372672K, used 253987K [0x0000000700600000, 0x00000007171f0000, 0x00000007aacb0000)
  object space 372672K, 68% used [0x0000000700600000,0x000000070fe08fe0,0x00000007171f0000)
 PSPermGen       total 35520K, used 18036K [0x00000006fb400000, 0x00000006fd6b0000, 0x0000000700600000)
  object space 35520K, 50% used [0x00000006fb400000,0x00000006fc59d3b0,0x00000006fd6b0000)
}

