# JRE version: 7.0_07-b11
# Java VM: Java HotSpot(TM) 64-Bit Server VM (23.3-b01 mixed mode windows-amd64 compressed oops)
Heap
 PSYoungGen      total 1065728K, used 720187K [0x00000007aacb0000, 0x00000007f2fe0000, 0x0000000800000000)
  eden space 994752K, 65% used [0x00000007aacb0000,0x00000007d26d0e80,0x00000007e7820000)
  from space 70976K, 99% used [0x00000007ec680000,0x00000007f0bae080,0x00000007f0bd0000)
  to   space 80256K, 0% used [0x00000007e7820000,0x00000007e7820000,0x00000007ec680000)
 ParOldGen       total 482624K, used 35132K [0x0000000700600000, 0x000000071dd50000, 0x00000007aacb0000)
  object space 482624K, 7% used [0x0000000700600000,0x000000070284f230,0x000000071dd50000)
 PSPermGen       total 30976K, used 18205K [0x00000006fb400000, 0x00000006fd240000, 0x0000000700600000)
  object space 30976K, 58% used [0x00000006fb400000,0x00000006fc5c77a0,0x00000006fd240000)
GC Heap History (10 events):
Event: 48.387 GC heap before
{Heap before GC invocations=44 (full 7):
 PSYoungGen      total 943296K, used 896683K [0x00000007aacb0000, 0x00000007e8cd0000, 0x0000000800000000)
  eden space 880512K, 99% used [0x00000007aacb0000,0x00000007e07a2810,0x00000007e0890000)
  from space 62784K, 27% used [0x00000007e4f80000,0x00000007e60386d0,0x00000007e8cd0000)
  to   space 67712K, 0% used [0x00000007e0890000,0x00000007e0890000,0x00000007e4ab0000)
 ParOldGen       total 428032K, used 150307K [0x0000000700600000, 0x000000071a800000, 0x00000007aacb0000)
  object space 428032K, 35% used [0x0000000700600000,0x00000007098c8e28,0x000000071a800000)
 PSPermGen       total 32640K, used 18158K [0x00000006fb400000, 0x00000006fd3e0000, 0x0000000700600000)
  object space 32640K, 55% used [0x00000006fb400000,0x00000006fc5bba60,0x00000006fd3e0000)
Event: 48.393 GC heap after
Heap after GC invocations=44 (full 7):
 PSYoungGen      total 948224K, used 39802K [0x00000007aacb0000, 0x00000007ec270000, 0x0000000800000000)
  eden space 880512K, 0% used [0x00000007aacb0000,0x00000007aacb0000,0x00000007e0890000)
  from space 67712K, 58% used [0x00000007e0890000,0x00000007e2f6e9b8,0x00000007e4ab0000)
  to   space 66496K, 0% used [0x00000007e8180000,0x00000007e8180000,0x00000007ec270000)
 ParOldGen       total 428032K, used 150307K [0x0000000700600000, 0x000000071a800000, 0x00000007aacb0000)
  object space 428032K, 35% used [0x0000000700600000,0x00000007098c8e28,0x000000071a800000)
 PSPermGen       total 32640K, used 18158K [0x00000006fb400000, 0x00000006fd3e0000, 0x0000000700600000)
  object space 32640K, 55% used [0x00000006fb400000,0x00000006fc5bba60,0x00000006fd3e0000)
}
Event: 50.309 GC heap before
{Heap before GC invocations=45 (full 7):
 PSYoungGen      total 948224K, used 915915K [0x00000007aacb0000, 0x00000007ec270000, 0x0000000800000000)
  eden space 880512K, 99% used [0x00000007aacb0000,0x00000007e04445b0,0x00000007e0890000)
  from space 67712K, 58% used [0x00000007e0890000,0x00000007e2f6e9b8,0x00000007e4ab0000)
  to   space 66496K, 0% used [0x00000007e8180000,0x00000007e8180000,0x00000007ec270000)
 ParOldGen       total 428032K, used 156382K [0x0000000700600000, 0x000000071a800000, 0x00000007aacb0000)
  object space 428032K, 36% used [0x0000000700600000,0x0000000709eb7a38,0x000000071a800000)
 PSPermGen       total 32640K, used 18159K [0x00000006fb400000, 0x00000006fd3e0000, 0x0000000700600000)
  object space 32640K, 55% used [0x00000006fb400000,0x00000006fc5bbef0,0x00000006fd3e0000)
Event: 50.315 GC heap after
Heap after GC invocations=45 (full 7):
 PSYoungGen      total 999488K, used 27858K [0x00000007aacb0000, 0x00000007ebe10000, 0x0000000800000000)
  eden space 937472K, 0% used [0x00000007aacb0000,0x00000007aacb0000,0x00000007e4030000)
  from space 62016K, 44% used [0x00000007e8180000,0x00000007e9cb49b8,0x00000007ebe10000)
  to   space 64448K, 0% used [0x00000007e4030000,0x00000007e4030000,0x00000007e7f20000)
 ParOldGen       total 428032K, used 156382K [0x0000000700600000, 0x000000071a800000, 0x00000007aacb0000)
  object space 428032K, 36% used [0x0000000700600000,0x0000000709eb7a38,0x000000071a800000)
 PSPermGen       total 32640K, used 18159K [0x00000006fb400000, 0x00000006fd3e0000, 0x0000000700600000)
  object space 32640K, 55% used [0x00000006fb400000,0x00000006fc5bbef0,0x00000006fd3e0000)
}
Event: 53.038 GC heap before
{Heap before GC invocations=46 (full 8):
 PSYoungGen      total 999488K, used 965322K [0x00000007aacb0000, 0x00000007ebe10000, 0x0000000800000000)
  eden space 937472K, 99% used [0x00000007aacb0000,0x00000007e402df00,0x00000007e4030000)
  from space 62016K, 44% used [0x00000007e8180000,0x00000007e9cb49b8,0x00000007ebe10000)
  to   space 64448K, 0% used [0x00000007e4030000,0x00000007e4030000,0x00000007e7f20000)
 ParOldGen       total 428032K, used 426535K [0x0000000700600000, 0x000000071a800000, 0x00000007aacb0000)
  object space 428032K, 99% used [0x0000000700600000,0x000000071a689c40,0x000000071a800000)
 PSPermGen       total 32640K, used 18159K [0x00000006fb400000, 0x00000006fd3e0000, 0x0000000700600000)
  object space 32640K, 55% used [0x00000006fb400000,0x00000006fc5bbf98,0x00000006fd3e0000)
Event: 53.068 GC heap after
Heap after GC invocations=46 (full 8):
 PSYoungGen      total 999488K, used 0K [0x00000007aacb0000, 0x00000007ebe10000, 0x0000000800000000)
  eden space 937472K, 0% used [0x00000007aacb0000,0x00000007aacb0000,0x00000007e4030000)
  from space 62016K, 0% used [0x00000007e8180000,0x00000007e8180000,0x00000007ebe10000)
  to   space 64448K, 0% used [0x00000007e4030000,0x00000007e4030000,0x00000007e7f20000)
 ParOldGen       total 482624K, used 35132K [0x0000000700600000, 0x000000071dd50000, 0x00000007aacb0000)
  object space 482624K, 7% used [0x0000000700600000,0x000000070284f230,0x000000071dd50000)
 PSPermGen       total 30976K, used 18159K [0x00000006fb400000, 0x00000006fd240000, 0x0000000700600000)
  object space 30976K, 58% used [0x00000006fb400000,0x00000006fc5bbf18,0x00000006fd240000)
}
Event: 55.119 GC heap before
{Heap before GC invocations=47 (full 8):
 PSYoungGen      total 999488K, used 932547K [0x00000007aacb0000, 0x00000007ebe10000, 0x0000000800000000)
  eden space 937472K, 99% used [0x00000007aacb0000,0x00000007e3b60c88,0x00000007e4030000)
  from space 62016K, 0% used [0x00000007e8180000,0x00000007e8180000,0x00000007ebe10000)
  to   space 64448K, 0% used [0x00000007e4030000,0x00000007e4030000,0x00000007e7f20000)
 ParOldGen       total 482624K, used 35132K [0x0000000700600000, 0x000000071dd50000, 0x00000007aacb0000)
  object space 482624K, 7% used [0x0000000700600000,0x000000070284f230,0x000000071dd50000)
 PSPermGen       total 30976K, used 18162K [0x00000006fb400000, 0x00000006fd240000, 0x0000000700600000)
  object space 30976K, 58% used [0x00000006fb400000,0x00000006fc5bcbf8,0x00000006fd240000)
Event: 55.130 GC heap after
Heap after GC invocations=47 (full 8):
 PSYoungGen      total 1001920K, used 59710K [0x00000007aacb0000, 0x00000007f0bd0000, 0x0000000800000000)
  eden space 937472K, 0% used [0x00000007aacb0000,0x00000007aacb0000,0x00000007e4030000)
  from space 64448K, 92% used [0x00000007e4030000,0x00000007e7a7f860,0x00000007e7f20000)
  to   space 70976K, 0% used [0x00000007ec680000,0x00000007ec680000,0x00000007f0bd0000)
 ParOldGen       total 482624K, used 35132K [0x0000000700600000, 0x000000071dd50000, 0x00000007aacb0000)
  object space 482624K, 7% used [0x0000000700600000,0x000000070284f230,0x000000071dd50000)
 PSPermGen       total 30976K, used 18162K [0x00000006fb400000, 0x00000006fd240000, 0x0000000700600000)
  object space 30976K, 58% used [0x00000006fb400000,0x00000006fc5bcbf8,0x00000006fd240000)
}
Event: 57.194 GC heap before
{Heap before GC invocations=48 (full 8):
 PSYoungGen      total 1001920K, used 996281K [0x00000007aacb0000, 0x00000007f0bd0000, 0x0000000800000000)
  eden space 937472K, 99% used [0x00000007aacb0000,0x00000007e3f4ef38,0x00000007e4030000)
  from space 64448K, 92% used [0x00000007e4030000,0x00000007e7a7f860,0x00000007e7f20000)
  to   space 70976K, 0% used [0x00000007ec680000,0x00000007ec680000,0x00000007f0bd0000)
 ParOldGen       total 482624K, used 35132K [0x0000000700600000, 0x000000071dd50000, 0x00000007aacb0000)
  object space 482624K, 7% used [0x0000000700600000,0x000000070284f230,0x000000071dd50000)
 PSPermGen       total 30976K, used 18168K [0x00000006fb400000, 0x00000006fd240000, 0x0000000700600000)
  object space 30976K, 58% used [0x00000006fb400000,0x00000006fc5be240,0x00000006fd240000)
Event: 57.212 GC heap after
Heap after GC invocations=48 (full 8):
 PSYoungGen      total 1065728K, used 70840K [0x00000007aacb0000, 0x00000007f2fe0000, 0x0000000800000000)
  eden space 994752K, 0% used [0x00000007aacb0000,0x00000007aacb0000,0x00000007e7820000)
  from space 70976K, 99% used [0x00000007ec680000,0x00000007f0bae080,0x00000007f0bd0000)
  to   space 80256K, 0% used [0x00000007e7820000,0x00000007e7820000,0x00000007ec680000)
 ParOldGen       total 482624K, used 35132K [0x0000000700600000, 0x000000071dd50000, 0x00000007aacb0000)
  object space 482624K, 7% used [0x0000000700600000,0x000000070284f230,0x000000071dd50000)
 PSPermGen       total 30976K, used 18168K [0x00000006fb400000, 0x00000006fd240000, 0x0000000700600000)
  object space 30976K, 58% used [0x00000006fb400000,0x00000006fc5be240,0x00000006fd240000)
}

