# JRE version: 7.0_07-b11
# Java VM: Java HotSpot(TM) 64-Bit Server VM (23.3-b01 mixed mode windows-amd64 compressed oops)
Heap
 PSYoungGen      total 1108416K, used 880975K [0x00000007aacb0000, 0x00000007ff810000, 0x0000000800000000)
  eden space 1068032K, 79% used [0x00000007aacb0000,0x00000007de6b6988,0x00000007ebfb0000)
  from space 40384K, 86% used [0x00000007ebfb0000,0x00000007ee1fd350,0x00000007ee720000)
  to   space 42432K, 0% used [0x00000007fcea0000,0x00000007fcea0000,0x00000007ff810000)
 ParOldGen       total 245952K, used 155924K [0x0000000700600000, 0x000000070f630000, 0x00000007aacb0000)
  object space 245952K, 63% used [0x0000000700600000,0x0000000709e45340,0x000000070f630000)
 PSPermGen       total 37568K, used 18131K [0x00000006fb400000, 0x00000006fd8b0000, 0x0000000700600000)
  object space 37568K, 48% used [0x00000006fb400000,0x00000006fc5b4ef8,0x00000006fd8b0000)
GC Heap History (10 events):
Event: 15.247 GC heap before
{Heap before GC invocations=15 (full 4):
 PSYoungGen      total 720832K, used 687700K [0x00000007aacb0000, 0x00000007e4810000, 0x0000000800000000)
  eden space 687488K, 99% used [0x00000007aacb0000,0x00000007d4bf53b8,0x00000007d4c10000)
  from space 33344K, 0% used [0x00000007d4c10000,0x00000007d4c60000,0x00000007d6ca0000)
  to   space 37376K, 0% used [0x00000007e2390000,0x00000007e2390000,0x00000007e4810000)
 ParOldGen       total 269568K, used 269320K [0x0000000700600000, 0x0000000710d40000, 0x00000007aacb0000)
  object space 269568K, 99% used [0x0000000700600000,0x0000000710d02020,0x0000000710d40000)
 PSPermGen       total 39680K, used 18051K [0x00000006fb400000, 0x00000006fdac0000, 0x0000000700600000)
  object space 39680K, 45% used [0x00000006fb400000,0x00000006fc5a0d90,0x00000006fdac0000)
Event: 15.273 GC heap after
Heap after GC invocations=15 (full 4):
 PSYoungGen      total 720832K, used 0K [0x00000007aacb0000, 0x00000007e4810000, 0x0000000800000000)
  eden space 687488K, 0% used [0x00000007aacb0000,0x00000007aacb0000,0x00000007d4c10000)
  from space 33344K, 0% used [0x00000007d4c10000,0x00000007d4c10000,0x00000007d6ca0000)
  to   space 37376K, 0% used [0x00000007e2390000,0x00000007e2390000,0x00000007e4810000)
 ParOldGen       total 245952K, used 22273K [0x0000000700600000, 0x000000070f630000, 0x00000007aacb0000)
  object space 245952K, 9% used [0x0000000700600000,0x0000000701bc0700,0x000000070f630000)
 PSPermGen       total 37568K, used 18051K [0x00000006fb400000, 0x00000006fd8b0000, 0x0000000700600000)
  object space 37568K, 48% used [0x00000006fb400000,0x00000006fc5a0d90,0x00000006fd8b0000)
}
Event: 16.640 GC heap before
{Heap before GC invocations=16 (full 4):
 PSYoungGen      total 720832K, used 685939K [0x00000007aacb0000, 0x00000007e4810000, 0x0000000800000000)
  eden space 687488K, 99% used [0x00000007aacb0000,0x00000007d4a8cd40,0x00000007d4c10000)
  from space 33344K, 0% used [0x00000007d4c10000,0x00000007d4c10000,0x00000007d6ca0000)
  to   space 37376K, 0% used [0x00000007e2390000,0x00000007e2390000,0x00000007e4810000)
 ParOldGen       total 245952K, used 24298K [0x0000000700600000, 0x000000070f630000, 0x00000007aacb0000)
  object space 245952K, 9% used [0x0000000700600000,0x0000000701dbab10,0x000000070f630000)
 PSPermGen       total 37568K, used 18073K [0x00000006fb400000, 0x00000006fd8b0000, 0x0000000700600000)
  object space 37568K, 48% used [0x00000006fb400000,0x00000006fc5a6770,0x00000006fd8b0000)
Event: 16.648 GC heap after
Heap after GC invocations=16 (full 4):
 PSYoungGen      total 902912K, used 29270K [0x00000007aacb0000, 0x00000007e45f0000, 0x0000000800000000)
  eden space 867712K, 0% used [0x00000007aacb0000,0x00000007aacb0000,0x00000007dfc10000)
  from space 35200K, 83% used [0x00000007e2390000,0x00000007e4025be0,0x00000007e45f0000)
  to   space 37824K, 0% used [0x00000007dfc10000,0x00000007dfc10000,0x00000007e2100000)
 ParOldGen       total 245952K, used 24298K [0x0000000700600000, 0x000000070f630000, 0x00000007aacb0000)
  object space 245952K, 9% used [0x0000000700600000,0x0000000701dbab10,0x000000070f630000)
 PSPermGen       total 37568K, used 18073K [0x00000006fb400000, 0x00000006fd8b0000, 0x0000000700600000)
  object space 37568K, 48% used [0x00000006fb400000,0x00000006fc5a6770,0x00000006fd8b0000)
}
Event: 18.584 GC heap before
{Heap before GC invocations=17 (full 4):
 PSYoungGen      total 902912K, used 896978K [0x00000007aacb0000, 0x00000007e45f0000, 0x0000000800000000)
  eden space 867712K, 99% used [0x00000007aacb0000,0x00000007dfc0ee90,0x00000007dfc10000)
  from space 35200K, 83% used [0x00000007e2390000,0x00000007e4025be0,0x00000007e45f0000)
  to   space 37824K, 0% used [0x00000007dfc10000,0x00000007dfc10000,0x00000007e2100000)
 ParOldGen       total 245952K, used 131624K [0x0000000700600000, 0x000000070f630000, 0x00000007aacb0000)
  object space 245952K, 53% used [0x0000000700600000,0x000000070868a300,0x000000070f630000)
 PSPermGen       total 37568K, used 18079K [0x00000006fb400000, 0x00000006fd8b0000, 0x0000000700600000)
  object space 37568K, 48% used [0x00000006fb400000,0x00000006fc5a7d90,0x00000006fd8b0000)
Event: 18.590 GC heap after
Heap after GC invocations=17 (full 4):
 PSYoungGen      total 905536K, used 18924K [0x00000007aacb0000, 0x00000007f0cc0000, 0x0000000800000000)
  eden space 867712K, 0% used [0x00000007aacb0000,0x00000007aacb0000,0x00000007dfc10000)
  from space 37824K, 50% used [0x00000007dfc10000,0x00000007e0e8b320,0x00000007e2100000)
  to   space 37632K, 0% used [0x00000007ee800000,0x00000007ee800000,0x00000007f0cc0000)
 ParOldGen       total 245952K, used 131624K [0x0000000700600000, 0x000000070f630000, 0x00000007aacb0000)
  object space 245952K, 53% used [0x0000000700600000,0x000000070868a300,0x000000070f630000)
 PSPermGen       total 37568K, used 18079K [0x00000006fb400000, 0x00000006fd8b0000, 0x0000000700600000)
  object space 37568K, 48% used [0x00000006fb400000,0x00000006fc5a7d90,0x00000006fd8b0000)
}
Event: 20.244 GC heap before
{Heap before GC invocations=18 (full 4):
 PSYoungGen      total 905536K, used 883586K [0x00000007aacb0000, 0x00000007f0cc0000, 0x0000000800000000)
  eden space 867712K, 99% used [0x00000007aacb0000,0x00000007df915578,0x00000007dfc10000)
  from space 37824K, 50% used [0x00000007dfc10000,0x00000007e0e8b320,0x00000007e2100000)
  to   space 37632K, 0% used [0x00000007ee800000,0x00000007ee800000,0x00000007f0cc0000)
 ParOldGen       total 245952K, used 131624K [0x0000000700600000, 0x000000070f630000, 0x00000007aacb0000)
  object space 245952K, 53% used [0x0000000700600000,0x000000070868a300,0x000000070f630000)
 PSPermGen       total 37568K, used 18081K [0x00000006fb400000, 0x00000006fd8b0000, 0x0000000700600000)
  object space 37568K, 48% used [0x00000006fb400000,0x00000006fc5a8790,0x00000006fd8b0000)
Event: 20.255 GC heap after
Heap after GC invocations=18 (full 4):
 PSYoungGen      total 1105664K, used 35504K [0x00000007aacb0000, 0x00000007f0e90000, 0x0000000800000000)
  eden space 1068032K, 0% used [0x00000007aacb0000,0x00000007aacb0000,0x00000007ebfb0000)
  from space 37632K, 94% used [0x00000007ee800000,0x00000007f0aac260,0x00000007f0cc0000)
  to   space 40384K, 0% used [0x00000007ebfb0000,0x00000007ebfb0000,0x00000007ee720000)
 ParOldGen       total 245952K, used 149849K [0x0000000700600000, 0x000000070f630000, 0x00000007aacb0000)
  object space 245952K, 60% used [0x0000000700600000,0x0000000709856730,0x000000070f630000)
 PSPermGen       total 37568K, used 18081K [0x00000006fb400000, 0x00000006fd8b0000, 0x0000000700600000)
  object space 37568K, 48% used [0x00000006fb400000,0x00000006fc5a8790,0x00000006fd8b0000)
}
Event: 22.278 GC heap before
{Heap before GC invocations=19 (full 4):
 PSYoungGen      total 1105664K, used 1102307K [0x00000007aacb0000, 0x00000007f0e90000, 0x0000000800000000)
  eden space 1068032K, 99% used [0x00000007aacb0000,0x00000007ebe7ccb0,0x00000007ebfb0000)
  from space 37632K, 94% used [0x00000007ee800000,0x00000007f0aac260,0x00000007f0cc0000)
  to   space 40384K, 0% used [0x00000007ebfb0000,0x00000007ebfb0000,0x00000007ee720000)
 ParOldGen       total 245952K, used 149849K [0x0000000700600000, 0x000000070f630000, 0x00000007aacb0000)
  object space 245952K, 60% used [0x0000000700600000,0x0000000709856730,0x000000070f630000)
 PSPermGen       total 37568K, used 18085K [0x00000006fb400000, 0x00000006fd8b0000, 0x0000000700600000)
  object space 37568K, 48% used [0x00000006fb400000,0x00000006fc5a9730,0x00000006fd8b0000)
Event: 22.288 GC heap after
Heap after GC invocations=19 (full 4):
 PSYoungGen      total 1108416K, used 35124K [0x00000007aacb0000, 0x00000007ff810000, 0x0000000800000000)
  eden space 1068032K, 0% used [0x00000007aacb0000,0x00000007aacb0000,0x00000007ebfb0000)
  from space 40384K, 86% used [0x00000007ebfb0000,0x00000007ee1fd350,0x00000007ee720000)
  to   space 42432K, 0% used [0x00000007fcea0000,0x00000007fcea0000,0x00000007ff810000)
 ParOldGen       total 245952K, used 155924K [0x0000000700600000, 0x000000070f630000, 0x00000007aacb0000)
  object space 245952K, 63% used [0x0000000700600000,0x0000000709e45340,0x000000070f630000)
 PSPermGen       total 37568K, used 18085K [0x00000006fb400000, 0x00000006fd8b0000, 0x0000000700600000)
  object space 37568K, 48% used [0x00000006fb400000,0x00000006fc5a9730,0x00000006fd8b0000)
}

