# JRE version: 7.0_07-b11
# Java VM: Java HotSpot(TM) 64-Bit Server VM (23.3-b01 mixed mode windows-amd64 compressed oops)
Heap
 PSYoungGen      total 734400K, used 714799K [0x00000007aacb0000, 0x00000007da540000, 0x0000000800000000)
  eden space 717376K, 97% used [0x00000007aacb0000,0x00000007d5b34a18,0x00000007d6940000)
  from space 17024K, 69% used [0x00000007d94a0000,0x00000007da0273c0,0x00000007da540000)
  to   space 30720K, 0% used [0x00000007d6940000,0x00000007d6940000,0x00000007d8740000)
 ParOldGen       total 129408K, used 34658K [0x0000000700600000, 0x0000000708460000, 0x00000007aacb0000)
  object space 129408K, 26% used [0x0000000700600000,0x00000007027d88f0,0x0000000708460000)
 PSPermGen       total 36608K, used 18145K [0x00000006fb400000, 0x00000006fd7c0000, 0x0000000700600000)
  object space 36608K, 49% used [0x00000006fb400000,0x00000006fc5b8630,0x00000006fd7c0000)
GC Heap History (10 events):
Event: 4.939 GC heap before
{Heap before GC invocations=7 (full 0):
 PSYoungGen      total 282112K, used 279469K [0x00000007aacb0000, 0x00000007be2b0000, 0x0000000800000000)
  eden space 258112K, 98% used [0x00000007aacb0000,0x00000007ba633488,0x00000007ba8c0000)
  from space 24000K, 99% used [0x00000007bc3e0000,0x00000007bdb48210,0x00000007bdb50000)
  to   space 27776K, 0% used [0x00000007ba8c0000,0x00000007ba8c0000,0x00000007bc3e0000)
 ParOldGen       total 174528K, used 70172K [0x0000000700600000, 0x000000070b070000, 0x00000007aacb0000)
  object space 174528K, 40% used [0x0000000700600000,0x0000000704a87048,0x000000070b070000)
 PSPermGen       total 21248K, used 18024K [0x00000006fb400000, 0x00000006fc8c0000, 0x0000000700600000)
  object space 21248K, 84% used [0x00000006fb400000,0x00000006fc59a2b0,0x00000006fc8c0000)
Event: 4.957 GC heap after
Heap after GC invocations=7 (full 0):
 PSYoungGen      total 285888K, used 27442K [0x00000007aacb0000, 0x00000007cdcf0000, 0x0000000800000000)
  eden space 258112K, 0% used [0x00000007aacb0000,0x00000007aacb0000,0x00000007ba8c0000)
  from space 27776K, 98% used [0x00000007ba8c0000,0x00000007bc38c890,0x00000007bc3e0000)
  to   space 28736K, 0% used [0x00000007cc0e0000,0x00000007cc0e0000,0x00000007cdcf0000)
 ParOldGen       total 174528K, used 106523K [0x0000000700600000, 0x000000070b070000, 0x00000007aacb0000)
  object space 174528K, 61% used [0x0000000700600000,0x0000000706e06d58,0x000000070b070000)
 PSPermGen       total 21248K, used 18024K [0x00000006fb400000, 0x00000006fc8c0000, 0x0000000700600000)
  object space 21248K, 84% used [0x00000006fb400000,0x00000006fc59a2b0,0x00000006fc8c0000)
}
Event: 5.464 GC heap before
{Heap before GC invocations=8 (full 0):
 PSYoungGen      total 285888K, used 281420K [0x00000007aacb0000, 0x00000007cdcf0000, 0x0000000800000000)
  eden space 258112K, 98% used [0x00000007aacb0000,0x00000007ba4b6b60,0x00000007ba8c0000)
  from space 27776K, 98% used [0x00000007ba8c0000,0x00000007bc38c890,0x00000007bc3e0000)
  to   space 28736K, 0% used [0x00000007cc0e0000,0x00000007cc0e0000,0x00000007cdcf0000)
 ParOldGen       total 174528K, used 112598K [0x0000000700600000, 0x000000070b070000, 0x00000007aacb0000)
  object space 174528K, 64% used [0x0000000700600000,0x00000007073f5968,0x000000070b070000)
 PSPermGen       total 21248K, used 18026K [0x00000006fb400000, 0x00000006fc8c0000, 0x0000000700600000)
  object space 21248K, 84% used [0x00000006fb400000,0x00000006fc59a8d8,0x00000006fc8c0000)
Event: 5.475 GC heap after
Heap after GC invocations=8 (full 0):
 PSYoungGen      total 544576K, used 26889K [0x00000007aacb0000, 0x00000007cddb0000, 0x0000000800000000)
  eden space 515840K, 0% used [0x00000007aacb0000,0x00000007aacb0000,0x00000007ca470000)
  from space 28736K, 93% used [0x00000007cc0e0000,0x00000007cdb22580,0x00000007cdcf0000)
  to   space 29120K, 0% used [0x00000007ca470000,0x00000007ca470000,0x00000007cc0e0000)
 ParOldGen       total 174528K, used 131289K [0x0000000700600000, 0x000000070b070000, 0x00000007aacb0000)
  object space 174528K, 75% used [0x0000000700600000,0x0000000708636648,0x000000070b070000)
 PSPermGen       total 21248K, used 18026K [0x00000006fb400000, 0x00000006fc8c0000, 0x0000000700600000)
  object space 21248K, 84% used [0x00000006fb400000,0x00000006fc59a8d8,0x00000006fc8c0000)
}
Event: 6.861 GC heap before
{Heap before GC invocations=9 (full 1):
 PSYoungGen      total 544576K, used 542621K [0x00000007aacb0000, 0x00000007cddb0000, 0x0000000800000000)
  eden space 515840K, 99% used [0x00000007aacb0000,0x00000007ca455108,0x00000007ca470000)
  from space 28736K, 93% used [0x00000007cc0e0000,0x00000007cdb22580,0x00000007cdcf0000)
  to   space 29120K, 0% used [0x00000007ca470000,0x00000007ca470000,0x00000007cc0e0000)
 ParOldGen       total 291456K, used 291434K [0x0000000700600000, 0x00000007122a0000, 0x00000007aacb0000)
  object space 291456K, 99% used [0x0000000700600000,0x000000071229a938,0x00000007122a0000)
 PSPermGen       total 21248K, used 18048K [0x00000006fb400000, 0x00000006fc8c0000, 0x0000000700600000)
  object space 21248K, 84% used [0x00000006fb400000,0x00000006fc5a0110,0x00000006fc8c0000)
Event: 6.928 GC heap after
Heap after GC invocations=9 (full 1):
 PSYoungGen      total 544576K, used 0K [0x00000007aacb0000, 0x00000007cddb0000, 0x0000000800000000)
  eden space 515840K, 0% used [0x00000007aacb0000,0x00000007aacb0000,0x00000007ca470000)
  from space 28736K, 0% used [0x00000007cc0e0000,0x00000007cc0e0000,0x00000007cdcf0000)
  to   space 29120K, 0% used [0x00000007ca470000,0x00000007ca470000,0x00000007cc0e0000)
 ParOldGen       total 129408K, used 20483K [0x0000000700600000, 0x0000000708460000, 0x00000007aacb0000)
  object space 129408K, 15% used [0x0000000700600000,0x0000000701a00cc0,0x0000000708460000)
 PSPermGen       total 36608K, used 18041K [0x00000006fb400000, 0x00000006fd7c0000, 0x0000000700600000)
  object space 36608K, 49% used [0x00000006fb400000,0x00000006fc59e658,0x00000006fd7c0000)
}
Event: 7.988 GC heap before
{Heap before GC invocations=10 (full 1):
 PSYoungGen      total 544576K, used 510362K [0x00000007aacb0000, 0x00000007cddb0000, 0x0000000800000000)
  eden space 515840K, 98% used [0x00000007aacb0000,0x00000007c9f168e8,0x00000007ca470000)
  from space 28736K, 0% used [0x00000007cc0e0000,0x00000007cc0e0000,0x00000007cdcf0000)
  to   space 29120K, 0% used [0x00000007ca470000,0x00000007ca470000,0x00000007cc0e0000)
 ParOldGen       total 129408K, used 20483K [0x0000000700600000, 0x0000000708460000, 0x00000007aacb0000)
  object space 129408K, 15% used [0x0000000700600000,0x0000000701a00cc0,0x0000000708460000)
 PSPermGen       total 36608K, used 18084K [0x00000006fb400000, 0x00000006fd7c0000, 0x0000000700600000)
  object space 36608K, 49% used [0x00000006fb400000,0x00000006fc5a9260,0x00000006fd7c0000)
Event: 7.997 GC heap after
Heap after GC invocations=10 (full 1):
 PSYoungGen      total 544960K, used 24873K [0x00000007aacb0000, 0x00000007db0b0000, 0x0000000800000000)
  eden space 515840K, 0% used [0x00000007aacb0000,0x00000007aacb0000,0x00000007ca470000)
  from space 29120K, 85% used [0x00000007ca470000,0x00000007cbcba510,0x00000007cc0e0000)
  to   space 28736K, 0% used [0x00000007d94a0000,0x00000007d94a0000,0x00000007db0b0000)
 ParOldGen       total 129408K, used 32633K [0x0000000700600000, 0x0000000708460000, 0x00000007aacb0000)
  object space 129408K, 25% used [0x0000000700600000,0x00000007025de4e0,0x0000000708460000)
 PSPermGen       total 36608K, used 18084K [0x00000006fb400000, 0x00000006fd7c0000, 0x0000000700600000)
  object space 36608K, 49% used [0x00000006fb400000,0x00000006fc5a9260,0x00000006fd7c0000)
}
Event: 9.112 GC heap before
{Heap before GC invocations=11 (full 1):
 PSYoungGen      total 544960K, used 539844K [0x00000007aacb0000, 0x00000007db0b0000, 0x0000000800000000)
  eden space 515840K, 99% used [0x00000007aacb0000,0x00000007ca396e18,0x00000007ca470000)
  from space 29120K, 85% used [0x00000007ca470000,0x00000007cbcba510,0x00000007cc0e0000)
  to   space 28736K, 0% used [0x00000007d94a0000,0x00000007d94a0000,0x00000007db0b0000)
 ParOldGen       total 129408K, used 34658K [0x0000000700600000, 0x0000000708460000, 0x00000007aacb0000)
  object space 129408K, 26% used [0x0000000700600000,0x00000007027d88f0,0x0000000708460000)
 PSPermGen       total 36608K, used 18110K [0x00000006fb400000, 0x00000006fd7c0000, 0x0000000700600000)
  object space 36608K, 49% used [0x00000006fb400000,0x00000006fc5af968,0x00000006fd7c0000)
Event: 9.115 GC heap after
Heap after GC invocations=11 (full 1):
 PSYoungGen      total 734400K, used 11804K [0x00000007aacb0000, 0x00000007da540000, 0x0000000800000000)
  eden space 717376K, 0% used [0x00000007aacb0000,0x00000007aacb0000,0x00000007d6940000)
  from space 17024K, 69% used [0x00000007d94a0000,0x00000007da0273c0,0x00000007da540000)
  to   space 30720K, 0% used [0x00000007d6940000,0x00000007d6940000,0x00000007d8740000)
 ParOldGen       total 129408K, used 34658K [0x0000000700600000, 0x0000000708460000, 0x00000007aacb0000)
  object space 129408K, 26% used [0x0000000700600000,0x00000007027d88f0,0x0000000708460000)
 PSPermGen       total 36608K, used 18110K [0x00000006fb400000, 0x00000006fd7c0000, 0x0000000700600000)
  object space 36608K, 49% used [0x00000006fb400000,0x00000006fc5af968,0x00000006fd7c0000)
}

