# JRE version: 7.0_07-b11
# Java VM: Java HotSpot(TM) 64-Bit Server VM (23.3-b01 mixed mode windows-amd64 compressed oops)
Heap
 PSYoungGen      total 263744K, used 263682K [0x00000007aacb0000, 0x00000007bf640000, 0x0000000800000000)
  eden space 226944K, 100% used [0x00000007aacb0000,0x00000007b8a50000,0x00000007b8a50000)
  from space 36800K, 99% used [0x00000007bd250000,0x00000007bf630860,0x00000007bf640000)
  to   space 43520K, 0% used [0x00000007ba140000,0x00000007ba140000,0x00000007bcbc0000)
 ParOldGen       total 122688K, used 81923K [0x0000000700600000, 0x0000000707dd0000, 0x00000007aacb0000)
  object space 122688K, 66% used [0x0000000700600000,0x0000000705600dc0,0x0000000707dd0000)
 PSPermGen       total 35648K, used 17697K [0x00000006fb400000, 0x00000006fd6d0000, 0x0000000700600000)
  object space 35648K, 49% used [0x00000006fb400000,0x00000006fc5484f8,0x00000006fd6d0000)
GC Heap History (10 events):
Event: 4.845 GC heap before
{Heap before GC invocations=3 (full 0):
 PSYoungGen      total 76352K, used 73810K [0x00000007aacb0000, 0x00000007b41d0000, 0x0000000800000000)
  eden space 65472K, 96% used [0x00000007aacb0000,0x00000007aea28f20,0x00000007aeca0000)
  from space 10880K, 99% used [0x00000007af740000,0x00000007b01dbb00,0x00000007b01e0000)
  to   space 10880K, 0% used [0x00000007aeca0000,0x00000007aeca0000,0x00000007af740000)
 ParOldGen       total 174528K, used 16844K [0x0000000700600000, 0x000000070b070000, 0x00000007aacb0000)
  object space 174528K, 9% used [0x0000000700600000,0x0000000701673388,0x000000070b070000)
 PSPermGen       total 21248K, used 17621K [0x00000006fb400000, 0x00000006fc8c0000, 0x0000000700600000)
  object space 21248K, 82% used [0x00000006fb400000,0x00000006fc5357a8,0x00000006fc8c0000)
Event: 4.853 GC heap after
Heap after GC invocations=3 (full 0):
 PSYoungGen      total 76352K, used 10878K [0x00000007aacb0000, 0x00000007b41d0000, 0x0000000800000000)
  eden space 65472K, 0% used [0x00000007aacb0000,0x00000007aacb0000,0x00000007aeca0000)
  from space 10880K, 99% used [0x00000007aeca0000,0x00000007af73fb10,0x00000007af740000)
  to   space 10880K, 0% used [0x00000007b3730000,0x00000007b3730000,0x00000007b41d0000)
 ParOldGen       total 174528K, used 35144K [0x0000000700600000, 0x000000070b070000, 0x00000007aacb0000)
  object space 174528K, 20% used [0x0000000700600000,0x00000007028523a8,0x000000070b070000)
 PSPermGen       total 21248K, used 17621K [0x00000006fb400000, 0x00000006fc8c0000, 0x0000000700600000)
  object space 21248K, 82% used [0x00000006fb400000,0x00000006fc5357a8,0x00000006fc8c0000)
}
Event: 5.207 GC heap before
{Heap before GC invocations=4 (full 0):
 PSYoungGen      total 76352K, used 72784K [0x00000007aacb0000, 0x00000007b41d0000, 0x0000000800000000)
  eden space 65472K, 94% used [0x00000007aacb0000,0x00000007ae924770,0x00000007aeca0000)
  from space 10880K, 99% used [0x00000007aeca0000,0x00000007af73fb10,0x00000007af740000)
  to   space 10880K, 0% used [0x00000007b3730000,0x00000007b3730000,0x00000007b41d0000)
 ParOldGen       total 174528K, used 35144K [0x0000000700600000, 0x000000070b070000, 0x00000007aacb0000)
  object space 174528K, 20% used [0x0000000700600000,0x00000007028523a8,0x000000070b070000)
 PSPermGen       total 21248K, used 17623K [0x00000006fb400000, 0x00000006fc8c0000, 0x0000000700600000)
  object space 21248K, 82% used [0x00000006fb400000,0x00000006fc535c20,0x00000006fc8c0000)
Event: 5.214 GC heap after
Heap after GC invocations=4 (full 0):
 PSYoungGen      total 141824K, used 10878K [0x00000007aacb0000, 0x00000007b41d0000, 0x0000000800000000)
  eden space 130944K, 0% used [0x00000007aacb0000,0x00000007aacb0000,0x00000007b2c90000)
  from space 10880K, 99% used [0x00000007b3730000,0x00000007b41cfb10,0x00000007b41d0000)
  to   space 10880K, 0% used [0x00000007b2c90000,0x00000007b2c90000,0x00000007b3730000)
 ParOldGen       total 174528K, used 51974K [0x0000000700600000, 0x000000070b070000, 0x00000007aacb0000)
  object space 174528K, 29% used [0x0000000700600000,0x00000007038c1968,0x000000070b070000)
 PSPermGen       total 21248K, used 17623K [0x00000006fb400000, 0x00000006fc8c0000, 0x0000000700600000)
  object space 21248K, 82% used [0x00000006fb400000,0x00000006fc535c20,0x00000006fc8c0000)
}
Event: 5.918 GC heap before
{Heap before GC invocations=5 (full 0):
 PSYoungGen      total 141824K, used 139973K [0x00000007aacb0000, 0x00000007b41d0000, 0x0000000800000000)
  eden space 130944K, 98% used [0x00000007aacb0000,0x00000007b2ac1b70,0x00000007b2c90000)
  from space 10880K, 99% used [0x00000007b3730000,0x00000007b41cfb10,0x00000007b41d0000)
  to   space 10880K, 0% used [0x00000007b2c90000,0x00000007b2c90000,0x00000007b3730000)
 ParOldGen       total 174528K, used 58049K [0x0000000700600000, 0x000000070b070000, 0x00000007aacb0000)
  object space 174528K, 33% used [0x0000000700600000,0x0000000703eb0578,0x000000070b070000)
 PSPermGen       total 21248K, used 17625K [0x00000006fb400000, 0x00000006fc8c0000, 0x0000000700600000)
  object space 21248K, 82% used [0x00000006fb400000,0x00000006fc5366d8,0x00000006fc8c0000)
Event: 5.927 GC heap after
Heap after GC invocations=5 (full 0):
 PSYoungGen      total 141824K, used 10878K [0x00000007aacb0000, 0x00000007bf830000, 0x0000000800000000)
  eden space 130944K, 0% used [0x00000007aacb0000,0x00000007aacb0000,0x00000007b2c90000)
  from space 10880K, 99% used [0x00000007b2c90000,0x00000007b372fb10,0x00000007b3730000)
  to   space 38784K, 0% used [0x00000007bd250000,0x00000007bd250000,0x00000007bf830000)
 ParOldGen       total 174528K, used 74882K [0x0000000700600000, 0x000000070b070000, 0x00000007aacb0000)
  object space 174528K, 42% used [0x0000000700600000,0x0000000704f20b48,0x000000070b070000)
 PSPermGen       total 21248K, used 17625K [0x00000006fb400000, 0x00000006fc8c0000, 0x0000000700600000)
  object space 21248K, 82% used [0x00000006fb400000,0x00000006fc5366d8,0x00000006fc8c0000)
}
Event: 8.774 GC heap before
{Heap before GC invocations=6 (full 1):
 PSYoungGen      total 141824K, used 140280K [0x00000007aacb0000, 0x00000007bf830000, 0x0000000800000000)
  eden space 130944K, 98% used [0x00000007aacb0000,0x00000007b2b0e588,0x00000007b2c90000)
  from space 10880K, 99% used [0x00000007b2c90000,0x00000007b372fb10,0x00000007b3730000)
  to   space 38784K, 0% used [0x00000007bd250000,0x00000007bd250000,0x00000007bf830000)
 ParOldGen       total 460288K, used 457608K [0x0000000700600000, 0x000000071c780000, 0x00000007aacb0000)
  object space 460288K, 99% used [0x0000000700600000,0x000000071c4e2338,0x000000071c780000)
 PSPermGen       total 21248K, used 17673K [0x00000006fb400000, 0x00000006fc8c0000, 0x0000000700600000)
  object space 21248K, 83% used [0x00000006fb400000,0x00000006fc5426c0,0x00000006fc8c0000)
Event: 8.841 GC heap after
Heap after GC invocations=6 (full 1):
 PSYoungGen      total 141824K, used 0K [0x00000007aacb0000, 0x00000007bf830000, 0x0000000800000000)
  eden space 130944K, 0% used [0x00000007aacb0000,0x00000007aacb0000,0x00000007b2c90000)
  from space 10880K, 0% used [0x00000007b2c90000,0x00000007b2c90000,0x00000007b3730000)
  to   space 38784K, 0% used [0x00000007bd250000,0x00000007bd250000,0x00000007bf830000)
 ParOldGen       total 122688K, used 15098K [0x0000000700600000, 0x0000000707dd0000, 0x00000007aacb0000)
  object space 122688K, 12% used [0x0000000700600000,0x00000007014be898,0x0000000707dd0000)
 PSPermGen       total 35648K, used 17667K [0x00000006fb400000, 0x00000006fd6d0000, 0x0000000700600000)
  object space 35648K, 49% used [0x00000006fb400000,0x00000006fc540ca8,0x00000006fd6d0000)
}
Event: 9.536 GC heap before
{Heap before GC invocations=7 (full 1):
 PSYoungGen      total 141824K, used 128233K [0x00000007aacb0000, 0x00000007bf830000, 0x0000000800000000)
  eden space 130944K, 97% used [0x00000007aacb0000,0x00000007b29ea6b0,0x00000007b2c90000)
  from space 10880K, 0% used [0x00000007b2c90000,0x00000007b2c90000,0x00000007b3730000)
  to   space 38784K, 0% used [0x00000007bd250000,0x00000007bd250000,0x00000007bf830000)
 ParOldGen       total 122688K, used 21173K [0x0000000700600000, 0x0000000707dd0000, 0x00000007aacb0000)
  object space 122688K, 17% used [0x0000000700600000,0x0000000701aad4a8,0x0000000707dd0000)
 PSPermGen       total 35648K, used 17669K [0x00000006fb400000, 0x00000006fd6d0000, 0x0000000700600000)
  object space 35648K, 49% used [0x00000006fb400000,0x00000006fc541488,0x00000006fd6d0000)
Event: 9.545 GC heap after
Heap after GC invocations=7 (full 1):
 PSYoungGen      total 263744K, used 36738K [0x00000007aacb0000, 0x00000007bf640000, 0x0000000800000000)
  eden space 226944K, 0% used [0x00000007aacb0000,0x00000007aacb0000,0x00000007b8a50000)
  from space 36800K, 99% used [0x00000007bd250000,0x00000007bf630860,0x00000007bf640000)
  to   space 43520K, 0% used [0x00000007ba140000,0x00000007ba140000,0x00000007bcbc0000)
 ParOldGen       total 122688K, used 33323K [0x0000000700600000, 0x0000000707dd0000, 0x00000007aacb0000)
  object space 122688K, 27% used [0x0000000700600000,0x000000070268acc8,0x0000000707dd0000)
 PSPermGen       total 35648K, used 17669K [0x00000006fb400000, 0x00000006fd6d0000, 0x0000000700600000)
  object space 35648K, 49% used [0x00000006fb400000,0x00000006fc541488,0x00000006fd6d0000)
}

