# JRE version: 7.0_07-b11
# Java VM: Java HotSpot(TM) 64-Bit Server VM (23.3-b01 mixed mode windows-amd64 compressed oops)
Heap
 PSYoungGen      total 1200384K, used 293255K [0x00000007aacb0000, 0x00000007fc120000, 0x0000000800000000)
  eden space 1175744K, 22% used [0x00000007aacb0000,0x00000007bb306cf8,0x00000007f28e0000)
  from space 24640K, 99% used [0x00000007f5e80000,0x00000007f768b060,0x00000007f7690000)
  to   space 61056K, 0% used [0x00000007f8580000,0x00000007f8580000,0x00000007fc120000)
 ParOldGen       total 562880K, used 246556K [0x0000000700600000, 0x0000000722bb0000, 0x00000007aacb0000)
  object space 562880K, 43% used [0x0000000700600000,0x000000070f6c73d8,0x0000000722bb0000)
 PSPermGen       total 29184K, used 18174K [0x00000006fb400000, 0x00000006fd080000, 0x0000000700600000)
  object space 29184K, 62% used [0x00000006fb400000,0x00000006fc5bf868,0x00000006fd080000)
GC Heap History (10 events):
Event: 64.238 GC heap before
{Heap before GC invocations=48 (full 8):
 PSYoungGen      total 1335360K, used 1309279K [0x00000007aacb0000, 0x0000000800000000, 0x0000000800000000)
  eden space 1274688K, 99% used [0x00000007aacb0000,0x00000007f86f2c88,0x00000007f8980000)
  from space 60672K, 61% used [0x00000007f8980000,0x00000007fadd5090,0x00000007fc4c0000)
  to   space 60416K, 0% used [0x00000007fc500000,0x00000007fc500000,0x0000000800000000)
 ParOldGen       total 504192K, used 378270K [0x0000000700600000, 0x000000071f260000, 0x00000007aacb0000)
  object space 504192K, 75% used [0x0000000700600000,0x0000000717767b18,0x000000071f260000)
 PSPermGen       total 30400K, used 18161K [0x00000006fb400000, 0x00000006fd1b0000, 0x0000000700600000)
  object space 30400K, 59% used [0x00000006fb400000,0x00000006fc5bc468,0x00000006fd1b0000)
Event: 64.248 GC heap after
Heap after GC invocations=48 (full 8):
 PSYoungGen      total 1324352K, used 53647K [0x00000007aacb0000, 0x0000000800000000, 0x0000000800000000)
  eden space 1263936K, 0% used [0x00000007aacb0000,0x00000007aacb0000,0x00000007f7f00000)
  from space 60416K, 88% used [0x00000007fc500000,0x00000007ff963e60,0x0000000800000000)
  to   space 66048K, 0% used [0x00000007f7f00000,0x00000007f7f00000,0x00000007fbf80000)
 ParOldGen       total 504192K, used 378270K [0x0000000700600000, 0x000000071f260000, 0x00000007aacb0000)
  object space 504192K, 75% used [0x0000000700600000,0x0000000717767b18,0x000000071f260000)
 PSPermGen       total 30400K, used 18161K [0x00000006fb400000, 0x00000006fd1b0000, 0x0000000700600000)
  object space 30400K, 59% used [0x00000006fb400000,0x00000006fc5bc468,0x00000006fd1b0000)
}
Event: 66.649 GC heap before
{Heap before GC invocations=49 (full 9):
 PSYoungGen      total 1324352K, used 1317583K [0x00000007aacb0000, 0x0000000800000000, 0x0000000800000000)
  eden space 1263936K, 100% used [0x00000007aacb0000,0x00000007f7f00000,0x00000007f7f00000)
  from space 60416K, 88% used [0x00000007fc500000,0x00000007ff963e60,0x0000000800000000)
  to   space 66048K, 0% used [0x00000007f7f00000,0x00000007f7f00000,0x00000007fbf80000)
 ParOldGen       total 504192K, used 500753K [0x0000000700600000, 0x000000071f260000, 0x00000007aacb0000)
  object space 504192K, 99% used [0x0000000700600000,0x000000071ef04728,0x000000071f260000)
 PSPermGen       total 30400K, used 18163K [0x00000006fb400000, 0x00000006fd1b0000, 0x0000000700600000)
  object space 30400K, 59% used [0x00000006fb400000,0x00000006fc5bce40,0x00000006fd1b0000)
Event: 66.689 GC heap after
Heap after GC invocations=49 (full 9):
 PSYoungGen      total 1324352K, used 0K [0x00000007aacb0000, 0x0000000800000000, 0x0000000800000000)
  eden space 1263936K, 0% used [0x00000007aacb0000,0x00000007aacb0000,0x00000007f7f00000)
  from space 60416K, 0% used [0x00000007fc500000,0x00000007fc500000,0x0000000800000000)
  to   space 66048K, 0% used [0x00000007f7f00000,0x00000007f7f00000,0x00000007fbf80000)
 ParOldGen       total 562880K, used 52062K [0x0000000700600000, 0x0000000722bb0000, 0x00000007aacb0000)
  object space 562880K, 9% used [0x0000000700600000,0x00000007038d7898,0x0000000722bb0000)
 PSPermGen       total 29184K, used 18163K [0x00000006fb400000, 0x00000006fd080000, 0x0000000700600000)
  object space 29184K, 62% used [0x00000006fb400000,0x00000006fc5bcda0,0x00000006fd080000)
}
Event: 68.872 GC heap before
{Heap before GC invocations=50 (full 9):
 PSYoungGen      total 1324352K, used 1260635K [0x00000007aacb0000, 0x0000000800000000, 0x0000000800000000)
  eden space 1263936K, 99% used [0x00000007aacb0000,0x00000007f7bc6ce8,0x00000007f7f00000)
  from space 60416K, 0% used [0x00000007fc500000,0x00000007fc500000,0x0000000800000000)
  to   space 66048K, 0% used [0x00000007f7f00000,0x00000007f7f00000,0x00000007fbf80000)
 ParOldGen       total 562880K, used 58137K [0x0000000700600000, 0x0000000722bb0000, 0x00000007aacb0000)
  object space 562880K, 10% used [0x0000000700600000,0x0000000703ec64a8,0x0000000722bb0000)
 PSPermGen       total 29184K, used 18165K [0x00000006fb400000, 0x00000006fd080000, 0x0000000700600000)
  object space 29184K, 62% used [0x00000006fb400000,0x00000006fc5bd550,0x00000006fd080000)
Event: 68.877 GC heap after
Heap after GC invocations=50 (full 9):
 PSYoungGen      total 1329984K, used 37479K [0x00000007aacb0000, 0x0000000800000000, 0x0000000800000000)
  eden space 1263936K, 0% used [0x00000007aacb0000,0x00000007aacb0000,0x00000007f7f00000)
  from space 66048K, 56% used [0x00000007f7f00000,0x00000007fa399e40,0x00000007fbf80000)
  to   space 64448K, 0% used [0x00000007fc110000,0x00000007fc110000,0x0000000800000000)
 ParOldGen       total 562880K, used 58137K [0x0000000700600000, 0x0000000722bb0000, 0x00000007aacb0000)
  object space 562880K, 10% used [0x0000000700600000,0x0000000703ec64a8,0x0000000722bb0000)
 PSPermGen       total 29184K, used 18165K [0x00000006fb400000, 0x00000006fd080000, 0x0000000700600000)
  object space 29184K, 62% used [0x00000006fb400000,0x00000006fc5bd550,0x00000006fd080000)
}
Event: 71.138 GC heap before
{Heap before GC invocations=51 (full 9):
 PSYoungGen      total 1329984K, used 1301415K [0x00000007aacb0000, 0x0000000800000000, 0x0000000800000000)
  eden space 1263936K, 100% used [0x00000007aacb0000,0x00000007f7f00000,0x00000007f7f00000)
  from space 66048K, 56% used [0x00000007f7f00000,0x00000007fa399e40,0x00000007fbf80000)
  to   space 64448K, 0% used [0x00000007fc110000,0x00000007fc110000,0x0000000800000000)
 ParOldGen       total 562880K, used 112707K [0x0000000700600000, 0x0000000722bb0000, 0x00000007aacb0000)
  object space 562880K, 20% used [0x0000000700600000,0x0000000707410ea8,0x0000000722bb0000)
 PSPermGen       total 29184K, used 18165K [0x00000006fb400000, 0x00000006fd080000, 0x0000000700600000)
  object space 29184K, 62% used [0x00000006fb400000,0x00000006fc5bd550,0x00000006fd080000)
Event: 71.146 GC heap after
Heap after GC invocations=51 (full 9):
 PSYoungGen      total 1243456K, used 24620K [0x00000007aacb0000, 0x00000007fd920000, 0x0000000800000000)
  eden space 1218816K, 0% used [0x00000007aacb0000,0x00000007aacb0000,0x00000007f52f0000)
  from space 24640K, 99% used [0x00000007fc110000,0x00000007fd91b060,0x00000007fd920000)
  to   space 62784K, 0% used [0x00000007f5e80000,0x00000007f5e80000,0x00000007f9bd0000)
 ParOldGen       total 562880K, used 112707K [0x0000000700600000, 0x0000000722bb0000, 0x00000007aacb0000)
  object space 562880K, 20% used [0x0000000700600000,0x0000000707410ea8,0x0000000722bb0000)
 PSPermGen       total 29184K, used 18165K [0x00000006fb400000, 0x00000006fd080000, 0x0000000700600000)
  object space 29184K, 62% used [0x00000006fb400000,0x00000006fc5bd550,0x00000006fd080000)
}
Event: 73.572 GC heap before
{Heap before GC invocations=52 (full 9):
 PSYoungGen      total 1243456K, used 1243436K [0x00000007aacb0000, 0x00000007fd920000, 0x0000000800000000)
  eden space 1218816K, 100% used [0x00000007aacb0000,0x00000007f52f0000,0x00000007f52f0000)
  from space 24640K, 99% used [0x00000007fc110000,0x00000007fd91b060,0x00000007fd920000)
  to   space 62784K, 0% used [0x00000007f5e80000,0x00000007f5e80000,0x00000007f9bd0000)
 ParOldGen       total 562880K, used 246556K [0x0000000700600000, 0x0000000722bb0000, 0x00000007aacb0000)
  object space 562880K, 43% used [0x0000000700600000,0x000000070f6c73d8,0x0000000722bb0000)
 PSPermGen       total 29184K, used 18167K [0x00000006fb400000, 0x00000006fd080000, 0x0000000700600000)
  object space 29184K, 62% used [0x00000006fb400000,0x00000006fc5bdc10,0x00000006fd080000)
Event: 73.578 GC heap after
Heap after GC invocations=52 (full 9):
 PSYoungGen      total 1200384K, used 24620K [0x00000007aacb0000, 0x00000007fc120000, 0x0000000800000000)
  eden space 1175744K, 0% used [0x00000007aacb0000,0x00000007aacb0000,0x00000007f28e0000)
  from space 24640K, 99% used [0x00000007f5e80000,0x00000007f768b060,0x00000007f7690000)
  to   space 61056K, 0% used [0x00000007f8580000,0x00000007f8580000,0x00000007fc120000)
 ParOldGen       total 562880K, used 246556K [0x0000000700600000, 0x0000000722bb0000, 0x00000007aacb0000)
  object space 562880K, 43% used [0x0000000700600000,0x000000070f6c73d8,0x0000000722bb0000)
 PSPermGen       total 29184K, used 18167K [0x00000006fb400000, 0x00000006fd080000, 0x0000000700600000)
  object space 29184K, 62% used [0x00000006fb400000,0x00000006fc5bdc10,0x00000006fd080000)
}

