# JRE version: 7.0_07-b11
# Java VM: Java HotSpot(TM) 64-Bit Server VM (23.3-b01 mixed mode windows-amd64 compressed oops)
Heap
 PSYoungGen      total 458048K, used 426140K [0x00000007aacb0000, 0x00000007d1360000, 0x0000000800000000)
  eden space 439552K, 92% used [0x00000007aacb0000,0x00000007c3ad2ca0,0x00000007c59f0000)
  from space 18496K, 99% used [0x00000007d0150000,0x00000007d1354430,0x00000007d1360000)
  to   space 54144K, 0% used [0x00000007ca9a0000,0x00000007ca9a0000,0x00000007cde80000)
 ParOldGen       total 473280K, used 416110K [0x0000000700600000, 0x000000071d430000, 0x00000007aacb0000)
  object space 473280K, 87% used [0x0000000700600000,0x0000000719c5b9c8,0x000000071d430000)
 PSPermGen       total 23552K, used 17810K [0x00000006fb400000, 0x00000006fcb00000, 0x0000000700600000)
  object space 23552K, 75% used [0x00000006fb400000,0x00000006fc564900,0x00000006fcb00000)
GC Heap History (10 events):
Event: 68.828 GC heap before
{Heap before GC invocations=23 (full 12):
 PSYoungGen      total 525824K, used 474470K [0x00000007aacb0000, 0x00000007d68d0000, 0x0000000800000000)
  eden space 475904K, 99% used [0x00000007aacb0000,0x00000007c7c09a98,0x00000007c7d70000)
  from space 49920K, 0% used [0x00000007c7d70000,0x00000007c7d70000,0x00000007cae30000)
  to   space 50112K, 0% used [0x00000007d37e0000,0x00000007d37e0000,0x00000007d68d0000)
 ParOldGen       total 435712K, used 410031K [0x0000000700600000, 0x000000071af80000, 0x00000007aacb0000)
  object space 435712K, 94% used [0x0000000700600000,0x000000071966bff8,0x000000071af80000)
 PSPermGen       total 25664K, used 17771K [0x00000006fb400000, 0x00000006fcd10000, 0x0000000700600000)
  object space 25664K, 69% used [0x00000006fb400000,0x00000006fc55af00,0x00000006fcd10000)
Event: 68.856 GC heap after
Heap after GC invocations=23 (full 12):
 PSYoungGen      total 525824K, used 0K [0x00000007aacb0000, 0x00000007d68d0000, 0x0000000800000000)
  eden space 475904K, 0% used [0x00000007aacb0000,0x00000007aacb0000,0x00000007c7d70000)
  from space 49920K, 0% used [0x00000007c7d70000,0x00000007c7d70000,0x00000007cae30000)
  to   space 50112K, 0% used [0x00000007d37e0000,0x00000007d37e0000,0x00000007d68d0000)
 ParOldGen       total 478464K, used 21232K [0x0000000700600000, 0x000000071d940000, 0x00000007aacb0000)
  object space 478464K, 4% used [0x0000000700600000,0x0000000701abc220,0x000000071d940000)
 PSPermGen       total 24576K, used 17771K [0x00000006fb400000, 0x00000006fcc00000, 0x0000000700600000)
  object space 24576K, 72% used [0x00000006fb400000,0x00000006fc55af00,0x00000006fcc00000)
}
Event: 73.661 GC heap before
{Heap before GC invocations=24 (full 12):
 PSYoungGen      total 525824K, used 474645K [0x00000007aacb0000, 0x00000007d68d0000, 0x0000000800000000)
  eden space 475904K, 99% used [0x00000007aacb0000,0x00000007c7c35680,0x00000007c7d70000)
  from space 49920K, 0% used [0x00000007c7d70000,0x00000007c7d70000,0x00000007cae30000)
  to   space 50112K, 0% used [0x00000007d37e0000,0x00000007d37e0000,0x00000007d68d0000)
 ParOldGen       total 478464K, used 410033K [0x0000000700600000, 0x000000071d940000, 0x00000007aacb0000)
  object space 478464K, 85% used [0x0000000700600000,0x000000071966c620,0x000000071d940000)
 PSPermGen       total 24576K, used 17776K [0x00000006fb400000, 0x00000006fcc00000, 0x0000000700600000)
  object space 24576K, 72% used [0x00000006fb400000,0x00000006fc55c1e8,0x00000006fcc00000)
Event: 73.663 GC heap after
Heap after GC invocations=24 (full 12):
 PSYoungGen      total 463680K, used 224K [0x00000007aacb0000, 0x00000007d3820000, 0x0000000800000000)
  eden space 463424K, 0% used [0x00000007aacb0000,0x00000007aacb0000,0x00000007c7140000)
  from space 256K, 87% used [0x00000007d37e0000,0x00000007d3818000,0x00000007d3820000)
  to   space 53632K, 0% used [0x00000007ccf60000,0x00000007ccf60000,0x00000007d03c0000)
 ParOldGen       total 478464K, used 410033K [0x0000000700600000, 0x000000071d940000, 0x00000007aacb0000)
  object space 478464K, 85% used [0x0000000700600000,0x000000071966c620,0x000000071d940000)
 PSPermGen       total 24576K, used 17776K [0x00000006fb400000, 0x00000006fcc00000, 0x0000000700600000)
  object space 24576K, 72% used [0x00000006fb400000,0x00000006fc55c1e8,0x00000006fcc00000)
}
Event: 78.328 GC heap before
{Heap before GC invocations=25 (full 13):
 PSYoungGen      total 463680K, used 462488K [0x00000007aacb0000, 0x00000007d3820000, 0x0000000800000000)
  eden space 463424K, 99% used [0x00000007aacb0000,0x00000007c701e0f8,0x00000007c7140000)
  from space 256K, 87% used [0x00000007d37e0000,0x00000007d3818000,0x00000007d3820000)
  to   space 53632K, 0% used [0x00000007ccf60000,0x00000007ccf60000,0x00000007d03c0000)
 ParOldGen       total 800704K, used 798834K [0x0000000700600000, 0x00000007313f0000, 0x00000007aacb0000)
  object space 800704K, 99% used [0x0000000700600000,0x000000073121ca20,0x00000007313f0000)
 PSPermGen       total 24576K, used 17778K [0x00000006fb400000, 0x00000006fcc00000, 0x0000000700600000)
  object space 24576K, 72% used [0x00000006fb400000,0x00000006fc55caa8,0x00000006fcc00000)
Event: 78.384 GC heap after
Heap after GC invocations=25 (full 13):
 PSYoungGen      total 463680K, used 0K [0x00000007aacb0000, 0x00000007d3820000, 0x0000000800000000)
  eden space 463424K, 0% used [0x00000007aacb0000,0x00000007aacb0000,0x00000007c7140000)
  from space 256K, 0% used [0x00000007d37e0000,0x00000007d37e0000,0x00000007d3820000)
  to   space 53632K, 0% used [0x00000007ccf60000,0x00000007ccf60000,0x00000007d03c0000)
 ParOldGen       total 473280K, used 27309K [0x0000000700600000, 0x000000071d430000, 0x00000007aacb0000)
  object space 473280K, 5% used [0x0000000700600000,0x00000007020ab5c8,0x000000071d430000)
 PSPermGen       total 23552K, used 17778K [0x00000006fb400000, 0x00000006fcb00000, 0x0000000700600000)
  object space 23552K, 75% used [0x00000006fb400000,0x00000006fc55caa8,0x00000006fcb00000)
}
Event: 83.054 GC heap before
{Heap before GC invocations=26 (full 13):
 PSYoungGen      total 463680K, used 462273K [0x00000007aacb0000, 0x00000007d3820000, 0x0000000800000000)
  eden space 463424K, 99% used [0x00000007aacb0000,0x00000007c7020600,0x00000007c7140000)
  from space 256K, 0% used [0x00000007d37e0000,0x00000007d37e0000,0x00000007d3820000)
  to   space 53632K, 0% used [0x00000007ccf60000,0x00000007ccf60000,0x00000007d03c0000)
 ParOldGen       total 473280K, used 410035K [0x0000000700600000, 0x000000071d430000, 0x00000007aacb0000)
  object space 473280K, 86% used [0x0000000700600000,0x000000071966cdb8,0x000000071d430000)
 PSPermGen       total 23552K, used 17783K [0x00000006fb400000, 0x00000006fcb00000, 0x0000000700600000)
  object space 23552K, 75% used [0x00000006fb400000,0x00000006fc55de60,0x00000006fcb00000)
Event: 83.055 GC heap after
Heap after GC invocations=26 (full 13):
 PSYoungGen      total 451520K, used 256K [0x00000007aacb0000, 0x00000007d37f0000, 0x0000000800000000)
  eden space 451264K, 0% used [0x00000007aacb0000,0x00000007aacb0000,0x00000007c6560000)
  from space 256K, 100% used [0x00000007ccf60000,0x00000007ccfa0000,0x00000007ccfa0000)
  to   space 55936K, 0% used [0x00000007d0150000,0x00000007d0150000,0x00000007d37f0000)
 ParOldGen       total 473280K, used 410035K [0x0000000700600000, 0x000000071d430000, 0x00000007aacb0000)
  object space 473280K, 86% used [0x0000000700600000,0x000000071966cdb8,0x000000071d430000)
 PSPermGen       total 23552K, used 17783K [0x00000006fb400000, 0x00000006fcb00000, 0x0000000700600000)
  object space 23552K, 75% used [0x00000006fb400000,0x00000006fc55de60,0x00000006fcb00000)
}
Event: 85.547 GC heap before
{Heap before GC invocations=27 (full 13):
 PSYoungGen      total 451520K, used 450245K [0x00000007aacb0000, 0x00000007d37f0000, 0x0000000800000000)
  eden space 451264K, 99% used [0x00000007aacb0000,0x00000007c64214d8,0x00000007c6560000)
  from space 256K, 100% used [0x00000007ccf60000,0x00000007ccfa0000,0x00000007ccfa0000)
  to   space 55936K, 0% used [0x00000007d0150000,0x00000007d0150000,0x00000007d37f0000)
 ParOldGen       total 473280K, used 416110K [0x0000000700600000, 0x000000071d430000, 0x00000007aacb0000)
  object space 473280K, 87% used [0x0000000700600000,0x0000000719c5b9c8,0x000000071d430000)
 PSPermGen       total 23552K, used 17786K [0x00000006fb400000, 0x00000006fcb00000, 0x0000000700600000)
  object space 23552K, 75% used [0x00000006fb400000,0x00000006fc55e958,0x00000006fcb00000)
Event: 85.553 GC heap after
Heap after GC invocations=27 (full 13):
 PSYoungGen      total 458048K, used 18449K [0x00000007aacb0000, 0x00000007d1360000, 0x0000000800000000)
  eden space 439552K, 0% used [0x00000007aacb0000,0x00000007aacb0000,0x00000007c59f0000)
  from space 18496K, 99% used [0x00000007d0150000,0x00000007d1354430,0x00000007d1360000)
  to   space 54144K, 0% used [0x00000007ca9a0000,0x00000007ca9a0000,0x00000007cde80000)
 ParOldGen       total 473280K, used 416110K [0x0000000700600000, 0x000000071d430000, 0x00000007aacb0000)
  object space 473280K, 87% used [0x0000000700600000,0x0000000719c5b9c8,0x000000071d430000)
 PSPermGen       total 23552K, used 17786K [0x00000006fb400000, 0x00000006fcb00000, 0x0000000700600000)
  object space 23552K, 75% used [0x00000006fb400000,0x00000006fc55e958,0x00000006fcb00000)
}

