# JRE version: 7.0_07-b11
# Java VM: Java HotSpot(TM) 64-Bit Server VM (23.3-b01 mixed mode windows-amd64 compressed oops)
Heap
 PSYoungGen      total 772160K, used 66838K [0x00000007aacb0000, 0x00000007deb60000, 0x0000000800000000)
  eden space 694976K, 6% used [0x00000007aacb0000,0x00000007ad7b65c0,0x00000007d5360000)
  from space 77184K, 29% used [0x00000007da000000,0x00000007db63f540,0x00000007deb60000)
  to   space 77824K, 0% used [0x00000007d5360000,0x00000007d5360000,0x00000007d9f60000)
 ParOldGen       total 417088K, used 53838K [0x0000000700600000, 0x0000000719d50000, 0x00000007aacb0000)
  object space 417088K, 12% used [0x0000000700600000,0x0000000703a93808,0x0000000719d50000)
 PSPermGen       total 33792K, used 18080K [0x00000006fb400000, 0x00000006fd500000, 0x0000000700600000)
  object space 33792K, 53% used [0x00000006fb400000,0x00000006fc5a8280,0x00000006fd500000)
GC Heap History (10 events):
Event: 21.479 GC heap before
{Heap before GC invocations=28 (full 5):
 PSYoungGen      total 640704K, used 635889K [0x00000007aacb0000, 0x00000007d7f80000, 0x0000000800000000)
  eden space 570304K, 99% used [0x00000007aacb0000,0x00000007cd99fff8,0x00000007cd9a0000)
  from space 70400K, 93% used [0x00000007d2610000,0x00000007d661c670,0x00000007d6ad0000)
  to   space 78272K, 0% used [0x00000007cd9a0000,0x00000007cd9a0000,0x00000007d2610000)
 ParOldGen       total 350464K, used 223515K [0x0000000700600000, 0x0000000715c40000, 0x00000007aacb0000)
  object space 350464K, 63% used [0x0000000700600000,0x000000070e046f08,0x0000000715c40000)
 PSPermGen       total 35520K, used 18059K [0x00000006fb400000, 0x00000006fd6b0000, 0x0000000700600000)
  object space 35520K, 50% used [0x00000006fb400000,0x00000006fc5a2e60,0x00000006fd6b0000)
Event: 21.484 GC heap after
Heap after GC invocations=28 (full 5):
 PSYoungGen      total 648576K, used 18481K [0x00000007aacb0000, 0x00000007db6e0000, 0x0000000800000000)
  eden space 570304K, 0% used [0x00000007aacb0000,0x00000007aacb0000,0x00000007cd9a0000)
  from space 78272K, 23% used [0x00000007cd9a0000,0x00000007cebac430,0x00000007d2610000)
  to   space 77504K, 0% used [0x00000007d6b30000,0x00000007d6b30000,0x00000007db6e0000)
 ParOldGen       total 350464K, used 223515K [0x0000000700600000, 0x0000000715c40000, 0x00000007aacb0000)
  object space 350464K, 63% used [0x0000000700600000,0x000000070e046f08,0x0000000715c40000)
 PSPermGen       total 35520K, used 18059K [0x00000006fb400000, 0x00000006fd6b0000, 0x0000000700600000)
  object space 35520K, 50% used [0x00000006fb400000,0x00000006fc5a2e60,0x00000006fd6b0000)
}
Event: 22.634 GC heap before
{Heap before GC invocations=29 (full 5):
 PSYoungGen      total 648576K, used 588782K [0x00000007aacb0000, 0x00000007db6e0000, 0x0000000800000000)
  eden space 570304K, 99% used [0x00000007aacb0000,0x00000007cd99f6f0,0x00000007cd9a0000)
  from space 78272K, 23% used [0x00000007cd9a0000,0x00000007cebac430,0x00000007d2610000)
  to   space 77504K, 0% used [0x00000007d6b30000,0x00000007d6b30000,0x00000007db6e0000)
 ParOldGen       total 350464K, used 223639K [0x0000000700600000, 0x0000000715c40000, 0x00000007aacb0000)
  object space 350464K, 63% used [0x0000000700600000,0x000000070e065d78,0x0000000715c40000)
 PSPermGen       total 35520K, used 18061K [0x00000006fb400000, 0x00000006fd6b0000, 0x0000000700600000)
  object space 35520K, 50% used [0x00000006fb400000,0x00000006fc5a3638,0x00000006fd6b0000)
Event: 22.647 GC heap after
Heap after GC invocations=29 (full 5):
 PSYoungGen      total 715008K, used 58754K [0x00000007aacb0000, 0x00000007dc390000, 0x0000000800000000)
  eden space 637504K, 0% used [0x00000007aacb0000,0x00000007aacb0000,0x00000007d1b40000)
  from space 77504K, 75% used [0x00000007d6b30000,0x00000007da4908c0,0x00000007db6e0000)
  to   space 81856K, 0% used [0x00000007d1b40000,0x00000007d1b40000,0x00000007d6b30000)
 ParOldGen       total 350464K, used 223639K [0x0000000700600000, 0x0000000715c40000, 0x00000007aacb0000)
  object space 350464K, 63% used [0x0000000700600000,0x000000070e065d78,0x0000000715c40000)
 PSPermGen       total 35520K, used 18061K [0x00000006fb400000, 0x00000006fd6b0000, 0x0000000700600000)
  object space 35520K, 50% used [0x00000006fb400000,0x00000006fc5a3638,0x00000006fd6b0000)
}
Event: 24.160 GC heap before
{Heap before GC invocations=30 (full 5):
 PSYoungGen      total 715008K, used 696224K [0x00000007aacb0000, 0x00000007dc390000, 0x0000000800000000)
  eden space 637504K, 99% used [0x00000007aacb0000,0x00000007d1b37ac8,0x00000007d1b40000)
  from space 77504K, 75% used [0x00000007d6b30000,0x00000007da4908c0,0x00000007db6e0000)
  to   space 81856K, 0% used [0x00000007d1b40000,0x00000007d1b40000,0x00000007d6b30000)
 ParOldGen       total 350464K, used 331523K [0x0000000700600000, 0x0000000715c40000, 0x00000007aacb0000)
  object space 350464K, 94% used [0x0000000700600000,0x00000007149c0fd8,0x0000000715c40000)
 PSPermGen       total 35520K, used 18072K [0x00000006fb400000, 0x00000006fd6b0000, 0x0000000700600000)
  object space 35520K, 50% used [0x00000006fb400000,0x00000006fc5a6250,0x00000006fd6b0000)
Event: 24.165 GC heap after
Heap after GC invocations=30 (full 5):
 PSYoungGen      total 719360K, used 24588K [0x00000007aacb0000, 0x00000007dede0000, 0x0000000800000000)
  eden space 637504K, 0% used [0x00000007aacb0000,0x00000007aacb0000,0x00000007d1b40000)
  from space 81856K, 30% used [0x00000007d1b40000,0x00000007d3343060,0x00000007d6b30000)
  to   space 79744K, 0% used [0x00000007da000000,0x00000007da000000,0x00000007dede0000)
 ParOldGen       total 350464K, used 331523K [0x0000000700600000, 0x0000000715c40000, 0x00000007aacb0000)
  object space 350464K, 94% used [0x0000000700600000,0x00000007149c0fd8,0x0000000715c40000)
 PSPermGen       total 35520K, used 18072K [0x00000006fb400000, 0x00000006fd6b0000, 0x0000000700600000)
  object space 35520K, 50% used [0x00000006fb400000,0x00000006fc5a6250,0x00000006fd6b0000)
}
Event: 25.709 GC heap before
{Heap before GC invocations=31 (full 6):
 PSYoungGen      total 719360K, used 662049K [0x00000007aacb0000, 0x00000007dede0000, 0x0000000800000000)
  eden space 637504K, 99% used [0x00000007aacb0000,0x00000007d1b354a0,0x00000007d1b40000)
  from space 81856K, 30% used [0x00000007d1b40000,0x00000007d3343060,0x00000007d6b30000)
  to   space 79744K, 0% used [0x00000007da000000,0x00000007da000000,0x00000007dede0000)
 ParOldGen       total 445056K, used 444989K [0x0000000700600000, 0x000000071b8a0000, 0x00000007aacb0000)
  object space 445056K, 99% used [0x0000000700600000,0x000000071b88f4a8,0x000000071b8a0000)
 PSPermGen       total 35520K, used 18073K [0x00000006fb400000, 0x00000006fd6b0000, 0x0000000700600000)
  object space 35520K, 50% used [0x00000006fb400000,0x00000006fc5a6628,0x00000006fd6b0000)
Event: 25.740 GC heap after
Heap after GC invocations=31 (full 6):
 PSYoungGen      total 719360K, used 0K [0x00000007aacb0000, 0x00000007dede0000, 0x0000000800000000)
  eden space 637504K, 0% used [0x00000007aacb0000,0x00000007aacb0000,0x00000007d1b40000)
  from space 81856K, 0% used [0x00000007d1b40000,0x00000007d1b40000,0x00000007d6b30000)
  to   space 79744K, 0% used [0x00000007da000000,0x00000007da000000,0x00000007dede0000)
 ParOldGen       total 417088K, used 53838K [0x0000000700600000, 0x0000000719d50000, 0x00000007aacb0000)
  object space 417088K, 12% used [0x0000000700600000,0x0000000703a93808,0x0000000719d50000)
 PSPermGen       total 33792K, used 18073K [0x00000006fb400000, 0x00000006fd500000, 0x0000000700600000)
  object space 33792K, 53% used [0x00000006fb400000,0x00000006fc5a6628,0x00000006fd500000)
}
Event: 27.169 GC heap before
{Heap before GC invocations=32 (full 6):
 PSYoungGen      total 719360K, used 637067K [0x00000007aacb0000, 0x00000007dede0000, 0x0000000800000000)
  eden space 637504K, 99% used [0x00000007aacb0000,0x00000007d1ad2ca0,0x00000007d1b40000)
  from space 81856K, 0% used [0x00000007d1b40000,0x00000007d1b40000,0x00000007d6b30000)
  to   space 79744K, 0% used [0x00000007da000000,0x00000007da000000,0x00000007dede0000)
 ParOldGen       total 417088K, used 53838K [0x0000000700600000, 0x0000000719d50000, 0x00000007aacb0000)
  object space 417088K, 12% used [0x0000000700600000,0x0000000703a93808,0x0000000719d50000)
 PSPermGen       total 33792K, used 18080K [0x00000006fb400000, 0x00000006fd500000, 0x0000000700600000)
  object space 33792K, 53% used [0x00000006fb400000,0x00000006fc5a8280,0x00000006fd500000)
Event: 27.174 GC heap after
Heap after GC invocations=32 (full 6):
 PSYoungGen      total 772160K, used 22781K [0x00000007aacb0000, 0x00000007deb60000, 0x0000000800000000)
  eden space 694976K, 0% used [0x00000007aacb0000,0x00000007aacb0000,0x00000007d5360000)
  from space 77184K, 29% used [0x00000007da000000,0x00000007db63f540,0x00000007deb60000)
  to   space 77824K, 0% used [0x00000007d5360000,0x00000007d5360000,0x00000007d9f60000)
 ParOldGen       total 417088K, used 53838K [0x0000000700600000, 0x0000000719d50000, 0x00000007aacb0000)
  object space 417088K, 12% used [0x0000000700600000,0x0000000703a93808,0x0000000719d50000)
 PSPermGen       total 33792K, used 18080K [0x00000006fb400000, 0x00000006fd500000, 0x0000000700600000)
  object space 33792K, 53% used [0x00000006fb400000,0x00000006fc5a8280,0x00000006fd500000)
}

