# JRE version: 7.0_07-b11
# Java VM: Java HotSpot(TM) 64-Bit Server VM (23.3-b01 mixed mode windows-amd64 compressed oops)
Heap
 PSYoungGen      total 291776K, used 258913K [0x00000007aacb0000, 0x00000007ceb90000, 0x0000000800000000)
  eden space 259008K, 99% used [0x00000007aacb0000,0x00000007ba988508,0x00000007ba9a0000)
  from space 32768K, 0% used [0x00000007ba9a0000,0x00000007ba9a0000,0x00000007bc9a0000)
  to   space 35328K, 0% used [0x00000007cc910000,0x00000007cc910000,0x00000007ceb90000)
 ParOldGen       total 193024K, used 191946K [0x0000000700600000, 0x000000070c280000, 0x00000007aacb0000)
  object space 193024K, 99% used [0x0000000700600000,0x000000070c172860,0x000000070c280000)
 PSPermGen       total 40320K, used 17714K [0x00000006fb400000, 0x00000006fdb60000, 0x0000000700600000)
  object space 40320K, 43% used [0x00000006fb400000,0x00000006fc54cbc0,0x00000006fdb60000)
GC Heap History (10 events):
Event: 6.518 GC heap before
{Heap before GC invocations=5 (full 0):
 PSYoungGen      total 141824K, used 140529K [0x00000007aacb0000, 0x00000007b41d0000, 0x0000000800000000)
  eden space 130944K, 99% used [0x00000007aacb0000,0x00000007b2b51950,0x00000007b2c90000)
  from space 10880K, 99% used [0x00000007b3730000,0x00000007b41caac0,0x00000007b41d0000)
  to   space 10880K, 0% used [0x00000007b2c90000,0x00000007b2c90000,0x00000007b3730000)
 ParOldGen       total 174528K, used 41808K [0x0000000700600000, 0x000000070b070000, 0x00000007aacb0000)
  object space 174528K, 23% used [0x0000000700600000,0x0000000702ed40e8,0x000000070b070000)
 PSPermGen       total 21248K, used 17633K [0x00000006fb400000, 0x00000006fc8c0000, 0x0000000700600000)
  object space 21248K, 82% used [0x00000006fb400000,0x00000006fc538418,0x00000006fc8c0000)
Event: 6.525 GC heap after
Heap after GC invocations=5 (full 0):
 PSYoungGen      total 141824K, used 10874K [0x00000007aacb0000, 0x00000007be6d0000, 0x0000000800000000)
  eden space 130944K, 0% used [0x00000007aacb0000,0x00000007aacb0000,0x00000007b2c90000)
  from space 10880K, 99% used [0x00000007b2c90000,0x00000007b372ead0,0x00000007b3730000)
  to   space 29888K, 0% used [0x00000007bc9a0000,0x00000007bc9a0000,0x00000007be6d0000)
 ParOldGen       total 174528K, used 54129K [0x0000000700600000, 0x000000070b070000, 0x00000007aacb0000)
  object space 174528K, 31% used [0x0000000700600000,0x0000000703adc7e8,0x000000070b070000)
 PSPermGen       total 21248K, used 17633K [0x00000006fb400000, 0x00000006fc8c0000, 0x0000000700600000)
  object space 21248K, 82% used [0x00000006fb400000,0x00000006fc538418,0x00000006fc8c0000)
}
Event: 7.254 GC heap before
{Heap before GC invocations=6 (full 0):
 PSYoungGen      total 141824K, used 139577K [0x00000007aacb0000, 0x00000007be6d0000, 0x0000000800000000)
  eden space 130944K, 98% used [0x00000007aacb0000,0x00000007b2a5fc60,0x00000007b2c90000)
  from space 10880K, 99% used [0x00000007b2c90000,0x00000007b372ead0,0x00000007b3730000)
  to   space 29888K, 0% used [0x00000007bc9a0000,0x00000007bc9a0000,0x00000007be6d0000)
 ParOldGen       total 174528K, used 54129K [0x0000000700600000, 0x000000070b070000, 0x00000007aacb0000)
  object space 174528K, 31% used [0x0000000700600000,0x0000000703adc7e8,0x000000070b070000)
 PSPermGen       total 21248K, used 17636K [0x00000006fb400000, 0x00000006fc8c0000, 0x0000000700600000)
  object space 21248K, 83% used [0x00000006fb400000,0x00000006fc539130,0x00000006fc8c0000)
Event: 7.264 GC heap after
Heap after GC invocations=6 (full 0):
 PSYoungGen      total 288896K, used 29163K [0x00000007aacb0000, 0x00000007bec70000, 0x0000000800000000)
  eden space 259008K, 0% used [0x00000007aacb0000,0x00000007aacb0000,0x00000007ba9a0000)
  from space 29888K, 97% used [0x00000007bc9a0000,0x00000007be61af00,0x00000007be6d0000)
  to   space 32768K, 0% used [0x00000007ba9a0000,0x00000007ba9a0000,0x00000007bc9a0000)
 ParOldGen       total 174528K, used 54137K [0x0000000700600000, 0x000000070b070000, 0x00000007aacb0000)
  object space 174528K, 31% used [0x0000000700600000,0x0000000703ade7e8,0x000000070b070000)
 PSPermGen       total 21248K, used 17636K [0x00000006fb400000, 0x00000006fc8c0000, 0x0000000700600000)
  object space 21248K, 83% used [0x00000006fb400000,0x00000006fc539130,0x00000006fc8c0000)
}
Event: 8.796 GC heap before
{Heap before GC invocations=7 (full 0):
 PSYoungGen      total 288896K, used 286272K [0x00000007aacb0000, 0x00000007bec70000, 0x0000000800000000)
  eden space 259008K, 99% used [0x00000007aacb0000,0x00000007ba7c53f8,0x00000007ba9a0000)
  from space 29888K, 97% used [0x00000007bc9a0000,0x00000007be61af00,0x00000007be6d0000)
  to   space 32768K, 0% used [0x00000007ba9a0000,0x00000007ba9a0000,0x00000007bc9a0000)
 ParOldGen       total 174528K, used 60212K [0x0000000700600000, 0x000000070b070000, 0x00000007aacb0000)
  object space 174528K, 34% used [0x0000000700600000,0x00000007040cd3f8,0x000000070b070000)
 PSPermGen       total 21248K, used 17685K [0x00000006fb400000, 0x00000006fc8c0000, 0x0000000700600000)
  object space 21248K, 83% used [0x00000006fb400000,0x00000006fc5457d0,0x00000006fc8c0000)
Event: 8.809 GC heap after
Heap after GC invocations=7 (full 0):
 PSYoungGen      total 291776K, used 30663K [0x00000007aacb0000, 0x00000007ceb90000, 0x0000000800000000)
  eden space 259008K, 0% used [0x00000007aacb0000,0x00000007aacb0000,0x00000007ba9a0000)
  from space 32768K, 93% used [0x00000007ba9a0000,0x00000007bc791c50,0x00000007bc9a0000)
  to   space 35328K, 0% used [0x00000007cc910000,0x00000007cc910000,0x00000007ceb90000)
 ParOldGen       total 174528K, used 77118K [0x0000000700600000, 0x000000070b070000, 0x00000007aacb0000)
  object space 174528K, 44% used [0x0000000700600000,0x000000070514fa78,0x000000070b070000)
 PSPermGen       total 21248K, used 17685K [0x00000006fb400000, 0x00000006fc8c0000, 0x0000000700600000)
  object space 21248K, 83% used [0x00000006fb400000,0x00000006fc5457d0,0x00000006fc8c0000)
}
Event: 12.396 GC heap before
{Heap before GC invocations=8 (full 1):
 PSYoungGen      total 291776K, used 287314K [0x00000007aacb0000, 0x00000007ceb90000, 0x0000000800000000)
  eden space 259008K, 99% used [0x00000007aacb0000,0x00000007ba752e78,0x00000007ba9a0000)
  from space 32768K, 93% used [0x00000007ba9a0000,0x00000007bc791c50,0x00000007bc9a0000)
  to   space 35328K, 0% used [0x00000007cc910000,0x00000007cc910000,0x00000007ceb90000)
 ParOldGen       total 466368K, used 465919K [0x0000000700600000, 0x000000071cd70000, 0x00000007aacb0000)
  object space 466368K, 99% used [0x0000000700600000,0x000000071ccffe78,0x000000071cd70000)
 PSPermGen       total 21248K, used 17689K [0x00000006fb400000, 0x00000006fc8c0000, 0x0000000700600000)
  object space 21248K, 83% used [0x00000006fb400000,0x00000006fc546718,0x00000006fc8c0000)
Event: 12.474 GC heap after
Heap after GC invocations=8 (full 1):
 PSYoungGen      total 291776K, used 0K [0x00000007aacb0000, 0x00000007ceb90000, 0x0000000800000000)
  eden space 259008K, 0% used [0x00000007aacb0000,0x00000007aacb0000,0x00000007ba9a0000)
  from space 32768K, 0% used [0x00000007ba9a0000,0x00000007ba9a0000,0x00000007bc9a0000)
  to   space 35328K, 0% used [0x00000007cc910000,0x00000007cc910000,0x00000007ceb90000)
 ParOldGen       total 134656K, used 27919K [0x0000000700600000, 0x0000000708980000, 0x00000007aacb0000)
  object space 134656K, 20% used [0x0000000700600000,0x0000000702143f70,0x0000000708980000)
 PSPermGen       total 35648K, used 17683K [0x00000006fb400000, 0x00000006fd6d0000, 0x0000000700600000)
  object space 35648K, 49% used [0x00000006fb400000,0x00000006fc544d00,0x00000006fd6d0000)
}
Event: 16.065 GC heap before
{Heap before GC invocations=9 (full 2):
 PSYoungGen      total 291776K, used 256281K [0x00000007aacb0000, 0x00000007ceb90000, 0x0000000800000000)
  eden space 259008K, 98% used [0x00000007aacb0000,0x00000007ba6f6410,0x00000007ba9a0000)
  from space 32768K, 0% used [0x00000007ba9a0000,0x00000007ba9a0000,0x00000007bc9a0000)
  to   space 35328K, 0% used [0x00000007cc910000,0x00000007cc910000,0x00000007ceb90000)
 ParOldGen       total 420416K, used 416720K [0x0000000700600000, 0x000000071a090000, 0x00000007aacb0000)
  object space 420416K, 99% used [0x0000000700600000,0x0000000719cf4370,0x000000071a090000)
 PSPermGen       total 35648K, used 17687K [0x00000006fb400000, 0x00000006fd6d0000, 0x0000000700600000)
  object space 35648K, 49% used [0x00000006fb400000,0x00000006fc545ee8,0x00000006fd6d0000)
Event: 16.109 GC heap after
Heap after GC invocations=9 (full 2):
 PSYoungGen      total 291776K, used 0K [0x00000007aacb0000, 0x00000007ceb90000, 0x0000000800000000)
  eden space 259008K, 0% used [0x00000007aacb0000,0x00000007aacb0000,0x00000007ba9a0000)
  from space 32768K, 0% used [0x00000007ba9a0000,0x00000007ba9a0000,0x00000007bc9a0000)
  to   space 35328K, 0% used [0x00000007cc910000,0x00000007cc910000,0x00000007ceb90000)
 ParOldGen       total 162624K, used 27920K [0x0000000700600000, 0x000000070a4d0000, 0x00000007aacb0000)
  object space 162624K, 17% used [0x0000000700600000,0x00000007021442b0,0x000000070a4d0000)
 PSPermGen       total 40320K, used 17687K [0x00000006fb400000, 0x00000006fdb60000, 0x0000000700600000)
  object space 40320K, 43% used [0x00000006fb400000,0x00000006fc545ee8,0x00000006fdb60000)
}

