# JRE version: 7.0_07-b11
# Java VM: Java HotSpot(TM) 64-Bit Server VM (23.3-b01 mixed mode windows-amd64 compressed oops)
Heap
 PSYoungGen      total 1294784K, used 546139K [0x00000007aacb0000, 0x00000007ffc80000, 0x0000000800000000)
  eden space 1198208K, 40% used [0x00000007aacb0000,0x00000007c8b71f60,0x00000007f3ed0000)
  from space 96576K, 57% used [0x00000007f3ed0000,0x00000007f7564d20,0x00000007f9d20000)
  to   space 97024K, 0% used [0x00000007f9dc0000,0x00000007f9dc0000,0x00000007ffc80000)
 ParOldGen       total 672768K, used 168907K [0x0000000700600000, 0x0000000729700000, 0x00000007aacb0000)
  object space 672768K, 25% used [0x0000000700600000,0x000000070aaf2e38,0x0000000729700000)
 PSPermGen       total 26240K, used 18148K [0x00000006fb400000, 0x00000006fcda0000, 0x0000000700600000)
  object space 26240K, 69% used [0x00000006fb400000,0x00000006fc5b9380,0x00000006fcda0000)
GC Heap History (10 events):
Event: 57.228 GC heap before
{Heap before GC invocations=40 (full 11):
 PSYoungGen      total 1083520K, used 1083260K [0x00000007aacb0000, 0x00000007f7e70000, 0x0000000800000000)
  eden space 1021504K, 99% used [0x00000007aacb0000,0x00000007e920b8c0,0x00000007e9240000)
  from space 62016K, 99% used [0x00000007f41e0000,0x00000007f7e63940,0x00000007f7e70000)
  to   space 79936K, 0% used [0x00000007ee250000,0x00000007ee250000,0x00000007f3060000)
 ParOldGen       total 672768K, used 19140K [0x0000000700600000, 0x0000000729700000, 0x00000007aacb0000)
  object space 672768K, 2% used [0x0000000700600000,0x00000007018b1090,0x0000000729700000)
 PSPermGen       total 26240K, used 18013K [0x00000006fb400000, 0x00000006fcda0000, 0x0000000700600000)
  object space 26240K, 68% used [0x00000006fb400000,0x00000006fc597688,0x00000006fcda0000)
Event: 57.241 GC heap after
Heap after GC invocations=40 (full 11):
 PSYoungGen      total 1183424K, used 59308K [0x00000007aacb0000, 0x00000007f9f60000, 0x0000000800000000)
  eden space 1103488K, 0% used [0x00000007aacb0000,0x00000007aacb0000,0x00000007ee250000)
  from space 79936K, 74% used [0x00000007ee250000,0x00000007f1c3b200,0x00000007f3060000)
  to   space 86208K, 0% used [0x00000007f4b30000,0x00000007f4b30000,0x00000007f9f60000)
 ParOldGen       total 672768K, used 19140K [0x0000000700600000, 0x0000000729700000, 0x00000007aacb0000)
  object space 672768K, 2% used [0x0000000700600000,0x00000007018b1090,0x0000000729700000)
 PSPermGen       total 26240K, used 18013K [0x00000006fb400000, 0x00000006fcda0000, 0x0000000700600000)
  object space 26240K, 68% used [0x00000006fb400000,0x00000006fc597688,0x00000006fcda0000)
}
Event: 60.207 GC heap before
{Heap before GC invocations=41 (full 11):
 PSYoungGen      total 1183424K, used 1161520K [0x00000007aacb0000, 0x00000007f9f60000, 0x0000000800000000)
  eden space 1103488K, 99% used [0x00000007aacb0000,0x00000007ee110e30,0x00000007ee250000)
  from space 79936K, 74% used [0x00000007ee250000,0x00000007f1c3b200,0x00000007f3060000)
  to   space 86208K, 0% used [0x00000007f4b30000,0x00000007f4b30000,0x00000007f9f60000)
 ParOldGen       total 672768K, used 19140K [0x0000000700600000, 0x0000000729700000, 0x00000007aacb0000)
  object space 672768K, 2% used [0x0000000700600000,0x00000007018b1090,0x0000000729700000)
 PSPermGen       total 26240K, used 18018K [0x00000006fb400000, 0x00000006fcda0000, 0x0000000700600000)
  object space 26240K, 68% used [0x00000006fb400000,0x00000006fc5989c0,0x00000006fcda0000)
Event: 60.215 GC heap after
Heap after GC invocations=41 (full 11):
 PSYoungGen      total 1204992K, used 62303K [0x00000007aacb0000, 0x00000007fff30000, 0x0000000800000000)
  eden space 1118784K, 0% used [0x00000007aacb0000,0x00000007aacb0000,0x00000007ef140000)
  from space 86208K, 72% used [0x00000007f4b30000,0x00000007f8807f60,0x00000007f9f60000)
  to   space 92096K, 0% used [0x00000007ef140000,0x00000007ef140000,0x00000007f4b30000)
 ParOldGen       total 672768K, used 19140K [0x0000000700600000, 0x0000000729700000, 0x00000007aacb0000)
  object space 672768K, 2% used [0x0000000700600000,0x00000007018b1090,0x0000000729700000)
 PSPermGen       total 26240K, used 18018K [0x00000006fb400000, 0x00000006fcda0000, 0x0000000700600000)
  object space 26240K, 68% used [0x00000006fb400000,0x00000006fc5989c0,0x00000006fcda0000)
}
Event: 63.123 GC heap before
{Heap before GC invocations=42 (full 11):
 PSYoungGen      total 1204992K, used 1179456K [0x00000007aacb0000, 0x00000007fff30000, 0x0000000800000000)
  eden space 1118784K, 99% used [0x00000007aacb0000,0x00000007eefa8178,0x00000007ef140000)
  from space 86208K, 72% used [0x00000007f4b30000,0x00000007f8807f60,0x00000007f9f60000)
  to   space 92096K, 0% used [0x00000007ef140000,0x00000007ef140000,0x00000007f4b30000)
 ParOldGen       total 672768K, used 25215K [0x0000000700600000, 0x0000000729700000, 0x00000007aacb0000)
  object space 672768K, 3% used [0x0000000700600000,0x0000000701e9fca0,0x0000000729700000)
 PSPermGen       total 26240K, used 18120K [0x00000006fb400000, 0x00000006fcda0000, 0x0000000700600000)
  object space 26240K, 69% used [0x00000006fb400000,0x00000006fc5b22b8,0x00000006fcda0000)
Event: 63.135 GC heap after
Heap after GC invocations=42 (full 11):
 PSYoungGen      total 1210880K, used 74907K [0x00000007aacb0000, 0x0000000800000000, 0x0000000800000000)
  eden space 1118784K, 0% used [0x00000007aacb0000,0x00000007aacb0000,0x00000007ef140000)
  from space 92096K, 81% used [0x00000007ef140000,0x00000007f3a66ee0,0x00000007f4b30000)
  to   space 101248K, 0% used [0x00000007f9d20000,0x00000007f9d20000,0x0000000800000000)
 ParOldGen       total 672768K, used 25215K [0x0000000700600000, 0x0000000729700000, 0x00000007aacb0000)
  object space 672768K, 3% used [0x0000000700600000,0x0000000701e9fca0,0x0000000729700000)
 PSPermGen       total 26240K, used 18120K [0x00000006fb400000, 0x00000006fcda0000, 0x0000000700600000)
  object space 26240K, 69% used [0x00000006fb400000,0x00000006fc5b22b8,0x00000006fcda0000)
}
Event: 66.249 GC heap before
{Heap before GC invocations=43 (full 11):
 PSYoungGen      total 1210880K, used 1193691K [0x00000007aacb0000, 0x0000000800000000, 0x0000000800000000)
  eden space 1118784K, 100% used [0x00000007aacb0000,0x00000007ef140000,0x00000007ef140000)
  from space 92096K, 81% used [0x00000007ef140000,0x00000007f3a66ee0,0x00000007f4b30000)
  to   space 101248K, 0% used [0x00000007f9d20000,0x00000007f9d20000,0x0000000800000000)
 ParOldGen       total 672768K, used 159415K [0x0000000700600000, 0x0000000729700000, 0x00000007aacb0000)
  object space 672768K, 23% used [0x0000000700600000,0x000000070a1add58,0x0000000729700000)
 PSPermGen       total 26240K, used 18132K [0x00000006fb400000, 0x00000006fcda0000, 0x0000000700600000)
  object space 26240K, 69% used [0x00000006fb400000,0x00000006fc5b5308,0x00000006fcda0000)
Event: 66.259 GC heap after
Heap after GC invocations=43 (full 11):
 PSYoungGen      total 1299264K, used 42845K [0x00000007aacb0000, 0x00000007fffd0000, 0x0000000800000000)
  eden space 1198208K, 0% used [0x00000007aacb0000,0x00000007aacb0000,0x00000007f3ed0000)
  from space 101056K, 42% used [0x00000007f9d20000,0x00000007fc6f7460,0x00000007fffd0000)
  to   space 96576K, 0% used [0x00000007f3ed0000,0x00000007f3ed0000,0x00000007f9d20000)
 ParOldGen       total 672768K, used 159415K [0x0000000700600000, 0x0000000729700000, 0x00000007aacb0000)
  object space 672768K, 23% used [0x0000000700600000,0x000000070a1add58,0x0000000729700000)
 PSPermGen       total 26240K, used 18132K [0x00000006fb400000, 0x00000006fcda0000, 0x0000000700600000)
  object space 26240K, 69% used [0x00000006fb400000,0x00000006fc5b5308,0x00000006fcda0000)
}
Event: 69.107 GC heap before
{Heap before GC invocations=44 (full 11):
 PSYoungGen      total 1299264K, used 1238933K [0x00000007aacb0000, 0x00000007fffd0000, 0x0000000800000000)
  eden space 1198208K, 99% used [0x00000007aacb0000,0x00000007f3cbe170,0x00000007f3ed0000)
  from space 101056K, 42% used [0x00000007f9d20000,0x00000007fc6f7460,0x00000007fffd0000)
  to   space 96576K, 0% used [0x00000007f3ed0000,0x00000007f3ed0000,0x00000007f9d20000)
 ParOldGen       total 672768K, used 168907K [0x0000000700600000, 0x0000000729700000, 0x00000007aacb0000)
  object space 672768K, 25% used [0x0000000700600000,0x000000070aaf2e38,0x0000000729700000)
 PSPermGen       total 26240K, used 18140K [0x00000006fb400000, 0x00000006fcda0000, 0x0000000700600000)
  object space 26240K, 69% used [0x00000006fb400000,0x00000006fc5b7310,0x00000006fcda0000)
Event: 69.115 GC heap after
Heap after GC invocations=44 (full 11):
 PSYoungGen      total 1294784K, used 55891K [0x00000007aacb0000, 0x00000007ffc80000, 0x0000000800000000)
  eden space 1198208K, 0% used [0x00000007aacb0000,0x00000007aacb0000,0x00000007f3ed0000)
  from space 96576K, 57% used [0x00000007f3ed0000,0x00000007f7564d20,0x00000007f9d20000)
  to   space 97024K, 0% used [0x00000007f9dc0000,0x00000007f9dc0000,0x00000007ffc80000)
 ParOldGen       total 672768K, used 168907K [0x0000000700600000, 0x0000000729700000, 0x00000007aacb0000)
  object space 672768K, 25% used [0x0000000700600000,0x000000070aaf2e38,0x0000000729700000)
 PSPermGen       total 26240K, used 18140K [0x00000006fb400000, 0x00000006fcda0000, 0x0000000700600000)
  object space 26240K, 69% used [0x00000006fb400000,0x00000006fc5b7310,0x00000006fcda0000)
}

