# JRE version: 7.0_07-b11
# Java VM: Java HotSpot(TM) 64-Bit Server VM (23.3-b01 mixed mode windows-amd64 compressed oops)
Heap
 PSYoungGen      total 756864K, used 302048K [0x00000007aacb0000, 0x00000007e6d00000, 0x0000000800000000)
  eden space 698432K, 37% used [0x00000007aacb0000,0x00000007bab2cfd0,0x00000007d56c0000)
  from space 58432K, 70% used [0x00000007d56c0000,0x00000007d7f3b3f0,0x00000007d8fd0000)
  to   space 59520K, 0% used [0x00000007e32e0000,0x00000007e32e0000,0x00000007e6d00000)
 ParOldGen       total 187136K, used 56274K [0x0000000700600000, 0x000000070bcc0000, 0x00000007aacb0000)
  object space 187136K, 30% used [0x0000000700600000,0x0000000703cf4b28,0x000000070bcc0000)
 PSPermGen       total 39360K, used 17969K [0x00000006fb400000, 0x00000006fda70000, 0x0000000700600000)
  object space 39360K, 45% used [0x00000006fb400000,0x00000006fc58c4a8,0x00000006fda70000)
GC Heap History (10 events):
Event: 14.194 GC heap before
{Heap before GC invocations=12 (full 3):
 PSYoungGen      total 480448K, used 438720K [0x00000007aacb0000, 0x00000007cc020000, 0x0000000800000000)
  eden space 438720K, 100% used [0x00000007aacb0000,0x00000007c5920000,0x00000007c5920000)
  from space 41728K, 0% used [0x00000007c9760000,0x00000007c9760000,0x00000007cc020000)
  to   space 52736K, 0% used [0x00000007c5920000,0x00000007c5920000,0x00000007c8ca0000)
 ParOldGen       total 187136K, used 25135K [0x0000000700600000, 0x000000070bcc0000, 0x00000007aacb0000)
  object space 187136K, 13% used [0x0000000700600000,0x0000000701e8bce0,0x000000070bcc0000)
 PSPermGen       total 39360K, used 17910K [0x00000006fb400000, 0x00000006fda70000, 0x0000000700600000)
  object space 39360K, 45% used [0x00000006fb400000,0x00000006fc57dbd0,0x00000006fda70000)
Event: 14.203 GC heap after
Heap after GC invocations=12 (full 3):
 PSYoungGen      total 491456K, used 41284K [0x00000007aacb0000, 0x00000007d4200000, 0x0000000800000000)
  eden space 438720K, 0% used [0x00000007aacb0000,0x00000007aacb0000,0x00000007c5920000)
  from space 52736K, 78% used [0x00000007c5920000,0x00000007c81710e0,0x00000007c8ca0000)
  to   space 54976K, 0% used [0x00000007d0c50000,0x00000007d0c50000,0x00000007d4200000)
 ParOldGen       total 187136K, used 25135K [0x0000000700600000, 0x000000070bcc0000, 0x00000007aacb0000)
  object space 187136K, 13% used [0x0000000700600000,0x0000000701e8bce0,0x000000070bcc0000)
 PSPermGen       total 39360K, used 17910K [0x00000006fb400000, 0x00000006fda70000, 0x0000000700600000)
  object space 39360K, 45% used [0x00000006fb400000,0x00000006fc57dbd0,0x00000006fda70000)
}
Event: 15.168 GC heap before
{Heap before GC invocations=13 (full 3):
 PSYoungGen      total 491456K, used 477386K [0x00000007aacb0000, 0x00000007d4200000, 0x0000000800000000)
  eden space 438720K, 99% used [0x00000007aacb0000,0x00000007c56917d8,0x00000007c5920000)
  from space 52736K, 78% used [0x00000007c5920000,0x00000007c81710e0,0x00000007c8ca0000)
  to   space 54976K, 0% used [0x00000007d0c50000,0x00000007d0c50000,0x00000007d4200000)
 ParOldGen       total 187136K, used 25135K [0x0000000700600000, 0x000000070bcc0000, 0x00000007aacb0000)
  object space 187136K, 13% used [0x0000000700600000,0x0000000701e8bce0,0x000000070bcc0000)
 PSPermGen       total 39360K, used 17915K [0x00000006fb400000, 0x00000006fda70000, 0x0000000700600000)
  object space 39360K, 45% used [0x00000006fb400000,0x00000006fc57eeb8,0x00000006fda70000)
Event: 15.180 GC heap after
Heap after GC invocations=13 (full 3):
 PSYoungGen      total 616256K, used 53265K [0x00000007aacb0000, 0x00000007d4e60000, 0x0000000800000000)
  eden space 561280K, 0% used [0x00000007aacb0000,0x00000007aacb0000,0x00000007cd0d0000)
  from space 54976K, 96% used [0x00000007d0c50000,0x00000007d40545f0,0x00000007d4200000)
  to   space 60928K, 0% used [0x00000007cd0d0000,0x00000007cd0d0000,0x00000007d0c50000)
 ParOldGen       total 187136K, used 31210K [0x0000000700600000, 0x000000070bcc0000, 0x00000007aacb0000)
  object space 187136K, 16% used [0x0000000700600000,0x000000070247a8f0,0x000000070bcc0000)
 PSPermGen       total 39360K, used 17915K [0x00000006fb400000, 0x00000006fda70000, 0x0000000700600000)
  object space 39360K, 45% used [0x00000006fb400000,0x00000006fc57eeb8,0x00000006fda70000)
}
Event: 16.439 GC heap before
{Heap before GC invocations=14 (full 3):
 PSYoungGen      total 616256K, used 612190K [0x00000007aacb0000, 0x00000007d4e60000, 0x0000000800000000)
  eden space 561280K, 99% used [0x00000007aacb0000,0x00000007cce83210,0x00000007cd0d0000)
  from space 54976K, 96% used [0x00000007d0c50000,0x00000007d40545f0,0x00000007d4200000)
  to   space 60928K, 0% used [0x00000007cd0d0000,0x00000007cd0d0000,0x00000007d0c50000)
 ParOldGen       total 187136K, used 40702K [0x0000000700600000, 0x000000070bcc0000, 0x00000007aacb0000)
  object space 187136K, 21% used [0x0000000700600000,0x0000000702dbf9d0,0x000000070bcc0000)
 PSPermGen       total 39360K, used 17920K [0x00000006fb400000, 0x00000006fda70000, 0x0000000700600000)
  object space 39360K, 45% used [0x00000006fb400000,0x00000006fc580188,0x00000006fda70000)
Event: 16.446 GC heap after
Heap after GC invocations=14 (full 3):
 PSYoungGen      total 622208K, used 29302K [0x00000007aacb0000, 0x00000007dd950000, 0x0000000800000000)
  eden space 561280K, 0% used [0x00000007aacb0000,0x00000007aacb0000,0x00000007cd0d0000)
  from space 60928K, 48% used [0x00000007cd0d0000,0x00000007ced6dbd0,0x00000007d0c50000)
  to   space 58752K, 0% used [0x00000007d9ff0000,0x00000007d9ff0000,0x00000007dd950000)
 ParOldGen       total 187136K, used 40702K [0x0000000700600000, 0x000000070bcc0000, 0x00000007aacb0000)
  object space 187136K, 21% used [0x0000000700600000,0x0000000702dbf9d0,0x000000070bcc0000)
 PSPermGen       total 39360K, used 17920K [0x00000006fb400000, 0x00000006fda70000, 0x0000000700600000)
  object space 39360K, 45% used [0x00000006fb400000,0x00000006fc580188,0x00000006fda70000)
}
Event: 18.278 GC heap before
{Heap before GC invocations=15 (full 3):
 PSYoungGen      total 622208K, used 590582K [0x00000007aacb0000, 0x00000007dd950000, 0x0000000800000000)
  eden space 561280K, 100% used [0x00000007aacb0000,0x00000007cd0d0000,0x00000007cd0d0000)
  from space 60928K, 48% used [0x00000007cd0d0000,0x00000007ced6dbd0,0x00000007d0c50000)
  to   space 58752K, 0% used [0x00000007d9ff0000,0x00000007d9ff0000,0x00000007dd950000)
 ParOldGen       total 187136K, used 50199K [0x0000000700600000, 0x000000070bcc0000, 0x00000007aacb0000)
  object space 187136K, 26% used [0x0000000700600000,0x0000000703705f18,0x000000070bcc0000)
 PSPermGen       total 39360K, used 17933K [0x00000006fb400000, 0x00000006fda70000, 0x0000000700600000)
  object space 39360K, 45% used [0x00000006fb400000,0x00000006fc5835c8,0x00000006fda70000)
Event: 18.283 GC heap after
Heap after GC invocations=15 (full 3):
 PSYoungGen      total 740352K, used 19019K [0x00000007aacb0000, 0x00000007dc8e0000, 0x0000000800000000)
  eden space 698432K, 0% used [0x00000007aacb0000,0x00000007aacb0000,0x00000007d56c0000)
  from space 41920K, 45% used [0x00000007d9ff0000,0x00000007db282d60,0x00000007dc8e0000)
  to   space 58432K, 0% used [0x00000007d56c0000,0x00000007d56c0000,0x00000007d8fd0000)
 ParOldGen       total 187136K, used 50199K [0x0000000700600000, 0x000000070bcc0000, 0x00000007aacb0000)
  object space 187136K, 26% used [0x0000000700600000,0x0000000703705f18,0x000000070bcc0000)
 PSPermGen       total 39360K, used 17933K [0x00000006fb400000, 0x00000006fda70000, 0x0000000700600000)
  object space 39360K, 45% used [0x00000006fb400000,0x00000006fc5835c8,0x00000006fda70000)
}
Event: 19.839 GC heap before
{Heap before GC invocations=16 (full 3):
 PSYoungGen      total 740352K, used 715812K [0x00000007aacb0000, 0x00000007dc8e0000, 0x0000000800000000)
  eden space 698432K, 99% used [0x00000007aacb0000,0x00000007d55263c8,0x00000007d56c0000)
  from space 41920K, 45% used [0x00000007d9ff0000,0x00000007db282d60,0x00000007dc8e0000)
  to   space 58432K, 0% used [0x00000007d56c0000,0x00000007d56c0000,0x00000007d8fd0000)
 ParOldGen       total 187136K, used 56274K [0x0000000700600000, 0x000000070bcc0000, 0x00000007aacb0000)
  object space 187136K, 30% used [0x0000000700600000,0x0000000703cf4b28,0x000000070bcc0000)
 PSPermGen       total 39360K, used 17935K [0x00000006fb400000, 0x00000006fda70000, 0x0000000700600000)
  object space 39360K, 45% used [0x00000006fb400000,0x00000006fc583c98,0x00000006fda70000)
Event: 19.850 GC heap after
Heap after GC invocations=16 (full 3):
 PSYoungGen      total 756864K, used 41452K [0x00000007aacb0000, 0x00000007e6d00000, 0x0000000800000000)
  eden space 698432K, 0% used [0x00000007aacb0000,0x00000007aacb0000,0x00000007d56c0000)
  from space 58432K, 70% used [0x00000007d56c0000,0x00000007d7f3b3f0,0x00000007d8fd0000)
  to   space 59520K, 0% used [0x00000007e32e0000,0x00000007e32e0000,0x00000007e6d00000)
 ParOldGen       total 187136K, used 56274K [0x0000000700600000, 0x000000070bcc0000, 0x00000007aacb0000)
  object space 187136K, 30% used [0x0000000700600000,0x0000000703cf4b28,0x000000070bcc0000)
 PSPermGen       total 39360K, used 17935K [0x00000006fb400000, 0x00000006fda70000, 0x0000000700600000)
  object space 39360K, 45% used [0x00000006fb400000,0x00000006fc583c98,0x00000006fda70000)
}

