# JRE version: 7.0_07-b11
# Java VM: Java HotSpot(TM) 64-Bit Server VM (23.3-b01 mixed mode windows-amd64 compressed oops)
Heap
 PSYoungGen      total 1267456K, used 952042K [0x00000007aacb0000, 0x0000000800000000, 0x0000000800000000)
  eden space 1200832K, 77% used [0x00000007aacb0000,0x00000007e3f19520,0x00000007f4160000)
  from space 66624K, 23% used [0x00000007f4160000,0x00000007f50b1320,0x00000007f8270000)
  to   space 65152K, 0% used [0x00000007fc060000,0x00000007fc060000,0x0000000800000000)
 ParOldGen       total 257152K, used 74292K [0x0000000700600000, 0x0000000710120000, 0x00000007aacb0000)
  object space 257152K, 28% used [0x0000000700600000,0x0000000704e8d340,0x0000000710120000)
 PSPermGen       total 37824K, used 18163K [0x00000006fb400000, 0x00000006fd8f0000, 0x0000000700600000)
  object space 37824K, 48% used [0x00000006fb400000,0x00000006fc5bce40,0x00000006fd8f0000)
GC Heap History (10 events):
Event: 19.761 GC heap before
{Heap before GC invocations=19 (full 4):
 PSYoungGen      total 891648K, used 843519K [0x00000007aacb0000, 0x00000007f2ca0000, 0x0000000800000000)
  eden space 822272K, 100% used [0x00000007aacb0000,0x00000007dcfb0000,0x00000007dcfb0000)
  from space 69376K, 30% used [0x00000007dcfb0000,0x00000007de46fe20,0x00000007e1370000)
  to   space 66880K, 0% used [0x00000007eeb50000,0x00000007eeb50000,0x00000007f2ca0000)
 ParOldGen       total 220416K, used 217792K [0x0000000700600000, 0x000000070dd40000, 0x00000007aacb0000)
  object space 220416K, 98% used [0x0000000700600000,0x000000070dab0140,0x000000070dd40000)
 PSPermGen       total 39424K, used 18112K [0x00000006fb400000, 0x00000006fda80000, 0x0000000700600000)
  object space 39424K, 45% used [0x00000006fb400000,0x00000006fc5b03a8,0x00000006fda80000)
Event: 19.801 GC heap after
Heap after GC invocations=19 (full 4):
 PSYoungGen      total 891648K, used 0K [0x00000007aacb0000, 0x00000007f2ca0000, 0x0000000800000000)
  eden space 822272K, 0% used [0x00000007aacb0000,0x00000007aacb0000,0x00000007dcfb0000)
  from space 69376K, 0% used [0x00000007dcfb0000,0x00000007dcfb0000,0x00000007e1370000)
  to   space 66880K, 0% used [0x00000007eeb50000,0x00000007eeb50000,0x00000007f2ca0000)
 ParOldGen       total 257152K, used 41970K [0x0000000700600000, 0x0000000710120000, 0x00000007aacb0000)
  object space 257152K, 16% used [0x0000000700600000,0x0000000702efcb78,0x0000000710120000)
 PSPermGen       total 37824K, used 18112K [0x00000006fb400000, 0x00000006fd8f0000, 0x0000000700600000)
  object space 37824K, 47% used [0x00000006fb400000,0x00000006fc5b0248,0x00000006fd8f0000)
}
Event: 21.345 GC heap before
{Heap before GC invocations=20 (full 4):
 PSYoungGen      total 891648K, used 820317K [0x00000007aacb0000, 0x00000007f2ca0000, 0x0000000800000000)
  eden space 822272K, 99% used [0x00000007aacb0000,0x00000007dcdc77b8,0x00000007dcfb0000)
  from space 69376K, 0% used [0x00000007dcfb0000,0x00000007dcfb0000,0x00000007e1370000)
  to   space 66880K, 0% used [0x00000007eeb50000,0x00000007eeb50000,0x00000007f2ca0000)
 ParOldGen       total 257152K, used 41970K [0x0000000700600000, 0x0000000710120000, 0x00000007aacb0000)
  object space 257152K, 16% used [0x0000000700600000,0x0000000702efcb78,0x0000000710120000)
 PSPermGen       total 37824K, used 18121K [0x00000006fb400000, 0x00000006fd8f0000, 0x0000000700600000)
  object space 37824K, 47% used [0x00000006fb400000,0x00000006fc5b2428,0x00000006fd8f0000)
Event: 21.349 GC heap after
Heap after GC invocations=20 (full 4):
 PSYoungGen      total 1085184K, used 10984K [0x00000007aacb0000, 0x00000007f1e70000, 0x0000000800000000)
  eden space 1032832K, 0% used [0x00000007aacb0000,0x00000007aacb0000,0x00000007e9d50000)
  from space 52352K, 20% used [0x00000007eeb50000,0x00000007ef60a2f8,0x00000007f1e70000)
  to   space 66112K, 0% used [0x00000007e9d50000,0x00000007e9d50000,0x00000007edde0000)
 ParOldGen       total 257152K, used 41970K [0x0000000700600000, 0x0000000710120000, 0x00000007aacb0000)
  object space 257152K, 16% used [0x0000000700600000,0x0000000702efcb78,0x0000000710120000)
 PSPermGen       total 37824K, used 18121K [0x00000006fb400000, 0x00000006fd8f0000, 0x0000000700600000)
  object space 37824K, 47% used [0x00000006fb400000,0x00000006fc5b2428,0x00000006fd8f0000)
}
Event: 23.334 GC heap before
{Heap before GC invocations=21 (full 4):
 PSYoungGen      total 1085184K, used 1042815K [0x00000007aacb0000, 0x00000007f1e70000, 0x0000000800000000)
  eden space 1032832K, 99% used [0x00000007aacb0000,0x00000007e9c55af8,0x00000007e9d50000)
  from space 52352K, 20% used [0x00000007eeb50000,0x00000007ef60a2f8,0x00000007f1e70000)
  to   space 66112K, 0% used [0x00000007e9d50000,0x00000007e9d50000,0x00000007edde0000)
 ParOldGen       total 257152K, used 41970K [0x0000000700600000, 0x0000000710120000, 0x00000007aacb0000)
  object space 257152K, 16% used [0x0000000700600000,0x0000000702efcb78,0x0000000710120000)
 PSPermGen       total 37824K, used 18131K [0x00000006fb400000, 0x00000006fd8f0000, 0x0000000700600000)
  object space 37824K, 47% used [0x00000006fb400000,0x00000006fc5b4e20,0x00000006fd8f0000)
Event: 23.349 GC heap after
Heap after GC invocations=21 (full 4):
 PSYoungGen      total 1098944K, used 48766K [0x00000007aacb0000, 0x00000007fd480000, 0x0000000800000000)
  eden space 1032832K, 0% used [0x00000007aacb0000,0x00000007aacb0000,0x00000007e9d50000)
  from space 66112K, 73% used [0x00000007e9d50000,0x00000007eccefb28,0x00000007edde0000)
  to   space 70272K, 0% used [0x00000007f8fe0000,0x00000007f8fe0000,0x00000007fd480000)
 ParOldGen       total 257152K, used 41970K [0x0000000700600000, 0x0000000710120000, 0x00000007aacb0000)
  object space 257152K, 16% used [0x0000000700600000,0x0000000702efcb78,0x0000000710120000)
 PSPermGen       total 37824K, used 18131K [0x00000006fb400000, 0x00000006fd8f0000, 0x0000000700600000)
  object space 37824K, 47% used [0x00000006fb400000,0x00000006fc5b4e20,0x00000006fd8f0000)
}
Event: 25.277 GC heap before
{Heap before GC invocations=22 (full 4):
 PSYoungGen      total 1098944K, used 1081528K [0x00000007aacb0000, 0x00000007fd480000, 0x0000000800000000)
  eden space 1032832K, 99% used [0x00000007aacb0000,0x00000007e9d3e658,0x00000007e9d50000)
  from space 66112K, 73% used [0x00000007e9d50000,0x00000007eccefb28,0x00000007edde0000)
  to   space 70272K, 0% used [0x00000007f8fe0000,0x00000007f8fe0000,0x00000007fd480000)
 ParOldGen       total 257152K, used 50070K [0x0000000700600000, 0x0000000710120000, 0x00000007aacb0000)
  object space 257152K, 19% used [0x0000000700600000,0x00000007036e5b98,0x0000000710120000)
 PSPermGen       total 37824K, used 18139K [0x00000006fb400000, 0x00000006fd8f0000, 0x0000000700600000)
  object space 37824K, 47% used [0x00000006fb400000,0x00000006fc5b6cb0,0x00000006fd8f0000)
Event: 25.286 GC heap after
Heap after GC invocations=22 (full 4):
 PSYoungGen      total 1253696K, used 26487K [0x00000007aacb0000, 0x00000007fc380000, 0x0000000800000000)
  eden space 1200832K, 0% used [0x00000007aacb0000,0x00000007aacb0000,0x00000007f4160000)
  from space 52864K, 50% used [0x00000007f8fe0000,0x00000007fa9bdcf0,0x00000007fc380000)
  to   space 66624K, 0% used [0x00000007f4160000,0x00000007f4160000,0x00000007f8270000)
 ParOldGen       total 257152K, used 50070K [0x0000000700600000, 0x0000000710120000, 0x00000007aacb0000)
  object space 257152K, 19% used [0x0000000700600000,0x00000007036e5b98,0x0000000710120000)
 PSPermGen       total 37824K, used 18139K [0x00000006fb400000, 0x00000006fd8f0000, 0x0000000700600000)
  object space 37824K, 47% used [0x00000006fb400000,0x00000006fc5b6cb0,0x00000006fd8f0000)
}
Event: 27.551 GC heap before
{Heap before GC invocations=23 (full 4):
 PSYoungGen      total 1253696K, used 1227319K [0x00000007aacb0000, 0x00000007fc380000, 0x0000000800000000)
  eden space 1200832K, 100% used [0x00000007aacb0000,0x00000007f4160000,0x00000007f4160000)
  from space 52864K, 50% used [0x00000007f8fe0000,0x00000007fa9bdcf0,0x00000007fc380000)
  to   space 66624K, 0% used [0x00000007f4160000,0x00000007f4160000,0x00000007f8270000)
 ParOldGen       total 257152K, used 74292K [0x0000000700600000, 0x0000000710120000, 0x00000007aacb0000)
  object space 257152K, 28% used [0x0000000700600000,0x0000000704e8d340,0x0000000710120000)
 PSPermGen       total 37824K, used 18155K [0x00000006fb400000, 0x00000006fd8f0000, 0x0000000700600000)
  object space 37824K, 48% used [0x00000006fb400000,0x00000006fc5bae70,0x00000006fd8f0000)
Event: 27.557 GC heap after
Heap after GC invocations=23 (full 4):
 PSYoungGen      total 1267456K, used 15684K [0x00000007aacb0000, 0x0000000800000000, 0x0000000800000000)
  eden space 1200832K, 0% used [0x00000007aacb0000,0x00000007aacb0000,0x00000007f4160000)
  from space 66624K, 23% used [0x00000007f4160000,0x00000007f50b1320,0x00000007f8270000)
  to   space 65152K, 0% used [0x00000007fc060000,0x00000007fc060000,0x0000000800000000)
 ParOldGen       total 257152K, used 74292K [0x0000000700600000, 0x0000000710120000, 0x00000007aacb0000)
  object space 257152K, 28% used [0x0000000700600000,0x0000000704e8d340,0x0000000710120000)
 PSPermGen       total 37824K, used 18155K [0x00000006fb400000, 0x00000006fd8f0000, 0x0000000700600000)
  object space 37824K, 48% used [0x00000006fb400000,0x00000006fc5bae70,0x00000006fd8f0000)
}

