# JRE version: 7.0_07-b11
# Java VM: Java HotSpot(TM) 64-Bit Server VM (23.3-b01 mixed mode windows-amd64 compressed oops)
Heap
 PSYoungGen      total 659264K, used 320335K [0x00000007aacb0000, 0x00000007dac40000, 0x0000000800000000)
  eden space 564928K, 42% used [0x00000007aacb0000,0x00000007b98efe40,0x00000007cd460000)
  from space 94336K, 83% used [0x00000007d3850000,0x00000007d84e3f20,0x00000007d9470000)
  to   space 102336K, 0% used [0x00000007cd460000,0x00000007cd460000,0x00000007d3850000)
 ParOldGen       total 338368K, used 171018K [0x0000000700600000, 0x0000000715070000, 0x00000007aacb0000)
  object space 338368K, 50% used [0x0000000700600000,0x000000070ad02b10,0x0000000715070000)
 PSPermGen       total 37568K, used 18210K [0x00000006fb400000, 0x00000006fd8b0000, 0x0000000700600000)
  object space 37568K, 48% used [0x00000006fb400000,0x00000006fc5c8ab0,0x00000006fd8b0000)
GC Heap History (10 events):
Event: 15.887 GC heap before
{Heap before GC invocations=18 (full 4):
 PSYoungGen      total 373824K, used 363522K [0x00000007aacb0000, 0x00000007ca880000, 0x0000000800000000)
  eden space 312704K, 99% used [0x00000007aacb0000,0x00000007bdd84d58,0x00000007bde10000)
  from space 61120K, 84% used [0x00000007bde10000,0x00000007c103bac0,0x00000007c19c0000)
  to   space 66304K, 0% used [0x00000007c67c0000,0x00000007c67c0000,0x00000007ca880000)
 ParOldGen       total 338368K, used 44433K [0x0000000700600000, 0x0000000715070000, 0x00000007aacb0000)
  object space 338368K, 13% used [0x0000000700600000,0x0000000703164748,0x0000000715070000)
 PSPermGen       total 37568K, used 18147K [0x00000006fb400000, 0x00000006fd8b0000, 0x0000000700600000)
  object space 37568K, 48% used [0x00000006fb400000,0x00000006fc5b8fe0,0x00000006fd8b0000)
Event: 15.906 GC heap after
Heap after GC invocations=18 (full 4):
 PSYoungGen      total 444992K, used 64043K [0x00000007aacb0000, 0x00000007cc840000, 0x0000000800000000)
  eden space 378688K, 0% used [0x00000007aacb0000,0x00000007aacb0000,0x00000007c1e80000)
  from space 66304K, 96% used [0x00000007c67c0000,0x00000007ca64af80,0x00000007ca880000)
  to   space 75008K, 0% used [0x00000007c1e80000,0x00000007c1e80000,0x00000007c67c0000)
 ParOldGen       total 338368K, used 54452K [0x0000000700600000, 0x0000000715070000, 0x00000007aacb0000)
  object space 338368K, 16% used [0x0000000700600000,0x0000000703b2d2f8,0x0000000715070000)
 PSPermGen       total 37568K, used 18147K [0x00000006fb400000, 0x00000006fd8b0000, 0x0000000700600000)
  object space 37568K, 48% used [0x00000006fb400000,0x00000006fc5b8fe0,0x00000006fd8b0000)
}
Event: 16.661 GC heap before
{Heap before GC invocations=19 (full 4):
 PSYoungGen      total 444992K, used 438835K [0x00000007aacb0000, 0x00000007cc840000, 0x0000000800000000)
  eden space 378688K, 98% used [0x00000007aacb0000,0x00000007c1ab2070,0x00000007c1e80000)
  from space 66304K, 96% used [0x00000007c67c0000,0x00000007ca64af80,0x00000007ca880000)
  to   space 75008K, 0% used [0x00000007c1e80000,0x00000007c1e80000,0x00000007c67c0000)
 ParOldGen       total 338368K, used 66602K [0x0000000700600000, 0x0000000715070000, 0x00000007aacb0000)
  object space 338368K, 19% used [0x0000000700600000,0x000000070470ab18,0x0000000715070000)
 PSPermGen       total 37568K, used 18152K [0x00000006fb400000, 0x00000006fd8b0000, 0x0000000700600000)
  object space 37568K, 48% used [0x00000006fb400000,0x00000006fc5ba3d0,0x00000006fd8b0000)
Event: 16.674 GC heap after
Heap after GC invocations=19 (full 4):
 PSYoungGen      total 453696K, used 59896K [0x00000007aacb0000, 0x00000007d2870000, 0x0000000800000000)
  eden space 378688K, 0% used [0x00000007aacb0000,0x00000007aacb0000,0x00000007c1e80000)
  from space 75008K, 79% used [0x00000007c1e80000,0x00000007c58fe330,0x00000007c67c0000)
  to   space 80448K, 0% used [0x00000007cd9e0000,0x00000007cd9e0000,0x00000007d2870000)
 ParOldGen       total 338368K, used 66602K [0x0000000700600000, 0x0000000715070000, 0x00000007aacb0000)
  object space 338368K, 19% used [0x0000000700600000,0x000000070470ab18,0x0000000715070000)
 PSPermGen       total 37568K, used 18152K [0x00000006fb400000, 0x00000006fd8b0000, 0x0000000700600000)
  object space 37568K, 48% used [0x00000006fb400000,0x00000006fc5ba3d0,0x00000006fd8b0000)
}
Event: 18.158 GC heap before
{Heap before GC invocations=20 (full 4):
 PSYoungGen      total 453696K, used 438584K [0x00000007aacb0000, 0x00000007d2870000, 0x0000000800000000)
  eden space 378688K, 100% used [0x00000007aacb0000,0x00000007c1e80000,0x00000007c1e80000)
  from space 75008K, 79% used [0x00000007c1e80000,0x00000007c58fe330,0x00000007c67c0000)
  to   space 80448K, 0% used [0x00000007cd9e0000,0x00000007cd9e0000,0x00000007d2870000)
 ParOldGen       total 338368K, used 171018K [0x0000000700600000, 0x0000000715070000, 0x00000007aacb0000)
  object space 338368K, 50% used [0x0000000700600000,0x000000070ad02b10,0x0000000715070000)
 PSPermGen       total 37568K, used 18166K [0x00000006fb400000, 0x00000006fd8b0000, 0x0000000700600000)
  object space 37568K, 48% used [0x00000006fb400000,0x00000006fc5bd880,0x00000006fd8b0000)
Event: 18.175 GC heap after
Heap after GC invocations=20 (full 4):
 PSYoungGen      total 566016K, used 60814K [0x00000007aacb0000, 0x00000007d2d20000, 0x0000000800000000)
  eden space 485568K, 0% used [0x00000007aacb0000,0x00000007aacb0000,0x00000007c86e0000)
  from space 80448K, 75% used [0x00000007cd9e0000,0x00000007d1543aa0,0x00000007d2870000)
  to   space 84992K, 0% used [0x00000007c86e0000,0x00000007c86e0000,0x00000007cd9e0000)
 ParOldGen       total 338368K, used 171018K [0x0000000700600000, 0x0000000715070000, 0x00000007aacb0000)
  object space 338368K, 50% used [0x0000000700600000,0x000000070ad02b10,0x0000000715070000)
 PSPermGen       total 37568K, used 18166K [0x00000006fb400000, 0x00000006fd8b0000, 0x0000000700600000)
  object space 37568K, 48% used [0x00000006fb400000,0x00000006fc5bd880,0x00000006fd8b0000)
}
Event: 19.839 GC heap before
{Heap before GC invocations=21 (full 4):
 PSYoungGen      total 566016K, used 541327K [0x00000007aacb0000, 0x00000007d2d20000, 0x0000000800000000)
  eden space 485568K, 98% used [0x00000007aacb0000,0x00000007c81f0328,0x00000007c86e0000)
  from space 80448K, 75% used [0x00000007cd9e0000,0x00000007d1543aa0,0x00000007d2870000)
  to   space 84992K, 0% used [0x00000007c86e0000,0x00000007c86e0000,0x00000007cd9e0000)
 ParOldGen       total 338368K, used 171018K [0x0000000700600000, 0x0000000715070000, 0x00000007aacb0000)
  object space 338368K, 50% used [0x0000000700600000,0x000000070ad02b10,0x0000000715070000)
 PSPermGen       total 37568K, used 18173K [0x00000006fb400000, 0x00000006fd8b0000, 0x0000000700600000)
  object space 37568K, 48% used [0x00000006fb400000,0x00000006fc5bf400,0x00000006fd8b0000)
Event: 19.855 GC heap after
Heap after GC invocations=21 (full 4):
 PSYoungGen      total 570560K, used 76875K [0x00000007aacb0000, 0x00000007d9470000, 0x0000000800000000)
  eden space 485568K, 0% used [0x00000007aacb0000,0x00000007aacb0000,0x00000007c86e0000)
  from space 84992K, 90% used [0x00000007c86e0000,0x00000007cd1f2d80,0x00000007cd9e0000)
  to   space 94336K, 0% used [0x00000007d3850000,0x00000007d3850000,0x00000007d9470000)
 ParOldGen       total 338368K, used 171018K [0x0000000700600000, 0x0000000715070000, 0x00000007aacb0000)
  object space 338368K, 50% used [0x0000000700600000,0x000000070ad02b10,0x0000000715070000)
 PSPermGen       total 37568K, used 18173K [0x00000006fb400000, 0x00000006fd8b0000, 0x0000000700600000)
  object space 37568K, 48% used [0x00000006fb400000,0x00000006fc5bf400,0x00000006fd8b0000)
}
Event: 20.868 GC heap before
{Heap before GC invocations=22 (full 4):
 PSYoungGen      total 570560K, used 558502K [0x00000007aacb0000, 0x00000007d9470000, 0x0000000800000000)
  eden space 485568K, 99% used [0x00000007aacb0000,0x00000007c8306b30,0x00000007c86e0000)
  from space 84992K, 90% used [0x00000007c86e0000,0x00000007cd1f2d80,0x00000007cd9e0000)
  to   space 94336K, 0% used [0x00000007d3850000,0x00000007d3850000,0x00000007d9470000)
 ParOldGen       total 338368K, used 171018K [0x0000000700600000, 0x0000000715070000, 0x00000007aacb0000)
  object space 338368K, 50% used [0x0000000700600000,0x000000070ad02b10,0x0000000715070000)
 PSPermGen       total 37568K, used 18176K [0x00000006fb400000, 0x00000006fd8b0000, 0x0000000700600000)
  object space 37568K, 48% used [0x00000006fb400000,0x00000006fc5c0148,0x00000006fd8b0000)
Event: 20.892 GC heap after
Heap after GC invocations=22 (full 4):
 PSYoungGen      total 659264K, used 78415K [0x00000007aacb0000, 0x00000007dac40000, 0x0000000800000000)
  eden space 564928K, 0% used [0x00000007aacb0000,0x00000007aacb0000,0x00000007cd460000)
  from space 94336K, 83% used [0x00000007d3850000,0x00000007d84e3f20,0x00000007d9470000)
  to   space 102336K, 0% used [0x00000007cd460000,0x00000007cd460000,0x00000007d3850000)
 ParOldGen       total 338368K, used 171018K [0x0000000700600000, 0x0000000715070000, 0x00000007aacb0000)
  object space 338368K, 50% used [0x0000000700600000,0x000000070ad02b10,0x0000000715070000)
 PSPermGen       total 37568K, used 18176K [0x00000006fb400000, 0x00000006fd8b0000, 0x0000000700600000)
  object space 37568K, 48% used [0x00000006fb400000,0x00000006fc5c0148,0x00000006fd8b0000)
}

