# JRE version: 7.0_07-b11
# Java VM: Java HotSpot(TM) 64-Bit Server VM (23.3-b01 mixed mode windows-amd64 compressed oops)
Heap
 PSYoungGen      total 1193216K, used 1043051K [0x00000007aacb0000, 0x00000007ffa90000, 0x0000000800000000)
  eden space 1168512K, 87% used [0x00000007aacb0000,0x00000007e8f3a7d8,0x00000007f21d0000)
  from space 24704K, 99% used [0x00000007fe270000,0x00000007ffa80800,0x00000007ffa90000)
  to   space 30272K, 0% used [0x00000007fbf70000,0x00000007fbf70000,0x00000007fdd00000)
 ParOldGen       total 135296K, used 50625K [0x0000000700600000, 0x0000000708a20000, 0x00000007aacb0000)
  object space 135296K, 37% used [0x0000000700600000,0x00000007037705b0,0x0000000708a20000)
 PSPermGen       total 36736K, used 18162K [0x00000006fb400000, 0x00000006fd7e0000, 0x0000000700600000)
  object space 36736K, 49% used [0x00000006fb400000,0x00000006fc5bcae0,0x00000006fd7e0000)
GC Heap History (10 events):
Event: 8.189 GC heap before
{Heap before GC invocations=9 (full 0):
 PSYoungGen      total 550976K, used 544884K [0x00000007aacb0000, 0x00000007ce250000, 0x0000000800000000)
  eden space 523520K, 99% used [0x00000007aacb0000,0x00000007cabbda18,0x00000007cabf0000)
  from space 27456K, 78% used [0x00000007cc700000,0x00000007cdc0f600,0x00000007ce1d0000)
  to   space 27712K, 0% used [0x00000007cabf0000,0x00000007cabf0000,0x00000007cc700000)
 ParOldGen       total 174528K, used 86286K [0x0000000700600000, 0x000000070b070000, 0x00000007aacb0000)
  object space 174528K, 49% used [0x0000000700600000,0x0000000705a43b10,0x000000070b070000)
 PSPermGen       total 21248K, used 17970K [0x00000006fb400000, 0x00000006fc8c0000, 0x0000000700600000)
  object space 21248K, 84% used [0x00000006fb400000,0x00000006fc58c8c0,0x00000006fc8c0000)
Event: 8.204 GC heap after
Heap after GC invocations=9 (full 0):
 PSYoungGen      total 551232K, used 26013K [0x00000007aacb0000, 0x00000007e1570000, 0x0000000800000000)
  eden space 523520K, 0% used [0x00000007aacb0000,0x00000007aacb0000,0x00000007cabf0000)
  from space 27712K, 93% used [0x00000007cabf0000,0x00000007cc557410,0x00000007cc700000)
  to   space 28032K, 0% used [0x00000007dfa10000,0x00000007dfa10000,0x00000007e1570000)
 ParOldGen       total 174528K, used 111883K [0x0000000700600000, 0x000000070b070000, 0x00000007aacb0000)
  object space 174528K, 64% used [0x0000000700600000,0x0000000707342da0,0x000000070b070000)
 PSPermGen       total 21248K, used 17970K [0x00000006fb400000, 0x00000006fc8c0000, 0x0000000700600000)
  object space 21248K, 84% used [0x00000006fb400000,0x00000006fc58c8c0,0x00000006fc8c0000)
}
Event: 10.058 GC heap before
{Heap before GC invocations=10 (full 0):
 PSYoungGen      total 551232K, used 548563K [0x00000007aacb0000, 0x00000007e1570000, 0x0000000800000000)
  eden space 523520K, 99% used [0x00000007aacb0000,0x00000007caafd868,0x00000007cabf0000)
  from space 27712K, 93% used [0x00000007cabf0000,0x00000007cc557410,0x00000007cc700000)
  to   space 28032K, 0% used [0x00000007dfa10000,0x00000007dfa10000,0x00000007e1570000)
 ParOldGen       total 174528K, used 111883K [0x0000000700600000, 0x000000070b070000, 0x00000007aacb0000)
  object space 174528K, 64% used [0x0000000700600000,0x0000000707342da0,0x000000070b070000)
 PSPermGen       total 21248K, used 17984K [0x00000006fb400000, 0x00000006fc8c0000, 0x0000000700600000)
  object space 21248K, 84% used [0x00000006fb400000,0x00000006fc590388,0x00000006fc8c0000)
Event: 10.062 GC heap after
Heap after GC invocations=10 (full 0):
 PSYoungGen      total 862912K, used 6267K [0x00000007aacb0000, 0x00000007e1ad0000, 0x0000000800000000)
  eden space 834880K, 0% used [0x00000007aacb0000,0x00000007aacb0000,0x00000007ddc00000)
  from space 28032K, 22% used [0x00000007dfa10000,0x00000007e002ec30,0x00000007e1570000)
  to   space 30784K, 0% used [0x00000007ddc00000,0x00000007ddc00000,0x00000007dfa10000)
 ParOldGen       total 174528K, used 120225K [0x0000000700600000, 0x000000070b070000, 0x00000007aacb0000)
  object space 174528K, 68% used [0x0000000700600000,0x0000000707b685f8,0x000000070b070000)
 PSPermGen       total 21248K, used 17984K [0x00000006fb400000, 0x00000006fc8c0000, 0x0000000700600000)
  object space 21248K, 84% used [0x00000006fb400000,0x00000006fc590388,0x00000006fc8c0000)
}
Event: 12.801 GC heap before
{Heap before GC invocations=11 (full 0):
 PSYoungGen      total 862912K, used 838131K [0x00000007aacb0000, 0x00000007e1ad0000, 0x0000000800000000)
  eden space 834880K, 99% used [0x00000007aacb0000,0x00000007dd90e080,0x00000007ddc00000)
  from space 28032K, 22% used [0x00000007dfa10000,0x00000007e002ec30,0x00000007e1570000)
  to   space 30784K, 0% used [0x00000007ddc00000,0x00000007ddc00000,0x00000007dfa10000)
 ParOldGen       total 174528K, used 126300K [0x0000000700600000, 0x000000070b070000, 0x00000007aacb0000)
  object space 174528K, 72% used [0x0000000700600000,0x0000000708157208,0x000000070b070000)
 PSPermGen       total 21248K, used 18092K [0x00000006fb400000, 0x00000006fc8c0000, 0x0000000700600000)
  object space 21248K, 85% used [0x00000006fb400000,0x00000006fc5ab278,0x00000006fc8c0000)
Event: 12.808 GC heap after
Heap after GC invocations=11 (full 0):
 PSYoungGen      total 865664K, used 21060K [0x00000007aacb0000, 0x0000000800000000, 0x0000000800000000)
  eden space 834880K, 0% used [0x00000007aacb0000,0x00000007aacb0000,0x00000007ddc00000)
  from space 30784K, 68% used [0x00000007ddc00000,0x00000007df0911c0,0x00000007dfa10000)
  to   space 30272K, 0% used [0x00000007fe270000,0x00000007fe270000,0x0000000800000000)
 ParOldGen       total 174528K, used 126356K [0x0000000700600000, 0x000000070b070000, 0x00000007aacb0000)
  object space 174528K, 72% used [0x0000000700600000,0x0000000708165208,0x000000070b070000)
 PSPermGen       total 21248K, used 18092K [0x00000006fb400000, 0x00000006fc8c0000, 0x0000000700600000)
  object space 21248K, 85% used [0x00000006fb400000,0x00000006fc5ab278,0x00000006fc8c0000)
}
Event: 14.679 GC heap before
{Heap before GC invocations=12 (full 1):
 PSYoungGen      total 865664K, used 855940K [0x00000007aacb0000, 0x0000000800000000, 0x0000000800000000)
  eden space 834880K, 100% used [0x00000007aacb0000,0x00000007ddc00000,0x00000007ddc00000)
  from space 30784K, 68% used [0x00000007ddc00000,0x00000007df0911c0,0x00000007dfa10000)
  to   space 30272K, 0% used [0x00000007fe270000,0x00000007fe270000,0x0000000800000000)
 ParOldGen       total 235904K, used 235580K [0x0000000700600000, 0x000000070ec60000, 0x00000007aacb0000)
  object space 235904K, 99% used [0x0000000700600000,0x000000070ec0f3b8,0x000000070ec60000)
 PSPermGen       total 21248K, used 18111K [0x00000006fb400000, 0x00000006fc8c0000, 0x0000000700600000)
  object space 21248K, 85% used [0x00000006fb400000,0x00000006fc5afd40,0x00000006fc8c0000)
Event: 14.751 GC heap after
Heap after GC invocations=12 (full 1):
 PSYoungGen      total 865664K, used 0K [0x00000007aacb0000, 0x0000000800000000, 0x0000000800000000)
  eden space 834880K, 0% used [0x00000007aacb0000,0x00000007aacb0000,0x00000007ddc00000)
  from space 30784K, 0% used [0x00000007ddc00000,0x00000007ddc00000,0x00000007dfa10000)
  to   space 30272K, 0% used [0x00000007fe270000,0x00000007fe270000,0x0000000800000000)
 ParOldGen       total 135296K, used 26325K [0x0000000700600000, 0x0000000708a20000, 0x00000007aacb0000)
  object space 135296K, 19% used [0x0000000700600000,0x0000000701fb5570,0x0000000708a20000)
 PSPermGen       total 36736K, used 18104K [0x00000006fb400000, 0x00000006fd7e0000, 0x0000000700600000)
  object space 36736K, 49% used [0x00000006fb400000,0x00000006fc5ae268,0x00000006fd7e0000)
}
Event: 16.909 GC heap before
{Heap before GC invocations=13 (full 1):
 PSYoungGen      total 865664K, used 830049K [0x00000007aacb0000, 0x0000000800000000, 0x0000000800000000)
  eden space 834880K, 99% used [0x00000007aacb0000,0x00000007dd7484f0,0x00000007ddc00000)
  from space 30784K, 0% used [0x00000007ddc00000,0x00000007ddc00000,0x00000007dfa10000)
  to   space 30272K, 0% used [0x00000007fe270000,0x00000007fe270000,0x0000000800000000)
 ParOldGen       total 135296K, used 32400K [0x0000000700600000, 0x0000000708a20000, 0x00000007aacb0000)
  object space 135296K, 23% used [0x0000000700600000,0x00000007025a4180,0x0000000708a20000)
 PSPermGen       total 36736K, used 18117K [0x00000006fb400000, 0x00000006fd7e0000, 0x0000000700600000)
  object space 36736K, 49% used [0x00000006fb400000,0x00000006fc5b1798,0x00000006fd7e0000)
Event: 16.916 GC heap after
Heap after GC invocations=13 (full 1):
 PSYoungGen      total 1193216K, used 24642K [0x00000007aacb0000, 0x00000007ffa90000, 0x0000000800000000)
  eden space 1168512K, 0% used [0x00000007aacb0000,0x00000007aacb0000,0x00000007f21d0000)
  from space 24704K, 99% used [0x00000007fe270000,0x00000007ffa80800,0x00000007ffa90000)
  to   space 30272K, 0% used [0x00000007fbf70000,0x00000007fbf70000,0x00000007fdd00000)
 ParOldGen       total 135296K, used 50625K [0x0000000700600000, 0x0000000708a20000, 0x00000007aacb0000)
  object space 135296K, 37% used [0x0000000700600000,0x00000007037705b0,0x0000000708a20000)
 PSPermGen       total 36736K, used 18117K [0x00000006fb400000, 0x00000006fd7e0000, 0x0000000700600000)
  object space 36736K, 49% used [0x00000006fb400000,0x00000006fc5b1798,0x00000006fd7e0000)
}

