# JRE version: 7.0_07-b11
# Java VM: Java HotSpot(TM) 64-Bit Server VM (23.3-b01 mixed mode windows-amd64 compressed oops)
Heap
 PSYoungGen      total 305472K, used 156742K [0x00000007aacb0000, 0x00000007cff10000, 0x0000000800000000)
  eden space 261888K, 59% used [0x00000007aacb0000,0x00000007b45c1958,0x00000007bac70000)
  from space 43584K, 0% used [0x00000007bac70000,0x00000007bac70000,0x00000007bd700000)
  to   space 42432K, 0% used [0x00000007cd5a0000,0x00000007cd5a0000,0x00000007cff10000)
 ParOldGen       total 127872K, used 15117K [0x0000000700600000, 0x00000007082e0000, 0x00000007aacb0000)
  object space 127872K, 11% used [0x0000000700600000,0x00000007014c3718,0x00000007082e0000)
 PSPermGen       total 35648K, used 17709K [0x00000006fb400000, 0x00000006fd6d0000, 0x0000000700600000)
  object space 35648K, 49% used [0x00000006fb400000,0x00000006fc54b718,0x00000006fd6d0000)
GC Heap History (10 events):
Event: 5.074 GC heap before
{Heap before GC invocations=4 (full 0):
 PSYoungGen      total 76352K, used 72775K [0x00000007aacb0000, 0x00000007b41d0000, 0x0000000800000000)
  eden space 65472K, 94% used [0x00000007aacb0000,0x00000007ae924208,0x00000007aeca0000)
  from space 10880K, 99% used [0x00000007aeca0000,0x00000007af73da30,0x00000007af740000)
  to   space 10880K, 0% used [0x00000007b3730000,0x00000007b3730000,0x00000007b41d0000)
 ParOldGen       total 174528K, used 45214K [0x0000000700600000, 0x000000070b070000, 0x00000007aacb0000)
  object space 174528K, 25% used [0x0000000700600000,0x0000000703227b20,0x000000070b070000)
 PSPermGen       total 21248K, used 17569K [0x00000006fb400000, 0x00000006fc8c0000, 0x0000000700600000)
  object space 21248K, 82% used [0x00000006fb400000,0x00000006fc5286f8,0x00000006fc8c0000)
Event: 5.083 GC heap after
Heap after GC invocations=4 (full 0):
 PSYoungGen      total 141824K, used 10854K [0x00000007aacb0000, 0x00000007b41d0000, 0x0000000800000000)
  eden space 130944K, 0% used [0x00000007aacb0000,0x00000007aacb0000,0x00000007b2c90000)
  from space 10880K, 99% used [0x00000007b3730000,0x00000007b41c9a40,0x00000007b41d0000)
  to   space 10880K, 0% used [0x00000007b2c90000,0x00000007b2c90000,0x00000007b3730000)
 ParOldGen       total 174528K, used 68087K [0x0000000700600000, 0x000000070b070000, 0x00000007aacb0000)
  object space 174528K, 39% used [0x0000000700600000,0x000000070487dcf0,0x000000070b070000)
 PSPermGen       total 21248K, used 17569K [0x00000006fb400000, 0x00000006fc8c0000, 0x0000000700600000)
  object space 21248K, 82% used [0x00000006fb400000,0x00000006fc5286f8,0x00000006fc8c0000)
}
Event: 5.809 GC heap before
{Heap before GC invocations=5 (full 0):
 PSYoungGen      total 141824K, used 139947K [0x00000007aacb0000, 0x00000007b41d0000, 0x0000000800000000)
  eden space 130944K, 98% used [0x00000007aacb0000,0x00000007b2ac1418,0x00000007b2c90000)
  from space 10880K, 99% used [0x00000007b3730000,0x00000007b41c9a40,0x00000007b41d0000)
  to   space 10880K, 0% used [0x00000007b2c90000,0x00000007b2c90000,0x00000007b3730000)
 ParOldGen       total 174528K, used 68087K [0x0000000700600000, 0x000000070b070000, 0x00000007aacb0000)
  object space 174528K, 39% used [0x0000000700600000,0x000000070487dcf0,0x000000070b070000)
 PSPermGen       total 21248K, used 17570K [0x00000006fb400000, 0x00000006fc8c0000, 0x0000000700600000)
  object space 21248K, 82% used [0x00000006fb400000,0x00000006fc5288e0,0x00000006fc8c0000)
Event: 5.823 GC heap after
Heap after GC invocations=5 (full 0):
 PSYoungGen      total 141824K, used 10854K [0x00000007aacb0000, 0x00000007c0470000, 0x0000000800000000)
  eden space 130944K, 0% used [0x00000007aacb0000,0x00000007aacb0000,0x00000007b2c90000)
  from space 10880K, 99% used [0x00000007b2c90000,0x00000007b3729a40,0x00000007b3730000)
  to   space 45056K, 0% used [0x00000007bd870000,0x00000007bd870000,0x00000007c0470000)
 ParOldGen       total 174528K, used 90975K [0x0000000700600000, 0x000000070b070000, 0x00000007aacb0000)
  object space 174528K, 52% used [0x0000000700600000,0x0000000705ed7ec0,0x000000070b070000)
 PSPermGen       total 21248K, used 17570K [0x00000006fb400000, 0x00000006fc8c0000, 0x0000000700600000)
  object space 21248K, 82% used [0x00000006fb400000,0x00000006fc5288e0,0x00000006fc8c0000)
}
Event: 6.537 GC heap before
{Heap before GC invocations=6 (full 0):
 PSYoungGen      total 141824K, used 139427K [0x00000007aacb0000, 0x00000007c0470000, 0x0000000800000000)
  eden space 130944K, 98% used [0x00000007aacb0000,0x00000007b2a3f298,0x00000007b2c90000)
  from space 10880K, 99% used [0x00000007b2c90000,0x00000007b3729a40,0x00000007b3730000)
  to   space 45056K, 0% used [0x00000007bd870000,0x00000007bd870000,0x00000007c0470000)
 ParOldGen       total 174528K, used 90975K [0x0000000700600000, 0x000000070b070000, 0x00000007aacb0000)
  object space 174528K, 52% used [0x0000000700600000,0x0000000705ed7ec0,0x000000070b070000)
 PSPermGen       total 21248K, used 17570K [0x00000006fb400000, 0x00000006fc8c0000, 0x0000000700600000)
  object space 21248K, 82% used [0x00000006fb400000,0x00000006fc528b28,0x00000006fc8c0000)
Event: 6.545 GC heap after
Heap after GC invocations=6 (full 0):
 PSYoungGen      total 304000K, used 27684K [0x00000007aacb0000, 0x00000007c0190000, 0x0000000800000000)
  eden space 261888K, 0% used [0x00000007aacb0000,0x00000007aacb0000,0x00000007bac70000)
  from space 42112K, 65% used [0x00000007bd870000,0x00000007bf379000,0x00000007c0190000)
  to   space 43584K, 0% used [0x00000007bac70000,0x00000007bac70000,0x00000007bd700000)
 ParOldGen       total 174528K, used 90975K [0x0000000700600000, 0x000000070b070000, 0x00000007aacb0000)
  object space 174528K, 52% used [0x0000000700600000,0x0000000705ed7ec0,0x000000070b070000)
 PSPermGen       total 21248K, used 17570K [0x00000006fb400000, 0x00000006fc8c0000, 0x0000000700600000)
  object space 21248K, 82% used [0x00000006fb400000,0x00000006fc528b28,0x00000006fc8c0000)
}
Event: 7.984 GC heap before
{Heap before GC invocations=7 (full 0):
 PSYoungGen      total 304000K, used 287145K [0x00000007aacb0000, 0x00000007c0190000, 0x0000000800000000)
  eden space 261888K, 99% used [0x00000007aacb0000,0x00000007baa11558,0x00000007bac70000)
  from space 42112K, 65% used [0x00000007bd870000,0x00000007bf379000,0x00000007c0190000)
  to   space 43584K, 0% used [0x00000007bac70000,0x00000007bac70000,0x00000007bd700000)
 ParOldGen       total 174528K, used 97050K [0x0000000700600000, 0x000000070b070000, 0x00000007aacb0000)
  object space 174528K, 55% used [0x0000000700600000,0x00000007064c6ad0,0x000000070b070000)
 PSPermGen       total 21248K, used 17640K [0x00000006fb400000, 0x00000006fc8c0000, 0x0000000700600000)
  object space 21248K, 83% used [0x00000006fb400000,0x00000006fc53a320,0x00000006fc8c0000)
Event: 7.991 GC heap after
Heap after GC invocations=7 (full 0):
 PSYoungGen      total 305472K, used 18513K [0x00000007aacb0000, 0x00000007cff10000, 0x0000000800000000)
  eden space 261888K, 0% used [0x00000007aacb0000,0x00000007aacb0000,0x00000007bac70000)
  from space 43584K, 42% used [0x00000007bac70000,0x00000007bbe84430,0x00000007bd700000)
  to   space 42432K, 0% used [0x00000007cd5a0000,0x00000007cd5a0000,0x00000007cff10000)
 ParOldGen       total 174528K, used 101750K [0x0000000700600000, 0x000000070b070000, 0x00000007aacb0000)
  object space 174528K, 58% used [0x0000000700600000,0x000000070695d990,0x000000070b070000)
 PSPermGen       total 21248K, used 17640K [0x00000006fb400000, 0x00000006fc8c0000, 0x0000000700600000)
  object space 21248K, 83% used [0x00000006fb400000,0x00000006fc53a320,0x00000006fc8c0000)
}
Event: 11.432 GC heap before
{Heap before GC invocations=8 (full 1):
 PSYoungGen      total 305472K, used 276719K [0x00000007aacb0000, 0x00000007cff10000, 0x0000000800000000)
  eden space 261888K, 98% used [0x00000007aacb0000,0x00000007ba8d7948,0x00000007bac70000)
  from space 43584K, 42% used [0x00000007bac70000,0x00000007bbe84430,0x00000007bd700000)
  to   space 42432K, 0% used [0x00000007cd5a0000,0x00000007cd5a0000,0x00000007cff10000)
 ParOldGen       total 484608K, used 484476K [0x0000000700600000, 0x000000071df40000, 0x00000007aacb0000)
  object space 484608K, 99% used [0x0000000700600000,0x000000071df1f180,0x000000071df40000)
 PSPermGen       total 21248K, used 17692K [0x00000006fb400000, 0x00000006fc8c0000, 0x0000000700600000)
  object space 21248K, 83% used [0x00000006fb400000,0x00000006fc547168,0x00000006fc8c0000)
Event: 11.514 GC heap after
Heap after GC invocations=8 (full 1):
 PSYoungGen      total 305472K, used 0K [0x00000007aacb0000, 0x00000007cff10000, 0x0000000800000000)
  eden space 261888K, 0% used [0x00000007aacb0000,0x00000007aacb0000,0x00000007bac70000)
  from space 43584K, 0% used [0x00000007bac70000,0x00000007bac70000,0x00000007bd700000)
  to   space 42432K, 0% used [0x00000007cd5a0000,0x00000007cd5a0000,0x00000007cff10000)
 ParOldGen       total 127872K, used 15117K [0x0000000700600000, 0x00000007082e0000, 0x00000007aacb0000)
  object space 127872K, 11% used [0x0000000700600000,0x00000007014c3718,0x00000007082e0000)
 PSPermGen       total 35648K, used 17685K [0x00000006fb400000, 0x00000006fd6d0000, 0x0000000700600000)
  object space 35648K, 49% used [0x00000006fb400000,0x00000006fc545790,0x00000006fd6d0000)
}

