# JRE version: 7.0_07-b11
# Java VM: Java HotSpot(TM) 64-Bit Server VM (23.3-b01 mixed mode windows-amd64 compressed oops)
Heap
 PSYoungGen      total 156608K, used 138643K [0x00000007aacb0000, 0x00000007b7450000, 0x0000000800000000)
  eden space 114368K, 96% used [0x00000007aacb0000,0x00000007b17fdbd0,0x00000007b1c60000)
  from space 42240K, 68% used [0x00000007b4770000,0x00000007b63872a0,0x00000007b70b0000)
  to   space 44096K, 0% used [0x00000007b1c60000,0x00000007b1c60000,0x00000007b4770000)
 ParOldGen       total 174528K, used 61329K [0x0000000700600000, 0x000000070b070000, 0x00000007aacb0000)
  object space 174528K, 35% used [0x0000000700600000,0x00000007041e46d8,0x000000070b070000)
 PSPermGen       total 21248K, used 17920K [0x00000006fb400000, 0x00000006fc8c0000, 0x0000000700600000)
  object space 21248K, 84% used [0x00000006fb400000,0x00000006fc580238,0x00000006fc8c0000)
GC Heap History (10 events):
Event: 6.358 GC heap before
{Heap before GC invocations=4 (full 0):
 PSYoungGen      total 76352K, used 72785K [0x00000007aacb0000, 0x00000007b01e0000, 0x0000000800000000)
  eden space 65472K, 98% used [0x00000007aacb0000,0x00000007aeba6770,0x00000007aeca0000)
  from space 10880K, 76% used [0x00000007aeca0000,0x00000007af4bdf60,0x00000007af740000)
  to   space 10880K, 0% used [0x00000007af740000,0x00000007af740000,0x00000007b01e0000)
 ParOldGen       total 174528K, used 33527K [0x0000000700600000, 0x000000070b070000, 0x00000007aacb0000)
  object space 174528K, 19% used [0x0000000700600000,0x00000007026bdd40,0x000000070b070000)
 PSPermGen       total 21248K, used 17881K [0x00000006fb400000, 0x00000006fc8c0000, 0x0000000700600000)
  object space 21248K, 84% used [0x00000006fb400000,0x00000006fc5765e8,0x00000006fc8c0000)
Event: 6.366 GC heap after
Heap after GC invocations=4 (full 0):
 PSYoungGen      total 76352K, used 8311K [0x00000007aacb0000, 0x00000007b01e0000, 0x0000000800000000)
  eden space 65472K, 0% used [0x00000007aacb0000,0x00000007aacb0000,0x00000007aeca0000)
  from space 10880K, 76% used [0x00000007af740000,0x00000007aff5df60,0x00000007b01e0000)
  to   space 10880K, 0% used [0x00000007aeca0000,0x00000007aeca0000,0x00000007af740000)
 ParOldGen       total 174528K, used 51752K [0x0000000700600000, 0x000000070b070000, 0x00000007aacb0000)
  object space 174528K, 29% used [0x0000000700600000,0x000000070388a170,0x000000070b070000)
 PSPermGen       total 21248K, used 17881K [0x00000006fb400000, 0x00000006fc8c0000, 0x0000000700600000)
  object space 21248K, 84% used [0x00000006fb400000,0x00000006fc5765e8,0x00000006fc8c0000)
}
Event: 6.780 GC heap before
{Heap before GC invocations=5 (full 0):
 PSYoungGen      total 76352K, used 70018K [0x00000007aacb0000, 0x00000007b01e0000, 0x0000000800000000)
  eden space 65472K, 94% used [0x00000007aacb0000,0x00000007ae8f28b8,0x00000007aeca0000)
  from space 10880K, 76% used [0x00000007af740000,0x00000007aff5df60,0x00000007b01e0000)
  to   space 10880K, 0% used [0x00000007aeca0000,0x00000007aeca0000,0x00000007af740000)
 ParOldGen       total 174528K, used 51752K [0x0000000700600000, 0x000000070b070000, 0x00000007aacb0000)
  object space 174528K, 29% used [0x0000000700600000,0x000000070388a170,0x000000070b070000)
 PSPermGen       total 21248K, used 17887K [0x00000006fb400000, 0x00000006fc8c0000, 0x0000000700600000)
  object space 21248K, 84% used [0x00000006fb400000,0x00000006fc577e70,0x00000006fc8c0000)
Event: 6.784 GC heap after
Heap after GC invocations=5 (full 0):
 PSYoungGen      total 74752K, used 8519K [0x00000007aacb0000, 0x00000007b34f0000, 0x0000000800000000)
  eden space 63872K, 0% used [0x00000007aacb0000,0x00000007aacb0000,0x00000007aeb10000)
  from space 10880K, 78% used [0x00000007aeca0000,0x00000007af4f1f70,0x00000007af740000)
  to   space 37824K, 0% used [0x00000007b1000000,0x00000007b1000000,0x00000007b34f0000)
 ParOldGen       total 174528K, used 51752K [0x0000000700600000, 0x000000070b070000, 0x00000007aacb0000)
  object space 174528K, 29% used [0x0000000700600000,0x000000070388a170,0x000000070b070000)
 PSPermGen       total 21248K, used 17887K [0x00000006fb400000, 0x00000006fc8c0000, 0x0000000700600000)
  object space 21248K, 84% used [0x00000006fb400000,0x00000006fc577e70,0x00000006fc8c0000)
}
Event: 7.180 GC heap before
{Heap before GC invocations=6 (full 0):
 PSYoungGen      total 74752K, used 72320K [0x00000007aacb0000, 0x00000007b34f0000, 0x0000000800000000)
  eden space 63872K, 99% used [0x00000007aacb0000,0x00000007aeafe108,0x00000007aeb10000)
  from space 10880K, 78% used [0x00000007aeca0000,0x00000007af4f1f70,0x00000007af740000)
  to   space 37824K, 0% used [0x00000007b1000000,0x00000007b1000000,0x00000007b34f0000)
 ParOldGen       total 174528K, used 51752K [0x0000000700600000, 0x000000070b070000, 0x00000007aacb0000)
  object space 174528K, 29% used [0x0000000700600000,0x000000070388a170,0x000000070b070000)
 PSPermGen       total 21248K, used 17887K [0x00000006fb400000, 0x00000006fc8c0000, 0x0000000700600000)
  object space 21248K, 84% used [0x00000006fb400000,0x00000006fc577fe0,0x00000006fc8c0000)
Event: 7.189 GC heap after
Heap after GC invocations=6 (full 0):
 PSYoungGen      total 95936K, used 31404K [0x00000007aacb0000, 0x00000007b7e90000, 0x0000000800000000)
  eden space 58112K, 0% used [0x00000007aacb0000,0x00000007aacb0000,0x00000007ae570000)
  from space 37824K, 83% used [0x00000007b1000000,0x00000007b2eab340,0x00000007b34f0000)
  to   space 43584K, 0% used [0x00000007ae570000,0x00000007ae570000,0x00000007b1000000)
 ParOldGen       total 174528K, used 51752K [0x0000000700600000, 0x000000070b070000, 0x00000007aacb0000)
  object space 174528K, 29% used [0x0000000700600000,0x000000070388a170,0x000000070b070000)
 PSPermGen       total 21248K, used 17887K [0x00000006fb400000, 0x00000006fc8c0000, 0x0000000700600000)
  object space 21248K, 84% used [0x00000006fb400000,0x00000006fc577fe0,0x00000006fc8c0000)
}
Event: 7.556 GC heap before
{Heap before GC invocations=7 (full 0):
 PSYoungGen      total 95936K, used 88762K [0x00000007aacb0000, 0x00000007b7e90000, 0x0000000800000000)
  eden space 58112K, 98% used [0x00000007aacb0000,0x00000007ae4b35a8,0x00000007ae570000)
  from space 37824K, 83% used [0x00000007b1000000,0x00000007b2eab340,0x00000007b34f0000)
  to   space 43584K, 0% used [0x00000007ae570000,0x00000007ae570000,0x00000007b1000000)
 ParOldGen       total 174528K, used 51752K [0x0000000700600000, 0x000000070b070000, 0x00000007aacb0000)
  object space 174528K, 29% used [0x0000000700600000,0x000000070388a170,0x000000070b070000)
 PSPermGen       total 21248K, used 17888K [0x00000006fb400000, 0x00000006fc8c0000, 0x0000000700600000)
  object space 21248K, 84% used [0x00000006fb400000,0x00000006fc578270,0x00000006fc8c0000)
Event: 7.562 GC heap after
Heap after GC invocations=7 (full 0):
 PSYoungGen      total 101696K, used 21962K [0x00000007aacb0000, 0x00000007b70b0000, 0x0000000800000000)
  eden space 58112K, 0% used [0x00000007aacb0000,0x00000007aacb0000,0x00000007ae570000)
  from space 43584K, 50% used [0x00000007ae570000,0x00000007afae2900,0x00000007b1000000)
  to   space 42240K, 0% used [0x00000007b4770000,0x00000007b4770000,0x00000007b70b0000)
 ParOldGen       total 174528K, used 61281K [0x0000000700600000, 0x000000070b070000, 0x00000007aacb0000)
  object space 174528K, 35% used [0x0000000700600000,0x00000007041d86d8,0x000000070b070000)
 PSPermGen       total 21248K, used 17888K [0x00000006fb400000, 0x00000006fc8c0000, 0x0000000700600000)
  object space 21248K, 84% used [0x00000006fb400000,0x00000006fc578270,0x00000006fc8c0000)
}
Event: 7.933 GC heap before
{Heap before GC invocations=8 (full 0):
 PSYoungGen      total 101696K, used 79181K [0x00000007aacb0000, 0x00000007b70b0000, 0x0000000800000000)
  eden space 58112K, 98% used [0x00000007aacb0000,0x00000007ae490be0,0x00000007ae570000)
  from space 43584K, 50% used [0x00000007ae570000,0x00000007afae2900,0x00000007b1000000)
  to   space 42240K, 0% used [0x00000007b4770000,0x00000007b4770000,0x00000007b70b0000)
 ParOldGen       total 174528K, used 61281K [0x0000000700600000, 0x000000070b070000, 0x00000007aacb0000)
  object space 174528K, 35% used [0x0000000700600000,0x00000007041d86d8,0x000000070b070000)
 PSPermGen       total 21248K, used 17889K [0x00000006fb400000, 0x00000006fc8c0000, 0x0000000700600000)
  object space 21248K, 84% used [0x00000006fb400000,0x00000006fc578580,0x00000006fc8c0000)
Event: 7.940 GC heap after
Heap after GC invocations=8 (full 0):
 PSYoungGen      total 156608K, used 28764K [0x00000007aacb0000, 0x00000007b7450000, 0x0000000800000000)
  eden space 114368K, 0% used [0x00000007aacb0000,0x00000007aacb0000,0x00000007b1c60000)
  from space 42240K, 68% used [0x00000007b4770000,0x00000007b63872a0,0x00000007b70b0000)
  to   space 44096K, 0% used [0x00000007b1c60000,0x00000007b1c60000,0x00000007b4770000)
 ParOldGen       total 174528K, used 61329K [0x0000000700600000, 0x000000070b070000, 0x00000007aacb0000)
  object space 174528K, 35% used [0x0000000700600000,0x00000007041e46d8,0x000000070b070000)
 PSPermGen       total 21248K, used 17889K [0x00000006fb400000, 0x00000006fc8c0000, 0x0000000700600000)
  object space 21248K, 84% used [0x00000006fb400000,0x00000006fc578580,0x00000006fc8c0000)
}

