# JRE version: 7.0_07-b11
# Java VM: Java HotSpot(TM) 64-Bit Server VM (23.3-b01 mixed mode windows-amd64 compressed oops)
Heap
 PSYoungGen      total 614016K, used 592910K [0x00000007aacb0000, 0x00000007dab30000, 0x0000000800000000)
  eden space 557440K, 99% used [0x00000007aacb0000,0x00000007ccd0c918,0x00000007ccd10000)
  from space 56576K, 62% used [0x00000007ccd10000,0x00000007cefb72a0,0x00000007d0450000)
  to   space 58432K, 0% used [0x00000007d7220000,0x00000007d7220000,0x00000007dab30000)
 ParOldGen       total 312320K, used 287634K [0x0000000700600000, 0x0000000713700000, 0x00000007aacb0000)
  object space 312320K, 92% used [0x0000000700600000,0x0000000711ee4b10,0x0000000713700000)
 PSPermGen       total 37696K, used 18019K [0x00000006fb400000, 0x00000006fd8d0000, 0x0000000700600000)
  object space 37696K, 47% used [0x00000006fb400000,0x00000006fc598c98,0x00000006fd8d0000)
GC Heap History (10 events):
Event: 11.888 GC heap before
{Heap before GC invocations=13 (full 3):
 PSYoungGen      total 516096K, used 503071K [0x00000007aacb0000, 0x00000007d1040000, 0x0000000800000000)
  eden space 463168K, 100% used [0x00000007aacb0000,0x00000007c7100000,0x00000007c7100000)
  from space 52928K, 75% used [0x00000007ca8a0000,0x00000007ccf97e88,0x00000007cdc50000)
  to   space 56960K, 0% used [0x00000007c7100000,0x00000007c7100000,0x00000007ca8a0000)
 ParOldGen       total 204288K, used 197289K [0x0000000700600000, 0x000000070cd80000, 0x00000007aacb0000)
  object space 204288K, 96% used [0x0000000700600000,0x000000070c6aa678,0x000000070cd80000)
 PSPermGen       total 40448K, used 17987K [0x00000006fb400000, 0x00000006fdb80000, 0x0000000700600000)
  object space 40448K, 44% used [0x00000006fb400000,0x00000006fc590d10,0x00000006fdb80000)
Event: 11.921 GC heap after
Heap after GC invocations=13 (full 3):
 PSYoungGen      total 516096K, used 0K [0x00000007aacb0000, 0x00000007d1040000, 0x0000000800000000)
  eden space 463168K, 0% used [0x00000007aacb0000,0x00000007aacb0000,0x00000007c7100000)
  from space 52928K, 0% used [0x00000007ca8a0000,0x00000007ca8a0000,0x00000007cdc50000)
  to   space 56960K, 0% used [0x00000007c7100000,0x00000007c7100000,0x00000007ca8a0000)
 ParOldGen       total 251584K, used 35521K [0x0000000700600000, 0x000000070fbb0000, 0x00000007aacb0000)
  object space 251584K, 14% used [0x0000000700600000,0x00000007028b05c8,0x000000070fbb0000)
 PSPermGen       total 39232K, used 17987K [0x00000006fb400000, 0x00000006fda50000, 0x0000000700600000)
  object space 39232K, 45% used [0x00000006fb400000,0x00000006fc590d10,0x00000006fda50000)
}
Event: 12.738 GC heap before
{Heap before GC invocations=14 (full 3):
 PSYoungGen      total 516096K, used 460105K [0x00000007aacb0000, 0x00000007d1040000, 0x0000000800000000)
  eden space 463168K, 99% used [0x00000007aacb0000,0x00000007c6e02568,0x00000007c7100000)
  from space 52928K, 0% used [0x00000007ca8a0000,0x00000007ca8a0000,0x00000007cdc50000)
  to   space 56960K, 0% used [0x00000007c7100000,0x00000007c7100000,0x00000007ca8a0000)
 ParOldGen       total 251584K, used 41596K [0x0000000700600000, 0x000000070fbb0000, 0x00000007aacb0000)
  object space 251584K, 16% used [0x0000000700600000,0x0000000702e9f1d8,0x000000070fbb0000)
 PSPermGen       total 39232K, used 17989K [0x00000006fb400000, 0x00000006fda50000, 0x0000000700600000)
  object space 39232K, 45% used [0x00000006fb400000,0x00000006fc5917f8,0x00000006fda50000)
Event: 12.743 GC heap after
Heap after GC invocations=14 (full 3):
 PSYoungGen      total 520128K, used 29102K [0x00000007aacb0000, 0x00000007d4a70000, 0x0000000800000000)
  eden space 463168K, 0% used [0x00000007aacb0000,0x00000007aacb0000,0x00000007c7100000)
  from space 56960K, 51% used [0x00000007c7100000,0x00000007c8d6b8c0,0x00000007ca8a0000)
  to   space 56000K, 0% used [0x00000007d13c0000,0x00000007d13c0000,0x00000007d4a70000)
 ParOldGen       total 251584K, used 41596K [0x0000000700600000, 0x000000070fbb0000, 0x00000007aacb0000)
  object space 251584K, 16% used [0x0000000700600000,0x0000000702e9f1d8,0x000000070fbb0000)
 PSPermGen       total 39232K, used 17989K [0x00000006fb400000, 0x00000006fda50000, 0x0000000700600000)
  object space 39232K, 45% used [0x00000006fb400000,0x00000006fc5917f8,0x00000006fda50000)
}
Event: 13.771 GC heap before
{Heap before GC invocations=15 (full 3):
 PSYoungGen      total 520128K, used 492270K [0x00000007aacb0000, 0x00000007d4a70000, 0x0000000800000000)
  eden space 463168K, 100% used [0x00000007aacb0000,0x00000007c7100000,0x00000007c7100000)
  from space 56960K, 51% used [0x00000007c7100000,0x00000007c8d6b8c0,0x00000007ca8a0000)
  to   space 56000K, 0% used [0x00000007d13c0000,0x00000007d13c0000,0x00000007d4a70000)
 ParOldGen       total 251584K, used 169521K [0x0000000700600000, 0x000000070fbb0000, 0x00000007aacb0000)
  object space 251584K, 67% used [0x0000000700600000,0x000000070ab8c6c8,0x000000070fbb0000)
 PSPermGen       total 39232K, used 17996K [0x00000006fb400000, 0x00000006fda50000, 0x0000000700600000)
  object space 39232K, 45% used [0x00000006fb400000,0x00000006fc5933b8,0x00000006fda50000)
Event: 13.772 GC heap after
Heap after GC invocations=15 (full 3):
 PSYoungGen      total 598208K, used 224K [0x00000007aacb0000, 0x00000007d3b90000, 0x0000000800000000)
  eden space 557440K, 0% used [0x00000007aacb0000,0x00000007aacb0000,0x00000007ccd10000)
  from space 40768K, 0% used [0x00000007d13c0000,0x00000007d13f8000,0x00000007d3b90000)
  to   space 56576K, 0% used [0x00000007ccd10000,0x00000007ccd10000,0x00000007d0450000)
 ParOldGen       total 251584K, used 169521K [0x0000000700600000, 0x000000070fbb0000, 0x00000007aacb0000)
  object space 251584K, 67% used [0x0000000700600000,0x000000070ab8c6c8,0x000000070fbb0000)
 PSPermGen       total 39232K, used 17996K [0x00000006fb400000, 0x00000006fda50000, 0x0000000700600000)
  object space 39232K, 45% used [0x00000006fb400000,0x00000006fc5933b8,0x00000006fda50000)
}
Event: 14.888 GC heap before
{Heap before GC invocations=16 (full 4):
 PSYoungGen      total 598208K, used 557664K [0x00000007aacb0000, 0x00000007d3b90000, 0x0000000800000000)
  eden space 557440K, 100% used [0x00000007aacb0000,0x00000007ccd10000,0x00000007ccd10000)
  from space 40768K, 0% used [0x00000007d13c0000,0x00000007d13f8000,0x00000007d3b90000)
  to   space 56576K, 0% used [0x00000007ccd10000,0x00000007ccd10000,0x00000007d0450000)
 ParOldGen       total 251584K, used 240443K [0x0000000700600000, 0x000000070fbb0000, 0x00000007aacb0000)
  object space 251584K, 95% used [0x0000000700600000,0x000000070f0ceeb8,0x000000070fbb0000)
 PSPermGen       total 39232K, used 18002K [0x00000006fb400000, 0x00000006fda50000, 0x0000000700600000)
  object space 39232K, 45% used [0x00000006fb400000,0x00000006fc594b38,0x00000006fda50000)
Event: 14.913 GC heap after
Heap after GC invocations=16 (full 4):
 PSYoungGen      total 598208K, used 0K [0x00000007aacb0000, 0x00000007d3b90000, 0x0000000800000000)
  eden space 557440K, 0% used [0x00000007aacb0000,0x00000007aacb0000,0x00000007ccd10000)
  from space 40768K, 0% used [0x00000007d13c0000,0x00000007d13c0000,0x00000007d3b90000)
  to   space 56576K, 0% used [0x00000007ccd10000,0x00000007ccd10000,0x00000007d0450000)
 ParOldGen       total 312320K, used 31471K [0x0000000700600000, 0x0000000713700000, 0x00000007aacb0000)
  object space 312320K, 10% used [0x0000000700600000,0x00000007024bbd70,0x0000000713700000)
 PSPermGen       total 37696K, used 18002K [0x00000006fb400000, 0x00000006fd8d0000, 0x0000000700600000)
  object space 37696K, 47% used [0x00000006fb400000,0x00000006fc594b38,0x00000006fd8d0000)
}
Event: 16.271 GC heap before
{Heap before GC invocations=17 (full 4):
 PSYoungGen      total 598208K, used 556094K [0x00000007aacb0000, 0x00000007d3b90000, 0x0000000800000000)
  eden space 557440K, 99% used [0x00000007aacb0000,0x00000007ccbbfa10,0x00000007ccd10000)
  from space 40768K, 0% used [0x00000007d13c0000,0x00000007d13c0000,0x00000007d3b90000)
  to   space 56576K, 0% used [0x00000007ccd10000,0x00000007ccd10000,0x00000007d0450000)
 ParOldGen       total 312320K, used 43621K [0x0000000700600000, 0x0000000713700000, 0x00000007aacb0000)
  object space 312320K, 13% used [0x0000000700600000,0x0000000703099590,0x0000000713700000)
 PSPermGen       total 37696K, used 18008K [0x00000006fb400000, 0x00000006fd8d0000, 0x0000000700600000)
  object space 37696K, 47% used [0x00000006fb400000,0x00000006fc596230,0x00000006fd8d0000)
Event: 16.280 GC heap after
Heap after GC invocations=17 (full 4):
 PSYoungGen      total 614016K, used 35484K [0x00000007aacb0000, 0x00000007dab30000, 0x0000000800000000)
  eden space 557440K, 0% used [0x00000007aacb0000,0x00000007aacb0000,0x00000007ccd10000)
  from space 56576K, 62% used [0x00000007ccd10000,0x00000007cefb72a0,0x00000007d0450000)
  to   space 58432K, 0% used [0x00000007d7220000,0x00000007d7220000,0x00000007dab30000)
 ParOldGen       total 312320K, used 43621K [0x0000000700600000, 0x0000000713700000, 0x00000007aacb0000)
  object space 312320K, 13% used [0x0000000700600000,0x0000000703099590,0x0000000713700000)
 PSPermGen       total 37696K, used 18008K [0x00000006fb400000, 0x00000006fd8d0000, 0x0000000700600000)
  object space 37696K, 47% used [0x00000006fb400000,0x00000006fc596230,0x00000006fd8d0000)
}

