# JRE version: 7.0_07-b11
# Java VM: Java HotSpot(TM) 64-Bit Server VM (23.3-b01 mixed mode windows-amd64 compressed oops)
Heap
 PSYoungGen      total 997376K, used 284380K [0x00000007aacb0000, 0x00000007ecc30000, 0x0000000800000000)
  eden space 922432K, 25% used [0x00000007aacb0000,0x00000007b90b5a68,0x00000007e3180000)
  from space 74944K, 67% used [0x00000007e7c70000,0x00000007eae21700,0x00000007ec5a0000)
  to   space 76736K, 0% used [0x00000007e3180000,0x00000007e3180000,0x00000007e7c70000)
 ParOldGen       total 304576K, used 188343K [0x0000000700600000, 0x0000000712f70000, 0x00000007aacb0000)
  object space 304576K, 61% used [0x0000000700600000,0x000000070bdedc30,0x0000000712f70000)
 PSPermGen       total 36096K, used 18125K [0x00000006fb400000, 0x00000006fd740000, 0x0000000700600000)
  object space 36096K, 50% used [0x00000006fb400000,0x00000006fc5b3490,0x00000006fd740000)
GC Heap History (10 events):
Event: 28.018 GC heap before
{Heap before GC invocations=29 (full 5):
 PSYoungGen      total 770048K, used 713148K [0x00000007aacb0000, 0x00000007e3550000, 0x0000000800000000)
  eden space 697472K, 99% used [0x00000007aacb0000,0x00000007d5590378,0x00000007d55d0000)
  from space 72576K, 21% used [0x00000007d55d0000,0x00000007d655ece0,0x00000007d9cb0000)
  to   space 71680K, 0% used [0x00000007def50000,0x00000007def50000,0x00000007e3550000)
 ParOldGen       total 304576K, used 138131K [0x0000000700600000, 0x0000000712f70000, 0x00000007aacb0000)
  object space 304576K, 45% used [0x0000000700600000,0x0000000708ce4da8,0x0000000712f70000)
 PSPermGen       total 36096K, used 18088K [0x00000006fb400000, 0x00000006fd740000, 0x0000000700600000)
  object space 36096K, 50% used [0x00000006fb400000,0x00000006fc5aa390,0x00000006fd740000)
Event: 28.032 GC heap after
Heap after GC invocations=29 (full 5):
 PSYoungGen      total 851648K, used 50794K [0x00000007aacb0000, 0x00000007e4330000, 0x0000000800000000)
  eden space 779968K, 0% used [0x00000007aacb0000,0x00000007aacb0000,0x00000007da660000)
  from space 71680K, 70% used [0x00000007def50000,0x00000007e20ea890,0x00000007e3550000)
  to   space 74688K, 0% used [0x00000007da660000,0x00000007da660000,0x00000007def50000)
 ParOldGen       total 304576K, used 138131K [0x0000000700600000, 0x0000000712f70000, 0x00000007aacb0000)
  object space 304576K, 45% used [0x0000000700600000,0x0000000708ce4da8,0x0000000712f70000)
 PSPermGen       total 36096K, used 18088K [0x00000006fb400000, 0x00000006fd740000, 0x0000000700600000)
  object space 36096K, 50% used [0x00000006fb400000,0x00000006fc5aa390,0x00000006fd740000)
}
Event: 29.873 GC heap before
{Heap before GC invocations=30 (full 5):
 PSYoungGen      total 851648K, used 830762K [0x00000007aacb0000, 0x00000007e4330000, 0x0000000800000000)
  eden space 779968K, 100% used [0x00000007aacb0000,0x00000007da660000,0x00000007da660000)
  from space 71680K, 70% used [0x00000007def50000,0x00000007e20ea890,0x00000007e3550000)
  to   space 74688K, 0% used [0x00000007da660000,0x00000007da660000,0x00000007def50000)
 ParOldGen       total 304576K, used 184925K [0x0000000700600000, 0x0000000712f70000, 0x00000007aacb0000)
  object space 304576K, 60% used [0x0000000700600000,0x000000070ba97760,0x0000000712f70000)
 PSPermGen       total 36096K, used 18088K [0x00000006fb400000, 0x00000006fd740000, 0x0000000700600000)
  object space 36096K, 50% used [0x00000006fb400000,0x00000006fc5aa390,0x00000006fd740000)
Event: 29.880 GC heap after
Heap after GC invocations=30 (full 5):
 PSYoungGen      total 854656K, used 26360K [0x00000007aacb0000, 0x00000007e7a70000, 0x0000000800000000)
  eden space 779968K, 0% used [0x00000007aacb0000,0x00000007aacb0000,0x00000007da660000)
  from space 74688K, 35% used [0x00000007da660000,0x00000007dc01e020,0x00000007def50000)
  to   space 71872K, 0% used [0x00000007e3440000,0x00000007e3440000,0x00000007e7a70000)
 ParOldGen       total 304576K, used 184925K [0x0000000700600000, 0x0000000712f70000, 0x00000007aacb0000)
  object space 304576K, 60% used [0x0000000700600000,0x000000070ba97760,0x0000000712f70000)
 PSPermGen       total 36096K, used 18088K [0x00000006fb400000, 0x00000006fd740000, 0x0000000700600000)
  object space 36096K, 50% used [0x00000006fb400000,0x00000006fc5aa390,0x00000006fd740000)
}
Event: 31.605 GC heap before
{Heap before GC invocations=31 (full 5):
 PSYoungGen      total 854656K, used 805775K [0x00000007aacb0000, 0x00000007e7a70000, 0x0000000800000000)
  eden space 779968K, 99% used [0x00000007aacb0000,0x00000007da5d5f98,0x00000007da660000)
  from space 74688K, 35% used [0x00000007da660000,0x00000007dc01e020,0x00000007def50000)
  to   space 71872K, 0% used [0x00000007e3440000,0x00000007e3440000,0x00000007e7a70000)
 ParOldGen       total 304576K, used 184925K [0x0000000700600000, 0x0000000712f70000, 0x00000007aacb0000)
  object space 304576K, 60% used [0x0000000700600000,0x000000070ba97760,0x0000000712f70000)
 PSPermGen       total 36096K, used 18107K [0x00000006fb400000, 0x00000006fd740000, 0x0000000700600000)
  object space 36096K, 50% used [0x00000006fb400000,0x00000006fc5aee48,0x00000006fd740000)
Event: 31.620 GC heap after
Heap after GC invocations=31 (full 5):
 PSYoungGen      total 918400K, used 61927K [0x00000007aacb0000, 0x00000007e8dd0000, 0x0000000800000000)
  eden space 846528K, 0% used [0x00000007aacb0000,0x00000007aacb0000,0x00000007de760000)
  from space 71872K, 86% used [0x00000007e3440000,0x00000007e70b9fb0,0x00000007e7a70000)
  to   space 78720K, 0% used [0x00000007de760000,0x00000007de760000,0x00000007e3440000)
 ParOldGen       total 304576K, used 184925K [0x0000000700600000, 0x0000000712f70000, 0x00000007aacb0000)
  object space 304576K, 60% used [0x0000000700600000,0x000000070ba97760,0x0000000712f70000)
 PSPermGen       total 36096K, used 18107K [0x00000006fb400000, 0x00000006fd740000, 0x0000000700600000)
  object space 36096K, 50% used [0x00000006fb400000,0x00000006fc5aee48,0x00000006fd740000)
}
Event: 33.491 GC heap before
{Heap before GC invocations=32 (full 5):
 PSYoungGen      total 918400K, used 902582K [0x00000007aacb0000, 0x00000007e8dd0000, 0x0000000800000000)
  eden space 846528K, 99% used [0x00000007aacb0000,0x00000007de1a3be8,0x00000007de760000)
  from space 71872K, 86% used [0x00000007e3440000,0x00000007e70b9fb0,0x00000007e7a70000)
  to   space 78720K, 0% used [0x00000007de760000,0x00000007de760000,0x00000007e3440000)
 ParOldGen       total 304576K, used 184925K [0x0000000700600000, 0x0000000712f70000, 0x00000007aacb0000)
  object space 304576K, 60% used [0x0000000700600000,0x000000070ba97760,0x0000000712f70000)
 PSPermGen       total 36096K, used 18114K [0x00000006fb400000, 0x00000006fd740000, 0x0000000700600000)
  object space 36096K, 50% used [0x00000006fb400000,0x00000006fc5b0a20,0x00000006fd740000)
Event: 33.497 GC heap after
Heap after GC invocations=32 (full 5):
 PSYoungGen      total 925248K, used 32537K [0x00000007aacb0000, 0x00000007ec5a0000, 0x0000000800000000)
  eden space 846528K, 0% used [0x00000007aacb0000,0x00000007aacb0000,0x00000007de760000)
  from space 78720K, 41% used [0x00000007de760000,0x00000007e0726460,0x00000007e3440000)
  to   space 74944K, 0% used [0x00000007e7c70000,0x00000007e7c70000,0x00000007ec5a0000)
 ParOldGen       total 304576K, used 184925K [0x0000000700600000, 0x0000000712f70000, 0x00000007aacb0000)
  object space 304576K, 60% used [0x0000000700600000,0x000000070ba97760,0x0000000712f70000)
 PSPermGen       total 36096K, used 18114K [0x00000006fb400000, 0x00000006fd740000, 0x0000000700600000)
  object space 36096K, 50% used [0x00000006fb400000,0x00000006fc5b0a20,0x00000006fd740000)
}
Event: 35.351 GC heap before
{Heap before GC invocations=33 (full 5):
 PSYoungGen      total 925248K, used 876098K [0x00000007aacb0000, 0x00000007ec5a0000, 0x0000000800000000)
  eden space 846528K, 99% used [0x00000007aacb0000,0x00000007de47a6b0,0x00000007de760000)
  from space 78720K, 41% used [0x00000007de760000,0x00000007e0726460,0x00000007e3440000)
  to   space 74944K, 0% used [0x00000007e7c70000,0x00000007e7c70000,0x00000007ec5a0000)
 ParOldGen       total 304576K, used 188343K [0x0000000700600000, 0x0000000712f70000, 0x00000007aacb0000)
  object space 304576K, 61% used [0x0000000700600000,0x000000070bdedc30,0x0000000712f70000)
 PSPermGen       total 36096K, used 18117K [0x00000006fb400000, 0x00000006fd740000, 0x0000000700600000)
  object space 36096K, 50% used [0x00000006fb400000,0x00000006fc5b1788,0x00000006fd740000)
Event: 35.364 GC heap after
Heap after GC invocations=33 (full 5):
 PSYoungGen      total 997376K, used 50885K [0x00000007aacb0000, 0x00000007ecc30000, 0x0000000800000000)
  eden space 922432K, 0% used [0x00000007aacb0000,0x00000007aacb0000,0x00000007e3180000)
  from space 74944K, 67% used [0x00000007e7c70000,0x00000007eae21700,0x00000007ec5a0000)
  to   space 76736K, 0% used [0x00000007e3180000,0x00000007e3180000,0x00000007e7c70000)
 ParOldGen       total 304576K, used 188343K [0x0000000700600000, 0x0000000712f70000, 0x00000007aacb0000)
  object space 304576K, 61% used [0x0000000700600000,0x000000070bdedc30,0x0000000712f70000)
 PSPermGen       total 36096K, used 18117K [0x00000006fb400000, 0x00000006fd740000, 0x0000000700600000)
  object space 36096K, 50% used [0x00000006fb400000,0x00000006fc5b1788,0x00000006fd740000)
}

