# JRE version: 7.0_07-b11
# Java VM: Java HotSpot(TM) 64-Bit Server VM (23.3-b01 mixed mode windows-amd64 compressed oops)
Heap
 PSYoungGen      total 1185088K, used 336091K [0x00000007aacb0000, 0x00000007fc7d0000, 0x0000000800000000)
  eden space 1156352K, 26% used [0x00000007aacb0000,0x00000007bd8dfc10,0x00000007f15f0000)
  from space 28736K, 99% used [0x00000007f4750000,0x00000007f63572a0,0x00000007f6360000)
  to   space 91072K, 0% used [0x00000007f6ee0000,0x00000007f6ee0000,0x00000007fc7d0000)
 ParOldGen       total 311424K, used 62169K [0x0000000700600000, 0x0000000713620000, 0x00000007aacb0000)
  object space 311424K, 19% used [0x0000000700600000,0x00000007042b6500,0x0000000713620000)
 PSPermGen       total 34560K, used 18317K [0x00000006fb400000, 0x00000006fd5c0000, 0x0000000700600000)
  object space 34560K, 53% used [0x00000006fb400000,0x00000006fc5e34c8,0x00000006fd5c0000)
GC Heap History (10 events):
Event: 65.948 GC heap before
{Heap before GC invocations=29 (full 5):
 PSYoungGen      total 1299136K, used 1251462K [0x00000007aacb0000, 0x00000007ffdb0000, 0x0000000800000000)
  eden space 1202240K, 99% used [0x00000007aacb0000,0x00000007f3d2b238,0x00000007f42c0000)
  from space 96896K, 56% used [0x00000007f42c0000,0x00000007f78668a8,0x00000007fa160000)
  to   space 94528K, 0% used [0x00000007fa160000,0x00000007fa160000,0x00000007ffdb0000)
 ParOldGen       total 341888K, used 144913K [0x0000000700600000, 0x00000007153e0000, 0x00000007aacb0000)
  object space 341888K, 42% used [0x0000000700600000,0x0000000709384560,0x00000007153e0000)
 PSPermGen       total 36160K, used 18258K [0x00000006fb400000, 0x00000006fd750000, 0x0000000700600000)
  object space 36160K, 50% used [0x00000006fb400000,0x00000006fc5d4a08,0x00000006fd750000)
Event: 65.959 GC heap after
Heap after GC invocations=29 (full 5):
 PSYoungGen      total 1297280K, used 66361K [0x00000007aacb0000, 0x0000000800000000, 0x0000000800000000)
  eden space 1202752K, 0% used [0x00000007aacb0000,0x00000007aacb0000,0x00000007f4340000)
  from space 94528K, 70% used [0x00000007fa160000,0x00000007fe22e540,0x00000007ffdb0000)
  to   space 96384K, 0% used [0x00000007f4340000,0x00000007f4340000,0x00000007fa160000)
 ParOldGen       total 341888K, used 144913K [0x0000000700600000, 0x00000007153e0000, 0x00000007aacb0000)
  object space 341888K, 42% used [0x0000000700600000,0x0000000709384560,0x00000007153e0000)
 PSPermGen       total 36160K, used 18258K [0x00000006fb400000, 0x00000006fd750000, 0x0000000700600000)
  object space 36160K, 50% used [0x00000006fb400000,0x00000006fc5d4a08,0x00000006fd750000)
}
Event: 69.628 GC heap before
{Heap before GC invocations=30 (full 5):
 PSYoungGen      total 1297280K, used 1266305K [0x00000007aacb0000, 0x0000000800000000, 0x0000000800000000)
  eden space 1202752K, 99% used [0x00000007aacb0000,0x00000007f40820c0,0x00000007f4340000)
  from space 94528K, 70% used [0x00000007fa160000,0x00000007fe22e540,0x00000007ffdb0000)
  to   space 96384K, 0% used [0x00000007f4340000,0x00000007f4340000,0x00000007fa160000)
 ParOldGen       total 341888K, used 144913K [0x0000000700600000, 0x00000007153e0000, 0x00000007aacb0000)
  object space 341888K, 42% used [0x0000000700600000,0x0000000709384560,0x00000007153e0000)
 PSPermGen       total 36160K, used 18268K [0x00000006fb400000, 0x00000006fd750000, 0x0000000700600000)
  object space 36160K, 50% used [0x00000006fb400000,0x00000006fc5d7050,0x00000006fd750000)
Event: 69.636 GC heap after
Heap after GC invocations=30 (full 5):
 PSYoungGen      total 1257984K, used 55192K [0x00000007aacb0000, 0x00000007ffc30000, 0x0000000800000000)
  eden space 1202752K, 0% used [0x00000007aacb0000,0x00000007aacb0000,0x00000007f4340000)
  from space 55232K, 99% used [0x00000007f4340000,0x00000007f79261d8,0x00000007f7930000)
  to   space 93504K, 0% used [0x00000007fa0e0000,0x00000007fa0e0000,0x00000007ffc30000)
 ParOldGen       total 341888K, used 144921K [0x0000000700600000, 0x00000007153e0000, 0x00000007aacb0000)
  object space 341888K, 42% used [0x0000000700600000,0x0000000709386560,0x00000007153e0000)
 PSPermGen       total 36160K, used 18268K [0x00000006fb400000, 0x00000006fd750000, 0x0000000700600000)
  object space 36160K, 50% used [0x00000006fb400000,0x00000006fc5d7050,0x00000006fd750000)
}
Event: 73.193 GC heap before
{Heap before GC invocations=31 (full 5):
 PSYoungGen      total 1257984K, used 1252037K [0x00000007aacb0000, 0x00000007ffc30000, 0x0000000800000000)
  eden space 1202752K, 99% used [0x00000007aacb0000,0x00000007f3d7b3f8,0x00000007f4340000)
  from space 55232K, 99% used [0x00000007f4340000,0x00000007f79261d8,0x00000007f7930000)
  to   space 93504K, 0% used [0x00000007fa0e0000,0x00000007fa0e0000,0x00000007ffc30000)
 ParOldGen       total 341888K, used 150996K [0x0000000700600000, 0x00000007153e0000, 0x00000007aacb0000)
  object space 341888K, 44% used [0x0000000700600000,0x0000000709975170,0x00000007153e0000)
 PSPermGen       total 36160K, used 18271K [0x00000006fb400000, 0x00000006fd750000, 0x0000000700600000)
  object space 36160K, 50% used [0x00000006fb400000,0x00000006fc5d7d38,0x00000006fd750000)
Event: 73.198 GC heap after
Heap after GC invocations=31 (full 5):
 PSYoungGen      total 1300416K, used 36708K [0x00000007aacb0000, 0x0000000800000000, 0x0000000800000000)
  eden space 1206912K, 0% used [0x00000007aacb0000,0x00000007aacb0000,0x00000007f4750000)
  from space 93504K, 39% used [0x00000007fa0e0000,0x00000007fc4b9240,0x00000007ffc30000)
  to   space 91712K, 0% used [0x00000007f4750000,0x00000007f4750000,0x00000007fa0e0000)
 ParOldGen       total 341888K, used 150996K [0x0000000700600000, 0x00000007153e0000, 0x00000007aacb0000)
  object space 341888K, 44% used [0x0000000700600000,0x0000000709975170,0x00000007153e0000)
 PSPermGen       total 36160K, used 18271K [0x00000006fb400000, 0x00000006fd750000, 0x0000000700600000)
  object space 36160K, 50% used [0x00000006fb400000,0x00000006fc5d7d38,0x00000006fd750000)
}
Event: 77.892 GC heap before
{Heap before GC invocations=32 (full 6):
 PSYoungGen      total 1300416K, used 1242385K [0x00000007aacb0000, 0x0000000800000000, 0x0000000800000000)
  eden space 1206912K, 99% used [0x00000007aacb0000,0x00000007f461b440,0x00000007f4750000)
  from space 93504K, 39% used [0x00000007fa0e0000,0x00000007fc4b9240,0x00000007ffc30000)
  to   space 91712K, 0% used [0x00000007f4750000,0x00000007f4750000,0x00000007fa0e0000)
 ParOldGen       total 452864K, used 451330K [0x0000000700600000, 0x000000071c040000, 0x00000007aacb0000)
  object space 452864K, 99% used [0x0000000700600000,0x000000071bec08a0,0x000000071c040000)
 PSPermGen       total 36160K, used 18301K [0x00000006fb400000, 0x00000006fd750000, 0x0000000700600000)
  object space 36160K, 50% used [0x00000006fb400000,0x00000006fc5df580,0x00000006fd750000)
Event: 77.945 GC heap after
Heap after GC invocations=32 (full 6):
 PSYoungGen      total 1300416K, used 0K [0x00000007aacb0000, 0x0000000800000000, 0x0000000800000000)
  eden space 1206912K, 0% used [0x00000007aacb0000,0x00000007aacb0000,0x00000007f4750000)
  from space 93504K, 0% used [0x00000007fa0e0000,0x00000007fa0e0000,0x00000007ffc30000)
  to   space 91712K, 0% used [0x00000007f4750000,0x00000007f4750000,0x00000007fa0e0000)
 ParOldGen       total 311424K, used 56094K [0x0000000700600000, 0x0000000713620000, 0x00000007aacb0000)
  object space 311424K, 18% used [0x0000000700600000,0x0000000703cc78f0,0x0000000713620000)
 PSPermGen       total 34560K, used 18301K [0x00000006fb400000, 0x00000006fd5c0000, 0x0000000700600000)
  object space 34560K, 52% used [0x00000006fb400000,0x00000006fc5df400,0x00000006fd5c0000)
}
Event: 82.426 GC heap before
{Heap before GC invocations=33 (full 6):
 PSYoungGen      total 1300416K, used 1206487K [0x00000007aacb0000, 0x0000000800000000, 0x0000000800000000)
  eden space 1206912K, 99% used [0x00000007aacb0000,0x00000007f46e5c68,0x00000007f4750000)
  from space 93504K, 0% used [0x00000007fa0e0000,0x00000007fa0e0000,0x00000007ffc30000)
  to   space 91712K, 0% used [0x00000007f4750000,0x00000007f4750000,0x00000007fa0e0000)
 ParOldGen       total 311424K, used 62169K [0x0000000700600000, 0x0000000713620000, 0x00000007aacb0000)
  object space 311424K, 19% used [0x0000000700600000,0x00000007042b6500,0x0000000713620000)
 PSPermGen       total 34560K, used 18307K [0x00000006fb400000, 0x00000006fd5c0000, 0x0000000700600000)
  object space 34560K, 52% used [0x00000006fb400000,0x00000006fc5e0f58,0x00000006fd5c0000)
Event: 82.438 GC heap after
Heap after GC invocations=33 (full 6):
 PSYoungGen      total 1185088K, used 28700K [0x00000007aacb0000, 0x00000007fc7d0000, 0x0000000800000000)
  eden space 1156352K, 0% used [0x00000007aacb0000,0x00000007aacb0000,0x00000007f15f0000)
  from space 28736K, 99% used [0x00000007f4750000,0x00000007f63572a0,0x00000007f6360000)
  to   space 91072K, 0% used [0x00000007f6ee0000,0x00000007f6ee0000,0x00000007fc7d0000)
 ParOldGen       total 311424K, used 62169K [0x0000000700600000, 0x0000000713620000, 0x00000007aacb0000)
  object space 311424K, 19% used [0x0000000700600000,0x00000007042b6500,0x0000000713620000)
 PSPermGen       total 34560K, used 18307K [0x00000006fb400000, 0x00000006fd5c0000, 0x0000000700600000)
  object space 34560K, 52% used [0x00000006fb400000,0x00000006fc5e0f58,0x00000006fd5c0000)
}

