# JRE version: 7.0_07-b11
# Java VM: Java HotSpot(TM) 64-Bit Server VM (23.3-b01 mixed mode windows-amd64 compressed oops)
Heap
 PSYoungGen      total 762752K, used 760665K [0x00000007aacb0000, 0x00000007e1510000, 0x0000000800000000)
  eden space 706560K, 99% used [0x00000007aacb0000,0x00000007d5d288c8,0x00000007d5eb0000)
  from space 56192K, 99% used [0x00000007d5eb0000,0x00000007d950deb8,0x00000007d9590000)
  to   space 62528K, 0% used [0x00000007dd800000,0x00000007dd800000,0x00000007e1510000)
 ParOldGen       total 321280K, used 205310K [0x0000000700600000, 0x0000000713fc0000, 0x00000007aacb0000)
  object space 321280K, 63% used [0x0000000700600000,0x000000070ce7f9f0,0x0000000713fc0000)
 PSPermGen       total 38144K, used 18541K [0x00000006fb400000, 0x00000006fd940000, 0x0000000700600000)
  object space 38144K, 48% used [0x00000006fb400000,0x00000006fc61b5c8,0x00000006fd940000)
GC Heap History (10 events):
Event: 71.647 GC heap before
{Heap before GC invocations=47 (full 3):
 PSYoungGen      total 756032K, used 751974K [0x00000007aacb0000, 0x00000007de330000, 0x0000000800000000)
  eden space 726016K, 99% used [0x00000007aacb0000,0x00000007d6dc3338,0x00000007d71b0000)
  from space 30016K, 99% used [0x00000007d9650000,0x00000007db396870,0x00000007db3a0000)
  to   space 48704K, 0% used [0x00000007db3a0000,0x00000007db3a0000,0x00000007de330000)
 ParOldGen       total 247680K, used 206586K [0x0000000700600000, 0x000000070f7e0000, 0x00000007aacb0000)
  object space 247680K, 83% used [0x0000000700600000,0x000000070cfbe8c8,0x000000070f7e0000)
 PSPermGen       total 39872K, used 18532K [0x00000006fb400000, 0x00000006fdaf0000, 0x0000000700600000)
  object space 39872K, 46% used [0x00000006fb400000,0x00000006fc619010,0x00000006fdaf0000)
Event: 71.662 GC heap after
Heap after GC invocations=47 (full 3):
 PSYoungGen      total 788032K, used 47532K [0x00000007aacb0000, 0x00000007e2480000, 0x0000000800000000)
  eden space 739328K, 0% used [0x00000007aacb0000,0x00000007aacb0000,0x00000007d7eb0000)
  from space 48704K, 97% used [0x00000007db3a0000,0x00000007de20b3e0,0x00000007de330000)
  to   space 54208K, 0% used [0x00000007d7eb0000,0x00000007d7eb0000,0x00000007db3a0000)
 ParOldGen       total 247680K, used 227655K [0x0000000700600000, 0x000000070f7e0000, 0x00000007aacb0000)
  object space 247680K, 91% used [0x0000000700600000,0x000000070e451de8,0x000000070f7e0000)
 PSPermGen       total 39872K, used 18532K [0x00000006fb400000, 0x00000006fdaf0000, 0x0000000700600000)
  object space 39872K, 46% used [0x00000006fb400000,0x00000006fc619010,0x00000006fdaf0000)
}
Event: 71.662 GC heap before
{Heap before GC invocations=48 (full 4):
 PSYoungGen      total 788032K, used 47532K [0x00000007aacb0000, 0x00000007e2480000, 0x0000000800000000)
  eden space 739328K, 0% used [0x00000007aacb0000,0x00000007aacb0000,0x00000007d7eb0000)
  from space 48704K, 97% used [0x00000007db3a0000,0x00000007de20b3e0,0x00000007de330000)
  to   space 54208K, 0% used [0x00000007d7eb0000,0x00000007d7eb0000,0x00000007db3a0000)
 ParOldGen       total 247680K, used 227655K [0x0000000700600000, 0x000000070f7e0000, 0x00000007aacb0000)
  object space 247680K, 91% used [0x0000000700600000,0x000000070e451de8,0x000000070f7e0000)
 PSPermGen       total 39872K, used 18532K [0x00000006fb400000, 0x00000006fdaf0000, 0x0000000700600000)
  object space 39872K, 46% used [0x00000006fb400000,0x00000006fc619010,0x00000006fdaf0000)
Event: 71.694 GC heap after
Heap after GC invocations=48 (full 4):
 PSYoungGen      total 788032K, used 0K [0x00000007aacb0000, 0x00000007e2480000, 0x0000000800000000)
  eden space 739328K, 0% used [0x00000007aacb0000,0x00000007aacb0000,0x00000007d7eb0000)
  from space 48704K, 0% used [0x00000007db3a0000,0x00000007db3a0000,0x00000007de330000)
  to   space 54208K, 0% used [0x00000007d7eb0000,0x00000007d7eb0000,0x00000007db3a0000)
 ParOldGen       total 321280K, used 72315K [0x0000000700600000, 0x0000000713fc0000, 0x00000007aacb0000)
  object space 321280K, 22% used [0x0000000700600000,0x0000000704c9ef90,0x0000000713fc0000)
 PSPermGen       total 38144K, used 18531K [0x00000006fb400000, 0x00000006fd940000, 0x0000000700600000)
  object space 38144K, 48% used [0x00000006fb400000,0x00000006fc618e70,0x00000006fd940000)
}
Event: 73.231 GC heap before
{Heap before GC invocations=49 (full 4):
 PSYoungGen      total 788032K, used 737177K [0x00000007aacb0000, 0x00000007e2480000, 0x0000000800000000)
  eden space 739328K, 99% used [0x00000007aacb0000,0x00000007d7c96480,0x00000007d7eb0000)
  from space 48704K, 0% used [0x00000007db3a0000,0x00000007db3a0000,0x00000007de330000)
  to   space 54208K, 0% used [0x00000007d7eb0000,0x00000007d7eb0000,0x00000007db3a0000)
 ParOldGen       total 321280K, used 72315K [0x0000000700600000, 0x0000000713fc0000, 0x00000007aacb0000)
  object space 321280K, 22% used [0x0000000700600000,0x0000000704c9ef90,0x0000000713fc0000)
 PSPermGen       total 38144K, used 18532K [0x00000006fb400000, 0x00000006fd940000, 0x0000000700600000)
  object space 38144K, 48% used [0x00000006fb400000,0x00000006fc619260,0x00000006fd940000)
Event: 73.239 GC heap after
Heap after GC invocations=49 (full 4):
 PSYoungGen      total 748288K, used 37153K [0x00000007aacb0000, 0x00000007dcd40000, 0x0000000800000000)
  eden space 711104K, 0% used [0x00000007aacb0000,0x00000007aacb0000,0x00000007d6320000)
  from space 37184K, 99% used [0x00000007d7eb0000,0x00000007da2f8540,0x00000007da300000)
  to   space 43264K, 0% used [0x00000007da300000,0x00000007da300000,0x00000007dcd40000)
 ParOldGen       total 321280K, used 72315K [0x0000000700600000, 0x0000000713fc0000, 0x00000007aacb0000)
  object space 321280K, 22% used [0x0000000700600000,0x0000000704c9ef90,0x0000000713fc0000)
 PSPermGen       total 38144K, used 18532K [0x00000006fb400000, 0x00000006fd940000, 0x0000000700600000)
  object space 38144K, 48% used [0x00000006fb400000,0x00000006fc619260,0x00000006fd940000)
}
Event: 74.860 GC heap before
{Heap before GC invocations=50 (full 4):
 PSYoungGen      total 748288K, used 744527K [0x00000007aacb0000, 0x00000007dcd40000, 0x0000000800000000)
  eden space 711104K, 99% used [0x00000007aacb0000,0x00000007d5f7b860,0x00000007d6320000)
  from space 37184K, 99% used [0x00000007d7eb0000,0x00000007da2f8540,0x00000007da300000)
  to   space 43264K, 0% used [0x00000007da300000,0x00000007da300000,0x00000007dcd40000)
 ParOldGen       total 321280K, used 72315K [0x0000000700600000, 0x0000000713fc0000, 0x00000007aacb0000)
  object space 321280K, 22% used [0x0000000700600000,0x0000000704c9ef90,0x0000000713fc0000)
 PSPermGen       total 38144K, used 18540K [0x00000006fb400000, 0x00000006fd940000, 0x0000000700600000)
  object space 38144K, 48% used [0x00000006fb400000,0x00000006fc61b1d0,0x00000006fd940000)
Event: 74.869 GC heap after
Heap after GC invocations=50 (full 4):
 PSYoungGen      total 726656K, used 42420K [0x00000007aacb0000, 0x00000007dcc70000, 0x0000000800000000)
  eden space 684224K, 0% used [0x00000007aacb0000,0x00000007aacb0000,0x00000007d48e0000)
  from space 42432K, 99% used [0x00000007da300000,0x00000007dcc6d388,0x00000007dcc70000)
  to   space 56192K, 0% used [0x00000007d5eb0000,0x00000007d5eb0000,0x00000007d9590000)
 ParOldGen       total 321280K, used 86166K [0x0000000700600000, 0x0000000713fc0000, 0x00000007aacb0000)
  object space 321280K, 26% used [0x0000000700600000,0x0000000705a25860,0x0000000713fc0000)
 PSPermGen       total 38144K, used 18540K [0x00000006fb400000, 0x00000006fd940000, 0x0000000700600000)
  object space 38144K, 48% used [0x00000006fb400000,0x00000006fc61b1d0,0x00000006fd940000)
}
Event: 76.445 GC heap before
{Heap before GC invocations=51 (full 4):
 PSYoungGen      total 726656K, used 725157K [0x00000007aacb0000, 0x00000007dcc70000, 0x0000000800000000)
  eden space 684224K, 99% used [0x00000007aacb0000,0x00000007d476c118,0x00000007d48e0000)
  from space 42432K, 99% used [0x00000007da300000,0x00000007dcc6d388,0x00000007dcc70000)
  to   space 56192K, 0% used [0x00000007d5eb0000,0x00000007d5eb0000,0x00000007d9590000)
 ParOldGen       total 321280K, used 88191K [0x0000000700600000, 0x0000000713fc0000, 0x00000007aacb0000)
  object space 321280K, 27% used [0x0000000700600000,0x0000000705c1fc70,0x0000000713fc0000)
 PSPermGen       total 38144K, used 18541K [0x00000006fb400000, 0x00000006fd940000, 0x0000000700600000)
  object space 38144K, 48% used [0x00000006fb400000,0x00000006fc61b520,0x00000006fd940000)
Event: 76.458 GC heap after
Heap after GC invocations=51 (full 4):
 PSYoungGen      total 762752K, used 55671K [0x00000007aacb0000, 0x00000007e1510000, 0x0000000800000000)
  eden space 706560K, 0% used [0x00000007aacb0000,0x00000007aacb0000,0x00000007d5eb0000)
  from space 56192K, 99% used [0x00000007d5eb0000,0x00000007d950deb8,0x00000007d9590000)
  to   space 62528K, 0% used [0x00000007dd800000,0x00000007dd800000,0x00000007e1510000)
 ParOldGen       total 321280K, used 122443K [0x0000000700600000, 0x0000000713fc0000, 0x00000007aacb0000)
  object space 321280K, 38% used [0x0000000700600000,0x0000000707d92d80,0x0000000713fc0000)
 PSPermGen       total 38144K, used 18541K [0x00000006fb400000, 0x00000006fd940000, 0x0000000700600000)
  object space 38144K, 48% used [0x00000006fb400000,0x00000006fc61b520,0x00000006fd940000)
}

