# JRE version: 7.0_07-b11
# Java VM: Java HotSpot(TM) 64-Bit Server VM (23.3-b01 mixed mode windows-amd64 compressed oops)
Heap
 PSYoungGen      total 1097792K, used 525746K [0x00000007aacb0000, 0x00000007f6d20000, 0x0000000800000000)
  eden space 1025920K, 47% used [0x00000007aacb0000,0x00000007c8c16b08,0x00000007e9690000)
  from space 71872K, 48% used [0x00000007edb00000,0x00000007efd05ea0,0x00000007f2130000)
  to   space 70080K, 0% used [0x00000007e9690000,0x00000007e9690000,0x00000007edb00000)
 ParOldGen       total 158080K, used 88464K [0x0000000700600000, 0x000000070a060000, 0x00000007aacb0000)
  object space 158080K, 55% used [0x0000000700600000,0x0000000705c64000,0x000000070a060000)
 PSPermGen       total 36736K, used 18216K [0x00000006fb400000, 0x00000006fd7e0000, 0x0000000700600000)
  object space 36736K, 49% used [0x00000006fb400000,0x00000006fc5ca390,0x00000006fd7e0000)
GC Heap History (10 events):
Event: 8.833 GC heap before
{Heap before GC invocations=9 (full 0):
 PSYoungGen      total 576768K, used 549838K [0x00000007aacb0000, 0x00000007d1830000, 0x0000000800000000)
  eden space 521472K, 99% used [0x00000007aacb0000,0x00000007ca930278,0x00000007ca9f0000)
  from space 55296K, 52% used [0x00000007ce230000,0x00000007cfea38c0,0x00000007d1830000)
  to   space 56448K, 0% used [0x00000007ca9f0000,0x00000007ca9f0000,0x00000007ce110000)
 ParOldGen       total 174528K, used 85981K [0x0000000700600000, 0x000000070b070000, 0x00000007aacb0000)
  object space 174528K, 49% used [0x0000000700600000,0x00000007059f7710,0x000000070b070000)
 PSPermGen       total 21248K, used 18073K [0x00000006fb400000, 0x00000006fc8c0000, 0x0000000700600000)
  object space 21248K, 85% used [0x00000006fb400000,0x00000006fc5a6710,0x00000006fc8c0000)
Event: 8.851 GC heap after
Heap after GC invocations=9 (full 0):
 PSYoungGen      total 577920K, used 54557K [0x00000007aacb0000, 0x00000007e5b80000, 0x0000000800000000)
  eden space 521472K, 0% used [0x00000007aacb0000,0x00000007aacb0000,0x00000007ca9f0000)
  from space 56448K, 96% used [0x00000007ca9f0000,0x00000007cdf377a0,0x00000007ce110000)
  to   space 65536K, 0% used [0x00000007e1b80000,0x00000007e1b80000,0x00000007e5b80000)
 ParOldGen       total 174528K, used 95423K [0x0000000700600000, 0x000000070b070000, 0x00000007aacb0000)
  object space 174528K, 54% used [0x0000000700600000,0x000000070632fcf0,0x000000070b070000)
 PSPermGen       total 21248K, used 18073K [0x00000006fb400000, 0x00000006fc8c0000, 0x0000000700600000)
  object space 21248K, 85% used [0x00000006fb400000,0x00000006fc5a6710,0x00000006fc8c0000)
}
Event: 10.508 GC heap before
{Heap before GC invocations=10 (full 1):
 PSYoungGen      total 577920K, used 576019K [0x00000007aacb0000, 0x00000007e5b80000, 0x0000000800000000)
  eden space 521472K, 99% used [0x00000007aacb0000,0x00000007ca9ed530,0x00000007ca9f0000)
  from space 56448K, 96% used [0x00000007ca9f0000,0x00000007cdf377a0,0x00000007ce110000)
  to   space 65536K, 0% used [0x00000007e1b80000,0x00000007e1b80000,0x00000007e5b80000)
 ParOldGen       total 400768K, used 399925K [0x0000000700600000, 0x0000000718d60000, 0x00000007aacb0000)
  object space 400768K, 99% used [0x0000000700600000,0x0000000718c8d4a0,0x0000000718d60000)
 PSPermGen       total 21248K, used 18092K [0x00000006fb400000, 0x00000006fc8c0000, 0x0000000700600000)
  object space 21248K, 85% used [0x00000006fb400000,0x00000006fc5ab0a0,0x00000006fc8c0000)
Event: 10.592 GC heap after
Heap after GC invocations=10 (full 1):
 PSYoungGen      total 577920K, used 0K [0x00000007aacb0000, 0x00000007e5b80000, 0x0000000800000000)
  eden space 521472K, 0% used [0x00000007aacb0000,0x00000007aacb0000,0x00000007ca9f0000)
  from space 56448K, 0% used [0x00000007ca9f0000,0x00000007ca9f0000,0x00000007ce110000)
  to   space 65536K, 0% used [0x00000007e1b80000,0x00000007e1b80000,0x00000007e5b80000)
 ParOldGen       total 158080K, used 47868K [0x0000000700600000, 0x000000070a060000, 0x00000007aacb0000)
  object space 158080K, 30% used [0x0000000700600000,0x00000007034bf350,0x000000070a060000)
 PSPermGen       total 36736K, used 18085K [0x00000006fb400000, 0x00000006fd7e0000, 0x0000000700600000)
  object space 36736K, 49% used [0x00000006fb400000,0x00000006fc5a9528,0x00000006fd7e0000)
}
Event: 11.999 GC heap before
{Heap before GC invocations=11 (full 1):
 PSYoungGen      total 577920K, used 519857K [0x00000007aacb0000, 0x00000007e5b80000, 0x0000000800000000)
  eden space 521472K, 99% used [0x00000007aacb0000,0x00000007ca85c520,0x00000007ca9f0000)
  from space 56448K, 0% used [0x00000007ca9f0000,0x00000007ca9f0000,0x00000007ce110000)
  to   space 65536K, 0% used [0x00000007e1b80000,0x00000007e1b80000,0x00000007e5b80000)
 ParOldGen       total 158080K, used 47868K [0x0000000700600000, 0x000000070a060000, 0x00000007aacb0000)
  object space 158080K, 30% used [0x0000000700600000,0x00000007034bf350,0x000000070a060000)
 PSPermGen       total 36736K, used 18104K [0x00000006fb400000, 0x00000006fd7e0000, 0x0000000700600000)
  object space 36736K, 49% used [0x00000006fb400000,0x00000006fc5ae150,0x00000006fd7e0000)
Event: 12.013 GC heap after
Heap after GC invocations=11 (full 1):
 PSYoungGen      total 795392K, used 57081K [0x00000007aacb0000, 0x00000007e5340000, 0x0000000800000000)
  eden space 738304K, 0% used [0x00000007aacb0000,0x00000007aacb0000,0x00000007d7db0000)
  from space 57088K, 99% used [0x00000007e1b80000,0x00000007e533e6f0,0x00000007e5340000)
  to   space 72960K, 0% used [0x00000007dc4c0000,0x00000007dc4c0000,0x00000007e0c00000)
 ParOldGen       total 158080K, used 47868K [0x0000000700600000, 0x000000070a060000, 0x00000007aacb0000)
  object space 158080K, 30% used [0x0000000700600000,0x00000007034bf350,0x000000070a060000)
 PSPermGen       total 36736K, used 18104K [0x00000006fb400000, 0x00000006fd7e0000, 0x0000000700600000)
  object space 36736K, 49% used [0x00000006fb400000,0x00000006fc5ae150,0x00000006fd7e0000)
}
Event: 14.736 GC heap before
{Heap before GC invocations=12 (full 1):
 PSYoungGen      total 795392K, used 789467K [0x00000007aacb0000, 0x00000007e5340000, 0x0000000800000000)
  eden space 738304K, 99% used [0x00000007aacb0000,0x00000007d77e8890,0x00000007d7db0000)
  from space 57088K, 99% used [0x00000007e1b80000,0x00000007e533e6f0,0x00000007e5340000)
  to   space 72960K, 0% used [0x00000007dc4c0000,0x00000007dc4c0000,0x00000007e0c00000)
 ParOldGen       total 158080K, used 47868K [0x0000000700600000, 0x000000070a060000, 0x00000007aacb0000)
  object space 158080K, 30% used [0x0000000700600000,0x00000007034bf350,0x000000070a060000)
 PSPermGen       total 36736K, used 18112K [0x00000006fb400000, 0x00000006fd7e0000, 0x0000000700600000)
  object space 36736K, 49% used [0x00000006fb400000,0x00000006fc5b03b8,0x00000006fd7e0000)
Event: 14.745 GC heap after
Heap after GC invocations=12 (full 1):
 PSYoungGen      total 884032K, used 10507K [0x00000007aacb0000, 0x00000007f2130000, 0x0000000800000000)
  eden space 811072K, 0% used [0x00000007aacb0000,0x00000007aacb0000,0x00000007dc4c0000)
  from space 72960K, 14% used [0x00000007dc4c0000,0x00000007dcf02e70,0x00000007e0c00000)
  to   space 71872K, 0% used [0x00000007edb00000,0x00000007edb00000,0x00000007f2130000)
 ParOldGen       total 158080K, used 88416K [0x0000000700600000, 0x000000070a060000, 0x00000007aacb0000)
  object space 158080K, 55% used [0x0000000700600000,0x0000000705c58000,0x000000070a060000)
 PSPermGen       total 36736K, used 18112K [0x00000006fb400000, 0x00000006fd7e0000, 0x0000000700600000)
  object space 36736K, 49% used [0x00000006fb400000,0x00000006fc5b03b8,0x00000006fd7e0000)
}
Event: 17.664 GC heap before
{Heap before GC invocations=13 (full 1):
 PSYoungGen      total 884032K, used 817013K [0x00000007aacb0000, 0x00000007f2130000, 0x0000000800000000)
  eden space 811072K, 99% used [0x00000007aacb0000,0x00000007dc04a5c0,0x00000007dc4c0000)
  from space 72960K, 14% used [0x00000007dc4c0000,0x00000007dcf02e70,0x00000007e0c00000)
  to   space 71872K, 0% used [0x00000007edb00000,0x00000007edb00000,0x00000007f2130000)
 ParOldGen       total 158080K, used 88416K [0x0000000700600000, 0x000000070a060000, 0x00000007aacb0000)
  object space 158080K, 55% used [0x0000000700600000,0x0000000705c58000,0x000000070a060000)
 PSPermGen       total 36736K, used 18205K [0x00000006fb400000, 0x00000006fd7e0000, 0x0000000700600000)
  object space 36736K, 49% used [0x00000006fb400000,0x00000006fc5c7490,0x00000006fd7e0000)
Event: 17.676 GC heap after
Heap after GC invocations=13 (full 1):
 PSYoungGen      total 1097792K, used 34839K [0x00000007aacb0000, 0x00000007f6d20000, 0x0000000800000000)
  eden space 1025920K, 0% used [0x00000007aacb0000,0x00000007aacb0000,0x00000007e9690000)
  from space 71872K, 48% used [0x00000007edb00000,0x00000007efd05ea0,0x00000007f2130000)
  to   space 70080K, 0% used [0x00000007e9690000,0x00000007e9690000,0x00000007edb00000)
 ParOldGen       total 158080K, used 88464K [0x0000000700600000, 0x000000070a060000, 0x00000007aacb0000)
  object space 158080K, 55% used [0x0000000700600000,0x0000000705c64000,0x000000070a060000)
 PSPermGen       total 36736K, used 18205K [0x00000006fb400000, 0x00000006fd7e0000, 0x0000000700600000)
  object space 36736K, 49% used [0x00000006fb400000,0x00000006fc5c7490,0x00000006fd7e0000)
}

