# JRE version: 7.0_07-b11
# Java VM: Java HotSpot(TM) 64-Bit Server VM (23.3-b01 mixed mode windows-amd64 compressed oops)
Heap
 PSYoungGen      total 544128K, used 515200K [0x00000007aacb0000, 0x00000007e0e10000, 0x0000000800000000)
  eden space 515200K, 100% used [0x00000007aacb0000,0x00000007ca3d0000,0x00000007ca3d0000)
  from space 28928K, 0% used [0x00000007ca3d0000,0x00000007ca3d0000,0x00000007cc010000)
  to   space 30912K, 0% used [0x00000007defe0000,0x00000007defe0000,0x00000007e0e10000)
 ParOldGen       total 157824K, used 155469K [0x0000000700600000, 0x000000070a020000, 0x00000007aacb0000)
  object space 157824K, 98% used [0x0000000700600000,0x0000000709dd3410,0x000000070a020000)
 PSPermGen       total 36736K, used 18128K [0x00000006fb400000, 0x00000006fd7e0000, 0x0000000700600000)
  object space 36736K, 49% used [0x00000006fb400000,0x00000006fc5b42a0,0x00000006fd7e0000)
GC Heap History (10 events):
Event: 4.198 GC heap before
{Heap before GC invocations=6 (full 0):
 PSYoungGen      total 141824K, used 136293K [0x00000007aacb0000, 0x00000007bdb70000, 0x0000000800000000)
  eden space 130944K, 95% used [0x00000007aacb0000,0x00000007b272ae10,0x00000007b2c90000)
  from space 10880K, 99% used [0x00000007b2c90000,0x00000007b372e630,0x00000007b3730000)
  to   space 24064K, 0% used [0x00000007bc3f0000,0x00000007bc3f0000,0x00000007bdb70000)
 ParOldGen       total 174528K, used 63669K [0x0000000700600000, 0x000000070b070000, 0x00000007aacb0000)
  object space 174528K, 36% used [0x0000000700600000,0x000000070442d6d0,0x000000070b070000)
 PSPermGen       total 21248K, used 17760K [0x00000006fb400000, 0x00000006fc8c0000, 0x0000000700600000)
  object space 21248K, 83% used [0x00000006fb400000,0x00000006fc558330,0x00000006fc8c0000)
Event: 4.209 GC heap after
Heap after GC invocations=6 (full 0):
 PSYoungGen      total 282176K, used 24051K [0x00000007aacb0000, 0x00000007be2d0000, 0x0000000800000000)
  eden space 258112K, 0% used [0x00000007aacb0000,0x00000007aacb0000,0x00000007ba8c0000)
  from space 24064K, 99% used [0x00000007bc3f0000,0x00000007bdb6cec0,0x00000007bdb70000)
  to   space 27840K, 0% used [0x00000007ba8c0000,0x00000007ba8c0000,0x00000007bc3f0000)
 ParOldGen       total 174528K, used 70125K [0x0000000700600000, 0x000000070b070000, 0x00000007aacb0000)
  object space 174528K, 40% used [0x0000000700600000,0x0000000704a7b7e0,0x000000070b070000)
 PSPermGen       total 21248K, used 17760K [0x00000006fb400000, 0x00000006fc8c0000, 0x0000000700600000)
  object space 21248K, 83% used [0x00000006fb400000,0x00000006fc558330,0x00000006fc8c0000)
}
Event: 5.119 GC heap before
{Heap before GC invocations=7 (full 0):
 PSYoungGen      total 282176K, used 280651K [0x00000007aacb0000, 0x00000007be2d0000, 0x0000000800000000)
  eden space 258112K, 99% used [0x00000007aacb0000,0x00000007ba746088,0x00000007ba8c0000)
  from space 24064K, 99% used [0x00000007bc3f0000,0x00000007bdb6cec0,0x00000007bdb70000)
  to   space 27840K, 0% used [0x00000007ba8c0000,0x00000007ba8c0000,0x00000007bc3f0000)
 ParOldGen       total 174528K, used 70125K [0x0000000700600000, 0x000000070b070000, 0x00000007aacb0000)
  object space 174528K, 40% used [0x0000000700600000,0x0000000704a7b7e0,0x000000070b070000)
 PSPermGen       total 21248K, used 17967K [0x00000006fb400000, 0x00000006fc8c0000, 0x0000000700600000)
  object space 21248K, 84% used [0x00000006fb400000,0x00000006fc58bf68,0x00000006fc8c0000)
Event: 5.131 GC heap after
Heap after GC invocations=7 (full 0):
 PSYoungGen      total 285952K, used 22648K [0x00000007aacb0000, 0x00000007cdb50000, 0x0000000800000000)
  eden space 258112K, 0% used [0x00000007aacb0000,0x00000007aacb0000,0x00000007ba8c0000)
  from space 27840K, 81% used [0x00000007ba8c0000,0x00000007bbede000,0x00000007bc3f0000)
  to   space 27904K, 0% used [0x00000007cc010000,0x00000007cc010000,0x00000007cdb50000)
 ParOldGen       total 174528K, used 85711K [0x0000000700600000, 0x000000070b070000, 0x00000007aacb0000)
  object space 174528K, 49% used [0x0000000700600000,0x00000007059b3e98,0x000000070b070000)
 PSPermGen       total 21248K, used 17967K [0x00000006fb400000, 0x00000006fc8c0000, 0x0000000700600000)
  object space 21248K, 84% used [0x00000006fb400000,0x00000006fc58bf68,0x00000006fc8c0000)
}
Event: 5.702 GC heap before
{Heap before GC invocations=8 (full 0):
 PSYoungGen      total 285952K, used 277993K [0x00000007aacb0000, 0x00000007cdb50000, 0x0000000800000000)
  eden space 258112K, 98% used [0x00000007aacb0000,0x00000007ba60c518,0x00000007ba8c0000)
  from space 27840K, 81% used [0x00000007ba8c0000,0x00000007bbede000,0x00000007bc3f0000)
  to   space 27904K, 0% used [0x00000007cc010000,0x00000007cc010000,0x00000007cdb50000)
 ParOldGen       total 174528K, used 85711K [0x0000000700600000, 0x000000070b070000, 0x00000007aacb0000)
  object space 174528K, 49% used [0x0000000700600000,0x00000007059b3e98,0x000000070b070000)
 PSPermGen       total 21248K, used 18032K [0x00000006fb400000, 0x00000006fc8c0000, 0x0000000700600000)
  object space 21248K, 84% used [0x00000006fb400000,0x00000006fc59c278,0x00000006fc8c0000)
Event: 5.717 GC heap after
Heap after GC invocations=8 (full 0):
 PSYoungGen      total 543104K, used 27808K [0x00000007aacb0000, 0x00000007cdd50000, 0x0000000800000000)
  eden space 515200K, 0% used [0x00000007aacb0000,0x00000007aacb0000,0x00000007ca3d0000)
  from space 27904K, 99% used [0x00000007cc010000,0x00000007cdb38150,0x00000007cdb50000)
  to   space 28928K, 0% used [0x00000007ca3d0000,0x00000007ca3d0000,0x00000007cc010000)
 ParOldGen       total 174528K, used 112947K [0x0000000700600000, 0x000000070b070000, 0x00000007aacb0000)
  object space 174528K, 64% used [0x0000000700600000,0x000000070744cf48,0x000000070b070000)
 PSPermGen       total 21248K, used 18032K [0x00000006fb400000, 0x00000006fc8c0000, 0x0000000700600000)
  object space 21248K, 84% used [0x00000006fb400000,0x00000006fc59c278,0x00000006fc8c0000)
}
Event: 6.831 GC heap before
{Heap before GC invocations=9 (full 0):
 PSYoungGen      total 543104K, used 541204K [0x00000007aacb0000, 0x00000007cdd50000, 0x0000000800000000)
  eden space 515200K, 99% used [0x00000007aacb0000,0x00000007ca20cef8,0x00000007ca3d0000)
  from space 27904K, 99% used [0x00000007cc010000,0x00000007cdb38150,0x00000007cdb50000)
  to   space 28928K, 0% used [0x00000007ca3d0000,0x00000007ca3d0000,0x00000007cc010000)
 ParOldGen       total 174528K, used 119022K [0x0000000700600000, 0x000000070b070000, 0x00000007aacb0000)
  object space 174528K, 68% used [0x0000000700600000,0x0000000707a3bb58,0x000000070b070000)
 PSPermGen       total 21248K, used 18086K [0x00000006fb400000, 0x00000006fc8c0000, 0x0000000700600000)
  object space 21248K, 85% used [0x00000006fb400000,0x00000006fc5a9bf0,0x00000006fc8c0000)
Event: 6.837 GC heap after
Heap after GC invocations=9 (full 0):
 PSYoungGen      total 544128K, used 11764K [0x00000007aacb0000, 0x00000007e0e10000, 0x0000000800000000)
  eden space 515200K, 0% used [0x00000007aacb0000,0x00000007aacb0000,0x00000007ca3d0000)
  from space 28928K, 40% used [0x00000007ca3d0000,0x00000007caf4d180,0x00000007cc010000)
  to   space 30912K, 0% used [0x00000007defe0000,0x00000007defe0000,0x00000007e0e10000)
 ParOldGen       total 174528K, used 120448K [0x0000000700600000, 0x000000070b070000, 0x00000007aacb0000)
  object space 174528K, 69% used [0x0000000700600000,0x0000000707ba00a8,0x000000070b070000)
 PSPermGen       total 21248K, used 18086K [0x00000006fb400000, 0x00000006fc8c0000, 0x0000000700600000)
  object space 21248K, 85% used [0x00000006fb400000,0x00000006fc5a9bf0,0x00000006fc8c0000)
}
Event: 8.628 GC heap before
{Heap before GC invocations=10 (full 1):
 PSYoungGen      total 544128K, used 526964K [0x00000007aacb0000, 0x00000007e0e10000, 0x0000000800000000)
  eden space 515200K, 100% used [0x00000007aacb0000,0x00000007ca3d0000,0x00000007ca3d0000)
  from space 28928K, 40% used [0x00000007ca3d0000,0x00000007caf4d180,0x00000007cc010000)
  to   space 30912K, 0% used [0x00000007defe0000,0x00000007defe0000,0x00000007e0e10000)
 ParOldGen       total 360256K, used 358683K [0x0000000700600000, 0x00000007165d0000, 0x00000007aacb0000)
  object space 360256K, 99% used [0x0000000700600000,0x0000000716446ee8,0x00000007165d0000)
 PSPermGen       total 21248K, used 18101K [0x00000006fb400000, 0x00000006fc8c0000, 0x0000000700600000)
  object space 21248K, 85% used [0x00000006fb400000,0x00000006fc5ad648,0x00000006fc8c0000)
Event: 8.704 GC heap after
Heap after GC invocations=10 (full 1):
 PSYoungGen      total 544128K, used 0K [0x00000007aacb0000, 0x00000007e0e10000, 0x0000000800000000)
  eden space 515200K, 0% used [0x00000007aacb0000,0x00000007aacb0000,0x00000007ca3d0000)
  from space 28928K, 0% used [0x00000007ca3d0000,0x00000007ca3d0000,0x00000007cc010000)
  to   space 30912K, 0% used [0x00000007defe0000,0x00000007defe0000,0x00000007e0e10000)
 ParOldGen       total 142208K, used 35107K [0x0000000700600000, 0x00000007090e0000, 0x00000007aacb0000)
  object space 142208K, 24% used [0x0000000700600000,0x0000000702848e20,0x00000007090e0000)
 PSPermGen       total 36736K, used 18094K [0x00000006fb400000, 0x00000006fd7e0000, 0x0000000700600000)
  object space 36736K, 49% used [0x00000006fb400000,0x00000006fc5abad0,0x00000006fd7e0000)
}

