# JRE version: 7.0_07-b11
# Java VM: Java HotSpot(TM) 64-Bit Server VM (23.3-b01 mixed mode windows-amd64 compressed oops)
Heap
 PSYoungGen      total 546176K, used 519924K [0x00000007aacb0000, 0x00000007cdb70000, 0x0000000800000000)
  eden space 520960K, 99% used [0x00000007aacb0000,0x00000007ca86d160,0x00000007ca970000)
  from space 25216K, 0% used [0x00000007cc250000,0x00000007cc250000,0x00000007cdaf0000)
  to   space 25472K, 0% used [0x00000007ca970000,0x00000007ca970000,0x00000007cc250000)
 ParOldGen       total 196224K, used 112292K [0x0000000700600000, 0x000000070c5a0000, 0x00000007aacb0000)
  object space 196224K, 57% used [0x0000000700600000,0x00000007073a9278,0x000000070c5a0000)
 PSPermGen       total 41088K, used 18170K [0x00000006fb400000, 0x00000006fdc20000, 0x0000000700600000)
  object space 41088K, 44% used [0x00000006fb400000,0x00000006fc5bea48,0x00000006fdc20000)
GC Heap History (10 events):
Event: 4.189 GC heap before
{Heap before GC invocations=6 (full 0):
 PSYoungGen      total 141824K, used 141027K [0x00000007aacb0000, 0x00000007bdb30000, 0x0000000800000000)
  eden space 130944K, 99% used [0x00000007aacb0000,0x00000007b2bcb890,0x00000007b2c90000)
  from space 10880K, 99% used [0x00000007b2c90000,0x00000007b372d460,0x00000007b3730000)
  to   space 23936K, 0% used [0x00000007bc3d0000,0x00000007bc3d0000,0x00000007bdb30000)
 ParOldGen       total 174528K, used 63925K [0x0000000700600000, 0x000000070b070000, 0x00000007aacb0000)
  object space 174528K, 36% used [0x0000000700600000,0x000000070446d6b0,0x000000070b070000)
 PSPermGen       total 21248K, used 17786K [0x00000006fb400000, 0x00000006fc8c0000, 0x0000000700600000)
  object space 21248K, 83% used [0x00000006fb400000,0x00000006fc55e9d8,0x00000006fc8c0000)
Event: 4.198 GC heap after
Heap after GC invocations=6 (full 0):
 PSYoungGen      total 284544K, used 18356K [0x00000007aacb0000, 0x00000007bddb0000, 0x0000000800000000)
  eden space 260608K, 0% used [0x00000007aacb0000,0x00000007aacb0000,0x00000007bab30000)
  from space 23936K, 76% used [0x00000007bc3d0000,0x00000007bd5bd3e0,0x00000007bdb30000)
  to   space 25216K, 0% used [0x00000007bab30000,0x00000007bab30000,0x00000007bc3d0000)
 ParOldGen       total 174528K, used 76083K [0x0000000700600000, 0x000000070b070000, 0x00000007aacb0000)
  object space 174528K, 43% used [0x0000000700600000,0x000000070504ced0,0x000000070b070000)
 PSPermGen       total 21248K, used 17786K [0x00000006fb400000, 0x00000006fc8c0000, 0x0000000700600000)
  object space 21248K, 83% used [0x00000006fb400000,0x00000006fc55e9d8,0x00000006fc8c0000)
}
Event: 4.978 GC heap before
{Heap before GC invocations=7 (full 0):
 PSYoungGen      total 284544K, used 277668K [0x00000007aacb0000, 0x00000007bddb0000, 0x0000000800000000)
  eden space 260608K, 99% used [0x00000007aacb0000,0x00000007ba9ebd68,0x00000007bab30000)
  from space 23936K, 76% used [0x00000007bc3d0000,0x00000007bd5bd3e0,0x00000007bdb30000)
  to   space 25216K, 0% used [0x00000007bab30000,0x00000007bab30000,0x00000007bc3d0000)
 ParOldGen       total 174528K, used 76083K [0x0000000700600000, 0x000000070b070000, 0x00000007aacb0000)
  object space 174528K, 43% used [0x0000000700600000,0x000000070504ced0,0x000000070b070000)
 PSPermGen       total 21248K, used 18052K [0x00000006fb400000, 0x00000006fc8c0000, 0x0000000700600000)
  object space 21248K, 84% used [0x00000006fb400000,0x00000006fc5a1140,0x00000006fc8c0000)
Event: 4.995 GC heap after
Heap after GC invocations=7 (full 0):
 PSYoungGen      total 285824K, used 21343K [0x00000007aacb0000, 0x00000007cdaf0000, 0x0000000800000000)
  eden space 260608K, 0% used [0x00000007aacb0000,0x00000007aacb0000,0x00000007bab30000)
  from space 25216K, 84% used [0x00000007bab30000,0x00000007bc007e90,0x00000007bc3d0000)
  to   space 25216K, 0% used [0x00000007cc250000,0x00000007cc250000,0x00000007cdaf0000)
 ParOldGen       total 174528K, used 122312K [0x0000000700600000, 0x000000070b070000, 0x00000007aacb0000)
  object space 174528K, 70% used [0x0000000700600000,0x0000000707d72350,0x000000070b070000)
 PSPermGen       total 21248K, used 18052K [0x00000006fb400000, 0x00000006fc8c0000, 0x0000000700600000)
  object space 21248K, 84% used [0x00000006fb400000,0x00000006fc5a1140,0x00000006fc8c0000)
}
Event: 5.590 GC heap before
{Heap before GC invocations=8 (full 0):
 PSYoungGen      total 285824K, used 281483K [0x00000007aacb0000, 0x00000007cdaf0000, 0x0000000800000000)
  eden space 260608K, 99% used [0x00000007aacb0000,0x00000007baabb0d0,0x00000007bab30000)
  from space 25216K, 84% used [0x00000007bab30000,0x00000007bc007e90,0x00000007bc3d0000)
  to   space 25216K, 0% used [0x00000007cc250000,0x00000007cc250000,0x00000007cdaf0000)
 ParOldGen       total 174528K, used 122312K [0x0000000700600000, 0x000000070b070000, 0x00000007aacb0000)
  object space 174528K, 70% used [0x0000000700600000,0x0000000707d72350,0x000000070b070000)
 PSPermGen       total 21248K, used 18094K [0x00000006fb400000, 0x00000006fc8c0000, 0x0000000700600000)
  object space 21248K, 85% used [0x00000006fb400000,0x00000006fc5aba88,0x00000006fc8c0000)
Event: 5.602 GC heap after
Heap after GC invocations=8 (full 0):
 PSYoungGen      total 546176K, used 23940K [0x00000007aacb0000, 0x00000007cdb70000, 0x0000000800000000)
  eden space 520960K, 0% used [0x00000007aacb0000,0x00000007aacb0000,0x00000007ca970000)
  from space 25216K, 94% used [0x00000007cc250000,0x00000007cd9b1300,0x00000007cdaf0000)
  to   space 25472K, 0% used [0x00000007ca970000,0x00000007ca970000,0x00000007cc250000)
 ParOldGen       total 174528K, used 143585K [0x0000000700600000, 0x000000070b070000, 0x00000007aacb0000)
  object space 174528K, 82% used [0x0000000700600000,0x0000000709238760,0x000000070b070000)
 PSPermGen       total 21248K, used 18094K [0x00000006fb400000, 0x00000006fc8c0000, 0x0000000700600000)
  object space 21248K, 85% used [0x00000006fb400000,0x00000006fc5aba88,0x00000006fc8c0000)
}
Event: 7.132 GC heap before
{Heap before GC invocations=9 (full 1):
 PSYoungGen      total 546176K, used 544686K [0x00000007aacb0000, 0x00000007cdb70000, 0x0000000800000000)
  eden space 520960K, 99% used [0x00000007aacb0000,0x00000007ca93a5a0,0x00000007ca970000)
  from space 25216K, 94% used [0x00000007cc250000,0x00000007cd9b1300,0x00000007cdaf0000)
  to   space 25472K, 0% used [0x00000007ca970000,0x00000007ca970000,0x00000007cc250000)
 ParOldGen       total 174528K, used 149660K [0x0000000700600000, 0x000000070b070000, 0x00000007aacb0000)
  object space 174528K, 85% used [0x0000000700600000,0x0000000709827370,0x000000070b070000)
 PSPermGen       total 21248K, used 18124K [0x00000006fb400000, 0x00000006fc8c0000, 0x0000000700600000)
  object space 21248K, 85% used [0x00000006fb400000,0x00000006fc5b3080,0x00000006fc8c0000)
Event: 7.186 GC heap after
Heap after GC invocations=9 (full 1):
 PSYoungGen      total 546176K, used 0K [0x00000007aacb0000, 0x00000007cdb70000, 0x0000000800000000)
  eden space 520960K, 0% used [0x00000007aacb0000,0x00000007aacb0000,0x00000007ca970000)
  from space 25216K, 0% used [0x00000007cc250000,0x00000007cc250000,0x00000007cdaf0000)
  to   space 25472K, 0% used [0x00000007ca970000,0x00000007ca970000,0x00000007cc250000)
 ParOldGen       total 148096K, used 36095K [0x0000000700600000, 0x00000007096a0000, 0x00000007aacb0000)
  object space 148096K, 24% used [0x0000000700600000,0x000000070293ffb8,0x00000007096a0000)
 PSPermGen       total 36800K, used 18117K [0x00000006fb400000, 0x00000006fd7f0000, 0x0000000700600000)
  object space 36800K, 49% used [0x00000006fb400000,0x00000006fc5b1508,0x00000006fd7f0000)
}
Event: 8.896 GC heap before
{Heap before GC invocations=10 (full 2):
 PSYoungGen      total 546176K, used 520960K [0x00000007aacb0000, 0x00000007cdb70000, 0x0000000800000000)
  eden space 520960K, 100% used [0x00000007aacb0000,0x00000007ca970000,0x00000007ca970000)
  from space 25216K, 0% used [0x00000007cc250000,0x00000007cc250000,0x00000007cdaf0000)
  to   space 25472K, 0% used [0x00000007ca970000,0x00000007ca970000,0x00000007cc250000)
 ParOldGen       total 231424K, used 230118K [0x0000000700600000, 0x000000070e800000, 0x00000007aacb0000)
  object space 231424K, 99% used [0x0000000700600000,0x000000070e6b9bb0,0x000000070e800000)
 PSPermGen       total 36800K, used 18157K [0x00000006fb400000, 0x00000006fd7f0000, 0x0000000700600000)
  object space 36800K, 49% used [0x00000006fb400000,0x00000006fc5bb530,0x00000006fd7f0000)
Event: 8.929 GC heap after
Heap after GC invocations=10 (full 2):
 PSYoungGen      total 546176K, used 0K [0x00000007aacb0000, 0x00000007cdb70000, 0x0000000800000000)
  eden space 520960K, 0% used [0x00000007aacb0000,0x00000007aacb0000,0x00000007ca970000)
  from space 25216K, 0% used [0x00000007cc250000,0x00000007cc250000,0x00000007cdaf0000)
  to   space 25472K, 0% used [0x00000007ca970000,0x00000007ca970000,0x00000007cc250000)
 ParOldGen       total 196224K, used 55339K [0x0000000700600000, 0x000000070c5a0000, 0x00000007aacb0000)
  object space 196224K, 28% used [0x0000000700600000,0x0000000703c0ad38,0x000000070c5a0000)
 PSPermGen       total 41088K, used 18157K [0x00000006fb400000, 0x00000006fdc20000, 0x0000000700600000)
  object space 41088K, 44% used [0x00000006fb400000,0x00000006fc5bb530,0x00000006fdc20000)
}

