# JRE version: 7.0_07-b11
# Java VM: Java HotSpot(TM) 64-Bit Server VM (23.3-b01 mixed mode windows-amd64 compressed oops)
Heap
 PSYoungGen      total 711872K, used 304171K [0x00000007aacb0000, 0x00000007db260000, 0x0000000800000000)
  eden space 650560K, 46% used [0x00000007aacb0000,0x00000007bd5bafd0,0x00000007d2800000)
  from space 61312K, 0% used [0x00000007d7180000,0x00000007d7180000,0x00000007dad60000)
  to   space 70848K, 0% used [0x00000007d2800000,0x00000007d2800000,0x00000007d6d30000)
 ParOldGen       total 205184K, used 49215K [0x0000000700600000, 0x000000070ce60000, 0x00000007aacb0000)
  object space 205184K, 23% used [0x0000000700600000,0x000000070360ff68,0x000000070ce60000)
 PSPermGen       total 39808K, used 18123K [0x00000006fb400000, 0x00000006fdae0000, 0x0000000700600000)
  object space 39808K, 45% used [0x00000006fb400000,0x00000006fc5b2ce8,0x00000006fdae0000)
GC Heap History (10 events):
Event: 84.607 GC heap before
{Heap before GC invocations=11 (full 0):
 PSYoungGen      total 474560K, used 454171K [0x00000007aacb0000, 0x00000007cc110000, 0x0000000800000000)
  eden space 415296K, 99% used [0x00000007aacb0000,0x00000007c3fedcd8,0x00000007c4240000)
  from space 59264K, 69% used [0x00000007c7fd0000,0x00000007ca8190e0,0x00000007cb9b0000)
  to   space 63040K, 0% used [0x00000007c4240000,0x00000007c4240000,0x00000007c7fd0000)
 ParOldGen       total 174528K, used 92376K [0x0000000700600000, 0x000000070b070000, 0x00000007aacb0000)
  object space 174528K, 52% used [0x0000000700600000,0x0000000706036138,0x000000070b070000)
 PSPermGen       total 21248K, used 18077K [0x00000006fb400000, 0x00000006fc8c0000, 0x0000000700600000)
  object space 21248K, 85% used [0x00000006fb400000,0x00000006fc5a75c0,0x00000006fc8c0000)
Event: 84.615 GC heap after
Heap after GC invocations=11 (full 0):
 PSYoungGen      total 478336K, used 29102K [0x00000007aacb0000, 0x00000007dad60000, 0x0000000800000000)
  eden space 415296K, 0% used [0x00000007aacb0000,0x00000007aacb0000,0x00000007c4240000)
  from space 63040K, 46% used [0x00000007c4240000,0x00000007c5eab8c0,0x00000007c7fd0000)
  to   space 61312K, 0% used [0x00000007d7180000,0x00000007d7180000,0x00000007dad60000)
 ParOldGen       total 174528K, used 92432K [0x0000000700600000, 0x000000070b070000, 0x00000007aacb0000)
  object space 174528K, 52% used [0x0000000700600000,0x0000000706044148,0x000000070b070000)
 PSPermGen       total 21248K, used 18077K [0x00000006fb400000, 0x00000006fc8c0000, 0x0000000700600000)
  object space 21248K, 85% used [0x00000006fb400000,0x00000006fc5a75c0,0x00000006fc8c0000)
}
Event: 85.741 GC heap before
{Heap before GC invocations=12 (full 1):
 PSYoungGen      total 478336K, used 444398K [0x00000007aacb0000, 0x00000007dad60000, 0x0000000800000000)
  eden space 415296K, 100% used [0x00000007aacb0000,0x00000007c4240000,0x00000007c4240000)
  from space 63040K, 46% used [0x00000007c4240000,0x00000007c5eab8c0,0x00000007c7fd0000)
  to   space 61312K, 0% used [0x00000007d7180000,0x00000007d7180000,0x00000007dad60000)
 ParOldGen       total 245696K, used 243929K [0x0000000700600000, 0x000000070f5f0000, 0x00000007aacb0000)
  object space 245696K, 99% used [0x0000000700600000,0x000000070f4365d8,0x000000070f5f0000)
 PSPermGen       total 21248K, used 18098K [0x00000006fb400000, 0x00000006fc8c0000, 0x0000000700600000)
  object space 21248K, 85% used [0x00000006fb400000,0x00000006fc5ac818,0x00000006fc8c0000)
Event: 85.812 GC heap after
Heap after GC invocations=12 (full 1):
 PSYoungGen      total 478336K, used 0K [0x00000007aacb0000, 0x00000007dad60000, 0x0000000800000000)
  eden space 415296K, 0% used [0x00000007aacb0000,0x00000007aacb0000,0x00000007c4240000)
  from space 63040K, 0% used [0x00000007c4240000,0x00000007c4240000,0x00000007c7fd0000)
  to   space 61312K, 0% used [0x00000007d7180000,0x00000007d7180000,0x00000007dad60000)
 ParOldGen       total 154560K, used 47205K [0x0000000700600000, 0x0000000709cf0000, 0x00000007aacb0000)
  object space 154560K, 30% used [0x0000000700600000,0x0000000703419618,0x0000000709cf0000)
 PSPermGen       total 36736K, used 18091K [0x00000006fb400000, 0x00000006fd7e0000, 0x0000000700600000)
  object space 36736K, 49% used [0x00000006fb400000,0x00000006fc5aad40,0x00000006fd7e0000)
}
Event: 86.605 GC heap before
{Heap before GC invocations=13 (full 1):
 PSYoungGen      total 478336K, used 414351K [0x00000007aacb0000, 0x00000007dad60000, 0x0000000800000000)
  eden space 415296K, 99% used [0x00000007aacb0000,0x00000007c4153d20,0x00000007c4240000)
  from space 63040K, 0% used [0x00000007c4240000,0x00000007c4240000,0x00000007c7fd0000)
  to   space 61312K, 0% used [0x00000007d7180000,0x00000007d7180000,0x00000007dad60000)
 ParOldGen       total 154560K, used 50622K [0x0000000700600000, 0x0000000709cf0000, 0x00000007aacb0000)
  object space 154560K, 32% used [0x0000000700600000,0x000000070376fae8,0x0000000709cf0000)
 PSPermGen       total 36736K, used 18091K [0x00000006fb400000, 0x00000006fd7e0000, 0x0000000700600000)
  object space 36736K, 49% used [0x00000006fb400000,0x00000006fc5aad40,0x00000006fd7e0000)
Event: 86.619 GC heap after
Heap after GC invocations=13 (full 1):
 PSYoungGen      total 711872K, used 59304K [0x00000007aacb0000, 0x00000007db260000, 0x0000000800000000)
  eden space 650560K, 0% used [0x00000007aacb0000,0x00000007aacb0000,0x00000007d2800000)
  from space 61312K, 96% used [0x00000007d7180000,0x00000007dab6a228,0x00000007dad60000)
  to   space 70848K, 0% used [0x00000007d2800000,0x00000007d2800000,0x00000007d6d30000)
 ParOldGen       total 154560K, used 50622K [0x0000000700600000, 0x0000000709cf0000, 0x00000007aacb0000)
  object space 154560K, 32% used [0x0000000700600000,0x000000070376fae8,0x0000000709cf0000)
 PSPermGen       total 36736K, used 18091K [0x00000006fb400000, 0x00000006fd7e0000, 0x0000000700600000)
  object space 36736K, 49% used [0x00000006fb400000,0x00000006fc5aad40,0x00000006fd7e0000)
}
Event: 88.505 GC heap before
{Heap before GC invocations=14 (full 2):
 PSYoungGen      total 711872K, used 709864K [0x00000007aacb0000, 0x00000007db260000, 0x0000000800000000)
  eden space 650560K, 100% used [0x00000007aacb0000,0x00000007d2800000,0x00000007d2800000)
  from space 61312K, 96% used [0x00000007d7180000,0x00000007dab6a228,0x00000007dad60000)
  to   space 70848K, 0% used [0x00000007d2800000,0x00000007d2800000,0x00000007d6d30000)
 ParOldGen       total 346368K, used 345770K [0x0000000700600000, 0x0000000715840000, 0x00000007aacb0000)
  object space 346368K, 99% used [0x0000000700600000,0x00000007157aa838,0x0000000715840000)
 PSPermGen       total 36736K, used 18104K [0x00000006fb400000, 0x00000006fd7e0000, 0x0000000700600000)
  object space 36736K, 49% used [0x00000006fb400000,0x00000006fc5ae3f0,0x00000006fd7e0000)
Event: 88.551 GC heap after
Heap after GC invocations=14 (full 2):
 PSYoungGen      total 711872K, used 0K [0x00000007aacb0000, 0x00000007db260000, 0x0000000800000000)
  eden space 650560K, 0% used [0x00000007aacb0000,0x00000007aacb0000,0x00000007d2800000)
  from space 61312K, 0% used [0x00000007d7180000,0x00000007d7180000,0x00000007dad60000)
  to   space 70848K, 0% used [0x00000007d2800000,0x00000007d2800000,0x00000007d6d30000)
 ParOldGen       total 172800K, used 43967K [0x0000000700600000, 0x000000070aec0000, 0x00000007aacb0000)
  object space 172800K, 25% used [0x0000000700600000,0x00000007030efd40,0x000000070aec0000)
 PSPermGen       total 41024K, used 18104K [0x00000006fb400000, 0x00000006fdc10000, 0x0000000700600000)
  object space 41024K, 44% used [0x00000006fb400000,0x00000006fc5ae3f0,0x00000006fdc10000)
}
Event: 90.139 GC heap before
{Heap before GC invocations=15 (full 3):
 PSYoungGen      total 711872K, used 650560K [0x00000007aacb0000, 0x00000007db260000, 0x0000000800000000)
  eden space 650560K, 100% used [0x00000007aacb0000,0x00000007d2800000,0x00000007d2800000)
  from space 61312K, 0% used [0x00000007d7180000,0x00000007d7180000,0x00000007dad60000)
  to   space 70848K, 0% used [0x00000007d2800000,0x00000007d2800000,0x00000007d6d30000)
 ParOldGen       total 172800K, used 162010K [0x0000000700600000, 0x000000070aec0000, 0x00000007aacb0000)
  object space 172800K, 93% used [0x0000000700600000,0x000000070a436948,0x000000070aec0000)
 PSPermGen       total 41024K, used 18113K [0x00000006fb400000, 0x00000006fdc10000, 0x0000000700600000)
  object space 41024K, 44% used [0x00000006fb400000,0x00000006fc5b0578,0x00000006fdc10000)
Event: 90.178 GC heap after
Heap after GC invocations=15 (full 3):
 PSYoungGen      total 711872K, used 0K [0x00000007aacb0000, 0x00000007db260000, 0x0000000800000000)
  eden space 650560K, 0% used [0x00000007aacb0000,0x00000007aacb0000,0x00000007d2800000)
  from space 61312K, 0% used [0x00000007d7180000,0x00000007d7180000,0x00000007dad60000)
  to   space 70848K, 0% used [0x00000007d2800000,0x00000007d2800000,0x00000007d6d30000)
 ParOldGen       total 205184K, used 49215K [0x0000000700600000, 0x000000070ce60000, 0x00000007aacb0000)
  object space 205184K, 23% used [0x0000000700600000,0x000000070360ff68,0x000000070ce60000)
 PSPermGen       total 39808K, used 18113K [0x00000006fb400000, 0x00000006fdae0000, 0x0000000700600000)
  object space 39808K, 45% used [0x00000006fb400000,0x00000006fc5b0578,0x00000006fdae0000)
}

