# JRE version: 7.0_07-b11
# Java VM: Java HotSpot(TM) 64-Bit Server VM (23.3-b01 mixed mode windows-amd64 compressed oops)
Heap
 PSYoungGen      total 861760K, used 120370K [0x00000007aacb0000, 0x0000000800000000, 0x0000000800000000)
  eden space 814976K, 9% used [0x00000007aacb0000,0x00000007afa1dc70,0x00000007dc890000)
  from space 46784K, 87% used [0x00000007dc890000,0x00000007df0aedd0,0x00000007df640000)
  to   space 50944K, 0% used [0x00000007fce40000,0x00000007fce40000,0x0000000800000000)
 ParOldGen       total 174528K, used 134015K [0x0000000700600000, 0x000000070b070000, 0x00000007aacb0000)
  object space 174528K, 76% used [0x0000000700600000,0x00000007088dfd68,0x000000070b070000)
 PSPermGen       total 21248K, used 17901K [0x00000006fb400000, 0x00000006fc8c0000, 0x0000000700600000)
  object space 21248K, 84% used [0x00000006fb400000,0x00000006fc57b500,0x00000006fc8c0000)
GC Heap History (10 events):
Event: 4.930 GC heap before
{Heap before GC invocations=7 (full 0):
 PSYoungGen      total 284672K, used 277721K [0x00000007aacb0000, 0x00000007be6b0000, 0x0000000800000000)
  eden space 258368K, 97% used [0x00000007aacb0000,0x00000007ba3bd600,0x00000007ba900000)
  from space 26304K, 94% used [0x00000007bc620000,0x00000007bde48ff0,0x00000007bdfd0000)
  to   space 29824K, 0% used [0x00000007ba900000,0x00000007ba900000,0x00000007bc620000)
 ParOldGen       total 174528K, used 61423K [0x0000000700600000, 0x000000070b070000, 0x00000007aacb0000)
  object space 174528K, 35% used [0x0000000700600000,0x00000007041fbdb0,0x000000070b070000)
 PSPermGen       total 21248K, used 17785K [0x00000006fb400000, 0x00000006fc8c0000, 0x0000000700600000)
  object space 21248K, 83% used [0x00000006fb400000,0x00000006fc55e730,0x00000006fc8c0000)
Event: 4.940 GC heap after
Heap after GC invocations=7 (full 0):
 PSYoungGen      total 288192K, used 29108K [0x00000007aacb0000, 0x00000007ce7f0000, 0x0000000800000000)
  eden space 258368K, 0% used [0x00000007aacb0000,0x00000007aacb0000,0x00000007ba900000)
  from space 29824K, 97% used [0x00000007ba900000,0x00000007bc56d0e0,0x00000007bc620000)
  to   space 34112K, 0% used [0x00000007cc6a0000,0x00000007cc6a0000,0x00000007ce7f0000)
 ParOldGen       total 174528K, used 64543K [0x0000000700600000, 0x000000070b070000, 0x00000007aacb0000)
  object space 174528K, 36% used [0x0000000700600000,0x0000000704507f70,0x000000070b070000)
 PSPermGen       total 21248K, used 17785K [0x00000006fb400000, 0x00000006fc8c0000, 0x0000000700600000)
  object space 21248K, 83% used [0x00000006fb400000,0x00000006fc55e730,0x00000006fc8c0000)
}
Event: 5.440 GC heap before
{Heap before GC invocations=8 (full 0):
 PSYoungGen      total 288192K, used 287241K [0x00000007aacb0000, 0x00000007ce7f0000, 0x0000000800000000)
  eden space 258368K, 99% used [0x00000007aacb0000,0x00000007ba8c5328,0x00000007ba900000)
  from space 29824K, 97% used [0x00000007ba900000,0x00000007bc56d0e0,0x00000007bc620000)
  to   space 34112K, 0% used [0x00000007cc6a0000,0x00000007cc6a0000,0x00000007ce7f0000)
 ParOldGen       total 174528K, used 64543K [0x0000000700600000, 0x000000070b070000, 0x00000007aacb0000)
  object space 174528K, 36% used [0x0000000700600000,0x0000000704507f70,0x000000070b070000)
 PSPermGen       total 21248K, used 17840K [0x00000006fb400000, 0x00000006fc8c0000, 0x0000000700600000)
  object space 21248K, 83% used [0x00000006fb400000,0x00000006fc56c128,0x00000006fc8c0000)
Event: 5.453 GC heap after
Heap after GC invocations=8 (full 0):
 PSYoungGen      total 546688K, used 32376K [0x00000007aacb0000, 0x00000007cf010000, 0x0000000800000000)
  eden space 512576K, 0% used [0x00000007aacb0000,0x00000007aacb0000,0x00000007ca140000)
  from space 34112K, 94% used [0x00000007cc6a0000,0x00000007ce63e350,0x00000007ce7f0000)
  to   space 38272K, 0% used [0x00000007ca140000,0x00000007ca140000,0x00000007cc6a0000)
 ParOldGen       total 174528K, used 84738K [0x0000000700600000, 0x000000070b070000, 0x00000007aacb0000)
  object space 174528K, 48% used [0x0000000700600000,0x00000007058c0950,0x000000070b070000)
 PSPermGen       total 21248K, used 17840K [0x00000006fb400000, 0x00000006fc8c0000, 0x0000000700600000)
  object space 21248K, 83% used [0x00000006fb400000,0x00000006fc56c128,0x00000006fc8c0000)
}
Event: 6.429 GC heap before
{Heap before GC invocations=9 (full 0):
 PSYoungGen      total 546688K, used 542089K [0x00000007aacb0000, 0x00000007cf010000, 0x0000000800000000)
  eden space 512576K, 99% used [0x00000007aacb0000,0x00000007c9e744a0,0x00000007ca140000)
  from space 34112K, 94% used [0x00000007cc6a0000,0x00000007ce63e350,0x00000007ce7f0000)
  to   space 38272K, 0% used [0x00000007ca140000,0x00000007ca140000,0x00000007cc6a0000)
 ParOldGen       total 174528K, used 84738K [0x0000000700600000, 0x000000070b070000, 0x00000007aacb0000)
  object space 174528K, 48% used [0x0000000700600000,0x00000007058c0950,0x000000070b070000)
 PSPermGen       total 21248K, used 17881K [0x00000006fb400000, 0x00000006fc8c0000, 0x0000000700600000)
  object space 21248K, 84% used [0x00000006fb400000,0x00000006fc5764f0,0x00000006fc8c0000)
Event: 6.444 GC heap after
Heap after GC invocations=9 (full 0):
 PSYoungGen      total 550848K, used 33433K [0x00000007aacb0000, 0x00000007e1ee0000, 0x0000000800000000)
  eden space 512576K, 0% used [0x00000007aacb0000,0x00000007aacb0000,0x00000007ca140000)
  from space 38272K, 87% used [0x00000007ca140000,0x00000007cc1e64b0,0x00000007cc6a0000)
  to   space 41600K, 0% used [0x00000007df640000,0x00000007df640000,0x00000007e1ee0000)
 ParOldGen       total 174528K, used 116541K [0x0000000700600000, 0x000000070b070000, 0x00000007aacb0000)
  object space 174528K, 66% used [0x0000000700600000,0x00000007077cf4e8,0x000000070b070000)
 PSPermGen       total 21248K, used 17881K [0x00000006fb400000, 0x00000006fc8c0000, 0x0000000700600000)
  object space 21248K, 84% used [0x00000006fb400000,0x00000006fc5764f0,0x00000006fc8c0000)
}
Event: 7.378 GC heap before
{Heap before GC invocations=10 (full 0):
 PSYoungGen      total 550848K, used 544625K [0x00000007aacb0000, 0x00000007e1ee0000, 0x0000000800000000)
  eden space 512576K, 99% used [0x00000007aacb0000,0x00000007c9fe6130,0x00000007ca140000)
  from space 38272K, 87% used [0x00000007ca140000,0x00000007cc1e64b0,0x00000007cc6a0000)
  to   space 41600K, 0% used [0x00000007df640000,0x00000007df640000,0x00000007e1ee0000)
 ParOldGen       total 174528K, used 116541K [0x0000000700600000, 0x000000070b070000, 0x00000007aacb0000)
  object space 174528K, 66% used [0x0000000700600000,0x00000007077cf4e8,0x000000070b070000)
 PSPermGen       total 21248K, used 17892K [0x00000006fb400000, 0x00000006fc8c0000, 0x0000000700600000)
  object space 21248K, 84% used [0x00000006fb400000,0x00000006fc579280,0x00000006fc8c0000)
Event: 7.388 GC heap after
Heap after GC invocations=10 (full 0):
 PSYoungGen      total 856576K, used 41147K [0x00000007aacb0000, 0x00000007e2900000, 0x0000000800000000)
  eden space 814976K, 0% used [0x00000007aacb0000,0x00000007aacb0000,0x00000007dc890000)
  from space 41600K, 98% used [0x00000007df640000,0x00000007e1e6edd0,0x00000007e1ee0000)
  to   space 46784K, 0% used [0x00000007dc890000,0x00000007dc890000,0x00000007df640000)
 ParOldGen       total 174528K, used 124403K [0x0000000700600000, 0x000000070b070000, 0x00000007aacb0000)
  object space 174528K, 71% used [0x0000000700600000,0x0000000707f7cc58,0x000000070b070000)
 PSPermGen       total 21248K, used 17892K [0x00000006fb400000, 0x00000006fc8c0000, 0x0000000700600000)
  object space 21248K, 84% used [0x00000006fb400000,0x00000006fc579280,0x00000006fc8c0000)
}
Event: 9.039 GC heap before
{Heap before GC invocations=11 (full 0):
 PSYoungGen      total 856576K, used 853994K [0x00000007aacb0000, 0x00000007e2900000, 0x0000000800000000)
  eden space 814976K, 99% used [0x00000007aacb0000,0x00000007dc67bbe0,0x00000007dc890000)
  from space 41600K, 98% used [0x00000007df640000,0x00000007e1e6edd0,0x00000007e1ee0000)
  to   space 46784K, 0% used [0x00000007dc890000,0x00000007dc890000,0x00000007df640000)
 ParOldGen       total 174528K, used 127820K [0x0000000700600000, 0x000000070b070000, 0x00000007aacb0000)
  object space 174528K, 73% used [0x0000000700600000,0x00000007082d3128,0x000000070b070000)
 PSPermGen       total 21248K, used 17895K [0x00000006fb400000, 0x00000006fc8c0000, 0x0000000700600000)
  object space 21248K, 84% used [0x00000006fb400000,0x00000006fc579f80,0x00000006fc8c0000)
Event: 9.050 GC heap after
Heap after GC invocations=11 (full 0):
 PSYoungGen      total 861760K, used 41083K [0x00000007aacb0000, 0x0000000800000000, 0x0000000800000000)
  eden space 814976K, 0% used [0x00000007aacb0000,0x00000007aacb0000,0x00000007dc890000)
  from space 46784K, 87% used [0x00000007dc890000,0x00000007df0aedd0,0x00000007df640000)
  to   space 50944K, 0% used [0x00000007fce40000,0x00000007fce40000,0x0000000800000000)
 ParOldGen       total 174528K, used 134015K [0x0000000700600000, 0x000000070b070000, 0x00000007aacb0000)
  object space 174528K, 76% used [0x0000000700600000,0x00000007088dfd68,0x000000070b070000)
 PSPermGen       total 21248K, used 17895K [0x00000006fb400000, 0x00000006fc8c0000, 0x0000000700600000)
  object space 21248K, 84% used [0x00000006fb400000,0x00000006fc579f80,0x00000006fc8c0000)
}

