# JRE version: 7.0_07-b11
# Java VM: Java HotSpot(TM) 64-Bit Server VM (23.3-b01 mixed mode windows-amd64 compressed oops)
Heap
 PSYoungGen      total 532672K, used 516348K [0x00000007aacb0000, 0x00000007d3c00000, 0x0000000800000000)
  eden space 487552K, 100% used [0x00000007aacb0000,0x00000007c88d0000,0x00000007c88d0000)
  from space 45120K, 63% used [0x00000007c88d0000,0x00000007ca4ef2a0,0x00000007cb4e0000)
  to   space 46080K, 0% used [0x00000007d0f00000,0x00000007d0f00000,0x00000007d3c00000)
 ParOldGen       total 244416K, used 244192K [0x0000000700600000, 0x000000070f4b0000, 0x00000007aacb0000)
  object space 244416K, 99% used [0x0000000700600000,0x000000070f478140,0x000000070f4b0000)
 PSPermGen       total 39744K, used 18268K [0x00000006fb400000, 0x00000006fdad0000, 0x0000000700600000)
  object space 39744K, 45% used [0x00000006fb400000,0x00000006fc5d7318,0x00000006fdad0000)
GC Heap History (10 events):
Event: 16.049 GC heap before
{Heap before GC invocations=14 (full 3):
 PSYoungGen      total 393984K, used 390094K [0x00000007aacb0000, 0x00000007c6120000, 0x0000000800000000)
  eden space 356480K, 99% used [0x00000007aacb0000,0x00000007c079d9f0,0x00000007c08d0000)
  from space 37504K, 92% used [0x00000007c31a0000,0x00000007c53a5eb0,0x00000007c5640000)
  to   space 41792K, 0% used [0x00000007c08d0000,0x00000007c08d0000,0x00000007c31a0000)
 ParOldGen       total 185408K, used 136613K [0x0000000700600000, 0x000000070bb10000, 0x00000007aacb0000)
  object space 185408K, 73% used [0x0000000700600000,0x0000000708b69638,0x000000070bb10000)
 PSPermGen       total 39744K, used 18096K [0x00000006fb400000, 0x00000006fdad0000, 0x0000000700600000)
  object space 39744K, 45% used [0x00000006fb400000,0x00000006fc5ac190,0x00000006fdad0000)
Event: 16.051 GC heap after
Heap after GC invocations=14 (full 3):
 PSYoungGen      total 398272K, used 10539K [0x00000007aacb0000, 0x00000007ca300000, 0x0000000800000000)
  eden space 356480K, 0% used [0x00000007aacb0000,0x00000007aacb0000,0x00000007c08d0000)
  from space 41792K, 25% used [0x00000007c08d0000,0x00000007c131ae70,0x00000007c31a0000)
  to   space 41152K, 0% used [0x00000007c7ad0000,0x00000007c7ad0000,0x00000007ca300000)
 ParOldGen       total 185408K, used 136613K [0x0000000700600000, 0x000000070bb10000, 0x00000007aacb0000)
  object space 185408K, 73% used [0x0000000700600000,0x0000000708b69638,0x000000070bb10000)
 PSPermGen       total 39744K, used 18096K [0x00000006fb400000, 0x00000006fdad0000, 0x0000000700600000)
  object space 39744K, 45% used [0x00000006fb400000,0x00000006fc5ac190,0x00000006fdad0000)
}
Event: 17.352 GC heap before
{Heap before GC invocations=15 (full 3):
 PSYoungGen      total 398272K, used 362209K [0x00000007aacb0000, 0x00000007ca300000, 0x0000000800000000)
  eden space 356480K, 98% used [0x00000007aacb0000,0x00000007c041d690,0x00000007c08d0000)
  from space 41792K, 25% used [0x00000007c08d0000,0x00000007c131ae70,0x00000007c31a0000)
  to   space 41152K, 0% used [0x00000007c7ad0000,0x00000007c7ad0000,0x00000007ca300000)
 ParOldGen       total 185408K, used 136613K [0x0000000700600000, 0x000000070bb10000, 0x00000007aacb0000)
  object space 185408K, 73% used [0x0000000700600000,0x0000000708b69638,0x000000070bb10000)
 PSPermGen       total 39744K, used 18104K [0x00000006fb400000, 0x00000006fdad0000, 0x0000000700600000)
  object space 39744K, 45% used [0x00000006fb400000,0x00000006fc5ae0a0,0x00000006fdad0000)
Event: 17.356 GC heap after
Heap after GC invocations=15 (full 3):
 PSYoungGen      total 455808K, used 10539K [0x00000007aacb0000, 0x00000007c99b0000, 0x0000000800000000)
  eden space 424192K, 0% used [0x00000007aacb0000,0x00000007aacb0000,0x00000007c4af0000)
  from space 31616K, 33% used [0x00000007c7ad0000,0x00000007c851ae70,0x00000007c99b0000)
  to   space 40320K, 0% used [0x00000007c4af0000,0x00000007c4af0000,0x00000007c7250000)
 ParOldGen       total 185408K, used 136613K [0x0000000700600000, 0x000000070bb10000, 0x00000007aacb0000)
  object space 185408K, 73% used [0x0000000700600000,0x0000000708b69638,0x000000070bb10000)
 PSPermGen       total 39744K, used 18104K [0x00000006fb400000, 0x00000006fdad0000, 0x0000000700600000)
  object space 39744K, 45% used [0x00000006fb400000,0x00000006fc5ae0a0,0x00000006fdad0000)
}
Event: 19.016 GC heap before
{Heap before GC invocations=16 (full 3):
 PSYoungGen      total 455808K, used 428711K [0x00000007aacb0000, 0x00000007c99b0000, 0x0000000800000000)
  eden space 424192K, 98% used [0x00000007aacb0000,0x00000007c450eed0,0x00000007c4af0000)
  from space 31616K, 33% used [0x00000007c7ad0000,0x00000007c851ae70,0x00000007c99b0000)
  to   space 40320K, 0% used [0x00000007c4af0000,0x00000007c4af0000,0x00000007c7250000)
 ParOldGen       total 185408K, used 136613K [0x0000000700600000, 0x000000070bb10000, 0x00000007aacb0000)
  object space 185408K, 73% used [0x0000000700600000,0x0000000708b69638,0x000000070bb10000)
 PSPermGen       total 39744K, used 18113K [0x00000006fb400000, 0x00000006fdad0000, 0x0000000700600000)
  object space 39744K, 45% used [0x00000006fb400000,0x00000006fc5b05e8,0x00000006fdad0000)
Event: 19.018 GC heap after
Heap after GC invocations=16 (full 3):
 PSYoungGen      total 464512K, used 10507K [0x00000007aacb0000, 0x00000007cdb50000, 0x0000000800000000)
  eden space 424192K, 0% used [0x00000007aacb0000,0x00000007aacb0000,0x00000007c4af0000)
  from space 40320K, 26% used [0x00000007c4af0000,0x00000007c5532e70,0x00000007c7250000)
  to   space 39360K, 0% used [0x00000007cb4e0000,0x00000007cb4e0000,0x00000007cdb50000)
 ParOldGen       total 185408K, used 136613K [0x0000000700600000, 0x000000070bb10000, 0x00000007aacb0000)
  object space 185408K, 73% used [0x0000000700600000,0x0000000708b69638,0x000000070bb10000)
 PSPermGen       total 39744K, used 18113K [0x00000006fb400000, 0x00000006fdad0000, 0x0000000700600000)
  object space 39744K, 45% used [0x00000006fb400000,0x00000006fc5b05e8,0x00000006fdad0000)
}
Event: 20.540 GC heap before
{Heap before GC invocations=17 (full 3):
 PSYoungGen      total 464512K, used 433297K [0x00000007aacb0000, 0x00000007cdb50000, 0x0000000800000000)
  eden space 424192K, 99% used [0x00000007aacb0000,0x00000007c4991848,0x00000007c4af0000)
  from space 40320K, 26% used [0x00000007c4af0000,0x00000007c5532e70,0x00000007c7250000)
  to   space 39360K, 0% used [0x00000007cb4e0000,0x00000007cb4e0000,0x00000007cdb50000)
 ParOldGen       total 185408K, used 136613K [0x0000000700600000, 0x000000070bb10000, 0x00000007aacb0000)
  object space 185408K, 73% used [0x0000000700600000,0x0000000708b69638,0x000000070bb10000)
 PSPermGen       total 39744K, used 18209K [0x00000006fb400000, 0x00000006fdad0000, 0x0000000700600000)
  object space 39744K, 45% used [0x00000006fb400000,0x00000006fc5c8410,0x00000006fdad0000)
Event: 20.552 GC heap after
Heap after GC invocations=17 (full 3):
 PSYoungGen      total 526912K, used 38889K [0x00000007aacb0000, 0x00000007cf010000, 0x0000000800000000)
  eden space 487552K, 0% used [0x00000007aacb0000,0x00000007aacb0000,0x00000007c88d0000)
  from space 39360K, 98% used [0x00000007cb4e0000,0x00000007cdada6b0,0x00000007cdb50000)
  to   space 45120K, 0% used [0x00000007c88d0000,0x00000007c88d0000,0x00000007cb4e0000)
 ParOldGen       total 185408K, used 150788K [0x0000000700600000, 0x000000070bb10000, 0x00000007aacb0000)
  object space 185408K, 81% used [0x0000000700600000,0x0000000709941258,0x000000070bb10000)
 PSPermGen       total 39744K, used 18209K [0x00000006fb400000, 0x00000006fdad0000, 0x0000000700600000)
  object space 39744K, 45% used [0x00000006fb400000,0x00000006fc5c8410,0x00000006fdad0000)
}
Event: 22.292 GC heap before
{Heap before GC invocations=18 (full 3):
 PSYoungGen      total 526912K, used 524121K [0x00000007aacb0000, 0x00000007cf010000, 0x0000000800000000)
  eden space 487552K, 99% used [0x00000007aacb0000,0x00000007c868bfd8,0x00000007c88d0000)
  from space 39360K, 98% used [0x00000007cb4e0000,0x00000007cdada6b0,0x00000007cdb50000)
  to   space 45120K, 0% used [0x00000007c88d0000,0x00000007c88d0000,0x00000007cb4e0000)
 ParOldGen       total 185408K, used 154205K [0x0000000700600000, 0x000000070bb10000, 0x00000007aacb0000)
  object space 185408K, 83% used [0x0000000700600000,0x0000000709c97728,0x000000070bb10000)
 PSPermGen       total 39744K, used 18229K [0x00000006fb400000, 0x00000006fdad0000, 0x0000000700600000)
  object space 39744K, 45% used [0x00000006fb400000,0x00000006fc5cd438,0x00000006fdad0000)
Event: 22.301 GC heap after
Heap after GC invocations=18 (full 3):
 PSYoungGen      total 532672K, used 28796K [0x00000007aacb0000, 0x00000007d3c00000, 0x0000000800000000)
  eden space 487552K, 0% used [0x00000007aacb0000,0x00000007aacb0000,0x00000007c88d0000)
  from space 45120K, 63% used [0x00000007c88d0000,0x00000007ca4ef2a0,0x00000007cb4e0000)
  to   space 46080K, 0% used [0x00000007d0f00000,0x00000007d0f00000,0x00000007d3c00000)
 ParOldGen       total 185408K, used 154205K [0x0000000700600000, 0x000000070bb10000, 0x00000007aacb0000)
  object space 185408K, 83% used [0x0000000700600000,0x0000000709c97728,0x000000070bb10000)
 PSPermGen       total 39744K, used 18229K [0x00000006fb400000, 0x00000006fdad0000, 0x0000000700600000)
  object space 39744K, 45% used [0x00000006fb400000,0x00000006fc5cd438,0x00000006fdad0000)
}

