# JRE version: 7.0_07-b11
# Java VM: Java HotSpot(TM) 64-Bit Server VM (23.3-b01 mixed mode windows-amd64 compressed oops)
Heap
 PSYoungGen      total 555904K, used 45229K [0x00000007aacb0000, 0x00000007cf2f0000, 0x0000000800000000)
  eden space 521728K, 2% used [0x00000007aacb0000,0x00000007ab844d68,0x00000007caa30000)
  from space 34176K, 97% used [0x00000007ccd90000,0x00000007cee267b0,0x00000007ceef0000)
  to   space 36224K, 0% used [0x00000007caa30000,0x00000007caa30000,0x00000007ccd90000)
 ParOldGen       total 174528K, used 93282K [0x0000000700600000, 0x000000070b070000, 0x00000007aacb0000)
  object space 174528K, 53% used [0x0000000700600000,0x0000000706118b20,0x000000070b070000)
 PSPermGen       total 21248K, used 17998K [0x00000006fb400000, 0x00000006fc8c0000, 0x0000000700600000)
  object space 21248K, 84% used [0x00000006fb400000,0x00000006fc593bd8,0x00000006fc8c0000)
GC Heap History (10 events):
Event: 3.230 GC heap before
{Heap before GC invocations=3 (full 0):
 PSYoungGen      total 76352K, used 76114K [0x00000007aacb0000, 0x00000007b41d0000, 0x0000000800000000)
  eden space 65472K, 99% used [0x00000007aacb0000,0x00000007aec65ab8,0x00000007aeca0000)
  from space 10880K, 99% used [0x00000007af740000,0x00000007b01defd0,0x00000007b01e0000)
  to   space 10880K, 0% used [0x00000007aeca0000,0x00000007aeca0000,0x00000007af740000)
 ParOldGen       total 174528K, used 25497K [0x0000000700600000, 0x000000070b070000, 0x00000007aacb0000)
  object space 174528K, 14% used [0x0000000700600000,0x0000000701ee6580,0x000000070b070000)
 PSPermGen       total 21248K, used 16518K [0x00000006fb400000, 0x00000006fc8c0000, 0x0000000700600000)
  object space 21248K, 77% used [0x00000006fb400000,0x00000006fc421968,0x00000006fc8c0000)
Event: 3.236 GC heap after
Heap after GC invocations=3 (full 0):
 PSYoungGen      total 76352K, used 10875K [0x00000007aacb0000, 0x00000007b41d0000, 0x0000000800000000)
  eden space 65472K, 0% used [0x00000007aacb0000,0x00000007aacb0000,0x00000007aeca0000)
  from space 10880K, 99% used [0x00000007aeca0000,0x00000007af73eff0,0x00000007af740000)
  to   space 10880K, 0% used [0x00000007b3730000,0x00000007b3730000,0x00000007b41d0000)
 ParOldGen       total 174528K, used 37953K [0x0000000700600000, 0x000000070b070000, 0x00000007aacb0000)
  object space 174528K, 21% used [0x0000000700600000,0x0000000702b106b0,0x000000070b070000)
 PSPermGen       total 21248K, used 16518K [0x00000006fb400000, 0x00000006fc8c0000, 0x0000000700600000)
  object space 21248K, 77% used [0x00000006fb400000,0x00000006fc421968,0x00000006fc8c0000)
}
Event: 3.428 GC heap before
{Heap before GC invocations=4 (full 0):
 PSYoungGen      total 76352K, used 72825K [0x00000007aacb0000, 0x00000007b41d0000, 0x0000000800000000)
  eden space 65472K, 94% used [0x00000007aacb0000,0x00000007ae92f590,0x00000007aeca0000)
  from space 10880K, 99% used [0x00000007aeca0000,0x00000007af73eff0,0x00000007af740000)
  to   space 10880K, 0% used [0x00000007b3730000,0x00000007b3730000,0x00000007b41d0000)
 ParOldGen       total 174528K, used 37953K [0x0000000700600000, 0x000000070b070000, 0x00000007aacb0000)
  object space 174528K, 21% used [0x0000000700600000,0x0000000702b106b0,0x000000070b070000)
 PSPermGen       total 21248K, used 16544K [0x00000006fb400000, 0x00000006fc8c0000, 0x0000000700600000)
  object space 21248K, 77% used [0x00000006fb400000,0x00000006fc4283b8,0x00000006fc8c0000)
Event: 3.438 GC heap after
Heap after GC invocations=4 (full 0):
 PSYoungGen      total 141824K, used 10875K [0x00000007aacb0000, 0x00000007b41d0000, 0x0000000800000000)
  eden space 130944K, 0% used [0x00000007aacb0000,0x00000007aacb0000,0x00000007b2c90000)
  from space 10880K, 99% used [0x00000007b3730000,0x00000007b41ceff0,0x00000007b41d0000)
  to   space 10880K, 0% used [0x00000007b2c90000,0x00000007b2c90000,0x00000007b3730000)
 ParOldGen       total 174528K, used 50843K [0x0000000700600000, 0x000000070b070000, 0x00000007aacb0000)
  object space 174528K, 29% used [0x0000000700600000,0x00000007037a6ee0,0x000000070b070000)
 PSPermGen       total 21248K, used 16544K [0x00000006fb400000, 0x00000006fc8c0000, 0x0000000700600000)
  object space 21248K, 77% used [0x00000006fb400000,0x00000006fc4283b8,0x00000006fc8c0000)
}
Event: 3.844 GC heap before
{Heap before GC invocations=5 (full 0):
 PSYoungGen      total 141824K, used 139630K [0x00000007aacb0000, 0x00000007b41d0000, 0x0000000800000000)
  eden space 130944K, 98% used [0x00000007aacb0000,0x00000007b2a6c8b0,0x00000007b2c90000)
  from space 10880K, 99% used [0x00000007b3730000,0x00000007b41ceff0,0x00000007b41d0000)
  to   space 10880K, 0% used [0x00000007b2c90000,0x00000007b2c90000,0x00000007b3730000)
 ParOldGen       total 174528K, used 50843K [0x0000000700600000, 0x000000070b070000, 0x00000007aacb0000)
  object space 174528K, 29% used [0x0000000700600000,0x00000007037a6ee0,0x000000070b070000)
 PSPermGen       total 21248K, used 16798K [0x00000006fb400000, 0x00000006fc8c0000, 0x0000000700600000)
  object space 21248K, 79% used [0x00000006fb400000,0x00000006fc467b18,0x00000006fc8c0000)
Event: 3.855 GC heap after
Heap after GC invocations=5 (full 0):
 PSYoungGen      total 141824K, used 10869K [0x00000007aacb0000, 0x00000007be3b0000, 0x0000000800000000)
  eden space 130944K, 0% used [0x00000007aacb0000,0x00000007aacb0000,0x00000007b2c90000)
  from space 10880K, 99% used [0x00000007b2c90000,0x00000007b372d460,0x00000007b3730000)
  to   space 28288K, 0% used [0x00000007bc810000,0x00000007bc810000,0x00000007be3b0000)
 ParOldGen       total 174528K, used 70071K [0x0000000700600000, 0x000000070b070000, 0x00000007aacb0000)
  object space 174528K, 40% used [0x0000000700600000,0x0000000704a6dd70,0x000000070b070000)
 PSPermGen       total 21248K, used 16798K [0x00000006fb400000, 0x00000006fc8c0000, 0x0000000700600000)
  object space 21248K, 79% used [0x00000006fb400000,0x00000006fc467b18,0x00000006fc8c0000)
}
Event: 4.305 GC heap before
{Heap before GC invocations=6 (full 0):
 PSYoungGen      total 141824K, used 137522K [0x00000007aacb0000, 0x00000007be3b0000, 0x0000000800000000)
  eden space 130944K, 96% used [0x00000007aacb0000,0x00000007b285f3d0,0x00000007b2c90000)
  from space 10880K, 99% used [0x00000007b2c90000,0x00000007b372d460,0x00000007b3730000)
  to   space 28288K, 0% used [0x00000007bc810000,0x00000007bc810000,0x00000007be3b0000)
 ParOldGen       total 174528K, used 70071K [0x0000000700600000, 0x000000070b070000, 0x00000007aacb0000)
  object space 174528K, 40% used [0x0000000700600000,0x0000000704a6dd70,0x000000070b070000)
 PSPermGen       total 21248K, used 17745K [0x00000006fb400000, 0x00000006fc8c0000, 0x0000000700600000)
  object space 21248K, 83% used [0x00000006fb400000,0x00000006fc5545c0,0x00000006fc8c0000)
Event: 4.316 GC heap after
Heap after GC invocations=6 (full 0):
 PSYoungGen      total 289408K, used 24365K [0x00000007aacb0000, 0x00000007be2f0000, 0x0000000800000000)
  eden space 261888K, 0% used [0x00000007aacb0000,0x00000007aacb0000,0x00000007bac70000)
  from space 27520K, 88% used [0x00000007bc810000,0x00000007bdfdb7d0,0x00000007be2f0000)
  to   space 27904K, 0% used [0x00000007bac70000,0x00000007bac70000,0x00000007bc7b0000)
 ParOldGen       total 174528K, used 76154K [0x0000000700600000, 0x000000070b070000, 0x00000007aacb0000)
  object space 174528K, 43% used [0x0000000700600000,0x000000070505e980,0x000000070b070000)
 PSPermGen       total 21248K, used 17745K [0x00000006fb400000, 0x00000006fc8c0000, 0x0000000700600000)
  object space 21248K, 83% used [0x00000006fb400000,0x00000006fc5545c0,0x00000006fc8c0000)
}
Event: 5.192 GC heap before
{Heap before GC invocations=7 (full 0):
 PSYoungGen      total 289408K, used 281787K [0x00000007aacb0000, 0x00000007be2f0000, 0x0000000800000000)
  eden space 261888K, 98% used [0x00000007aacb0000,0x00000007ba8137c8,0x00000007bac70000)
  from space 27520K, 88% used [0x00000007bc810000,0x00000007bdfdb7d0,0x00000007be2f0000)
  to   space 27904K, 0% used [0x00000007bac70000,0x00000007bac70000,0x00000007bc7b0000)
 ParOldGen       total 174528K, used 76154K [0x0000000700600000, 0x000000070b070000, 0x00000007aacb0000)
  object space 174528K, 43% used [0x0000000700600000,0x000000070505e980,0x000000070b070000)
 PSPermGen       total 21248K, used 17952K [0x00000006fb400000, 0x00000006fc8c0000, 0x0000000700600000)
  object space 21248K, 84% used [0x00000006fb400000,0x00000006fc588060,0x00000006fc8c0000)
Event: 5.204 GC heap after
Heap after GC invocations=7 (full 0):
 PSYoungGen      total 289792K, used 27886K [0x00000007aacb0000, 0x00000007ceef0000, 0x0000000800000000)
  eden space 261888K, 0% used [0x00000007aacb0000,0x00000007aacb0000,0x00000007bac70000)
  from space 27904K, 99% used [0x00000007bac70000,0x00000007bc7abbb0,0x00000007bc7b0000)
  to   space 34176K, 0% used [0x00000007ccd90000,0x00000007ccd90000,0x00000007ceef0000)
 ParOldGen       total 174528K, used 86473K [0x0000000700600000, 0x000000070b070000, 0x00000007aacb0000)
  object space 174528K, 49% used [0x0000000700600000,0x0000000705a72700,0x000000070b070000)
 PSPermGen       total 21248K, used 17952K [0x00000006fb400000, 0x00000006fc8c0000, 0x0000000700600000)
  object space 21248K, 84% used [0x00000006fb400000,0x00000006fc588060,0x00000006fc8c0000)
}

