# JRE version: 7.0_07-b11
# Java VM: Java HotSpot(TM) 64-Bit Server VM (23.3-b01 mixed mode windows-amd64 compressed oops)
Heap
 PSYoungGen      total 1157184K, used 73061K [0x00000007aacb0000, 0x00000007f49f0000, 0x0000000800000000)
  eden space 1133120K, 4% used [0x00000007aacb0000,0x00000007adc94958,0x00000007eff40000)
  from space 24064K, 99% used [0x00000007f3270000,0x00000007f49e4bc0,0x00000007f49f0000)
  to   space 29248K, 0% used [0x00000007f10d0000,0x00000007f10d0000,0x00000007f2d60000)
 ParOldGen       total 137152K, used 78793K [0x0000000700600000, 0x0000000708bf0000, 0x00000007aacb0000)
  object space 137152K, 57% used [0x0000000700600000,0x00000007052f26e8,0x0000000708bf0000)
 PSPermGen       total 37120K, used 18365K [0x00000006fb400000, 0x00000006fd840000, 0x0000000700600000)
  object space 37120K, 49% used [0x00000006fb400000,0x00000006fc5ef688,0x00000006fd840000)
GC Heap History (10 events):
Event: 7.736 GC heap before
{Heap before GC invocations=9 (full 0):
 PSYoungGen      total 546048K, used 542076K [0x00000007aacb0000, 0x00000007cda30000, 0x0000000800000000)
  eden space 521472K, 99% used [0x00000007aacb0000,0x00000007ca76df38,0x00000007ca9f0000)
  from space 24576K, 94% used [0x00000007cc230000,0x00000007cd8d1270,0x00000007cda30000)
  to   space 24704K, 0% used [0x00000007ca9f0000,0x00000007ca9f0000,0x00000007cc210000)
 ParOldGen       total 174528K, used 103066K [0x0000000700600000, 0x000000070b070000, 0x00000007aacb0000)
  object space 174528K, 59% used [0x0000000700600000,0x0000000706aa6b00,0x000000070b070000)
 PSPermGen       total 21248K, used 18285K [0x00000006fb400000, 0x00000006fc8c0000, 0x0000000700600000)
  object space 21248K, 86% used [0x00000006fb400000,0x00000006fc5db7a0,0x00000006fc8c0000)
Event: 7.750 GC heap after
Heap after GC invocations=9 (full 0):
 PSYoungGen      total 546176K, used 23971K [0x00000007aacb0000, 0x00000007e0c40000, 0x0000000800000000)
  eden space 521472K, 0% used [0x00000007aacb0000,0x00000007aacb0000,0x00000007ca9f0000)
  from space 24704K, 97% used [0x00000007ca9f0000,0x00000007cc158e20,0x00000007cc210000)
  to   space 24960K, 0% used [0x00000007df3e0000,0x00000007df3e0000,0x00000007e0c40000)
 ParOldGen       total 174528K, used 129574K [0x0000000700600000, 0x000000070b070000, 0x00000007aacb0000)
  object space 174528K, 74% used [0x0000000700600000,0x00000007084898d8,0x000000070b070000)
 PSPermGen       total 21248K, used 18285K [0x00000006fb400000, 0x00000006fc8c0000, 0x0000000700600000)
  object space 21248K, 86% used [0x00000006fb400000,0x00000006fc5db7a0,0x00000006fc8c0000)
}
Event: 8.956 GC heap before
{Heap before GC invocations=10 (full 0):
 PSYoungGen      total 546176K, used 545291K [0x00000007aacb0000, 0x00000007e0c40000, 0x0000000800000000)
  eden space 521472K, 99% used [0x00000007aacb0000,0x00000007ca9c9e90,0x00000007ca9f0000)
  from space 24704K, 97% used [0x00000007ca9f0000,0x00000007cc158e20,0x00000007cc210000)
  to   space 24960K, 0% used [0x00000007df3e0000,0x00000007df3e0000,0x00000007e0c40000)
 ParOldGen       total 174528K, used 131599K [0x0000000700600000, 0x000000070b070000, 0x00000007aacb0000)
  object space 174528K, 75% used [0x0000000700600000,0x0000000708683ce8,0x000000070b070000)
 PSPermGen       total 21248K, used 18298K [0x00000006fb400000, 0x00000006fc8c0000, 0x0000000700600000)
  object space 21248K, 86% used [0x00000006fb400000,0x00000006fc5dea30,0x00000006fc8c0000)
Event: 8.969 GC heap after
Heap after GC invocations=10 (full 0):
 PSYoungGen      total 859136K, used 24018K [0x00000007aacb0000, 0x00000007e0ca0000, 0x0000000800000000)
  eden space 834176K, 0% used [0x00000007aacb0000,0x00000007aacb0000,0x00000007ddb50000)
  from space 24960K, 96% used [0x00000007df3e0000,0x00000007e0b54bc0,0x00000007e0c40000)
  to   space 25152K, 0% used [0x00000007ddb50000,0x00000007ddb50000,0x00000007df3e0000)
 ParOldGen       total 174528K, used 157606K [0x0000000700600000, 0x000000070b070000, 0x00000007aacb0000)
  object space 174528K, 90% used [0x0000000700600000,0x0000000709fe9888,0x000000070b070000)
 PSPermGen       total 21248K, used 18298K [0x00000006fb400000, 0x00000006fc8c0000, 0x0000000700600000)
  object space 21248K, 86% used [0x00000006fb400000,0x00000006fc5dea30,0x00000006fc8c0000)
}
Event: 8.969 GC heap before
{Heap before GC invocations=11 (full 1):
 PSYoungGen      total 859136K, used 24018K [0x00000007aacb0000, 0x00000007e0ca0000, 0x0000000800000000)
  eden space 834176K, 0% used [0x00000007aacb0000,0x00000007aacb0000,0x00000007ddb50000)
  from space 24960K, 96% used [0x00000007df3e0000,0x00000007e0b54bc0,0x00000007e0c40000)
  to   space 25152K, 0% used [0x00000007ddb50000,0x00000007ddb50000,0x00000007df3e0000)
 ParOldGen       total 174528K, used 157606K [0x0000000700600000, 0x000000070b070000, 0x00000007aacb0000)
  object space 174528K, 90% used [0x0000000700600000,0x0000000709fe9888,0x000000070b070000)
 PSPermGen       total 21248K, used 18298K [0x00000006fb400000, 0x00000006fc8c0000, 0x0000000700600000)
  object space 21248K, 86% used [0x00000006fb400000,0x00000006fc5dea30,0x00000006fc8c0000)
Event: 9.027 GC heap after
Heap after GC invocations=11 (full 1):
 PSYoungGen      total 859136K, used 0K [0x00000007aacb0000, 0x00000007e0ca0000, 0x0000000800000000)
  eden space 834176K, 0% used [0x00000007aacb0000,0x00000007aacb0000,0x00000007ddb50000)
  from space 24960K, 0% used [0x00000007df3e0000,0x00000007df3e0000,0x00000007e0c40000)
  to   space 25152K, 0% used [0x00000007ddb50000,0x00000007ddb50000,0x00000007df3e0000)
 ParOldGen       total 137152K, used 28468K [0x0000000700600000, 0x0000000708bf0000, 0x00000007aacb0000)
  object space 137152K, 20% used [0x0000000700600000,0x00000007021cd020,0x0000000708bf0000)
 PSPermGen       total 37120K, used 18291K [0x00000006fb400000, 0x00000006fd840000, 0x0000000700600000)
  object space 37120K, 49% used [0x00000006fb400000,0x00000006fc5dce88,0x00000006fd840000)
}
Event: 11.253 GC heap before
{Heap before GC invocations=12 (full 1):
 PSYoungGen      total 859136K, used 834176K [0x00000007aacb0000, 0x00000007e0ca0000, 0x0000000800000000)
  eden space 834176K, 100% used [0x00000007aacb0000,0x00000007ddb50000,0x00000007ddb50000)
  from space 24960K, 0% used [0x00000007df3e0000,0x00000007df3e0000,0x00000007e0c40000)
  to   space 25152K, 0% used [0x00000007ddb50000,0x00000007ddb50000,0x00000007df3e0000)
 ParOldGen       total 137152K, used 78725K [0x0000000700600000, 0x0000000708bf0000, 0x00000007aacb0000)
  object space 137152K, 57% used [0x0000000700600000,0x00000007052e16d8,0x0000000708bf0000)
 PSPermGen       total 37120K, used 18332K [0x00000006fb400000, 0x00000006fd840000, 0x0000000700600000)
  object space 37120K, 49% used [0x00000006fb400000,0x00000006fc5e73b8,0x00000006fd840000)
Event: 11.255 GC heap after
Heap after GC invocations=12 (full 1):
 PSYoungGen      total 859328K, used 256K [0x00000007aacb0000, 0x00000007f4ea0000, 0x0000000800000000)
  eden space 834176K, 0% used [0x00000007aacb0000,0x00000007aacb0000,0x00000007ddb50000)
  from space 25152K, 1% used [0x00000007ddb50000,0x00000007ddb90000,0x00000007df3e0000)
  to   space 28864K, 0% used [0x00000007f3270000,0x00000007f3270000,0x00000007f4ea0000)
 ParOldGen       total 137152K, used 78725K [0x0000000700600000, 0x0000000708bf0000, 0x00000007aacb0000)
  object space 137152K, 57% used [0x0000000700600000,0x00000007052e16d8,0x0000000708bf0000)
 PSPermGen       total 37120K, used 18332K [0x00000006fb400000, 0x00000006fd840000, 0x0000000700600000)
  object space 37120K, 49% used [0x00000006fb400000,0x00000006fc5e73b8,0x00000006fd840000)
}
Event: 13.383 GC heap before
{Heap before GC invocations=13 (full 1):
 PSYoungGen      total 859328K, used 834236K [0x00000007aacb0000, 0x00000007f4ea0000, 0x0000000800000000)
  eden space 834176K, 99% used [0x00000007aacb0000,0x00000007ddb1f160,0x00000007ddb50000)
  from space 25152K, 1% used [0x00000007ddb50000,0x00000007ddb90000,0x00000007df3e0000)
  to   space 28864K, 0% used [0x00000007f3270000,0x00000007f3270000,0x00000007f4ea0000)
 ParOldGen       total 137152K, used 78725K [0x0000000700600000, 0x0000000708bf0000, 0x00000007aacb0000)
  object space 137152K, 57% used [0x0000000700600000,0x00000007052e16d8,0x0000000708bf0000)
 PSPermGen       total 37120K, used 18364K [0x00000006fb400000, 0x00000006fd840000, 0x0000000700600000)
  object space 37120K, 49% used [0x00000006fb400000,0x00000006fc5ef2c8,0x00000006fd840000)
Event: 13.389 GC heap after
Heap after GC invocations=13 (full 1):
 PSYoungGen      total 1157184K, used 24018K [0x00000007aacb0000, 0x00000007f49f0000, 0x0000000800000000)
  eden space 1133120K, 0% used [0x00000007aacb0000,0x00000007aacb0000,0x00000007eff40000)
  from space 24064K, 99% used [0x00000007f3270000,0x00000007f49e4bc0,0x00000007f49f0000)
  to   space 29248K, 0% used [0x00000007f10d0000,0x00000007f10d0000,0x00000007f2d60000)
 ParOldGen       total 137152K, used 78793K [0x0000000700600000, 0x0000000708bf0000, 0x00000007aacb0000)
  object space 137152K, 57% used [0x0000000700600000,0x00000007052f26e8,0x0000000708bf0000)
 PSPermGen       total 37120K, used 18364K [0x00000006fb400000, 0x00000006fd840000, 0x0000000700600000)
  object space 37120K, 49% used [0x00000006fb400000,0x00000006fc5ef2c8,0x00000006fd840000)
}

