# JRE version: 7.0_07-b11
# Java VM: Java HotSpot(TM) 64-Bit Server VM (23.3-b01 mixed mode windows-amd64 compressed oops)
Heap
 PSYoungGen      total 826368K, used 460724K [0x00000007aacb0000, 0x00000007ed8e0000, 0x0000000800000000)
  eden space 772608K, 53% used [0x00000007aacb0000,0x00000007c3d36c20,0x00000007d9f30000)
  from space 53760K, 94% used [0x00000007d9f30000,0x00000007dd096540,0x00000007dd3b0000)
  to   space 59712K, 0% used [0x00000007e9e90000,0x00000007e9e90000,0x00000007ed8e0000)
 ParOldGen       total 222656K, used 39034K [0x0000000700600000, 0x000000070df70000, 0x00000007aacb0000)
  object space 222656K, 17% used [0x0000000700600000,0x0000000702c1e8f8,0x000000070df70000)
 PSPermGen       total 37696K, used 18041K [0x00000006fb400000, 0x00000006fd8d0000, 0x0000000700600000)
  object space 37696K, 47% used [0x00000006fb400000,0x00000006fc59e458,0x00000006fd8d0000)
GC Heap History (10 events):
Event: 16.241 GC heap before
{Heap before GC invocations=13 (full 3):
 PSYoungGen      total 507456K, used 462607K [0x00000007aacb0000, 0x00000007d7450000, 0x0000000800000000)
  eden space 464640K, 99% used [0x00000007aacb0000,0x00000007c7073fe8,0x00000007c7270000)
  from space 42816K, 0% used [0x00000007c7270000,0x00000007c7270000,0x00000007c9c40000)
  to   space 43008K, 0% used [0x00000007d4a50000,0x00000007d4a50000,0x00000007d7450000)
 ParOldGen       total 173184K, used 29522K [0x0000000700600000, 0x000000070af20000, 0x00000007aacb0000)
  object space 173184K, 17% used [0x0000000700600000,0x00000007022d4bd0,0x000000070af20000)
 PSPermGen       total 39296K, used 18022K [0x00000006fb400000, 0x00000006fda60000, 0x0000000700600000)
  object space 39296K, 45% used [0x00000006fb400000,0x00000006fc5998a8,0x00000006fda60000)
Event: 16.252 GC heap after
Heap after GC invocations=13 (full 3):
 PSYoungGen      total 650816K, used 42221K [0x00000007aacb0000, 0x00000007d7390000, 0x0000000800000000)
  eden space 608576K, 0% used [0x00000007aacb0000,0x00000007aacb0000,0x00000007cff00000)
  from space 42240K, 99% used [0x00000007d4a50000,0x00000007d738b420,0x00000007d7390000)
  to   space 47552K, 0% used [0x00000007d16b0000,0x00000007d16b0000,0x00000007d4520000)
 ParOldGen       total 173184K, used 53823K [0x0000000700600000, 0x000000070af20000, 0x00000007aacb0000)
  object space 173184K, 31% used [0x0000000700600000,0x0000000703a8fc10,0x000000070af20000)
 PSPermGen       total 39296K, used 18022K [0x00000006fb400000, 0x00000006fda60000, 0x0000000700600000)
  object space 39296K, 45% used [0x00000006fb400000,0x00000006fc5998a8,0x00000006fda60000)
}
Event: 17.441 GC heap before
{Heap before GC invocations=14 (full 3):
 PSYoungGen      total 650816K, used 650797K [0x00000007aacb0000, 0x00000007d7390000, 0x0000000800000000)
  eden space 608576K, 100% used [0x00000007aacb0000,0x00000007cff00000,0x00000007cff00000)
  from space 42240K, 99% used [0x00000007d4a50000,0x00000007d738b420,0x00000007d7390000)
  to   space 47552K, 0% used [0x00000007d16b0000,0x00000007d16b0000,0x00000007d4520000)
 ParOldGen       total 173184K, used 119909K [0x0000000700600000, 0x000000070af20000, 0x00000007aacb0000)
  object space 173184K, 69% used [0x0000000700600000,0x0000000707b19530,0x000000070af20000)
 PSPermGen       total 39296K, used 18024K [0x00000006fb400000, 0x00000006fda60000, 0x0000000700600000)
  object space 39296K, 45% used [0x00000006fb400000,0x00000006fc59a118,0x00000006fda60000)
Event: 17.444 GC heap after
Heap after GC invocations=14 (full 3):
 PSYoungGen      total 680384K, used 10600K [0x00000007aacb0000, 0x00000007e02d0000, 0x0000000800000000)
  eden space 632832K, 0% used [0x00000007aacb0000,0x00000007aacb0000,0x00000007d16b0000)
  from space 47552K, 22% used [0x00000007d16b0000,0x00000007d210a250,0x00000007d4520000)
  to   space 48256K, 0% used [0x00000007dd3b0000,0x00000007dd3b0000,0x00000007e02d0000)
 ParOldGen       total 173184K, used 119909K [0x0000000700600000, 0x000000070af20000, 0x00000007aacb0000)
  object space 173184K, 69% used [0x0000000700600000,0x0000000707b19530,0x000000070af20000)
 PSPermGen       total 39296K, used 18024K [0x00000006fb400000, 0x00000006fda60000, 0x0000000700600000)
  object space 39296K, 45% used [0x00000006fb400000,0x00000006fc59a118,0x00000006fda60000)
}
Event: 18.675 GC heap before
{Heap before GC invocations=15 (full 4):
 PSYoungGen      total 680384K, used 643432K [0x00000007aacb0000, 0x00000007e02d0000, 0x0000000800000000)
  eden space 632832K, 100% used [0x00000007aacb0000,0x00000007d16b0000,0x00000007d16b0000)
  from space 47552K, 22% used [0x00000007d16b0000,0x00000007d210a250,0x00000007d4520000)
  to   space 48256K, 0% used [0x00000007dd3b0000,0x00000007dd3b0000,0x00000007e02d0000)
 ParOldGen       total 183040K, used 179751K [0x0000000700600000, 0x000000070b8c0000, 0x00000007aacb0000)
  object space 183040K, 98% used [0x0000000700600000,0x000000070b589c38,0x000000070b8c0000)
 PSPermGen       total 39296K, used 18027K [0x00000006fb400000, 0x00000006fda60000, 0x0000000700600000)
  object space 39296K, 45% used [0x00000006fb400000,0x00000006fc59aea0,0x00000006fda60000)
Event: 18.709 GC heap after
Heap after GC invocations=15 (full 4):
 PSYoungGen      total 680384K, used 0K [0x00000007aacb0000, 0x00000007e02d0000, 0x0000000800000000)
  eden space 632832K, 0% used [0x00000007aacb0000,0x00000007aacb0000,0x00000007d16b0000)
  from space 47552K, 0% used [0x00000007d16b0000,0x00000007d16b0000,0x00000007d4520000)
  to   space 48256K, 0% used [0x00000007dd3b0000,0x00000007dd3b0000,0x00000007e02d0000)
 ParOldGen       total 222656K, used 29212K [0x0000000700600000, 0x000000070df70000, 0x00000007aacb0000)
  object space 222656K, 13% used [0x0000000700600000,0x0000000702287318,0x000000070df70000)
 PSPermGen       total 37696K, used 18027K [0x00000006fb400000, 0x00000006fd8d0000, 0x0000000700600000)
  object space 37696K, 47% used [0x00000006fb400000,0x00000006fc59aea0,0x00000006fd8d0000)
}
Event: 19.817 GC heap before
{Heap before GC invocations=16 (full 4):
 PSYoungGen      total 680384K, used 630280K [0x00000007aacb0000, 0x00000007e02d0000, 0x0000000800000000)
  eden space 632832K, 99% used [0x00000007aacb0000,0x00000007d1432078,0x00000007d16b0000)
  from space 47552K, 0% used [0x00000007d16b0000,0x00000007d16b0000,0x00000007d4520000)
  to   space 48256K, 0% used [0x00000007dd3b0000,0x00000007dd3b0000,0x00000007e02d0000)
 ParOldGen       total 222656K, used 29212K [0x0000000700600000, 0x000000070df70000, 0x00000007aacb0000)
  object space 222656K, 13% used [0x0000000700600000,0x0000000702287318,0x000000070df70000)
 PSPermGen       total 37696K, used 18030K [0x00000006fb400000, 0x00000006fd8d0000, 0x0000000700600000)
  object space 37696K, 47% used [0x00000006fb400000,0x00000006fc59b918,0x00000006fd8d0000)
Event: 19.828 GC heap after
Heap after GC invocations=16 (full 4):
 PSYoungGen      total 820864K, used 46227K [0x00000007aacb0000, 0x00000007e1fa0000, 0x0000000800000000)
  eden space 772608K, 0% used [0x00000007aacb0000,0x00000007aacb0000,0x00000007d9f30000)
  from space 48256K, 95% used [0x00000007dd3b0000,0x00000007e00d4f90,0x00000007e02d0000)
  to   space 53760K, 0% used [0x00000007d9f30000,0x00000007d9f30000,0x00000007dd3b0000)
 ParOldGen       total 222656K, used 35287K [0x0000000700600000, 0x000000070df70000, 0x00000007aacb0000)
  object space 222656K, 15% used [0x0000000700600000,0x0000000702875f28,0x000000070df70000)
 PSPermGen       total 37696K, used 18030K [0x00000006fb400000, 0x00000006fd8d0000, 0x0000000700600000)
  object space 37696K, 47% used [0x00000006fb400000,0x00000006fc59b918,0x00000006fd8d0000)
}
Event: 21.241 GC heap before
{Heap before GC invocations=17 (full 4):
 PSYoungGen      total 820864K, used 815932K [0x00000007aacb0000, 0x00000007e1fa0000, 0x0000000800000000)
  eden space 772608K, 99% used [0x00000007aacb0000,0x00000007d9c5a178,0x00000007d9f30000)
  from space 48256K, 95% used [0x00000007dd3b0000,0x00000007e00d4f90,0x00000007e02d0000)
  to   space 53760K, 0% used [0x00000007d9f30000,0x00000007d9f30000,0x00000007dd3b0000)
 ParOldGen       total 222656K, used 39034K [0x0000000700600000, 0x000000070df70000, 0x00000007aacb0000)
  object space 222656K, 17% used [0x0000000700600000,0x0000000702c1e8f8,0x000000070df70000)
 PSPermGen       total 37696K, used 18032K [0x00000006fb400000, 0x00000006fd8d0000, 0x0000000700600000)
  object space 37696K, 47% used [0x00000006fb400000,0x00000006fc59c030,0x00000006fd8d0000)
Event: 21.252 GC heap after
Heap after GC invocations=17 (full 4):
 PSYoungGen      total 826368K, used 50585K [0x00000007aacb0000, 0x00000007ed8e0000, 0x0000000800000000)
  eden space 772608K, 0% used [0x00000007aacb0000,0x00000007aacb0000,0x00000007d9f30000)
  from space 53760K, 94% used [0x00000007d9f30000,0x00000007dd096540,0x00000007dd3b0000)
  to   space 59712K, 0% used [0x00000007e9e90000,0x00000007e9e90000,0x00000007ed8e0000)
 ParOldGen       total 222656K, used 39034K [0x0000000700600000, 0x000000070df70000, 0x00000007aacb0000)
  object space 222656K, 17% used [0x0000000700600000,0x0000000702c1e8f8,0x000000070df70000)
 PSPermGen       total 37696K, used 18032K [0x00000006fb400000, 0x00000006fd8d0000, 0x0000000700600000)
  object space 37696K, 47% used [0x00000006fb400000,0x00000006fc59c030,0x00000006fd8d0000)
}

