# JRE version: 7.0_07-b11
# Java VM: Java HotSpot(TM) 64-Bit Server VM (23.3-b01 mixed mode windows-amd64 compressed oops)
Heap
 PSYoungGen      total 1262400K, used 1156512K [0x00000007aacb0000, 0x0000000800000000, 0x0000000800000000)
  eden space 1138880K, 93% used [0x00000007aacb0000,0x00000007eb733a58,0x00000007f04e0000)
  from space 123520K, 78% used [0x00000007f8550000,0x00000007fe434668,0x00000007ffdf0000)
  to   space 128576K, 0% used [0x00000007f04e0000,0x00000007f04e0000,0x00000007f8270000)
 ParOldGen       total 614464K, used 528246K [0x0000000700600000, 0x0000000725e10000, 0x00000007aacb0000)
  object space 614464K, 85% used [0x0000000700600000,0x00000007209dda18,0x0000000725e10000)
 PSPermGen       total 30720K, used 18368K [0x00000006fb400000, 0x00000006fd200000, 0x0000000700600000)
  object space 30720K, 59% used [0x00000006fb400000,0x00000006fc5f0398,0x00000006fd200000)
GC Heap History (10 events):
Event: 75.786 GC heap before
{Heap before GC invocations=50 (full 8):
 PSYoungGen      total 1065536K, used 1017729K [0x00000007aacb0000, 0x00000007f6f90000, 0x0000000800000000)
  eden space 949504K, 99% used [0x00000007aacb0000,0x00000007e4ba8350,0x00000007e4bf0000)
  from space 116032K, 59% used [0x00000007e4bf0000,0x00000007e8ed8418,0x00000007ebd40000)
  to   space 113856K, 0% used [0x00000007f0060000,0x00000007f0060000,0x00000007f6f90000)
 ParOldGen       total 614464K, used 178438K [0x0000000700600000, 0x0000000725e10000, 0x00000007aacb0000)
  object space 614464K, 29% used [0x0000000700600000,0x000000070b441ae8,0x0000000725e10000)
 PSPermGen       total 30720K, used 18327K [0x00000006fb400000, 0x00000006fd200000, 0x0000000700600000)
  object space 30720K, 59% used [0x00000006fb400000,0x00000006fc5e5f00,0x00000006fd200000)
Event: 75.834 GC heap after
Heap after GC invocations=50 (full 8):
 PSYoungGen      total 1124416K, used 101348K [0x00000007aacb0000, 0x00000007fa030000, 0x0000000800000000)
  eden space 1010560K, 0% used [0x00000007aacb0000,0x00000007aacb0000,0x00000007e8790000)
  from space 113856K, 89% used [0x00000007f0060000,0x00000007f6359328,0x00000007f6f90000)
  to   space 123712K, 0% used [0x00000007e8790000,0x00000007e8790000,0x00000007f0060000)
 ParOldGen       total 614464K, used 178438K [0x0000000700600000, 0x0000000725e10000, 0x00000007aacb0000)
  object space 614464K, 29% used [0x0000000700600000,0x000000070b441ae8,0x0000000725e10000)
 PSPermGen       total 30720K, used 18327K [0x00000006fb400000, 0x00000006fd200000, 0x0000000700600000)
  object space 30720K, 59% used [0x00000006fb400000,0x00000006fc5e5f00,0x00000006fd200000)
}
Event: 79.190 GC heap before
{Heap before GC invocations=51 (full 8):
 PSYoungGen      total 1124416K, used 1111908K [0x00000007aacb0000, 0x00000007fa030000, 0x0000000800000000)
  eden space 1010560K, 100% used [0x00000007aacb0000,0x00000007e8790000,0x00000007e8790000)
  from space 113856K, 89% used [0x00000007f0060000,0x00000007f6359328,0x00000007f6f90000)
  to   space 123712K, 0% used [0x00000007e8790000,0x00000007e8790000,0x00000007f0060000)
 ParOldGen       total 614464K, used 224495K [0x0000000700600000, 0x0000000725e10000, 0x00000007aacb0000)
  object space 614464K, 36% used [0x0000000700600000,0x000000070e13be18,0x0000000725e10000)
 PSPermGen       total 30720K, used 18348K [0x00000006fb400000, 0x00000006fd200000, 0x0000000700600000)
  object space 30720K, 59% used [0x00000006fb400000,0x00000006fc5eb1c0,0x00000006fd200000)
Event: 79.209 GC heap after
Heap after GC invocations=51 (full 8):
 PSYoungGen      total 1134272K, used 79745K [0x00000007aacb0000, 0x00000007fdad0000, 0x0000000800000000)
  eden space 1010560K, 0% used [0x00000007aacb0000,0x00000007aacb0000,0x00000007e8790000)
  from space 123712K, 64% used [0x00000007e8790000,0x00000007ed5706b0,0x00000007f0060000)
  to   space 123520K, 0% used [0x00000007f6230000,0x00000007f6230000,0x00000007fdad0000)
 ParOldGen       total 614464K, used 224495K [0x0000000700600000, 0x0000000725e10000, 0x00000007aacb0000)
  object space 614464K, 36% used [0x0000000700600000,0x000000070e13be18,0x0000000725e10000)
 PSPermGen       total 30720K, used 18348K [0x00000006fb400000, 0x00000006fd200000, 0x0000000700600000)
  object space 30720K, 59% used [0x00000006fb400000,0x00000006fc5eb1c0,0x00000006fd200000)
}
Event: 81.420 GC heap before
{Heap before GC invocations=52 (full 8):
 PSYoungGen      total 1134272K, used 1089219K [0x00000007aacb0000, 0x00000007fdad0000, 0x0000000800000000)
  eden space 1010560K, 99% used [0x00000007aacb0000,0x00000007e8680828,0x00000007e8790000)
  from space 123712K, 64% used [0x00000007e8790000,0x00000007ed5706b0,0x00000007f0060000)
  to   space 123520K, 0% used [0x00000007f6230000,0x00000007f6230000,0x00000007fdad0000)
 ParOldGen       total 614464K, used 230570K [0x0000000700600000, 0x0000000725e10000, 0x00000007aacb0000)
  object space 614464K, 37% used [0x0000000700600000,0x000000070e72aa28,0x0000000725e10000)
 PSPermGen       total 30720K, used 18353K [0x00000006fb400000, 0x00000006fd200000, 0x0000000700600000)
  object space 30720K, 59% used [0x00000006fb400000,0x00000006fc5ec618,0x00000006fd200000)
Event: 81.474 GC heap after
Heap after GC invocations=52 (full 8):
 PSYoungGen      total 1232320K, used 87082K [0x00000007aacb0000, 0x00000007ff0b0000, 0x0000000800000000)
  eden space 1108800K, 0% used [0x00000007aacb0000,0x00000007aacb0000,0x00000007ee780000)
  from space 123520K, 70% used [0x00000007f6230000,0x00000007fb73a8a8,0x00000007fdad0000)
  to   space 125632K, 0% used [0x00000007ee780000,0x00000007ee780000,0x00000007f6230000)
 ParOldGen       total 614464K, used 230570K [0x0000000700600000, 0x0000000725e10000, 0x00000007aacb0000)
  object space 614464K, 37% used [0x0000000700600000,0x000000070e72aa28,0x0000000725e10000)
 PSPermGen       total 30720K, used 18353K [0x00000006fb400000, 0x00000006fd200000, 0x0000000700600000)
  object space 30720K, 59% used [0x00000006fb400000,0x00000006fc5ec618,0x00000006fd200000)
}
Event: 84.864 GC heap before
{Heap before GC invocations=53 (full 8):
 PSYoungGen      total 1232320K, used 1195200K [0x00000007aacb0000, 0x00000007ff0b0000, 0x0000000800000000)
  eden space 1108800K, 99% used [0x00000007aacb0000,0x00000007ee6d57c8,0x00000007ee780000)
  from space 123520K, 70% used [0x00000007f6230000,0x00000007fb73a8a8,0x00000007fdad0000)
  to   space 125632K, 0% used [0x00000007ee780000,0x00000007ee780000,0x00000007f6230000)
 ParOldGen       total 614464K, used 528246K [0x0000000700600000, 0x0000000725e10000, 0x00000007aacb0000)
  object space 614464K, 85% used [0x0000000700600000,0x00000007209dda18,0x0000000725e10000)
 PSPermGen       total 30720K, used 18359K [0x00000006fb400000, 0x00000006fd200000, 0x0000000700600000)
  object space 30720K, 59% used [0x00000006fb400000,0x00000006fc5edd10,0x00000006fd200000)
Event: 84.878 GC heap after
Heap after GC invocations=53 (full 8):
 PSYoungGen      total 1234432K, used 77826K [0x00000007aacb0000, 0x00000007ffdf0000, 0x0000000800000000)
  eden space 1108800K, 0% used [0x00000007aacb0000,0x00000007aacb0000,0x00000007ee780000)
  from space 125632K, 61% used [0x00000007ee780000,0x00000007f3380988,0x00000007f6230000)
  to   space 123520K, 0% used [0x00000007f8550000,0x00000007f8550000,0x00000007ffdf0000)
 ParOldGen       total 614464K, used 528246K [0x0000000700600000, 0x0000000725e10000, 0x00000007aacb0000)
  object space 614464K, 85% used [0x0000000700600000,0x00000007209dda18,0x0000000725e10000)
 PSPermGen       total 30720K, used 18359K [0x00000006fb400000, 0x00000006fd200000, 0x0000000700600000)
  object space 30720K, 59% used [0x00000006fb400000,0x00000006fc5edd10,0x00000006fd200000)
}
Event: 89.071 GC heap before
{Heap before GC invocations=54 (full 8):
 PSYoungGen      total 1234432K, used 1185413K [0x00000007aacb0000, 0x00000007ffdf0000, 0x0000000800000000)
  eden space 1108800K, 99% used [0x00000007aacb0000,0x00000007ee650b90,0x00000007ee780000)
  from space 125632K, 61% used [0x00000007ee780000,0x00000007f3380988,0x00000007f6230000)
  to   space 123520K, 0% used [0x00000007f8550000,0x00000007f8550000,0x00000007ffdf0000)
 ParOldGen       total 614464K, used 528246K [0x0000000700600000, 0x0000000725e10000, 0x00000007aacb0000)
  object space 614464K, 85% used [0x0000000700600000,0x00000007209dda18,0x0000000725e10000)
 PSPermGen       total 30720K, used 18360K [0x00000006fb400000, 0x00000006fd200000, 0x0000000700600000)
  object space 30720K, 59% used [0x00000006fb400000,0x00000006fc5ee038,0x00000006fd200000)
Event: 89.107 GC heap after
Heap after GC invocations=54 (full 8):
 PSYoungGen      total 1262400K, used 97169K [0x00000007aacb0000, 0x0000000800000000, 0x0000000800000000)
  eden space 1138880K, 0% used [0x00000007aacb0000,0x00000007aacb0000,0x00000007f04e0000)
  from space 123520K, 78% used [0x00000007f8550000,0x00000007fe434668,0x00000007ffdf0000)
  to   space 128576K, 0% used [0x00000007f04e0000,0x00000007f04e0000,0x00000007f8270000)
 ParOldGen       total 614464K, used 528246K [0x0000000700600000, 0x0000000725e10000, 0x00000007aacb0000)
  object space 614464K, 85% used [0x0000000700600000,0x00000007209dda18,0x0000000725e10000)
 PSPermGen       total 30720K, used 18360K [0x00000006fb400000, 0x00000006fd200000, 0x0000000700600000)
  object space 30720K, 59% used [0x00000006fb400000,0x00000006fc5ee038,0x00000006fd200000)
}

