# JRE version: 7.0_07-b11
# Java VM: Java HotSpot(TM) 64-Bit Server VM (23.3-b01 mixed mode windows-amd64 compressed oops)
Heap
 PSYoungGen      total 620288K, used 270790K [0x00000007aacb0000, 0x00000007e3650000, 0x0000000800000000)
  eden space 544128K, 47% used [0x00000007aacb0000,0x00000007baab4888,0x00000007cc010000)
  from space 76160K, 14% used [0x00000007cc010000,0x00000007cca7d180,0x00000007d0a70000)
  to   space 75136K, 0% used [0x00000007decf0000,0x00000007decf0000,0x00000007e3650000)
 ParOldGen       total 144960K, used 67484K [0x0000000700600000, 0x0000000709390000, 0x00000007aacb0000)
  object space 144960K, 46% used [0x0000000700600000,0x00000007047e7160,0x0000000709390000)
 PSPermGen       total 36160K, used 17986K [0x00000006fb400000, 0x00000006fd750000, 0x0000000700600000)
  object space 36160K, 49% used [0x00000006fb400000,0x00000006fc590b00,0x00000006fd750000)
GC Heap History (10 events):
Event: 7.701 GC heap before
{Heap before GC invocations=8 (full 1):
 PSYoungGen      total 259072K, used 252986K [0x00000007aacb0000, 0x00000007bf2d0000, 0x0000000800000000)
  eden space 224000K, 97% used [0x00000007aacb0000,0x00000007b818e828,0x00000007b8770000)
  from space 35072K, 99% used [0x00000007bd090000,0x00000007bf2c01c0,0x00000007bf2d0000)
  to   space 44608K, 0% used [0x00000007b9bb0000,0x00000007b9bb0000,0x00000007bc740000)
 ParOldGen       total 144960K, used 35218K [0x0000000700600000, 0x0000000709390000, 0x00000007aacb0000)
  object space 144960K, 24% used [0x0000000700600000,0x00000007028648f0,0x0000000709390000)
 PSPermGen       total 36160K, used 17949K [0x00000006fb400000, 0x00000006fd750000, 0x0000000700600000)
  object space 36160K, 49% used [0x00000006fb400000,0x00000006fc587540,0x00000006fd750000)
Event: 7.710 GC heap after
Heap after GC invocations=8 (full 1):
 PSYoungGen      total 289344K, used 41420K [0x00000007aacb0000, 0x00000007c8d90000, 0x0000000800000000)
  eden space 244736K, 0% used [0x00000007aacb0000,0x00000007aacb0000,0x00000007b9bb0000)
  from space 44608K, 92% used [0x00000007b9bb0000,0x00000007bc4233f0,0x00000007bc740000)
  to   space 52416K, 0% used [0x00000007c5a60000,0x00000007c5a60000,0x00000007c8d90000)
 ParOldGen       total 144960K, used 35218K [0x0000000700600000, 0x0000000709390000, 0x00000007aacb0000)
  object space 144960K, 24% used [0x0000000700600000,0x00000007028648f0,0x0000000709390000)
 PSPermGen       total 36160K, used 17949K [0x00000006fb400000, 0x00000006fd750000, 0x0000000700600000)
  object space 36160K, 49% used [0x00000006fb400000,0x00000006fc587540,0x00000006fd750000)
}
Event: 8.227 GC heap before
{Heap before GC invocations=9 (full 1):
 PSYoungGen      total 289344K, used 281916K [0x00000007aacb0000, 0x00000007c8d90000, 0x0000000800000000)
  eden space 244736K, 98% used [0x00000007aacb0000,0x00000007b978bdd8,0x00000007b9bb0000)
  from space 44608K, 92% used [0x00000007b9bb0000,0x00000007bc4233f0,0x00000007bc740000)
  to   space 52416K, 0% used [0x00000007c5a60000,0x00000007c5a60000,0x00000007c8d90000)
 ParOldGen       total 144960K, used 35218K [0x0000000700600000, 0x0000000709390000, 0x00000007aacb0000)
  object space 144960K, 24% used [0x0000000700600000,0x00000007028648f0,0x0000000709390000)
 PSPermGen       total 36160K, used 17950K [0x00000006fb400000, 0x00000006fd750000, 0x0000000700600000)
  object space 36160K, 49% used [0x00000006fb400000,0x00000006fc5879c0,0x00000006fd750000)
Event: 8.237 GC heap after
Heap after GC invocations=9 (full 1):
 PSYoungGen      total 435136K, used 41252K [0x00000007aacb0000, 0x00000007cbd20000, 0x0000000800000000)
  eden space 382720K, 0% used [0x00000007aacb0000,0x00000007aacb0000,0x00000007c2270000)
  from space 52416K, 78% used [0x00000007c5a60000,0x00000007c82a90e0,0x00000007c8d90000)
  to   space 57280K, 0% used [0x00000007c2270000,0x00000007c2270000,0x00000007c5a60000)
 ParOldGen       total 144960K, used 35218K [0x0000000700600000, 0x0000000709390000, 0x00000007aacb0000)
  object space 144960K, 24% used [0x0000000700600000,0x00000007028648f0,0x0000000709390000)
 PSPermGen       total 36160K, used 17950K [0x00000006fb400000, 0x00000006fd750000, 0x0000000700600000)
  object space 36160K, 49% used [0x00000006fb400000,0x00000006fc5879c0,0x00000006fd750000)
}
Event: 9.078 GC heap before
{Heap before GC invocations=10 (full 1):
 PSYoungGen      total 435136K, used 421840K [0x00000007aacb0000, 0x00000007cbd20000, 0x0000000800000000)
  eden space 382720K, 99% used [0x00000007aacb0000,0x00000007c205b2b0,0x00000007c2270000)
  from space 52416K, 78% used [0x00000007c5a60000,0x00000007c82a90e0,0x00000007c8d90000)
  to   space 57280K, 0% used [0x00000007c2270000,0x00000007c2270000,0x00000007c5a60000)
 ParOldGen       total 144960K, used 35218K [0x0000000700600000, 0x0000000709390000, 0x00000007aacb0000)
  object space 144960K, 24% used [0x0000000700600000,0x00000007028648f0,0x0000000709390000)
 PSPermGen       total 36160K, used 17976K [0x00000006fb400000, 0x00000006fd750000, 0x0000000700600000)
  object space 36160K, 49% used [0x00000006fb400000,0x00000006fc58e1e0,0x00000006fd750000)
Event: 9.091 GC heap after
Heap after GC invocations=10 (full 1):
 PSYoungGen      total 440000K, used 57188K [0x00000007aacb0000, 0x00000007d4be0000, 0x0000000800000000)
  eden space 382720K, 0% used [0x00000007aacb0000,0x00000007aacb0000,0x00000007c2270000)
  from space 57280K, 99% used [0x00000007c2270000,0x00000007c5a493f0,0x00000007c5a60000)
  to   space 67008K, 0% used [0x00000007d0a70000,0x00000007d0a70000,0x00000007d4be0000)
 ParOldGen       total 144960K, used 42080K [0x0000000700600000, 0x0000000709390000, 0x00000007aacb0000)
  object space 144960K, 29% used [0x0000000700600000,0x0000000702f18040,0x0000000709390000)
 PSPermGen       total 36160K, used 17976K [0x00000006fb400000, 0x00000006fd750000, 0x0000000700600000)
  object space 36160K, 49% used [0x00000006fb400000,0x00000006fc58e1e0,0x00000006fd750000)
}
Event: 9.805 GC heap before
{Heap before GC invocations=11 (full 1):
 PSYoungGen      total 440000K, used 439252K [0x00000007aacb0000, 0x00000007d4be0000, 0x0000000800000000)
  eden space 382720K, 99% used [0x00000007aacb0000,0x00000007c21cbd40,0x00000007c2270000)
  from space 57280K, 99% used [0x00000007c2270000,0x00000007c5a493f0,0x00000007c5a60000)
  to   space 67008K, 0% used [0x00000007d0a70000,0x00000007d0a70000,0x00000007d4be0000)
 ParOldGen       total 144960K, used 42080K [0x0000000700600000, 0x0000000709390000, 0x00000007aacb0000)
  object space 144960K, 29% used [0x0000000700600000,0x0000000702f18040,0x0000000709390000)
 PSPermGen       total 36160K, used 17978K [0x00000006fb400000, 0x00000006fd750000, 0x0000000700600000)
  object space 36160K, 49% used [0x00000006fb400000,0x00000006fc58e908,0x00000006fd750000)
Event: 9.818 GC heap after
Heap after GC invocations=11 (full 1):
 PSYoungGen      total 611136K, used 63095K [0x00000007aacb0000, 0x00000007d5f70000, 0x0000000800000000)
  eden space 544128K, 0% used [0x00000007aacb0000,0x00000007aacb0000,0x00000007cc010000)
  from space 67008K, 94% used [0x00000007d0a70000,0x00000007d480dcf0,0x00000007d4be0000)
  to   space 76160K, 0% used [0x00000007cc010000,0x00000007cc010000,0x00000007d0a70000)
 ParOldGen       total 144960K, used 42136K [0x0000000700600000, 0x0000000709390000, 0x00000007aacb0000)
  object space 144960K, 29% used [0x0000000700600000,0x0000000702f26050,0x0000000709390000)
 PSPermGen       total 36160K, used 17978K [0x00000006fb400000, 0x00000006fd750000, 0x0000000700600000)
  object space 36160K, 49% used [0x00000006fb400000,0x00000006fc58e908,0x00000006fd750000)
}
Event: 10.837 GC heap before
{Heap before GC invocations=12 (full 1):
 PSYoungGen      total 611136K, used 604009K [0x00000007aacb0000, 0x00000007d5f70000, 0x0000000800000000)
  eden space 544128K, 99% used [0x00000007aacb0000,0x00000007cbcec988,0x00000007cc010000)
  from space 67008K, 94% used [0x00000007d0a70000,0x00000007d480dcf0,0x00000007d4be0000)
  to   space 76160K, 0% used [0x00000007cc010000,0x00000007cc010000,0x00000007d0a70000)
 ParOldGen       total 144960K, used 42136K [0x0000000700600000, 0x0000000709390000, 0x00000007aacb0000)
  object space 144960K, 29% used [0x0000000700600000,0x0000000702f26050,0x0000000709390000)
 PSPermGen       total 36160K, used 17986K [0x00000006fb400000, 0x00000006fd750000, 0x0000000700600000)
  object space 36160K, 49% used [0x00000006fb400000,0x00000006fc590a20,0x00000006fd750000)
Event: 10.842 GC heap after
Heap after GC invocations=12 (full 1):
 PSYoungGen      total 620288K, used 10676K [0x00000007aacb0000, 0x00000007e3650000, 0x0000000800000000)
  eden space 544128K, 0% used [0x00000007aacb0000,0x00000007aacb0000,0x00000007cc010000)
  from space 76160K, 14% used [0x00000007cc010000,0x00000007cca7d180,0x00000007d0a70000)
  to   space 75136K, 0% used [0x00000007decf0000,0x00000007decf0000,0x00000007e3650000)
 ParOldGen       total 144960K, used 67484K [0x0000000700600000, 0x0000000709390000, 0x00000007aacb0000)
  object space 144960K, 46% used [0x0000000700600000,0x00000007047e7160,0x0000000709390000)
 PSPermGen       total 36160K, used 17986K [0x00000006fb400000, 0x00000006fd750000, 0x0000000700600000)
  object space 36160K, 49% used [0x00000006fb400000,0x00000006fc590a20,0x00000006fd750000)
}

