# JRE version: 7.0_07-b11
# Java VM: Java HotSpot(TM) 64-Bit Server VM (23.3-b01 mixed mode windows-amd64 compressed oops)
Heap
 PSYoungGen      total 407808K, used 315214K [0x00000007aacb0000, 0x00000007c8c20000, 0x0000000800000000)
  eden space 350464K, 89% used [0x00000007aacb0000,0x00000007be083930,0x00000007c02f0000)
  from space 57344K, 0% used [0x00000007c4370000,0x00000007c4370000,0x00000007c7b70000)
  to   space 66048K, 0% used [0x00000007c02f0000,0x00000007c02f0000,0x00000007c4370000)
 ParOldGen       total 176768K, used 53965K [0x0000000700600000, 0x000000070b2a0000, 0x00000007aacb0000)
  object space 176768K, 30% used [0x0000000700600000,0x0000000703ab37c8,0x000000070b2a0000)
 PSPermGen       total 40512K, used 18032K [0x00000006fb400000, 0x00000006fdb90000, 0x0000000700600000)
  object space 40512K, 44% used [0x00000006fb400000,0x00000006fc59c078,0x00000006fdb90000)
GC Heap History (10 events):
Event: 7.175 GC heap before
{Heap before GC invocations=8 (full 0):
 PSYoungGen      total 165888K, used 161066K [0x00000007aacb0000, 0x00000007bfe10000, 0x0000000800000000)
  eden space 123648K, 99% used [0x00000007aacb0000,0x00000007b25220e0,0x00000007b2570000)
  from space 42240K, 89% used [0x00000007b2570000,0x00000007b4a48900,0x00000007b4eb0000)
  to   space 49088K, 0% used [0x00000007bce20000,0x00000007bce20000,0x00000007bfe10000)
 ParOldGen       total 174528K, used 62989K [0x0000000700600000, 0x000000070b070000, 0x00000007aacb0000)
  object space 174528K, 36% used [0x0000000700600000,0x0000000704383538,0x000000070b070000)
 PSPermGen       total 21248K, used 17982K [0x00000006fb400000, 0x00000006fc8c0000, 0x0000000700600000)
  object space 21248K, 84% used [0x00000006fb400000,0x00000006fc58fa80,0x00000006fc8c0000)
Event: 7.183 GC heap after
Heap after GC invocations=8 (full 0):
 PSYoungGen      total 295872K, used 28997K [0x00000007aacb0000, 0x00000007bff10000, 0x0000000800000000)
  eden space 246784K, 0% used [0x00000007aacb0000,0x00000007aacb0000,0x00000007b9db0000)
  from space 49088K, 59% used [0x00000007bce20000,0x00000007bea715b0,0x00000007bfe10000)
  to   space 49600K, 0% used [0x00000007b9db0000,0x00000007b9db0000,0x00000007bce20000)
 ParOldGen       total 174528K, used 63037K [0x0000000700600000, 0x000000070b070000, 0x00000007aacb0000)
  object space 174528K, 36% used [0x0000000700600000,0x000000070438f538,0x000000070b070000)
 PSPermGen       total 21248K, used 17982K [0x00000006fb400000, 0x00000006fc8c0000, 0x0000000700600000)
  object space 21248K, 84% used [0x00000006fb400000,0x00000006fc58fa80,0x00000006fc8c0000)
}
Event: 8.009 GC heap before
{Heap before GC invocations=9 (full 1):
 PSYoungGen      total 295872K, used 275781K [0x00000007aacb0000, 0x00000007bff10000, 0x0000000800000000)
  eden space 246784K, 100% used [0x00000007aacb0000,0x00000007b9db0000,0x00000007b9db0000)
  from space 49088K, 59% used [0x00000007bce20000,0x00000007bea715b0,0x00000007bfe10000)
  to   space 49600K, 0% used [0x00000007b9db0000,0x00000007b9db0000,0x00000007bce20000)
 ParOldGen       total 186688K, used 183990K [0x0000000700600000, 0x000000070bc50000, 0x00000007aacb0000)
  object space 186688K, 98% used [0x0000000700600000,0x000000070b9ad8b8,0x000000070bc50000)
 PSPermGen       total 21248K, used 17987K [0x00000006fb400000, 0x00000006fc8c0000, 0x0000000700600000)
  object space 21248K, 84% used [0x00000006fb400000,0x00000006fc590e08,0x00000006fc8c0000)
Event: 8.072 GC heap after
Heap after GC invocations=9 (full 1):
 PSYoungGen      total 295872K, used 0K [0x00000007aacb0000, 0x00000007bff10000, 0x0000000800000000)
  eden space 246784K, 0% used [0x00000007aacb0000,0x00000007aacb0000,0x00000007b9db0000)
  from space 49088K, 0% used [0x00000007bce20000,0x00000007bce20000,0x00000007bfe10000)
  to   space 49600K, 0% used [0x00000007b9db0000,0x00000007b9db0000,0x00000007bce20000)
 ParOldGen       total 131712K, used 29191K [0x0000000700600000, 0x00000007086a0000, 0x00000007aacb0000)
  object space 131712K, 22% used [0x0000000700600000,0x0000000702281c10,0x00000007086a0000)
 PSPermGen       total 36288K, used 17980K [0x00000006fb400000, 0x00000006fd770000, 0x0000000700600000)
  object space 36288K, 49% used [0x00000006fb400000,0x00000006fc58f350,0x00000006fd770000)
}
Event: 8.668 GC heap before
{Heap before GC invocations=10 (full 1):
 PSYoungGen      total 295872K, used 244575K [0x00000007aacb0000, 0x00000007bff10000, 0x0000000800000000)
  eden space 246784K, 99% used [0x00000007aacb0000,0x00000007b9b87c68,0x00000007b9db0000)
  from space 49088K, 0% used [0x00000007bce20000,0x00000007bce20000,0x00000007bfe10000)
  to   space 49600K, 0% used [0x00000007b9db0000,0x00000007b9db0000,0x00000007bce20000)
 ParOldGen       total 131712K, used 29191K [0x0000000700600000, 0x00000007086a0000, 0x00000007aacb0000)
  object space 131712K, 22% used [0x0000000700600000,0x0000000702281c10,0x00000007086a0000)
 PSPermGen       total 36288K, used 17996K [0x00000006fb400000, 0x00000006fd770000, 0x0000000700600000)
  object space 36288K, 49% used [0x00000006fb400000,0x00000006fc5930d0,0x00000006fd770000)
Event: 8.680 GC heap after
Heap after GC invocations=10 (full 1):
 PSYoungGen      total 296384K, used 48015K [0x00000007aacb0000, 0x00000007c7b70000, 0x0000000800000000)
  eden space 246784K, 0% used [0x00000007aacb0000,0x00000007aacb0000,0x00000007b9db0000)
  from space 49600K, 96% used [0x00000007b9db0000,0x00000007bcc93ce8,0x00000007bce20000)
  to   space 57344K, 0% used [0x00000007c4370000,0x00000007c4370000,0x00000007c7b70000)
 ParOldGen       total 131712K, used 36385K [0x0000000700600000, 0x00000007086a0000, 0x00000007aacb0000)
  object space 131712K, 27% used [0x0000000700600000,0x00000007029884e0,0x00000007086a0000)
 PSPermGen       total 36288K, used 17996K [0x00000006fb400000, 0x00000006fd770000, 0x0000000700600000)
  object space 36288K, 49% used [0x00000006fb400000,0x00000006fc5930d0,0x00000006fd770000)
}
Event: 9.220 GC heap before
{Heap before GC invocations=11 (full 1):
 PSYoungGen      total 296384K, used 292613K [0x00000007aacb0000, 0x00000007c7b70000, 0x0000000800000000)
  eden space 246784K, 99% used [0x00000007aacb0000,0x00000007b9b8d8b8,0x00000007b9db0000)
  from space 49600K, 96% used [0x00000007b9db0000,0x00000007bcc93ce8,0x00000007bce20000)
  to   space 57344K, 0% used [0x00000007c4370000,0x00000007c4370000,0x00000007c7b70000)
 ParOldGen       total 131712K, used 42460K [0x0000000700600000, 0x00000007086a0000, 0x00000007aacb0000)
  object space 131712K, 32% used [0x0000000700600000,0x0000000702f770f0,0x00000007086a0000)
 PSPermGen       total 36288K, used 17997K [0x00000006fb400000, 0x00000006fd770000, 0x0000000700600000)
  object space 36288K, 49% used [0x00000006fb400000,0x00000006fc593508,0x00000006fd770000)
Event: 9.233 GC heap after
Heap after GC invocations=11 (full 1):
 PSYoungGen      total 407808K, used 56521K [0x00000007aacb0000, 0x00000007c8c20000, 0x0000000800000000)
  eden space 350464K, 0% used [0x00000007aacb0000,0x00000007aacb0000,0x00000007c02f0000)
  from space 57344K, 98% used [0x00000007c4370000,0x00000007c7aa2440,0x00000007c7b70000)
  to   space 66048K, 0% used [0x00000007c02f0000,0x00000007c02f0000,0x00000007c4370000)
 ParOldGen       total 131712K, used 46237K [0x0000000700600000, 0x00000007086a0000, 0x00000007aacb0000)
  object space 131712K, 35% used [0x0000000700600000,0x00000007033274f0,0x00000007086a0000)
 PSPermGen       total 36288K, used 17997K [0x00000006fb400000, 0x00000006fd770000, 0x0000000700600000)
  object space 36288K, 49% used [0x00000006fb400000,0x00000006fc593508,0x00000006fd770000)
}
Event: 10.301 GC heap before
{Heap before GC invocations=12 (full 2):
 PSYoungGen      total 407808K, used 406985K [0x00000007aacb0000, 0x00000007c8c20000, 0x0000000800000000)
  eden space 350464K, 100% used [0x00000007aacb0000,0x00000007c02f0000,0x00000007c02f0000)
  from space 57344K, 98% used [0x00000007c4370000,0x00000007c7aa2440,0x00000007c7b70000)
  to   space 66048K, 0% used [0x00000007c02f0000,0x00000007c02f0000,0x00000007c4370000)
 ParOldGen       total 177728K, used 175991K [0x0000000700600000, 0x000000070b390000, 0x00000007aacb0000)
  object space 177728K, 99% used [0x0000000700600000,0x000000070b1ddff0,0x000000070b390000)
 PSPermGen       total 36288K, used 17998K [0x00000006fb400000, 0x00000006fd770000, 0x0000000700600000)
  object space 36288K, 49% used [0x00000006fb400000,0x00000006fc593958,0x00000006fd770000)
Event: 10.327 GC heap after
Heap after GC invocations=12 (full 2):
 PSYoungGen      total 407808K, used 0K [0x00000007aacb0000, 0x00000007c8c20000, 0x0000000800000000)
  eden space 350464K, 0% used [0x00000007aacb0000,0x00000007aacb0000,0x00000007c02f0000)
  from space 57344K, 0% used [0x00000007c4370000,0x00000007c4370000,0x00000007c7b70000)
  to   space 66048K, 0% used [0x00000007c02f0000,0x00000007c02f0000,0x00000007c4370000)
 ParOldGen       total 176768K, used 53965K [0x0000000700600000, 0x000000070b2a0000, 0x00000007aacb0000)
  object space 176768K, 30% used [0x0000000700600000,0x0000000703ab37c8,0x000000070b2a0000)
 PSPermGen       total 40512K, used 17998K [0x00000006fb400000, 0x00000006fdb90000, 0x0000000700600000)
  object space 40512K, 44% used [0x00000006fb400000,0x00000006fc593958,0x00000006fdb90000)
}

