# JRE version: 7.0_07-b11
# Java VM: Java HotSpot(TM) 64-Bit Server VM (23.3-b01 mixed mode windows-amd64 compressed oops)
Heap
 PSYoungGen      total 1337664K, used 488826K [0x00000007aacb0000, 0x0000000800000000, 0x0000000800000000)
  eden space 1290304K, 34% used [0x00000007aacb0000,0x00000007c5f41628,0x00000007f98c0000)
  from space 47360K, 92% used [0x00000007fd1c0000,0x00000007ffc8d3c0,0x0000000800000000)
  to   space 52864K, 0% used [0x00000007f98c0000,0x00000007f98c0000,0x00000007fcc60000)
 ParOldGen       total 206208K, used 117832K [0x0000000700600000, 0x000000070cf60000, 0x00000007aacb0000)
  object space 206208K, 57% used [0x0000000700600000,0x0000000707912220,0x000000070cf60000)
 PSPermGen       total 41024K, used 18296K [0x00000006fb400000, 0x00000006fdc10000, 0x0000000700600000)
  object space 41024K, 44% used [0x00000006fb400000,0x00000006fc5de260,0x00000006fdc10000)
GC Heap History (10 events):
Event: 10.848 GC heap before
{Heap before GC invocations=12 (full 1):
 PSYoungGen      total 870720K, used 39473K [0x00000007aacb0000, 0x0000000800000000, 0x0000000800000000)
  eden space 830080K, 0% used [0x00000007aacb0000,0x00000007aacb0000,0x00000007dd750000)
  from space 40640K, 97% used [0x00000007dd750000,0x00000007dfddc430,0x00000007dff00000)
  to   space 43264K, 0% used [0x00000007fd5c0000,0x00000007fd5c0000,0x0000000800000000)
 ParOldGen       total 174528K, used 149541K [0x0000000700600000, 0x000000070b070000, 0x00000007aacb0000)
  object space 174528K, 85% used [0x0000000700600000,0x00000007098094d0,0x000000070b070000)
 PSPermGen       total 21248K, used 18092K [0x00000006fb400000, 0x00000006fc8c0000, 0x0000000700600000)
  object space 21248K, 85% used [0x00000006fb400000,0x00000006fc5ab3d8,0x00000006fc8c0000)
Event: 10.901 GC heap after
Heap after GC invocations=12 (full 1):
 PSYoungGen      total 870720K, used 0K [0x00000007aacb0000, 0x0000000800000000, 0x0000000800000000)
  eden space 830080K, 0% used [0x00000007aacb0000,0x00000007aacb0000,0x00000007dd750000)
  from space 40640K, 0% used [0x00000007dd750000,0x00000007dd750000,0x00000007dff00000)
  to   space 43264K, 0% used [0x00000007fd5c0000,0x00000007fd5c0000,0x0000000800000000)
 ParOldGen       total 144064K, used 34955K [0x0000000700600000, 0x00000007092b0000, 0x00000007aacb0000)
  object space 144064K, 24% used [0x0000000700600000,0x0000000702822e98,0x00000007092b0000)
 PSPermGen       total 36736K, used 18086K [0x00000006fb400000, 0x00000006fd7e0000, 0x0000000700600000)
  object space 36736K, 49% used [0x00000006fb400000,0x00000006fc5a99c0,0x00000006fd7e0000)
}
Event: 12.713 GC heap before
{Heap before GC invocations=13 (full 1):
 PSYoungGen      total 870720K, used 828368K [0x00000007aacb0000, 0x0000000800000000, 0x0000000800000000)
  eden space 830080K, 99% used [0x00000007aacb0000,0x00000007dd5a40d8,0x00000007dd750000)
  from space 40640K, 0% used [0x00000007dd750000,0x00000007dd750000,0x00000007dff00000)
  to   space 43264K, 0% used [0x00000007fd5c0000,0x00000007fd5c0000,0x0000000800000000)
 ParOldGen       total 144064K, used 34955K [0x0000000700600000, 0x00000007092b0000, 0x00000007aacb0000)
  object space 144064K, 24% used [0x0000000700600000,0x0000000702822e98,0x00000007092b0000)
 PSPermGen       total 36736K, used 18116K [0x00000006fb400000, 0x00000006fd7e0000, 0x0000000700600000)
  object space 36736K, 49% used [0x00000006fb400000,0x00000006fc5b1030,0x00000006fd7e0000)
Event: 12.725 GC heap after
Heap after GC invocations=13 (full 1):
 PSYoungGen      total 1225152K, used 42876K [0x00000007aacb0000, 0x00000007fffa0000, 0x0000000800000000)
  eden space 1182272K, 0% used [0x00000007aacb0000,0x00000007aacb0000,0x00000007f2f40000)
  from space 42880K, 99% used [0x00000007fd5c0000,0x00000007fff9f080,0x00000007fffa0000)
  to   space 46656K, 0% used [0x00000007fa480000,0x00000007fa480000,0x00000007fd210000)
 ParOldGen       total 144064K, used 54522K [0x0000000700600000, 0x00000007092b0000, 0x00000007aacb0000)
  object space 144064K, 37% used [0x0000000700600000,0x0000000703b3e918,0x00000007092b0000)
 PSPermGen       total 36736K, used 18116K [0x00000006fb400000, 0x00000006fd7e0000, 0x0000000700600000)
  object space 36736K, 49% used [0x00000006fb400000,0x00000006fc5b1030,0x00000006fd7e0000)
}
Event: 15.315 GC heap before
{Heap before GC invocations=14 (full 1):
 PSYoungGen      total 1225152K, used 1220377K [0x00000007aacb0000, 0x00000007fffa0000, 0x0000000800000000)
  eden space 1182272K, 99% used [0x00000007aacb0000,0x00000007f2a976f8,0x00000007f2f40000)
  from space 42880K, 99% used [0x00000007fd5c0000,0x00000007fff9f080,0x00000007fffa0000)
  to   space 46656K, 0% used [0x00000007fa480000,0x00000007fa480000,0x00000007fd210000)
 ParOldGen       total 144064K, used 60597K [0x0000000700600000, 0x00000007092b0000, 0x00000007aacb0000)
  object space 144064K, 42% used [0x0000000700600000,0x000000070412d528,0x00000007092b0000)
 PSPermGen       total 36736K, used 18136K [0x00000006fb400000, 0x00000006fd7e0000, 0x0000000700600000)
  object space 36736K, 49% used [0x00000006fb400000,0x00000006fc5b6298,0x00000006fd7e0000)
Event: 15.329 GC heap after
Heap after GC invocations=14 (full 1):
 PSYoungGen      total 1348672K, used 46302K [0x00000007aacb0000, 0x0000000800000000, 0x0000000800000000)
  eden space 1302336K, 0% used [0x00000007aacb0000,0x00000007aacb0000,0x00000007fa480000)
  from space 46336K, 99% used [0x00000007fa480000,0x00000007fd1b7860,0x00000007fd1c0000)
  to   space 47360K, 0% used [0x00000007fd1c0000,0x00000007fd1c0000,0x0000000800000000)
 ParOldGen       total 144064K, used 99840K [0x0000000700600000, 0x00000007092b0000, 0x00000007aacb0000)
  object space 144064K, 69% used [0x0000000700600000,0x0000000706780168,0x00000007092b0000)
 PSPermGen       total 36736K, used 18136K [0x00000006fb400000, 0x00000006fd7e0000, 0x0000000700600000)
  object space 36736K, 49% used [0x00000006fb400000,0x00000006fc5b6298,0x00000006fd7e0000)
}
Event: 17.915 GC heap before
{Heap before GC invocations=15 (full 2):
 PSYoungGen      total 1348672K, used 1348638K [0x00000007aacb0000, 0x0000000800000000, 0x0000000800000000)
  eden space 1302336K, 100% used [0x00000007aacb0000,0x00000007fa480000,0x00000007fa480000)
  from space 46336K, 99% used [0x00000007fa480000,0x00000007fd1b7860,0x00000007fd1c0000)
  to   space 47360K, 0% used [0x00000007fd1c0000,0x00000007fd1c0000,0x0000000800000000)
 ParOldGen       total 144064K, used 113648K [0x0000000700600000, 0x00000007092b0000, 0x00000007aacb0000)
  object space 144064K, 78% used [0x0000000700600000,0x00000007074fc320,0x00000007092b0000)
 PSPermGen       total 36736K, used 18151K [0x00000006fb400000, 0x00000006fd7e0000, 0x0000000700600000)
  object space 36736K, 49% used [0x00000006fb400000,0x00000006fc5b9d40,0x00000006fd7e0000)
Event: 17.960 GC heap after
Heap after GC invocations=15 (full 2):
 PSYoungGen      total 1348672K, used 0K [0x00000007aacb0000, 0x0000000800000000, 0x0000000800000000)
  eden space 1302336K, 0% used [0x00000007aacb0000,0x00000007aacb0000,0x00000007fa480000)
  from space 46336K, 0% used [0x00000007fa480000,0x00000007fa480000,0x00000007fd1c0000)
  to   space 47360K, 0% used [0x00000007fd1c0000,0x00000007fd1c0000,0x0000000800000000)
 ParOldGen       total 206208K, used 58219K [0x0000000700600000, 0x000000070cf60000, 0x00000007aacb0000)
  object space 206208K, 28% used [0x0000000700600000,0x0000000703edadb0,0x000000070cf60000)
 PSPermGen       total 41024K, used 18151K [0x00000006fb400000, 0x00000006fdc10000, 0x0000000700600000)
  object space 41024K, 44% used [0x00000006fb400000,0x00000006fc5b9ca0,0x00000006fdc10000)
}
Event: 23.171 GC heap before
{Heap before GC invocations=16 (full 2):
 PSYoungGen      total 1348672K, used 1302336K [0x00000007aacb0000, 0x0000000800000000, 0x0000000800000000)
  eden space 1302336K, 100% used [0x00000007aacb0000,0x00000007fa480000,0x00000007fa480000)
  from space 46336K, 0% used [0x00000007fa480000,0x00000007fa480000,0x00000007fd1c0000)
  to   space 47360K, 0% used [0x00000007fd1c0000,0x00000007fd1c0000,0x0000000800000000)
 ParOldGen       total 206208K, used 117832K [0x0000000700600000, 0x000000070cf60000, 0x00000007aacb0000)
  object space 206208K, 57% used [0x0000000700600000,0x0000000707912220,0x000000070cf60000)
 PSPermGen       total 41024K, used 18284K [0x00000006fb400000, 0x00000006fdc10000, 0x0000000700600000)
  object space 41024K, 44% used [0x00000006fb400000,0x00000006fc5db0f0,0x00000006fdc10000)
Event: 23.178 GC heap after
Heap after GC invocations=16 (full 2):
 PSYoungGen      total 1337664K, used 43828K [0x00000007aacb0000, 0x0000000800000000, 0x0000000800000000)
  eden space 1290304K, 0% used [0x00000007aacb0000,0x00000007aacb0000,0x00000007f98c0000)
  from space 47360K, 92% used [0x00000007fd1c0000,0x00000007ffc8d3c0,0x0000000800000000)
  to   space 52864K, 0% used [0x00000007f98c0000,0x00000007f98c0000,0x00000007fcc60000)
 ParOldGen       total 206208K, used 117832K [0x0000000700600000, 0x000000070cf60000, 0x00000007aacb0000)
  object space 206208K, 57% used [0x0000000700600000,0x0000000707912220,0x000000070cf60000)
 PSPermGen       total 41024K, used 18284K [0x00000006fb400000, 0x00000006fdc10000, 0x0000000700600000)
  object space 41024K, 44% used [0x00000006fb400000,0x00000006fc5db0f0,0x00000006fdc10000)
}

