# JRE version: 7.0_07-b11
# Java VM: Java HotSpot(TM) 64-Bit Server VM (23.3-b01 mixed mode windows-amd64 compressed oops)
Heap
 PSYoungGen      total 849344K, used 465133K [0x00000007aacb0000, 0x00000007ec810000, 0x0000000800000000)
  eden space 806144K, 52% used [0x00000007aacb0000,0x00000007c4adeb48,0x00000007dbff0000)
  from space 43200K, 94% used [0x00000007dbff0000,0x00000007de7fcac0,0x00000007dea20000)
  to   space 47872K, 0% used [0x00000007e9950000,0x00000007e9950000,0x00000007ec810000)
 ParOldGen       total 171840K, used 20075K [0x0000000700600000, 0x000000070add0000, 0x00000007aacb0000)
  object space 171840K, 11% used [0x0000000700600000,0x000000070199af50,0x000000070add0000)
 PSPermGen       total 39744K, used 18190K [0x00000006fb400000, 0x00000006fdad0000, 0x0000000700600000)
  object space 39744K, 45% used [0x00000006fb400000,0x00000006fc5c3a68,0x00000006fdad0000)
GC Heap History (10 events):
Event: 20.014 GC heap before
{Heap before GC invocations=14 (full 3):
 PSYoungGen      total 562112K, used 551839K [0x00000007aacb0000, 0x00000007cfe80000, 0x0000000800000000)
  eden space 528448K, 98% used [0x00000007aacb0000,0x00000007cab88bc0,0x00000007cb0c0000)
  from space 33664K, 85% used [0x00000007cdda0000,0x00000007cf9af2a0,0x00000007cfe80000)
  to   space 39808K, 0% used [0x00000007cb0c0000,0x00000007cb0c0000,0x00000007cd7a0000)
 ParOldGen       total 171840K, used 14000K [0x0000000700600000, 0x000000070add0000, 0x00000007aacb0000)
  object space 171840K, 8% used [0x0000000700600000,0x00000007013ac340,0x000000070add0000)
 PSPermGen       total 39744K, used 18140K [0x00000006fb400000, 0x00000006fdad0000, 0x0000000700600000)
  object space 39744K, 45% used [0x00000006fb400000,0x00000006fc5b7090,0x00000006fdad0000)
Event: 20.022 GC heap after
Heap after GC invocations=14 (full 3):
 PSYoungGen      total 568256K, used 28828K [0x00000007aacb0000, 0x00000007d8b50000, 0x0000000800000000)
  eden space 528448K, 0% used [0x00000007aacb0000,0x00000007aacb0000,0x00000007cb0c0000)
  from space 39808K, 72% used [0x00000007cb0c0000,0x00000007ccce72a0,0x00000007cd7a0000)
  to   space 41216K, 0% used [0x00000007d6310000,0x00000007d6310000,0x00000007d8b50000)
 ParOldGen       total 171840K, used 14000K [0x0000000700600000, 0x000000070add0000, 0x00000007aacb0000)
  object space 171840K, 8% used [0x0000000700600000,0x00000007013ac340,0x000000070add0000)
 PSPermGen       total 39744K, used 18140K [0x00000006fb400000, 0x00000006fdad0000, 0x0000000700600000)
  object space 39744K, 45% used [0x00000006fb400000,0x00000006fc5b7090,0x00000006fdad0000)
}
Event: 21.846 GC heap before
{Heap before GC invocations=15 (full 3):
 PSYoungGen      total 568256K, used 551821K [0x00000007aacb0000, 0x00000007d8b50000, 0x0000000800000000)
  eden space 528448K, 98% used [0x00000007aacb0000,0x00000007cab6c160,0x00000007cb0c0000)
  from space 39808K, 72% used [0x00000007cb0c0000,0x00000007ccce72a0,0x00000007cd7a0000)
  to   space 41216K, 0% used [0x00000007d6310000,0x00000007d6310000,0x00000007d8b50000)
 ParOldGen       total 171840K, used 14000K [0x0000000700600000, 0x000000070add0000, 0x00000007aacb0000)
  object space 171840K, 8% used [0x0000000700600000,0x00000007013ac340,0x000000070add0000)
 PSPermGen       total 39744K, used 18144K [0x00000006fb400000, 0x00000006fdad0000, 0x0000000700600000)
  object space 39744K, 45% used [0x00000006fb400000,0x00000006fc5b8308,0x00000006fdad0000)
Event: 21.853 GC heap after
Heap after GC invocations=15 (full 3):
 PSYoungGen      total 695424K, used 28764K [0x00000007aacb0000, 0x00000007d8490000, 0x0000000800000000)
  eden space 661120K, 0% used [0x00000007aacb0000,0x00000007aacb0000,0x00000007d3250000)
  from space 34304K, 83% used [0x00000007d6310000,0x00000007d7f272a0,0x00000007d8490000)
  to   space 42112K, 0% used [0x00000007d3250000,0x00000007d3250000,0x00000007d5b70000)
 ParOldGen       total 171840K, used 14000K [0x0000000700600000, 0x000000070add0000, 0x00000007aacb0000)
  object space 171840K, 8% used [0x0000000700600000,0x00000007013ac340,0x000000070add0000)
 PSPermGen       total 39744K, used 18144K [0x00000006fb400000, 0x00000006fdad0000, 0x0000000700600000)
  object space 39744K, 45% used [0x00000006fb400000,0x00000006fc5b8308,0x00000006fdad0000)
}
Event: 24.156 GC heap before
{Heap before GC invocations=16 (full 3):
 PSYoungGen      total 695424K, used 684573K [0x00000007aacb0000, 0x00000007d8490000, 0x0000000800000000)
  eden space 661120K, 99% used [0x00000007aacb0000,0x00000007d2d20300,0x00000007d3250000)
  from space 34304K, 83% used [0x00000007d6310000,0x00000007d7f272a0,0x00000007d8490000)
  to   space 42112K, 0% used [0x00000007d3250000,0x00000007d3250000,0x00000007d5b70000)
 ParOldGen       total 171840K, used 14000K [0x0000000700600000, 0x000000070add0000, 0x00000007aacb0000)
  object space 171840K, 8% used [0x0000000700600000,0x00000007013ac340,0x000000070add0000)
 PSPermGen       total 39744K, used 18151K [0x00000006fb400000, 0x00000006fdad0000, 0x0000000700600000)
  object space 39744K, 45% used [0x00000006fb400000,0x00000006fc5b9c98,0x00000006fdad0000)
Event: 24.163 GC heap after
Heap after GC invocations=16 (full 3):
 PSYoungGen      total 703232K, used 28828K [0x00000007aacb0000, 0x00000007e1d30000, 0x0000000800000000)
  eden space 661120K, 0% used [0x00000007aacb0000,0x00000007aacb0000,0x00000007d3250000)
  from space 42112K, 68% used [0x00000007d3250000,0x00000007d4e772a0,0x00000007d5b70000)
  to   space 42816K, 0% used [0x00000007df360000,0x00000007df360000,0x00000007e1d30000)
 ParOldGen       total 171840K, used 14000K [0x0000000700600000, 0x000000070add0000, 0x00000007aacb0000)
  object space 171840K, 8% used [0x0000000700600000,0x00000007013ac340,0x000000070add0000)
 PSPermGen       total 39744K, used 18151K [0x00000006fb400000, 0x00000006fdad0000, 0x0000000700600000)
  object space 39744K, 45% used [0x00000006fb400000,0x00000006fc5b9c98,0x00000006fdad0000)
}
Event: 26.485 GC heap before
{Heap before GC invocations=17 (full 3):
 PSYoungGen      total 703232K, used 684267K [0x00000007aacb0000, 0x00000007e1d30000, 0x0000000800000000)
  eden space 661120K, 99% used [0x00000007aacb0000,0x00000007d2cc3a58,0x00000007d3250000)
  from space 42112K, 68% used [0x00000007d3250000,0x00000007d4e772a0,0x00000007d5b70000)
  to   space 42816K, 0% used [0x00000007df360000,0x00000007df360000,0x00000007e1d30000)
 ParOldGen       total 171840K, used 14000K [0x0000000700600000, 0x000000070add0000, 0x00000007aacb0000)
  object space 171840K, 8% used [0x0000000700600000,0x00000007013ac340,0x000000070add0000)
 PSPermGen       total 39744K, used 18153K [0x00000006fb400000, 0x00000006fdad0000, 0x0000000700600000)
  object space 39744K, 45% used [0x00000006fb400000,0x00000006fc5ba750,0x00000006fdad0000)
Event: 26.492 GC heap after
Heap after GC invocations=17 (full 3):
 PSYoungGen      total 839872K, used 28828K [0x00000007aacb0000, 0x00000007e1450000, 0x0000000800000000)
  eden space 806144K, 0% used [0x00000007aacb0000,0x00000007aacb0000,0x00000007dbff0000)
  from space 33728K, 85% used [0x00000007df360000,0x00000007e0f872a0,0x00000007e1450000)
  to   space 43200K, 0% used [0x00000007dbff0000,0x00000007dbff0000,0x00000007dea20000)
 ParOldGen       total 171840K, used 14000K [0x0000000700600000, 0x000000070add0000, 0x00000007aacb0000)
  object space 171840K, 8% used [0x0000000700600000,0x00000007013ac340,0x000000070add0000)
 PSPermGen       total 39744K, used 18153K [0x00000006fb400000, 0x00000006fdad0000, 0x0000000700600000)
  object space 39744K, 45% used [0x00000006fb400000,0x00000006fc5ba750,0x00000006fdad0000)
}
Event: 29.347 GC heap before
{Heap before GC invocations=18 (full 3):
 PSYoungGen      total 839872K, used 832993K [0x00000007aacb0000, 0x00000007e1450000, 0x0000000800000000)
  eden space 806144K, 99% used [0x00000007aacb0000,0x00000007dbe01360,0x00000007dbff0000)
  from space 33728K, 85% used [0x00000007df360000,0x00000007e0f872a0,0x00000007e1450000)
  to   space 43200K, 0% used [0x00000007dbff0000,0x00000007dbff0000,0x00000007dea20000)
 ParOldGen       total 171840K, used 14000K [0x0000000700600000, 0x000000070add0000, 0x00000007aacb0000)
  object space 171840K, 8% used [0x0000000700600000,0x00000007013ac340,0x000000070add0000)
 PSPermGen       total 39744K, used 18158K [0x00000006fb400000, 0x00000006fdad0000, 0x0000000700600000)
  object space 39744K, 45% used [0x00000006fb400000,0x00000006fc5bba60,0x00000006fdad0000)
Event: 29.360 GC heap after
Heap after GC invocations=18 (full 3):
 PSYoungGen      total 849344K, used 41010K [0x00000007aacb0000, 0x00000007ec810000, 0x0000000800000000)
  eden space 806144K, 0% used [0x00000007aacb0000,0x00000007aacb0000,0x00000007dbff0000)
  from space 43200K, 94% used [0x00000007dbff0000,0x00000007de7fcac0,0x00000007dea20000)
  to   space 47872K, 0% used [0x00000007e9950000,0x00000007e9950000,0x00000007ec810000)
 ParOldGen       total 171840K, used 20075K [0x0000000700600000, 0x000000070add0000, 0x00000007aacb0000)
  object space 171840K, 11% used [0x0000000700600000,0x000000070199af50,0x000000070add0000)
 PSPermGen       total 39744K, used 18158K [0x00000006fb400000, 0x00000006fdad0000, 0x0000000700600000)
  object space 39744K, 45% used [0x00000006fb400000,0x00000006fc5bba60,0x00000006fdad0000)
}

