# JRE version: 7.0_07-b11
# Java VM: Java HotSpot(TM) 64-Bit Server VM (23.3-b01 mixed mode windows-amd64 compressed oops)
Heap
 PSYoungGen      total 140160K, used 69340K [0x00000007aacb0000, 0x00000007c0640000, 0x0000000800000000)
  eden space 115648K, 38% used [0x00000007aacb0000,0x00000007ad87c2b0,0x00000007b1da0000)
  from space 24512K, 99% used [0x00000007bd860000,0x00000007bf04b040,0x00000007bf050000)
  to   space 22464K, 0% used [0x00000007bf050000,0x00000007bf050000,0x00000007c0640000)
 ParOldGen       total 105024K, used 28007K [0x0000000700600000, 0x0000000706c90000, 0x00000007aacb0000)
  object space 105024K, 26% used [0x0000000700600000,0x0000000702159e40,0x0000000706c90000)
 PSPermGen       total 40320K, used 17710K [0x00000006fb400000, 0x00000006fdb60000, 0x0000000700600000)
  object space 40320K, 43% used [0x00000006fb400000,0x00000006fc54ba60,0x00000006fdb60000)
GC Heap History (10 events):
Event: 43.207 GC heap before
{Heap before GC invocations=27 (full 0):
 PSYoungGen      total 149696K, used 149638K [0x00000007aacb0000, 0x00000007c2700000, 0x0000000800000000)
  eden space 127808K, 99% used [0x00000007aacb0000,0x00000007b297bb10,0x00000007b2980000)
  from space 21888K, 99% used [0x00000007c11a0000,0x00000007c26f5fb0,0x00000007c2700000)
  to   space 26048K, 0% used [0x00000007bf420000,0x00000007bf420000,0x00000007c0d90000)
 ParOldGen       total 174528K, used 114714K [0x0000000700600000, 0x000000070b070000, 0x00000007aacb0000)
  object space 174528K, 65% used [0x0000000700600000,0x0000000707606a18,0x000000070b070000)
 PSPermGen       total 21248K, used 17685K [0x00000006fb400000, 0x00000006fc8c0000, 0x0000000700600000)
  object space 21248K, 83% used [0x00000006fb400000,0x00000006fc545458,0x00000006fc8c0000)
Event: 43.219 GC heap after
Heap after GC invocations=27 (full 0):
 PSYoungGen      total 142080K, used 18449K [0x00000007aacb0000, 0x00000007c11b0000, 0x0000000800000000)
  eden space 123584K, 0% used [0x00000007aacb0000,0x00000007aacb0000,0x00000007b2560000)
  from space 18496K, 99% used [0x00000007bf420000,0x00000007c0624430,0x00000007c0630000)
  to   space 11776K, 0% used [0x00000007c0630000,0x00000007c0630000,0x00000007c11b0000)
 ParOldGen       total 174528K, used 137989K [0x0000000700600000, 0x000000070b070000, 0x00000007aacb0000)
  object space 174528K, 79% used [0x0000000700600000,0x0000000708cc1788,0x000000070b070000)
 PSPermGen       total 21248K, used 17685K [0x00000006fb400000, 0x00000006fc8c0000, 0x0000000700600000)
  object space 21248K, 83% used [0x00000006fb400000,0x00000006fc545458,0x00000006fc8c0000)
}
Event: 44.492 GC heap before
{Heap before GC invocations=28 (full 0):
 PSYoungGen      total 142080K, used 139985K [0x00000007aacb0000, 0x00000007c11b0000, 0x0000000800000000)
  eden space 123584K, 98% used [0x00000007aacb0000,0x00000007b23600f8,0x00000007b2560000)
  from space 18496K, 99% used [0x00000007bf420000,0x00000007c0624430,0x00000007c0630000)
  to   space 11776K, 0% used [0x00000007c0630000,0x00000007c0630000,0x00000007c11b0000)
 ParOldGen       total 174528K, used 144064K [0x0000000700600000, 0x000000070b070000, 0x00000007aacb0000)
  object space 174528K, 82% used [0x0000000700600000,0x00000007092b0398,0x000000070b070000)
 PSPermGen       total 21248K, used 17685K [0x00000006fb400000, 0x00000006fc8c0000, 0x0000000700600000)
  object space 21248K, 83% used [0x00000006fb400000,0x00000006fc545458,0x00000006fc8c0000)
Event: 44.496 GC heap after
Heap after GC invocations=28 (full 0):
 PSYoungGen      total 125888K, used 6331K [0x00000007aacb0000, 0x00000007c0c60000, 0x0000000800000000)
  eden space 119552K, 0% used [0x00000007aacb0000,0x00000007aacb0000,0x00000007b2170000)
  from space 6336K, 99% used [0x00000007c0630000,0x00000007c0c5ec10,0x00000007c0c60000)
  to   space 26624K, 0% used [0x00000007bd860000,0x00000007bd860000,0x00000007bf260000)
 ParOldGen       total 174528K, used 156238K [0x0000000700600000, 0x000000070b070000, 0x00000007aacb0000)
  object space 174528K, 89% used [0x0000000700600000,0x0000000709e93bb8,0x000000070b070000)
 PSPermGen       total 21248K, used 17685K [0x00000006fb400000, 0x00000006fc8c0000, 0x0000000700600000)
  object space 21248K, 83% used [0x00000006fb400000,0x00000006fc545458,0x00000006fc8c0000)
}
Event: 44.496 GC heap before
{Heap before GC invocations=29 (full 1):
 PSYoungGen      total 125888K, used 6331K [0x00000007aacb0000, 0x00000007c0c60000, 0x0000000800000000)
  eden space 119552K, 0% used [0x00000007aacb0000,0x00000007aacb0000,0x00000007b2170000)
  from space 6336K, 99% used [0x00000007c0630000,0x00000007c0c5ec10,0x00000007c0c60000)
  to   space 26624K, 0% used [0x00000007bd860000,0x00000007bd860000,0x00000007bf260000)
 ParOldGen       total 174528K, used 156238K [0x0000000700600000, 0x000000070b070000, 0x00000007aacb0000)
  object space 174528K, 89% used [0x0000000700600000,0x0000000709e93bb8,0x000000070b070000)
 PSPermGen       total 21248K, used 17685K [0x00000006fb400000, 0x00000006fc8c0000, 0x0000000700600000)
  object space 21248K, 83% used [0x00000006fb400000,0x00000006fc545458,0x00000006fc8c0000)
Event: 44.548 GC heap after
Heap after GC invocations=29 (full 1):
 PSYoungGen      total 125888K, used 0K [0x00000007aacb0000, 0x00000007c0c60000, 0x0000000800000000)
  eden space 119552K, 0% used [0x00000007aacb0000,0x00000007aacb0000,0x00000007b2170000)
  from space 6336K, 0% used [0x00000007c0630000,0x00000007c0630000,0x00000007c0c60000)
  to   space 26624K, 0% used [0x00000007bd860000,0x00000007bd860000,0x00000007bf260000)
 ParOldGen       total 119936K, used 29647K [0x0000000700600000, 0x0000000707b20000, 0x00000007aacb0000)
  object space 119936K, 24% used [0x0000000700600000,0x00000007022f3ef8,0x0000000707b20000)
 PSPermGen       total 35648K, used 17678K [0x00000006fb400000, 0x00000006fd6d0000, 0x0000000700600000)
  object space 35648K, 49% used [0x00000006fb400000,0x00000006fc543ad0,0x00000006fd6d0000)
}
Event: 49.584 GC heap before
{Heap before GC invocations=30 (full 2):
 PSYoungGen      total 125888K, used 115826K [0x00000007aacb0000, 0x00000007c0c60000, 0x0000000800000000)
  eden space 119552K, 96% used [0x00000007aacb0000,0x00000007b1dccb88,0x00000007b2170000)
  from space 6336K, 0% used [0x00000007c0630000,0x00000007c0630000,0x00000007c0c60000)
  to   space 26624K, 0% used [0x00000007bd860000,0x00000007bd860000,0x00000007bf260000)
 ParOldGen       total 417856K, used 412373K [0x0000000700600000, 0x0000000719e10000, 0x00000007aacb0000)
  object space 417856K, 98% used [0x0000000700600000,0x00000007198b56e8,0x0000000719e10000)
 PSPermGen       total 35648K, used 17686K [0x00000006fb400000, 0x00000006fd6d0000, 0x0000000700600000)
  object space 35648K, 49% used [0x00000006fb400000,0x00000006fc545ad8,0x00000006fd6d0000)
Event: 49.626 GC heap after
Heap after GC invocations=30 (full 2):
 PSYoungGen      total 125888K, used 0K [0x00000007aacb0000, 0x00000007c0c60000, 0x0000000800000000)
  eden space 119552K, 0% used [0x00000007aacb0000,0x00000007aacb0000,0x00000007b2170000)
  from space 6336K, 0% used [0x00000007c0630000,0x00000007c0630000,0x00000007c0c60000)
  to   space 26624K, 0% used [0x00000007bd860000,0x00000007bd860000,0x00000007bf260000)
 ParOldGen       total 105024K, used 15857K [0x0000000700600000, 0x0000000706c90000, 0x00000007aacb0000)
  object space 105024K, 15% used [0x0000000700600000,0x000000070157c620,0x0000000706c90000)
 PSPermGen       total 40320K, used 17686K [0x00000006fb400000, 0x00000006fdb60000, 0x0000000700600000)
  object space 40320K, 43% used [0x00000006fb400000,0x00000006fc545ad8,0x00000006fdb60000)
}
Event: 49.962 GC heap before
{Heap before GC invocations=31 (full 2):
 PSYoungGen      total 125888K, used 115510K [0x00000007aacb0000, 0x00000007c0c60000, 0x0000000800000000)
  eden space 119552K, 96% used [0x00000007aacb0000,0x00000007b1d7db40,0x00000007b2170000)
  from space 6336K, 0% used [0x00000007c0630000,0x00000007c0630000,0x00000007c0c60000)
  to   space 26624K, 0% used [0x00000007bd860000,0x00000007bd860000,0x00000007bf260000)
 ParOldGen       total 105024K, used 15857K [0x0000000700600000, 0x0000000706c90000, 0x00000007aacb0000)
  object space 105024K, 15% used [0x0000000700600000,0x000000070157c620,0x0000000706c90000)
 PSPermGen       total 40320K, used 17686K [0x00000006fb400000, 0x00000006fdb60000, 0x0000000700600000)
  object space 40320K, 43% used [0x00000006fb400000,0x00000006fc545ad8,0x00000006fdb60000)
Event: 49.967 GC heap after
Heap after GC invocations=31 (full 2):
 PSYoungGen      total 140160K, used 24492K [0x00000007aacb0000, 0x00000007c0640000, 0x0000000800000000)
  eden space 115648K, 0% used [0x00000007aacb0000,0x00000007aacb0000,0x00000007b1da0000)
  from space 24512K, 99% used [0x00000007bd860000,0x00000007bf04b040,0x00000007bf050000)
  to   space 22464K, 0% used [0x00000007bf050000,0x00000007bf050000,0x00000007c0640000)
 ParOldGen       total 105024K, used 28007K [0x0000000700600000, 0x0000000706c90000, 0x00000007aacb0000)
  object space 105024K, 26% used [0x0000000700600000,0x0000000702159e40,0x0000000706c90000)
 PSPermGen       total 40320K, used 17686K [0x00000006fb400000, 0x00000006fdb60000, 0x0000000700600000)
  object space 40320K, 43% used [0x00000006fb400000,0x00000006fc545ad8,0x00000006fdb60000)
}

