# JRE version: 7.0_07-b11
# Java VM: Java HotSpot(TM) 64-Bit Server VM (23.3-b01 mixed mode windows-amd64 compressed oops)
Heap
 PSYoungGen      total 782080K, used 521951K [0x00000007aacb0000, 0x00000007fe3f0000, 0x0000000800000000)
  eden space 761088K, 65% used [0x00000007aacb0000,0x00000007c95f2788,0x00000007d93f0000)
  from space 20992K, 99% used [0x00000007fbfe0000,0x00000007fd455760,0x00000007fd460000)
  to   space 15936K, 0% used [0x00000007fd460000,0x00000007fd460000,0x00000007fe3f0000)
 ParOldGen       total 174528K, used 139315K [0x0000000700600000, 0x000000070b070000, 0x00000007aacb0000)
  object space 174528K, 79% used [0x0000000700600000,0x0000000708e0ce28,0x000000070b070000)
 PSPermGen       total 21248K, used 18107K [0x00000006fb400000, 0x00000006fc8c0000, 0x0000000700600000)
  object space 21248K, 85% used [0x00000006fb400000,0x00000006fc5aefc8,0x00000006fc8c0000)
GC Heap History (10 events):
Event: 7.644 GC heap before
{Heap before GC invocations=9 (full 0):
 PSYoungGen      total 551104K, used 549641K [0x00000007aacb0000, 0x00000007ce490000, 0x0000000800000000)
  eden space 523008K, 99% used [0x00000007aacb0000,0x00000007caa6c588,0x00000007cab70000)
  from space 28096K, 98% used [0x00000007cc7a0000,0x00000007ce2a6210,0x00000007ce310000)
  to   space 28864K, 0% used [0x00000007cab70000,0x00000007cab70000,0x00000007cc7a0000)
 ParOldGen       total 174528K, used 92256K [0x0000000700600000, 0x000000070b070000, 0x00000007aacb0000)
  object space 174528K, 52% used [0x0000000700600000,0x00000007060181f0,0x000000070b070000)
 PSPermGen       total 21248K, used 18028K [0x00000006fb400000, 0x00000006fc8c0000, 0x0000000700600000)
  object space 21248K, 84% used [0x00000006fb400000,0x00000006fc59b080,0x00000006fc8c0000)
Event: 7.661 GC heap after
Heap after GC invocations=9 (full 0):
 PSYoungGen      total 551872K, used 24563K [0x00000007aacb0000, 0x00000007e15d0000, 0x0000000800000000)
  eden space 523008K, 0% used [0x00000007aacb0000,0x00000007aacb0000,0x00000007cab70000)
  from space 28864K, 85% used [0x00000007cab70000,0x00000007cc36cc40,0x00000007cc7a0000)
  to   space 28608K, 0% used [0x00000007df9e0000,0x00000007df9e0000,0x00000007e15d0000)
 ParOldGen       total 174528K, used 124087K [0x0000000700600000, 0x000000070b070000, 0x00000007aacb0000)
  object space 174528K, 71% used [0x0000000700600000,0x0000000707f2dd98,0x000000070b070000)
 PSPermGen       total 21248K, used 18028K [0x00000006fb400000, 0x00000006fc8c0000, 0x0000000700600000)
  object space 21248K, 84% used [0x00000006fb400000,0x00000006fc59b080,0x00000006fc8c0000)
}
Event: 9.083 GC heap before
{Heap before GC invocations=10 (full 0):
 PSYoungGen      total 551872K, used 547491K [0x00000007aacb0000, 0x00000007e15d0000, 0x0000000800000000)
  eden space 523008K, 99% used [0x00000007aacb0000,0x00000007cab5c320,0x00000007cab70000)
  from space 28864K, 85% used [0x00000007cab70000,0x00000007cc36cc40,0x00000007cc7a0000)
  to   space 28608K, 0% used [0x00000007df9e0000,0x00000007df9e0000,0x00000007e15d0000)
 ParOldGen       total 174528K, used 124087K [0x0000000700600000, 0x000000070b070000, 0x00000007aacb0000)
  object space 174528K, 71% used [0x0000000700600000,0x0000000707f2dd98,0x000000070b070000)
 PSPermGen       total 21248K, used 18037K [0x00000006fb400000, 0x00000006fc8c0000, 0x0000000700600000)
  object space 21248K, 84% used [0x00000006fb400000,0x00000006fc59d6e8,0x00000006fc8c0000)
Event: 9.092 GC heap after
Heap after GC invocations=10 (full 0):
 PSYoungGen      total 865344K, used 22784K [0x00000007aacb0000, 0x00000007e1610000, 0x0000000800000000)
  eden space 836736K, 0% used [0x00000007aacb0000,0x00000007aacb0000,0x00000007dddd0000)
  from space 28608K, 79% used [0x00000007df9e0000,0x00000007e10200e0,0x00000007e15d0000)
  to   space 28736K, 0% used [0x00000007dddd0000,0x00000007dddd0000,0x00000007df9e0000)
 ParOldGen       total 174528K, used 135766K [0x0000000700600000, 0x000000070b070000, 0x00000007aacb0000)
  object space 174528K, 77% used [0x0000000700600000,0x0000000708a95948,0x000000070b070000)
 PSPermGen       total 21248K, used 18037K [0x00000006fb400000, 0x00000006fc8c0000, 0x0000000700600000)
  object space 21248K, 84% used [0x00000006fb400000,0x00000006fc59d6e8,0x00000006fc8c0000)
}
Event: 11.450 GC heap before
{Heap before GC invocations=11 (full 0):
 PSYoungGen      total 865344K, used 859128K [0x00000007aacb0000, 0x00000007e1610000, 0x0000000800000000)
  eden space 836736K, 99% used [0x00000007aacb0000,0x00000007ddd6e0c8,0x00000007dddd0000)
  from space 28608K, 79% used [0x00000007df9e0000,0x00000007e10200e0,0x00000007e15d0000)
  to   space 28736K, 0% used [0x00000007dddd0000,0x00000007dddd0000,0x00000007df9e0000)
 ParOldGen       total 174528K, used 135766K [0x0000000700600000, 0x000000070b070000, 0x00000007aacb0000)
  object space 174528K, 77% used [0x0000000700600000,0x0000000708a95948,0x000000070b070000)
 PSPermGen       total 21248K, used 18042K [0x00000006fb400000, 0x00000006fc8c0000, 0x0000000700600000)
  object space 21248K, 84% used [0x00000006fb400000,0x00000006fc59ea60,0x00000006fc8c0000)
Event: 11.458 GC heap after
Heap after GC invocations=11 (full 0):
 PSYoungGen      total 865472K, used 25568K [0x00000007aacb0000, 0x00000007fffc0000, 0x0000000800000000)
  eden space 836736K, 0% used [0x00000007aacb0000,0x00000007aacb0000,0x00000007dddd0000)
  from space 28736K, 88% used [0x00000007dddd0000,0x00000007df6c8270,0x00000007df9e0000)
  to   space 28544K, 0% used [0x00000007fe3e0000,0x00000007fe3e0000,0x00000007fffc0000)
 ParOldGen       total 174528K, used 139259K [0x0000000700600000, 0x000000070b070000, 0x00000007aacb0000)
  object space 174528K, 79% used [0x0000000700600000,0x0000000708dfee28,0x000000070b070000)
 PSPermGen       total 21248K, used 18042K [0x00000006fb400000, 0x00000006fc8c0000, 0x0000000700600000)
  object space 21248K, 84% used [0x00000006fb400000,0x00000006fc59ea60,0x00000006fc8c0000)
}
Event: 13.745 GC heap before
{Heap before GC invocations=12 (full 0):
 PSYoungGen      total 865472K, used 860578K [0x00000007aacb0000, 0x00000007fffc0000, 0x0000000800000000)
  eden space 836736K, 99% used [0x00000007aacb0000,0x00000007ddc20880,0x00000007dddd0000)
  from space 28736K, 88% used [0x00000007dddd0000,0x00000007df6c8270,0x00000007df9e0000)
  to   space 28544K, 0% used [0x00000007fe3e0000,0x00000007fe3e0000,0x00000007fffc0000)
 ParOldGen       total 174528K, used 139259K [0x0000000700600000, 0x000000070b070000, 0x00000007aacb0000)
  object space 174528K, 79% used [0x0000000700600000,0x0000000708dfee28,0x000000070b070000)
 PSPermGen       total 21248K, used 18048K [0x00000006fb400000, 0x00000006fc8c0000, 0x0000000700600000)
  object space 21248K, 84% used [0x00000006fb400000,0x00000006fc5a02f8,0x00000006fc8c0000)
Event: 13.752 GC heap after
Heap after GC invocations=12 (full 0):
 PSYoungGen      total 818944K, used 20949K [0x00000007aacb0000, 0x00000007ff860000, 0x0000000800000000)
  eden space 797952K, 0% used [0x00000007aacb0000,0x00000007aacb0000,0x00000007db7f0000)
  from space 20992K, 99% used [0x00000007fe3e0000,0x00000007ff855760,0x00000007ff860000)
  to   space 28928K, 0% used [0x00000007fbfe0000,0x00000007fbfe0000,0x00000007fdc20000)
 ParOldGen       total 174528K, used 139291K [0x0000000700600000, 0x000000070b070000, 0x00000007aacb0000)
  object space 174528K, 79% used [0x0000000700600000,0x0000000708e06e28,0x000000070b070000)
 PSPermGen       total 21248K, used 18048K [0x00000006fb400000, 0x00000006fc8c0000, 0x0000000700600000)
  object space 21248K, 84% used [0x00000006fb400000,0x00000006fc5a02f8,0x00000006fc8c0000)
}
Event: 15.880 GC heap before
{Heap before GC invocations=13 (full 0):
 PSYoungGen      total 818944K, used 813749K [0x00000007aacb0000, 0x00000007ff860000, 0x0000000800000000)
  eden space 797952K, 99% used [0x00000007aacb0000,0x00000007db2e7fa8,0x00000007db7f0000)
  from space 20992K, 99% used [0x00000007fe3e0000,0x00000007ff855760,0x00000007ff860000)
  to   space 28928K, 0% used [0x00000007fbfe0000,0x00000007fbfe0000,0x00000007fdc20000)
 ParOldGen       total 174528K, used 139291K [0x0000000700600000, 0x000000070b070000, 0x00000007aacb0000)
  object space 174528K, 79% used [0x0000000700600000,0x0000000708e06e28,0x000000070b070000)
 PSPermGen       total 21248K, used 18059K [0x00000006fb400000, 0x00000006fc8c0000, 0x0000000700600000)
  object space 21248K, 84% used [0x00000006fb400000,0x00000006fc5a2fa0,0x00000006fc8c0000)
Event: 15.887 GC heap after
Heap after GC invocations=13 (full 0):
 PSYoungGen      total 782080K, used 20949K [0x00000007aacb0000, 0x00000007fe3f0000, 0x0000000800000000)
  eden space 761088K, 0% used [0x00000007aacb0000,0x00000007aacb0000,0x00000007d93f0000)
  from space 20992K, 99% used [0x00000007fbfe0000,0x00000007fd455760,0x00000007fd460000)
  to   space 15936K, 0% used [0x00000007fd460000,0x00000007fd460000,0x00000007fe3f0000)
 ParOldGen       total 174528K, used 139315K [0x0000000700600000, 0x000000070b070000, 0x00000007aacb0000)
  object space 174528K, 79% used [0x0000000700600000,0x0000000708e0ce28,0x000000070b070000)
 PSPermGen       total 21248K, used 18059K [0x00000006fb400000, 0x00000006fc8c0000, 0x0000000700600000)
  object space 21248K, 84% used [0x00000006fb400000,0x00000006fc5a2fa0,0x00000006fc8c0000)
}

