# JRE version: 7.0_07-b11
# Java VM: Java HotSpot(TM) 64-Bit Server VM (23.3-b01 mixed mode windows-amd64 compressed oops)
Heap
 PSYoungGen      total 488320K, used 47927K [0x00000007aacb0000, 0x00000007d0dc0000, 0x0000000800000000)
  eden space 434944K, 10% used [0x00000007aacb0000,0x00000007adac7468,0x00000007c5570000)
  from space 53376K, 1% used [0x00000007c5570000,0x00000007c5626930,0x00000007c8990000)
  to   space 53760K, 0% used [0x00000007cd940000,0x00000007cd940000,0x00000007d0dc0000)
 ParOldGen       total 190336K, used 132856K [0x0000000700600000, 0x000000070bfe0000, 0x00000007aacb0000)
  object space 190336K, 69% used [0x0000000700600000,0x00000007087be0a8,0x000000070bfe0000)
 PSPermGen       total 40832K, used 18075K [0x00000006fb400000, 0x00000006fdbe0000, 0x0000000700600000)
  object space 40832K, 44% used [0x00000006fb400000,0x00000006fc5a6df0,0x00000006fdbe0000)
GC Heap History (10 events):
Event: 9.525 GC heap before
{Heap before GC invocations=7 (full 1):
 PSYoungGen      total 295424K, used 283726K [0x00000007aacb0000, 0x00000007bf8f0000, 0x0000000800000000)
  eden space 259072K, 99% used [0x00000007aacb0000,0x00000007ba8d9270,0x00000007ba9b0000)
  from space 36352K, 70% used [0x00000007bcff0000,0x00000007be8da8a0,0x00000007bf370000)
  to   space 39168K, 0% used [0x00000007ba9b0000,0x00000007ba9b0000,0x00000007bcff0000)
 ParOldGen       total 389632K, used 386523K [0x0000000700600000, 0x0000000718280000, 0x00000007aacb0000)
  object space 389632K, 99% used [0x0000000700600000,0x0000000717f76ff0,0x0000000718280000)
 PSPermGen       total 21248K, used 18032K [0x00000006fb400000, 0x00000006fc8c0000, 0x0000000700600000)
  object space 21248K, 84% used [0x00000006fb400000,0x00000006fc59c1c8,0x00000006fc8c0000)
Event: 9.591 GC heap after
Heap after GC invocations=7 (full 1):
 PSYoungGen      total 295424K, used 0K [0x00000007aacb0000, 0x00000007bf8f0000, 0x0000000800000000)
  eden space 259072K, 0% used [0x00000007aacb0000,0x00000007aacb0000,0x00000007ba9b0000)
  from space 36352K, 0% used [0x00000007bcff0000,0x00000007bcff0000,0x00000007bf370000)
  to   space 39168K, 0% used [0x00000007ba9b0000,0x00000007ba9b0000,0x00000007bcff0000)
 ParOldGen       total 149248K, used 36428K [0x0000000700600000, 0x00000007097c0000, 0x00000007aacb0000)
  object space 149248K, 24% used [0x0000000700600000,0x0000000702993038,0x00000007097c0000)
 PSPermGen       total 36608K, used 18025K [0x00000006fb400000, 0x00000006fd7c0000, 0x0000000700600000)
  object space 36608K, 49% used [0x00000006fb400000,0x00000006fc59a6d0,0x00000006fd7c0000)
}
Event: 10.038 GC heap before
{Heap before GC invocations=8 (full 1):
 PSYoungGen      total 295424K, used 255608K [0x00000007aacb0000, 0x00000007bf8f0000, 0x0000000800000000)
  eden space 259072K, 98% used [0x00000007aacb0000,0x00000007ba64e230,0x00000007ba9b0000)
  from space 36352K, 0% used [0x00000007bcff0000,0x00000007bcff0000,0x00000007bf370000)
  to   space 39168K, 0% used [0x00000007ba9b0000,0x00000007ba9b0000,0x00000007bcff0000)
 ParOldGen       total 149248K, used 42503K [0x0000000700600000, 0x00000007097c0000, 0x00000007aacb0000)
  object space 149248K, 28% used [0x0000000700600000,0x0000000702f81c48,0x00000007097c0000)
 PSPermGen       total 36608K, used 18027K [0x00000006fb400000, 0x00000006fd7c0000, 0x0000000700600000)
  object space 36608K, 49% used [0x00000006fb400000,0x00000006fc59af60,0x00000006fd7c0000)
Event: 10.047 GC heap after
Heap after GC invocations=8 (full 1):
 PSYoungGen      total 298240K, used 35313K [0x00000007aacb0000, 0x00000007cbf50000, 0x0000000800000000)
  eden space 259072K, 0% used [0x00000007aacb0000,0x00000007aacb0000,0x00000007ba9b0000)
  from space 39168K, 90% used [0x00000007ba9b0000,0x00000007bcc2c7e0,0x00000007bcff0000)
  to   space 45632K, 0% used [0x00000007c92c0000,0x00000007c92c0000,0x00000007cbf50000)
 ParOldGen       total 149248K, used 48578K [0x0000000700600000, 0x00000007097c0000, 0x00000007aacb0000)
  object space 149248K, 32% used [0x0000000700600000,0x0000000703570858,0x00000007097c0000)
 PSPermGen       total 36608K, used 18027K [0x00000006fb400000, 0x00000006fd7c0000, 0x0000000700600000)
  object space 36608K, 49% used [0x00000006fb400000,0x00000006fc59af60,0x00000006fd7c0000)
}
Event: 10.939 GC heap before
{Heap before GC invocations=9 (full 2):
 PSYoungGen      total 298240K, used 294385K [0x00000007aacb0000, 0x00000007cbf50000, 0x0000000800000000)
  eden space 259072K, 100% used [0x00000007aacb0000,0x00000007ba9b0000,0x00000007ba9b0000)
  from space 39168K, 90% used [0x00000007ba9b0000,0x00000007bcc2c7e0,0x00000007bcff0000)
  to   space 45632K, 0% used [0x00000007c92c0000,0x00000007c92c0000,0x00000007cbf50000)
 ParOldGen       total 263808K, used 262344K [0x0000000700600000, 0x00000007107a0000, 0x00000007aacb0000)
  object space 263808K, 99% used [0x0000000700600000,0x0000000710632240,0x00000007107a0000)
 PSPermGen       total 36608K, used 18034K [0x00000006fb400000, 0x00000006fd7c0000, 0x0000000700600000)
  object space 36608K, 49% used [0x00000006fb400000,0x00000006fc59cb88,0x00000006fd7c0000)
Event: 10.967 GC heap after
Heap after GC invocations=9 (full 2):
 PSYoungGen      total 298240K, used 0K [0x00000007aacb0000, 0x00000007cbf50000, 0x0000000800000000)
  eden space 259072K, 0% used [0x00000007aacb0000,0x00000007aacb0000,0x00000007ba9b0000)
  from space 39168K, 0% used [0x00000007ba9b0000,0x00000007ba9b0000,0x00000007bcff0000)
  to   space 45632K, 0% used [0x00000007c92c0000,0x00000007c92c0000,0x00000007cbf50000)
 ParOldGen       total 190336K, used 46115K [0x0000000700600000, 0x000000070bfe0000, 0x00000007aacb0000)
  object space 190336K, 24% used [0x0000000700600000,0x0000000703308c98,0x000000070bfe0000)
 PSPermGen       total 40832K, used 18034K [0x00000006fb400000, 0x00000006fdbe0000, 0x0000000700600000)
  object space 40832K, 44% used [0x00000006fb400000,0x00000006fc59cb88,0x00000006fdbe0000)
}
Event: 11.471 GC heap before
{Heap before GC invocations=10 (full 2):
 PSYoungGen      total 298240K, used 258398K [0x00000007aacb0000, 0x00000007cbf50000, 0x0000000800000000)
  eden space 259072K, 99% used [0x00000007aacb0000,0x00000007ba907b88,0x00000007ba9b0000)
  from space 39168K, 0% used [0x00000007ba9b0000,0x00000007ba9b0000,0x00000007bcff0000)
  to   space 45632K, 0% used [0x00000007c92c0000,0x00000007c92c0000,0x00000007cbf50000)
 ParOldGen       total 190336K, used 52190K [0x0000000700600000, 0x000000070bfe0000, 0x00000007aacb0000)
  object space 190336K, 27% used [0x0000000700600000,0x00000007038f78a8,0x000000070bfe0000)
 PSPermGen       total 40832K, used 18040K [0x00000006fb400000, 0x00000006fdbe0000, 0x0000000700600000)
  object space 40832K, 44% used [0x00000006fb400000,0x00000006fc59e1a8,0x00000006fdbe0000)
Event: 11.482 GC heap after
Heap after GC invocations=10 (full 2):
 PSYoungGen      total 444672K, used 43910K [0x00000007aacb0000, 0x00000007cbdb0000, 0x0000000800000000)
  eden space 400704K, 0% used [0x00000007aacb0000,0x00000007aacb0000,0x00000007c3400000)
  from space 43968K, 99% used [0x00000007c92c0000,0x00000007cbda1820,0x00000007cbdb0000)
  to   space 53376K, 0% used [0x00000007c5570000,0x00000007c5570000,0x00000007c8990000)
 ParOldGen       total 190336K, used 58265K [0x0000000700600000, 0x000000070bfe0000, 0x00000007aacb0000)
  object space 190336K, 30% used [0x0000000700600000,0x0000000703ee64b8,0x000000070bfe0000)
 PSPermGen       total 40832K, used 18040K [0x00000006fb400000, 0x00000006fdbe0000, 0x0000000700600000)
  object space 40832K, 44% used [0x00000006fb400000,0x00000006fc59e1a8,0x00000006fdbe0000)
}
Event: 12.371 GC heap before
{Heap before GC invocations=11 (full 2):
 PSYoungGen      total 444672K, used 444614K [0x00000007aacb0000, 0x00000007cbdb0000, 0x0000000800000000)
  eden space 400704K, 100% used [0x00000007aacb0000,0x00000007c3400000,0x00000007c3400000)
  from space 43968K, 99% used [0x00000007c92c0000,0x00000007cbda1820,0x00000007cbdb0000)
  to   space 53376K, 0% used [0x00000007c5570000,0x00000007c5570000,0x00000007c8990000)
 ParOldGen       total 190336K, used 132856K [0x0000000700600000, 0x000000070bfe0000, 0x00000007aacb0000)
  object space 190336K, 69% used [0x0000000700600000,0x00000007087be0a8,0x000000070bfe0000)
 PSPermGen       total 40832K, used 18041K [0x00000006fb400000, 0x00000006fdbe0000, 0x0000000700600000)
  object space 40832K, 44% used [0x00000006fb400000,0x00000006fc59e5e0,0x00000006fdbe0000)
Event: 12.372 GC heap after
Heap after GC invocations=11 (full 2):
 PSYoungGen      total 488320K, used 730K [0x00000007aacb0000, 0x00000007d0dc0000, 0x0000000800000000)
  eden space 434944K, 0% used [0x00000007aacb0000,0x00000007aacb0000,0x00000007c5570000)
  from space 53376K, 1% used [0x00000007c5570000,0x00000007c5626930,0x00000007c8990000)
  to   space 53760K, 0% used [0x00000007cd940000,0x00000007cd940000,0x00000007d0dc0000)
 ParOldGen       total 190336K, used 132856K [0x0000000700600000, 0x000000070bfe0000, 0x00000007aacb0000)
  object space 190336K, 69% used [0x0000000700600000,0x00000007087be0a8,0x000000070bfe0000)
 PSPermGen       total 40832K, used 18041K [0x00000006fb400000, 0x00000006fdbe0000, 0x0000000700600000)
  object space 40832K, 44% used [0x00000006fb400000,0x00000006fc59e5e0,0x00000006fdbe0000)
}

