# JRE version: 7.0_07-b11
# Java VM: Java HotSpot(TM) 64-Bit Server VM (23.3-b01 mixed mode windows-amd64 compressed oops)
Heap
 PSYoungGen      total 289472K, used 254931K [0x00000007aacb0000, 0x00000007ce190000, 0x0000000800000000)
  eden space 261888K, 88% used [0x00000007aacb0000,0x00000007b8e03350,0x00000007bac70000)
  from space 27584K, 87% used [0x00000007bac70000,0x00000007bc411ae0,0x00000007bc760000)
  to   space 27328K, 0% used [0x00000007cc6e0000,0x00000007cc6e0000,0x00000007ce190000)
 ParOldGen       total 174528K, used 85191K [0x0000000700600000, 0x000000070b070000, 0x00000007aacb0000)
  object space 174528K, 48% used [0x0000000700600000,0x0000000705931d50,0x000000070b070000)
 PSPermGen       total 21248K, used 17991K [0x00000006fb400000, 0x00000006fc8c0000, 0x0000000700600000)
  object space 21248K, 84% used [0x00000006fb400000,0x00000006fc591f38,0x00000006fc8c0000)
GC Heap History (10 events):
Event: 3.106 GC heap before
{Heap before GC invocations=3 (full 0):
 PSYoungGen      total 76352K, used 70372K [0x00000007aacb0000, 0x00000007b41d0000, 0x0000000800000000)
  eden space 65472K, 90% used [0x00000007aacb0000,0x00000007ae6ce1c8,0x00000007aeca0000)
  from space 10880K, 99% used [0x00000007af740000,0x00000007b01dafe0,0x00000007b01e0000)
  to   space 10880K, 0% used [0x00000007aeca0000,0x00000007aeca0000,0x00000007af740000)
 ParOldGen       total 174528K, used 25392K [0x0000000700600000, 0x000000070b070000, 0x00000007aacb0000)
  object space 174528K, 14% used [0x0000000700600000,0x0000000701ecc338,0x000000070b070000)
 PSPermGen       total 21248K, used 16527K [0x00000006fb400000, 0x00000006fc8c0000, 0x0000000700600000)
  object space 21248K, 77% used [0x00000006fb400000,0x00000006fc423fa0,0x00000006fc8c0000)
Event: 3.112 GC heap after
Heap after GC invocations=3 (full 0):
 PSYoungGen      total 76352K, used 10875K [0x00000007aacb0000, 0x00000007b41d0000, 0x0000000800000000)
  eden space 65472K, 0% used [0x00000007aacb0000,0x00000007aacb0000,0x00000007aeca0000)
  from space 10880K, 99% used [0x00000007aeca0000,0x00000007af73efd0,0x00000007af740000)
  to   space 10880K, 0% used [0x00000007b3730000,0x00000007b3730000,0x00000007b41d0000)
 ParOldGen       total 174528K, used 37881K [0x0000000700600000, 0x000000070b070000, 0x00000007aacb0000)
  object space 174528K, 21% used [0x0000000700600000,0x0000000702afe468,0x000000070b070000)
 PSPermGen       total 21248K, used 16527K [0x00000006fb400000, 0x00000006fc8c0000, 0x0000000700600000)
  object space 21248K, 77% used [0x00000006fb400000,0x00000006fc423fa0,0x00000006fc8c0000)
}
Event: 3.296 GC heap before
{Heap before GC invocations=4 (full 0):
 PSYoungGen      total 76352K, used 71723K [0x00000007aacb0000, 0x00000007b41d0000, 0x0000000800000000)
  eden space 65472K, 92% used [0x00000007aacb0000,0x00000007ae81c008,0x00000007aeca0000)
  from space 10880K, 99% used [0x00000007aeca0000,0x00000007af73efd0,0x00000007af740000)
  to   space 10880K, 0% used [0x00000007b3730000,0x00000007b3730000,0x00000007b41d0000)
 ParOldGen       total 174528K, used 37881K [0x0000000700600000, 0x000000070b070000, 0x00000007aacb0000)
  object space 174528K, 21% used [0x0000000700600000,0x0000000702afe468,0x000000070b070000)
 PSPermGen       total 21248K, used 16552K [0x00000006fb400000, 0x00000006fc8c0000, 0x0000000700600000)
  object space 21248K, 77% used [0x00000006fb400000,0x00000006fc42a1f8,0x00000006fc8c0000)
Event: 3.303 GC heap after
Heap after GC invocations=4 (full 0):
 PSYoungGen      total 141824K, used 10859K [0x00000007aacb0000, 0x00000007b41d0000, 0x0000000800000000)
  eden space 130944K, 0% used [0x00000007aacb0000,0x00000007aacb0000,0x00000007b2c90000)
  from space 10880K, 99% used [0x00000007b3730000,0x00000007b41cafe0,0x00000007b41d0000)
  to   space 10880K, 0% used [0x00000007b2c90000,0x00000007b2c90000,0x00000007b3730000)
 ParOldGen       total 174528K, used 50783K [0x0000000700600000, 0x000000070b070000, 0x00000007aacb0000)
  object space 174528K, 29% used [0x0000000700600000,0x0000000703797c88,0x000000070b070000)
 PSPermGen       total 21248K, used 16552K [0x00000006fb400000, 0x00000006fc8c0000, 0x0000000700600000)
  object space 21248K, 77% used [0x00000006fb400000,0x00000006fc42a1f8,0x00000006fc8c0000)
}
Event: 3.733 GC heap before
{Heap before GC invocations=5 (full 0):
 PSYoungGen      total 141824K, used 140125K [0x00000007aacb0000, 0x00000007b41d0000, 0x0000000800000000)
  eden space 130944K, 98% used [0x00000007aacb0000,0x00000007b2aec7c0,0x00000007b2c90000)
  from space 10880K, 99% used [0x00000007b3730000,0x00000007b41cafe0,0x00000007b41d0000)
  to   space 10880K, 0% used [0x00000007b2c90000,0x00000007b2c90000,0x00000007b3730000)
 ParOldGen       total 174528K, used 50783K [0x0000000700600000, 0x000000070b070000, 0x00000007aacb0000)
  object space 174528K, 29% used [0x0000000700600000,0x0000000703797c88,0x000000070b070000)
 PSPermGen       total 21248K, used 16765K [0x00000006fb400000, 0x00000006fc8c0000, 0x0000000700600000)
  object space 21248K, 78% used [0x00000006fb400000,0x00000006fc45f7d8,0x00000006fc8c0000)
Event: 3.746 GC heap after
Heap after GC invocations=5 (full 0):
 PSYoungGen      total 141824K, used 10873K [0x00000007aacb0000, 0x00000007be350000, 0x0000000800000000)
  eden space 130944K, 0% used [0x00000007aacb0000,0x00000007aacb0000,0x00000007b2c90000)
  from space 10880K, 99% used [0x00000007b2c90000,0x00000007b372e610,0x00000007b3730000)
  to   space 28096K, 0% used [0x00000007bc7e0000,0x00000007bc7e0000,0x00000007be350000)
 ParOldGen       total 174528K, used 69765K [0x0000000700600000, 0x000000070b070000, 0x00000007aacb0000)
  object space 174528K, 39% used [0x0000000700600000,0x0000000704a216c8,0x000000070b070000)
 PSPermGen       total 21248K, used 16765K [0x00000006fb400000, 0x00000006fc8c0000, 0x0000000700600000)
  object space 21248K, 78% used [0x00000006fb400000,0x00000006fc45f7d8,0x00000006fc8c0000)
}
Event: 4.161 GC heap before
{Heap before GC invocations=6 (full 0):
 PSYoungGen      total 141824K, used 138319K [0x00000007aacb0000, 0x00000007be350000, 0x0000000800000000)
  eden space 130944K, 97% used [0x00000007aacb0000,0x00000007b29256a8,0x00000007b2c90000)
  from space 10880K, 99% used [0x00000007b2c90000,0x00000007b372e610,0x00000007b3730000)
  to   space 28096K, 0% used [0x00000007bc7e0000,0x00000007bc7e0000,0x00000007be350000)
 ParOldGen       total 174528K, used 69765K [0x0000000700600000, 0x000000070b070000, 0x00000007aacb0000)
  object space 174528K, 39% used [0x0000000700600000,0x0000000704a216c8,0x000000070b070000)
 PSPermGen       total 21248K, used 17743K [0x00000006fb400000, 0x00000006fc8c0000, 0x0000000700600000)
  object space 21248K, 83% used [0x00000006fb400000,0x00000006fc553c60,0x00000006fc8c0000)
Event: 4.171 GC heap after
Heap after GC invocations=6 (full 0):
 PSYoungGen      total 288960K, used 24708K [0x00000007aacb0000, 0x00000007be250000, 0x0000000800000000)
  eden space 261888K, 0% used [0x00000007aacb0000,0x00000007aacb0000,0x00000007bac70000)
  from space 27072K, 91% used [0x00000007bc7e0000,0x00000007be0011b0,0x00000007be250000)
  to   space 27584K, 0% used [0x00000007bac70000,0x00000007bac70000,0x00000007bc760000)
 ParOldGen       total 174528K, used 75848K [0x0000000700600000, 0x000000070b070000, 0x00000007aacb0000)
  object space 174528K, 43% used [0x0000000700600000,0x00000007050122d8,0x000000070b070000)
 PSPermGen       total 21248K, used 17743K [0x00000006fb400000, 0x00000006fc8c0000, 0x0000000700600000)
  object space 21248K, 83% used [0x00000006fb400000,0x00000006fc553c60,0x00000006fc8c0000)
}
Event: 5.057 GC heap before
{Heap before GC invocations=7 (full 0):
 PSYoungGen      total 288960K, used 286232K [0x00000007aacb0000, 0x00000007be250000, 0x0000000800000000)
  eden space 261888K, 99% used [0x00000007aacb0000,0x00000007bac14fd8,0x00000007bac70000)
  from space 27072K, 91% used [0x00000007bc7e0000,0x00000007be0011b0,0x00000007be250000)
  to   space 27584K, 0% used [0x00000007bac70000,0x00000007bac70000,0x00000007bc760000)
 ParOldGen       total 174528K, used 75848K [0x0000000700600000, 0x000000070b070000, 0x00000007aacb0000)
  object space 174528K, 43% used [0x0000000700600000,0x00000007050122d8,0x000000070b070000)
 PSPermGen       total 21248K, used 17941K [0x00000006fb400000, 0x00000006fc8c0000, 0x0000000700600000)
  object space 21248K, 84% used [0x00000006fb400000,0x00000006fc585458,0x00000006fc8c0000)
Event: 5.074 GC heap after
Heap after GC invocations=7 (full 0):
 PSYoungGen      total 289472K, used 24198K [0x00000007aacb0000, 0x00000007ce190000, 0x0000000800000000)
  eden space 261888K, 0% used [0x00000007aacb0000,0x00000007aacb0000,0x00000007bac70000)
  from space 27584K, 87% used [0x00000007bac70000,0x00000007bc411ae0,0x00000007bc760000)
  to   space 27328K, 0% used [0x00000007cc6e0000,0x00000007cc6e0000,0x00000007ce190000)
 ParOldGen       total 174528K, used 85191K [0x0000000700600000, 0x000000070b070000, 0x00000007aacb0000)
  object space 174528K, 48% used [0x0000000700600000,0x0000000705931d50,0x000000070b070000)
 PSPermGen       total 21248K, used 17941K [0x00000006fb400000, 0x00000006fc8c0000, 0x0000000700600000)
  object space 21248K, 84% used [0x00000006fb400000,0x00000006fc585458,0x00000006fc8c0000)
}

