# JRE version: 7.0_07-b11
# Java VM: Java HotSpot(TM) 64-Bit Server VM (23.3-b01 mixed mode windows-amd64 compressed oops)
Heap
 PSYoungGen      total 617728K, used 208828K [0x00000007aacb0000, 0x00000007dc260000, 0x0000000800000000)
  eden space 577216K, 36% used [0x00000007aacb0000,0x00000007b789f2a8,0x00000007ce060000)
  from space 40512K, 0% used [0x00000007ce060000,0x00000007ce060000,0x00000007d07f0000)
  to   space 41728K, 0% used [0x00000007d99a0000,0x00000007d99a0000,0x00000007dc260000)
 ParOldGen       total 266240K, used 34821K [0x0000000700600000, 0x0000000710a00000, 0x00000007aacb0000)
  object space 266240K, 13% used [0x0000000700600000,0x00000007028016e8,0x0000000710a00000)
 PSPermGen       total 37632K, used 18140K [0x00000006fb400000, 0x00000006fd8c0000, 0x0000000700600000)
  object space 37632K, 48% used [0x00000006fb400000,0x00000006fc5b70e8,0x00000006fd8c0000)
GC Heap History (10 events):
Event: 8.978 GC heap before
{Heap before GC invocations=11 (full 2):
 PSYoungGen      total 470016K, used 441344K [0x00000007aacb0000, 0x00000007ce430000, 0x0000000800000000)
  eden space 441344K, 100% used [0x00000007aacb0000,0x00000007c5bb0000,0x00000007c5bb0000)
  from space 28672K, 0% used [0x00000007cc830000,0x00000007cc830000,0x00000007ce430000)
  to   space 38080K, 0% used [0x00000007c99d0000,0x00000007c99d0000,0x00000007cbf00000)
 ParOldGen       total 169472K, used 85798K [0x0000000700600000, 0x000000070ab80000, 0x00000007aacb0000)
  object space 169472K, 50% used [0x0000000700600000,0x00000007059c98e8,0x000000070ab80000)
 PSPermGen       total 40960K, used 18075K [0x00000006fb400000, 0x00000006fdc00000, 0x0000000700600000)
  object space 40960K, 44% used [0x00000006fb400000,0x00000006fc5a6df0,0x00000006fdc00000)
Event: 8.984 GC heap after
Heap after GC invocations=11 (full 2):
 PSYoungGen      total 543040K, used 18955K [0x00000007aacb0000, 0x00000007d2da0000, 0x0000000800000000)
  eden space 504960K, 0% used [0x00000007aacb0000,0x00000007aacb0000,0x00000007c99d0000)
  from space 38080K, 49% used [0x00000007c99d0000,0x00000007cac52d60,0x00000007cbf00000)
  to   space 38592K, 0% used [0x00000007d07f0000,0x00000007d07f0000,0x00000007d2da0000)
 ParOldGen       total 169472K, used 85798K [0x0000000700600000, 0x000000070ab80000, 0x00000007aacb0000)
  object space 169472K, 50% used [0x0000000700600000,0x00000007059c98e8,0x000000070ab80000)
 PSPermGen       total 40960K, used 18075K [0x00000006fb400000, 0x00000006fdc00000, 0x0000000700600000)
  object space 40960K, 44% used [0x00000006fb400000,0x00000006fc5a6df0,0x00000006fdc00000)
}
Event: 10.328 GC heap before
{Heap before GC invocations=12 (full 3):
 PSYoungGen      total 543040K, used 523915K [0x00000007aacb0000, 0x00000007d2da0000, 0x0000000800000000)
  eden space 504960K, 100% used [0x00000007aacb0000,0x00000007c99d0000,0x00000007c99d0000)
  from space 38080K, 49% used [0x00000007c99d0000,0x00000007cac52d60,0x00000007cbf00000)
  to   space 38592K, 0% used [0x00000007d07f0000,0x00000007d07f0000,0x00000007d2da0000)
 ParOldGen       total 222400K, used 219578K [0x0000000700600000, 0x000000070df30000, 0x00000007aacb0000)
  object space 222400K, 98% used [0x0000000700600000,0x000000070dc6e828,0x000000070df30000)
 PSPermGen       total 40960K, used 18092K [0x00000006fb400000, 0x00000006fdc00000, 0x0000000700600000)
  object space 40960K, 44% used [0x00000006fb400000,0x00000006fc5ab2e0,0x00000006fdc00000)
Event: 10.360 GC heap after
Heap after GC invocations=12 (full 3):
 PSYoungGen      total 543040K, used 0K [0x00000007aacb0000, 0x00000007d2da0000, 0x0000000800000000)
  eden space 504960K, 0% used [0x00000007aacb0000,0x00000007aacb0000,0x00000007c99d0000)
  from space 38080K, 0% used [0x00000007c99d0000,0x00000007c99d0000,0x00000007cbf00000)
  to   space 38592K, 0% used [0x00000007d07f0000,0x00000007d07f0000,0x00000007d2da0000)
 ParOldGen       total 210624K, used 32637K [0x0000000700600000, 0x000000070d3b0000, 0x00000007aacb0000)
  object space 210624K, 15% used [0x0000000700600000,0x00000007025df458,0x000000070d3b0000)
 PSPermGen       total 39744K, used 18092K [0x00000006fb400000, 0x00000006fdad0000, 0x0000000700600000)
  object space 39744K, 45% used [0x00000006fb400000,0x00000006fc5ab2e0,0x00000006fdad0000)
}
Event: 11.377 GC heap before
{Heap before GC invocations=13 (full 3):
 PSYoungGen      total 543040K, used 502988K [0x00000007aacb0000, 0x00000007d2da0000, 0x0000000800000000)
  eden space 504960K, 99% used [0x00000007aacb0000,0x00000007c97e3290,0x00000007c99d0000)
  from space 38080K, 0% used [0x00000007c99d0000,0x00000007c99d0000,0x00000007cbf00000)
  to   space 38592K, 0% used [0x00000007d07f0000,0x00000007d07f0000,0x00000007d2da0000)
 ParOldGen       total 210624K, used 34662K [0x0000000700600000, 0x000000070d3b0000, 0x00000007aacb0000)
  object space 210624K, 16% used [0x0000000700600000,0x00000007027d9868,0x000000070d3b0000)
 PSPermGen       total 39744K, used 18098K [0x00000006fb400000, 0x00000006fdad0000, 0x0000000700600000)
  object space 39744K, 45% used [0x00000006fb400000,0x00000006fc5ac920,0x00000006fdad0000)
Event: 11.390 GC heap after
Heap after GC invocations=13 (full 3):
 PSYoungGen      total 615808K, used 35115K [0x00000007aacb0000, 0x00000007d7750000, 0x0000000800000000)
  eden space 577216K, 0% used [0x00000007aacb0000,0x00000007aacb0000,0x00000007ce060000)
  from space 38592K, 90% used [0x00000007d07f0000,0x00000007d2a3ac60,0x00000007d2da0000)
  to   space 40512K, 0% used [0x00000007ce060000,0x00000007ce060000,0x00000007d07f0000)
 ParOldGen       total 210624K, used 58962K [0x0000000700600000, 0x000000070d3b0000, 0x00000007aacb0000)
  object space 210624K, 27% used [0x0000000700600000,0x0000000703f948a8,0x000000070d3b0000)
 PSPermGen       total 39744K, used 18098K [0x00000006fb400000, 0x00000006fdad0000, 0x0000000700600000)
  object space 39744K, 45% used [0x00000006fb400000,0x00000006fc5ac920,0x00000006fdad0000)
}
Event: 12.578 GC heap before
{Heap before GC invocations=14 (full 3):
 PSYoungGen      total 615808K, used 612331K [0x00000007aacb0000, 0x00000007d7750000, 0x0000000800000000)
  eden space 577216K, 100% used [0x00000007aacb0000,0x00000007ce060000,0x00000007ce060000)
  from space 38592K, 90% used [0x00000007d07f0000,0x00000007d2a3ac60,0x00000007d2da0000)
  to   space 40512K, 0% used [0x00000007ce060000,0x00000007ce060000,0x00000007d07f0000)
 ParOldGen       total 210624K, used 70632K [0x0000000700600000, 0x000000070d3b0000, 0x00000007aacb0000)
  object space 210624K, 33% used [0x0000000700600000,0x0000000704afa0b8,0x000000070d3b0000)
 PSPermGen       total 39744K, used 18102K [0x00000006fb400000, 0x00000006fdad0000, 0x0000000700600000)
  object space 39744K, 45% used [0x00000006fb400000,0x00000006fc5ad8b0,0x00000006fdad0000)
Event: 12.581 GC heap after
Heap after GC invocations=14 (full 3):
 PSYoungGen      total 617728K, used 12977K [0x00000007aacb0000, 0x00000007dc260000, 0x0000000800000000)
  eden space 577216K, 0% used [0x00000007aacb0000,0x00000007aacb0000,0x00000007ce060000)
  from space 40512K, 32% used [0x00000007ce060000,0x00000007ced0c708,0x00000007d07f0000)
  to   space 41728K, 0% used [0x00000007d99a0000,0x00000007d99a0000,0x00000007dc260000)
 ParOldGen       total 210624K, used 70632K [0x0000000700600000, 0x000000070d3b0000, 0x00000007aacb0000)
  object space 210624K, 33% used [0x0000000700600000,0x0000000704afa0b8,0x000000070d3b0000)
 PSPermGen       total 39744K, used 18102K [0x00000006fb400000, 0x00000006fdad0000, 0x0000000700600000)
  object space 39744K, 45% used [0x00000006fb400000,0x00000006fc5ad8b0,0x00000006fdad0000)
}
Event: 14.013 GC heap before
{Heap before GC invocations=15 (full 4):
 PSYoungGen      total 617728K, used 590193K [0x00000007aacb0000, 0x00000007dc260000, 0x0000000800000000)
  eden space 577216K, 100% used [0x00000007aacb0000,0x00000007ce060000,0x00000007ce060000)
  from space 40512K, 32% used [0x00000007ce060000,0x00000007ced0c708,0x00000007d07f0000)
  to   space 41728K, 0% used [0x00000007d99a0000,0x00000007d99a0000,0x00000007dc260000)
 ParOldGen       total 210624K, used 197165K [0x0000000700600000, 0x000000070d3b0000, 0x00000007aacb0000)
  object space 210624K, 93% used [0x0000000700600000,0x000000070c68b4e8,0x000000070d3b0000)
 PSPermGen       total 39744K, used 18108K [0x00000006fb400000, 0x00000006fdad0000, 0x0000000700600000)
  object space 39744K, 45% used [0x00000006fb400000,0x00000006fc5af050,0x00000006fdad0000)
Event: 14.039 GC heap after
Heap after GC invocations=15 (full 4):
 PSYoungGen      total 617728K, used 0K [0x00000007aacb0000, 0x00000007dc260000, 0x0000000800000000)
  eden space 577216K, 0% used [0x00000007aacb0000,0x00000007aacb0000,0x00000007ce060000)
  from space 40512K, 0% used [0x00000007ce060000,0x00000007ce060000,0x00000007d07f0000)
  to   space 41728K, 0% used [0x00000007d99a0000,0x00000007d99a0000,0x00000007dc260000)
 ParOldGen       total 266240K, used 34821K [0x0000000700600000, 0x0000000710a00000, 0x00000007aacb0000)
  object space 266240K, 13% used [0x0000000700600000,0x00000007028016e8,0x0000000710a00000)
 PSPermGen       total 37632K, used 18108K [0x00000006fb400000, 0x00000006fd8c0000, 0x0000000700600000)
  object space 37632K, 48% used [0x00000006fb400000,0x00000006fc5af050,0x00000006fd8c0000)
}

