# JRE version: 7.0_07-b11
# Java VM: Java HotSpot(TM) 64-Bit Server VM (23.3-b01 mixed mode windows-amd64 compressed oops)
Heap
 PSYoungGen      total 1359424K, used 1134090K [0x00000007aacb0000, 0x0000000800000000, 0x0000000800000000)
  eden space 1327168K, 83% used [0x00000007aacb0000,0x00000007ee1141e0,0x00000007fbcc0000)
  from space 32256K, 98% used [0x00000007fe080000,0x00000007fff9e8d0,0x0000000800000000)
  to   space 34432K, 0% used [0x00000007fbcc0000,0x00000007fbcc0000,0x00000007fde60000)
 ParOldGen       total 171264K, used 50167K [0x0000000700600000, 0x000000070ad40000, 0x00000007aacb0000)
  object space 171264K, 29% used [0x0000000700600000,0x00000007036fdcd8,0x000000070ad40000)
 PSPermGen       total 40960K, used 18264K [0x00000006fb400000, 0x00000006fdc00000, 0x0000000700600000)
  object space 40960K, 44% used [0x00000006fb400000,0x00000006fc5d63d8,0x00000006fdc00000)
GC Heap History (10 events):
Event: 14.174 GC heap before
{Heap before GC invocations=14 (full 2):
 PSYoungGen      total 846784K, used 845801K [0x00000007aacb0000, 0x00000007e8950000, 0x0000000800000000)
  eden space 816640K, 99% used [0x00000007aacb0000,0x00000007dc9f4e10,0x00000007dca30000)
  from space 30144K, 97% used [0x00000007dca30000,0x00000007de6e5630,0x00000007de7a0000)
  to   space 31744K, 0% used [0x00000007e6a50000,0x00000007e6a50000,0x00000007e8950000)
 ParOldGen       total 171264K, used 40500K [0x0000000700600000, 0x000000070ad40000, 0x00000007aacb0000)
  object space 171264K, 23% used [0x0000000700600000,0x0000000702d8d1a8,0x000000070ad40000)
 PSPermGen       total 40960K, used 18177K [0x00000006fb400000, 0x00000006fdc00000, 0x0000000700600000)
  object space 40960K, 44% used [0x00000006fb400000,0x00000006fc5c06a8,0x00000006fdc00000)
Event: 14.180 GC heap after
Heap after GC invocations=14 (full 2):
 PSYoungGen      total 980864K, used 20917K [0x00000007aacb0000, 0x00000007eeb40000, 0x0000000800000000)
  eden space 949120K, 0% used [0x00000007aacb0000,0x00000007aacb0000,0x00000007e4b90000)
  from space 31744K, 65% used [0x00000007e6a50000,0x00000007e7ebd760,0x00000007e8950000)
  to   space 31488K, 0% used [0x00000007e4b90000,0x00000007e4b90000,0x00000007e6a50000)
 ParOldGen       total 171264K, used 40674K [0x0000000700600000, 0x000000070ad40000, 0x00000007aacb0000)
  object space 171264K, 23% used [0x0000000700600000,0x0000000702db8bf8,0x000000070ad40000)
 PSPermGen       total 40960K, used 18177K [0x00000006fb400000, 0x00000006fdc00000, 0x0000000700600000)
  object space 40960K, 44% used [0x00000006fb400000,0x00000006fc5c06a8,0x00000006fdc00000)
}
Event: 16.017 GC heap before
{Heap before GC invocations=15 (full 2):
 PSYoungGen      total 980864K, used 964330K [0x00000007aacb0000, 0x00000007eeb40000, 0x0000000800000000)
  eden space 949120K, 99% used [0x00000007aacb0000,0x00000007e45fd390,0x00000007e4b90000)
  from space 31744K, 65% used [0x00000007e6a50000,0x00000007e7ebd760,0x00000007e8950000)
  to   space 31488K, 0% used [0x00000007e4b90000,0x00000007e4b90000,0x00000007e6a50000)
 ParOldGen       total 171264K, used 40674K [0x0000000700600000, 0x000000070ad40000, 0x00000007aacb0000)
  object space 171264K, 23% used [0x0000000700600000,0x0000000702db8bf8,0x000000070ad40000)
 PSPermGen       total 40960K, used 18184K [0x00000006fb400000, 0x00000006fdc00000, 0x0000000700600000)
  object space 40960K, 44% used [0x00000006fb400000,0x00000006fc5c2210,0x00000006fdc00000)
Event: 16.023 GC heap after
Heap after GC invocations=15 (full 2):
 PSYoungGen      total 980608K, used 20949K [0x00000007aacb0000, 0x00000007f7a40000, 0x0000000800000000)
  eden space 949120K, 0% used [0x00000007aacb0000,0x00000007aacb0000,0x00000007e4b90000)
  from space 31488K, 66% used [0x00000007e4b90000,0x00000007e6005760,0x00000007e6a50000)
  to   space 31104K, 0% used [0x00000007f5be0000,0x00000007f5be0000,0x00000007f7a40000)
 ParOldGen       total 171264K, used 40674K [0x0000000700600000, 0x000000070ad40000, 0x00000007aacb0000)
  object space 171264K, 23% used [0x0000000700600000,0x0000000702db8bf8,0x000000070ad40000)
 PSPermGen       total 40960K, used 18184K [0x00000006fb400000, 0x00000006fdc00000, 0x0000000700600000)
  object space 40960K, 44% used [0x00000006fb400000,0x00000006fc5c2210,0x00000006fdc00000)
}
Event: 17.855 GC heap before
{Heap before GC invocations=16 (full 2):
 PSYoungGen      total 980608K, used 965137K [0x00000007aacb0000, 0x00000007f7a40000, 0x0000000800000000)
  eden space 949120K, 99% used [0x00000007aacb0000,0x00000007e46bece8,0x00000007e4b90000)
  from space 31488K, 66% used [0x00000007e4b90000,0x00000007e6005760,0x00000007e6a50000)
  to   space 31104K, 0% used [0x00000007f5be0000,0x00000007f5be0000,0x00000007f7a40000)
 ParOldGen       total 171264K, used 40674K [0x0000000700600000, 0x000000070ad40000, 0x00000007aacb0000)
  object space 171264K, 23% used [0x0000000700600000,0x0000000702db8bf8,0x000000070ad40000)
 PSPermGen       total 40960K, used 18204K [0x00000006fb400000, 0x00000006fdc00000, 0x0000000700600000)
  object space 40960K, 44% used [0x00000006fb400000,0x00000006fc5c7050,0x00000006fdc00000)
Event: 17.861 GC heap after
Heap after GC invocations=16 (full 2):
 PSYoungGen      total 1197440K, used 20823K [0x00000007aacb0000, 0x00000007f7040000, 0x0000000800000000)
  eden space 1176576K, 0% used [0x00000007aacb0000,0x00000007aacb0000,0x00000007f29b0000)
  from space 20864K, 99% used [0x00000007f5be0000,0x00000007f7035d10,0x00000007f7040000)
  to   space 30784K, 0% used [0x00000007f3420000,0x00000007f3420000,0x00000007f5230000)
 ParOldGen       total 171264K, used 40674K [0x0000000700600000, 0x000000070ad40000, 0x00000007aacb0000)
  object space 171264K, 23% used [0x0000000700600000,0x0000000702db8bf8,0x000000070ad40000)
 PSPermGen       total 40960K, used 18204K [0x00000006fb400000, 0x00000006fdc00000, 0x0000000700600000)
  object space 40960K, 44% used [0x00000006fb400000,0x00000006fc5c7050,0x00000006fdc00000)
}
Event: 20.191 GC heap before
{Heap before GC invocations=17 (full 2):
 PSYoungGen      total 1197440K, used 1195453K [0x00000007aacb0000, 0x00000007f7040000, 0x0000000800000000)
  eden space 1176576K, 99% used [0x00000007aacb0000,0x00000007f27c9890,0x00000007f29b0000)
  from space 20864K, 99% used [0x00000007f5be0000,0x00000007f7035d10,0x00000007f7040000)
  to   space 30784K, 0% used [0x00000007f3420000,0x00000007f3420000,0x00000007f5230000)
 ParOldGen       total 171264K, used 40674K [0x0000000700600000, 0x000000070ad40000, 0x00000007aacb0000)
  object space 171264K, 23% used [0x0000000700600000,0x0000000702db8bf8,0x000000070ad40000)
 PSPermGen       total 40960K, used 18216K [0x00000006fb400000, 0x00000006fdc00000, 0x0000000700600000)
  object space 40960K, 44% used [0x00000006fb400000,0x00000006fc5ca080,0x00000006fdc00000)
Event: 20.199 GC heap after
Heap after GC invocations=17 (full 2):
 PSYoungGen      total 1218048K, used 29049K [0x00000007aacb0000, 0x0000000800000000, 0x0000000800000000)
  eden space 1187264K, 0% used [0x00000007aacb0000,0x00000007aacb0000,0x00000007f3420000)
  from space 30784K, 94% used [0x00000007f3420000,0x00000007f507e740,0x00000007f5230000)
  to   space 32256K, 0% used [0x00000007fe080000,0x00000007fe080000,0x0000000800000000)
 ParOldGen       total 171264K, used 40674K [0x0000000700600000, 0x000000070ad40000, 0x00000007aacb0000)
  object space 171264K, 23% used [0x0000000700600000,0x0000000702db8bf8,0x000000070ad40000)
 PSPermGen       total 40960K, used 18216K [0x00000006fb400000, 0x00000006fdc00000, 0x0000000700600000)
  object space 40960K, 44% used [0x00000006fb400000,0x00000006fc5ca080,0x00000006fdc00000)
}
Event: 22.485 GC heap before
{Heap before GC invocations=18 (full 2):
 PSYoungGen      total 1218048K, used 1215835K [0x00000007aacb0000, 0x0000000800000000, 0x0000000800000000)
  eden space 1187264K, 99% used [0x00000007aacb0000,0x00000007f33a85c8,0x00000007f3420000)
  from space 30784K, 94% used [0x00000007f3420000,0x00000007f507e740,0x00000007f5230000)
  to   space 32256K, 0% used [0x00000007fe080000,0x00000007fe080000,0x0000000800000000)
 ParOldGen       total 171264K, used 40674K [0x0000000700600000, 0x000000070ad40000, 0x00000007aacb0000)
  object space 171264K, 23% used [0x0000000700600000,0x0000000702db8bf8,0x000000070ad40000)
 PSPermGen       total 40960K, used 18231K [0x00000006fb400000, 0x00000006fdc00000, 0x0000000700600000)
  object space 40960K, 44% used [0x00000006fb400000,0x00000006fc5cdd88,0x00000006fdc00000)
Event: 22.494 GC heap after
Heap after GC invocations=18 (full 2):
 PSYoungGen      total 1359424K, used 31866K [0x00000007aacb0000, 0x0000000800000000, 0x0000000800000000)
  eden space 1327168K, 0% used [0x00000007aacb0000,0x00000007aacb0000,0x00000007fbcc0000)
  from space 32256K, 98% used [0x00000007fe080000,0x00000007fff9e8d0,0x0000000800000000)
  to   space 34432K, 0% used [0x00000007fbcc0000,0x00000007fbcc0000,0x00000007fde60000)
 ParOldGen       total 171264K, used 50167K [0x0000000700600000, 0x000000070ad40000, 0x00000007aacb0000)
  object space 171264K, 29% used [0x0000000700600000,0x00000007036fdcd8,0x000000070ad40000)
 PSPermGen       total 40960K, used 18231K [0x00000006fb400000, 0x00000006fdc00000, 0x0000000700600000)
  object space 40960K, 44% used [0x00000006fb400000,0x00000006fc5cdd88,0x00000006fdc00000)
}

