# JRE version: 7.0_07-b11
# Java VM: Java HotSpot(TM) 64-Bit Server VM (23.3-b01 mixed mode windows-amd64 compressed oops)
Heap
 PSYoungGen      total 800704K, used 149484K [0x00000007aacb0000, 0x00000007dfde0000, 0x0000000800000000)
  eden space 743616K, 18% used [0x00000007aacb0000,0x00000007b34704e0,0x00000007d82e0000)
  from space 57088K, 18% used [0x00000007dc620000,0x00000007dd05ae70,0x00000007dfde0000)
  to   space 62976K, 0% used [0x00000007d82e0000,0x00000007d82e0000,0x00000007dc060000)
 ParOldGen       total 425984K, used 355841K [0x0000000700600000, 0x000000071a600000, 0x00000007aacb0000)
  object space 425984K, 83% used [0x0000000700600000,0x00000007161806e0,0x000000071a600000)
 PSPermGen       total 34368K, used 18313K [0x00000006fb400000, 0x00000006fd590000, 0x0000000700600000)
  object space 34368K, 53% used [0x00000006fb400000,0x00000006fc5e2770,0x00000006fd590000)
GC Heap History (10 events):
Event: 37.996 GC heap before
{Heap before GC invocations=26 (full 5):
 PSYoungGen      total 698176K, used 657194K [0x00000007aacb0000, 0x00000007d9b40000, 0x0000000800000000)
  eden space 641728K, 99% used [0x00000007aacb0000,0x00000007d1a34bb0,0x00000007d1f60000)
  from space 56448K, 36% used [0x00000007d6420000,0x00000007d7865ce0,0x00000007d9b40000)
  to   space 63424K, 0% used [0x00000007d1f60000,0x00000007d1f60000,0x00000007d5d50000)
 ParOldGen       total 343104K, used 197074K [0x0000000700600000, 0x0000000715510000, 0x00000007aacb0000)
  object space 343104K, 57% used [0x0000000700600000,0x000000070c674af8,0x0000000715510000)
 PSPermGen       total 36096K, used 18264K [0x00000006fb400000, 0x00000006fd740000, 0x0000000700600000)
  object space 36096K, 50% used [0x00000006fb400000,0x00000006fc5d6360,0x00000006fd740000)
Event: 38.000 GC heap after
Heap after GC invocations=26 (full 5):
 PSYoungGen      total 705152K, used 20727K [0x00000007aacb0000, 0x00000007dd030000, 0x0000000800000000)
  eden space 641728K, 0% used [0x00000007aacb0000,0x00000007aacb0000,0x00000007d1f60000)
  from space 63424K, 32% used [0x00000007d1f60000,0x00000007d339dce0,0x00000007d5d50000)
  to   space 62336K, 0% used [0x00000007d9350000,0x00000007d9350000,0x00000007dd030000)
 ParOldGen       total 343104K, used 197074K [0x0000000700600000, 0x0000000715510000, 0x00000007aacb0000)
  object space 343104K, 57% used [0x0000000700600000,0x000000070c674af8,0x0000000715510000)
 PSPermGen       total 36096K, used 18264K [0x00000006fb400000, 0x00000006fd740000, 0x0000000700600000)
  object space 36096K, 50% used [0x00000006fb400000,0x00000006fc5d6360,0x00000006fd740000)
}
Event: 41.662 GC heap before
{Heap before GC invocations=27 (full 6):
 PSYoungGen      total 705152K, used 661033K [0x00000007aacb0000, 0x00000007dd030000, 0x0000000800000000)
  eden space 641728K, 99% used [0x00000007aacb0000,0x00000007d1dfc780,0x00000007d1f60000)
  from space 63424K, 32% used [0x00000007d1f60000,0x00000007d339dce0,0x00000007d5d50000)
  to   space 62336K, 0% used [0x00000007d9350000,0x00000007d9350000,0x00000007dd030000)
 ParOldGen       total 501760K, used 500825K [0x0000000700600000, 0x000000071f000000, 0x00000007aacb0000)
  object space 501760K, 99% used [0x0000000700600000,0x000000071ef166f8,0x000000071f000000)
 PSPermGen       total 36096K, used 18284K [0x00000006fb400000, 0x00000006fd740000, 0x0000000700600000)
  object space 36096K, 50% used [0x00000006fb400000,0x00000006fc5db1d8,0x00000006fd740000)
Event: 41.698 GC heap after
Heap after GC invocations=27 (full 6):
 PSYoungGen      total 705152K, used 0K [0x00000007aacb0000, 0x00000007dd030000, 0x0000000800000000)
  eden space 641728K, 0% used [0x00000007aacb0000,0x00000007aacb0000,0x00000007d1f60000)
  from space 63424K, 0% used [0x00000007d1f60000,0x00000007d1f60000,0x00000007d5d50000)
  to   space 62336K, 0% used [0x00000007d9350000,0x00000007d9350000,0x00000007dd030000)
 ParOldGen       total 425984K, used 55507K [0x0000000700600000, 0x000000071a600000, 0x00000007aacb0000)
  object space 425984K, 13% used [0x0000000700600000,0x0000000703c34fb0,0x000000071a600000)
 PSPermGen       total 34368K, used 18284K [0x00000006fb400000, 0x00000006fd590000, 0x0000000700600000)
  object space 34368K, 53% used [0x00000006fb400000,0x00000006fc5db178,0x00000006fd590000)
}
Event: 45.413 GC heap before
{Heap before GC invocations=28 (full 6):
 PSYoungGen      total 705152K, used 640237K [0x00000007aacb0000, 0x00000007dd030000, 0x0000000800000000)
  eden space 641728K, 99% used [0x00000007aacb0000,0x00000007d1deb408,0x00000007d1f60000)
  from space 63424K, 0% used [0x00000007d1f60000,0x00000007d1f60000,0x00000007d5d50000)
  to   space 62336K, 0% used [0x00000007d9350000,0x00000007d9350000,0x00000007dd030000)
 ParOldGen       total 425984K, used 355841K [0x0000000700600000, 0x000000071a600000, 0x00000007aacb0000)
  object space 425984K, 83% used [0x0000000700600000,0x00000007161806e0,0x000000071a600000)
 PSPermGen       total 34368K, used 18296K [0x00000006fb400000, 0x00000006fd590000, 0x0000000700600000)
  object space 34368K, 53% used [0x00000006fb400000,0x00000006fc5de300,0x00000006fd590000)
Event: 45.414 GC heap after
Heap after GC invocations=28 (full 6):
 PSYoungGen      total 758208K, used 224K [0x00000007aacb0000, 0x00000007dd3a0000, 0x0000000800000000)
  eden space 695872K, 0% used [0x00000007aacb0000,0x00000007aacb0000,0x00000007d5440000)
  from space 62336K, 0% used [0x00000007d9350000,0x00000007d9388000,0x00000007dd030000)
  to   space 64576K, 0% used [0x00000007d5440000,0x00000007d5440000,0x00000007d9350000)
 ParOldGen       total 425984K, used 355841K [0x0000000700600000, 0x000000071a600000, 0x00000007aacb0000)
  object space 425984K, 83% used [0x0000000700600000,0x00000007161806e0,0x000000071a600000)
 PSPermGen       total 34368K, used 18296K [0x00000006fb400000, 0x00000006fd590000, 0x0000000700600000)
  object space 34368K, 53% used [0x00000006fb400000,0x00000006fc5de300,0x00000006fd590000)
}
Event: 48.132 GC heap before
{Heap before GC invocations=29 (full 6):
 PSYoungGen      total 758208K, used 693748K [0x00000007aacb0000, 0x00000007dd3a0000, 0x0000000800000000)
  eden space 695872K, 99% used [0x00000007aacb0000,0x00000007d51f50d0,0x00000007d5440000)
  from space 62336K, 0% used [0x00000007d9350000,0x00000007d9388000,0x00000007dd030000)
  to   space 64576K, 0% used [0x00000007d5440000,0x00000007d5440000,0x00000007d9350000)
 ParOldGen       total 425984K, used 355841K [0x0000000700600000, 0x000000071a600000, 0x00000007aacb0000)
  object space 425984K, 83% used [0x0000000700600000,0x00000007161806e0,0x000000071a600000)
 PSPermGen       total 34368K, used 18302K [0x00000006fb400000, 0x00000006fd590000, 0x0000000700600000)
  object space 34368K, 53% used [0x00000006fb400000,0x00000006fc5dfb08,0x00000006fd590000)
Event: 48.135 GC heap after
Heap after GC invocations=29 (full 6):
 PSYoungGen      total 760448K, used 10443K [0x00000007aacb0000, 0x00000007e04a0000, 0x0000000800000000)
  eden space 695872K, 0% used [0x00000007aacb0000,0x00000007aacb0000,0x00000007d5440000)
  from space 64576K, 16% used [0x00000007d5440000,0x00000007d5e72e70,0x00000007d9350000)
  to   space 64000K, 0% used [0x00000007dc620000,0x00000007dc620000,0x00000007e04a0000)
 ParOldGen       total 425984K, used 355841K [0x0000000700600000, 0x000000071a600000, 0x00000007aacb0000)
  object space 425984K, 83% used [0x0000000700600000,0x00000007161806e0,0x000000071a600000)
 PSPermGen       total 34368K, used 18302K [0x00000006fb400000, 0x00000006fd590000, 0x0000000700600000)
  object space 34368K, 53% used [0x00000006fb400000,0x00000006fc5dfb08,0x00000006fd590000)
}
Event: 50.845 GC heap before
{Heap before GC invocations=30 (full 6):
 PSYoungGen      total 760448K, used 703927K [0x00000007aacb0000, 0x00000007e04a0000, 0x0000000800000000)
  eden space 695872K, 99% used [0x00000007aacb0000,0x00000007d51eaf08,0x00000007d5440000)
  from space 64576K, 16% used [0x00000007d5440000,0x00000007d5e72e70,0x00000007d9350000)
  to   space 64000K, 0% used [0x00000007dc620000,0x00000007dc620000,0x00000007e04a0000)
 ParOldGen       total 425984K, used 355841K [0x0000000700600000, 0x000000071a600000, 0x00000007aacb0000)
  object space 425984K, 83% used [0x0000000700600000,0x00000007161806e0,0x000000071a600000)
 PSPermGen       total 34368K, used 18313K [0x00000006fb400000, 0x00000006fd590000, 0x0000000700600000)
  object space 34368K, 53% used [0x00000006fb400000,0x00000006fc5e2468,0x00000006fd590000)
Event: 50.849 GC heap after
Heap after GC invocations=30 (full 6):
 PSYoungGen      total 800704K, used 10475K [0x00000007aacb0000, 0x00000007dfde0000, 0x0000000800000000)
  eden space 743616K, 0% used [0x00000007aacb0000,0x00000007aacb0000,0x00000007d82e0000)
  from space 57088K, 18% used [0x00000007dc620000,0x00000007dd05ae70,0x00000007dfde0000)
  to   space 62976K, 0% used [0x00000007d82e0000,0x00000007d82e0000,0x00000007dc060000)
 ParOldGen       total 425984K, used 355841K [0x0000000700600000, 0x000000071a600000, 0x00000007aacb0000)
  object space 425984K, 83% used [0x0000000700600000,0x00000007161806e0,0x000000071a600000)
 PSPermGen       total 34368K, used 18313K [0x00000006fb400000, 0x00000006fd590000, 0x0000000700600000)
  object space 34368K, 53% used [0x00000006fb400000,0x00000006fc5e2468,0x00000006fd590000)
}

