# JRE version: 7.0_07-b11
# Java VM: Java HotSpot(TM) 64-Bit Server VM (23.3-b01 mixed mode windows-amd64 compressed oops)
Heap
 PSYoungGen      total 841024K, used 82330K [0x00000007aacb0000, 0x00000007fc2b0000, 0x0000000800000000)
  eden space 831104K, 8% used [0x00000007aacb0000,0x00000007af367600,0x00000007dd850000)
  from space 9920K, 99% used [0x00000007fb900000,0x00000007fc2af3f0,0x00000007fc2b0000)
  to   space 15232K, 0% used [0x00000007fa4f0000,0x00000007fa4f0000,0x00000007fb3d0000)
 ParOldGen       total 179264K, used 44133K [0x0000000700600000, 0x000000070b510000, 0x00000007aacb0000)
  object space 179264K, 24% used [0x0000000700600000,0x00000007031196c0,0x000000070b510000)
 PSPermGen       total 37056K, used 17956K [0x00000006fb400000, 0x00000006fd830000, 0x0000000700600000)
  object space 37056K, 48% used [0x00000006fb400000,0x00000006fc589190,0x00000006fd830000)
GC Heap History (10 events):
Event: 20.725 GC heap before
{Heap before GC invocations=16 (full 2):
 PSYoungGen      total 724800K, used 724687K [0x00000007aacb0000, 0x00000007fc980000, 0x0000000800000000)
  eden space 720704K, 99% used [0x00000007aacb0000,0x00000007d6c71200,0x00000007d6c80000)
  from space 4096K, 98% used [0x00000007fc580000,0x00000007fc972af0,0x00000007fc980000)
  to   space 13888K, 0% used [0x00000007fae60000,0x00000007fae60000,0x00000007fbbf0000)
 ParOldGen       total 383232K, used 381467K [0x0000000700600000, 0x0000000717c40000, 0x00000007aacb0000)
  object space 383232K, 99% used [0x0000000700600000,0x0000000717a86cd0,0x0000000717c40000)
 PSPermGen       total 36096K, used 17934K [0x00000006fb400000, 0x00000006fd740000, 0x0000000700600000)
  object space 36096K, 49% used [0x00000006fb400000,0x00000006fc583868,0x00000006fd740000)
Event: 20.772 GC heap after
Heap after GC invocations=16 (full 2):
 PSYoungGen      total 724800K, used 0K [0x00000007aacb0000, 0x00000007fc980000, 0x0000000800000000)
  eden space 720704K, 0% used [0x00000007aacb0000,0x00000007aacb0000,0x00000007d6c80000)
  from space 4096K, 0% used [0x00000007fc580000,0x00000007fc580000,0x00000007fc980000)
  to   space 13888K, 0% used [0x00000007fae60000,0x00000007fae60000,0x00000007fbbf0000)
 ParOldGen       total 121472K, used 30633K [0x0000000700600000, 0x0000000707ca0000, 0x00000007aacb0000)
  object space 121472K, 25% used [0x0000000700600000,0x00000007023ea7d8,0x0000000707ca0000)
 PSPermGen       total 40832K, used 17934K [0x00000006fb400000, 0x00000006fdbe0000, 0x0000000700600000)
  object space 40832K, 43% used [0x00000006fb400000,0x00000006fc583828,0x00000006fdbe0000)
}
Event: 23.658 GC heap before
{Heap before GC invocations=17 (full 3):
 PSYoungGen      total 724800K, used 720704K [0x00000007aacb0000, 0x00000007fc980000, 0x0000000800000000)
  eden space 720704K, 100% used [0x00000007aacb0000,0x00000007d6c80000,0x00000007d6c80000)
  from space 4096K, 0% used [0x00000007fc580000,0x00000007fc580000,0x00000007fc980000)
  to   space 13888K, 0% used [0x00000007fae60000,0x00000007fae60000,0x00000007fbbf0000)
 ParOldGen       total 255104K, used 253301K [0x0000000700600000, 0x000000070ff20000, 0x00000007aacb0000)
  object space 255104K, 99% used [0x0000000700600000,0x000000070fd5d4c0,0x000000070ff20000)
 PSPermGen       total 40832K, used 17939K [0x00000006fb400000, 0x00000006fdbe0000, 0x0000000700600000)
  object space 40832K, 43% used [0x00000006fb400000,0x00000006fc584f30,0x00000006fdbe0000)
Event: 23.714 GC heap after
Heap after GC invocations=17 (full 3):
 PSYoungGen      total 724800K, used 0K [0x00000007aacb0000, 0x00000007fc980000, 0x0000000800000000)
  eden space 720704K, 0% used [0x00000007aacb0000,0x00000007aacb0000,0x00000007d6c80000)
  from space 4096K, 0% used [0x00000007fc580000,0x00000007fc580000,0x00000007fc980000)
  to   space 13888K, 0% used [0x00000007fae60000,0x00000007fae60000,0x00000007fbbf0000)
 ParOldGen       total 139392K, used 25140K [0x0000000700600000, 0x0000000708e20000, 0x00000007aacb0000)
  object space 139392K, 18% used [0x0000000700600000,0x0000000701e8d398,0x0000000708e20000)
 PSPermGen       total 39168K, used 17939K [0x00000006fb400000, 0x00000006fda40000, 0x0000000700600000)
  object space 39168K, 45% used [0x00000006fb400000,0x00000006fc584f30,0x00000006fda40000)
}
Event: 25.891 GC heap before
{Heap before GC invocations=18 (full 3):
 PSYoungGen      total 724800K, used 718574K [0x00000007aacb0000, 0x00000007fc980000, 0x0000000800000000)
  eden space 720704K, 99% used [0x00000007aacb0000,0x00000007d6a6b820,0x00000007d6c80000)
  from space 4096K, 0% used [0x00000007fc580000,0x00000007fc580000,0x00000007fc980000)
  to   space 13888K, 0% used [0x00000007fae60000,0x00000007fae60000,0x00000007fbbf0000)
 ParOldGen       total 139392K, used 31215K [0x0000000700600000, 0x0000000708e20000, 0x00000007aacb0000)
  object space 139392K, 22% used [0x0000000700600000,0x000000070247bfa8,0x0000000708e20000)
 PSPermGen       total 39168K, used 17942K [0x00000006fb400000, 0x00000006fda40000, 0x0000000700600000)
  object space 39168K, 45% used [0x00000006fb400000,0x00000006fc585a30,0x00000006fda40000)
Event: 25.897 GC heap after
Heap after GC invocations=18 (full 3):
 PSYoungGen      total 880064K, used 10877K [0x00000007aacb0000, 0x00000007fc590000, 0x0000000800000000)
  eden space 869184K, 0% used [0x00000007aacb0000,0x00000007aacb0000,0x00000007dfd80000)
  from space 10880K, 99% used [0x00000007fae60000,0x00000007fb8ff490,0x00000007fb900000)
  to   space 12864K, 0% used [0x00000007fb900000,0x00000007fb900000,0x00000007fc590000)
 ParOldGen       total 139392K, used 59692K [0x0000000700600000, 0x0000000708e20000, 0x00000007aacb0000)
  object space 139392K, 42% used [0x0000000700600000,0x000000070404b248,0x0000000708e20000)
 PSPermGen       total 39168K, used 17942K [0x00000006fb400000, 0x00000006fda40000, 0x0000000700600000)
  object space 39168K, 45% used [0x00000006fb400000,0x00000006fc585a30,0x00000006fda40000)
}
Event: 30.460 GC heap before
{Heap before GC invocations=19 (full 4):
 PSYoungGen      total 880064K, used 880061K [0x00000007aacb0000, 0x00000007fc590000, 0x0000000800000000)
  eden space 869184K, 100% used [0x00000007aacb0000,0x00000007dfd80000,0x00000007dfd80000)
  from space 10880K, 99% used [0x00000007fae60000,0x00000007fb8ff490,0x00000007fb900000)
  to   space 12864K, 0% used [0x00000007fb900000,0x00000007fb900000,0x00000007fc590000)
 ParOldGen       total 182784K, used 182249K [0x0000000700600000, 0x000000070b880000, 0x00000007aacb0000)
  object space 182784K, 99% used [0x0000000700600000,0x000000070b7fa5c0,0x000000070b880000)
 PSPermGen       total 39168K, used 17948K [0x00000006fb400000, 0x00000006fda40000, 0x0000000700600000)
  object space 39168K, 45% used [0x00000006fb400000,0x00000006fc587130,0x00000006fda40000)
Event: 30.490 GC heap after
Heap after GC invocations=19 (full 4):
 PSYoungGen      total 880064K, used 0K [0x00000007aacb0000, 0x00000007fc590000, 0x0000000800000000)
  eden space 869184K, 0% used [0x00000007aacb0000,0x00000007aacb0000,0x00000007dfd80000)
  from space 10880K, 0% used [0x00000007fae60000,0x00000007fae60000,0x00000007fb900000)
  to   space 12864K, 0% used [0x00000007fb900000,0x00000007fb900000,0x00000007fc590000)
 ParOldGen       total 179264K, used 25149K [0x0000000700600000, 0x000000070b510000, 0x00000007aacb0000)
  object space 179264K, 14% used [0x0000000700600000,0x0000000701e8f500,0x000000070b510000)
 PSPermGen       total 37056K, used 17948K [0x00000006fb400000, 0x00000006fd830000, 0x0000000700600000)
  object space 37056K, 48% used [0x00000006fb400000,0x00000006fc5870f0,0x00000006fd830000)
}
Event: 33.146 GC heap before
{Heap before GC invocations=20 (full 4):
 PSYoungGen      total 880064K, used 868351K [0x00000007aacb0000, 0x00000007fc590000, 0x0000000800000000)
  eden space 869184K, 99% used [0x00000007aacb0000,0x00000007dfcafe20,0x00000007dfd80000)
  from space 10880K, 0% used [0x00000007fae60000,0x00000007fae60000,0x00000007fb900000)
  to   space 12864K, 0% used [0x00000007fb900000,0x00000007fb900000,0x00000007fc590000)
 ParOldGen       total 179264K, used 25149K [0x0000000700600000, 0x000000070b510000, 0x00000007aacb0000)
  object space 179264K, 14% used [0x0000000700600000,0x0000000701e8f500,0x000000070b510000)
 PSPermGen       total 37056K, used 17955K [0x00000006fb400000, 0x00000006fd830000, 0x0000000700600000)
  object space 37056K, 48% used [0x00000006fb400000,0x00000006fc588d50,0x00000006fd830000)
Event: 33.150 GC heap after
Heap after GC invocations=20 (full 4):
 PSYoungGen      total 841024K, used 9916K [0x00000007aacb0000, 0x00000007fc2b0000, 0x0000000800000000)
  eden space 831104K, 0% used [0x00000007aacb0000,0x00000007aacb0000,0x00000007dd850000)
  from space 9920K, 99% used [0x00000007fb900000,0x00000007fc2af3f0,0x00000007fc2b0000)
  to   space 15232K, 0% used [0x00000007fa4f0000,0x00000007fa4f0000,0x00000007fb3d0000)
 ParOldGen       total 179264K, used 44133K [0x0000000700600000, 0x000000070b510000, 0x00000007aacb0000)
  object space 179264K, 24% used [0x0000000700600000,0x00000007031196c0,0x000000070b510000)
 PSPermGen       total 37056K, used 17955K [0x00000006fb400000, 0x00000006fd830000, 0x0000000700600000)
  object space 37056K, 48% used [0x00000006fb400000,0x00000006fc588d50,0x00000006fd830000)
}

