# JRE version: 7.0_07-b11
# Java VM: Java HotSpot(TM) 64-Bit Server VM (23.3-b01 mixed mode windows-amd64 compressed oops)
Heap
 PSYoungGen      total 176064K, used 154290K [0x00000007aacb0000, 0x00000007c4400000, 0x0000000800000000)
  eden space 157568K, 97% used [0x00000007aacb0000,0x00000007b435cae0,0x00000007b4690000)
  from space 18496K, 0% used [0x00000007c1510000,0x00000007c1510000,0x00000007c2720000)
  to   space 29440K, 0% used [0x00000007c2740000,0x00000007c2740000,0x00000007c4400000)
 ParOldGen       total 137280K, used 59392K [0x0000000700600000, 0x0000000708c10000, 0x00000007aacb0000)
  object space 137280K, 43% used [0x0000000700600000,0x0000000704000118,0x0000000708c10000)
 PSPermGen       total 39424K, used 18056K [0x00000006fb400000, 0x00000006fda80000, 0x0000000700600000)
  object space 39424K, 45% used [0x00000006fb400000,0x00000006fc5a2128,0x00000006fda80000)
GC Heap History (10 events):
Event: 34.194 GC heap before
{Heap before GC invocations=20 (full 2):
 PSYoungGen      total 193024K, used 189040K [0x00000007aacb0000, 0x00000007c6490000, 0x0000000800000000)
  eden space 174464K, 97% used [0x00000007aacb0000,0x00000007b5337db0,0x00000007b5710000)
  from space 18560K, 99% used [0x00000007c5270000,0x00000007c6484430,0x00000007c6490000)
  to   space 28992K, 0% used [0x00000007c2bf0000,0x00000007c2bf0000,0x00000007c4840000)
 ParOldGen       total 436032K, used 432460K [0x0000000700600000, 0x000000071afd0000, 0x00000007aacb0000)
  object space 436032K, 99% used [0x0000000700600000,0x000000071ac53388,0x000000071afd0000)
 PSPermGen       total 36288K, used 18034K [0x00000006fb400000, 0x00000006fd770000, 0x0000000700600000)
  object space 36288K, 49% used [0x00000006fb400000,0x00000006fc59ca70,0x00000006fd770000)
Event: 34.239 GC heap after
Heap after GC invocations=20 (full 2):
 PSYoungGen      total 193024K, used 0K [0x00000007aacb0000, 0x00000007c6490000, 0x0000000800000000)
  eden space 174464K, 0% used [0x00000007aacb0000,0x00000007aacb0000,0x00000007b5710000)
  from space 18560K, 0% used [0x00000007c5270000,0x00000007c5270000,0x00000007c6490000)
  to   space 28992K, 0% used [0x00000007c2bf0000,0x00000007c2bf0000,0x00000007c4840000)
 ParOldGen       total 129152K, used 25262K [0x0000000700600000, 0x0000000708420000, 0x00000007aacb0000)
  object space 129152K, 19% used [0x0000000700600000,0x0000000701eab820,0x0000000708420000)
 PSPermGen       total 40576K, used 18034K [0x00000006fb400000, 0x00000006fdba0000, 0x0000000700600000)
  object space 40576K, 44% used [0x00000006fb400000,0x00000006fc59ca70,0x00000006fdba0000)
}
Event: 35.403 GC heap before
{Heap before GC invocations=21 (full 2):
 PSYoungGen      total 193024K, used 170216K [0x00000007aacb0000, 0x00000007c6490000, 0x0000000800000000)
  eden space 174464K, 97% used [0x00000007aacb0000,0x00000007b52ea340,0x00000007b5710000)
  from space 18560K, 0% used [0x00000007c5270000,0x00000007c5270000,0x00000007c6490000)
  to   space 28992K, 0% used [0x00000007c2bf0000,0x00000007c2bf0000,0x00000007c4840000)
 ParOldGen       total 129152K, used 25262K [0x0000000700600000, 0x0000000708420000, 0x00000007aacb0000)
  object space 129152K, 19% used [0x0000000700600000,0x0000000701eab820,0x0000000708420000)
 PSPermGen       total 40576K, used 18037K [0x00000006fb400000, 0x00000006fdba0000, 0x0000000700600000)
  object space 40576K, 44% used [0x00000006fb400000,0x00000006fc59d6f0,0x00000006fdba0000)
Event: 35.410 GC heap after
Heap after GC invocations=21 (full 2):
 PSYoungGen      total 193152K, used 24556K [0x00000007aacb0000, 0x00000007c5280000, 0x0000000800000000)
  eden space 168576K, 0% used [0x00000007aacb0000,0x00000007aacb0000,0x00000007b5150000)
  from space 24576K, 99% used [0x00000007c2bf0000,0x00000007c43eb040,0x00000007c43f0000)
  to   space 14912K, 0% used [0x00000007c43f0000,0x00000007c43f0000,0x00000007c5280000)
 ParOldGen       total 129152K, used 37412K [0x0000000700600000, 0x0000000708420000, 0x00000007aacb0000)
  object space 129152K, 28% used [0x0000000700600000,0x0000000702a89040,0x0000000708420000)
 PSPermGen       total 40576K, used 18037K [0x00000006fb400000, 0x00000006fdba0000, 0x0000000700600000)
  object space 40576K, 44% used [0x00000006fb400000,0x00000006fc59d6f0,0x00000006fdba0000)
}
Event: 36.395 GC heap before
{Heap before GC invocations=22 (full 2):
 PSYoungGen      total 193152K, used 188692K [0x00000007aacb0000, 0x00000007c5280000, 0x0000000800000000)
  eden space 168576K, 97% used [0x00000007aacb0000,0x00000007b4cfa2f8,0x00000007b5150000)
  from space 24576K, 99% used [0x00000007c2bf0000,0x00000007c43eb040,0x00000007c43f0000)
  to   space 14912K, 0% used [0x00000007c43f0000,0x00000007c43f0000,0x00000007c5280000)
 ParOldGen       total 129152K, used 37412K [0x0000000700600000, 0x0000000708420000, 0x00000007aacb0000)
  object space 129152K, 28% used [0x0000000700600000,0x0000000702a89040,0x0000000708420000)
 PSPermGen       total 40576K, used 18038K [0x00000006fb400000, 0x00000006fdba0000, 0x0000000700600000)
  object space 40576K, 44% used [0x00000006fb400000,0x00000006fc59daa8,0x00000006fdba0000)
Event: 36.400 GC heap after
Heap after GC invocations=22 (full 2):
 PSYoungGen      total 175360K, used 12406K [0x00000007aacb0000, 0x00000007c5010000, 0x0000000800000000)
  eden space 162944K, 0% used [0x00000007aacb0000,0x00000007aacb0000,0x00000007b4bd0000)
  from space 12416K, 99% used [0x00000007c43f0000,0x00000007c500d820,0x00000007c5010000)
  to   space 30208K, 0% used [0x00000007c1510000,0x00000007c1510000,0x00000007c3290000)
 ParOldGen       total 129152K, used 61752K [0x0000000700600000, 0x0000000708420000, 0x00000007aacb0000)
  object space 129152K, 47% used [0x0000000700600000,0x000000070424e080,0x0000000708420000)
 PSPermGen       total 40576K, used 18038K [0x00000006fb400000, 0x00000006fdba0000, 0x0000000700600000)
  object space 40576K, 44% used [0x00000006fb400000,0x00000006fc59daa8,0x00000006fdba0000)
}
Event: 37.277 GC heap before
{Heap before GC invocations=23 (full 2):
 PSYoungGen      total 175360K, used 170463K [0x00000007aacb0000, 0x00000007c5010000, 0x0000000800000000)
  eden space 162944K, 97% used [0x00000007aacb0000,0x00000007b470a620,0x00000007b4bd0000)
  from space 12416K, 99% used [0x00000007c43f0000,0x00000007c500d820,0x00000007c5010000)
  to   space 30208K, 0% used [0x00000007c1510000,0x00000007c1510000,0x00000007c3290000)
 ParOldGen       total 129152K, used 67827K [0x0000000700600000, 0x0000000708420000, 0x00000007aacb0000)
  object space 129152K, 52% used [0x0000000700600000,0x000000070483cc90,0x0000000708420000)
 PSPermGen       total 40576K, used 18038K [0x00000006fb400000, 0x00000006fdba0000, 0x0000000700600000)
  object space 40576K, 44% used [0x00000006fb400000,0x00000006fc59daa8,0x00000006fdba0000)
Event: 37.283 GC heap after
Heap after GC invocations=23 (full 2):
 PSYoungGen      total 176064K, used 18449K [0x00000007aacb0000, 0x00000007c4400000, 0x0000000800000000)
  eden space 157568K, 0% used [0x00000007aacb0000,0x00000007aacb0000,0x00000007b4690000)
  from space 18496K, 99% used [0x00000007c1510000,0x00000007c2714430,0x00000007c2720000)
  to   space 29440K, 0% used [0x00000007c2740000,0x00000007c2740000,0x00000007c4400000)
 ParOldGen       total 129152K, used 67835K [0x0000000700600000, 0x0000000708420000, 0x00000007aacb0000)
  object space 129152K, 52% used [0x0000000700600000,0x000000070483ec90,0x0000000708420000)
 PSPermGen       total 40576K, used 18038K [0x00000006fb400000, 0x00000006fdba0000, 0x0000000700600000)
  object space 40576K, 44% used [0x00000006fb400000,0x00000006fc59daa8,0x00000006fdba0000)
}
Event: 40.242 GC heap before
{Heap before GC invocations=24 (full 3):
 PSYoungGen      total 176064K, used 170702K [0x00000007aacb0000, 0x00000007c4400000, 0x0000000800000000)
  eden space 157568K, 96% used [0x00000007aacb0000,0x00000007b415f568,0x00000007b4690000)
  from space 18496K, 99% used [0x00000007c1510000,0x00000007c2714430,0x00000007c2720000)
  to   space 29440K, 0% used [0x00000007c2740000,0x00000007c2740000,0x00000007c4400000)
 ParOldGen       total 457472K, used 456636K [0x0000000700600000, 0x000000071c4c0000, 0x00000007aacb0000)
  object space 457472K, 99% used [0x0000000700600000,0x000000071c3ef090,0x000000071c4c0000)
 PSPermGen       total 40576K, used 18044K [0x00000006fb400000, 0x00000006fdba0000, 0x0000000700600000)
  object space 40576K, 44% used [0x00000006fb400000,0x00000006fc59f368,0x00000006fdba0000)
Event: 40.298 GC heap after
Heap after GC invocations=24 (full 3):
 PSYoungGen      total 176064K, used 0K [0x00000007aacb0000, 0x00000007c4400000, 0x0000000800000000)
  eden space 157568K, 0% used [0x00000007aacb0000,0x00000007aacb0000,0x00000007b4690000)
  from space 18496K, 0% used [0x00000007c1510000,0x00000007c1510000,0x00000007c2720000)
  to   space 29440K, 0% used [0x00000007c2740000,0x00000007c2740000,0x00000007c4400000)
 ParOldGen       total 137280K, used 29017K [0x0000000700600000, 0x0000000708c10000, 0x00000007aacb0000)
  object space 137280K, 21% used [0x0000000700600000,0x00000007022564c8,0x0000000708c10000)
 PSPermGen       total 39424K, used 18044K [0x00000006fb400000, 0x00000006fda80000, 0x0000000700600000)
  object space 39424K, 45% used [0x00000006fb400000,0x00000006fc59f368,0x00000006fda80000)
}

