# JRE version: 7.0_07-b11
# Java VM: Java HotSpot(TM) 64-Bit Server VM (23.3-b01 mixed mode windows-amd64 compressed oops)
Heap
 PSYoungGen      total 1322688K, used 1283370K [0x00000007aacb0000, 0x0000000800000000, 0x0000000800000000)
  eden space 1263040K, 96% used [0x00000007aacb0000,0x00000007f57bb380,0x00000007f7e20000)
  from space 59648K, 99% used [0x00000007f7e20000,0x00000007fb85f820,0x00000007fb860000)
  to   space 73344K, 0% used [0x00000007fb860000,0x00000007fb860000,0x0000000800000000)
 ParOldGen       total 175424K, used 32291K [0x0000000700600000, 0x000000070b150000, 0x00000007aacb0000)
  object space 175424K, 18% used [0x0000000700600000,0x0000000702588e90,0x000000070b150000)
 PSPermGen       total 40512K, used 18040K [0x00000006fb400000, 0x00000006fdb90000, 0x0000000700600000)
  object space 40512K, 44% used [0x00000006fb400000,0x00000006fc59e280,0x00000006fdb90000)
GC Heap History (10 events):
Event: 15.771 GC heap before
{Heap before GC invocations=13 (full 1):
 PSYoungGen      total 848064K, used 800408K [0x00000007aacb0000, 0x00000007f0fc0000, 0x0000000800000000)
  eden space 790912K, 99% used [0x00000007aacb0000,0x00000007daf8c9a8,0x00000007db110000)
  from space 57152K, 19% used [0x00000007db110000,0x00000007dbbd97a0,0x00000007de8e0000)
  to   space 56704K, 0% used [0x00000007ed860000,0x00000007ed860000,0x00000007f0fc0000)
 ParOldGen       total 135296K, used 68551K [0x0000000700600000, 0x0000000708a20000, 0x00000007aacb0000)
  object space 135296K, 50% used [0x0000000700600000,0x00000007048f1ca0,0x0000000708a20000)
 PSPermGen       total 36224K, used 17990K [0x00000006fb400000, 0x00000006fd760000, 0x0000000700600000)
  object space 36224K, 49% used [0x00000006fb400000,0x00000006fc5918e8,0x00000006fd760000)
Event: 15.784 GC heap after
Heap after GC invocations=13 (full 1):
 PSYoungGen      total 1085888K, used 53603K [0x00000007aacb0000, 0x00000007f6280000, 0x0000000800000000)
  eden space 1029184K, 0% used [0x00000007aacb0000,0x00000007aacb0000,0x00000007e99c0000)
  from space 56704K, 94% used [0x00000007ed860000,0x00000007f0cb8c10,0x00000007f0fc0000)
  to   space 64128K, 0% used [0x00000007e99c0000,0x00000007e99c0000,0x00000007ed860000)
 ParOldGen       total 135296K, used 74642K [0x0000000700600000, 0x0000000708a20000, 0x00000007aacb0000)
  object space 135296K, 55% used [0x0000000700600000,0x0000000704ee48b0,0x0000000708a20000)
 PSPermGen       total 36224K, used 17990K [0x00000006fb400000, 0x00000006fd760000, 0x0000000700600000)
  object space 36224K, 49% used [0x00000006fb400000,0x00000006fc5918e8,0x00000006fd760000)
}
Event: 18.161 GC heap before
{Heap before GC invocations=14 (full 1):
 PSYoungGen      total 1085888K, used 1078445K [0x00000007aacb0000, 0x00000007f6280000, 0x0000000800000000)
  eden space 1029184K, 99% used [0x00000007aacb0000,0x00000007e95828f8,0x00000007e99c0000)
  from space 56704K, 94% used [0x00000007ed860000,0x00000007f0cb8c10,0x00000007f0fc0000)
  to   space 64128K, 0% used [0x00000007e99c0000,0x00000007e99c0000,0x00000007ed860000)
 ParOldGen       total 135296K, used 80717K [0x0000000700600000, 0x0000000708a20000, 0x00000007aacb0000)
  object space 135296K, 59% used [0x0000000700600000,0x00000007054d34c0,0x0000000708a20000)
 PSPermGen       total 36224K, used 18008K [0x00000006fb400000, 0x00000006fd760000, 0x0000000700600000)
  object space 36224K, 49% used [0x00000006fb400000,0x00000006fc596200,0x00000006fd760000)
Event: 18.172 GC heap after
Heap after GC invocations=14 (full 1):
 PSYoungGen      total 1093312K, used 41420K [0x00000007aacb0000, 0x0000000800000000, 0x0000000800000000)
  eden space 1029184K, 0% used [0x00000007aacb0000,0x00000007aacb0000,0x00000007e99c0000)
  from space 64128K, 64% used [0x00000007e99c0000,0x00000007ec2333f0,0x00000007ed860000)
  to   space 65536K, 0% used [0x00000007fc000000,0x00000007fc000000,0x0000000800000000)
 ParOldGen       total 135296K, used 80773K [0x0000000700600000, 0x0000000708a20000, 0x00000007aacb0000)
  object space 135296K, 59% used [0x0000000700600000,0x00000007054e14d0,0x0000000708a20000)
 PSPermGen       total 36224K, used 18008K [0x00000006fb400000, 0x00000006fd760000, 0x0000000700600000)
  object space 36224K, 49% used [0x00000006fb400000,0x00000006fc596200,0x00000006fd760000)
}
Event: 20.907 GC heap before
{Heap before GC invocations=15 (full 2):
 PSYoungGen      total 1093312K, used 1070585K [0x00000007aacb0000, 0x0000000800000000, 0x0000000800000000)
  eden space 1029184K, 99% used [0x00000007aacb0000,0x00000007e99bb390,0x00000007e99c0000)
  from space 64128K, 64% used [0x00000007e99c0000,0x00000007ec2333f0,0x00000007ed860000)
  to   space 65536K, 0% used [0x00000007fc000000,0x00000007fc000000,0x0000000800000000)
 ParOldGen       total 346368K, used 346260K [0x0000000700600000, 0x0000000715840000, 0x00000007aacb0000)
  object space 346368K, 99% used [0x0000000700600000,0x0000000715825080,0x0000000715840000)
 PSPermGen       total 36224K, used 18017K [0x00000006fb400000, 0x00000006fd760000, 0x0000000700600000)
  object space 36224K, 49% used [0x00000006fb400000,0x00000006fc598440,0x00000006fd760000)
Event: 20.955 GC heap after
Heap after GC invocations=15 (full 2):
 PSYoungGen      total 1093312K, used 0K [0x00000007aacb0000, 0x0000000800000000, 0x0000000800000000)
  eden space 1029184K, 0% used [0x00000007aacb0000,0x00000007aacb0000,0x00000007e99c0000)
  from space 64128K, 0% used [0x00000007e99c0000,0x00000007e99c0000,0x00000007ed860000)
  to   space 65536K, 0% used [0x00000007fc000000,0x00000007fc000000,0x0000000800000000)
 ParOldGen       total 175424K, used 32098K [0x0000000700600000, 0x000000070b150000, 0x00000007aacb0000)
  object space 175424K, 18% used [0x0000000700600000,0x0000000702558b80,0x000000070b150000)
 PSPermGen       total 40512K, used 18016K [0x00000006fb400000, 0x00000006fdb90000, 0x0000000700600000)
  object space 40512K, 44% used [0x00000006fb400000,0x00000006fc598380,0x00000006fdb90000)
}
Event: 22.896 GC heap before
{Heap before GC invocations=16 (full 2):
 PSYoungGen      total 1093312K, used 1025516K [0x00000007aacb0000, 0x0000000800000000, 0x0000000800000000)
  eden space 1029184K, 99% used [0x00000007aacb0000,0x00000007e962b168,0x00000007e99c0000)
  from space 64128K, 0% used [0x00000007e99c0000,0x00000007e99c0000,0x00000007ed860000)
  to   space 65536K, 0% used [0x00000007fc000000,0x00000007fc000000,0x0000000800000000)
 ParOldGen       total 175424K, used 32098K [0x0000000700600000, 0x000000070b150000, 0x00000007aacb0000)
  object space 175424K, 18% used [0x0000000700600000,0x0000000702558b80,0x000000070b150000)
 PSPermGen       total 40512K, used 18021K [0x00000006fb400000, 0x00000006fdb90000, 0x0000000700600000)
  object space 40512K, 44% used [0x00000006fb400000,0x00000006fc599508,0x00000006fdb90000)
Event: 22.906 GC heap after
Heap after GC invocations=16 (full 2):
 PSYoungGen      total 1328576K, used 41557K [0x00000007aacb0000, 0x0000000800000000, 0x0000000800000000)
  eden space 1263040K, 0% used [0x00000007aacb0000,0x00000007aacb0000,0x00000007f7e20000)
  from space 65536K, 63% used [0x00000007fc000000,0x00000007fe895700,0x0000000800000000)
  to   space 66496K, 0% used [0x00000007f7e20000,0x00000007f7e20000,0x00000007fbf10000)
 ParOldGen       total 175424K, used 32098K [0x0000000700600000, 0x000000070b150000, 0x00000007aacb0000)
  object space 175424K, 18% used [0x0000000700600000,0x0000000702558b80,0x000000070b150000)
 PSPermGen       total 40512K, used 18021K [0x00000006fb400000, 0x00000006fdb90000, 0x0000000700600000)
  object space 40512K, 44% used [0x00000006fb400000,0x00000006fc599508,0x00000006fdb90000)
}
Event: 26.364 GC heap before
{Heap before GC invocations=17 (full 2):
 PSYoungGen      total 1328576K, used 1299428K [0x00000007aacb0000, 0x0000000800000000, 0x0000000800000000)
  eden space 1263040K, 99% used [0x00000007aacb0000,0x00000007f79139c0,0x00000007f7e20000)
  from space 65536K, 63% used [0x00000007fc000000,0x00000007fe895700,0x0000000800000000)
  to   space 66496K, 0% used [0x00000007f7e20000,0x00000007f7e20000,0x00000007fbf10000)
 ParOldGen       total 175424K, used 32098K [0x0000000700600000, 0x000000070b150000, 0x00000007aacb0000)
  object space 175424K, 18% used [0x0000000700600000,0x0000000702558b80,0x000000070b150000)
 PSPermGen       total 40512K, used 18039K [0x00000006fb400000, 0x00000006fdb90000, 0x0000000700600000)
  object space 40512K, 44% used [0x00000006fb400000,0x00000006fc59dc00,0x00000006fdb90000)
Event: 26.378 GC heap after
Heap after GC invocations=17 (full 2):
 PSYoungGen      total 1322688K, used 59646K [0x00000007aacb0000, 0x0000000800000000, 0x0000000800000000)
  eden space 1263040K, 0% used [0x00000007aacb0000,0x00000007aacb0000,0x00000007f7e20000)
  from space 59648K, 99% used [0x00000007f7e20000,0x00000007fb85f820,0x00000007fb860000)
  to   space 73344K, 0% used [0x00000007fb860000,0x00000007fb860000,0x0000000800000000)
 ParOldGen       total 175424K, used 32291K [0x0000000700600000, 0x000000070b150000, 0x00000007aacb0000)
  object space 175424K, 18% used [0x0000000700600000,0x0000000702588e90,0x000000070b150000)
 PSPermGen       total 40512K, used 18039K [0x00000006fb400000, 0x00000006fdb90000, 0x0000000700600000)
  object space 40512K, 44% used [0x00000006fb400000,0x00000006fc59dc00,0x00000006fdb90000)
}

