# JRE version: 7.0_07-b11
# Java VM: Java HotSpot(TM) 64-Bit Server VM (23.3-b01 mixed mode windows-amd64 compressed oops)
Heap
 PSYoungGen      total 84288K, used 20628K [0x00000007aacb0000, 0x00000007b2530000, 0x0000000800000000)
  eden space 49664K, 20% used [0x00000007aacb0000,0x00000007ab69a588,0x00000007add30000)
  from space 34624K, 30% used [0x00000007b0360000,0x00000007b0d9ae70,0x00000007b2530000)
  to   space 36864K, 0% used [0x00000007add30000,0x00000007add30000,0x00000007b0130000)
 ParOldGen       total 174528K, used 62597K [0x0000000700600000, 0x000000070b070000, 0x00000007aacb0000)
  object space 174528K, 35% used [0x0000000700600000,0x0000000704321530,0x000000070b070000)
 PSPermGen       total 21248K, used 17852K [0x00000006fb400000, 0x00000006fc8c0000, 0x0000000700600000)
  object space 21248K, 84% used [0x00000006fb400000,0x00000006fc56f010,0x00000006fc8c0000)
GC Heap History (10 events):
Event: 13.686 GC heap before
{Heap before GC invocations=12 (full 0):
 PSYoungGen      total 91328K, used 79925K [0x00000007aacb0000, 0x00000007b2e30000, 0x0000000800000000)
  eden space 55424K, 92% used [0x00000007aacb0000,0x00000007adeae4a8,0x00000007ae2d0000)
  from space 35904K, 80% used [0x00000007ae410000,0x00000007b001f2a0,0x00000007b0720000)
  to   space 38592K, 0% used [0x00000007b0880000,0x00000007b0880000,0x00000007b2e30000)
 ParOldGen       total 174528K, used 62429K [0x0000000700600000, 0x000000070b070000, 0x00000007aacb0000)
  object space 174528K, 35% used [0x0000000700600000,0x00000007042f7530,0x000000070b070000)
 PSPermGen       total 21248K, used 17800K [0x00000006fb400000, 0x00000006fc8c0000, 0x0000000700600000)
  object space 21248K, 83% used [0x00000006fb400000,0x00000006fc562248,0x00000006fc8c0000)
Event: 13.688 GC heap after
Heap after GC invocations=12 (full 0):
 PSYoungGen      total 89664K, used 10475K [0x00000007aacb0000, 0x00000007b2b20000, 0x0000000800000000)
  eden space 54208K, 0% used [0x00000007aacb0000,0x00000007aacb0000,0x00000007ae1a0000)
  from space 35456K, 29% used [0x00000007b0880000,0x00000007b12bae70,0x00000007b2b20000)
  to   space 37632K, 0% used [0x00000007ae1a0000,0x00000007ae1a0000,0x00000007b0660000)
 ParOldGen       total 174528K, used 62445K [0x0000000700600000, 0x000000070b070000, 0x00000007aacb0000)
  object space 174528K, 35% used [0x0000000700600000,0x00000007042fb530,0x000000070b070000)
 PSPermGen       total 21248K, used 17800K [0x00000006fb400000, 0x00000006fc8c0000, 0x0000000700600000)
  object space 21248K, 83% used [0x00000006fb400000,0x00000006fc562248,0x00000006fc8c0000)
}
Event: 14.361 GC heap before
{Heap before GC invocations=13 (full 0):
 PSYoungGen      total 89664K, used 64261K [0x00000007aacb0000, 0x00000007b2b20000, 0x0000000800000000)
  eden space 54208K, 99% used [0x00000007aacb0000,0x00000007ae1366e8,0x00000007ae1a0000)
  from space 35456K, 29% used [0x00000007b0880000,0x00000007b12bae70,0x00000007b2b20000)
  to   space 37632K, 0% used [0x00000007ae1a0000,0x00000007ae1a0000,0x00000007b0660000)
 ParOldGen       total 174528K, used 62445K [0x0000000700600000, 0x000000070b070000, 0x00000007aacb0000)
  object space 174528K, 35% used [0x0000000700600000,0x00000007042fb530,0x000000070b070000)
 PSPermGen       total 21248K, used 17801K [0x00000006fb400000, 0x00000006fc8c0000, 0x0000000700600000)
  object space 21248K, 83% used [0x00000006fb400000,0x00000006fc562760,0x00000006fc8c0000)
Event: 14.364 GC heap after
Heap after GC invocations=13 (full 0):
 PSYoungGen      total 90624K, used 28764K [0x00000007aacb0000, 0x00000007b2e90000, 0x0000000800000000)
  eden space 52992K, 0% used [0x00000007aacb0000,0x00000007aacb0000,0x00000007ae070000)
  from space 37632K, 76% used [0x00000007ae1a0000,0x00000007afdb72a0,0x00000007b0660000)
  to   space 40000K, 0% used [0x00000007b0780000,0x00000007b0780000,0x00000007b2e90000)
 ParOldGen       total 174528K, used 62485K [0x0000000700600000, 0x000000070b070000, 0x00000007aacb0000)
  object space 174528K, 35% used [0x0000000700600000,0x0000000704305530,0x000000070b070000)
 PSPermGen       total 21248K, used 17801K [0x00000006fb400000, 0x00000006fc8c0000, 0x0000000700600000)
  object space 21248K, 83% used [0x00000006fb400000,0x00000006fc562760,0x00000006fc8c0000)
}
Event: 15.129 GC heap before
{Heap before GC invocations=14 (full 0):
 PSYoungGen      total 90624K, used 79827K [0x00000007aacb0000, 0x00000007b2e90000, 0x0000000800000000)
  eden space 52992K, 96% used [0x00000007aacb0000,0x00000007ade8db00,0x00000007ae070000)
  from space 37632K, 76% used [0x00000007ae1a0000,0x00000007afdb72a0,0x00000007b0660000)
  to   space 40000K, 0% used [0x00000007b0780000,0x00000007b0780000,0x00000007b2e90000)
 ParOldGen       total 174528K, used 62485K [0x0000000700600000, 0x000000070b070000, 0x00000007aacb0000)
  object space 174528K, 35% used [0x0000000700600000,0x0000000704305530,0x000000070b070000)
 PSPermGen       total 21248K, used 17803K [0x00000006fb400000, 0x00000006fc8c0000, 0x0000000700600000)
  object space 21248K, 83% used [0x00000006fb400000,0x00000006fc562df0,0x00000006fc8c0000)
Event: 15.131 GC heap after
Heap after GC invocations=14 (full 0):
 PSYoungGen      total 88768K, used 10475K [0x00000007aacb0000, 0x00000007b2b90000, 0x0000000800000000)
  eden space 51840K, 0% used [0x00000007aacb0000,0x00000007aacb0000,0x00000007adf50000)
  from space 36928K, 28% used [0x00000007b0780000,0x00000007b11bae70,0x00000007b2b90000)
  to   space 39040K, 0% used [0x00000007adf50000,0x00000007adf50000,0x00000007b0570000)
 ParOldGen       total 174528K, used 62525K [0x0000000700600000, 0x000000070b070000, 0x00000007aacb0000)
  object space 174528K, 35% used [0x0000000700600000,0x000000070430f530,0x000000070b070000)
 PSPermGen       total 21248K, used 17803K [0x00000006fb400000, 0x00000006fc8c0000, 0x0000000700600000)
  object space 21248K, 83% used [0x00000006fb400000,0x00000006fc562df0,0x00000006fc8c0000)
}
Event: 15.797 GC heap before
{Heap before GC invocations=15 (full 0):
 PSYoungGen      total 88768K, used 58092K [0x00000007aacb0000, 0x00000007b2b90000, 0x0000000800000000)
  eden space 51840K, 91% used [0x00000007aacb0000,0x00000007adb30428,0x00000007adf50000)
  from space 36928K, 28% used [0x00000007b0780000,0x00000007b11bae70,0x00000007b2b90000)
  to   space 39040K, 0% used [0x00000007adf50000,0x00000007adf50000,0x00000007b0570000)
 ParOldGen       total 174528K, used 62525K [0x0000000700600000, 0x000000070b070000, 0x00000007aacb0000)
  object space 174528K, 35% used [0x0000000700600000,0x000000070430f530,0x000000070b070000)
 PSPermGen       total 21248K, used 17805K [0x00000006fb400000, 0x00000006fc8c0000, 0x0000000700600000)
  object space 21248K, 83% used [0x00000006fb400000,0x00000006fc5635e0,0x00000006fc8c0000)
Event: 15.798 GC heap after
Heap after GC invocations=15 (full 0):
 PSYoungGen      total 61248K, used 10443K [0x00000007aacb0000, 0x00000007b2880000, 0x0000000800000000)
  eden space 50752K, 0% used [0x00000007aacb0000,0x00000007aacb0000,0x00000007ade40000)
  from space 10496K, 99% used [0x00000007adf50000,0x00000007ae982e70,0x00000007ae990000)
  to   space 38016K, 0% used [0x00000007b0360000,0x00000007b0360000,0x00000007b2880000)
 ParOldGen       total 174528K, used 62549K [0x0000000700600000, 0x000000070b070000, 0x00000007aacb0000)
  object space 174528K, 35% used [0x0000000700600000,0x0000000704315530,0x000000070b070000)
 PSPermGen       total 21248K, used 17805K [0x00000006fb400000, 0x00000006fc8c0000, 0x0000000700600000)
  object space 21248K, 83% used [0x00000006fb400000,0x00000006fc5635e0,0x00000006fc8c0000)
}
Event: 16.456 GC heap before
{Heap before GC invocations=16 (full 0):
 PSYoungGen      total 61248K, used 58017K [0x00000007aacb0000, 0x00000007b2880000, 0x0000000800000000)
  eden space 50752K, 93% used [0x00000007aacb0000,0x00000007adb256c0,0x00000007ade40000)
  from space 10496K, 99% used [0x00000007adf50000,0x00000007ae982e70,0x00000007ae990000)
  to   space 38016K, 0% used [0x00000007b0360000,0x00000007b0360000,0x00000007b2880000)
 ParOldGen       total 174528K, used 62549K [0x0000000700600000, 0x000000070b070000, 0x00000007aacb0000)
  object space 174528K, 35% used [0x0000000700600000,0x0000000704315530,0x000000070b070000)
 PSPermGen       total 21248K, used 17809K [0x00000006fb400000, 0x00000006fc8c0000, 0x0000000700600000)
  object space 21248K, 83% used [0x00000006fb400000,0x00000006fc5644a8,0x00000006fc8c0000)
Event: 16.458 GC heap after
Heap after GC invocations=16 (full 0):
 PSYoungGen      total 84288K, used 10475K [0x00000007aacb0000, 0x00000007b2530000, 0x0000000800000000)
  eden space 49664K, 0% used [0x00000007aacb0000,0x00000007aacb0000,0x00000007add30000)
  from space 34624K, 30% used [0x00000007b0360000,0x00000007b0d9ae70,0x00000007b2530000)
  to   space 36864K, 0% used [0x00000007add30000,0x00000007add30000,0x00000007b0130000)
 ParOldGen       total 174528K, used 62597K [0x0000000700600000, 0x000000070b070000, 0x00000007aacb0000)
  object space 174528K, 35% used [0x0000000700600000,0x0000000704321530,0x000000070b070000)
 PSPermGen       total 21248K, used 17809K [0x00000006fb400000, 0x00000006fc8c0000, 0x0000000700600000)
  object space 21248K, 83% used [0x00000006fb400000,0x00000006fc5644a8,0x00000006fc8c0000)
}

