# JRE version: 7.0_07-b11
# Java VM: Java HotSpot(TM) 64-Bit Server VM (23.3-b01 mixed mode windows-amd64 compressed oops)
Heap
 PSYoungGen      total 1359040K, used 897126K [0x00000007aacb0000, 0x0000000800000000, 0x0000000800000000)
  eden space 1332480K, 67% used [0x00000007aacb0000,0x00000007e18c9a70,0x00000007fc1f0000)
  from space 26560K, 0% used [0x00000007fc1f0000,0x00000007fc1f0000,0x00000007fdbe0000)
  to   space 26816K, 0% used [0x00000007fe5d0000,0x00000007fe5d0000,0x0000000800000000)
 ParOldGen       total 173440K, used 36850K [0x0000000700600000, 0x000000070af60000, 0x00000007aacb0000)
  object space 173440K, 21% used [0x0000000700600000,0x00000007029fcb00,0x000000070af60000)
 PSPermGen       total 41344K, used 18184K [0x00000006fb400000, 0x00000006fdc60000, 0x0000000700600000)
  object space 41344K, 43% used [0x00000006fb400000,0x00000006fc5c23b8,0x00000006fdc60000)
GC Heap History (10 events):
Event: 10.674 GC heap before
{Heap before GC invocations=11 (full 0):
 PSYoungGen      total 858688K, used 853592K [0x00000007aacb0000, 0x00000007e0d20000, 0x0000000800000000)
  eden space 832768K, 99% used [0x00000007aacb0000,0x00000007dd6a9b20,0x00000007dd9f0000)
  from space 25920K, 93% used [0x00000007df370000,0x00000007e0b0c760,0x00000007e0cc0000)
  to   space 26112K, 0% used [0x00000007dd9f0000,0x00000007dd9f0000,0x00000007df370000)
 ParOldGen       total 174528K, used 123411K [0x0000000700600000, 0x000000070b070000, 0x00000007aacb0000)
  object space 174528K, 70% used [0x0000000700600000,0x0000000707e84fc8,0x000000070b070000)
 PSPermGen       total 21248K, used 18090K [0x00000006fb400000, 0x00000006fc8c0000, 0x0000000700600000)
  object space 21248K, 85% used [0x00000006fb400000,0x00000006fc5aab70,0x00000006fc8c0000)
Event: 10.685 GC heap after
Heap after GC invocations=11 (full 0):
 PSYoungGen      total 858880K, used 17227K [0x00000007aacb0000, 0x00000007ff630000, 0x0000000800000000)
  eden space 832768K, 0% used [0x00000007aacb0000,0x00000007aacb0000,0x00000007dd9f0000)
  from space 26112K, 65% used [0x00000007dd9f0000,0x00000007deac2ca0,0x00000007df370000)
  to   space 26752K, 0% used [0x00000007fdc10000,0x00000007fdc10000,0x00000007ff630000)
 ParOldGen       total 174528K, used 141821K [0x0000000700600000, 0x000000070b070000, 0x00000007aacb0000)
  object space 174528K, 81% used [0x0000000700600000,0x000000070907f458,0x000000070b070000)
 PSPermGen       total 21248K, used 18090K [0x00000006fb400000, 0x00000006fc8c0000, 0x0000000700600000)
  object space 21248K, 85% used [0x00000006fb400000,0x00000006fc5aab70,0x00000006fc8c0000)
}
Event: 12.360 GC heap before
{Heap before GC invocations=12 (full 0):
 PSYoungGen      total 858880K, used 849995K [0x00000007aacb0000, 0x00000007ff630000, 0x0000000800000000)
  eden space 832768K, 100% used [0x00000007aacb0000,0x00000007dd9f0000,0x00000007dd9f0000)
  from space 26112K, 65% used [0x00000007dd9f0000,0x00000007deac2ca0,0x00000007df370000)
  to   space 26752K, 0% used [0x00000007fdc10000,0x00000007fdc10000,0x00000007ff630000)
 ParOldGen       total 174528K, used 151313K [0x0000000700600000, 0x000000070b070000, 0x00000007aacb0000)
  object space 174528K, 86% used [0x0000000700600000,0x00000007099c4538,0x000000070b070000)
 PSPermGen       total 21248K, used 18097K [0x00000006fb400000, 0x00000006fc8c0000, 0x0000000700600000)
  object space 21248K, 85% used [0x00000006fb400000,0x00000006fc5ac7a8,0x00000006fc8c0000)
Event: 12.369 GC heap after
Heap after GC invocations=12 (full 0):
 PSYoungGen      total 1358848K, used 23027K [0x00000007aacb0000, 0x00000007ff5d0000, 0x0000000800000000)
  eden space 1332480K, 0% used [0x00000007aacb0000,0x00000007aacb0000,0x00000007fc1f0000)
  from space 26368K, 87% used [0x00000007fdc10000,0x00000007ff28ccb0,0x00000007ff5d0000)
  to   space 26560K, 0% used [0x00000007fc1f0000,0x00000007fc1f0000,0x00000007fdbe0000)
 ParOldGen       total 174528K, used 163766K [0x0000000700600000, 0x000000070b070000, 0x00000007aacb0000)
  object space 174528K, 93% used [0x0000000700600000,0x000000070a5ed828,0x000000070b070000)
 PSPermGen       total 21248K, used 18097K [0x00000006fb400000, 0x00000006fc8c0000, 0x0000000700600000)
  object space 21248K, 85% used [0x00000006fb400000,0x00000006fc5ac7a8,0x00000006fc8c0000)
}
Event: 12.369 GC heap before
{Heap before GC invocations=13 (full 1):
 PSYoungGen      total 1358848K, used 23027K [0x00000007aacb0000, 0x00000007ff5d0000, 0x0000000800000000)
  eden space 1332480K, 0% used [0x00000007aacb0000,0x00000007aacb0000,0x00000007fc1f0000)
  from space 26368K, 87% used [0x00000007fdc10000,0x00000007ff28ccb0,0x00000007ff5d0000)
  to   space 26560K, 0% used [0x00000007fc1f0000,0x00000007fc1f0000,0x00000007fdbe0000)
 ParOldGen       total 174528K, used 163766K [0x0000000700600000, 0x000000070b070000, 0x00000007aacb0000)
  object space 174528K, 93% used [0x0000000700600000,0x000000070a5ed828,0x000000070b070000)
 PSPermGen       total 21248K, used 18097K [0x00000006fb400000, 0x00000006fc8c0000, 0x0000000700600000)
  object space 21248K, 85% used [0x00000006fb400000,0x00000006fc5ac7a8,0x00000006fc8c0000)
Event: 12.430 GC heap after
Heap after GC invocations=13 (full 1):
 PSYoungGen      total 1358848K, used 0K [0x00000007aacb0000, 0x00000007ff5d0000, 0x0000000800000000)
  eden space 1332480K, 0% used [0x00000007aacb0000,0x00000007aacb0000,0x00000007fc1f0000)
  from space 26368K, 0% used [0x00000007fdc10000,0x00000007fdc10000,0x00000007ff5d0000)
  to   space 26560K, 0% used [0x00000007fc1f0000,0x00000007fc1f0000,0x00000007fdbe0000)
 ParOldGen       total 142464K, used 38215K [0x0000000700600000, 0x0000000709120000, 0x00000007aacb0000)
  object space 142464K, 26% used [0x0000000700600000,0x0000000702b51c28,0x0000000709120000)
 PSPermGen       total 36736K, used 18091K [0x00000006fb400000, 0x00000006fd7e0000, 0x0000000700600000)
  object space 36736K, 49% used [0x00000006fb400000,0x00000006fc5aad10,0x00000006fd7e0000)
}
Event: 16.245 GC heap before
{Heap before GC invocations=14 (full 1):
 PSYoungGen      total 1358848K, used 1332480K [0x00000007aacb0000, 0x00000007ff5d0000, 0x0000000800000000)
  eden space 1332480K, 100% used [0x00000007aacb0000,0x00000007fc1f0000,0x00000007fc1f0000)
  from space 26368K, 0% used [0x00000007fdc10000,0x00000007fdc10000,0x00000007ff5d0000)
  to   space 26560K, 0% used [0x00000007fc1f0000,0x00000007fc1f0000,0x00000007fdbe0000)
 ParOldGen       total 142464K, used 75682K [0x0000000700600000, 0x0000000709120000, 0x00000007aacb0000)
  object space 142464K, 53% used [0x0000000700600000,0x0000000704fe8920,0x0000000709120000)
 PSPermGen       total 36736K, used 18133K [0x00000006fb400000, 0x00000006fd7e0000, 0x0000000700600000)
  object space 36736K, 49% used [0x00000006fb400000,0x00000006fc5b5798,0x00000006fd7e0000)
Event: 16.261 GC heap after
Heap after GC invocations=14 (full 1):
 PSYoungGen      total 1359040K, used 18545K [0x00000007aacb0000, 0x0000000800000000, 0x0000000800000000)
  eden space 1332480K, 0% used [0x00000007aacb0000,0x00000007aacb0000,0x00000007fc1f0000)
  from space 26560K, 69% used [0x00000007fc1f0000,0x00000007fd40c430,0x00000007fdbe0000)
  to   space 26816K, 0% used [0x00000007fe5d0000,0x00000007fe5d0000,0x0000000800000000)
 ParOldGen       total 142464K, used 75682K [0x0000000700600000, 0x0000000709120000, 0x00000007aacb0000)
  object space 142464K, 53% used [0x0000000700600000,0x0000000704fe8920,0x0000000709120000)
 PSPermGen       total 36736K, used 18133K [0x00000006fb400000, 0x00000006fd7e0000, 0x0000000700600000)
  object space 36736K, 49% used [0x00000006fb400000,0x00000006fc5b5798,0x00000006fd7e0000)
}
Event: 21.263 GC heap before
{Heap before GC invocations=15 (full 2):
 PSYoungGen      total 1359040K, used 1351025K [0x00000007aacb0000, 0x0000000800000000, 0x0000000800000000)
  eden space 1332480K, 100% used [0x00000007aacb0000,0x00000007fc1f0000,0x00000007fc1f0000)
  from space 26560K, 69% used [0x00000007fc1f0000,0x00000007fd40c430,0x00000007fdbe0000)
  to   space 26816K, 0% used [0x00000007fe5d0000,0x00000007fe5d0000,0x0000000800000000)
 ParOldGen       total 299136K, used 298181K [0x0000000700600000, 0x0000000712a20000, 0x00000007aacb0000)
  object space 299136K, 99% used [0x0000000700600000,0x0000000712931430,0x0000000712a20000)
 PSPermGen       total 36736K, used 18174K [0x00000006fb400000, 0x00000006fd7e0000, 0x0000000700600000)
  object space 36736K, 49% used [0x00000006fb400000,0x00000006fc5bf928,0x00000006fd7e0000)
Event: 21.318 GC heap after
Heap after GC invocations=15 (full 2):
 PSYoungGen      total 1359040K, used 0K [0x00000007aacb0000, 0x0000000800000000, 0x0000000800000000)
  eden space 1332480K, 0% used [0x00000007aacb0000,0x00000007aacb0000,0x00000007fc1f0000)
  from space 26560K, 0% used [0x00000007fc1f0000,0x00000007fc1f0000,0x00000007fdbe0000)
  to   space 26816K, 0% used [0x00000007fe5d0000,0x00000007fe5d0000,0x0000000800000000)
 ParOldGen       total 173440K, used 36850K [0x0000000700600000, 0x000000070af60000, 0x00000007aacb0000)
  object space 173440K, 21% used [0x0000000700600000,0x00000007029fcb00,0x000000070af60000)
 PSPermGen       total 41344K, used 18173K [0x00000006fb400000, 0x00000006fdc60000, 0x0000000700600000)
  object space 41344K, 43% used [0x00000006fb400000,0x00000006fc5bf7c8,0x00000006fdc60000)
}

