# JRE version: 7.0_07-b11
# Java VM: Java HotSpot(TM) 64-Bit Server VM (23.3-b01 mixed mode windows-amd64 compressed oops)
Heap
 PSYoungGen      total 743680K, used 47601K [0x00000007aacb0000, 0x00000007daa90000, 0x0000000800000000)
  eden space 711616K, 2% used [0x00000007aacb0000,0x00000007abbe92a0,0x00000007d63a0000)
  from space 32064K, 99% used [0x00000007d8b40000,0x00000007daa834c0,0x00000007daa90000)
  to   space 36032K, 0% used [0x00000007d6430000,0x00000007d6430000,0x00000007d8760000)
 ParOldGen       total 290944K, used 82649K [0x0000000700600000, 0x0000000712220000, 0x00000007aacb0000)
  object space 290944K, 28% used [0x0000000700600000,0x00000007056b65c8,0x0000000712220000)
 PSPermGen       total 37632K, used 18134K [0x00000006fb400000, 0x00000006fd8c0000, 0x0000000700600000)
  object space 37632K, 48% used [0x00000006fb400000,0x00000006fc5b5b48,0x00000006fd8c0000)
GC Heap History (10 events):
Event: 11.988 GC heap before
{Heap before GC invocations=14 (full 4):
 PSYoungGen      total 518144K, used 517537K [0x00000007aacb0000, 0x00000007d2370000, 0x0000000800000000)
  eden space 492928K, 100% used [0x00000007aacb0000,0x00000007c8e10000,0x00000007c8e10000)
  from space 25216K, 97% used [0x00000007caac0000,0x00000007cc2c87f0,0x00000007cc360000)
  to   space 29376K, 0% used [0x00000007c8e10000,0x00000007c8e10000,0x00000007caac0000)
 ParOldGen       total 221440K, used 199441K [0x0000000700600000, 0x000000070de40000, 0x00000007aacb0000)
  object space 221440K, 90% used [0x0000000700600000,0x000000070c8c4628,0x000000070de40000)
 PSPermGen       total 39744K, used 18107K [0x00000006fb400000, 0x00000006fdad0000, 0x0000000700600000)
  object space 39744K, 45% used [0x00000006fb400000,0x00000006fc5aec10,0x00000006fdad0000)
Event: 12.017 GC heap after
Heap after GC invocations=14 (full 4):
 PSYoungGen      total 518144K, used 0K [0x00000007aacb0000, 0x00000007d2370000, 0x0000000800000000)
  eden space 492928K, 0% used [0x00000007aacb0000,0x00000007aacb0000,0x00000007c8e10000)
  from space 25216K, 0% used [0x00000007caac0000,0x00000007caac0000,0x00000007cc360000)
  to   space 29376K, 0% used [0x00000007c8e10000,0x00000007c8e10000,0x00000007caac0000)
 ParOldGen       total 290944K, used 34682K [0x0000000700600000, 0x0000000712220000, 0x00000007aacb0000)
  object space 290944K, 11% used [0x0000000700600000,0x00000007027de878,0x0000000712220000)
 PSPermGen       total 37632K, used 18106K [0x00000006fb400000, 0x00000006fd8c0000, 0x0000000700600000)
  object space 37632K, 48% used [0x00000006fb400000,0x00000006fc5aeb10,0x00000006fd8c0000)
}
Event: 13.076 GC heap before
{Heap before GC invocations=15 (full 4):
 PSYoungGen      total 518144K, used 487513K [0x00000007aacb0000, 0x00000007d2370000, 0x0000000800000000)
  eden space 492928K, 98% used [0x00000007aacb0000,0x00000007c88c65d0,0x00000007c8e10000)
  from space 25216K, 0% used [0x00000007caac0000,0x00000007caac0000,0x00000007cc360000)
  to   space 29376K, 0% used [0x00000007c8e10000,0x00000007c8e10000,0x00000007caac0000)
 ParOldGen       total 290944K, used 34682K [0x0000000700600000, 0x0000000712220000, 0x00000007aacb0000)
  object space 290944K, 11% used [0x0000000700600000,0x00000007027de878,0x0000000712220000)
 PSPermGen       total 37632K, used 18116K [0x00000006fb400000, 0x00000006fd8c0000, 0x0000000700600000)
  object space 37632K, 48% used [0x00000006fb400000,0x00000006fc5b1258,0x00000006fd8c0000)
Event: 13.084 GC heap after
Heap after GC invocations=15 (full 4):
 PSYoungGen      total 522304K, used 27531K [0x00000007aacb0000, 0x00000007d30e0000, 0x0000000800000000)
  eden space 492928K, 0% used [0x00000007aacb0000,0x00000007aacb0000,0x00000007c8e10000)
  from space 29376K, 93% used [0x00000007c8e10000,0x00000007ca8f2c80,0x00000007caac0000)
  to   space 30784K, 0% used [0x00000007d12d0000,0x00000007d12d0000,0x00000007d30e0000)
 ParOldGen       total 290944K, used 42782K [0x0000000700600000, 0x0000000712220000, 0x00000007aacb0000)
  object space 290944K, 14% used [0x0000000700600000,0x0000000702fc7898,0x0000000712220000)
 PSPermGen       total 37632K, used 18116K [0x00000006fb400000, 0x00000006fd8c0000, 0x0000000700600000)
  object space 37632K, 48% used [0x00000006fb400000,0x00000006fc5b1258,0x00000006fd8c0000)
}
Event: 14.343 GC heap before
{Heap before GC invocations=16 (full 4):
 PSYoungGen      total 522304K, used 516851K [0x00000007aacb0000, 0x00000007d30e0000, 0x0000000800000000)
  eden space 492928K, 99% used [0x00000007aacb0000,0x00000007c8a8a010,0x00000007c8e10000)
  from space 29376K, 93% used [0x00000007c8e10000,0x00000007ca8f2c80,0x00000007caac0000)
  to   space 30784K, 0% used [0x00000007d12d0000,0x00000007d12d0000,0x00000007d30e0000)
 ParOldGen       total 290944K, used 42782K [0x0000000700600000, 0x0000000712220000, 0x00000007aacb0000)
  object space 290944K, 14% used [0x0000000700600000,0x0000000702fc7898,0x0000000712220000)
 PSPermGen       total 37632K, used 18125K [0x00000006fb400000, 0x00000006fd8c0000, 0x0000000700600000)
  object space 37632K, 48% used [0x00000006fb400000,0x00000006fc5b3458,0x00000006fd8c0000)
Event: 14.353 GC heap after
Heap after GC invocations=16 (full 4):
 PSYoungGen      total 627136K, used 29260K [0x00000007aacb0000, 0x00000007d3330000, 0x0000000800000000)
  eden space 596352K, 0% used [0x00000007aacb0000,0x00000007aacb0000,0x00000007cf310000)
  from space 30784K, 95% used [0x00000007d12d0000,0x00000007d2f63330,0x00000007d30e0000)
  to   space 32512K, 0% used [0x00000007cf310000,0x00000007cf310000,0x00000007d12d0000)
 ParOldGen       total 290944K, used 61007K [0x0000000700600000, 0x0000000712220000, 0x00000007aacb0000)
  object space 290944K, 20% used [0x0000000700600000,0x0000000704193cc8,0x0000000712220000)
 PSPermGen       total 37632K, used 18125K [0x00000006fb400000, 0x00000006fd8c0000, 0x0000000700600000)
  object space 37632K, 48% used [0x00000006fb400000,0x00000006fc5b3458,0x00000006fd8c0000)
}
Event: 15.552 GC heap before
{Heap before GC invocations=17 (full 4):
 PSYoungGen      total 627136K, used 623716K [0x00000007aacb0000, 0x00000007d3330000, 0x0000000800000000)
  eden space 596352K, 99% used [0x00000007aacb0000,0x00000007cf136000,0x00000007cf310000)
  from space 30784K, 95% used [0x00000007d12d0000,0x00000007d2f63330,0x00000007d30e0000)
  to   space 32512K, 0% used [0x00000007cf310000,0x00000007cf310000,0x00000007d12d0000)
 ParOldGen       total 290944K, used 61007K [0x0000000700600000, 0x0000000712220000, 0x00000007aacb0000)
  object space 290944K, 20% used [0x0000000700600000,0x0000000704193cc8,0x0000000712220000)
 PSPermGen       total 37632K, used 18131K [0x00000006fb400000, 0x00000006fd8c0000, 0x0000000700600000)
  object space 37632K, 48% used [0x00000006fb400000,0x00000006fc5b4d90,0x00000006fd8c0000)
Event: 15.561 GC heap after
Heap after GC invocations=17 (full 4):
 PSYoungGen      total 628864K, used 29323K [0x00000007aacb0000, 0x00000007dac70000, 0x0000000800000000)
  eden space 596352K, 0% used [0x00000007aacb0000,0x00000007aacb0000,0x00000007cf310000)
  from space 32512K, 90% used [0x00000007cf310000,0x00000007d0fb2d80,0x00000007d12d0000)
  to   space 33984K, 0% used [0x00000007d8b40000,0x00000007d8b40000,0x00000007dac70000)
 ParOldGen       total 290944K, used 79232K [0x0000000700600000, 0x0000000712220000, 0x00000007aacb0000)
  object space 290944K, 27% used [0x0000000700600000,0x00000007053600f8,0x0000000712220000)
 PSPermGen       total 37632K, used 18131K [0x00000006fb400000, 0x00000006fd8c0000, 0x0000000700600000)
  object space 37632K, 48% used [0x00000006fb400000,0x00000006fc5b4d90,0x00000006fd8c0000)
}
Event: 17.014 GC heap before
{Heap before GC invocations=18 (full 4):
 PSYoungGen      total 628864K, used 624562K [0x00000007aacb0000, 0x00000007dac70000, 0x0000000800000000)
  eden space 596352K, 99% used [0x00000007aacb0000,0x00000007cf1f9e38,0x00000007cf310000)
  from space 32512K, 90% used [0x00000007cf310000,0x00000007d0fb2d80,0x00000007d12d0000)
  to   space 33984K, 0% used [0x00000007d8b40000,0x00000007d8b40000,0x00000007dac70000)
 ParOldGen       total 290944K, used 79232K [0x0000000700600000, 0x0000000712220000, 0x00000007aacb0000)
  object space 290944K, 27% used [0x0000000700600000,0x00000007053600f8,0x0000000712220000)
 PSPermGen       total 37632K, used 18134K [0x00000006fb400000, 0x00000006fd8c0000, 0x0000000700600000)
  object space 37632K, 48% used [0x00000006fb400000,0x00000006fc5b5b48,0x00000006fd8c0000)
Event: 17.022 GC heap after
Heap after GC invocations=18 (full 4):
 PSYoungGen      total 743680K, used 32013K [0x00000007aacb0000, 0x00000007daa90000, 0x0000000800000000)
  eden space 711616K, 0% used [0x00000007aacb0000,0x00000007aacb0000,0x00000007d63a0000)
  from space 32064K, 99% used [0x00000007d8b40000,0x00000007daa834c0,0x00000007daa90000)
  to   space 36032K, 0% used [0x00000007d6430000,0x00000007d6430000,0x00000007d8760000)
 ParOldGen       total 290944K, used 82649K [0x0000000700600000, 0x0000000712220000, 0x00000007aacb0000)
  object space 290944K, 28% used [0x0000000700600000,0x00000007056b65c8,0x0000000712220000)
 PSPermGen       total 37632K, used 18134K [0x00000006fb400000, 0x00000006fd8c0000, 0x0000000700600000)
  object space 37632K, 48% used [0x00000006fb400000,0x00000006fc5b5b48,0x00000006fd8c0000)
}

