# JRE version: 7.0_07-b11
# Java VM: Java HotSpot(TM) 64-Bit Server VM (23.3-b01 mixed mode windows-amd64 compressed oops)
Heap
 PSYoungGen      total 435712K, used 420703K [0x00000007aacb0000, 0x00000007d2b40000, 0x0000000800000000)
  eden space 373376K, 100% used [0x00000007aacb0000,0x00000007c1950000,0x00000007c1950000)
  from space 62336K, 75% used [0x00000007c1950000,0x00000007c4787cf0,0x00000007c5630000)
  to   space 66048K, 0% used [0x00000007ceac0000,0x00000007ceac0000,0x00000007d2b40000)
 ParOldGen       total 133504K, used 96089K [0x0000000700600000, 0x0000000708860000, 0x00000007aacb0000)
  object space 133504K, 71% used [0x0000000700600000,0x00000007063d6450,0x0000000708860000)
 PSPermGen       total 36224K, used 18014K [0x00000006fb400000, 0x00000006fd760000, 0x0000000700600000)
  object space 36224K, 49% used [0x00000006fb400000,0x00000006fc597868,0x00000006fd760000)
GC Heap History (10 events):
Event: 8.696 GC heap before
{Heap before GC invocations=8 (full 0):
 PSYoungGen      total 169728K, used 152836K [0x00000007aacb0000, 0x00000007bfa50000, 0x0000000800000000)
  eden space 125184K, 99% used [0x00000007aacb0000,0x00000007b25d1f40,0x00000007b26f0000)
  from space 44544K, 64% used [0x00000007b26f0000,0x00000007b430f2a0,0x00000007b5270000)
  to   space 45632K, 0% used [0x00000007bcdc0000,0x00000007bcdc0000,0x00000007bfa50000)
 ParOldGen       total 174528K, used 74047K [0x0000000700600000, 0x000000070b070000, 0x00000007aacb0000)
  object space 174528K, 42% used [0x0000000700600000,0x0000000704e4ffc8,0x000000070b070000)
 PSPermGen       total 21248K, used 17956K [0x00000006fb400000, 0x00000006fc8c0000, 0x0000000700600000)
  object space 21248K, 84% used [0x00000006fb400000,0x00000006fc589380,0x00000006fc8c0000)
Event: 8.705 GC heap after
Heap after GC invocations=8 (full 0):
 PSYoungGen      total 290048K, used 41284K [0x00000007aacb0000, 0x00000007c05f0000, 0x0000000800000000)
  eden space 244416K, 0% used [0x00000007aacb0000,0x00000007aacb0000,0x00000007b9b60000)
  from space 45632K, 90% used [0x00000007bcdc0000,0x00000007bf6110e0,0x00000007bfa50000)
  to   space 51584K, 0% used [0x00000007b9b60000,0x00000007b9b60000,0x00000007bcdc0000)
 ParOldGen       total 174528K, used 74055K [0x0000000700600000, 0x000000070b070000, 0x00000007aacb0000)
  object space 174528K, 42% used [0x0000000700600000,0x0000000704e51fc8,0x000000070b070000)
 PSPermGen       total 21248K, used 17956K [0x00000006fb400000, 0x00000006fc8c0000, 0x0000000700600000)
  object space 21248K, 84% used [0x00000006fb400000,0x00000006fc589380,0x00000006fc8c0000)
}
Event: 9.193 GC heap before
{Heap before GC invocations=9 (full 0):
 PSYoungGen      total 290048K, used 284569K [0x00000007aacb0000, 0x00000007c05f0000, 0x0000000800000000)
  eden space 244416K, 99% used [0x00000007aacb0000,0x00000007b9a454e8,0x00000007b9b60000)
  from space 45632K, 90% used [0x00000007bcdc0000,0x00000007bf6110e0,0x00000007bfa50000)
  to   space 51584K, 0% used [0x00000007b9b60000,0x00000007b9b60000,0x00000007bcdc0000)
 ParOldGen       total 174528K, used 80130K [0x0000000700600000, 0x000000070b070000, 0x00000007aacb0000)
  object space 174528K, 45% used [0x0000000700600000,0x0000000705440bd8,0x000000070b070000)
 PSPermGen       total 21248K, used 17958K [0x00000006fb400000, 0x00000006fc8c0000, 0x0000000700600000)
  object space 21248K, 84% used [0x00000006fb400000,0x00000006fc589bf8,0x00000006fc8c0000)
Event: 9.203 GC heap after
Heap after GC invocations=9 (full 0):
 PSYoungGen      total 296000K, used 41452K [0x00000007aacb0000, 0x00000007c97a0000, 0x0000000800000000)
  eden space 244416K, 0% used [0x00000007aacb0000,0x00000007aacb0000,0x00000007b9b60000)
  from space 51584K, 80% used [0x00000007b9b60000,0x00000007bc3db3f0,0x00000007bcdc0000)
  to   space 55808K, 0% used [0x00000007c6120000,0x00000007c6120000,0x00000007c97a0000)
 ParOldGen       total 174528K, used 80178K [0x0000000700600000, 0x000000070b070000, 0x00000007aacb0000)
  object space 174528K, 45% used [0x0000000700600000,0x000000070544cbd8,0x000000070b070000)
 PSPermGen       total 21248K, used 17958K [0x00000006fb400000, 0x00000006fc8c0000, 0x0000000700600000)
  object space 21248K, 84% used [0x00000006fb400000,0x00000006fc589bf8,0x00000006fc8c0000)
}
Event: 10.060 GC heap before
{Heap before GC invocations=10 (full 1):
 PSYoungGen      total 296000K, used 285868K [0x00000007aacb0000, 0x00000007c97a0000, 0x0000000800000000)
  eden space 244416K, 100% used [0x00000007aacb0000,0x00000007b9b60000,0x00000007b9b60000)
  from space 51584K, 80% used [0x00000007b9b60000,0x00000007bc3db3f0,0x00000007bcdc0000)
  to   space 55808K, 0% used [0x00000007c6120000,0x00000007c6120000,0x00000007c97a0000)
 ParOldGen       total 267392K, used 267155K [0x0000000700600000, 0x0000000710b20000, 0x00000007aacb0000)
  object space 267392K, 99% used [0x0000000700600000,0x0000000710ae4c88,0x0000000710b20000)
 PSPermGen       total 21248K, used 17964K [0x00000006fb400000, 0x00000006fc8c0000, 0x0000000700600000)
  object space 21248K, 84% used [0x00000006fb400000,0x00000006fc58b038,0x00000006fc8c0000)
Event: 10.125 GC heap after
Heap after GC invocations=10 (full 1):
 PSYoungGen      total 296000K, used 0K [0x00000007aacb0000, 0x00000007c97a0000, 0x0000000800000000)
  eden space 244416K, 0% used [0x00000007aacb0000,0x00000007aacb0000,0x00000007b9b60000)
  from space 51584K, 0% used [0x00000007b9b60000,0x00000007b9b60000,0x00000007bcdc0000)
  to   space 55808K, 0% used [0x00000007c6120000,0x00000007c6120000,0x00000007c97a0000)
 ParOldGen       total 133504K, used 25667K [0x0000000700600000, 0x0000000708860000, 0x00000007aacb0000)
  object space 133504K, 19% used [0x0000000700600000,0x0000000701f10e00,0x0000000708860000)
 PSPermGen       total 36224K, used 17957K [0x00000006fb400000, 0x00000006fd760000, 0x0000000700600000)
  object space 36224K, 49% used [0x00000006fb400000,0x00000006fc589580,0x00000006fd760000)
}
Event: 10.646 GC heap before
{Heap before GC invocations=11 (full 1):
 PSYoungGen      total 296000K, used 239935K [0x00000007aacb0000, 0x00000007c97a0000, 0x0000000800000000)
  eden space 244416K, 98% used [0x00000007aacb0000,0x00000007b96fffb0,0x00000007b9b60000)
  from space 51584K, 0% used [0x00000007b9b60000,0x00000007b9b60000,0x00000007bcdc0000)
  to   space 55808K, 0% used [0x00000007c6120000,0x00000007c6120000,0x00000007c97a0000)
 ParOldGen       total 133504K, used 25667K [0x0000000700600000, 0x0000000708860000, 0x00000007aacb0000)
  object space 133504K, 19% used [0x0000000700600000,0x0000000701f10e00,0x0000000708860000)
 PSPermGen       total 36224K, used 17978K [0x00000006fb400000, 0x00000006fd760000, 0x0000000700600000)
  object space 36224K, 49% used [0x00000006fb400000,0x00000006fc58ea98,0x00000006fd760000)
Event: 10.658 GC heap after
Heap after GC invocations=11 (full 1):
 PSYoungGen      total 408000K, used 51078K [0x00000007aacb0000, 0x00000007c9310000, 0x0000000800000000)
  eden space 356864K, 0% used [0x00000007aacb0000,0x00000007aacb0000,0x00000007c0930000)
  from space 51136K, 99% used [0x00000007c6120000,0x00000007c93018e8,0x00000007c9310000)
  to   space 62336K, 0% used [0x00000007c1950000,0x00000007c1950000,0x00000007c5630000)
 ParOldGen       total 133504K, used 37817K [0x0000000700600000, 0x0000000708860000, 0x00000007aacb0000)
  object space 133504K, 28% used [0x0000000700600000,0x0000000702aee620,0x0000000708860000)
 PSPermGen       total 36224K, used 17978K [0x00000006fb400000, 0x00000006fd760000, 0x0000000700600000)
  object space 36224K, 49% used [0x00000006fb400000,0x00000006fc58ea98,0x00000006fd760000)
}
Event: 11.308 GC heap before
{Heap before GC invocations=12 (full 1):
 PSYoungGen      total 408000K, used 406884K [0x00000007aacb0000, 0x00000007c9310000, 0x0000000800000000)
  eden space 356864K, 99% used [0x00000007aacb0000,0x00000007c0827818,0x00000007c0930000)
  from space 51136K, 99% used [0x00000007c6120000,0x00000007c93018e8,0x00000007c9310000)
  to   space 62336K, 0% used [0x00000007c1950000,0x00000007c1950000,0x00000007c5630000)
 ParOldGen       total 133504K, used 41234K [0x0000000700600000, 0x0000000708860000, 0x00000007aacb0000)
  object space 133504K, 30% used [0x0000000700600000,0x0000000702e44af0,0x0000000708860000)
 PSPermGen       total 36224K, used 17979K [0x00000006fb400000, 0x00000006fd760000, 0x0000000700600000)
  object space 36224K, 49% used [0x00000006fb400000,0x00000006fc58efb0,0x00000006fd760000)
Event: 11.321 GC heap after
Heap after GC invocations=12 (full 1):
 PSYoungGen      total 435712K, used 47327K [0x00000007aacb0000, 0x00000007d2b40000, 0x0000000800000000)
  eden space 373376K, 0% used [0x00000007aacb0000,0x00000007aacb0000,0x00000007c1950000)
  from space 62336K, 75% used [0x00000007c1950000,0x00000007c4787cf0,0x00000007c5630000)
  to   space 66048K, 0% used [0x00000007ceac0000,0x00000007ceac0000,0x00000007d2b40000)
 ParOldGen       total 133504K, used 54702K [0x0000000700600000, 0x0000000708860000, 0x00000007aacb0000)
  object space 133504K, 40% used [0x0000000700600000,0x0000000703b6bb08,0x0000000708860000)
 PSPermGen       total 36224K, used 17979K [0x00000006fb400000, 0x00000006fd760000, 0x0000000700600000)
  object space 36224K, 49% used [0x00000006fb400000,0x00000006fc58efb0,0x00000006fd760000)
}

