# JRE version: 7.0_07-b11
# Java VM: Java HotSpot(TM) 64-Bit Server VM (23.3-b01 mixed mode windows-amd64 compressed oops)
Heap
 PSYoungGen      total 1339776K, used 573284K [0x00000007aacb0000, 0x00000007ffeb0000, 0x0000000800000000)
  eden space 1283712K, 42% used [0x00000007aacb0000,0x00000007cc02aa10,0x00000007f9250000)
  from space 56064K, 51% used [0x00000007fc7f0000,0x00000007fe44e740,0x00000007ffeb0000)
  to   space 54912K, 0% used [0x00000007f9250000,0x00000007f9250000,0x00000007fc7f0000)
 ParOldGen       total 195072K, used 154946K [0x0000000700600000, 0x000000070c480000, 0x00000007aacb0000)
  object space 195072K, 79% used [0x0000000700600000,0x0000000709d50b00,0x000000070c480000)
 PSPermGen       total 39744K, used 18169K [0x00000006fb400000, 0x00000006fdad0000, 0x0000000700600000)
  object space 39744K, 45% used [0x00000006fb400000,0x00000006fc5be4e0,0x00000006fdad0000)
GC Heap History (10 events):
Event: 15.714 GC heap before
{Heap before GC invocations=15 (full 3):
 PSYoungGen      total 868864K, used 811277K [0x00000007aacb0000, 0x00000007f42b0000, 0x0000000800000000)
  eden space 811328K, 99% used [0x00000007aacb0000,0x00000007dc4f3550,0x00000007dc500000)
  from space 57536K, 0% used [0x00000007dc500000,0x00000007dc500000,0x00000007dfd30000)
  to   space 55808K, 0% used [0x00000007f0c30000,0x00000007f0c30000,0x00000007f42b0000)
 ParOldGen       total 195072K, used 26617K [0x0000000700600000, 0x000000070c480000, 0x00000007aacb0000)
  object space 195072K, 13% used [0x0000000700600000,0x0000000701ffe760,0x000000070c480000)
 PSPermGen       total 39744K, used 18101K [0x00000006fb400000, 0x00000006fdad0000, 0x0000000700600000)
  object space 39744K, 45% used [0x00000006fb400000,0x00000006fc5ad5c8,0x00000006fdad0000)
Event: 15.725 GC heap after
Heap after GC invocations=15 (full 3):
 PSYoungGen      total 1110912K, used 41199K [0x00000007aacb0000, 0x00000007f3470000, 0x0000000800000000)
  eden space 1069696K, 0% used [0x00000007aacb0000,0x00000007aacb0000,0x00000007ec150000)
  from space 41216K, 99% used [0x00000007f0c30000,0x00000007f346bfa0,0x00000007f3470000)
  to   space 56512K, 0% used [0x00000007ec610000,0x00000007ec610000,0x00000007efd40000)
 ParOldGen       total 195072K, used 26617K [0x0000000700600000, 0x000000070c480000, 0x00000007aacb0000)
  object space 195072K, 13% used [0x0000000700600000,0x0000000701ffe760,0x000000070c480000)
 PSPermGen       total 39744K, used 18101K [0x00000006fb400000, 0x00000006fdad0000, 0x0000000700600000)
  object space 39744K, 45% used [0x00000006fb400000,0x00000006fc5ad5c8,0x00000006fdad0000)
}
Event: 18.116 GC heap before
{Heap before GC invocations=16 (full 3):
 PSYoungGen      total 1110912K, used 1109636K [0x00000007aacb0000, 0x00000007f3470000, 0x0000000800000000)
  eden space 1069696K, 99% used [0x00000007aacb0000,0x00000007ec015348,0x00000007ec150000)
  from space 41216K, 99% used [0x00000007f0c30000,0x00000007f346bfa0,0x00000007f3470000)
  to   space 56512K, 0% used [0x00000007ec610000,0x00000007ec610000,0x00000007efd40000)
 ParOldGen       total 195072K, used 26617K [0x0000000700600000, 0x000000070c480000, 0x00000007aacb0000)
  object space 195072K, 13% used [0x0000000700600000,0x0000000701ffe760,0x000000070c480000)
 PSPermGen       total 39744K, used 18121K [0x00000006fb400000, 0x00000006fdad0000, 0x0000000700600000)
  object space 39744K, 45% used [0x00000006fb400000,0x00000006fc5b27f8,0x00000006fdad0000)
Event: 18.124 GC heap after
Heap after GC invocations=16 (full 3):
 PSYoungGen      total 1131072K, used 29049K [0x00000007aacb0000, 0x0000000800000000, 0x0000000800000000)
  eden space 1074560K, 0% used [0x00000007aacb0000,0x00000007aacb0000,0x00000007ec610000)
  from space 56512K, 51% used [0x00000007ec610000,0x00000007ee26e740,0x00000007efd40000)
  to   space 55104K, 0% used [0x00000007fca30000,0x00000007fca30000,0x0000000800000000)
 ParOldGen       total 195072K, used 28738K [0x0000000700600000, 0x000000070c480000, 0x00000007aacb0000)
  object space 195072K, 14% used [0x0000000700600000,0x0000000702210ba0,0x000000070c480000)
 PSPermGen       total 39744K, used 18121K [0x00000006fb400000, 0x00000006fdad0000, 0x0000000700600000)
  object space 39744K, 45% used [0x00000006fb400000,0x00000006fc5b27f8,0x00000006fdad0000)
}
Event: 20.510 GC heap before
{Heap before GC invocations=17 (full 3):
 PSYoungGen      total 1131072K, used 1102621K [0x00000007aacb0000, 0x0000000800000000, 0x0000000800000000)
  eden space 1074560K, 99% used [0x00000007aacb0000,0x00000007ec518db8,0x00000007ec610000)
  from space 56512K, 51% used [0x00000007ec610000,0x00000007ee26e740,0x00000007efd40000)
  to   space 55104K, 0% used [0x00000007fca30000,0x00000007fca30000,0x0000000800000000)
 ParOldGen       total 195072K, used 32156K [0x0000000700600000, 0x000000070c480000, 0x00000007aacb0000)
  object space 195072K, 16% used [0x0000000700600000,0x0000000702567070,0x000000070c480000)
 PSPermGen       total 39744K, used 18131K [0x00000006fb400000, 0x00000006fdad0000, 0x0000000700600000)
  object space 39744K, 45% used [0x00000006fb400000,0x00000006fc5b4ef0,0x00000006fdad0000)
Event: 20.520 GC heap after
Heap after GC invocations=17 (full 3):
 PSYoungGen      total 1335424K, used 35568K [0x00000007aacb0000, 0x00000007ffc00000, 0x0000000800000000)
  eden space 1284416K, 0% used [0x00000007aacb0000,0x00000007aacb0000,0x00000007f9300000)
  from space 51008K, 69% used [0x00000007fca30000,0x00000007fecec260,0x00000007ffc00000)
  to   space 53760K, 0% used [0x00000007f9300000,0x00000007f9300000,0x00000007fc780000)
 ParOldGen       total 195072K, used 32172K [0x0000000700600000, 0x000000070c480000, 0x00000007aacb0000)
  object space 195072K, 16% used [0x0000000700600000,0x000000070256b070,0x000000070c480000)
 PSPermGen       total 39744K, used 18131K [0x00000006fb400000, 0x00000006fdad0000, 0x0000000700600000)
  object space 39744K, 45% used [0x00000006fb400000,0x00000006fc5b4ef0,0x00000006fdad0000)
}
Event: 23.601 GC heap before
{Heap before GC invocations=18 (full 3):
 PSYoungGen      total 1335424K, used 1319984K [0x00000007aacb0000, 0x00000007ffc00000, 0x0000000800000000)
  eden space 1284416K, 100% used [0x00000007aacb0000,0x00000007f9300000,0x00000007f9300000)
  from space 51008K, 69% used [0x00000007fca30000,0x00000007fecec260,0x00000007ffc00000)
  to   space 53760K, 0% used [0x00000007f9300000,0x00000007f9300000,0x00000007fc780000)
 ParOldGen       total 195072K, used 149496K [0x0000000700600000, 0x000000070c480000, 0x00000007aacb0000)
  object space 195072K, 76% used [0x0000000700600000,0x00000007097fe220,0x000000070c480000)
 PSPermGen       total 39744K, used 18138K [0x00000006fb400000, 0x00000006fdad0000, 0x0000000700600000)
  object space 39744K, 45% used [0x00000006fb400000,0x00000006fc5b6ac0,0x00000006fdad0000)
Event: 23.602 GC heap after
Heap after GC invocations=18 (full 3):
 PSYoungGen      total 1338176K, used 288K [0x00000007aacb0000, 0x0000000800000000, 0x0000000800000000)
  eden space 1284416K, 0% used [0x00000007aacb0000,0x00000007aacb0000,0x00000007f9300000)
  from space 53760K, 0% used [0x00000007f9300000,0x00000007f9348000,0x00000007fc780000)
  to   space 57408K, 0% used [0x00000007fc7f0000,0x00000007fc7f0000,0x0000000800000000)
 ParOldGen       total 195072K, used 149504K [0x0000000700600000, 0x000000070c480000, 0x00000007aacb0000)
  object space 195072K, 76% used [0x0000000700600000,0x0000000709800220,0x000000070c480000)
 PSPermGen       total 39744K, used 18138K [0x00000006fb400000, 0x00000006fdad0000, 0x0000000700600000)
  object space 39744K, 45% used [0x00000006fb400000,0x00000006fc5b6ac0,0x00000006fdad0000)
}
Event: 26.277 GC heap before
{Heap before GC invocations=19 (full 3):
 PSYoungGen      total 1338176K, used 1283432K [0x00000007aacb0000, 0x0000000800000000, 0x0000000800000000)
  eden space 1284416K, 99% used [0x00000007aacb0000,0x00000007f91c2008,0x00000007f9300000)
  from space 53760K, 0% used [0x00000007f9300000,0x00000007f9348000,0x00000007fc780000)
  to   space 57408K, 0% used [0x00000007fc7f0000,0x00000007fc7f0000,0x0000000800000000)
 ParOldGen       total 195072K, used 154946K [0x0000000700600000, 0x000000070c480000, 0x00000007aacb0000)
  object space 195072K, 79% used [0x0000000700600000,0x0000000709d50b00,0x000000070c480000)
 PSPermGen       total 39744K, used 18143K [0x00000006fb400000, 0x00000006fdad0000, 0x0000000700600000)
  object space 39744K, 45% used [0x00000006fb400000,0x00000006fc5b7c50,0x00000006fdad0000)
Event: 26.280 GC heap after
Heap after GC invocations=19 (full 3):
 PSYoungGen      total 1339776K, used 29049K [0x00000007aacb0000, 0x00000007ffeb0000, 0x0000000800000000)
  eden space 1283712K, 0% used [0x00000007aacb0000,0x00000007aacb0000,0x00000007f9250000)
  from space 56064K, 51% used [0x00000007fc7f0000,0x00000007fe44e740,0x00000007ffeb0000)
  to   space 54912K, 0% used [0x00000007f9250000,0x00000007f9250000,0x00000007fc7f0000)
 ParOldGen       total 195072K, used 154946K [0x0000000700600000, 0x000000070c480000, 0x00000007aacb0000)
  object space 195072K, 79% used [0x0000000700600000,0x0000000709d50b00,0x000000070c480000)
 PSPermGen       total 39744K, used 18143K [0x00000006fb400000, 0x00000006fdad0000, 0x0000000700600000)
  object space 39744K, 45% used [0x00000006fb400000,0x00000006fc5b7c50,0x00000006fdad0000)
}

