# JRE version: 7.0_07-b11
# Java VM: Java HotSpot(TM) 64-Bit Server VM (23.3-b01 mixed mode windows-amd64 compressed oops)
Heap
 PSYoungGen      total 973888K, used 535807K [0x00000007aacb0000, 0x00000007ec070000, 0x0000000800000000)
  eden space 905600K, 59% used [0x00000007aacb0000,0x00000007cb7efde8,0x00000007e2110000)
  from space 68288K, 0% used [0x00000007e6b30000,0x00000007e6b30000,0x00000007eade0000)
  to   space 75904K, 0% used [0x00000007e2110000,0x00000007e2110000,0x00000007e6b30000)
 ParOldGen       total 188416K, used 38947K [0x0000000700600000, 0x000000070be00000, 0x00000007aacb0000)
  object space 188416K, 20% used [0x0000000700600000,0x0000000702c08e90,0x000000070be00000)
 PSPermGen       total 39360K, used 18074K [0x00000006fb400000, 0x00000006fda70000, 0x0000000700600000)
  object space 39360K, 45% used [0x00000006fb400000,0x00000006fc5a69c0,0x00000006fda70000)
GC Heap History (10 events):
Event: 15.934 GC heap before
{Heap before GC invocations=19 (full 2):
 PSYoungGen      total 673664K, used 632199K [0x00000007aacb0000, 0x00000007d8f30000, 0x0000000800000000)
  eden space 616320K, 99% used [0x00000007aacb0000,0x00000007d0514248,0x00000007d0690000)
  from space 57344K, 30% used [0x00000007d5730000,0x00000007d682dc60,0x00000007d8f30000)
  to   space 69952K, 0% used [0x00000007d0690000,0x00000007d0690000,0x00000007d4ae0000)
 ParOldGen       total 168128K, used 38953K [0x0000000700600000, 0x000000070aa30000, 0x00000007aacb0000)
  object space 168128K, 23% used [0x0000000700600000,0x0000000702c0a698,0x000000070aa30000)
 PSPermGen       total 40576K, used 18024K [0x00000006fb400000, 0x00000006fdba0000, 0x0000000700600000)
  object space 40576K, 44% used [0x00000006fb400000,0x00000006fc59a1b0,0x00000006fdba0000)
Event: 15.944 GC heap after
Heap after GC invocations=19 (full 2):
 PSYoungGen      total 686272K, used 37020K [0x00000007aacb0000, 0x00000007e21b0000, 0x0000000800000000)
  eden space 616320K, 0% used [0x00000007aacb0000,0x00000007aacb0000,0x00000007d0690000)
  from space 69952K, 52% used [0x00000007d0690000,0x00000007d2ab7150,0x00000007d4ae0000)
  to   space 67968K, 0% used [0x00000007ddf50000,0x00000007ddf50000,0x00000007e21b0000)
 ParOldGen       total 168128K, used 45825K [0x0000000700600000, 0x000000070aa30000, 0x00000007aacb0000)
  object space 168128K, 27% used [0x0000000700600000,0x00000007032c0628,0x000000070aa30000)
 PSPermGen       total 40576K, used 18024K [0x00000006fb400000, 0x00000006fdba0000, 0x0000000700600000)
  object space 40576K, 44% used [0x00000006fb400000,0x00000006fc59a1b0,0x00000006fdba0000)
}
Event: 17.297 GC heap before
{Heap before GC invocations=20 (full 2):
 PSYoungGen      total 686272K, used 651636K [0x00000007aacb0000, 0x00000007e21b0000, 0x0000000800000000)
  eden space 616320K, 99% used [0x00000007aacb0000,0x00000007d04e5fc0,0x00000007d0690000)
  from space 69952K, 52% used [0x00000007d0690000,0x00000007d2ab7150,0x00000007d4ae0000)
  to   space 67968K, 0% used [0x00000007ddf50000,0x00000007ddf50000,0x00000007e21b0000)
 ParOldGen       total 168128K, used 47850K [0x0000000700600000, 0x000000070aa30000, 0x00000007aacb0000)
  object space 168128K, 28% used [0x0000000700600000,0x00000007034baa38,0x000000070aa30000)
 PSPermGen       total 40576K, used 18034K [0x00000006fb400000, 0x00000006fdba0000, 0x0000000700600000)
  object space 40576K, 44% used [0x00000006fb400000,0x00000006fc59c9c8,0x00000006fdba0000)
Event: 17.301 GC heap after
Heap after GC invocations=20 (full 2):
 PSYoungGen      total 813056K, used 11189K [0x00000007aacb0000, 0x00000007e1580000, 0x0000000800000000)
  eden space 757568K, 0% used [0x00000007aacb0000,0x00000007aacb0000,0x00000007d9080000)
  from space 55488K, 20% used [0x00000007ddf50000,0x00000007dea3d6a0,0x00000007e1580000)
  to   space 68096K, 0% used [0x00000007d9080000,0x00000007d9080000,0x00000007dd300000)
 ParOldGen       total 168128K, used 47882K [0x0000000700600000, 0x000000070aa30000, 0x00000007aacb0000)
  object space 168128K, 28% used [0x0000000700600000,0x00000007034c2a38,0x000000070aa30000)
 PSPermGen       total 40576K, used 18034K [0x00000006fb400000, 0x00000006fdba0000, 0x0000000700600000)
  object space 40576K, 44% used [0x00000006fb400000,0x00000006fc59c9c8,0x00000006fdba0000)
}
Event: 19.077 GC heap before
{Heap before GC invocations=21 (full 2):
 PSYoungGen      total 813056K, used 768757K [0x00000007aacb0000, 0x00000007e1580000, 0x0000000800000000)
  eden space 757568K, 100% used [0x00000007aacb0000,0x00000007d9080000,0x00000007d9080000)
  from space 55488K, 20% used [0x00000007ddf50000,0x00000007dea3d6a0,0x00000007e1580000)
  to   space 68096K, 0% used [0x00000007d9080000,0x00000007d9080000,0x00000007dd300000)
 ParOldGen       total 168128K, used 102530K [0x0000000700600000, 0x000000070aa30000, 0x00000007aacb0000)
  object space 168128K, 60% used [0x0000000700600000,0x0000000706a20980,0x000000070aa30000)
 PSPermGen       total 40576K, used 18039K [0x00000006fb400000, 0x00000006fdba0000, 0x0000000700600000)
  object space 40576K, 44% used [0x00000006fb400000,0x00000006fc59dcf8,0x00000006fdba0000)
Event: 19.079 GC heap after
Heap after GC invocations=21 (full 2):
 PSYoungGen      total 825664K, used 7119K [0x00000007aacb0000, 0x00000007eade0000, 0x0000000800000000)
  eden space 757568K, 0% used [0x00000007aacb0000,0x00000007aacb0000,0x00000007d9080000)
  from space 68096K, 10% used [0x00000007d9080000,0x00000007d9773f80,0x00000007dd300000)
  to   space 68288K, 0% used [0x00000007e6b30000,0x00000007e6b30000,0x00000007eade0000)
 ParOldGen       total 168128K, used 102562K [0x0000000700600000, 0x000000070aa30000, 0x00000007aacb0000)
  object space 168128K, 61% used [0x0000000700600000,0x0000000706a28980,0x000000070aa30000)
 PSPermGen       total 40576K, used 18039K [0x00000006fb400000, 0x00000006fdba0000, 0x0000000700600000)
  object space 40576K, 44% used [0x00000006fb400000,0x00000006fc59dcf8,0x00000006fdba0000)
}
Event: 20.731 GC heap before
{Heap before GC invocations=22 (full 2):
 PSYoungGen      total 825664K, used 763249K [0x00000007aacb0000, 0x00000007eade0000, 0x0000000800000000)
  eden space 757568K, 99% used [0x00000007aacb0000,0x00000007d8f187b0,0x00000007d9080000)
  from space 68096K, 10% used [0x00000007d9080000,0x00000007d9773f80,0x00000007dd300000)
  to   space 68288K, 0% used [0x00000007e6b30000,0x00000007e6b30000,0x00000007eade0000)
 ParOldGen       total 168128K, used 104587K [0x0000000700600000, 0x000000070aa30000, 0x00000007aacb0000)
  object space 168128K, 62% used [0x0000000700600000,0x0000000706c22d90,0x000000070aa30000)
 PSPermGen       total 40576K, used 18044K [0x00000006fb400000, 0x00000006fdba0000, 0x0000000700600000)
  object space 40576K, 44% used [0x00000006fb400000,0x00000006fc59f118,0x00000006fdba0000)
Event: 20.744 GC heap after
Heap after GC invocations=22 (full 2):
 PSYoungGen      total 973888K, used 59508K [0x00000007aacb0000, 0x00000007ec070000, 0x0000000800000000)
  eden space 905600K, 0% used [0x00000007aacb0000,0x00000007aacb0000,0x00000007e2110000)
  from space 68288K, 87% used [0x00000007e6b30000,0x00000007ea54d020,0x00000007eade0000)
  to   space 75904K, 0% used [0x00000007e2110000,0x00000007e2110000,0x00000007e6b30000)
 ParOldGen       total 168128K, used 104627K [0x0000000700600000, 0x000000070aa30000, 0x00000007aacb0000)
  object space 168128K, 62% used [0x0000000700600000,0x0000000706c2cda0,0x000000070aa30000)
 PSPermGen       total 40576K, used 18044K [0x00000006fb400000, 0x00000006fdba0000, 0x0000000700600000)
  object space 40576K, 44% used [0x00000006fb400000,0x00000006fc59f118,0x00000006fdba0000)
}
Event: 22.898 GC heap before
{Heap before GC invocations=23 (full 3):
 PSYoungGen      total 973888K, used 965108K [0x00000007aacb0000, 0x00000007ec070000, 0x0000000800000000)
  eden space 905600K, 100% used [0x00000007aacb0000,0x00000007e2110000,0x00000007e2110000)
  from space 68288K, 87% used [0x00000007e6b30000,0x00000007ea54d020,0x00000007eade0000)
  to   space 75904K, 0% used [0x00000007e2110000,0x00000007e2110000,0x00000007e6b30000)
 ParOldGen       total 182400K, used 181920K [0x0000000700600000, 0x000000070b820000, 0x00000007aacb0000)
  object space 182400K, 99% used [0x0000000700600000,0x000000070b7a8158,0x000000070b820000)
 PSPermGen       total 40576K, used 18066K [0x00000006fb400000, 0x00000006fdba0000, 0x0000000700600000)
  object space 40576K, 44% used [0x00000006fb400000,0x00000006fc5a4950,0x00000006fdba0000)
Event: 22.942 GC heap after
Heap after GC invocations=23 (full 3):
 PSYoungGen      total 973888K, used 0K [0x00000007aacb0000, 0x00000007ec070000, 0x0000000800000000)
  eden space 905600K, 0% used [0x00000007aacb0000,0x00000007aacb0000,0x00000007e2110000)
  from space 68288K, 0% used [0x00000007e6b30000,0x00000007e6b30000,0x00000007eade0000)
  to   space 75904K, 0% used [0x00000007e2110000,0x00000007e2110000,0x00000007e6b30000)
 ParOldGen       total 188416K, used 38947K [0x0000000700600000, 0x000000070be00000, 0x00000007aacb0000)
  object space 188416K, 20% used [0x0000000700600000,0x0000000702c08e90,0x000000070be00000)
 PSPermGen       total 39360K, used 18066K [0x00000006fb400000, 0x00000006fda70000, 0x0000000700600000)
  object space 39360K, 45% used [0x00000006fb400000,0x00000006fc5a4950,0x00000006fda70000)
}

