# JRE version: 7.0_07-b11
# Java VM: Java HotSpot(TM) 64-Bit Server VM (23.3-b01 mixed mode windows-amd64 compressed oops)
Heap
 PSYoungGen      total 756096K, used 640100K [0x00000007aacb0000, 0x00000007db0e0000, 0x0000000800000000)
  eden space 730496K, 87% used [0x00000007aacb0000,0x00000007d1dc9268,0x00000007d7610000)
  from space 25600K, 0% used [0x00000007d97e0000,0x00000007d97e0000,0x00000007db0e0000)
  to   space 28416K, 0% used [0x00000007d7960000,0x00000007d7960000,0x00000007d9520000)
 ParOldGen       total 186432K, used 28566K [0x0000000700600000, 0x000000070bc10000, 0x00000007aacb0000)
  object space 186432K, 15% used [0x0000000700600000,0x00000007021e5940,0x000000070bc10000)
 PSPermGen       total 40448K, used 17893K [0x00000006fb400000, 0x00000006fdb80000, 0x0000000700600000)
  object space 40448K, 44% used [0x00000006fb400000,0x00000006fc579598,0x00000006fdb80000)
GC Heap History (10 events):
Event: 5.608 GC heap before
{Heap before GC invocations=8 (full 0):
 PSYoungGen      total 281664K, used 276226K [0x00000007aacb0000, 0x00000007cd3d0000, 0x0000000800000000)
  eden space 259904K, 99% used [0x00000007aacb0000,0x00000007ba9bb9d0,0x00000007baa80000)
  from space 21760K, 78% used [0x00000007baa80000,0x00000007bbb34ed0,0x00000007bbfc0000)
  to   space 22272K, 0% used [0x00000007cbe10000,0x00000007cbe10000,0x00000007cd3d0000)
 ParOldGen       total 174528K, used 113064K [0x0000000700600000, 0x000000070b070000, 0x00000007aacb0000)
  object space 174528K, 64% used [0x0000000700600000,0x000000070746a328,0x000000070b070000)
 PSPermGen       total 21248K, used 17843K [0x00000006fb400000, 0x00000006fc8c0000, 0x0000000700600000)
  object space 21248K, 83% used [0x00000006fb400000,0x00000006fc56ce50,0x00000006fc8c0000)
Event: 5.622 GC heap after
Heap after GC invocations=8 (full 0):
 PSYoungGen      total 540288K, used 20498K [0x00000007aacb0000, 0x00000007cd750000, 0x0000000800000000)
  eden space 518016K, 0% used [0x00000007aacb0000,0x00000007aacb0000,0x00000007ca690000)
  from space 22272K, 92% used [0x00000007cbe10000,0x00000007cd214b40,0x00000007cd3d0000)
  to   space 24064K, 0% used [0x00000007ca690000,0x00000007ca690000,0x00000007cbe10000)
 ParOldGen       total 174528K, used 150490K [0x0000000700600000, 0x000000070b070000, 0x00000007aacb0000)
  object space 174528K, 86% used [0x0000000700600000,0x00000007098f6b88,0x000000070b070000)
 PSPermGen       total 21248K, used 17843K [0x00000006fb400000, 0x00000006fc8c0000, 0x0000000700600000)
  object space 21248K, 83% used [0x00000006fb400000,0x00000006fc56ce50,0x00000006fc8c0000)
}
Event: 5.622 GC heap before
{Heap before GC invocations=9 (full 1):
 PSYoungGen      total 540288K, used 20498K [0x00000007aacb0000, 0x00000007cd750000, 0x0000000800000000)
  eden space 518016K, 0% used [0x00000007aacb0000,0x00000007aacb0000,0x00000007ca690000)
  from space 22272K, 92% used [0x00000007cbe10000,0x00000007cd214b40,0x00000007cd3d0000)
  to   space 24064K, 0% used [0x00000007ca690000,0x00000007ca690000,0x00000007cbe10000)
 ParOldGen       total 174528K, used 150490K [0x0000000700600000, 0x000000070b070000, 0x00000007aacb0000)
  object space 174528K, 86% used [0x0000000700600000,0x00000007098f6b88,0x000000070b070000)
 PSPermGen       total 21248K, used 17843K [0x00000006fb400000, 0x00000006fc8c0000, 0x0000000700600000)
  object space 21248K, 83% used [0x00000006fb400000,0x00000006fc56ce50,0x00000006fc8c0000)
Event: 5.668 GC heap after
Heap after GC invocations=9 (full 1):
 PSYoungGen      total 540288K, used 0K [0x00000007aacb0000, 0x00000007cd750000, 0x0000000800000000)
  eden space 518016K, 0% used [0x00000007aacb0000,0x00000007aacb0000,0x00000007ca690000)
  from space 22272K, 0% used [0x00000007cbe10000,0x00000007cbe10000,0x00000007cd3d0000)
  to   space 24064K, 0% used [0x00000007ca690000,0x00000007ca690000,0x00000007cbe10000)
 ParOldGen       total 140416K, used 24878K [0x0000000700600000, 0x0000000708f20000, 0x00000007aacb0000)
  object space 140416K, 17% used [0x0000000700600000,0x0000000701e4bbd0,0x0000000708f20000)
 PSPermGen       total 36224K, used 17836K [0x00000006fb400000, 0x00000006fd760000, 0x0000000700600000)
  object space 36224K, 49% used [0x00000006fb400000,0x00000006fc56b3e8,0x00000006fd760000)
}
Event: 6.655 GC heap before
{Heap before GC invocations=10 (full 1):
 PSYoungGen      total 540288K, used 517802K [0x00000007aacb0000, 0x00000007cd750000, 0x0000000800000000)
  eden space 518016K, 99% used [0x00000007aacb0000,0x00000007ca65a9e8,0x00000007ca690000)
  from space 22272K, 0% used [0x00000007cbe10000,0x00000007cbe10000,0x00000007cd3d0000)
  to   space 24064K, 0% used [0x00000007ca690000,0x00000007ca690000,0x00000007cbe10000)
 ParOldGen       total 140416K, used 24878K [0x0000000700600000, 0x0000000708f20000, 0x00000007aacb0000)
  object space 140416K, 17% used [0x0000000700600000,0x0000000701e4bbd0,0x0000000708f20000)
 PSPermGen       total 36224K, used 17879K [0x00000006fb400000, 0x00000006fd760000, 0x0000000700600000)
  object space 36224K, 49% used [0x00000006fb400000,0x00000006fc575dc0,0x00000006fd760000)
Event: 6.665 GC heap after
Heap after GC invocations=10 (full 1):
 PSYoungGen      total 542080K, used 21930K [0x00000007aacb0000, 0x00000007db120000, 0x0000000800000000)
  eden space 518016K, 0% used [0x00000007aacb0000,0x00000007aacb0000,0x00000007ca690000)
  from space 24064K, 91% used [0x00000007ca690000,0x00000007cbbfa900,0x00000007cbe10000)
  to   space 25856K, 0% used [0x00000007d97e0000,0x00000007d97e0000,0x00000007db120000)
 ParOldGen       total 140416K, used 80313K [0x0000000700600000, 0x0000000708f20000, 0x00000007aacb0000)
  object space 140416K, 57% used [0x0000000700600000,0x000000070546e5f0,0x0000000708f20000)
 PSPermGen       total 36224K, used 17879K [0x00000006fb400000, 0x00000006fd760000, 0x0000000700600000)
  object space 36224K, 49% used [0x00000006fb400000,0x00000006fc575dc0,0x00000006fd760000)
}
Event: 7.672 GC heap before
{Heap before GC invocations=11 (full 1):
 PSYoungGen      total 542080K, used 537393K [0x00000007aacb0000, 0x00000007db120000, 0x0000000800000000)
  eden space 518016K, 99% used [0x00000007aacb0000,0x00000007ca411ed0,0x00000007ca690000)
  from space 24064K, 91% used [0x00000007ca690000,0x00000007cbbfa900,0x00000007cbe10000)
  to   space 25856K, 0% used [0x00000007d97e0000,0x00000007d97e0000,0x00000007db120000)
 ParOldGen       total 140416K, used 83730K [0x0000000700600000, 0x0000000708f20000, 0x00000007aacb0000)
  object space 140416K, 59% used [0x0000000700600000,0x00000007057c4ac0,0x0000000708f20000)
 PSPermGen       total 36224K, used 17885K [0x00000006fb400000, 0x00000006fd760000, 0x0000000700600000)
  object space 36224K, 49% used [0x00000006fb400000,0x00000006fc5776c8,0x00000006fd760000)
Event: 7.682 GC heap after
Heap after GC invocations=11 (full 1):
 PSYoungGen      total 756096K, used 25548K [0x00000007aacb0000, 0x00000007db0e0000, 0x0000000800000000)
  eden space 730496K, 0% used [0x00000007aacb0000,0x00000007aacb0000,0x00000007d7610000)
  from space 25600K, 99% used [0x00000007d97e0000,0x00000007db0d30e0,0x00000007db0e0000)
  to   space 28416K, 0% used [0x00000007d7960000,0x00000007d7960000,0x00000007d9520000)
 ParOldGen       total 140416K, used 111447K [0x0000000700600000, 0x0000000708f20000, 0x00000007aacb0000)
  object space 140416K, 79% used [0x0000000700600000,0x00000007072d5fd0,0x0000000708f20000)
 PSPermGen       total 36224K, used 17885K [0x00000006fb400000, 0x00000006fd760000, 0x0000000700600000)
  object space 36224K, 49% used [0x00000006fb400000,0x00000006fc5776c8,0x00000006fd760000)
}
Event: 7.682 GC heap before
{Heap before GC invocations=12 (full 2):
 PSYoungGen      total 756096K, used 25548K [0x00000007aacb0000, 0x00000007db0e0000, 0x0000000800000000)
  eden space 730496K, 0% used [0x00000007aacb0000,0x00000007aacb0000,0x00000007d7610000)
  from space 25600K, 99% used [0x00000007d97e0000,0x00000007db0d30e0,0x00000007db0e0000)
  to   space 28416K, 0% used [0x00000007d7960000,0x00000007d7960000,0x00000007d9520000)
 ParOldGen       total 140416K, used 111447K [0x0000000700600000, 0x0000000708f20000, 0x00000007aacb0000)
  object space 140416K, 79% used [0x0000000700600000,0x00000007072d5fd0,0x0000000708f20000)
 PSPermGen       total 36224K, used 17885K [0x00000006fb400000, 0x00000006fd760000, 0x0000000700600000)
  object space 36224K, 49% used [0x00000006fb400000,0x00000006fc5776c8,0x00000006fd760000)
Event: 7.705 GC heap after
Heap after GC invocations=12 (full 2):
 PSYoungGen      total 756096K, used 0K [0x00000007aacb0000, 0x00000007db0e0000, 0x0000000800000000)
  eden space 730496K, 0% used [0x00000007aacb0000,0x00000007aacb0000,0x00000007d7610000)
  from space 25600K, 0% used [0x00000007d97e0000,0x00000007d97e0000,0x00000007db0e0000)
  to   space 28416K, 0% used [0x00000007d7960000,0x00000007d7960000,0x00000007d9520000)
 ParOldGen       total 186432K, used 28566K [0x0000000700600000, 0x000000070bc10000, 0x00000007aacb0000)
  object space 186432K, 15% used [0x0000000700600000,0x00000007021e5940,0x000000070bc10000)
 PSPermGen       total 40448K, used 17885K [0x00000006fb400000, 0x00000006fdb80000, 0x0000000700600000)
  object space 40448K, 44% used [0x00000006fb400000,0x00000006fc577698,0x00000006fdb80000)
}

