# JRE version: 7.0_07-b11
# Java VM: Java HotSpot(TM) 64-Bit Server VM (23.3-b01 mixed mode windows-amd64 compressed oops)
Heap
 PSYoungGen      total 299456K, used 58046K [0x00000007aacb0000, 0x00000007ca550000, 0x0000000800000000)
  eden space 260416K, 22% used [0x00000007aacb0000,0x00000007ae55fa10,0x00000007bab00000)
  from space 39040K, 0% used [0x00000007bab00000,0x00000007bab00000,0x00000007bd120000)
  to   space 43584K, 0% used [0x00000007c7ac0000,0x00000007c7ac0000,0x00000007ca550000)
 ParOldGen       total 201600K, used 15388K [0x0000000700600000, 0x000000070cae0000, 0x00000007aacb0000)
  object space 201600K, 7% used [0x0000000700600000,0x00000007015071d0,0x000000070cae0000)
 PSPermGen       total 37120K, used 17749K [0x00000006fb400000, 0x00000006fd840000, 0x0000000700600000)
  object space 37120K, 47% used [0x00000006fb400000,0x00000006fc5556c8,0x00000006fd840000)
GC Heap History (10 events):
Event: 10.915 GC heap before
{Heap before GC invocations=7 (full 1):
 PSYoungGen      total 297984K, used 286609K [0x00000007aacb0000, 0x00000007bf8b0000, 0x0000000800000000)
  eden space 260416K, 98% used [0x00000007aacb0000,0x00000007ba8198a8,0x00000007bab00000)
  from space 37568K, 77% used [0x00000007bd120000,0x00000007bed9aef0,0x00000007bf5d0000)
  to   space 39040K, 0% used [0x00000007bab00000,0x00000007bab00000,0x00000007bd120000)
 ParOldGen       total 472448K, used 469492K [0x0000000700600000, 0x000000071d360000, 0x00000007aacb0000)
  object space 472448K, 99% used [0x0000000700600000,0x000000071d07d1a8,0x000000071d360000)
 PSPermGen       total 21248K, used 17697K [0x00000006fb400000, 0x00000006fc8c0000, 0x0000000700600000)
  object space 21248K, 83% used [0x00000006fb400000,0x00000006fc548668,0x00000006fc8c0000)
Event: 10.995 GC heap after
Heap after GC invocations=7 (full 1):
 PSYoungGen      total 297984K, used 0K [0x00000007aacb0000, 0x00000007bf8b0000, 0x0000000800000000)
  eden space 260416K, 0% used [0x00000007aacb0000,0x00000007aacb0000,0x00000007bab00000)
  from space 37568K, 0% used [0x00000007bd120000,0x00000007bd120000,0x00000007bf5d0000)
  to   space 39040K, 0% used [0x00000007bab00000,0x00000007bab00000,0x00000007bd120000)
 ParOldGen       total 134400K, used 23787K [0x0000000700600000, 0x0000000708940000, 0x00000007aacb0000)
  object space 134400K, 17% used [0x0000000700600000,0x0000000701d3aee8,0x0000000708940000)
 PSPermGen       total 35648K, used 17691K [0x00000006fb400000, 0x00000006fd6d0000, 0x0000000700600000)
  object space 35648K, 49% used [0x00000006fb400000,0x00000006fc546c50,0x00000006fd6d0000)
}
Event: 14.768 GC heap before
{Heap before GC invocations=8 (full 2):
 PSYoungGen      total 297984K, used 256663K [0x00000007aacb0000, 0x00000007bf8b0000, 0x0000000800000000)
  eden space 260416K, 98% used [0x00000007aacb0000,0x00000007ba755e70,0x00000007bab00000)
  from space 37568K, 0% used [0x00000007bd120000,0x00000007bd120000,0x00000007bf5d0000)
  to   space 39040K, 0% used [0x00000007bab00000,0x00000007bab00000,0x00000007bd120000)
 ParOldGen       total 408000K, used 406513K [0x0000000700600000, 0x0000000719470000, 0x00000007aacb0000)
  object space 408000K, 99% used [0x0000000700600000,0x00000007192fc6d8,0x0000000719470000)
 PSPermGen       total 35648K, used 17695K [0x00000006fb400000, 0x00000006fd6d0000, 0x0000000700600000)
  object space 35648K, 49% used [0x00000006fb400000,0x00000006fc547da0,0x00000006fd6d0000)
Event: 14.812 GC heap after
Heap after GC invocations=8 (full 2):
 PSYoungGen      total 297984K, used 0K [0x00000007aacb0000, 0x00000007bf8b0000, 0x0000000800000000)
  eden space 260416K, 0% used [0x00000007aacb0000,0x00000007aacb0000,0x00000007bab00000)
  from space 37568K, 0% used [0x00000007bd120000,0x00000007bd120000,0x00000007bf5d0000)
  to   space 39040K, 0% used [0x00000007bab00000,0x00000007bab00000,0x00000007bd120000)
 ParOldGen       total 152768K, used 17714K [0x0000000700600000, 0x0000000709b30000, 0x00000007aacb0000)
  object space 152768K, 11% used [0x0000000700600000,0x000000070174c8c0,0x0000000709b30000)
 PSPermGen       total 40384K, used 17695K [0x00000006fb400000, 0x00000006fdb70000, 0x0000000700600000)
  object space 40384K, 43% used [0x00000006fb400000,0x00000006fc547d80,0x00000006fdb70000)
}
Event: 16.215 GC heap before
{Heap before GC invocations=9 (full 2):
 PSYoungGen      total 297984K, used 256147K [0x00000007aacb0000, 0x00000007bf8b0000, 0x0000000800000000)
  eden space 260416K, 98% used [0x00000007aacb0000,0x00000007ba6d4f90,0x00000007bab00000)
  from space 37568K, 0% used [0x00000007bd120000,0x00000007bd120000,0x00000007bf5d0000)
  to   space 39040K, 0% used [0x00000007bab00000,0x00000007bab00000,0x00000007bd120000)
 ParOldGen       total 152768K, used 23789K [0x0000000700600000, 0x0000000709b30000, 0x00000007aacb0000)
  object space 152768K, 15% used [0x0000000700600000,0x0000000701d3b4d0,0x0000000709b30000)
 PSPermGen       total 40384K, used 17701K [0x00000006fb400000, 0x00000006fdb70000, 0x0000000700600000)
  object space 40384K, 43% used [0x00000006fb400000,0x00000006fc549760,0x00000006fdb70000)
Event: 16.223 GC heap after
Heap after GC invocations=9 (full 2):
 PSYoungGen      total 299456K, used 36738K [0x00000007aacb0000, 0x00000007ca550000, 0x0000000800000000)
  eden space 260416K, 0% used [0x00000007aacb0000,0x00000007aacb0000,0x00000007bab00000)
  from space 39040K, 94% used [0x00000007bab00000,0x00000007bcee0860,0x00000007bd120000)
  to   space 43584K, 0% used [0x00000007c7ac0000,0x00000007c7ac0000,0x00000007ca550000)
 ParOldGen       total 152768K, used 23789K [0x0000000700600000, 0x0000000709b30000, 0x00000007aacb0000)
  object space 152768K, 15% used [0x0000000700600000,0x0000000701d3b4d0,0x0000000709b30000)
 PSPermGen       total 40384K, used 17701K [0x00000006fb400000, 0x00000006fdb70000, 0x0000000700600000)
  object space 40384K, 43% used [0x00000006fb400000,0x00000006fc549760,0x00000006fdb70000)
}
Event: 19.782 GC heap before
{Heap before GC invocations=10 (full 3):
 PSYoungGen      total 299456K, used 292737K [0x00000007aacb0000, 0x00000007ca550000, 0x0000000800000000)
  eden space 260416K, 98% used [0x00000007aacb0000,0x00000007ba6afda0,0x00000007bab00000)
  from space 39040K, 94% used [0x00000007bab00000,0x00000007bcee0860,0x00000007bd120000)
  to   space 43584K, 0% used [0x00000007c7ac0000,0x00000007c7ac0000,0x00000007ca550000)
 ParOldGen       total 414208K, used 412590K [0x0000000700600000, 0x0000000719a80000, 0x00000007aacb0000)
  object space 414208K, 99% used [0x0000000700600000,0x00000007198eb8d0,0x0000000719a80000)
 PSPermGen       total 40384K, used 17714K [0x00000006fb400000, 0x00000006fdb70000, 0x0000000700600000)
  object space 40384K, 43% used [0x00000006fb400000,0x00000006fc54caa8,0x00000006fdb70000)
Event: 19.828 GC heap after
Heap after GC invocations=10 (full 3):
 PSYoungGen      total 299456K, used 0K [0x00000007aacb0000, 0x00000007ca550000, 0x0000000800000000)
  eden space 260416K, 0% used [0x00000007aacb0000,0x00000007aacb0000,0x00000007bab00000)
  from space 39040K, 0% used [0x00000007bab00000,0x00000007bab00000,0x00000007bd120000)
  to   space 43584K, 0% used [0x00000007c7ac0000,0x00000007c7ac0000,0x00000007ca550000)
 ParOldGen       total 179648K, used 21465K [0x0000000700600000, 0x000000070b570000, 0x00000007aacb0000)
  object space 179648K, 11% used [0x0000000700600000,0x0000000701af6760,0x000000070b570000)
 PSPermGen       total 38720K, used 17714K [0x00000006fb400000, 0x00000006fd9d0000, 0x0000000700600000)
  object space 38720K, 45% used [0x00000006fb400000,0x00000006fc54caa8,0x00000006fd9d0000)
}
Event: 22.862 GC heap before
{Heap before GC invocations=11 (full 4):
 PSYoungGen      total 299456K, used 255810K [0x00000007aacb0000, 0x00000007ca550000, 0x0000000800000000)
  eden space 260416K, 98% used [0x00000007aacb0000,0x00000007ba6808f0,0x00000007bab00000)
  from space 39040K, 0% used [0x00000007bab00000,0x00000007bab00000,0x00000007bd120000)
  to   space 43584K, 0% used [0x00000007c7ac0000,0x00000007c7ac0000,0x00000007ca550000)
 ParOldGen       total 404608K, used 404191K [0x0000000700600000, 0x0000000719120000, 0x00000007aacb0000)
  object space 404608K, 99% used [0x0000000700600000,0x00000007190b7f50,0x0000000719120000)
 PSPermGen       total 38720K, used 17725K [0x00000006fb400000, 0x00000006fd9d0000, 0x0000000700600000)
  object space 38720K, 45% used [0x00000006fb400000,0x00000006fc54f740,0x00000006fd9d0000)
Event: 22.896 GC heap after
Heap after GC invocations=11 (full 4):
 PSYoungGen      total 299456K, used 0K [0x00000007aacb0000, 0x00000007ca550000, 0x0000000800000000)
  eden space 260416K, 0% used [0x00000007aacb0000,0x00000007aacb0000,0x00000007bab00000)
  from space 39040K, 0% used [0x00000007bab00000,0x00000007bab00000,0x00000007bd120000)
  to   space 43584K, 0% used [0x00000007c7ac0000,0x00000007c7ac0000,0x00000007ca550000)
 ParOldGen       total 201600K, used 15388K [0x0000000700600000, 0x000000070cae0000, 0x00000007aacb0000)
  object space 201600K, 7% used [0x0000000700600000,0x00000007015071d0,0x000000070cae0000)
 PSPermGen       total 37120K, used 17725K [0x00000006fb400000, 0x00000006fd840000, 0x0000000700600000)
  object space 37120K, 47% used [0x00000006fb400000,0x00000006fc54f740,0x00000006fd840000)
}

