# JRE version: 7.0_07-b11
# Java VM: Java HotSpot(TM) 64-Bit Server VM (23.3-b01 mixed mode windows-amd64 compressed oops)
Heap
 PSYoungGen      total 468480K, used 244883K [0x00000007aacb0000, 0x00000007d0ec0000, 0x0000000800000000)
  eden space 432896K, 48% used [0x00000007aacb0000,0x00000007b7919270,0x00000007c5370000)
  from space 35584K, 99% used [0x00000007cd160000,0x00000007cf41bc40,0x00000007cf420000)
  to   space 27264K, 0% used [0x00000007cf420000,0x00000007cf420000,0x00000007d0ec0000)
 ParOldGen       total 372544K, used 354025K [0x0000000700600000, 0x00000007171d0000, 0x00000007aacb0000)
  object space 372544K, 95% used [0x0000000700600000,0x0000000715fba698,0x00000007171d0000)
 PSPermGen       total 22912K, used 18432K [0x00000006fb400000, 0x00000006fca60000, 0x0000000700600000)
  object space 22912K, 80% used [0x00000006fb400000,0x00000006fc6003b0,0x00000006fca60000)
GC Heap History (10 events):
Event: 95.686 GC heap before
{Heap before GC invocations=42 (full 15):
 PSYoungGen      total 488832K, used 488155K [0x00000007aacb0000, 0x00000007d6510000, 0x0000000800000000)
  eden space 488640K, 99% used [0x00000007aacb0000,0x00000007c8936ca8,0x00000007c89e0000)
  from space 192K, 100% used [0x00000007d1680000,0x00000007d16b0000,0x00000007d16b0000)
  to   space 45760K, 0% used [0x00000007d3860000,0x00000007d3860000,0x00000007d6510000)
 ParOldGen       total 652608K, used 651702K [0x0000000700600000, 0x0000000728350000, 0x00000007aacb0000)
  object space 652608K, 99% used [0x0000000700600000,0x000000072826db88,0x0000000728350000)
 PSPermGen       total 23936K, used 18392K [0x00000006fb400000, 0x00000006fcb60000, 0x0000000700600000)
  object space 23936K, 76% used [0x00000006fb400000,0x00000006fc5f6210,0x00000006fcb60000)
Event: 95.731 GC heap after
Heap after GC invocations=42 (full 15):
 PSYoungGen      total 488832K, used 0K [0x00000007aacb0000, 0x00000007d6510000, 0x0000000800000000)
  eden space 488640K, 0% used [0x00000007aacb0000,0x00000007aacb0000,0x00000007c89e0000)
  from space 192K, 0% used [0x00000007d1680000,0x00000007d1680000,0x00000007d16b0000)
  to   space 45760K, 0% used [0x00000007d3860000,0x00000007d3860000,0x00000007d6510000)
 ParOldGen       total 372544K, used 47616K [0x0000000700600000, 0x00000007171d0000, 0x00000007aacb0000)
  object space 372544K, 12% used [0x0000000700600000,0x0000000703480358,0x00000007171d0000)
 PSPermGen       total 22912K, used 18392K [0x00000006fb400000, 0x00000006fca60000, 0x0000000700600000)
  object space 22912K, 80% used [0x00000006fb400000,0x00000006fc5f6210,0x00000006fca60000)
}
Event: 97.594 GC heap before
{Heap before GC invocations=43 (full 15):
 PSYoungGen      total 488832K, used 487807K [0x00000007aacb0000, 0x00000007d6510000, 0x0000000800000000)
  eden space 488640K, 99% used [0x00000007aacb0000,0x00000007c890ffd0,0x00000007c89e0000)
  from space 192K, 0% used [0x00000007d1680000,0x00000007d1680000,0x00000007d16b0000)
  to   space 45760K, 0% used [0x00000007d3860000,0x00000007d3860000,0x00000007d6510000)
 ParOldGen       total 372544K, used 53691K [0x0000000700600000, 0x00000007171d0000, 0x00000007aacb0000)
  object space 372544K, 14% used [0x0000000700600000,0x0000000703a6ef68,0x00000007171d0000)
 PSPermGen       total 22912K, used 18392K [0x00000006fb400000, 0x00000006fca60000, 0x0000000700600000)
  object space 22912K, 80% used [0x00000006fb400000,0x00000006fc5f6210,0x00000006fca60000)
Event: 97.599 GC heap after
Heap after GC invocations=43 (full 15):
 PSYoungGen      total 494528K, used 20727K [0x00000007aacb0000, 0x00000007d4ca0000, 0x0000000800000000)
  eden space 473792K, 0% used [0x00000007aacb0000,0x00000007aacb0000,0x00000007c7b60000)
  from space 20736K, 99% used [0x00000007d3860000,0x00000007d4c9dce0,0x00000007d4ca0000)
  to   space 44480K, 0% used [0x00000007cf5c0000,0x00000007cf5c0000,0x00000007d2130000)
 ParOldGen       total 372544K, used 53691K [0x0000000700600000, 0x00000007171d0000, 0x00000007aacb0000)
  object space 372544K, 14% used [0x0000000700600000,0x0000000703a6ef68,0x00000007171d0000)
 PSPermGen       total 22912K, used 18392K [0x00000006fb400000, 0x00000006fca60000, 0x0000000700600000)
  object space 22912K, 80% used [0x00000006fb400000,0x00000006fc5f6210,0x00000006fca60000)
}
Event: 100.437 GC heap before
{Heap before GC invocations=44 (full 15):
 PSYoungGen      total 494528K, used 493117K [0x00000007aacb0000, 0x00000007d4ca0000, 0x0000000800000000)
  eden space 473792K, 99% used [0x00000007aacb0000,0x00000007c7a01800,0x00000007c7b60000)
  from space 20736K, 99% used [0x00000007d3860000,0x00000007d4c9dce0,0x00000007d4ca0000)
  to   space 44480K, 0% used [0x00000007cf5c0000,0x00000007cf5c0000,0x00000007d2130000)
 ParOldGen       total 372544K, used 354025K [0x0000000700600000, 0x00000007171d0000, 0x00000007aacb0000)
  object space 372544K, 95% used [0x0000000700600000,0x0000000715fba698,0x00000007171d0000)
 PSPermGen       total 22912K, used 18397K [0x00000006fb400000, 0x00000006fca60000, 0x0000000700600000)
  object space 22912K, 80% used [0x00000006fb400000,0x00000006fc5f7400,0x00000006fca60000)
Event: 100.441 GC heap after
Heap after GC invocations=44 (full 15):
 PSYoungGen      total 470080K, used 10475K [0x00000007aacb0000, 0x00000007d3870000, 0x0000000800000000)
  eden space 459584K, 0% used [0x00000007aacb0000,0x00000007aacb0000,0x00000007c6d80000)
  from space 10496K, 99% used [0x00000007cf5c0000,0x00000007cfffae70,0x00000007d0000000)
  to   space 42752K, 0% used [0x00000007d0eb0000,0x00000007d0eb0000,0x00000007d3870000)
 ParOldGen       total 372544K, used 354025K [0x0000000700600000, 0x00000007171d0000, 0x00000007aacb0000)
  object space 372544K, 95% used [0x0000000700600000,0x0000000715fba698,0x00000007171d0000)
 PSPermGen       total 22912K, used 18397K [0x00000006fb400000, 0x00000006fca60000, 0x0000000700600000)
  object space 22912K, 80% used [0x00000006fb400000,0x00000006fc5f7400,0x00000006fca60000)
}
Event: 102.070 GC heap before
{Heap before GC invocations=45 (full 15):
 PSYoungGen      total 470080K, used 466357K [0x00000007aacb0000, 0x00000007d3870000, 0x0000000800000000)
  eden space 459584K, 99% used [0x00000007aacb0000,0x00000007c69e26f8,0x00000007c6d80000)
  from space 10496K, 99% used [0x00000007cf5c0000,0x00000007cfffae70,0x00000007d0000000)
  to   space 42752K, 0% used [0x00000007d0eb0000,0x00000007d0eb0000,0x00000007d3870000)
 ParOldGen       total 372544K, used 354025K [0x0000000700600000, 0x00000007171d0000, 0x00000007aacb0000)
  object space 372544K, 95% used [0x0000000700600000,0x0000000715fba698,0x00000007171d0000)
 PSPermGen       total 22912K, used 18398K [0x00000006fb400000, 0x00000006fca60000, 0x0000000700600000)
  object space 22912K, 80% used [0x00000006fb400000,0x00000006fc5f7ac8,0x00000006fca60000)
Event: 102.074 GC heap after
Heap after GC invocations=45 (full 15):
 PSYoungGen      total 466752K, used 20759K [0x00000007aacb0000, 0x00000007d2300000, 0x0000000800000000)
  eden space 445952K, 0% used [0x00000007aacb0000,0x00000007aacb0000,0x00000007c6030000)
  from space 20800K, 99% used [0x00000007d0eb0000,0x00000007d22f5ce0,0x00000007d2300000)
  to   space 41792K, 0% used [0x00000007cd160000,0x00000007cd160000,0x00000007cfa30000)
 ParOldGen       total 372544K, used 354025K [0x0000000700600000, 0x00000007171d0000, 0x00000007aacb0000)
  object space 372544K, 95% used [0x0000000700600000,0x0000000715fba698,0x00000007171d0000)
 PSPermGen       total 22912K, used 18398K [0x00000006fb400000, 0x00000006fca60000, 0x0000000700600000)
  object space 22912K, 80% used [0x00000006fb400000,0x00000006fc5f7ac8,0x00000006fca60000)
}
Event: 103.711 GC heap before
{Heap before GC invocations=46 (full 15):
 PSYoungGen      total 466752K, used 463751K [0x00000007aacb0000, 0x00000007d2300000, 0x0000000800000000)
  eden space 445952K, 99% used [0x00000007aacb0000,0x00000007c5d4c228,0x00000007c6030000)
  from space 20800K, 99% used [0x00000007d0eb0000,0x00000007d22f5ce0,0x00000007d2300000)
  to   space 41792K, 0% used [0x00000007cd160000,0x00000007cd160000,0x00000007cfa30000)
 ParOldGen       total 372544K, used 354025K [0x0000000700600000, 0x00000007171d0000, 0x00000007aacb0000)
  object space 372544K, 95% used [0x0000000700600000,0x0000000715fba698,0x00000007171d0000)
 PSPermGen       total 22912K, used 18405K [0x00000006fb400000, 0x00000006fca60000, 0x0000000700600000)
  object space 22912K, 80% used [0x00000006fb400000,0x00000006fc5f97f8,0x00000006fca60000)
Event: 103.717 GC heap after
Heap after GC invocations=46 (full 15):
 PSYoungGen      total 468480K, used 35567K [0x00000007aacb0000, 0x00000007d0ec0000, 0x0000000800000000)
  eden space 432896K, 0% used [0x00000007aacb0000,0x00000007aacb0000,0x00000007c5370000)
  from space 35584K, 99% used [0x00000007cd160000,0x00000007cf41bc40,0x00000007cf420000)
  to   space 27264K, 0% used [0x00000007cf420000,0x00000007cf420000,0x00000007d0ec0000)
 ParOldGen       total 372544K, used 354025K [0x0000000700600000, 0x00000007171d0000, 0x00000007aacb0000)
  object space 372544K, 95% used [0x0000000700600000,0x0000000715fba698,0x00000007171d0000)
 PSPermGen       total 22912K, used 18405K [0x00000006fb400000, 0x00000006fca60000, 0x0000000700600000)
  object space 22912K, 80% used [0x00000006fb400000,0x00000006fc5f97f8,0x00000006fca60000)
}

