# JRE version: 7.0_07-b11
# Java VM: Java HotSpot(TM) 64-Bit Server VM (23.3-b01 mixed mode windows-amd64 compressed oops)
Heap
 PSYoungGen      total 1329600K, used 746171K [0x00000007aacb0000, 0x0000000800000000, 0x0000000800000000)
  eden space 1293888K, 54% used [0x00000007aacb0000,0x00000007d6287d40,0x00000007f9c40000)
  from space 35712K, 99% used [0x00000007f9c40000,0x00000007fbf170d0,0x00000007fbf20000)
  to   space 51776K, 0% used [0x00000007fcd70000,0x00000007fcd70000,0x0000000800000000)
 ParOldGen       total 143424K, used 28607K [0x0000000700600000, 0x0000000709210000, 0x00000007aacb0000)
  object space 143424K, 19% used [0x0000000700600000,0x00000007021efe68,0x0000000709210000)
 PSPermGen       total 36736K, used 18349K [0x00000006fb400000, 0x00000006fd7e0000, 0x0000000700600000)
  object space 36736K, 49% used [0x00000006fb400000,0x00000006fc5eb7f0,0x00000006fd7e0000)
GC Heap History (10 events):
Event: 14.929 GC heap before
{Heap before GC invocations=14 (full 1):
 PSYoungGen      total 991552K, used 983042K [0x00000007aacb0000, 0x00000007eb830000, 0x0000000800000000)
  eden space 967296K, 99% used [0x00000007aacb0000,0x00000007e5d24e00,0x00000007e5d50000)
  from space 24256K, 65% used [0x00000007ea080000,0x00000007eb00bbe0,0x00000007eb830000)
  to   space 46528K, 0% used [0x00000007e5d50000,0x00000007e5d50000,0x00000007e8ac0000)
 ParOldGen       total 143424K, used 28383K [0x0000000700600000, 0x0000000709210000, 0x00000007aacb0000)
  object space 143424K, 19% used [0x0000000700600000,0x00000007021b7e08,0x0000000709210000)
 PSPermGen       total 36736K, used 18185K [0x00000006fb400000, 0x00000006fd7e0000, 0x0000000700600000)
  object space 36736K, 49% used [0x00000006fb400000,0x00000006fc5c27c8,0x00000006fd7e0000)
Event: 14.937 GC heap after
Heap after GC invocations=14 (full 1):
 PSYoungGen      total 1013824K, used 5857K [0x00000007aacb0000, 0x00000007fdd10000, 0x0000000800000000)
  eden space 967296K, 0% used [0x00000007aacb0000,0x00000007aacb0000,0x00000007e5d50000)
  from space 46528K, 12% used [0x00000007e5d50000,0x00000007e6308790,0x00000007e8ac0000)
  to   space 48704K, 0% used [0x00000007fad80000,0x00000007fad80000,0x00000007fdd10000)
 ParOldGen       total 143424K, used 28407K [0x0000000700600000, 0x0000000709210000, 0x00000007aacb0000)
  object space 143424K, 19% used [0x0000000700600000,0x00000007021bde08,0x0000000709210000)
 PSPermGen       total 36736K, used 18185K [0x00000006fb400000, 0x00000006fd7e0000, 0x0000000700600000)
  object space 36736K, 49% used [0x00000006fb400000,0x00000006fc5c27c8,0x00000006fd7e0000)
}
Event: 17.078 GC heap before
{Heap before GC invocations=15 (full 1):
 PSYoungGen      total 1013824K, used 971238K [0x00000007aacb0000, 0x00000007fdd10000, 0x0000000800000000)
  eden space 967296K, 99% used [0x00000007aacb0000,0x00000007e5b71288,0x00000007e5d50000)
  from space 46528K, 12% used [0x00000007e5d50000,0x00000007e6308790,0x00000007e8ac0000)
  to   space 48704K, 0% used [0x00000007fad80000,0x00000007fad80000,0x00000007fdd10000)
 ParOldGen       total 143424K, used 28407K [0x0000000700600000, 0x0000000709210000, 0x00000007aacb0000)
  object space 143424K, 19% used [0x0000000700600000,0x00000007021bde08,0x0000000709210000)
 PSPermGen       total 36736K, used 18213K [0x00000006fb400000, 0x00000006fd7e0000, 0x0000000700600000)
  object space 36736K, 49% used [0x00000006fb400000,0x00000006fc5c97f0,0x00000006fd7e0000)
Event: 17.088 GC heap after
Heap after GC invocations=15 (full 1):
 PSYoungGen      total 1280320K, used 36422K [0x00000007aacb0000, 0x00000007fd120000, 0x0000000800000000)
  eden space 1243840K, 0% used [0x00000007aacb0000,0x00000007aacb0000,0x00000007f6b60000)
  from space 36480K, 99% used [0x00000007fad80000,0x00000007fd111880,0x00000007fd120000)
  to   space 50112K, 0% used [0x00000007f6f40000,0x00000007f6f40000,0x00000007fa030000)
 ParOldGen       total 143424K, used 28583K [0x0000000700600000, 0x0000000709210000, 0x00000007aacb0000)
  object space 143424K, 19% used [0x0000000700600000,0x00000007021e9e68,0x0000000709210000)
 PSPermGen       total 36736K, used 18213K [0x00000006fb400000, 0x00000006fd7e0000, 0x0000000700600000)
  object space 36736K, 49% used [0x00000006fb400000,0x00000006fc5c97f0,0x00000006fd7e0000)
}
Event: 19.900 GC heap before
{Heap before GC invocations=16 (full 1):
 PSYoungGen      total 1280320K, used 1280071K [0x00000007aacb0000, 0x00000007fd120000, 0x0000000800000000)
  eden space 1243840K, 99% used [0x00000007aacb0000,0x00000007f6b306c0,0x00000007f6b60000)
  from space 36480K, 99% used [0x00000007fad80000,0x00000007fd111880,0x00000007fd120000)
  to   space 50112K, 0% used [0x00000007f6f40000,0x00000007f6f40000,0x00000007fa030000)
 ParOldGen       total 143424K, used 28583K [0x0000000700600000, 0x0000000709210000, 0x00000007aacb0000)
  object space 143424K, 19% used [0x0000000700600000,0x00000007021e9e68,0x0000000709210000)
 PSPermGen       total 36736K, used 18273K [0x00000006fb400000, 0x00000006fd7e0000, 0x0000000700600000)
  object space 36736K, 49% used [0x00000006fb400000,0x00000006fc5d8570,0x00000006fd7e0000)
Event: 19.904 GC heap after
Heap after GC invocations=16 (full 1):
 PSYoungGen      total 1297920K, used 16300K [0x00000007aacb0000, 0x0000000800000000, 0x0000000800000000)
  eden space 1247808K, 0% used [0x00000007aacb0000,0x00000007aacb0000,0x00000007f6f40000)
  from space 50112K, 32% used [0x00000007f6f40000,0x00000007f7f2b080,0x00000007fa030000)
  to   space 49792K, 0% used [0x00000007fcf60000,0x00000007fcf60000,0x0000000800000000)
 ParOldGen       total 143424K, used 28607K [0x0000000700600000, 0x0000000709210000, 0x00000007aacb0000)
  object space 143424K, 19% used [0x0000000700600000,0x00000007021efe68,0x0000000709210000)
 PSPermGen       total 36736K, used 18273K [0x00000006fb400000, 0x00000006fd7e0000, 0x0000000700600000)
  object space 36736K, 49% used [0x00000006fb400000,0x00000006fc5d8570,0x00000006fd7e0000)
}
Event: 22.575 GC heap before
{Heap before GC invocations=17 (full 1):
 PSYoungGen      total 1297920K, used 1263421K [0x00000007aacb0000, 0x0000000800000000, 0x0000000800000000)
  eden space 1247808K, 99% used [0x00000007aacb0000,0x00000007f6e943b8,0x00000007f6f40000)
  from space 50112K, 32% used [0x00000007f6f40000,0x00000007f7f2b080,0x00000007fa030000)
  to   space 49792K, 0% used [0x00000007fcf60000,0x00000007fcf60000,0x0000000800000000)
 ParOldGen       total 143424K, used 28607K [0x0000000700600000, 0x0000000709210000, 0x00000007aacb0000)
  object space 143424K, 19% used [0x0000000700600000,0x00000007021efe68,0x0000000709210000)
 PSPermGen       total 36736K, used 18292K [0x00000006fb400000, 0x00000006fd7e0000, 0x0000000700600000)
  object space 36736K, 49% used [0x00000006fb400000,0x00000006fc5dd258,0x00000006fd7e0000)
Event: 22.586 GC heap after
Heap after GC invocations=17 (full 1):
 PSYoungGen      total 1343680K, used 36296K [0x00000007aacb0000, 0x0000000800000000, 0x0000000800000000)
  eden space 1293888K, 0% used [0x00000007aacb0000,0x00000007aacb0000,0x00000007f9c40000)
  from space 49792K, 72% used [0x00000007fcf60000,0x00000007ff2d23e0,0x0000000800000000)
  to   space 51072K, 0% used [0x00000007f9c40000,0x00000007f9c40000,0x00000007fce20000)
 ParOldGen       total 143424K, used 28607K [0x0000000700600000, 0x0000000709210000, 0x00000007aacb0000)
  object space 143424K, 19% used [0x0000000700600000,0x00000007021efe68,0x0000000709210000)
 PSPermGen       total 36736K, used 18292K [0x00000006fb400000, 0x00000006fd7e0000, 0x0000000700600000)
  object space 36736K, 49% used [0x00000006fb400000,0x00000006fc5dd258,0x00000006fd7e0000)
}
Event: 25.729 GC heap before
{Heap before GC invocations=18 (full 1):
 PSYoungGen      total 1343680K, used 1329375K [0x00000007aacb0000, 0x0000000800000000, 0x0000000800000000)
  eden space 1293888K, 99% used [0x00000007aacb0000,0x00000007f9b75928,0x00000007f9c40000)
  from space 49792K, 72% used [0x00000007fcf60000,0x00000007ff2d23e0,0x0000000800000000)
  to   space 51072K, 0% used [0x00000007f9c40000,0x00000007f9c40000,0x00000007fce20000)
 ParOldGen       total 143424K, used 28607K [0x0000000700600000, 0x0000000709210000, 0x00000007aacb0000)
  object space 143424K, 19% used [0x0000000700600000,0x00000007021efe68,0x0000000709210000)
 PSPermGen       total 36736K, used 18320K [0x00000006fb400000, 0x00000006fd7e0000, 0x0000000700600000)
  object space 36736K, 49% used [0x00000006fb400000,0x00000006fc5e4018,0x00000006fd7e0000)
Event: 25.735 GC heap after
Heap after GC invocations=18 (full 1):
 PSYoungGen      total 1329600K, used 35676K [0x00000007aacb0000, 0x0000000800000000, 0x0000000800000000)
  eden space 1293888K, 0% used [0x00000007aacb0000,0x00000007aacb0000,0x00000007f9c40000)
  from space 35712K, 99% used [0x00000007f9c40000,0x00000007fbf170d0,0x00000007fbf20000)
  to   space 51776K, 0% used [0x00000007fcd70000,0x00000007fcd70000,0x0000000800000000)
 ParOldGen       total 143424K, used 28607K [0x0000000700600000, 0x0000000709210000, 0x00000007aacb0000)
  object space 143424K, 19% used [0x0000000700600000,0x00000007021efe68,0x0000000709210000)
 PSPermGen       total 36736K, used 18320K [0x00000006fb400000, 0x00000006fd7e0000, 0x0000000700600000)
  object space 36736K, 49% used [0x00000006fb400000,0x00000006fc5e4018,0x00000006fd7e0000)
}

