# JRE version: 7.0_07-b11
# Java VM: Java HotSpot(TM) 64-Bit Server VM (23.3-b01 mixed mode windows-amd64 compressed oops)
Heap
 PSYoungGen      total 141824K, used 141522K [0x00000007aacb0000, 0x00000007bf810000, 0x0000000800000000)
  eden space 130944K, 99% used [0x00000007aacb0000,0x00000007b2c48338,0x00000007b2c90000)
  from space 10880K, 99% used [0x00000007b2c90000,0x00000007b372c4d0,0x00000007b3730000)
  to   space 38720K, 0% used [0x00000007bd240000,0x00000007bd240000,0x00000007bf810000)
 ParOldGen       total 253568K, used 252536K [0x0000000700600000, 0x000000070fda0000, 0x00000007aacb0000)
  object space 253568K, 99% used [0x0000000700600000,0x000000070fc9e158,0x000000070fda0000)
 PSPermGen       total 21248K, used 17724K [0x00000006fb400000, 0x00000006fc8c0000, 0x0000000700600000)
  object space 21248K, 83% used [0x00000006fb400000,0x00000006fc54f098,0x00000006fc8c0000)
GC Heap History (10 events):
Event: 4.133 GC heap before
{Heap before GC invocations=1 (full 0):
 PSYoungGen      total 76352K, used 65472K [0x00000007aacb0000, 0x00000007b01e0000, 0x0000000800000000)
  eden space 65472K, 100% used [0x00000007aacb0000,0x00000007aeca0000,0x00000007aeca0000)
  from space 10880K, 0% used [0x00000007af740000,0x00000007af740000,0x00000007b01e0000)
  to   space 10880K, 0% used [0x00000007aeca0000,0x00000007aeca0000,0x00000007af740000)
 ParOldGen       total 174528K, used 0K [0x0000000700600000, 0x000000070b070000, 0x00000007aacb0000)
  object space 174528K, 0% used [0x0000000700600000,0x0000000700600000,0x000000070b070000)
 PSPermGen       total 21248K, used 17526K [0x00000006fb400000, 0x00000006fc8c0000, 0x0000000700600000)
  object space 21248K, 82% used [0x00000006fb400000,0x00000006fc51d9c0,0x00000006fc8c0000)
Event: 4.142 GC heap after
Heap after GC invocations=1 (full 0):
 PSYoungGen      total 76352K, used 10866K [0x00000007aacb0000, 0x00000007b01e0000, 0x0000000800000000)
  eden space 65472K, 0% used [0x00000007aacb0000,0x00000007aacb0000,0x00000007aeca0000)
  from space 10880K, 99% used [0x00000007aeca0000,0x00000007af73c900,0x00000007af740000)
  to   space 10880K, 0% used [0x00000007af740000,0x00000007af740000,0x00000007b01e0000)
 ParOldGen       total 174528K, used 913K [0x0000000700600000, 0x000000070b070000, 0x00000007aacb0000)
  object space 174528K, 0% used [0x0000000700600000,0x00000007006e47c8,0x000000070b070000)
 PSPermGen       total 21248K, used 17526K [0x00000006fb400000, 0x00000006fc8c0000, 0x0000000700600000)
  object space 21248K, 82% used [0x00000006fb400000,0x00000006fc51d9c0,0x00000006fc8c0000)
}
Event: 4.555 GC heap before
{Heap before GC invocations=2 (full 0):
 PSYoungGen      total 76352K, used 74240K [0x00000007aacb0000, 0x00000007b01e0000, 0x0000000800000000)
  eden space 65472K, 96% used [0x00000007aacb0000,0x00000007aea937d0,0x00000007aeca0000)
  from space 10880K, 99% used [0x00000007aeca0000,0x00000007af73c900,0x00000007af740000)
  to   space 10880K, 0% used [0x00000007af740000,0x00000007af740000,0x00000007b01e0000)
 ParOldGen       total 174528K, used 913K [0x0000000700600000, 0x000000070b070000, 0x00000007aacb0000)
  object space 174528K, 0% used [0x0000000700600000,0x00000007006e47c8,0x000000070b070000)
 PSPermGen       total 21248K, used 17594K [0x00000006fb400000, 0x00000006fc8c0000, 0x0000000700600000)
  object space 21248K, 82% used [0x00000006fb400000,0x00000006fc52e988,0x00000006fc8c0000)
Event: 4.563 GC heap after
Heap after GC invocations=2 (full 0):
 PSYoungGen      total 76352K, used 10852K [0x00000007aacb0000, 0x00000007b41d0000, 0x0000000800000000)
  eden space 65472K, 0% used [0x00000007aacb0000,0x00000007aacb0000,0x00000007aeca0000)
  from space 10880K, 99% used [0x00000007af740000,0x00000007b01d9090,0x00000007b01e0000)
  to   space 10880K, 0% used [0x00000007aeca0000,0x00000007aeca0000,0x00000007af740000)
 ParOldGen       total 174528K, used 18043K [0x0000000700600000, 0x000000070b070000, 0x00000007aacb0000)
  object space 174528K, 10% used [0x0000000700600000,0x000000070179ed38,0x000000070b070000)
 PSPermGen       total 21248K, used 17594K [0x00000006fb400000, 0x00000006fc8c0000, 0x0000000700600000)
  object space 21248K, 82% used [0x00000006fb400000,0x00000006fc52e988,0x00000006fc8c0000)
}
Event: 5.091 GC heap before
{Heap before GC invocations=3 (full 0):
 PSYoungGen      total 76352K, used 74026K [0x00000007aacb0000, 0x00000007b41d0000, 0x0000000800000000)
  eden space 65472K, 96% used [0x00000007aacb0000,0x00000007aea618e8,0x00000007aeca0000)
  from space 10880K, 99% used [0x00000007af740000,0x00000007b01d9090,0x00000007b01e0000)
  to   space 10880K, 0% used [0x00000007aeca0000,0x00000007aeca0000,0x00000007af740000)
 ParOldGen       total 174528K, used 18043K [0x0000000700600000, 0x000000070b070000, 0x00000007aacb0000)
  object space 174528K, 10% used [0x0000000700600000,0x000000070179ed38,0x000000070b070000)
 PSPermGen       total 21248K, used 17642K [0x00000006fb400000, 0x00000006fc8c0000, 0x0000000700600000)
  object space 21248K, 83% used [0x00000006fb400000,0x00000006fc53aa60,0x00000006fc8c0000)
Event: 5.097 GC heap after
Heap after GC invocations=3 (full 0):
 PSYoungGen      total 76352K, used 10852K [0x00000007aacb0000, 0x00000007b41d0000, 0x0000000800000000)
  eden space 65472K, 0% used [0x00000007aacb0000,0x00000007aacb0000,0x00000007aeca0000)
  from space 10880K, 99% used [0x00000007aeca0000,0x00000007af739090,0x00000007af740000)
  to   space 10880K, 0% used [0x00000007b3730000,0x00000007b3730000,0x00000007b41d0000)
 ParOldGen       total 174528K, used 30284K [0x0000000700600000, 0x000000070b070000, 0x00000007aacb0000)
  object space 174528K, 17% used [0x0000000700600000,0x0000000702393148,0x000000070b070000)
 PSPermGen       total 21248K, used 17642K [0x00000006fb400000, 0x00000006fc8c0000, 0x0000000700600000)
  object space 21248K, 83% used [0x00000006fb400000,0x00000006fc53aa60,0x00000006fc8c0000)
}
Event: 5.619 GC heap before
{Heap before GC invocations=4 (full 0):
 PSYoungGen      total 76352K, used 72907K [0x00000007aacb0000, 0x00000007b41d0000, 0x0000000800000000)
  eden space 65472K, 94% used [0x00000007aacb0000,0x00000007ae949cf0,0x00000007aeca0000)
  from space 10880K, 99% used [0x00000007aeca0000,0x00000007af739090,0x00000007af740000)
  to   space 10880K, 0% used [0x00000007b3730000,0x00000007b3730000,0x00000007b41d0000)
 ParOldGen       total 174528K, used 30284K [0x0000000700600000, 0x000000070b070000, 0x00000007aacb0000)
  object space 174528K, 17% used [0x0000000700600000,0x0000000702393148,0x000000070b070000)
 PSPermGen       total 21248K, used 17644K [0x00000006fb400000, 0x00000006fc8c0000, 0x0000000700600000)
  object space 21248K, 83% used [0x00000006fb400000,0x00000006fc53b3f0,0x00000006fc8c0000)
Event: 5.628 GC heap after
Heap after GC invocations=4 (full 0):
 PSYoungGen      total 141824K, used 10852K [0x00000007aacb0000, 0x00000007b41d0000, 0x0000000800000000)
  eden space 130944K, 0% used [0x00000007aacb0000,0x00000007aacb0000,0x00000007b2c90000)
  from space 10880K, 99% used [0x00000007b3730000,0x00000007b41c9090,0x00000007b41d0000)
  to   space 10880K, 0% used [0x00000007b2c90000,0x00000007b2c90000,0x00000007b3730000)
 ParOldGen       total 174528K, used 53236K [0x0000000700600000, 0x000000070b070000, 0x00000007aacb0000)
  object space 174528K, 30% used [0x0000000700600000,0x00000007039fd318,0x000000070b070000)
 PSPermGen       total 21248K, used 17644K [0x00000006fb400000, 0x00000006fc8c0000, 0x0000000700600000)
  object space 21248K, 83% used [0x00000006fb400000,0x00000006fc53b3f0,0x00000006fc8c0000)
}
Event: 6.693 GC heap before
{Heap before GC invocations=5 (full 0):
 PSYoungGen      total 141824K, used 136438K [0x00000007aacb0000, 0x00000007b41d0000, 0x0000000800000000)
  eden space 130944K, 95% used [0x00000007aacb0000,0x00000007b2754a00,0x00000007b2c90000)
  from space 10880K, 99% used [0x00000007b3730000,0x00000007b41c9090,0x00000007b41d0000)
  to   space 10880K, 0% used [0x00000007b2c90000,0x00000007b2c90000,0x00000007b3730000)
 ParOldGen       total 174528K, used 59311K [0x0000000700600000, 0x000000070b070000, 0x00000007aacb0000)
  object space 174528K, 33% used [0x0000000700600000,0x0000000703febf28,0x000000070b070000)
 PSPermGen       total 21248K, used 17695K [0x00000006fb400000, 0x00000006fc8c0000, 0x0000000700600000)
  object space 21248K, 83% used [0x00000006fb400000,0x00000006fc547e98,0x00000006fc8c0000)
Event: 6.702 GC heap after
Heap after GC invocations=5 (full 0):
 PSYoungGen      total 141824K, used 10865K [0x00000007aacb0000, 0x00000007bf810000, 0x0000000800000000)
  eden space 130944K, 0% used [0x00000007aacb0000,0x00000007aacb0000,0x00000007b2c90000)
  from space 10880K, 99% used [0x00000007b2c90000,0x00000007b372c4d0,0x00000007b3730000)
  to   space 38720K, 0% used [0x00000007bd240000,0x00000007bd240000,0x00000007bf810000)
 ParOldGen       total 174528K, used 76360K [0x0000000700600000, 0x000000070b070000, 0x00000007aacb0000)
  object space 174528K, 43% used [0x0000000700600000,0x0000000705092388,0x000000070b070000)
 PSPermGen       total 21248K, used 17695K [0x00000006fb400000, 0x00000006fc8c0000, 0x0000000700600000)
  object space 21248K, 83% used [0x00000006fb400000,0x00000006fc547e98,0x00000006fc8c0000)
}

