# JRE version: 7.0_07-b11
# Java VM: Java HotSpot(TM) 64-Bit Server VM (23.3-b01 mixed mode windows-amd64 compressed oops)
Heap
 PSYoungGen      total 76352K, used 73774K [0x00000007aacb0000, 0x00000007b7010000, 0x0000000800000000)
  eden space 65472K, 99% used [0x00000007aacb0000,0x00000007aec848b8,0x00000007aeca0000)
  from space 10880K, 77% used [0x00000007aeca0000,0x00000007af4d7220,0x00000007af740000)
  to   space 34560K, 0% used [0x00000007b4e50000,0x00000007b4e50000,0x00000007b7010000)
 ParOldGen       total 174528K, used 77276K [0x0000000700600000, 0x000000070b070000, 0x00000007aacb0000)
  object space 174528K, 44% used [0x0000000700600000,0x00000007051772f8,0x000000070b070000)
 PSPermGen       total 21248K, used 17996K [0x00000006fb400000, 0x00000006fc8c0000, 0x0000000700600000)
  object space 21248K, 84% used [0x00000006fb400000,0x00000006fc593058,0x00000006fc8c0000)
GC Heap History (10 events):
Event: 3.931 GC heap before
{Heap before GC invocations=1 (full 0):
 PSYoungGen      total 76352K, used 65472K [0x00000007aacb0000, 0x00000007b01e0000, 0x0000000800000000)
  eden space 65472K, 100% used [0x00000007aacb0000,0x00000007aeca0000,0x00000007aeca0000)
  from space 10880K, 0% used [0x00000007af740000,0x00000007af740000,0x00000007b01e0000)
  to   space 10880K, 0% used [0x00000007aeca0000,0x00000007aeca0000,0x00000007af740000)
 ParOldGen       total 174528K, used 0K [0x0000000700600000, 0x000000070b070000, 0x00000007aacb0000)
  object space 174528K, 0% used [0x0000000700600000,0x0000000700600000,0x000000070b070000)
 PSPermGen       total 21248K, used 17229K [0x00000006fb400000, 0x00000006fc8c0000, 0x0000000700600000)
  object space 21248K, 81% used [0x00000006fb400000,0x00000006fc4d3758,0x00000006fc8c0000)
Event: 3.940 GC heap after
Heap after GC invocations=1 (full 0):
 PSYoungGen      total 76352K, used 8140K [0x00000007aacb0000, 0x00000007b01e0000, 0x0000000800000000)
  eden space 65472K, 0% used [0x00000007aacb0000,0x00000007aacb0000,0x00000007aeca0000)
  from space 10880K, 74% used [0x00000007aeca0000,0x00000007af4932c8,0x00000007af740000)
  to   space 10880K, 0% used [0x00000007af740000,0x00000007af740000,0x00000007b01e0000)
 ParOldGen       total 174528K, used 8K [0x0000000700600000, 0x000000070b070000, 0x00000007aacb0000)
  object space 174528K, 0% used [0x0000000700600000,0x0000000700602000,0x000000070b070000)
 PSPermGen       total 21248K, used 17229K [0x00000006fb400000, 0x00000006fc8c0000, 0x0000000700600000)
  object space 21248K, 81% used [0x00000006fb400000,0x00000006fc4d3758,0x00000006fc8c0000)
}
Event: 6.225 GC heap before
{Heap before GC invocations=2 (full 0):
 PSYoungGen      total 76352K, used 72581K [0x00000007aacb0000, 0x00000007b01e0000, 0x0000000800000000)
  eden space 65472K, 98% used [0x00000007aacb0000,0x00000007aeb9e420,0x00000007aeca0000)
  from space 10880K, 74% used [0x00000007aeca0000,0x00000007af4932c8,0x00000007af740000)
  to   space 10880K, 0% used [0x00000007af740000,0x00000007af740000,0x00000007b01e0000)
 ParOldGen       total 174528K, used 8K [0x0000000700600000, 0x000000070b070000, 0x00000007aacb0000)
  object space 174528K, 0% used [0x0000000700600000,0x0000000700602000,0x000000070b070000)
 PSPermGen       total 21248K, used 17918K [0x00000006fb400000, 0x00000006fc8c0000, 0x0000000700600000)
  object space 21248K, 84% used [0x00000006fb400000,0x00000006fc57fa88,0x00000006fc8c0000)
Event: 6.236 GC heap after
Heap after GC invocations=2 (full 0):
 PSYoungGen      total 76352K, used 10878K [0x00000007aacb0000, 0x00000007b01e0000, 0x0000000800000000)
  eden space 65472K, 0% used [0x00000007aacb0000,0x00000007aacb0000,0x00000007aeca0000)
  from space 10880K, 99% used [0x00000007af740000,0x00000007b01df940,0x00000007b01e0000)
  to   space 10880K, 0% used [0x00000007aeca0000,0x00000007aeca0000,0x00000007af740000)
 ParOldGen       total 174528K, used 24500K [0x0000000700600000, 0x000000070b070000, 0x00000007aacb0000)
  object space 174528K, 14% used [0x0000000700600000,0x0000000701ded018,0x000000070b070000)
 PSPermGen       total 21248K, used 17918K [0x00000006fb400000, 0x00000006fc8c0000, 0x0000000700600000)
  object space 21248K, 84% used [0x00000006fb400000,0x00000006fc57fa88,0x00000006fc8c0000)
}
Event: 6.468 GC heap before
{Heap before GC invocations=3 (full 0):
 PSYoungGen      total 76352K, used 73009K [0x00000007aacb0000, 0x00000007b01e0000, 0x0000000800000000)
  eden space 65472K, 94% used [0x00000007aacb0000,0x00000007ae95caf0,0x00000007aeca0000)
  from space 10880K, 99% used [0x00000007af740000,0x00000007b01df940,0x00000007b01e0000)
  to   space 10880K, 0% used [0x00000007aeca0000,0x00000007aeca0000,0x00000007af740000)
 ParOldGen       total 174528K, used 24500K [0x0000000700600000, 0x000000070b070000, 0x00000007aacb0000)
  object space 174528K, 14% used [0x0000000700600000,0x0000000701ded018,0x000000070b070000)
 PSPermGen       total 21248K, used 17920K [0x00000006fb400000, 0x00000006fc8c0000, 0x0000000700600000)
  object space 21248K, 84% used [0x00000006fb400000,0x00000006fc5800f8,0x00000006fc8c0000)
Event: 6.472 GC heap after
Heap after GC invocations=3 (full 0):
 PSYoungGen      total 76352K, used 8412K [0x00000007aacb0000, 0x00000007b01e0000, 0x0000000800000000)
  eden space 65472K, 0% used [0x00000007aacb0000,0x00000007aacb0000,0x00000007aeca0000)
  from space 10880K, 77% used [0x00000007aeca0000,0x00000007af4d7240,0x00000007af740000)
  to   space 10880K, 0% used [0x00000007af740000,0x00000007af740000,0x00000007b01e0000)
 ParOldGen       total 174528K, used 30575K [0x0000000700600000, 0x000000070b070000, 0x00000007aacb0000)
  object space 174528K, 17% used [0x0000000700600000,0x00000007023dbc28,0x000000070b070000)
 PSPermGen       total 21248K, used 17920K [0x00000006fb400000, 0x00000006fc8c0000, 0x0000000700600000)
  object space 21248K, 84% used [0x00000006fb400000,0x00000006fc5800f8,0x00000006fc8c0000)
}
Event: 6.691 GC heap before
{Heap before GC invocations=4 (full 0):
 PSYoungGen      total 76352K, used 73037K [0x00000007aacb0000, 0x00000007b01e0000, 0x0000000800000000)
  eden space 65472K, 98% used [0x00000007aacb0000,0x00000007aebcc1c8,0x00000007aeca0000)
  from space 10880K, 77% used [0x00000007aeca0000,0x00000007af4d7240,0x00000007af740000)
  to   space 10880K, 0% used [0x00000007af740000,0x00000007af740000,0x00000007b01e0000)
 ParOldGen       total 174528K, used 30575K [0x0000000700600000, 0x000000070b070000, 0x00000007aacb0000)
  object space 174528K, 17% used [0x0000000700600000,0x00000007023dbc28,0x000000070b070000)
 PSPermGen       total 21248K, used 17922K [0x00000006fb400000, 0x00000006fc8c0000, 0x0000000700600000)
  object space 21248K, 84% used [0x00000006fb400000,0x00000006fc580b20,0x00000006fc8c0000)
Event: 6.699 GC heap after
Heap after GC invocations=4 (full 0):
 PSYoungGen      total 76352K, used 8348K [0x00000007aacb0000, 0x00000007b41d0000, 0x0000000800000000)
  eden space 65472K, 0% used [0x00000007aacb0000,0x00000007aacb0000,0x00000007aeca0000)
  from space 10880K, 76% used [0x00000007af740000,0x00000007aff67220,0x00000007b01e0000)
  to   space 10880K, 0% used [0x00000007aeca0000,0x00000007aeca0000,0x00000007af740000)
 ParOldGen       total 174528K, used 55634K [0x0000000700600000, 0x000000070b070000, 0x00000007aacb0000)
  object space 174528K, 31% used [0x0000000700600000,0x0000000703c549f8,0x000000070b070000)
 PSPermGen       total 21248K, used 17922K [0x00000006fb400000, 0x00000006fc8c0000, 0x0000000700600000)
  object space 21248K, 84% used [0x00000006fb400000,0x00000006fc580b20,0x00000006fc8c0000)
}
Event: 6.922 GC heap before
{Heap before GC invocations=5 (full 0):
 PSYoungGen      total 76352K, used 69479K [0x00000007aacb0000, 0x00000007b41d0000, 0x0000000800000000)
  eden space 65472K, 93% used [0x00000007aacb0000,0x00000007ae862be8,0x00000007aeca0000)
  from space 10880K, 76% used [0x00000007af740000,0x00000007aff67220,0x00000007b01e0000)
  to   space 10880K, 0% used [0x00000007aeca0000,0x00000007aeca0000,0x00000007af740000)
 ParOldGen       total 174528K, used 61709K [0x0000000700600000, 0x000000070b070000, 0x00000007aacb0000)
  object space 174528K, 35% used [0x0000000700600000,0x0000000704243608,0x000000070b070000)
 PSPermGen       total 21248K, used 17961K [0x00000006fb400000, 0x00000006fc8c0000, 0x0000000700600000)
  object space 21248K, 84% used [0x00000006fb400000,0x00000006fc58a758,0x00000006fc8c0000)
Event: 6.926 GC heap after
Heap after GC invocations=5 (full 0):
 PSYoungGen      total 76352K, used 8412K [0x00000007aacb0000, 0x00000007b7010000, 0x0000000800000000)
  eden space 65472K, 0% used [0x00000007aacb0000,0x00000007aacb0000,0x00000007aeca0000)
  from space 10880K, 77% used [0x00000007aeca0000,0x00000007af4d7220,0x00000007af740000)
  to   space 34560K, 0% used [0x00000007b4e50000,0x00000007b4e50000,0x00000007b7010000)
 ParOldGen       total 174528K, used 61709K [0x0000000700600000, 0x000000070b070000, 0x00000007aacb0000)
  object space 174528K, 35% used [0x0000000700600000,0x0000000704243608,0x000000070b070000)
 PSPermGen       total 21248K, used 17961K [0x00000006fb400000, 0x00000006fc8c0000, 0x0000000700600000)
  object space 21248K, 84% used [0x00000006fb400000,0x00000006fc58a758,0x00000006fc8c0000)
}

