# JRE version: 7.0_07-b11
# Java VM: Java HotSpot(TM) 64-Bit Server VM (23.3-b01 mixed mode windows-amd64 compressed oops)
Heap
 PSYoungGen      total 267904K, used 254323K [0x00000007aacb0000, 0x00000007c24b0000, 0x0000000800000000)
  eden space 214912K, 98% used [0x00000007aacb0000,0x00000007b7b50280,0x00000007b7e90000)
  from space 52992K, 80% used [0x00000007b7e90000,0x00000007ba84cc00,0x00000007bb250000)
  to   space 57152K, 0% used [0x00000007bece0000,0x00000007bece0000,0x00000007c24b0000)
 ParOldGen       total 230848K, used 201605K [0x0000000700600000, 0x000000070e770000, 0x00000007aacb0000)
  object space 230848K, 87% used [0x0000000700600000,0x000000070cae1758,0x000000070e770000)
 PSPermGen       total 39232K, used 17989K [0x00000006fb400000, 0x00000006fda50000, 0x0000000700600000)
  object space 39232K, 45% used [0x00000006fb400000,0x00000006fc591448,0x00000006fda50000)
GC Heap History (10 events):
Event: 10.717 GC heap before
{Heap before GC invocations=12 (full 3):
 PSYoungGen      total 178880K, used 174718K [0x00000007aacb0000, 0x00000007b8dc0000, 0x0000000800000000)
  eden space 146112K, 99% used [0x00000007aacb0000,0x00000007b3ab9f80,0x00000007b3b60000)
  from space 32768K, 89% used [0x00000007b6dc0000,0x00000007b8a55bd0,0x00000007b8dc0000)
  to   space 42176K, 0% used [0x00000007b3b60000,0x00000007b3b60000,0x00000007b6490000)
 ParOldGen       total 230848K, used 25430K [0x0000000700600000, 0x000000070e770000, 0x00000007aacb0000)
  object space 230848K, 11% used [0x0000000700600000,0x0000000701ed5918,0x000000070e770000)
 PSPermGen       total 39232K, used 17979K [0x00000006fb400000, 0x00000006fda50000, 0x0000000700600000)
  object space 39232K, 45% used [0x00000006fb400000,0x00000006fc58ef20,0x00000006fda50000)
Event: 10.721 GC heap after
Heap after GC invocations=12 (full 3):
 PSYoungGen      total 188288K, used 32455K [0x00000007aacb0000, 0x00000007bb5c0000, 0x0000000800000000)
  eden space 146112K, 0% used [0x00000007aacb0000,0x00000007aacb0000,0x00000007b3b60000)
  from space 42176K, 76% used [0x00000007b3b60000,0x00000007b5b11d90,0x00000007b6490000)
  to   space 45376K, 0% used [0x00000007b8970000,0x00000007b8970000,0x00000007bb5c0000)
 ParOldGen       total 230848K, used 25430K [0x0000000700600000, 0x000000070e770000, 0x00000007aacb0000)
  object space 230848K, 11% used [0x0000000700600000,0x0000000701ed5918,0x000000070e770000)
 PSPermGen       total 39232K, used 17979K [0x00000006fb400000, 0x00000006fda50000, 0x0000000700600000)
  object space 39232K, 45% used [0x00000006fb400000,0x00000006fc58ef20,0x00000006fda50000)
}
Event: 10.989 GC heap before
{Heap before GC invocations=13 (full 3):
 PSYoungGen      total 188288K, used 176873K [0x00000007aacb0000, 0x00000007bb5c0000, 0x0000000800000000)
  eden space 146112K, 98% used [0x00000007aacb0000,0x00000007b39b8898,0x00000007b3b60000)
  from space 42176K, 76% used [0x00000007b3b60000,0x00000007b5b11d90,0x00000007b6490000)
  to   space 45376K, 0% used [0x00000007b8970000,0x00000007b8970000,0x00000007bb5c0000)
 ParOldGen       total 230848K, used 25430K [0x0000000700600000, 0x000000070e770000, 0x00000007aacb0000)
  object space 230848K, 11% used [0x0000000700600000,0x0000000701ed5918,0x000000070e770000)
 PSPermGen       total 39232K, used 17980K [0x00000006fb400000, 0x00000006fda50000, 0x0000000700600000)
  object space 39232K, 45% used [0x00000006fb400000,0x00000006fc58f110,0x00000006fda50000)
Event: 10.999 GC heap after
Heap after GC invocations=13 (full 3):
 PSYoungGen      total 219264K, used 44669K [0x00000007aacb0000, 0x00000007bc870000, 0x0000000800000000)
  eden space 173888K, 0% used [0x00000007aacb0000,0x00000007aacb0000,0x00000007b5680000)
  from space 45376K, 98% used [0x00000007b8970000,0x00000007bb50f5b0,0x00000007bb5c0000)
  to   space 52160K, 0% used [0x00000007b5680000,0x00000007b5680000,0x00000007b8970000)
 ParOldGen       total 230848K, used 37580K [0x0000000700600000, 0x000000070e770000, 0x00000007aacb0000)
  object space 230848K, 16% used [0x0000000700600000,0x0000000702ab3138,0x000000070e770000)
 PSPermGen       total 39232K, used 17980K [0x00000006fb400000, 0x00000006fda50000, 0x0000000700600000)
  object space 39232K, 45% used [0x00000006fb400000,0x00000006fc58f110,0x00000006fda50000)
}
Event: 11.326 GC heap before
{Heap before GC invocations=14 (full 3):
 PSYoungGen      total 219264K, used 214591K [0x00000007aacb0000, 0x00000007bc870000, 0x0000000800000000)
  eden space 173888K, 97% used [0x00000007aacb0000,0x00000007b52a08c0,0x00000007b5680000)
  from space 45376K, 98% used [0x00000007b8970000,0x00000007bb50f5b0,0x00000007bb5c0000)
  to   space 52160K, 0% used [0x00000007b5680000,0x00000007b5680000,0x00000007b8970000)
 ParOldGen       total 230848K, used 37580K [0x0000000700600000, 0x000000070e770000, 0x00000007aacb0000)
  object space 230848K, 16% used [0x0000000700600000,0x0000000702ab3138,0x000000070e770000)
 PSPermGen       total 39232K, used 17980K [0x00000006fb400000, 0x00000006fda50000, 0x0000000700600000)
  object space 39232K, 45% used [0x00000006fb400000,0x00000006fc58f110,0x00000006fda50000)
Event: 11.330 GC heap after
Heap after GC invocations=14 (full 3):
 PSYoungGen      total 226048K, used 21128K [0x00000007aacb0000, 0x00000007be270000, 0x0000000800000000)
  eden space 173888K, 0% used [0x00000007aacb0000,0x00000007aacb0000,0x00000007b5680000)
  from space 52160K, 40% used [0x00000007b5680000,0x00000007b6b22300,0x00000007b8970000)
  to   space 49280K, 0% used [0x00000007bb250000,0x00000007bb250000,0x00000007be270000)
 ParOldGen       total 230848K, used 37580K [0x0000000700600000, 0x000000070e770000, 0x00000007aacb0000)
  object space 230848K, 16% used [0x0000000700600000,0x0000000702ab3138,0x000000070e770000)
 PSPermGen       total 39232K, used 17980K [0x00000006fb400000, 0x00000006fda50000, 0x0000000700600000)
  object space 39232K, 45% used [0x00000006fb400000,0x00000006fc58f110,0x00000006fda50000)
}
Event: 11.655 GC heap before
{Heap before GC invocations=15 (full 3):
 PSYoungGen      total 226048K, used 190953K [0x00000007aacb0000, 0x00000007be270000, 0x0000000800000000)
  eden space 173888K, 97% used [0x00000007aacb0000,0x00000007b5288418,0x00000007b5680000)
  from space 52160K, 40% used [0x00000007b5680000,0x00000007b6b22300,0x00000007b8970000)
  to   space 49280K, 0% used [0x00000007bb250000,0x00000007bb250000,0x00000007be270000)
 ParOldGen       total 230848K, used 37580K [0x0000000700600000, 0x000000070e770000, 0x00000007aacb0000)
  object space 230848K, 16% used [0x0000000700600000,0x0000000702ab3138,0x000000070e770000)
 PSPermGen       total 39232K, used 17981K [0x00000006fb400000, 0x00000006fda50000, 0x0000000700600000)
  object space 39232K, 45% used [0x00000006fb400000,0x00000006fc58f4b8,0x00000006fda50000)
Event: 11.666 GC heap after
Heap after GC invocations=15 (full 3):
 PSYoungGen      total 264192K, used 39353K [0x00000007aacb0000, 0x00000007bed10000, 0x0000000800000000)
  eden space 214912K, 0% used [0x00000007aacb0000,0x00000007aacb0000,0x00000007b7e90000)
  from space 49280K, 79% used [0x00000007bb250000,0x00000007bd8be730,0x00000007be270000)
  to   space 52992K, 0% used [0x00000007b7e90000,0x00000007b7e90000,0x00000007bb250000)
 ParOldGen       total 230848K, used 37580K [0x0000000700600000, 0x000000070e770000, 0x00000007aacb0000)
  object space 230848K, 16% used [0x0000000700600000,0x0000000702ab3138,0x000000070e770000)
 PSPermGen       total 39232K, used 17981K [0x00000006fb400000, 0x00000006fda50000, 0x0000000700600000)
  object space 39232K, 45% used [0x00000006fb400000,0x00000006fc58f4b8,0x00000006fda50000)
}
Event: 12.082 GC heap before
{Heap before GC invocations=16 (full 3):
 PSYoungGen      total 264192K, used 253089K [0x00000007aacb0000, 0x00000007bed10000, 0x0000000800000000)
  eden space 214912K, 99% used [0x00000007aacb0000,0x00000007b7d69ec8,0x00000007b7e90000)
  from space 49280K, 79% used [0x00000007bb250000,0x00000007bd8be730,0x00000007be270000)
  to   space 52992K, 0% used [0x00000007b7e90000,0x00000007b7e90000,0x00000007bb250000)
 ParOldGen       total 230848K, used 43655K [0x0000000700600000, 0x000000070e770000, 0x00000007aacb0000)
  object space 230848K, 18% used [0x0000000700600000,0x00000007030a1d48,0x000000070e770000)
 PSPermGen       total 39232K, used 17981K [0x00000006fb400000, 0x00000006fda50000, 0x0000000700600000)
  object space 39232K, 45% used [0x00000006fb400000,0x00000006fc58f658,0x00000006fda50000)
Event: 12.088 GC heap after
Heap after GC invocations=16 (full 3):
 PSYoungGen      total 267904K, used 42739K [0x00000007aacb0000, 0x00000007c24b0000, 0x0000000800000000)
  eden space 214912K, 0% used [0x00000007aacb0000,0x00000007aacb0000,0x00000007b7e90000)
  from space 52992K, 80% used [0x00000007b7e90000,0x00000007ba84cc00,0x00000007bb250000)
  to   space 57152K, 0% used [0x00000007bece0000,0x00000007bece0000,0x00000007c24b0000)
 ParOldGen       total 230848K, used 43655K [0x0000000700600000, 0x000000070e770000, 0x00000007aacb0000)
  object space 230848K, 18% used [0x0000000700600000,0x00000007030a1d48,0x000000070e770000)
 PSPermGen       total 39232K, used 17981K [0x00000006fb400000, 0x00000006fda50000, 0x0000000700600000)
  object space 39232K, 45% used [0x00000006fb400000,0x00000006fc58f658,0x00000006fda50000)
}

