# JRE version: 7.0_07-b11
# Java VM: Java HotSpot(TM) 64-Bit Server VM (23.3-b01 mixed mode windows-amd64 compressed oops)
Heap
 PSYoungGen      total 141824K, used 135652K [0x00000007aacb0000, 0x00000007b41d0000, 0x0000000800000000)
  eden space 130944K, 95% used [0x00000007aacb0000,0x00000007b268d590,0x00000007b2c90000)
  from space 10880K, 99% used [0x00000007b3730000,0x00000007b41cbae0,0x00000007b41d0000)
  to   space 10880K, 0% used [0x00000007b2c90000,0x00000007b2c90000,0x00000007b3730000)
 ParOldGen       total 174528K, used 44388K [0x0000000700600000, 0x000000070b070000, 0x00000007aacb0000)
  object space 174528K, 25% used [0x0000000700600000,0x0000000703159198,0x000000070b070000)
 PSPermGen       total 21248K, used 17608K [0x00000006fb400000, 0x00000006fc8c0000, 0x0000000700600000)
  object space 21248K, 82% used [0x00000006fb400000,0x00000006fc532378,0x00000006fc8c0000)
GC Heap History (8 events):
Event: 4.184 GC heap before
{Heap before GC invocations=1 (full 0):
 PSYoungGen      total 76352K, used 65472K [0x00000007aacb0000, 0x00000007b01e0000, 0x0000000800000000)
  eden space 65472K, 100% used [0x00000007aacb0000,0x00000007aeca0000,0x00000007aeca0000)
  from space 10880K, 0% used [0x00000007af740000,0x00000007af740000,0x00000007b01e0000)
  to   space 10880K, 0% used [0x00000007aeca0000,0x00000007aeca0000,0x00000007af740000)
 ParOldGen       total 174528K, used 0K [0x0000000700600000, 0x000000070b070000, 0x00000007aacb0000)
  object space 174528K, 0% used [0x0000000700600000,0x0000000700600000,0x000000070b070000)
 PSPermGen       total 21248K, used 17495K [0x00000006fb400000, 0x00000006fc8c0000, 0x0000000700600000)
  object space 21248K, 82% used [0x00000006fb400000,0x00000006fc515d78,0x00000006fc8c0000)
Event: 4.194 GC heap after
Heap after GC invocations=1 (full 0):
 PSYoungGen      total 76352K, used 10878K [0x00000007aacb0000, 0x00000007b01e0000, 0x0000000800000000)
  eden space 65472K, 0% used [0x00000007aacb0000,0x00000007aacb0000,0x00000007aeca0000)
  from space 10880K, 99% used [0x00000007aeca0000,0x00000007af73fa50,0x00000007af740000)
  to   space 10880K, 0% used [0x00000007af740000,0x00000007af740000,0x00000007b01e0000)
 ParOldGen       total 174528K, used 5546K [0x0000000700600000, 0x000000070b070000, 0x00000007aacb0000)
  object space 174528K, 3% used [0x0000000700600000,0x0000000700b6ab78,0x000000070b070000)
 PSPermGen       total 21248K, used 17495K [0x00000006fb400000, 0x00000006fc8c0000, 0x0000000700600000)
  object space 21248K, 82% used [0x00000006fb400000,0x00000006fc515d78,0x00000006fc8c0000)
}
Event: 4.918 GC heap before
{Heap before GC invocations=2 (full 0):
 PSYoungGen      total 76352K, used 73570K [0x00000007aacb0000, 0x00000007b01e0000, 0x0000000800000000)
  eden space 65472K, 95% used [0x00000007aacb0000,0x00000007ae9e8e68,0x00000007aeca0000)
  from space 10880K, 99% used [0x00000007aeca0000,0x00000007af73fa50,0x00000007af740000)
  to   space 10880K, 0% used [0x00000007af740000,0x00000007af740000,0x00000007b01e0000)
 ParOldGen       total 174528K, used 5546K [0x0000000700600000, 0x000000070b070000, 0x00000007aacb0000)
  object space 174528K, 3% used [0x0000000700600000,0x0000000700b6ab78,0x000000070b070000)
 PSPermGen       total 21248K, used 17577K [0x00000006fb400000, 0x00000006fc8c0000, 0x0000000700600000)
  object space 21248K, 82% used [0x00000006fb400000,0x00000006fc52a578,0x00000006fc8c0000)
Event: 4.927 GC heap after
Heap after GC invocations=2 (full 0):
 PSYoungGen      total 76352K, used 8650K [0x00000007aacb0000, 0x00000007b01e0000, 0x0000000800000000)
  eden space 65472K, 0% used [0x00000007aacb0000,0x00000007aacb0000,0x00000007aeca0000)
  from space 10880K, 79% used [0x00000007af740000,0x00000007affb2b60,0x00000007b01e0000)
  to   space 10880K, 0% used [0x00000007aeca0000,0x00000007aeca0000,0x00000007af740000)
 ParOldGen       total 174528K, used 23779K [0x0000000700600000, 0x000000070b070000, 0x00000007aacb0000)
  object space 174528K, 13% used [0x0000000700600000,0x0000000701d38fa8,0x000000070b070000)
 PSPermGen       total 21248K, used 17577K [0x00000006fb400000, 0x00000006fc8c0000, 0x0000000700600000)
  object space 21248K, 82% used [0x00000006fb400000,0x00000006fc52a578,0x00000006fc8c0000)
}
Event: 5.245 GC heap before
{Heap before GC invocations=3 (full 0):
 PSYoungGen      total 76352K, used 71825K [0x00000007aacb0000, 0x00000007b01e0000, 0x0000000800000000)
  eden space 65472K, 96% used [0x00000007aacb0000,0x00000007aea61a78,0x00000007aeca0000)
  from space 10880K, 79% used [0x00000007af740000,0x00000007affb2b60,0x00000007b01e0000)
  to   space 10880K, 0% used [0x00000007aeca0000,0x00000007aeca0000,0x00000007af740000)
 ParOldGen       total 174528K, used 23779K [0x0000000700600000, 0x000000070b070000, 0x00000007aacb0000)
  object space 174528K, 13% used [0x0000000700600000,0x0000000701d38fa8,0x000000070b070000)
 PSPermGen       total 21248K, used 17579K [0x00000006fb400000, 0x00000006fc8c0000, 0x0000000700600000)
  object space 21248K, 82% used [0x00000006fb400000,0x00000006fc52af08,0x00000006fc8c0000)
Event: 5.250 GC heap after
Heap after GC invocations=3 (full 0):
 PSYoungGen      total 76352K, used 10878K [0x00000007aacb0000, 0x00000007b41d0000, 0x0000000800000000)
  eden space 65472K, 0% used [0x00000007aacb0000,0x00000007aacb0000,0x00000007aeca0000)
  from space 10880K, 99% used [0x00000007aeca0000,0x00000007af73faf0,0x00000007af740000)
  to   space 10880K, 0% used [0x00000007b3730000,0x00000007b3730000,0x00000007b41d0000)
 ParOldGen       total 174528K, used 27462K [0x0000000700600000, 0x000000070b070000, 0x00000007aacb0000)
  object space 174528K, 15% used [0x0000000700600000,0x00000007020d1bc8,0x000000070b070000)
 PSPermGen       total 21248K, used 17579K [0x00000006fb400000, 0x00000006fc8c0000, 0x0000000700600000)
  object space 21248K, 82% used [0x00000006fb400000,0x00000006fc52af08,0x00000006fc8c0000)
}
Event: 5.422 GC heap before
{Heap before GC invocations=4 (full 0):
 PSYoungGen      total 76352K, used 73222K [0x00000007aacb0000, 0x00000007b41d0000, 0x0000000800000000)
  eden space 65472K, 95% used [0x00000007aacb0000,0x00000007ae991f00,0x00000007aeca0000)
  from space 10880K, 99% used [0x00000007aeca0000,0x00000007af73faf0,0x00000007af740000)
  to   space 10880K, 0% used [0x00000007b3730000,0x00000007b3730000,0x00000007b41d0000)
 ParOldGen       total 174528K, used 27462K [0x0000000700600000, 0x000000070b070000, 0x00000007aacb0000)
  object space 174528K, 15% used [0x0000000700600000,0x00000007020d1bc8,0x000000070b070000)
 PSPermGen       total 21248K, used 17581K [0x00000006fb400000, 0x00000006fc8c0000, 0x0000000700600000)
  object space 21248K, 82% used [0x00000006fb400000,0x00000006fc52b7c0,0x00000006fc8c0000)
Event: 5.430 GC heap after
Heap after GC invocations=4 (full 0):
 PSYoungGen      total 141824K, used 10862K [0x00000007aacb0000, 0x00000007b41d0000, 0x0000000800000000)
  eden space 130944K, 0% used [0x00000007aacb0000,0x00000007aacb0000,0x00000007b2c90000)
  from space 10880K, 99% used [0x00000007b3730000,0x00000007b41cbae0,0x00000007b41d0000)
  to   space 10880K, 0% used [0x00000007b2c90000,0x00000007b2c90000,0x00000007b3730000)
 ParOldGen       total 174528K, used 44388K [0x0000000700600000, 0x000000070b070000, 0x00000007aacb0000)
  object space 174528K, 25% used [0x0000000700600000,0x0000000703159198,0x000000070b070000)
 PSPermGen       total 21248K, used 17581K [0x00000006fb400000, 0x00000006fc8c0000, 0x0000000700600000)
  object space 21248K, 82% used [0x00000006fb400000,0x00000006fc52b7c0,0x00000006fc8c0000)
}

