# JRE version: 7.0_07-b11
# Java VM: Java HotSpot(TM) 64-Bit Server VM (23.3-b01 mixed mode windows-amd64 compressed oops)
Heap
 PSYoungGen      total 915840K, used 609116K [0x00000007aacb0000, 0x00000007e8aa0000, 0x0000000800000000)
  eden space 840320K, 65% used [0x00000007aacb0000,0x00000007cc7997c8,0x00000007de150000)
  from space 75520K, 75% used [0x00000007e2fe0000,0x00000007e67cd960,0x00000007e79a0000)
  to   space 80448K, 0% used [0x00000007de150000,0x00000007de150000,0x00000007e2fe0000)
 ParOldGen       total 449216K, used 291890K [0x0000000700600000, 0x000000071bcb0000, 0x00000007aacb0000)
  object space 449216K, 64% used [0x0000000700600000,0x000000071230cb08,0x000000071bcb0000)
 PSPermGen       total 33856K, used 18168K [0x00000006fb400000, 0x00000006fd510000, 0x0000000700600000)
  object space 33856K, 53% used [0x00000006fb400000,0x00000006fc5be040,0x00000006fd510000)
GC Heap History (10 events):
Event: 46.402 GC heap before
{Heap before GC invocations=46 (full 6):
 PSYoungGen      total 807360K, used 783018K [0x00000007aacb0000, 0x00000007e3880000, 0x0000000800000000)
  eden space 730880K, 99% used [0x00000007aacb0000,0x00000007d749fde0,0x00000007d7670000)
  from space 76480K, 70% used [0x00000007d7670000,0x00000007dab2aca0,0x00000007dc120000)
  to   space 80128K, 0% used [0x00000007dea40000,0x00000007dea40000,0x00000007e3880000)
 ParOldGen       total 449216K, used 157287K [0x0000000700600000, 0x000000071bcb0000, 0x00000007aacb0000)
  object space 449216K, 35% used [0x0000000700600000,0x0000000709f99cc0,0x000000071bcb0000)
 PSPermGen       total 33856K, used 18145K [0x00000006fb400000, 0x00000006fd510000, 0x0000000700600000)
  object space 33856K, 53% used [0x00000006fb400000,0x00000006fc5b84e8,0x00000006fd510000)
Event: 46.411 GC heap after
Heap after GC invocations=46 (full 6):
 PSYoungGen      total 848064K, used 28888K [0x00000007aacb0000, 0x00000007e3440000, 0x0000000800000000)
  eden space 772288K, 0% used [0x00000007aacb0000,0x00000007aacb0000,0x00000007d9ee0000)
  from space 75776K, 38% used [0x00000007dea40000,0x00000007e0676110,0x00000007e3440000)
  to   space 76480K, 0% used [0x00000007d9ee0000,0x00000007d9ee0000,0x00000007de990000)
 ParOldGen       total 449216K, used 157287K [0x0000000700600000, 0x000000071bcb0000, 0x00000007aacb0000)
  object space 449216K, 35% used [0x0000000700600000,0x0000000709f99cc0,0x000000071bcb0000)
 PSPermGen       total 33856K, used 18145K [0x00000006fb400000, 0x00000006fd510000, 0x0000000700600000)
  object space 33856K, 53% used [0x00000006fb400000,0x00000006fc5b84e8,0x00000006fd510000)
}
Event: 48.093 GC heap before
{Heap before GC invocations=47 (full 6):
 PSYoungGen      total 848064K, used 801102K [0x00000007aacb0000, 0x00000007e3440000, 0x0000000800000000)
  eden space 772288K, 99% used [0x00000007aacb0000,0x00000007d9ecd9c0,0x00000007d9ee0000)
  from space 75776K, 38% used [0x00000007dea40000,0x00000007e0676110,0x00000007e3440000)
  to   space 76480K, 0% used [0x00000007d9ee0000,0x00000007d9ee0000,0x00000007de990000)
 ParOldGen       total 449216K, used 160828K [0x0000000700600000, 0x000000071bcb0000, 0x00000007aacb0000)
  object space 449216K, 35% used [0x0000000700600000,0x000000070a30f000,0x000000071bcb0000)
 PSPermGen       total 33856K, used 18145K [0x00000006fb400000, 0x00000006fd510000, 0x0000000700600000)
  object space 33856K, 53% used [0x00000006fb400000,0x00000006fc5b85f0,0x00000006fd510000)
Event: 48.102 GC heap after
Heap after GC invocations=47 (full 6):
 PSYoungGen      total 848768K, used 51195K [0x00000007aacb0000, 0x00000007e6010000, 0x0000000800000000)
  eden space 772288K, 0% used [0x00000007aacb0000,0x00000007aacb0000,0x00000007d9ee0000)
  from space 76480K, 66% used [0x00000007d9ee0000,0x00000007dd0ded60,0x00000007de990000)
  to   space 78656K, 0% used [0x00000007e1340000,0x00000007e1340000,0x00000007e6010000)
 ParOldGen       total 449216K, used 160828K [0x0000000700600000, 0x000000071bcb0000, 0x00000007aacb0000)
  object space 449216K, 35% used [0x0000000700600000,0x000000070a30f000,0x000000071bcb0000)
 PSPermGen       total 33856K, used 18145K [0x00000006fb400000, 0x00000006fd510000, 0x0000000700600000)
  object space 33856K, 53% used [0x00000006fb400000,0x00000006fc5b85f0,0x00000006fd510000)
}
Event: 49.960 GC heap before
{Heap before GC invocations=48 (full 6):
 PSYoungGen      total 848768K, used 823483K [0x00000007aacb0000, 0x00000007e6010000, 0x0000000800000000)
  eden space 772288K, 100% used [0x00000007aacb0000,0x00000007d9ee0000,0x00000007d9ee0000)
  from space 76480K, 66% used [0x00000007d9ee0000,0x00000007dd0ded60,0x00000007de990000)
  to   space 78656K, 0% used [0x00000007e1340000,0x00000007e1340000,0x00000007e6010000)
 ParOldGen       total 449216K, used 233316K [0x0000000700600000, 0x000000071bcb0000, 0x00000007aacb0000)
  object space 449216K, 51% used [0x0000000700600000,0x000000070e9d9378,0x000000071bcb0000)
 PSPermGen       total 33856K, used 18146K [0x00000006fb400000, 0x00000006fd510000, 0x0000000700600000)
  object space 33856K, 53% used [0x00000006fb400000,0x00000006fc5b89a0,0x00000006fd510000)
Event: 49.965 GC heap after
Heap after GC invocations=48 (full 6):
 PSYoungGen      total 882880K, used 18513K [0x00000007aacb0000, 0x00000007e5a80000, 0x0000000800000000)
  eden space 809920K, 0% used [0x00000007aacb0000,0x00000007aacb0000,0x00000007dc3a0000)
  from space 72960K, 25% used [0x00000007e1340000,0x00000007e2554430,0x00000007e5a80000)
  to   space 77248K, 0% used [0x00000007dc3a0000,0x00000007dc3a0000,0x00000007e0f10000)
 ParOldGen       total 449216K, used 233316K [0x0000000700600000, 0x000000071bcb0000, 0x00000007aacb0000)
  object space 449216K, 51% used [0x0000000700600000,0x000000070e9d9378,0x000000071bcb0000)
 PSPermGen       total 33856K, used 18146K [0x00000006fb400000, 0x00000006fd510000, 0x0000000700600000)
  object space 33856K, 53% used [0x00000006fb400000,0x00000006fc5b89a0,0x00000006fd510000)
}
Event: 51.897 GC heap before
{Heap before GC invocations=49 (full 6):
 PSYoungGen      total 882880K, used 828433K [0x00000007aacb0000, 0x00000007e5a80000, 0x0000000800000000)
  eden space 809920K, 100% used [0x00000007aacb0000,0x00000007dc3a0000,0x00000007dc3a0000)
  from space 72960K, 25% used [0x00000007e1340000,0x00000007e2554430,0x00000007e5a80000)
  to   space 77248K, 0% used [0x00000007dc3a0000,0x00000007dc3a0000,0x00000007e0f10000)
 ParOldGen       total 449216K, used 291890K [0x0000000700600000, 0x000000071bcb0000, 0x00000007aacb0000)
  object space 449216K, 64% used [0x0000000700600000,0x000000071230cb08,0x000000071bcb0000)
 PSPermGen       total 33856K, used 18148K [0x00000006fb400000, 0x00000006fd510000, 0x0000000700600000)
  object space 33856K, 53% used [0x00000006fb400000,0x00000006fc5b93e0,0x00000006fd510000)
Event: 51.900 GC heap after
Heap after GC invocations=49 (full 6):
 PSYoungGen      total 887168K, used 18449K [0x00000007aacb0000, 0x00000007e79a0000, 0x0000000800000000)
  eden space 809920K, 0% used [0x00000007aacb0000,0x00000007aacb0000,0x00000007dc3a0000)
  from space 77248K, 23% used [0x00000007dc3a0000,0x00000007dd5a4430,0x00000007e0f10000)
  to   space 75520K, 0% used [0x00000007e2fe0000,0x00000007e2fe0000,0x00000007e79a0000)
 ParOldGen       total 449216K, used 291890K [0x0000000700600000, 0x000000071bcb0000, 0x00000007aacb0000)
  object space 449216K, 64% used [0x0000000700600000,0x000000071230cb08,0x000000071bcb0000)
 PSPermGen       total 33856K, used 18148K [0x00000006fb400000, 0x00000006fd510000, 0x0000000700600000)
  object space 33856K, 53% used [0x00000006fb400000,0x00000006fc5b93e0,0x00000006fd510000)
}
Event: 53.677 GC heap before
{Heap before GC invocations=50 (full 6):
 PSYoungGen      total 887168K, used 825979K [0x00000007aacb0000, 0x00000007e79a0000, 0x0000000800000000)
  eden space 809920K, 99% used [0x00000007aacb0000,0x00000007dc14ab60,0x00000007dc3a0000)
  from space 77248K, 23% used [0x00000007dc3a0000,0x00000007dd5a4430,0x00000007e0f10000)
  to   space 75520K, 0% used [0x00000007e2fe0000,0x00000007e2fe0000,0x00000007e79a0000)
 ParOldGen       total 449216K, used 291890K [0x0000000700600000, 0x000000071bcb0000, 0x00000007aacb0000)
  object space 449216K, 64% used [0x0000000700600000,0x000000071230cb08,0x000000071bcb0000)
 PSPermGen       total 33856K, used 18155K [0x00000006fb400000, 0x00000006fd510000, 0x0000000700600000)
  object space 33856K, 53% used [0x00000006fb400000,0x00000006fc5baee0,0x00000006fd510000)
Event: 53.691 GC heap after
Heap after GC invocations=50 (full 6):
 PSYoungGen      total 915840K, used 57270K [0x00000007aacb0000, 0x00000007e8aa0000, 0x0000000800000000)
  eden space 840320K, 0% used [0x00000007aacb0000,0x00000007aacb0000,0x00000007de150000)
  from space 75520K, 75% used [0x00000007e2fe0000,0x00000007e67cd960,0x00000007e79a0000)
  to   space 80448K, 0% used [0x00000007de150000,0x00000007de150000,0x00000007e2fe0000)
 ParOldGen       total 449216K, used 291890K [0x0000000700600000, 0x000000071bcb0000, 0x00000007aacb0000)
  object space 449216K, 64% used [0x0000000700600000,0x000000071230cb08,0x000000071bcb0000)
 PSPermGen       total 33856K, used 18155K [0x00000006fb400000, 0x00000006fd510000, 0x0000000700600000)
  object space 33856K, 53% used [0x00000006fb400000,0x00000006fc5baee0,0x00000006fd510000)
}

