# JRE version: 7.0_07-b11
# Java VM: Java HotSpot(TM) 64-Bit Server VM (23.3-b01 mixed mode windows-amd64 compressed oops)
Heap
 PSYoungGen      total 57472K, used 20451K [0x00000007aacb0000, 0x00000007b0390000, 0x0000000800000000)
  eden space 29440K, 33% used [0x00000007aacb0000,0x00000007ab666128,0x00000007ac970000)
  from space 28032K, 37% used [0x00000007ae830000,0x00000007af272e70,0x00000007b0390000)
  to   space 29760K, 0% used [0x00000007ac970000,0x00000007ac970000,0x00000007ae680000)
 ParOldGen       total 174528K, used 88857K [0x0000000700600000, 0x000000070b070000, 0x00000007aacb0000)
  object space 174528K, 50% used [0x0000000700600000,0x0000000705cc6618,0x000000070b070000)
 PSPermGen       total 21248K, used 18040K [0x00000006fb400000, 0x00000006fc8c0000, 0x0000000700600000)
  object space 21248K, 84% used [0x00000006fb400000,0x00000006fc59e2f8,0x00000006fc8c0000)
GC Heap History (10 events):
Event: 21.770 GC heap before
{Heap before GC invocations=28 (full 0):
 PSYoungGen      total 42240K, used 39076K [0x00000007aacb0000, 0x00000007b1330000, 0x0000000800000000)
  eden space 31744K, 90% used [0x00000007aacb0000,0x00000007ac89e408,0x00000007acbb0000)
  from space 10496K, 99% used [0x00000007acc30000,0x00000007ad66ae70,0x00000007ad670000)
  to   space 36608K, 0% used [0x00000007aef70000,0x00000007aef70000,0x00000007b1330000)
 ParOldGen       total 174528K, used 88721K [0x0000000700600000, 0x000000070b070000, 0x00000007aacb0000)
  object space 174528K, 50% used [0x0000000700600000,0x0000000705ca4618,0x000000070b070000)
 PSPermGen       total 21248K, used 18009K [0x00000006fb400000, 0x00000006fc8c0000, 0x0000000700600000)
  object space 21248K, 84% used [0x00000006fb400000,0x00000006fc596498,0x00000006fc8c0000)
Event: 21.772 GC heap after
Heap after GC invocations=28 (full 0):
 PSYoungGen      total 64384K, used 10443K [0x00000007aacb0000, 0x00000007b0fd0000, 0x0000000800000000)
  eden space 31232K, 0% used [0x00000007aacb0000,0x00000007aacb0000,0x00000007acb30000)
  from space 33152K, 31% used [0x00000007aef70000,0x00000007af9a2e70,0x00000007b0fd0000)
  to   space 35136K, 0% used [0x00000007acb30000,0x00000007acb30000,0x00000007aed80000)
 ParOldGen       total 174528K, used 88745K [0x0000000700600000, 0x000000070b070000, 0x00000007aacb0000)
  object space 174528K, 50% used [0x0000000700600000,0x0000000705caa618,0x000000070b070000)
 PSPermGen       total 21248K, used 18009K [0x00000006fb400000, 0x00000006fc8c0000, 0x0000000700600000)
  object space 21248K, 84% used [0x00000006fb400000,0x00000006fc596498,0x00000006fc8c0000)
}
Event: 22.161 GC heap before
{Heap before GC invocations=29 (full 0):
 PSYoungGen      total 64384K, used 38947K [0x00000007aacb0000, 0x00000007b0fd0000, 0x0000000800000000)
  eden space 31232K, 91% used [0x00000007aacb0000,0x00000007ac886108,0x00000007acb30000)
  from space 33152K, 31% used [0x00000007aef70000,0x00000007af9a2e70,0x00000007b0fd0000)
  to   space 35136K, 0% used [0x00000007acb30000,0x00000007acb30000,0x00000007aed80000)
 ParOldGen       total 174528K, used 88745K [0x0000000700600000, 0x000000070b070000, 0x00000007aacb0000)
  object space 174528K, 50% used [0x0000000700600000,0x0000000705caa618,0x000000070b070000)
 PSPermGen       total 21248K, used 18009K [0x00000006fb400000, 0x00000006fc8c0000, 0x0000000700600000)
  object space 21248K, 84% used [0x00000006fb400000,0x00000006fc596570,0x00000006fc8c0000)
Event: 22.163 GC heap after
Heap after GC invocations=29 (full 0):
 PSYoungGen      total 41280K, used 10443K [0x00000007aacb0000, 0x00000007b0cc0000, 0x0000000800000000)
  eden space 30784K, 0% used [0x00000007aacb0000,0x00000007aacb0000,0x00000007acac0000)
  from space 10496K, 99% used [0x00000007acb30000,0x00000007ad562e70,0x00000007ad570000)
  to   space 33792K, 0% used [0x00000007aebc0000,0x00000007aebc0000,0x00000007b0cc0000)
 ParOldGen       total 174528K, used 88785K [0x0000000700600000, 0x000000070b070000, 0x00000007aacb0000)
  object space 174528K, 50% used [0x0000000700600000,0x0000000705cb4618,0x000000070b070000)
 PSPermGen       total 21248K, used 18009K [0x00000006fb400000, 0x00000006fc8c0000, 0x0000000700600000)
  object space 21248K, 84% used [0x00000006fb400000,0x00000006fc596570,0x00000006fc8c0000)
}
Event: 22.551 GC heap before
{Heap before GC invocations=30 (full 0):
 PSYoungGen      total 41280K, used 38961K [0x00000007aacb0000, 0x00000007b0cc0000, 0x0000000800000000)
  eden space 30784K, 92% used [0x00000007aacb0000,0x00000007ac8898e0,0x00000007acac0000)
  from space 10496K, 99% used [0x00000007acb30000,0x00000007ad562e70,0x00000007ad570000)
  to   space 33792K, 0% used [0x00000007aebc0000,0x00000007aebc0000,0x00000007b0cc0000)
 ParOldGen       total 174528K, used 88785K [0x0000000700600000, 0x000000070b070000, 0x00000007aacb0000)
  object space 174528K, 50% used [0x0000000700600000,0x0000000705cb4618,0x000000070b070000)
 PSPermGen       total 21248K, used 18009K [0x00000006fb400000, 0x00000006fc8c0000, 0x0000000700600000)
  object space 21248K, 84% used [0x00000006fb400000,0x00000006fc596570,0x00000006fc8c0000)
Event: 22.552 GC heap after
Heap after GC invocations=30 (full 0):
 PSYoungGen      total 60864K, used 10475K [0x00000007aacb0000, 0x00000007b0990000, 0x0000000800000000)
  eden space 30336K, 0% used [0x00000007aacb0000,0x00000007aacb0000,0x00000007aca50000)
  from space 30528K, 34% used [0x00000007aebc0000,0x00000007af5fae70,0x00000007b0990000)
  to   space 32384K, 0% used [0x00000007aca50000,0x00000007aca50000,0x00000007ae9f0000)
 ParOldGen       total 174528K, used 88793K [0x0000000700600000, 0x000000070b070000, 0x00000007aacb0000)
  object space 174528K, 50% used [0x0000000700600000,0x0000000705cb6618,0x000000070b070000)
 PSPermGen       total 21248K, used 18009K [0x00000006fb400000, 0x00000006fc8c0000, 0x0000000700600000)
  object space 21248K, 84% used [0x00000006fb400000,0x00000006fc596570,0x00000006fc8c0000)
}
Event: 22.949 GC heap before
{Heap before GC invocations=31 (full 0):
 PSYoungGen      total 60864K, used 38984K [0x00000007aacb0000, 0x00000007b0990000, 0x0000000800000000)
  eden space 30336K, 93% used [0x00000007aacb0000,0x00000007ac8872b8,0x00000007aca50000)
  from space 30528K, 34% used [0x00000007aebc0000,0x00000007af5fae70,0x00000007b0990000)
  to   space 32384K, 0% used [0x00000007aca50000,0x00000007aca50000,0x00000007ae9f0000)
 ParOldGen       total 174528K, used 88793K [0x0000000700600000, 0x000000070b070000, 0x00000007aacb0000)
  object space 174528K, 50% used [0x0000000700600000,0x0000000705cb6618,0x000000070b070000)
 PSPermGen       total 21248K, used 18016K [0x00000006fb400000, 0x00000006fc8c0000, 0x0000000700600000)
  object space 21248K, 84% used [0x00000006fb400000,0x00000006fc5981c8,0x00000006fc8c0000)
Event: 22.953 GC heap after
Heap after GC invocations=31 (full 0):
 PSYoungGen      total 40384K, used 10475K [0x00000007aacb0000, 0x00000007b0680000, 0x0000000800000000)
  eden space 29888K, 0% used [0x00000007aacb0000,0x00000007aacb0000,0x00000007ac9e0000)
  from space 10496K, 99% used [0x00000007aca50000,0x00000007ad48ae70,0x00000007ad490000)
  to   space 31040K, 0% used [0x00000007ae830000,0x00000007ae830000,0x00000007b0680000)
 ParOldGen       total 174528K, used 88817K [0x0000000700600000, 0x000000070b070000, 0x00000007aacb0000)
  object space 174528K, 50% used [0x0000000700600000,0x0000000705cbc618,0x000000070b070000)
 PSPermGen       total 21248K, used 18016K [0x00000006fb400000, 0x00000006fc8c0000, 0x0000000700600000)
  object space 21248K, 84% used [0x00000006fb400000,0x00000006fc5981c8,0x00000006fc8c0000)
}
Event: 23.386 GC heap before
{Heap before GC invocations=32 (full 0):
 PSYoungGen      total 40384K, used 38978K [0x00000007aacb0000, 0x00000007b0680000, 0x0000000800000000)
  eden space 29888K, 95% used [0x00000007aacb0000,0x00000007ac8859a8,0x00000007ac9e0000)
  from space 10496K, 99% used [0x00000007aca50000,0x00000007ad48ae70,0x00000007ad490000)
  to   space 31040K, 0% used [0x00000007ae830000,0x00000007ae830000,0x00000007b0680000)
 ParOldGen       total 174528K, used 88817K [0x0000000700600000, 0x000000070b070000, 0x00000007aacb0000)
  object space 174528K, 50% used [0x0000000700600000,0x0000000705cbc618,0x000000070b070000)
 PSPermGen       total 21248K, used 18016K [0x00000006fb400000, 0x00000006fc8c0000, 0x0000000700600000)
  object space 21248K, 84% used [0x00000006fb400000,0x00000006fc5981c8,0x00000006fc8c0000)
Event: 23.389 GC heap after
Heap after GC invocations=32 (full 0):
 PSYoungGen      total 57472K, used 10507K [0x00000007aacb0000, 0x00000007b0390000, 0x0000000800000000)
  eden space 29440K, 0% used [0x00000007aacb0000,0x00000007aacb0000,0x00000007ac970000)
  from space 28032K, 37% used [0x00000007ae830000,0x00000007af272e70,0x00000007b0390000)
  to   space 29760K, 0% used [0x00000007ac970000,0x00000007ac970000,0x00000007ae680000)
 ParOldGen       total 174528K, used 88857K [0x0000000700600000, 0x000000070b070000, 0x00000007aacb0000)
  object space 174528K, 50% used [0x0000000700600000,0x0000000705cc6618,0x000000070b070000)
 PSPermGen       total 21248K, used 18016K [0x00000006fb400000, 0x00000006fc8c0000, 0x0000000700600000)
  object space 21248K, 84% used [0x00000006fb400000,0x00000006fc5981c8,0x00000006fc8c0000)
}

