# JRE version: 7.0_07-b11
# Java VM: Java HotSpot(TM) 64-Bit Server VM (23.3-b01 mixed mode windows-amd64 compressed oops)
Heap
 PSYoungGen      total 924992K, used 856236K [0x00000007aacb0000, 0x00000007ea3c0000, 0x0000000800000000)
  eden space 886592K, 93% used [0x00000007aacb0000,0x00000007dd215ed8,0x00000007e0e80000)
  from space 38400K, 82% used [0x00000007e7e40000,0x00000007e9d05520,0x00000007ea3c0000)
  to   space 76416K, 0% used [0x00000007e0e80000,0x00000007e0e80000,0x00000007e5920000)
 ParOldGen       total 477632K, used 53491K [0x0000000700600000, 0x000000071d870000, 0x00000007aacb0000)
  object space 477632K, 11% used [0x0000000700600000,0x0000000703a3cc48,0x000000071d870000)
 PSPermGen       total 27648K, used 18381K [0x00000006fb400000, 0x00000006fcf00000, 0x0000000700600000)
  object space 27648K, 66% used [0x00000006fb400000,0x00000006fc5f3490,0x00000006fcf00000)
GC Heap History (10 events):
Event: 107.637 GC heap before
{Heap before GC invocations=50 (full 9):
 PSYoungGen      total 1045312K, used 1020960K [0x00000007aacb0000, 0x00000007f2c40000, 0x0000000800000000)
  eden space 1020736K, 100% used [0x00000007aacb0000,0x00000007e9180000,0x00000007e9180000)
  from space 24576K, 0% used [0x00000007f1440000,0x00000007f1478000,0x00000007f2c40000)
  to   space 79232K, 0% used [0x00000007e9180000,0x00000007e9180000,0x00000007edee0000)
 ParOldGen       total 486784K, used 391685K [0x0000000700600000, 0x000000071e160000, 0x00000007aacb0000)
  object space 486784K, 80% used [0x0000000700600000,0x0000000718481690,0x000000071e160000)
 PSPermGen       total 29312K, used 18347K [0x00000006fb400000, 0x00000006fd0a0000, 0x0000000700600000)
  object space 29312K, 62% used [0x00000006fb400000,0x00000006fc5ead90,0x00000006fd0a0000)
Event: 107.641 GC heap after
Heap after GC invocations=50 (full 9):
 PSYoungGen      total 991552K, used 6532K [0x00000007aacb0000, 0x00000007f1450000, 0x0000000800000000)
  eden space 984960K, 0% used [0x00000007aacb0000,0x00000007aacb0000,0x00000007e6e90000)
  from space 6592K, 99% used [0x00000007e9180000,0x00000007e97e1308,0x00000007e97f0000)
  to   space 78656K, 0% used [0x00000007ec780000,0x00000007ec780000,0x00000007f1450000)
 ParOldGen       total 486784K, used 391685K [0x0000000700600000, 0x000000071e160000, 0x00000007aacb0000)
  object space 486784K, 80% used [0x0000000700600000,0x0000000718481690,0x000000071e160000)
 PSPermGen       total 29312K, used 18347K [0x00000006fb400000, 0x00000006fd0a0000, 0x0000000700600000)
  object space 29312K, 62% used [0x00000006fb400000,0x00000006fc5ead90,0x00000006fd0a0000)
}
Event: 111.055 GC heap before
{Heap before GC invocations=51 (full 10):
 PSYoungGen      total 991552K, used 991481K [0x00000007aacb0000, 0x00000007f1450000, 0x0000000800000000)
  eden space 984960K, 99% used [0x00000007aacb0000,0x00000007e6e8d130,0x00000007e6e90000)
  from space 6592K, 99% used [0x00000007e9180000,0x00000007e97e1308,0x00000007e97f0000)
  to   space 78656K, 0% used [0x00000007ec780000,0x00000007ec780000,0x00000007f1450000)
 ParOldGen       total 544192K, used 544037K [0x0000000700600000, 0x0000000721970000, 0x00000007aacb0000)
  object space 544192K, 99% used [0x0000000700600000,0x00000007219495a0,0x0000000721970000)
 PSPermGen       total 29312K, used 18356K [0x00000006fb400000, 0x00000006fd0a0000, 0x0000000700600000)
  object space 29312K, 62% used [0x00000006fb400000,0x00000006fc5ed1e0,0x00000006fd0a0000)
Event: 111.092 GC heap after
Heap after GC invocations=51 (full 10):
 PSYoungGen      total 991552K, used 0K [0x00000007aacb0000, 0x00000007f1450000, 0x0000000800000000)
  eden space 984960K, 0% used [0x00000007aacb0000,0x00000007aacb0000,0x00000007e6e90000)
  from space 6592K, 0% used [0x00000007e9180000,0x00000007e9180000,0x00000007e97f0000)
  to   space 78656K, 0% used [0x00000007ec780000,0x00000007ec780000,0x00000007f1450000)
 ParOldGen       total 477632K, used 43998K [0x0000000700600000, 0x000000071d870000, 0x00000007aacb0000)
  object space 477632K, 9% used [0x0000000700600000,0x00000007030f7b68,0x000000071d870000)
 PSPermGen       total 27648K, used 18356K [0x00000006fb400000, 0x00000006fcf00000, 0x0000000700600000)
  object space 27648K, 66% used [0x00000006fb400000,0x00000006fc5ed1c0,0x00000006fcf00000)
}
Event: 113.743 GC heap before
{Heap before GC invocations=52 (full 10):
 PSYoungGen      total 991552K, used 984897K [0x00000007aacb0000, 0x00000007f1450000, 0x0000000800000000)
  eden space 984960K, 99% used [0x00000007aacb0000,0x00000007e6e806d8,0x00000007e6e90000)
  from space 6592K, 0% used [0x00000007e9180000,0x00000007e9180000,0x00000007e97f0000)
  to   space 78656K, 0% used [0x00000007ec780000,0x00000007ec780000,0x00000007f1450000)
 ParOldGen       total 477632K, used 43998K [0x0000000700600000, 0x000000071d870000, 0x00000007aacb0000)
  object space 477632K, 9% used [0x0000000700600000,0x00000007030f7b68,0x000000071d870000)
 PSPermGen       total 27648K, used 18363K [0x00000006fb400000, 0x00000006fcf00000, 0x0000000700600000)
  object space 27648K, 66% used [0x00000006fb400000,0x00000006fc5eed70,0x00000006fcf00000)
Event: 113.751 GC heap after
Heap after GC invocations=52 (full 10):
 PSYoungGen      total 1010624K, used 59954K [0x00000007aacb0000, 0x00000007f0210000, 0x0000000800000000)
  eden space 950656K, 0% used [0x00000007aacb0000,0x00000007aacb0000,0x00000007e4d10000)
  from space 59968K, 99% used [0x00000007ec780000,0x00000007f020c998,0x00000007f0210000)
  to   space 85184K, 0% used [0x00000007e5bb0000,0x00000007e5bb0000,0x00000007eaee0000)
 ParOldGen       total 477632K, used 43998K [0x0000000700600000, 0x000000071d870000, 0x00000007aacb0000)
  object space 477632K, 9% used [0x0000000700600000,0x00000007030f7b68,0x000000071d870000)
 PSPermGen       total 27648K, used 18363K [0x00000006fb400000, 0x00000006fcf00000, 0x0000000700600000)
  object space 27648K, 66% used [0x00000006fb400000,0x00000006fc5eed70,0x00000006fcf00000)
}
Event: 116.034 GC heap before
{Heap before GC invocations=53 (full 10):
 PSYoungGen      total 1010624K, used 1005610K [0x00000007aacb0000, 0x00000007f0210000, 0x0000000800000000)
  eden space 950656K, 99% used [0x00000007aacb0000,0x00000007e482e240,0x00000007e4d10000)
  from space 59968K, 99% used [0x00000007ec780000,0x00000007f020c998,0x00000007f0210000)
  to   space 85184K, 0% used [0x00000007e5bb0000,0x00000007e5bb0000,0x00000007eaee0000)
 ParOldGen       total 477632K, used 43998K [0x0000000700600000, 0x000000071d870000, 0x00000007aacb0000)
  object space 477632K, 9% used [0x0000000700600000,0x00000007030f7b68,0x000000071d870000)
 PSPermGen       total 27648K, used 18366K [0x00000006fb400000, 0x00000006fcf00000, 0x0000000700600000)
  object space 27648K, 66% used [0x00000006fb400000,0x00000006fc5efbb0,0x00000006fcf00000)
Event: 116.042 GC heap after
Heap after GC invocations=53 (full 10):
 PSYoungGen      total 953280K, used 35389K [0x00000007aacb0000, 0x00000007ecb90000, 0x0000000800000000)
  eden space 917888K, 0% used [0x00000007aacb0000,0x00000007aacb0000,0x00000007e2d10000)
  from space 35392K, 99% used [0x00000007e5bb0000,0x00000007e7e3f668,0x00000007e7e40000)
  to   space 79168K, 0% used [0x00000007e7e40000,0x00000007e7e40000,0x00000007ecb90000)
 ParOldGen       total 477632K, used 43998K [0x0000000700600000, 0x000000071d870000, 0x00000007aacb0000)
  object space 477632K, 9% used [0x0000000700600000,0x00000007030f7b68,0x000000071d870000)
 PSPermGen       total 27648K, used 18366K [0x00000006fb400000, 0x00000006fcf00000, 0x0000000700600000)
  object space 27648K, 66% used [0x00000006fb400000,0x00000006fc5efbb0,0x00000006fcf00000)
}
Event: 117.921 GC heap before
{Heap before GC invocations=54 (full 10):
 PSYoungGen      total 953280K, used 952045K [0x00000007aacb0000, 0x00000007ecb90000, 0x0000000800000000)
  eden space 917888K, 99% used [0x00000007aacb0000,0x00000007e2bdbf58,0x00000007e2d10000)
  from space 35392K, 99% used [0x00000007e5bb0000,0x00000007e7e3f668,0x00000007e7e40000)
  to   space 79168K, 0% used [0x00000007e7e40000,0x00000007e7e40000,0x00000007ecb90000)
 ParOldGen       total 477632K, used 53491K [0x0000000700600000, 0x000000071d870000, 0x00000007aacb0000)
  object space 477632K, 11% used [0x0000000700600000,0x0000000703a3cc48,0x000000071d870000)
 PSPermGen       total 27648K, used 18373K [0x00000006fb400000, 0x00000006fcf00000, 0x0000000700600000)
  object space 27648K, 66% used [0x00000006fb400000,0x00000006fc5f15d0,0x00000006fcf00000)
Event: 117.928 GC heap after
Heap after GC invocations=54 (full 10):
 PSYoungGen      total 924992K, used 31509K [0x00000007aacb0000, 0x00000007ea3c0000, 0x0000000800000000)
  eden space 886592K, 0% used [0x00000007aacb0000,0x00000007aacb0000,0x00000007e0e80000)
  from space 38400K, 82% used [0x00000007e7e40000,0x00000007e9d05520,0x00000007ea3c0000)
  to   space 76416K, 0% used [0x00000007e0e80000,0x00000007e0e80000,0x00000007e5920000)
 ParOldGen       total 477632K, used 53491K [0x0000000700600000, 0x000000071d870000, 0x00000007aacb0000)
  object space 477632K, 11% used [0x0000000700600000,0x0000000703a3cc48,0x000000071d870000)
 PSPermGen       total 27648K, used 18373K [0x00000006fb400000, 0x00000006fcf00000, 0x0000000700600000)
  object space 27648K, 66% used [0x00000006fb400000,0x00000006fc5f15d0,0x00000006fcf00000)
}

