# JRE version: 7.0_07-b11
# Java VM: Java HotSpot(TM) 64-Bit Server VM (23.3-b01 mixed mode windows-amd64 compressed oops)
Heap
 PSYoungGen      total 557056K, used 215103K [0x00000007aacb0000, 0x00000007d7f40000, 0x0000000800000000)
  eden space 510080K, 42% used [0x00000007aacb0000,0x00000007b7ebfe90,0x00000007c9ed0000)
  from space 46976K, 0% used [0x00000007d39c0000,0x00000007d39c0000,0x00000007d67a0000)
  to   space 24192K, 0% used [0x00000007d67a0000,0x00000007d67a0000,0x00000007d7f40000)
 ParOldGen       total 237440K, used 13988K [0x0000000700600000, 0x000000070ede0000, 0x00000007aacb0000)
  object space 237440K, 5% used [0x0000000700600000,0x00000007013a9018,0x000000070ede0000)
 PSPermGen       total 32512K, used 18210K [0x00000006fb400000, 0x00000006fd3c0000, 0x0000000700600000)
  object space 32512K, 56% used [0x00000006fb400000,0x00000006fc5c8890,0x00000006fd3c0000)
GC Heap History (10 events):
Event: 33.063 GC heap before
{Heap before GC invocations=20 (full 5):
 PSYoungGen      total 571072K, used 570218K [0x00000007aacb0000, 0x00000007db230000, 0x0000000800000000)
  eden space 570816K, 99% used [0x00000007aacb0000,0x00000007cd98a820,0x00000007cda20000)
  from space 256K, 0% used [0x00000007db1f0000,0x00000007db1f0000,0x00000007db230000)
  to   space 51456K, 0% used [0x00000007d4db0000,0x00000007d4db0000,0x00000007d7ff0000)
 ParOldGen       total 247808K, used 13962K [0x0000000700600000, 0x000000070f800000, 0x00000007aacb0000)
  object space 247808K, 5% used [0x0000000700600000,0x00000007013a2af0,0x000000070f800000)
 PSPermGen       total 35968K, used 18145K [0x00000006fb400000, 0x00000006fd720000, 0x0000000700600000)
  object space 35968K, 50% used [0x00000006fb400000,0x00000006fc5b84d0,0x00000006fd720000)
Event: 33.071 GC heap after
Heap after GC invocations=20 (full 5):
 PSYoungGen      total 578368K, used 28732K [0x00000007aacb0000, 0x00000007db200000, 0x0000000800000000)
  eden space 549632K, 0% used [0x00000007aacb0000,0x00000007aacb0000,0x00000007cc570000)
  from space 28736K, 99% used [0x00000007d4db0000,0x00000007d69bf2a0,0x00000007d69c0000)
  to   space 52032K, 0% used [0x00000007d7f30000,0x00000007d7f30000,0x00000007db200000)
 ParOldGen       total 247808K, used 13962K [0x0000000700600000, 0x000000070f800000, 0x00000007aacb0000)
  object space 247808K, 5% used [0x0000000700600000,0x00000007013a2af0,0x000000070f800000)
 PSPermGen       total 35968K, used 18145K [0x00000006fb400000, 0x00000006fd720000, 0x0000000700600000)
  object space 35968K, 50% used [0x00000006fb400000,0x00000006fc5b84d0,0x00000006fd720000)
}
Event: 34.985 GC heap before
{Heap before GC invocations=21 (full 5):
 PSYoungGen      total 578368K, used 576633K [0x00000007aacb0000, 0x00000007db200000, 0x0000000800000000)
  eden space 549632K, 99% used [0x00000007aacb0000,0x00000007cc3bf160,0x00000007cc570000)
  from space 28736K, 99% used [0x00000007d4db0000,0x00000007d69bf2a0,0x00000007d69c0000)
  to   space 52032K, 0% used [0x00000007d7f30000,0x00000007d7f30000,0x00000007db200000)
 ParOldGen       total 247808K, used 17379K [0x0000000700600000, 0x000000070f800000, 0x00000007aacb0000)
  object space 247808K, 7% used [0x0000000700600000,0x00000007016f8fc0,0x000000070f800000)
 PSPermGen       total 35968K, used 18149K [0x00000006fb400000, 0x00000006fd720000, 0x0000000700600000)
  object space 35968K, 50% used [0x00000006fb400000,0x00000006fc5b9538,0x00000006fd720000)
Event: 34.996 GC heap after
Heap after GC invocations=21 (full 5):
 PSYoungGen      total 576448K, used 47021K [0x00000007aacb0000, 0x00000007dad20000, 0x0000000800000000)
  eden space 529408K, 0% used [0x00000007aacb0000,0x00000007aacb0000,0x00000007cb1b0000)
  from space 47040K, 99% used [0x00000007d7f30000,0x00000007dad1b6d0,0x00000007dad20000)
  to   space 59072K, 0% used [0x00000007d39c0000,0x00000007d39c0000,0x00000007d7370000)
 ParOldGen       total 247808K, used 17379K [0x0000000700600000, 0x000000070f800000, 0x00000007aacb0000)
  object space 247808K, 7% used [0x0000000700600000,0x00000007016f8fc0,0x000000070f800000)
 PSPermGen       total 35968K, used 18149K [0x00000006fb400000, 0x00000006fd720000, 0x0000000700600000)
  object space 35968K, 50% used [0x00000006fb400000,0x00000006fc5b9538,0x00000006fd720000)
}
Event: 37.924 GC heap before
{Heap before GC invocations=22 (full 6):
 PSYoungGen      total 576448K, used 576267K [0x00000007aacb0000, 0x00000007dad20000, 0x0000000800000000)
  eden space 529408K, 99% used [0x00000007aacb0000,0x00000007cb187690,0x00000007cb1b0000)
  from space 47040K, 99% used [0x00000007d7f30000,0x00000007dad1b6d0,0x00000007dad20000)
  to   space 59072K, 0% used [0x00000007d39c0000,0x00000007d39c0000,0x00000007d7370000)
 ParOldGen       total 318016K, used 315055K [0x0000000700600000, 0x0000000713c90000, 0x00000007aacb0000)
  object space 318016K, 99% used [0x0000000700600000,0x00000007139abfb0,0x0000000713c90000)
 PSPermGen       total 35968K, used 18161K [0x00000006fb400000, 0x00000006fd720000, 0x0000000700600000)
  object space 35968K, 50% used [0x00000006fb400000,0x00000006fc5bc730,0x00000006fd720000)
Event: 37.956 GC heap after
Heap after GC invocations=22 (full 6):
 PSYoungGen      total 576448K, used 0K [0x00000007aacb0000, 0x00000007dad20000, 0x0000000800000000)
  eden space 529408K, 0% used [0x00000007aacb0000,0x00000007aacb0000,0x00000007cb1b0000)
  from space 47040K, 0% used [0x00000007d7f30000,0x00000007d7f30000,0x00000007dad20000)
  to   space 59072K, 0% used [0x00000007d39c0000,0x00000007d39c0000,0x00000007d7370000)
 ParOldGen       total 241856K, used 13986K [0x0000000700600000, 0x000000070f230000, 0x00000007aacb0000)
  object space 241856K, 5% used [0x0000000700600000,0x00000007013a8968,0x000000070f230000)
 PSPermGen       total 34240K, used 18161K [0x00000006fb400000, 0x00000006fd570000, 0x0000000700600000)
  object space 34240K, 53% used [0x00000006fb400000,0x00000006fc5bc730,0x00000006fd570000)
}
Event: 39.852 GC heap before
{Heap before GC invocations=23 (full 6):
 PSYoungGen      total 576448K, used 528535K [0x00000007aacb0000, 0x00000007dad20000, 0x0000000800000000)
  eden space 529408K, 99% used [0x00000007aacb0000,0x00000007cb0d5ed8,0x00000007cb1b0000)
  from space 47040K, 0% used [0x00000007d7f30000,0x00000007d7f30000,0x00000007dad20000)
  to   space 59072K, 0% used [0x00000007d39c0000,0x00000007d39c0000,0x00000007d7370000)
 ParOldGen       total 241856K, used 17403K [0x0000000700600000, 0x000000070f230000, 0x00000007aacb0000)
  object space 241856K, 7% used [0x0000000700600000,0x00000007016fee38,0x000000070f230000)
 PSPermGen       total 34240K, used 18163K [0x00000006fb400000, 0x00000006fd570000, 0x0000000700600000)
  object space 34240K, 53% used [0x00000006fb400000,0x00000006fc5bcda8,0x00000006fd570000)
Event: 39.862 GC heap after
Heap after GC invocations=23 (full 6):
 PSYoungGen      total 557056K, used 46957K [0x00000007aacb0000, 0x00000007d7f40000, 0x0000000800000000)
  eden space 510080K, 0% used [0x00000007aacb0000,0x00000007aacb0000,0x00000007c9ed0000)
  from space 46976K, 99% used [0x00000007d39c0000,0x00000007d679b6d0,0x00000007d67a0000)
  to   space 24192K, 0% used [0x00000007d67a0000,0x00000007d67a0000,0x00000007d7f40000)
 ParOldGen       total 241856K, used 17403K [0x0000000700600000, 0x000000070f230000, 0x00000007aacb0000)
  object space 241856K, 7% used [0x0000000700600000,0x00000007016fee38,0x000000070f230000)
 PSPermGen       total 34240K, used 18163K [0x00000006fb400000, 0x00000006fd570000, 0x0000000700600000)
  object space 34240K, 53% used [0x00000006fb400000,0x00000006fc5bcda8,0x00000006fd570000)
}
Event: 42.725 GC heap before
{Heap before GC invocations=24 (full 7):
 PSYoungGen      total 557056K, used 556647K [0x00000007aacb0000, 0x00000007d7f40000, 0x0000000800000000)
  eden space 510080K, 99% used [0x00000007aacb0000,0x00000007c9e6e870,0x00000007c9ed0000)
  from space 46976K, 99% used [0x00000007d39c0000,0x00000007d679b6d0,0x00000007d67a0000)
  to   space 24192K, 0% used [0x00000007d67a0000,0x00000007d67a0000,0x00000007d7f40000)
 ParOldGen       total 318144K, used 315079K [0x0000000700600000, 0x0000000713cb0000, 0x00000007aacb0000)
  object space 318144K, 99% used [0x0000000700600000,0x00000007139b1e28,0x0000000713cb0000)
 PSPermGen       total 34240K, used 18175K [0x00000006fb400000, 0x00000006fd570000, 0x0000000700600000)
  object space 34240K, 53% used [0x00000006fb400000,0x00000006fc5bfd20,0x00000006fd570000)
Event: 42.757 GC heap after
Heap after GC invocations=24 (full 7):
 PSYoungGen      total 557056K, used 0K [0x00000007aacb0000, 0x00000007d7f40000, 0x0000000800000000)
  eden space 510080K, 0% used [0x00000007aacb0000,0x00000007aacb0000,0x00000007c9ed0000)
  from space 46976K, 0% used [0x00000007d39c0000,0x00000007d39c0000,0x00000007d67a0000)
  to   space 24192K, 0% used [0x00000007d67a0000,0x00000007d67a0000,0x00000007d7f40000)
 ParOldGen       total 237440K, used 13988K [0x0000000700600000, 0x000000070ede0000, 0x00000007aacb0000)
  object space 237440K, 5% used [0x0000000700600000,0x00000007013a9018,0x000000070ede0000)
 PSPermGen       total 32512K, used 18175K [0x00000006fb400000, 0x00000006fd3c0000, 0x0000000700600000)
  object space 32512K, 55% used [0x00000006fb400000,0x00000006fc5bfd00,0x00000006fd3c0000)
}

