# JRE version: 7.0_07-b11
# Java VM: Java HotSpot(TM) 64-Bit Server VM (23.3-b01 mixed mode windows-amd64 compressed oops)
Heap
 PSYoungGen      total 151168K, used 135820K [0x00000007aacb0000, 0x00000007bb9a0000, 0x0000000800000000)
  eden space 106048K, 86% used [0x00000007aacb0000,0x00000007b064f6f8,0x00000007b1440000)
  from space 45120K, 97% used [0x00000007b1440000,0x00000007b3f43b30,0x00000007b4050000)
  to   space 53504K, 0% used [0x00000007b8560000,0x00000007b8560000,0x00000007bb9a0000)
 ParOldGen       total 166720K, used 37359K [0x0000000700600000, 0x000000070a8d0000, 0x00000007aacb0000)
  object space 166720K, 22% used [0x0000000700600000,0x0000000702a7bf90,0x000000070a8d0000)
 PSPermGen       total 40512K, used 17885K [0x00000006fb400000, 0x00000006fdb90000, 0x0000000700600000)
  object space 40512K, 44% used [0x00000006fb400000,0x00000006fc577710,0x00000006fdb90000)
GC Heap History (10 events):
Event: 6.648 GC heap before
{Heap before GC invocations=5 (full 1):
 PSYoungGen      total 76352K, used 76269K [0x00000007aacb0000, 0x00000007b41d0000, 0x0000000800000000)
  eden space 65472K, 99% used [0x00000007aacb0000,0x00000007aec8e378,0x00000007aeca0000)
  from space 10880K, 99% used [0x00000007af740000,0x00000007b01dd100,0x00000007b01e0000)
  to   space 10880K, 0% used [0x00000007aeca0000,0x00000007aeca0000,0x00000007af740000)
 ParOldGen       total 336768K, used 336551K [0x0000000700600000, 0x0000000714ee0000, 0x00000007aacb0000)
  object space 336768K, 99% used [0x0000000700600000,0x0000000714ea9fa0,0x0000000714ee0000)
 PSPermGen       total 21248K, used 17883K [0x00000006fb400000, 0x00000006fc8c0000, 0x0000000700600000)
  object space 21248K, 84% used [0x00000006fb400000,0x00000006fc576e88,0x00000006fc8c0000)
Event: 6.701 GC heap after
Heap after GC invocations=5 (full 1):
 PSYoungGen      total 76352K, used 0K [0x00000007aacb0000, 0x00000007b41d0000, 0x0000000800000000)
  eden space 65472K, 0% used [0x00000007aacb0000,0x00000007aacb0000,0x00000007aeca0000)
  from space 10880K, 0% used [0x00000007af740000,0x00000007af740000,0x00000007b01e0000)
  to   space 10880K, 0% used [0x00000007aeca0000,0x00000007aeca0000,0x00000007af740000)
 ParOldGen       total 136896K, used 19131K [0x0000000700600000, 0x0000000708bb0000, 0x00000007aacb0000)
  object space 136896K, 13% used [0x0000000700600000,0x00000007018aec88,0x0000000708bb0000)
 PSPermGen       total 36288K, used 17876K [0x00000006fb400000, 0x00000006fd770000, 0x0000000700600000)
  object space 36288K, 49% used [0x00000006fb400000,0x00000006fc5753d0,0x00000006fd770000)
}
Event: 6.823 GC heap before
{Heap before GC invocations=6 (full 1):
 PSYoungGen      total 76352K, used 63748K [0x00000007aacb0000, 0x00000007b41d0000, 0x0000000800000000)
  eden space 65472K, 97% used [0x00000007aacb0000,0x00000007aeaf13e8,0x00000007aeca0000)
  from space 10880K, 0% used [0x00000007af740000,0x00000007af740000,0x00000007b01e0000)
  to   space 10880K, 0% used [0x00000007aeca0000,0x00000007aeca0000,0x00000007af740000)
 ParOldGen       total 136896K, used 19131K [0x0000000700600000, 0x0000000708bb0000, 0x00000007aacb0000)
  object space 136896K, 13% used [0x0000000700600000,0x00000007018aec88,0x0000000708bb0000)
 PSPermGen       total 36288K, used 17877K [0x00000006fb400000, 0x00000006fd770000, 0x0000000700600000)
  object space 36288K, 49% used [0x00000006fb400000,0x00000006fc575698,0x00000006fd770000)
Event: 6.827 GC heap after
Heap after GC invocations=6 (full 1):
 PSYoungGen      total 76352K, used 7532K [0x00000007aacb0000, 0x00000007b6a20000, 0x0000000800000000)
  eden space 65472K, 0% used [0x00000007aacb0000,0x00000007aacb0000,0x00000007aeca0000)
  from space 10880K, 69% used [0x00000007aeca0000,0x00000007af3fb2d0,0x00000007af740000)
  to   space 42816K, 0% used [0x00000007b4050000,0x00000007b4050000,0x00000007b6a20000)
 ParOldGen       total 136896K, used 40773K [0x0000000700600000, 0x0000000708bb0000, 0x00000007aacb0000)
  object space 136896K, 29% used [0x0000000700600000,0x0000000702dd1588,0x0000000708bb0000)
 PSPermGen       total 36288K, used 17877K [0x00000006fb400000, 0x00000006fd770000, 0x0000000700600000)
  object space 36288K, 49% used [0x00000006fb400000,0x00000006fc575698,0x00000006fd770000)
}
Event: 6.943 GC heap before
{Heap before GC invocations=7 (full 1):
 PSYoungGen      total 76352K, used 67646K [0x00000007aacb0000, 0x00000007b6a20000, 0x0000000800000000)
  eden space 65472K, 91% used [0x00000007aacb0000,0x00000007ae764780,0x00000007aeca0000)
  from space 10880K, 69% used [0x00000007aeca0000,0x00000007af3fb2d0,0x00000007af740000)
  to   space 42816K, 0% used [0x00000007b4050000,0x00000007b4050000,0x00000007b6a20000)
 ParOldGen       total 136896K, used 46848K [0x0000000700600000, 0x0000000708bb0000, 0x00000007aacb0000)
  object space 136896K, 34% used [0x0000000700600000,0x00000007033c0198,0x0000000708bb0000)
 PSPermGen       total 36288K, used 17877K [0x00000006fb400000, 0x00000006fd770000, 0x0000000700600000)
  object space 36288K, 49% used [0x00000006fb400000,0x00000006fc575698,0x00000006fd770000)
Event: 6.951 GC heap after
Heap after GC invocations=7 (full 1):
 PSYoungGen      total 148864K, used 29608K [0x00000007aacb0000, 0x00000007b7800000, 0x0000000800000000)
  eden space 106048K, 0% used [0x00000007aacb0000,0x00000007aacb0000,0x00000007b1440000)
  from space 42816K, 69% used [0x00000007b4050000,0x00000007b5d3a1f0,0x00000007b6a20000)
  to   space 45120K, 0% used [0x00000007b1440000,0x00000007b1440000,0x00000007b4050000)
 ParOldGen       total 136896K, used 46848K [0x0000000700600000, 0x0000000708bb0000, 0x00000007aacb0000)
  object space 136896K, 34% used [0x0000000700600000,0x00000007033c0198,0x0000000708bb0000)
 PSPermGen       total 36288K, used 17877K [0x00000006fb400000, 0x00000006fd770000, 0x0000000700600000)
  object space 36288K, 49% used [0x00000006fb400000,0x00000006fc575698,0x00000006fd770000)
}
Event: 7.619 GC heap before
{Heap before GC invocations=8 (full 2):
 PSYoungGen      total 148864K, used 135619K [0x00000007aacb0000, 0x00000007b7800000, 0x0000000800000000)
  eden space 106048K, 99% used [0x00000007aacb0000,0x00000007b1436c00,0x00000007b1440000)
  from space 42816K, 69% used [0x00000007b4050000,0x00000007b5d3a1f0,0x00000007b6a20000)
  to   space 45120K, 0% used [0x00000007b1440000,0x00000007b1440000,0x00000007b4050000)
 ParOldGen       total 303296K, used 303180K [0x0000000700600000, 0x0000000712e30000, 0x00000007aacb0000)
  object space 303296K, 99% used [0x0000000700600000,0x0000000712e13288,0x0000000712e30000)
 PSPermGen       total 36288K, used 17880K [0x00000006fb400000, 0x00000006fd770000, 0x0000000700600000)
  object space 36288K, 49% used [0x00000006fb400000,0x00000006fc576158,0x00000006fd770000)
Event: 7.653 GC heap after
Heap after GC invocations=8 (full 2):
 PSYoungGen      total 148864K, used 0K [0x00000007aacb0000, 0x00000007b7800000, 0x0000000800000000)
  eden space 106048K, 0% used [0x00000007aacb0000,0x00000007aacb0000,0x00000007b1440000)
  from space 42816K, 0% used [0x00000007b4050000,0x00000007b4050000,0x00000007b6a20000)
  to   space 45120K, 0% used [0x00000007b1440000,0x00000007b1440000,0x00000007b4050000)
 ParOldGen       total 166720K, used 13059K [0x0000000700600000, 0x000000070a8d0000, 0x00000007aacb0000)
  object space 166720K, 7% used [0x0000000700600000,0x00000007012c0f50,0x000000070a8d0000)
 PSPermGen       total 40512K, used 17880K [0x00000006fb400000, 0x00000006fdb90000, 0x0000000700600000)
  object space 40512K, 44% used [0x00000006fb400000,0x00000006fc576158,0x00000006fdb90000)
}
Event: 7.843 GC heap before
{Heap before GC invocations=9 (full 2):
 PSYoungGen      total 148864K, used 103779K [0x00000007aacb0000, 0x00000007b7800000, 0x0000000800000000)
  eden space 106048K, 97% used [0x00000007aacb0000,0x00000007b1208cf0,0x00000007b1440000)
  from space 42816K, 0% used [0x00000007b4050000,0x00000007b4050000,0x00000007b6a20000)
  to   space 45120K, 0% used [0x00000007b1440000,0x00000007b1440000,0x00000007b4050000)
 ParOldGen       total 166720K, used 19134K [0x0000000700600000, 0x000000070a8d0000, 0x00000007aacb0000)
  object space 166720K, 11% used [0x0000000700600000,0x00000007018afb60,0x000000070a8d0000)
 PSPermGen       total 40512K, used 17880K [0x00000006fb400000, 0x00000006fdb90000, 0x0000000700600000)
  object space 40512K, 44% used [0x00000006fb400000,0x00000006fc5762c8,0x00000006fdb90000)
Event: 7.855 GC heap after
Heap after GC invocations=9 (full 2):
 PSYoungGen      total 151168K, used 44046K [0x00000007aacb0000, 0x00000007bb9a0000, 0x0000000800000000)
  eden space 106048K, 0% used [0x00000007aacb0000,0x00000007aacb0000,0x00000007b1440000)
  from space 45120K, 97% used [0x00000007b1440000,0x00000007b3f43b30,0x00000007b4050000)
  to   space 53504K, 0% used [0x00000007b8560000,0x00000007b8560000,0x00000007bb9a0000)
 ParOldGen       total 166720K, used 37359K [0x0000000700600000, 0x000000070a8d0000, 0x00000007aacb0000)
  object space 166720K, 22% used [0x0000000700600000,0x0000000702a7bf90,0x000000070a8d0000)
 PSPermGen       total 40512K, used 17880K [0x00000006fb400000, 0x00000006fdb90000, 0x0000000700600000)
  object space 40512K, 44% used [0x00000006fb400000,0x00000006fc5762c8,0x00000006fdb90000)
}

