# JRE version: 7.0_07-b11
# Java VM: Java HotSpot(TM) 64-Bit Server VM (23.3-b01 mixed mode windows-amd64 compressed oops)
Heap
 PSYoungGen      total 290048K, used 277530K [0x00000007aacb0000, 0x00000007be530000, 0x0000000800000000)
  eden space 261888K, 97% used [0x00000007aacb0000,0x00000007ba535780,0x00000007bac70000)
  from space 28160K, 81% used [0x00000007bc9b0000,0x00000007be0312b8,0x00000007be530000)
  to   space 29056K, 0% used [0x00000007bac70000,0x00000007bac70000,0x00000007bc8d0000)
 ParOldGen       total 174528K, used 58691K [0x0000000700600000, 0x000000070b070000, 0x00000007aacb0000)
  object space 174528K, 33% used [0x0000000700600000,0x0000000703f50f88,0x000000070b070000)
 PSPermGen       total 21248K, used 17662K [0x00000006fb400000, 0x00000006fc8c0000, 0x0000000700600000)
  object space 21248K, 83% used [0x00000006fb400000,0x00000006fc53fa48,0x00000006fc8c0000)
GC Heap History (10 events):
Event: 4.880 GC heap before
{Heap before GC invocations=2 (full 0):
 PSYoungGen      total 76352K, used 73540K [0x00000007aacb0000, 0x00000007b01e0000, 0x0000000800000000)
  eden space 65472K, 95% used [0x00000007aacb0000,0x00000007ae9e8e80,0x00000007aeca0000)
  from space 10880K, 99% used [0x00000007aeca0000,0x00000007af738208,0x00000007af740000)
  to   space 10880K, 0% used [0x00000007af740000,0x00000007af740000,0x00000007b01e0000)
 ParOldGen       total 174528K, used 652K [0x0000000700600000, 0x000000070b070000, 0x00000007aacb0000)
  object space 174528K, 0% used [0x0000000700600000,0x00000007006a3060,0x000000070b070000)
 PSPermGen       total 21248K, used 17631K [0x00000006fb400000, 0x00000006fc8c0000, 0x0000000700600000)
  object space 21248K, 82% used [0x00000006fb400000,0x00000006fc537fa8,0x00000006fc8c0000)
Event: 4.890 GC heap after
Heap after GC invocations=2 (full 0):
 PSYoungGen      total 76352K, used 10862K [0x00000007aacb0000, 0x00000007b01e0000, 0x0000000800000000)
  eden space 65472K, 0% used [0x00000007aacb0000,0x00000007aacb0000,0x00000007aeca0000)
  from space 10880K, 99% used [0x00000007af740000,0x00000007b01dba98,0x00000007b01e0000)
  to   space 10880K, 0% used [0x00000007aeca0000,0x00000007aeca0000,0x00000007af740000)
 ParOldGen       total 174528K, used 22057K [0x0000000700600000, 0x000000070b070000, 0x00000007aacb0000)
  object space 174528K, 12% used [0x0000000700600000,0x0000000701b8a718,0x000000070b070000)
 PSPermGen       total 21248K, used 17631K [0x00000006fb400000, 0x00000006fc8c0000, 0x0000000700600000)
  object space 21248K, 82% used [0x00000006fb400000,0x00000006fc537fa8,0x00000006fc8c0000)
}
Event: 5.248 GC heap before
{Heap before GC invocations=3 (full 0):
 PSYoungGen      total 76352K, used 73598K [0x00000007aacb0000, 0x00000007b01e0000, 0x0000000800000000)
  eden space 65472K, 95% used [0x00000007aacb0000,0x00000007ae9f3e38,0x00000007aeca0000)
  from space 10880K, 99% used [0x00000007af740000,0x00000007b01dba98,0x00000007b01e0000)
  to   space 10880K, 0% used [0x00000007aeca0000,0x00000007aeca0000,0x00000007af740000)
 ParOldGen       total 174528K, used 22057K [0x0000000700600000, 0x000000070b070000, 0x00000007aacb0000)
  object space 174528K, 12% used [0x0000000700600000,0x0000000701b8a718,0x000000070b070000)
 PSPermGen       total 21248K, used 17632K [0x00000006fb400000, 0x00000006fc8c0000, 0x0000000700600000)
  object space 21248K, 82% used [0x00000006fb400000,0x00000006fc538290,0x00000006fc8c0000)
Event: 5.254 GC heap after
Heap after GC invocations=3 (full 0):
 PSYoungGen      total 76352K, used 10855K [0x00000007aacb0000, 0x00000007b41d0000, 0x0000000800000000)
  eden space 65472K, 0% used [0x00000007aacb0000,0x00000007aacb0000,0x00000007aeca0000)
  from space 10880K, 99% used [0x00000007aeca0000,0x00000007af739f68,0x00000007af740000)
  to   space 10880K, 0% used [0x00000007b3730000,0x00000007b3730000,0x00000007b41d0000)
 ParOldGen       total 174528K, used 34359K [0x0000000700600000, 0x000000070b070000, 0x00000007aacb0000)
  object space 174528K, 19% used [0x0000000700600000,0x000000070278df48,0x000000070b070000)
 PSPermGen       total 21248K, used 17632K [0x00000006fb400000, 0x00000006fc8c0000, 0x0000000700600000)
  object space 21248K, 82% used [0x00000006fb400000,0x00000006fc538290,0x00000006fc8c0000)
}
Event: 5.575 GC heap before
{Heap before GC invocations=4 (full 0):
 PSYoungGen      total 76352K, used 72911K [0x00000007aacb0000, 0x00000007b41d0000, 0x0000000800000000)
  eden space 65472K, 94% used [0x00000007aacb0000,0x00000007ae949d00,0x00000007aeca0000)
  from space 10880K, 99% used [0x00000007aeca0000,0x00000007af739f68,0x00000007af740000)
  to   space 10880K, 0% used [0x00000007b3730000,0x00000007b3730000,0x00000007b41d0000)
 ParOldGen       total 174528K, used 34359K [0x0000000700600000, 0x000000070b070000, 0x00000007aacb0000)
  object space 174528K, 19% used [0x0000000700600000,0x000000070278df48,0x000000070b070000)
 PSPermGen       total 21248K, used 17632K [0x00000006fb400000, 0x00000006fc8c0000, 0x0000000700600000)
  object space 21248K, 82% used [0x00000006fb400000,0x00000006fc538378,0x00000006fc8c0000)
Event: 5.583 GC heap after
Heap after GC invocations=4 (full 0):
 PSYoungGen      total 141824K, used 10862K [0x00000007aacb0000, 0x00000007b41d0000, 0x0000000800000000)
  eden space 130944K, 0% used [0x00000007aacb0000,0x00000007aacb0000,0x00000007b2c90000)
  from space 10880K, 99% used [0x00000007b3730000,0x00000007b41cbab8,0x00000007b41d0000)
  to   space 10880K, 0% used [0x00000007b2c90000,0x00000007b2c90000,0x00000007b3730000)
 ParOldGen       total 174528K, used 46517K [0x0000000700600000, 0x000000070b070000, 0x00000007aacb0000)
  object space 174528K, 26% used [0x0000000700600000,0x000000070336d768,0x000000070b070000)
 PSPermGen       total 21248K, used 17632K [0x00000006fb400000, 0x00000006fc8c0000, 0x0000000700600000)
  object space 21248K, 82% used [0x00000006fb400000,0x00000006fc538378,0x00000006fc8c0000)
}
Event: 6.280 GC heap before
{Heap before GC invocations=5 (full 0):
 PSYoungGen      total 141824K, used 140153K [0x00000007aacb0000, 0x00000007b41d0000, 0x0000000800000000)
  eden space 130944K, 98% used [0x00000007aacb0000,0x00000007b2af2ca0,0x00000007b2c90000)
  from space 10880K, 99% used [0x00000007b3730000,0x00000007b41cbab8,0x00000007b41d0000)
  to   space 10880K, 0% used [0x00000007b2c90000,0x00000007b2c90000,0x00000007b3730000)
 ParOldGen       total 174528K, used 46517K [0x0000000700600000, 0x000000070b070000, 0x00000007aacb0000)
  object space 174528K, 26% used [0x0000000700600000,0x000000070336d768,0x000000070b070000)
 PSPermGen       total 21248K, used 17633K [0x00000006fb400000, 0x00000006fc8c0000, 0x0000000700600000)
  object space 21248K, 82% used [0x00000006fb400000,0x00000006fc538640,0x00000006fc8c0000)
Event: 6.287 GC heap after
Heap after GC invocations=5 (full 0):
 PSYoungGen      total 141824K, used 10862K [0x00000007aacb0000, 0x00000007be6f0000, 0x0000000800000000)
  eden space 130944K, 0% used [0x00000007aacb0000,0x00000007aacb0000,0x00000007b2c90000)
  from space 10880K, 99% used [0x00000007b2c90000,0x00000007b372ba98,0x00000007b3730000)
  to   space 29952K, 0% used [0x00000007bc9b0000,0x00000007bc9b0000,0x00000007be6f0000)
 ParOldGen       total 174528K, used 58691K [0x0000000700600000, 0x000000070b070000, 0x00000007aacb0000)
  object space 174528K, 33% used [0x0000000700600000,0x0000000703f50f88,0x000000070b070000)
 PSPermGen       total 21248K, used 17633K [0x00000006fb400000, 0x00000006fc8c0000, 0x0000000700600000)
  object space 21248K, 82% used [0x00000006fb400000,0x00000006fc538640,0x00000006fc8c0000)
}
Event: 7.015 GC heap before
{Heap before GC invocations=6 (full 0):
 PSYoungGen      total 141824K, used 139565K [0x00000007aacb0000, 0x00000007be6f0000, 0x0000000800000000)
  eden space 130944K, 98% used [0x00000007aacb0000,0x00000007b2a5fb48,0x00000007b2c90000)
  from space 10880K, 99% used [0x00000007b2c90000,0x00000007b372ba98,0x00000007b3730000)
  to   space 29952K, 0% used [0x00000007bc9b0000,0x00000007bc9b0000,0x00000007be6f0000)
 ParOldGen       total 174528K, used 58691K [0x0000000700600000, 0x000000070b070000, 0x00000007aacb0000)
  object space 174528K, 33% used [0x0000000700600000,0x0000000703f50f88,0x000000070b070000)
 PSPermGen       total 21248K, used 17635K [0x00000006fb400000, 0x00000006fc8c0000, 0x0000000700600000)
  object space 21248K, 82% used [0x00000006fb400000,0x00000006fc538cf0,0x00000006fc8c0000)
Event: 7.022 GC heap after
Heap after GC invocations=6 (full 0):
 PSYoungGen      total 290048K, used 23044K [0x00000007aacb0000, 0x00000007be530000, 0x0000000800000000)
  eden space 261888K, 0% used [0x00000007aacb0000,0x00000007aacb0000,0x00000007bac70000)
  from space 28160K, 81% used [0x00000007bc9b0000,0x00000007be0312b8,0x00000007be530000)
  to   space 29056K, 0% used [0x00000007bac70000,0x00000007bac70000,0x00000007bc8d0000)
 ParOldGen       total 174528K, used 58691K [0x0000000700600000, 0x000000070b070000, 0x00000007aacb0000)
  object space 174528K, 33% used [0x0000000700600000,0x0000000703f50f88,0x000000070b070000)
 PSPermGen       total 21248K, used 17635K [0x00000006fb400000, 0x00000006fc8c0000, 0x0000000700600000)
  object space 21248K, 82% used [0x00000006fb400000,0x00000006fc538cf0,0x00000006fc8c0000)
}

