# JRE version: 7.0_07-b11
# Java VM: Java HotSpot(TM) 64-Bit Server VM (23.3-b01 mixed mode windows-amd64 compressed oops)
Heap
 PSYoungGen      total 565376K, used 535531K [0x00000007aacb0000, 0x00000007d1370000, 0x0000000800000000)
  eden space 525056K, 100% used [0x00000007aacb0000,0x00000007cad70000,0x00000007cad70000)
  from space 40320K, 25% used [0x00000007cec10000,0x00000007cf64ae70,0x00000007d1370000)
  to   space 52224K, 0% used [0x00000007cad70000,0x00000007cad70000,0x00000007ce070000)
 ParOldGen       total 253696K, used 252491K [0x0000000700600000, 0x000000070fdc0000, 0x00000007aacb0000)
  object space 253696K, 99% used [0x0000000700600000,0x000000070fc92e00,0x000000070fdc0000)
 PSPermGen       total 36608K, used 18078K [0x00000006fb400000, 0x00000006fd7c0000, 0x0000000700600000)
  object space 36608K, 49% used [0x00000006fb400000,0x00000006fc5a7b40,0x00000006fd7c0000)
GC Heap History (10 events):
Event: 8.006 GC heap before
{Heap before GC invocations=7 (full 1):
 PSYoungGen      total 141824K, used 127641K [0x00000007aacb0000, 0x00000007c0d90000, 0x0000000800000000)
  eden space 130944K, 97% used [0x00000007aacb0000,0x00000007b2956778,0x00000007b2c90000)
  from space 10880K, 0% used [0x00000007b2c90000,0x00000007b2c90000,0x00000007b3730000)
  to   space 49728K, 0% used [0x00000007bdd00000,0x00000007bdd00000,0x00000007c0d90000)
 ParOldGen       total 139264K, used 23782K [0x0000000700600000, 0x0000000708e00000, 0x00000007aacb0000)
  object space 139264K, 17% used [0x0000000700600000,0x0000000701d39820,0x0000000708e00000)
 PSPermGen       total 36608K, used 18046K [0x00000006fb400000, 0x00000006fd7c0000, 0x0000000700600000)
  object space 36608K, 49% used [0x00000006fb400000,0x00000006fc59fa88,0x00000006fd7c0000)
Event: 8.011 GC heap after
Heap after GC invocations=7 (full 1):
 PSYoungGen      total 246784K, used 20791K [0x00000007aacb0000, 0x00000007bf150000, 0x0000000800000000)
  eden space 225984K, 0% used [0x00000007aacb0000,0x00000007aacb0000,0x00000007b8960000)
  from space 20800K, 99% used [0x00000007bdd00000,0x00000007bf14dce0,0x00000007bf150000)
  to   space 46400K, 0% used [0x00000007b96b0000,0x00000007b96b0000,0x00000007bc400000)
 ParOldGen       total 139264K, used 23782K [0x0000000700600000, 0x0000000708e00000, 0x00000007aacb0000)
  object space 139264K, 17% used [0x0000000700600000,0x0000000701d39820,0x0000000708e00000)
 PSPermGen       total 36608K, used 18046K [0x00000006fb400000, 0x00000006fd7c0000, 0x0000000700600000)
  object space 36608K, 49% used [0x00000006fb400000,0x00000006fc59fa88,0x00000006fd7c0000)
}
Event: 8.793 GC heap before
{Heap before GC invocations=8 (full 1):
 PSYoungGen      total 246784K, used 245936K [0x00000007aacb0000, 0x00000007bf150000, 0x0000000800000000)
  eden space 225984K, 99% used [0x00000007aacb0000,0x00000007b888e440,0x00000007b8960000)
  from space 20800K, 99% used [0x00000007bdd00000,0x00000007bf14dce0,0x00000007bf150000)
  to   space 46400K, 0% used [0x00000007b96b0000,0x00000007b96b0000,0x00000007bc400000)
 ParOldGen       total 139264K, used 23782K [0x0000000700600000, 0x0000000708e00000, 0x00000007aacb0000)
  object space 139264K, 17% used [0x0000000700600000,0x0000000701d39820,0x0000000708e00000)
 PSPermGen       total 36608K, used 18048K [0x00000006fb400000, 0x00000006fd7c0000, 0x0000000700600000)
  object space 36608K, 49% used [0x00000006fb400000,0x00000006fc5a0370,0x00000006fd7c0000)
Event: 8.803 GC heap after
Heap after GC invocations=8 (full 1):
 PSYoungGen      total 286016K, used 39016K [0x00000007aacb0000, 0x00000007c8a80000, 0x0000000800000000)
  eden space 239616K, 0% used [0x00000007aacb0000,0x00000007aacb0000,0x00000007b96b0000)
  from space 46400K, 84% used [0x00000007b96b0000,0x00000007bbcca110,0x00000007bc400000)
  to   space 50944K, 0% used [0x00000007c58c0000,0x00000007c58c0000,0x00000007c8a80000)
 ParOldGen       total 139264K, used 23782K [0x0000000700600000, 0x0000000708e00000, 0x00000007aacb0000)
  object space 139264K, 17% used [0x0000000700600000,0x0000000701d39820,0x0000000708e00000)
 PSPermGen       total 36608K, used 18048K [0x00000006fb400000, 0x00000006fd7c0000, 0x0000000700600000)
  object space 36608K, 49% used [0x00000006fb400000,0x00000006fc5a0370,0x00000006fd7c0000)
}
Event: 9.633 GC heap before
{Heap before GC invocations=9 (full 1):
 PSYoungGen      total 286016K, used 277671K [0x00000007aacb0000, 0x00000007c8a80000, 0x0000000800000000)
  eden space 239616K, 99% used [0x00000007aacb0000,0x00000007b95bfbc8,0x00000007b96b0000)
  from space 46400K, 84% used [0x00000007b96b0000,0x00000007bbcca110,0x00000007bc400000)
  to   space 50944K, 0% used [0x00000007c58c0000,0x00000007c58c0000,0x00000007c8a80000)
 ParOldGen       total 139264K, used 23782K [0x0000000700600000, 0x0000000708e00000, 0x00000007aacb0000)
  object space 139264K, 17% used [0x0000000700600000,0x0000000701d39820,0x0000000708e00000)
 PSPermGen       total 36608K, used 18061K [0x00000006fb400000, 0x00000006fd7c0000, 0x0000000700600000)
  object space 36608K, 49% used [0x00000006fb400000,0x00000006fc5a3410,0x00000006fd7c0000)
Event: 9.642 GC heap after
Heap after GC invocations=9 (full 1):
 PSYoungGen      total 437056K, used 35599K [0x00000007aacb0000, 0x00000007c9ff0000, 0x0000000800000000)
  eden space 386112K, 0% used [0x00000007aacb0000,0x00000007aacb0000,0x00000007c25c0000)
  from space 50944K, 69% used [0x00000007c58c0000,0x00000007c7b83c40,0x00000007c8a80000)
  to   space 52224K, 0% used [0x00000007c25c0000,0x00000007c25c0000,0x00000007c58c0000)
 ParOldGen       total 139264K, used 23782K [0x0000000700600000, 0x0000000708e00000, 0x00000007aacb0000)
  object space 139264K, 17% used [0x0000000700600000,0x0000000701d39820,0x0000000708e00000)
 PSPermGen       total 36608K, used 18061K [0x00000006fb400000, 0x00000006fd7c0000, 0x0000000700600000)
  object space 36608K, 49% used [0x00000006fb400000,0x00000006fc5a3410,0x00000006fd7c0000)
}
Event: 11.006 GC heap before
{Heap before GC invocations=10 (full 1):
 PSYoungGen      total 437056K, used 419993K [0x00000007aacb0000, 0x00000007c9ff0000, 0x0000000800000000)
  eden space 386112K, 99% used [0x00000007aacb0000,0x00000007c24129a8,0x00000007c25c0000)
  from space 50944K, 69% used [0x00000007c58c0000,0x00000007c7b83c40,0x00000007c8a80000)
  to   space 52224K, 0% used [0x00000007c25c0000,0x00000007c25c0000,0x00000007c58c0000)
 ParOldGen       total 139264K, used 23782K [0x0000000700600000, 0x0000000708e00000, 0x00000007aacb0000)
  object space 139264K, 17% used [0x0000000700600000,0x0000000701d39820,0x0000000708e00000)
 PSPermGen       total 36608K, used 18064K [0x00000006fb400000, 0x00000006fd7c0000, 0x0000000700600000)
  object space 36608K, 49% used [0x00000006fb400000,0x00000006fc5a4130,0x00000006fd7c0000)
Event: 11.011 GC heap after
Heap after GC invocations=10 (full 1):
 PSYoungGen      total 438336K, used 10475K [0x00000007aacb0000, 0x00000007d1f50000, 0x0000000800000000)
  eden space 386112K, 0% used [0x00000007aacb0000,0x00000007aacb0000,0x00000007c25c0000)
  from space 52224K, 20% used [0x00000007c25c0000,0x00000007c2ffae70,0x00000007c58c0000)
  to   space 52480K, 0% used [0x00000007cec10000,0x00000007cec10000,0x00000007d1f50000)
 ParOldGen       total 139264K, used 34121K [0x0000000700600000, 0x0000000708e00000, 0x00000007aacb0000)
  object space 139264K, 24% used [0x0000000700600000,0x00000007027526c0,0x0000000708e00000)
 PSPermGen       total 36608K, used 18064K [0x00000006fb400000, 0x00000006fd7c0000, 0x0000000700600000)
  object space 36608K, 49% used [0x00000006fb400000,0x00000006fc5a4130,0x00000006fd7c0000)
}
Event: 12.388 GC heap before
{Heap before GC invocations=11 (full 1):
 PSYoungGen      total 438336K, used 391195K [0x00000007aacb0000, 0x00000007d1f50000, 0x0000000800000000)
  eden space 386112K, 98% used [0x00000007aacb0000,0x00000007c207c098,0x00000007c25c0000)
  from space 52224K, 20% used [0x00000007c25c0000,0x00000007c2ffae70,0x00000007c58c0000)
  to   space 52480K, 0% used [0x00000007cec10000,0x00000007cec10000,0x00000007d1f50000)
 ParOldGen       total 139264K, used 40196K [0x0000000700600000, 0x0000000708e00000, 0x00000007aacb0000)
  object space 139264K, 28% used [0x0000000700600000,0x0000000702d412d0,0x0000000708e00000)
 PSPermGen       total 36608K, used 18066K [0x00000006fb400000, 0x00000006fd7c0000, 0x0000000700600000)
  object space 36608K, 49% used [0x00000006fb400000,0x00000006fc5a4840,0x00000006fd7c0000)
Event: 12.391 GC heap after
Heap after GC invocations=11 (full 1):
 PSYoungGen      total 565376K, used 10475K [0x00000007aacb0000, 0x00000007d1370000, 0x0000000800000000)
  eden space 525056K, 0% used [0x00000007aacb0000,0x00000007aacb0000,0x00000007cad70000)
  from space 40320K, 25% used [0x00000007cec10000,0x00000007cf64ae70,0x00000007d1370000)
  to   space 52224K, 0% used [0x00000007cad70000,0x00000007cad70000,0x00000007ce070000)
 ParOldGen       total 139264K, used 40244K [0x0000000700600000, 0x0000000708e00000, 0x00000007aacb0000)
  object space 139264K, 28% used [0x0000000700600000,0x0000000702d4d2d0,0x0000000708e00000)
 PSPermGen       total 36608K, used 18066K [0x00000006fb400000, 0x00000006fd7c0000, 0x0000000700600000)
  object space 36608K, 49% used [0x00000006fb400000,0x00000006fc5a4840,0x00000006fd7c0000)
}

