# JRE version: 7.0_07-b11
# Java VM: Java HotSpot(TM) 64-Bit Server VM (23.3-b01 mixed mode windows-amd64 compressed oops)
Heap
 PSYoungGen      total 180864K, used 26821K [0x00000007aacb0000, 0x00000007c6040000, 0x0000000800000000)
  eden space 162560K, 5% used [0x00000007aacb0000,0x00000007ab505190,0x00000007b4b70000)
  from space 18304K, 99% used [0x00000007c3e70000,0x00000007c504c430,0x00000007c5050000)
  to   space 16320K, 0% used [0x00000007c5050000,0x00000007c5050000,0x00000007c6040000)
 ParOldGen       total 174528K, used 126486K [0x0000000700600000, 0x000000070b070000, 0x00000007aacb0000)
  object space 174528K, 72% used [0x0000000700600000,0x0000000708185928,0x000000070b070000)
 PSPermGen       total 21248K, used 16385K [0x00000006fb400000, 0x00000006fc8c0000, 0x0000000700600000)
  object space 21248K, 77% used [0x00000006fb400000,0x00000006fc400748,0x00000006fc8c0000)
GC Heap History (10 events):
Event: 17.528 GC heap before
{Heap before GC invocations=15 (full 0):
 PSYoungGen      total 208256K, used 202488K [0x00000007aacb0000, 0x00000007c9450000, 0x0000000800000000)
  eden space 195840K, 97% used [0x00000007aacb0000,0x00000007b6650b10,0x00000007b6bf0000)
  from space 12416K, 99% used [0x00000007c8830000,0x00000007c944d820,0x00000007c9450000)
  to   space 26112K, 0% used [0x00000007c6150000,0x00000007c6150000,0x00000007c7ad0000)
 ParOldGen       total 174528K, used 77123K [0x0000000700600000, 0x000000070b070000, 0x00000007aacb0000)
  object space 174528K, 44% used [0x0000000700600000,0x0000000705150db8,0x000000070b070000)
 PSPermGen       total 21248K, used 16322K [0x00000006fb400000, 0x00000006fc8c0000, 0x0000000700600000)
  object space 21248K, 76% used [0x00000006fb400000,0x00000006fc3f0930,0x00000006fc8c0000)
Event: 17.539 GC heap after
Heap after GC invocations=15 (full 0):
 PSYoungGen      total 210368K, used 21783K [0x00000007aacb0000, 0x00000007c8840000, 0x0000000800000000)
  eden space 188544K, 0% used [0x00000007aacb0000,0x00000007aacb0000,0x00000007b64d0000)
  from space 21824K, 99% used [0x00000007c6150000,0x00000007c7695fb0,0x00000007c76a0000)
  to   space 18048K, 0% used [0x00000007c76a0000,0x00000007c76a0000,0x00000007c8840000)
 ParOldGen       total 174528K, used 97055K [0x0000000700600000, 0x000000070b070000, 0x00000007aacb0000)
  object space 174528K, 55% used [0x0000000700600000,0x00000007064c7fa8,0x000000070b070000)
 PSPermGen       total 21248K, used 16322K [0x00000006fb400000, 0x00000006fc8c0000, 0x0000000700600000)
  object space 21248K, 76% used [0x00000006fb400000,0x00000006fc3f0930,0x00000006fc8c0000)
}
Event: 18.568 GC heap before
{Heap before GC invocations=16 (full 0):
 PSYoungGen      total 210368K, used 210217K [0x00000007aacb0000, 0x00000007c8840000, 0x0000000800000000)
  eden space 188544K, 99% used [0x00000007aacb0000,0x00000007b64b44f0,0x00000007b64d0000)
  from space 21824K, 99% used [0x00000007c6150000,0x00000007c7695fb0,0x00000007c76a0000)
  to   space 18048K, 0% used [0x00000007c76a0000,0x00000007c76a0000,0x00000007c8840000)
 ParOldGen       total 174528K, used 97055K [0x0000000700600000, 0x000000070b070000, 0x00000007aacb0000)
  object space 174528K, 55% used [0x0000000700600000,0x00000007064c7fa8,0x000000070b070000)
 PSPermGen       total 21248K, used 16322K [0x00000006fb400000, 0x00000006fc8c0000, 0x0000000700600000)
  object space 21248K, 76% used [0x00000006fb400000,0x00000006fc3f0930,0x00000006fc8c0000)
Event: 18.576 GC heap after
Heap after GC invocations=16 (full 0):
 PSYoungGen      total 193920K, used 12342K [0x00000007aacb0000, 0x00000007c82b0000, 0x0000000800000000)
  eden space 181568K, 0% used [0x00000007aacb0000,0x00000007aacb0000,0x00000007b5e00000)
  from space 12352K, 99% used [0x00000007c76a0000,0x00000007c82ad820,0x00000007c82b0000)
  to   space 26880K, 0% used [0x00000007c4e30000,0x00000007c4e30000,0x00000007c6870000)
 ParOldGen       total 174528K, used 126398K [0x0000000700600000, 0x000000070b070000, 0x00000007aacb0000)
  object space 174528K, 72% used [0x0000000700600000,0x000000070816f928,0x000000070b070000)
 PSPermGen       total 21248K, used 16322K [0x00000006fb400000, 0x00000006fc8c0000, 0x0000000700600000)
  object space 21248K, 76% used [0x00000006fb400000,0x00000006fc3f0930,0x00000006fc8c0000)
}
Event: 19.608 GC heap before
{Heap before GC invocations=17 (full 0):
 PSYoungGen      total 193920K, used 188671K [0x00000007aacb0000, 0x00000007c82b0000, 0x0000000800000000)
  eden space 181568K, 97% used [0x00000007aacb0000,0x00000007b58e27d8,0x00000007b5e00000)
  from space 12352K, 99% used [0x00000007c76a0000,0x00000007c82ad820,0x00000007c82b0000)
  to   space 26880K, 0% used [0x00000007c4e30000,0x00000007c4e30000,0x00000007c6870000)
 ParOldGen       total 174528K, used 126398K [0x0000000700600000, 0x000000070b070000, 0x00000007aacb0000)
  object space 174528K, 72% used [0x0000000700600000,0x000000070816f928,0x000000070b070000)
 PSPermGen       total 21248K, used 16359K [0x00000006fb400000, 0x00000006fc8c0000, 0x0000000700600000)
  object space 21248K, 76% used [0x00000006fb400000,0x00000006fc3f9f08,0x00000006fc8c0000)
Event: 19.614 GC heap after
Heap after GC invocations=17 (full 0):
 PSYoungGen      total 193344K, used 18385K [0x00000007aacb0000, 0x00000007c76b0000, 0x0000000800000000)
  eden space 174912K, 0% used [0x00000007aacb0000,0x00000007aacb0000,0x00000007b5780000)
  from space 18432K, 99% used [0x00000007c4e30000,0x00000007c6024430,0x00000007c6030000)
  to   space 23040K, 0% used [0x00000007c6030000,0x00000007c6030000,0x00000007c76b0000)
 ParOldGen       total 174528K, used 126406K [0x0000000700600000, 0x000000070b070000, 0x00000007aacb0000)
  object space 174528K, 72% used [0x0000000700600000,0x0000000708171928,0x000000070b070000)
 PSPermGen       total 21248K, used 16359K [0x00000006fb400000, 0x00000006fc8c0000, 0x0000000700600000)
  object space 21248K, 76% used [0x00000006fb400000,0x00000006fc3f9f08,0x00000006fc8c0000)
}
Event: 20.342 GC heap before
{Heap before GC invocations=18 (full 0):
 PSYoungGen      total 193344K, used 188557K [0x00000007aacb0000, 0x00000007c76b0000, 0x0000000800000000)
  eden space 174912K, 97% used [0x00000007aacb0000,0x00000007b52df098,0x00000007b5780000)
  from space 18432K, 99% used [0x00000007c4e30000,0x00000007c6024430,0x00000007c6030000)
  to   space 23040K, 0% used [0x00000007c6030000,0x00000007c6030000,0x00000007c76b0000)
 ParOldGen       total 174528K, used 126406K [0x0000000700600000, 0x000000070b070000, 0x00000007aacb0000)
  object space 174528K, 72% used [0x0000000700600000,0x0000000708171928,0x000000070b070000)
 PSPermGen       total 21248K, used 16361K [0x00000006fb400000, 0x00000006fc8c0000, 0x0000000700600000)
  object space 21248K, 77% used [0x00000006fb400000,0x00000006fc3fa7c0,0x00000006fc8c0000)
Event: 20.345 GC heap after
Heap after GC invocations=18 (full 0):
 PSYoungGen      total 187008K, used 18417K [0x00000007aacb0000, 0x00000007c7230000, 0x0000000800000000)
  eden space 168576K, 0% used [0x00000007aacb0000,0x00000007aacb0000,0x00000007b5150000)
  from space 18432K, 99% used [0x00000007c6030000,0x00000007c722c430,0x00000007c7230000)
  to   space 26496K, 0% used [0x00000007c3e70000,0x00000007c3e70000,0x00000007c5850000)
 ParOldGen       total 174528K, used 126438K [0x0000000700600000, 0x000000070b070000, 0x00000007aacb0000)
  object space 174528K, 72% used [0x0000000700600000,0x0000000708179928,0x000000070b070000)
 PSPermGen       total 21248K, used 16361K [0x00000006fb400000, 0x00000006fc8c0000, 0x0000000700600000)
  object space 21248K, 77% used [0x00000006fb400000,0x00000006fc3fa7c0,0x00000006fc8c0000)
}
Event: 20.808 GC heap before
{Heap before GC invocations=19 (full 0):
 PSYoungGen      total 187008K, used 182480K [0x00000007aacb0000, 0x00000007c7230000, 0x0000000800000000)
  eden space 168576K, 97% used [0x00000007aacb0000,0x00000007b4ce7f80,0x00000007b5150000)
  from space 18432K, 99% used [0x00000007c6030000,0x00000007c722c430,0x00000007c7230000)
  to   space 26496K, 0% used [0x00000007c3e70000,0x00000007c3e70000,0x00000007c5850000)
 ParOldGen       total 174528K, used 126438K [0x0000000700600000, 0x000000070b070000, 0x00000007aacb0000)
  object space 174528K, 72% used [0x0000000700600000,0x0000000708179928,0x000000070b070000)
 PSPermGen       total 21248K, used 16361K [0x00000006fb400000, 0x00000006fc8c0000, 0x0000000700600000)
  object space 21248K, 77% used [0x00000006fb400000,0x00000006fc3fa7c0,0x00000006fc8c0000)
Event: 20.815 GC heap after
Heap after GC invocations=19 (full 0):
 PSYoungGen      total 180864K, used 18289K [0x00000007aacb0000, 0x00000007c6040000, 0x0000000800000000)
  eden space 162560K, 0% used [0x00000007aacb0000,0x00000007aacb0000,0x00000007b4b70000)
  from space 18304K, 99% used [0x00000007c3e70000,0x00000007c504c430,0x00000007c5050000)
  to   space 16320K, 0% used [0x00000007c5050000,0x00000007c5050000,0x00000007c6040000)
 ParOldGen       total 174528K, used 126486K [0x0000000700600000, 0x000000070b070000, 0x00000007aacb0000)
  object space 174528K, 72% used [0x0000000700600000,0x0000000708185928,0x000000070b070000)
 PSPermGen       total 21248K, used 16361K [0x00000006fb400000, 0x00000006fc8c0000, 0x0000000700600000)
  object space 21248K, 77% used [0x00000006fb400000,0x00000006fc3fa7c0,0x00000006fc8c0000)
}

