# JRE version: 7.0_07-b11
# Java VM: Java HotSpot(TM) 64-Bit Server VM (23.3-b01 mixed mode windows-amd64 compressed oops)
Heap
 PSYoungGen      total 483200K, used 308140K [0x00000007aacb0000, 0x00000007ccf70000, 0x0000000800000000)
  eden space 482688K, 63% used [0x00000007aacb0000,0x00000007bd929dc8,0x00000007c8410000)
  from space 512K, 88% used [0x00000007c9680000,0x00000007c96f13a8,0x00000007c9700000)
  to   space 38592K, 0% used [0x00000007ca9c0000,0x00000007ca9c0000,0x00000007ccf70000)
 ParOldGen       total 216576K, used 51484K [0x0000000700600000, 0x000000070d980000, 0x00000007aacb0000)
  object space 216576K, 23% used [0x0000000700600000,0x00000007038472f8,0x000000070d980000)
 PSPermGen       total 39104K, used 18076K [0x00000006fb400000, 0x00000006fda30000, 0x0000000700600000)
  object space 39104K, 46% used [0x00000006fb400000,0x00000006fc5a70e8,0x00000006fda30000)
GC Heap History (10 events):
Event: 5.961 GC heap before
{Heap before GC invocations=8 (full 1):
 PSYoungGen      total 293440K, used 274403K [0x00000007aacb0000, 0x00000007ced90000, 0x0000000800000000)
  eden space 260224K, 100% used [0x00000007aacb0000,0x00000007baad0000,0x00000007baad0000)
  from space 33216K, 42% used [0x00000007baad0000,0x00000007bb8a8cc0,0x00000007bcb40000)
  to   space 35136K, 0% used [0x00000007ccb40000,0x00000007ccb40000,0x00000007ced90000)
 ParOldGen       total 388864K, used 386586K [0x0000000700600000, 0x00000007181c0000, 0x00000007aacb0000)
  object space 388864K, 99% used [0x0000000700600000,0x0000000717f86a90,0x00000007181c0000)
 PSPermGen       total 21248K, used 18026K [0x00000006fb400000, 0x00000006fc8c0000, 0x0000000700600000)
  object space 21248K, 84% used [0x00000006fb400000,0x00000006fc59a968,0x00000006fc8c0000)
Event: 6.035 GC heap after
Heap after GC invocations=8 (full 1):
 PSYoungGen      total 293440K, used 0K [0x00000007aacb0000, 0x00000007ced90000, 0x0000000800000000)
  eden space 260224K, 0% used [0x00000007aacb0000,0x00000007aacb0000,0x00000007baad0000)
  from space 33216K, 0% used [0x00000007baad0000,0x00000007baad0000,0x00000007bcb40000)
  to   space 35136K, 0% used [0x00000007ccb40000,0x00000007ccb40000,0x00000007ced90000)
 ParOldGen       total 137216K, used 26299K [0x0000000700600000, 0x0000000708c00000, 0x00000007aacb0000)
  object space 137216K, 19% used [0x0000000700600000,0x0000000701faeed0,0x0000000708c00000)
 PSPermGen       total 36608K, used 18019K [0x00000006fb400000, 0x00000006fd7c0000, 0x0000000700600000)
  object space 36608K, 49% used [0x00000006fb400000,0x00000006fc598f60,0x00000006fd7c0000)
}
Event: 6.925 GC heap before
{Heap before GC invocations=9 (full 2):
 PSYoungGen      total 293440K, used 260193K [0x00000007aacb0000, 0x00000007ced90000, 0x0000000800000000)
  eden space 260224K, 99% used [0x00000007aacb0000,0x00000007baac86d0,0x00000007baad0000)
  from space 33216K, 0% used [0x00000007baad0000,0x00000007baad0000,0x00000007bcb40000)
  to   space 35136K, 0% used [0x00000007ccb40000,0x00000007ccb40000,0x00000007ced90000)
 ParOldGen       total 247552K, used 247459K [0x0000000700600000, 0x000000070f7c0000, 0x00000007aacb0000)
  object space 247552K, 99% used [0x0000000700600000,0x000000070f7a8ca8,0x000000070f7c0000)
 PSPermGen       total 36608K, used 18020K [0x00000006fb400000, 0x00000006fd7c0000, 0x0000000700600000)
  object space 36608K, 49% used [0x00000006fb400000,0x00000006fc599308,0x00000006fd7c0000)
Event: 6.955 GC heap after
Heap after GC invocations=9 (full 2):
 PSYoungGen      total 293440K, used 0K [0x00000007aacb0000, 0x00000007ced90000, 0x0000000800000000)
  eden space 260224K, 0% used [0x00000007aacb0000,0x00000007aacb0000,0x00000007baad0000)
  from space 33216K, 0% used [0x00000007baad0000,0x00000007baad0000,0x00000007bcb40000)
  to   space 35136K, 0% used [0x00000007ccb40000,0x00000007ccb40000,0x00000007ced90000)
 ParOldGen       total 176128K, used 28201K [0x0000000700600000, 0x000000070b200000, 0x00000007aacb0000)
  object space 176128K, 16% used [0x0000000700600000,0x000000070218a4c0,0x000000070b200000)
 PSPermGen       total 40832K, used 18020K [0x00000006fb400000, 0x00000006fdbe0000, 0x0000000700600000)
  object space 40832K, 44% used [0x00000006fb400000,0x00000006fc599308,0x00000006fdbe0000)
}
Event: 7.446 GC heap before
{Heap before GC invocations=10 (full 2):
 PSYoungGen      total 293440K, used 257198K [0x00000007aacb0000, 0x00000007ced90000, 0x0000000800000000)
  eden space 260224K, 98% used [0x00000007aacb0000,0x00000007ba7dbb40,0x00000007baad0000)
  from space 33216K, 0% used [0x00000007baad0000,0x00000007baad0000,0x00000007bcb40000)
  to   space 35136K, 0% used [0x00000007ccb40000,0x00000007ccb40000,0x00000007ced90000)
 ParOldGen       total 176128K, used 34276K [0x0000000700600000, 0x000000070b200000, 0x00000007aacb0000)
  object space 176128K, 19% used [0x0000000700600000,0x00000007027790d0,0x000000070b200000)
 PSPermGen       total 40832K, used 18022K [0x00000006fb400000, 0x00000006fdbe0000, 0x0000000700600000)
  object space 40832K, 44% used [0x00000006fb400000,0x00000006fc599ae8,0x00000006fdbe0000)
Event: 7.451 GC heap after
Heap after GC invocations=10 (full 2):
 PSYoungGen      total 406656K, used 16964K [0x00000007aacb0000, 0x00000007cdbe0000, 0x0000000800000000)
  eden space 389632K, 0% used [0x00000007aacb0000,0x00000007aacb0000,0x00000007c2930000)
  from space 17024K, 99% used [0x00000007ccb40000,0x00000007cdbd10b8,0x00000007cdbe0000)
  to   space 35520K, 0% used [0x00000007c9680000,0x00000007c9680000,0x00000007cb930000)
 ParOldGen       total 176128K, used 34276K [0x0000000700600000, 0x000000070b200000, 0x00000007aacb0000)
  object space 176128K, 19% used [0x0000000700600000,0x00000007027790d0,0x000000070b200000)
 PSPermGen       total 40832K, used 18022K [0x00000006fb400000, 0x00000006fdbe0000, 0x0000000700600000)
  object space 40832K, 44% used [0x00000006fb400000,0x00000006fc599ae8,0x00000006fdbe0000)
}
Event: 8.411 GC heap before
{Heap before GC invocations=11 (full 3):
 PSYoungGen      total 406656K, used 406596K [0x00000007aacb0000, 0x00000007cdbe0000, 0x0000000800000000)
  eden space 389632K, 100% used [0x00000007aacb0000,0x00000007c2930000,0x00000007c2930000)
  from space 17024K, 99% used [0x00000007ccb40000,0x00000007cdbd10b8,0x00000007cdbe0000)
  to   space 35520K, 0% used [0x00000007c9680000,0x00000007c9680000,0x00000007cb930000)
 ParOldGen       total 176128K, used 161682K [0x0000000700600000, 0x000000070b200000, 0x00000007aacb0000)
  object space 176128K, 91% used [0x0000000700600000,0x000000070a3e49a8,0x000000070b200000)
 PSPermGen       total 40832K, used 18029K [0x00000006fb400000, 0x00000006fdbe0000, 0x0000000700600000)
  object space 40832K, 44% used [0x00000006fb400000,0x00000006fc59b730,0x00000006fdbe0000)
Event: 8.449 GC heap after
Heap after GC invocations=11 (full 3):
 PSYoungGen      total 406656K, used 0K [0x00000007aacb0000, 0x00000007cdbe0000, 0x0000000800000000)
  eden space 389632K, 0% used [0x00000007aacb0000,0x00000007aacb0000,0x00000007c2930000)
  from space 17024K, 0% used [0x00000007ccb40000,0x00000007ccb40000,0x00000007cdbe0000)
  to   space 35520K, 0% used [0x00000007c9680000,0x00000007c9680000,0x00000007cb930000)
 ParOldGen       total 216576K, used 28371K [0x0000000700600000, 0x000000070d980000, 0x00000007aacb0000)
  object space 216576K, 13% used [0x0000000700600000,0x00000007021b4d20,0x000000070d980000)
 PSPermGen       total 39104K, used 18029K [0x00000006fb400000, 0x00000006fda30000, 0x0000000700600000)
  object space 39104K, 46% used [0x00000006fb400000,0x00000006fc59b730,0x00000006fda30000)
}
Event: 9.213 GC heap before
{Heap before GC invocations=12 (full 3):
 PSYoungGen      total 406656K, used 389632K [0x00000007aacb0000, 0x00000007cdbe0000, 0x0000000800000000)
  eden space 389632K, 100% used [0x00000007aacb0000,0x00000007c2930000,0x00000007c2930000)
  from space 17024K, 0% used [0x00000007ccb40000,0x00000007ccb40000,0x00000007cdbe0000)
  to   space 35520K, 0% used [0x00000007c9680000,0x00000007c9680000,0x00000007cb930000)
 ParOldGen       total 216576K, used 51484K [0x0000000700600000, 0x000000070d980000, 0x00000007aacb0000)
  object space 216576K, 23% used [0x0000000700600000,0x00000007038472f8,0x000000070d980000)
 PSPermGen       total 39104K, used 18032K [0x00000006fb400000, 0x00000006fda30000, 0x0000000700600000)
  object space 39104K, 46% used [0x00000006fb400000,0x00000006fc59c238,0x00000006fda30000)
Event: 9.215 GC heap after
Heap after GC invocations=12 (full 3):
 PSYoungGen      total 483200K, used 452K [0x00000007aacb0000, 0x00000007ccf70000, 0x0000000800000000)
  eden space 482688K, 0% used [0x00000007aacb0000,0x00000007aacb0000,0x00000007c8410000)
  from space 512K, 88% used [0x00000007c9680000,0x00000007c96f13a8,0x00000007c9700000)
  to   space 38592K, 0% used [0x00000007ca9c0000,0x00000007ca9c0000,0x00000007ccf70000)
 ParOldGen       total 216576K, used 51484K [0x0000000700600000, 0x000000070d980000, 0x00000007aacb0000)
  object space 216576K, 23% used [0x0000000700600000,0x00000007038472f8,0x000000070d980000)
 PSPermGen       total 39104K, used 18032K [0x00000006fb400000, 0x00000006fda30000, 0x0000000700600000)
  object space 39104K, 46% used [0x00000006fb400000,0x00000006fc59c238,0x00000006fda30000)
}

