# JRE version: 7.0_07-b11
# Java VM: Java HotSpot(TM) 64-Bit Server VM (23.3-b01 mixed mode windows-amd64 compressed oops)
Heap
 PSYoungGen      total 680320K, used 654135K [0x00000007aacb0000, 0x00000007d8b10000, 0x0000000800000000)
  eden space 624256K, 100% used [0x00000007aacb0000,0x00000007d0e50000,0x00000007d0e50000)
  from space 56064K, 53% used [0x00000007d5450000,0x00000007d717dd58,0x00000007d8b10000)
  to   space 63872K, 0% used [0x00000007d0e50000,0x00000007d0e50000,0x00000007d4cb0000)
 ParOldGen       total 214528K, used 211214K [0x0000000700600000, 0x000000070d780000, 0x00000007aacb0000)
  object space 214528K, 98% used [0x0000000700600000,0x000000070d443b40,0x000000070d780000)
 PSPermGen       total 36160K, used 17991K [0x00000006fb400000, 0x00000006fd750000, 0x0000000700600000)
  object space 36160K, 49% used [0x00000006fb400000,0x00000006fc591dd8,0x00000006fd750000)
GC Heap History (10 events):
Event: 7.497 GC heap before
{Heap before GC invocations=7 (full 1):
 PSYoungGen      total 294272K, used 288675K [0x00000007aacb0000, 0x00000007c05b0000, 0x0000000800000000)
  eden space 255232K, 100% used [0x00000007aacb0000,0x00000007ba5f0000,0x00000007ba5f0000)
  from space 39040K, 85% used [0x00000007bd290000,0x00000007bf338f40,0x00000007bf8b0000)
  to   space 45696K, 0% used [0x00000007ba5f0000,0x00000007ba5f0000,0x00000007bd290000)
 ParOldGen       total 174528K, used 152509K [0x0000000700600000, 0x000000070b070000, 0x00000007aacb0000)
  object space 174528K, 87% used [0x0000000700600000,0x0000000709aef728,0x000000070b070000)
 PSPermGen       total 21248K, used 17949K [0x00000006fb400000, 0x00000006fc8c0000, 0x0000000700600000)
  object space 21248K, 84% used [0x00000006fb400000,0x00000006fc5876a8,0x00000006fc8c0000)
Event: 7.544 GC heap after
Heap after GC invocations=7 (full 1):
 PSYoungGen      total 294272K, used 0K [0x00000007aacb0000, 0x00000007c05b0000, 0x0000000800000000)
  eden space 255232K, 0% used [0x00000007aacb0000,0x00000007aacb0000,0x00000007ba5f0000)
  from space 39040K, 0% used [0x00000007bd290000,0x00000007bd290000,0x00000007bf8b0000)
  to   space 45696K, 0% used [0x00000007ba5f0000,0x00000007ba5f0000,0x00000007bd290000)
 ParOldGen       total 128704K, used 13331K [0x0000000700600000, 0x00000007083b0000, 0x00000007aacb0000)
  object space 128704K, 10% used [0x0000000700600000,0x0000000701304e78,0x00000007083b0000)
 PSPermGen       total 36160K, used 17943K [0x00000006fb400000, 0x00000006fd750000, 0x0000000700600000)
  object space 36160K, 49% used [0x00000006fb400000,0x00000006fc585c30,0x00000006fd750000)
}
Event: 8.030 GC heap before
{Heap before GC invocations=8 (full 1):
 PSYoungGen      total 294272K, used 253940K [0x00000007aacb0000, 0x00000007c05b0000, 0x0000000800000000)
  eden space 255232K, 99% used [0x00000007aacb0000,0x00000007ba4ad2e8,0x00000007ba5f0000)
  from space 39040K, 0% used [0x00000007bd290000,0x00000007bd290000,0x00000007bf8b0000)
  to   space 45696K, 0% used [0x00000007ba5f0000,0x00000007ba5f0000,0x00000007bd290000)
 ParOldGen       total 128704K, used 13331K [0x0000000700600000, 0x00000007083b0000, 0x00000007aacb0000)
  object space 128704K, 10% used [0x0000000700600000,0x0000000701304e78,0x00000007083b0000)
 PSPermGen       total 36160K, used 17949K [0x00000006fb400000, 0x00000006fd750000, 0x0000000700600000)
  object space 36160K, 49% used [0x00000006fb400000,0x00000006fc5875b0,0x00000006fd750000)
Event: 8.040 GC heap after
Heap after GC invocations=8 (full 1):
 PSYoungGen      total 300928K, used 43741K [0x00000007aacb0000, 0x00000007cc4c0000, 0x0000000800000000)
  eden space 255232K, 0% used [0x00000007aacb0000,0x00000007aacb0000,0x00000007ba5f0000)
  from space 45696K, 95% used [0x00000007ba5f0000,0x00000007bd0a7510,0x00000007bd290000)
  to   space 54848K, 0% used [0x00000007c8f30000,0x00000007c8f30000,0x00000007cc4c0000)
 ParOldGen       total 128704K, used 13331K [0x0000000700600000, 0x00000007083b0000, 0x00000007aacb0000)
  object space 128704K, 10% used [0x0000000700600000,0x0000000701304e78,0x00000007083b0000)
 PSPermGen       total 36160K, used 17949K [0x00000006fb400000, 0x00000006fd750000, 0x0000000700600000)
  object space 36160K, 49% used [0x00000006fb400000,0x00000006fc5875b0,0x00000006fd750000)
}
Event: 8.493 GC heap before
{Heap before GC invocations=9 (full 1):
 PSYoungGen      total 300928K, used 297064K [0x00000007aacb0000, 0x00000007cc4c0000, 0x0000000800000000)
  eden space 255232K, 99% used [0x00000007aacb0000,0x00000007ba412ce0,0x00000007ba5f0000)
  from space 45696K, 95% used [0x00000007ba5f0000,0x00000007bd0a7510,0x00000007bd290000)
  to   space 54848K, 0% used [0x00000007c8f30000,0x00000007c8f30000,0x00000007cc4c0000)
 ParOldGen       total 128704K, used 13331K [0x0000000700600000, 0x00000007083b0000, 0x00000007aacb0000)
  object space 128704K, 10% used [0x0000000700600000,0x0000000701304e78,0x00000007083b0000)
 PSPermGen       total 36160K, used 17949K [0x00000006fb400000, 0x00000006fd750000, 0x0000000700600000)
  object space 36160K, 49% used [0x00000006fb400000,0x00000006fc5875b0,0x00000006fd750000)
Event: 8.501 GC heap after
Heap after GC invocations=9 (full 1):
 PSYoungGen      total 492032K, used 35177K [0x00000007aacb0000, 0x00000007cca90000, 0x0000000800000000)
  eden space 437184K, 0% used [0x00000007aacb0000,0x00000007aacb0000,0x00000007c57a0000)
  from space 54848K, 64% used [0x00000007c8f30000,0x00000007cb18a4d0,0x00000007cc4c0000)
  to   space 56896K, 0% used [0x00000007c57a0000,0x00000007c57a0000,0x00000007c8f30000)
 ParOldGen       total 128704K, used 13331K [0x0000000700600000, 0x00000007083b0000, 0x00000007aacb0000)
  object space 128704K, 10% used [0x0000000700600000,0x0000000701304e78,0x00000007083b0000)
 PSPermGen       total 36160K, used 17949K [0x00000006fb400000, 0x00000006fd750000, 0x0000000700600000)
  object space 36160K, 49% used [0x00000006fb400000,0x00000006fc5875b0,0x00000006fd750000)
}
Event: 9.342 GC heap before
{Heap before GC invocations=10 (full 1):
 PSYoungGen      total 492032K, used 471719K [0x00000007aacb0000, 0x00000007cca90000, 0x0000000800000000)
  eden space 437184K, 99% used [0x00000007aacb0000,0x00000007c56ff970,0x00000007c57a0000)
  from space 54848K, 64% used [0x00000007c8f30000,0x00000007cb18a4d0,0x00000007cc4c0000)
  to   space 56896K, 0% used [0x00000007c57a0000,0x00000007c57a0000,0x00000007c8f30000)
 ParOldGen       total 128704K, used 13331K [0x0000000700600000, 0x00000007083b0000, 0x00000007aacb0000)
  object space 128704K, 10% used [0x0000000700600000,0x0000000701304e78,0x00000007083b0000)
 PSPermGen       total 36160K, used 17969K [0x00000006fb400000, 0x00000006fd750000, 0x0000000700600000)
  object space 36160K, 49% used [0x00000006fb400000,0x00000006fc58c628,0x00000006fd750000)
Event: 9.357 GC heap after
Heap after GC invocations=10 (full 1):
 PSYoungGen      total 494080K, used 56531K [0x00000007aacb0000, 0x00000007d9570000, 0x0000000800000000)
  eden space 437184K, 0% used [0x00000007aacb0000,0x00000007aacb0000,0x00000007c57a0000)
  from space 56896K, 99% used [0x00000007c57a0000,0x00000007c8ed4eb8,0x00000007c8f30000)
  to   space 66688K, 0% used [0x00000007d5450000,0x00000007d5450000,0x00000007d9570000)
 ParOldGen       total 128704K, used 28898K [0x0000000700600000, 0x00000007083b0000, 0x00000007aacb0000)
  object space 128704K, 22% used [0x0000000700600000,0x0000000702238b68,0x00000007083b0000)
 PSPermGen       total 36160K, used 17969K [0x00000006fb400000, 0x00000006fd750000, 0x0000000700600000)
  object space 36160K, 49% used [0x00000006fb400000,0x00000006fc58c628,0x00000006fd750000)
}
Event: 10.130 GC heap before
{Heap before GC invocations=11 (full 1):
 PSYoungGen      total 494080K, used 489749K [0x00000007aacb0000, 0x00000007d9570000, 0x0000000800000000)
  eden space 437184K, 99% used [0x00000007aacb0000,0x00000007c53c0590,0x00000007c57a0000)
  from space 56896K, 99% used [0x00000007c57a0000,0x00000007c8ed4eb8,0x00000007c8f30000)
  to   space 66688K, 0% used [0x00000007d5450000,0x00000007d5450000,0x00000007d9570000)
 ParOldGen       total 128704K, used 41048K [0x0000000700600000, 0x00000007083b0000, 0x00000007aacb0000)
  object space 128704K, 31% used [0x0000000700600000,0x0000000702e16388,0x00000007083b0000)
 PSPermGen       total 36160K, used 17970K [0x00000006fb400000, 0x00000006fd750000, 0x0000000700600000)
  object space 36160K, 49% used [0x00000006fb400000,0x00000006fc58cad0,0x00000006fd750000)
Event: 10.138 GC heap after
Heap after GC invocations=11 (full 1):
 PSYoungGen      total 680320K, used 29879K [0x00000007aacb0000, 0x00000007d8b10000, 0x0000000800000000)
  eden space 624256K, 0% used [0x00000007aacb0000,0x00000007aacb0000,0x00000007d0e50000)
  from space 56064K, 53% used [0x00000007d5450000,0x00000007d717dd58,0x00000007d8b10000)
  to   space 63872K, 0% used [0x00000007d0e50000,0x00000007d0e50000,0x00000007d4cb0000)
 ParOldGen       total 128704K, used 59337K [0x0000000700600000, 0x00000007083b0000, 0x00000007aacb0000)
  object space 128704K, 46% used [0x0000000700600000,0x0000000703ff27c8,0x00000007083b0000)
 PSPermGen       total 36160K, used 17970K [0x00000006fb400000, 0x00000006fd750000, 0x0000000700600000)
  object space 36160K, 49% used [0x00000006fb400000,0x00000006fc58cad0,0x00000006fd750000)
}

