# JRE version: 7.0_07-b11
# Java VM: Java HotSpot(TM) 64-Bit Server VM (23.3-b01 mixed mode windows-amd64 compressed oops)
Heap
 PSYoungGen      total 748800K, used 241829K [0x00000007aacb0000, 0x00000007e6100000, 0x0000000800000000)
  eden space 720064K, 29% used [0x00000007aacb0000,0x00000007b7cca390,0x00000007d6be0000)
  from space 28736K, 99% used [0x00000007e44f0000,0x00000007e60ff2a0,0x00000007e6100000)
  to   space 54976K, 0% used [0x00000007df5a0000,0x00000007df5a0000,0x00000007e2b50000)
 ParOldGen       total 171136K, used 37360K [0x0000000700600000, 0x000000070ad20000, 0x00000007aacb0000)
  object space 171136K, 21% used [0x0000000700600000,0x0000000702a7c0f8,0x000000070ad20000)
 PSPermGen       total 39360K, used 17935K [0x00000006fb400000, 0x00000006fda70000, 0x0000000700600000)
  object space 39360K, 45% used [0x00000006fb400000,0x00000006fc583d60,0x00000006fda70000)
GC Heap History (10 events):
Event: 32.828 GC heap before
{Heap before GC invocations=19 (full 3):
 PSYoungGen      total 718720K, used 665920K [0x00000007aacb0000, 0x00000007e5dd0000, 0x0000000800000000)
  eden space 657920K, 99% used [0x00000007aacb0000,0x00000007d2cb5458,0x00000007d2f30000)
  from space 60800K, 17% used [0x00000007d2f30000,0x00000007d397ae70,0x00000007d6a90000)
  to   space 60352K, 0% used [0x00000007e22e0000,0x00000007e22e0000,0x00000007e5dd0000)
 ParOldGen       total 171136K, used 37328K [0x0000000700600000, 0x000000070ad20000, 0x00000007aacb0000)
  object space 171136K, 21% used [0x0000000700600000,0x0000000702a740f8,0x000000070ad20000)
 PSPermGen       total 39360K, used 17916K [0x00000006fb400000, 0x00000006fda70000, 0x0000000700600000)
  object space 39360K, 45% used [0x00000006fb400000,0x00000006fc57f0e0,0x00000006fda70000)
Event: 32.831 GC heap after
Heap after GC invocations=19 (full 3):
 PSYoungGen      total 856512K, used 10475K [0x00000007aacb0000, 0x00000007e4410000, 0x0000000800000000)
  eden space 822528K, 0% used [0x00000007aacb0000,0x00000007aacb0000,0x00000007dcff0000)
  from space 33984K, 30% used [0x00000007e22e0000,0x00000007e2d1ae70,0x00000007e4410000)
  to   space 59456K, 0% used [0x00000007dcff0000,0x00000007dcff0000,0x00000007e0a00000)
 ParOldGen       total 171136K, used 37360K [0x0000000700600000, 0x000000070ad20000, 0x00000007aacb0000)
  object space 171136K, 21% used [0x0000000700600000,0x0000000702a7c0f8,0x000000070ad20000)
 PSPermGen       total 39360K, used 17916K [0x00000006fb400000, 0x00000006fda70000, 0x0000000700600000)
  object space 39360K, 45% used [0x00000006fb400000,0x00000006fc57f0e0,0x00000006fda70000)
}
Event: 38.261 GC heap before
{Heap before GC invocations=20 (full 3):
 PSYoungGen      total 856512K, used 827318K [0x00000007aacb0000, 0x00000007e4410000, 0x0000000800000000)
  eden space 822528K, 99% used [0x00000007aacb0000,0x00000007dca62be0,0x00000007dcff0000)
  from space 33984K, 30% used [0x00000007e22e0000,0x00000007e2d1ae70,0x00000007e4410000)
  to   space 59456K, 0% used [0x00000007dcff0000,0x00000007dcff0000,0x00000007e0a00000)
 ParOldGen       total 171136K, used 37360K [0x0000000700600000, 0x000000070ad20000, 0x00000007aacb0000)
  object space 171136K, 21% used [0x0000000700600000,0x0000000702a7c0f8,0x000000070ad20000)
 PSPermGen       total 39360K, used 17919K [0x00000006fb400000, 0x00000006fda70000, 0x0000000700600000)
  object space 39360K, 45% used [0x00000006fb400000,0x00000006fc57fec8,0x00000006fda70000)
Event: 38.264 GC heap after
Heap after GC invocations=20 (full 3):
 PSYoungGen      total 881984K, used 10539K [0x00000007aacb0000, 0x00000007eb470000, 0x0000000800000000)
  eden space 822528K, 0% used [0x00000007aacb0000,0x00000007aacb0000,0x00000007dcff0000)
  from space 59456K, 17% used [0x00000007dcff0000,0x00000007dda3ae70,0x00000007e0a00000)
  to   space 58304K, 0% used [0x00000007e7b80000,0x00000007e7b80000,0x00000007eb470000)
 ParOldGen       total 171136K, used 37360K [0x0000000700600000, 0x000000070ad20000, 0x00000007aacb0000)
  object space 171136K, 21% used [0x0000000700600000,0x0000000702a7c0f8,0x000000070ad20000)
 PSPermGen       total 39360K, used 17919K [0x00000006fb400000, 0x00000006fda70000, 0x0000000700600000)
  object space 39360K, 45% used [0x00000006fb400000,0x00000006fc57fec8,0x00000006fda70000)
}
Event: 43.701 GC heap before
{Heap before GC invocations=21 (full 3):
 PSYoungGen      total 881984K, used 827379K [0x00000007aacb0000, 0x00000007eb470000, 0x0000000800000000)
  eden space 822528K, 99% used [0x00000007aacb0000,0x00000007dca61e38,0x00000007dcff0000)
  from space 59456K, 17% used [0x00000007dcff0000,0x00000007dda3ae70,0x00000007e0a00000)
  to   space 58304K, 0% used [0x00000007e7b80000,0x00000007e7b80000,0x00000007eb470000)
 ParOldGen       total 171136K, used 37360K [0x0000000700600000, 0x000000070ad20000, 0x00000007aacb0000)
  object space 171136K, 21% used [0x0000000700600000,0x0000000702a7c0f8,0x000000070ad20000)
 PSPermGen       total 39360K, used 17923K [0x00000006fb400000, 0x00000006fda70000, 0x0000000700600000)
  object space 39360K, 45% used [0x00000006fb400000,0x00000006fc580ed0,0x00000006fda70000)
Event: 43.705 GC heap after
Heap after GC invocations=21 (full 3):
 PSYoungGen      total 797120K, used 10443K [0x00000007aacb0000, 0x00000007e85c0000, 0x0000000800000000)
  eden space 786624K, 0% used [0x00000007aacb0000,0x00000007aacb0000,0x00000007dace0000)
  from space 10496K, 99% used [0x00000007e7b80000,0x00000007e85b2e70,0x00000007e85c0000)
  to   space 56832K, 0% used [0x00000007e16c0000,0x00000007e16c0000,0x00000007e4e40000)
 ParOldGen       total 171136K, used 37360K [0x0000000700600000, 0x000000070ad20000, 0x00000007aacb0000)
  object space 171136K, 21% used [0x0000000700600000,0x0000000702a7c0f8,0x000000070ad20000)
 PSPermGen       total 39360K, used 17923K [0x00000006fb400000, 0x00000006fda70000, 0x0000000700600000)
  object space 39360K, 45% used [0x00000006fb400000,0x00000006fc580ed0,0x00000006fda70000)
}
Event: 48.904 GC heap before
{Heap before GC invocations=22 (full 3):
 PSYoungGen      total 797120K, used 795371K [0x00000007aacb0000, 0x00000007e85c0000, 0x0000000800000000)
  eden space 786624K, 99% used [0x00000007aacb0000,0x00000007dab37e78,0x00000007dace0000)
  from space 10496K, 99% used [0x00000007e7b80000,0x00000007e85b2e70,0x00000007e85c0000)
  to   space 56832K, 0% used [0x00000007e16c0000,0x00000007e16c0000,0x00000007e4e40000)
 ParOldGen       total 171136K, used 37360K [0x0000000700600000, 0x000000070ad20000, 0x00000007aacb0000)
  object space 171136K, 21% used [0x0000000700600000,0x0000000702a7c0f8,0x000000070ad20000)
 PSPermGen       total 39360K, used 17927K [0x00000006fb400000, 0x00000006fda70000, 0x0000000700600000)
  object space 39360K, 45% used [0x00000006fb400000,0x00000006fc581ef8,0x00000006fda70000)
Event: 48.910 GC heap after
Heap after GC invocations=22 (full 3):
 PSYoungGen      total 781248K, used 28732K [0x00000007aacb0000, 0x00000007e7b90000, 0x0000000800000000)
  eden space 752512K, 0% used [0x00000007aacb0000,0x00000007aacb0000,0x00000007d8b90000)
  from space 28736K, 99% used [0x00000007e16c0000,0x00000007e32cf2a0,0x00000007e32d0000)
  to   space 55936K, 0% used [0x00000007e44f0000,0x00000007e44f0000,0x00000007e7b90000)
 ParOldGen       total 171136K, used 37360K [0x0000000700600000, 0x000000070ad20000, 0x00000007aacb0000)
  object space 171136K, 21% used [0x0000000700600000,0x0000000702a7c0f8,0x000000070ad20000)
 PSPermGen       total 39360K, used 17927K [0x00000006fb400000, 0x00000006fda70000, 0x0000000700600000)
  object space 39360K, 45% used [0x00000006fb400000,0x00000006fc581ef8,0x00000006fda70000)
}
Event: 53.904 GC heap before
{Heap before GC invocations=23 (full 3):
 PSYoungGen      total 781248K, used 779084K [0x00000007aacb0000, 0x00000007e7b90000, 0x0000000800000000)
  eden space 752512K, 99% used [0x00000007aacb0000,0x00000007d8973fd0,0x00000007d8b90000)
  from space 28736K, 99% used [0x00000007e16c0000,0x00000007e32cf2a0,0x00000007e32d0000)
  to   space 55936K, 0% used [0x00000007e44f0000,0x00000007e44f0000,0x00000007e7b90000)
 ParOldGen       total 171136K, used 37360K [0x0000000700600000, 0x000000070ad20000, 0x00000007aacb0000)
  object space 171136K, 21% used [0x0000000700600000,0x0000000702a7c0f8,0x000000070ad20000)
 PSPermGen       total 39360K, used 17929K [0x00000006fb400000, 0x00000006fda70000, 0x0000000700600000)
  object space 39360K, 45% used [0x00000006fb400000,0x00000006fc5824e0,0x00000006fda70000)
Event: 53.916 GC heap after
Heap after GC invocations=23 (full 3):
 PSYoungGen      total 748800K, used 28732K [0x00000007aacb0000, 0x00000007e6100000, 0x0000000800000000)
  eden space 720064K, 0% used [0x00000007aacb0000,0x00000007aacb0000,0x00000007d6be0000)
  from space 28736K, 99% used [0x00000007e44f0000,0x00000007e60ff2a0,0x00000007e6100000)
  to   space 54976K, 0% used [0x00000007df5a0000,0x00000007df5a0000,0x00000007e2b50000)
 ParOldGen       total 171136K, used 37360K [0x0000000700600000, 0x000000070ad20000, 0x00000007aacb0000)
  object space 171136K, 21% used [0x0000000700600000,0x0000000702a7c0f8,0x000000070ad20000)
 PSPermGen       total 39360K, used 17929K [0x00000006fb400000, 0x00000006fda70000, 0x0000000700600000)
  object space 39360K, 45% used [0x00000006fb400000,0x00000006fc5824e0,0x00000006fda70000)
}

