# JRE version: 7.0_07-b11
# Java VM: Java HotSpot(TM) 64-Bit Server VM (23.3-b01 mixed mode windows-amd64 compressed oops)
Heap
 PSYoungGen      total 866880K, used 254897K [0x00000007aacb0000, 0x00000007f6690000, 0x0000000800000000)
  eden space 827520K, 28% used [0x00000007aacb0000,0x00000007b9518b48,0x00000007dd4d0000)
  from space 39360K, 42% used [0x00000007dd4d0000,0x00000007de553920,0x00000007dfb40000)
  to   space 39872K, 0% used [0x00000007f3fa0000,0x00000007f3fa0000,0x00000007f6690000)
 ParOldGen       total 137664K, used 28241K [0x0000000700600000, 0x0000000708c70000, 0x00000007aacb0000)
  object space 137664K, 20% used [0x0000000700600000,0x0000000702194508,0x0000000708c70000)
 PSPermGen       total 36608K, used 18084K [0x00000006fb400000, 0x00000006fd7c0000, 0x0000000700600000)
  object space 36608K, 49% used [0x00000006fb400000,0x00000006fc5a90a8,0x00000006fd7c0000)
GC Heap History (10 events):
Event: 5.567 GC heap before
{Heap before GC invocations=8 (full 0):
 PSYoungGen      total 293504K, used 286652K [0x00000007aacb0000, 0x00000007cea10000, 0x0000000800000000)
  eden space 260224K, 99% used [0x00000007aacb0000,0x00000007ba893e50,0x00000007baad0000)
  from space 33280K, 86% used [0x00000007baad0000,0x00000007bc6db260,0x00000007bcb50000)
  to   space 33344K, 0% used [0x00000007cc980000,0x00000007cc980000,0x00000007cea10000)
 ParOldGen       total 174528K, used 85453K [0x0000000700600000, 0x000000070b070000, 0x00000007aacb0000)
  object space 174528K, 48% used [0x0000000700600000,0x0000000705973420,0x000000070b070000)
 PSPermGen       total 21248K, used 18024K [0x00000006fb400000, 0x00000006fc8c0000, 0x0000000700600000)
  object space 21248K, 84% used [0x00000006fb400000,0x00000006fc59a1b0,0x00000006fc8c0000)
Event: 5.580 GC heap after
Heap after GC invocations=8 (full 0):
 PSYoungGen      total 552192K, used 32464K [0x00000007aacb0000, 0x00000007ced30000, 0x0000000800000000)
  eden space 518848K, 0% used [0x00000007aacb0000,0x00000007aacb0000,0x00000007ca760000)
  from space 33344K, 97% used [0x00000007cc980000,0x00000007ce934340,0x00000007cea10000)
  to   space 34944K, 0% used [0x00000007ca760000,0x00000007ca760000,0x00000007cc980000)
 ParOldGen       total 174528K, used 101886K [0x0000000700600000, 0x000000070b070000, 0x00000007aacb0000)
  object space 174528K, 58% used [0x0000000700600000,0x000000070697f930,0x000000070b070000)
 PSPermGen       total 21248K, used 18024K [0x00000006fb400000, 0x00000006fc8c0000, 0x0000000700600000)
  object space 21248K, 84% used [0x00000006fb400000,0x00000006fc59a1b0,0x00000006fc8c0000)
}
Event: 6.544 GC heap before
{Heap before GC invocations=9 (full 0):
 PSYoungGen      total 552192K, used 547185K [0x00000007aacb0000, 0x00000007ced30000, 0x0000000800000000)
  eden space 518848K, 99% used [0x00000007aacb0000,0x00000007ca3584b8,0x00000007ca760000)
  from space 33344K, 97% used [0x00000007cc980000,0x00000007ce934340,0x00000007cea10000)
  to   space 34944K, 0% used [0x00000007ca760000,0x00000007ca760000,0x00000007cc980000)
 ParOldGen       total 174528K, used 101886K [0x0000000700600000, 0x000000070b070000, 0x00000007aacb0000)
  object space 174528K, 58% used [0x0000000700600000,0x000000070697f930,0x000000070b070000)
 PSPermGen       total 21248K, used 18026K [0x00000006fb400000, 0x00000006fc8c0000, 0x0000000700600000)
  object space 21248K, 84% used [0x00000006fb400000,0x00000006fc59ab58,0x00000006fc8c0000)
Event: 6.551 GC heap after
Heap after GC invocations=9 (full 0):
 PSYoungGen      total 553792K, used 13917K [0x00000007aacb0000, 0x00000007e1f10000, 0x0000000800000000)
  eden space 518848K, 0% used [0x00000007aacb0000,0x00000007aacb0000,0x00000007ca760000)
  from space 34944K, 39% used [0x00000007ca760000,0x00000007cb4f7640,0x00000007cc980000)
  to   space 36672K, 0% used [0x00000007dfb40000,0x00000007dfb40000,0x00000007e1f10000)
 ParOldGen       total 174528K, used 103021K [0x0000000700600000, 0x000000070b070000, 0x00000007aacb0000)
  object space 174528K, 59% used [0x0000000700600000,0x0000000706a9b7d0,0x000000070b070000)
 PSPermGen       total 21248K, used 18026K [0x00000006fb400000, 0x00000006fc8c0000, 0x0000000700600000)
  object space 21248K, 84% used [0x00000006fb400000,0x00000006fc59ab58,0x00000006fc8c0000)
}
Event: 7.536 GC heap before
{Heap before GC invocations=10 (full 0):
 PSYoungGen      total 553792K, used 532152K [0x00000007aacb0000, 0x00000007e1f10000, 0x0000000800000000)
  eden space 518848K, 99% used [0x00000007aacb0000,0x00000007ca6c6c98,0x00000007ca760000)
  from space 34944K, 39% used [0x00000007ca760000,0x00000007cb4f7640,0x00000007cc980000)
  to   space 36672K, 0% used [0x00000007dfb40000,0x00000007dfb40000,0x00000007e1f10000)
 ParOldGen       total 174528K, used 106439K [0x0000000700600000, 0x000000070b070000, 0x00000007aacb0000)
  object space 174528K, 60% used [0x0000000700600000,0x0000000706df1ca0,0x000000070b070000)
 PSPermGen       total 21248K, used 18029K [0x00000006fb400000, 0x00000006fc8c0000, 0x0000000700600000)
  object space 21248K, 84% used [0x00000006fb400000,0x00000006fc59b420,0x00000006fc8c0000)
Event: 7.551 GC heap after
Heap after GC invocations=10 (full 0):
 PSYoungGen      total 864192K, used 36237K [0x00000007aacb0000, 0x00000007e2450000, 0x0000000800000000)
  eden space 827520K, 0% used [0x00000007aacb0000,0x00000007aacb0000,0x00000007dd4d0000)
  from space 36672K, 98% used [0x00000007dfb40000,0x00000007e1ea3470,0x00000007e1f10000)
  to   space 39360K, 0% used [0x00000007dd4d0000,0x00000007dd4d0000,0x00000007dfb40000)
 ParOldGen       total 174528K, used 125112K [0x0000000700600000, 0x000000070b070000, 0x00000007aacb0000)
  object space 174528K, 71% used [0x0000000700600000,0x000000070802e2b8,0x000000070b070000)
 PSPermGen       total 21248K, used 18029K [0x00000006fb400000, 0x00000006fc8c0000, 0x0000000700600000)
  object space 21248K, 84% used [0x00000006fb400000,0x00000006fc59b420,0x00000006fc8c0000)
}
Event: 9.301 GC heap before
{Heap before GC invocations=11 (full 1):
 PSYoungGen      total 864192K, used 863757K [0x00000007aacb0000, 0x00000007e2450000, 0x0000000800000000)
  eden space 827520K, 100% used [0x00000007aacb0000,0x00000007dd4d0000,0x00000007dd4d0000)
  from space 36672K, 98% used [0x00000007dfb40000,0x00000007e1ea3470,0x00000007e1f10000)
  to   space 39360K, 0% used [0x00000007dd4d0000,0x00000007dd4d0000,0x00000007dfb40000)
 ParOldGen       total 226304K, used 225752K [0x0000000700600000, 0x000000070e300000, 0x00000007aacb0000)
  object space 226304K, 99% used [0x0000000700600000,0x000000070e2760d8,0x000000070e300000)
 PSPermGen       total 21248K, used 18038K [0x00000006fb400000, 0x00000006fc8c0000, 0x0000000700600000)
  object space 21248K, 84% used [0x00000006fb400000,0x00000006fc59db48,0x00000006fc8c0000)
Event: 9.372 GC heap after
Heap after GC invocations=11 (full 1):
 PSYoungGen      total 864192K, used 0K [0x00000007aacb0000, 0x00000007e2450000, 0x0000000800000000)
  eden space 827520K, 0% used [0x00000007aacb0000,0x00000007aacb0000,0x00000007dd4d0000)
  from space 36672K, 0% used [0x00000007dfb40000,0x00000007dfb40000,0x00000007e1f10000)
  to   space 39360K, 0% used [0x00000007dd4d0000,0x00000007dd4d0000,0x00000007dfb40000)
 ParOldGen       total 137664K, used 28241K [0x0000000700600000, 0x0000000708c70000, 0x00000007aacb0000)
  object space 137664K, 20% used [0x0000000700600000,0x0000000702194508,0x0000000708c70000)
 PSPermGen       total 36608K, used 18032K [0x00000006fb400000, 0x00000006fd7c0000, 0x0000000700600000)
  object space 36608K, 49% used [0x00000006fb400000,0x00000006fc59c140,0x00000006fd7c0000)
}
Event: 10.873 GC heap before
{Heap before GC invocations=12 (full 1):
 PSYoungGen      total 864192K, used 826855K [0x00000007aacb0000, 0x00000007e2450000, 0x0000000800000000)
  eden space 827520K, 99% used [0x00000007aacb0000,0x00000007dd429f50,0x00000007dd4d0000)
  from space 36672K, 0% used [0x00000007dfb40000,0x00000007dfb40000,0x00000007e1f10000)
  to   space 39360K, 0% used [0x00000007dd4d0000,0x00000007dd4d0000,0x00000007dfb40000)
 ParOldGen       total 137664K, used 28241K [0x0000000700600000, 0x0000000708c70000, 0x00000007aacb0000)
  object space 137664K, 20% used [0x0000000700600000,0x0000000702194508,0x0000000708c70000)
 PSPermGen       total 36608K, used 18054K [0x00000006fb400000, 0x00000006fd7c0000, 0x0000000700600000)
  object space 36608K, 49% used [0x00000006fb400000,0x00000006fc5a1b28,0x00000006fd7c0000)
Event: 10.878 GC heap after
Heap after GC invocations=12 (full 1):
 PSYoungGen      total 866880K, used 16910K [0x00000007aacb0000, 0x00000007f6690000, 0x0000000800000000)
  eden space 827520K, 0% used [0x00000007aacb0000,0x00000007aacb0000,0x00000007dd4d0000)
  from space 39360K, 42% used [0x00000007dd4d0000,0x00000007de553920,0x00000007dfb40000)
  to   space 39872K, 0% used [0x00000007f3fa0000,0x00000007f3fa0000,0x00000007f6690000)
 ParOldGen       total 137664K, used 28241K [0x0000000700600000, 0x0000000708c70000, 0x00000007aacb0000)
  object space 137664K, 20% used [0x0000000700600000,0x0000000702194508,0x0000000708c70000)
 PSPermGen       total 36608K, used 18054K [0x00000006fb400000, 0x00000006fd7c0000, 0x0000000700600000)
  object space 36608K, 49% used [0x00000006fb400000,0x00000006fc5a1b28,0x00000006fd7c0000)
}

