# JRE version: 7.0_07-b11
# Java VM: Java HotSpot(TM) 64-Bit Server VM (23.3-b01 mixed mode windows-amd64 compressed oops)
Heap
 PSYoungGen      total 456000K, used 29080K [0x00000007aacb0000, 0x00000007cac40000, 0x0000000800000000)
  eden space 437504K, 2% used [0x00000007aacb0000,0x00000007ab709db0,0x00000007c57f0000)
  from space 18496K, 99% used [0x00000007c9a30000,0x00000007cac3c430,0x00000007cac40000)
  to   space 36544K, 0% used [0x00000007c64e0000,0x00000007c64e0000,0x00000007c8890000)
 ParOldGen       total 174528K, used 83049K [0x0000000700600000, 0x000000070b070000, 0x00000007aacb0000)
  object space 174528K, 47% used [0x0000000700600000,0x000000070571a4c0,0x000000070b070000)
 PSPermGen       total 21248K, used 17828K [0x00000006fb400000, 0x00000006fc8c0000, 0x0000000700600000)
  object space 21248K, 83% used [0x00000006fb400000,0x00000006fc569220,0x00000006fc8c0000)
GC Heap History (10 events):
Event: 8.936 GC heap before
{Heap before GC invocations=8 (full 0):
 PSYoungGen      total 302656K, used 281731K [0x00000007aacb0000, 0x00000007cf830000, 0x0000000800000000)
  eden space 261888K, 98% used [0x00000007aacb0000,0x00000007ba78dbf0,0x00000007bac70000)
  from space 40768K, 60% used [0x00000007bac70000,0x00000007bc4b3040,0x00000007bd440000)
  to   space 38912K, 0% used [0x00000007cd230000,0x00000007cd230000,0x00000007cf830000)
 ParOldGen       total 174528K, used 76446K [0x0000000700600000, 0x000000070b070000, 0x00000007aacb0000)
  object space 174528K, 43% used [0x0000000700600000,0x00000007050a78b0,0x000000070b070000)
 PSPermGen       total 21248K, used 17708K [0x00000006fb400000, 0x00000006fc8c0000, 0x0000000700600000)
  object space 21248K, 83% used [0x00000006fb400000,0x00000006fc54b380,0x00000006fc8c0000)
Event: 8.942 GC heap after
Heap after GC invocations=8 (full 0):
 PSYoungGen      total 560000K, used 24524K [0x00000007aacb0000, 0x00000007cf590000, 0x0000000800000000)
  eden space 523776K, 0% used [0x00000007aacb0000,0x00000007aacb0000,0x00000007cac30000)
  from space 36224K, 67% used [0x00000007cd230000,0x00000007cea23040,0x00000007cf590000)
  to   space 37568K, 0% used [0x00000007cac30000,0x00000007cac30000,0x00000007cd0e0000)
 ParOldGen       total 174528K, used 76782K [0x0000000700600000, 0x000000070b070000, 0x00000007aacb0000)
  object space 174528K, 43% used [0x0000000700600000,0x00000007050fb8b0,0x000000070b070000)
 PSPermGen       total 21248K, used 17708K [0x00000006fb400000, 0x00000006fc8c0000, 0x0000000700600000)
  object space 21248K, 83% used [0x00000006fb400000,0x00000006fc54b380,0x00000006fc8c0000)
}
Event: 11.840 GC heap before
{Heap before GC invocations=9 (full 0):
 PSYoungGen      total 560000K, used 545647K [0x00000007aacb0000, 0x00000007cf590000, 0x0000000800000000)
  eden space 523776K, 99% used [0x00000007aacb0000,0x00000007ca998df8,0x00000007cac30000)
  from space 36224K, 67% used [0x00000007cd230000,0x00000007cea23040,0x00000007cf590000)
  to   space 37568K, 0% used [0x00000007cac30000,0x00000007cac30000,0x00000007cd0e0000)
 ParOldGen       total 174528K, used 76782K [0x0000000700600000, 0x000000070b070000, 0x00000007aacb0000)
  object space 174528K, 43% used [0x0000000700600000,0x00000007050fb8b0,0x000000070b070000)
 PSPermGen       total 21248K, used 17739K [0x00000006fb400000, 0x00000006fc8c0000, 0x0000000700600000)
  object space 21248K, 83% used [0x00000006fb400000,0x00000006fc552cb8,0x00000006fc8c0000)
Event: 11.847 GC heap after
Heap after GC invocations=9 (full 0):
 PSYoungGen      total 519104K, used 18513K [0x00000007aacb0000, 0x00000007cdee0000, 0x0000000800000000)
  eden space 500544K, 0% used [0x00000007aacb0000,0x00000007aacb0000,0x00000007c9580000)
  from space 18560K, 99% used [0x00000007cac30000,0x00000007cbe44430,0x00000007cbe50000)
  to   space 33344K, 0% used [0x00000007cbe50000,0x00000007cbe50000,0x00000007cdee0000)
 ParOldGen       total 174528K, used 82889K [0x0000000700600000, 0x000000070b070000, 0x00000007aacb0000)
  object space 174528K, 47% used [0x0000000700600000,0x00000007056f24c0,0x000000070b070000)
 PSPermGen       total 21248K, used 17739K [0x00000006fb400000, 0x00000006fc8c0000, 0x0000000700600000)
  object space 21248K, 83% used [0x00000006fb400000,0x00000006fc552cb8,0x00000006fc8c0000)
}
Event: 14.640 GC heap before
{Heap before GC invocations=10 (full 0):
 PSYoungGen      total 519104K, used 513489K [0x00000007aacb0000, 0x00000007cdee0000, 0x0000000800000000)
  eden space 500544K, 98% used [0x00000007aacb0000,0x00000007c9010010,0x00000007c9580000)
  from space 18560K, 99% used [0x00000007cac30000,0x00000007cbe44430,0x00000007cbe50000)
  to   space 33344K, 0% used [0x00000007cbe50000,0x00000007cbe50000,0x00000007cdee0000)
 ParOldGen       total 174528K, used 82889K [0x0000000700600000, 0x000000070b070000, 0x00000007aacb0000)
  object space 174528K, 47% used [0x0000000700600000,0x00000007056f24c0,0x000000070b070000)
 PSPermGen       total 21248K, used 17758K [0x00000006fb400000, 0x00000006fc8c0000, 0x0000000700600000)
  object space 21248K, 83% used [0x00000006fb400000,0x00000006fc557b90,0x00000006fc8c0000)
Event: 14.646 GC heap after
Heap after GC invocations=10 (full 0):
 PSYoungGen      total 496960K, used 18481K [0x00000007aacb0000, 0x00000007cd060000, 0x0000000800000000)
  eden space 478464K, 0% used [0x00000007aacb0000,0x00000007aacb0000,0x00000007c7ff0000)
  from space 18496K, 99% used [0x00000007cbe50000,0x00000007cd05c430,0x00000007cd060000)
  to   space 37376K, 0% used [0x00000007c8760000,0x00000007c8760000,0x00000007cabe0000)
 ParOldGen       total 174528K, used 82953K [0x0000000700600000, 0x000000070b070000, 0x00000007aacb0000)
  object space 174528K, 47% used [0x0000000700600000,0x00000007057024c0,0x000000070b070000)
 PSPermGen       total 21248K, used 17758K [0x00000006fb400000, 0x00000006fc8c0000, 0x0000000700600000)
  object space 21248K, 83% used [0x00000006fb400000,0x00000006fc557b90,0x00000006fc8c0000)
}
Event: 17.480 GC heap before
{Heap before GC invocations=11 (full 0):
 PSYoungGen      total 496960K, used 494837K [0x00000007aacb0000, 0x00000007cd060000, 0x0000000800000000)
  eden space 478464K, 99% used [0x00000007aacb0000,0x00000007c7de11b8,0x00000007c7ff0000)
  from space 18496K, 99% used [0x00000007cbe50000,0x00000007cd05c430,0x00000007cd060000)
  to   space 37376K, 0% used [0x00000007c8760000,0x00000007c8760000,0x00000007cabe0000)
 ParOldGen       total 174528K, used 82953K [0x0000000700600000, 0x000000070b070000, 0x00000007aacb0000)
  object space 174528K, 47% used [0x0000000700600000,0x00000007057024c0,0x000000070b070000)
 PSPermGen       total 21248K, used 17786K [0x00000006fb400000, 0x00000006fc8c0000, 0x0000000700600000)
  object space 21248K, 83% used [0x00000006fb400000,0x00000006fc55ea18,0x00000006fc8c0000)
Event: 17.483 GC heap after
Heap after GC invocations=11 (full 0):
 PSYoungGen      total 475968K, used 18481K [0x00000007aacb0000, 0x00000007cbe60000, 0x0000000800000000)
  eden space 457472K, 0% used [0x00000007aacb0000,0x00000007aacb0000,0x00000007c6b70000)
  from space 18496K, 99% used [0x00000007c8760000,0x00000007c996c430,0x00000007c9970000)
  to   space 37056K, 0% used [0x00000007c9a30000,0x00000007c9a30000,0x00000007cbe60000)
 ParOldGen       total 174528K, used 83001K [0x0000000700600000, 0x000000070b070000, 0x00000007aacb0000)
  object space 174528K, 47% used [0x0000000700600000,0x000000070570e4c0,0x000000070b070000)
 PSPermGen       total 21248K, used 17786K [0x00000006fb400000, 0x00000006fc8c0000, 0x0000000700600000)
  object space 21248K, 83% used [0x00000006fb400000,0x00000006fc55ea18,0x00000006fc8c0000)
}
Event: 19.481 GC heap before
{Heap before GC invocations=12 (full 0):
 PSYoungGen      total 475968K, used 475178K [0x00000007aacb0000, 0x00000007cbe60000, 0x0000000800000000)
  eden space 457472K, 99% used [0x00000007aacb0000,0x00000007c6aae718,0x00000007c6b70000)
  from space 18496K, 99% used [0x00000007c8760000,0x00000007c996c430,0x00000007c9970000)
  to   space 37056K, 0% used [0x00000007c9a30000,0x00000007c9a30000,0x00000007cbe60000)
 ParOldGen       total 174528K, used 83001K [0x0000000700600000, 0x000000070b070000, 0x00000007aacb0000)
  object space 174528K, 47% used [0x0000000700600000,0x000000070570e4c0,0x000000070b070000)
 PSPermGen       total 21248K, used 17801K [0x00000006fb400000, 0x00000006fc8c0000, 0x0000000700600000)
  object space 21248K, 83% used [0x00000006fb400000,0x00000006fc562668,0x00000006fc8c0000)
Event: 19.485 GC heap after
Heap after GC invocations=12 (full 0):
 PSYoungGen      total 456000K, used 18481K [0x00000007aacb0000, 0x00000007cac40000, 0x0000000800000000)
  eden space 437504K, 0% used [0x00000007aacb0000,0x00000007aacb0000,0x00000007c57f0000)
  from space 18496K, 99% used [0x00000007c9a30000,0x00000007cac3c430,0x00000007cac40000)
  to   space 36544K, 0% used [0x00000007c64e0000,0x00000007c64e0000,0x00000007c8890000)
 ParOldGen       total 174528K, used 83049K [0x0000000700600000, 0x000000070b070000, 0x00000007aacb0000)
  object space 174528K, 47% used [0x0000000700600000,0x000000070571a4c0,0x000000070b070000)
 PSPermGen       total 21248K, used 17801K [0x00000006fb400000, 0x00000006fc8c0000, 0x0000000700600000)
  object space 21248K, 83% used [0x00000006fb400000,0x00000006fc562668,0x00000006fc8c0000)
}

