# JRE version: 7.0_07-b11
# Java VM: Java HotSpot(TM) 64-Bit Server VM (23.3-b01 mixed mode windows-amd64 compressed oops)
Heap
 PSYoungGen      total 386560K, used 249604K [0x00000007aacb0000, 0x00000007c9190000, 0x0000000800000000)
  eden space 334336K, 74% used [0x00000007aacb0000,0x00000007ba071360,0x00000007bf330000)
  from space 52224K, 0% used [0x00000007c2d20000,0x00000007c2d20000,0x00000007c6020000)
  to   space 59328K, 0% used [0x00000007bf330000,0x00000007bf330000,0x00000007c2d20000)
 ParOldGen       total 256256K, used 29432K [0x0000000700600000, 0x0000000710040000, 0x00000007aacb0000)
  object space 256256K, 11% used [0x0000000700600000,0x00000007022be148,0x0000000710040000)
 PSPermGen       total 37632K, used 18009K [0x00000006fb400000, 0x00000006fd8c0000, 0x0000000700600000)
  object space 37632K, 47% used [0x00000006fb400000,0x00000006fc5967c8,0x00000006fd8c0000)
GC Heap History (10 events):
Event: 8.764 GC heap before
{Heap before GC invocations=8 (full 2):
 PSYoungGen      total 242944K, used 242888K [0x00000007aacb0000, 0x00000007befe0000, 0x0000000800000000)
  eden space 221760K, 100% used [0x00000007aacb0000,0x00000007b8540000,0x00000007b8540000)
  from space 21184K, 99% used [0x00000007bdb30000,0x00000007befd2300,0x00000007befe0000)
  to   space 46464K, 0% used [0x00000007b9520000,0x00000007b9520000,0x00000007bc280000)
 ParOldGen       total 334784K, used 333617K [0x0000000700600000, 0x0000000714cf0000, 0x00000007aacb0000)
  object space 334784K, 99% used [0x0000000700600000,0x0000000714bcc750,0x0000000714cf0000)
 PSPermGen       total 36160K, used 17950K [0x00000006fb400000, 0x00000006fd750000, 0x0000000700600000)
  object space 36160K, 49% used [0x00000006fb400000,0x00000006fc587b20,0x00000006fd750000)
Event: 8.800 GC heap after
Heap after GC invocations=8 (full 2):
 PSYoungGen      total 242944K, used 0K [0x00000007aacb0000, 0x00000007befe0000, 0x0000000800000000)
  eden space 221760K, 0% used [0x00000007aacb0000,0x00000007aacb0000,0x00000007b8540000)
  from space 21184K, 0% used [0x00000007bdb30000,0x00000007bdb30000,0x00000007befe0000)
  to   space 46464K, 0% used [0x00000007b9520000,0x00000007b9520000,0x00000007bc280000)
 ParOldGen       total 184128K, used 28861K [0x0000000700600000, 0x000000070b9d0000, 0x00000007aacb0000)
  object space 184128K, 15% used [0x0000000700600000,0x000000070222f538,0x000000070b9d0000)
 PSPermGen       total 40448K, used 17950K [0x00000006fb400000, 0x00000006fdb80000, 0x0000000700600000)
  object space 40448K, 44% used [0x00000006fb400000,0x00000006fc587b20,0x00000006fdb80000)
}
Event: 9.273 GC heap before
{Heap before GC invocations=9 (full 2):
 PSYoungGen      total 242944K, used 216759K [0x00000007aacb0000, 0x00000007befe0000, 0x0000000800000000)
  eden space 221760K, 97% used [0x00000007aacb0000,0x00000007b805dd78,0x00000007b8540000)
  from space 21184K, 0% used [0x00000007bdb30000,0x00000007bdb30000,0x00000007befe0000)
  to   space 46464K, 0% used [0x00000007b9520000,0x00000007b9520000,0x00000007bc280000)
 ParOldGen       total 184128K, used 28861K [0x0000000700600000, 0x000000070b9d0000, 0x00000007aacb0000)
  object space 184128K, 15% used [0x0000000700600000,0x000000070222f538,0x000000070b9d0000)
 PSPermGen       total 40448K, used 17966K [0x00000006fb400000, 0x00000006fdb80000, 0x0000000700600000)
  object space 40448K, 44% used [0x00000006fb400000,0x00000006fc58b920,0x00000006fdb80000)
Event: 9.285 GC heap after
Heap after GC invocations=9 (full 2):
 PSYoungGen      total 284480K, used 43942K [0x00000007aacb0000, 0x00000007c6020000, 0x0000000800000000)
  eden space 238016K, 0% used [0x00000007aacb0000,0x00000007aacb0000,0x00000007b9520000)
  from space 46464K, 94% used [0x00000007b9520000,0x00000007bc009820,0x00000007bc280000)
  to   space 52224K, 0% used [0x00000007c2d20000,0x00000007c2d20000,0x00000007c6020000)
 ParOldGen       total 184128K, used 47086K [0x0000000700600000, 0x000000070b9d0000, 0x00000007aacb0000)
  object space 184128K, 25% used [0x0000000700600000,0x00000007033fb968,0x000000070b9d0000)
 PSPermGen       total 40448K, used 17966K [0x00000006fb400000, 0x00000006fdb80000, 0x0000000700600000)
  object space 40448K, 44% used [0x00000006fb400000,0x00000006fc58b920,0x00000006fdb80000)
}
Event: 9.723 GC heap before
{Heap before GC invocations=10 (full 2):
 PSYoungGen      total 284480K, used 276871K [0x00000007aacb0000, 0x00000007c6020000, 0x0000000800000000)
  eden space 238016K, 97% used [0x00000007aacb0000,0x00000007b9028500,0x00000007b9520000)
  from space 46464K, 94% used [0x00000007b9520000,0x00000007bc009820,0x00000007bc280000)
  to   space 52224K, 0% used [0x00000007c2d20000,0x00000007c2d20000,0x00000007c6020000)
 ParOldGen       total 184128K, used 53161K [0x0000000700600000, 0x000000070b9d0000, 0x00000007aacb0000)
  object space 184128K, 28% used [0x0000000700600000,0x00000007039ea578,0x000000070b9d0000)
 PSPermGen       total 40448K, used 17974K [0x00000006fb400000, 0x00000006fdb80000, 0x0000000700600000)
  object space 40448K, 44% used [0x00000006fb400000,0x00000006fc58db18,0x00000006fdb80000)
Event: 9.736 GC heap after
Heap after GC invocations=10 (full 2):
 PSYoungGen      total 386560K, used 52010K [0x00000007aacb0000, 0x00000007c9190000, 0x0000000800000000)
  eden space 334336K, 0% used [0x00000007aacb0000,0x00000007aacb0000,0x00000007bf330000)
  from space 52224K, 99% used [0x00000007c2d20000,0x00000007c5fea880,0x00000007c6020000)
  to   space 59328K, 0% used [0x00000007bf330000,0x00000007bf330000,0x00000007c2d20000)
 ParOldGen       total 184128K, used 53537K [0x0000000700600000, 0x000000070b9d0000, 0x00000007aacb0000)
  object space 184128K, 29% used [0x0000000700600000,0x0000000703a48480,0x000000070b9d0000)
 PSPermGen       total 40448K, used 17974K [0x00000006fb400000, 0x00000006fdb80000, 0x0000000700600000)
  object space 40448K, 44% used [0x00000006fb400000,0x00000006fc58db18,0x00000006fdb80000)
}
Event: 10.708 GC heap before
{Heap before GC invocations=11 (full 3):
 PSYoungGen      total 386560K, used 386346K [0x00000007aacb0000, 0x00000007c9190000, 0x0000000800000000)
  eden space 334336K, 100% used [0x00000007aacb0000,0x00000007bf330000,0x00000007bf330000)
  from space 52224K, 99% used [0x00000007c2d20000,0x00000007c5fea880,0x00000007c6020000)
  to   space 59328K, 0% used [0x00000007bf330000,0x00000007bf330000,0x00000007c2d20000)
 ParOldGen       total 255296K, used 254267K [0x0000000700600000, 0x000000070ff50000, 0x00000007aacb0000)
  object space 255296K, 99% used [0x0000000700600000,0x000000070fe4ec58,0x000000070ff50000)
 PSPermGen       total 40448K, used 17975K [0x00000006fb400000, 0x00000006fdb80000, 0x0000000700600000)
  object space 40448K, 44% used [0x00000006fb400000,0x00000006fc58dc00,0x00000006fdb80000)
Event: 10.740 GC heap after
Heap after GC invocations=11 (full 3):
 PSYoungGen      total 386560K, used 0K [0x00000007aacb0000, 0x00000007c9190000, 0x0000000800000000)
  eden space 334336K, 0% used [0x00000007aacb0000,0x00000007aacb0000,0x00000007bf330000)
  from space 52224K, 0% used [0x00000007c2d20000,0x00000007c2d20000,0x00000007c6020000)
  to   space 59328K, 0% used [0x00000007bf330000,0x00000007bf330000,0x00000007c2d20000)
 ParOldGen       total 223616K, used 38925K [0x0000000700600000, 0x000000070e060000, 0x00000007aacb0000)
  object space 223616K, 17% used [0x0000000700600000,0x0000000702c035f0,0x000000070e060000)
 PSPermGen       total 39232K, used 17975K [0x00000006fb400000, 0x00000006fda50000, 0x0000000700600000)
  object space 39232K, 45% used [0x00000006fb400000,0x00000006fc58dc00,0x00000006fda50000)
}
Event: 11.673 GC heap before
{Heap before GC invocations=12 (full 4):
 PSYoungGen      total 386560K, used 334336K [0x00000007aacb0000, 0x00000007c9190000, 0x0000000800000000)
  eden space 334336K, 100% used [0x00000007aacb0000,0x00000007bf330000,0x00000007bf330000)
  from space 52224K, 0% used [0x00000007c2d20000,0x00000007c2d20000,0x00000007c6020000)
  to   space 59328K, 0% used [0x00000007bf330000,0x00000007bf330000,0x00000007c2d20000)
 ParOldGen       total 233152K, used 232736K [0x0000000700600000, 0x000000070e9b0000, 0x00000007aacb0000)
  object space 233152K, 99% used [0x0000000700600000,0x000000070e9480e8,0x000000070e9b0000)
 PSPermGen       total 39232K, used 17975K [0x00000006fb400000, 0x00000006fda50000, 0x0000000700600000)
  object space 39232K, 45% used [0x00000006fb400000,0x00000006fc58df00,0x00000006fda50000)
Event: 11.697 GC heap after
Heap after GC invocations=12 (full 4):
 PSYoungGen      total 386560K, used 0K [0x00000007aacb0000, 0x00000007c9190000, 0x0000000800000000)
  eden space 334336K, 0% used [0x00000007aacb0000,0x00000007aacb0000,0x00000007bf330000)
  from space 52224K, 0% used [0x00000007c2d20000,0x00000007c2d20000,0x00000007c6020000)
  to   space 59328K, 0% used [0x00000007bf330000,0x00000007bf330000,0x00000007c2d20000)
 ParOldGen       total 256256K, used 29432K [0x0000000700600000, 0x0000000710040000, 0x00000007aacb0000)
  object space 256256K, 11% used [0x0000000700600000,0x00000007022be148,0x0000000710040000)
 PSPermGen       total 37632K, used 17975K [0x00000006fb400000, 0x00000006fd8c0000, 0x0000000700600000)
  object space 37632K, 47% used [0x00000006fb400000,0x00000006fc58df00,0x00000006fd8c0000)
}

