# JRE version: 7.0_07-b11
# Java VM: Java HotSpot(TM) 64-Bit Server VM (23.3-b01 mixed mode windows-amd64 compressed oops)
Heap
 PSYoungGen      total 570112K, used 418165K [0x00000007aacb0000, 0x00000007d76c0000, 0x0000000800000000)
  eden space 522496K, 80% used [0x00000007aacb0000,0x00000007c450d6e0,0x00000007caaf0000)
  from space 47616K, 0% used [0x00000007cda60000,0x00000007cda60000,0x00000007d08e0000)
  to   space 48576K, 0% used [0x00000007caaf0000,0x00000007caaf0000,0x00000007cda60000)
 ParOldGen       total 397184K, used 23463K [0x0000000700600000, 0x00000007189e0000, 0x00000007aacb0000)
  object space 397184K, 5% used [0x0000000700600000,0x0000000701ce9c78,0x00000007189e0000)
 PSPermGen       total 31040K, used 18156K [0x00000006fb400000, 0x00000006fd250000, 0x0000000700600000)
  object space 31040K, 58% used [0x00000006fb400000,0x00000006fc5bb3d8,0x00000006fd250000)
GC Heap History (10 events):
Event: 22.528 GC heap before
{Heap before GC invocations=14 (full 5):
 PSYoungGen      total 542016K, used 497808K [0x00000007aacb0000, 0x00000007d08e0000, 0x0000000800000000)
  eden space 499968K, 99% used [0x00000007aacb0000,0x00000007c92d4068,0x00000007c94f0000)
  from space 42048K, 0% used [0x00000007c94f0000,0x00000007c94f0000,0x00000007cbe00000)
  to   space 47616K, 0% used [0x00000007cda60000,0x00000007cda60000,0x00000007d08e0000)
 ParOldGen       total 326528K, used 323784K [0x0000000700600000, 0x00000007144e0000, 0x00000007aacb0000)
  object space 326528K, 99% used [0x0000000700600000,0x00000007142322a8,0x00000007144e0000)
 PSPermGen       total 37632K, used 18105K [0x00000006fb400000, 0x00000006fd8c0000, 0x0000000700600000)
  object space 37632K, 48% used [0x00000006fb400000,0x00000006fc5ae6a8,0x00000006fd8c0000)
Event: 22.558 GC heap after
Heap after GC invocations=14 (full 5):
 PSYoungGen      total 542016K, used 0K [0x00000007aacb0000, 0x00000007d08e0000, 0x0000000800000000)
  eden space 499968K, 0% used [0x00000007aacb0000,0x00000007aacb0000,0x00000007c94f0000)
  from space 42048K, 0% used [0x00000007c94f0000,0x00000007c94f0000,0x00000007cbe00000)
  to   space 47616K, 0% used [0x00000007cda60000,0x00000007cda60000,0x00000007d08e0000)
 ParOldGen       total 264768K, used 23456K [0x0000000700600000, 0x0000000710890000, 0x00000007aacb0000)
  object space 264768K, 8% used [0x0000000700600000,0x0000000701ce80e0,0x0000000710890000)
 PSPermGen       total 35968K, used 18105K [0x00000006fb400000, 0x00000006fd720000, 0x0000000700600000)
  object space 35968K, 50% used [0x00000006fb400000,0x00000006fc5ae6a8,0x00000006fd720000)
}
Event: 25.528 GC heap before
{Heap before GC invocations=15 (full 6):
 PSYoungGen      total 542016K, used 497673K [0x00000007aacb0000, 0x00000007d08e0000, 0x0000000800000000)
  eden space 499968K, 99% used [0x00000007aacb0000,0x00000007c92b27e8,0x00000007c94f0000)
  from space 42048K, 0% used [0x00000007c94f0000,0x00000007c94f0000,0x00000007cbe00000)
  to   space 47616K, 0% used [0x00000007cda60000,0x00000007cda60000,0x00000007d08e0000)
 ParOldGen       total 331520K, used 329865K [0x0000000700600000, 0x00000007149c0000, 0x00000007aacb0000)
  object space 331520K, 99% used [0x0000000700600000,0x0000000714822420,0x00000007149c0000)
 PSPermGen       total 35968K, used 18108K [0x00000006fb400000, 0x00000006fd720000, 0x0000000700600000)
  object space 35968K, 50% used [0x00000006fb400000,0x00000006fc5af0f8,0x00000006fd720000)
Event: 25.561 GC heap after
Heap after GC invocations=15 (full 6):
 PSYoungGen      total 542016K, used 0K [0x00000007aacb0000, 0x00000007d08e0000, 0x0000000800000000)
  eden space 499968K, 0% used [0x00000007aacb0000,0x00000007aacb0000,0x00000007c94f0000)
  from space 42048K, 0% used [0x00000007c94f0000,0x00000007c94f0000,0x00000007cbe00000)
  to   space 47616K, 0% used [0x00000007cda60000,0x00000007cda60000,0x00000007d08e0000)
 ParOldGen       total 305536K, used 20038K [0x0000000700600000, 0x0000000713060000, 0x00000007aacb0000)
  object space 305536K, 6% used [0x0000000700600000,0x0000000701991ad8,0x0000000713060000)
 PSPermGen       total 33920K, used 18108K [0x00000006fb400000, 0x00000006fd520000, 0x0000000700600000)
  object space 33920K, 53% used [0x00000006fb400000,0x00000006fc5af0f8,0x00000006fd520000)
}
Event: 28.444 GC heap before
{Heap before GC invocations=16 (full 7):
 PSYoungGen      total 542016K, used 497616K [0x00000007aacb0000, 0x00000007d08e0000, 0x0000000800000000)
  eden space 499968K, 99% used [0x00000007aacb0000,0x00000007c92a4120,0x00000007c94f0000)
  from space 42048K, 0% used [0x00000007c94f0000,0x00000007c94f0000,0x00000007cbe00000)
  to   space 47616K, 0% used [0x00000007cda60000,0x00000007cda60000,0x00000007d08e0000)
 ParOldGen       total 321152K, used 320372K [0x0000000700600000, 0x0000000713fa0000, 0x00000007aacb0000)
  object space 321152K, 99% used [0x0000000700600000,0x0000000713edd208,0x0000000713fa0000)
 PSPermGen       total 33920K, used 18111K [0x00000006fb400000, 0x00000006fd520000, 0x0000000700600000)
  object space 33920K, 53% used [0x00000006fb400000,0x00000006fc5afe28,0x00000006fd520000)
Event: 28.469 GC heap after
Heap after GC invocations=16 (full 7):
 PSYoungGen      total 542016K, used 0K [0x00000007aacb0000, 0x00000007d08e0000, 0x0000000800000000)
  eden space 499968K, 0% used [0x00000007aacb0000,0x00000007aacb0000,0x00000007c94f0000)
  from space 42048K, 0% used [0x00000007c94f0000,0x00000007c94f0000,0x00000007cbe00000)
  to   space 47616K, 0% used [0x00000007cda60000,0x00000007cda60000,0x00000007d08e0000)
 ParOldGen       total 344832K, used 20045K [0x0000000700600000, 0x00000007156c0000, 0x00000007aacb0000)
  object space 344832K, 5% used [0x0000000700600000,0x00000007019934b8,0x00000007156c0000)
 PSPermGen       total 32704K, used 18111K [0x00000006fb400000, 0x00000006fd3f0000, 0x0000000700600000)
  object space 32704K, 55% used [0x00000006fb400000,0x00000006fc5afe28,0x00000006fd3f0000)
}
Event: 30.262 GC heap before
{Heap before GC invocations=17 (full 7):
 PSYoungGen      total 542016K, used 497434K [0x00000007aacb0000, 0x00000007d08e0000, 0x0000000800000000)
  eden space 499968K, 99% used [0x00000007aacb0000,0x00000007c9276a68,0x00000007c94f0000)
  from space 42048K, 0% used [0x00000007c94f0000,0x00000007c94f0000,0x00000007cbe00000)
  to   space 47616K, 0% used [0x00000007cda60000,0x00000007cda60000,0x00000007d08e0000)
 ParOldGen       total 344832K, used 26120K [0x0000000700600000, 0x00000007156c0000, 0x00000007aacb0000)
  object space 344832K, 7% used [0x0000000700600000,0x0000000701f820c8,0x00000007156c0000)
 PSPermGen       total 32704K, used 18113K [0x00000006fb400000, 0x00000006fd3f0000, 0x0000000700600000)
  object space 32704K, 55% used [0x00000006fb400000,0x00000006fc5b07e8,0x00000006fd3f0000)
Event: 30.267 GC heap after
Heap after GC invocations=17 (full 7):
 PSYoungGen      total 570112K, used 31042K [0x00000007aacb0000, 0x00000007d76c0000, 0x0000000800000000)
  eden space 522496K, 0% used [0x00000007aacb0000,0x00000007aacb0000,0x00000007caaf0000)
  from space 47616K, 65% used [0x00000007cda60000,0x00000007cf8b0b50,0x00000007d08e0000)
  to   space 48576K, 0% used [0x00000007caaf0000,0x00000007caaf0000,0x00000007cda60000)
 ParOldGen       total 344832K, used 26120K [0x0000000700600000, 0x00000007156c0000, 0x00000007aacb0000)
  object space 344832K, 7% used [0x0000000700600000,0x0000000701f820c8,0x00000007156c0000)
 PSPermGen       total 32704K, used 18113K [0x00000006fb400000, 0x00000006fd3f0000, 0x0000000700600000)
  object space 32704K, 55% used [0x00000006fb400000,0x00000006fc5b07e8,0x00000006fd3f0000)
}
Event: 33.328 GC heap before
{Heap before GC invocations=18 (full 8):
 PSYoungGen      total 570112K, used 551179K [0x00000007aacb0000, 0x00000007d76c0000, 0x0000000800000000)
  eden space 522496K, 99% used [0x00000007aacb0000,0x00000007ca8a20e0,0x00000007caaf0000)
  from space 47616K, 65% used [0x00000007cda60000,0x00000007cf8b0b50,0x00000007d08e0000)
  to   space 48576K, 0% used [0x00000007caaf0000,0x00000007caaf0000,0x00000007cda60000)
 ParOldGen       total 344832K, used 332529K [0x0000000700600000, 0x00000007156c0000, 0x00000007aacb0000)
  object space 344832K, 96% used [0x0000000700600000,0x0000000714abc408,0x00000007156c0000)
 PSPermGen       total 32704K, used 18125K [0x00000006fb400000, 0x00000006fd3f0000, 0x0000000700600000)
  object space 32704K, 55% used [0x00000006fb400000,0x00000006fc5b3528,0x00000006fd3f0000)
Event: 33.354 GC heap after
Heap after GC invocations=18 (full 8):
 PSYoungGen      total 570112K, used 0K [0x00000007aacb0000, 0x00000007d76c0000, 0x0000000800000000)
  eden space 522496K, 0% used [0x00000007aacb0000,0x00000007aacb0000,0x00000007caaf0000)
  from space 47616K, 0% used [0x00000007cda60000,0x00000007cda60000,0x00000007d08e0000)
  to   space 48576K, 0% used [0x00000007caaf0000,0x00000007caaf0000,0x00000007cda60000)
 ParOldGen       total 397184K, used 23463K [0x0000000700600000, 0x00000007189e0000, 0x00000007aacb0000)
  object space 397184K, 5% used [0x0000000700600000,0x0000000701ce9c78,0x00000007189e0000)
 PSPermGen       total 31040K, used 18125K [0x00000006fb400000, 0x00000006fd250000, 0x0000000700600000)
  object space 31040K, 58% used [0x00000006fb400000,0x00000006fc5b3528,0x00000006fd250000)
}

