# JRE version: 7.0_07-b11
# Java VM: Java HotSpot(TM) 64-Bit Server VM (23.3-b01 mixed mode windows-amd64 compressed oops)
Heap
 PSYoungGen      total 917632K, used 818544K [0x00000007aacb0000, 0x00000007e8400000, 0x0000000800000000)
  eden space 851712K, 89% used [0x00000007aacb0000,0x00000007d92098b8,0x00000007dec70000)
  from space 65920K, 90% used [0x00000007e3440000,0x00000007e6e42a40,0x00000007e74a0000)
  to   space 73536K, 0% used [0x00000007dec70000,0x00000007dec70000,0x00000007e3440000)
 ParOldGen       total 235840K, used 137788K [0x0000000700600000, 0x000000070ec50000, 0x00000007aacb0000)
  object space 235840K, 58% used [0x0000000700600000,0x0000000708c8f138,0x000000070ec50000)
 PSPermGen       total 39744K, used 18234K [0x00000006fb400000, 0x00000006fdad0000, 0x0000000700600000)
  object space 39744K, 45% used [0x00000006fb400000,0x00000006fc5cea90,0x00000006fdad0000)
GC Heap History (10 events):
Event: 11.301 GC heap before
{Heap before GC invocations=13 (full 3):
 PSYoungGen      total 578624K, used 576586K [0x00000007aacb0000, 0x00000007d28a0000, 0x0000000800000000)
  eden space 524480K, 100% used [0x00000007aacb0000,0x00000007cace0000,0x00000007cace0000)
  from space 54144K, 96% used [0x00000007cf3c0000,0x00000007d26a2a10,0x00000007d28a0000)
  to   space 63360K, 0% used [0x00000007cace0000,0x00000007cace0000,0x00000007ceac0000)
 ParOldGen       total 295680K, used 293846K [0x0000000700600000, 0x00000007126c0000, 0x00000007aacb0000)
  object space 295680K, 99% used [0x0000000700600000,0x00000007124f5b88,0x00000007126c0000)
 PSPermGen       total 40896K, used 18166K [0x00000006fb400000, 0x00000006fdbf0000, 0x0000000700600000)
  object space 40896K, 44% used [0x00000006fb400000,0x00000006fc5bdb18,0x00000006fdbf0000)
Event: 11.356 GC heap after
Heap after GC invocations=13 (full 3):
 PSYoungGen      total 578624K, used 0K [0x00000007aacb0000, 0x00000007d28a0000, 0x0000000800000000)
  eden space 524480K, 0% used [0x00000007aacb0000,0x00000007aacb0000,0x00000007cace0000)
  from space 54144K, 0% used [0x00000007cf3c0000,0x00000007cf3c0000,0x00000007d28a0000)
  to   space 63360K, 0% used [0x00000007cace0000,0x00000007cace0000,0x00000007ceac0000)
 ParOldGen       total 235840K, used 51809K [0x0000000700600000, 0x000000070ec50000, 0x00000007aacb0000)
  object space 235840K, 21% used [0x0000000700600000,0x0000000703898608,0x000000070ec50000)
 PSPermGen       total 39744K, used 18166K [0x00000006fb400000, 0x00000006fdad0000, 0x0000000700600000)
  object space 39744K, 45% used [0x00000006fb400000,0x00000006fc5bdab8,0x00000006fdad0000)
}
Event: 12.334 GC heap before
{Heap before GC invocations=14 (full 3):
 PSYoungGen      total 578624K, used 518872K [0x00000007aacb0000, 0x00000007d28a0000, 0x0000000800000000)
  eden space 524480K, 98% used [0x00000007aacb0000,0x00000007ca7663d8,0x00000007cace0000)
  from space 54144K, 0% used [0x00000007cf3c0000,0x00000007cf3c0000,0x00000007d28a0000)
  to   space 63360K, 0% used [0x00000007cace0000,0x00000007cace0000,0x00000007ceac0000)
 ParOldGen       total 235840K, used 57884K [0x0000000700600000, 0x000000070ec50000, 0x00000007aacb0000)
  object space 235840K, 24% used [0x0000000700600000,0x0000000703e87218,0x000000070ec50000)
 PSPermGen       total 39744K, used 18174K [0x00000006fb400000, 0x00000006fdad0000, 0x0000000700600000)
  object space 39744K, 45% used [0x00000006fb400000,0x00000006fc5bfbc8,0x00000006fdad0000)
Event: 12.337 GC heap after
Heap after GC invocations=14 (full 3):
 PSYoungGen      total 587840K, used 10936K [0x00000007aacb0000, 0x00000007dc660000, 0x0000000800000000)
  eden space 524480K, 0% used [0x00000007aacb0000,0x00000007aacb0000,0x00000007cace0000)
  from space 63360K, 17% used [0x00000007cace0000,0x00000007cb78e2f8,0x00000007ceac0000)
  to   space 63040K, 0% used [0x00000007d88d0000,0x00000007d88d0000,0x00000007dc660000)
 ParOldGen       total 235840K, used 57884K [0x0000000700600000, 0x000000070ec50000, 0x00000007aacb0000)
  object space 235840K, 24% used [0x0000000700600000,0x0000000703e87218,0x000000070ec50000)
 PSPermGen       total 39744K, used 18174K [0x00000006fb400000, 0x00000006fdad0000, 0x0000000700600000)
  object space 39744K, 45% used [0x00000006fb400000,0x00000006fc5bfbc8,0x00000006fdad0000)
}
Event: 13.436 GC heap before
{Heap before GC invocations=15 (full 3):
 PSYoungGen      total 587840K, used 535416K [0x00000007aacb0000, 0x00000007dc660000, 0x0000000800000000)
  eden space 524480K, 100% used [0x00000007aacb0000,0x00000007cace0000,0x00000007cace0000)
  from space 63360K, 17% used [0x00000007cace0000,0x00000007cb78e2f8,0x00000007ceac0000)
  to   space 63040K, 0% used [0x00000007d88d0000,0x00000007d88d0000,0x00000007dc660000)
 ParOldGen       total 235840K, used 137740K [0x0000000700600000, 0x000000070ec50000, 0x00000007aacb0000)
  object space 235840K, 58% used [0x0000000700600000,0x0000000708c83138,0x000000070ec50000)
 PSPermGen       total 39744K, used 18181K [0x00000006fb400000, 0x00000006fdad0000, 0x0000000700600000)
  object space 39744K, 45% used [0x00000006fb400000,0x00000006fc5c16a8,0x00000006fdad0000)
Event: 13.441 GC heap after
Heap after GC invocations=15 (full 3):
 PSYoungGen      total 715904K, used 18449K [0x00000007aacb0000, 0x00000007db3e0000, 0x0000000800000000)
  eden space 671808K, 0% used [0x00000007aacb0000,0x00000007aacb0000,0x00000007d3cc0000)
  from space 44096K, 41% used [0x00000007d88d0000,0x00000007d9ad4430,0x00000007db3e0000)
  to   space 60992K, 0% used [0x00000007d3cc0000,0x00000007d3cc0000,0x00000007d7850000)
 ParOldGen       total 235840K, used 137788K [0x0000000700600000, 0x000000070ec50000, 0x00000007aacb0000)
  object space 235840K, 58% used [0x0000000700600000,0x0000000708c8f138,0x000000070ec50000)
 PSPermGen       total 39744K, used 18181K [0x00000006fb400000, 0x00000006fdad0000, 0x0000000700600000)
  object space 39744K, 45% used [0x00000006fb400000,0x00000006fc5c16a8,0x00000006fdad0000)
}
Event: 14.668 GC heap before
{Heap before GC invocations=16 (full 3):
 PSYoungGen      total 715904K, used 688734K [0x00000007aacb0000, 0x00000007db3e0000, 0x0000000800000000)
  eden space 671808K, 99% used [0x00000007aacb0000,0x00000007d3b437b0,0x00000007d3cc0000)
  from space 44096K, 41% used [0x00000007d88d0000,0x00000007d9ad4430,0x00000007db3e0000)
  to   space 60992K, 0% used [0x00000007d3cc0000,0x00000007d3cc0000,0x00000007d7850000)
 ParOldGen       total 235840K, used 137788K [0x0000000700600000, 0x000000070ec50000, 0x00000007aacb0000)
  object space 235840K, 58% used [0x0000000700600000,0x0000000708c8f138,0x000000070ec50000)
 PSPermGen       total 39744K, used 18187K [0x00000006fb400000, 0x00000006fdad0000, 0x0000000700600000)
  object space 39744K, 45% used [0x00000006fb400000,0x00000006fc5c2e90,0x00000006fdad0000)
Event: 14.682 GC heap after
Heap after GC invocations=16 (full 3):
 PSYoungGen      total 732800K, used 49162K [0x00000007aacb0000, 0x00000007e74a0000, 0x0000000800000000)
  eden space 671808K, 0% used [0x00000007aacb0000,0x00000007aacb0000,0x00000007d3cc0000)
  from space 60992K, 80% used [0x00000007d3cc0000,0x00000007d6cc2888,0x00000007d7850000)
  to   space 65920K, 0% used [0x00000007e3440000,0x00000007e3440000,0x00000007e74a0000)
 ParOldGen       total 235840K, used 137788K [0x0000000700600000, 0x000000070ec50000, 0x00000007aacb0000)
  object space 235840K, 58% used [0x0000000700600000,0x0000000708c8f138,0x000000070ec50000)
 PSPermGen       total 39744K, used 18187K [0x00000006fb400000, 0x00000006fdad0000, 0x0000000700600000)
  object space 39744K, 45% used [0x00000006fb400000,0x00000006fc5c2e90,0x00000006fdad0000)
}
Event: 15.934 GC heap before
{Heap before GC invocations=17 (full 3):
 PSYoungGen      total 732800K, used 719779K [0x00000007aacb0000, 0x00000007e74a0000, 0x0000000800000000)
  eden space 671808K, 99% used [0x00000007aacb0000,0x00000007d3b963d0,0x00000007d3cc0000)
  from space 60992K, 80% used [0x00000007d3cc0000,0x00000007d6cc2888,0x00000007d7850000)
  to   space 65920K, 0% used [0x00000007e3440000,0x00000007e3440000,0x00000007e74a0000)
 ParOldGen       total 235840K, used 137788K [0x0000000700600000, 0x000000070ec50000, 0x00000007aacb0000)
  object space 235840K, 58% used [0x0000000700600000,0x0000000708c8f138,0x000000070ec50000)
 PSPermGen       total 39744K, used 18196K [0x00000006fb400000, 0x00000006fdad0000, 0x0000000700600000)
  object space 39744K, 45% used [0x00000006fb400000,0x00000006fc5c5250,0x00000006fdad0000)
Event: 15.950 GC heap after
Heap after GC invocations=17 (full 3):
 PSYoungGen      total 917632K, used 59402K [0x00000007aacb0000, 0x00000007e8400000, 0x0000000800000000)
  eden space 851712K, 0% used [0x00000007aacb0000,0x00000007aacb0000,0x00000007dec70000)
  from space 65920K, 90% used [0x00000007e3440000,0x00000007e6e42a40,0x00000007e74a0000)
  to   space 73536K, 0% used [0x00000007dec70000,0x00000007dec70000,0x00000007e3440000)
 ParOldGen       total 235840K, used 137788K [0x0000000700600000, 0x000000070ec50000, 0x00000007aacb0000)
  object space 235840K, 58% used [0x0000000700600000,0x0000000708c8f138,0x000000070ec50000)
 PSPermGen       total 39744K, used 18196K [0x00000006fb400000, 0x00000006fdad0000, 0x0000000700600000)
  object space 39744K, 45% used [0x00000006fb400000,0x00000006fc5c5250,0x00000006fdad0000)
}

