# JRE version: 7.0_07-b11
# Java VM: Java HotSpot(TM) 64-Bit Server VM (23.3-b01 mixed mode windows-amd64 compressed oops)
Heap
 PSYoungGen      total 327168K, used 302598K [0x00000007aacb0000, 0x00000007c2b60000, 0x0000000800000000)
  eden space 316608K, 92% used [0x00000007aacb0000,0x00000007bc9eed00,0x00000007be1e0000)
  from space 10560K, 99% used [0x00000007bed20000,0x00000007bf762e70,0x00000007bf770000)
  to   space 37632K, 0% used [0x00000007c06a0000,0x00000007c06a0000,0x00000007c2b60000)
 ParOldGen       total 186816K, used 47256K [0x0000000700600000, 0x000000070bc70000, 0x00000007aacb0000)
  object space 186816K, 25% used [0x0000000700600000,0x0000000703426068,0x000000070bc70000)
 PSPermGen       total 37248K, used 17994K [0x00000006fb400000, 0x00000006fd860000, 0x0000000700600000)
  object space 37248K, 48% used [0x00000006fb400000,0x00000006fc592ab8,0x00000006fd860000)
GC Heap History (10 events):
Event: 100.101 GC heap before
{Heap before GC invocations=45 (full 4):
 PSYoungGen      total 399808K, used 386981K [0x00000007aacb0000, 0x00000007c6fb0000, 0x0000000800000000)
  eden space 379904K, 99% used [0x00000007aacb0000,0x00000007c1c5e7f0,0x00000007c1fb0000)
  from space 19904K, 52% used [0x00000007c5c40000,0x00000007c667ae70,0x00000007c6fb0000)
  to   space 40960K, 0% used [0x00000007c1fb0000,0x00000007c1fb0000,0x00000007c47b0000)
 ParOldGen       total 186816K, used 47224K [0x0000000700600000, 0x000000070bc70000, 0x00000007aacb0000)
  object space 186816K, 25% used [0x0000000700600000,0x000000070341e068,0x000000070bc70000)
 PSPermGen       total 37248K, used 17955K [0x00000006fb400000, 0x00000006fd860000, 0x0000000700600000)
  object space 37248K, 48% used [0x00000006fb400000,0x00000006fc588f10,0x00000006fd860000)
Event: 100.105 GC heap after
Heap after GC invocations=45 (full 4):
 PSYoungGen      total 394816K, used 28764K [0x00000007aacb0000, 0x00000007c6600000, 0x0000000800000000)
  eden space 366016K, 0% used [0x00000007aacb0000,0x00000007aacb0000,0x00000007c1220000)
  from space 28800K, 99% used [0x00000007c1fb0000,0x00000007c3bc72a0,0x00000007c3bd0000)
  to   space 42944K, 0% used [0x00000007c3c10000,0x00000007c3c10000,0x00000007c6600000)
 ParOldGen       total 186816K, used 47232K [0x0000000700600000, 0x000000070bc70000, 0x00000007aacb0000)
  object space 186816K, 25% used [0x0000000700600000,0x0000000703420068,0x000000070bc70000)
 PSPermGen       total 37248K, used 17955K [0x00000006fb400000, 0x00000006fd860000, 0x0000000700600000)
  object space 37248K, 48% used [0x00000006fb400000,0x00000006fc588f10,0x00000006fd860000)
}
Event: 102.548 GC heap before
{Heap before GC invocations=46 (full 4):
 PSYoungGen      total 394816K, used 393118K [0x00000007aacb0000, 0x00000007c6600000, 0x0000000800000000)
  eden space 366016K, 99% used [0x00000007aacb0000,0x00000007c1080708,0x00000007c1220000)
  from space 28800K, 99% used [0x00000007c1fb0000,0x00000007c3bc72a0,0x00000007c3bd0000)
  to   space 42944K, 0% used [0x00000007c3c10000,0x00000007c3c10000,0x00000007c6600000)
 ParOldGen       total 186816K, used 47232K [0x0000000700600000, 0x000000070bc70000, 0x00000007aacb0000)
  object space 186816K, 25% used [0x0000000700600000,0x0000000703420068,0x000000070bc70000)
 PSPermGen       total 37248K, used 17958K [0x00000006fb400000, 0x00000006fd860000, 0x0000000700600000)
  object space 37248K, 48% used [0x00000006fb400000,0x00000006fc589a10,0x00000006fd860000)
Event: 102.551 GC heap after
Heap after GC invocations=46 (full 4):
 PSYoungGen      total 380032K, used 10475K [0x00000007aacb0000, 0x00000007c56b0000, 0x0000000800000000)
  eden space 352768K, 0% used [0x00000007aacb0000,0x00000007aacb0000,0x00000007c0530000)
  from space 27264K, 38% used [0x00000007c3c10000,0x00000007c464ae70,0x00000007c56b0000)
  to   space 41728K, 0% used [0x00000007c0530000,0x00000007c0530000,0x00000007c2df0000)
 ParOldGen       total 186816K, used 47232K [0x0000000700600000, 0x000000070bc70000, 0x00000007aacb0000)
  object space 186816K, 25% used [0x0000000700600000,0x0000000703420068,0x000000070bc70000)
 PSPermGen       total 37248K, used 17958K [0x00000006fb400000, 0x00000006fd860000, 0x0000000700600000)
  object space 37248K, 48% used [0x00000006fb400000,0x00000006fc589a10,0x00000006fd860000)
}
Event: 104.885 GC heap before
{Heap before GC invocations=47 (full 4):
 PSYoungGen      total 380032K, used 361911K [0x00000007aacb0000, 0x00000007c56b0000, 0x0000000800000000)
  eden space 352768K, 99% used [0x00000007aacb0000,0x00000007c03e2ee8,0x00000007c0530000)
  from space 27264K, 38% used [0x00000007c3c10000,0x00000007c464ae70,0x00000007c56b0000)
  to   space 41728K, 0% used [0x00000007c0530000,0x00000007c0530000,0x00000007c2df0000)
 ParOldGen       total 186816K, used 47232K [0x0000000700600000, 0x000000070bc70000, 0x00000007aacb0000)
  object space 186816K, 25% used [0x0000000700600000,0x0000000703420068,0x000000070bc70000)
 PSPermGen       total 37248K, used 17959K [0x00000006fb400000, 0x00000006fd860000, 0x0000000700600000)
  object space 37248K, 48% used [0x00000006fb400000,0x00000006fc589f78,0x00000006fd860000)
Event: 104.887 GC heap after
Heap after GC invocations=47 (full 4):
 PSYoungGen      total 350656K, used 10475K [0x00000007aacb0000, 0x00000007c47e0000, 0x0000000800000000)
  eden space 340160K, 0% used [0x00000007aacb0000,0x00000007aacb0000,0x00000007bf8e0000)
  from space 10496K, 99% used [0x00000007c0530000,0x00000007c0f6ae70,0x00000007c0f70000)
  to   space 40448K, 0% used [0x00000007c2060000,0x00000007c2060000,0x00000007c47e0000)
 ParOldGen       total 186816K, used 47232K [0x0000000700600000, 0x000000070bc70000, 0x00000007aacb0000)
  object space 186816K, 25% used [0x0000000700600000,0x0000000703420068,0x000000070bc70000)
 PSPermGen       total 37248K, used 17959K [0x00000006fb400000, 0x00000006fd860000, 0x0000000700600000)
  object space 37248K, 48% used [0x00000006fb400000,0x00000006fc589f78,0x00000006fd860000)
}
Event: 107.165 GC heap before
{Heap before GC invocations=48 (full 4):
 PSYoungGen      total 350656K, used 349234K [0x00000007aacb0000, 0x00000007c47e0000, 0x0000000800000000)
  eden space 340160K, 99% used [0x00000007aacb0000,0x00000007bf7819c0,0x00000007bf8e0000)
  from space 10496K, 99% used [0x00000007c0530000,0x00000007c0f6ae70,0x00000007c0f70000)
  to   space 40448K, 0% used [0x00000007c2060000,0x00000007c2060000,0x00000007c47e0000)
 ParOldGen       total 186816K, used 47232K [0x0000000700600000, 0x000000070bc70000, 0x00000007aacb0000)
  object space 186816K, 25% used [0x0000000700600000,0x0000000703420068,0x000000070bc70000)
 PSPermGen       total 37248K, used 17980K [0x00000006fb400000, 0x00000006fd860000, 0x0000000700600000)
  object space 37248K, 48% used [0x00000006fb400000,0x00000006fc58f2e0,0x00000006fd860000)
Event: 107.168 GC heap after
Heap after GC invocations=48 (full 4):
 PSYoungGen      total 353728K, used 10539K [0x00000007aacb0000, 0x00000007c3960000, 0x0000000800000000)
  eden space 328128K, 0% used [0x00000007aacb0000,0x00000007aacb0000,0x00000007bed20000)
  from space 25600K, 41% used [0x00000007c2060000,0x00000007c2aaae70,0x00000007c3960000)
  to   space 39040K, 0% used [0x00000007bed20000,0x00000007bed20000,0x00000007c1340000)
 ParOldGen       total 186816K, used 47232K [0x0000000700600000, 0x000000070bc70000, 0x00000007aacb0000)
  object space 186816K, 25% used [0x0000000700600000,0x0000000703420068,0x000000070bc70000)
 PSPermGen       total 37248K, used 17980K [0x00000006fb400000, 0x00000006fd860000, 0x0000000700600000)
  object space 37248K, 48% used [0x00000006fb400000,0x00000006fc58f2e0,0x00000006fd860000)
}
Event: 109.322 GC heap before
{Heap before GC invocations=49 (full 4):
 PSYoungGen      total 353728K, used 333477K [0x00000007aacb0000, 0x00000007c3960000, 0x0000000800000000)
  eden space 328128K, 98% used [0x00000007aacb0000,0x00000007be80e788,0x00000007bed20000)
  from space 25600K, 41% used [0x00000007c2060000,0x00000007c2aaae70,0x00000007c3960000)
  to   space 39040K, 0% used [0x00000007bed20000,0x00000007bed20000,0x00000007c1340000)
 ParOldGen       total 186816K, used 47232K [0x0000000700600000, 0x000000070bc70000, 0x00000007aacb0000)
  object space 186816K, 25% used [0x0000000700600000,0x0000000703420068,0x000000070bc70000)
 PSPermGen       total 37248K, used 17981K [0x00000006fb400000, 0x00000006fd860000, 0x0000000700600000)
  object space 37248K, 48% used [0x00000006fb400000,0x00000006fc58f698,0x00000006fd860000)
Event: 109.324 GC heap after
Heap after GC invocations=49 (full 4):
 PSYoungGen      total 327168K, used 10507K [0x00000007aacb0000, 0x00000007c2b60000, 0x0000000800000000)
  eden space 316608K, 0% used [0x00000007aacb0000,0x00000007aacb0000,0x00000007be1e0000)
  from space 10560K, 99% used [0x00000007bed20000,0x00000007bf762e70,0x00000007bf770000)
  to   space 37632K, 0% used [0x00000007c06a0000,0x00000007c06a0000,0x00000007c2b60000)
 ParOldGen       total 186816K, used 47256K [0x0000000700600000, 0x000000070bc70000, 0x00000007aacb0000)
  object space 186816K, 25% used [0x0000000700600000,0x0000000703426068,0x000000070bc70000)
 PSPermGen       total 37248K, used 17981K [0x00000006fb400000, 0x00000006fd860000, 0x0000000700600000)
  object space 37248K, 48% used [0x00000006fb400000,0x00000006fc58f698,0x00000006fd860000)
}

