# JRE version: 7.0_07-b11
# Java VM: Java HotSpot(TM) 64-Bit Server VM (23.3-b01 mixed mode windows-amd64 compressed oops)
Heap
 PSYoungGen      total 1040576K, used 109505K [0x00000007aacb0000, 0x00000007f84b0000, 0x0000000800000000)
  eden space 993536K, 6% used [0x00000007aacb0000,0x00000007ae9b50d8,0x00000007e76f0000)
  from space 47040K, 99% used [0x00000007f2d50000,0x00000007f5b3b6d0,0x00000007f5b40000)
  to   space 42432K, 0% used [0x00000007f5b40000,0x00000007f5b40000,0x00000007f84b0000)
 ParOldGen       total 295872K, used 135999K [0x0000000700600000, 0x00000007126f0000, 0x00000007aacb0000)
  object space 295872K, 45% used [0x0000000700600000,0x0000000708acfd28,0x00000007126f0000)
 PSPermGen       total 36288K, used 18406K [0x00000006fb400000, 0x00000006fd770000, 0x0000000700600000)
  object space 36288K, 50% used [0x00000006fb400000,0x00000006fc5f9b80,0x00000006fd770000)
GC Heap History (10 events):
Event: 53.505 GC heap before
{Heap before GC invocations=30 (full 4):
 PSYoungGen      total 1236992K, used 1236928K [0x00000007aacb0000, 0x00000007fce10000, 0x0000000800000000)
  eden space 1183104K, 100% used [0x00000007aacb0000,0x00000007f3010000,0x00000007f3010000)
  from space 53888K, 99% used [0x00000007f8f70000,0x00000007fc400070,0x00000007fc410000)
  to   space 10240K, 0% used [0x00000007fc410000,0x00000007fc410000,0x00000007fce10000)
 ParOldGen       total 285312K, used 110148K [0x0000000700600000, 0x0000000711ca0000, 0x00000007aacb0000)
  object space 285312K, 38% used [0x0000000700600000,0x00000007071912a8,0x0000000711ca0000)
 PSPermGen       total 37824K, used 18389K [0x00000006fb400000, 0x00000006fd8f0000, 0x0000000700600000)
  object space 37824K, 48% used [0x00000006fb400000,0x00000006fc5f5570,0x00000006fd8f0000)
Event: 53.512 GC heap after
Heap after GC invocations=30 (full 4):
 PSYoungGen      total 1140544K, used 8420K [0x00000007aacb0000, 0x00000007fcc50000, 0x0000000800000000)
  eden space 1132096K, 0% used [0x00000007aacb0000,0x00000007aacb0000,0x00000007efe40000)
  from space 8448K, 99% used [0x00000007fc410000,0x00000007fcc49020,0x00000007fcc50000)
  to   space 63808K, 0% used [0x00000007f4fb0000,0x00000007f4fb0000,0x00000007f8e00000)
 ParOldGen       total 285312K, used 148623K [0x0000000700600000, 0x0000000711ca0000, 0x00000007aacb0000)
  object space 285312K, 52% used [0x0000000700600000,0x0000000709723f08,0x0000000711ca0000)
 PSPermGen       total 37824K, used 18389K [0x00000006fb400000, 0x00000006fd8f0000, 0x0000000700600000)
  object space 37824K, 48% used [0x00000006fb400000,0x00000006fc5f5570,0x00000006fd8f0000)
}
Event: 55.764 GC heap before
{Heap before GC invocations=31 (full 4):
 PSYoungGen      total 1140544K, used 1139140K [0x00000007aacb0000, 0x00000007fcc50000, 0x0000000800000000)
  eden space 1132096K, 99% used [0x00000007aacb0000,0x00000007efce8168,0x00000007efe40000)
  from space 8448K, 99% used [0x00000007fc410000,0x00000007fcc49020,0x00000007fcc50000)
  to   space 63808K, 0% used [0x00000007f4fb0000,0x00000007f4fb0000,0x00000007f8e00000)
 ParOldGen       total 285312K, used 154698K [0x0000000700600000, 0x0000000711ca0000, 0x00000007aacb0000)
  object space 285312K, 54% used [0x0000000700600000,0x0000000709d12b18,0x0000000711ca0000)
 PSPermGen       total 37824K, used 18390K [0x00000006fb400000, 0x00000006fd8f0000, 0x0000000700600000)
  object space 37824K, 48% used [0x00000006fb400000,0x00000006fc5f5b50,0x00000006fd8f0000)
Event: 55.772 GC heap after
Heap after GC invocations=31 (full 4):
 PSYoungGen      total 1126208K, used 42566K [0x00000007aacb0000, 0x00000007fc420000, 0x0000000800000000)
  eden space 1083584K, 0% used [0x00000007aacb0000,0x00000007aacb0000,0x00000007ecee0000)
  from space 42624K, 99% used [0x00000007f4fb0000,0x00000007f7941b00,0x00000007f7950000)
  to   space 65024K, 0% used [0x00000007f84a0000,0x00000007f84a0000,0x00000007fc420000)
 ParOldGen       total 285312K, used 154698K [0x0000000700600000, 0x0000000711ca0000, 0x00000007aacb0000)
  object space 285312K, 54% used [0x0000000700600000,0x0000000709d12b18,0x0000000711ca0000)
 PSPermGen       total 37824K, used 18390K [0x00000006fb400000, 0x00000006fd8f0000, 0x0000000700600000)
  object space 37824K, 48% used [0x00000006fb400000,0x00000006fc5f5b50,0x00000006fd8f0000)
}
Event: 58.066 GC heap before
{Heap before GC invocations=32 (full 4):
 PSYoungGen      total 1126208K, used 1126150K [0x00000007aacb0000, 0x00000007fc420000, 0x0000000800000000)
  eden space 1083584K, 100% used [0x00000007aacb0000,0x00000007ecee0000,0x00000007ecee0000)
  from space 42624K, 99% used [0x00000007f4fb0000,0x00000007f7941b00,0x00000007f7950000)
  to   space 65024K, 0% used [0x00000007f84a0000,0x00000007f84a0000,0x00000007fc420000)
 ParOldGen       total 285312K, used 214945K [0x0000000700600000, 0x0000000711ca0000, 0x00000007aacb0000)
  object space 285312K, 75% used [0x0000000700600000,0x000000070d7e84c0,0x0000000711ca0000)
 PSPermGen       total 37824K, used 18392K [0x00000006fb400000, 0x00000006fd8f0000, 0x0000000700600000)
  object space 37824K, 48% used [0x00000006fb400000,0x00000006fc5f6120,0x00000006fd8f0000)
Event: 58.074 GC heap after
Heap after GC invocations=32 (full 4):
 PSYoungGen      total 1078464K, used 40962K [0x00000007aacb0000, 0x00000007facb0000, 0x0000000800000000)
  eden space 1037440K, 0% used [0x00000007aacb0000,0x00000007aacb0000,0x00000007ea1d0000)
  from space 41024K, 99% used [0x00000007f84a0000,0x00000007faca0ae0,0x00000007facb0000)
  to   space 65216K, 0% used [0x00000007f2d50000,0x00000007f2d50000,0x00000007f6d00000)
 ParOldGen       total 285312K, used 214945K [0x0000000700600000, 0x0000000711ca0000, 0x00000007aacb0000)
  object space 285312K, 75% used [0x0000000700600000,0x000000070d7e84c0,0x0000000711ca0000)
 PSPermGen       total 37824K, used 18392K [0x00000006fb400000, 0x00000006fd8f0000, 0x0000000700600000)
  object space 37824K, 48% used [0x00000006fb400000,0x00000006fc5f6120,0x00000006fd8f0000)
}
Event: 60.332 GC heap before
{Heap before GC invocations=33 (full 5):
 PSYoungGen      total 1078464K, used 1078402K [0x00000007aacb0000, 0x00000007facb0000, 0x0000000800000000)
  eden space 1037440K, 100% used [0x00000007aacb0000,0x00000007ea1d0000,0x00000007ea1d0000)
  from space 41024K, 99% used [0x00000007f84a0000,0x00000007faca0ae0,0x00000007facb0000)
  to   space 65216K, 0% used [0x00000007f2d50000,0x00000007f2d50000,0x00000007f6d00000)
 ParOldGen       total 307136K, used 307085K [0x0000000700600000, 0x00000007131f0000, 0x00000007aacb0000)
  object space 307136K, 99% used [0x0000000700600000,0x00000007131e3400,0x00000007131f0000)
 PSPermGen       total 37824K, used 18394K [0x00000006fb400000, 0x00000006fd8f0000, 0x0000000700600000)
  object space 37824K, 48% used [0x00000006fb400000,0x00000006fc5f6af8,0x00000006fd8f0000)
Event: 60.364 GC heap after
Heap after GC invocations=33 (full 5):
 PSYoungGen      total 1078464K, used 0K [0x00000007aacb0000, 0x00000007facb0000, 0x0000000800000000)
  eden space 1037440K, 0% used [0x00000007aacb0000,0x00000007aacb0000,0x00000007ea1d0000)
  from space 41024K, 0% used [0x00000007f84a0000,0x00000007f84a0000,0x00000007facb0000)
  to   space 65216K, 0% used [0x00000007f2d50000,0x00000007f2d50000,0x00000007f6d00000)
 ParOldGen       total 295872K, used 61579K [0x0000000700600000, 0x00000007126f0000, 0x00000007aacb0000)
  object space 295872K, 20% used [0x0000000700600000,0x0000000704222e38,0x00000007126f0000)
 PSPermGen       total 36288K, used 18394K [0x00000006fb400000, 0x00000006fd770000, 0x0000000700600000)
  object space 36288K, 50% used [0x00000006fb400000,0x00000006fc5f6a58,0x00000006fd770000)
}
Event: 62.739 GC heap before
{Heap before GC invocations=34 (full 5):
 PSYoungGen      total 1078464K, used 1037409K [0x00000007aacb0000, 0x00000007facb0000, 0x0000000800000000)
  eden space 1037440K, 99% used [0x00000007aacb0000,0x00000007ea1c8448,0x00000007ea1d0000)
  from space 41024K, 0% used [0x00000007f84a0000,0x00000007f84a0000,0x00000007facb0000)
  to   space 65216K, 0% used [0x00000007f2d50000,0x00000007f2d50000,0x00000007f6d00000)
 ParOldGen       total 295872K, used 135999K [0x0000000700600000, 0x00000007126f0000, 0x00000007aacb0000)
  object space 295872K, 45% used [0x0000000700600000,0x0000000708acfd28,0x00000007126f0000)
 PSPermGen       total 36288K, used 18406K [0x00000006fb400000, 0x00000006fd770000, 0x0000000700600000)
  object space 36288K, 50% used [0x00000006fb400000,0x00000006fc5f9b80,0x00000006fd770000)
Event: 62.749 GC heap after
Heap after GC invocations=34 (full 5):
 PSYoungGen      total 1040576K, used 47021K [0x00000007aacb0000, 0x00000007f84b0000, 0x0000000800000000)
  eden space 993536K, 0% used [0x00000007aacb0000,0x00000007aacb0000,0x00000007e76f0000)
  from space 47040K, 99% used [0x00000007f2d50000,0x00000007f5b3b6d0,0x00000007f5b40000)
  to   space 42432K, 0% used [0x00000007f5b40000,0x00000007f5b40000,0x00000007f84b0000)
 ParOldGen       total 295872K, used 135999K [0x0000000700600000, 0x00000007126f0000, 0x00000007aacb0000)
  object space 295872K, 45% used [0x0000000700600000,0x0000000708acfd28,0x00000007126f0000)
 PSPermGen       total 36288K, used 18406K [0x00000006fb400000, 0x00000006fd770000, 0x0000000700600000)
  object space 36288K, 50% used [0x00000006fb400000,0x00000006fc5f9b80,0x00000006fd770000)
}

