# JRE version: 7.0_07-b11
# Java VM: Java HotSpot(TM) 64-Bit Server VM (23.3-b01 mixed mode windows-amd64 compressed oops)
Heap
 PSYoungGen      total 110272K, used 30479K [0x00000007aacb0000, 0x00000007b6e80000, 0x0000000800000000)
  eden space 51136K, 39% used [0x00000007aacb0000,0x00000007ac048dc0,0x00000007adea0000)
  from space 59136K, 17% used [0x00000007adea0000,0x00000007ae8cae70,0x00000007b1860000)
  to   space 58304K, 0% used [0x00000007b3590000,0x00000007b3590000,0x00000007b6e80000)
 ParOldGen       total 174528K, used 91329K [0x0000000700600000, 0x000000070b070000, 0x00000007aacb0000)
  object space 174528K, 52% used [0x0000000700600000,0x0000000705f307c0,0x000000070b070000)
 PSPermGen       total 21248K, used 17984K [0x00000006fb400000, 0x00000006fc8c0000, 0x0000000700600000)
  object space 21248K, 84% used [0x00000006fb400000,0x00000006fc5901e0,0x00000006fc8c0000)
GC Heap History (10 events):
Event: 9.858 GC heap before
{Heap before GC invocations=7 (full 0):
 PSYoungGen      total 97344K, used 89424K [0x00000007aacb0000, 0x00000007b4430000, 0x0000000800000000)
  eden space 57408K, 97% used [0x00000007aacb0000,0x00000007ae33a9e8,0x00000007ae4c0000)
  from space 39936K, 84% used [0x00000007b1210000,0x00000007b32d9780,0x00000007b3910000)
  to   space 46400K, 0% used [0x00000007ae4c0000,0x00000007ae4c0000,0x00000007b1210000)
 ParOldGen       total 174528K, used 53916K [0x0000000700600000, 0x000000070b070000, 0x00000007aacb0000)
  object space 174528K, 30% used [0x0000000700600000,0x0000000703aa71d0,0x000000070b070000)
 PSPermGen       total 21248K, used 17953K [0x00000006fb400000, 0x00000006fc8c0000, 0x0000000700600000)
  object space 21248K, 84% used [0x00000006fb400000,0x00000006fc588460,0x00000006fc8c0000)
Event: 9.864 GC heap after
Heap after GC invocations=7 (full 0):
 PSYoungGen      total 84224K, used 28037K [0x00000007aacb0000, 0x00000007b4040000, 0x0000000800000000)
  eden space 56128K, 0% used [0x00000007aacb0000,0x00000007aacb0000,0x00000007ae380000)
  from space 28096K, 99% used [0x00000007ae4c0000,0x00000007b0021500,0x00000007b0030000)
  to   space 47488K, 0% used [0x00000007b11e0000,0x00000007b11e0000,0x00000007b4040000)
 ParOldGen       total 174528K, used 58705K [0x0000000700600000, 0x000000070b070000, 0x00000007aacb0000)
  object space 174528K, 33% used [0x0000000700600000,0x0000000703f54740,0x000000070b070000)
 PSPermGen       total 21248K, used 17953K [0x00000006fb400000, 0x00000006fc8c0000, 0x0000000700600000)
  object space 21248K, 84% used [0x00000006fb400000,0x00000006fc588460,0x00000006fc8c0000)
}
Event: 10.535 GC heap before
{Heap before GC invocations=8 (full 0):
 PSYoungGen      total 84224K, used 81809K [0x00000007aacb0000, 0x00000007b4040000, 0x0000000800000000)
  eden space 56128K, 95% used [0x00000007aacb0000,0x00000007ae1330c8,0x00000007ae380000)
  from space 28096K, 99% used [0x00000007ae4c0000,0x00000007b0021500,0x00000007b0030000)
  to   space 47488K, 0% used [0x00000007b11e0000,0x00000007b11e0000,0x00000007b4040000)
 ParOldGen       total 174528K, used 58705K [0x0000000700600000, 0x000000070b070000, 0x00000007aacb0000)
  object space 174528K, 33% used [0x0000000700600000,0x0000000703f54740,0x000000070b070000)
 PSPermGen       total 21248K, used 17953K [0x00000006fb400000, 0x00000006fc8c0000, 0x0000000700600000)
  object space 21248K, 84% used [0x00000006fb400000,0x00000006fc588600,0x00000006fc8c0000)
Event: 10.544 GC heap after
Heap after GC invocations=8 (full 0):
 PSYoungGen      total 97344K, used 41515K [0x00000007aacb0000, 0x00000007b4b40000, 0x0000000800000000)
  eden space 49856K, 0% used [0x00000007aacb0000,0x00000007aacb0000,0x00000007add60000)
  from space 47488K, 87% used [0x00000007b11e0000,0x00000007b3a6adf0,0x00000007b4040000)
  to   space 53760K, 0% used [0x00000007add60000,0x00000007add60000,0x00000007b11e0000)
 ParOldGen       total 174528K, used 66893K [0x0000000700600000, 0x000000070b070000, 0x00000007aacb0000)
  object space 174528K, 38% used [0x0000000700600000,0x0000000704753770,0x000000070b070000)
 PSPermGen       total 21248K, used 17953K [0x00000006fb400000, 0x00000006fc8c0000, 0x0000000700600000)
  object space 21248K, 84% used [0x00000006fb400000,0x00000006fc588600,0x00000006fc8c0000)
}
Event: 11.202 GC heap before
{Heap before GC invocations=9 (full 0):
 PSYoungGen      total 97344K, used 89058K [0x00000007aacb0000, 0x00000007b4b40000, 0x0000000800000000)
  eden space 49856K, 95% used [0x00000007aacb0000,0x00000007adb1dbe0,0x00000007add60000)
  from space 47488K, 87% used [0x00000007b11e0000,0x00000007b3a6adf0,0x00000007b4040000)
  to   space 53760K, 0% used [0x00000007add60000,0x00000007add60000,0x00000007b11e0000)
 ParOldGen       total 174528K, used 66893K [0x0000000700600000, 0x000000070b070000, 0x00000007aacb0000)
  object space 174528K, 38% used [0x0000000700600000,0x0000000704753770,0x000000070b070000)
 PSPermGen       total 21248K, used 17953K [0x00000006fb400000, 0x00000006fc8c0000, 0x0000000700600000)
  object space 21248K, 84% used [0x00000006fb400000,0x00000006fc588600,0x00000006fc8c0000)
Event: 11.209 GC heap after
Heap after GC invocations=9 (full 0):
 PSYoungGen      total 102592K, used 49615K [0x00000007aacb0000, 0x00000007b5460000, 0x0000000800000000)
  eden space 48832K, 0% used [0x00000007aacb0000,0x00000007aacb0000,0x00000007adc60000)
  from space 53760K, 92% used [0x00000007add60000,0x00000007b0dd3e00,0x00000007b11e0000)
  to   space 61440K, 0% used [0x00000007b1860000,0x00000007b1860000,0x00000007b5460000)
 ParOldGen       total 174528K, used 66981K [0x0000000700600000, 0x000000070b070000, 0x00000007aacb0000)
  object space 174528K, 38% used [0x0000000700600000,0x0000000704769790,0x000000070b070000)
 PSPermGen       total 21248K, used 17953K [0x00000006fb400000, 0x00000006fc8c0000, 0x0000000700600000)
  object space 21248K, 84% used [0x00000006fb400000,0x00000006fc588600,0x00000006fc8c0000)
}
Event: 11.863 GC heap before
{Heap before GC invocations=10 (full 0):
 PSYoungGen      total 102592K, used 97129K [0x00000007aacb0000, 0x00000007b5460000, 0x0000000800000000)
  eden space 48832K, 97% used [0x00000007aacb0000,0x00000007adb16748,0x00000007adc60000)
  from space 53760K, 92% used [0x00000007add60000,0x00000007b0dd3e00,0x00000007b11e0000)
  to   space 61440K, 0% used [0x00000007b1860000,0x00000007b1860000,0x00000007b5460000)
 ParOldGen       total 174528K, used 66981K [0x0000000700600000, 0x000000070b070000, 0x00000007aacb0000)
  object space 174528K, 38% used [0x0000000700600000,0x0000000704769790,0x000000070b070000)
 PSPermGen       total 21248K, used 17953K [0x00000006fb400000, 0x00000006fc8c0000, 0x0000000700600000)
  object space 21248K, 84% used [0x00000006fb400000,0x00000006fc588600,0x00000006fc8c0000)
Event: 11.879 GC heap after
Heap after GC invocations=10 (full 0):
 PSYoungGen      total 112576K, used 28700K [0x00000007aacb0000, 0x00000007b6c80000, 0x0000000800000000)
  eden space 51136K, 0% used [0x00000007aacb0000,0x00000007aacb0000,0x00000007adea0000)
  from space 61440K, 46% used [0x00000007b1860000,0x00000007b34672a0,0x00000007b5460000)
  to   space 59136K, 0% used [0x00000007adea0000,0x00000007adea0000,0x00000007b1860000)
 ParOldGen       total 174528K, used 91313K [0x0000000700600000, 0x000000070b070000, 0x00000007aacb0000)
  object space 174528K, 52% used [0x0000000700600000,0x0000000705f2c7c0,0x000000070b070000)
 PSPermGen       total 21248K, used 17953K [0x00000006fb400000, 0x00000006fc8c0000, 0x0000000700600000)
  object space 21248K, 84% used [0x00000006fb400000,0x00000006fc588600,0x00000006fc8c0000)
}
Event: 12.654 GC heap before
{Heap before GC invocations=11 (full 0):
 PSYoungGen      total 112576K, used 79639K [0x00000007aacb0000, 0x00000007b6c80000, 0x0000000800000000)
  eden space 51136K, 99% used [0x00000007aacb0000,0x00000007ade6ecb8,0x00000007adea0000)
  from space 61440K, 46% used [0x00000007b1860000,0x00000007b34672a0,0x00000007b5460000)
  to   space 59136K, 0% used [0x00000007adea0000,0x00000007adea0000,0x00000007b1860000)
 ParOldGen       total 174528K, used 91313K [0x0000000700600000, 0x000000070b070000, 0x00000007aacb0000)
  object space 174528K, 52% used [0x0000000700600000,0x0000000705f2c7c0,0x000000070b070000)
 PSPermGen       total 21248K, used 17953K [0x00000006fb400000, 0x00000006fc8c0000, 0x0000000700600000)
  object space 21248K, 84% used [0x00000006fb400000,0x00000006fc588600,0x00000006fc8c0000)
Event: 12.656 GC heap after
Heap after GC invocations=11 (full 0):
 PSYoungGen      total 110272K, used 10411K [0x00000007aacb0000, 0x00000007b6e80000, 0x0000000800000000)
  eden space 51136K, 0% used [0x00000007aacb0000,0x00000007aacb0000,0x00000007adea0000)
  from space 59136K, 17% used [0x00000007adea0000,0x00000007ae8cae70,0x00000007b1860000)
  to   space 58304K, 0% used [0x00000007b3590000,0x00000007b3590000,0x00000007b6e80000)
 ParOldGen       total 174528K, used 91329K [0x0000000700600000, 0x000000070b070000, 0x00000007aacb0000)
  object space 174528K, 52% used [0x0000000700600000,0x0000000705f307c0,0x000000070b070000)
 PSPermGen       total 21248K, used 17953K [0x00000006fb400000, 0x00000006fc8c0000, 0x0000000700600000)
  object space 21248K, 84% used [0x00000006fb400000,0x00000006fc588600,0x00000006fc8c0000)
}

