# JRE version: 7.0_07-b11
# Java VM: Java HotSpot(TM) 64-Bit Server VM (23.3-b01 mixed mode windows-amd64 compressed oops)
Heap
 PSYoungGen      total 874048K, used 325158K [0x00000007aacb0000, 0x00000007e4a50000, 0x0000000800000000)
  eden space 831104K, 36% used [0x00000007aacb0000,0x00000007bd59c320,0x00000007dd850000)
  from space 42944K, 49% used [0x00000007e2060000,0x00000007e34fd748,0x00000007e4a50000)
  to   space 58368K, 0% used [0x00000007dd850000,0x00000007dd850000,0x00000007e1150000)
 ParOldGen       total 303104K, used 115237K [0x0000000700600000, 0x0000000712e00000, 0x00000007aacb0000)
  object space 303104K, 38% used [0x0000000700600000,0x00000007076897a8,0x0000000712e00000)
 PSPermGen       total 35520K, used 18039K [0x00000006fb400000, 0x00000006fd6b0000, 0x0000000700600000)
  object space 35520K, 50% used [0x00000006fb400000,0x00000006fc59dda0,0x00000006fd6b0000)
GC Heap History (10 events):
Event: 16.799 GC heap before
{Heap before GC invocations=15 (full 4):
 PSYoungGen      total 611392K, used 559530K [0x00000007aacb0000, 0x00000007d4b00000, 0x0000000800000000)
  eden space 562496K, 99% used [0x00000007aacb0000,0x00000007ccedaa70,0x00000007cd200000)
  from space 48896K, 0% used [0x00000007d1b40000,0x00000007d1b80000,0x00000007d4b00000)
  to   space 61952K, 0% used [0x00000007cd200000,0x00000007cd200000,0x00000007d0e80000)
 ParOldGen       total 268736K, used 149887K [0x0000000700600000, 0x0000000710c70000, 0x00000007aacb0000)
  object space 268736K, 55% used [0x0000000700600000,0x000000070985fde8,0x0000000710c70000)
 PSPermGen       total 37696K, used 18010K [0x00000006fb400000, 0x00000006fd8d0000, 0x0000000700600000)
  object space 37696K, 47% used [0x00000006fb400000,0x00000006fc596930,0x00000006fd8d0000)
Event: 16.805 GC heap after
Heap after GC invocations=15 (full 4):
 PSYoungGen      total 624448K, used 21109K [0x00000007aacb0000, 0x00000007dc470000, 0x0000000800000000)
  eden space 562496K, 0% used [0x00000007aacb0000,0x00000007aacb0000,0x00000007cd200000)
  from space 61952K, 34% used [0x00000007cd200000,0x00000007ce69d748,0x00000007d0e80000)
  to   space 58816K, 0% used [0x00000007d8b00000,0x00000007d8b00000,0x00000007dc470000)
 ParOldGen       total 268736K, used 149887K [0x0000000700600000, 0x0000000710c70000, 0x00000007aacb0000)
  object space 268736K, 55% used [0x0000000700600000,0x000000070985fde8,0x0000000710c70000)
 PSPermGen       total 37696K, used 18010K [0x00000006fb400000, 0x00000006fd8d0000, 0x0000000700600000)
  object space 37696K, 47% used [0x00000006fb400000,0x00000006fc596930,0x00000006fd8d0000)
}
Event: 17.951 GC heap before
{Heap before GC invocations=16 (full 4):
 PSYoungGen      total 624448K, used 581562K [0x00000007aacb0000, 0x00000007dc470000, 0x0000000800000000)
  eden space 562496K, 99% used [0x00000007aacb0000,0x00000007cd001120,0x00000007cd200000)
  from space 61952K, 34% used [0x00000007cd200000,0x00000007ce69d748,0x00000007d0e80000)
  to   space 58816K, 0% used [0x00000007d8b00000,0x00000007d8b00000,0x00000007dc470000)
 ParOldGen       total 268736K, used 153304K [0x0000000700600000, 0x0000000710c70000, 0x00000007aacb0000)
  object space 268736K, 57% used [0x0000000700600000,0x0000000709bb62b8,0x0000000710c70000)
 PSPermGen       total 37696K, used 18012K [0x00000006fb400000, 0x00000006fd8d0000, 0x0000000700600000)
  object space 37696K, 47% used [0x00000006fb400000,0x00000006fc5970a8,0x00000006fd8d0000)
Event: 17.963 GC heap after
Heap after GC invocations=16 (full 4):
 PSYoungGen      total 749760K, used 39440K [0x00000007aacb0000, 0x00000007dcb30000, 0x0000000800000000)
  eden space 690944K, 0% used [0x00000007aacb0000,0x00000007aacb0000,0x00000007d4f70000)
  from space 58816K, 67% used [0x00000007d8b00000,0x00000007db184250,0x00000007dc470000)
  to   space 60992K, 0% used [0x00000007d4f70000,0x00000007d4f70000,0x00000007d8b00000)
 ParOldGen       total 268736K, used 153304K [0x0000000700600000, 0x0000000710c70000, 0x00000007aacb0000)
  object space 268736K, 57% used [0x0000000700600000,0x0000000709bb62b8,0x0000000710c70000)
 PSPermGen       total 37696K, used 18012K [0x00000006fb400000, 0x00000006fd8d0000, 0x0000000700600000)
  object space 37696K, 47% used [0x00000006fb400000,0x00000006fc5970a8,0x00000006fd8d0000)
}
Event: 19.618 GC heap before
{Heap before GC invocations=17 (full 5):
 PSYoungGen      total 749760K, used 730301K [0x00000007aacb0000, 0x00000007dcb30000, 0x0000000800000000)
  eden space 690944K, 99% used [0x00000007aacb0000,0x00000007d4f5b4c0,0x00000007d4f70000)
  from space 58816K, 67% used [0x00000007d8b00000,0x00000007db184250,0x00000007dc470000)
  to   space 60992K, 0% used [0x00000007d4f70000,0x00000007d4f70000,0x00000007d8b00000)
 ParOldGen       total 268736K, used 244500K [0x0000000700600000, 0x0000000710c70000, 0x00000007aacb0000)
  object space 268736K, 90% used [0x0000000700600000,0x000000070f4c51a0,0x0000000710c70000)
 PSPermGen       total 37696K, used 18020K [0x00000006fb400000, 0x00000006fd8d0000, 0x0000000700600000)
  object space 37696K, 47% used [0x00000006fb400000,0x00000006fc599030,0x00000006fd8d0000)
Event: 19.647 GC heap after
Heap after GC invocations=17 (full 5):
 PSYoungGen      total 749760K, used 0K [0x00000007aacb0000, 0x00000007dcb30000, 0x0000000800000000)
  eden space 690944K, 0% used [0x00000007aacb0000,0x00000007aacb0000,0x00000007d4f70000)
  from space 58816K, 0% used [0x00000007d8b00000,0x00000007d8b00000,0x00000007dc470000)
  to   space 60992K, 0% used [0x00000007d4f70000,0x00000007d4f70000,0x00000007d8b00000)
 ParOldGen       total 303104K, used 53548K [0x0000000700600000, 0x0000000712e00000, 0x00000007aacb0000)
  object space 303104K, 17% used [0x0000000700600000,0x0000000703a4b2a0,0x0000000712e00000)
 PSPermGen       total 35520K, used 18020K [0x00000006fb400000, 0x00000006fd6b0000, 0x0000000700600000)
  object space 35520K, 50% used [0x00000006fb400000,0x00000006fc599030,0x00000006fd6b0000)
}
Event: 21.219 GC heap before
{Heap before GC invocations=18 (full 5):
 PSYoungGen      total 749760K, used 690944K [0x00000007aacb0000, 0x00000007dcb30000, 0x0000000800000000)
  eden space 690944K, 100% used [0x00000007aacb0000,0x00000007d4f70000,0x00000007d4f70000)
  from space 58816K, 0% used [0x00000007d8b00000,0x00000007d8b00000,0x00000007dc470000)
  to   space 60992K, 0% used [0x00000007d4f70000,0x00000007d4f70000,0x00000007d8b00000)
 ParOldGen       total 303104K, used 109162K [0x0000000700600000, 0x0000000712e00000, 0x00000007aacb0000)
  object space 303104K, 36% used [0x0000000700600000,0x000000070709ab98,0x0000000712e00000)
 PSPermGen       total 35520K, used 18028K [0x00000006fb400000, 0x00000006fd6b0000, 0x0000000700600000)
  object space 35520K, 50% used [0x00000006fb400000,0x00000006fc59b2d8,0x00000006fd6b0000)
Event: 21.220 GC heap after
Heap after GC invocations=18 (full 5):
 PSYoungGen      total 751936K, used 256K [0x00000007aacb0000, 0x00000007e5cc0000, 0x0000000800000000)
  eden space 690944K, 0% used [0x00000007aacb0000,0x00000007aacb0000,0x00000007d4f70000)
  from space 60992K, 0% used [0x00000007d4f70000,0x00000007d4fb0000,0x00000007d8b00000)
  to   space 61824K, 0% used [0x00000007e2060000,0x00000007e2060000,0x00000007e5cc0000)
 ParOldGen       total 303104K, used 109162K [0x0000000700600000, 0x0000000712e00000, 0x00000007aacb0000)
  object space 303104K, 36% used [0x0000000700600000,0x000000070709ab98,0x0000000712e00000)
 PSPermGen       total 35520K, used 18028K [0x00000006fb400000, 0x00000006fd6b0000, 0x0000000700600000)
  object space 35520K, 50% used [0x00000006fb400000,0x00000006fc59b2d8,0x00000006fd6b0000)
}
Event: 22.685 GC heap before
{Heap before GC invocations=19 (full 5):
 PSYoungGen      total 751936K, used 690882K [0x00000007aacb0000, 0x00000007e5cc0000, 0x0000000800000000)
  eden space 690944K, 99% used [0x00000007aacb0000,0x00000007d4f20b78,0x00000007d4f70000)
  from space 60992K, 0% used [0x00000007d4f70000,0x00000007d4fb0000,0x00000007d8b00000)
  to   space 61824K, 0% used [0x00000007e2060000,0x00000007e2060000,0x00000007e5cc0000)
 ParOldGen       total 303104K, used 115237K [0x0000000700600000, 0x0000000712e00000, 0x00000007aacb0000)
  object space 303104K, 38% used [0x0000000700600000,0x00000007076897a8,0x0000000712e00000)
 PSPermGen       total 35520K, used 18031K [0x00000006fb400000, 0x00000006fd6b0000, 0x0000000700600000)
  object space 35520K, 50% used [0x00000006fb400000,0x00000006fc59be90,0x00000006fd6b0000)
Event: 22.690 GC heap after
Heap after GC invocations=19 (full 5):
 PSYoungGen      total 874048K, used 21109K [0x00000007aacb0000, 0x00000007e4a50000, 0x0000000800000000)
  eden space 831104K, 0% used [0x00000007aacb0000,0x00000007aacb0000,0x00000007dd850000)
  from space 42944K, 49% used [0x00000007e2060000,0x00000007e34fd748,0x00000007e4a50000)
  to   space 58368K, 0% used [0x00000007dd850000,0x00000007dd850000,0x00000007e1150000)
 ParOldGen       total 303104K, used 115237K [0x0000000700600000, 0x0000000712e00000, 0x00000007aacb0000)
  object space 303104K, 38% used [0x0000000700600000,0x00000007076897a8,0x0000000712e00000)
 PSPermGen       total 35520K, used 18031K [0x00000006fb400000, 0x00000006fd6b0000, 0x0000000700600000)
  object space 35520K, 50% used [0x00000006fb400000,0x00000006fc59be90,0x00000006fd6b0000)
}

