# JRE version: 7.0_07-b11
# Java VM: Java HotSpot(TM) 64-Bit Server VM (23.3-b01 mixed mode windows-amd64 compressed oops)
Heap
 PSYoungGen      total 1304448K, used 282041K [0x00000007aacb0000, 0x00000007ff8e0000, 0x0000000800000000)
  eden space 1219008K, 19% used [0x00000007aacb0000,0x00000007b956a390,0x00000007f5320000)
  from space 85440K, 51% used [0x00000007f5320000,0x00000007f7dd4070,0x00000007fa690000)
  to   space 81728K, 0% used [0x00000007fa910000,0x00000007fa910000,0x00000007ff8e0000)
 ParOldGen       total 368896K, used 144876K [0x0000000700600000, 0x0000000716e40000, 0x00000007aacb0000)
  object space 368896K, 39% used [0x0000000700600000,0x000000070937b110,0x0000000716e40000)
 PSPermGen       total 36032K, used 18262K [0x00000006fb400000, 0x00000006fd730000, 0x0000000700600000)
  object space 36032K, 50% used [0x00000006fb400000,0x00000006fc5d5b48,0x00000006fd730000)
GC Heap History (10 events):
Event: 55.810 GC heap before
{Heap before GC invocations=32 (full 5):
 PSYoungGen      total 1304832K, used 1221483K [0x00000007aacb0000, 0x0000000800000000, 0x0000000800000000)
  eden space 1222720K, 99% used [0x00000007aacb0000,0x00000007f558ace8,0x00000007f56c0000)
  from space 82112K, 0% used [0x00000007fafd0000,0x00000007fafd0000,0x0000000800000000)
  to   space 86656K, 0% used [0x00000007f56c0000,0x00000007f56c0000,0x00000007fab60000)
 ParOldGen       total 368896K, used 49107K [0x0000000700600000, 0x0000000716e40000, 0x00000007aacb0000)
  object space 368896K, 13% used [0x0000000700600000,0x00000007035f4fd8,0x0000000716e40000)
 PSPermGen       total 36032K, used 18217K [0x00000006fb400000, 0x00000006fd730000, 0x0000000700600000)
  object space 36032K, 50% used [0x00000006fb400000,0x00000006fc5ca598,0x00000006fd730000)
Event: 55.817 GC heap after
Heap after GC invocations=32 (full 5):
 PSYoungGen      total 1282176K, used 59418K [0x00000007aacb0000, 0x0000000800000000, 0x0000000800000000)
  eden space 1222720K, 0% used [0x00000007aacb0000,0x00000007aacb0000,0x00000007f56c0000)
  from space 59456K, 99% used [0x00000007f56c0000,0x00000007f90c6bd0,0x00000007f90d0000)
  to   space 88448K, 0% used [0x00000007fa9a0000,0x00000007fa9a0000,0x0000000800000000)
 ParOldGen       total 368896K, used 49107K [0x0000000700600000, 0x0000000716e40000, 0x00000007aacb0000)
  object space 368896K, 13% used [0x0000000700600000,0x00000007035f4fd8,0x0000000716e40000)
 PSPermGen       total 36032K, used 18217K [0x00000006fb400000, 0x00000006fd730000, 0x0000000700600000)
  object space 36032K, 50% used [0x00000006fb400000,0x00000006fc5ca598,0x00000006fd730000)
}
Event: 58.393 GC heap before
{Heap before GC invocations=33 (full 5):
 PSYoungGen      total 1282176K, used 1282138K [0x00000007aacb0000, 0x0000000800000000, 0x0000000800000000)
  eden space 1222720K, 100% used [0x00000007aacb0000,0x00000007f56c0000,0x00000007f56c0000)
  from space 59456K, 99% used [0x00000007f56c0000,0x00000007f90c6bd0,0x00000007f90d0000)
  to   space 88448K, 0% used [0x00000007fa9a0000,0x00000007fa9a0000,0x0000000800000000)
 ParOldGen       total 368896K, used 144876K [0x0000000700600000, 0x0000000716e40000, 0x00000007aacb0000)
  object space 368896K, 39% used [0x0000000700600000,0x000000070937b110,0x0000000716e40000)
 PSPermGen       total 36032K, used 18220K [0x00000006fb400000, 0x00000006fd730000, 0x0000000700600000)
  object space 36032K, 50% used [0x00000006fb400000,0x00000006fc5cb1c8,0x00000006fd730000)
Event: 58.396 GC heap after
Heap after GC invocations=33 (full 5):
 PSYoungGen      total 1307584K, used 18481K [0x00000007aacb0000, 0x0000000800000000, 0x0000000800000000)
  eden space 1219136K, 0% used [0x00000007aacb0000,0x00000007aacb0000,0x00000007f5340000)
  from space 88448K, 20% used [0x00000007fa9a0000,0x00000007fbbac430,0x0000000800000000)
  to   space 88448K, 0% used [0x00000007f5340000,0x00000007f5340000,0x00000007fa9a0000)
 ParOldGen       total 368896K, used 144876K [0x0000000700600000, 0x0000000716e40000, 0x00000007aacb0000)
  object space 368896K, 39% used [0x0000000700600000,0x000000070937b110,0x0000000716e40000)
 PSPermGen       total 36032K, used 18220K [0x00000006fb400000, 0x00000006fd730000, 0x0000000700600000)
  object space 36032K, 50% used [0x00000006fb400000,0x00000006fc5cb1c8,0x00000006fd730000)
}
Event: 60.754 GC heap before
{Heap before GC invocations=34 (full 5):
 PSYoungGen      total 1307584K, used 1235920K [0x00000007aacb0000, 0x0000000800000000, 0x0000000800000000)
  eden space 1219136K, 99% used [0x00000007aacb0000,0x00000007f5197d98,0x00000007f5340000)
  from space 88448K, 20% used [0x00000007fa9a0000,0x00000007fbbac430,0x0000000800000000)
  to   space 88448K, 0% used [0x00000007f5340000,0x00000007f5340000,0x00000007fa9a0000)
 ParOldGen       total 368896K, used 144876K [0x0000000700600000, 0x0000000716e40000, 0x00000007aacb0000)
  object space 368896K, 39% used [0x0000000700600000,0x000000070937b110,0x0000000716e40000)
 PSPermGen       total 36032K, used 18225K [0x00000006fb400000, 0x00000006fd730000, 0x0000000700600000)
  object space 36032K, 50% used [0x00000006fb400000,0x00000006fc5cc5b0,0x00000006fd730000)
Event: 60.759 GC heap after
Heap after GC invocations=34 (full 5):
 PSYoungGen      total 1252160K, used 32970K [0x00000007aacb0000, 0x00000007ff9e0000, 0x0000000800000000)
  eden space 1219136K, 0% used [0x00000007aacb0000,0x00000007aacb0000,0x00000007f5340000)
  from space 33024K, 99% used [0x00000007f5340000,0x00000007f7372930,0x00000007f7380000)
  to   space 85312K, 0% used [0x00000007fa690000,0x00000007fa690000,0x00000007ff9e0000)
 ParOldGen       total 368896K, used 144876K [0x0000000700600000, 0x0000000716e40000, 0x00000007aacb0000)
  object space 368896K, 39% used [0x0000000700600000,0x000000070937b110,0x0000000716e40000)
 PSPermGen       total 36032K, used 18225K [0x00000006fb400000, 0x00000006fd730000, 0x0000000700600000)
  object space 36032K, 50% used [0x00000006fb400000,0x00000006fc5cc5b0,0x00000006fd730000)
}
Event: 63.090 GC heap before
{Heap before GC invocations=35 (full 5):
 PSYoungGen      total 1252160K, used 1251600K [0x00000007aacb0000, 0x00000007ff9e0000, 0x0000000800000000)
  eden space 1219136K, 99% used [0x00000007aacb0000,0x00000007f52c1a50,0x00000007f5340000)
  from space 33024K, 99% used [0x00000007f5340000,0x00000007f7372930,0x00000007f7380000)
  to   space 85312K, 0% used [0x00000007fa690000,0x00000007fa690000,0x00000007ff9e0000)
 ParOldGen       total 368896K, used 144876K [0x0000000700600000, 0x0000000716e40000, 0x00000007aacb0000)
  object space 368896K, 39% used [0x0000000700600000,0x000000070937b110,0x0000000716e40000)
 PSPermGen       total 36032K, used 18229K [0x00000006fb400000, 0x00000006fd730000, 0x0000000700600000)
  object space 36032K, 50% used [0x00000006fb400000,0x00000006fc5cd760,0x00000006fd730000)
Event: 63.098 GC heap after
Heap after GC invocations=35 (full 5):
 PSYoungGen      total 1304320K, used 53343K [0x00000007aacb0000, 0x0000000800000000, 0x0000000800000000)
  eden space 1219008K, 0% used [0x00000007aacb0000,0x00000007aacb0000,0x00000007f5320000)
  from space 85312K, 62% used [0x00000007fa690000,0x00000007fdaa7fc0,0x00000007ff9e0000)
  to   space 85440K, 0% used [0x00000007f5320000,0x00000007f5320000,0x00000007fa690000)
 ParOldGen       total 368896K, used 144876K [0x0000000700600000, 0x0000000716e40000, 0x00000007aacb0000)
  object space 368896K, 39% used [0x0000000700600000,0x000000070937b110,0x0000000716e40000)
 PSPermGen       total 36032K, used 18229K [0x00000006fb400000, 0x00000006fd730000, 0x0000000700600000)
  object space 36032K, 50% used [0x00000006fb400000,0x00000006fc5cd760,0x00000006fd730000)
}
Event: 65.422 GC heap before
{Heap before GC invocations=36 (full 5):
 PSYoungGen      total 1304320K, used 1271381K [0x00000007aacb0000, 0x0000000800000000, 0x0000000800000000)
  eden space 1219008K, 99% used [0x00000007aacb0000,0x00000007f522d4b8,0x00000007f5320000)
  from space 85312K, 62% used [0x00000007fa690000,0x00000007fdaa7fc0,0x00000007ff9e0000)
  to   space 85440K, 0% used [0x00000007f5320000,0x00000007f5320000,0x00000007fa690000)
 ParOldGen       total 368896K, used 144876K [0x0000000700600000, 0x0000000716e40000, 0x00000007aacb0000)
  object space 368896K, 39% used [0x0000000700600000,0x000000070937b110,0x0000000716e40000)
 PSPermGen       total 36032K, used 18238K [0x00000006fb400000, 0x00000006fd730000, 0x0000000700600000)
  object space 36032K, 50% used [0x00000006fb400000,0x00000006fc5cfbc0,0x00000006fd730000)
Event: 65.429 GC heap after
Heap after GC invocations=36 (full 5):
 PSYoungGen      total 1304448K, used 43728K [0x00000007aacb0000, 0x00000007ff8e0000, 0x0000000800000000)
  eden space 1219008K, 0% used [0x00000007aacb0000,0x00000007aacb0000,0x00000007f5320000)
  from space 85440K, 51% used [0x00000007f5320000,0x00000007f7dd4070,0x00000007fa690000)
  to   space 81728K, 0% used [0x00000007fa910000,0x00000007fa910000,0x00000007ff8e0000)
 ParOldGen       total 368896K, used 144876K [0x0000000700600000, 0x0000000716e40000, 0x00000007aacb0000)
  object space 368896K, 39% used [0x0000000700600000,0x000000070937b110,0x0000000716e40000)
 PSPermGen       total 36032K, used 18238K [0x00000006fb400000, 0x00000006fd730000, 0x0000000700600000)
  object space 36032K, 50% used [0x00000006fb400000,0x00000006fc5cfbc0,0x00000006fd730000)
}

