# JRE version: 7.0_07-b11
# Java VM: Java HotSpot(TM) 64-Bit Server VM (23.3-b01 mixed mode windows-amd64 compressed oops)
Heap
 PSYoungGen      total 1326784K, used 476317K [0x00000007aacb0000, 0x0000000800000000, 0x0000000800000000)
  eden space 1290560K, 34% used [0x00000007aacb0000,0x00000007c5a85160,0x00000007f9900000)
  from space 36224K, 99% used [0x00000007f9900000,0x00000007fbc523e0,0x00000007fbc60000)
  to   space 53184K, 0% used [0x00000007fcc10000,0x00000007fcc10000,0x0000000800000000)
 ParOldGen       total 134976K, used 28608K [0x0000000700600000, 0x00000007089d0000, 0x00000007aacb0000)
  object space 134976K, 21% used [0x0000000700600000,0x00000007021f0160,0x00000007089d0000)
 PSPermGen       total 37120K, used 18449K [0x00000006fb400000, 0x00000006fd840000, 0x0000000700600000)
  object space 37120K, 49% used [0x00000006fb400000,0x00000006fc604740,0x00000006fd840000)
GC Heap History (10 events):
Event: 16.728 GC heap before
{Heap before GC invocations=14 (full 1):
 PSYoungGen      total 1162432K, used 1158356K [0x00000007aacb0000, 0x00000007f6090000, 0x0000000800000000)
  eden space 1139328K, 99% used [0x00000007aacb0000,0x00000007f0377c40,0x00000007f0550000)
  from space 23104K, 90% used [0x00000007f4a00000,0x00000007f5e6d760,0x00000007f6090000)
  to   space 46720K, 0% used [0x00000007f0550000,0x00000007f0550000,0x00000007f32f0000)
 ParOldGen       total 134976K, used 28524K [0x0000000700600000, 0x00000007089d0000, 0x00000007aacb0000)
  object space 134976K, 21% used [0x0000000700600000,0x00000007021db150,0x00000007089d0000)
 PSPermGen       total 37120K, used 18333K [0x00000006fb400000, 0x00000006fd840000, 0x0000000700600000)
  object space 37120K, 49% used [0x00000006fb400000,0x00000006fc5e7470,0x00000006fd840000)
Event: 16.737 GC heap after
Heap after GC invocations=14 (full 1):
 PSYoungGen      total 1186048K, used 35030K [0x00000007aacb0000, 0x0000000800000000, 0x0000000800000000)
  eden space 1139328K, 0% used [0x00000007aacb0000,0x00000007aacb0000,0x00000007f0550000)
  from space 46720K, 74% used [0x00000007f0550000,0x00000007f2785920,0x00000007f32f0000)
  to   space 46848K, 0% used [0x00000007fd240000,0x00000007fd240000,0x0000000800000000)
 ParOldGen       total 134976K, used 28548K [0x0000000700600000, 0x00000007089d0000, 0x00000007aacb0000)
  object space 134976K, 21% used [0x0000000700600000,0x00000007021e1150,0x00000007089d0000)
 PSPermGen       total 37120K, used 18333K [0x00000006fb400000, 0x00000006fd840000, 0x0000000700600000)
  object space 37120K, 49% used [0x00000006fb400000,0x00000006fc5e7470,0x00000006fd840000)
}
Event: 19.408 GC heap before
{Heap before GC invocations=15 (full 1):
 PSYoungGen      total 1186048K, used 1173739K [0x00000007aacb0000, 0x0000000800000000, 0x0000000800000000)
  eden space 1139328K, 99% used [0x00000007aacb0000,0x00000007f04b5420,0x00000007f0550000)
  from space 46720K, 74% used [0x00000007f0550000,0x00000007f2785920,0x00000007f32f0000)
  to   space 46848K, 0% used [0x00000007fd240000,0x00000007fd240000,0x0000000800000000)
 ParOldGen       total 134976K, used 28548K [0x0000000700600000, 0x00000007089d0000, 0x00000007aacb0000)
  object space 134976K, 21% used [0x0000000700600000,0x00000007021e1150,0x00000007089d0000)
 PSPermGen       total 37120K, used 18358K [0x00000006fb400000, 0x00000006fd840000, 0x0000000700600000)
  object space 37120K, 49% used [0x00000006fb400000,0x00000006fc5ed8a0,0x00000006fd840000)
Event: 19.411 GC heap after
Heap after GC invocations=15 (full 1):
 PSYoungGen      total 1343936K, used 5761K [0x00000007aacb0000, 0x0000000800000000, 0x0000000800000000)
  eden space 1297088K, 0% used [0x00000007aacb0000,0x00000007aacb0000,0x00000007f9f60000)
  from space 46848K, 12% used [0x00000007fd240000,0x00000007fd7e0790,0x0000000800000000)
  to   space 49472K, 0% used [0x00000007f9f60000,0x00000007f9f60000,0x00000007fcfb0000)
 ParOldGen       total 134976K, used 28576K [0x0000000700600000, 0x00000007089d0000, 0x00000007aacb0000)
  object space 134976K, 21% used [0x0000000700600000,0x00000007021e8160,0x00000007089d0000)
 PSPermGen       total 37120K, used 18358K [0x00000006fb400000, 0x00000006fd840000, 0x0000000700600000)
  object space 37120K, 49% used [0x00000006fb400000,0x00000006fc5ed8a0,0x00000006fd840000)
}
Event: 22.454 GC heap before
{Heap before GC invocations=16 (full 1):
 PSYoungGen      total 1343936K, used 1299253K [0x00000007aacb0000, 0x0000000800000000, 0x0000000800000000)
  eden space 1297088K, 99% used [0x00000007aacb0000,0x00000007f9bdcf88,0x00000007f9f60000)
  from space 46848K, 12% used [0x00000007fd240000,0x00000007fd7e0790,0x0000000800000000)
  to   space 49472K, 0% used [0x00000007f9f60000,0x00000007f9f60000,0x00000007fcfb0000)
 ParOldGen       total 134976K, used 28576K [0x0000000700600000, 0x00000007089d0000, 0x00000007aacb0000)
  object space 134976K, 21% used [0x0000000700600000,0x00000007021e8160,0x00000007089d0000)
 PSPermGen       total 37120K, used 18389K [0x00000006fb400000, 0x00000006fd840000, 0x0000000700600000)
  object space 37120K, 49% used [0x00000006fb400000,0x00000006fc5f5598,0x00000006fd840000)
Event: 22.459 GC heap after
Heap after GC invocations=16 (full 1):
 PSYoungGen      total 1346560K, used 16077K [0x00000007aacb0000, 0x0000000800000000, 0x0000000800000000)
  eden space 1297088K, 0% used [0x00000007aacb0000,0x00000007aacb0000,0x00000007f9f60000)
  from space 49472K, 32% used [0x00000007f9f60000,0x00000007faf13630,0x00000007fcfb0000)
  to   space 49408K, 0% used [0x00000007fcfc0000,0x00000007fcfc0000,0x0000000800000000)
 ParOldGen       total 134976K, used 28608K [0x0000000700600000, 0x00000007089d0000, 0x00000007aacb0000)
  object space 134976K, 21% used [0x0000000700600000,0x00000007021f0160,0x00000007089d0000)
 PSPermGen       total 37120K, used 18389K [0x00000006fb400000, 0x00000006fd840000, 0x0000000700600000)
  object space 37120K, 49% used [0x00000006fb400000,0x00000006fc5f5598,0x00000006fd840000)
}
Event: 25.415 GC heap before
{Heap before GC invocations=17 (full 1):
 PSYoungGen      total 1346560K, used 1312411K [0x00000007aacb0000, 0x0000000800000000, 0x0000000800000000)
  eden space 1297088K, 99% used [0x00000007aacb0000,0x00000007f9ea36b8,0x00000007f9f60000)
  from space 49472K, 32% used [0x00000007f9f60000,0x00000007faf13630,0x00000007fcfb0000)
  to   space 49408K, 0% used [0x00000007fcfc0000,0x00000007fcfc0000,0x0000000800000000)
 ParOldGen       total 134976K, used 28608K [0x0000000700600000, 0x00000007089d0000, 0x00000007aacb0000)
  object space 134976K, 21% used [0x0000000700600000,0x00000007021f0160,0x00000007089d0000)
 PSPermGen       total 37120K, used 18418K [0x00000006fb400000, 0x00000006fd840000, 0x0000000700600000)
  object space 37120K, 49% used [0x00000006fb400000,0x00000006fc5fc9a0,0x00000006fd840000)
Event: 25.424 GC heap after
Heap after GC invocations=17 (full 1):
 PSYoungGen      total 1339968K, used 42093K [0x00000007aacb0000, 0x0000000800000000, 0x0000000800000000)
  eden space 1290560K, 0% used [0x00000007aacb0000,0x00000007aacb0000,0x00000007f9900000)
  from space 49408K, 85% used [0x00000007fcfc0000,0x00000007ff8db410,0x0000000800000000)
  to   space 52736K, 0% used [0x00000007f9900000,0x00000007f9900000,0x00000007fcc80000)
 ParOldGen       total 134976K, used 28608K [0x0000000700600000, 0x00000007089d0000, 0x00000007aacb0000)
  object space 134976K, 21% used [0x0000000700600000,0x00000007021f0160,0x00000007089d0000)
 PSPermGen       total 37120K, used 18418K [0x00000006fb400000, 0x00000006fd840000, 0x0000000700600000)
  object space 37120K, 49% used [0x00000006fb400000,0x00000006fc5fc9a0,0x00000006fd840000)
}
Event: 28.499 GC heap before
{Heap before GC invocations=18 (full 1):
 PSYoungGen      total 1339968K, used 1330895K [0x00000007aacb0000, 0x0000000800000000, 0x0000000800000000)
  eden space 1290560K, 99% used [0x00000007aacb0000,0x00000007f9748858,0x00000007f9900000)
  from space 49408K, 85% used [0x00000007fcfc0000,0x00000007ff8db410,0x0000000800000000)
  to   space 52736K, 0% used [0x00000007f9900000,0x00000007f9900000,0x00000007fcc80000)
 ParOldGen       total 134976K, used 28608K [0x0000000700600000, 0x00000007089d0000, 0x00000007aacb0000)
  object space 134976K, 21% used [0x0000000700600000,0x00000007021f0160,0x00000007089d0000)
 PSPermGen       total 37120K, used 18436K [0x00000006fb400000, 0x00000006fd840000, 0x0000000700600000)
  object space 37120K, 49% used [0x00000006fb400000,0x00000006fc601388,0x00000006fd840000)
Event: 28.504 GC heap after
Heap after GC invocations=18 (full 1):
 PSYoungGen      total 1326784K, used 36168K [0x00000007aacb0000, 0x0000000800000000, 0x0000000800000000)
  eden space 1290560K, 0% used [0x00000007aacb0000,0x00000007aacb0000,0x00000007f9900000)
  from space 36224K, 99% used [0x00000007f9900000,0x00000007fbc523e0,0x00000007fbc60000)
  to   space 53184K, 0% used [0x00000007fcc10000,0x00000007fcc10000,0x0000000800000000)
 ParOldGen       total 134976K, used 28608K [0x0000000700600000, 0x00000007089d0000, 0x00000007aacb0000)
  object space 134976K, 21% used [0x0000000700600000,0x00000007021f0160,0x00000007089d0000)
 PSPermGen       total 37120K, used 18436K [0x00000006fb400000, 0x00000006fd840000, 0x0000000700600000)
  object space 37120K, 49% used [0x00000006fb400000,0x00000006fc601388,0x00000006fd840000)
}

