# JRE version: 7.0_07-b11
# Java VM: Java HotSpot(TM) 64-Bit Server VM (23.3-b01 mixed mode windows-amd64 compressed oops)
Heap
 PSYoungGen      total 298112K, used 101495K [0x00000007aacb0000, 0x00000007cef50000, 0x0000000800000000)
  eden space 261888K, 31% used [0x00000007aacb0000,0x00000007afdb9a30,0x00000007bac70000)
  from space 36224K, 51% used [0x00000007bac70000,0x00000007bbe84430,0x00000007bcfd0000)
  to   space 34368K, 0% used [0x00000007ccdc0000,0x00000007ccdc0000,0x00000007cef50000)
 ParOldGen       total 174528K, used 64751K [0x0000000700600000, 0x000000070b070000, 0x00000007aacb0000)
  object space 174528K, 37% used [0x0000000700600000,0x000000070453bf08,0x000000070b070000)
 PSPermGen       total 21248K, used 17691K [0x00000006fb400000, 0x00000006fc8c0000, 0x0000000700600000)
  object space 21248K, 83% used [0x00000006fb400000,0x00000006fc546e50,0x00000006fc8c0000)
GC Heap History (10 events):
Event: 4.905 GC heap before
{Heap before GC invocations=3 (full 0):
 PSYoungGen      total 76352K, used 73822K [0x00000007aacb0000, 0x00000007b41d0000, 0x0000000800000000)
  eden space 65472K, 96% used [0x00000007aacb0000,0x00000007aea28e18,0x00000007aeca0000)
  from space 10880K, 99% used [0x00000007af740000,0x00000007b01dead0,0x00000007b01e0000)
  to   space 10880K, 0% used [0x00000007aeca0000,0x00000007aeca0000,0x00000007af740000)
 ParOldGen       total 174528K, used 17083K [0x0000000700600000, 0x000000070b070000, 0x00000007aacb0000)
  object space 174528K, 9% used [0x0000000700600000,0x00000007016aed28,0x000000070b070000)
 PSPermGen       total 21248K, used 17612K [0x00000006fb400000, 0x00000006fc8c0000, 0x0000000700600000)
  object space 21248K, 82% used [0x00000006fb400000,0x00000006fc533078,0x00000006fc8c0000)
Event: 4.912 GC heap after
Heap after GC invocations=3 (full 0):
 PSYoungGen      total 76352K, used 10858K [0x00000007aacb0000, 0x00000007b41d0000, 0x0000000800000000)
  eden space 65472K, 0% used [0x00000007aacb0000,0x00000007aacb0000,0x00000007aeca0000)
  from space 10880K, 99% used [0x00000007aeca0000,0x00000007af73aac0,0x00000007af740000)
  to   space 10880K, 0% used [0x00000007b3730000,0x00000007b3730000,0x00000007b41d0000)
 ParOldGen       total 174528K, used 33559K [0x0000000700600000, 0x000000070b070000, 0x00000007aacb0000)
  object space 174528K, 19% used [0x0000000700600000,0x00000007026c5ea8,0x000000070b070000)
 PSPermGen       total 21248K, used 17612K [0x00000006fb400000, 0x00000006fc8c0000, 0x0000000700600000)
  object space 21248K, 82% used [0x00000006fb400000,0x00000006fc533078,0x00000006fc8c0000)
}
Event: 5.231 GC heap before
{Heap before GC invocations=4 (full 0):
 PSYoungGen      total 76352K, used 73053K [0x00000007aacb0000, 0x00000007b41d0000, 0x0000000800000000)
  eden space 65472K, 94% used [0x00000007aacb0000,0x00000007ae96ca10,0x00000007aeca0000)
  from space 10880K, 99% used [0x00000007aeca0000,0x00000007af73aac0,0x00000007af740000)
  to   space 10880K, 0% used [0x00000007b3730000,0x00000007b3730000,0x00000007b41d0000)
 ParOldGen       total 174528K, used 33559K [0x0000000700600000, 0x000000070b070000, 0x00000007aacb0000)
  object space 174528K, 19% used [0x0000000700600000,0x00000007026c5ea8,0x000000070b070000)
 PSPermGen       total 21248K, used 17614K [0x00000006fb400000, 0x00000006fc8c0000, 0x0000000700600000)
  object space 21248K, 82% used [0x00000006fb400000,0x00000006fc533928,0x00000006fc8c0000)
Event: 5.239 GC heap after
Heap after GC invocations=4 (full 0):
 PSYoungGen      total 141824K, used 10858K [0x00000007aacb0000, 0x00000007b41d0000, 0x0000000800000000)
  eden space 130944K, 0% used [0x00000007aacb0000,0x00000007aacb0000,0x00000007b2c90000)
  from space 10880K, 99% used [0x00000007b3730000,0x00000007b41caac0,0x00000007b41d0000)
  to   space 10880K, 0% used [0x00000007b2c90000,0x00000007b2c90000,0x00000007b3730000)
 ParOldGen       total 174528K, used 50005K [0x0000000700600000, 0x000000070b070000, 0x00000007aacb0000)
  object space 174528K, 28% used [0x0000000700600000,0x00000007036d5428,0x000000070b070000)
 PSPermGen       total 21248K, used 17614K [0x00000006fb400000, 0x00000006fc8c0000, 0x0000000700600000)
  object space 21248K, 82% used [0x00000006fb400000,0x00000006fc533928,0x00000006fc8c0000)
}
Event: 5.935 GC heap before
{Heap before GC invocations=5 (full 0):
 PSYoungGen      total 141824K, used 140332K [0x00000007aacb0000, 0x00000007b41d0000, 0x0000000800000000)
  eden space 130944K, 98% used [0x00000007aacb0000,0x00000007b2b208e0,0x00000007b2c90000)
  from space 10880K, 99% used [0x00000007b3730000,0x00000007b41caac0,0x00000007b41d0000)
  to   space 10880K, 0% used [0x00000007b2c90000,0x00000007b2c90000,0x00000007b3730000)
 ParOldGen       total 174528K, used 50005K [0x0000000700600000, 0x000000070b070000, 0x00000007aacb0000)
  object space 174528K, 28% used [0x0000000700600000,0x00000007036d5428,0x000000070b070000)
 PSPermGen       total 21248K, used 17615K [0x00000006fb400000, 0x00000006fc8c0000, 0x0000000700600000)
  object space 21248K, 82% used [0x00000006fb400000,0x00000006fc533c10,0x00000006fc8c0000)
Event: 5.942 GC heap after
Heap after GC invocations=5 (full 0):
 PSYoungGen      total 141824K, used 8779K [0x00000007aacb0000, 0x00000007bf810000, 0x0000000800000000)
  eden space 130944K, 0% used [0x00000007aacb0000,0x00000007aacb0000,0x00000007b2c90000)
  from space 10880K, 80% used [0x00000007b2c90000,0x00000007b3522c20,0x00000007b3730000)
  to   space 38720K, 0% used [0x00000007bd240000,0x00000007bd240000,0x00000007bf810000)
 ParOldGen       total 174528K, used 62155K [0x0000000700600000, 0x000000070b070000, 0x00000007aacb0000)
  object space 174528K, 35% used [0x0000000700600000,0x00000007042b2c48,0x000000070b070000)
 PSPermGen       total 21248K, used 17615K [0x00000006fb400000, 0x00000006fc8c0000, 0x0000000700600000)
  object space 21248K, 82% used [0x00000006fb400000,0x00000006fc533c10,0x00000006fc8c0000)
}
Event: 6.703 GC heap before
{Heap before GC invocations=6 (full 0):
 PSYoungGen      total 141824K, used 137851K [0x00000007aacb0000, 0x00000007bf810000, 0x0000000800000000)
  eden space 130944K, 98% used [0x00000007aacb0000,0x00000007b2abc298,0x00000007b2c90000)
  from space 10880K, 80% used [0x00000007b2c90000,0x00000007b3522c20,0x00000007b3730000)
  to   space 38720K, 0% used [0x00000007bd240000,0x00000007bd240000,0x00000007bf810000)
 ParOldGen       total 174528K, used 62155K [0x0000000700600000, 0x000000070b070000, 0x00000007aacb0000)
  object space 174528K, 35% used [0x0000000700600000,0x00000007042b2c48,0x000000070b070000)
 PSPermGen       total 21248K, used 17664K [0x00000006fb400000, 0x00000006fc8c0000, 0x0000000700600000)
  object space 21248K, 83% used [0x00000006fb400000,0x00000006fc540120,0x00000006fc8c0000)
Event: 6.710 GC heap after
Heap after GC invocations=6 (full 0):
 PSYoungGen      total 295616K, used 20945K [0x00000007aacb0000, 0x00000007bf330000, 0x0000000800000000)
  eden space 261888K, 0% used [0x00000007aacb0000,0x00000007aacb0000,0x00000007bac70000)
  from space 33728K, 62% used [0x00000007bd240000,0x00000007be6b4430,0x00000007bf330000)
  to   space 36224K, 0% used [0x00000007bac70000,0x00000007bac70000,0x00000007bcfd0000)
 ParOldGen       total 174528K, used 62155K [0x0000000700600000, 0x000000070b070000, 0x00000007aacb0000)
  object space 174528K, 35% used [0x0000000700600000,0x00000007042b2c48,0x000000070b070000)
 PSPermGen       total 21248K, used 17664K [0x00000006fb400000, 0x00000006fc8c0000, 0x0000000700600000)
  object space 21248K, 83% used [0x00000006fb400000,0x00000006fc540120,0x00000006fc8c0000)
}
Event: 7.847 GC heap before
{Heap before GC invocations=7 (full 0):
 PSYoungGen      total 295616K, used 277411K [0x00000007aacb0000, 0x00000007bf330000, 0x0000000800000000)
  eden space 261888K, 97% used [0x00000007aacb0000,0x00000007ba7247e8,0x00000007bac70000)
  from space 33728K, 62% used [0x00000007bd240000,0x00000007be6b4430,0x00000007bf330000)
  to   space 36224K, 0% used [0x00000007bac70000,0x00000007bac70000,0x00000007bcfd0000)
 ParOldGen       total 174528K, used 62155K [0x0000000700600000, 0x000000070b070000, 0x00000007aacb0000)
  object space 174528K, 35% used [0x0000000700600000,0x00000007042b2c48,0x000000070b070000)
 PSPermGen       total 21248K, used 17667K [0x00000006fb400000, 0x00000006fc8c0000, 0x0000000700600000)
  object space 21248K, 83% used [0x00000006fb400000,0x00000006fc540ec8,0x00000006fc8c0000)
Event: 7.853 GC heap after
Heap after GC invocations=7 (full 0):
 PSYoungGen      total 298112K, used 18513K [0x00000007aacb0000, 0x00000007cef50000, 0x0000000800000000)
  eden space 261888K, 0% used [0x00000007aacb0000,0x00000007aacb0000,0x00000007bac70000)
  from space 36224K, 51% used [0x00000007bac70000,0x00000007bbe84430,0x00000007bcfd0000)
  to   space 34368K, 0% used [0x00000007ccdc0000,0x00000007ccdc0000,0x00000007cef50000)
 ParOldGen       total 174528K, used 64751K [0x0000000700600000, 0x000000070b070000, 0x00000007aacb0000)
  object space 174528K, 37% used [0x0000000700600000,0x000000070453bf08,0x000000070b070000)
 PSPermGen       total 21248K, used 17667K [0x00000006fb400000, 0x00000006fc8c0000, 0x0000000700600000)
  object space 21248K, 83% used [0x00000006fb400000,0x00000006fc540ec8,0x00000006fc8c0000)
}

