# JRE version: 7.0_07-b11
# Java VM: Java HotSpot(TM) 64-Bit Server VM (23.3-b01 mixed mode windows-amd64 compressed oops)
Heap
 PSYoungGen      total 1115136K, used 254326K [0x00000007aacb0000, 0x00000007ffef0000, 0x0000000800000000)
  eden space 1046976K, 23% used [0x00000007aacb0000,0x00000007b9acaa88,0x00000007eab20000)
  from space 68160K, 15% used [0x00000007eab20000,0x00000007eb562e70,0x00000007eedb0000)
  to   space 67584K, 0% used [0x00000007fbcf0000,0x00000007fbcf0000,0x00000007ffef0000)
 ParOldGen       total 159424K, used 77143K [0x0000000700600000, 0x000000070a1b0000, 0x00000007aacb0000)
  object space 159424K, 48% used [0x0000000700600000,0x0000000705155d50,0x000000070a1b0000)
 PSPermGen       total 36672K, used 18141K [0x00000006fb400000, 0x00000006fd7d0000, 0x0000000700600000)
  object space 36672K, 49% used [0x00000006fb400000,0x00000006fc5b76a8,0x00000006fd7d0000)
GC Heap History (10 events):
Event: 9.826 GC heap before
{Heap before GC invocations=10 (full 1):
 PSYoungGen      total 573312K, used 571254K [0x00000007aacb0000, 0x00000007e4ca0000, 0x0000000800000000)
  eden space 523776K, 100% used [0x00000007aacb0000,0x00000007cac30000,0x00000007cac30000)
  from space 49536K, 95% used [0x00000007cac30000,0x00000007cda8db70,0x00000007cdc90000)
  to   space 56064K, 0% used [0x00000007e15e0000,0x00000007e15e0000,0x00000007e4ca0000)
 ParOldGen       total 217920K, used 217815K [0x0000000700600000, 0x000000070dad0000, 0x00000007aacb0000)
  object space 217920K, 99% used [0x0000000700600000,0x000000070dab5e20,0x000000070dad0000)
 PSPermGen       total 21248K, used 18078K [0x00000006fb400000, 0x00000006fc8c0000, 0x0000000700600000)
  object space 21248K, 85% used [0x00000006fb400000,0x00000006fc5a7980,0x00000006fc8c0000)
Event: 9.889 GC heap after
Heap after GC invocations=10 (full 1):
 PSYoungGen      total 573312K, used 0K [0x00000007aacb0000, 0x00000007e4ca0000, 0x0000000800000000)
  eden space 523776K, 0% used [0x00000007aacb0000,0x00000007aacb0000,0x00000007cac30000)
  from space 49536K, 0% used [0x00000007cac30000,0x00000007cac30000,0x00000007cdc90000)
  to   space 56064K, 0% used [0x00000007e15e0000,0x00000007e15e0000,0x00000007e4ca0000)
 ParOldGen       total 159424K, used 43127K [0x0000000700600000, 0x000000070a1b0000, 0x00000007aacb0000)
  object space 159424K, 27% used [0x0000000700600000,0x000000070301dd60,0x000000070a1b0000)
 PSPermGen       total 36672K, used 18071K [0x00000006fb400000, 0x00000006fd7d0000, 0x0000000700600000)
  object space 36672K, 49% used [0x00000006fb400000,0x00000006fc5a5e28,0x00000006fd7d0000)
}
Event: 10.865 GC heap before
{Heap before GC invocations=11 (full 1):
 PSYoungGen      total 573312K, used 521331K [0x00000007aacb0000, 0x00000007e4ca0000, 0x0000000800000000)
  eden space 523776K, 99% used [0x00000007aacb0000,0x00000007ca9ccd18,0x00000007cac30000)
  from space 49536K, 0% used [0x00000007cac30000,0x00000007cac30000,0x00000007cdc90000)
  to   space 56064K, 0% used [0x00000007e15e0000,0x00000007e15e0000,0x00000007e4ca0000)
 ParOldGen       total 159424K, used 43127K [0x0000000700600000, 0x000000070a1b0000, 0x00000007aacb0000)
  object space 159424K, 27% used [0x0000000700600000,0x000000070301dd60,0x000000070a1b0000)
 PSPermGen       total 36672K, used 18079K [0x00000006fb400000, 0x00000006fd7d0000, 0x0000000700600000)
  object space 36672K, 49% used [0x00000006fb400000,0x00000006fc5a7e98,0x00000006fd7d0000)
Event: 10.879 GC heap after
Heap after GC invocations=11 (full 1):
 PSYoungGen      total 799616K, used 54050K [0x00000007aacb0000, 0x00000007e4ab0000, 0x0000000800000000)
  eden space 745536K, 0% used [0x00000007aacb0000,0x00000007aacb0000,0x00000007d84c0000)
  from space 54080K, 99% used [0x00000007e15e0000,0x00000007e4aa88d0,0x00000007e4ab0000)
  to   space 63168K, 0% used [0x00000007dcf50000,0x00000007dcf50000,0x00000007e0d00000)
 ParOldGen       total 159424K, used 51488K [0x0000000700600000, 0x000000070a1b0000, 0x00000007aacb0000)
  object space 159424K, 32% used [0x0000000700600000,0x00000007038483c0,0x000000070a1b0000)
 PSPermGen       total 36672K, used 18079K [0x00000006fb400000, 0x00000006fd7d0000, 0x0000000700600000)
  object space 36672K, 49% used [0x00000006fb400000,0x00000006fc5a7e98,0x00000006fd7d0000)
}
Event: 13.067 GC heap before
{Heap before GC invocations=12 (full 1):
 PSYoungGen      total 799616K, used 798044K [0x00000007aacb0000, 0x00000007e4ab0000, 0x0000000800000000)
  eden space 745536K, 99% used [0x00000007aacb0000,0x00000007d833e870,0x00000007d84c0000)
  from space 54080K, 99% used [0x00000007e15e0000,0x00000007e4aa88d0,0x00000007e4ab0000)
  to   space 63168K, 0% used [0x00000007dcf50000,0x00000007dcf50000,0x00000007e0d00000)
 ParOldGen       total 159424K, used 51488K [0x0000000700600000, 0x000000070a1b0000, 0x00000007aacb0000)
  object space 159424K, 32% used [0x0000000700600000,0x00000007038483c0,0x000000070a1b0000)
 PSPermGen       total 36672K, used 18102K [0x00000006fb400000, 0x00000006fd7d0000, 0x0000000700600000)
  object space 36672K, 49% used [0x00000006fb400000,0x00000006fc5ad880,0x00000006fd7d0000)
Event: 13.082 GC heap after
Heap after GC invocations=12 (full 1):
 PSYoungGen      total 885056K, used 52165K [0x00000007aacb0000, 0x00000007f3030000, 0x0000000800000000)
  eden space 821888K, 0% used [0x00000007aacb0000,0x00000007aacb0000,0x00000007dcf50000)
  from space 63168K, 82% used [0x00000007dcf50000,0x00000007e02414a0,0x00000007e0d00000)
  to   space 68096K, 0% used [0x00000007eedb0000,0x00000007eedb0000,0x00000007f3030000)
 ParOldGen       total 159424K, used 51544K [0x0000000700600000, 0x000000070a1b0000, 0x00000007aacb0000)
  object space 159424K, 32% used [0x0000000700600000,0x00000007038563d0,0x000000070a1b0000)
 PSPermGen       total 36672K, used 18102K [0x00000006fb400000, 0x00000006fd7d0000, 0x0000000700600000)
  object space 36672K, 49% used [0x00000006fb400000,0x00000006fc5ad880,0x00000006fd7d0000)
}
Event: 16.015 GC heap before
{Heap before GC invocations=13 (full 1):
 PSYoungGen      total 885056K, used 872435K [0x00000007aacb0000, 0x00000007f3030000, 0x0000000800000000)
  eden space 821888K, 99% used [0x00000007aacb0000,0x00000007dcdbb9b0,0x00000007dcf50000)
  from space 63168K, 82% used [0x00000007dcf50000,0x00000007e02414a0,0x00000007e0d00000)
  to   space 68096K, 0% used [0x00000007eedb0000,0x00000007eedb0000,0x00000007f3030000)
 ParOldGen       total 159424K, used 51544K [0x0000000700600000, 0x000000070a1b0000, 0x00000007aacb0000)
  object space 159424K, 32% used [0x0000000700600000,0x00000007038563d0,0x000000070a1b0000)
 PSPermGen       total 36672K, used 18103K [0x00000006fb400000, 0x00000006fd7d0000, 0x0000000700600000)
  object space 36672K, 49% used [0x00000006fb400000,0x00000006fc5ade80,0x00000006fd7d0000)
Event: 16.021 GC heap after
Heap after GC invocations=13 (full 1):
 PSYoungGen      total 1115072K, used 10475K [0x00000007aacb0000, 0x00000007f7f10000, 0x0000000800000000)
  eden space 1046976K, 0% used [0x00000007aacb0000,0x00000007aacb0000,0x00000007eab20000)
  from space 68096K, 15% used [0x00000007eedb0000,0x00000007ef7eae70,0x00000007f3030000)
  to   space 68160K, 0% used [0x00000007eab20000,0x00000007eab20000,0x00000007eedb0000)
 ParOldGen       total 159424K, used 77103K [0x0000000700600000, 0x000000070a1b0000, 0x00000007aacb0000)
  object space 159424K, 48% used [0x0000000700600000,0x000000070514bd50,0x000000070a1b0000)
 PSPermGen       total 36672K, used 18103K [0x00000006fb400000, 0x00000006fd7d0000, 0x0000000700600000)
  object space 36672K, 49% used [0x00000006fb400000,0x00000006fc5ade80,0x00000006fd7d0000)
}
Event: 19.687 GC heap before
{Heap before GC invocations=14 (full 1):
 PSYoungGen      total 1115072K, used 1054974K [0x00000007aacb0000, 0x00000007f7f10000, 0x0000000800000000)
  eden space 1046976K, 99% used [0x00000007aacb0000,0x00000007ea8b4c18,0x00000007eab20000)
  from space 68096K, 15% used [0x00000007eedb0000,0x00000007ef7eae70,0x00000007f3030000)
  to   space 68160K, 0% used [0x00000007eab20000,0x00000007eab20000,0x00000007eedb0000)
 ParOldGen       total 159424K, used 77103K [0x0000000700600000, 0x000000070a1b0000, 0x00000007aacb0000)
  object space 159424K, 48% used [0x0000000700600000,0x000000070514bd50,0x000000070a1b0000)
 PSPermGen       total 36672K, used 18107K [0x00000006fb400000, 0x00000006fd7d0000, 0x0000000700600000)
  object space 36672K, 49% used [0x00000006fb400000,0x00000006fc5aec50,0x00000006fd7d0000)
Event: 19.690 GC heap after
Heap after GC invocations=14 (full 1):
 PSYoungGen      total 1115136K, used 10507K [0x00000007aacb0000, 0x00000007ffef0000, 0x0000000800000000)
  eden space 1046976K, 0% used [0x00000007aacb0000,0x00000007aacb0000,0x00000007eab20000)
  from space 68160K, 15% used [0x00000007eab20000,0x00000007eb562e70,0x00000007eedb0000)
  to   space 67584K, 0% used [0x00000007fbcf0000,0x00000007fbcf0000,0x00000007ffef0000)
 ParOldGen       total 159424K, used 77143K [0x0000000700600000, 0x000000070a1b0000, 0x00000007aacb0000)
  object space 159424K, 48% used [0x0000000700600000,0x0000000705155d50,0x000000070a1b0000)
 PSPermGen       total 36672K, used 18107K [0x00000006fb400000, 0x00000006fd7d0000, 0x0000000700600000)
  object space 36672K, 49% used [0x00000006fb400000,0x00000006fc5aec50,0x00000006fd7d0000)
}

