# JRE version: 7.0_07-b11
# Java VM: Java HotSpot(TM) 64-Bit Server VM (23.3-b01 mixed mode windows-amd64 compressed oops)
Heap
 PSYoungGen      total 1314688K, used 836846K [0x00000007aacb0000, 0x00000007ffe10000, 0x0000000800000000)
  eden space 1233344K, 65% used [0x00000007aacb0000,0x00000007dc51f698,0x00000007f6120000)
  from space 81344K, 31% used [0x00000007f6120000,0x00000007f79ec350,0x00000007fb090000)
  to   space 78848K, 0% used [0x00000007fb110000,0x00000007fb110000,0x00000007ffe10000)
 ParOldGen       total 233536K, used 146244K [0x0000000700600000, 0x000000070ea10000, 0x00000007aacb0000)
  object space 233536K, 62% used [0x0000000700600000,0x00000007094d1308,0x000000070ea10000)
 PSPermGen       total 39360K, used 18072K [0x00000006fb400000, 0x00000006fda70000, 0x0000000700600000)
  object space 39360K, 45% used [0x00000006fb400000,0x00000006fc5a6218,0x00000006fda70000)
GC Heap History (10 events):
Event: 17.416 GC heap before
{Heap before GC invocations=16 (full 2):
 PSYoungGen      total 885760K, used 870688K [0x00000007aacb0000, 0x00000007f5cb0000, 0x0000000800000000)
  eden space 816448K, 100% used [0x00000007aacb0000,0x00000007dca00000,0x00000007dca00000)
  from space 69312K, 78% used [0x00000007dca00000,0x00000007dfef8140,0x00000007e0db0000)
  to   space 73920K, 0% used [0x00000007f1480000,0x00000007f1480000,0x00000007f5cb0000)
 ParOldGen       total 193088K, used 149511K [0x0000000700600000, 0x000000070c290000, 0x00000007aacb0000)
  object space 193088K, 77% used [0x0000000700600000,0x0000000709801e60,0x000000070c290000)
 PSPermGen       total 40512K, used 18031K [0x00000006fb400000, 0x00000006fdb90000, 0x0000000700600000)
  object space 40512K, 44% used [0x00000006fb400000,0x00000006fc59bc60,0x00000006fdb90000)
Event: 17.421 GC heap after
Heap after GC invocations=16 (full 2):
 PSYoungGen      total 1105600K, used 16971K [0x00000007aacb0000, 0x00000007f4380000, 0x0000000800000000)
  eden space 1057472K, 0% used [0x00000007aacb0000,0x00000007aacb0000,0x00000007eb560000)
  from space 48128K, 35% used [0x00000007f1480000,0x00000007f2512ce0,0x00000007f4380000)
  to   space 72768K, 0% used [0x00000007eb560000,0x00000007eb560000,0x00000007efc70000)
 ParOldGen       total 193088K, used 149551K [0x0000000700600000, 0x000000070c290000, 0x00000007aacb0000)
  object space 193088K, 77% used [0x0000000700600000,0x000000070980be60,0x000000070c290000)
 PSPermGen       total 40512K, used 18031K [0x00000006fb400000, 0x00000006fdb90000, 0x0000000700600000)
  object space 40512K, 44% used [0x00000006fb400000,0x00000006fc59bc60,0x00000006fdb90000)
}
Event: 19.440 GC heap before
{Heap before GC invocations=17 (full 2):
 PSYoungGen      total 1105600K, used 1074136K [0x00000007aacb0000, 0x00000007f4380000, 0x0000000800000000)
  eden space 1057472K, 99% used [0x00000007aacb0000,0x00000007eb513548,0x00000007eb560000)
  from space 48128K, 35% used [0x00000007f1480000,0x00000007f2512ce0,0x00000007f4380000)
  to   space 72768K, 0% used [0x00000007eb560000,0x00000007eb560000,0x00000007efc70000)
 ParOldGen       total 193088K, used 151576K [0x0000000700600000, 0x000000070c290000, 0x00000007aacb0000)
  object space 193088K, 78% used [0x0000000700600000,0x0000000709a06270,0x000000070c290000)
 PSPermGen       total 40512K, used 18038K [0x00000006fb400000, 0x00000006fdb90000, 0x0000000700600000)
  object space 40512K, 44% used [0x00000006fb400000,0x00000006fc59d830,0x00000006fdb90000)
Event: 19.455 GC heap after
Heap after GC invocations=17 (full 2):
 PSYoungGen      total 1130240K, used 58032K [0x00000007aacb0000, 0x0000000800000000, 0x0000000800000000)
  eden space 1057472K, 0% used [0x00000007aacb0000,0x00000007aacb0000,0x00000007eb560000)
  from space 72768K, 79% used [0x00000007eb560000,0x00000007eee0c2f0,0x00000007efc70000)
  to   space 78336K, 0% used [0x00000007fb380000,0x00000007fb380000,0x0000000800000000)
 ParOldGen       total 193088K, used 151600K [0x0000000700600000, 0x000000070c290000, 0x00000007aacb0000)
  object space 193088K, 78% used [0x0000000700600000,0x0000000709a0c270,0x000000070c290000)
 PSPermGen       total 40512K, used 18038K [0x00000006fb400000, 0x00000006fdb90000, 0x0000000700600000)
  object space 40512K, 44% used [0x00000006fb400000,0x00000006fc59d830,0x00000006fdb90000)
}
Event: 21.512 GC heap before
{Heap before GC invocations=18 (full 3):
 PSYoungGen      total 1130240K, used 1115504K [0x00000007aacb0000, 0x0000000800000000, 0x0000000800000000)
  eden space 1057472K, 100% used [0x00000007aacb0000,0x00000007eb560000,0x00000007eb560000)
  from space 72768K, 79% used [0x00000007eb560000,0x00000007eee0c2f0,0x00000007efc70000)
  to   space 78336K, 0% used [0x00000007fb380000,0x00000007fb380000,0x0000000800000000)
 ParOldGen       total 210816K, used 209664K [0x0000000700600000, 0x000000070d3e0000, 0x00000007aacb0000)
  object space 210816K, 99% used [0x0000000700600000,0x000000070d2c0380,0x000000070d3e0000)
 PSPermGen       total 40512K, used 18053K [0x00000006fb400000, 0x00000006fdb90000, 0x0000000700600000)
  object space 40512K, 44% used [0x00000006fb400000,0x00000006fc5a1480,0x00000006fdb90000)
Event: 21.561 GC heap after
Heap after GC invocations=18 (full 3):
 PSYoungGen      total 1130240K, used 0K [0x00000007aacb0000, 0x0000000800000000, 0x0000000800000000)
  eden space 1057472K, 0% used [0x00000007aacb0000,0x00000007aacb0000,0x00000007eb560000)
  from space 72768K, 0% used [0x00000007eb560000,0x00000007eb560000,0x00000007efc70000)
  to   space 78336K, 0% used [0x00000007fb380000,0x00000007fb380000,0x0000000800000000)
 ParOldGen       total 233536K, used 49809K [0x0000000700600000, 0x000000070ea10000, 0x00000007aacb0000)
  object space 233536K, 21% used [0x0000000700600000,0x00000007036a4758,0x000000070ea10000)
 PSPermGen       total 39360K, used 18053K [0x00000006fb400000, 0x00000006fda70000, 0x0000000700600000)
  object space 39360K, 45% used [0x00000006fb400000,0x00000006fc5a1440,0x00000006fda70000)
}
Event: 23.507 GC heap before
{Heap before GC invocations=19 (full 3):
 PSYoungGen      total 1130240K, used 1055719K [0x00000007aacb0000, 0x0000000800000000, 0x0000000800000000)
  eden space 1057472K, 99% used [0x00000007aacb0000,0x00000007eb3a9cb0,0x00000007eb560000)
  from space 72768K, 0% used [0x00000007eb560000,0x00000007eb560000,0x00000007efc70000)
  to   space 78336K, 0% used [0x00000007fb380000,0x00000007fb380000,0x0000000800000000)
 ParOldGen       total 233536K, used 53227K [0x0000000700600000, 0x000000070ea10000, 0x00000007aacb0000)
  object space 233536K, 22% used [0x0000000700600000,0x00000007039fac28,0x000000070ea10000)
 PSPermGen       total 39360K, used 18057K [0x00000006fb400000, 0x00000006fda70000, 0x0000000700600000)
  object space 39360K, 45% used [0x00000006fb400000,0x00000006fc5a2788,0x00000006fda70000)
Event: 23.523 GC heap after
Heap after GC invocations=19 (full 3):
 PSYoungGen      total 1311680K, used 54781K [0x00000007aacb0000, 0x0000000800000000, 0x0000000800000000)
  eden space 1233344K, 0% used [0x00000007aacb0000,0x00000007aacb0000,0x00000007f6120000)
  from space 78336K, 69% used [0x00000007fb380000,0x00000007fe8ff620,0x0000000800000000)
  to   space 81344K, 0% used [0x00000007f6120000,0x00000007f6120000,0x00000007fb090000)
 ParOldGen       total 233536K, used 53227K [0x0000000700600000, 0x000000070ea10000, 0x00000007aacb0000)
  object space 233536K, 22% used [0x0000000700600000,0x00000007039fac28,0x000000070ea10000)
 PSPermGen       total 39360K, used 18057K [0x00000006fb400000, 0x00000006fda70000, 0x0000000700600000)
  object space 39360K, 45% used [0x00000006fb400000,0x00000006fc5a2788,0x00000006fda70000)
}
Event: 26.040 GC heap before
{Heap before GC invocations=20 (full 3):
 PSYoungGen      total 1311680K, used 1288125K [0x00000007aacb0000, 0x0000000800000000, 0x0000000800000000)
  eden space 1233344K, 100% used [0x00000007aacb0000,0x00000007f6120000,0x00000007f6120000)
  from space 78336K, 69% used [0x00000007fb380000,0x00000007fe8ff620,0x0000000800000000)
  to   space 81344K, 0% used [0x00000007f6120000,0x00000007f6120000,0x00000007fb090000)
 ParOldGen       total 233536K, used 146196K [0x0000000700600000, 0x000000070ea10000, 0x00000007aacb0000)
  object space 233536K, 62% used [0x0000000700600000,0x00000007094c5308,0x000000070ea10000)
 PSPermGen       total 39360K, used 18061K [0x00000006fb400000, 0x00000006fda70000, 0x0000000700600000)
  object space 39360K, 45% used [0x00000006fb400000,0x00000006fc5a37e0,0x00000006fda70000)
Event: 26.049 GC heap after
Heap after GC invocations=20 (full 3):
 PSYoungGen      total 1314688K, used 25392K [0x00000007aacb0000, 0x00000007ffe10000, 0x0000000800000000)
  eden space 1233344K, 0% used [0x00000007aacb0000,0x00000007aacb0000,0x00000007f6120000)
  from space 81344K, 31% used [0x00000007f6120000,0x00000007f79ec350,0x00000007fb090000)
  to   space 78848K, 0% used [0x00000007fb110000,0x00000007fb110000,0x00000007ffe10000)
 ParOldGen       total 233536K, used 146244K [0x0000000700600000, 0x000000070ea10000, 0x00000007aacb0000)
  object space 233536K, 62% used [0x0000000700600000,0x00000007094d1308,0x000000070ea10000)
 PSPermGen       total 39360K, used 18061K [0x00000006fb400000, 0x00000006fda70000, 0x0000000700600000)
  object space 39360K, 45% used [0x00000006fb400000,0x00000006fc5a37e0,0x00000006fda70000)
}

