# JRE version: 7.0_07-b11
# Java VM: Java HotSpot(TM) 64-Bit Server VM (23.3-b01 mixed mode windows-amd64 compressed oops)
Heap
 PSYoungGen      total 42048K, used 39620K [0x00000007aacb0000, 0x00000007ae540000, 0x0000000800000000)
  eden space 30912K, 94% used [0x00000007aacb0000,0x00000007ac926580,0x00000007acae0000)
  from space 11136K, 94% used [0x00000007acae0000,0x00000007ad51ae70,0x00000007ad5c0000)
  to   space 11136K, 0% used [0x00000007ada60000,0x00000007ada60000,0x00000007ae540000)
 ParOldGen       total 138368K, used 88603K [0x0000000700600000, 0x0000000708d20000, 0x00000007aacb0000)
  object space 138368K, 64% used [0x0000000700600000,0x0000000705c86d08,0x0000000708d20000)
 PSPermGen       total 34176K, used 17965K [0x00000006fb400000, 0x00000006fd560000, 0x0000000700600000)
  object space 34176K, 52% used [0x00000006fb400000,0x00000006fc58b768,0x00000006fd560000)
GC Heap History (10 events):
Event: 90.114 GC heap before
{Heap before GC invocations=153 (full 6):
 PSYoungGen      total 43264K, used 38997K [0x00000007aacb0000, 0x00000007ae1e0000, 0x0000000800000000)
  eden space 32320K, 88% used [0x00000007aacb0000,0x00000007ac8828b0,0x00000007acc40000)
  from space 10944K, 96% used [0x00000007ad6f0000,0x00000007ae132e70,0x00000007ae1a0000)
  to   space 10944K, 0% used [0x00000007acc40000,0x00000007acc40000,0x00000007ad6f0000)
 ParOldGen       total 138368K, used 37747K [0x0000000700600000, 0x0000000708d20000, 0x00000007aacb0000)
  object space 138368K, 27% used [0x0000000700600000,0x0000000702adce48,0x0000000708d20000)
 PSPermGen       total 34176K, used 17930K [0x00000006fb400000, 0x00000006fd560000, 0x0000000700600000)
  object space 34176K, 52% used [0x00000006fb400000,0x00000006fc582b28,0x00000006fd560000)
Event: 90.115 GC heap after
Heap after GC invocations=153 (full 6):
 PSYoungGen      total 42432K, used 10443K [0x00000007aacb0000, 0x00000007ae120000, 0x0000000800000000)
  eden space 31936K, 0% used [0x00000007aacb0000,0x00000007aacb0000,0x00000007acbe0000)
  from space 10496K, 99% used [0x00000007acc40000,0x00000007ad672e70,0x00000007ad680000)
  to   space 10880K, 0% used [0x00000007ad680000,0x00000007ad680000,0x00000007ae120000)
 ParOldGen       total 138368K, used 37779K [0x0000000700600000, 0x0000000708d20000, 0x00000007aacb0000)
  object space 138368K, 27% used [0x0000000700600000,0x0000000702ae4e48,0x0000000708d20000)
 PSPermGen       total 34176K, used 17930K [0x00000006fb400000, 0x00000006fd560000, 0x0000000700600000)
  object space 34176K, 52% used [0x00000006fb400000,0x00000006fc582b28,0x00000006fd560000)
}
Event: 90.508 GC heap before
{Heap before GC invocations=154 (full 6):
 PSYoungGen      total 42432K, used 38935K [0x00000007aacb0000, 0x00000007ae120000, 0x0000000800000000)
  eden space 31936K, 89% used [0x00000007aacb0000,0x00000007ac883000,0x00000007acbe0000)
  from space 10496K, 99% used [0x00000007acc40000,0x00000007ad672e70,0x00000007ad680000)
  to   space 10880K, 0% used [0x00000007ad680000,0x00000007ad680000,0x00000007ae120000)
 ParOldGen       total 138368K, used 37779K [0x0000000700600000, 0x0000000708d20000, 0x00000007aacb0000)
  object space 138368K, 27% used [0x0000000700600000,0x0000000702ae4e48,0x0000000708d20000)
 PSPermGen       total 34176K, used 17930K [0x00000006fb400000, 0x00000006fd560000, 0x0000000700600000)
  object space 34176K, 52% used [0x00000006fb400000,0x00000006fc582b28,0x00000006fd560000)
Event: 90.510 GC heap after
Heap after GC invocations=154 (full 6):
 PSYoungGen      total 42048K, used 10443K [0x00000007aacb0000, 0x00000007ae0c0000, 0x0000000800000000)
  eden space 31552K, 0% used [0x00000007aacb0000,0x00000007aacb0000,0x00000007acb80000)
  from space 10496K, 99% used [0x00000007ad680000,0x00000007ae0b2e70,0x00000007ae0c0000)
  to   space 10880K, 0% used [0x00000007acb80000,0x00000007acb80000,0x00000007ad620000)
 ParOldGen       total 138368K, used 37795K [0x0000000700600000, 0x0000000708d20000, 0x00000007aacb0000)
  object space 138368K, 27% used [0x0000000700600000,0x0000000702ae8e48,0x0000000708d20000)
 PSPermGen       total 34176K, used 17930K [0x00000006fb400000, 0x00000006fd560000, 0x0000000700600000)
  object space 34176K, 52% used [0x00000006fb400000,0x00000006fc582b28,0x00000006fd560000)
}
Event: 90.899 GC heap before
{Heap before GC invocations=155 (full 6):
 PSYoungGen      total 42048K, used 38937K [0x00000007aacb0000, 0x00000007ae0c0000, 0x0000000800000000)
  eden space 31552K, 90% used [0x00000007aacb0000,0x00000007ac883820,0x00000007acb80000)
  from space 10496K, 99% used [0x00000007ad680000,0x00000007ae0b2e70,0x00000007ae0c0000)
  to   space 10880K, 0% used [0x00000007acb80000,0x00000007acb80000,0x00000007ad620000)
 ParOldGen       total 138368K, used 37795K [0x0000000700600000, 0x0000000708d20000, 0x00000007aacb0000)
  object space 138368K, 27% used [0x0000000700600000,0x0000000702ae8e48,0x0000000708d20000)
 PSPermGen       total 34176K, used 17930K [0x00000006fb400000, 0x00000006fd560000, 0x0000000700600000)
  object space 34176K, 52% used [0x00000006fb400000,0x00000006fc582b28,0x00000006fd560000)
Event: 90.901 GC heap after
Heap after GC invocations=155 (full 6):
 PSYoungGen      total 41664K, used 10475K [0x00000007aacb0000, 0x00000007ae040000, 0x0000000800000000)
  eden space 31168K, 0% used [0x00000007aacb0000,0x00000007aacb0000,0x00000007acb20000)
  from space 10496K, 99% used [0x00000007acb80000,0x00000007ad5bae70,0x00000007ad5c0000)
  to   space 10752K, 0% used [0x00000007ad5c0000,0x00000007ad5c0000,0x00000007ae040000)
 ParOldGen       total 138368K, used 37803K [0x0000000700600000, 0x0000000708d20000, 0x00000007aacb0000)
  object space 138368K, 27% used [0x0000000700600000,0x0000000702aeae48,0x0000000708d20000)
 PSPermGen       total 34176K, used 17930K [0x00000006fb400000, 0x00000006fd560000, 0x0000000700600000)
  object space 34176K, 52% used [0x00000006fb400000,0x00000006fc582b28,0x00000006fd560000)
}
Event: 91.168 GC heap before
{Heap before GC invocations=156 (full 6):
 PSYoungGen      total 41664K, used 37762K [0x00000007aacb0000, 0x00000007ae040000, 0x0000000800000000)
  eden space 31168K, 87% used [0x00000007aacb0000,0x00000007ac755d50,0x00000007acb20000)
  from space 10496K, 99% used [0x00000007acb80000,0x00000007ad5bae70,0x00000007ad5c0000)
  to   space 10752K, 0% used [0x00000007ad5c0000,0x00000007ad5c0000,0x00000007ae040000)
 ParOldGen       total 138368K, used 37803K [0x0000000700600000, 0x0000000708d20000, 0x00000007aacb0000)
  object space 138368K, 27% used [0x0000000700600000,0x0000000702aeae48,0x0000000708d20000)
 PSPermGen       total 34176K, used 17930K [0x00000006fb400000, 0x00000006fd560000, 0x0000000700600000)
  object space 34176K, 52% used [0x00000006fb400000,0x00000006fc582b28,0x00000006fd560000)
Event: 91.174 GC heap after
Heap after GC invocations=156 (full 6):
 PSYoungGen      total 41664K, used 8324K [0x00000007aacb0000, 0x00000007ae580000, 0x0000000800000000)
  eden space 30912K, 0% used [0x00000007aacb0000,0x00000007aacb0000,0x00000007acae0000)
  from space 10752K, 77% used [0x00000007ad5c0000,0x00000007adde1010,0x00000007ae040000)
  to   space 11136K, 0% used [0x00000007acae0000,0x00000007acae0000,0x00000007ad5c0000)
 ParOldGen       total 138368K, used 64271K [0x0000000700600000, 0x0000000708d20000, 0x00000007aacb0000)
  object space 138368K, 46% used [0x0000000700600000,0x00000007044c3cd8,0x0000000708d20000)
 PSPermGen       total 34176K, used 17930K [0x00000006fb400000, 0x00000006fd560000, 0x0000000700600000)
  object space 34176K, 52% used [0x00000006fb400000,0x00000006fc582b28,0x00000006fd560000)
}
Event: 91.584 GC heap before
{Heap before GC invocations=157 (full 6):
 PSYoungGen      total 41664K, used 36857K [0x00000007aacb0000, 0x00000007ae580000, 0x0000000800000000)
  eden space 30912K, 92% used [0x00000007aacb0000,0x00000007ac88d618,0x00000007acae0000)
  from space 10752K, 77% used [0x00000007ad5c0000,0x00000007adde1010,0x00000007ae040000)
  to   space 11136K, 0% used [0x00000007acae0000,0x00000007acae0000,0x00000007ad5c0000)
 ParOldGen       total 138368K, used 64271K [0x0000000700600000, 0x0000000708d20000, 0x00000007aacb0000)
  object space 138368K, 46% used [0x0000000700600000,0x00000007044c3cd8,0x0000000708d20000)
 PSPermGen       total 34176K, used 17930K [0x00000006fb400000, 0x00000006fd560000, 0x0000000700600000)
  object space 34176K, 52% used [0x00000006fb400000,0x00000006fc582b28,0x00000006fd560000)
Event: 91.588 GC heap after
Heap after GC invocations=157 (full 6):
 PSYoungGen      total 42048K, used 10475K [0x00000007aacb0000, 0x00000007ae540000, 0x0000000800000000)
  eden space 30912K, 0% used [0x00000007aacb0000,0x00000007aacb0000,0x00000007acae0000)
  from space 11136K, 94% used [0x00000007acae0000,0x00000007ad51ae70,0x00000007ad5c0000)
  to   space 11136K, 0% used [0x00000007ada60000,0x00000007ada60000,0x00000007ae540000)
 ParOldGen       total 138368K, used 88603K [0x0000000700600000, 0x0000000708d20000, 0x00000007aacb0000)
  object space 138368K, 64% used [0x0000000700600000,0x0000000705c86d08,0x0000000708d20000)
 PSPermGen       total 34176K, used 17930K [0x00000006fb400000, 0x00000006fd560000, 0x0000000700600000)
  object space 34176K, 52% used [0x00000006fb400000,0x00000006fc582b28,0x00000006fd560000)
}

