# JRE version: 7.0_07-b11
# Java VM: Java HotSpot(TM) 64-Bit Server VM (23.3-b01 mixed mode windows-amd64 compressed oops)
Heap
 PSYoungGen      total 52224K, used 20791K [0x00000007aacb0000, 0x00000007aed70000, 0x0000000800000000)
  eden space 41728K, 24% used [0x00000007aacb0000,0x00000007ab6caf28,0x00000007ad570000)
  from space 10496K, 99% used [0x00000007ad610000,0x00000007ae042e70,0x00000007ae050000)
  to   space 12288K, 0% used [0x00000007ae170000,0x00000007ae170000,0x00000007aed70000)
 ParOldGen       total 153856K, used 37248K [0x0000000700600000, 0x0000000709c40000, 0x00000007aacb0000)
  object space 153856K, 24% used [0x0000000700600000,0x0000000702a60348,0x0000000709c40000)
 PSPermGen       total 21504K, used 18034K [0x00000006fb400000, 0x00000006fc900000, 0x0000000700600000)
  object space 21504K, 83% used [0x00000006fb400000,0x00000006fc59c828,0x00000006fc900000)
GC Heap History (10 events):
Event: 273.378 GC heap before
{Heap before GC invocations=568 (full 25):
 PSYoungGen      total 54912K, used 10507K [0x00000007aacb0000, 0x00000007aefc0000, 0x0000000800000000)
  eden space 44352K, 0% used [0x00000007aacb0000,0x00000007aacb0000,0x00000007ad800000)
  from space 10560K, 99% used [0x00000007ad8b0000,0x00000007ae2f2e70,0x00000007ae300000)
  to   space 12160K, 0% used [0x00000007ae3e0000,0x00000007ae3e0000,0x00000007aefc0000)
 ParOldGen       total 153664K, used 129530K [0x0000000700600000, 0x0000000709c10000, 0x00000007aacb0000)
  object space 153664K, 84% used [0x0000000700600000,0x000000070847ea08,0x0000000709c10000)
 PSPermGen       total 21504K, used 18002K [0x00000006fb400000, 0x00000006fc900000, 0x0000000700600000)
  object space 21504K, 83% used [0x00000006fb400000,0x00000006fc594b88,0x00000006fc900000)
Event: 273.399 GC heap after
Heap after GC invocations=568 (full 25):
 PSYoungGen      total 54912K, used 0K [0x00000007aacb0000, 0x00000007aefc0000, 0x0000000800000000)
  eden space 44352K, 0% used [0x00000007aacb0000,0x00000007aacb0000,0x00000007ad800000)
  from space 10560K, 0% used [0x00000007ad8b0000,0x00000007ad8b0000,0x00000007ae300000)
  to   space 12160K, 0% used [0x00000007ae3e0000,0x00000007ae3e0000,0x00000007aefc0000)
 ParOldGen       total 153856K, used 26917K [0x0000000700600000, 0x0000000709c40000, 0x00000007aacb0000)
  object space 153856K, 17% used [0x0000000700600000,0x00000007020494d8,0x0000000709c40000)
 PSPermGen       total 21504K, used 18002K [0x00000006fb400000, 0x00000006fc900000, 0x0000000700600000)
  object space 21504K, 83% used [0x00000006fb400000,0x00000006fc594b88,0x00000006fc900000)
}
Event: 274.052 GC heap before
{Heap before GC invocations=569 (full 25):
 PSYoungGen      total 54912K, used 41413K [0x00000007aacb0000, 0x00000007aefc0000, 0x0000000800000000)
  eden space 44352K, 93% used [0x00000007aacb0000,0x00000007ad521700,0x00000007ad800000)
  from space 10560K, 0% used [0x00000007ad8b0000,0x00000007ad8b0000,0x00000007ae300000)
  to   space 12160K, 0% used [0x00000007ae3e0000,0x00000007ae3e0000,0x00000007aefc0000)
 ParOldGen       total 153856K, used 26917K [0x0000000700600000, 0x0000000709c40000, 0x00000007aacb0000)
  object space 153856K, 17% used [0x0000000700600000,0x00000007020494d8,0x0000000709c40000)
 PSPermGen       total 21504K, used 18002K [0x00000006fb400000, 0x00000006fc900000, 0x0000000700600000)
  object space 21504K, 83% used [0x00000006fb400000,0x00000006fc594b88,0x00000006fc900000)
Event: 274.056 GC heap after
Heap after GC invocations=569 (full 25):
 PSYoungGen      total 55360K, used 10475K [0x00000007aacb0000, 0x00000007aef50000, 0x0000000800000000)
  eden space 43648K, 0% used [0x00000007aacb0000,0x00000007aacb0000,0x00000007ad750000)
  from space 11712K, 89% used [0x00000007ae3e0000,0x00000007aee1ae70,0x00000007aef50000)
  to   space 12288K, 0% used [0x00000007ad750000,0x00000007ad750000,0x00000007ae350000)
 ParOldGen       total 153856K, used 37168K [0x0000000700600000, 0x0000000709c40000, 0x00000007aacb0000)
  object space 153856K, 24% used [0x0000000700600000,0x0000000702a4c348,0x0000000709c40000)
 PSPermGen       total 21504K, used 18002K [0x00000006fb400000, 0x00000006fc900000, 0x0000000700600000)
  object space 21504K, 83% used [0x00000006fb400000,0x00000006fc594b88,0x00000006fc900000)
}
Event: 274.588 GC heap before
{Heap before GC invocations=570 (full 25):
 PSYoungGen      total 55360K, used 48469K [0x00000007aacb0000, 0x00000007aef50000, 0x0000000800000000)
  eden space 43648K, 87% used [0x00000007aacb0000,0x00000007ad1ca5d8,0x00000007ad750000)
  from space 11712K, 89% used [0x00000007ae3e0000,0x00000007aee1ae70,0x00000007aef50000)
  to   space 12288K, 0% used [0x00000007ad750000,0x00000007ad750000,0x00000007ae350000)
 ParOldGen       total 153856K, used 37168K [0x0000000700600000, 0x0000000709c40000, 0x00000007aacb0000)
  object space 153856K, 24% used [0x0000000700600000,0x0000000702a4c348,0x0000000709c40000)
 PSPermGen       total 21504K, used 18002K [0x00000006fb400000, 0x00000006fc900000, 0x0000000700600000)
  object space 21504K, 83% used [0x00000006fb400000,0x00000006fc594b88,0x00000006fc900000)
Event: 274.589 GC heap after
Heap after GC invocations=570 (full 25):
 PSYoungGen      total 53440K, used 10411K [0x00000007aacb0000, 0x00000007aeeb0000, 0x0000000800000000)
  eden space 43008K, 0% used [0x00000007aacb0000,0x00000007aacb0000,0x00000007ad6b0000)
  from space 10432K, 99% used [0x00000007ad750000,0x00000007ae17ae70,0x00000007ae180000)
  to   space 12288K, 0% used [0x00000007ae2b0000,0x00000007ae2b0000,0x00000007aeeb0000)
 ParOldGen       total 153856K, used 37192K [0x0000000700600000, 0x0000000709c40000, 0x00000007aacb0000)
  object space 153856K, 24% used [0x0000000700600000,0x0000000702a52348,0x0000000709c40000)
 PSPermGen       total 21504K, used 18002K [0x00000006fb400000, 0x00000006fc900000, 0x0000000700600000)
  object space 21504K, 83% used [0x00000006fb400000,0x00000006fc594b88,0x00000006fc900000)
}
Event: 275.110 GC heap before
{Heap before GC invocations=571 (full 25):
 PSYoungGen      total 53440K, used 48516K [0x00000007aacb0000, 0x00000007aeeb0000, 0x0000000800000000)
  eden space 43008K, 88% used [0x00000007aacb0000,0x00000007ad1e62b0,0x00000007ad6b0000)
  from space 10432K, 99% used [0x00000007ad750000,0x00000007ae17ae70,0x00000007ae180000)
  to   space 12288K, 0% used [0x00000007ae2b0000,0x00000007ae2b0000,0x00000007aeeb0000)
 ParOldGen       total 153856K, used 37192K [0x0000000700600000, 0x0000000709c40000, 0x00000007aacb0000)
  object space 153856K, 24% used [0x0000000700600000,0x0000000702a52348,0x0000000709c40000)
 PSPermGen       total 21504K, used 18003K [0x00000006fb400000, 0x00000006fc900000, 0x0000000700600000)
  object space 21504K, 83% used [0x00000006fb400000,0x00000006fc594c48,0x00000006fc900000)
Event: 275.111 GC heap after
Heap after GC invocations=571 (full 25):
 PSYoungGen      total 54016K, used 10475K [0x00000007aacb0000, 0x00000007aee10000, 0x0000000800000000)
  eden space 42368K, 0% used [0x00000007aacb0000,0x00000007aacb0000,0x00000007ad610000)
  from space 11648K, 89% used [0x00000007ae2b0000,0x00000007aeceae70,0x00000007aee10000)
  to   space 12288K, 0% used [0x00000007ad610000,0x00000007ad610000,0x00000007ae210000)
 ParOldGen       total 153856K, used 37200K [0x0000000700600000, 0x0000000709c40000, 0x00000007aacb0000)
  object space 153856K, 24% used [0x0000000700600000,0x0000000702a54348,0x0000000709c40000)
 PSPermGen       total 21504K, used 18003K [0x00000006fb400000, 0x00000006fc900000, 0x0000000700600000)
  object space 21504K, 83% used [0x00000006fb400000,0x00000006fc594c48,0x00000006fc900000)
}
Event: 275.632 GC heap before
{Heap before GC invocations=572 (full 25):
 PSYoungGen      total 54016K, used 48467K [0x00000007aacb0000, 0x00000007aee10000, 0x0000000800000000)
  eden space 42368K, 89% used [0x00000007aacb0000,0x00000007ad1c9fc8,0x00000007ad610000)
  from space 11648K, 89% used [0x00000007ae2b0000,0x00000007aeceae70,0x00000007aee10000)
  to   space 12288K, 0% used [0x00000007ad610000,0x00000007ad610000,0x00000007ae210000)
 ParOldGen       total 153856K, used 37200K [0x0000000700600000, 0x0000000709c40000, 0x00000007aacb0000)
  object space 153856K, 24% used [0x0000000700600000,0x0000000702a54348,0x0000000709c40000)
 PSPermGen       total 21504K, used 18003K [0x00000006fb400000, 0x00000006fc900000, 0x0000000700600000)
  object space 21504K, 83% used [0x00000006fb400000,0x00000006fc594c48,0x00000006fc900000)
Event: 275.633 GC heap after
Heap after GC invocations=572 (full 25):
 PSYoungGen      total 52224K, used 10443K [0x00000007aacb0000, 0x00000007aed70000, 0x0000000800000000)
  eden space 41728K, 0% used [0x00000007aacb0000,0x00000007aacb0000,0x00000007ad570000)
  from space 10496K, 99% used [0x00000007ad610000,0x00000007ae042e70,0x00000007ae050000)
  to   space 12288K, 0% used [0x00000007ae170000,0x00000007ae170000,0x00000007aed70000)
 ParOldGen       total 153856K, used 37248K [0x0000000700600000, 0x0000000709c40000, 0x00000007aacb0000)
  object space 153856K, 24% used [0x0000000700600000,0x0000000702a60348,0x0000000709c40000)
 PSPermGen       total 21504K, used 18003K [0x00000006fb400000, 0x00000006fc900000, 0x0000000700600000)
  object space 21504K, 83% used [0x00000006fb400000,0x00000006fc594c48,0x00000006fc900000)
}

