# JRE version: 7.0_07-b11
# Java VM: Java HotSpot(TM) 64-Bit Server VM (23.3-b01 mixed mode windows-amd64 compressed oops)
Heap
 PSYoungGen      total 1167680K, used 182398K [0x00000007aacb0000, 0x00000007f70c0000, 0x0000000800000000)
  eden space 1134016K, 16% used [0x00000007aacb0000,0x00000007b5ecf8b8,0x00000007f0020000)
  from space 33664K, 0% used [0x00000007f4fe0000,0x00000007f4fe0000,0x00000007f70c0000)
  to   space 57664K, 0% used [0x00000007f0020000,0x00000007f0020000,0x00000007f3870000)
 ParOldGen       total 197440K, used 51425K [0x0000000700600000, 0x000000070c6d0000, 0x00000007aacb0000)
  object space 197440K, 26% used [0x0000000700600000,0x00000007038385d8,0x000000070c6d0000)
 PSPermGen       total 41216K, used 18268K [0x00000006fb400000, 0x00000006fdc40000, 0x0000000700600000)
  object space 41216K, 44% used [0x00000006fb400000,0x00000006fc5d7098,0x00000006fdc40000)
GC Heap History (10 events):
Event: 11.275 GC heap before
{Heap before GC invocations=12 (full 1):
 PSYoungGen      total 676608K, used 662020K [0x00000007aacb0000, 0x00000007d7fc0000, 0x0000000800000000)
  eden space 624832K, 99% used [0x00000007aacb0000,0x00000007d0df6db0,0x00000007d0ee0000)
  from space 51776K, 73% used [0x00000007d4d30000,0x00000007d726a2b8,0x00000007d7fc0000)
  to   space 57792K, 0% used [0x00000007d0ee0000,0x00000007d0ee0000,0x00000007d4750000)
 ParOldGen       total 145344K, used 87139K [0x0000000700600000, 0x00000007093f0000, 0x00000007aacb0000)
  object space 145344K, 59% used [0x0000000700600000,0x0000000705b18f98,0x00000007093f0000)
 PSPermGen       total 36608K, used 18197K [0x00000006fb400000, 0x00000006fd7c0000, 0x0000000700600000)
  object space 36608K, 49% used [0x00000006fb400000,0x00000006fc5c5698,0x00000006fd7c0000)
Event: 11.288 GC heap after
Heap after GC invocations=12 (full 1):
 PSYoungGen      total 682624K, used 48372K [0x00000007aacb0000, 0x00000007e7330000, 0x0000000800000000)
  eden space 624832K, 0% used [0x00000007aacb0000,0x00000007aacb0000,0x00000007d0ee0000)
  from space 57792K, 83% used [0x00000007d0ee0000,0x00000007d3e1d118,0x00000007d4750000)
  to   space 60096K, 0% used [0x00000007e3880000,0x00000007e3880000,0x00000007e7330000)
 ParOldGen       total 145344K, used 87163K [0x0000000700600000, 0x00000007093f0000, 0x00000007aacb0000)
  object space 145344K, 59% used [0x0000000700600000,0x0000000705b1ef98,0x00000007093f0000)
 PSPermGen       total 36608K, used 18197K [0x00000006fb400000, 0x00000006fd7c0000, 0x0000000700600000)
  object space 36608K, 49% used [0x00000006fb400000,0x00000006fc5c5698,0x00000006fd7c0000)
}
Event: 12.524 GC heap before
{Heap before GC invocations=13 (full 1):
 PSYoungGen      total 682624K, used 673036K [0x00000007aacb0000, 0x00000007e7330000, 0x0000000800000000)
  eden space 624832K, 99% used [0x00000007aacb0000,0x00000007d0eb5fb8,0x00000007d0ee0000)
  from space 57792K, 83% used [0x00000007d0ee0000,0x00000007d3e1d118,0x00000007d4750000)
  to   space 60096K, 0% used [0x00000007e3880000,0x00000007e3880000,0x00000007e7330000)
 ParOldGen       total 145344K, used 87163K [0x0000000700600000, 0x00000007093f0000, 0x00000007aacb0000)
  object space 145344K, 59% used [0x0000000700600000,0x0000000705b1ef98,0x00000007093f0000)
 PSPermGen       total 36608K, used 18211K [0x00000006fb400000, 0x00000006fd7c0000, 0x0000000700600000)
  object space 36608K, 49% used [0x00000006fb400000,0x00000006fc5c8d98,0x00000006fd7c0000)
Event: 12.534 GC heap after
Heap after GC invocations=13 (full 1):
 PSYoungGen      total 901952K, used 36316K [0x00000007aacb0000, 0x00000007e63b0000, 0x0000000800000000)
  eden space 857728K, 0% used [0x00000007aacb0000,0x00000007aacb0000,0x00000007df250000)
  from space 44224K, 82% used [0x00000007e3880000,0x00000007e5bf7348,0x00000007e63b0000)
  to   space 58048K, 0% used [0x00000007df250000,0x00000007df250000,0x00000007e2b00000)
 ParOldGen       total 145344K, used 87187K [0x0000000700600000, 0x00000007093f0000, 0x00000007aacb0000)
  object space 145344K, 59% used [0x0000000700600000,0x0000000705b24f98,0x00000007093f0000)
 PSPermGen       total 36608K, used 18211K [0x00000006fb400000, 0x00000006fd7c0000, 0x0000000700600000)
  object space 36608K, 49% used [0x00000006fb400000,0x00000006fc5c8d98,0x00000006fd7c0000)
}
Event: 14.274 GC heap before
{Heap before GC invocations=14 (full 1):
 PSYoungGen      total 901952K, used 892717K [0x00000007aacb0000, 0x00000007e63b0000, 0x0000000800000000)
  eden space 857728K, 99% used [0x00000007aacb0000,0x00000007df104230,0x00000007df250000)
  from space 44224K, 82% used [0x00000007e3880000,0x00000007e5bf7348,0x00000007e63b0000)
  to   space 58048K, 0% used [0x00000007df250000,0x00000007df250000,0x00000007e2b00000)
 ParOldGen       total 145344K, used 87187K [0x0000000700600000, 0x00000007093f0000, 0x00000007aacb0000)
  object space 145344K, 59% used [0x0000000700600000,0x0000000705b24f98,0x00000007093f0000)
 PSPermGen       total 36608K, used 18227K [0x00000006fb400000, 0x00000006fd7c0000, 0x0000000700600000)
  object space 36608K, 49% used [0x00000006fb400000,0x00000006fc5ccfd0,0x00000006fd7c0000)
Event: 14.286 GC heap after
Heap after GC invocations=14 (full 1):
 PSYoungGen      total 915776K, used 36190K [0x00000007aacb0000, 0x00000007f86d0000, 0x0000000800000000)
  eden space 857728K, 0% used [0x00000007aacb0000,0x00000007aacb0000,0x00000007df250000)
  from space 58048K, 62% used [0x00000007df250000,0x00000007e15a78f8,0x00000007e2b00000)
  to   space 56256K, 0% used [0x00000007f4fe0000,0x00000007f4fe0000,0x00000007f86d0000)
 ParOldGen       total 145344K, used 87227K [0x0000000700600000, 0x00000007093f0000, 0x00000007aacb0000)
  object space 145344K, 60% used [0x0000000700600000,0x0000000705b2ef98,0x00000007093f0000)
 PSPermGen       total 36608K, used 18227K [0x00000006fb400000, 0x00000006fd7c0000, 0x0000000700600000)
  object space 36608K, 49% used [0x00000006fb400000,0x00000006fc5ccfd0,0x00000006fd7c0000)
}
Event: 15.966 GC heap before
{Heap before GC invocations=15 (full 1):
 PSYoungGen      total 915776K, used 892066K [0x00000007aacb0000, 0x00000007f86d0000, 0x0000000800000000)
  eden space 857728K, 99% used [0x00000007aacb0000,0x00000007df0811c0,0x00000007df250000)
  from space 58048K, 62% used [0x00000007df250000,0x00000007e15a78f8,0x00000007e2b00000)
  to   space 56256K, 0% used [0x00000007f4fe0000,0x00000007f4fe0000,0x00000007f86d0000)
 ParOldGen       total 145344K, used 89252K [0x0000000700600000, 0x00000007093f0000, 0x00000007aacb0000)
  object space 145344K, 61% used [0x0000000700600000,0x0000000705d293a8,0x00000007093f0000)
 PSPermGen       total 36608K, used 18236K [0x00000006fb400000, 0x00000006fd7c0000, 0x0000000700600000)
  object space 36608K, 49% used [0x00000006fb400000,0x00000006fc5cf378,0x00000006fd7c0000)
Event: 15.972 GC heap after
Heap after GC invocations=15 (full 1):
 PSYoungGen      total 1167680K, used 18091K [0x00000007aacb0000, 0x00000007f70c0000, 0x0000000800000000)
  eden space 1134016K, 0% used [0x00000007aacb0000,0x00000007aacb0000,0x00000007f0020000)
  from space 33664K, 53% used [0x00000007f4fe0000,0x00000007f618af18,0x00000007f70c0000)
  to   space 57664K, 0% used [0x00000007f0020000,0x00000007f0020000,0x00000007f3870000)
 ParOldGen       total 145344K, used 89312K [0x0000000700600000, 0x00000007093f0000, 0x00000007aacb0000)
  object space 145344K, 61% used [0x0000000700600000,0x0000000705d383b8,0x00000007093f0000)
 PSPermGen       total 36608K, used 18236K [0x00000006fb400000, 0x00000006fd7c0000, 0x0000000700600000)
  object space 36608K, 49% used [0x00000006fb400000,0x00000006fc5cf378,0x00000006fd7c0000)
}
Event: 18.462 GC heap before
{Heap before GC invocations=16 (full 2):
 PSYoungGen      total 1167680K, used 1152031K [0x00000007aacb0000, 0x00000007f70c0000, 0x0000000800000000)
  eden space 1134016K, 99% used [0x00000007aacb0000,0x00000007f000cf70,0x00000007f0020000)
  from space 33664K, 53% used [0x00000007f4fe0000,0x00000007f618af18,0x00000007f70c0000)
  to   space 57664K, 0% used [0x00000007f0020000,0x00000007f0020000,0x00000007f3870000)
 ParOldGen       total 222208K, used 222188K [0x0000000700600000, 0x000000070df00000, 0x00000007aacb0000)
  object space 222208K, 99% used [0x0000000700600000,0x000000070defb1f0,0x000000070df00000)
 PSPermGen       total 36608K, used 18266K [0x00000006fb400000, 0x00000006fd7c0000, 0x0000000700600000)
  object space 36608K, 49% used [0x00000006fb400000,0x00000006fc5d6b98,0x00000006fd7c0000)
Event: 18.497 GC heap after
Heap after GC invocations=16 (full 2):
 PSYoungGen      total 1167680K, used 0K [0x00000007aacb0000, 0x00000007f70c0000, 0x0000000800000000)
  eden space 1134016K, 0% used [0x00000007aacb0000,0x00000007aacb0000,0x00000007f0020000)
  from space 33664K, 0% used [0x00000007f4fe0000,0x00000007f4fe0000,0x00000007f70c0000)
  to   space 57664K, 0% used [0x00000007f0020000,0x00000007f0020000,0x00000007f3870000)
 ParOldGen       total 197440K, used 51425K [0x0000000700600000, 0x000000070c6d0000, 0x00000007aacb0000)
  object space 197440K, 26% used [0x0000000700600000,0x00000007038385d8,0x000000070c6d0000)
 PSPermGen       total 41216K, used 18266K [0x00000006fb400000, 0x00000006fdc40000, 0x0000000700600000)
  object space 41216K, 44% used [0x00000006fb400000,0x00000006fc5d6a08,0x00000006fdc40000)
}

