# JRE version: 7.0_07-b11
# Java VM: Java HotSpot(TM) 64-Bit Server VM (23.3-b01 mixed mode windows-amd64 compressed oops)
Heap
 PSYoungGen      total 283136K, used 205731K [0x00000007aacb0000, 0x00000007c3b10000, 0x0000000800000000)
  eden space 247488K, 83% used [0x00000007aacb0000,0x00000007b7598c58,0x00000007b9e60000)
  from space 35648K, 0% used [0x00000007b9e60000,0x00000007b9e60000,0x00000007bc130000)
  to   space 35072K, 0% used [0x00000007c18d0000,0x00000007c18d0000,0x00000007c3b10000)
 ParOldGen       total 184640K, used 22023K [0x0000000700600000, 0x000000070ba50000, 0x00000007aacb0000)
  object space 184640K, 11% used [0x0000000700600000,0x0000000701b81e40,0x000000070ba50000)
 PSPermGen       total 39872K, used 18141K [0x00000006fb400000, 0x00000006fdaf0000, 0x0000000700600000)
  object space 39872K, 45% used [0x00000006fb400000,0x00000006fc5b7648,0x00000006fdaf0000)
GC Heap History (10 events):
Event: 7.803 GC heap before
{Heap before GC invocations=6 (full 1):
 PSYoungGen      total 141824K, used 139125K [0x00000007aacb0000, 0x00000007bf2f0000, 0x0000000800000000)
  eden space 130944K, 98% used [0x00000007aacb0000,0x00000007b2a12188,0x00000007b2c90000)
  from space 10880K, 98% used [0x00000007b2c90000,0x00000007b370b490,0x00000007b3730000)
  to   space 36096K, 0% used [0x00000007bcfb0000,0x00000007bcfb0000,0x00000007bf2f0000)
 ParOldGen       total 393856K, used 390567K [0x0000000700600000, 0x00000007186a0000, 0x00000007aacb0000)
  object space 393856K, 99% used [0x0000000700600000,0x0000000718369c38,0x00000007186a0000)
 PSPermGen       total 21248K, used 18134K [0x00000006fb400000, 0x00000006fc8c0000, 0x0000000700600000)
  object space 21248K, 85% used [0x00000006fb400000,0x00000006fc5b5a30,0x00000006fc8c0000)
Event: 7.863 GC heap after
Heap after GC invocations=6 (full 1):
 PSYoungGen      total 141824K, used 0K [0x00000007aacb0000, 0x00000007bf2f0000, 0x0000000800000000)
  eden space 130944K, 0% used [0x00000007aacb0000,0x00000007aacb0000,0x00000007b2c90000)
  from space 10880K, 0% used [0x00000007b2c90000,0x00000007b2c90000,0x00000007b3730000)
  to   space 36096K, 0% used [0x00000007bcfb0000,0x00000007bcfb0000,0x00000007bf2f0000)
 ParOldGen       total 143424K, used 31794K [0x0000000700600000, 0x0000000709210000, 0x00000007aacb0000)
  object space 143424K, 22% used [0x0000000700600000,0x000000070250cb30,0x0000000709210000)
 PSPermGen       total 36800K, used 18127K [0x00000006fb400000, 0x00000006fd7f0000, 0x0000000700600000)
  object space 36800K, 49% used [0x00000006fb400000,0x00000006fc5b3f38,0x00000006fd7f0000)
}
Event: 9.458 GC heap before
{Heap before GC invocations=7 (full 2):
 PSYoungGen      total 141824K, used 127688K [0x00000007aacb0000, 0x00000007bf2f0000, 0x0000000800000000)
  eden space 130944K, 97% used [0x00000007aacb0000,0x00000007b2962110,0x00000007b2c90000)
  from space 10880K, 0% used [0x00000007b2c90000,0x00000007b2c90000,0x00000007b3730000)
  to   space 36096K, 0% used [0x00000007bcfb0000,0x00000007bcfb0000,0x00000007bf2f0000)
 ParOldGen       total 334144K, used 332128K [0x0000000700600000, 0x0000000714c50000, 0x00000007aacb0000)
  object space 334144K, 99% used [0x0000000700600000,0x0000000714a58260,0x0000000714c50000)
 PSPermGen       total 36800K, used 18129K [0x00000006fb400000, 0x00000006fd7f0000, 0x0000000700600000)
  object space 36800K, 49% used [0x00000006fb400000,0x00000006fc5b4570,0x00000006fd7f0000)
Event: 9.494 GC heap after
Heap after GC invocations=7 (full 2):
 PSYoungGen      total 141824K, used 0K [0x00000007aacb0000, 0x00000007bf2f0000, 0x0000000800000000)
  eden space 130944K, 0% used [0x00000007aacb0000,0x00000007aacb0000,0x00000007b2c90000)
  from space 10880K, 0% used [0x00000007b2c90000,0x00000007b2c90000,0x00000007b3730000)
  to   space 36096K, 0% used [0x00000007bcfb0000,0x00000007bcfb0000,0x00000007bf2f0000)
 ParOldGen       total 168448K, used 31792K [0x0000000700600000, 0x000000070aa80000, 0x00000007aacb0000)
  object space 168448K, 18% used [0x0000000700600000,0x000000070250c240,0x000000070aa80000)
 PSPermGen       total 41088K, used 18129K [0x00000006fb400000, 0x00000006fdc20000, 0x0000000700600000)
  object space 41088K, 44% used [0x00000006fb400000,0x00000006fc5b4570,0x00000006fdc20000)
}
Event: 9.955 GC heap before
{Heap before GC invocations=8 (full 2):
 PSYoungGen      total 141824K, used 127389K [0x00000007aacb0000, 0x00000007bf2f0000, 0x0000000800000000)
  eden space 130944K, 97% used [0x00000007aacb0000,0x00000007b29174b8,0x00000007b2c90000)
  from space 10880K, 0% used [0x00000007b2c90000,0x00000007b2c90000,0x00000007b3730000)
  to   space 36096K, 0% used [0x00000007bcfb0000,0x00000007bcfb0000,0x00000007bf2f0000)
 ParOldGen       total 168448K, used 31792K [0x0000000700600000, 0x000000070aa80000, 0x00000007aacb0000)
  object space 168448K, 18% used [0x0000000700600000,0x000000070250c240,0x000000070aa80000)
 PSPermGen       total 41088K, used 18129K [0x00000006fb400000, 0x00000006fdc20000, 0x0000000700600000)
  object space 41088K, 44% used [0x00000006fb400000,0x00000006fc5b4570,0x00000006fdc20000)
Event: 9.961 GC heap after
Heap after GC invocations=8 (full 2):
 PSYoungGen      total 233152K, used 20759K [0x00000007aacb0000, 0x00000007be400000, 0x0000000800000000)
  eden space 212352K, 0% used [0x00000007aacb0000,0x00000007aacb0000,0x00000007b7c10000)
  from space 20800K, 99% used [0x00000007bcfb0000,0x00000007be3f5ce0,0x00000007be400000)
  to   space 35648K, 0% used [0x00000007b9e60000,0x00000007b9e60000,0x00000007bc130000)
 ParOldGen       total 168448K, used 31792K [0x0000000700600000, 0x000000070aa80000, 0x00000007aacb0000)
  object space 168448K, 18% used [0x0000000700600000,0x000000070250c240,0x000000070aa80000)
 PSPermGen       total 41088K, used 18129K [0x00000006fb400000, 0x00000006fdc20000, 0x0000000700600000)
  object space 41088K, 44% used [0x00000006fb400000,0x00000006fc5b4570,0x00000006fdc20000)
}
Event: 10.722 GC heap before
{Heap before GC invocations=9 (full 2):
 PSYoungGen      total 233152K, used 230198K [0x00000007aacb0000, 0x00000007be400000, 0x0000000800000000)
  eden space 212352K, 98% used [0x00000007aacb0000,0x00000007b7937e88,0x00000007b7c10000)
  from space 20800K, 99% used [0x00000007bcfb0000,0x00000007be3f5ce0,0x00000007be400000)
  to   space 35648K, 0% used [0x00000007b9e60000,0x00000007b9e60000,0x00000007bc130000)
 ParOldGen       total 168448K, used 37867K [0x0000000700600000, 0x000000070aa80000, 0x00000007aacb0000)
  object space 168448K, 22% used [0x0000000700600000,0x0000000702afae50,0x000000070aa80000)
 PSPermGen       total 41088K, used 18130K [0x00000006fb400000, 0x00000006fdc20000, 0x0000000700600000)
  object space 41088K, 44% used [0x00000006fb400000,0x00000006fc5b4848,0x00000006fdc20000)
Event: 10.729 GC heap after
Heap after GC invocations=9 (full 2):
 PSYoungGen      total 283136K, used 20759K [0x00000007aacb0000, 0x00000007c3b10000, 0x0000000800000000)
  eden space 247488K, 0% used [0x00000007aacb0000,0x00000007aacb0000,0x00000007b9e60000)
  from space 35648K, 58% used [0x00000007b9e60000,0x00000007bb2a5ce0,0x00000007bc130000)
  to   space 35072K, 0% used [0x00000007c18d0000,0x00000007c18d0000,0x00000007c3b10000)
 ParOldGen       total 168448K, used 37867K [0x0000000700600000, 0x000000070aa80000, 0x00000007aacb0000)
  object space 168448K, 22% used [0x0000000700600000,0x0000000702afae50,0x000000070aa80000)
 PSPermGen       total 41088K, used 18130K [0x00000006fb400000, 0x00000006fdc20000, 0x0000000700600000)
  object space 41088K, 44% used [0x00000006fb400000,0x00000006fc5b4848,0x00000006fdc20000)
}
Event: 12.655 GC heap before
{Heap before GC invocations=10 (full 3):
 PSYoungGen      total 283136K, used 265942K [0x00000007aacb0000, 0x00000007c3b10000, 0x0000000800000000)
  eden space 247488K, 99% used [0x00000007aacb0000,0x00000007b9c1fb98,0x00000007b9e60000)
  from space 35648K, 58% used [0x00000007b9e60000,0x00000007bb2a5ce0,0x00000007bc130000)
  to   space 35072K, 0% used [0x00000007c18d0000,0x00000007c18d0000,0x00000007c3b10000)
 ParOldGen       total 340096K, used 338201K [0x0000000700600000, 0x0000000715220000, 0x00000007aacb0000)
  object space 340096K, 99% used [0x0000000700600000,0x0000000715046580,0x0000000715220000)
 PSPermGen       total 41088K, used 18140K [0x00000006fb400000, 0x00000006fdc20000, 0x0000000700600000)
  object space 41088K, 44% used [0x00000006fb400000,0x00000006fc5b72d0,0x00000006fdc20000)
Event: 12.700 GC heap after
Heap after GC invocations=10 (full 3):
 PSYoungGen      total 283136K, used 0K [0x00000007aacb0000, 0x00000007c3b10000, 0x0000000800000000)
  eden space 247488K, 0% used [0x00000007aacb0000,0x00000007aacb0000,0x00000007b9e60000)
  from space 35648K, 0% used [0x00000007b9e60000,0x00000007b9e60000,0x00000007bc130000)
  to   space 35072K, 0% used [0x00000007c18d0000,0x00000007c18d0000,0x00000007c3b10000)
 ParOldGen       total 184640K, used 22023K [0x0000000700600000, 0x000000070ba50000, 0x00000007aacb0000)
  object space 184640K, 11% used [0x0000000700600000,0x0000000701b81e40,0x000000070ba50000)
 PSPermGen       total 39872K, used 18140K [0x00000006fb400000, 0x00000006fdaf0000, 0x0000000700600000)
  object space 39872K, 45% used [0x00000006fb400000,0x00000006fc5b72a0,0x00000006fdaf0000)
}

