# JRE version: 7.0_07-b11
# Java VM: Java HotSpot(TM) 64-Bit Server VM (23.3-b01 mixed mode windows-amd64 compressed oops)
Heap
 PSYoungGen      total 1355200K, used 1353590K [0x00000007aacb0000, 0x0000000800000000, 0x0000000800000000)
  eden space 1319488K, 100% used [0x00000007aacb0000,0x00000007fb540000,0x00000007fb540000)
  from space 35712K, 95% used [0x00000007fdd20000,0x00000007ffe6d8b0,0x0000000800000000)
  to   space 38272K, 0% used [0x00000007fb540000,0x00000007fb540000,0x00000007fdaa0000)
 ParOldGen       total 360512K, used 357674K [0x0000000700600000, 0x0000000716610000, 0x00000007aacb0000)
  object space 360512K, 99% used [0x0000000700600000,0x000000071634aa78,0x0000000716610000)
 PSPermGen       total 41216K, used 18312K [0x00000006fb400000, 0x00000006fdc40000, 0x0000000700600000)
  object space 41216K, 44% used [0x00000006fb400000,0x00000006fc5e2210,0x00000006fdc40000)
GC Heap History (10 events):
Event: 13.179 GC heap before
{Heap before GC invocations=14 (full 2):
 PSYoungGen      total 642880K, used 613691K [0x00000007aacb0000, 0x00000007e1060000, 0x0000000800000000)
  eden space 615424K, 99% used [0x00000007aacb0000,0x00000007d03fee10,0x00000007d05b0000)
  from space 27456K, 0% used [0x00000007d05b0000,0x00000007d05b0000,0x00000007d2080000)
  to   space 28672K, 0% used [0x00000007df460000,0x00000007df460000,0x00000007e1060000)
 ParOldGen       total 185408K, used 45653K [0x0000000700600000, 0x000000070bb10000, 0x00000007aacb0000)
  object space 185408K, 24% used [0x0000000700600000,0x0000000703295440,0x000000070bb10000)
 PSPermGen       total 41216K, used 18184K [0x00000006fb400000, 0x00000006fdc40000, 0x0000000700600000)
  object space 41216K, 44% used [0x00000006fb400000,0x00000006fc5c2300,0x00000006fdc40000)
Event: 13.182 GC heap after
Heap after GC invocations=14 (full 2):
 PSYoungGen      total 841792K, used 11013K [0x00000007aacb0000, 0x00000007e0900000, 0x0000000800000000)
  eden space 820672K, 0% used [0x00000007aacb0000,0x00000007aacb0000,0x00000007dce20000)
  from space 21120K, 52% used [0x00000007df460000,0x00000007dff217a0,0x00000007e0900000)
  to   space 30144K, 0% used [0x00000007dce20000,0x00000007dce20000,0x00000007deb90000)
 ParOldGen       total 185408K, used 45653K [0x0000000700600000, 0x000000070bb10000, 0x00000007aacb0000)
  object space 185408K, 24% used [0x0000000700600000,0x0000000703295440,0x000000070bb10000)
 PSPermGen       total 41216K, used 18184K [0x00000006fb400000, 0x00000006fdc40000, 0x0000000700600000)
  object space 41216K, 44% used [0x00000006fb400000,0x00000006fc5c2300,0x00000006fdc40000)
}
Event: 15.535 GC heap before
{Heap before GC invocations=15 (full 2):
 PSYoungGen      total 841792K, used 827115K [0x00000007aacb0000, 0x00000007e0900000, 0x0000000800000000)
  eden space 820672K, 99% used [0x00000007aacb0000,0x00000007dc9a97f0,0x00000007dce20000)
  from space 21120K, 52% used [0x00000007df460000,0x00000007dff217a0,0x00000007e0900000)
  to   space 30144K, 0% used [0x00000007dce20000,0x00000007dce20000,0x00000007deb90000)
 ParOldGen       total 185408K, used 45653K [0x0000000700600000, 0x000000070bb10000, 0x00000007aacb0000)
  object space 185408K, 24% used [0x0000000700600000,0x0000000703295440,0x000000070bb10000)
 PSPermGen       total 41216K, used 18209K [0x00000006fb400000, 0x00000006fdc40000, 0x0000000700600000)
  object space 41216K, 44% used [0x00000006fb400000,0x00000006fc5c8430,0x00000006fdc40000)
Event: 15.543 GC heap after
Heap after GC invocations=15 (full 2):
 PSYoungGen      total 850816K, used 29102K [0x00000007aacb0000, 0x00000007f02f0000, 0x0000000800000000)
  eden space 820672K, 0% used [0x00000007aacb0000,0x00000007aacb0000,0x00000007dce20000)
  from space 30144K, 96% used [0x00000007dce20000,0x00000007dea8b8c0,0x00000007deb90000)
  to   space 32000K, 0% used [0x00000007ee3b0000,0x00000007ee3b0000,0x00000007f02f0000)
 ParOldGen       total 185408K, used 45677K [0x0000000700600000, 0x000000070bb10000, 0x00000007aacb0000)
  object space 185408K, 24% used [0x0000000700600000,0x000000070329b440,0x000000070bb10000)
 PSPermGen       total 41216K, used 18209K [0x00000006fb400000, 0x00000006fdc40000, 0x0000000700600000)
  object space 41216K, 44% used [0x00000006fb400000,0x00000006fc5c8430,0x00000006fdc40000)
}
Event: 18.165 GC heap before
{Heap before GC invocations=16 (full 2):
 PSYoungGen      total 850816K, used 844605K [0x00000007aacb0000, 0x00000007f02f0000, 0x0000000800000000)
  eden space 820672K, 99% used [0x00000007aacb0000,0x00000007dc913ef0,0x00000007dce20000)
  from space 30144K, 96% used [0x00000007dce20000,0x00000007dea8b8c0,0x00000007deb90000)
  to   space 32000K, 0% used [0x00000007ee3b0000,0x00000007ee3b0000,0x00000007f02f0000)
 ParOldGen       total 185408K, used 45677K [0x0000000700600000, 0x000000070bb10000, 0x00000007aacb0000)
  object space 185408K, 24% used [0x0000000700600000,0x000000070329b440,0x000000070bb10000)
 PSPermGen       total 41216K, used 18228K [0x00000006fb400000, 0x00000006fdc40000, 0x0000000700600000)
  object space 41216K, 44% used [0x00000006fb400000,0x00000006fc5cd198,0x00000006fdc40000)
Event: 18.173 GC heap after
Heap after GC invocations=16 (full 2):
 PSYoungGen      total 1084160K, used 29134K [0x00000007aacb0000, 0x00000007f0030000, 0x0000000800000000)
  eden space 1054976K, 0% used [0x00000007aacb0000,0x00000007aacb0000,0x00000007eb2f0000)
  from space 29184K, 99% used [0x00000007ee3b0000,0x00000007f00238c0,0x00000007f0030000)
  to   space 33472K, 0% used [0x00000007ebed0000,0x00000007ebed0000,0x00000007edf80000)
 ParOldGen       total 185408K, used 64174K [0x0000000700600000, 0x000000070bb10000, 0x00000007aacb0000)
  object space 185408K, 34% used [0x0000000700600000,0x00000007044abba0,0x000000070bb10000)
 PSPermGen       total 41216K, used 18228K [0x00000006fb400000, 0x00000006fdc40000, 0x0000000700600000)
  object space 41216K, 44% used [0x00000006fb400000,0x00000006fc5cd198,0x00000006fdc40000)
}
Event: 21.896 GC heap before
{Heap before GC invocations=17 (full 2):
 PSYoungGen      total 1084160K, used 1081169K [0x00000007aacb0000, 0x00000007f0030000, 0x0000000800000000)
  eden space 1054976K, 99% used [0x00000007aacb0000,0x00000007eb010c70,0x00000007eb2f0000)
  from space 29184K, 99% used [0x00000007ee3b0000,0x00000007f00238c0,0x00000007f0030000)
  to   space 33472K, 0% used [0x00000007ebed0000,0x00000007ebed0000,0x00000007edf80000)
 ParOldGen       total 185408K, used 64174K [0x0000000700600000, 0x000000070bb10000, 0x00000007aacb0000)
  object space 185408K, 34% used [0x0000000700600000,0x00000007044abba0,0x000000070bb10000)
 PSPermGen       total 41216K, used 18247K [0x00000006fb400000, 0x00000006fdc40000, 0x0000000700600000)
  object space 41216K, 44% used [0x00000006fb400000,0x00000006fc5d1f10,0x00000006fdc40000)
Event: 21.907 GC heap after
Heap after GC invocations=17 (full 2):
 PSYoungGen      total 1100608K, used 31960K [0x00000007aacb0000, 0x0000000800000000, 0x0000000800000000)
  eden space 1067136K, 0% used [0x00000007aacb0000,0x00000007aacb0000,0x00000007ebed0000)
  from space 33472K, 95% used [0x00000007ebed0000,0x00000007ede06310,0x00000007edf80000)
  to   space 35712K, 0% used [0x00000007fdd20000,0x00000007fdd20000,0x0000000800000000)
 ParOldGen       total 185408K, used 91892K [0x0000000700600000, 0x000000070bb10000, 0x00000007aacb0000)
  object space 185408K, 49% used [0x0000000700600000,0x0000000705fbd0b0,0x000000070bb10000)
 PSPermGen       total 41216K, used 18247K [0x00000006fb400000, 0x00000006fdc40000, 0x0000000700600000)
  object space 41216K, 44% used [0x00000006fb400000,0x00000006fc5d1f10,0x00000006fdc40000)
}
Event: 24.813 GC heap before
{Heap before GC invocations=18 (full 2):
 PSYoungGen      total 1100608K, used 1099096K [0x00000007aacb0000, 0x0000000800000000, 0x0000000800000000)
  eden space 1067136K, 100% used [0x00000007aacb0000,0x00000007ebed0000,0x00000007ebed0000)
  from space 33472K, 95% used [0x00000007ebed0000,0x00000007ede06310,0x00000007edf80000)
  to   space 35712K, 0% used [0x00000007fdd20000,0x00000007fdd20000,0x0000000800000000)
 ParOldGen       total 185408K, used 95309K [0x0000000700600000, 0x000000070bb10000, 0x00000007aacb0000)
  object space 185408K, 51% used [0x0000000700600000,0x0000000706313580,0x000000070bb10000)
 PSPermGen       total 41216K, used 18265K [0x00000006fb400000, 0x00000006fdc40000, 0x0000000700600000)
  object space 41216K, 44% used [0x00000006fb400000,0x00000006fc5d6608,0x00000006fdc40000)
Event: 24.824 GC heap after
Heap after GC invocations=18 (full 2):
 PSYoungGen      total 1355200K, used 34102K [0x00000007aacb0000, 0x0000000800000000, 0x0000000800000000)
  eden space 1319488K, 0% used [0x00000007aacb0000,0x00000007aacb0000,0x00000007fb540000)
  from space 35712K, 95% used [0x00000007fdd20000,0x00000007ffe6d8b0,0x0000000800000000)
  to   space 38272K, 0% used [0x00000007fb540000,0x00000007fb540000,0x00000007fdaa0000)
 ParOldGen       total 185408K, used 116951K [0x0000000700600000, 0x000000070bb10000, 0x00000007aacb0000)
  object space 185408K, 63% used [0x0000000700600000,0x0000000707835e80,0x000000070bb10000)
 PSPermGen       total 41216K, used 18265K [0x00000006fb400000, 0x00000006fdc40000, 0x0000000700600000)
  object space 41216K, 44% used [0x00000006fb400000,0x00000006fc5d6608,0x00000006fdc40000)
}

