# JRE version: 7.0_07-b11
# Java VM: Java HotSpot(TM) 64-Bit Server VM (23.3-b01 mixed mode windows-amd64 compressed oops)
Heap
 PSYoungGen      total 930624K, used 160655K [0x00000007aacb0000, 0x00000007f5770000, 0x0000000800000000)
  eden space 884416K, 18% used [0x00000007aacb0000,0x00000007b4993ec0,0x00000007e0c60000)
  from space 46208K, 0% used [0x00000007f2a50000,0x00000007f2a50000,0x00000007f5770000)
  to   space 62400K, 0% used [0x00000007edd90000,0x00000007edd90000,0x00000007f1a80000)
 ParOldGen       total 232000K, used 60950K [0x0000000700600000, 0x000000070e890000, 0x00000007aacb0000)
  object space 232000K, 26% used [0x0000000700600000,0x0000000704185b40,0x000000070e890000)
 PSPermGen       total 34368K, used 18304K [0x00000006fb400000, 0x00000006fd590000, 0x0000000700600000)
  object space 34368K, 53% used [0x00000006fb400000,0x00000006fc5e0068,0x00000006fd590000)
GC Heap History (10 events):
Event: 53.403 GC heap before
{Heap before GC invocations=28 (full 5):
 PSYoungGen      total 1098496K, used 1053676K [0x00000007aacb0000, 0x00000007f9fe0000, 0x0000000800000000)
  eden space 1056960K, 99% used [0x00000007aacb0000,0x00000007eb1ab018,0x00000007eb4e0000)
  from space 41536K, 0% used [0x00000007f7750000,0x00000007f7750000,0x00000007f9fe0000)
  to   space 57024K, 0% used [0x00000007f3080000,0x00000007f3080000,0x00000007f6830000)
 ParOldGen       total 206592K, used 41336K [0x0000000700600000, 0x000000070cfc0000, 0x00000007aacb0000)
  object space 206592K, 20% used [0x0000000700600000,0x0000000702e5e198,0x000000070cfc0000)
 PSPermGen       total 36032K, used 18200K [0x00000006fb400000, 0x00000006fd730000, 0x0000000700600000)
  object space 36032K, 50% used [0x00000006fb400000,0x00000006fc5c62e0,0x00000006fd730000)
Event: 53.413 GC heap after
Heap after GC invocations=28 (full 5):
 PSYoungGen      total 1061760K, used 51240K [0x00000007aacb0000, 0x00000007f7760000, 0x0000000800000000)
  eden space 1010496K, 0% used [0x00000007aacb0000,0x00000007aacb0000,0x00000007e8780000)
  from space 51264K, 99% used [0x00000007f3080000,0x00000007f628a200,0x00000007f6290000)
  to   space 21312K, 0% used [0x00000007f6290000,0x00000007f6290000,0x00000007f7760000)
 ParOldGen       total 206592K, used 41336K [0x0000000700600000, 0x000000070cfc0000, 0x00000007aacb0000)
  object space 206592K, 20% used [0x0000000700600000,0x0000000702e5e198,0x000000070cfc0000)
 PSPermGen       total 36032K, used 18200K [0x00000006fb400000, 0x00000006fd730000, 0x0000000700600000)
  object space 36032K, 50% used [0x00000006fb400000,0x00000006fc5c62e0,0x00000006fd730000)
}
Event: 55.336 GC heap before
{Heap before GC invocations=29 (full 5):
 PSYoungGen      total 1061760K, used 1060389K [0x00000007aacb0000, 0x00000007f7760000, 0x0000000800000000)
  eden space 1010496K, 99% used [0x00000007aacb0000,0x00000007e862f3c0,0x00000007e8780000)
  from space 51264K, 99% used [0x00000007f3080000,0x00000007f628a200,0x00000007f6290000)
  to   space 21312K, 0% used [0x00000007f6290000,0x00000007f6290000,0x00000007f7760000)
 ParOldGen       total 206592K, used 50828K [0x0000000700600000, 0x000000070cfc0000, 0x00000007aacb0000)
  object space 206592K, 24% used [0x0000000700600000,0x00000007037a3278,0x000000070cfc0000)
 PSPermGen       total 36032K, used 18201K [0x00000006fb400000, 0x00000006fd730000, 0x0000000700600000)
  object space 36032K, 50% used [0x00000006fb400000,0x00000006fc5c6430,0x00000006fd730000)
Event: 55.344 GC heap after
Heap after GC invocations=29 (full 5):
 PSYoungGen      total 986176K, used 19778K [0x00000007aacb0000, 0x00000007f75f0000, 0x0000000800000000)
  eden space 966336K, 0% used [0x00000007aacb0000,0x00000007aacb0000,0x00000007e5c60000)
  from space 19840K, 99% used [0x00000007f6290000,0x00000007f75e0b10,0x00000007f75f0000)
  to   space 61248K, 0% used [0x00000007efe50000,0x00000007efe50000,0x00000007f3a20000)
 ParOldGen       total 206592K, used 84620K [0x0000000700600000, 0x000000070cfc0000, 0x00000007aacb0000)
  object space 206592K, 40% used [0x0000000700600000,0x00000007058a3398,0x000000070cfc0000)
 PSPermGen       total 36032K, used 18201K [0x00000006fb400000, 0x00000006fd730000, 0x0000000700600000)
  object space 36032K, 50% used [0x00000006fb400000,0x00000006fc5c6430,0x00000006fd730000)
}
Event: 57.220 GC heap before
{Heap before GC invocations=30 (full 5):
 PSYoungGen      total 986176K, used 986114K [0x00000007aacb0000, 0x00000007f75f0000, 0x0000000800000000)
  eden space 966336K, 100% used [0x00000007aacb0000,0x00000007e5c60000,0x00000007e5c60000)
  from space 19840K, 99% used [0x00000007f6290000,0x00000007f75e0b10,0x00000007f75f0000)
  to   space 61248K, 0% used [0x00000007efe50000,0x00000007efe50000,0x00000007f3a20000)
 ParOldGen       total 206592K, used 107092K [0x0000000700600000, 0x000000070cfc0000, 0x00000007aacb0000)
  object space 206592K, 51% used [0x0000000700600000,0x0000000706e95058,0x000000070cfc0000)
 PSPermGen       total 36032K, used 18201K [0x00000006fb400000, 0x00000006fd730000, 0x0000000700600000)
  object space 36032K, 50% used [0x00000006fb400000,0x00000006fc5c67d0,0x00000006fd730000)
Event: 57.225 GC heap after
Heap after GC invocations=30 (full 5):
 PSYoungGen      total 948928K, used 24556K [0x00000007aacb0000, 0x00000007f62a0000, 0x0000000800000000)
  eden space 924352K, 0% used [0x00000007aacb0000,0x00000007aacb0000,0x00000007e3360000)
  from space 24576K, 99% used [0x00000007efe50000,0x00000007f164b060,0x00000007f1650000)
  to   space 57664K, 0% used [0x00000007f2a50000,0x00000007f2a50000,0x00000007f62a0000)
 ParOldGen       total 206592K, used 107092K [0x0000000700600000, 0x000000070cfc0000, 0x00000007aacb0000)
  object space 206592K, 51% used [0x0000000700600000,0x0000000706e95058,0x000000070cfc0000)
 PSPermGen       total 36032K, used 18201K [0x00000006fb400000, 0x00000006fd730000, 0x0000000700600000)
  object space 36032K, 50% used [0x00000006fb400000,0x00000006fc5c67d0,0x00000006fd730000)
}
Event: 58.936 GC heap before
{Heap before GC invocations=31 (full 5):
 PSYoungGen      total 948928K, used 947613K [0x00000007aacb0000, 0x00000007f62a0000, 0x0000000800000000)
  eden space 924352K, 99% used [0x00000007aacb0000,0x00000007e321c6c8,0x00000007e3360000)
  from space 24576K, 99% used [0x00000007efe50000,0x00000007f164b060,0x00000007f1650000)
  to   space 57664K, 0% used [0x00000007f2a50000,0x00000007f2a50000,0x00000007f62a0000)
 ParOldGen       total 206592K, used 109117K [0x0000000700600000, 0x000000070cfc0000, 0x00000007aacb0000)
  object space 206592K, 52% used [0x0000000700600000,0x000000070708f468,0x000000070cfc0000)
 PSPermGen       total 36032K, used 18204K [0x00000006fb400000, 0x00000006fd730000, 0x0000000700600000)
  object space 36032K, 50% used [0x00000006fb400000,0x00000006fc5c7110,0x00000006fd730000)
Event: 58.945 GC heap after
Heap after GC invocations=31 (full 5):
 PSYoungGen      total 930624K, used 46148K [0x00000007aacb0000, 0x00000007f5770000, 0x0000000800000000)
  eden space 884416K, 0% used [0x00000007aacb0000,0x00000007aacb0000,0x00000007e0c60000)
  from space 46208K, 99% used [0x00000007f2a50000,0x00000007f5761170,0x00000007f5770000)
  to   space 62400K, 0% used [0x00000007edd90000,0x00000007edd90000,0x00000007f1a80000)
 ParOldGen       total 206592K, used 109117K [0x0000000700600000, 0x000000070cfc0000, 0x00000007aacb0000)
  object space 206592K, 52% used [0x0000000700600000,0x000000070708f468,0x000000070cfc0000)
 PSPermGen       total 36032K, used 18204K [0x00000006fb400000, 0x00000006fd730000, 0x0000000700600000)
  object space 36032K, 50% used [0x00000006fb400000,0x00000006fc5c7110,0x00000006fd730000)
}
Event: 60.751 GC heap before
{Heap before GC invocations=32 (full 6):
 PSYoungGen      total 930624K, used 930564K [0x00000007aacb0000, 0x00000007f5770000, 0x0000000800000000)
  eden space 884416K, 100% used [0x00000007aacb0000,0x00000007e0c60000,0x00000007e0c60000)
  from space 46208K, 99% used [0x00000007f2a50000,0x00000007f5761170,0x00000007f5770000)
  to   space 62400K, 0% used [0x00000007edd90000,0x00000007edd90000,0x00000007f1a80000)
 ParOldGen       total 206592K, used 191127K [0x0000000700600000, 0x000000070cfc0000, 0x00000007aacb0000)
  object space 206592K, 92% used [0x0000000700600000,0x000000070c0a5df0,0x000000070cfc0000)
 PSPermGen       total 36032K, used 18297K [0x00000006fb400000, 0x00000006fd730000, 0x0000000700600000)
  object space 36032K, 50% used [0x00000006fb400000,0x00000006fc5de400,0x00000006fd730000)
Event: 60.783 GC heap after
Heap after GC invocations=32 (full 6):
 PSYoungGen      total 930624K, used 0K [0x00000007aacb0000, 0x00000007f5770000, 0x0000000800000000)
  eden space 884416K, 0% used [0x00000007aacb0000,0x00000007aacb0000,0x00000007e0c60000)
  from space 46208K, 0% used [0x00000007f2a50000,0x00000007f2a50000,0x00000007f5770000)
  to   space 62400K, 0% used [0x00000007edd90000,0x00000007edd90000,0x00000007f1a80000)
 ParOldGen       total 232000K, used 60950K [0x0000000700600000, 0x000000070e890000, 0x00000007aacb0000)
  object space 232000K, 26% used [0x0000000700600000,0x0000000704185b40,0x000000070e890000)
 PSPermGen       total 34368K, used 18296K [0x00000006fb400000, 0x00000006fd590000, 0x0000000700600000)
  object space 34368K, 53% used [0x00000006fb400000,0x00000006fc5de360,0x00000006fd590000)
}

