# JRE version: 7.0_07-b11
# Java VM: Java HotSpot(TM) 64-Bit Server VM (23.3-b01 mixed mode windows-amd64 compressed oops)
Heap
 PSYoungGen      total 431680K, used 77898K [0x00000007aacb0000, 0x00000007c74c0000, 0x0000000800000000)
  eden space 407104K, 19% used [0x00000007aacb0000,0x00000007af8c2b38,0x00000007c3a40000)
  from space 24576K, 0% used [0x00000007c4880000,0x00000007c4880000,0x00000007c6080000)
  to   space 20736K, 0% used [0x00000007c6080000,0x00000007c6080000,0x00000007c74c0000)
 ParOldGen       total 227392K, used 21247K [0x0000000700600000, 0x000000070e410000, 0x00000007aacb0000)
  object space 227392K, 9% used [0x0000000700600000,0x0000000701abff80,0x000000070e410000)
 PSPermGen       total 33280K, used 17775K [0x00000006fb400000, 0x00000006fd480000, 0x0000000700600000)
  object space 33280K, 53% used [0x00000006fb400000,0x00000006fc55bd90,0x00000006fd480000)
GC Heap History (10 events):
Event: 23.092 GC heap before
{Heap before GC invocations=13 (full 3):
 PSYoungGen      total 363584K, used 347105K [0x00000007aacb0000, 0x00000007c8980000, 0x0000000800000000)
  eden space 333696K, 98% used [0x00000007aacb0000,0x00000007bed94398,0x00000007bf290000)
  from space 29888K, 61% used [0x00000007bf290000,0x00000007c04a4430,0x00000007c0fc0000)
  to   space 29824K, 0% used [0x00000007c6c60000,0x00000007c6c60000,0x00000007c8980000)
 ParOldGen       total 179136K, used 33384K [0x0000000700600000, 0x000000070b4f0000, 0x00000007aacb0000)
  object space 179136K, 18% used [0x0000000700600000,0x000000070269a028,0x000000070b4f0000)
 PSPermGen       total 38656K, used 17721K [0x00000006fb400000, 0x00000006fd9c0000, 0x0000000700600000)
  object space 38656K, 45% used [0x00000006fb400000,0x00000006fc54e438,0x00000006fd9c0000)
Event: 23.097 GC heap after
Heap after GC invocations=13 (full 3):
 PSYoungGen      total 444352K, used 18417K [0x00000007aacb0000, 0x00000007c8280000, 0x0000000800000000)
  eden space 421696K, 0% used [0x00000007aacb0000,0x00000007aacb0000,0x00000007c4880000)
  from space 22656K, 81% used [0x00000007c6c60000,0x00000007c7e5c430,0x00000007c8280000)
  to   space 29696K, 0% used [0x00000007c4880000,0x00000007c4880000,0x00000007c6580000)
 ParOldGen       total 179136K, used 33384K [0x0000000700600000, 0x000000070b4f0000, 0x00000007aacb0000)
  object space 179136K, 18% used [0x0000000700600000,0x000000070269a028,0x000000070b4f0000)
 PSPermGen       total 38656K, used 17721K [0x00000006fb400000, 0x00000006fd9c0000, 0x0000000700600000)
  object space 38656K, 45% used [0x00000006fb400000,0x00000006fc54e438,0x00000006fd9c0000)
}
Event: 27.526 GC heap before
{Heap before GC invocations=14 (full 4):
 PSYoungGen      total 444352K, used 438426K [0x00000007aacb0000, 0x00000007c8280000, 0x0000000800000000)
  eden space 421696K, 99% used [0x00000007aacb0000,0x00000007c46da510,0x00000007c4880000)
  from space 22656K, 81% used [0x00000007c6c60000,0x00000007c7e5c430,0x00000007c8280000)
  to   space 29696K, 0% used [0x00000007c4880000,0x00000007c4880000,0x00000007c6580000)
 ParOldGen       total 422336K, used 422185K [0x0000000700600000, 0x000000071a270000, 0x00000007aacb0000)
  object space 422336K, 99% used [0x0000000700600000,0x000000071a24a428,0x000000071a270000)
 PSPermGen       total 38656K, used 17724K [0x00000006fb400000, 0x00000006fd9c0000, 0x0000000700600000)
  object space 38656K, 45% used [0x00000006fb400000,0x00000006fc54f2a8,0x00000006fd9c0000)
Event: 27.568 GC heap after
Heap after GC invocations=14 (full 4):
 PSYoungGen      total 444352K, used 0K [0x00000007aacb0000, 0x00000007c8280000, 0x0000000800000000)
  eden space 421696K, 0% used [0x00000007aacb0000,0x00000007aacb0000,0x00000007c4880000)
  from space 22656K, 0% used [0x00000007c6c60000,0x00000007c6c60000,0x00000007c8280000)
  to   space 29696K, 0% used [0x00000007c4880000,0x00000007c4880000,0x00000007c6580000)
 ParOldGen       total 232960K, used 21243K [0x0000000700600000, 0x000000070e980000, 0x00000007aacb0000)
  object space 232960K, 9% used [0x0000000700600000,0x0000000701abec50,0x000000070e980000)
 PSPermGen       total 37120K, used 17724K [0x00000006fb400000, 0x00000006fd840000, 0x0000000700600000)
  object space 37120K, 47% used [0x00000006fb400000,0x00000006fc54f2a8,0x00000006fd840000)
}
Event: 32.048 GC heap before
{Heap before GC invocations=15 (full 5):
 PSYoungGen      total 444352K, used 420040K [0x00000007aacb0000, 0x00000007c8280000, 0x0000000800000000)
  eden space 421696K, 99% used [0x00000007aacb0000,0x00000007c46e21b0,0x00000007c4880000)
  from space 22656K, 0% used [0x00000007c6c60000,0x00000007c6c60000,0x00000007c8280000)
  to   space 29696K, 0% used [0x00000007c4880000,0x00000007c4880000,0x00000007c6580000)
 ParOldGen       total 409280K, used 403969K [0x0000000700600000, 0x00000007195b0000, 0x00000007aacb0000)
  object space 409280K, 98% used [0x0000000700600000,0x0000000719080440,0x00000007195b0000)
 PSPermGen       total 37120K, used 17738K [0x00000006fb400000, 0x00000006fd840000, 0x0000000700600000)
  object space 37120K, 47% used [0x00000006fb400000,0x00000006fc552ab8,0x00000006fd840000)
Event: 32.086 GC heap after
Heap after GC invocations=15 (full 5):
 PSYoungGen      total 444352K, used 0K [0x00000007aacb0000, 0x00000007c8280000, 0x0000000800000000)
  eden space 421696K, 0% used [0x00000007aacb0000,0x00000007aacb0000,0x00000007c4880000)
  from space 22656K, 0% used [0x00000007c6c60000,0x00000007c6c60000,0x00000007c8280000)
  to   space 29696K, 0% used [0x00000007c4880000,0x00000007c4880000,0x00000007c6580000)
 ParOldGen       total 223936K, used 15170K [0x0000000700600000, 0x000000070e0b0000, 0x00000007aacb0000)
  object space 223936K, 6% used [0x0000000700600000,0x00000007014d0948,0x000000070e0b0000)
 PSPermGen       total 34944K, used 17738K [0x00000006fb400000, 0x00000006fd620000, 0x0000000700600000)
  object space 34944K, 50% used [0x00000006fb400000,0x00000006fc552a78,0x00000006fd620000)
}
Event: 34.392 GC heap before
{Heap before GC invocations=16 (full 5):
 PSYoungGen      total 444352K, used 419681K [0x00000007aacb0000, 0x00000007c8280000, 0x0000000800000000)
  eden space 421696K, 99% used [0x00000007aacb0000,0x00000007c4688740,0x00000007c4880000)
  from space 22656K, 0% used [0x00000007c6c60000,0x00000007c6c60000,0x00000007c8280000)
  to   space 29696K, 0% used [0x00000007c4880000,0x00000007c4880000,0x00000007c6580000)
 ParOldGen       total 223936K, used 21245K [0x0000000700600000, 0x000000070e0b0000, 0x00000007aacb0000)
  object space 223936K, 9% used [0x0000000700600000,0x0000000701abf558,0x000000070e0b0000)
 PSPermGen       total 34944K, used 17745K [0x00000006fb400000, 0x00000006fd620000, 0x0000000700600000)
  object space 34944K, 50% used [0x00000006fb400000,0x00000006fc5544d0,0x00000006fd620000)
Event: 34.400 GC heap after
Heap after GC invocations=16 (full 5):
 PSYoungGen      total 431680K, used 24524K [0x00000007aacb0000, 0x00000007c74c0000, 0x0000000800000000)
  eden space 407104K, 0% used [0x00000007aacb0000,0x00000007aacb0000,0x00000007c3a40000)
  from space 24576K, 99% used [0x00000007c4880000,0x00000007c6073040,0x00000007c6080000)
  to   space 20736K, 0% used [0x00000007c6080000,0x00000007c6080000,0x00000007c74c0000)
 ParOldGen       total 223936K, used 33395K [0x0000000700600000, 0x000000070e0b0000, 0x00000007aacb0000)
  object space 223936K, 14% used [0x0000000700600000,0x000000070269cd78,0x000000070e0b0000)
 PSPermGen       total 34944K, used 17745K [0x00000006fb400000, 0x00000006fd620000, 0x0000000700600000)
  object space 34944K, 50% used [0x00000006fb400000,0x00000006fc5544d0,0x00000006fd620000)
}
Event: 38.795 GC heap before
{Heap before GC invocations=17 (full 6):
 PSYoungGen      total 431680K, used 426174K [0x00000007aacb0000, 0x00000007c74c0000, 0x0000000800000000)
  eden space 407104K, 98% used [0x00000007aacb0000,0x00000007c34eca58,0x00000007c3a40000)
  from space 24576K, 99% used [0x00000007c4880000,0x00000007c6073040,0x00000007c6080000)
  to   space 20736K, 0% used [0x00000007c6080000,0x00000007c6080000,0x00000007c74c0000)
 ParOldGen       total 424576K, used 422196K [0x0000000700600000, 0x000000071a4a0000, 0x00000007aacb0000)
  object space 424576K, 99% used [0x0000000700600000,0x000000071a24d178,0x000000071a4a0000)
 PSPermGen       total 34944K, used 17750K [0x00000006fb400000, 0x00000006fd620000, 0x0000000700600000)
  object space 34944K, 50% used [0x00000006fb400000,0x00000006fc555a70,0x00000006fd620000)
Event: 38.835 GC heap after
Heap after GC invocations=17 (full 6):
 PSYoungGen      total 431680K, used 0K [0x00000007aacb0000, 0x00000007c74c0000, 0x0000000800000000)
  eden space 407104K, 0% used [0x00000007aacb0000,0x00000007aacb0000,0x00000007c3a40000)
  from space 24576K, 0% used [0x00000007c4880000,0x00000007c4880000,0x00000007c6080000)
  to   space 20736K, 0% used [0x00000007c6080000,0x00000007c6080000,0x00000007c74c0000)
 ParOldGen       total 227392K, used 21247K [0x0000000700600000, 0x000000070e410000, 0x00000007aacb0000)
  object space 227392K, 9% used [0x0000000700600000,0x0000000701abff80,0x000000070e410000)
 PSPermGen       total 33280K, used 17750K [0x00000006fb400000, 0x00000006fd480000, 0x0000000700600000)
  object space 33280K, 53% used [0x00000006fb400000,0x00000006fc555a50,0x00000006fd480000)
}

