# JRE version: 7.0_07-b11
# Java VM: Java HotSpot(TM) 64-Bit Server VM (23.3-b01 mixed mode windows-amd64 compressed oops)
Heap
 PSYoungGen      total 332800K, used 219779K [0x00000007aacb0000, 0x00000007c75a0000, 0x0000000800000000)
  eden space 260608K, 69% used [0x00000007aacb0000,0x00000007b5d3c120,0x00000007bab30000)
  from space 72192K, 54% used [0x00000007bab30000,0x00000007bd144dc8,0x00000007bf1b0000)
  to   space 70976K, 0% used [0x00000007c3050000,0x00000007c3050000,0x00000007c75a0000)
 ParOldGen       total 397120K, used 91112K [0x0000000700600000, 0x00000007189d0000, 0x00000007aacb0000)
  object space 397120K, 22% used [0x0000000700600000,0x0000000705efa3b8,0x00000007189d0000)
 PSPermGen       total 34176K, used 18114K [0x00000006fb400000, 0x00000006fd560000, 0x0000000700600000)
  object space 34176K, 53% used [0x00000006fb400000,0x00000006fc5b0900,0x00000006fd560000)
GC Heap History (10 events):
Event: 18.724 GC heap before
{Heap before GC invocations=17 (full 5):
 PSYoungGen      total 225920K, used 210415K [0x00000007aacb0000, 0x00000007c01a0000, 0x0000000800000000)
  eden space 159872K, 100% used [0x00000007aacb0000,0x00000007b48d0000,0x00000007b48d0000)
  from space 66048K, 76% used [0x00000007b48d0000,0x00000007b7a2beb0,0x00000007b8950000)
  to   space 69120K, 0% used [0x00000007bbe20000,0x00000007bbe20000,0x00000007c01a0000)
 ParOldGen       total 345472K, used 249496K [0x0000000700600000, 0x0000000715760000, 0x00000007aacb0000)
  object space 345472K, 72% used [0x0000000700600000,0x000000070f9a6230,0x0000000715760000)
 PSPermGen       total 35904K, used 18084K [0x00000006fb400000, 0x00000006fd710000, 0x0000000700600000)
  object space 35904K, 50% used [0x00000006fb400000,0x00000006fc5a9360,0x00000006fd710000)
Event: 18.731 GC heap after
Heap after GC invocations=17 (full 5):
 PSYoungGen      total 270528K, used 18481K [0x00000007aacb0000, 0x00000007bfc70000, 0x0000000800000000)
  eden space 206720K, 0% used [0x00000007aacb0000,0x00000007aacb0000,0x00000007b7690000)
  from space 63808K, 28% used [0x00000007bbe20000,0x00000007bd02c430,0x00000007bfc70000)
  to   space 68544K, 0% used [0x00000007b7690000,0x00000007b7690000,0x00000007bb980000)
 ParOldGen       total 345472K, used 249496K [0x0000000700600000, 0x0000000715760000, 0x00000007aacb0000)
  object space 345472K, 72% used [0x0000000700600000,0x000000070f9a6230,0x0000000715760000)
 PSPermGen       total 35904K, used 18084K [0x00000006fb400000, 0x00000006fd710000, 0x0000000700600000)
  object space 35904K, 50% used [0x00000006fb400000,0x00000006fc5a9360,0x00000006fd710000)
}
Event: 19.141 GC heap before
{Heap before GC invocations=18 (full 5):
 PSYoungGen      total 270528K, used 222691K [0x00000007aacb0000, 0x00000007bfc70000, 0x0000000800000000)
  eden space 206720K, 98% used [0x00000007aacb0000,0x00000007b741c830,0x00000007b7690000)
  from space 63808K, 28% used [0x00000007bbe20000,0x00000007bd02c430,0x00000007bfc70000)
  to   space 68544K, 0% used [0x00000007b7690000,0x00000007b7690000,0x00000007bb980000)
 ParOldGen       total 345472K, used 252913K [0x0000000700600000, 0x0000000715760000, 0x00000007aacb0000)
  object space 345472K, 73% used [0x0000000700600000,0x000000070fcfc700,0x0000000715760000)
 PSPermGen       total 35904K, used 18089K [0x00000006fb400000, 0x00000006fd710000, 0x0000000700600000)
  object space 35904K, 50% used [0x00000006fb400000,0x00000006fc5aa400,0x00000006fd710000)
Event: 19.147 GC heap after
Heap after GC invocations=18 (full 5):
 PSYoungGen      total 275264K, used 46367K [0x00000007aacb0000, 0x00000007c3710000, 0x0000000800000000)
  eden space 206720K, 0% used [0x00000007aacb0000,0x00000007aacb0000,0x00000007b7690000)
  from space 68544K, 67% used [0x00000007b7690000,0x00000007ba3d7c50,0x00000007bb980000)
  to   space 69824K, 0% used [0x00000007bf2e0000,0x00000007bf2e0000,0x00000007c3710000)
 ParOldGen       total 345472K, used 252913K [0x0000000700600000, 0x0000000715760000, 0x00000007aacb0000)
  object space 345472K, 73% used [0x0000000700600000,0x000000070fcfc700,0x0000000715760000)
 PSPermGen       total 35904K, used 18089K [0x00000006fb400000, 0x00000006fd710000, 0x0000000700600000)
  object space 35904K, 50% used [0x00000006fb400000,0x00000006fc5aa400,0x00000006fd710000)
}
Event: 19.725 GC heap before
{Heap before GC invocations=19 (full 6):
 PSYoungGen      total 275264K, used 253087K [0x00000007aacb0000, 0x00000007c3710000, 0x0000000800000000)
  eden space 206720K, 100% used [0x00000007aacb0000,0x00000007b7690000,0x00000007b7690000)
  from space 68544K, 67% used [0x00000007b7690000,0x00000007ba3d7c50,0x00000007bb980000)
  to   space 69824K, 0% used [0x00000007bf2e0000,0x00000007bf2e0000,0x00000007c3710000)
 ParOldGen       total 351552K, used 349236K [0x0000000700600000, 0x0000000715d50000, 0x00000007aacb0000)
  object space 351552K, 99% used [0x0000000700600000,0x0000000715b0d3f0,0x0000000715d50000)
 PSPermGen       total 35904K, used 18096K [0x00000006fb400000, 0x00000006fd710000, 0x0000000700600000)
  object space 35904K, 50% used [0x00000006fb400000,0x00000006fc5ac100,0x00000006fd710000)
Event: 19.750 GC heap after
Heap after GC invocations=19 (full 6):
 PSYoungGen      total 275264K, used 0K [0x00000007aacb0000, 0x00000007c3710000, 0x0000000800000000)
  eden space 206720K, 0% used [0x00000007aacb0000,0x00000007aacb0000,0x00000007b7690000)
  from space 68544K, 0% used [0x00000007b7690000,0x00000007b7690000,0x00000007bb980000)
  to   space 69824K, 0% used [0x00000007bf2e0000,0x00000007bf2e0000,0x00000007c3710000)
 ParOldGen       total 397120K, used 52936K [0x0000000700600000, 0x00000007189d0000, 0x00000007aacb0000)
  object space 397120K, 13% used [0x0000000700600000,0x00000007039b20e0,0x00000007189d0000)
 PSPermGen       total 34176K, used 18096K [0x00000006fb400000, 0x00000006fd560000, 0x0000000700600000)
  object space 34176K, 52% used [0x00000006fb400000,0x00000006fc5ac100,0x00000006fd560000)
}
Event: 20.258 GC heap before
{Heap before GC invocations=20 (full 6):
 PSYoungGen      total 275264K, used 206720K [0x00000007aacb0000, 0x00000007c3710000, 0x0000000800000000)
  eden space 206720K, 100% used [0x00000007aacb0000,0x00000007b7690000,0x00000007b7690000)
  from space 68544K, 0% used [0x00000007b7690000,0x00000007b7690000,0x00000007bb980000)
  to   space 69824K, 0% used [0x00000007bf2e0000,0x00000007bf2e0000,0x00000007c3710000)
 ParOldGen       total 397120K, used 91112K [0x0000000700600000, 0x00000007189d0000, 0x00000007aacb0000)
  object space 397120K, 22% used [0x0000000700600000,0x0000000705efa3b8,0x00000007189d0000)
 PSPermGen       total 34176K, used 18105K [0x00000006fb400000, 0x00000006fd560000, 0x0000000700600000)
  object space 34176K, 52% used [0x00000006fb400000,0x00000006fc5ae6c8,0x00000006fd560000)
Event: 20.259 GC heap after
Heap after GC invocations=20 (full 6):
 PSYoungGen      total 330432K, used 288K [0x00000007aacb0000, 0x00000007c3830000, 0x0000000800000000)
  eden space 260608K, 0% used [0x00000007aacb0000,0x00000007aacb0000,0x00000007bab30000)
  from space 69824K, 0% used [0x00000007bf2e0000,0x00000007bf328000,0x00000007c3710000)
  to   space 72192K, 0% used [0x00000007bab30000,0x00000007bab30000,0x00000007bf1b0000)
 ParOldGen       total 397120K, used 91112K [0x0000000700600000, 0x00000007189d0000, 0x00000007aacb0000)
  object space 397120K, 22% used [0x0000000700600000,0x0000000705efa3b8,0x00000007189d0000)
 PSPermGen       total 34176K, used 18105K [0x00000006fb400000, 0x00000006fd560000, 0x0000000700600000)
  object space 34176K, 52% used [0x00000006fb400000,0x00000006fc5ae6c8,0x00000006fd560000)
}
Event: 20.734 GC heap before
{Heap before GC invocations=21 (full 6):
 PSYoungGen      total 330432K, used 259251K [0x00000007aacb0000, 0x00000007c3830000, 0x0000000800000000)
  eden space 260608K, 99% used [0x00000007aacb0000,0x00000007ba994ce8,0x00000007bab30000)
  from space 69824K, 0% used [0x00000007bf2e0000,0x00000007bf328000,0x00000007c3710000)
  to   space 72192K, 0% used [0x00000007bab30000,0x00000007bab30000,0x00000007bf1b0000)
 ParOldGen       total 397120K, used 91112K [0x0000000700600000, 0x00000007189d0000, 0x00000007aacb0000)
  object space 397120K, 22% used [0x0000000700600000,0x0000000705efa3b8,0x00000007189d0000)
 PSPermGen       total 34176K, used 18113K [0x00000006fb400000, 0x00000006fd560000, 0x0000000700600000)
  object space 34176K, 53% used [0x00000006fb400000,0x00000006fc5b0610,0x00000006fd560000)
Event: 20.740 GC heap after
Heap after GC invocations=21 (full 6):
 PSYoungGen      total 332800K, used 38995K [0x00000007aacb0000, 0x00000007c75a0000, 0x0000000800000000)
  eden space 260608K, 0% used [0x00000007aacb0000,0x00000007aacb0000,0x00000007bab30000)
  from space 72192K, 54% used [0x00000007bab30000,0x00000007bd144dc8,0x00000007bf1b0000)
  to   space 70976K, 0% used [0x00000007c3050000,0x00000007c3050000,0x00000007c75a0000)
 ParOldGen       total 397120K, used 91112K [0x0000000700600000, 0x00000007189d0000, 0x00000007aacb0000)
  object space 397120K, 22% used [0x0000000700600000,0x0000000705efa3b8,0x00000007189d0000)
 PSPermGen       total 34176K, used 18113K [0x00000006fb400000, 0x00000006fd560000, 0x0000000700600000)
  object space 34176K, 53% used [0x00000006fb400000,0x00000006fc5b0610,0x00000006fd560000)
}

