# JRE version: 7.0_07-b11
# Java VM: Java HotSpot(TM) 64-Bit Server VM (23.3-b01 mixed mode windows-amd64 compressed oops)
Heap
 PSYoungGen      total 351808K, used 253209K [0x00000007aacb0000, 0x00000007c15e0000, 0x0000000800000000)
  eden space 340416K, 71% used [0x00000007aacb0000,0x00000007b99ab720,0x00000007bf920000)
  from space 11392K, 92% used [0x00000007c0ac0000,0x00000007c150ae70,0x00000007c15e0000)
  to   space 14720K, 0% used [0x00000007bf920000,0x00000007bf920000,0x00000007c0780000)
 ParOldGen       total 467840K, used 45895K [0x0000000700600000, 0x000000071cee0000, 0x00000007aacb0000)
  object space 467840K, 9% used [0x0000000700600000,0x00000007032d1f20,0x000000071cee0000)
 PSPermGen       total 32704K, used 18177K [0x00000006fb400000, 0x00000006fd3f0000, 0x0000000700600000)
  object space 32704K, 55% used [0x00000006fb400000,0x00000006fc5c0798,0x00000006fd3f0000)
GC Heap History (10 events):
Event: 25.737 GC heap before
{Heap before GC invocations=27 (full 6):
 PSYoungGen      total 288000K, used 275661K [0x00000007aacb0000, 0x00000007bd530000, 0x0000000800000000)
  eden space 276864K, 99% used [0x00000007aacb0000,0x00000007bb9ab680,0x00000007bbb10000)
  from space 11136K, 2% used [0x00000007bca50000,0x00000007bca88000,0x00000007bd530000)
  to   space 13376K, 0% used [0x00000007bbb10000,0x00000007bbb10000,0x00000007bc820000)
 ParOldGen       total 396352K, used 336743K [0x0000000700600000, 0x0000000718910000, 0x00000007aacb0000)
  object space 396352K, 84% used [0x0000000700600000,0x0000000714ed9c68,0x0000000718910000)
 PSPermGen       total 34240K, used 18142K [0x00000006fb400000, 0x00000006fd570000, 0x0000000700600000)
  object space 34240K, 52% used [0x00000006fb400000,0x00000006fc5b7848,0x00000006fd570000)
Event: 25.743 GC heap after
Heap after GC invocations=27 (full 6):
 PSYoungGen      total 290240K, used 10571K [0x00000007aacb0000, 0x00000007bf0a0000, 0x0000000800000000)
  eden space 276864K, 0% used [0x00000007aacb0000,0x00000007aacb0000,0x00000007bbb10000)
  from space 13376K, 79% used [0x00000007bbb10000,0x00000007bc562e70,0x00000007bc820000)
  to   space 13376K, 0% used [0x00000007be390000,0x00000007be390000,0x00000007bf0a0000)
 ParOldGen       total 396352K, used 354968K [0x0000000700600000, 0x0000000718910000, 0x00000007aacb0000)
  object space 396352K, 89% used [0x0000000700600000,0x00000007160a6098,0x0000000718910000)
 PSPermGen       total 34240K, used 18142K [0x00000006fb400000, 0x00000006fd570000, 0x0000000700600000)
  object space 34240K, 52% used [0x00000006fb400000,0x00000006fc5b7848,0x00000006fd570000)
}
Event: 26.708 GC heap before
{Heap before GC invocations=28 (full 6):
 PSYoungGen      total 290240K, used 286018K [0x00000007aacb0000, 0x00000007bf0a0000, 0x0000000800000000)
  eden space 276864K, 99% used [0x00000007aacb0000,0x00000007bb9adc48,0x00000007bbb10000)
  from space 13376K, 79% used [0x00000007bbb10000,0x00000007bc562e70,0x00000007bc820000)
  to   space 13376K, 0% used [0x00000007be390000,0x00000007be390000,0x00000007bf0a0000)
 ParOldGen       total 396352K, used 354968K [0x0000000700600000, 0x0000000718910000, 0x00000007aacb0000)
  object space 396352K, 89% used [0x0000000700600000,0x00000007160a6098,0x0000000718910000)
 PSPermGen       total 34240K, used 18142K [0x00000006fb400000, 0x00000006fd570000, 0x0000000700600000)
  object space 34240K, 52% used [0x00000006fb400000,0x00000006fc5b7908,0x00000006fd570000)
Event: 26.714 GC heap after
Heap after GC invocations=28 (full 6):
 PSYoungGen      total 317376K, used 13261K [0x00000007aacb0000, 0x00000007bf550000, 0x0000000800000000)
  eden space 304000K, 0% used [0x00000007aacb0000,0x00000007aacb0000,0x00000007bd590000)
  from space 13376K, 99% used [0x00000007be390000,0x00000007bf0835b0,0x00000007bf0a0000)
  to   space 14336K, 0% used [0x00000007bd590000,0x00000007bd590000,0x00000007be390000)
 ParOldGen       total 396352K, used 370535K [0x0000000700600000, 0x0000000718910000, 0x00000007aacb0000)
  object space 396352K, 93% used [0x0000000700600000,0x0000000716fd9d88,0x0000000718910000)
 PSPermGen       total 34240K, used 18142K [0x00000006fb400000, 0x00000006fd570000, 0x0000000700600000)
  object space 34240K, 52% used [0x00000006fb400000,0x00000006fc5b7908,0x00000006fd570000)
}
Event: 26.714 GC heap before
{Heap before GC invocations=29 (full 7):
 PSYoungGen      total 317376K, used 13261K [0x00000007aacb0000, 0x00000007bf550000, 0x0000000800000000)
  eden space 304000K, 0% used [0x00000007aacb0000,0x00000007aacb0000,0x00000007bd590000)
  from space 13376K, 99% used [0x00000007be390000,0x00000007bf0835b0,0x00000007bf0a0000)
  to   space 14336K, 0% used [0x00000007bd590000,0x00000007bd590000,0x00000007be390000)
 ParOldGen       total 396352K, used 370535K [0x0000000700600000, 0x0000000718910000, 0x00000007aacb0000)
  object space 396352K, 93% used [0x0000000700600000,0x0000000716fd9d88,0x0000000718910000)
 PSPermGen       total 34240K, used 18142K [0x00000006fb400000, 0x00000006fd570000, 0x0000000700600000)
  object space 34240K, 52% used [0x00000006fb400000,0x00000006fc5b7908,0x00000006fd570000)
Event: 26.737 GC heap after
Heap after GC invocations=29 (full 7):
 PSYoungGen      total 317376K, used 0K [0x00000007aacb0000, 0x00000007bf550000, 0x0000000800000000)
  eden space 304000K, 0% used [0x00000007aacb0000,0x00000007aacb0000,0x00000007bd590000)
  from space 13376K, 0% used [0x00000007be390000,0x00000007be390000,0x00000007bf0a0000)
  to   space 14336K, 0% used [0x00000007bd590000,0x00000007bd590000,0x00000007be390000)
 ParOldGen       total 467840K, used 20076K [0x0000000700600000, 0x000000071cee0000, 0x00000007aacb0000)
  object space 467840K, 4% used [0x0000000700600000,0x000000070199b3c0,0x000000071cee0000)
 PSPermGen       total 32704K, used 18142K [0x00000006fb400000, 0x00000006fd3f0000, 0x0000000700600000)
  object space 32704K, 55% used [0x00000006fb400000,0x00000006fc5b7908,0x00000006fd3f0000)
}
Event: 27.775 GC heap before
{Heap before GC invocations=30 (full 7):
 PSYoungGen      total 317376K, used 303972K [0x00000007aacb0000, 0x00000007bf550000, 0x0000000800000000)
  eden space 304000K, 99% used [0x00000007aacb0000,0x00000007bd589060,0x00000007bd590000)
  from space 13376K, 0% used [0x00000007be390000,0x00000007be390000,0x00000007bf0a0000)
  to   space 14336K, 0% used [0x00000007bd590000,0x00000007bd590000,0x00000007be390000)
 ParOldGen       total 467840K, used 20076K [0x0000000700600000, 0x000000071cee0000, 0x00000007aacb0000)
  object space 467840K, 4% used [0x0000000700600000,0x000000070199b3c0,0x000000071cee0000)
 PSPermGen       total 32704K, used 18145K [0x00000006fb400000, 0x00000006fd3f0000, 0x0000000700600000)
  object space 32704K, 55% used [0x00000006fb400000,0x00000006fc5b87d0,0x00000006fd3f0000)
Event: 27.781 GC heap after
Heap after GC invocations=30 (full 7):
 PSYoungGen      total 318336K, used 13165K [0x00000007aacb0000, 0x00000007c1980000, 0x0000000800000000)
  eden space 304000K, 0% used [0x00000007aacb0000,0x00000007aacb0000,0x00000007bd590000)
  from space 14336K, 91% used [0x00000007bd590000,0x00000007be26b5b0,0x00000007be390000)
  to   space 15104K, 0% used [0x00000007c0ac0000,0x00000007c0ac0000,0x00000007c1980000)
 ParOldGen       total 467840K, used 45895K [0x0000000700600000, 0x000000071cee0000, 0x00000007aacb0000)
  object space 467840K, 9% used [0x0000000700600000,0x00000007032d1f20,0x000000071cee0000)
 PSPermGen       total 32704K, used 18145K [0x00000006fb400000, 0x00000006fd3f0000, 0x0000000700600000)
  object space 32704K, 55% used [0x00000006fb400000,0x00000006fc5b87d0,0x00000006fd3f0000)
}
Event: 28.853 GC heap before
{Heap before GC invocations=31 (full 7):
 PSYoungGen      total 318336K, used 311347K [0x00000007aacb0000, 0x00000007c1980000, 0x0000000800000000)
  eden space 304000K, 98% used [0x00000007aacb0000,0x00000007bcfe1a00,0x00000007bd590000)
  from space 14336K, 91% used [0x00000007bd590000,0x00000007be26b5b0,0x00000007be390000)
  to   space 15104K, 0% used [0x00000007c0ac0000,0x00000007c0ac0000,0x00000007c1980000)
 ParOldGen       total 467840K, used 45895K [0x0000000700600000, 0x000000071cee0000, 0x00000007aacb0000)
  object space 467840K, 9% used [0x0000000700600000,0x00000007032d1f20,0x000000071cee0000)
 PSPermGen       total 32704K, used 18153K [0x00000006fb400000, 0x00000006fd3f0000, 0x0000000700600000)
  object space 32704K, 55% used [0x00000006fb400000,0x00000006fc5ba768,0x00000006fd3f0000)
Event: 28.856 GC heap after
Heap after GC invocations=31 (full 7):
 PSYoungGen      total 351808K, used 10539K [0x00000007aacb0000, 0x00000007c15e0000, 0x0000000800000000)
  eden space 340416K, 0% used [0x00000007aacb0000,0x00000007aacb0000,0x00000007bf920000)
  from space 11392K, 92% used [0x00000007c0ac0000,0x00000007c150ae70,0x00000007c15e0000)
  to   space 14720K, 0% used [0x00000007bf920000,0x00000007bf920000,0x00000007c0780000)
 ParOldGen       total 467840K, used 45895K [0x0000000700600000, 0x000000071cee0000, 0x00000007aacb0000)
  object space 467840K, 9% used [0x0000000700600000,0x00000007032d1f20,0x000000071cee0000)
 PSPermGen       total 32704K, used 18153K [0x00000006fb400000, 0x00000006fd3f0000, 0x0000000700600000)
  object space 32704K, 55% used [0x00000006fb400000,0x00000006fc5ba768,0x00000006fd3f0000)
}

