# JRE version: 7.0_07-b11
# Java VM: Java HotSpot(TM) 64-Bit Server VM (23.3-b01 mixed mode windows-amd64 compressed oops)
Heap
 PSYoungGen      total 1147072K, used 27509K [0x00000007aacb0000, 0x00000007f6710000, 0x0000000800000000)
  eden space 1128576K, 0% used [0x00000007aacb0000,0x00000007ab581310,0x00000007efad0000)
  from space 18496K, 99% used [0x00000007f3720000,0x00000007f492c430,0x00000007f4930000)
  to   space 30592K, 0% used [0x00000007f4930000,0x00000007f4930000,0x00000007f6710000)
 ParOldGen       total 134080K, used 47797K [0x0000000700600000, 0x00000007088f0000, 0x00000007aacb0000)
  object space 134080K, 35% used [0x0000000700600000,0x00000007034ad5f8,0x00000007088f0000)
 PSPermGen       total 36224K, used 17924K [0x00000006fb400000, 0x00000006fd760000, 0x0000000700600000)
  object space 36224K, 49% used [0x00000006fb400000,0x00000006fc581130,0x00000006fd760000)
GC Heap History (10 events):
Event: 11.811 GC heap before
{Heap before GC invocations=9 (full 0):
 PSYoungGen      total 555648K, used 546900K [0x00000007aacb0000, 0x00000007cead0000, 0x0000000800000000)
  eden space 523776K, 99% used [0x00000007aacb0000,0x00000007ca790480,0x00000007cac30000)
  from space 31872K, 87% used [0x00000007ccbb0000,0x00000007ce6e4bc0,0x00000007cead0000)
  to   space 32064K, 0% used [0x00000007cac30000,0x00000007cac30000,0x00000007ccb80000)
 ParOldGen       total 174528K, used 132297K [0x0000000700600000, 0x000000070b070000, 0x00000007aacb0000)
  object space 174528K, 75% used [0x0000000700600000,0x0000000708732760,0x000000070b070000)
 PSPermGen       total 21248K, used 17810K [0x00000006fb400000, 0x00000006fc8c0000, 0x0000000700600000)
  object space 21248K, 83% used [0x00000006fb400000,0x00000006fc564a90,0x00000006fc8c0000)
Event: 11.834 GC heap after
Heap after GC invocations=9 (full 0):
 PSYoungGen      total 555840K, used 29590K [0x00000007aacb0000, 0x00000007e1dc0000, 0x0000000800000000)
  eden space 523776K, 0% used [0x00000007aacb0000,0x00000007aacb0000,0x00000007cac30000)
  from space 32064K, 92% used [0x00000007cac30000,0x00000007cc915980,0x00000007ccb80000)
  to   space 32064K, 0% used [0x00000007dfe70000,0x00000007dfe70000,0x00000007e1dc0000)
 ParOldGen       total 174528K, used 144471K [0x0000000700600000, 0x000000070b070000, 0x00000007aacb0000)
  object space 174528K, 82% used [0x0000000700600000,0x0000000709315f80,0x000000070b070000)
 PSPermGen       total 21248K, used 17810K [0x00000006fb400000, 0x00000006fc8c0000, 0x0000000700600000)
  object space 21248K, 83% used [0x00000006fb400000,0x00000006fc564a90,0x00000006fc8c0000)
}
Event: 14.644 GC heap before
{Heap before GC invocations=10 (full 0):
 PSYoungGen      total 555840K, used 550001K [0x00000007aacb0000, 0x00000007e1dc0000, 0x0000000800000000)
  eden space 523776K, 99% used [0x00000007aacb0000,0x00000007ca8e6d98,0x00000007cac30000)
  from space 32064K, 92% used [0x00000007cac30000,0x00000007cc915980,0x00000007ccb80000)
  to   space 32064K, 0% used [0x00000007dfe70000,0x00000007dfe70000,0x00000007e1dc0000)
 ParOldGen       total 174528K, used 144471K [0x0000000700600000, 0x000000070b070000, 0x00000007aacb0000)
  object space 174528K, 82% used [0x0000000700600000,0x0000000709315f80,0x000000070b070000)
 PSPermGen       total 21248K, used 17831K [0x00000006fb400000, 0x00000006fc8c0000, 0x0000000700600000)
  object space 21248K, 83% used [0x00000006fb400000,0x00000006fc569fb0,0x00000006fc8c0000)
Event: 14.678 GC heap after
Heap after GC invocations=10 (full 0):
 PSYoungGen      total 869760K, used 27922K [0x00000007aacb0000, 0x00000007e1d60000, 0x0000000800000000)
  eden space 838080K, 0% used [0x00000007aacb0000,0x00000007aacb0000,0x00000007ddf20000)
  from space 31680K, 88% used [0x00000007dfe70000,0x00000007e19b4bc0,0x00000007e1d60000)
  to   space 31872K, 0% used [0x00000007ddf20000,0x00000007ddf20000,0x00000007dfe40000)
 ParOldGen       total 182272K, used 181580K [0x0000000700600000, 0x000000070b800000, 0x00000007aacb0000)
  object space 182272K, 99% used [0x0000000700600000,0x000000070b7532d0,0x000000070b800000)
 PSPermGen       total 21248K, used 17831K [0x00000006fb400000, 0x00000006fc8c0000, 0x0000000700600000)
  object space 21248K, 83% used [0x00000006fb400000,0x00000006fc569fb0,0x00000006fc8c0000)
}
Event: 14.678 GC heap before
{Heap before GC invocations=11 (full 1):
 PSYoungGen      total 869760K, used 27922K [0x00000007aacb0000, 0x00000007e1d60000, 0x0000000800000000)
  eden space 838080K, 0% used [0x00000007aacb0000,0x00000007aacb0000,0x00000007ddf20000)
  from space 31680K, 88% used [0x00000007dfe70000,0x00000007e19b4bc0,0x00000007e1d60000)
  to   space 31872K, 0% used [0x00000007ddf20000,0x00000007ddf20000,0x00000007dfe40000)
 ParOldGen       total 182272K, used 181580K [0x0000000700600000, 0x000000070b800000, 0x00000007aacb0000)
  object space 182272K, 99% used [0x0000000700600000,0x000000070b7532d0,0x000000070b800000)
 PSPermGen       total 21248K, used 17831K [0x00000006fb400000, 0x00000006fc8c0000, 0x0000000700600000)
  object space 21248K, 83% used [0x00000006fb400000,0x00000006fc569fb0,0x00000006fc8c0000)
Event: 14.734 GC heap after
Heap after GC invocations=11 (full 1):
 PSYoungGen      total 869760K, used 0K [0x00000007aacb0000, 0x00000007e1d60000, 0x0000000800000000)
  eden space 838080K, 0% used [0x00000007aacb0000,0x00000007aacb0000,0x00000007ddf20000)
  from space 31680K, 0% used [0x00000007dfe70000,0x00000007dfe70000,0x00000007e1d60000)
  to   space 31872K, 0% used [0x00000007ddf20000,0x00000007ddf20000,0x00000007dfe40000)
 ParOldGen       total 134080K, used 23409K [0x0000000700600000, 0x00000007088f0000, 0x00000007aacb0000)
  object space 134080K, 17% used [0x0000000700600000,0x0000000701cdc5b8,0x00000007088f0000)
 PSPermGen       total 36224K, used 17825K [0x00000006fb400000, 0x00000006fd760000, 0x0000000700600000)
  object space 36224K, 49% used [0x00000006fb400000,0x00000006fc568518,0x00000006fd760000)
}
Event: 19.349 GC heap before
{Heap before GC invocations=12 (full 1):
 PSYoungGen      total 869760K, used 834857K [0x00000007aacb0000, 0x00000007e1d60000, 0x0000000800000000)
  eden space 838080K, 99% used [0x00000007aacb0000,0x00000007ddbfa5a8,0x00000007ddf20000)
  from space 31680K, 0% used [0x00000007dfe70000,0x00000007dfe70000,0x00000007e1d60000)
  to   space 31872K, 0% used [0x00000007ddf20000,0x00000007ddf20000,0x00000007dfe40000)
 ParOldGen       total 134080K, used 23409K [0x0000000700600000, 0x00000007088f0000, 0x00000007aacb0000)
  object space 134080K, 17% used [0x0000000700600000,0x0000000701cdc5b8,0x00000007088f0000)
 PSPermGen       total 36224K, used 17847K [0x00000006fb400000, 0x00000006fd760000, 0x0000000700600000)
  object space 36224K, 49% used [0x00000006fb400000,0x00000006fc56de28,0x00000006fd760000)
Event: 19.364 GC heap after
Heap after GC invocations=12 (full 1):
 PSYoungGen      total 869952K, used 30663K [0x00000007aacb0000, 0x00000007f8680000, 0x0000000800000000)
  eden space 838080K, 0% used [0x00000007aacb0000,0x00000007aacb0000,0x00000007ddf20000)
  from space 31872K, 96% used [0x00000007ddf20000,0x00000007dfd11c50,0x00000007dfe40000)
  to   space 32256K, 0% used [0x00000007f6700000,0x00000007f6700000,0x00000007f8680000)
 ParOldGen       total 134080K, used 29484K [0x0000000700600000, 0x00000007088f0000, 0x00000007aacb0000)
  object space 134080K, 21% used [0x0000000700600000,0x00000007022cb1c8,0x00000007088f0000)
 PSPermGen       total 36224K, used 17847K [0x00000006fb400000, 0x00000006fd760000, 0x0000000700600000)
  object space 36224K, 49% used [0x00000006fb400000,0x00000006fc56de28,0x00000006fd760000)
}
Event: 23.948 GC heap before
{Heap before GC invocations=13 (full 1):
 PSYoungGen      total 869952K, used 865267K [0x00000007aacb0000, 0x00000007f8680000, 0x0000000800000000)
  eden space 838080K, 99% used [0x00000007aacb0000,0x00000007ddbbb248,0x00000007ddf20000)
  from space 31872K, 96% used [0x00000007ddf20000,0x00000007dfd11c50,0x00000007dfe40000)
  to   space 32256K, 0% used [0x00000007f6700000,0x00000007f6700000,0x00000007f8680000)
 ParOldGen       total 134080K, used 29484K [0x0000000700600000, 0x00000007088f0000, 0x00000007aacb0000)
  object space 134080K, 21% used [0x0000000700600000,0x00000007022cb1c8,0x00000007088f0000)
 PSPermGen       total 36224K, used 17864K [0x00000006fb400000, 0x00000006fd760000, 0x0000000700600000)
  object space 36224K, 49% used [0x00000006fb400000,0x00000006fc5721d0,0x00000006fd760000)
Event: 23.958 GC heap after
Heap after GC invocations=13 (full 1):
 PSYoungGen      total 1202432K, used 18385K [0x00000007aacb0000, 0x00000007f7900000, 0x0000000800000000)
  eden space 1184000K, 0% used [0x00000007aacb0000,0x00000007aacb0000,0x00000007f30f0000)
  from space 18432K, 99% used [0x00000007f6700000,0x00000007f78f4430,0x00000007f7900000)
  to   space 33728K, 0% used [0x00000007f3720000,0x00000007f3720000,0x00000007f5810000)
 ParOldGen       total 134080K, used 47781K [0x0000000700600000, 0x00000007088f0000, 0x00000007aacb0000)
  object space 134080K, 35% used [0x0000000700600000,0x00000007034a95f8,0x00000007088f0000)
 PSPermGen       total 36224K, used 17864K [0x00000006fb400000, 0x00000006fd760000, 0x0000000700600000)
  object space 36224K, 49% used [0x00000006fb400000,0x00000006fc5721d0,0x00000006fd760000)
}

