# JRE version: 7.0_07-b11
# Java VM: Java HotSpot(TM) 64-Bit Server VM (23.3-b01 mixed mode windows-amd64 compressed oops)
Heap
 PSYoungGen      total 823936K, used 400305K [0x00000007aacb0000, 0x00000007e25d0000, 0x0000000800000000)
  eden space 771008K, 45% used [0x00000007aacb0000,0x00000007c01aa0f8,0x00000007d9da0000)
  from space 52928K, 96% used [0x00000007dd930000,0x00000007e0b225c8,0x00000007e0ce0000)
  to   space 60992K, 0% used [0x00000007d9da0000,0x00000007d9da0000,0x00000007dd930000)
 ParOldGen       total 262016K, used 35533K [0x0000000700600000, 0x00000007105e0000, 0x00000007aacb0000)
  object space 262016K, 13% used [0x0000000700600000,0x00000007028b3600,0x00000007105e0000)
 PSPermGen       total 37632K, used 18035K [0x00000006fb400000, 0x00000006fd8c0000, 0x0000000700600000)
  object space 37632K, 47% used [0x00000006fb400000,0x00000006fc59cf18,0x00000006fd8c0000)
GC Heap History (10 events):
Event: 13.061 GC heap before
{Heap before GC invocations=16 (full 3):
 PSYoungGen      total 549952K, used 520392K [0x00000007aacb0000, 0x00000007d0710000, 0x0000000800000000)
  eden space 504832K, 99% used [0x00000007aacb0000,0x00000007c96e5f78,0x00000007c99b0000)
  from space 45120K, 40% used [0x00000007cdb00000,0x00000007cecfc430,0x00000007d0710000)
  to   space 56000K, 0% used [0x00000007c99b0000,0x00000007c99b0000,0x00000007cd060000)
 ParOldGen       total 224256K, used 112921K [0x0000000700600000, 0x000000070e100000, 0x00000007aacb0000)
  object space 224256K, 50% used [0x0000000700600000,0x0000000707446460,0x000000070e100000)
 PSPermGen       total 39232K, used 17986K [0x00000006fb400000, 0x00000006fda50000, 0x0000000700600000)
  object space 39232K, 45% used [0x00000006fb400000,0x00000006fc590830,0x00000006fda50000)
Event: 13.071 GC heap after
Heap after GC invocations=16 (full 3):
 PSYoungGen      total 560832K, used 25095K [0x00000007aacb0000, 0x00000007d9210000, 0x0000000800000000)
  eden space 504832K, 0% used [0x00000007aacb0000,0x00000007aacb0000,0x00000007c99b0000)
  from space 56000K, 44% used [0x00000007c99b0000,0x00000007cb231f68,0x00000007cd060000)
  to   space 53248K, 0% used [0x00000007d5e10000,0x00000007d5e10000,0x00000007d9210000)
 ParOldGen       total 224256K, used 119036K [0x0000000700600000, 0x000000070e100000, 0x00000007aacb0000)
  object space 224256K, 53% used [0x0000000700600000,0x0000000707a3f070,0x000000070e100000)
 PSPermGen       total 39232K, used 17986K [0x00000006fb400000, 0x00000006fda50000, 0x0000000700600000)
  object space 39232K, 45% used [0x00000006fb400000,0x00000006fc590830,0x00000006fda50000)
}
Event: 14.061 GC heap before
{Heap before GC invocations=17 (full 3):
 PSYoungGen      total 560832K, used 529927K [0x00000007aacb0000, 0x00000007d9210000, 0x0000000800000000)
  eden space 504832K, 100% used [0x00000007aacb0000,0x00000007c99b0000,0x00000007c99b0000)
  from space 56000K, 44% used [0x00000007c99b0000,0x00000007cb231f68,0x00000007cd060000)
  to   space 53248K, 0% used [0x00000007d5e10000,0x00000007d5e10000,0x00000007d9210000)
 ParOldGen       total 224256K, used 185616K [0x0000000700600000, 0x000000070e100000, 0x00000007aacb0000)
  object space 224256K, 82% used [0x0000000700600000,0x000000070bb441f8,0x000000070e100000)
 PSPermGen       total 39232K, used 17990K [0x00000006fb400000, 0x00000006fda50000, 0x0000000700600000)
  object space 39232K, 45% used [0x00000006fb400000,0x00000006fc591b68,0x00000006fda50000)
Event: 14.063 GC heap after
Heap after GC invocations=17 (full 3):
 PSYoungGen      total 670592K, used 224K [0x00000007aacb0000, 0x00000007d81f0000, 0x0000000800000000)
  eden space 633856K, 0% used [0x00000007aacb0000,0x00000007aacb0000,0x00000007d17b0000)
  from space 36736K, 0% used [0x00000007d5e10000,0x00000007d5e48000,0x00000007d81f0000)
  to   space 54400K, 0% used [0x00000007d17b0000,0x00000007d17b0000,0x00000007d4cd0000)
 ParOldGen       total 224256K, used 191723K [0x0000000700600000, 0x000000070e100000, 0x00000007aacb0000)
  object space 224256K, 85% used [0x0000000700600000,0x000000070c13ae28,0x000000070e100000)
 PSPermGen       total 39232K, used 17990K [0x00000006fb400000, 0x00000006fda50000, 0x0000000700600000)
  object space 39232K, 45% used [0x00000006fb400000,0x00000006fc591b68,0x00000006fda50000)
}
Event: 15.161 GC heap before
{Heap before GC invocations=18 (full 3):
 PSYoungGen      total 670592K, used 633174K [0x00000007aacb0000, 0x00000007d81f0000, 0x0000000800000000)
  eden space 633856K, 99% used [0x00000007aacb0000,0x00000007d16cd898,0x00000007d17b0000)
  from space 36736K, 0% used [0x00000007d5e10000,0x00000007d5e48000,0x00000007d81f0000)
  to   space 54400K, 0% used [0x00000007d17b0000,0x00000007d17b0000,0x00000007d4cd0000)
 ParOldGen       total 224256K, used 193748K [0x0000000700600000, 0x000000070e100000, 0x00000007aacb0000)
  object space 224256K, 86% used [0x0000000700600000,0x000000070c335238,0x000000070e100000)
 PSPermGen       total 39232K, used 17997K [0x00000006fb400000, 0x00000006fda50000, 0x0000000700600000)
  object space 39232K, 45% used [0x00000006fb400000,0x00000006fc5934e0,0x00000006fda50000)
Event: 15.164 GC heap after
Heap after GC invocations=18 (full 3):
 PSYoungGen      total 688256K, used 11122K [0x00000007aacb0000, 0x00000007e0ce0000, 0x0000000800000000)
  eden space 633856K, 0% used [0x00000007aacb0000,0x00000007aacb0000,0x00000007d17b0000)
  from space 54400K, 20% used [0x00000007d17b0000,0x00000007d228c9d0,0x00000007d4cd0000)
  to   space 52928K, 0% used [0x00000007dd930000,0x00000007dd930000,0x00000007e0ce0000)
 ParOldGen       total 224256K, used 193748K [0x0000000700600000, 0x000000070e100000, 0x00000007aacb0000)
  object space 224256K, 86% used [0x0000000700600000,0x000000070c335238,0x000000070e100000)
 PSPermGen       total 39232K, used 17997K [0x00000006fb400000, 0x00000006fda50000, 0x0000000700600000)
  object space 39232K, 45% used [0x00000006fb400000,0x00000006fc5934e0,0x00000006fda50000)
}
Event: 16.344 GC heap before
{Heap before GC invocations=19 (full 4):
 PSYoungGen      total 688256K, used 644978K [0x00000007aacb0000, 0x00000007e0ce0000, 0x0000000800000000)
  eden space 633856K, 100% used [0x00000007aacb0000,0x00000007d17b0000,0x00000007d17b0000)
  from space 54400K, 20% used [0x00000007d17b0000,0x00000007d228c9d0,0x00000007d4cd0000)
  to   space 52928K, 0% used [0x00000007dd930000,0x00000007dd930000,0x00000007e0ce0000)
 ParOldGen       total 253632K, used 253291K [0x0000000700600000, 0x000000070fdb0000, 0x00000007aacb0000)
  object space 253632K, 99% used [0x0000000700600000,0x000000070fd5ac90,0x000000070fdb0000)
 PSPermGen       total 39232K, used 17999K [0x00000006fb400000, 0x00000006fda50000, 0x0000000700600000)
  object space 39232K, 45% used [0x00000006fb400000,0x00000006fc593c98,0x00000006fda50000)
Event: 16.370 GC heap after
Heap after GC invocations=19 (full 4):
 PSYoungGen      total 688256K, used 0K [0x00000007aacb0000, 0x00000007e0ce0000, 0x0000000800000000)
  eden space 633856K, 0% used [0x00000007aacb0000,0x00000007aacb0000,0x00000007d17b0000)
  from space 54400K, 0% used [0x00000007d17b0000,0x00000007d17b0000,0x00000007d4cd0000)
  to   space 52928K, 0% used [0x00000007dd930000,0x00000007dd930000,0x00000007e0ce0000)
 ParOldGen       total 262016K, used 35533K [0x0000000700600000, 0x00000007105e0000, 0x00000007aacb0000)
  object space 262016K, 13% used [0x0000000700600000,0x00000007028b3600,0x00000007105e0000)
 PSPermGen       total 37632K, used 17999K [0x00000006fb400000, 0x00000006fd8c0000, 0x0000000700600000)
  object space 37632K, 47% used [0x00000006fb400000,0x00000006fc593c98,0x00000006fd8c0000)
}
Event: 17.441 GC heap before
{Heap before GC invocations=20 (full 4):
 PSYoungGen      total 688256K, used 631015K [0x00000007aacb0000, 0x00000007e0ce0000, 0x0000000800000000)
  eden space 633856K, 99% used [0x00000007aacb0000,0x00000007d14e9fc8,0x00000007d17b0000)
  from space 54400K, 0% used [0x00000007d17b0000,0x00000007d17b0000,0x00000007d4cd0000)
  to   space 52928K, 0% used [0x00000007dd930000,0x00000007dd930000,0x00000007e0ce0000)
 ParOldGen       total 262016K, used 35533K [0x0000000700600000, 0x00000007105e0000, 0x00000007aacb0000)
  object space 262016K, 13% used [0x0000000700600000,0x00000007028b3600,0x00000007105e0000)
 PSPermGen       total 37632K, used 18002K [0x00000006fb400000, 0x00000006fd8c0000, 0x0000000700600000)
  object space 37632K, 47% used [0x00000006fb400000,0x00000006fc594998,0x00000006fd8c0000)
Event: 17.454 GC heap after
Heap after GC invocations=20 (full 4):
 PSYoungGen      total 823936K, used 51145K [0x00000007aacb0000, 0x00000007e25d0000, 0x0000000800000000)
  eden space 771008K, 0% used [0x00000007aacb0000,0x00000007aacb0000,0x00000007d9da0000)
  from space 52928K, 96% used [0x00000007dd930000,0x00000007e0b225c8,0x00000007e0ce0000)
  to   space 60992K, 0% used [0x00000007d9da0000,0x00000007d9da0000,0x00000007dd930000)
 ParOldGen       total 262016K, used 35533K [0x0000000700600000, 0x00000007105e0000, 0x00000007aacb0000)
  object space 262016K, 13% used [0x0000000700600000,0x00000007028b3600,0x00000007105e0000)
 PSPermGen       total 37632K, used 18002K [0x00000006fb400000, 0x00000006fd8c0000, 0x0000000700600000)
  object space 37632K, 47% used [0x00000006fb400000,0x00000006fc594998,0x00000006fd8c0000)
}

