# JRE version: 7.0_07-b11
# Java VM: Java HotSpot(TM) 64-Bit Server VM (23.3-b01 mixed mode windows-amd64 compressed oops)
Heap
 PSYoungGen      total 76352K, used 49888K [0x00000007aacb0000, 0x00000007b41d0000, 0x0000000800000000)
  eden space 65472K, 76% used [0x00000007aacb0000,0x00000007add683e8,0x00000007aeca0000)
  from space 10880K, 0% used [0x00000007aeca0000,0x00000007aeca0000,0x00000007af740000)
  to   space 10880K, 0% used [0x00000007b3730000,0x00000007b3730000,0x00000007b41d0000)
 ParOldGen       total 152448K, used 15802K [0x0000000700600000, 0x0000000709ae0000, 0x00000007aacb0000)
  object space 152448K, 10% used [0x0000000700600000,0x000000070156e858,0x0000000709ae0000)
 PSPermGen       total 40256K, used 17676K [0x00000006fb400000, 0x00000006fdb50000, 0x0000000700600000)
  object space 40256K, 43% used [0x00000006fb400000,0x00000006fc543080,0x00000006fdb50000)
GC Heap History (10 events):
Event: 4.130 GC heap before
{Heap before GC invocations=1 (full 0):
 PSYoungGen      total 76352K, used 65472K [0x00000007aacb0000, 0x00000007b01e0000, 0x0000000800000000)
  eden space 65472K, 100% used [0x00000007aacb0000,0x00000007aeca0000,0x00000007aeca0000)
  from space 10880K, 0% used [0x00000007af740000,0x00000007af740000,0x00000007b01e0000)
  to   space 10880K, 0% used [0x00000007aeca0000,0x00000007aeca0000,0x00000007af740000)
 ParOldGen       total 174528K, used 0K [0x0000000700600000, 0x000000070b070000, 0x00000007aacb0000)
  object space 174528K, 0% used [0x0000000700600000,0x0000000700600000,0x000000070b070000)
 PSPermGen       total 21248K, used 17515K [0x00000006fb400000, 0x00000006fc8c0000, 0x0000000700600000)
  object space 21248K, 82% used [0x00000006fb400000,0x00000006fc51afb8,0x00000006fc8c0000)
Event: 4.140 GC heap after
Heap after GC invocations=1 (full 0):
 PSYoungGen      total 76352K, used 10855K [0x00000007aacb0000, 0x00000007b01e0000, 0x0000000800000000)
  eden space 65472K, 0% used [0x00000007aacb0000,0x00000007aacb0000,0x00000007aeca0000)
  from space 10880K, 99% used [0x00000007aeca0000,0x00000007af739c38,0x00000007af740000)
  to   space 10880K, 0% used [0x00000007af740000,0x00000007af740000,0x00000007b01e0000)
 ParOldGen       total 174528K, used 678K [0x0000000700600000, 0x000000070b070000, 0x00000007aacb0000)
  object space 174528K, 0% used [0x0000000700600000,0x00000007006a98d0,0x000000070b070000)
 PSPermGen       total 21248K, used 17515K [0x00000006fb400000, 0x00000006fc8c0000, 0x0000000700600000)
  object space 21248K, 82% used [0x00000006fb400000,0x00000006fc51afb8,0x00000006fc8c0000)
}
Event: 4.482 GC heap before
{Heap before GC invocations=2 (full 0):
 PSYoungGen      total 76352K, used 74097K [0x00000007aacb0000, 0x00000007b01e0000, 0x0000000800000000)
  eden space 65472K, 96% used [0x00000007aacb0000,0x00000007aea72a48,0x00000007aeca0000)
  from space 10880K, 99% used [0x00000007aeca0000,0x00000007af739c38,0x00000007af740000)
  to   space 10880K, 0% used [0x00000007af740000,0x00000007af740000,0x00000007b01e0000)
 ParOldGen       total 174528K, used 678K [0x0000000700600000, 0x000000070b070000, 0x00000007aacb0000)
  object space 174528K, 0% used [0x0000000700600000,0x00000007006a98d0,0x000000070b070000)
 PSPermGen       total 21248K, used 17586K [0x00000006fb400000, 0x00000006fc8c0000, 0x0000000700600000)
  object space 21248K, 82% used [0x00000006fb400000,0x00000006fc52c820,0x00000006fc8c0000)
Event: 4.491 GC heap after
Heap after GC invocations=2 (full 0):
 PSYoungGen      total 76352K, used 10858K [0x00000007aacb0000, 0x00000007b41d0000, 0x0000000800000000)
  eden space 65472K, 0% used [0x00000007aacb0000,0x00000007aacb0000,0x00000007aeca0000)
  from space 10880K, 99% used [0x00000007af740000,0x00000007b01daab0,0x00000007b01e0000)
  to   space 10880K, 0% used [0x00000007aeca0000,0x00000007aeca0000,0x00000007af740000)
 ParOldGen       total 174528K, used 22303K [0x0000000700600000, 0x000000070b070000, 0x00000007aacb0000)
  object space 174528K, 12% used [0x0000000700600000,0x0000000701bc7d48,0x000000070b070000)
 PSPermGen       total 21248K, used 17586K [0x00000006fb400000, 0x00000006fc8c0000, 0x0000000700600000)
  object space 21248K, 82% used [0x00000006fb400000,0x00000006fc52c820,0x00000006fc8c0000)
}
Event: 4.835 GC heap before
{Heap before GC invocations=3 (full 0):
 PSYoungGen      total 76352K, used 73803K [0x00000007aacb0000, 0x00000007b41d0000, 0x0000000800000000)
  eden space 65472K, 96% used [0x00000007aacb0000,0x00000007aea283f0,0x00000007aeca0000)
  from space 10880K, 99% used [0x00000007af740000,0x00000007b01daab0,0x00000007b01e0000)
  to   space 10880K, 0% used [0x00000007aeca0000,0x00000007aeca0000,0x00000007af740000)
 ParOldGen       total 174528K, used 28378K [0x0000000700600000, 0x000000070b070000, 0x00000007aacb0000)
  object space 174528K, 16% used [0x0000000700600000,0x00000007021b6958,0x000000070b070000)
 PSPermGen       total 21248K, used 17634K [0x00000006fb400000, 0x00000006fc8c0000, 0x0000000700600000)
  object space 21248K, 82% used [0x00000006fb400000,0x00000006fc538ba8,0x00000006fc8c0000)
Event: 4.839 GC heap after
Heap after GC invocations=3 (full 0):
 PSYoungGen      total 76352K, used 10874K [0x00000007aacb0000, 0x00000007b41d0000, 0x0000000800000000)
  eden space 65472K, 0% used [0x00000007aacb0000,0x00000007aacb0000,0x00000007aeca0000)
  from space 10880K, 99% used [0x00000007aeca0000,0x00000007af73eaa0,0x00000007af740000)
  to   space 10880K, 0% used [0x00000007b3730000,0x00000007b3730000,0x00000007b41d0000)
 ParOldGen       total 174528K, used 28418K [0x0000000700600000, 0x000000070b070000, 0x00000007aacb0000)
  object space 174528K, 16% used [0x0000000700600000,0x00000007021c0958,0x000000070b070000)
 PSPermGen       total 21248K, used 17634K [0x00000006fb400000, 0x00000006fc8c0000, 0x0000000700600000)
  object space 21248K, 82% used [0x00000006fb400000,0x00000006fc538ba8,0x00000006fc8c0000)
}
Event: 7.333 GC heap before
{Heap before GC invocations=4 (full 1):
 PSYoungGen      total 76352K, used 73067K [0x00000007aacb0000, 0x00000007b41d0000, 0x0000000800000000)
  eden space 65472K, 94% used [0x00000007aacb0000,0x00000007ae96c508,0x00000007aeca0000)
  from space 10880K, 99% used [0x00000007aeca0000,0x00000007af73eaa0,0x00000007af740000)
  to   space 10880K, 0% used [0x00000007b3730000,0x00000007b3730000,0x00000007b41d0000)
 ParOldGen       total 417728K, used 417219K [0x0000000700600000, 0x0000000719df0000, 0x00000007aacb0000)
  object space 417728K, 99% used [0x0000000700600000,0x0000000719d70d58,0x0000000719df0000)
 PSPermGen       total 21248K, used 17642K [0x00000006fb400000, 0x00000006fc8c0000, 0x0000000700600000)
  object space 21248K, 83% used [0x00000006fb400000,0x00000006fc53a840,0x00000006fc8c0000)
Event: 7.394 GC heap after
Heap after GC invocations=4 (full 1):
 PSYoungGen      total 76352K, used 0K [0x00000007aacb0000, 0x00000007b41d0000, 0x0000000800000000)
  eden space 65472K, 0% used [0x00000007aacb0000,0x00000007aacb0000,0x00000007aeca0000)
  from space 10880K, 0% used [0x00000007aeca0000,0x00000007aeca0000,0x00000007af740000)
  to   space 10880K, 0% used [0x00000007b3730000,0x00000007b3730000,0x00000007b41d0000)
 ParOldGen       total 130752K, used 21871K [0x0000000700600000, 0x00000007085b0000, 0x00000007aacb0000)
  object space 130752K, 16% used [0x0000000700600000,0x0000000701b5bc30,0x00000007085b0000)
 PSPermGen       total 35584K, used 17635K [0x00000006fb400000, 0x00000006fd6c0000, 0x0000000700600000)
  object space 35584K, 49% used [0x00000006fb400000,0x00000006fc538e58,0x00000006fd6c0000)
}
Event: 10.018 GC heap before
{Heap before GC invocations=5 (full 2):
 PSYoungGen      total 76352K, used 62184K [0x00000007aacb0000, 0x00000007b41d0000, 0x0000000800000000)
  eden space 65472K, 94% used [0x00000007aacb0000,0x00000007ae96a350,0x00000007aeca0000)
  from space 10880K, 0% used [0x00000007aeca0000,0x00000007aeca0000,0x00000007af740000)
  to   space 10880K, 0% used [0x00000007b3730000,0x00000007b3730000,0x00000007b41d0000)
 ParOldGen       total 410432K, used 404597K [0x0000000700600000, 0x00000007196d0000, 0x00000007aacb0000)
  object space 410432K, 98% used [0x0000000700600000,0x000000071911d420,0x00000007196d0000)
 PSPermGen       total 35584K, used 17648K [0x00000006fb400000, 0x00000006fd6c0000, 0x0000000700600000)
  object space 35584K, 49% used [0x00000006fb400000,0x00000006fc53c3e8,0x00000006fd6c0000)
Event: 10.062 GC heap after
Heap after GC invocations=5 (full 2):
 PSYoungGen      total 76352K, used 0K [0x00000007aacb0000, 0x00000007b41d0000, 0x0000000800000000)
  eden space 65472K, 0% used [0x00000007aacb0000,0x00000007aacb0000,0x00000007aeca0000)
  from space 10880K, 0% used [0x00000007aeca0000,0x00000007aeca0000,0x00000007af740000)
  to   space 10880K, 0% used [0x00000007b3730000,0x00000007b3730000,0x00000007b41d0000)
 ParOldGen       total 152448K, used 15802K [0x0000000700600000, 0x0000000709ae0000, 0x00000007aacb0000)
  object space 152448K, 10% used [0x0000000700600000,0x000000070156e858,0x0000000709ae0000)
 PSPermGen       total 40256K, used 17648K [0x00000006fb400000, 0x00000006fdb50000, 0x0000000700600000)
  object space 40256K, 43% used [0x00000006fb400000,0x00000006fc53c3e8,0x00000006fdb50000)
}

