# JRE version: 7.0_07-b11
# Java VM: Java HotSpot(TM) 64-Bit Server VM (23.3-b01 mixed mode windows-amd64 compressed oops)
Heap
 PSYoungGen      total 106240K, used 73929K [0x00000007aacb0000, 0x00000007b80b0000, 0x0000000800000000)
  eden space 55808K, 69% used [0x00000007aacb0000,0x00000007ad2d2b88,0x00000007ae330000)
  from space 50432K, 69% used [0x00000007ae330000,0x00000007b053fa30,0x00000007b1470000)
  to   space 52736K, 0% used [0x00000007b4d30000,0x00000007b4d30000,0x00000007b80b0000)
 ParOldGen       total 174528K, used 95302K [0x0000000700600000, 0x000000070b070000, 0x00000007aacb0000)
  object space 174528K, 54% used [0x0000000700600000,0x0000000706311ba8,0x000000070b070000)
 PSPermGen       total 21248K, used 18004K [0x00000006fb400000, 0x00000006fc8c0000, 0x0000000700600000)
  object space 21248K, 84% used [0x00000006fb400000,0x00000006fc595290,0x00000006fc8c0000)
GC Heap History (10 events):
Event: 6.280 GC heap before
{Heap before GC invocations=3 (full 0):
 PSYoungGen      total 76352K, used 73691K [0x00000007aacb0000, 0x00000007b01e0000, 0x0000000800000000)
  eden space 65472K, 95% used [0x00000007aacb0000,0x00000007aea0de08,0x00000007aeca0000)
  from space 10880K, 99% used [0x00000007af740000,0x00000007b01d90f0,0x00000007b01e0000)
  to   space 10880K, 0% used [0x00000007aeca0000,0x00000007aeca0000,0x00000007af740000)
 ParOldGen       total 174528K, used 25530K [0x0000000700600000, 0x000000070b070000, 0x00000007aacb0000)
  object space 174528K, 14% used [0x0000000700600000,0x0000000701eeeb38,0x000000070b070000)
 PSPermGen       total 21248K, used 17875K [0x00000006fb400000, 0x00000006fc8c0000, 0x0000000700600000)
  object space 21248K, 84% used [0x00000006fb400000,0x00000006fc574c30,0x00000006fc8c0000)
Event: 6.284 GC heap after
Heap after GC invocations=3 (full 0):
 PSYoungGen      total 76352K, used 10875K [0x00000007aacb0000, 0x00000007b01e0000, 0x0000000800000000)
  eden space 65472K, 0% used [0x00000007aacb0000,0x00000007aacb0000,0x00000007aeca0000)
  from space 10880K, 99% used [0x00000007aeca0000,0x00000007af73ec90,0x00000007af740000)
  to   space 10880K, 0% used [0x00000007af740000,0x00000007af740000,0x00000007b01e0000)
 ParOldGen       total 174528K, used 25646K [0x0000000700600000, 0x000000070b070000, 0x00000007aacb0000)
  object space 174528K, 14% used [0x0000000700600000,0x0000000701f0bb48,0x000000070b070000)
 PSPermGen       total 21248K, used 17875K [0x00000006fb400000, 0x00000006fc8c0000, 0x0000000700600000)
  object space 21248K, 84% used [0x00000006fb400000,0x00000006fc574c30,0x00000006fc8c0000)
}
Event: 7.085 GC heap before
{Heap before GC invocations=4 (full 0):
 PSYoungGen      total 76352K, used 75061K [0x00000007aacb0000, 0x00000007b01e0000, 0x0000000800000000)
  eden space 65472K, 98% used [0x00000007aacb0000,0x00000007aeb5e980,0x00000007aeca0000)
  from space 10880K, 99% used [0x00000007aeca0000,0x00000007af73ec90,0x00000007af740000)
  to   space 10880K, 0% used [0x00000007af740000,0x00000007af740000,0x00000007b01e0000)
 ParOldGen       total 174528K, used 25646K [0x0000000700600000, 0x000000070b070000, 0x00000007aacb0000)
  object space 174528K, 14% used [0x0000000700600000,0x0000000701f0bb48,0x000000070b070000)
 PSPermGen       total 21248K, used 17879K [0x00000006fb400000, 0x00000006fc8c0000, 0x0000000700600000)
  object space 21248K, 84% used [0x00000006fb400000,0x00000006fc575f28,0x00000006fc8c0000)
Event: 7.092 GC heap after
Heap after GC invocations=4 (full 0):
 PSYoungGen      total 76352K, used 10859K [0x00000007aacb0000, 0x00000007b01e0000, 0x0000000800000000)
  eden space 65472K, 0% used [0x00000007aacb0000,0x00000007aacb0000,0x00000007aeca0000)
  from space 10880K, 99% used [0x00000007af740000,0x00000007b01dac80,0x00000007b01e0000)
  to   space 10880K, 0% used [0x00000007aeca0000,0x00000007aeca0000,0x00000007af740000)
 ParOldGen       total 174528K, used 43927K [0x0000000700600000, 0x000000070b070000, 0x00000007aacb0000)
  object space 174528K, 25% used [0x0000000700600000,0x00000007030e5f78,0x000000070b070000)
 PSPermGen       total 21248K, used 17879K [0x00000006fb400000, 0x00000006fc8c0000, 0x0000000700600000)
  object space 21248K, 84% used [0x00000006fb400000,0x00000006fc575f28,0x00000006fc8c0000)
}
Event: 7.860 GC heap before
{Heap before GC invocations=5 (full 0):
 PSYoungGen      total 76352K, used 71037K [0x00000007aacb0000, 0x00000007b01e0000, 0x0000000800000000)
  eden space 65472K, 91% used [0x00000007aacb0000,0x00000007ae7748a0,0x00000007aeca0000)
  from space 10880K, 99% used [0x00000007af740000,0x00000007b01dac80,0x00000007b01e0000)
  to   space 10880K, 0% used [0x00000007aeca0000,0x00000007aeca0000,0x00000007af740000)
 ParOldGen       total 174528K, used 43927K [0x0000000700600000, 0x000000070b070000, 0x00000007aacb0000)
  object space 174528K, 25% used [0x0000000700600000,0x00000007030e5f78,0x000000070b070000)
 PSPermGen       total 21248K, used 17972K [0x00000006fb400000, 0x00000006fc8c0000, 0x0000000700600000)
  object space 21248K, 84% used [0x00000006fb400000,0x00000006fc58d1b0,0x00000006fc8c0000)
Event: 7.872 GC heap after
Heap after GC invocations=5 (full 0):
 PSYoungGen      total 74752K, used 9562K [0x00000007aacb0000, 0x00000007b3dd0000, 0x0000000800000000)
  eden space 63872K, 0% used [0x00000007aacb0000,0x00000007aacb0000,0x00000007aeb10000)
  from space 10880K, 87% used [0x00000007aeca0000,0x00000007af5f6bb0,0x00000007af740000)
  to   space 42368K, 0% used [0x00000007b1470000,0x00000007b1470000,0x00000007b3dd0000)
 ParOldGen       total 174528K, used 79871K [0x0000000700600000, 0x000000070b070000, 0x00000007aacb0000)
  object space 174528K, 45% used [0x0000000700600000,0x00000007053ffee8,0x000000070b070000)
 PSPermGen       total 21248K, used 17972K [0x00000006fb400000, 0x00000006fc8c0000, 0x0000000700600000)
  object space 21248K, 84% used [0x00000006fb400000,0x00000006fc58d1b0,0x00000006fc8c0000)
}
Event: 8.669 GC heap before
{Heap before GC invocations=6 (full 0):
 PSYoungGen      total 74752K, used 72957K [0x00000007aacb0000, 0x00000007b3dd0000, 0x0000000800000000)
  eden space 63872K, 99% used [0x00000007aacb0000,0x00000007aea98ac0,0x00000007aeb10000)
  from space 10880K, 87% used [0x00000007aeca0000,0x00000007af5f6bb0,0x00000007af740000)
  to   space 42368K, 0% used [0x00000007b1470000,0x00000007b1470000,0x00000007b3dd0000)
 ParOldGen       total 174528K, used 79871K [0x0000000700600000, 0x000000070b070000, 0x00000007aacb0000)
  object space 174528K, 45% used [0x0000000700600000,0x00000007053ffee8,0x000000070b070000)
 PSPermGen       total 21248K, used 17972K [0x00000006fb400000, 0x00000006fc8c0000, 0x0000000700600000)
  object space 21248K, 84% used [0x00000006fb400000,0x00000006fc58d1b0,0x00000006fc8c0000)
Event: 8.684 GC heap after
Heap after GC invocations=6 (full 0):
 PSYoungGen      total 98176K, used 40064K [0x00000007aacb0000, 0x00000007b8bf0000, 0x0000000800000000)
  eden space 55808K, 0% used [0x00000007aacb0000,0x00000007aacb0000,0x00000007ae330000)
  from space 42368K, 94% used [0x00000007b1470000,0x00000007b3b90250,0x00000007b3dd0000)
  to   space 50432K, 0% used [0x00000007ae330000,0x00000007ae330000,0x00000007b1470000)
 ParOldGen       total 174528K, used 94046K [0x0000000700600000, 0x000000070b070000, 0x00000007aacb0000)
  object space 174528K, 53% used [0x0000000700600000,0x00000007061d7b08,0x000000070b070000)
 PSPermGen       total 21248K, used 17972K [0x00000006fb400000, 0x00000006fc8c0000, 0x0000000700600000)
  object space 21248K, 84% used [0x00000006fb400000,0x00000006fc58d1b0,0x00000006fc8c0000)
}
Event: 9.451 GC heap before
{Heap before GC invocations=7 (full 0):
 PSYoungGen      total 98176K, used 91153K [0x00000007aacb0000, 0x00000007b8bf0000, 0x0000000800000000)
  eden space 55808K, 91% used [0x00000007aacb0000,0x00000007ade94290,0x00000007ae330000)
  from space 42368K, 94% used [0x00000007b1470000,0x00000007b3b90250,0x00000007b3dd0000)
  to   space 50432K, 0% used [0x00000007ae330000,0x00000007ae330000,0x00000007b1470000)
 ParOldGen       total 174528K, used 94046K [0x0000000700600000, 0x000000070b070000, 0x00000007aacb0000)
  object space 174528K, 53% used [0x0000000700600000,0x00000007061d7b08,0x000000070b070000)
 PSPermGen       total 21248K, used 17972K [0x00000006fb400000, 0x00000006fc8c0000, 0x0000000700600000)
  object space 21248K, 84% used [0x00000006fb400000,0x00000006fc58d370,0x00000006fc8c0000)
Event: 9.458 GC heap after
Heap after GC invocations=7 (full 0):
 PSYoungGen      total 106240K, used 34878K [0x00000007aacb0000, 0x00000007b80b0000, 0x0000000800000000)
  eden space 55808K, 0% used [0x00000007aacb0000,0x00000007aacb0000,0x00000007ae330000)
  from space 50432K, 69% used [0x00000007ae330000,0x00000007b053fa30,0x00000007b1470000)
  to   space 52736K, 0% used [0x00000007b4d30000,0x00000007b4d30000,0x00000007b80b0000)
 ParOldGen       total 174528K, used 95302K [0x0000000700600000, 0x000000070b070000, 0x00000007aacb0000)
  object space 174528K, 54% used [0x0000000700600000,0x0000000706311ba8,0x000000070b070000)
 PSPermGen       total 21248K, used 17972K [0x00000006fb400000, 0x00000006fc8c0000, 0x0000000700600000)
  object space 21248K, 84% used [0x00000006fb400000,0x00000006fc58d370,0x00000006fc8c0000)
}

