# JRE version: 7.0_07-b11
# Java VM: Java HotSpot(TM) 64-Bit Server VM (23.3-b01 mixed mode windows-amd64 compressed oops)
Heap
 PSYoungGen      total 116416K, used 73023K [0x00000007aacb0000, 0x00000007b4e50000, 0x0000000800000000)
  eden space 98048K, 56% used [0x00000007aacb0000,0x00000007ae2beef0,0x00000007b0c70000)
  from space 18368K, 99% used [0x00000007b0f60000,0x00000007b2144430,0x00000007b2150000)
  to   space 33728K, 0% used [0x00000007b2d60000,0x00000007b2d60000,0x00000007b4e50000)
 ParOldGen       total 174528K, used 83890K [0x0000000700600000, 0x000000070b070000, 0x00000007aacb0000)
  object space 174528K, 48% used [0x0000000700600000,0x00000007057ec908,0x000000070b070000)
 PSPermGen       total 21248K, used 17902K [0x00000006fb400000, 0x00000006fc8c0000, 0x0000000700600000)
  object space 21248K, 84% used [0x00000006fb400000,0x00000006fc57b810,0x00000006fc8c0000)
GC Heap History (10 events):
Event: 12.238 GC heap before
{Heap before GC invocations=9 (full 0):
 PSYoungGen      total 149120K, used 128121K [0x00000007aacb0000, 0x00000007b6ab0000, 0x0000000800000000)
  eden space 114688K, 95% used [0x00000007aacb0000,0x00000007b17b07d0,0x00000007b1cb0000)
  from space 34432K, 53% used [0x00000007b4910000,0x00000007b5b2dfc0,0x00000007b6ab0000)
  to   space 39936K, 0% used [0x00000007b1cb0000,0x00000007b1cb0000,0x00000007b43b0000)
 ParOldGen       total 174528K, used 83659K [0x0000000700600000, 0x000000070b070000, 0x00000007aacb0000)
  object space 174528K, 47% used [0x0000000700600000,0x00000007057b2d48,0x000000070b070000)
 PSPermGen       total 21248K, used 17900K [0x00000006fb400000, 0x00000006fc8c0000, 0x0000000700600000)
  object space 21248K, 84% used [0x00000006fb400000,0x00000006fc57b198,0x00000006fc8c0000)
Event: 12.241 GC heap after
Heap after GC invocations=9 (full 0):
 PSYoungGen      total 129600K, used 18513K [0x00000007aacb0000, 0x00000007b6440000, 0x0000000800000000)
  eden space 111040K, 0% used [0x00000007aacb0000,0x00000007aacb0000,0x00000007b1920000)
  from space 18560K, 99% used [0x00000007b1cb0000,0x00000007b2ec4430,0x00000007b2ed0000)
  to   space 38464K, 0% used [0x00000007b3eb0000,0x00000007b3eb0000,0x00000007b6440000)
 ParOldGen       total 174528K, used 83826K [0x0000000700600000, 0x000000070b070000, 0x00000007aacb0000)
  object space 174528K, 48% used [0x0000000700600000,0x00000007057dc908,0x000000070b070000)
 PSPermGen       total 21248K, used 17900K [0x00000006fb400000, 0x00000006fc8c0000, 0x0000000700600000)
  object space 21248K, 84% used [0x00000006fb400000,0x00000006fc57b198,0x00000006fc8c0000)
}
Event: 13.375 GC heap before
{Heap before GC invocations=10 (full 0):
 PSYoungGen      total 129600K, used 128043K [0x00000007aacb0000, 0x00000007b6440000, 0x0000000800000000)
  eden space 111040K, 98% used [0x00000007aacb0000,0x00000007b17a69e8,0x00000007b1920000)
  from space 18560K, 99% used [0x00000007b1cb0000,0x00000007b2ec4430,0x00000007b2ed0000)
  to   space 38464K, 0% used [0x00000007b3eb0000,0x00000007b3eb0000,0x00000007b6440000)
 ParOldGen       total 174528K, used 83826K [0x0000000700600000, 0x000000070b070000, 0x00000007aacb0000)
  object space 174528K, 48% used [0x0000000700600000,0x00000007057dc908,0x000000070b070000)
 PSPermGen       total 21248K, used 17901K [0x00000006fb400000, 0x00000006fc8c0000, 0x0000000700600000)
  object space 21248K, 84% used [0x00000006fb400000,0x00000006fc57b460,0x00000006fc8c0000)
Event: 13.378 GC heap after
Heap after GC invocations=10 (full 0):
 PSYoungGen      total 140032K, used 18481K [0x00000007aacb0000, 0x00000007b5e60000, 0x0000000800000000)
  eden space 107584K, 0% used [0x00000007aacb0000,0x00000007aacb0000,0x00000007b15c0000)
  from space 32448K, 56% used [0x00000007b3eb0000,0x00000007b50bc430,0x00000007b5e60000)
  to   space 37184K, 0% used [0x00000007b15c0000,0x00000007b15c0000,0x00000007b3a10000)
 ParOldGen       total 174528K, used 83834K [0x0000000700600000, 0x000000070b070000, 0x00000007aacb0000)
  object space 174528K, 48% used [0x0000000700600000,0x00000007057de908,0x000000070b070000)
 PSPermGen       total 21248K, used 17901K [0x00000006fb400000, 0x00000006fc8c0000, 0x0000000700600000)
  object space 21248K, 84% used [0x00000006fb400000,0x00000006fc57b460,0x00000006fc8c0000)
}
Event: 14.455 GC heap before
{Heap before GC invocations=11 (full 0):
 PSYoungGen      total 140032K, used 121871K [0x00000007aacb0000, 0x00000007b5e60000, 0x0000000800000000)
  eden space 107584K, 96% used [0x00000007aacb0000,0x00000007b11a7aa8,0x00000007b15c0000)
  from space 32448K, 56% used [0x00000007b3eb0000,0x00000007b50bc430,0x00000007b5e60000)
  to   space 37184K, 0% used [0x00000007b15c0000,0x00000007b15c0000,0x00000007b3a10000)
 ParOldGen       total 174528K, used 83834K [0x0000000700600000, 0x000000070b070000, 0x00000007aacb0000)
  object space 174528K, 48% used [0x0000000700600000,0x00000007057de908,0x000000070b070000)
 PSPermGen       total 21248K, used 17902K [0x00000006fb400000, 0x00000006fc8c0000, 0x0000000700600000)
  object space 21248K, 84% used [0x00000006fb400000,0x00000006fc57b810,0x00000006fc8c0000)
Event: 14.458 GC heap after
Heap after GC invocations=11 (full 0):
 PSYoungGen      total 122688K, used 18385K [0x00000007aacb0000, 0x00000007b58c0000, 0x0000000800000000)
  eden space 104256K, 0% used [0x00000007aacb0000,0x00000007aacb0000,0x00000007b1280000)
  from space 18432K, 99% used [0x00000007b15c0000,0x00000007b27b4430,0x00000007b27c0000)
  to   space 35968K, 0% used [0x00000007b35a0000,0x00000007b35a0000,0x00000007b58c0000)
 ParOldGen       total 174528K, used 83842K [0x0000000700600000, 0x000000070b070000, 0x00000007aacb0000)
  object space 174528K, 48% used [0x0000000700600000,0x00000007057e0908,0x000000070b070000)
 PSPermGen       total 21248K, used 17902K [0x00000006fb400000, 0x00000006fc8c0000, 0x0000000700600000)
  object space 21248K, 84% used [0x00000006fb400000,0x00000006fc57b810,0x00000006fc8c0000)
}
Event: 14.954 GC heap before
{Heap before GC invocations=12 (full 0):
 PSYoungGen      total 122688K, used 121803K [0x00000007aacb0000, 0x00000007b58c0000, 0x0000000800000000)
  eden space 104256K, 99% used [0x00000007aacb0000,0x00000007b11ae890,0x00000007b1280000)
  from space 18432K, 99% used [0x00000007b15c0000,0x00000007b27b4430,0x00000007b27c0000)
  to   space 35968K, 0% used [0x00000007b35a0000,0x00000007b35a0000,0x00000007b58c0000)
 ParOldGen       total 174528K, used 83842K [0x0000000700600000, 0x000000070b070000, 0x00000007aacb0000)
  object space 174528K, 48% used [0x0000000700600000,0x00000007057e0908,0x000000070b070000)
 PSPermGen       total 21248K, used 17902K [0x00000006fb400000, 0x00000006fc8c0000, 0x0000000700600000)
  object space 21248K, 84% used [0x00000006fb400000,0x00000006fc57b810,0x00000006fc8c0000)
Event: 14.957 GC heap after
Heap after GC invocations=12 (full 0):
 PSYoungGen      total 131520K, used 18481K [0x00000007aacb0000, 0x00000007b5360000, 0x0000000800000000)
  eden space 101056K, 0% used [0x00000007aacb0000,0x00000007aacb0000,0x00000007b0f60000)
  from space 30464K, 60% used [0x00000007b35a0000,0x00000007b47ac430,0x00000007b5360000)
  to   space 34816K, 0% used [0x00000007b0f60000,0x00000007b0f60000,0x00000007b3160000)
 ParOldGen       total 174528K, used 83850K [0x0000000700600000, 0x000000070b070000, 0x00000007aacb0000)
  object space 174528K, 48% used [0x0000000700600000,0x00000007057e2908,0x000000070b070000)
 PSPermGen       total 21248K, used 17902K [0x00000006fb400000, 0x00000006fc8c0000, 0x0000000700600000)
  object space 21248K, 84% used [0x00000006fb400000,0x00000006fc57b810,0x00000006fc8c0000)
}
Event: 15.252 GC heap before
{Heap before GC invocations=13 (full 0):
 PSYoungGen      total 131520K, used 115707K [0x00000007aacb0000, 0x00000007b5360000, 0x0000000800000000)
  eden space 101056K, 96% used [0x00000007aacb0000,0x00000007b0ba27e8,0x00000007b0f60000)
  from space 30464K, 60% used [0x00000007b35a0000,0x00000007b47ac430,0x00000007b5360000)
  to   space 34816K, 0% used [0x00000007b0f60000,0x00000007b0f60000,0x00000007b3160000)
 ParOldGen       total 174528K, used 83850K [0x0000000700600000, 0x000000070b070000, 0x00000007aacb0000)
  object space 174528K, 48% used [0x0000000700600000,0x00000007057e2908,0x000000070b070000)
 PSPermGen       total 21248K, used 17902K [0x00000006fb400000, 0x00000006fc8c0000, 0x0000000700600000)
  object space 21248K, 84% used [0x00000006fb400000,0x00000006fc57b810,0x00000006fc8c0000)
Event: 15.254 GC heap after
Heap after GC invocations=13 (full 0):
 PSYoungGen      total 116416K, used 18321K [0x00000007aacb0000, 0x00000007b4e50000, 0x0000000800000000)
  eden space 98048K, 0% used [0x00000007aacb0000,0x00000007aacb0000,0x00000007b0c70000)
  from space 18368K, 99% used [0x00000007b0f60000,0x00000007b2144430,0x00000007b2150000)
  to   space 33728K, 0% used [0x00000007b2d60000,0x00000007b2d60000,0x00000007b4e50000)
 ParOldGen       total 174528K, used 83890K [0x0000000700600000, 0x000000070b070000, 0x00000007aacb0000)
  object space 174528K, 48% used [0x0000000700600000,0x00000007057ec908,0x000000070b070000)
 PSPermGen       total 21248K, used 17902K [0x00000006fb400000, 0x00000006fc8c0000, 0x0000000700600000)
  object space 21248K, 84% used [0x00000006fb400000,0x00000006fc57b810,0x00000006fc8c0000)
}

