# JRE version: 7.0_07-b11
# Java VM: Java HotSpot(TM) 64-Bit Server VM (23.3-b01 mixed mode windows-amd64 compressed oops)
Heap
 PSYoungGen      total 1314560K, used 734188K [0x00000007aacb0000, 0x0000000800000000, 0x0000000800000000)
  eden space 1257536K, 53% used [0x00000007aacb0000,0x00000007d41fc798,0x00000007f78c0000)
  from space 57024K, 99% used [0x00000007f78c0000,0x00000007fb06e888,0x00000007fb070000)
  to   space 75328K, 0% used [0x00000007fb670000,0x00000007fb670000,0x0000000800000000)
 ParOldGen       total 205056K, used 97224K [0x0000000700600000, 0x000000070ce40000, 0x00000007aacb0000)
  object space 205056K, 47% used [0x0000000700600000,0x00000007064f23e0,0x000000070ce40000)
 PSPermGen       total 40960K, used 18145K [0x00000006fb400000, 0x00000006fdc00000, 0x0000000700600000)
  object space 40960K, 44% used [0x00000006fb400000,0x00000006fc5b8548,0x00000006fdc00000)
GC Heap History (10 events):
Event: 14.432 GC heap before
{Heap before GC invocations=13 (full 2):
 PSYoungGen      total 864768K, used 823077K [0x00000007aacb0000, 0x00000007e3030000, 0x0000000800000000)
  eden space 824960K, 99% used [0x00000007aacb0000,0x00000007dd079708,0x00000007dd250000)
  from space 39808K, 0% used [0x00000007dfe90000,0x00000007dfe90000,0x00000007e2570000)
  to   space 45312K, 0% used [0x00000007dd250000,0x00000007dd250000,0x00000007dfe90000)
 ParOldGen       total 205056K, used 44170K [0x0000000700600000, 0x000000070ce40000, 0x00000007aacb0000)
  object space 205056K, 21% used [0x0000000700600000,0x0000000703122860,0x000000070ce40000)
 PSPermGen       total 40960K, used 18088K [0x00000006fb400000, 0x00000006fdc00000, 0x0000000700600000)
  object space 40960K, 44% used [0x00000006fb400000,0x00000006fc5aa198,0x00000006fdc00000)
Event: 14.445 GC heap after
Heap after GC invocations=13 (full 2):
 PSYoungGen      total 870272K, used 42658K [0x00000007aacb0000, 0x00000007f49e0000, 0x0000000800000000)
  eden space 824960K, 0% used [0x00000007aacb0000,0x00000007aacb0000,0x00000007dd250000)
  from space 45312K, 94% used [0x00000007dd250000,0x00000007dfbf8910,0x00000007dfe90000)
  to   space 51136K, 0% used [0x00000007f17f0000,0x00000007f17f0000,0x00000007f49e0000)
 ParOldGen       total 205056K, used 63643K [0x0000000700600000, 0x000000070ce40000, 0x00000007aacb0000)
  object space 205056K, 31% used [0x0000000700600000,0x0000000704426fa0,0x000000070ce40000)
 PSPermGen       total 40960K, used 18088K [0x00000006fb400000, 0x00000006fdc00000, 0x0000000700600000)
  object space 40960K, 44% used [0x00000006fb400000,0x00000006fc5aa198,0x00000006fdc00000)
}
Event: 16.139 GC heap before
{Heap before GC invocations=14 (full 2):
 PSYoungGen      total 870272K, used 867091K [0x00000007aacb0000, 0x00000007f49e0000, 0x0000000800000000)
  eden space 824960K, 99% used [0x00000007aacb0000,0x00000007dd1cc6d8,0x00000007dd250000)
  from space 45312K, 94% used [0x00000007dd250000,0x00000007dfbf8910,0x00000007dfe90000)
  to   space 51136K, 0% used [0x00000007f17f0000,0x00000007f17f0000,0x00000007f49e0000)
 ParOldGen       total 205056K, used 63643K [0x0000000700600000, 0x000000070ce40000, 0x00000007aacb0000)
  object space 205056K, 31% used [0x0000000700600000,0x0000000704426fa0,0x000000070ce40000)
 PSPermGen       total 40960K, used 18093K [0x00000006fb400000, 0x00000006fdc00000, 0x0000000700600000)
  object space 40960K, 44% used [0x00000006fb400000,0x00000006fc5ab5c0,0x00000006fdc00000)
Event: 16.154 GC heap after
Heap after GC invocations=14 (full 2):
 PSYoungGen      total 1146880K, used 49232K [0x00000007aacb0000, 0x00000007f4c60000, 0x0000000800000000)
  eden space 1095744K, 0% used [0x00000007aacb0000,0x00000007aacb0000,0x00000007edac0000)
  from space 51136K, 96% used [0x00000007f17f0000,0x00000007f4804038,0x00000007f49e0000)
  to   space 58176K, 0% used [0x00000007edac0000,0x00000007edac0000,0x00000007f1390000)
 ParOldGen       total 205056K, used 69774K [0x0000000700600000, 0x000000070ce40000, 0x00000007aacb0000)
  object space 205056K, 34% used [0x0000000700600000,0x0000000704a23bb0,0x000000070ce40000)
 PSPermGen       total 40960K, used 18093K [0x00000006fb400000, 0x00000006fdc00000, 0x0000000700600000)
  object space 40960K, 44% used [0x00000006fb400000,0x00000006fc5ab5c0,0x00000006fdc00000)
}
Event: 18.417 GC heap before
{Heap before GC invocations=15 (full 2):
 PSYoungGen      total 1146880K, used 1143773K [0x00000007aacb0000, 0x00000007f4c60000, 0x0000000800000000)
  eden space 1095744K, 99% used [0x00000007aacb0000,0x00000007ed993668,0x00000007edac0000)
  from space 51136K, 96% used [0x00000007f17f0000,0x00000007f4804038,0x00000007f49e0000)
  to   space 58176K, 0% used [0x00000007edac0000,0x00000007edac0000,0x00000007f1390000)
 ParOldGen       total 205056K, used 69774K [0x0000000700600000, 0x000000070ce40000, 0x00000007aacb0000)
  object space 205056K, 34% used [0x0000000700600000,0x0000000704a23bb0,0x000000070ce40000)
 PSPermGen       total 40960K, used 18103K [0x00000006fb400000, 0x00000006fdc00000, 0x0000000700600000)
  object space 40960K, 44% used [0x00000006fb400000,0x00000006fc5adde0,0x00000006fdc00000)
Event: 18.434 GC heap after
Heap after GC invocations=15 (full 2):
 PSYoungGen      total 1153920K, used 56710K [0x00000007aacb0000, 0x0000000800000000, 0x0000000800000000)
  eden space 1095744K, 0% used [0x00000007aacb0000,0x00000007aacb0000,0x00000007edac0000)
  from space 58176K, 97% used [0x00000007edac0000,0x00000007f1221ad8,0x00000007f1390000)
  to   space 66560K, 0% used [0x00000007fbf00000,0x00000007fbf00000,0x0000000800000000)
 ParOldGen       total 205056K, used 85449K [0x0000000700600000, 0x000000070ce40000, 0x00000007aacb0000)
  object space 205056K, 41% used [0x0000000700600000,0x00000007059724f0,0x000000070ce40000)
 PSPermGen       total 40960K, used 18103K [0x00000006fb400000, 0x00000006fdc00000, 0x0000000700600000)
  object space 40960K, 44% used [0x00000006fb400000,0x00000006fc5adde0,0x00000006fdc00000)
}
Event: 20.751 GC heap before
{Heap before GC invocations=16 (full 2):
 PSYoungGen      total 1153920K, used 1152445K [0x00000007aacb0000, 0x0000000800000000, 0x0000000800000000)
  eden space 1095744K, 99% used [0x00000007aacb0000,0x00000007edabda40,0x00000007edac0000)
  from space 58176K, 97% used [0x00000007edac0000,0x00000007f1221ad8,0x00000007f1390000)
  to   space 66560K, 0% used [0x00000007fbf00000,0x00000007fbf00000,0x0000000800000000)
 ParOldGen       total 205056K, used 85449K [0x0000000700600000, 0x000000070ce40000, 0x00000007aacb0000)
  object space 205056K, 41% used [0x0000000700600000,0x00000007059724f0,0x000000070ce40000)
 PSPermGen       total 40960K, used 18114K [0x00000006fb400000, 0x00000006fdc00000, 0x0000000700600000)
  object space 40960K, 44% used [0x00000006fb400000,0x00000006fc5b0a30,0x00000006fdc00000)
Event: 20.766 GC heap after
Heap after GC invocations=16 (full 2):
 PSYoungGen      total 1324096K, used 45868K [0x00000007aacb0000, 0x0000000800000000, 0x0000000800000000)
  eden space 1257536K, 0% used [0x00000007aacb0000,0x00000007aacb0000,0x00000007f78c0000)
  from space 66560K, 68% used [0x00000007fbf00000,0x00000007febcb218,0x0000000800000000)
  to   space 69248K, 0% used [0x00000007f78c0000,0x00000007f78c0000,0x00000007fbc60000)
 ParOldGen       total 205056K, used 97208K [0x0000000700600000, 0x000000070ce40000, 0x00000007aacb0000)
  object space 205056K, 47% used [0x0000000700600000,0x00000007064ee3e0,0x000000070ce40000)
 PSPermGen       total 40960K, used 18114K [0x00000006fb400000, 0x00000006fdc00000, 0x0000000700600000)
  object space 40960K, 44% used [0x00000006fb400000,0x00000006fc5b0a30,0x00000006fdc00000)
}
Event: 23.349 GC heap before
{Heap before GC invocations=17 (full 2):
 PSYoungGen      total 1324096K, used 1302799K [0x00000007aacb0000, 0x0000000800000000, 0x0000000800000000)
  eden space 1257536K, 99% used [0x00000007aacb0000,0x00000007f7828b68,0x00000007f78c0000)
  from space 66560K, 68% used [0x00000007fbf00000,0x00000007febcb218,0x0000000800000000)
  to   space 69248K, 0% used [0x00000007f78c0000,0x00000007f78c0000,0x00000007fbc60000)
 ParOldGen       total 205056K, used 97208K [0x0000000700600000, 0x000000070ce40000, 0x00000007aacb0000)
  object space 205056K, 47% used [0x0000000700600000,0x00000007064ee3e0,0x000000070ce40000)
 PSPermGen       total 40960K, used 18136K [0x00000006fb400000, 0x00000006fdc00000, 0x0000000700600000)
  object space 40960K, 44% used [0x00000006fb400000,0x00000006fc5b60b0,0x00000006fdc00000)
Event: 23.363 GC heap after
Heap after GC invocations=17 (full 2):
 PSYoungGen      total 1314560K, used 57018K [0x00000007aacb0000, 0x0000000800000000, 0x0000000800000000)
  eden space 1257536K, 0% used [0x00000007aacb0000,0x00000007aacb0000,0x00000007f78c0000)
  from space 57024K, 99% used [0x00000007f78c0000,0x00000007fb06e888,0x00000007fb070000)
  to   space 75328K, 0% used [0x00000007fb670000,0x00000007fb670000,0x0000000800000000)
 ParOldGen       total 205056K, used 97224K [0x0000000700600000, 0x000000070ce40000, 0x00000007aacb0000)
  object space 205056K, 47% used [0x0000000700600000,0x00000007064f23e0,0x000000070ce40000)
 PSPermGen       total 40960K, used 18136K [0x00000006fb400000, 0x00000006fdc00000, 0x0000000700600000)
  object space 40960K, 44% used [0x00000006fb400000,0x00000006fc5b60b0,0x00000006fdc00000)
}

