# JRE version: 7.0_07-b11
# Java VM: Java HotSpot(TM) 64-Bit Server VM (23.3-b01 mixed mode windows-amd64 compressed oops)
Heap
 PSYoungGen      total 866368K, used 265110K [0x00000007aacb0000, 0x00000007f4d70000, 0x0000000800000000)
  eden space 823360K, 27% used [0x00000007aacb0000,0x00000007b874f1c0,0x00000007dd0c0000)
  from space 43008K, 95% used [0x00000007dd0c0000,0x00000007df906820,0x00000007dfac0000)
  to   space 46336K, 0% used [0x00000007f2030000,0x00000007f2030000,0x00000007f4d70000)
 ParOldGen       total 193472K, used 72806K [0x0000000700600000, 0x000000070c2f0000, 0x00000007aacb0000)
  object space 193472K, 37% used [0x0000000700600000,0x0000000704d198b8,0x000000070c2f0000)
 PSPermGen       total 41280K, used 18236K [0x00000006fb400000, 0x00000006fdc50000, 0x0000000700600000)
  object space 41280K, 44% used [0x00000006fb400000,0x00000006fc5cf078,0x00000006fdc50000)
GC Heap History (10 events):
Event: 6.594 GC heap before
{Heap before GC invocations=9 (full 0):
 PSYoungGen      total 551360K, used 542028K [0x00000007aacb0000, 0x00000007ce410000, 0x0000000800000000)
  eden space 523264K, 99% used [0x00000007aacb0000,0x00000007caa53e00,0x00000007cabb0000)
  from space 28096K, 71% used [0x00000007cc7a0000,0x00000007cdb4f580,0x00000007ce310000)
  to   space 28608K, 0% used [0x00000007cabb0000,0x00000007cabb0000,0x00000007cc7a0000)
 ParOldGen       total 174528K, used 122878K [0x0000000700600000, 0x000000070b070000, 0x00000007aacb0000)
  object space 174528K, 70% used [0x0000000700600000,0x0000000707dff928,0x000000070b070000)
 PSPermGen       total 21248K, used 18063K [0x00000006fb400000, 0x00000006fc8c0000, 0x0000000700600000)
  object space 21248K, 85% used [0x00000006fb400000,0x00000006fc5a3d88,0x00000006fc8c0000)
Event: 6.610 GC heap after
Heap after GC invocations=9 (full 0):
 PSYoungGen      total 551872K, used 26653K [0x00000007aacb0000, 0x00000007e1730000, 0x0000000800000000)
  eden space 523264K, 0% used [0x00000007aacb0000,0x00000007aacb0000,0x00000007cabb0000)
  from space 28608K, 93% used [0x00000007cabb0000,0x00000007cc5b77d0,0x00000007cc7a0000)
  to   space 29120K, 0% used [0x00000007dfac0000,0x00000007dfac0000,0x00000007e1730000)
 ParOldGen       total 174528K, used 141758K [0x0000000700600000, 0x000000070b070000, 0x00000007aacb0000)
  object space 174528K, 81% used [0x0000000700600000,0x000000070906f9a8,0x000000070b070000)
 PSPermGen       total 21248K, used 18063K [0x00000006fb400000, 0x00000006fc8c0000, 0x0000000700600000)
  object space 21248K, 85% used [0x00000006fb400000,0x00000006fc5a3d88,0x00000006fc8c0000)
}
Event: 7.640 GC heap before
{Heap before GC invocations=10 (full 0):
 PSYoungGen      total 551872K, used 549758K [0x00000007aacb0000, 0x00000007e1730000, 0x0000000800000000)
  eden space 523264K, 99% used [0x00000007aacb0000,0x00000007cab880d0,0x00000007cabb0000)
  from space 28608K, 93% used [0x00000007cabb0000,0x00000007cc5b77d0,0x00000007cc7a0000)
  to   space 29120K, 0% used [0x00000007dfac0000,0x00000007dfac0000,0x00000007e1730000)
 ParOldGen       total 174528K, used 143783K [0x0000000700600000, 0x000000070b070000, 0x00000007aacb0000)
  object space 174528K, 82% used [0x0000000700600000,0x0000000709269db8,0x000000070b070000)
 PSPermGen       total 21248K, used 18068K [0x00000006fb400000, 0x00000006fc8c0000, 0x0000000700600000)
  object space 21248K, 85% used [0x00000006fb400000,0x00000006fc5a51e0,0x00000006fc8c0000)
Event: 7.658 GC heap after
Heap after GC invocations=10 (full 0):
 PSYoungGen      total 852480K, used 29112K [0x00000007aacb0000, 0x00000007e3250000, 0x0000000800000000)
  eden space 823360K, 0% used [0x00000007aacb0000,0x00000007aacb0000,0x00000007dd0c0000)
  from space 29120K, 99% used [0x00000007dfac0000,0x00000007e172e190,0x00000007e1730000)
  to   space 43008K, 0% used [0x00000007dd0c0000,0x00000007dd0c0000,0x00000007dfac0000)
 ParOldGen       total 180608K, used 178067K [0x0000000700600000, 0x000000070b660000, 0x00000007aacb0000)
  object space 180608K, 98% used [0x0000000700600000,0x000000070b3e4ec8,0x000000070b660000)
 PSPermGen       total 21248K, used 18068K [0x00000006fb400000, 0x00000006fc8c0000, 0x0000000700600000)
  object space 21248K, 85% used [0x00000006fb400000,0x00000006fc5a51e0,0x00000006fc8c0000)
}
Event: 7.658 GC heap before
{Heap before GC invocations=11 (full 1):
 PSYoungGen      total 852480K, used 29112K [0x00000007aacb0000, 0x00000007e3250000, 0x0000000800000000)
  eden space 823360K, 0% used [0x00000007aacb0000,0x00000007aacb0000,0x00000007dd0c0000)
  from space 29120K, 99% used [0x00000007dfac0000,0x00000007e172e190,0x00000007e1730000)
  to   space 43008K, 0% used [0x00000007dd0c0000,0x00000007dd0c0000,0x00000007dfac0000)
 ParOldGen       total 180608K, used 178067K [0x0000000700600000, 0x000000070b660000, 0x00000007aacb0000)
  object space 180608K, 98% used [0x0000000700600000,0x000000070b3e4ec8,0x000000070b660000)
 PSPermGen       total 21248K, used 18068K [0x00000006fb400000, 0x00000006fc8c0000, 0x0000000700600000)
  object space 21248K, 85% used [0x00000006fb400000,0x00000006fc5a51e0,0x00000006fc8c0000)
Event: 7.714 GC heap after
Heap after GC invocations=11 (full 1):
 PSYoungGen      total 852480K, used 0K [0x00000007aacb0000, 0x00000007e3250000, 0x0000000800000000)
  eden space 823360K, 0% used [0x00000007aacb0000,0x00000007aacb0000,0x00000007dd0c0000)
  from space 29120K, 0% used [0x00000007dfac0000,0x00000007dfac0000,0x00000007e1730000)
  to   space 43008K, 0% used [0x00000007dd0c0000,0x00000007dd0c0000,0x00000007dfac0000)
 ParOldGen       total 145472K, used 28411K [0x0000000700600000, 0x0000000709410000, 0x00000007aacb0000)
  object space 145472K, 19% used [0x0000000700600000,0x00000007021bee38,0x0000000709410000)
 PSPermGen       total 36672K, used 18061K [0x00000006fb400000, 0x00000006fd7d0000, 0x0000000700600000)
  object space 36672K, 49% used [0x00000006fb400000,0x00000006fc5a3768,0x00000006fd7d0000)
}
Event: 10.428 GC heap before
{Heap before GC invocations=12 (full 2):
 PSYoungGen      total 852480K, used 823360K [0x00000007aacb0000, 0x00000007e3250000, 0x0000000800000000)
  eden space 823360K, 100% used [0x00000007aacb0000,0x00000007dd0c0000,0x00000007dd0c0000)
  from space 29120K, 0% used [0x00000007dfac0000,0x00000007dfac0000,0x00000007e1730000)
  to   space 43008K, 0% used [0x00000007dd0c0000,0x00000007dd0c0000,0x00000007dfac0000)
 ParOldGen       total 361856K, used 358487K [0x0000000700600000, 0x0000000716760000, 0x00000007aacb0000)
  object space 361856K, 99% used [0x0000000700600000,0x0000000716415e38,0x0000000716760000)
 PSPermGen       total 36672K, used 18180K [0x00000006fb400000, 0x00000006fd7d0000, 0x0000000700600000)
  object space 36672K, 49% used [0x00000006fb400000,0x00000006fc5c10c0,0x00000006fd7d0000)
Event: 10.481 GC heap after
Heap after GC invocations=12 (full 2):
 PSYoungGen      total 852480K, used 0K [0x00000007aacb0000, 0x00000007e3250000, 0x0000000800000000)
  eden space 823360K, 0% used [0x00000007aacb0000,0x00000007aacb0000,0x00000007dd0c0000)
  from space 29120K, 0% used [0x00000007dfac0000,0x00000007dfac0000,0x00000007e1730000)
  to   space 43008K, 0% used [0x00000007dd0c0000,0x00000007dd0c0000,0x00000007dfac0000)
 ParOldGen       total 193472K, used 48506K [0x0000000700600000, 0x000000070c2f0000, 0x00000007aacb0000)
  object space 193472K, 25% used [0x0000000700600000,0x000000070355e878,0x000000070c2f0000)
 PSPermGen       total 41280K, used 18180K [0x00000006fb400000, 0x00000006fdc50000, 0x0000000700600000)
  object space 41280K, 44% used [0x00000006fb400000,0x00000006fc5c1020,0x00000006fdc50000)
}
Event: 12.642 GC heap before
{Heap before GC invocations=13 (full 2):
 PSYoungGen      total 852480K, used 821487K [0x00000007aacb0000, 0x00000007e3250000, 0x0000000800000000)
  eden space 823360K, 99% used [0x00000007aacb0000,0x00000007dceebdc8,0x00000007dd0c0000)
  from space 29120K, 0% used [0x00000007dfac0000,0x00000007dfac0000,0x00000007e1730000)
  to   space 43008K, 0% used [0x00000007dd0c0000,0x00000007dd0c0000,0x00000007dfac0000)
 ParOldGen       total 193472K, used 48506K [0x0000000700600000, 0x000000070c2f0000, 0x00000007aacb0000)
  object space 193472K, 25% used [0x0000000700600000,0x000000070355e878,0x000000070c2f0000)
 PSPermGen       total 41280K, used 18207K [0x00000006fb400000, 0x00000006fdc50000, 0x0000000700600000)
  object space 41280K, 44% used [0x00000006fb400000,0x00000006fc5c7cd0,0x00000006fdc50000)
Event: 12.654 GC heap after
Heap after GC invocations=13 (full 2):
 PSYoungGen      total 866368K, used 41242K [0x00000007aacb0000, 0x00000007f4d70000, 0x0000000800000000)
  eden space 823360K, 0% used [0x00000007aacb0000,0x00000007aacb0000,0x00000007dd0c0000)
  from space 43008K, 95% used [0x00000007dd0c0000,0x00000007df906820,0x00000007dfac0000)
  to   space 46336K, 0% used [0x00000007f2030000,0x00000007f2030000,0x00000007f4d70000)
 ParOldGen       total 193472K, used 72806K [0x0000000700600000, 0x000000070c2f0000, 0x00000007aacb0000)
  object space 193472K, 37% used [0x0000000700600000,0x0000000704d198b8,0x000000070c2f0000)
 PSPermGen       total 41280K, used 18207K [0x00000006fb400000, 0x00000006fdc50000, 0x0000000700600000)
  object space 41280K, 44% used [0x00000006fb400000,0x00000006fc5c7cd0,0x00000006fdc50000)
}

