# JRE version: 7.0_07-b11
# Java VM: Java HotSpot(TM) 64-Bit Server VM (23.3-b01 mixed mode windows-amd64 compressed oops)
Heap
 PSYoungGen      total 1348480K, used 77851K [0x00000007aacb0000, 0x0000000800000000, 0x0000000800000000)
  eden space 1307712K, 5% used [0x00000007aacb0000,0x00000007af288238,0x00000007fa9c0000)
  from space 40768K, 15% used [0x00000007fa9c0000,0x00000007fafeec30,0x00000007fd190000)
  to   space 40960K, 0% used [0x00000007fd800000,0x00000007fd800000,0x0000000800000000)
 ParOldGen       total 256128K, used 145870K [0x0000000700600000, 0x0000000710020000, 0x00000007aacb0000)
  object space 256128K, 56% used [0x0000000700600000,0x0000000709473bf0,0x0000000710020000)
 PSPermGen       total 37504K, used 18279K [0x00000006fb400000, 0x00000006fd8a0000, 0x0000000700600000)
  object space 37504K, 48% used [0x00000006fb400000,0x00000006fc5d9c00,0x00000006fd8a0000)
GC Heap History (10 events):
Event: 19.073 GC heap before
{Heap before GC invocations=17 (full 4):
 PSYoungGen      total 928512K, used 907520K [0x00000007aacb0000, 0x00000007f2f20000, 0x0000000800000000)
  eden space 890368K, 100% used [0x00000007aacb0000,0x00000007e1230000,0x00000007e1230000)
  from space 38144K, 44% used [0x00000007e1230000,0x00000007e22f03e0,0x00000007e3770000)
  to   space 36864K, 0% used [0x00000007f0b20000,0x00000007f0b20000,0x00000007f2f20000)
 ParOldGen       total 256576K, used 256155K [0x0000000700600000, 0x0000000710090000, 0x00000007aacb0000)
  object space 256576K, 99% used [0x0000000700600000,0x0000000710026e28,0x0000000710090000)
 PSPermGen       total 39552K, used 18230K [0x00000006fb400000, 0x00000006fdaa0000, 0x0000000700600000)
  object space 39552K, 46% used [0x00000006fb400000,0x00000006fc5cd848,0x00000006fdaa0000)
Event: 19.100 GC heap after
Heap after GC invocations=17 (full 4):
 PSYoungGen      total 928512K, used 0K [0x00000007aacb0000, 0x00000007f2f20000, 0x0000000800000000)
  eden space 890368K, 0% used [0x00000007aacb0000,0x00000007aacb0000,0x00000007e1230000)
  from space 38144K, 0% used [0x00000007e1230000,0x00000007e1230000,0x00000007e3770000)
  to   space 36864K, 0% used [0x00000007f0b20000,0x00000007f0b20000,0x00000007f2f20000)
 ParOldGen       total 256128K, used 34491K [0x0000000700600000, 0x0000000710020000, 0x00000007aacb0000)
  object space 256128K, 13% used [0x0000000700600000,0x00000007027aefc8,0x0000000710020000)
 PSPermGen       total 37504K, used 18229K [0x00000006fb400000, 0x00000006fd8a0000, 0x0000000700600000)
  object space 37504K, 48% used [0x00000006fb400000,0x00000006fc5cd7e8,0x00000006fd8a0000)
}
Event: 20.898 GC heap before
{Heap before GC invocations=18 (full 4):
 PSYoungGen      total 928512K, used 889029K [0x00000007aacb0000, 0x00000007f2f20000, 0x0000000800000000)
  eden space 890368K, 99% used [0x00000007aacb0000,0x00000007e10e1498,0x00000007e1230000)
  from space 38144K, 0% used [0x00000007e1230000,0x00000007e1230000,0x00000007e3770000)
  to   space 36864K, 0% used [0x00000007f0b20000,0x00000007f0b20000,0x00000007f2f20000)
 ParOldGen       total 256128K, used 36516K [0x0000000700600000, 0x0000000710020000, 0x00000007aacb0000)
  object space 256128K, 14% used [0x0000000700600000,0x00000007029a93d8,0x0000000710020000)
 PSPermGen       total 37504K, used 18237K [0x00000006fb400000, 0x00000006fd8a0000, 0x0000000700600000)
  object space 37504K, 48% used [0x00000006fb400000,0x00000006fc5cf408,0x00000006fd8a0000)
Event: 20.903 GC heap after
Heap after GC invocations=18 (full 4):
 PSYoungGen      total 1115456K, used 16835K [0x00000007aacb0000, 0x00000007f1f60000, 0x0000000800000000)
  eden space 1094720K, 0% used [0x00000007aacb0000,0x00000007aacb0000,0x00000007ed9c0000)
  from space 20736K, 81% used [0x00000007f0b20000,0x00000007f1b90f40,0x00000007f1f60000)
  to   space 35648K, 0% used [0x00000007ed9c0000,0x00000007ed9c0000,0x00000007efc90000)
 ParOldGen       total 256128K, used 36516K [0x0000000700600000, 0x0000000710020000, 0x00000007aacb0000)
  object space 256128K, 14% used [0x0000000700600000,0x00000007029a93d8,0x0000000710020000)
 PSPermGen       total 37504K, used 18237K [0x00000006fb400000, 0x00000006fd8a0000, 0x0000000700600000)
  object space 37504K, 48% used [0x00000006fb400000,0x00000006fc5cf408,0x00000006fd8a0000)
}
Event: 23.173 GC heap before
{Heap before GC invocations=19 (full 4):
 PSYoungGen      total 1115456K, used 1111555K [0x00000007aacb0000, 0x00000007f1f60000, 0x0000000800000000)
  eden space 1094720K, 100% used [0x00000007aacb0000,0x00000007ed9c0000,0x00000007ed9c0000)
  from space 20736K, 81% used [0x00000007f0b20000,0x00000007f1b90f40,0x00000007f1f60000)
  to   space 35648K, 0% used [0x00000007ed9c0000,0x00000007ed9c0000,0x00000007efc90000)
 ParOldGen       total 256128K, used 82460K [0x0000000700600000, 0x0000000710020000, 0x00000007aacb0000)
  object space 256128K, 32% used [0x0000000700600000,0x00000007056873f0,0x0000000710020000)
 PSPermGen       total 37504K, used 18243K [0x00000006fb400000, 0x00000006fd8a0000, 0x0000000700600000)
  object space 37504K, 48% used [0x00000006fb400000,0x00000006fc5d0d98,0x00000006fd8a0000)
Event: 23.175 GC heap after
Heap after GC invocations=19 (full 4):
 PSYoungGen      total 1130368K, used 6363K [0x00000007aacb0000, 0x00000007ff4f0000, 0x0000000800000000)
  eden space 1094720K, 0% used [0x00000007aacb0000,0x00000007aacb0000,0x00000007ed9c0000)
  from space 35648K, 17% used [0x00000007ed9c0000,0x00000007edff6c30,0x00000007efc90000)
  to   space 36224K, 0% used [0x00000007fd190000,0x00000007fd190000,0x00000007ff4f0000)
 ParOldGen       total 256128K, used 82460K [0x0000000700600000, 0x0000000710020000, 0x00000007aacb0000)
  object space 256128K, 32% used [0x0000000700600000,0x00000007056873f0,0x0000000710020000)
 PSPermGen       total 37504K, used 18243K [0x00000006fb400000, 0x00000006fd8a0000, 0x0000000700600000)
  object space 37504K, 48% used [0x00000006fb400000,0x00000006fc5d0d98,0x00000006fd8a0000)
}
Event: 25.366 GC heap before
{Heap before GC invocations=20 (full 4):
 PSYoungGen      total 1130368K, used 1099758K [0x00000007aacb0000, 0x00000007ff4f0000, 0x0000000800000000)
  eden space 1094720K, 99% used [0x00000007aacb0000,0x00000007ed874d98,0x00000007ed9c0000)
  from space 35648K, 17% used [0x00000007ed9c0000,0x00000007edff6c30,0x00000007efc90000)
  to   space 36224K, 0% used [0x00000007fd190000,0x00000007fd190000,0x00000007ff4f0000)
 ParOldGen       total 256128K, used 85878K [0x0000000700600000, 0x0000000710020000, 0x00000007aacb0000)
  object space 256128K, 33% used [0x0000000700600000,0x00000007059dd8c0,0x0000000710020000)
 PSPermGen       total 37504K, used 18247K [0x00000006fb400000, 0x00000006fd8a0000, 0x0000000700600000)
  object space 37504K, 48% used [0x00000006fb400000,0x00000006fc5d1cd8,0x00000006fd8a0000)
Event: 25.375 GC heap after
Heap after GC invocations=20 (full 4):
 PSYoungGen      total 1343936K, used 35251K [0x00000007aacb0000, 0x00000007fff10000, 0x0000000800000000)
  eden space 1307712K, 0% used [0x00000007aacb0000,0x00000007aacb0000,0x00000007fa9c0000)
  from space 36224K, 97% used [0x00000007fd190000,0x00000007ff3fcdc0,0x00000007ff4f0000)
  to   space 40768K, 0% used [0x00000007fa9c0000,0x00000007fa9c0000,0x00000007fd190000)
 ParOldGen       total 256128K, used 89928K [0x0000000700600000, 0x0000000710020000, 0x00000007aacb0000)
  object space 256128K, 35% used [0x0000000700600000,0x0000000705dd20e0,0x0000000710020000)
 PSPermGen       total 37504K, used 18247K [0x00000006fb400000, 0x00000006fd8a0000, 0x0000000700600000)
  object space 37504K, 48% used [0x00000006fb400000,0x00000006fc5d1cd8,0x00000006fd8a0000)
}
Event: 28.174 GC heap before
{Heap before GC invocations=21 (full 4):
 PSYoungGen      total 1343936K, used 1342963K [0x00000007aacb0000, 0x00000007fff10000, 0x0000000800000000)
  eden space 1307712K, 100% used [0x00000007aacb0000,0x00000007fa9c0000,0x00000007fa9c0000)
  from space 36224K, 97% used [0x00000007fd190000,0x00000007ff3fcdc0,0x00000007ff4f0000)
  to   space 40768K, 0% used [0x00000007fa9c0000,0x00000007fa9c0000,0x00000007fd190000)
 ParOldGen       total 256128K, used 145870K [0x0000000700600000, 0x0000000710020000, 0x00000007aacb0000)
  object space 256128K, 56% used [0x0000000700600000,0x0000000709473bf0,0x0000000710020000)
 PSPermGen       total 37504K, used 18271K [0x00000006fb400000, 0x00000006fd8a0000, 0x0000000700600000)
  object space 37504K, 48% used [0x00000006fb400000,0x00000006fc5d7fa8,0x00000006fd8a0000)
Event: 28.177 GC heap after
Heap after GC invocations=21 (full 4):
 PSYoungGen      total 1348480K, used 6331K [0x00000007aacb0000, 0x0000000800000000, 0x0000000800000000)
  eden space 1307712K, 0% used [0x00000007aacb0000,0x00000007aacb0000,0x00000007fa9c0000)
  from space 40768K, 15% used [0x00000007fa9c0000,0x00000007fafeec30,0x00000007fd190000)
  to   space 40960K, 0% used [0x00000007fd800000,0x00000007fd800000,0x0000000800000000)
 ParOldGen       total 256128K, used 145870K [0x0000000700600000, 0x0000000710020000, 0x00000007aacb0000)
  object space 256128K, 56% used [0x0000000700600000,0x0000000709473bf0,0x0000000710020000)
 PSPermGen       total 37504K, used 18271K [0x00000006fb400000, 0x00000006fd8a0000, 0x0000000700600000)
  object space 37504K, 48% used [0x00000006fb400000,0x00000006fc5d7fa8,0x00000006fd8a0000)
}

