# JRE version: 7.0_07-b11
# Java VM: Java HotSpot(TM) 64-Bit Server VM (23.3-b01 mixed mode windows-amd64 compressed oops)
Heap
 PSYoungGen      total 840512K, used 216711K [0x00000007aacb0000, 0x00000007e3a50000, 0x0000000800000000)
  eden space 769792K, 28% used [0x00000007aacb0000,0x00000007b8051f60,0x00000007d9c70000)
  from space 70720K, 0% used [0x00000007df540000,0x00000007df540000,0x00000007e3a50000)
  to   space 80832K, 0% used [0x00000007d9c70000,0x00000007d9c70000,0x00000007deb60000)
 ParOldGen       total 251840K, used 53409K [0x0000000700600000, 0x000000070fbf0000, 0x00000007aacb0000)
  object space 251840K, 21% used [0x0000000700600000,0x0000000703a28568,0x000000070fbf0000)
 PSPermGen       total 39488K, used 18183K [0x00000006fb400000, 0x00000006fda90000, 0x0000000700600000)
  object space 39488K, 46% used [0x00000006fb400000,0x00000006fc5c1e00,0x00000006fda90000)
GC Heap History (10 events):
Event: 12.914 GC heap before
{Heap before GC invocations=15 (full 2):
 PSYoungGen      total 575488K, used 540702K [0x00000007aacb0000, 0x00000007d2570000, 0x0000000800000000)
  eden space 528896K, 99% used [0x00000007aacb0000,0x00000007cac16200,0x00000007cb130000)
  from space 46592K, 36% used [0x00000007cf7f0000,0x00000007d0891740,0x00000007d2570000)
  to   space 59520K, 0% used [0x00000007cb130000,0x00000007cb130000,0x00000007ceb50000)
 ParOldGen       total 195520K, used 124934K [0x0000000700600000, 0x000000070c4f0000, 0x00000007aacb0000)
  object space 195520K, 63% used [0x0000000700600000,0x0000000708001b98,0x000000070c4f0000)
 PSPermGen       total 40576K, used 18086K [0x00000006fb400000, 0x00000006fdba0000, 0x0000000700600000)
  object space 40576K, 44% used [0x00000006fb400000,0x00000006fc5a9908,0x00000006fdba0000)
Event: 12.927 GC heap after
Heap after GC invocations=15 (full 2):
 PSYoungGen      total 588416K, used 44980K [0x00000007aacb0000, 0x00000007da6d0000, 0x0000000800000000)
  eden space 528896K, 0% used [0x00000007aacb0000,0x00000007aacb0000,0x00000007cb130000)
  from space 59520K, 75% used [0x00000007cb130000,0x00000007cdd1d348,0x00000007ceb50000)
  to   space 64576K, 0% used [0x00000007d67c0000,0x00000007d67c0000,0x00000007da6d0000)
 ParOldGen       total 195520K, used 124934K [0x0000000700600000, 0x000000070c4f0000, 0x00000007aacb0000)
  object space 195520K, 63% used [0x0000000700600000,0x0000000708001b98,0x000000070c4f0000)
 PSPermGen       total 40576K, used 18086K [0x00000006fb400000, 0x00000006fdba0000, 0x0000000700600000)
  object space 40576K, 44% used [0x00000006fb400000,0x00000006fc5a9908,0x00000006fdba0000)
}
Event: 14.814 GC heap before
{Heap before GC invocations=16 (full 2):
 PSYoungGen      total 588416K, used 567837K [0x00000007aacb0000, 0x00000007da6d0000, 0x0000000800000000)
  eden space 528896K, 98% used [0x00000007aacb0000,0x00000007cab4a288,0x00000007cb130000)
  from space 59520K, 75% used [0x00000007cb130000,0x00000007cdd1d348,0x00000007ceb50000)
  to   space 64576K, 0% used [0x00000007d67c0000,0x00000007d67c0000,0x00000007da6d0000)
 ParOldGen       total 195520K, used 124934K [0x0000000700600000, 0x000000070c4f0000, 0x00000007aacb0000)
  object space 195520K, 63% used [0x0000000700600000,0x0000000708001b98,0x000000070c4f0000)
 PSPermGen       total 40576K, used 18092K [0x00000006fb400000, 0x00000006fdba0000, 0x0000000700600000)
  object space 40576K, 44% used [0x00000006fb400000,0x00000006fc5ab218,0x00000006fdba0000)
Event: 14.828 GC heap after
Heap after GC invocations=16 (full 2):
 PSYoungGen      total 709184K, used 47181K [0x00000007aacb0000, 0x00000007da990000, 0x0000000800000000)
  eden space 644608K, 0% used [0x00000007aacb0000,0x00000007aacb0000,0x00000007d2230000)
  from space 64576K, 73% used [0x00000007d67c0000,0x00000007d95d3508,0x00000007da6d0000)
  to   space 69312K, 0% used [0x00000007d2230000,0x00000007d2230000,0x00000007d65e0000)
 ParOldGen       total 195520K, used 124934K [0x0000000700600000, 0x000000070c4f0000, 0x00000007aacb0000)
  object space 195520K, 63% used [0x0000000700600000,0x0000000708001b98,0x000000070c4f0000)
 PSPermGen       total 40576K, used 18092K [0x00000006fb400000, 0x00000006fdba0000, 0x0000000700600000)
  object space 40576K, 44% used [0x00000006fb400000,0x00000006fc5ab218,0x00000006fdba0000)
}
Event: 17.195 GC heap before
{Heap before GC invocations=17 (full 2):
 PSYoungGen      total 709184K, used 688852K [0x00000007aacb0000, 0x00000007da990000, 0x0000000800000000)
  eden space 644608K, 99% used [0x00000007aacb0000,0x00000007d1f51c20,0x00000007d2230000)
  from space 64576K, 73% used [0x00000007d67c0000,0x00000007d95d3508,0x00000007da6d0000)
  to   space 69312K, 0% used [0x00000007d2230000,0x00000007d2230000,0x00000007d65e0000)
 ParOldGen       total 195520K, used 124934K [0x0000000700600000, 0x000000070c4f0000, 0x00000007aacb0000)
  object space 195520K, 63% used [0x0000000700600000,0x0000000708001b98,0x000000070c4f0000)
 PSPermGen       total 40576K, used 18109K [0x00000006fb400000, 0x00000006fdba0000, 0x0000000700600000)
  object space 40576K, 44% used [0x00000006fb400000,0x00000006fc5af6e8,0x00000006fdba0000)
Event: 17.215 GC heap after
Heap after GC invocations=17 (full 2):
 PSYoungGen      total 713920K, used 65438K [0x00000007aacb0000, 0x00000007e4300000, 0x0000000800000000)
  eden space 644608K, 0% used [0x00000007aacb0000,0x00000007aacb0000,0x00000007d2230000)
  from space 69312K, 94% used [0x00000007d2230000,0x00000007d6217938,0x00000007d65e0000)
  to   space 79616K, 0% used [0x00000007df540000,0x00000007df540000,0x00000007e4300000)
 ParOldGen       total 195520K, used 129128K [0x0000000700600000, 0x000000070c4f0000, 0x00000007aacb0000)
  object space 195520K, 66% used [0x0000000700600000,0x000000070841a168,0x000000070c4f0000)
 PSPermGen       total 40576K, used 18109K [0x00000006fb400000, 0x00000006fdba0000, 0x0000000700600000)
  object space 40576K, 44% used [0x00000006fb400000,0x00000006fc5af6e8,0x00000006fdba0000)
}
Event: 19.627 GC heap before
{Heap before GC invocations=18 (full 2):
 PSYoungGen      total 713920K, used 705068K [0x00000007aacb0000, 0x00000007e4300000, 0x0000000800000000)
  eden space 644608K, 99% used [0x00000007aacb0000,0x00000007d1d53758,0x00000007d2230000)
  from space 69312K, 94% used [0x00000007d2230000,0x00000007d6217938,0x00000007d65e0000)
  to   space 79616K, 0% used [0x00000007df540000,0x00000007df540000,0x00000007e4300000)
 ParOldGen       total 195520K, used 135203K [0x0000000700600000, 0x000000070c4f0000, 0x00000007aacb0000)
  object space 195520K, 69% used [0x0000000700600000,0x0000000708a08d78,0x000000070c4f0000)
 PSPermGen       total 40576K, used 18129K [0x00000006fb400000, 0x00000006fdba0000, 0x0000000700600000)
  object space 40576K, 44% used [0x00000006fb400000,0x00000006fc5b4418,0x00000006fdba0000)
Event: 19.639 GC heap after
Heap after GC invocations=18 (full 2):
 PSYoungGen      total 840512K, used 46437K [0x00000007aacb0000, 0x00000007e3a50000, 0x0000000800000000)
  eden space 769792K, 0% used [0x00000007aacb0000,0x00000007aacb0000,0x00000007d9c70000)
  from space 70720K, 65% used [0x00000007df540000,0x00000007e2299408,0x00000007e3a50000)
  to   space 80832K, 0% used [0x00000007d9c70000,0x00000007d9c70000,0x00000007deb60000)
 ParOldGen       total 195520K, used 135203K [0x0000000700600000, 0x000000070c4f0000, 0x00000007aacb0000)
  object space 195520K, 69% used [0x0000000700600000,0x0000000708a08d78,0x000000070c4f0000)
 PSPermGen       total 40576K, used 18129K [0x00000006fb400000, 0x00000006fdba0000, 0x0000000700600000)
  object space 40576K, 44% used [0x00000006fb400000,0x00000006fc5b4418,0x00000006fdba0000)
}
Event: 22.880 GC heap before
{Heap before GC invocations=19 (full 3):
 PSYoungGen      total 840512K, used 813850K [0x00000007aacb0000, 0x00000007e3a50000, 0x0000000800000000)
  eden space 769792K, 99% used [0x00000007aacb0000,0x00000007d9a1d758,0x00000007d9c70000)
  from space 70720K, 65% used [0x00000007df540000,0x00000007e2299408,0x00000007e3a50000)
  to   space 80832K, 0% used [0x00000007d9c70000,0x00000007d9c70000,0x00000007deb60000)
 ParOldGen       total 433920K, used 433655K [0x0000000700600000, 0x000000071adc0000, 0x00000007aacb0000)
  object space 433920K, 99% used [0x0000000700600000,0x000000071ad7de68,0x000000071adc0000)
 PSPermGen       total 40576K, used 18156K [0x00000006fb400000, 0x00000006fdba0000, 0x0000000700600000)
  object space 40576K, 44% used [0x00000006fb400000,0x00000006fc5bb1f0,0x00000006fdba0000)
Event: 22.940 GC heap after
Heap after GC invocations=19 (full 3):
 PSYoungGen      total 840512K, used 0K [0x00000007aacb0000, 0x00000007e3a50000, 0x0000000800000000)
  eden space 769792K, 0% used [0x00000007aacb0000,0x00000007aacb0000,0x00000007d9c70000)
  from space 70720K, 0% used [0x00000007df540000,0x00000007df540000,0x00000007e3a50000)
  to   space 80832K, 0% used [0x00000007d9c70000,0x00000007d9c70000,0x00000007deb60000)
 ParOldGen       total 251840K, used 53409K [0x0000000700600000, 0x000000070fbf0000, 0x00000007aacb0000)
  object space 251840K, 21% used [0x0000000700600000,0x0000000703a28568,0x000000070fbf0000)
 PSPermGen       total 39488K, used 18156K [0x00000006fb400000, 0x00000006fda90000, 0x0000000700600000)
  object space 39488K, 45% used [0x00000006fb400000,0x00000006fc5bb1a0,0x00000006fda90000)
}

