# JRE version: 7.0_07-b11
# Java VM: Java HotSpot(TM) 64-Bit Server VM (23.3-b01 mixed mode windows-amd64 compressed oops)
Heap
 PSYoungGen      total 559040K, used 203192K [0x00000007aacb0000, 0x00000007e2f20000, 0x0000000800000000)
  eden space 513536K, 31% used [0x00000007aacb0000,0x00000007b4ba7ca0,0x00000007ca230000)
  from space 45504K, 88% used [0x00000007ca230000,0x00000007cc9a64e0,0x00000007ccea0000)
  to   space 49152K, 0% used [0x00000007dff20000,0x00000007dff20000,0x00000007e2f20000)
 ParOldGen       total 174528K, used 105708K [0x0000000700600000, 0x000000070b070000, 0x00000007aacb0000)
  object space 174528K, 60% used [0x0000000700600000,0x0000000706d3b0c8,0x000000070b070000)
 PSPermGen       total 21248K, used 18079K [0x00000006fb400000, 0x00000006fc8c0000, 0x0000000700600000)
  object space 21248K, 85% used [0x00000006fb400000,0x00000006fc5a7f88,0x00000006fc8c0000)
GC Heap History (10 events):
Event: 3.790 GC heap before
{Heap before GC invocations=5 (full 0):
 PSYoungGen      total 141824K, used 133291K [0x00000007aacb0000, 0x00000007b41d0000, 0x0000000800000000)
  eden space 130944K, 97% used [0x00000007aacb0000,0x00000007b2952b98,0x00000007b2c90000)
  from space 10880K, 52% used [0x00000007b3730000,0x00000007b3cb83e0,0x00000007b41d0000)
  to   space 10880K, 0% used [0x00000007b2c90000,0x00000007b2c90000,0x00000007b3730000)
 ParOldGen       total 174528K, used 62191K [0x0000000700600000, 0x000000070b070000, 0x00000007aacb0000)
  object space 174528K, 35% used [0x0000000700600000,0x00000007042bbd00,0x000000070b070000)
 PSPermGen       total 21248K, used 16868K [0x00000006fb400000, 0x00000006fc8c0000, 0x0000000700600000)
  object space 21248K, 79% used [0x00000006fb400000,0x00000006fc4792a8,0x00000006fc8c0000)
Event: 3.799 GC heap after
Heap after GC invocations=5 (full 0):
 PSYoungGen      total 141824K, used 10875K [0x00000007aacb0000, 0x00000007beff0000, 0x0000000800000000)
  eden space 130944K, 0% used [0x00000007aacb0000,0x00000007aacb0000,0x00000007b2c90000)
  from space 10880K, 99% used [0x00000007b2c90000,0x00000007b372efd0,0x00000007b3730000)
  to   space 34560K, 0% used [0x00000007bce30000,0x00000007bce30000,0x00000007beff0000)
 ParOldGen       total 174528K, used 75896K [0x0000000700600000, 0x000000070b070000, 0x00000007aacb0000)
  object space 174528K, 43% used [0x0000000700600000,0x000000070501e140,0x000000070b070000)
 PSPermGen       total 21248K, used 16868K [0x00000006fb400000, 0x00000006fc8c0000, 0x0000000700600000)
  object space 21248K, 79% used [0x00000006fb400000,0x00000006fc4792a8,0x00000006fc8c0000)
}
Event: 4.199 GC heap before
{Heap before GC invocations=6 (full 0):
 PSYoungGen      total 141824K, used 140517K [0x00000007aacb0000, 0x00000007beff0000, 0x0000000800000000)
  eden space 130944K, 99% used [0x00000007aacb0000,0x00000007b2b4a458,0x00000007b2c90000)
  from space 10880K, 99% used [0x00000007b2c90000,0x00000007b372efd0,0x00000007b3730000)
  to   space 34560K, 0% used [0x00000007bce30000,0x00000007bce30000,0x00000007beff0000)
 ParOldGen       total 174528K, used 75896K [0x0000000700600000, 0x000000070b070000, 0x00000007aacb0000)
  object space 174528K, 43% used [0x0000000700600000,0x000000070501e140,0x000000070b070000)
 PSPermGen       total 21248K, used 17758K [0x00000006fb400000, 0x00000006fc8c0000, 0x0000000700600000)
  object space 21248K, 83% used [0x00000006fb400000,0x00000006fc557928,0x00000006fc8c0000)
Event: 4.207 GC heap after
Heap after GC invocations=6 (full 0):
 PSYoungGen      total 293248K, used 30717K [0x00000007aacb0000, 0x00000007bf630000, 0x0000000800000000)
  eden space 258688K, 0% used [0x00000007aacb0000,0x00000007aacb0000,0x00000007ba950000)
  from space 34560K, 88% used [0x00000007bce30000,0x00000007bec2f790,0x00000007beff0000)
  to   space 37760K, 0% used [0x00000007ba950000,0x00000007ba950000,0x00000007bce30000)
 ParOldGen       total 174528K, used 75904K [0x0000000700600000, 0x000000070b070000, 0x00000007aacb0000)
  object space 174528K, 43% used [0x0000000700600000,0x0000000705020140,0x000000070b070000)
 PSPermGen       total 21248K, used 17758K [0x00000006fb400000, 0x00000006fc8c0000, 0x0000000700600000)
  object space 21248K, 83% used [0x00000006fb400000,0x00000006fc557928,0x00000006fc8c0000)
}
Event: 5.049 GC heap before
{Heap before GC invocations=7 (full 0):
 PSYoungGen      total 293248K, used 288384K [0x00000007aacb0000, 0x00000007bf630000, 0x0000000800000000)
  eden space 258688K, 99% used [0x00000007aacb0000,0x00000007ba850a80,0x00000007ba950000)
  from space 34560K, 88% used [0x00000007bce30000,0x00000007bec2f790,0x00000007beff0000)
  to   space 37760K, 0% used [0x00000007ba950000,0x00000007ba950000,0x00000007bce30000)
 ParOldGen       total 174528K, used 75904K [0x0000000700600000, 0x000000070b070000, 0x00000007aacb0000)
  object space 174528K, 43% used [0x0000000700600000,0x0000000705020140,0x000000070b070000)
 PSPermGen       total 21248K, used 17959K [0x00000006fb400000, 0x00000006fc8c0000, 0x0000000700600000)
  object space 21248K, 84% used [0x00000006fb400000,0x00000006fc589c88,0x00000006fc8c0000)
Event: 5.061 GC heap after
Heap after GC invocations=7 (full 0):
 PSYoungGen      total 296448K, used 34759K [0x00000007aacb0000, 0x00000007cf750000, 0x0000000800000000)
  eden space 258688K, 0% used [0x00000007aacb0000,0x00000007aacb0000,0x00000007ba950000)
  from space 37760K, 92% used [0x00000007ba950000,0x00000007bcb41e70,0x00000007bce30000)
  to   space 41664K, 0% used [0x00000007ccea0000,0x00000007ccea0000,0x00000007cf750000)
 ParOldGen       total 174528K, used 79430K [0x0000000700600000, 0x000000070b070000, 0x00000007aacb0000)
  object space 174528K, 45% used [0x0000000700600000,0x00000007053919c8,0x000000070b070000)
 PSPermGen       total 21248K, used 17959K [0x00000006fb400000, 0x00000006fc8c0000, 0x0000000700600000)
  object space 21248K, 84% used [0x00000006fb400000,0x00000006fc589c88,0x00000006fc8c0000)
}
Event: 5.881 GC heap before
{Heap before GC invocations=8 (full 0):
 PSYoungGen      total 296448K, used 291651K [0x00000007aacb0000, 0x00000007cf750000, 0x0000000800000000)
  eden space 258688K, 99% used [0x00000007aacb0000,0x00000007ba78f080,0x00000007ba950000)
  from space 37760K, 92% used [0x00000007ba950000,0x00000007bcb41e70,0x00000007bce30000)
  to   space 41664K, 0% used [0x00000007ccea0000,0x00000007ccea0000,0x00000007cf750000)
 ParOldGen       total 174528K, used 79430K [0x0000000700600000, 0x000000070b070000, 0x00000007aacb0000)
  object space 174528K, 45% used [0x0000000700600000,0x00000007053919c8,0x000000070b070000)
 PSPermGen       total 21248K, used 18063K [0x00000006fb400000, 0x00000006fc8c0000, 0x0000000700600000)
  object space 21248K, 85% used [0x00000006fb400000,0x00000006fc5a3e70,0x00000006fc8c0000)
Event: 5.893 GC heap after
Heap after GC invocations=8 (full 0):
 PSYoungGen      total 555200K, used 38108K [0x00000007aacb0000, 0x00000007cfed0000, 0x0000000800000000)
  eden space 513536K, 0% used [0x00000007aacb0000,0x00000007aacb0000,0x00000007ca230000)
  from space 41664K, 91% used [0x00000007ccea0000,0x00000007cf3d7390,0x00000007cf750000)
  to   space 45504K, 0% used [0x00000007ca230000,0x00000007ca230000,0x00000007ccea0000)
 ParOldGen       total 174528K, used 86431K [0x0000000700600000, 0x000000070b070000, 0x00000007aacb0000)
  object space 174528K, 49% used [0x0000000700600000,0x0000000705a67de8,0x000000070b070000)
 PSPermGen       total 21248K, used 18063K [0x00000006fb400000, 0x00000006fc8c0000, 0x0000000700600000)
  object space 21248K, 85% used [0x00000006fb400000,0x00000006fc5a3e70,0x00000006fc8c0000)
}
Event: 7.532 GC heap before
{Heap before GC invocations=9 (full 0):
 PSYoungGen      total 555200K, used 551564K [0x00000007aacb0000, 0x00000007cfed0000, 0x0000000800000000)
  eden space 513536K, 99% used [0x00000007aacb0000,0x00000007ca21bf48,0x00000007ca230000)
  from space 41664K, 91% used [0x00000007ccea0000,0x00000007cf3d7390,0x00000007cf750000)
  to   space 45504K, 0% used [0x00000007ca230000,0x00000007ca230000,0x00000007ccea0000)
 ParOldGen       total 174528K, used 86431K [0x0000000700600000, 0x000000070b070000, 0x00000007aacb0000)
  object space 174528K, 49% used [0x0000000700600000,0x0000000705a67de8,0x000000070b070000)
 PSPermGen       total 21248K, used 18078K [0x00000006fb400000, 0x00000006fc8c0000, 0x0000000700600000)
  object space 21248K, 85% used [0x00000006fb400000,0x00000006fc5a79d8,0x00000006fc8c0000)
Event: 7.549 GC heap after
Heap after GC invocations=9 (full 0):
 PSYoungGen      total 559040K, used 40409K [0x00000007aacb0000, 0x00000007e2f20000, 0x0000000800000000)
  eden space 513536K, 0% used [0x00000007aacb0000,0x00000007aacb0000,0x00000007ca230000)
  from space 45504K, 88% used [0x00000007ca230000,0x00000007cc9a64e0,0x00000007ccea0000)
  to   space 49152K, 0% used [0x00000007dff20000,0x00000007dff20000,0x00000007e2f20000)
 ParOldGen       total 174528K, used 105708K [0x0000000700600000, 0x000000070b070000, 0x00000007aacb0000)
  object space 174528K, 60% used [0x0000000700600000,0x0000000706d3b0c8,0x000000070b070000)
 PSPermGen       total 21248K, used 18078K [0x00000006fb400000, 0x00000006fc8c0000, 0x0000000700600000)
  object space 21248K, 85% used [0x00000006fb400000,0x00000006fc5a79d8,0x00000006fc8c0000)
}

