# JRE version: 7.0_07-b11
# Java VM: Java HotSpot(TM) 64-Bit Server VM (23.3-b01 mixed mode windows-amd64 compressed oops)
Heap
 PSYoungGen      total 231168K, used 114134K [0x00000007aacb0000, 0x00000007bae00000, 0x0000000800000000)
  eden space 207808K, 54% used [0x00000007aacb0000,0x00000007b1bf5ab0,0x00000007b77a0000)
  from space 23360K, 0% used [0x00000007b9730000,0x00000007b9760000,0x00000007bae00000)
  to   space 27840K, 0% used [0x00000007b77a0000,0x00000007b77a0000,0x00000007b92d0000)
 ParOldGen       total 459968K, used 346169K [0x0000000700600000, 0x000000071c730000, 0x00000007aacb0000)
  object space 459968K, 75% used [0x0000000700600000,0x000000071580e708,0x000000071c730000)
 PSPermGen       total 35904K, used 18065K [0x00000006fb400000, 0x00000006fd710000, 0x0000000700600000)
  object space 35904K, 50% used [0x00000006fb400000,0x00000006fc5a4460,0x00000006fd710000)
GC Heap History (10 events):
Event: 12.660 GC heap before
{Heap before GC invocations=13 (full 4):
 PSYoungGen      total 161536K, used 139075K [0x00000007aacb0000, 0x00000007b6370000, 0x0000000800000000)
  eden space 141824K, 98% used [0x00000007aacb0000,0x00000007b3480cb8,0x00000007b3730000)
  from space 19712K, 0% used [0x00000007b4b60000,0x00000007b4b60000,0x00000007b5ea0000)
  to   space 20672K, 0% used [0x00000007b3730000,0x00000007b3730000,0x00000007b4b60000)
 ParOldGen       total 379904K, used 17359K [0x0000000700600000, 0x0000000717900000, 0x00000007aacb0000)
  object space 379904K, 4% used [0x0000000700600000,0x00000007016f3dc8,0x0000000717900000)
 PSPermGen       total 37568K, used 18050K [0x00000006fb400000, 0x00000006fd8b0000, 0x0000000700600000)
  object space 37568K, 48% used [0x00000006fb400000,0x00000006fc5a0ad8,0x00000006fd8b0000)
Event: 12.667 GC heap after
Heap after GC invocations=13 (full 4):
 PSYoungGen      total 162496K, used 19272K [0x00000007aacb0000, 0x00000007b8390000, 0x0000000800000000)
  eden space 141824K, 0% used [0x00000007aacb0000,0x00000007aacb0000,0x00000007b3730000)
  from space 20672K, 93% used [0x00000007b3730000,0x00000007b4a021c0,0x00000007b4b60000)
  to   space 22464K, 0% used [0x00000007b6da0000,0x00000007b6da0000,0x00000007b8390000)
 ParOldGen       total 379904K, used 45076K [0x0000000700600000, 0x0000000717900000, 0x00000007aacb0000)
  object space 379904K, 11% used [0x0000000700600000,0x00000007032052d8,0x0000000717900000)
 PSPermGen       total 37568K, used 18050K [0x00000006fb400000, 0x00000006fd8b0000, 0x0000000700600000)
  object space 37568K, 48% used [0x00000006fb400000,0x00000006fc5a0ad8,0x00000006fd8b0000)
}
Event: 14.232 GC heap before
{Heap before GC invocations=14 (full 5):
 PSYoungGen      total 162496K, used 158528K [0x00000007aacb0000, 0x00000007b8390000, 0x0000000800000000)
  eden space 141824K, 98% used [0x00000007aacb0000,0x00000007b34ae1f8,0x00000007b3730000)
  from space 20672K, 93% used [0x00000007b3730000,0x00000007b4a021c0,0x00000007b4b60000)
  to   space 22464K, 0% used [0x00000007b6da0000,0x00000007b6da0000,0x00000007b8390000)
 ParOldGen       total 379904K, used 342752K [0x0000000700600000, 0x0000000717900000, 0x00000007aacb0000)
  object space 379904K, 90% used [0x0000000700600000,0x00000007154b82c8,0x0000000717900000)
 PSPermGen       total 37568K, used 18054K [0x00000006fb400000, 0x00000006fd8b0000, 0x0000000700600000)
  object space 37568K, 48% used [0x00000006fb400000,0x00000006fc5a1970,0x00000006fd8b0000)
Event: 14.255 GC heap after
Heap after GC invocations=14 (full 5):
 PSYoungGen      total 162496K, used 0K [0x00000007aacb0000, 0x00000007b8390000, 0x0000000800000000)
  eden space 141824K, 0% used [0x00000007aacb0000,0x00000007aacb0000,0x00000007b3730000)
  from space 20672K, 0% used [0x00000007b3730000,0x00000007b3730000,0x00000007b4b60000)
  to   space 22464K, 0% used [0x00000007b6da0000,0x00000007b6da0000,0x00000007b8390000)
 ParOldGen       total 459968K, used 13942K [0x0000000700600000, 0x000000071c730000, 0x00000007aacb0000)
  object space 459968K, 3% used [0x0000000700600000,0x000000070139d868,0x000000071c730000)
 PSPermGen       total 35904K, used 18054K [0x00000006fb400000, 0x00000006fd710000, 0x0000000700600000)
  object space 35904K, 50% used [0x00000006fb400000,0x00000006fc5a1970,0x00000006fd710000)
}
Event: 14.734 GC heap before
{Heap before GC invocations=15 (full 5):
 PSYoungGen      total 162496K, used 139075K [0x00000007aacb0000, 0x00000007b8390000, 0x0000000800000000)
  eden space 141824K, 98% used [0x00000007aacb0000,0x00000007b3480de8,0x00000007b3730000)
  from space 20672K, 0% used [0x00000007b3730000,0x00000007b3730000,0x00000007b4b60000)
  to   space 22464K, 0% used [0x00000007b6da0000,0x00000007b6da0000,0x00000007b8390000)
 ParOldGen       total 459968K, used 13942K [0x0000000700600000, 0x000000071c730000, 0x00000007aacb0000)
  object space 459968K, 3% used [0x0000000700600000,0x000000070139d868,0x000000071c730000)
 PSPermGen       total 35904K, used 18054K [0x00000006fb400000, 0x00000006fd710000, 0x0000000700600000)
  object space 35904K, 50% used [0x00000006fb400000,0x00000006fc5a1bf8,0x00000006fd710000)
Event: 14.743 GC heap after
Heap after GC invocations=15 (full 5):
 PSYoungGen      total 195328K, used 21898K [0x00000007aacb0000, 0x00000007b8660000, 0x0000000800000000)
  eden space 172864K, 0% used [0x00000007aacb0000,0x00000007aacb0000,0x00000007b5580000)
  from space 22464K, 97% used [0x00000007b6da0000,0x00000007b8302900,0x00000007b8390000)
  to   space 24704K, 0% used [0x00000007b5580000,0x00000007b5580000,0x00000007b6da0000)
 ParOldGen       total 459968K, used 35584K [0x0000000700600000, 0x000000071c730000, 0x00000007aacb0000)
  object space 459968K, 7% used [0x0000000700600000,0x00000007028c0168,0x000000071c730000)
 PSPermGen       total 35904K, used 18054K [0x00000006fb400000, 0x00000006fd710000, 0x0000000700600000)
  object space 35904K, 50% used [0x00000006fb400000,0x00000006fc5a1bf8,0x00000006fd710000)
}
Event: 15.360 GC heap before
{Heap before GC invocations=16 (full 5):
 PSYoungGen      total 195328K, used 192871K [0x00000007aacb0000, 0x00000007b8660000, 0x0000000800000000)
  eden space 172864K, 98% used [0x00000007aacb0000,0x00000007b53a7388,0x00000007b5580000)
  from space 22464K, 97% used [0x00000007b6da0000,0x00000007b8302900,0x00000007b8390000)
  to   space 24704K, 0% used [0x00000007b5580000,0x00000007b5580000,0x00000007b6da0000)
 ParOldGen       total 459968K, used 39001K [0x0000000700600000, 0x000000071c730000, 0x00000007aacb0000)
  object space 459968K, 8% used [0x0000000700600000,0x0000000702c16638,0x000000071c730000)
 PSPermGen       total 35904K, used 18055K [0x00000006fb400000, 0x00000006fd710000, 0x0000000700600000)
  object space 35904K, 50% used [0x00000006fb400000,0x00000006fc5a1fa8,0x00000006fd710000)
Event: 15.366 GC heap after
Heap after GC invocations=16 (full 5):
 PSYoungGen      total 197568K, used 21866K [0x00000007aacb0000, 0x00000007bb110000, 0x0000000800000000)
  eden space 172864K, 0% used [0x00000007aacb0000,0x00000007aacb0000,0x00000007b5580000)
  from space 24704K, 88% used [0x00000007b5580000,0x00000007b6ada900,0x00000007b6da0000)
  to   space 26496K, 0% used [0x00000007b9730000,0x00000007b9730000,0x00000007bb110000)
 ParOldGen       total 459968K, used 45835K [0x0000000700600000, 0x000000071c730000, 0x00000007aacb0000)
  object space 459968K, 9% used [0x0000000700600000,0x00000007032c2fd8,0x000000071c730000)
 PSPermGen       total 35904K, used 18055K [0x00000006fb400000, 0x00000006fd710000, 0x0000000700600000)
  object space 35904K, 50% used [0x00000006fb400000,0x00000006fc5a1fa8,0x00000006fd710000)
}
Event: 16.962 GC heap before
{Heap before GC invocations=17 (full 5):
 PSYoungGen      total 197568K, used 192983K [0x00000007aacb0000, 0x00000007bb110000, 0x0000000800000000)
  eden space 172864K, 98% used [0x00000007aacb0000,0x00000007b53cb310,0x00000007b5580000)
  from space 24704K, 88% used [0x00000007b5580000,0x00000007b6ada900,0x00000007b6da0000)
  to   space 26496K, 0% used [0x00000007b9730000,0x00000007b9730000,0x00000007bb110000)
 ParOldGen       total 459968K, used 346169K [0x0000000700600000, 0x000000071c730000, 0x00000007aacb0000)
  object space 459968K, 75% used [0x0000000700600000,0x000000071580e708,0x000000071c730000)
 PSPermGen       total 35904K, used 18065K [0x00000006fb400000, 0x00000006fd710000, 0x0000000700600000)
  object space 35904K, 50% used [0x00000006fb400000,0x00000006fc5a4460,0x00000006fd710000)
Event: 16.964 GC heap after
Heap after GC invocations=17 (full 5):
 PSYoungGen      total 231168K, used 192K [0x00000007aacb0000, 0x00000007bae00000, 0x0000000800000000)
  eden space 207808K, 0% used [0x00000007aacb0000,0x00000007aacb0000,0x00000007b77a0000)
  from space 23360K, 0% used [0x00000007b9730000,0x00000007b9760000,0x00000007bae00000)
  to   space 27840K, 0% used [0x00000007b77a0000,0x00000007b77a0000,0x00000007b92d0000)
 ParOldGen       total 459968K, used 346169K [0x0000000700600000, 0x000000071c730000, 0x00000007aacb0000)
  object space 459968K, 75% used [0x0000000700600000,0x000000071580e708,0x000000071c730000)
 PSPermGen       total 35904K, used 18065K [0x00000006fb400000, 0x00000006fd710000, 0x0000000700600000)
  object space 35904K, 50% used [0x00000006fb400000,0x00000006fc5a4460,0x00000006fd710000)
}

