# JRE version: 7.0_07-b11
# Java VM: Java HotSpot(TM) 64-Bit Server VM (23.3-b01 mixed mode windows-amd64 compressed oops)
Heap
 PSYoungGen      total 1300736K, used 589818K [0x00000007aacb0000, 0x0000000800000000, 0x0000000800000000)
  eden space 1252608K, 45% used [0x00000007aacb0000,0x00000007cda9a6c8,0x00000007f73f0000)
  from space 48128K, 38% used [0x00000007f73f0000,0x00000007f8604430,0x00000007fa2f0000)
  to   space 46272K, 0% used [0x00000007fd2d0000,0x00000007fd2d0000,0x0000000800000000)
 ParOldGen       total 299520K, used 167467K [0x0000000700600000, 0x0000000712a80000, 0x00000007aacb0000)
  object space 299520K, 55% used [0x0000000700600000,0x000000070a98acb8,0x0000000712a80000)
 PSPermGen       total 36032K, used 18316K [0x00000006fb400000, 0x00000006fd730000, 0x0000000700600000)
  object space 36032K, 50% used [0x00000006fb400000,0x00000006fc5e33b0,0x00000006fd730000)
GC Heap History (10 events):
Event: 23.099 GC heap before
{Heap before GC invocations=20 (full 4):
 PSYoungGen      total 1036352K, used 1018425K [0x00000007aacb0000, 0x00000007f8030000, 0x0000000800000000)
  eden space 993408K, 100% used [0x00000007aacb0000,0x00000007e76d0000,0x00000007e76d0000)
  from space 42944K, 58% used [0x00000007e76d0000,0x00000007e8f3e440,0x00000007ea0c0000)
  to   space 41408K, 0% used [0x00000007f57c0000,0x00000007f57c0000,0x00000007f8030000)
 ParOldGen       total 245184K, used 145442K [0x0000000700600000, 0x000000070f570000, 0x00000007aacb0000)
  object space 245184K, 59% used [0x0000000700600000,0x0000000709408ad8,0x000000070f570000)
 PSPermGen       total 37568K, used 18145K [0x00000006fb400000, 0x00000006fd8b0000, 0x0000000700600000)
  object space 37568K, 48% used [0x00000006fb400000,0x00000006fc5b86b0,0x00000006fd8b0000)
Event: 23.100 GC heap after
Heap after GC invocations=20 (full 4):
 PSYoungGen      total 1164480K, used 288K [0x00000007aacb0000, 0x00000007f6590000, 0x0000000800000000)
  eden space 1150336K, 0% used [0x00000007aacb0000,0x00000007aacb0000,0x00000007f1010000)
  from space 14144K, 2% used [0x00000007f57c0000,0x00000007f5808000,0x00000007f6590000)
  to   space 43776K, 0% used [0x00000007f1010000,0x00000007f1010000,0x00000007f3ad0000)
 ParOldGen       total 245184K, used 145442K [0x0000000700600000, 0x000000070f570000, 0x00000007aacb0000)
  object space 245184K, 59% used [0x0000000700600000,0x0000000709408ad8,0x000000070f570000)
 PSPermGen       total 37568K, used 18145K [0x00000006fb400000, 0x00000006fd8b0000, 0x0000000700600000)
  object space 37568K, 48% used [0x00000006fb400000,0x00000006fc5b86b0,0x00000006fd8b0000)
}
Event: 25.278 GC heap before
{Heap before GC invocations=21 (full 4):
 PSYoungGen      total 1164480K, used 1148657K [0x00000007aacb0000, 0x00000007f6590000, 0x0000000800000000)
  eden space 1150336K, 99% used [0x00000007aacb0000,0x00000007f0e24768,0x00000007f1010000)
  from space 14144K, 2% used [0x00000007f57c0000,0x00000007f5808000,0x00000007f6590000)
  to   space 43776K, 0% used [0x00000007f1010000,0x00000007f1010000,0x00000007f3ad0000)
 ParOldGen       total 245184K, used 145442K [0x0000000700600000, 0x000000070f570000, 0x00000007aacb0000)
  object space 245184K, 59% used [0x0000000700600000,0x0000000709408ad8,0x000000070f570000)
 PSPermGen       total 37568K, used 18156K [0x00000006fb400000, 0x00000006fd8b0000, 0x0000000700600000)
  object space 37568K, 48% used [0x00000006fb400000,0x00000006fc5bb260,0x00000006fd8b0000)
Event: 25.282 GC heap after
Heap after GC invocations=21 (full 4):
 PSYoungGen      total 1194112K, used 10747K [0x00000007aacb0000, 0x00000007fcd60000, 0x0000000800000000)
  eden space 1150336K, 0% used [0x00000007aacb0000,0x00000007aacb0000,0x00000007f1010000)
  from space 43776K, 24% used [0x00000007f1010000,0x00000007f1a8edb0,0x00000007f3ad0000)
  to   space 43456K, 0% used [0x00000007fa2f0000,0x00000007fa2f0000,0x00000007fcd60000)
 ParOldGen       total 245184K, used 145442K [0x0000000700600000, 0x000000070f570000, 0x00000007aacb0000)
  object space 245184K, 59% used [0x0000000700600000,0x0000000709408ad8,0x000000070f570000)
 PSPermGen       total 37568K, used 18156K [0x00000006fb400000, 0x00000006fd8b0000, 0x0000000700600000)
  object space 37568K, 48% used [0x00000006fb400000,0x00000006fc5bb260,0x00000006fd8b0000)
}
Event: 27.362 GC heap before
{Heap before GC invocations=22 (full 4):
 PSYoungGen      total 1194112K, used 1160432K [0x00000007aacb0000, 0x00000007fcd60000, 0x0000000800000000)
  eden space 1150336K, 99% used [0x00000007aacb0000,0x00000007f0f6d490,0x00000007f1010000)
  from space 43776K, 24% used [0x00000007f1010000,0x00000007f1a8edb0,0x00000007f3ad0000)
  to   space 43456K, 0% used [0x00000007fa2f0000,0x00000007fa2f0000,0x00000007fcd60000)
 ParOldGen       total 245184K, used 147467K [0x0000000700600000, 0x000000070f570000, 0x00000007aacb0000)
  object space 245184K, 60% used [0x0000000700600000,0x0000000709602ee8,0x000000070f570000)
 PSPermGen       total 37568K, used 18179K [0x00000006fb400000, 0x00000006fd8b0000, 0x0000000700600000)
  object space 37568K, 48% used [0x00000006fb400000,0x00000006fc5c0c90,0x00000006fd8b0000)
Event: 27.372 GC heap after
Heap after GC invocations=22 (full 4):
 PSYoungGen      total 1296064K, used 39431K [0x00000007aacb0000, 0x00000007fdc40000, 0x0000000800000000)
  eden space 1252608K, 0% used [0x00000007aacb0000,0x00000007aacb0000,0x00000007f73f0000)
  from space 43456K, 90% used [0x00000007fa2f0000,0x00000007fc971f90,0x00000007fcd60000)
  to   space 48128K, 0% used [0x00000007f73f0000,0x00000007f73f0000,0x00000007fa2f0000)
 ParOldGen       total 245184K, used 147467K [0x0000000700600000, 0x000000070f570000, 0x00000007aacb0000)
  object space 245184K, 60% used [0x0000000700600000,0x0000000709602ee8,0x000000070f570000)
 PSPermGen       total 37568K, used 18179K [0x00000006fb400000, 0x00000006fd8b0000, 0x0000000700600000)
  object space 37568K, 48% used [0x00000006fb400000,0x00000006fc5c0c90,0x00000006fd8b0000)
}
Event: 29.865 GC heap before
{Heap before GC invocations=23 (full 5):
 PSYoungGen      total 1296064K, used 1292039K [0x00000007aacb0000, 0x00000007fdc40000, 0x0000000800000000)
  eden space 1252608K, 100% used [0x00000007aacb0000,0x00000007f73f0000,0x00000007f73f0000)
  from space 43456K, 90% used [0x00000007fa2f0000,0x00000007fc971f90,0x00000007fcd60000)
  to   space 48128K, 0% used [0x00000007f73f0000,0x00000007f73f0000,0x00000007fa2f0000)
 ParOldGen       total 264960K, used 264008K [0x0000000700600000, 0x00000007108c0000, 0x00000007aacb0000)
  object space 264960K, 99% used [0x0000000700600000,0x00000007107d2330,0x00000007108c0000)
 PSPermGen       total 37568K, used 18274K [0x00000006fb400000, 0x00000006fd8b0000, 0x0000000700600000)
  object space 37568K, 48% used [0x00000006fb400000,0x00000006fc5d8b70,0x00000006fd8b0000)
Event: 29.902 GC heap after
Heap after GC invocations=23 (full 5):
 PSYoungGen      total 1296064K, used 0K [0x00000007aacb0000, 0x00000007fdc40000, 0x0000000800000000)
  eden space 1252608K, 0% used [0x00000007aacb0000,0x00000007aacb0000,0x00000007f73f0000)
  from space 43456K, 0% used [0x00000007fa2f0000,0x00000007fa2f0000,0x00000007fcd60000)
  to   space 48128K, 0% used [0x00000007f73f0000,0x00000007f73f0000,0x00000007fa2f0000)
 ParOldGen       total 299520K, used 30588K [0x0000000700600000, 0x0000000712a80000, 0x00000007aacb0000)
  object space 299520K, 10% used [0x0000000700600000,0x00000007023df338,0x0000000712a80000)
 PSPermGen       total 36032K, used 18274K [0x00000006fb400000, 0x00000006fd730000, 0x0000000700600000)
  object space 36032K, 50% used [0x00000006fb400000,0x00000006fc5d8ab0,0x00000006fd730000)
}
Event: 32.631 GC heap before
{Heap before GC invocations=24 (full 5):
 PSYoungGen      total 1296064K, used 1252595K [0x00000007aacb0000, 0x00000007fdc40000, 0x0000000800000000)
  eden space 1252608K, 99% used [0x00000007aacb0000,0x00000007f73ecf18,0x00000007f73f0000)
  from space 43456K, 0% used [0x00000007fa2f0000,0x00000007fa2f0000,0x00000007fcd60000)
  to   space 48128K, 0% used [0x00000007f73f0000,0x00000007f73f0000,0x00000007fa2f0000)
 ParOldGen       total 299520K, used 167467K [0x0000000700600000, 0x0000000712a80000, 0x00000007aacb0000)
  object space 299520K, 55% used [0x0000000700600000,0x000000070a98acb8,0x0000000712a80000)
 PSPermGen       total 36032K, used 18282K [0x00000006fb400000, 0x00000006fd730000, 0x0000000700600000)
  object space 36032K, 50% used [0x00000006fb400000,0x00000006fc5da870,0x00000006fd730000)
Event: 32.636 GC heap after
Heap after GC invocations=24 (full 5):
 PSYoungGen      total 1300736K, used 18513K [0x00000007aacb0000, 0x0000000800000000, 0x0000000800000000)
  eden space 1252608K, 0% used [0x00000007aacb0000,0x00000007aacb0000,0x00000007f73f0000)
  from space 48128K, 38% used [0x00000007f73f0000,0x00000007f8604430,0x00000007fa2f0000)
  to   space 46272K, 0% used [0x00000007fd2d0000,0x00000007fd2d0000,0x0000000800000000)
 ParOldGen       total 299520K, used 167467K [0x0000000700600000, 0x0000000712a80000, 0x00000007aacb0000)
  object space 299520K, 55% used [0x0000000700600000,0x000000070a98acb8,0x0000000712a80000)
 PSPermGen       total 36032K, used 18282K [0x00000006fb400000, 0x00000006fd730000, 0x0000000700600000)
  object space 36032K, 50% used [0x00000006fb400000,0x00000006fc5da870,0x00000006fd730000)
}

