# JRE version: 7.0_07-b11
# Java VM: Java HotSpot(TM) 64-Bit Server VM (23.3-b01 mixed mode windows-amd64 compressed oops)
Heap
 PSYoungGen      total 763968K, used 603150K [0x00000007aacb0000, 0x00000007ec280000, 0x0000000800000000)
  eden space 735616K, 81% used [0x00000007aacb0000,0x00000007cf9b3a70,0x00000007d7b10000)
  from space 28352K, 0% used [0x00000007d7b10000,0x00000007d7b10000,0x00000007d96c0000)
  to   space 30528K, 0% used [0x00000007ea4b0000,0x00000007ea4b0000,0x00000007ec280000)
 ParOldGen       total 186368K, used 25325K [0x0000000700600000, 0x000000070bc00000, 0x00000007aacb0000)
  object space 186368K, 13% used [0x0000000700600000,0x0000000701ebb5a0,0x000000070bc00000)
 PSPermGen       total 40448K, used 17890K [0x00000006fb400000, 0x00000006fdb80000, 0x0000000700600000)
  object space 40448K, 44% used [0x00000006fb400000,0x00000006fc578828,0x00000006fdb80000)
GC Heap History (10 events):
Event: 5.492 GC heap before
{Heap before GC invocations=9 (full 1):
 PSYoungGen      total 540544K, used 20528K [0x00000007aacb0000, 0x00000007cd750000, 0x0000000800000000)
  eden space 518336K, 0% used [0x00000007aacb0000,0x00000007aacb0000,0x00000007ca6e0000)
  from space 22208K, 92% used [0x00000007cbe40000,0x00000007cd24c340,0x00000007cd3f0000)
  to   space 23936K, 0% used [0x00000007ca6e0000,0x00000007ca6e0000,0x00000007cbe40000)
 ParOldGen       total 174528K, used 147847K [0x0000000700600000, 0x000000070b070000, 0x00000007aacb0000)
  object space 174528K, 84% used [0x0000000700600000,0x0000000709661c58,0x000000070b070000)
 PSPermGen       total 21248K, used 17839K [0x00000006fb400000, 0x00000006fc8c0000, 0x0000000700600000)
  object space 21248K, 83% used [0x00000006fb400000,0x00000006fc56bfd8,0x00000006fc8c0000)
Event: 5.539 GC heap after
Heap after GC invocations=9 (full 1):
 PSYoungGen      total 540544K, used 0K [0x00000007aacb0000, 0x00000007cd750000, 0x0000000800000000)
  eden space 518336K, 0% used [0x00000007aacb0000,0x00000007aacb0000,0x00000007ca6e0000)
  from space 22208K, 0% used [0x00000007cbe40000,0x00000007cbe40000,0x00000007cd3f0000)
  to   space 23936K, 0% used [0x00000007ca6e0000,0x00000007ca6e0000,0x00000007cbe40000)
 ParOldGen       total 146688K, used 24876K [0x0000000700600000, 0x0000000709540000, 0x00000007aacb0000)
  object space 146688K, 16% used [0x0000000700600000,0x0000000701e4b270,0x0000000709540000)
 PSPermGen       total 36224K, used 17833K [0x00000006fb400000, 0x00000006fd760000, 0x0000000700600000)
  object space 36224K, 49% used [0x00000006fb400000,0x00000006fc56a550,0x00000006fd760000)
}
Event: 6.515 GC heap before
{Heap before GC invocations=10 (full 1):
 PSYoungGen      total 540544K, used 516102K [0x00000007aacb0000, 0x00000007cd750000, 0x0000000800000000)
  eden space 518336K, 99% used [0x00000007aacb0000,0x00000007ca4b1a48,0x00000007ca6e0000)
  from space 22208K, 0% used [0x00000007cbe40000,0x00000007cbe40000,0x00000007cd3f0000)
  to   space 23936K, 0% used [0x00000007ca6e0000,0x00000007ca6e0000,0x00000007cbe40000)
 ParOldGen       total 146688K, used 24876K [0x0000000700600000, 0x0000000709540000, 0x00000007aacb0000)
  object space 146688K, 16% used [0x0000000700600000,0x0000000701e4b270,0x0000000709540000)
 PSPermGen       total 36224K, used 17873K [0x00000006fb400000, 0x00000006fd760000, 0x0000000700600000)
  object space 36224K, 49% used [0x00000006fb400000,0x00000006fc5747e0,0x00000006fd760000)
Event: 6.524 GC heap after
Heap after GC invocations=10 (full 1):
 PSYoungGen      total 542272K, used 21930K [0x00000007aacb0000, 0x00000007db290000, 0x0000000800000000)
  eden space 518336K, 0% used [0x00000007aacb0000,0x00000007aacb0000,0x00000007ca6e0000)
  from space 23936K, 91% used [0x00000007ca6e0000,0x00000007cbc4a900,0x00000007cbe40000)
  to   space 25728K, 0% used [0x00000007d9970000,0x00000007d9970000,0x00000007db290000)
 ParOldGen       total 146688K, used 76893K [0x0000000700600000, 0x0000000709540000, 0x00000007aacb0000)
  object space 146688K, 52% used [0x0000000700600000,0x00000007051177c0,0x0000000709540000)
 PSPermGen       total 36224K, used 17873K [0x00000006fb400000, 0x00000006fd760000, 0x0000000700600000)
  object space 36224K, 49% used [0x00000006fb400000,0x00000006fc5747e0,0x00000006fd760000)
}
Event: 7.477 GC heap before
{Heap before GC invocations=11 (full 1):
 PSYoungGen      total 542272K, used 535303K [0x00000007aacb0000, 0x00000007db290000, 0x0000000800000000)
  eden space 518336K, 99% used [0x00000007aacb0000,0x00000007ca207438,0x00000007ca6e0000)
  from space 23936K, 91% used [0x00000007ca6e0000,0x00000007cbc4a900,0x00000007cbe40000)
  to   space 25728K, 0% used [0x00000007d9970000,0x00000007d9970000,0x00000007db290000)
 ParOldGen       total 146688K, used 76893K [0x0000000700600000, 0x0000000709540000, 0x00000007aacb0000)
  object space 146688K, 52% used [0x0000000700600000,0x00000007051177c0,0x0000000709540000)
 PSPermGen       total 36224K, used 17880K [0x00000006fb400000, 0x00000006fd760000, 0x0000000700600000)
  object space 36224K, 49% used [0x00000006fb400000,0x00000006fc576200,0x00000006fd760000)
Event: 7.484 GC heap after
Heap after GC invocations=11 (full 1):
 PSYoungGen      total 755328K, used 25548K [0x00000007aacb0000, 0x00000007db270000, 0x0000000800000000)
  eden space 729728K, 0% used [0x00000007aacb0000,0x00000007aacb0000,0x00000007d7550000)
  from space 25600K, 99% used [0x00000007d9970000,0x00000007db2630e0,0x00000007db270000)
  to   space 28352K, 0% used [0x00000007d7b10000,0x00000007d7b10000,0x00000007d96c0000)
 ParOldGen       total 146688K, used 92461K [0x0000000700600000, 0x0000000709540000, 0x00000007aacb0000)
  object space 146688K, 63% used [0x0000000700600000,0x000000070604b4b0,0x0000000709540000)
 PSPermGen       total 36224K, used 17880K [0x00000006fb400000, 0x00000006fd760000, 0x0000000700600000)
  object space 36224K, 49% used [0x00000006fb400000,0x00000006fc576200,0x00000006fd760000)
}
Event: 8.778 GC heap before
{Heap before GC invocations=12 (full 1):
 PSYoungGen      total 755328K, used 755247K [0x00000007aacb0000, 0x00000007db270000, 0x0000000800000000)
  eden space 729728K, 99% used [0x00000007aacb0000,0x00000007d7548c20,0x00000007d7550000)
  from space 25600K, 99% used [0x00000007d9970000,0x00000007db2630e0,0x00000007db270000)
  to   space 28352K, 0% used [0x00000007d7b10000,0x00000007d7b10000,0x00000007d96c0000)
 ParOldGen       total 146688K, used 92629K [0x0000000700600000, 0x0000000709540000, 0x00000007aacb0000)
  object space 146688K, 63% used [0x0000000700600000,0x00000007060757c0,0x0000000709540000)
 PSPermGen       total 36224K, used 17883K [0x00000006fb400000, 0x00000006fd760000, 0x0000000700600000)
  object space 36224K, 49% used [0x00000006fb400000,0x00000006fc576c10,0x00000006fd760000)
Event: 8.787 GC heap after
Heap after GC invocations=12 (full 1):
 PSYoungGen      total 763968K, used 25684K [0x00000007aacb0000, 0x00000007ec280000, 0x0000000800000000)
  eden space 735616K, 0% used [0x00000007aacb0000,0x00000007aacb0000,0x00000007d7b10000)
  from space 28352K, 90% used [0x00000007d7b10000,0x00000007d94253f0,0x00000007d96c0000)
  to   space 30528K, 0% used [0x00000007ea4b0000,0x00000007ea4b0000,0x00000007ec280000)
 ParOldGen       total 146688K, used 126534K [0x0000000700600000, 0x0000000709540000, 0x00000007aacb0000)
  object space 146688K, 86% used [0x0000000700600000,0x0000000708191910,0x0000000709540000)
 PSPermGen       total 36224K, used 17883K [0x00000006fb400000, 0x00000006fd760000, 0x0000000700600000)
  object space 36224K, 49% used [0x00000006fb400000,0x00000006fc576c10,0x00000006fd760000)
}
Event: 8.787 GC heap before
{Heap before GC invocations=13 (full 2):
 PSYoungGen      total 763968K, used 25684K [0x00000007aacb0000, 0x00000007ec280000, 0x0000000800000000)
  eden space 735616K, 0% used [0x00000007aacb0000,0x00000007aacb0000,0x00000007d7b10000)
  from space 28352K, 90% used [0x00000007d7b10000,0x00000007d94253f0,0x00000007d96c0000)
  to   space 30528K, 0% used [0x00000007ea4b0000,0x00000007ea4b0000,0x00000007ec280000)
 ParOldGen       total 146688K, used 126534K [0x0000000700600000, 0x0000000709540000, 0x00000007aacb0000)
  object space 146688K, 86% used [0x0000000700600000,0x0000000708191910,0x0000000709540000)
 PSPermGen       total 36224K, used 17883K [0x00000006fb400000, 0x00000006fd760000, 0x0000000700600000)
  object space 36224K, 49% used [0x00000006fb400000,0x00000006fc576c10,0x00000006fd760000)
Event: 8.810 GC heap after
Heap after GC invocations=13 (full 2):
 PSYoungGen      total 763968K, used 0K [0x00000007aacb0000, 0x00000007ec280000, 0x0000000800000000)
  eden space 735616K, 0% used [0x00000007aacb0000,0x00000007aacb0000,0x00000007d7b10000)
  from space 28352K, 0% used [0x00000007d7b10000,0x00000007d7b10000,0x00000007d96c0000)
  to   space 30528K, 0% used [0x00000007ea4b0000,0x00000007ea4b0000,0x00000007ec280000)
 ParOldGen       total 186368K, used 25325K [0x0000000700600000, 0x000000070bc00000, 0x00000007aacb0000)
  object space 186368K, 13% used [0x0000000700600000,0x0000000701ebb5a0,0x000000070bc00000)
 PSPermGen       total 40448K, used 17882K [0x00000006fb400000, 0x00000006fdb80000, 0x0000000700600000)
  object space 40448K, 44% used [0x00000006fb400000,0x00000006fc576b60,0x00000006fdb80000)
}

