# JRE version: 7.0_07-b11
# Java VM: Java HotSpot(TM) 64-Bit Server VM (23.3-b01 mixed mode windows-amd64 compressed oops)
Heap
 PSYoungGen      total 102400K, used 80851K [0x00000007aacb0000, 0x00000007b4150000, 0x0000000800000000)
  eden space 54656K, 95% used [0x00000007aacb0000,0x00000007adf95c40,0x00000007ae210000)
  from space 47744K, 60% used [0x00000007b11f0000,0x00000007b2dff2a0,0x00000007b4090000)
  to   space 48768K, 0% used [0x00000007ae210000,0x00000007ae210000,0x00000007b11b0000)
 ParOldGen       total 174528K, used 95645K [0x0000000700600000, 0x000000070b070000, 0x00000007aacb0000)
  object space 174528K, 54% used [0x0000000700600000,0x00000007063677e8,0x000000070b070000)
 PSPermGen       total 21248K, used 17895K [0x00000006fb400000, 0x00000006fc8c0000, 0x0000000700600000)
  object space 21248K, 84% used [0x00000006fb400000,0x00000006fc579ce8,0x00000006fc8c0000)
GC Heap History (10 events):
Event: 12.948 GC heap before
{Heap before GC invocations=10 (full 0):
 PSYoungGen      total 71936K, used 67494K [0x00000007aacb0000, 0x00000007b5130000, 0x0000000800000000)
  eden space 61440K, 92% used [0x00000007aacb0000,0x00000007ae45ed58,0x00000007ae8b0000)
  from space 10496K, 99% used [0x00000007aea30000,0x00000007af46ae70,0x00000007af470000)
  to   space 53504K, 0% used [0x00000007b1cf0000,0x00000007b1cf0000,0x00000007b5130000)
 ParOldGen       total 174528K, used 95573K [0x0000000700600000, 0x000000070b070000, 0x00000007aacb0000)
  object space 174528K, 54% used [0x0000000700600000,0x00000007063557e8,0x000000070b070000)
 PSPermGen       total 21248K, used 17863K [0x00000006fb400000, 0x00000006fc8c0000, 0x0000000700600000)
  object space 21248K, 84% used [0x00000006fb400000,0x00000006fc571c10,0x00000006fc8c0000)
Event: 12.951 GC heap after
Heap after GC invocations=10 (full 0):
 PSYoungGen      total 109696K, used 10475K [0x00000007aacb0000, 0x00000007b4d80000, 0x0000000800000000)
  eden space 59968K, 0% used [0x00000007aacb0000,0x00000007aacb0000,0x00000007ae740000)
  from space 49728K, 21% used [0x00000007b1cf0000,0x00000007b272ae70,0x00000007b4d80000)
  to   space 52352K, 0% used [0x00000007ae740000,0x00000007ae740000,0x00000007b1a60000)
 ParOldGen       total 174528K, used 95589K [0x0000000700600000, 0x000000070b070000, 0x00000007aacb0000)
  object space 174528K, 54% used [0x0000000700600000,0x00000007063597e8,0x000000070b070000)
 PSPermGen       total 21248K, used 17863K [0x00000006fb400000, 0x00000006fc8c0000, 0x0000000700600000)
  object space 21248K, 84% used [0x00000006fb400000,0x00000006fc571c10,0x00000006fc8c0000)
}
Event: 13.732 GC heap before
{Heap before GC invocations=11 (full 0):
 PSYoungGen      total 109696K, used 67499K [0x00000007aacb0000, 0x00000007b4d80000, 0x0000000800000000)
  eden space 59968K, 95% used [0x00000007aacb0000,0x00000007ae4600b8,0x00000007ae740000)
  from space 49728K, 21% used [0x00000007b1cf0000,0x00000007b272ae70,0x00000007b4d80000)
  to   space 52352K, 0% used [0x00000007ae740000,0x00000007ae740000,0x00000007b1a60000)
 ParOldGen       total 174528K, used 95589K [0x0000000700600000, 0x000000070b070000, 0x00000007aacb0000)
  object space 174528K, 54% used [0x0000000700600000,0x00000007063597e8,0x000000070b070000)
 PSPermGen       total 21248K, used 17863K [0x00000006fb400000, 0x00000006fc8c0000, 0x0000000700600000)
  object space 21248K, 84% used [0x00000006fb400000,0x00000006fc571c10,0x00000006fc8c0000)
Event: 13.734 GC heap after
Heap after GC invocations=11 (full 0):
 PSYoungGen      total 69056K, used 10475K [0x00000007aacb0000, 0x00000007b4960000, 0x0000000800000000)
  eden space 58560K, 0% used [0x00000007aacb0000,0x00000007aacb0000,0x00000007ae5e0000)
  from space 10496K, 99% used [0x00000007ae740000,0x00000007af17ae70,0x00000007af180000)
  to   space 50944K, 0% used [0x00000007b17a0000,0x00000007b17a0000,0x00000007b4960000)
 ParOldGen       total 174528K, used 95605K [0x0000000700600000, 0x000000070b070000, 0x00000007aacb0000)
  object space 174528K, 54% used [0x0000000700600000,0x000000070635d7e8,0x000000070b070000)
 PSPermGen       total 21248K, used 17863K [0x00000006fb400000, 0x00000006fc8c0000, 0x0000000700600000)
  object space 21248K, 84% used [0x00000006fb400000,0x00000006fc571c10,0x00000006fc8c0000)
}
Event: 14.524 GC heap before
{Heap before GC invocations=12 (full 0):
 PSYoungGen      total 69056K, used 67474K [0x00000007aacb0000, 0x00000007b4960000, 0x0000000800000000)
  eden space 58560K, 97% used [0x00000007aacb0000,0x00000007ae459d18,0x00000007ae5e0000)
  from space 10496K, 99% used [0x00000007ae740000,0x00000007af17ae70,0x00000007af180000)
  to   space 50944K, 0% used [0x00000007b17a0000,0x00000007b17a0000,0x00000007b4960000)
 ParOldGen       total 174528K, used 95605K [0x0000000700600000, 0x000000070b070000, 0x00000007aacb0000)
  object space 174528K, 54% used [0x0000000700600000,0x000000070635d7e8,0x000000070b070000)
 PSPermGen       total 21248K, used 17863K [0x00000006fb400000, 0x00000006fc8c0000, 0x0000000700600000)
  object space 21248K, 84% used [0x00000006fb400000,0x00000006fc571c10,0x00000006fc8c0000)
Event: 14.527 GC heap after
Heap after GC invocations=12 (full 0):
 PSYoungGen      total 103744K, used 10443K [0x00000007aacb0000, 0x00000007b4510000, 0x0000000800000000)
  eden space 57216K, 0% used [0x00000007aacb0000,0x00000007aacb0000,0x00000007ae490000)
  from space 46528K, 22% used [0x00000007b17a0000,0x00000007b21d2e70,0x00000007b4510000)
  to   space 49408K, 0% used [0x00000007ae490000,0x00000007ae490000,0x00000007b14d0000)
 ParOldGen       total 174528K, used 95621K [0x0000000700600000, 0x000000070b070000, 0x00000007aacb0000)
  object space 174528K, 54% used [0x0000000700600000,0x00000007063617e8,0x000000070b070000)
 PSPermGen       total 21248K, used 17863K [0x00000006fb400000, 0x00000006fc8c0000, 0x0000000700600000)
  object space 21248K, 84% used [0x00000006fb400000,0x00000006fc571c10,0x00000006fc8c0000)
}
Event: 15.308 GC heap before
{Heap before GC invocations=13 (full 0):
 PSYoungGen      total 103744K, used 67439K [0x00000007aacb0000, 0x00000007b4510000, 0x0000000800000000)
  eden space 57216K, 99% used [0x00000007aacb0000,0x00000007ae458df0,0x00000007ae490000)
  from space 46528K, 22% used [0x00000007b17a0000,0x00000007b21d2e70,0x00000007b4510000)
  to   space 49408K, 0% used [0x00000007ae490000,0x00000007ae490000,0x00000007b14d0000)
 ParOldGen       total 174528K, used 95621K [0x0000000700600000, 0x000000070b070000, 0x00000007aacb0000)
  object space 174528K, 54% used [0x0000000700600000,0x00000007063617e8,0x000000070b070000)
 PSPermGen       total 21248K, used 17863K [0x00000006fb400000, 0x00000006fc8c0000, 0x0000000700600000)
  object space 21248K, 84% used [0x00000006fb400000,0x00000006fc571d80,0x00000006fc8c0000)
Event: 15.309 GC heap after
Heap after GC invocations=13 (full 0):
 PSYoungGen      total 66496K, used 10507K [0x00000007aacb0000, 0x00000007b4090000, 0x0000000800000000)
  eden space 55936K, 0% used [0x00000007aacb0000,0x00000007aacb0000,0x00000007ae350000)
  from space 10560K, 99% used [0x00000007ae490000,0x00000007aeed2e70,0x00000007aeee0000)
  to   space 47744K, 0% used [0x00000007b11f0000,0x00000007b11f0000,0x00000007b4090000)
 ParOldGen       total 174528K, used 95637K [0x0000000700600000, 0x000000070b070000, 0x00000007aacb0000)
  object space 174528K, 54% used [0x0000000700600000,0x00000007063657e8,0x000000070b070000)
 PSPermGen       total 21248K, used 17863K [0x00000006fb400000, 0x00000006fc8c0000, 0x0000000700600000)
  object space 21248K, 84% used [0x00000006fb400000,0x00000006fc571d80,0x00000006fc8c0000)
}
Event: 15.980 GC heap before
{Heap before GC invocations=14 (full 0):
 PSYoungGen      total 66496K, used 64076K [0x00000007aacb0000, 0x00000007b4090000, 0x0000000800000000)
  eden space 55936K, 95% used [0x00000007aacb0000,0x00000007ae100330,0x00000007ae350000)
  from space 10560K, 99% used [0x00000007ae490000,0x00000007aeed2e70,0x00000007aeee0000)
  to   space 47744K, 0% used [0x00000007b11f0000,0x00000007b11f0000,0x00000007b4090000)
 ParOldGen       total 174528K, used 95637K [0x0000000700600000, 0x000000070b070000, 0x00000007aacb0000)
  object space 174528K, 54% used [0x0000000700600000,0x00000007063657e8,0x000000070b070000)
 PSPermGen       total 21248K, used 17863K [0x00000006fb400000, 0x00000006fc8c0000, 0x0000000700600000)
  object space 21248K, 84% used [0x00000006fb400000,0x00000006fc571d80,0x00000006fc8c0000)
Event: 15.985 GC heap after
Heap after GC invocations=14 (full 0):
 PSYoungGen      total 102400K, used 28732K [0x00000007aacb0000, 0x00000007b4150000, 0x0000000800000000)
  eden space 54656K, 0% used [0x00000007aacb0000,0x00000007aacb0000,0x00000007ae210000)
  from space 47744K, 60% used [0x00000007b11f0000,0x00000007b2dff2a0,0x00000007b4090000)
  to   space 48768K, 0% used [0x00000007ae210000,0x00000007ae210000,0x00000007b11b0000)
 ParOldGen       total 174528K, used 95645K [0x0000000700600000, 0x000000070b070000, 0x00000007aacb0000)
  object space 174528K, 54% used [0x0000000700600000,0x00000007063677e8,0x000000070b070000)
 PSPermGen       total 21248K, used 17863K [0x00000006fb400000, 0x00000006fc8c0000, 0x0000000700600000)
  object space 21248K, 84% used [0x00000006fb400000,0x00000006fc571d80,0x00000006fc8c0000)
}

