# JRE version: 7.0_07-b11
# Java VM: Java HotSpot(TM) 64-Bit Server VM (23.3-b01 mixed mode windows-amd64 compressed oops)
Heap
 PSYoungGen      total 216960K, used 128242K [0x00000007aacb0000, 0x00000007c9560000, 0x0000000800000000)
  eden space 198464K, 55% used [0x00000007aacb0000,0x00000007b17e0488,0x00000007b6e80000)
  from space 18496K, 99% used [0x00000007c8350000,0x00000007c955c430,0x00000007c9560000)
  to   space 26944K, 0% used [0x00000007c60c0000,0x00000007c60c0000,0x00000007c7b10000)
 ParOldGen       total 174528K, used 66790K [0x0000000700600000, 0x000000070b070000, 0x00000007aacb0000)
  object space 174528K, 38% used [0x0000000700600000,0x00000007047398d0,0x000000070b070000)
 PSPermGen       total 21248K, used 17758K [0x00000006fb400000, 0x00000006fc8c0000, 0x0000000700600000)
  object space 21248K, 83% used [0x00000006fb400000,0x00000006fc557b80,0x00000006fc8c0000)
GC Heap History (10 events):
Event: 11.952 GC heap before
{Heap before GC invocations=10 (full 0):
 PSYoungGen      total 260096K, used 256353K [0x00000007aacb0000, 0x00000007ccfd0000, 0x0000000800000000)
  eden space 241536K, 98% used [0x00000007aacb0000,0x00000007b94f4348,0x00000007b9890000)
  from space 18560K, 99% used [0x00000007c9ed0000,0x00000007cb0e4430,0x00000007cb0f0000)
  to   space 31616K, 0% used [0x00000007cb0f0000,0x00000007cb0f0000,0x00000007ccfd0000)
 ParOldGen       total 174528K, used 66630K [0x0000000700600000, 0x000000070b070000, 0x00000007aacb0000)
  object space 174528K, 38% used [0x0000000700600000,0x00000007047118d0,0x000000070b070000)
 PSPermGen       total 21248K, used 17726K [0x00000006fb400000, 0x00000006fc8c0000, 0x0000000700600000)
  object space 21248K, 83% used [0x00000006fb400000,0x00000006fc54fa28,0x00000006fc8c0000)
Event: 11.957 GC heap after
Heap after GC invocations=10 (full 0):
 PSYoungGen      total 250496K, used 18417K [0x00000007aacb0000, 0x00000007cc2f0000, 0x0000000800000000)
  eden space 232064K, 0% used [0x00000007aacb0000,0x00000007aacb0000,0x00000007b8f50000)
  from space 18432K, 99% used [0x00000007cb0f0000,0x00000007cc2ec430,0x00000007cc2f0000)
  to   space 31296K, 0% used [0x00000007c85d0000,0x00000007c85d0000,0x00000007ca460000)
 ParOldGen       total 174528K, used 66686K [0x0000000700600000, 0x000000070b070000, 0x00000007aacb0000)
  object space 174528K, 38% used [0x0000000700600000,0x000000070471f8d0,0x000000070b070000)
 PSPermGen       total 21248K, used 17726K [0x00000006fb400000, 0x00000006fc8c0000, 0x0000000700600000)
  object space 21248K, 83% used [0x00000006fb400000,0x00000006fc54fa28,0x00000006fc8c0000)
}
Event: 13.216 GC heap before
{Heap before GC invocations=11 (full 0):
 PSYoungGen      total 250496K, used 249983K [0x00000007aacb0000, 0x00000007cc2f0000, 0x0000000800000000)
  eden space 232064K, 99% used [0x00000007aacb0000,0x00000007b8ed3ad8,0x00000007b8f50000)
  from space 18432K, 99% used [0x00000007cb0f0000,0x00000007cc2ec430,0x00000007cc2f0000)
  to   space 31296K, 0% used [0x00000007c85d0000,0x00000007c85d0000,0x00000007ca460000)
 ParOldGen       total 174528K, used 66686K [0x0000000700600000, 0x000000070b070000, 0x00000007aacb0000)
  object space 174528K, 38% used [0x0000000700600000,0x000000070471f8d0,0x000000070b070000)
 PSPermGen       total 21248K, used 17729K [0x00000006fb400000, 0x00000006fc8c0000, 0x0000000700600000)
  object space 21248K, 83% used [0x00000006fb400000,0x00000006fc550760,0x00000006fc8c0000)
Event: 13.222 GC heap after
Heap after GC invocations=11 (full 0):
 PSYoungGen      total 241408K, used 18353K [0x00000007aacb0000, 0x00000007cb100000, 0x0000000800000000)
  eden space 223040K, 0% used [0x00000007aacb0000,0x00000007aacb0000,0x00000007b8680000)
  from space 18368K, 99% used [0x00000007c85d0000,0x00000007c97bc430,0x00000007c97c0000)
  to   space 25856K, 0% used [0x00000007c97c0000,0x00000007c97c0000,0x00000007cb100000)
 ParOldGen       total 174528K, used 66742K [0x0000000700600000, 0x000000070b070000, 0x00000007aacb0000)
  object space 174528K, 38% used [0x0000000700600000,0x000000070472d8d0,0x000000070b070000)
 PSPermGen       total 21248K, used 17729K [0x00000006fb400000, 0x00000006fc8c0000, 0x0000000700600000)
  object space 21248K, 83% used [0x00000006fb400000,0x00000006fc550760,0x00000006fc8c0000)
}
Event: 14.416 GC heap before
{Heap before GC invocations=12 (full 0):
 PSYoungGen      total 241408K, used 237607K [0x00000007aacb0000, 0x00000007cb100000, 0x0000000800000000)
  eden space 223040K, 98% used [0x00000007aacb0000,0x00000007b82cd948,0x00000007b8680000)
  from space 18368K, 99% used [0x00000007c85d0000,0x00000007c97bc430,0x00000007c97c0000)
  to   space 25856K, 0% used [0x00000007c97c0000,0x00000007c97c0000,0x00000007cb100000)
 ParOldGen       total 174528K, used 66742K [0x0000000700600000, 0x000000070b070000, 0x00000007aacb0000)
  object space 174528K, 38% used [0x0000000700600000,0x000000070472d8d0,0x000000070b070000)
 PSPermGen       total 21248K, used 17733K [0x00000006fb400000, 0x00000006fc8c0000, 0x0000000700600000)
  object space 21248K, 83% used [0x00000006fb400000,0x00000006fc551768,0x00000006fc8c0000)
Event: 14.420 GC heap after
Heap after GC invocations=12 (full 0):
 PSYoungGen      total 232896K, used 18385K [0x00000007aacb0000, 0x00000007ca9c0000, 0x0000000800000000)
  eden space 214464K, 0% used [0x00000007aacb0000,0x00000007aacb0000,0x00000007b7e20000)
  from space 18432K, 99% used [0x00000007c97c0000,0x00000007ca9b4430,0x00000007ca9c0000)
  to   space 28864K, 0% used [0x00000007c7160000,0x00000007c7160000,0x00000007c8d90000)
 ParOldGen       total 174528K, used 66774K [0x0000000700600000, 0x000000070b070000, 0x00000007aacb0000)
  object space 174528K, 38% used [0x0000000700600000,0x00000007047358d0,0x000000070b070000)
 PSPermGen       total 21248K, used 17733K [0x00000006fb400000, 0x00000006fc8c0000, 0x0000000700600000)
  object space 21248K, 83% used [0x00000006fb400000,0x00000006fc551768,0x00000006fc8c0000)
}
Event: 15.584 GC heap before
{Heap before GC invocations=13 (full 0):
 PSYoungGen      total 232896K, used 231545K [0x00000007aacb0000, 0x00000007ca9c0000, 0x0000000800000000)
  eden space 214464K, 99% used [0x00000007aacb0000,0x00000007b7cda2f0,0x00000007b7e20000)
  from space 18432K, 99% used [0x00000007c97c0000,0x00000007ca9b4430,0x00000007ca9c0000)
  to   space 28864K, 0% used [0x00000007c7160000,0x00000007c7160000,0x00000007c8d90000)
 ParOldGen       total 174528K, used 66774K [0x0000000700600000, 0x000000070b070000, 0x00000007aacb0000)
  object space 174528K, 38% used [0x0000000700600000,0x00000007047358d0,0x000000070b070000)
 PSPermGen       total 21248K, used 17736K [0x00000006fb400000, 0x00000006fc8c0000, 0x0000000700600000)
  object space 21248K, 83% used [0x00000006fb400000,0x00000006fc552278,0x00000006fc8c0000)
Event: 15.590 GC heap after
Heap after GC invocations=13 (full 0):
 PSYoungGen      total 224640K, used 18353K [0x00000007aacb0000, 0x00000007c97d0000, 0x0000000800000000)
  eden space 206272K, 0% used [0x00000007aacb0000,0x00000007aacb0000,0x00000007b7620000)
  from space 18368K, 99% used [0x00000007c7160000,0x00000007c834c430,0x00000007c8350000)
  to   space 20992K, 0% used [0x00000007c8350000,0x00000007c8350000,0x00000007c97d0000)
 ParOldGen       total 174528K, used 66774K [0x0000000700600000, 0x000000070b070000, 0x00000007aacb0000)
  object space 174528K, 38% used [0x0000000700600000,0x00000007047358d0,0x000000070b070000)
 PSPermGen       total 21248K, used 17736K [0x00000006fb400000, 0x00000006fc8c0000, 0x0000000700600000)
  object space 21248K, 83% used [0x00000006fb400000,0x00000006fc552278,0x00000006fc8c0000)
}
Event: 16.680 GC heap before
{Heap before GC invocations=14 (full 0):
 PSYoungGen      total 224640K, used 219352K [0x00000007aacb0000, 0x00000007c97d0000, 0x0000000800000000)
  eden space 206272K, 97% used [0x00000007aacb0000,0x00000007b70f9f80,0x00000007b7620000)
  from space 18368K, 99% used [0x00000007c7160000,0x00000007c834c430,0x00000007c8350000)
  to   space 20992K, 0% used [0x00000007c8350000,0x00000007c8350000,0x00000007c97d0000)
 ParOldGen       total 174528K, used 66774K [0x0000000700600000, 0x000000070b070000, 0x00000007aacb0000)
  object space 174528K, 38% used [0x0000000700600000,0x00000007047358d0,0x000000070b070000)
 PSPermGen       total 21248K, used 17744K [0x00000006fb400000, 0x00000006fc8c0000, 0x0000000700600000)
  object space 21248K, 83% used [0x00000006fb400000,0x00000006fc554218,0x00000006fc8c0000)
Event: 16.683 GC heap after
Heap after GC invocations=14 (full 0):
 PSYoungGen      total 216960K, used 18481K [0x00000007aacb0000, 0x00000007c9560000, 0x0000000800000000)
  eden space 198464K, 0% used [0x00000007aacb0000,0x00000007aacb0000,0x00000007b6e80000)
  from space 18496K, 99% used [0x00000007c8350000,0x00000007c955c430,0x00000007c9560000)
  to   space 26944K, 0% used [0x00000007c60c0000,0x00000007c60c0000,0x00000007c7b10000)
 ParOldGen       total 174528K, used 66790K [0x0000000700600000, 0x000000070b070000, 0x00000007aacb0000)
  object space 174528K, 38% used [0x0000000700600000,0x00000007047398d0,0x000000070b070000)
 PSPermGen       total 21248K, used 17744K [0x00000006fb400000, 0x00000006fc8c0000, 0x0000000700600000)
  object space 21248K, 83% used [0x00000006fb400000,0x00000006fc554218,0x00000006fc8c0000)
}

