# JRE version: 7.0_07-b11
# Java VM: Java HotSpot(TM) 64-Bit Server VM (23.3-b01 mixed mode windows-amd64 compressed oops)
Heap
 PSYoungGen      total 263104K, used 171112K [0x00000007aacb0000, 0x00000007c0360000, 0x0000000800000000)
  eden space 233600K, 65% used [0x00000007aacb0000,0x00000007b41b5f08,0x00000007b90d0000)
  from space 29504K, 62% used [0x00000007b90d0000,0x00000007ba2e4430,0x00000007bada0000)
  to   space 28864K, 0% used [0x00000007be730000,0x00000007be730000,0x00000007c0360000)
 ParOldGen       total 123008K, used 58359K [0x0000000700600000, 0x0000000707e20000, 0x00000007aacb0000)
  object space 123008K, 47% used [0x0000000700600000,0x0000000703efdee0,0x0000000707e20000)
 PSPermGen       total 35776K, used 17836K [0x00000006fb400000, 0x00000006fd6f0000, 0x0000000700600000)
  object space 35776K, 49% used [0x00000006fb400000,0x00000006fc56b268,0x00000006fd6f0000)
GC Heap History (10 events):
Event: 6.545 GC heap before
{Heap before GC invocations=6 (full 1):
 PSYoungGen      total 109696K, used 104661K [0x00000007aacb0000, 0x00000007b3d70000, 0x0000000800000000)
  eden space 103296K, 95% used [0x00000007aacb0000,0x00000007b0caeac0,0x00000007b1190000)
  from space 6400K, 99% used [0x00000007b3730000,0x00000007b3d66c10,0x00000007b3d70000)
  to   space 10880K, 0% used [0x00000007b2830000,0x00000007b2830000,0x00000007b32d0000)
 ParOldGen       total 123008K, used 46209K [0x0000000700600000, 0x0000000707e20000, 0x00000007aacb0000)
  object space 123008K, 37% used [0x0000000700600000,0x00000007033206c0,0x0000000707e20000)
 PSPermGen       total 35776K, used 17811K [0x00000006fb400000, 0x00000006fd6f0000, 0x0000000700600000)
  object space 35776K, 49% used [0x00000006fb400000,0x00000006fc564c40,0x00000006fd6f0000)
Event: 6.548 GC heap after
Heap after GC invocations=6 (full 1):
 PSYoungGen      total 137344K, used 6331K [0x00000007aacb0000, 0x00000007b86c0000, 0x0000000800000000)
  eden space 126464K, 0% used [0x00000007aacb0000,0x00000007aacb0000,0x00000007b2830000)
  from space 10880K, 58% used [0x00000007b2830000,0x00000007b2e5ec10,0x00000007b32d0000)
  to   space 31936K, 0% used [0x00000007b6790000,0x00000007b6790000,0x00000007b86c0000)
 ParOldGen       total 123008K, used 58359K [0x0000000700600000, 0x0000000707e20000, 0x00000007aacb0000)
  object space 123008K, 47% used [0x0000000700600000,0x0000000703efdee0,0x0000000707e20000)
 PSPermGen       total 35776K, used 17811K [0x00000006fb400000, 0x00000006fd6f0000, 0x0000000700600000)
  object space 35776K, 49% used [0x00000006fb400000,0x00000006fc564c40,0x00000006fd6f0000)
}
Event: 7.310 GC heap before
{Heap before GC invocations=7 (full 1):
 PSYoungGen      total 137344K, used 128474K [0x00000007aacb0000, 0x00000007b86c0000, 0x0000000800000000)
  eden space 126464K, 96% used [0x00000007aacb0000,0x00000007b23f7dc8,0x00000007b2830000)
  from space 10880K, 58% used [0x00000007b2830000,0x00000007b2e5ec10,0x00000007b32d0000)
  to   space 31936K, 0% used [0x00000007b6790000,0x00000007b6790000,0x00000007b86c0000)
 ParOldGen       total 123008K, used 58359K [0x0000000700600000, 0x0000000707e20000, 0x00000007aacb0000)
  object space 123008K, 47% used [0x0000000700600000,0x0000000703efdee0,0x0000000707e20000)
 PSPermGen       total 35776K, used 17811K [0x00000006fb400000, 0x00000006fd6f0000, 0x0000000700600000)
  object space 35776K, 49% used [0x00000006fb400000,0x00000006fc564f70,0x00000006fd6f0000)
Event: 7.315 GC heap after
Heap after GC invocations=7 (full 1):
 PSYoungGen      total 192256K, used 18481K [0x00000007aacb0000, 0x00000007ba480000, 0x0000000800000000)
  eden space 160320K, 0% used [0x00000007aacb0000,0x00000007aacb0000,0x00000007b4940000)
  from space 31936K, 57% used [0x00000007b6790000,0x00000007b799c430,0x00000007b86c0000)
  to   space 31040K, 0% used [0x00000007b4940000,0x00000007b4940000,0x00000007b6790000)
 ParOldGen       total 123008K, used 58359K [0x0000000700600000, 0x0000000707e20000, 0x00000007aacb0000)
  object space 123008K, 47% used [0x0000000700600000,0x0000000703efdee0,0x0000000707e20000)
 PSPermGen       total 35776K, used 17811K [0x00000006fb400000, 0x00000006fd6f0000, 0x0000000700600000)
  object space 35776K, 49% used [0x00000006fb400000,0x00000006fc564f70,0x00000006fd6f0000)
}
Event: 8.307 GC heap before
{Heap before GC invocations=8 (full 1):
 PSYoungGen      total 192256K, used 176967K [0x00000007aacb0000, 0x00000007ba480000, 0x0000000800000000)
  eden space 160320K, 98% used [0x00000007aacb0000,0x00000007b4775920,0x00000007b4940000)
  from space 31936K, 57% used [0x00000007b6790000,0x00000007b799c430,0x00000007b86c0000)
  to   space 31040K, 0% used [0x00000007b4940000,0x00000007b4940000,0x00000007b6790000)
 ParOldGen       total 123008K, used 58359K [0x0000000700600000, 0x0000000707e20000, 0x00000007aacb0000)
  object space 123008K, 47% used [0x0000000700600000,0x0000000703efdee0,0x0000000707e20000)
 PSPermGen       total 35776K, used 17813K [0x00000006fb400000, 0x00000006fd6f0000, 0x0000000700600000)
  object space 35776K, 49% used [0x00000006fb400000,0x00000006fc565438,0x00000006fd6f0000)
Event: 8.312 GC heap after
Heap after GC invocations=8 (full 1):
 PSYoungGen      total 191360K, used 18417K [0x00000007aacb0000, 0x00000007bd060000, 0x0000000800000000)
  eden space 160320K, 0% used [0x00000007aacb0000,0x00000007aacb0000,0x00000007b4940000)
  from space 31040K, 59% used [0x00000007b4940000,0x00000007b5b3c430,0x00000007b6790000)
  to   space 30208K, 0% used [0x00000007bb2e0000,0x00000007bb2e0000,0x00000007bd060000)
 ParOldGen       total 123008K, used 58359K [0x0000000700600000, 0x0000000707e20000, 0x00000007aacb0000)
  object space 123008K, 47% used [0x0000000700600000,0x0000000703efdee0,0x0000000707e20000)
 PSPermGen       total 35776K, used 17813K [0x00000006fb400000, 0x00000006fd6f0000, 0x0000000700600000)
  object space 35776K, 49% used [0x00000006fb400000,0x00000006fc565438,0x00000006fd6f0000)
}
Event: 9.308 GC heap before
{Heap before GC invocations=9 (full 1):
 PSYoungGen      total 191360K, used 176719K [0x00000007aacb0000, 0x00000007bd060000, 0x0000000800000000)
  eden space 160320K, 98% used [0x00000007aacb0000,0x00000007b4747a48,0x00000007b4940000)
  from space 31040K, 59% used [0x00000007b4940000,0x00000007b5b3c430,0x00000007b6790000)
  to   space 30208K, 0% used [0x00000007bb2e0000,0x00000007bb2e0000,0x00000007bd060000)
 ParOldGen       total 123008K, used 58359K [0x0000000700600000, 0x0000000707e20000, 0x00000007aacb0000)
  object space 123008K, 47% used [0x0000000700600000,0x0000000703efdee0,0x0000000707e20000)
 PSPermGen       total 35776K, used 17813K [0x00000006fb400000, 0x00000006fd6f0000, 0x0000000700600000)
  object space 35776K, 49% used [0x00000006fb400000,0x00000006fc565760,0x00000006fd6f0000)
Event: 9.313 GC heap after
Heap after GC invocations=9 (full 1):
 PSYoungGen      total 257728K, used 18481K [0x00000007aacb0000, 0x00000007bca70000, 0x0000000800000000)
  eden space 233600K, 0% used [0x00000007aacb0000,0x00000007aacb0000,0x00000007b90d0000)
  from space 24128K, 76% used [0x00000007bb2e0000,0x00000007bc4ec430,0x00000007bca70000)
  to   space 29504K, 0% used [0x00000007b90d0000,0x00000007b90d0000,0x00000007bada0000)
 ParOldGen       total 123008K, used 58359K [0x0000000700600000, 0x0000000707e20000, 0x00000007aacb0000)
  object space 123008K, 47% used [0x0000000700600000,0x0000000703efdee0,0x0000000707e20000)
 PSPermGen       total 35776K, used 17813K [0x00000006fb400000, 0x00000006fd6f0000, 0x0000000700600000)
  object space 35776K, 49% used [0x00000006fb400000,0x00000006fc565760,0x00000006fd6f0000)
}
Event: 10.767 GC heap before
{Heap before GC invocations=10 (full 1):
 PSYoungGen      total 257728K, used 249754K [0x00000007aacb0000, 0x00000007bca70000, 0x0000000800000000)
  eden space 233600K, 99% used [0x00000007aacb0000,0x00000007b8e8a660,0x00000007b90d0000)
  from space 24128K, 76% used [0x00000007bb2e0000,0x00000007bc4ec430,0x00000007bca70000)
  to   space 29504K, 0% used [0x00000007b90d0000,0x00000007b90d0000,0x00000007bada0000)
 ParOldGen       total 123008K, used 58359K [0x0000000700600000, 0x0000000707e20000, 0x00000007aacb0000)
  object space 123008K, 47% used [0x0000000700600000,0x0000000703efdee0,0x0000000707e20000)
 PSPermGen       total 35776K, used 17814K [0x00000006fb400000, 0x00000006fd6f0000, 0x0000000700600000)
  object space 35776K, 49% used [0x00000006fb400000,0x00000006fc565b10,0x00000006fd6f0000)
Event: 10.772 GC heap after
Heap after GC invocations=10 (full 1):
 PSYoungGen      total 263104K, used 18513K [0x00000007aacb0000, 0x00000007c0360000, 0x0000000800000000)
  eden space 233600K, 0% used [0x00000007aacb0000,0x00000007aacb0000,0x00000007b90d0000)
  from space 29504K, 62% used [0x00000007b90d0000,0x00000007ba2e4430,0x00000007bada0000)
  to   space 28864K, 0% used [0x00000007be730000,0x00000007be730000,0x00000007c0360000)
 ParOldGen       total 123008K, used 58359K [0x0000000700600000, 0x0000000707e20000, 0x00000007aacb0000)
  object space 123008K, 47% used [0x0000000700600000,0x0000000703efdee0,0x0000000707e20000)
 PSPermGen       total 35776K, used 17814K [0x00000006fb400000, 0x00000006fd6f0000, 0x0000000700600000)
  object space 35776K, 49% used [0x00000006fb400000,0x00000006fc565b10,0x00000006fd6f0000)
}

