# JRE version: 7.0_07-b11
# Java VM: Java HotSpot(TM) 64-Bit Server VM (23.3-b01 mixed mode windows-amd64 compressed oops)
Heap
 PSYoungGen      total 1341824K, used 1182609K [0x00000007aacb0000, 0x0000000800000000, 0x0000000800000000)
  eden space 1298624K, 87% used [0x00000007aacb0000,0x00000007f073a048,0x00000007fa0e0000)
  from space 43200K, 95% used [0x00000007fd5d0000,0x00000007ffe2a6d8,0x0000000800000000)
  to   space 48704K, 0% used [0x00000007fa0e0000,0x00000007fa0e0000,0x00000007fd070000)
 ParOldGen       total 329536K, used 242202K [0x0000000700600000, 0x00000007147d0000, 0x00000007aacb0000)
  object space 329536K, 73% used [0x0000000700600000,0x000000070f286820,0x00000007147d0000)
 PSPermGen       total 34304K, used 18386K [0x00000006fb400000, 0x00000006fd580000, 0x0000000700600000)
  object space 34304K, 53% used [0x00000006fb400000,0x00000006fc5f4bc0,0x00000006fd580000)
GC Heap History (10 events):
Event: 32.823 GC heap before
{Heap before GC invocations=22 (full 6):
 PSYoungGen      total 1339072K, used 1309162K [0x00000007aacb0000, 0x00000007ff940000, 0x0000000800000000)
  eden space 1302592K, 99% used [0x00000007aacb0000,0x00000007fa4b4800,0x00000007fa4c0000)
  from space 36480K, 18% used [0x00000007fd5a0000,0x00000007fdc160d0,0x00000007ff940000)
  to   space 43264K, 0% used [0x00000007fa4c0000,0x00000007fa4c0000,0x00000007fcf00000)
 ParOldGen       total 331840K, used 331570K [0x0000000700600000, 0x0000000714a10000, 0x00000007aacb0000)
  object space 331840K, 99% used [0x0000000700600000,0x00000007149cc9b0,0x0000000714a10000)
 PSPermGen       total 36032K, used 18208K [0x00000006fb400000, 0x00000006fd730000, 0x0000000700600000)
  object space 36032K, 50% used [0x00000006fb400000,0x00000006fc5c83f8,0x00000006fd730000)
Event: 32.858 GC heap after
Heap after GC invocations=22 (full 6):
 PSYoungGen      total 1339072K, used 0K [0x00000007aacb0000, 0x00000007ff940000, 0x0000000800000000)
  eden space 1302592K, 0% used [0x00000007aacb0000,0x00000007aacb0000,0x00000007fa4c0000)
  from space 36480K, 0% used [0x00000007fd5a0000,0x00000007fd5a0000,0x00000007ff940000)
  to   space 43264K, 0% used [0x00000007fa4c0000,0x00000007fa4c0000,0x00000007fcf00000)
 ParOldGen       total 329536K, used 33141K [0x0000000700600000, 0x00000007147d0000, 0x00000007aacb0000)
  object space 329536K, 10% used [0x0000000700600000,0x000000070265d430,0x00000007147d0000)
 PSPermGen       total 34304K, used 18208K [0x00000006fb400000, 0x00000006fd580000, 0x0000000700600000)
  object space 34304K, 53% used [0x00000006fb400000,0x00000006fc5c82b8,0x00000006fd580000)
}
Event: 35.788 GC heap before
{Heap before GC invocations=23 (full 6):
 PSYoungGen      total 1339072K, used 1302576K [0x00000007aacb0000, 0x00000007ff940000, 0x0000000800000000)
  eden space 1302592K, 99% used [0x00000007aacb0000,0x00000007fa4bc0e0,0x00000007fa4c0000)
  from space 36480K, 0% used [0x00000007fd5a0000,0x00000007fd5a0000,0x00000007ff940000)
  to   space 43264K, 0% used [0x00000007fa4c0000,0x00000007fa4c0000,0x00000007fcf00000)
 ParOldGen       total 329536K, used 146544K [0x0000000700600000, 0x00000007147d0000, 0x00000007aacb0000)
  object space 329536K, 44% used [0x0000000700600000,0x000000070951c3e8,0x00000007147d0000)
 PSPermGen       total 34304K, used 18211K [0x00000006fb400000, 0x00000006fd580000, 0x0000000700600000)
  object space 34304K, 53% used [0x00000006fb400000,0x00000006fc5c8e80,0x00000006fd580000)
Event: 35.794 GC heap after
Heap after GC invocations=23 (full 6):
 PSYoungGen      total 1345856K, used 18513K [0x00000007aacb0000, 0x0000000800000000, 0x0000000800000000)
  eden space 1302592K, 0% used [0x00000007aacb0000,0x00000007aacb0000,0x00000007fa4c0000)
  from space 43264K, 42% used [0x00000007fa4c0000,0x00000007fb6d4430,0x00000007fcf00000)
  to   space 40832K, 0% used [0x00000007fd820000,0x00000007fd820000,0x0000000800000000)
 ParOldGen       total 329536K, used 146544K [0x0000000700600000, 0x00000007147d0000, 0x00000007aacb0000)
  object space 329536K, 44% used [0x0000000700600000,0x000000070951c3e8,0x00000007147d0000)
 PSPermGen       total 34304K, used 18211K [0x00000006fb400000, 0x00000006fd580000, 0x0000000700600000)
  object space 34304K, 53% used [0x00000006fb400000,0x00000006fc5c8e80,0x00000006fd580000)
}
Event: 38.560 GC heap before
{Heap before GC invocations=24 (full 6):
 PSYoungGen      total 1345856K, used 1321105K [0x00000007aacb0000, 0x0000000800000000, 0x0000000800000000)
  eden space 1302592K, 100% used [0x00000007aacb0000,0x00000007fa4c0000,0x00000007fa4c0000)
  from space 43264K, 42% used [0x00000007fa4c0000,0x00000007fb6d4430,0x00000007fcf00000)
  to   space 40832K, 0% used [0x00000007fd820000,0x00000007fd820000,0x0000000800000000)
 ParOldGen       total 329536K, used 178452K [0x0000000700600000, 0x00000007147d0000, 0x00000007aacb0000)
  object space 329536K, 54% used [0x0000000700600000,0x000000070b445170,0x00000007147d0000)
 PSPermGen       total 34304K, used 18222K [0x00000006fb400000, 0x00000006fd580000, 0x0000000700600000)
  object space 34304K, 53% used [0x00000006fb400000,0x00000006fc5cbbc8,0x00000006fd580000)
Event: 38.565 GC heap after
Heap after GC invocations=24 (full 6):
 PSYoungGen      total 1345984K, used 18513K [0x00000007aacb0000, 0x00000007ff960000, 0x0000000800000000)
  eden space 1311936K, 0% used [0x00000007aacb0000,0x00000007aacb0000,0x00000007fade0000)
  from space 34048K, 54% used [0x00000007fd820000,0x00000007fea34430,0x00000007ff960000)
  to   space 38656K, 0% used [0x00000007fade0000,0x00000007fade0000,0x00000007fd3a0000)
 ParOldGen       total 329536K, used 178452K [0x0000000700600000, 0x00000007147d0000, 0x00000007aacb0000)
  object space 329536K, 54% used [0x0000000700600000,0x000000070b445170,0x00000007147d0000)
 PSPermGen       total 34304K, used 18222K [0x00000006fb400000, 0x00000006fd580000, 0x0000000700600000)
  object space 34304K, 53% used [0x00000006fb400000,0x00000006fc5cbbc8,0x00000006fd580000)
}
Event: 41.518 GC heap before
{Heap before GC invocations=25 (full 6):
 PSYoungGen      total 1345984K, used 1327477K [0x00000007aacb0000, 0x00000007ff960000, 0x0000000800000000)
  eden space 1311936K, 99% used [0x00000007aacb0000,0x00000007faaf9000,0x00000007fade0000)
  from space 34048K, 54% used [0x00000007fd820000,0x00000007fea34430,0x00000007ff960000)
  to   space 38656K, 0% used [0x00000007fade0000,0x00000007fade0000,0x00000007fd3a0000)
 ParOldGen       total 329536K, used 178452K [0x0000000700600000, 0x00000007147d0000, 0x00000007aacb0000)
  object space 329536K, 54% used [0x0000000700600000,0x000000070b445170,0x00000007147d0000)
 PSPermGen       total 34304K, used 18249K [0x00000006fb400000, 0x00000006fd580000, 0x0000000700600000)
  object space 34304K, 53% used [0x00000006fb400000,0x00000006fc5d2748,0x00000006fd580000)
Event: 41.531 GC heap after
Heap after GC invocations=25 (full 6):
 PSYoungGen      total 1350592K, used 36377K [0x00000007aacb0000, 0x0000000800000000, 0x0000000800000000)
  eden space 1311936K, 0% used [0x00000007aacb0000,0x00000007aacb0000,0x00000007fade0000)
  from space 38656K, 94% used [0x00000007fade0000,0x00000007fd1666d8,0x00000007fd3a0000)
  to   space 43200K, 0% used [0x00000007fd5d0000,0x00000007fd5d0000,0x0000000800000000)
 ParOldGen       total 329536K, used 209631K [0x0000000700600000, 0x00000007147d0000, 0x00000007aacb0000)
  object space 329536K, 63% used [0x0000000700600000,0x000000070d2b7c68,0x00000007147d0000)
 PSPermGen       total 34304K, used 18249K [0x00000006fb400000, 0x00000006fd580000, 0x0000000700600000)
  object space 34304K, 53% used [0x00000006fb400000,0x00000006fc5d2748,0x00000006fd580000)
}
Event: 44.924 GC heap before
{Heap before GC invocations=26 (full 6):
 PSYoungGen      total 1350592K, used 1346184K [0x00000007aacb0000, 0x0000000800000000, 0x0000000800000000)
  eden space 1311936K, 99% used [0x00000007aacb0000,0x00000007fabcbcd0,0x00000007fade0000)
  from space 38656K, 94% used [0x00000007fade0000,0x00000007fd1666d8,0x00000007fd3a0000)
  to   space 43200K, 0% used [0x00000007fd5d0000,0x00000007fd5d0000,0x0000000800000000)
 ParOldGen       total 329536K, used 213048K [0x0000000700600000, 0x00000007147d0000, 0x00000007aacb0000)
  object space 329536K, 64% used [0x0000000700600000,0x000000070d60e138,0x00000007147d0000)
 PSPermGen       total 34304K, used 18363K [0x00000006fb400000, 0x00000006fd580000, 0x0000000700600000)
  object space 34304K, 53% used [0x00000006fb400000,0x00000006fc5eed08,0x00000006fd580000)
Event: 44.935 GC heap after
Heap after GC invocations=26 (full 6):
 PSYoungGen      total 1341824K, used 41321K [0x00000007aacb0000, 0x0000000800000000, 0x0000000800000000)
  eden space 1298624K, 0% used [0x00000007aacb0000,0x00000007aacb0000,0x00000007fa0e0000)
  from space 43200K, 95% used [0x00000007fd5d0000,0x00000007ffe2a6d8,0x0000000800000000)
  to   space 48704K, 0% used [0x00000007fa0e0000,0x00000007fa0e0000,0x00000007fd070000)
 ParOldGen       total 329536K, used 242202K [0x0000000700600000, 0x00000007147d0000, 0x00000007aacb0000)
  object space 329536K, 73% used [0x0000000700600000,0x000000070f286820,0x00000007147d0000)
 PSPermGen       total 34304K, used 18363K [0x00000006fb400000, 0x00000006fd580000, 0x0000000700600000)
  object space 34304K, 53% used [0x00000006fb400000,0x00000006fc5eed08,0x00000006fd580000)
}

