# JRE version: 7.0_07-b11
# Java VM: Java HotSpot(TM) 64-Bit Server VM (23.3-b01 mixed mode windows-amd64 compressed oops)
Heap
 PSYoungGen      total 871680K, used 277650K [0x00000007aacb0000, 0x00000007e4750000, 0x0000000800000000)
  eden space 810688K, 34% used [0x00000007aacb0000,0x00000007bbbd4a10,0x00000007dc460000)
  from space 60992K, 0% used [0x00000007e03e0000,0x00000007e03e0000,0x00000007e3f70000)
  to   space 65024K, 0% used [0x00000007dc460000,0x00000007dc460000,0x00000007e03e0000)
 ParOldGen       total 154176K, used 42766K [0x0000000700600000, 0x0000000709c90000, 0x00000007aacb0000)
  object space 154176K, 27% used [0x0000000700600000,0x0000000702fc3af0,0x0000000709c90000)
 PSPermGen       total 36224K, used 18011K [0x00000006fb400000, 0x00000006fd760000, 0x0000000700600000)
  object space 36224K, 49% used [0x00000006fb400000,0x00000006fc596c28,0x00000006fd760000)
GC Heap History (10 events):
Event: 6.872 GC heap before
{Heap before GC invocations=7 (full 0):
 PSYoungGen      total 306240K, used 296018K [0x00000007aacb0000, 0x00000007c1550000, 0x0000000800000000)
  eden space 257216K, 99% used [0x00000007aacb0000,0x00000007ba750cf0,0x00000007ba7e0000)
  from space 49024K, 80% used [0x00000007bdc50000,0x00000007c02c3c30,0x00000007c0c30000)
  to   space 53696K, 0% used [0x00000007ba7e0000,0x00000007ba7e0000,0x00000007bdc50000)
 ParOldGen       total 174528K, used 77034K [0x0000000700600000, 0x000000070b070000, 0x00000007aacb0000)
  object space 174528K, 44% used [0x0000000700600000,0x000000070513ab70,0x000000070b070000)
 PSPermGen       total 21248K, used 17947K [0x00000006fb400000, 0x00000006fc8c0000, 0x0000000700600000)
  object space 21248K, 84% used [0x00000006fb400000,0x00000006fc586da0,0x00000006fc8c0000)
Event: 6.887 GC heap after
Heap after GC invocations=7 (full 0):
 PSYoungGen      total 310912K, used 37698K [0x00000007aacb0000, 0x00000007d0f90000, 0x0000000800000000)
  eden space 257216K, 0% used [0x00000007aacb0000,0x00000007aacb0000,0x00000007ba7e0000)
  from space 53696K, 70% used [0x00000007ba7e0000,0x00000007bccb0900,0x00000007bdc50000)
  to   space 55552K, 0% used [0x00000007cd950000,0x00000007cd950000,0x00000007d0f90000)
 ParOldGen       total 174528K, used 87664K [0x0000000700600000, 0x000000070b070000, 0x00000007aacb0000)
  object space 174528K, 50% used [0x0000000700600000,0x0000000705b9c2e0,0x000000070b070000)
 PSPermGen       total 21248K, used 17947K [0x00000006fb400000, 0x00000006fc8c0000, 0x0000000700600000)
  object space 21248K, 84% used [0x00000006fb400000,0x00000006fc586da0,0x00000006fc8c0000)
}
Event: 7.350 GC heap before
{Heap before GC invocations=8 (full 0):
 PSYoungGen      total 310912K, used 292576K [0x00000007aacb0000, 0x00000007d0f90000, 0x0000000800000000)
  eden space 257216K, 99% used [0x00000007aacb0000,0x00000007ba597990,0x00000007ba7e0000)
  from space 53696K, 70% used [0x00000007ba7e0000,0x00000007bccb0900,0x00000007bdc50000)
  to   space 55552K, 0% used [0x00000007cd950000,0x00000007cd950000,0x00000007d0f90000)
 ParOldGen       total 174528K, used 87664K [0x0000000700600000, 0x000000070b070000, 0x00000007aacb0000)
  object space 174528K, 50% used [0x0000000700600000,0x0000000705b9c2e0,0x000000070b070000)
 PSPermGen       total 21248K, used 17952K [0x00000006fb400000, 0x00000006fc8c0000, 0x0000000700600000)
  object space 21248K, 84% used [0x00000006fb400000,0x00000006fc588080,0x00000006fc8c0000)
Event: 7.361 GC heap after
Heap after GC invocations=8 (full 0):
 PSYoungGen      total 564736K, used 47496K [0x00000007aacb0000, 0x00000007d19d0000, 0x0000000800000000)
  eden space 509184K, 0% used [0x00000007aacb0000,0x00000007aacb0000,0x00000007c9df0000)
  from space 55552K, 85% used [0x00000007cd950000,0x00000007d07b2000,0x00000007d0f90000)
  to   space 60800K, 0% used [0x00000007c9df0000,0x00000007c9df0000,0x00000007cd950000)
 ParOldGen       total 174528K, used 87712K [0x0000000700600000, 0x000000070b070000, 0x00000007aacb0000)
  object space 174528K, 50% used [0x0000000700600000,0x0000000705ba82e0,0x000000070b070000)
 PSPermGen       total 21248K, used 17952K [0x00000006fb400000, 0x00000006fc8c0000, 0x0000000700600000)
  object space 21248K, 84% used [0x00000006fb400000,0x00000006fc588080,0x00000006fc8c0000)
}
Event: 8.307 GC heap before
{Heap before GC invocations=9 (full 0):
 PSYoungGen      total 564736K, used 551687K [0x00000007aacb0000, 0x00000007d19d0000, 0x0000000800000000)
  eden space 509184K, 99% used [0x00000007aacb0000,0x00000007c990ffa0,0x00000007c9df0000)
  from space 55552K, 85% used [0x00000007cd950000,0x00000007d07b2000,0x00000007d0f90000)
  to   space 60800K, 0% used [0x00000007c9df0000,0x00000007c9df0000,0x00000007cd950000)
 ParOldGen       total 174528K, used 87712K [0x0000000700600000, 0x000000070b070000, 0x00000007aacb0000)
  object space 174528K, 50% used [0x0000000700600000,0x0000000705ba82e0,0x000000070b070000)
 PSPermGen       total 21248K, used 17956K [0x00000006fb400000, 0x00000006fc8c0000, 0x0000000700600000)
  object space 21248K, 84% used [0x00000006fb400000,0x00000006fc589220,0x00000006fc8c0000)
Event: 8.312 GC heap after
Heap after GC invocations=9 (full 0):
 PSYoungGen      total 569984K, used 10981K [0x00000007aacb0000, 0x00000007e3f70000, 0x0000000800000000)
  eden space 509184K, 0% used [0x00000007aacb0000,0x00000007aacb0000,0x00000007c9df0000)
  from space 60800K, 18% used [0x00000007c9df0000,0x00000007ca8a97a0,0x00000007cd950000)
  to   space 60992K, 0% used [0x00000007e03e0000,0x00000007e03e0000,0x00000007e3f70000)
 ParOldGen       total 174528K, used 87816K [0x0000000700600000, 0x000000070b070000, 0x00000007aacb0000)
  object space 174528K, 50% used [0x0000000700600000,0x0000000705bc2310,0x000000070b070000)
 PSPermGen       total 21248K, used 17956K [0x00000006fb400000, 0x00000006fc8c0000, 0x0000000700600000)
  object space 21248K, 84% used [0x00000006fb400000,0x00000006fc589220,0x00000006fc8c0000)
}
Event: 9.285 GC heap before
{Heap before GC invocations=10 (full 0):
 PSYoungGen      total 569984K, used 516186K [0x00000007aacb0000, 0x00000007e3f70000, 0x0000000800000000)
  eden space 509184K, 99% used [0x00000007aacb0000,0x00000007c9a0d130,0x00000007c9df0000)
  from space 60800K, 18% used [0x00000007c9df0000,0x00000007ca8a97a0,0x00000007cd950000)
  to   space 60992K, 0% used [0x00000007e03e0000,0x00000007e03e0000,0x00000007e3f70000)
 ParOldGen       total 174528K, used 93891K [0x0000000700600000, 0x000000070b070000, 0x00000007aacb0000)
  object space 174528K, 53% used [0x0000000700600000,0x00000007061b0f20,0x000000070b070000)
 PSPermGen       total 21248K, used 17974K [0x00000006fb400000, 0x00000006fc8c0000, 0x0000000700600000)
  object space 21248K, 84% used [0x00000006fb400000,0x00000006fc58db58,0x00000006fc8c0000)
Event: 9.296 GC heap after
Heap after GC invocations=10 (full 0):
 PSYoungGen      total 871680K, used 47968K [0x00000007aacb0000, 0x00000007e4750000, 0x0000000800000000)
  eden space 810688K, 0% used [0x00000007aacb0000,0x00000007aacb0000,0x00000007dc460000)
  from space 60992K, 78% used [0x00000007e03e0000,0x00000007e32b8130,0x00000007e3f70000)
  to   space 65024K, 0% used [0x00000007dc460000,0x00000007dc460000,0x00000007e03e0000)
 ParOldGen       total 174528K, used 93955K [0x0000000700600000, 0x000000070b070000, 0x00000007aacb0000)
  object space 174528K, 53% used [0x0000000700600000,0x00000007061c0f30,0x000000070b070000)
 PSPermGen       total 21248K, used 17974K [0x00000006fb400000, 0x00000006fc8c0000, 0x0000000700600000)
  object space 21248K, 84% used [0x00000006fb400000,0x00000006fc58db58,0x00000006fc8c0000)
}
Event: 11.351 GC heap before
{Heap before GC invocations=11 (full 1):
 PSYoungGen      total 871680K, used 858656K [0x00000007aacb0000, 0x00000007e4750000, 0x0000000800000000)
  eden space 810688K, 100% used [0x00000007aacb0000,0x00000007dc460000,0x00000007dc460000)
  from space 60992K, 78% used [0x00000007e03e0000,0x00000007e32b8130,0x00000007e3f70000)
  to   space 65024K, 0% used [0x00000007dc460000,0x00000007dc460000,0x00000007e03e0000)
 ParOldGen       total 435712K, used 434916K [0x0000000700600000, 0x000000071af80000, 0x00000007aacb0000)
  object space 435712K, 99% used [0x0000000700600000,0x000000071aeb90b0,0x000000071af80000)
 PSPermGen       total 21248K, used 17982K [0x00000006fb400000, 0x00000006fc8c0000, 0x0000000700600000)
  object space 21248K, 84% used [0x00000006fb400000,0x00000006fc58fa80,0x00000006fc8c0000)
Event: 11.436 GC heap after
Heap after GC invocations=11 (full 1):
 PSYoungGen      total 871680K, used 0K [0x00000007aacb0000, 0x00000007e4750000, 0x0000000800000000)
  eden space 810688K, 0% used [0x00000007aacb0000,0x00000007aacb0000,0x00000007dc460000)
  from space 60992K, 0% used [0x00000007e03e0000,0x00000007e03e0000,0x00000007e3f70000)
  to   space 65024K, 0% used [0x00000007dc460000,0x00000007dc460000,0x00000007e03e0000)
 ParOldGen       total 154176K, used 42766K [0x0000000700600000, 0x0000000709c90000, 0x00000007aacb0000)
  object space 154176K, 27% used [0x0000000700600000,0x0000000702fc3af0,0x0000000709c90000)
 PSPermGen       total 36224K, used 17975K [0x00000006fb400000, 0x00000006fd760000, 0x0000000700600000)
  object space 36224K, 49% used [0x00000006fb400000,0x00000006fc58dfe8,0x00000006fd760000)
}

