# JRE version: 7.0_07-b11
# Java VM: Java HotSpot(TM) 64-Bit Server VM (23.3-b01 mixed mode windows-amd64 compressed oops)
Heap
 PSYoungGen      total 1099328K, used 158151K [0x00000007aacb0000, 0x00000007fa850000, 0x0000000800000000)
  eden space 1032512K, 11% used [0x00000007aacb0000,0x00000007b1c56c90,0x00000007e9d00000)
  from space 66816K, 65% used [0x00000007e9d00000,0x00000007ec7cb000,0x00000007ede40000)
  to   space 68992K, 0% used [0x00000007f64f0000,0x00000007f64f0000,0x00000007fa850000)
 ParOldGen       total 220352K, used 144513K [0x0000000700600000, 0x000000070dd30000, 0x00000007aacb0000)
  object space 220352K, 65% used [0x0000000700600000,0x00000007093206a0,0x000000070dd30000)
 PSPermGen       total 39296K, used 18074K [0x00000006fb400000, 0x00000006fda60000, 0x0000000700600000)
  object space 39296K, 45% used [0x00000006fb400000,0x00000006fc5a6808,0x00000006fda60000)
GC Heap History (10 events):
Event: 15.863 GC heap before
{Heap before GC invocations=16 (full 3):
 PSYoungGen      total 760256K, used 719710K [0x00000007aacb0000, 0x00000007dded0000, 0x0000000800000000)
  eden space 713216K, 99% used [0x00000007aacb0000,0x00000007d60ffc20,0x00000007d6530000)
  from space 47040K, 22% used [0x00000007db0e0000,0x00000007dbb67c20,0x00000007dded0000)
  to   space 62272K, 0% used [0x00000007d6530000,0x00000007d6530000,0x00000007da200000)
 ParOldGen       total 220352K, used 37597K [0x0000000700600000, 0x000000070dd30000, 0x00000007aacb0000)
  object space 220352K, 17% used [0x0000000700600000,0x0000000702ab75c8,0x000000070dd30000)
 PSPermGen       total 39296K, used 18007K [0x00000006fb400000, 0x00000006fda60000, 0x0000000700600000)
  object space 39296K, 45% used [0x00000006fb400000,0x00000006fc595f48,0x00000006fda60000)
Event: 15.868 GC heap after
Heap after GC invocations=16 (full 3):
 PSYoungGen      total 775488K, used 20940K [0x00000007aacb0000, 0x00000007e8a80000, 0x0000000800000000)
  eden space 713216K, 0% used [0x00000007aacb0000,0x00000007aacb0000,0x00000007d6530000)
  from space 62272K, 33% used [0x00000007d6530000,0x00000007d79a3070,0x00000007da200000)
  to   space 60800K, 0% used [0x00000007e4f20000,0x00000007e4f20000,0x00000007e8a80000)
 ParOldGen       total 220352K, used 37597K [0x0000000700600000, 0x000000070dd30000, 0x00000007aacb0000)
  object space 220352K, 17% used [0x0000000700600000,0x0000000702ab75c8,0x000000070dd30000)
 PSPermGen       total 39296K, used 18007K [0x00000006fb400000, 0x00000006fda60000, 0x0000000700600000)
  object space 39296K, 45% used [0x00000006fb400000,0x00000006fc595f48,0x00000006fda60000)
}
Event: 17.093 GC heap before
{Heap before GC invocations=17 (full 3):
 PSYoungGen      total 775488K, used 733191K [0x00000007aacb0000, 0x00000007e8a80000, 0x0000000800000000)
  eden space 713216K, 99% used [0x00000007aacb0000,0x00000007d643ecb8,0x00000007d6530000)
  from space 62272K, 33% used [0x00000007d6530000,0x00000007d79a3070,0x00000007da200000)
  to   space 60800K, 0% used [0x00000007e4f20000,0x00000007e4f20000,0x00000007e8a80000)
 ParOldGen       total 220352K, used 39622K [0x0000000700600000, 0x000000070dd30000, 0x00000007aacb0000)
  object space 220352K, 17% used [0x0000000700600000,0x0000000702cb19d8,0x000000070dd30000)
 PSPermGen       total 39296K, used 18010K [0x00000006fb400000, 0x00000006fda60000, 0x0000000700600000)
  object space 39296K, 45% used [0x00000006fb400000,0x00000006fc596800,0x00000006fda60000)
Event: 17.096 GC heap after
Heap after GC invocations=17 (full 3):
 PSYoungGen      total 913856K, used 11260K [0x00000007aacb0000, 0x00000007e7790000, 0x0000000800000000)
  eden space 872448K, 0% used [0x00000007aacb0000,0x00000007aacb0000,0x00000007e00b0000)
  from space 41408K, 27% used [0x00000007e4f20000,0x00000007e5a1f0a8,0x00000007e7790000)
  to   space 60864K, 0% used [0x00000007e00b0000,0x00000007e00b0000,0x00000007e3c20000)
 ParOldGen       total 220352K, used 39622K [0x0000000700600000, 0x000000070dd30000, 0x00000007aacb0000)
  object space 220352K, 17% used [0x0000000700600000,0x0000000702cb19d8,0x000000070dd30000)
 PSPermGen       total 39296K, used 18010K [0x00000006fb400000, 0x00000006fda60000, 0x0000000700600000)
  object space 39296K, 45% used [0x00000006fb400000,0x00000006fc596800,0x00000006fda60000)
}
Event: 18.760 GC heap before
{Heap before GC invocations=18 (full 3):
 PSYoungGen      total 913856K, used 883708K [0x00000007aacb0000, 0x00000007e7790000, 0x0000000800000000)
  eden space 872448K, 100% used [0x00000007aacb0000,0x00000007e00b0000,0x00000007e00b0000)
  from space 41408K, 27% used [0x00000007e4f20000,0x00000007e5a1f0a8,0x00000007e7790000)
  to   space 60864K, 0% used [0x00000007e00b0000,0x00000007e00b0000,0x00000007e3c20000)
 ParOldGen       total 220352K, used 144513K [0x0000000700600000, 0x000000070dd30000, 0x00000007aacb0000)
  object space 220352K, 65% used [0x0000000700600000,0x00000007093206a0,0x000000070dd30000)
 PSPermGen       total 39296K, used 18014K [0x00000006fb400000, 0x00000006fda60000, 0x0000000700600000)
  object space 39296K, 45% used [0x00000006fb400000,0x00000006fc597b50,0x00000006fda60000)
Event: 18.762 GC heap after
Heap after GC invocations=18 (full 3):
 PSYoungGen      total 933312K, used 288K [0x00000007aacb0000, 0x00000007f1b10000, 0x0000000800000000)
  eden space 872448K, 0% used [0x00000007aacb0000,0x00000007aacb0000,0x00000007e00b0000)
  from space 60864K, 0% used [0x00000007e00b0000,0x00000007e00f8000,0x00000007e3c20000)
  to   space 62272K, 0% used [0x00000007ede40000,0x00000007ede40000,0x00000007f1b10000)
 ParOldGen       total 220352K, used 144513K [0x0000000700600000, 0x000000070dd30000, 0x00000007aacb0000)
  object space 220352K, 65% used [0x0000000700600000,0x00000007093206a0,0x000000070dd30000)
 PSPermGen       total 39296K, used 18014K [0x00000006fb400000, 0x00000006fda60000, 0x0000000700600000)
  object space 39296K, 45% used [0x00000006fb400000,0x00000006fc597b50,0x00000006fda60000)
}
Event: 20.528 GC heap before
{Heap before GC invocations=19 (full 3):
 PSYoungGen      total 933312K, used 869776K [0x00000007aacb0000, 0x00000007f1b10000, 0x0000000800000000)
  eden space 872448K, 99% used [0x00000007aacb0000,0x00000007dfdcc358,0x00000007e00b0000)
  from space 60864K, 0% used [0x00000007e00b0000,0x00000007e00f8000,0x00000007e3c20000)
  to   space 62272K, 0% used [0x00000007ede40000,0x00000007ede40000,0x00000007f1b10000)
 ParOldGen       total 220352K, used 144513K [0x0000000700600000, 0x000000070dd30000, 0x00000007aacb0000)
  object space 220352K, 65% used [0x0000000700600000,0x00000007093206a0,0x000000070dd30000)
 PSPermGen       total 39296K, used 18032K [0x00000006fb400000, 0x00000006fda60000, 0x0000000700600000)
  object space 39296K, 45% used [0x00000006fb400000,0x00000006fc59c1c8,0x00000006fda60000)
Event: 20.538 GC heap after
Heap after GC invocations=19 (full 3):
 PSYoungGen      total 1094784K, used 47528K [0x00000007aacb0000, 0x00000007f2890000, 0x0000000800000000)
  eden space 1032512K, 0% used [0x00000007aacb0000,0x00000007aacb0000,0x00000007e9d00000)
  from space 62272K, 76% used [0x00000007ede40000,0x00000007f0caa3e8,0x00000007f1b10000)
  to   space 66816K, 0% used [0x00000007e9d00000,0x00000007e9d00000,0x00000007ede40000)
 ParOldGen       total 220352K, used 144513K [0x0000000700600000, 0x000000070dd30000, 0x00000007aacb0000)
  object space 220352K, 65% used [0x0000000700600000,0x00000007093206a0,0x000000070dd30000)
 PSPermGen       total 39296K, used 18032K [0x00000006fb400000, 0x00000006fda60000, 0x0000000700600000)
  object space 39296K, 45% used [0x00000006fb400000,0x00000006fc59c1c8,0x00000006fda60000)
}
Event: 22.396 GC heap before
{Heap before GC invocations=20 (full 3):
 PSYoungGen      total 1094784K, used 1075256K [0x00000007aacb0000, 0x00000007f2890000, 0x0000000800000000)
  eden space 1032512K, 99% used [0x00000007aacb0000,0x00000007e9853cf8,0x00000007e9d00000)
  from space 62272K, 76% used [0x00000007ede40000,0x00000007f0caa3e8,0x00000007f1b10000)
  to   space 66816K, 0% used [0x00000007e9d00000,0x00000007e9d00000,0x00000007ede40000)
 ParOldGen       total 220352K, used 144513K [0x0000000700600000, 0x000000070dd30000, 0x00000007aacb0000)
  object space 220352K, 65% used [0x0000000700600000,0x00000007093206a0,0x000000070dd30000)
 PSPermGen       total 39296K, used 18039K [0x00000006fb400000, 0x00000006fda60000, 0x0000000700600000)
  object space 39296K, 45% used [0x00000006fb400000,0x00000006fc59dd30,0x00000006fda60000)
Event: 22.407 GC heap after
Heap after GC invocations=20 (full 3):
 PSYoungGen      total 1099328K, used 43820K [0x00000007aacb0000, 0x00000007fa850000, 0x0000000800000000)
  eden space 1032512K, 0% used [0x00000007aacb0000,0x00000007aacb0000,0x00000007e9d00000)
  from space 66816K, 65% used [0x00000007e9d00000,0x00000007ec7cb000,0x00000007ede40000)
  to   space 68992K, 0% used [0x00000007f64f0000,0x00000007f64f0000,0x00000007fa850000)
 ParOldGen       total 220352K, used 144513K [0x0000000700600000, 0x000000070dd30000, 0x00000007aacb0000)
  object space 220352K, 65% used [0x0000000700600000,0x00000007093206a0,0x000000070dd30000)
 PSPermGen       total 39296K, used 18039K [0x00000006fb400000, 0x00000006fda60000, 0x0000000700600000)
  object space 39296K, 45% used [0x00000006fb400000,0x00000006fc59dd30,0x00000006fda60000)
}

