# JRE version: 7.0_07-b11
# Java VM: Java HotSpot(TM) 64-Bit Server VM (23.3-b01 mixed mode windows-amd64 compressed oops)
Heap
 PSYoungGen      total 975360K, used 418363K [0x00000007aacb0000, 0x0000000800000000, 0x0000000800000000)
  eden space 894080K, 41% used [0x00000007aacb0000,0x00000007c1b2d338,0x00000007e15d0000)
  from space 81280K, 53% used [0x00000007e15d0000,0x00000007e3fe1b38,0x00000007e6530000)
  to   space 78976K, 0% used [0x00000007fb2e0000,0x00000007fb2e0000,0x0000000800000000)
 ParOldGen       total 152192K, used 101735K [0x0000000700600000, 0x0000000709aa0000, 0x00000007aacb0000)
  object space 152192K, 66% used [0x0000000700600000,0x0000000706959dc8,0x0000000709aa0000)
 PSPermGen       total 36288K, used 18166K [0x00000006fb400000, 0x00000006fd770000, 0x0000000700600000)
  object space 36288K, 50% used [0x00000006fb400000,0x00000006fc5bda30,0x00000006fd770000)
GC Heap History (10 events):
Event: 5.281 GC heap before
{Heap before GC invocations=6 (full 1):
 PSYoungGen      total 272768K, used 10873K [0x00000007aacb0000, 0x00000007d3050000, 0x0000000800000000)
  eden space 261888K, 0% used [0x00000007aacb0000,0x00000007aacb0000,0x00000007bac70000)
  from space 10880K, 99% used [0x00000007bac70000,0x00000007bb70e5b0,0x00000007bb710000)
  to   space 67648K, 0% used [0x00000007cee40000,0x00000007cee40000,0x00000007d3050000)
 ParOldGen       total 174528K, used 159570K [0x0000000700600000, 0x000000070b070000, 0x00000007aacb0000)
  object space 174528K, 91% used [0x0000000700600000,0x000000070a1d4818,0x000000070b070000)
 PSPermGen       total 21248K, used 18003K [0x00000006fb400000, 0x00000006fc8c0000, 0x0000000700600000)
  object space 21248K, 84% used [0x00000006fb400000,0x00000006fc594f68,0x00000006fc8c0000)
Event: 5.327 GC heap after
Heap after GC invocations=6 (full 1):
 PSYoungGen      total 272768K, used 0K [0x00000007aacb0000, 0x00000007d3050000, 0x0000000800000000)
  eden space 261888K, 0% used [0x00000007aacb0000,0x00000007aacb0000,0x00000007bac70000)
  from space 10880K, 0% used [0x00000007bac70000,0x00000007bac70000,0x00000007bb710000)
  to   space 67648K, 0% used [0x00000007cee40000,0x00000007cee40000,0x00000007d3050000)
 ParOldGen       total 152192K, used 20537K [0x0000000700600000, 0x0000000709aa0000, 0x00000007aacb0000)
  object space 152192K, 13% used [0x0000000700600000,0x0000000701a0e680,0x0000000709aa0000)
 PSPermGen       total 36288K, used 17997K [0x00000006fb400000, 0x00000006fd770000, 0x0000000700600000)
  object space 36288K, 49% used [0x00000006fb400000,0x00000006fc593560,0x00000006fd770000)
}
Event: 5.827 GC heap before
{Heap before GC invocations=7 (full 1):
 PSYoungGen      total 272768K, used 257269K [0x00000007aacb0000, 0x00000007d3050000, 0x0000000800000000)
  eden space 261888K, 98% used [0x00000007aacb0000,0x00000007ba7ed4b8,0x00000007bac70000)
  from space 10880K, 0% used [0x00000007bac70000,0x00000007bac70000,0x00000007bb710000)
  to   space 67648K, 0% used [0x00000007cee40000,0x00000007cee40000,0x00000007d3050000)
 ParOldGen       total 152192K, used 20537K [0x0000000700600000, 0x0000000709aa0000, 0x00000007aacb0000)
  object space 152192K, 13% used [0x0000000700600000,0x0000000701a0e680,0x0000000709aa0000)
 PSPermGen       total 36288K, used 18038K [0x00000006fb400000, 0x00000006fd770000, 0x0000000700600000)
  object space 36288K, 49% used [0x00000006fb400000,0x00000006fc59dac8,0x00000006fd770000)
Event: 5.860 GC heap after
Heap after GC invocations=7 (full 1):
 PSYoungGen      total 539776K, used 52570K [0x00000007aacb0000, 0x00000007d21a0000, 0x0000000800000000)
  eden space 487168K, 0% used [0x00000007aacb0000,0x00000007aacb0000,0x00000007c8870000)
  from space 52608K, 99% used [0x00000007cee40000,0x00000007d2196860,0x00000007d21a0000)
  to   space 69184K, 0% used [0x00000007c9a80000,0x00000007c9a80000,0x00000007cde10000)
 ParOldGen       total 152192K, used 20537K [0x0000000700600000, 0x0000000709aa0000, 0x00000007aacb0000)
  object space 152192K, 13% used [0x0000000700600000,0x0000000701a0e680,0x0000000709aa0000)
 PSPermGen       total 36288K, used 18038K [0x00000006fb400000, 0x00000006fd770000, 0x0000000700600000)
  object space 36288K, 49% used [0x00000006fb400000,0x00000006fc59dac8,0x00000006fd770000)
}
Event: 6.837 GC heap before
{Heap before GC invocations=8 (full 1):
 PSYoungGen      total 539776K, used 533769K [0x00000007aacb0000, 0x00000007d21a0000, 0x0000000800000000)
  eden space 487168K, 98% used [0x00000007aacb0000,0x00000007c829bba0,0x00000007c8870000)
  from space 52608K, 99% used [0x00000007cee40000,0x00000007d2196860,0x00000007d21a0000)
  to   space 69184K, 0% used [0x00000007c9a80000,0x00000007c9a80000,0x00000007cde10000)
 ParOldGen       total 152192K, used 20537K [0x0000000700600000, 0x0000000709aa0000, 0x00000007aacb0000)
  object space 152192K, 13% used [0x0000000700600000,0x0000000701a0e680,0x0000000709aa0000)
 PSPermGen       total 36288K, used 18040K [0x00000006fb400000, 0x00000006fd770000, 0x0000000700600000)
  object space 36288K, 49% used [0x00000006fb400000,0x00000006fc59e088,0x00000006fd770000)
Event: 6.876 GC heap after
Heap after GC invocations=8 (full 1):
 PSYoungGen      total 574848K, used 59774K [0x00000007aacb0000, 0x00000007eacf0000, 0x0000000800000000)
  eden space 505664K, 0% used [0x00000007aacb0000,0x00000007aacb0000,0x00000007c9a80000)
  from space 69184K, 86% used [0x00000007c9a80000,0x00000007cd4df820,0x00000007cde10000)
  to   space 73472K, 0% used [0x00000007e6530000,0x00000007e6530000,0x00000007eacf0000)
 ParOldGen       total 152192K, used 20537K [0x0000000700600000, 0x0000000709aa0000, 0x00000007aacb0000)
  object space 152192K, 13% used [0x0000000700600000,0x0000000701a0e680,0x0000000709aa0000)
 PSPermGen       total 36288K, used 18040K [0x00000006fb400000, 0x00000006fd770000, 0x0000000700600000)
  object space 36288K, 49% used [0x00000006fb400000,0x00000006fc59e088,0x00000006fd770000)
}
Event: 7.857 GC heap before
{Heap before GC invocations=9 (full 1):
 PSYoungGen      total 574848K, used 565220K [0x00000007aacb0000, 0x00000007eacf0000, 0x0000000800000000)
  eden space 505664K, 99% used [0x00000007aacb0000,0x00000007c9a49920,0x00000007c9a80000)
  from space 69184K, 86% used [0x00000007c9a80000,0x00000007cd4df820,0x00000007cde10000)
  to   space 73472K, 0% used [0x00000007e6530000,0x00000007e6530000,0x00000007eacf0000)
 ParOldGen       total 152192K, used 26612K [0x0000000700600000, 0x0000000709aa0000, 0x00000007aacb0000)
  object space 152192K, 17% used [0x0000000700600000,0x0000000701ffd290,0x0000000709aa0000)
 PSPermGen       total 36288K, used 18155K [0x00000006fb400000, 0x00000006fd770000, 0x0000000700600000)
  object space 36288K, 50% used [0x00000006fb400000,0x00000006fc5bad50,0x00000006fd770000)
Event: 7.908 GC heap after
Heap after GC invocations=9 (full 1):
 PSYoungGen      total 967552K, used 71819K [0x00000007aacb0000, 0x00000007eddd0000, 0x0000000800000000)
  eden space 894080K, 0% used [0x00000007aacb0000,0x00000007aacb0000,0x00000007e15d0000)
  from space 73472K, 97% used [0x00000007e6530000,0x00000007eab52d20,0x00000007eacf0000)
  to   space 81280K, 0% used [0x00000007e15d0000,0x00000007e15d0000,0x00000007e6530000)
 ParOldGen       total 152192K, used 26612K [0x0000000700600000, 0x0000000709aa0000, 0x00000007aacb0000)
  object space 152192K, 17% used [0x0000000700600000,0x0000000701ffd290,0x0000000709aa0000)
 PSPermGen       total 36288K, used 18155K [0x00000006fb400000, 0x00000006fd770000, 0x0000000700600000)
  object space 36288K, 50% used [0x00000006fb400000,0x00000006fc5bad50,0x00000006fd770000)
}
Event: 9.757 GC heap before
{Heap before GC invocations=10 (full 1):
 PSYoungGen      total 967552K, used 965899K [0x00000007aacb0000, 0x00000007eddd0000, 0x0000000800000000)
  eden space 894080K, 100% used [0x00000007aacb0000,0x00000007e15d0000,0x00000007e15d0000)
  from space 73472K, 97% used [0x00000007e6530000,0x00000007eab52d20,0x00000007eacf0000)
  to   space 81280K, 0% used [0x00000007e15d0000,0x00000007e15d0000,0x00000007e6530000)
 ParOldGen       total 152192K, used 83326K [0x0000000700600000, 0x0000000709aa0000, 0x00000007aacb0000)
  object space 152192K, 54% used [0x0000000700600000,0x000000070575f938,0x0000000709aa0000)
 PSPermGen       total 36288K, used 18164K [0x00000006fb400000, 0x00000006fd770000, 0x0000000700600000)
  object space 36288K, 50% used [0x00000006fb400000,0x00000006fc5bd278,0x00000006fd770000)
Event: 9.785 GC heap after
Heap after GC invocations=10 (full 1):
 PSYoungGen      total 975360K, used 43078K [0x00000007aacb0000, 0x0000000800000000, 0x0000000800000000)
  eden space 894080K, 0% used [0x00000007aacb0000,0x00000007aacb0000,0x00000007e15d0000)
  from space 81280K, 53% used [0x00000007e15d0000,0x00000007e3fe1b38,0x00000007e6530000)
  to   space 78976K, 0% used [0x00000007fb2e0000,0x00000007fb2e0000,0x0000000800000000)
 ParOldGen       total 152192K, used 101735K [0x0000000700600000, 0x0000000709aa0000, 0x00000007aacb0000)
  object space 152192K, 66% used [0x0000000700600000,0x0000000706959dc8,0x0000000709aa0000)
 PSPermGen       total 36288K, used 18164K [0x00000006fb400000, 0x00000006fd770000, 0x0000000700600000)
  object space 36288K, 50% used [0x00000006fb400000,0x00000006fc5bd278,0x00000006fd770000)
}

