# JRE version: 7.0_07-b11
# Java VM: Java HotSpot(TM) 64-Bit Server VM (23.3-b01 mixed mode windows-amd64 compressed oops)
Heap
 PSYoungGen      total 178432K, used 177426K [0x00000007aacb0000, 0x00000007b93f0000, 0x0000000800000000)
  eden space 136512K, 100% used [0x00000007aacb0000,0x00000007b3200000,0x00000007b3200000)
  from space 41920K, 97% used [0x00000007b60a0000,0x00000007b8894ac0,0x00000007b8990000)
  to   space 47744K, 0% used [0x00000007b3200000,0x00000007b3200000,0x00000007b60a0000)
 ParOldGen       total 414016K, used 219429K [0x0000000700600000, 0x0000000719a50000, 0x00000007aacb0000)
  object space 414016K, 53% used [0x0000000700600000,0x000000070dc49570,0x0000000719a50000)
 PSPermGen       total 34176K, used 18124K [0x00000006fb400000, 0x00000006fd560000, 0x0000000700600000)
  object space 34176K, 53% used [0x00000006fb400000,0x00000006fc5b33d0,0x00000006fd560000)
GC Heap History (10 events):
Event: 12.377 GC heap before
{Heap before GC invocations=14 (full 4):
 PSYoungGen      total 148160K, used 139995K [0x00000007aacb0000, 0x00000007b68d0000, 0x0000000800000000)
  eden space 113664K, 97% used [0x00000007aacb0000,0x00000007b194fcf0,0x00000007b1bb0000)
  from space 34496K, 83% used [0x00000007b4040000,0x00000007b5c572a0,0x00000007b61f0000)
  to   space 37440K, 0% used [0x00000007b1bb0000,0x00000007b1bb0000,0x00000007b4040000)
 ParOldGen       total 361792K, used 361717K [0x0000000700600000, 0x0000000716750000, 0x00000007aacb0000)
  object space 361792K, 99% used [0x0000000700600000,0x000000071673d6c0,0x0000000716750000)
 PSPermGen       total 39680K, used 18076K [0x00000006fb400000, 0x00000006fdac0000, 0x0000000700600000)
  object space 39680K, 45% used [0x00000006fb400000,0x00000006fc5a7388,0x00000006fdac0000)
Event: 12.405 GC heap after
Heap after GC invocations=14 (full 4):
 PSYoungGen      total 148160K, used 0K [0x00000007aacb0000, 0x00000007b68d0000, 0x0000000800000000)
  eden space 113664K, 0% used [0x00000007aacb0000,0x00000007aacb0000,0x00000007b1bb0000)
  from space 34496K, 0% used [0x00000007b4040000,0x00000007b4040000,0x00000007b61f0000)
  to   space 37440K, 0% used [0x00000007b1bb0000,0x00000007b1bb0000,0x00000007b4040000)
 ParOldGen       total 308032K, used 20087K [0x0000000700600000, 0x00000007132d0000, 0x00000007aacb0000)
  object space 308032K, 6% used [0x0000000700600000,0x000000070199dc00,0x00000007132d0000)
 PSPermGen       total 37568K, used 18076K [0x00000006fb400000, 0x00000006fd8b0000, 0x0000000700600000)
  object space 37568K, 48% used [0x00000006fb400000,0x00000006fc5a7358,0x00000006fd8b0000)
}
Event: 13.912 GC heap before
{Heap before GC invocations=15 (full 5):
 PSYoungGen      total 148160K, used 111715K [0x00000007aacb0000, 0x00000007b68d0000, 0x0000000800000000)
  eden space 113664K, 98% used [0x00000007aacb0000,0x00000007b19c8e98,0x00000007b1bb0000)
  from space 34496K, 0% used [0x00000007b4040000,0x00000007b4040000,0x00000007b61f0000)
  to   space 37440K, 0% used [0x00000007b1bb0000,0x00000007b1bb0000,0x00000007b4040000)
 ParOldGen       total 321024K, used 320420K [0x0000000700600000, 0x0000000713f80000, 0x00000007aacb0000)
  object space 321024K, 99% used [0x0000000700600000,0x0000000713ee9330,0x0000000713f80000)
 PSPermGen       total 37568K, used 18084K [0x00000006fb400000, 0x00000006fd8b0000, 0x0000000700600000)
  object space 37568K, 48% used [0x00000006fb400000,0x00000006fc5a90f0,0x00000006fd8b0000)
Event: 13.935 GC heap after
Heap after GC invocations=15 (full 5):
 PSYoungGen      total 148160K, used 0K [0x00000007aacb0000, 0x00000007b68d0000, 0x0000000800000000)
  eden space 113664K, 0% used [0x00000007aacb0000,0x00000007aacb0000,0x00000007b1bb0000)
  from space 34496K, 0% used [0x00000007b4040000,0x00000007b4040000,0x00000007b61f0000)
  to   space 37440K, 0% used [0x00000007b1bb0000,0x00000007b1bb0000,0x00000007b4040000)
 ParOldGen       total 351872K, used 14014K [0x0000000700600000, 0x0000000715da0000, 0x00000007aacb0000)
  object space 351872K, 3% used [0x0000000700600000,0x00000007013af880,0x0000000715da0000)
 PSPermGen       total 35904K, used 18084K [0x00000006fb400000, 0x00000006fd710000, 0x0000000700600000)
  object space 35904K, 50% used [0x00000006fb400000,0x00000006fc5a90f0,0x00000006fd710000)
}
Event: 14.343 GC heap before
{Heap before GC invocations=16 (full 5):
 PSYoungGen      total 148160K, used 110615K [0x00000007aacb0000, 0x00000007b68d0000, 0x0000000800000000)
  eden space 113664K, 97% used [0x00000007aacb0000,0x00000007b18b5e20,0x00000007b1bb0000)
  from space 34496K, 0% used [0x00000007b4040000,0x00000007b4040000,0x00000007b61f0000)
  to   space 37440K, 0% used [0x00000007b1bb0000,0x00000007b1bb0000,0x00000007b4040000)
 ParOldGen       total 351872K, used 17431K [0x0000000700600000, 0x0000000715da0000, 0x00000007aacb0000)
  object space 351872K, 4% used [0x0000000700600000,0x0000000701705d50,0x0000000715da0000)
 PSPermGen       total 35904K, used 18084K [0x00000006fb400000, 0x00000006fd710000, 0x0000000700600000)
  object space 35904K, 50% used [0x00000006fb400000,0x00000006fc5a92d0,0x00000006fd710000)
Event: 14.349 GC heap after
Heap after GC invocations=16 (full 5):
 PSYoungGen      total 151104K, used 34775K [0x00000007aacb0000, 0x00000007b8990000, 0x0000000800000000)
  eden space 113664K, 0% used [0x00000007aacb0000,0x00000007aacb0000,0x00000007b1bb0000)
  from space 37440K, 92% used [0x00000007b1bb0000,0x00000007b3da5eb0,0x00000007b4040000)
  to   space 41920K, 0% used [0x00000007b60a0000,0x00000007b60a0000,0x00000007b8990000)
 ParOldGen       total 351872K, used 29581K [0x0000000700600000, 0x0000000715da0000, 0x00000007aacb0000)
  object space 351872K, 8% used [0x0000000700600000,0x00000007022e3570,0x0000000715da0000)
 PSPermGen       total 35904K, used 18084K [0x00000006fb400000, 0x00000006fd710000, 0x0000000700600000)
  object space 35904K, 50% used [0x00000006fb400000,0x00000006fc5a92d0,0x00000006fd710000)
}
Event: 15.782 GC heap before
{Heap before GC invocations=17 (full 6):
 PSYoungGen      total 151104K, used 145626K [0x00000007aacb0000, 0x00000007b8990000, 0x0000000800000000)
  eden space 113664K, 97% used [0x00000007aacb0000,0x00000007b18f0b50,0x00000007b1bb0000)
  from space 37440K, 92% used [0x00000007b1bb0000,0x00000007b3da5eb0,0x00000007b4040000)
  to   space 41920K, 0% used [0x00000007b60a0000,0x00000007b60a0000,0x00000007b8990000)
 ParOldGen       total 351872K, used 327257K [0x0000000700600000, 0x0000000715da0000, 0x00000007aacb0000)
  object space 351872K, 93% used [0x0000000700600000,0x0000000714596560,0x0000000715da0000)
 PSPermGen       total 35904K, used 18088K [0x00000006fb400000, 0x00000006fd710000, 0x0000000700600000)
  object space 35904K, 50% used [0x00000006fb400000,0x00000006fc5aa320,0x00000006fd710000)
Event: 15.802 GC heap after
Heap after GC invocations=17 (full 6):
 PSYoungGen      total 151104K, used 0K [0x00000007aacb0000, 0x00000007b8990000, 0x0000000800000000)
  eden space 113664K, 0% used [0x00000007aacb0000,0x00000007aacb0000,0x00000007b1bb0000)
  from space 37440K, 0% used [0x00000007b1bb0000,0x00000007b1bb0000,0x00000007b4040000)
  to   space 41920K, 0% used [0x00000007b60a0000,0x00000007b60a0000,0x00000007b8990000)
 ParOldGen       total 414016K, used 14017K [0x0000000700600000, 0x0000000719a50000, 0x00000007aacb0000)
  object space 414016K, 3% used [0x0000000700600000,0x00000007013b05b8,0x0000000719a50000)
 PSPermGen       total 34176K, used 18088K [0x00000006fb400000, 0x00000006fd560000, 0x0000000700600000)
  object space 34176K, 52% used [0x00000006fb400000,0x00000006fc5aa320,0x00000006fd560000)
}
Event: 16.210 GC heap before
{Heap before GC invocations=18 (full 6):
 PSYoungGen      total 151104K, used 110589K [0x00000007aacb0000, 0x00000007b8990000, 0x0000000800000000)
  eden space 113664K, 97% used [0x00000007aacb0000,0x00000007b18af6f0,0x00000007b1bb0000)
  from space 37440K, 0% used [0x00000007b1bb0000,0x00000007b1bb0000,0x00000007b4040000)
  to   space 41920K, 0% used [0x00000007b60a0000,0x00000007b60a0000,0x00000007b8990000)
 ParOldGen       total 414016K, used 17434K [0x0000000700600000, 0x0000000719a50000, 0x00000007aacb0000)
  object space 414016K, 4% used [0x0000000700600000,0x0000000701706a88,0x0000000719a50000)
 PSPermGen       total 34176K, used 18089K [0x00000006fb400000, 0x00000006fd560000, 0x0000000700600000)
  object space 34176K, 52% used [0x00000006fb400000,0x00000006fc5aa470,0x00000006fd560000)
Event: 16.219 GC heap after
Heap after GC invocations=18 (full 6):
 PSYoungGen      total 178432K, used 40914K [0x00000007aacb0000, 0x00000007b93f0000, 0x0000000800000000)
  eden space 136512K, 0% used [0x00000007aacb0000,0x00000007aacb0000,0x00000007b3200000)
  from space 41920K, 97% used [0x00000007b60a0000,0x00000007b8894ac0,0x00000007b8990000)
  to   space 47744K, 0% used [0x00000007b3200000,0x00000007b3200000,0x00000007b60a0000)
 ParOldGen       total 414016K, used 23509K [0x0000000700600000, 0x0000000719a50000, 0x00000007aacb0000)
  object space 414016K, 5% used [0x0000000700600000,0x0000000701cf5698,0x0000000719a50000)
 PSPermGen       total 34176K, used 18089K [0x00000006fb400000, 0x00000006fd560000, 0x0000000700600000)
  object space 34176K, 52% used [0x00000006fb400000,0x00000006fc5aa470,0x00000006fd560000)
}

