# JRE version: 7.0_07-b11
# Java VM: Java HotSpot(TM) 64-Bit Server VM (23.3-b01 mixed mode windows-amd64 compressed oops)
Heap
 PSYoungGen      total 1303296K, used 1276082K [0x00000007aacb0000, 0x0000000800000000, 0x0000000800000000)
  eden space 1256896K, 97% used [0x00000007aacb0000,0x00000007f5d91550,0x00000007f7820000)
  from space 46400K, 99% used [0x00000007f7820000,0x00000007fa56b480,0x00000007fa570000)
  to   space 70272K, 0% used [0x00000007fbb60000,0x00000007fbb60000,0x0000000800000000)
 ParOldGen       total 163200K, used 52937K [0x0000000700600000, 0x000000070a560000, 0x00000007aacb0000)
  object space 163200K, 32% used [0x0000000700600000,0x00000007039b2450,0x000000070a560000)
 PSPermGen       total 36800K, used 18154K [0x00000006fb400000, 0x00000006fd7f0000, 0x0000000700600000)
  object space 36800K, 49% used [0x00000006fb400000,0x00000006fc5babe0,0x00000006fd7f0000)
GC Heap History (10 events):
Event: 15.194 GC heap before
{Heap before GC invocations=12 (full 0):
 PSYoungGen      total 867904K, used 862959K [0x00000007aacb0000, 0x0000000800000000, 0x0000000800000000)
  eden space 821568K, 99% used [0x00000007aacb0000,0x00000007dcb13f58,0x00000007dcf00000)
  from space 46336K, 97% used [0x00000007dcf00000,0x00000007dfb57e50,0x00000007dfc40000)
  to   space 51456K, 0% used [0x00000007fcdc0000,0x00000007fcdc0000,0x0000000800000000)
 ParOldGen       total 174528K, used 94937K [0x0000000700600000, 0x000000070b070000, 0x00000007aacb0000)
  object space 174528K, 54% used [0x0000000700600000,0x00000007062b6490,0x000000070b070000)
 PSPermGen       total 21248K, used 18109K [0x00000006fb400000, 0x00000006fc8c0000, 0x0000000700600000)
  object space 21248K, 85% used [0x00000006fb400000,0x00000006fc5af770,0x00000006fc8c0000)
Event: 15.216 GC heap after
Heap after GC invocations=12 (full 0):
 PSYoungGen      total 1333184K, used 49913K [0x00000007aacb0000, 0x0000000800000000, 0x0000000800000000)
  eden space 1281728K, 0% used [0x00000007aacb0000,0x00000007aacb0000,0x00000007f9060000)
  from space 51456K, 97% used [0x00000007fcdc0000,0x00000007ffe7e490,0x0000000800000000)
  to   space 57152K, 0% used [0x00000007f9060000,0x00000007f9060000,0x00000007fc830000)
 ParOldGen       total 174528K, used 113515K [0x0000000700600000, 0x000000070b070000, 0x00000007aacb0000)
  object space 174528K, 65% used [0x0000000700600000,0x00000007074dac30,0x000000070b070000)
 PSPermGen       total 21248K, used 18109K [0x00000006fb400000, 0x00000006fc8c0000, 0x0000000700600000)
  object space 21248K, 85% used [0x00000006fb400000,0x00000006fc5af770,0x00000006fc8c0000)
}
Event: 19.505 GC heap before
{Heap before GC invocations=13 (full 0):
 PSYoungGen      total 1333184K, used 1326576K [0x00000007aacb0000, 0x0000000800000000, 0x0000000800000000)
  eden space 1281728K, 99% used [0x00000007aacb0000,0x00000007f8b6dc38,0x00000007f9060000)
  from space 51456K, 97% used [0x00000007fcdc0000,0x00000007ffe7e490,0x0000000800000000)
  to   space 57152K, 0% used [0x00000007f9060000,0x00000007f9060000,0x00000007fc830000)
 ParOldGen       total 174528K, used 113515K [0x0000000700600000, 0x000000070b070000, 0x00000007aacb0000)
  object space 174528K, 65% used [0x0000000700600000,0x00000007074dac30,0x000000070b070000)
 PSPermGen       total 21248K, used 18134K [0x00000006fb400000, 0x00000006fc8c0000, 0x0000000700600000)
  object space 21248K, 85% used [0x00000006fb400000,0x00000006fc5b5b50,0x00000006fc8c0000)
Event: 19.557 GC heap after
Heap after GC invocations=13 (full 0):
 PSYoungGen      total 1337984K, used 56192K [0x00000007aacb0000, 0x0000000800000000, 0x0000000800000000)
  eden space 1281728K, 0% used [0x00000007aacb0000,0x00000007aacb0000,0x00000007f9060000)
  from space 56256K, 99% used [0x00000007f9060000,0x00000007fc740380,0x00000007fc750000)
  to   space 58048K, 0% used [0x00000007fc750000,0x00000007fc750000,0x0000000800000000)
 ParOldGen       total 174528K, used 137827K [0x0000000700600000, 0x000000070b070000, 0x00000007aacb0000)
  object space 174528K, 78% used [0x0000000700600000,0x0000000708c98cc0,0x000000070b070000)
 PSPermGen       total 21248K, used 18134K [0x00000006fb400000, 0x00000006fc8c0000, 0x0000000700600000)
  object space 21248K, 85% used [0x00000006fb400000,0x00000006fc5b5b50,0x00000006fc8c0000)
}
Event: 21.281 GC heap before
{Heap before GC invocations=14 (full 0):
 PSYoungGen      total 1337984K, used 1337920K [0x00000007aacb0000, 0x0000000800000000, 0x0000000800000000)
  eden space 1281728K, 100% used [0x00000007aacb0000,0x00000007f9060000,0x00000007f9060000)
  from space 56256K, 99% used [0x00000007f9060000,0x00000007fc740380,0x00000007fc750000)
  to   space 58048K, 0% used [0x00000007fc750000,0x00000007fc750000,0x0000000800000000)
 ParOldGen       total 174528K, used 137827K [0x0000000700600000, 0x000000070b070000, 0x00000007aacb0000)
  object space 174528K, 78% used [0x0000000700600000,0x0000000708c98cc0,0x000000070b070000)
 PSPermGen       total 21248K, used 18143K [0x00000006fb400000, 0x00000006fc8c0000, 0x0000000700600000)
  object space 21248K, 85% used [0x00000006fb400000,0x00000006fc5b7ca8,0x00000006fc8c0000)
Event: 21.300 GC heap after
Heap after GC invocations=14 (full 0):
 PSYoungGen      total 1314944K, used 56092K [0x00000007aacb0000, 0x0000000800000000, 0x0000000800000000)
  eden space 1256896K, 0% used [0x00000007aacb0000,0x00000007aacb0000,0x00000007f7820000)
  from space 58048K, 96% used [0x00000007fc750000,0x00000007ffe17040,0x0000000800000000)
  to   space 69568K, 0% used [0x00000007f7820000,0x00000007f7820000,0x00000007fbc10000)
 ParOldGen       total 174528K, used 156152K [0x0000000700600000, 0x000000070b070000, 0x00000007aacb0000)
  object space 174528K, 89% used [0x0000000700600000,0x0000000709e7e170,0x000000070b070000)
 PSPermGen       total 21248K, used 18143K [0x00000006fb400000, 0x00000006fc8c0000, 0x0000000700600000)
  object space 21248K, 85% used [0x00000006fb400000,0x00000006fc5b7ca8,0x00000006fc8c0000)
}
Event: 21.300 GC heap before
{Heap before GC invocations=15 (full 1):
 PSYoungGen      total 1314944K, used 56092K [0x00000007aacb0000, 0x0000000800000000, 0x0000000800000000)
  eden space 1256896K, 0% used [0x00000007aacb0000,0x00000007aacb0000,0x00000007f7820000)
  from space 58048K, 96% used [0x00000007fc750000,0x00000007ffe17040,0x0000000800000000)
  to   space 69568K, 0% used [0x00000007f7820000,0x00000007f7820000,0x00000007fbc10000)
 ParOldGen       total 174528K, used 156152K [0x0000000700600000, 0x000000070b070000, 0x00000007aacb0000)
  object space 174528K, 89% used [0x0000000700600000,0x0000000709e7e170,0x000000070b070000)
 PSPermGen       total 21248K, used 18143K [0x00000006fb400000, 0x00000006fc8c0000, 0x0000000700600000)
  object space 21248K, 85% used [0x00000006fb400000,0x00000006fc5b7ca8,0x00000006fc8c0000)
Event: 21.358 GC heap after
Heap after GC invocations=15 (full 1):
 PSYoungGen      total 1314944K, used 0K [0x00000007aacb0000, 0x0000000800000000, 0x0000000800000000)
  eden space 1256896K, 0% used [0x00000007aacb0000,0x00000007aacb0000,0x00000007f7820000)
  from space 58048K, 0% used [0x00000007fc750000,0x00000007fc750000,0x0000000800000000)
  to   space 69568K, 0% used [0x00000007f7820000,0x00000007f7820000,0x00000007fbc10000)
 ParOldGen       total 163200K, used 52937K [0x0000000700600000, 0x000000070a560000, 0x00000007aacb0000)
  object space 163200K, 32% used [0x0000000700600000,0x00000007039b2450,0x000000070a560000)
 PSPermGen       total 36800K, used 18136K [0x00000006fb400000, 0x00000006fd7f0000, 0x0000000700600000)
  object space 36800K, 49% used [0x00000006fb400000,0x00000006fc5b60b0,0x00000006fd7f0000)
}
Event: 23.012 GC heap before
{Heap before GC invocations=16 (full 1):
 PSYoungGen      total 1314944K, used 1256664K [0x00000007aacb0000, 0x0000000800000000, 0x0000000800000000)
  eden space 1256896K, 99% used [0x00000007aacb0000,0x00000007f77e60f0,0x00000007f7820000)
  from space 58048K, 0% used [0x00000007fc750000,0x00000007fc750000,0x0000000800000000)
  to   space 69568K, 0% used [0x00000007f7820000,0x00000007f7820000,0x00000007fbc10000)
 ParOldGen       total 163200K, used 52937K [0x0000000700600000, 0x000000070a560000, 0x00000007aacb0000)
  object space 163200K, 32% used [0x0000000700600000,0x00000007039b2450,0x000000070a560000)
 PSPermGen       total 36800K, used 18145K [0x00000006fb400000, 0x00000006fd7f0000, 0x0000000700600000)
  object space 36800K, 49% used [0x00000006fb400000,0x00000006fc5b8458,0x00000006fd7f0000)
Event: 23.018 GC heap after
Heap after GC invocations=16 (full 1):
 PSYoungGen      total 1303296K, used 46381K [0x00000007aacb0000, 0x0000000800000000, 0x0000000800000000)
  eden space 1256896K, 0% used [0x00000007aacb0000,0x00000007aacb0000,0x00000007f7820000)
  from space 46400K, 99% used [0x00000007f7820000,0x00000007fa56b480,0x00000007fa570000)
  to   space 70272K, 0% used [0x00000007fbb60000,0x00000007fbb60000,0x0000000800000000)
 ParOldGen       total 163200K, used 52937K [0x0000000700600000, 0x000000070a560000, 0x00000007aacb0000)
  object space 163200K, 32% used [0x0000000700600000,0x00000007039b2450,0x000000070a560000)
 PSPermGen       total 36800K, used 18145K [0x00000006fb400000, 0x00000006fd7f0000, 0x0000000700600000)
  object space 36800K, 49% used [0x00000006fb400000,0x00000006fc5b8458,0x00000006fd7f0000)
}

