# JRE version: 7.0_07-b11
# Java VM: Java HotSpot(TM) 64-Bit Server VM (23.3-b01 mixed mode windows-amd64 compressed oops)
Heap
 PSYoungGen      total 243328K, used 41823K [0x00000007aacb0000, 0x00000007bccc0000, 0x0000000800000000)
  eden space 208064K, 20% used [0x00000007aacb0000,0x00000007ad587de0,0x00000007b77e0000)
  from space 35264K, 0% used [0x00000007ba940000,0x00000007ba940000,0x00000007bcbb0000)
  to   space 43456K, 0% used [0x00000007b77e0000,0x00000007b77e0000,0x00000007ba250000)
 ParOldGen       total 195328K, used 13945K [0x0000000700600000, 0x000000070c4c0000, 0x00000007aacb0000)
  object space 195328K, 7% used [0x0000000700600000,0x000000070139e718,0x000000070c4c0000)
 PSPermGen       total 39680K, used 18091K [0x00000006fb400000, 0x00000006fdac0000, 0x0000000700600000)
  object space 39680K, 45% used [0x00000006fb400000,0x00000006fc5aae30,0x00000006fdac0000)
GC Heap History (10 events):
Event: 7.396 GC heap before
{Heap before GC invocations=5 (full 1):
 PSYoungGen      total 141824K, used 137714K [0x00000007aacb0000, 0x00000007b41d0000, 0x0000000800000000)
  eden space 130944K, 98% used [0x00000007aacb0000,0x00000007b2adfb50,0x00000007b2c90000)
  from space 10880K, 78% used [0x00000007b3730000,0x00000007b3f7cd20,0x00000007b41d0000)
  to   space 10880K, 0% used [0x00000007b2c90000,0x00000007b2c90000,0x00000007b3730000)
 ParOldGen       total 361792K, used 360220K [0x0000000700600000, 0x0000000716750000, 0x00000007aacb0000)
  object space 361792K, 99% used [0x0000000700600000,0x00000007165c7328,0x0000000716750000)
 PSPermGen       total 21248K, used 18049K [0x00000006fb400000, 0x00000006fc8c0000, 0x0000000700600000)
  object space 21248K, 84% used [0x00000006fb400000,0x00000006fc5a0730,0x00000006fc8c0000)
Event: 7.457 GC heap after
Heap after GC invocations=5 (full 1):
 PSYoungGen      total 141824K, used 0K [0x00000007aacb0000, 0x00000007b41d0000, 0x0000000800000000)
  eden space 130944K, 0% used [0x00000007aacb0000,0x00000007aacb0000,0x00000007b2c90000)
  from space 10880K, 0% used [0x00000007b3730000,0x00000007b3730000,0x00000007b41d0000)
  to   space 10880K, 0% used [0x00000007b2c90000,0x00000007b2c90000,0x00000007b3730000)
 ParOldGen       total 126720K, used 17602K [0x0000000700600000, 0x00000007081c0000, 0x00000007aacb0000)
  object space 126720K, 13% used [0x0000000700600000,0x0000000701730830,0x00000007081c0000)
 PSPermGen       total 36608K, used 18043K [0x00000006fb400000, 0x00000006fd7c0000, 0x0000000700600000)
  object space 36608K, 49% used [0x00000006fb400000,0x00000006fc59ecd8,0x00000006fd7c0000)
}
Event: 7.916 GC heap before
{Heap before GC invocations=6 (full 1):
 PSYoungGen      total 141824K, used 130725K [0x00000007aacb0000, 0x00000007b41d0000, 0x0000000800000000)
  eden space 130944K, 99% used [0x00000007aacb0000,0x00000007b2c59630,0x00000007b2c90000)
  from space 10880K, 0% used [0x00000007b3730000,0x00000007b3730000,0x00000007b41d0000)
  to   space 10880K, 0% used [0x00000007b2c90000,0x00000007b2c90000,0x00000007b3730000)
 ParOldGen       total 126720K, used 21019K [0x0000000700600000, 0x00000007081c0000, 0x00000007aacb0000)
  object space 126720K, 16% used [0x0000000700600000,0x0000000701a86d00,0x00000007081c0000)
 PSPermGen       total 36608K, used 18045K [0x00000006fb400000, 0x00000006fd7c0000, 0x0000000700600000)
  object space 36608K, 49% used [0x00000006fb400000,0x00000006fc59f758,0x00000006fd7c0000)
Event: 7.923 GC heap after
Heap after GC invocations=6 (full 1):
 PSYoungGen      total 141824K, used 9780K [0x00000007aacb0000, 0x00000007bcbb0000, 0x0000000800000000)
  eden space 130944K, 0% used [0x00000007aacb0000,0x00000007aacb0000,0x00000007b2c90000)
  from space 10880K, 89% used [0x00000007b2c90000,0x00000007b361d0e0,0x00000007b3730000)
  to   space 35264K, 0% used [0x00000007ba940000,0x00000007ba940000,0x00000007bcbb0000)
 ParOldGen       total 126720K, used 58228K [0x0000000700600000, 0x00000007081c0000, 0x00000007aacb0000)
  object space 126720K, 45% used [0x0000000700600000,0x0000000703edd2f0,0x00000007081c0000)
 PSPermGen       total 36608K, used 18045K [0x00000006fb400000, 0x00000006fd7c0000, 0x0000000700600000)
  object space 36608K, 49% used [0x00000006fb400000,0x00000006fc59f758,0x00000006fd7c0000)
}
Event: 9.444 GC heap before
{Heap before GC invocations=7 (full 2):
 PSYoungGen      total 141824K, used 140080K [0x00000007aacb0000, 0x00000007bcbb0000, 0x0000000800000000)
  eden space 130944K, 99% used [0x00000007aacb0000,0x00000007b2beef68,0x00000007b2c90000)
  from space 10880K, 89% used [0x00000007b2c90000,0x00000007b361d0e0,0x00000007b3730000)
  to   space 35264K, 0% used [0x00000007ba940000,0x00000007ba940000,0x00000007bcbb0000)
 ParOldGen       total 359040K, used 355904K [0x0000000700600000, 0x00000007164a0000, 0x00000007aacb0000)
  object space 359040K, 99% used [0x0000000700600000,0x00000007161902e0,0x00000007164a0000)
 PSPermGen       total 36608K, used 18048K [0x00000006fb400000, 0x00000006fd7c0000, 0x0000000700600000)
  object space 36608K, 49% used [0x00000006fb400000,0x00000006fc5a03f8,0x00000006fd7c0000)
Event: 9.480 GC heap after
Heap after GC invocations=7 (full 2):
 PSYoungGen      total 141824K, used 0K [0x00000007aacb0000, 0x00000007bcbb0000, 0x0000000800000000)
  eden space 130944K, 0% used [0x00000007aacb0000,0x00000007aacb0000,0x00000007b2c90000)
  from space 10880K, 0% used [0x00000007b2c90000,0x00000007b2c90000,0x00000007b3730000)
  to   space 35264K, 0% used [0x00000007ba940000,0x00000007ba940000,0x00000007bcbb0000)
 ParOldGen       total 174336K, used 21099K [0x0000000700600000, 0x000000070b040000, 0x00000007aacb0000)
  object space 174336K, 12% used [0x0000000700600000,0x0000000701a9af60,0x000000070b040000)
 PSPermGen       total 40896K, used 18048K [0x00000006fb400000, 0x00000006fdbf0000, 0x0000000700600000)
  object space 40896K, 44% used [0x00000006fb400000,0x00000006fc5a03b8,0x00000006fdbf0000)
}
Event: 9.915 GC heap before
{Heap before GC invocations=8 (full 2):
 PSYoungGen      total 141824K, used 130484K [0x00000007aacb0000, 0x00000007bcbb0000, 0x0000000800000000)
  eden space 130944K, 99% used [0x00000007aacb0000,0x00000007b2c1d278,0x00000007b2c90000)
  from space 10880K, 0% used [0x00000007b2c90000,0x00000007b2c90000,0x00000007b3730000)
  to   space 35264K, 0% used [0x00000007ba940000,0x00000007ba940000,0x00000007bcbb0000)
 ParOldGen       total 174336K, used 24517K [0x0000000700600000, 0x000000070b040000, 0x00000007aacb0000)
  object space 174336K, 14% used [0x0000000700600000,0x0000000701df1430,0x000000070b040000)
 PSPermGen       total 40896K, used 18056K [0x00000006fb400000, 0x00000006fdbf0000, 0x0000000700600000)
  object space 40896K, 44% used [0x00000006fb400000,0x00000006fc5a2120,0x00000006fdbf0000)
Event: 9.926 GC heap after
Heap after GC invocations=8 (full 2):
 PSYoungGen      total 243328K, used 34807K [0x00000007aacb0000, 0x00000007bccc0000, 0x0000000800000000)
  eden space 208064K, 0% used [0x00000007aacb0000,0x00000007aacb0000,0x00000007b77e0000)
  from space 35264K, 98% used [0x00000007ba940000,0x00000007bcb3deb0,0x00000007bcbb0000)
  to   space 43456K, 0% used [0x00000007b77e0000,0x00000007b77e0000,0x00000007ba250000)
 ParOldGen       total 174336K, used 36667K [0x0000000700600000, 0x000000070b040000, 0x00000007aacb0000)
  object space 174336K, 21% used [0x0000000700600000,0x00000007029cec50,0x000000070b040000)
 PSPermGen       total 40896K, used 18056K [0x00000006fb400000, 0x00000006fdbf0000, 0x0000000700600000)
  object space 40896K, 44% used [0x00000006fb400000,0x00000006fc5a2120,0x00000006fdbf0000)
}
Event: 11.730 GC heap before
{Heap before GC invocations=9 (full 3):
 PSYoungGen      total 243328K, used 241390K [0x00000007aacb0000, 0x00000007bccc0000, 0x0000000800000000)
  eden space 208064K, 99% used [0x00000007aacb0000,0x00000007b766db98,0x00000007b77e0000)
  from space 35264K, 98% used [0x00000007ba940000,0x00000007bcb3deb0,0x00000007bcbb0000)
  to   space 43456K, 0% used [0x00000007b77e0000,0x00000007b77e0000,0x00000007ba250000)
 ParOldGen       total 336448K, used 334343K [0x0000000700600000, 0x0000000714e90000, 0x00000007aacb0000)
  object space 336448K, 99% used [0x0000000700600000,0x0000000714c81c40,0x0000000714e90000)
 PSPermGen       total 40896K, used 18057K [0x00000006fb400000, 0x00000006fdbf0000, 0x0000000700600000)
  object space 40896K, 44% used [0x00000006fb400000,0x00000006fc5a2620,0x00000006fdbf0000)
Event: 11.769 GC heap after
Heap after GC invocations=9 (full 3):
 PSYoungGen      total 243328K, used 0K [0x00000007aacb0000, 0x00000007bccc0000, 0x0000000800000000)
  eden space 208064K, 0% used [0x00000007aacb0000,0x00000007aacb0000,0x00000007b77e0000)
  from space 35264K, 0% used [0x00000007ba940000,0x00000007ba940000,0x00000007bcbb0000)
  to   space 43456K, 0% used [0x00000007b77e0000,0x00000007b77e0000,0x00000007ba250000)
 ParOldGen       total 195328K, used 13945K [0x0000000700600000, 0x000000070c4c0000, 0x00000007aacb0000)
  object space 195328K, 7% used [0x0000000700600000,0x000000070139e718,0x000000070c4c0000)
 PSPermGen       total 39680K, used 18057K [0x00000006fb400000, 0x00000006fdac0000, 0x0000000700600000)
  object space 39680K, 45% used [0x00000006fb400000,0x00000006fc5a2620,0x00000006fdac0000)
}

