# JRE version: 7.0_07-b11
# Java VM: Java HotSpot(TM) 64-Bit Server VM (23.3-b01 mixed mode windows-amd64 compressed oops)
Heap
 PSYoungGen      total 500864K, used 220888K [0x00000007aacb0000, 0x00000007cce00000, 0x0000000800000000)
  eden space 461888K, 43% used [0x00000007aacb0000,0x00000007b7271d08,0x00000007c6fc0000)
  from space 38976K, 47% used [0x00000007ca7f0000,0x00000007cb9e4430,0x00000007cce00000)
  to   space 48256K, 0% used [0x00000007c6fc0000,0x00000007c6fc0000,0x00000007c9ee0000)
 ParOldGen       total 248576K, used 176469K [0x0000000700600000, 0x000000070f8c0000, 0x00000007aacb0000)
  object space 248576K, 70% used [0x0000000700600000,0x000000070b255510,0x000000070f8c0000)
 PSPermGen       total 39232K, used 18034K [0x00000006fb400000, 0x00000006fda50000, 0x0000000700600000)
  object space 39232K, 45% used [0x00000006fb400000,0x00000006fc59c9c0,0x00000006fda50000)
GC Heap History (10 events):
Event: 9.459 GC heap before
{Heap before GC invocations=11 (full 3):
 PSYoungGen      total 355328K, used 326542K [0x00000007aacb0000, 0x00000007c5270000, 0x0000000800000000)
  eden space 315392K, 100% used [0x00000007aacb0000,0x00000007be0b0000,0x00000007be0b0000)
  from space 39936K, 27% used [0x00000007c0680000,0x00000007c1163ab0,0x00000007c2d80000)
  to   space 38720K, 0% used [0x00000007be0b0000,0x00000007be0b0000,0x00000007c0680000)
 ParOldGen       total 214528K, used 210219K [0x0000000700600000, 0x000000070d780000, 0x00000007aacb0000)
  object space 214528K, 97% used [0x0000000700600000,0x000000070d34ae58,0x000000070d780000)
 PSPermGen       total 40448K, used 17980K [0x00000006fb400000, 0x00000006fdb80000, 0x0000000700600000)
  object space 40448K, 44% used [0x00000006fb400000,0x00000006fc58f1b8,0x00000006fdb80000)
Event: 9.494 GC heap after
Heap after GC invocations=11 (full 3):
 PSYoungGen      total 355328K, used 0K [0x00000007aacb0000, 0x00000007c5270000, 0x0000000800000000)
  eden space 315392K, 0% used [0x00000007aacb0000,0x00000007aacb0000,0x00000007be0b0000)
  from space 39936K, 0% used [0x00000007c0680000,0x00000007c0680000,0x00000007c2d80000)
  to   space 38720K, 0% used [0x00000007be0b0000,0x00000007be0b0000,0x00000007c0680000)
 ParOldGen       total 248576K, used 44631K [0x0000000700600000, 0x000000070f8c0000, 0x00000007aacb0000)
  object space 248576K, 17% used [0x0000000700600000,0x0000000703195ef8,0x000000070f8c0000)
 PSPermGen       total 39232K, used 17980K [0x00000006fb400000, 0x00000006fda50000, 0x0000000700600000)
  object space 39232K, 45% used [0x00000006fb400000,0x00000006fc58f178,0x00000006fda50000)
}
Event: 10.052 GC heap before
{Heap before GC invocations=12 (full 3):
 PSYoungGen      total 355328K, used 311370K [0x00000007aacb0000, 0x00000007c5270000, 0x0000000800000000)
  eden space 315392K, 98% used [0x00000007aacb0000,0x00000007bdcc2920,0x00000007be0b0000)
  from space 39936K, 0% used [0x00000007c0680000,0x00000007c0680000,0x00000007c2d80000)
  to   space 38720K, 0% used [0x00000007be0b0000,0x00000007be0b0000,0x00000007c0680000)
 ParOldGen       total 248576K, used 44631K [0x0000000700600000, 0x000000070f8c0000, 0x00000007aacb0000)
  object space 248576K, 17% used [0x0000000700600000,0x0000000703195ef8,0x000000070f8c0000)
 PSPermGen       total 39232K, used 17980K [0x00000006fb400000, 0x00000006fda50000, 0x0000000700600000)
  object space 39232K, 45% used [0x00000006fb400000,0x00000006fc58f178,0x00000006fda50000)
Event: 10.059 GC heap after
Heap after GC invocations=12 (full 3):
 PSYoungGen      total 354112K, used 38003K [0x00000007aacb0000, 0x00000007c7d00000, 0x0000000800000000)
  eden space 315392K, 0% used [0x00000007aacb0000,0x00000007aacb0000,0x00000007be0b0000)
  from space 38720K, 98% used [0x00000007be0b0000,0x00000007c05ccf20,0x00000007c0680000)
  to   space 44736K, 0% used [0x00000007c5150000,0x00000007c5150000,0x00000007c7d00000)
 ParOldGen       total 248576K, used 44631K [0x0000000700600000, 0x000000070f8c0000, 0x00000007aacb0000)
  object space 248576K, 17% used [0x0000000700600000,0x0000000703195ef8,0x000000070f8c0000)
 PSPermGen       total 39232K, used 17980K [0x00000006fb400000, 0x00000006fda50000, 0x0000000700600000)
  object space 39232K, 45% used [0x00000006fb400000,0x00000006fc58f178,0x00000006fda50000)
}
Event: 10.621 GC heap before
{Heap before GC invocations=13 (full 3):
 PSYoungGen      total 354112K, used 349580K [0x00000007aacb0000, 0x00000007c7d00000, 0x0000000800000000)
  eden space 315392K, 98% used [0x00000007aacb0000,0x00000007bdcf6220,0x00000007be0b0000)
  from space 38720K, 98% used [0x00000007be0b0000,0x00000007c05ccf20,0x00000007c0680000)
  to   space 44736K, 0% used [0x00000007c5150000,0x00000007c5150000,0x00000007c7d00000)
 ParOldGen       total 248576K, used 44631K [0x0000000700600000, 0x000000070f8c0000, 0x00000007aacb0000)
  object space 248576K, 17% used [0x0000000700600000,0x0000000703195ef8,0x000000070f8c0000)
 PSPermGen       total 39232K, used 17984K [0x00000006fb400000, 0x00000006fda50000, 0x0000000700600000)
  object space 39232K, 45% used [0x00000006fb400000,0x00000006fc590028,0x00000006fda50000)
Event: 10.630 GC heap after
Heap after GC invocations=13 (full 3):
 PSYoungGen      total 425216K, used 41420K [0x00000007aacb0000, 0x00000007c8cf0000, 0x0000000800000000)
  eden space 380480K, 0% used [0x00000007aacb0000,0x00000007aacb0000,0x00000007c2040000)
  from space 44736K, 92% used [0x00000007c5150000,0x00000007c79c33f0,0x00000007c7d00000)
  to   space 50240K, 0% used [0x00000007c2040000,0x00000007c2040000,0x00000007c5150000)
 ParOldGen       total 248576K, used 44631K [0x0000000700600000, 0x000000070f8c0000, 0x00000007aacb0000)
  object space 248576K, 17% used [0x0000000700600000,0x0000000703195ef8,0x000000070f8c0000)
 PSPermGen       total 39232K, used 17984K [0x00000006fb400000, 0x00000006fda50000, 0x0000000700600000)
  object space 39232K, 45% used [0x00000006fb400000,0x00000006fc590028,0x00000006fda50000)
}
Event: 11.342 GC heap before
{Heap before GC invocations=14 (full 3):
 PSYoungGen      total 425216K, used 418839K [0x00000007aacb0000, 0x00000007c8cf0000, 0x0000000800000000)
  eden space 380480K, 99% used [0x00000007aacb0000,0x00000007c1d429f0,0x00000007c2040000)
  from space 44736K, 92% used [0x00000007c5150000,0x00000007c79c33f0,0x00000007c7d00000)
  to   space 50240K, 0% used [0x00000007c2040000,0x00000007c2040000,0x00000007c5150000)
 ParOldGen       total 248576K, used 50706K [0x0000000700600000, 0x000000070f8c0000, 0x00000007aacb0000)
  object space 248576K, 20% used [0x0000000700600000,0x0000000703784b08,0x000000070f8c0000)
 PSPermGen       total 39232K, used 17989K [0x00000006fb400000, 0x00000006fda50000, 0x0000000700600000)
  object space 39232K, 45% used [0x00000006fb400000,0x00000006fc5916e0,0x00000006fda50000)
Event: 11.349 GC heap after
Heap after GC invocations=14 (full 3):
 PSYoungGen      total 430720K, used 29608K [0x00000007aacb0000, 0x00000007cd910000, 0x0000000800000000)
  eden space 380480K, 0% used [0x00000007aacb0000,0x00000007aacb0000,0x00000007c2040000)
  from space 50240K, 58% used [0x00000007c2040000,0x00000007c3d2a1f0,0x00000007c5150000)
  to   space 50304K, 0% used [0x00000007ca7f0000,0x00000007ca7f0000,0x00000007cd910000)
 ParOldGen       total 248576K, used 50706K [0x0000000700600000, 0x000000070f8c0000, 0x00000007aacb0000)
  object space 248576K, 20% used [0x0000000700600000,0x0000000703784b08,0x000000070f8c0000)
 PSPermGen       total 39232K, used 17989K [0x00000006fb400000, 0x00000006fda50000, 0x0000000700600000)
  object space 39232K, 45% used [0x00000006fb400000,0x00000006fc5916e0,0x00000006fda50000)
}
Event: 12.251 GC heap before
{Heap before GC invocations=15 (full 3):
 PSYoungGen      total 430720K, used 410088K [0x00000007aacb0000, 0x00000007cd910000, 0x0000000800000000)
  eden space 380480K, 100% used [0x00000007aacb0000,0x00000007c2040000,0x00000007c2040000)
  from space 50240K, 58% used [0x00000007c2040000,0x00000007c3d2a1f0,0x00000007c5150000)
  to   space 50304K, 0% used [0x00000007ca7f0000,0x00000007ca7f0000,0x00000007cd910000)
 ParOldGen       total 248576K, used 176469K [0x0000000700600000, 0x000000070f8c0000, 0x00000007aacb0000)
  object space 248576K, 70% used [0x0000000700600000,0x000000070b255510,0x000000070f8c0000)
 PSPermGen       total 39232K, used 18001K [0x00000006fb400000, 0x00000006fda50000, 0x0000000700600000)
  object space 39232K, 45% used [0x00000006fb400000,0x00000006fc5944a8,0x00000006fda50000)
Event: 12.256 GC heap after
Heap after GC invocations=15 (full 3):
 PSYoungGen      total 500864K, used 18385K [0x00000007aacb0000, 0x00000007cce00000, 0x0000000800000000)
  eden space 461888K, 0% used [0x00000007aacb0000,0x00000007aacb0000,0x00000007c6fc0000)
  from space 38976K, 47% used [0x00000007ca7f0000,0x00000007cb9e4430,0x00000007cce00000)
  to   space 48256K, 0% used [0x00000007c6fc0000,0x00000007c6fc0000,0x00000007c9ee0000)
 ParOldGen       total 248576K, used 176469K [0x0000000700600000, 0x000000070f8c0000, 0x00000007aacb0000)
  object space 248576K, 70% used [0x0000000700600000,0x000000070b255510,0x000000070f8c0000)
 PSPermGen       total 39232K, used 18001K [0x00000006fb400000, 0x00000006fda50000, 0x0000000700600000)
  object space 39232K, 45% used [0x00000006fb400000,0x00000006fc5944a8,0x00000006fda50000)
}

