# JRE version: 7.0_07-b11
# Java VM: Java HotSpot(TM) 64-Bit Server VM (23.3-b01 mixed mode windows-amd64 compressed oops)
Heap
 PSYoungGen      total 253824K, used 251397K [0x00000007aacb0000, 0x00000007bdec0000, 0x0000000800000000)
  eden space 229056K, 98% used [0x00000007aacb0000,0x00000007b8a04188,0x00000007b8c60000)
  from space 24768K, 99% used [0x00000007bc690000,0x00000007bdebd350,0x00000007bdec0000)
  to   space 30720K, 0% used [0x00000007ba2c0000,0x00000007ba2c0000,0x00000007bc0c0000)
 ParOldGen       total 128832K, used 124366K [0x0000000700600000, 0x00000007083d0000, 0x00000007aacb0000)
  object space 128832K, 96% used [0x0000000700600000,0x0000000707f738e8,0x00000007083d0000)
 PSPermGen       total 36160K, used 17964K [0x00000006fb400000, 0x00000006fd750000, 0x0000000700600000)
  object space 36160K, 49% used [0x00000006fb400000,0x00000006fc58b378,0x00000006fd750000)
GC Heap History (10 events):
Event: 5.837 GC heap before
{Heap before GC invocations=5 (full 0):
 PSYoungGen      total 76352K, used 69483K [0x00000007aacb0000, 0x00000007b41d0000, 0x0000000800000000)
  eden space 65472K, 93% used [0x00000007aacb0000,0x00000007ae862d60,0x00000007aeca0000)
  from space 10880K, 76% used [0x00000007af740000,0x00000007aff68240,0x00000007b01e0000)
  to   space 10880K, 0% used [0x00000007aeca0000,0x00000007aeca0000,0x00000007af740000)
 ParOldGen       total 174528K, used 43982K [0x0000000700600000, 0x000000070b070000, 0x00000007aacb0000)
  object space 174528K, 25% used [0x0000000700600000,0x00000007030f3860,0x000000070b070000)
 PSPermGen       total 21248K, used 17936K [0x00000006fb400000, 0x00000006fc8c0000, 0x0000000700600000)
  object space 21248K, 84% used [0x00000006fb400000,0x00000006fc584038,0x00000006fc8c0000)
Event: 5.843 GC heap after
Heap after GC invocations=5 (full 0):
 PSYoungGen      total 76352K, used 8384K [0x00000007aacb0000, 0x00000007b66f0000, 0x0000000800000000)
  eden space 65472K, 0% used [0x00000007aacb0000,0x00000007aacb0000,0x00000007aeca0000)
  from space 10880K, 77% used [0x00000007aeca0000,0x00000007af4d0240,0x00000007af740000)
  to   space 29888K, 0% used [0x00000007b49c0000,0x00000007b49c0000,0x00000007b66f0000)
 ParOldGen       total 174528K, used 43982K [0x0000000700600000, 0x000000070b070000, 0x00000007aacb0000)
  object space 174528K, 25% used [0x0000000700600000,0x00000007030f3860,0x000000070b070000)
 PSPermGen       total 21248K, used 17936K [0x00000006fb400000, 0x00000006fc8c0000, 0x0000000700600000)
  object space 21248K, 84% used [0x00000006fb400000,0x00000006fc584038,0x00000006fc8c0000)
}
Event: 6.540 GC heap before
{Heap before GC invocations=6 (full 0):
 PSYoungGen      total 76352K, used 73856K [0x00000007aacb0000, 0x00000007b66f0000, 0x0000000800000000)
  eden space 65472K, 100% used [0x00000007aacb0000,0x00000007aeca0000,0x00000007aeca0000)
  from space 10880K, 77% used [0x00000007aeca0000,0x00000007af4d0240,0x00000007af740000)
  to   space 29888K, 0% used [0x00000007b49c0000,0x00000007b49c0000,0x00000007b66f0000)
 ParOldGen       total 174528K, used 147807K [0x0000000700600000, 0x000000070b070000, 0x00000007aacb0000)
  object space 174528K, 84% used [0x0000000700600000,0x0000000709657f50,0x000000070b070000)
 PSPermGen       total 21248K, used 17949K [0x00000006fb400000, 0x00000006fc8c0000, 0x0000000700600000)
  object space 21248K, 84% used [0x00000006fb400000,0x00000006fc5875c0,0x00000006fc8c0000)
Event: 6.545 GC heap after
Heap after GC invocations=6 (full 0):
 PSYoungGen      total 159040K, used 5029K [0x00000007aacb0000, 0x00000007b6530000, 0x0000000800000000)
  eden space 130944K, 0% used [0x00000007aacb0000,0x00000007aacb0000,0x00000007b2c90000)
  from space 28096K, 17% used [0x00000007b49c0000,0x00000007b4ea94c0,0x00000007b6530000)
  to   space 28992K, 0% used [0x00000007b2c90000,0x00000007b2c90000,0x00000007b48e0000)
 ParOldGen       total 174528K, used 147807K [0x0000000700600000, 0x000000070b070000, 0x00000007aacb0000)
  object space 174528K, 84% used [0x0000000700600000,0x0000000709657f50,0x000000070b070000)
 PSPermGen       total 21248K, used 17949K [0x00000006fb400000, 0x00000006fc8c0000, 0x0000000700600000)
  object space 21248K, 84% used [0x00000006fb400000,0x00000006fc5875c0,0x00000006fc8c0000)
}
Event: 6.806 GC heap before
{Heap before GC invocations=7 (full 0):
 PSYoungGen      total 159040K, used 131827K [0x00000007aacb0000, 0x00000007b6530000, 0x0000000800000000)
  eden space 130944K, 96% used [0x00000007aacb0000,0x00000007b2883ad8,0x00000007b2c90000)
  from space 28096K, 17% used [0x00000007b49c0000,0x00000007b4ea94c0,0x00000007b6530000)
  to   space 28992K, 0% used [0x00000007b2c90000,0x00000007b2c90000,0x00000007b48e0000)
 ParOldGen       total 174528K, used 147807K [0x0000000700600000, 0x000000070b070000, 0x00000007aacb0000)
  object space 174528K, 84% used [0x0000000700600000,0x0000000709657f50,0x000000070b070000)
 PSPermGen       total 21248K, used 17952K [0x00000006fb400000, 0x00000006fc8c0000, 0x0000000700600000)
  object space 21248K, 84% used [0x00000006fb400000,0x00000006fc588348,0x00000006fc8c0000)
Event: 6.812 GC heap after
Heap after GC invocations=7 (full 0):
 PSYoungGen      total 159936K, used 10772K [0x00000007aacb0000, 0x00000007be0b0000, 0x0000000800000000)
  eden space 130944K, 0% used [0x00000007aacb0000,0x00000007aacb0000,0x00000007b2c90000)
  from space 28992K, 37% used [0x00000007b2c90000,0x00000007b3715180,0x00000007b48e0000)
  to   space 26752K, 0% used [0x00000007bc690000,0x00000007bc690000,0x00000007be0b0000)
 ParOldGen       total 174528K, used 152552K [0x0000000700600000, 0x000000070b070000, 0x00000007aacb0000)
  object space 174528K, 87% used [0x0000000700600000,0x0000000709afa338,0x000000070b070000)
 PSPermGen       total 21248K, used 17952K [0x00000006fb400000, 0x00000006fc8c0000, 0x0000000700600000)
  object space 21248K, 84% used [0x00000006fb400000,0x00000006fc588348,0x00000006fc8c0000)
}
Event: 6.812 GC heap before
{Heap before GC invocations=8 (full 1):
 PSYoungGen      total 159936K, used 10772K [0x00000007aacb0000, 0x00000007be0b0000, 0x0000000800000000)
  eden space 130944K, 0% used [0x00000007aacb0000,0x00000007aacb0000,0x00000007b2c90000)
  from space 28992K, 37% used [0x00000007b2c90000,0x00000007b3715180,0x00000007b48e0000)
  to   space 26752K, 0% used [0x00000007bc690000,0x00000007bc690000,0x00000007be0b0000)
 ParOldGen       total 174528K, used 152552K [0x0000000700600000, 0x000000070b070000, 0x00000007aacb0000)
  object space 174528K, 87% used [0x0000000700600000,0x0000000709afa338,0x000000070b070000)
 PSPermGen       total 21248K, used 17952K [0x00000006fb400000, 0x00000006fc8c0000, 0x0000000700600000)
  object space 21248K, 84% used [0x00000006fb400000,0x00000006fc588348,0x00000006fc8c0000)
Event: 6.861 GC heap after
Heap after GC invocations=8 (full 1):
 PSYoungGen      total 159936K, used 0K [0x00000007aacb0000, 0x00000007be0b0000, 0x0000000800000000)
  eden space 130944K, 0% used [0x00000007aacb0000,0x00000007aacb0000,0x00000007b2c90000)
  from space 28992K, 0% used [0x00000007b2c90000,0x00000007b2c90000,0x00000007b48e0000)
  to   space 26752K, 0% used [0x00000007bc690000,0x00000007bc690000,0x00000007be0b0000)
 ParOldGen       total 122752K, used 13497K [0x0000000700600000, 0x0000000707de0000, 0x00000007aacb0000)
  object space 122752K, 10% used [0x0000000700600000,0x000000070132e4a8,0x0000000707de0000)
 PSPermGen       total 36160K, used 17946K [0x00000006fb400000, 0x00000006fd750000, 0x0000000700600000)
  object space 36160K, 49% used [0x00000006fb400000,0x00000006fc5868f0,0x00000006fd750000)
}
Event: 7.101 GC heap before
{Heap before GC invocations=9 (full 1):
 PSYoungGen      total 159936K, used 129897K [0x00000007aacb0000, 0x00000007be0b0000, 0x0000000800000000)
  eden space 130944K, 99% used [0x00000007aacb0000,0x00000007b2b8a400,0x00000007b2c90000)
  from space 28992K, 0% used [0x00000007b2c90000,0x00000007b2c90000,0x00000007b48e0000)
  to   space 26752K, 0% used [0x00000007bc690000,0x00000007bc690000,0x00000007be0b0000)
 ParOldGen       total 122752K, used 19572K [0x0000000700600000, 0x0000000707de0000, 0x00000007aacb0000)
  object space 122752K, 15% used [0x0000000700600000,0x000000070191d0b8,0x0000000707de0000)
 PSPermGen       total 36160K, used 17946K [0x00000006fb400000, 0x00000006fd750000, 0x0000000700600000)
  object space 36160K, 49% used [0x00000006fb400000,0x00000006fc5869c8,0x00000006fd750000)
Event: 7.112 GC heap after
Heap after GC invocations=9 (full 1):
 PSYoungGen      total 253824K, used 24756K [0x00000007aacb0000, 0x00000007bdec0000, 0x0000000800000000)
  eden space 229056K, 0% used [0x00000007aacb0000,0x00000007aacb0000,0x00000007b8c60000)
  from space 24768K, 99% used [0x00000007bc690000,0x00000007bdebd350,0x00000007bdec0000)
  to   space 30720K, 0% used [0x00000007ba2c0000,0x00000007ba2c0000,0x00000007bc0c0000)
 ParOldGen       total 122752K, used 56781K [0x0000000700600000, 0x0000000707de0000, 0x00000007aacb0000)
  object space 122752K, 46% used [0x0000000700600000,0x0000000703d736a8,0x0000000707de0000)
 PSPermGen       total 36160K, used 17946K [0x00000006fb400000, 0x00000006fd750000, 0x0000000700600000)
  object space 36160K, 49% used [0x00000006fb400000,0x00000006fc5869c8,0x00000006fd750000)
}

