# JRE version: 7.0_07-b11
# Java VM: Java HotSpot(TM) 64-Bit Server VM (23.3-b01 mixed mode windows-amd64 compressed oops)
Heap
 PSYoungGen      total 922176K, used 213868K [0x00000007aacb0000, 0x00000007fa220000, 0x0000000800000000)
  eden space 866304K, 24% used [0x00000007aacb0000,0x00000007b7d8b280,0x00000007dfab0000)
  from space 55872K, 0% used [0x00000007dfab0000,0x00000007dfab0000,0x00000007e3140000)
  to   space 63808K, 0% used [0x00000007f63d0000,0x00000007f63d0000,0x00000007fa220000)
 ParOldGen       total 189696K, used 48529K [0x0000000700600000, 0x000000070bf40000, 0x00000007aacb0000)
  object space 189696K, 25% used [0x0000000700600000,0x00000007035645e8,0x000000070bf40000)
 PSPermGen       total 41216K, used 18130K [0x00000006fb400000, 0x00000006fdc40000, 0x0000000700600000)
  object space 41216K, 43% used [0x00000006fb400000,0x00000006fc5b4b30,0x00000006fdc40000)
GC Heap History (10 events):
Event: 13.428 GC heap before
{Heap before GC invocations=11 (full 1):
 PSYoungGen      total 515264K, used 493663K [0x00000007aacb0000, 0x00000007d9bb0000, 0x0000000800000000)
  eden space 459968K, 99% used [0x00000007aacb0000,0x00000007c6bc1258,0x00000007c6de0000)
  from space 55296K, 64% used [0x00000007c6de0000,0x00000007c90e6bd8,0x00000007ca3e0000)
  to   space 55040K, 0% used [0x00000007d65f0000,0x00000007d65f0000,0x00000007d9bb0000)
 ParOldGen       total 141184K, used 29871K [0x0000000700600000, 0x0000000708fe0000, 0x00000007aacb0000)
  object space 141184K, 21% used [0x0000000700600000,0x000000070232bcf0,0x0000000708fe0000)
 PSPermGen       total 36608K, used 18058K [0x00000006fb400000, 0x00000006fd7c0000, 0x0000000700600000)
  object space 36608K, 49% used [0x00000006fb400000,0x00000006fc5a2930,0x00000006fd7c0000)
Event: 13.433 GC heap after
Heap after GC invocations=11 (full 1):
 PSYoungGen      total 688000K, used 17641K [0x00000007aacb0000, 0x00000007d8ea0000, 0x0000000800000000)
  eden space 646336K, 0% used [0x00000007aacb0000,0x00000007aacb0000,0x00000007d23e0000)
  from space 41664K, 42% used [0x00000007d65f0000,0x00000007d772a7a8,0x00000007d8ea0000)
  to   space 54656K, 0% used [0x00000007d23e0000,0x00000007d23e0000,0x00000007d5940000)
 ParOldGen       total 141184K, used 29895K [0x0000000700600000, 0x0000000708fe0000, 0x00000007aacb0000)
  object space 141184K, 21% used [0x0000000700600000,0x0000000702331cf0,0x0000000708fe0000)
 PSPermGen       total 36608K, used 18058K [0x00000006fb400000, 0x00000006fd7c0000, 0x0000000700600000)
  object space 36608K, 49% used [0x00000006fb400000,0x00000006fc5a2930,0x00000006fd7c0000)
}
Event: 15.128 GC heap before
{Heap before GC invocations=12 (full 1):
 PSYoungGen      total 688000K, used 662376K [0x00000007aacb0000, 0x00000007d8ea0000, 0x0000000800000000)
  eden space 646336K, 99% used [0x00000007aacb0000,0x00000007d224f9b0,0x00000007d23e0000)
  from space 41664K, 42% used [0x00000007d65f0000,0x00000007d772a7a8,0x00000007d8ea0000)
  to   space 54656K, 0% used [0x00000007d23e0000,0x00000007d23e0000,0x00000007d5940000)
 ParOldGen       total 141184K, used 35970K [0x0000000700600000, 0x0000000708fe0000, 0x00000007aacb0000)
  object space 141184K, 25% used [0x0000000700600000,0x0000000702920900,0x0000000708fe0000)
 PSPermGen       total 36608K, used 18080K [0x00000006fb400000, 0x00000006fd7c0000, 0x0000000700600000)
  object space 36608K, 49% used [0x00000006fb400000,0x00000006fc5a82f8,0x00000006fd7c0000)
Event: 15.134 GC heap after
Heap after GC invocations=12 (full 1):
 PSYoungGen      total 700992K, used 18225K [0x00000007aacb0000, 0x00000007e7bb0000, 0x0000000800000000)
  eden space 646336K, 0% used [0x00000007aacb0000,0x00000007aacb0000,0x00000007d23e0000)
  from space 54656K, 33% used [0x00000007d23e0000,0x00000007d35ac760,0x00000007d5940000)
  to   space 53888K, 0% used [0x00000007e4710000,0x00000007e4710000,0x00000007e7bb0000)
 ParOldGen       total 141184K, used 36010K [0x0000000700600000, 0x0000000708fe0000, 0x00000007aacb0000)
  object space 141184K, 25% used [0x0000000700600000,0x000000070292a910,0x0000000708fe0000)
 PSPermGen       total 36608K, used 18080K [0x00000006fb400000, 0x00000006fd7c0000, 0x0000000700600000)
  object space 36608K, 49% used [0x00000006fb400000,0x00000006fc5a82f8,0x00000006fd7c0000)
}
Event: 16.389 GC heap before
{Heap before GC invocations=13 (full 1):
 PSYoungGen      total 700992K, used 664561K [0x00000007aacb0000, 0x00000007e7bb0000, 0x0000000800000000)
  eden space 646336K, 100% used [0x00000007aacb0000,0x00000007d23e0000,0x00000007d23e0000)
  from space 54656K, 33% used [0x00000007d23e0000,0x00000007d35ac760,0x00000007d5940000)
  to   space 53888K, 0% used [0x00000007e4710000,0x00000007e4710000,0x00000007e7bb0000)
 ParOldGen       total 141184K, used 96203K [0x0000000700600000, 0x0000000708fe0000, 0x00000007aacb0000)
  object space 141184K, 68% used [0x0000000700600000,0x00000007063f2c08,0x0000000708fe0000)
 PSPermGen       total 36608K, used 18094K [0x00000006fb400000, 0x00000006fd7c0000, 0x0000000700600000)
  object space 36608K, 49% used [0x00000006fb400000,0x00000006fc5ab988,0x00000006fd7c0000)
Event: 16.390 GC heap after
Heap after GC invocations=13 (full 1):
 PSYoungGen      total 899840K, used 775K [0x00000007aacb0000, 0x00000007e67d0000, 0x0000000800000000)
  eden space 866304K, 0% used [0x00000007aacb0000,0x00000007aacb0000,0x00000007dfab0000)
  from space 33536K, 2% used [0x00000007e4710000,0x00000007e47d1fb8,0x00000007e67d0000)
  to   space 55872K, 0% used [0x00000007dfab0000,0x00000007dfab0000,0x00000007e3140000)
 ParOldGen       total 141184K, used 96307K [0x0000000700600000, 0x0000000708fe0000, 0x00000007aacb0000)
  object space 141184K, 68% used [0x0000000700600000,0x000000070640cc48,0x0000000708fe0000)
 PSPermGen       total 36608K, used 18094K [0x00000006fb400000, 0x00000006fd7c0000, 0x0000000700600000)
  object space 36608K, 49% used [0x00000006fb400000,0x00000006fc5ab988,0x00000006fd7c0000)
}
Event: 17.995 GC heap before
{Heap before GC invocations=14 (full 1):
 PSYoungGen      total 899840K, used 865561K [0x00000007aacb0000, 0x00000007e67d0000, 0x0000000800000000)
  eden space 866304K, 99% used [0x00000007aacb0000,0x00000007df934478,0x00000007dfab0000)
  from space 33536K, 2% used [0x00000007e4710000,0x00000007e47d1fb8,0x00000007e67d0000)
  to   space 55872K, 0% used [0x00000007dfab0000,0x00000007dfab0000,0x00000007e3140000)
 ParOldGen       total 141184K, used 96307K [0x0000000700600000, 0x0000000708fe0000, 0x00000007aacb0000)
  object space 141184K, 68% used [0x0000000700600000,0x000000070640cc48,0x0000000708fe0000)
 PSPermGen       total 36608K, used 18130K [0x00000006fb400000, 0x00000006fd7c0000, 0x0000000700600000)
  object space 36608K, 49% used [0x00000006fb400000,0x00000006fc5b4be0,0x00000006fd7c0000)
Event: 18.011 GC heap after
Heap after GC invocations=14 (full 1):
 PSYoungGen      total 922176K, used 54744K [0x00000007aacb0000, 0x00000007fa220000, 0x0000000800000000)
  eden space 866304K, 0% used [0x00000007aacb0000,0x00000007aacb0000,0x00000007dfab0000)
  from space 55872K, 97% used [0x00000007dfab0000,0x00000007e3026310,0x00000007e3140000)
  to   space 63808K, 0% used [0x00000007f63d0000,0x00000007f63d0000,0x00000007fa220000)
 ParOldGen       total 141184K, used 120367K [0x0000000700600000, 0x0000000708fe0000, 0x00000007aacb0000)
  object space 141184K, 85% used [0x0000000700600000,0x0000000707b8bdb0,0x0000000708fe0000)
 PSPermGen       total 36608K, used 18130K [0x00000006fb400000, 0x00000006fd7c0000, 0x0000000700600000)
  object space 36608K, 49% used [0x00000006fb400000,0x00000006fc5b4be0,0x00000006fd7c0000)
}
Event: 18.011 GC heap before
{Heap before GC invocations=15 (full 2):
 PSYoungGen      total 922176K, used 54744K [0x00000007aacb0000, 0x00000007fa220000, 0x0000000800000000)
  eden space 866304K, 0% used [0x00000007aacb0000,0x00000007aacb0000,0x00000007dfab0000)
  from space 55872K, 97% used [0x00000007dfab0000,0x00000007e3026310,0x00000007e3140000)
  to   space 63808K, 0% used [0x00000007f63d0000,0x00000007f63d0000,0x00000007fa220000)
 ParOldGen       total 141184K, used 120367K [0x0000000700600000, 0x0000000708fe0000, 0x00000007aacb0000)
  object space 141184K, 85% used [0x0000000700600000,0x0000000707b8bdb0,0x0000000708fe0000)
 PSPermGen       total 36608K, used 18130K [0x00000006fb400000, 0x00000006fd7c0000, 0x0000000700600000)
  object space 36608K, 49% used [0x00000006fb400000,0x00000006fc5b4be0,0x00000006fd7c0000)
Event: 18.036 GC heap after
Heap after GC invocations=15 (full 2):
 PSYoungGen      total 922176K, used 0K [0x00000007aacb0000, 0x00000007fa220000, 0x0000000800000000)
  eden space 866304K, 0% used [0x00000007aacb0000,0x00000007aacb0000,0x00000007dfab0000)
  from space 55872K, 0% used [0x00000007dfab0000,0x00000007dfab0000,0x00000007e3140000)
  to   space 63808K, 0% used [0x00000007f63d0000,0x00000007f63d0000,0x00000007fa220000)
 ParOldGen       total 189696K, used 48529K [0x0000000700600000, 0x000000070bf40000, 0x00000007aacb0000)
  object space 189696K, 25% used [0x0000000700600000,0x00000007035645e8,0x000000070bf40000)
 PSPermGen       total 41216K, used 18130K [0x00000006fb400000, 0x00000006fdc40000, 0x0000000700600000)
  object space 41216K, 43% used [0x00000006fb400000,0x00000006fc5b4b30,0x00000006fdc40000)
}

