# JRE version: 7.0_07-b11
# Java VM: Java HotSpot(TM) 64-Bit Server VM (23.3-b01 mixed mode windows-amd64 compressed oops)
Heap
 PSYoungGen      total 647296K, used 316601K [0x00000007aacb0000, 0x00000007e1dc0000, 0x0000000800000000)
  eden space 614144K, 46% used [0x00000007aacb0000,0x00000007bc5bf458,0x00000007d0470000)
  from space 33152K, 86% used [0x00000007d0470000,0x00000007d208f2a0,0x00000007d24d0000)
  to   space 33856K, 0% used [0x00000007dfcb0000,0x00000007dfcb0000,0x00000007e1dc0000)
 ParOldGen       total 199424K, used 83352K [0x0000000700600000, 0x000000070c8c0000, 0x00000007aacb0000)
  object space 199424K, 41% used [0x0000000700600000,0x0000000705766348,0x000000070c8c0000)
 PSPermGen       total 41024K, used 18197K [0x00000006fb400000, 0x00000006fdc10000, 0x0000000700600000)
  object space 41024K, 44% used [0x00000006fb400000,0x00000006fc5c5550,0x00000006fdc10000)
GC Heap History (10 events):
Event: 7.445 GC heap before
{Heap before GC invocations=9 (full 1):
 PSYoungGen      total 289600K, used 256676K [0x00000007aacb0000, 0x00000007ce6f0000, 0x0000000800000000)
  eden space 261888K, 98% used [0x00000007aacb0000,0x00000007ba7592b0,0x00000007bac70000)
  from space 27712K, 0% used [0x00000007bac70000,0x00000007bac70000,0x00000007bc780000)
  to   space 30080K, 0% used [0x00000007cc990000,0x00000007cc990000,0x00000007ce6f0000)
 ParOldGen       total 128512K, used 26383K [0x0000000700600000, 0x0000000708380000, 0x00000007aacb0000)
  object space 128512K, 20% used [0x0000000700600000,0x0000000701fc3ef8,0x0000000708380000)
 PSPermGen       total 36736K, used 18082K [0x00000006fb400000, 0x00000006fd7e0000, 0x0000000700600000)
  object space 36736K, 49% used [0x00000006fb400000,0x00000006fc5a8b30,0x00000006fd7e0000)
Event: 7.451 GC heap after
Heap after GC invocations=9 (full 1):
 PSYoungGen      total 468160K, used 24925K [0x00000007aacb0000, 0x00000007ce1f0000, 0x0000000800000000)
  eden space 443200K, 0% used [0x00000007aacb0000,0x00000007aacb0000,0x00000007c5d80000)
  from space 24960K, 99% used [0x00000007cc990000,0x00000007ce1e7660,0x00000007ce1f0000)
  to   space 30080K, 0% used [0x00000007ca730000,0x00000007ca730000,0x00000007cc490000)
 ParOldGen       total 128512K, used 32458K [0x0000000700600000, 0x0000000708380000, 0x00000007aacb0000)
  object space 128512K, 25% used [0x0000000700600000,0x00000007025b2b08,0x0000000708380000)
 PSPermGen       total 36736K, used 18082K [0x00000006fb400000, 0x00000006fd7e0000, 0x0000000700600000)
  object space 36736K, 49% used [0x00000006fb400000,0x00000006fc5a8b30,0x00000006fd7e0000)
}
Event: 9.713 GC heap before
{Heap before GC invocations=10 (full 1):
 PSYoungGen      total 468160K, used 465748K [0x00000007aacb0000, 0x00000007ce1f0000, 0x0000000800000000)
  eden space 443200K, 99% used [0x00000007aacb0000,0x00000007c5b2dad0,0x00000007c5d80000)
  from space 24960K, 99% used [0x00000007cc990000,0x00000007ce1e7660,0x00000007ce1f0000)
  to   space 30080K, 0% used [0x00000007ca730000,0x00000007ca730000,0x00000007cc490000)
 ParOldGen       total 128512K, used 32458K [0x0000000700600000, 0x0000000708380000, 0x00000007aacb0000)
  object space 128512K, 25% used [0x0000000700600000,0x00000007025b2b08,0x0000000708380000)
 PSPermGen       total 36736K, used 18124K [0x00000006fb400000, 0x00000006fd7e0000, 0x0000000700600000)
  object space 36736K, 49% used [0x00000006fb400000,0x00000006fc5b30c8,0x00000006fd7e0000)
Event: 9.724 GC heap after
Heap after GC invocations=10 (full 1):
 PSYoungGen      total 548736K, used 29659K [0x00000007aacb0000, 0x00000007d43f0000, 0x0000000800000000)
  eden space 518656K, 0% used [0x00000007aacb0000,0x00000007aacb0000,0x00000007ca730000)
  from space 30080K, 98% used [0x00000007ca730000,0x00000007cc426e68,0x00000007cc490000)
  to   space 31872K, 0% used [0x00000007d24d0000,0x00000007d24d0000,0x00000007d43f0000)
 ParOldGen       total 128512K, used 68135K [0x0000000700600000, 0x0000000708380000, 0x00000007aacb0000)
  object space 128512K, 53% used [0x0000000700600000,0x0000000704889cf0,0x0000000708380000)
 PSPermGen       total 36736K, used 18124K [0x00000006fb400000, 0x00000006fd7e0000, 0x0000000700600000)
  object space 36736K, 49% used [0x00000006fb400000,0x00000006fc5b30c8,0x00000006fd7e0000)
}
Event: 11.410 GC heap before
{Heap before GC invocations=11 (full 1):
 PSYoungGen      total 548736K, used 548315K [0x00000007aacb0000, 0x00000007d43f0000, 0x0000000800000000)
  eden space 518656K, 100% used [0x00000007aacb0000,0x00000007ca730000,0x00000007ca730000)
  from space 30080K, 98% used [0x00000007ca730000,0x00000007cc426e68,0x00000007cc490000)
  to   space 31872K, 0% used [0x00000007d24d0000,0x00000007d24d0000,0x00000007d43f0000)
 ParOldGen       total 128512K, used 74210K [0x0000000700600000, 0x0000000708380000, 0x00000007aacb0000)
  object space 128512K, 57% used [0x0000000700600000,0x0000000704e78900,0x0000000708380000)
 PSPermGen       total 36736K, used 18136K [0x00000006fb400000, 0x00000006fd7e0000, 0x0000000700600000)
  object space 36736K, 49% used [0x00000006fb400000,0x00000006fc5b63c0,0x00000006fd7e0000)
Event: 11.418 GC heap after
Heap after GC invocations=11 (full 1):
 PSYoungGen      total 646016K, used 29398K [0x00000007aacb0000, 0x00000007d9fa0000, 0x0000000800000000)
  eden space 614144K, 0% used [0x00000007aacb0000,0x00000007aacb0000,0x00000007d0470000)
  from space 31872K, 92% used [0x00000007d24d0000,0x00000007d4185bd0,0x00000007d43f0000)
  to   space 33152K, 0% used [0x00000007d0470000,0x00000007d0470000,0x00000007d24d0000)
 ParOldGen       total 128512K, used 74258K [0x0000000700600000, 0x0000000708380000, 0x00000007aacb0000)
  object space 128512K, 57% used [0x0000000700600000,0x0000000704e84900,0x0000000708380000)
 PSPermGen       total 36736K, used 18136K [0x00000006fb400000, 0x00000006fd7e0000, 0x0000000700600000)
  object space 36736K, 49% used [0x00000006fb400000,0x00000006fc5b63c0,0x00000006fd7e0000)
}
Event: 13.644 GC heap before
{Heap before GC invocations=12 (full 2):
 PSYoungGen      total 646016K, used 643542K [0x00000007aacb0000, 0x00000007d9fa0000, 0x0000000800000000)
  eden space 614144K, 100% used [0x00000007aacb0000,0x00000007d0470000,0x00000007d0470000)
  from space 31872K, 92% used [0x00000007d24d0000,0x00000007d4185bd0,0x00000007d43f0000)
  to   space 33152K, 0% used [0x00000007d0470000,0x00000007d0470000,0x00000007d24d0000)
 ParOldGen       total 146944K, used 145789K [0x0000000700600000, 0x0000000709580000, 0x00000007aacb0000)
  object space 146944K, 99% used [0x0000000700600000,0x000000070945f798,0x0000000709580000)
 PSPermGen       total 36736K, used 18161K [0x00000006fb400000, 0x00000006fd7e0000, 0x0000000700600000)
  object space 36736K, 49% used [0x00000006fb400000,0x00000006fc5bc648,0x00000006fd7e0000)
Event: 13.677 GC heap after
Heap after GC invocations=12 (full 2):
 PSYoungGen      total 646016K, used 0K [0x00000007aacb0000, 0x00000007d9fa0000, 0x0000000800000000)
  eden space 614144K, 0% used [0x00000007aacb0000,0x00000007aacb0000,0x00000007d0470000)
  from space 31872K, 0% used [0x00000007d24d0000,0x00000007d24d0000,0x00000007d43f0000)
  to   space 33152K, 0% used [0x00000007d0470000,0x00000007d0470000,0x00000007d24d0000)
 ParOldGen       total 199424K, used 58919K [0x0000000700600000, 0x000000070c8c0000, 0x00000007aacb0000)
  object space 199424K, 29% used [0x0000000700600000,0x0000000703f89c88,0x000000070c8c0000)
 PSPermGen       total 41024K, used 18161K [0x00000006fb400000, 0x00000006fdc10000, 0x0000000700600000)
  object space 41024K, 44% used [0x00000006fb400000,0x00000006fc5bc5a8,0x00000006fdc10000)
}
Event: 15.694 GC heap before
{Heap before GC invocations=13 (full 2):
 PSYoungGen      total 646016K, used 614144K [0x00000007aacb0000, 0x00000007d9fa0000, 0x0000000800000000)
  eden space 614144K, 100% used [0x00000007aacb0000,0x00000007d0470000,0x00000007d0470000)
  from space 31872K, 0% used [0x00000007d24d0000,0x00000007d24d0000,0x00000007d43f0000)
  to   space 33152K, 0% used [0x00000007d0470000,0x00000007d0470000,0x00000007d24d0000)
 ParOldGen       total 199424K, used 83352K [0x0000000700600000, 0x000000070c8c0000, 0x00000007aacb0000)
  object space 199424K, 41% used [0x0000000700600000,0x0000000705766348,0x000000070c8c0000)
 PSPermGen       total 41024K, used 18183K [0x00000006fb400000, 0x00000006fdc10000, 0x0000000700600000)
  object space 41024K, 44% used [0x00000006fb400000,0x00000006fc5c1f68,0x00000006fdc10000)
Event: 15.701 GC heap after
Heap after GC invocations=13 (full 2):
 PSYoungGen      total 647296K, used 28796K [0x00000007aacb0000, 0x00000007e1dc0000, 0x0000000800000000)
  eden space 614144K, 0% used [0x00000007aacb0000,0x00000007aacb0000,0x00000007d0470000)
  from space 33152K, 86% used [0x00000007d0470000,0x00000007d208f2a0,0x00000007d24d0000)
  to   space 33856K, 0% used [0x00000007dfcb0000,0x00000007dfcb0000,0x00000007e1dc0000)
 ParOldGen       total 199424K, used 83352K [0x0000000700600000, 0x000000070c8c0000, 0x00000007aacb0000)
  object space 199424K, 41% used [0x0000000700600000,0x0000000705766348,0x000000070c8c0000)
 PSPermGen       total 41024K, used 18183K [0x00000006fb400000, 0x00000006fdc10000, 0x0000000700600000)
  object space 41024K, 44% used [0x00000006fb400000,0x00000006fc5c1f68,0x00000006fdc10000)
}

