# JRE version: 7.0_07-b11
# Java VM: Java HotSpot(TM) 64-Bit Server VM (23.3-b01 mixed mode windows-amd64 compressed oops)
Heap
 PSYoungGen      total 806144K, used 88521K [0x00000007aacb0000, 0x00000007e0770000, 0x0000000800000000)
  eden space 740224K, 7% used [0x00000007aacb0000,0x00000007ae0fda18,0x00000007d7f90000)
  from space 65920K, 53% used [0x00000007dc710000,0x00000007de934d40,0x00000007e0770000)
  to   space 69568K, 0% used [0x00000007d7f90000,0x00000007d7f90000,0x00000007dc380000)
 ParOldGen       total 518528K, used 239280K [0x0000000700600000, 0x0000000720060000, 0x00000007aacb0000)
  object space 518528K, 46% used [0x0000000700600000,0x000000070efac250,0x0000000720060000)
 PSPermGen       total 32640K, used 18141K [0x00000006fb400000, 0x00000006fd3e0000, 0x0000000700600000)
  object space 32640K, 55% used [0x00000006fb400000,0x00000006fc5b7710,0x00000006fd3e0000)
GC Heap History (10 events):
Event: 40.385 GC heap before
{Heap before GC invocations=49 (full 7):
 PSYoungGen      total 704896K, used 634667K [0x00000007aacb0000, 0x00000007dc0e0000, 0x0000000800000000)
  eden space 635776K, 99% used [0x00000007aacb0000,0x00000007d1842c18,0x00000007d1990000)
  from space 69120K, 0% used [0x00000007d1990000,0x00000007d19c8000,0x00000007d5d10000)
  to   space 71360K, 0% used [0x00000007d7b30000,0x00000007d7b30000,0x00000007dc0e0000)
 ParOldGen       total 518528K, used 239280K [0x0000000700600000, 0x0000000720060000, 0x00000007aacb0000)
  object space 518528K, 46% used [0x0000000700600000,0x000000070efac250,0x0000000720060000)
 PSPermGen       total 32640K, used 18132K [0x00000006fb400000, 0x00000006fd3e0000, 0x0000000700600000)
  object space 32640K, 55% used [0x00000006fb400000,0x00000006fc5b5078,0x00000006fd3e0000)
Event: 40.395 GC heap after
Heap after GC invocations=49 (full 7):
 PSYoungGen      total 738176K, used 35118K [0x00000007aacb0000, 0x00000007dc110000, 0x0000000800000000)
  eden space 666816K, 0% used [0x00000007aacb0000,0x00000007aacb0000,0x00000007d37e0000)
  from space 71360K, 49% used [0x00000007d7b30000,0x00000007d9d7bbb0,0x00000007dc0e0000)
  to   space 68928K, 0% used [0x00000007d37e0000,0x00000007d37e0000,0x00000007d7b30000)
 ParOldGen       total 518528K, used 239280K [0x0000000700600000, 0x0000000720060000, 0x00000007aacb0000)
  object space 518528K, 46% used [0x0000000700600000,0x000000070efac250,0x0000000720060000)
 PSPermGen       total 32640K, used 18132K [0x00000006fb400000, 0x00000006fd3e0000, 0x0000000700600000)
  object space 32640K, 55% used [0x00000006fb400000,0x00000006fc5b5078,0x00000006fd3e0000)
}
Event: 41.820 GC heap before
{Heap before GC invocations=50 (full 7):
 PSYoungGen      total 738176K, used 700987K [0x00000007aacb0000, 0x00000007dc110000, 0x0000000800000000)
  eden space 666816K, 99% used [0x00000007aacb0000,0x00000007d36f3350,0x00000007d37e0000)
  from space 71360K, 49% used [0x00000007d7b30000,0x00000007d9d7bbb0,0x00000007dc0e0000)
  to   space 68928K, 0% used [0x00000007d37e0000,0x00000007d37e0000,0x00000007d7b30000)
 ParOldGen       total 518528K, used 239280K [0x0000000700600000, 0x0000000720060000, 0x00000007aacb0000)
  object space 518528K, 46% used [0x0000000700600000,0x000000070efac250,0x0000000720060000)
 PSPermGen       total 32640K, used 18132K [0x00000006fb400000, 0x00000006fd3e0000, 0x0000000700600000)
  object space 32640K, 55% used [0x00000006fb400000,0x00000006fc5b5098,0x00000006fd3e0000)
Event: 41.826 GC heap after
Heap after GC invocations=50 (full 7):
 PSYoungGen      total 735744K, used 49147K [0x00000007aacb0000, 0x00000007de520000, 0x0000000800000000)
  eden space 666816K, 0% used [0x00000007aacb0000,0x00000007aacb0000,0x00000007d37e0000)
  from space 68928K, 71% used [0x00000007d37e0000,0x00000007d67dee38,0x00000007d7b30000)
  to   space 71808K, 0% used [0x00000007d9f00000,0x00000007d9f00000,0x00000007de520000)
 ParOldGen       total 518528K, used 239280K [0x0000000700600000, 0x0000000720060000, 0x00000007aacb0000)
  object space 518528K, 46% used [0x0000000700600000,0x000000070efac250,0x0000000720060000)
 PSPermGen       total 32640K, used 18132K [0x00000006fb400000, 0x00000006fd3e0000, 0x0000000700600000)
  object space 32640K, 55% used [0x00000006fb400000,0x00000006fc5b5098,0x00000006fd3e0000)
}
Event: 43.262 GC heap before
{Heap before GC invocations=51 (full 7):
 PSYoungGen      total 735744K, used 715241K [0x00000007aacb0000, 0x00000007de520000, 0x0000000800000000)
  eden space 666816K, 99% used [0x00000007aacb0000,0x00000007d372b8d0,0x00000007d37e0000)
  from space 68928K, 71% used [0x00000007d37e0000,0x00000007d67dee38,0x00000007d7b30000)
  to   space 71808K, 0% used [0x00000007d9f00000,0x00000007d9f00000,0x00000007de520000)
 ParOldGen       total 518528K, used 239280K [0x0000000700600000, 0x0000000720060000, 0x00000007aacb0000)
  object space 518528K, 46% used [0x0000000700600000,0x000000070efac250,0x0000000720060000)
 PSPermGen       total 32640K, used 18134K [0x00000006fb400000, 0x00000006fd3e0000, 0x0000000700600000)
  object space 32640K, 55% used [0x00000006fb400000,0x00000006fc5b5868,0x00000006fd3e0000)
Event: 43.272 GC heap after
Heap after GC invocations=51 (full 7):
 PSYoungGen      total 772032K, used 37194K [0x00000007aacb0000, 0x00000007de2b0000, 0x0000000800000000)
  eden space 702720K, 0% used [0x00000007aacb0000,0x00000007aacb0000,0x00000007d5af0000)
  from space 69312K, 53% used [0x00000007d9f00000,0x00000007dc352950,0x00000007de2b0000)
  to   space 69504K, 0% used [0x00000007d5af0000,0x00000007d5af0000,0x00000007d9ed0000)
 ParOldGen       total 518528K, used 239280K [0x0000000700600000, 0x0000000720060000, 0x00000007aacb0000)
  object space 518528K, 46% used [0x0000000700600000,0x000000070efac250,0x0000000720060000)
 PSPermGen       total 32640K, used 18134K [0x00000006fb400000, 0x00000006fd3e0000, 0x0000000700600000)
  object space 32640K, 55% used [0x00000006fb400000,0x00000006fc5b5868,0x00000006fd3e0000)
}
Event: 44.746 GC heap before
{Heap before GC invocations=52 (full 7):
 PSYoungGen      total 772032K, used 736994K [0x00000007aacb0000, 0x00000007de2b0000, 0x0000000800000000)
  eden space 702720K, 99% used [0x00000007aacb0000,0x00000007d5815ec8,0x00000007d5af0000)
  from space 69312K, 53% used [0x00000007d9f00000,0x00000007dc352950,0x00000007de2b0000)
  to   space 69504K, 0% used [0x00000007d5af0000,0x00000007d5af0000,0x00000007d9ed0000)
 ParOldGen       total 518528K, used 239280K [0x0000000700600000, 0x0000000720060000, 0x00000007aacb0000)
  object space 518528K, 46% used [0x0000000700600000,0x000000070efac250,0x0000000720060000)
 PSPermGen       total 32640K, used 18134K [0x00000006fb400000, 0x00000006fd3e0000, 0x0000000700600000)
  object space 32640K, 55% used [0x00000006fb400000,0x00000006fc5b5ab8,0x00000006fd3e0000)
Event: 44.753 GC heap after
Heap after GC invocations=52 (full 7):
 PSYoungGen      total 772224K, used 53362K [0x00000007aacb0000, 0x00000007e0ea0000, 0x0000000800000000)
  eden space 702720K, 0% used [0x00000007aacb0000,0x00000007aacb0000,0x00000007d5af0000)
  from space 69504K, 76% used [0x00000007d5af0000,0x00000007d8f0c970,0x00000007d9ed0000)
  to   space 73280K, 0% used [0x00000007dc710000,0x00000007dc710000,0x00000007e0ea0000)
 ParOldGen       total 518528K, used 239280K [0x0000000700600000, 0x0000000720060000, 0x00000007aacb0000)
  object space 518528K, 46% used [0x0000000700600000,0x000000070efac250,0x0000000720060000)
 PSPermGen       total 32640K, used 18134K [0x00000006fb400000, 0x00000006fd3e0000, 0x0000000700600000)
  object space 32640K, 55% used [0x00000006fb400000,0x00000006fc5b5ab8,0x00000006fd3e0000)
}
Event: 46.405 GC heap before
{Heap before GC invocations=53 (full 7):
 PSYoungGen      total 772224K, used 754917K [0x00000007aacb0000, 0x00000007e0ea0000, 0x0000000800000000)
  eden space 702720K, 99% used [0x00000007aacb0000,0x00000007d59ccdb8,0x00000007d5af0000)
  from space 69504K, 76% used [0x00000007d5af0000,0x00000007d8f0c970,0x00000007d9ed0000)
  to   space 73280K, 0% used [0x00000007dc710000,0x00000007dc710000,0x00000007e0ea0000)
 ParOldGen       total 518528K, used 239280K [0x0000000700600000, 0x0000000720060000, 0x00000007aacb0000)
  object space 518528K, 46% used [0x0000000700600000,0x000000070efac250,0x0000000720060000)
 PSPermGen       total 32640K, used 18141K [0x00000006fb400000, 0x00000006fd3e0000, 0x0000000700600000)
  object space 32640K, 55% used [0x00000006fb400000,0x00000006fc5b7710,0x00000006fd3e0000)
Event: 46.413 GC heap after
Heap after GC invocations=53 (full 7):
 PSYoungGen      total 806144K, used 34963K [0x00000007aacb0000, 0x00000007e0770000, 0x0000000800000000)
  eden space 740224K, 0% used [0x00000007aacb0000,0x00000007aacb0000,0x00000007d7f90000)
  from space 65920K, 53% used [0x00000007dc710000,0x00000007de934d40,0x00000007e0770000)
  to   space 69568K, 0% used [0x00000007d7f90000,0x00000007d7f90000,0x00000007dc380000)
 ParOldGen       total 518528K, used 239280K [0x0000000700600000, 0x0000000720060000, 0x00000007aacb0000)
  object space 518528K, 46% used [0x0000000700600000,0x000000070efac250,0x0000000720060000)
 PSPermGen       total 32640K, used 18141K [0x00000006fb400000, 0x00000006fd3e0000, 0x0000000700600000)
  object space 32640K, 55% used [0x00000006fb400000,0x00000006fc5b7710,0x00000006fd3e0000)
}

