# JRE version: 7.0_07-b11
# Java VM: Java HotSpot(TM) 64-Bit Server VM (23.3-b01 mixed mode windows-amd64 compressed oops)
Heap
 PSYoungGen      total 1187712K, used 53461K [0x00000007aacb0000, 0x00000007fabe0000, 0x0000000800000000)
  eden space 1154688K, 1% used [0x00000007aacb0000,0x00000007ac0b37f8,0x00000007f1450000)
  from space 33024K, 99% used [0x00000007f8ba0000,0x00000007fabd1d88,0x00000007fabe0000)
  to   space 64320K, 0% used [0x00000007f2e40000,0x00000007f2e40000,0x00000007f6d10000)
 ParOldGen       total 249728K, used 65297K [0x0000000700600000, 0x000000070f9e0000, 0x00000007aacb0000)
  object space 249728K, 26% used [0x0000000700600000,0x00000007045c4430,0x000000070f9e0000)
 PSPermGen       total 38336K, used 18464K [0x00000006fb400000, 0x00000006fd970000, 0x0000000700600000)
  object space 38336K, 48% used [0x00000006fb400000,0x00000006fc608098,0x00000006fd970000)
GC Heap History (10 events):
Event: 37.615 GC heap before
{Heap before GC invocations=18 (full 3):
 PSYoungGen      total 1335872K, used 1284261K [0x00000007aacb0000, 0x0000000800000000, 0x0000000800000000)
  eden space 1285184K, 99% used [0x00000007aacb0000,0x00000007f92d95f0,0x00000007f93c0000)
  from space 50688K, 0% used [0x00000007fce80000,0x00000007fce80000,0x0000000800000000)
  to   space 55424K, 0% used [0x00000007f93c0000,0x00000007f93c0000,0x00000007fc9e0000)
 ParOldGen       total 255680K, used 73545K [0x0000000700600000, 0x000000070ffb0000, 0x00000007aacb0000)
  object space 255680K, 28% used [0x0000000700600000,0x0000000704dd26c0,0x000000070ffb0000)
 PSPermGen       total 39552K, used 18291K [0x00000006fb400000, 0x00000006fdaa0000, 0x0000000700600000)
  object space 39552K, 46% used [0x00000006fb400000,0x00000006fc5dcda0,0x00000006fdaa0000)
Event: 37.637 GC heap after
Heap after GC invocations=18 (full 3):
 PSYoungGen      total 1340032K, used 54806K [0x00000007aacb0000, 0x0000000800000000, 0x0000000800000000)
  eden space 1285184K, 0% used [0x00000007aacb0000,0x00000007aacb0000,0x00000007f93c0000)
  from space 54848K, 99% used [0x00000007f93c0000,0x00000007fc9458b0,0x00000007fc950000)
  to   space 56000K, 0% used [0x00000007fc950000,0x00000007fc950000,0x0000000800000000)
 ParOldGen       total 255680K, used 104519K [0x0000000700600000, 0x000000070ffb0000, 0x00000007aacb0000)
  object space 255680K, 40% used [0x0000000700600000,0x0000000706c11df0,0x000000070ffb0000)
 PSPermGen       total 39552K, used 18291K [0x00000006fb400000, 0x00000006fdaa0000, 0x0000000700600000)
  object space 39552K, 46% used [0x00000006fb400000,0x00000006fc5dcda0,0x00000006fdaa0000)
}
Event: 40.840 GC heap before
{Heap before GC invocations=19 (full 3):
 PSYoungGen      total 1340032K, used 1339040K [0x00000007aacb0000, 0x0000000800000000, 0x0000000800000000)
  eden space 1285184K, 99% used [0x00000007aacb0000,0x00000007f92d2968,0x00000007f93c0000)
  from space 54848K, 99% used [0x00000007f93c0000,0x00000007fc9458b0,0x00000007fc950000)
  to   space 56000K, 0% used [0x00000007fc950000,0x00000007fc950000,0x0000000800000000)
 ParOldGen       total 255680K, used 104519K [0x0000000700600000, 0x000000070ffb0000, 0x00000007aacb0000)
  object space 255680K, 40% used [0x0000000700600000,0x0000000706c11df0,0x000000070ffb0000)
 PSPermGen       total 39552K, used 18314K [0x00000006fb400000, 0x00000006fdaa0000, 0x0000000700600000)
  object space 39552K, 46% used [0x00000006fb400000,0x00000006fc5e29e8,0x00000006fdaa0000)
Event: 40.848 GC heap after
Heap after GC invocations=19 (full 3):
 PSYoungGen      total 1321856K, used 54324K [0x00000007aacb0000, 0x0000000800000000, 0x0000000800000000)
  eden space 1265856K, 0% used [0x00000007aacb0000,0x00000007aacb0000,0x00000007f80e0000)
  from space 56000K, 97% used [0x00000007fc950000,0x00000007ffe5d1e8,0x0000000800000000)
  to   space 65088K, 0% used [0x00000007f80e0000,0x00000007f80e0000,0x00000007fc070000)
 ParOldGen       total 255680K, used 116048K [0x0000000700600000, 0x000000070ffb0000, 0x00000007aacb0000)
  object space 255680K, 45% used [0x0000000700600000,0x00000007077541d0,0x000000070ffb0000)
 PSPermGen       total 39552K, used 18314K [0x00000006fb400000, 0x00000006fdaa0000, 0x0000000700600000)
  object space 39552K, 46% used [0x00000006fb400000,0x00000006fc5e29e8,0x00000006fdaa0000)
}
Event: 43.670 GC heap before
{Heap before GC invocations=20 (full 3):
 PSYoungGen      total 1321856K, used 1319214K [0x00000007aacb0000, 0x0000000800000000, 0x0000000800000000)
  eden space 1265856K, 99% used [0x00000007aacb0000,0x00000007f7fee7a0,0x00000007f80e0000)
  from space 56000K, 97% used [0x00000007fc950000,0x00000007ffe5d1e8,0x0000000800000000)
  to   space 65088K, 0% used [0x00000007f80e0000,0x00000007f80e0000,0x00000007fc070000)
 ParOldGen       total 255680K, used 118073K [0x0000000700600000, 0x000000070ffb0000, 0x00000007aacb0000)
  object space 255680K, 46% used [0x0000000700600000,0x000000070794e5e0,0x000000070ffb0000)
 PSPermGen       total 39552K, used 18331K [0x00000006fb400000, 0x00000006fdaa0000, 0x0000000700600000)
  object space 39552K, 46% used [0x00000006fb400000,0x00000006fc5e6c40,0x00000006fdaa0000)
Event: 43.679 GC heap after
Heap after GC invocations=20 (full 3):
 PSYoungGen      total 1219904K, used 10996K [0x00000007aacb0000, 0x00000007fcc20000, 0x0000000800000000)
  eden space 1208896K, 0% used [0x00000007aacb0000,0x00000007aacb0000,0x00000007f4940000)
  from space 11008K, 99% used [0x00000007f80e0000,0x00000007f8b9d078,0x00000007f8ba0000)
  to   space 66048K, 0% used [0x00000007f8ba0000,0x00000007f8ba0000,0x00000007fcc20000)
 ParOldGen       total 255680K, used 146366K [0x0000000700600000, 0x000000070ffb0000, 0x00000007aacb0000)
  object space 255680K, 57% used [0x0000000700600000,0x00000007094efb80,0x000000070ffb0000)
 PSPermGen       total 39552K, used 18331K [0x00000006fb400000, 0x00000006fdaa0000, 0x0000000700600000)
  object space 39552K, 46% used [0x00000006fb400000,0x00000006fc5e6c40,0x00000006fdaa0000)
}
Event: 50.963 GC heap before
{Heap before GC invocations=21 (full 4):
 PSYoungGen      total 1219904K, used 1219613K [0x00000007aacb0000, 0x00000007fcc20000, 0x0000000800000000)
  eden space 1208896K, 99% used [0x00000007aacb0000,0x00000007f48fa470,0x00000007f4940000)
  from space 11008K, 99% used [0x00000007f80e0000,0x00000007f8b9d078,0x00000007f8ba0000)
  to   space 66048K, 0% used [0x00000007f8ba0000,0x00000007f8ba0000,0x00000007fcc20000)
 ParOldGen       total 449024K, used 446700K [0x0000000700600000, 0x000000071bc80000, 0x00000007aacb0000)
  object space 449024K, 99% used [0x0000000700600000,0x000000071ba3b2b0,0x000000071bc80000)
 PSPermGen       total 39552K, used 18437K [0x00000006fb400000, 0x00000006fdaa0000, 0x0000000700600000)
  object space 39552K, 46% used [0x00000006fb400000,0x00000006fc6015e0,0x00000006fdaa0000)
Event: 51.018 GC heap after
Heap after GC invocations=21 (full 4):
 PSYoungGen      total 1219904K, used 0K [0x00000007aacb0000, 0x00000007fcc20000, 0x0000000800000000)
  eden space 1208896K, 0% used [0x00000007aacb0000,0x00000007aacb0000,0x00000007f4940000)
  from space 11008K, 0% used [0x00000007f80e0000,0x00000007f80e0000,0x00000007f8ba0000)
  to   space 66048K, 0% used [0x00000007f8ba0000,0x00000007f8ba0000,0x00000007fcc20000)
 ParOldGen       total 249728K, used 65297K [0x0000000700600000, 0x000000070f9e0000, 0x00000007aacb0000)
  object space 249728K, 26% used [0x0000000700600000,0x00000007045c4430,0x000000070f9e0000)
 PSPermGen       total 38336K, used 18437K [0x00000006fb400000, 0x00000006fd970000, 0x0000000700600000)
  object space 38336K, 48% used [0x00000006fb400000,0x00000006fc601420,0x00000006fd970000)
}
Event: 54.360 GC heap before
{Heap before GC invocations=22 (full 4):
 PSYoungGen      total 1219904K, used 1207119K [0x00000007aacb0000, 0x00000007fcc20000, 0x0000000800000000)
  eden space 1208896K, 99% used [0x00000007aacb0000,0x00000007f4783e50,0x00000007f4940000)
  from space 11008K, 0% used [0x00000007f80e0000,0x00000007f80e0000,0x00000007f8ba0000)
  to   space 66048K, 0% used [0x00000007f8ba0000,0x00000007f8ba0000,0x00000007fcc20000)
 ParOldGen       total 249728K, used 65297K [0x0000000700600000, 0x000000070f9e0000, 0x00000007aacb0000)
  object space 249728K, 26% used [0x0000000700600000,0x00000007045c4430,0x000000070f9e0000)
 PSPermGen       total 38336K, used 18453K [0x00000006fb400000, 0x00000006fd970000, 0x0000000700600000)
  object space 38336K, 48% used [0x00000006fb400000,0x00000006fc6055e0,0x00000006fd970000)
Event: 54.367 GC heap after
Heap after GC invocations=22 (full 4):
 PSYoungGen      total 1187712K, used 32967K [0x00000007aacb0000, 0x00000007fabe0000, 0x0000000800000000)
  eden space 1154688K, 0% used [0x00000007aacb0000,0x00000007aacb0000,0x00000007f1450000)
  from space 33024K, 99% used [0x00000007f8ba0000,0x00000007fabd1d88,0x00000007fabe0000)
  to   space 64320K, 0% used [0x00000007f2e40000,0x00000007f2e40000,0x00000007f6d10000)
 ParOldGen       total 249728K, used 65297K [0x0000000700600000, 0x000000070f9e0000, 0x00000007aacb0000)
  object space 249728K, 26% used [0x0000000700600000,0x00000007045c4430,0x000000070f9e0000)
 PSPermGen       total 38336K, used 18453K [0x00000006fb400000, 0x00000006fd970000, 0x0000000700600000)
  object space 38336K, 48% used [0x00000006fb400000,0x00000006fc6055e0,0x00000006fd970000)
}

