# JRE version: 7.0_07-b11
# Java VM: Java HotSpot(TM) 64-Bit Server VM (23.3-b01 mixed mode windows-amd64 compressed oops)
Heap
 PSYoungGen      total 305408K, used 167664K [0x00000007aacb0000, 0x00000007c2b40000, 0x0000000800000000)
  eden space 288704K, 52% used [0x00000007aacb0000,0x00000007b4021b60,0x00000007bc6a0000)
  from space 16704K, 99% used [0x00000007bd0c0000,0x00000007be10a5f8,0x00000007be110000)
  to   space 51520K, 0% used [0x00000007bf8f0000,0x00000007bf8f0000,0x00000007c2b40000)
 ParOldGen       total 201984K, used 86193K [0x0000000700600000, 0x000000070cb40000, 0x00000007aacb0000)
  object space 201984K, 42% used [0x0000000700600000,0x0000000705a2c500,0x000000070cb40000)
 PSPermGen       total 24000K, used 18649K [0x00000006fb400000, 0x00000006fcb70000, 0x0000000700600000)
  object space 24000K, 77% used [0x00000006fb400000,0x00000006fc6367e8,0x00000006fcb70000)
GC Heap History (10 events):
Event: 180.460 GC heap before
{Heap before GC invocations=197 (full 14):
 PSYoungGen      total 375296K, used 331648K [0x00000007aacb0000, 0x00000007c5f90000, 0x0000000800000000)
  eden space 331648K, 100% used [0x00000007aacb0000,0x00000007bf090000,0x00000007bf090000)
  from space 43648K, 0% used [0x00000007c34f0000,0x00000007c34f0000,0x00000007c5f90000)
  to   space 56832K, 0% used [0x00000007bf090000,0x00000007bf090000,0x00000007c2810000)
 ParOldGen       total 201984K, used 67888K [0x0000000700600000, 0x000000070cb40000, 0x00000007aacb0000)
  object space 201984K, 33% used [0x0000000700600000,0x000000070484c0d0,0x000000070cb40000)
 PSPermGen       total 24000K, used 18626K [0x00000006fb400000, 0x00000006fcb70000, 0x0000000700600000)
  object space 24000K, 77% used [0x00000006fb400000,0x00000006fc630860,0x00000006fcb70000)
Event: 180.464 GC heap after
Heap after GC invocations=197 (full 14):
 PSYoungGen      total 338176K, used 18417K [0x00000007aacb0000, 0x00000007c4f50000, 0x0000000800000000)
  eden space 319744K, 0% used [0x00000007aacb0000,0x00000007aacb0000,0x00000007be4f0000)
  from space 18432K, 99% used [0x00000007bf090000,0x00000007c028c430,0x00000007c0290000)
  to   space 54464K, 0% used [0x00000007c1a20000,0x00000007c1a20000,0x00000007c4f50000)
 ParOldGen       total 201984K, used 67888K [0x0000000700600000, 0x000000070cb40000, 0x00000007aacb0000)
  object space 201984K, 33% used [0x0000000700600000,0x000000070484c0d0,0x000000070cb40000)
 PSPermGen       total 24000K, used 18626K [0x00000006fb400000, 0x00000006fcb70000, 0x0000000700600000)
  object space 24000K, 77% used [0x00000006fb400000,0x00000006fc630860,0x00000006fcb70000)
}
Event: 181.084 GC heap before
{Heap before GC invocations=198 (full 14):
 PSYoungGen      total 338176K, used 337943K [0x00000007aacb0000, 0x00000007c4f50000, 0x0000000800000000)
  eden space 319744K, 99% used [0x00000007aacb0000,0x00000007be4b9b68,0x00000007be4f0000)
  from space 18432K, 99% used [0x00000007bf090000,0x00000007c028c430,0x00000007c0290000)
  to   space 54464K, 0% used [0x00000007c1a20000,0x00000007c1a20000,0x00000007c4f50000)
 ParOldGen       total 201984K, used 67888K [0x0000000700600000, 0x000000070cb40000, 0x00000007aacb0000)
  object space 201984K, 33% used [0x0000000700600000,0x000000070484c0d0,0x000000070cb40000)
 PSPermGen       total 24000K, used 18626K [0x00000006fb400000, 0x00000006fcb70000, 0x0000000700600000)
  object space 24000K, 77% used [0x00000006fb400000,0x00000006fc630860,0x00000006fcb70000)
Event: 181.092 GC heap after
Heap after GC invocations=198 (full 14):
 PSYoungGen      total 346944K, used 25513K [0x00000007aacb0000, 0x00000007c3fc0000, 0x0000000800000000)
  eden space 308416K, 0% used [0x00000007aacb0000,0x00000007aacb0000,0x00000007bd9e0000)
  from space 38528K, 66% used [0x00000007c1a20000,0x00000007c330a480,0x00000007c3fc0000)
  to   space 52160K, 0% used [0x00000007bd9e0000,0x00000007bd9e0000,0x00000007c0cd0000)
 ParOldGen       total 201984K, used 86161K [0x0000000700600000, 0x000000070cb40000, 0x00000007aacb0000)
  object space 201984K, 42% used [0x0000000700600000,0x0000000705a24500,0x000000070cb40000)
 PSPermGen       total 24000K, used 18626K [0x00000006fb400000, 0x00000006fcb70000, 0x0000000700600000)
  object space 24000K, 77% used [0x00000006fb400000,0x00000006fc630860,0x00000006fcb70000)
}
Event: 181.685 GC heap before
{Heap before GC invocations=199 (full 14):
 PSYoungGen      total 346944K, used 330639K [0x00000007aacb0000, 0x00000007c3fc0000, 0x0000000800000000)
  eden space 308416K, 98% used [0x00000007aacb0000,0x00000007bd6a9ad8,0x00000007bd9e0000)
  from space 38528K, 66% used [0x00000007c1a20000,0x00000007c330a480,0x00000007c3fc0000)
  to   space 52160K, 0% used [0x00000007bd9e0000,0x00000007bd9e0000,0x00000007c0cd0000)
 ParOldGen       total 201984K, used 86161K [0x0000000700600000, 0x000000070cb40000, 0x00000007aacb0000)
  object space 201984K, 42% used [0x0000000700600000,0x0000000705a24500,0x000000070cb40000)
 PSPermGen       total 24000K, used 18626K [0x00000006fb400000, 0x00000006fcb70000, 0x0000000700600000)
  object space 24000K, 77% used [0x00000006fb400000,0x00000006fc630860,0x00000006fcb70000)
Event: 181.690 GC heap after
Heap after GC invocations=199 (full 14):
 PSYoungGen      total 334592K, used 36963K [0x00000007aacb0000, 0x00000007c3950000, 0x0000000800000000)
  eden space 297600K, 0% used [0x00000007aacb0000,0x00000007aacb0000,0x00000007bcf50000)
  from space 36992K, 99% used [0x00000007bd9e0000,0x00000007bfdf8e38,0x00000007bfe00000)
  to   space 54272K, 0% used [0x00000007c0450000,0x00000007c0450000,0x00000007c3950000)
 ParOldGen       total 201984K, used 86177K [0x0000000700600000, 0x000000070cb40000, 0x00000007aacb0000)
  object space 201984K, 42% used [0x0000000700600000,0x0000000705a28500,0x000000070cb40000)
 PSPermGen       total 24000K, used 18626K [0x00000006fb400000, 0x00000006fcb70000, 0x0000000700600000)
  object space 24000K, 77% used [0x00000006fb400000,0x00000006fc630860,0x00000006fcb70000)
}
Event: 182.283 GC heap before
{Heap before GC invocations=200 (full 14):
 PSYoungGen      total 334592K, used 333206K [0x00000007aacb0000, 0x00000007c3950000, 0x0000000800000000)
  eden space 297600K, 99% used [0x00000007aacb0000,0x00000007bcdfcd20,0x00000007bcf50000)
  from space 36992K, 99% used [0x00000007bd9e0000,0x00000007bfdf8e38,0x00000007bfe00000)
  to   space 54272K, 0% used [0x00000007c0450000,0x00000007c0450000,0x00000007c3950000)
 ParOldGen       total 201984K, used 86177K [0x0000000700600000, 0x000000070cb40000, 0x00000007aacb0000)
  object space 201984K, 42% used [0x0000000700600000,0x0000000705a28500,0x000000070cb40000)
 PSPermGen       total 24000K, used 18626K [0x00000006fb400000, 0x00000006fcb70000, 0x0000000700600000)
  object space 24000K, 77% used [0x00000006fb400000,0x00000006fc630860,0x00000006fcb70000)
Event: 182.288 GC heap after
Heap after GC invocations=200 (full 14):
 PSYoungGen      total 353344K, used 28831K [0x00000007aacb0000, 0x00000007c5ee0000, 0x0000000800000000)
  eden space 299072K, 0% used [0x00000007aacb0000,0x00000007aacb0000,0x00000007bd0c0000)
  from space 54272K, 53% used [0x00000007c0450000,0x00000007c2077df8,0x00000007c3950000)
  to   space 52800K, 0% used [0x00000007bd0c0000,0x00000007bd0c0000,0x00000007c0450000)
 ParOldGen       total 201984K, used 86185K [0x0000000700600000, 0x000000070cb40000, 0x00000007aacb0000)
  object space 201984K, 42% used [0x0000000700600000,0x0000000705a2a500,0x000000070cb40000)
 PSPermGen       total 24000K, used 18626K [0x00000006fb400000, 0x00000006fcb70000, 0x0000000700600000)
  object space 24000K, 77% used [0x00000006fb400000,0x00000006fc630860,0x00000006fcb70000)
}
Event: 182.866 GC heap before
{Heap before GC invocations=201 (full 14):
 PSYoungGen      total 353344K, used 325830K [0x00000007aacb0000, 0x00000007c5ee0000, 0x0000000800000000)
  eden space 299072K, 99% used [0x00000007aacb0000,0x00000007bceb9c60,0x00000007bd0c0000)
  from space 54272K, 53% used [0x00000007c0450000,0x00000007c2077df8,0x00000007c3950000)
  to   space 52800K, 0% used [0x00000007bd0c0000,0x00000007bd0c0000,0x00000007c0450000)
 ParOldGen       total 201984K, used 86185K [0x0000000700600000, 0x000000070cb40000, 0x00000007aacb0000)
  object space 201984K, 42% used [0x0000000700600000,0x0000000705a2a500,0x000000070cb40000)
 PSPermGen       total 24000K, used 18626K [0x00000006fb400000, 0x00000006fcb70000, 0x0000000700600000)
  object space 24000K, 77% used [0x00000006fb400000,0x00000006fc630860,0x00000006fcb70000)
Event: 182.869 GC heap after
Heap after GC invocations=201 (full 14):
 PSYoungGen      total 305408K, used 16681K [0x00000007aacb0000, 0x00000007c2b40000, 0x0000000800000000)
  eden space 288704K, 0% used [0x00000007aacb0000,0x00000007aacb0000,0x00000007bc6a0000)
  from space 16704K, 99% used [0x00000007bd0c0000,0x00000007be10a5f8,0x00000007be110000)
  to   space 51520K, 0% used [0x00000007bf8f0000,0x00000007bf8f0000,0x00000007c2b40000)
 ParOldGen       total 201984K, used 86193K [0x0000000700600000, 0x000000070cb40000, 0x00000007aacb0000)
  object space 201984K, 42% used [0x0000000700600000,0x0000000705a2c500,0x000000070cb40000)
 PSPermGen       total 24000K, used 18626K [0x00000006fb400000, 0x00000006fcb70000, 0x0000000700600000)
  object space 24000K, 77% used [0x00000006fb400000,0x00000006fc630860,0x00000006fcb70000)
}

