# JRE version: 7.0_07-b11
# Java VM: Java HotSpot(TM) 64-Bit Server VM (23.3-b01 mixed mode windows-amd64 compressed oops)
Heap
 PSYoungGen      total 1324992K, used 1034428K [0x00000007aacb0000, 0x0000000800000000, 0x0000000800000000)
  eden space 1264064K, 77% used [0x00000007aacb0000,0x00000007e68daf10,0x00000007f7f20000)
  from space 60928K, 90% used [0x00000007fc480000,0x00000007ffa84160,0x0000000800000000)
  to   space 65984K, 0% used [0x00000007f7f20000,0x00000007f7f20000,0x00000007fbf90000)
 ParOldGen       total 336064K, used 256152K [0x0000000700600000, 0x0000000714e30000, 0x00000007aacb0000)
  object space 336064K, 76% used [0x0000000700600000,0x00000007100260b8,0x0000000714e30000)
 PSPermGen       total 35904K, used 18389K [0x00000006fb400000, 0x00000006fd710000, 0x0000000700600000)
  object space 35904K, 51% used [0x00000006fb400000,0x00000006fc5f5708,0x00000006fd710000)
GC Heap History (10 events):
Event: 48.813 GC heap before
{Heap before GC invocations=29 (full 5):
 PSYoungGen      total 1327808K, used 1327694K [0x00000007aacb0000, 0x0000000800000000, 0x0000000800000000)
  eden space 1286656K, 99% used [0x00000007aacb0000,0x00000007f951f400,0x00000007f9530000)
  from space 41152K, 99% used [0x00000007f9530000,0x00000007fbd54550,0x00000007fbd60000)
  to   space 56192K, 0% used [0x00000007fc920000,0x00000007fc920000,0x0000000800000000)
 ParOldGen       total 336064K, used 28716K [0x0000000700600000, 0x0000000714e30000, 0x00000007aacb0000)
  object space 336064K, 8% used [0x0000000700600000,0x000000070220b148,0x0000000714e30000)
 PSPermGen       total 35904K, used 18334K [0x00000006fb400000, 0x00000006fd710000, 0x0000000700600000)
  object space 35904K, 51% used [0x00000006fb400000,0x00000006fc5e7a40,0x00000006fd710000)
Event: 48.818 GC heap after
Heap after GC invocations=29 (full 5):
 PSYoungGen      total 1338944K, used 39176K [0x00000007aacb0000, 0x0000000800000000, 0x0000000800000000)
  eden space 1282752K, 0% used [0x00000007aacb0000,0x00000007aacb0000,0x00000007f9160000)
  from space 56192K, 69% used [0x00000007fc920000,0x00000007fef62140,0x0000000800000000)
  to   space 56640K, 0% used [0x00000007f9160000,0x00000007f9160000,0x00000007fc8b0000)
 ParOldGen       total 336064K, used 28716K [0x0000000700600000, 0x0000000714e30000, 0x00000007aacb0000)
  object space 336064K, 8% used [0x0000000700600000,0x000000070220b148,0x0000000714e30000)
 PSPermGen       total 35904K, used 18334K [0x00000006fb400000, 0x00000006fd710000, 0x0000000700600000)
  object space 35904K, 51% used [0x00000006fb400000,0x00000006fc5e7a40,0x00000006fd710000)
}
Event: 51.406 GC heap before
{Heap before GC invocations=30 (full 5):
 PSYoungGen      total 1338944K, used 1317358K [0x00000007aacb0000, 0x0000000800000000, 0x0000000800000000)
  eden space 1282752K, 99% used [0x00000007aacb0000,0x00000007f8ce99e8,0x00000007f9160000)
  from space 56192K, 69% used [0x00000007fc920000,0x00000007fef62140,0x0000000800000000)
  to   space 56640K, 0% used [0x00000007f9160000,0x00000007f9160000,0x00000007fc8b0000)
 ParOldGen       total 336064K, used 34791K [0x0000000700600000, 0x0000000714e30000, 0x00000007aacb0000)
  object space 336064K, 10% used [0x0000000700600000,0x00000007027f9d58,0x0000000714e30000)
 PSPermGen       total 35904K, used 18340K [0x00000006fb400000, 0x00000006fd710000, 0x0000000700600000)
  object space 35904K, 51% used [0x00000006fb400000,0x00000006fc5e9250,0x00000006fd710000)
Event: 51.413 GC heap after
Heap after GC invocations=30 (full 5):
 PSYoungGen      total 1338368K, used 55555K [0x00000007aacb0000, 0x0000000800000000, 0x0000000800000000)
  eden space 1282752K, 0% used [0x00000007aacb0000,0x00000007aacb0000,0x00000007f9160000)
  from space 55616K, 99% used [0x00000007f9160000,0x00000007fc7a0d30,0x00000007fc7b0000)
  to   space 57664K, 0% used [0x00000007fc7b0000,0x00000007fc7b0000,0x0000000800000000)
 ParOldGen       total 336064K, used 34791K [0x0000000700600000, 0x0000000714e30000, 0x00000007aacb0000)
  object space 336064K, 10% used [0x0000000700600000,0x00000007027f9d58,0x0000000714e30000)
 PSPermGen       total 35904K, used 18340K [0x00000006fb400000, 0x00000006fd710000, 0x0000000700600000)
  object space 35904K, 51% used [0x00000006fb400000,0x00000006fc5e9250,0x00000006fd710000)
}
Event: 54.206 GC heap before
{Heap before GC invocations=31 (full 5):
 PSYoungGen      total 1338368K, used 1338307K [0x00000007aacb0000, 0x0000000800000000, 0x0000000800000000)
  eden space 1282752K, 100% used [0x00000007aacb0000,0x00000007f9160000,0x00000007f9160000)
  from space 55616K, 99% used [0x00000007f9160000,0x00000007fc7a0d30,0x00000007fc7b0000)
  to   space 57664K, 0% used [0x00000007fc7b0000,0x00000007fc7b0000,0x0000000800000000)
 ParOldGen       total 336064K, used 137941K [0x0000000700600000, 0x0000000714e30000, 0x00000007aacb0000)
  object space 336064K, 41% used [0x0000000700600000,0x0000000708cb5748,0x0000000714e30000)
 PSPermGen       total 35904K, used 18345K [0x00000006fb400000, 0x00000006fd710000, 0x0000000700600000)
  object space 35904K, 51% used [0x00000006fb400000,0x00000006fc5ea698,0x00000006fd710000)
Event: 54.210 GC heap after
Heap after GC invocations=31 (full 5):
 PSYoungGen      total 1331712K, used 28702K [0x00000007aacb0000, 0x0000000800000000, 0x0000000800000000)
  eden space 1274048K, 0% used [0x00000007aacb0000,0x00000007aacb0000,0x00000007f88e0000)
  from space 57664K, 49% used [0x00000007fc7b0000,0x00000007fe3b7880,0x0000000800000000)
  to   space 60992K, 0% used [0x00000007f88e0000,0x00000007f88e0000,0x00000007fc470000)
 ParOldGen       total 336064K, used 137941K [0x0000000700600000, 0x0000000714e30000, 0x00000007aacb0000)
  object space 336064K, 41% used [0x0000000700600000,0x0000000708cb5748,0x0000000714e30000)
 PSPermGen       total 35904K, used 18345K [0x00000006fb400000, 0x00000006fd710000, 0x0000000700600000)
  object space 35904K, 51% used [0x00000006fb400000,0x00000006fc5ea698,0x00000006fd710000)
}
Event: 56.986 GC heap before
{Heap before GC invocations=32 (full 5):
 PSYoungGen      total 1331712K, used 1302750K [0x00000007aacb0000, 0x0000000800000000, 0x0000000800000000)
  eden space 1274048K, 100% used [0x00000007aacb0000,0x00000007f88e0000,0x00000007f88e0000)
  from space 57664K, 49% used [0x00000007fc7b0000,0x00000007fe3b7880,0x0000000800000000)
  to   space 60992K, 0% used [0x00000007f88e0000,0x00000007f88e0000,0x00000007fc470000)
 ParOldGen       total 336064K, used 256152K [0x0000000700600000, 0x0000000714e30000, 0x00000007aacb0000)
  object space 336064K, 76% used [0x0000000700600000,0x00000007100260b8,0x0000000714e30000)
 PSPermGen       total 35904K, used 18346K [0x00000006fb400000, 0x00000006fd710000, 0x0000000700600000)
  object space 35904K, 51% used [0x00000006fb400000,0x00000006fc5ea830,0x00000006fd710000)
Event: 56.992 GC heap after
Heap after GC invocations=32 (full 5):
 PSYoungGen      total 1335040K, used 40916K [0x00000007aacb0000, 0x0000000800000000, 0x0000000800000000)
  eden space 1274048K, 0% used [0x00000007aacb0000,0x00000007aacb0000,0x00000007f88e0000)
  from space 60992K, 67% used [0x00000007f88e0000,0x00000007fb0d5080,0x00000007fc470000)
  to   space 60928K, 0% used [0x00000007fc480000,0x00000007fc480000,0x0000000800000000)
 ParOldGen       total 336064K, used 256152K [0x0000000700600000, 0x0000000714e30000, 0x00000007aacb0000)
  object space 336064K, 76% used [0x0000000700600000,0x00000007100260b8,0x0000000714e30000)
 PSPermGen       total 35904K, used 18346K [0x00000006fb400000, 0x00000006fd710000, 0x0000000700600000)
  object space 35904K, 51% used [0x00000006fb400000,0x00000006fc5ea830,0x00000006fd710000)
}
Event: 59.477 GC heap before
{Heap before GC invocations=33 (full 5):
 PSYoungGen      total 1335040K, used 1313537K [0x00000007aacb0000, 0x0000000800000000, 0x0000000800000000)
  eden space 1274048K, 99% used [0x00000007aacb0000,0x00000007f877b390,0x00000007f88e0000)
  from space 60992K, 67% used [0x00000007f88e0000,0x00000007fb0d5080,0x00000007fc470000)
  to   space 60928K, 0% used [0x00000007fc480000,0x00000007fc480000,0x0000000800000000)
 ParOldGen       total 336064K, used 256152K [0x0000000700600000, 0x0000000714e30000, 0x00000007aacb0000)
  object space 336064K, 76% used [0x0000000700600000,0x00000007100260b8,0x0000000714e30000)
 PSPermGen       total 35904K, used 18355K [0x00000006fb400000, 0x00000006fd710000, 0x0000000700600000)
  object space 35904K, 51% used [0x00000006fb400000,0x00000006fc5ece50,0x00000006fd710000)
Event: 59.484 GC heap after
Heap after GC invocations=33 (full 5):
 PSYoungGen      total 1324992K, used 55312K [0x00000007aacb0000, 0x0000000800000000, 0x0000000800000000)
  eden space 1264064K, 0% used [0x00000007aacb0000,0x00000007aacb0000,0x00000007f7f20000)
  from space 60928K, 90% used [0x00000007fc480000,0x00000007ffa84160,0x0000000800000000)
  to   space 65984K, 0% used [0x00000007f7f20000,0x00000007f7f20000,0x00000007fbf90000)
 ParOldGen       total 336064K, used 256152K [0x0000000700600000, 0x0000000714e30000, 0x00000007aacb0000)
  object space 336064K, 76% used [0x0000000700600000,0x00000007100260b8,0x0000000714e30000)
 PSPermGen       total 35904K, used 18355K [0x00000006fb400000, 0x00000006fd710000, 0x0000000700600000)
  object space 35904K, 51% used [0x00000006fb400000,0x00000006fc5ece50,0x00000006fd710000)
}

