# JRE version: 7.0_07-b11
# Java VM: Java HotSpot(TM) 64-Bit Server VM (23.3-b01 mixed mode windows-amd64 compressed oops)
Heap
 PSYoungGen      total 124544K, used 123546K [0x00000007aacb0000, 0x00000007b9600000, 0x0000000800000000)
  eden space 105984K, 99% used [0x00000007aacb0000,0x00000007b1342768,0x00000007b1430000)
  from space 18560K, 99% used [0x00000007b83e0000,0x00000007b95f4430,0x00000007b9600000)
  to   space 25408K, 0% used [0x00000007b6460000,0x00000007b6460000,0x00000007b7d30000)
 ParOldGen       total 241408K, used 240383K [0x0000000700600000, 0x000000070f1c0000, 0x00000007aacb0000)
  object space 241408K, 99% used [0x0000000700600000,0x000000070f0bfc80,0x000000070f1c0000)
 PSPermGen       total 21248K, used 17869K [0x00000006fb400000, 0x00000006fc8c0000, 0x0000000700600000)
  object space 21248K, 84% used [0x00000006fb400000,0x00000006fc5734e0,0x00000006fc8c0000)
GC Heap History (10 events):
Event: 46.910 GC heap before
{Heap before GC invocations=28 (full 0):
 PSYoungGen      total 142976K, used 140237K [0x00000007aacb0000, 0x00000007bbec0000, 0x0000000800000000)
  eden space 124544K, 97% used [0x00000007aacb0000,0x00000007b23a71c0,0x00000007b2650000)
  from space 18432K, 99% used [0x00000007b9930000,0x00000007bab2c430,0x00000007bab30000)
  to   space 20032K, 0% used [0x00000007bab30000,0x00000007bab30000,0x00000007bbec0000)
 ParOldGen       total 174528K, used 112703K [0x0000000700600000, 0x000000070b070000, 0x00000007aacb0000)
  object space 174528K, 64% used [0x0000000700600000,0x000000070740ff30,0x000000070b070000)
 PSPermGen       total 21248K, used 17837K [0x00000006fb400000, 0x00000006fc8c0000, 0x0000000700600000)
  object space 21248K, 83% used [0x00000006fb400000,0x00000006fc56b6a0,0x00000006fc8c0000)
Event: 46.912 GC heap after
Heap after GC invocations=28 (full 0):
 PSYoungGen      total 139008K, used 18449K [0x00000007aacb0000, 0x00000007bbd40000, 0x0000000800000000)
  eden space 120512K, 0% used [0x00000007aacb0000,0x00000007aacb0000,0x00000007b2260000)
  from space 18496K, 99% used [0x00000007bab30000,0x00000007bbd34430,0x00000007bbd40000)
  to   space 27072K, 0% used [0x00000007b8860000,0x00000007b8860000,0x00000007ba2d0000)
 ParOldGen       total 174528K, used 112719K [0x0000000700600000, 0x000000070b070000, 0x00000007aacb0000)
  object space 174528K, 64% used [0x0000000700600000,0x0000000707413f30,0x000000070b070000)
 PSPermGen       total 21248K, used 17837K [0x00000006fb400000, 0x00000006fc8c0000, 0x0000000700600000)
  object space 21248K, 83% used [0x00000006fb400000,0x00000006fc56b6a0,0x00000006fc8c0000)
}
Event: 48.117 GC heap before
{Heap before GC invocations=29 (full 0):
 PSYoungGen      total 139008K, used 133947K [0x00000007aacb0000, 0x00000007bbd40000, 0x0000000800000000)
  eden space 120512K, 95% used [0x00000007aacb0000,0x00000007b1d7a838,0x00000007b2260000)
  from space 18496K, 99% used [0x00000007bab30000,0x00000007bbd34430,0x00000007bbd40000)
  to   space 27072K, 0% used [0x00000007b8860000,0x00000007b8860000,0x00000007ba2d0000)
 ParOldGen       total 174528K, used 112719K [0x0000000700600000, 0x000000070b070000, 0x00000007aacb0000)
  object space 174528K, 64% used [0x0000000700600000,0x0000000707413f30,0x000000070b070000)
 PSPermGen       total 21248K, used 17837K [0x00000006fb400000, 0x00000006fc8c0000, 0x0000000700600000)
  object space 21248K, 83% used [0x00000006fb400000,0x00000006fc56b780,0x00000006fc8c0000)
Event: 48.121 GC heap after
Heap after GC invocations=29 (full 0):
 PSYoungGen      total 135040K, used 18417K [0x00000007aacb0000, 0x00000007bab40000, 0x0000000800000000)
  eden space 116608K, 0% used [0x00000007aacb0000,0x00000007aacb0000,0x00000007b1e90000)
  from space 18432K, 99% used [0x00000007b8860000,0x00000007b9a5c430,0x00000007b9a60000)
  to   space 17280K, 0% used [0x00000007b9a60000,0x00000007b9a60000,0x00000007bab40000)
 ParOldGen       total 174528K, used 112735K [0x0000000700600000, 0x000000070b070000, 0x00000007aacb0000)
  object space 174528K, 64% used [0x0000000700600000,0x0000000707417f30,0x000000070b070000)
 PSPermGen       total 21248K, used 17837K [0x00000006fb400000, 0x00000006fc8c0000, 0x0000000700600000)
  object space 21248K, 83% used [0x00000006fb400000,0x00000006fc56b780,0x00000006fc8c0000)
}
Event: 49.318 GC heap before
{Heap before GC invocations=30 (full 0):
 PSYoungGen      total 135040K, used 133916K [0x00000007aacb0000, 0x00000007bab40000, 0x0000000800000000)
  eden space 116608K, 99% used [0x00000007aacb0000,0x00000007b1d7afb8,0x00000007b1e90000)
  from space 18432K, 99% used [0x00000007b8860000,0x00000007b9a5c430,0x00000007b9a60000)
  to   space 17280K, 0% used [0x00000007b9a60000,0x00000007b9a60000,0x00000007bab40000)
 ParOldGen       total 174528K, used 112735K [0x0000000700600000, 0x000000070b070000, 0x00000007aacb0000)
  object space 174528K, 64% used [0x0000000700600000,0x0000000707417f30,0x000000070b070000)
 PSPermGen       total 21248K, used 17838K [0x00000006fb400000, 0x00000006fc8c0000, 0x0000000700600000)
  object space 21248K, 83% used [0x00000006fb400000,0x00000006fc56bab0,0x00000006fc8c0000)
Event: 49.322 GC heap after
Heap after GC invocations=30 (full 0):
 PSYoungGen      total 125312K, used 12374K [0x00000007aacb0000, 0x00000007ba680000, 0x0000000800000000)
  eden space 112896K, 0% used [0x00000007aacb0000,0x00000007aacb0000,0x00000007b1af0000)
  from space 12416K, 99% used [0x00000007b9a60000,0x00000007ba675820,0x00000007ba680000)
  to   space 26944K, 0% used [0x00000007b71e0000,0x00000007b71e0000,0x00000007b8c30000)
 ParOldGen       total 174528K, used 118818K [0x0000000700600000, 0x000000070b070000, 0x00000007aacb0000)
  object space 174528K, 68% used [0x0000000700600000,0x0000000707a08b40,0x000000070b070000)
 PSPermGen       total 21248K, used 17838K [0x00000006fb400000, 0x00000006fc8c0000, 0x0000000700600000)
  object space 21248K, 83% used [0x00000006fb400000,0x00000006fc56bab0,0x00000006fc8c0000)
}
Event: 50.456 GC heap before
{Heap before GC invocations=31 (full 0):
 PSYoungGen      total 125312K, used 121851K [0x00000007aacb0000, 0x00000007ba680000, 0x0000000800000000)
  eden space 112896K, 96% used [0x00000007aacb0000,0x00000007b17997b0,0x00000007b1af0000)
  from space 12416K, 99% used [0x00000007b9a60000,0x00000007ba675820,0x00000007ba680000)
  to   space 26944K, 0% used [0x00000007b71e0000,0x00000007b71e0000,0x00000007b8c30000)
 ParOldGen       total 174528K, used 118818K [0x0000000700600000, 0x000000070b070000, 0x00000007aacb0000)
  object space 174528K, 68% used [0x0000000700600000,0x0000000707a08b40,0x000000070b070000)
 PSPermGen       total 21248K, used 17841K [0x00000006fb400000, 0x00000006fc8c0000, 0x0000000700600000)
  object space 21248K, 83% used [0x00000006fb400000,0x00000006fc56c7d8,0x00000006fc8c0000)
Event: 50.459 GC heap after
Heap after GC invocations=31 (full 0):
 PSYoungGen      total 127808K, used 18385K [0x00000007aacb0000, 0x00000007b9a70000, 0x0000000800000000)
  eden space 109376K, 0% used [0x00000007aacb0000,0x00000007aacb0000,0x00000007b1780000)
  from space 18432K, 99% used [0x00000007b71e0000,0x00000007b83d4430,0x00000007b83e0000)
  to   space 23104K, 0% used [0x00000007b83e0000,0x00000007b83e0000,0x00000007b9a70000)
 ParOldGen       total 174528K, used 118842K [0x0000000700600000, 0x000000070b070000, 0x00000007aacb0000)
  object space 174528K, 68% used [0x0000000700600000,0x0000000707a0eb40,0x000000070b070000)
 PSPermGen       total 21248K, used 17841K [0x00000006fb400000, 0x00000006fc8c0000, 0x0000000700600000)
  object space 21248K, 83% used [0x00000006fb400000,0x00000006fc56c7d8,0x00000006fc8c0000)
}
Event: 51.534 GC heap before
{Heap before GC invocations=32 (full 0):
 PSYoungGen      total 127808K, used 121776K [0x00000007aacb0000, 0x00000007b9a70000, 0x0000000800000000)
  eden space 109376K, 94% used [0x00000007aacb0000,0x00000007b11a7f88,0x00000007b1780000)
  from space 18432K, 99% used [0x00000007b71e0000,0x00000007b83d4430,0x00000007b83e0000)
  to   space 23104K, 0% used [0x00000007b83e0000,0x00000007b83e0000,0x00000007b9a70000)
 ParOldGen       total 174528K, used 124917K [0x0000000700600000, 0x000000070b070000, 0x00000007aacb0000)
  object space 174528K, 71% used [0x0000000700600000,0x0000000707ffd750,0x000000070b070000)
 PSPermGen       total 21248K, used 17841K [0x00000006fb400000, 0x00000006fc8c0000, 0x0000000700600000)
  object space 21248K, 83% used [0x00000006fb400000,0x00000006fc56c7d8,0x00000006fc8c0000)
Event: 51.538 GC heap after
Heap after GC invocations=32 (full 0):
 PSYoungGen      total 124544K, used 18513K [0x00000007aacb0000, 0x00000007b9600000, 0x0000000800000000)
  eden space 105984K, 0% used [0x00000007aacb0000,0x00000007aacb0000,0x00000007b1430000)
  from space 18560K, 99% used [0x00000007b83e0000,0x00000007b95f4430,0x00000007b9600000)
  to   space 25408K, 0% used [0x00000007b6460000,0x00000007b6460000,0x00000007b7d30000)
 ParOldGen       total 174528K, used 124957K [0x0000000700600000, 0x000000070b070000, 0x00000007aacb0000)
  object space 174528K, 71% used [0x0000000700600000,0x0000000708007750,0x000000070b070000)
 PSPermGen       total 21248K, used 17841K [0x00000006fb400000, 0x00000006fc8c0000, 0x0000000700600000)
  object space 21248K, 83% used [0x00000006fb400000,0x00000006fc56c7d8,0x00000006fc8c0000)
}

