# JRE version: 7.0_07-b11
# Java VM: Java HotSpot(TM) 64-Bit Server VM (23.3-b01 mixed mode windows-amd64 compressed oops)
Heap
 PSYoungGen      total 478656K, used 347550K [0x00000007aacb0000, 0x00000007cc180000, 0x0000000800000000)
  eden space 422720K, 70% used [0x00000007aacb0000,0x00000007bd1a8748,0x00000007c4980000)
  from space 55936K, 85% used [0x00000007c85a0000,0x00000007cb40f470,0x00000007cbc40000)
  to   space 61440K, 0% used [0x00000007c4980000,0x00000007c4980000,0x00000007c8580000)
 ParOldGen       total 251904K, used 62592K [0x0000000700600000, 0x000000070fc00000, 0x00000007aacb0000)
  object space 251904K, 24% used [0x0000000700600000,0x0000000704320380,0x000000070fc00000)
 PSPermGen       total 39360K, used 18107K [0x00000006fb400000, 0x00000006fda70000, 0x0000000700600000)
  object space 39360K, 46% used [0x00000006fb400000,0x00000006fc5aed70,0x00000006fda70000)
GC Heap History (10 events):
Event: 9.910 GC heap before
{Heap before GC invocations=11 (full 2):
 PSYoungGen      total 281856K, used 252857K [0x00000007aacb0000, 0x00000007beb30000, 0x0000000800000000)
  eden space 244864K, 98% used [0x00000007aacb0000,0x00000007b98e7368,0x00000007b9bd0000)
  from space 36992K, 29% used [0x00000007bc710000,0x00000007bd1c7490,0x00000007beb30000)
  to   space 40640K, 0% used [0x00000007b9bd0000,0x00000007b9bd0000,0x00000007bc380000)
 ParOldGen       total 168000K, used 93779K [0x0000000700600000, 0x000000070aa10000, 0x00000007aacb0000)
  object space 168000K, 55% used [0x0000000700600000,0x0000000706194f68,0x000000070aa10000)
 PSPermGen       total 40512K, used 18039K [0x00000006fb400000, 0x00000006fdb90000, 0x0000000700600000)
  object space 40512K, 44% used [0x00000006fb400000,0x00000006fc59df70,0x00000006fdb90000)
Event: 9.921 GC heap after
Heap after GC invocations=11 (full 2):
 PSYoungGen      total 285504K, used 38163K [0x00000007aacb0000, 0x00000007c4f20000, 0x0000000800000000)
  eden space 244864K, 0% used [0x00000007aacb0000,0x00000007aacb0000,0x00000007b9bd0000)
  from space 40640K, 93% used [0x00000007b9bd0000,0x00000007bc114f20,0x00000007bc380000)
  to   space 46336K, 0% used [0x00000007c21e0000,0x00000007c21e0000,0x00000007c4f20000)
 ParOldGen       total 168000K, used 109347K [0x0000000700600000, 0x000000070aa10000, 0x00000007aacb0000)
  object space 168000K, 65% used [0x0000000700600000,0x00000007070c8c58,0x000000070aa10000)
 PSPermGen       total 40512K, used 18039K [0x00000006fb400000, 0x00000006fdb90000, 0x0000000700600000)
  object space 40512K, 44% used [0x00000006fb400000,0x00000006fc59df70,0x00000006fdb90000)
}
Event: 10.883 GC heap before
{Heap before GC invocations=12 (full 3):
 PSYoungGen      total 285504K, used 283027K [0x00000007aacb0000, 0x00000007c4f20000, 0x0000000800000000)
  eden space 244864K, 100% used [0x00000007aacb0000,0x00000007b9bd0000,0x00000007b9bd0000)
  from space 40640K, 93% used [0x00000007b9bd0000,0x00000007bc114f20,0x00000007bc380000)
  to   space 46336K, 0% used [0x00000007c21e0000,0x00000007c21e0000,0x00000007c4f20000)
 ParOldGen       total 353728K, used 351842K [0x0000000700600000, 0x0000000715f70000, 0x00000007aacb0000)
  object space 353728K, 99% used [0x0000000700600000,0x0000000715d98a98,0x0000000715f70000)
 PSPermGen       total 40512K, used 18050K [0x00000006fb400000, 0x00000006fdb90000, 0x0000000700600000)
  object space 40512K, 44% used [0x00000006fb400000,0x00000006fc5a0a70,0x00000006fdb90000)
Event: 10.940 GC heap after
Heap after GC invocations=12 (full 3):
 PSYoungGen      total 285504K, used 0K [0x00000007aacb0000, 0x00000007c4f20000, 0x0000000800000000)
  eden space 244864K, 0% used [0x00000007aacb0000,0x00000007aacb0000,0x00000007b9bd0000)
  from space 40640K, 0% used [0x00000007b9bd0000,0x00000007b9bd0000,0x00000007bc380000)
  to   space 46336K, 0% used [0x00000007c21e0000,0x00000007c21e0000,0x00000007c4f20000)
 ParOldGen       total 251904K, used 43286K [0x0000000700600000, 0x000000070fc00000, 0x00000007aacb0000)
  object space 251904K, 17% used [0x0000000700600000,0x0000000703045a90,0x000000070fc00000)
 PSPermGen       total 39360K, used 18050K [0x00000006fb400000, 0x00000006fda70000, 0x0000000700600000)
  object space 39360K, 45% used [0x00000006fb400000,0x00000006fc5a0a30,0x00000006fda70000)
}
Event: 11.431 GC heap before
{Heap before GC invocations=13 (full 3):
 PSYoungGen      total 285504K, used 243849K [0x00000007aacb0000, 0x00000007c4f20000, 0x0000000800000000)
  eden space 244864K, 99% used [0x00000007aacb0000,0x00000007b9ad2590,0x00000007b9bd0000)
  from space 40640K, 0% used [0x00000007b9bd0000,0x00000007b9bd0000,0x00000007bc380000)
  to   space 46336K, 0% used [0x00000007c21e0000,0x00000007c21e0000,0x00000007c4f20000)
 ParOldGen       total 251904K, used 43286K [0x0000000700600000, 0x000000070fc00000, 0x00000007aacb0000)
  object space 251904K, 17% used [0x0000000700600000,0x0000000703045a90,0x000000070fc00000)
 PSPermGen       total 39360K, used 18053K [0x00000006fb400000, 0x00000006fda70000, 0x0000000700600000)
  object space 39360K, 45% used [0x00000006fb400000,0x00000006fc5a16e0,0x00000006fda70000)
Event: 11.444 GC heap after
Heap after GC invocations=13 (full 3):
 PSYoungGen      total 370624K, used 42977K [0x00000007aacb0000, 0x00000007c4f60000, 0x0000000800000000)
  eden space 324288K, 0% used [0x00000007aacb0000,0x00000007aacb0000,0x00000007be960000)
  from space 46336K, 92% used [0x00000007c21e0000,0x00000007c4bd86e0,0x00000007c4f20000)
  to   space 52224K, 0% used [0x00000007be960000,0x00000007be960000,0x00000007c1c60000)
 ParOldGen       total 251904K, used 62536K [0x0000000700600000, 0x000000070fc00000, 0x00000007aacb0000)
  object space 251904K, 24% used [0x0000000700600000,0x0000000704312370,0x000000070fc00000)
 PSPermGen       total 39360K, used 18053K [0x00000006fb400000, 0x00000006fda70000, 0x0000000700600000)
  object space 39360K, 45% used [0x00000006fb400000,0x00000006fc5a16e0,0x00000006fda70000)
}
Event: 12.263 GC heap before
{Heap before GC invocations=14 (full 3):
 PSYoungGen      total 370624K, used 366735K [0x00000007aacb0000, 0x00000007c4f60000, 0x0000000800000000)
  eden space 324288K, 99% used [0x00000007aacb0000,0x00000007be8db5c0,0x00000007be960000)
  from space 46336K, 92% used [0x00000007c21e0000,0x00000007c4bd86e0,0x00000007c4f20000)
  to   space 52224K, 0% used [0x00000007be960000,0x00000007be960000,0x00000007c1c60000)
 ParOldGen       total 251904K, used 62536K [0x0000000700600000, 0x000000070fc00000, 0x00000007aacb0000)
  object space 251904K, 24% used [0x0000000700600000,0x0000000704312370,0x000000070fc00000)
 PSPermGen       total 39360K, used 18068K [0x00000006fb400000, 0x00000006fda70000, 0x0000000700600000)
  object space 39360K, 45% used [0x00000006fb400000,0x00000006fc5a5148,0x00000006fda70000)
Event: 12.275 GC heap after
Heap after GC invocations=14 (full 3):
 PSYoungGen      total 376512K, used 40416K [0x00000007aacb0000, 0x00000007cbc40000, 0x0000000800000000)
  eden space 324288K, 0% used [0x00000007aacb0000,0x00000007aacb0000,0x00000007be960000)
  from space 52224K, 77% used [0x00000007be960000,0x00000007c10d83b0,0x00000007c1c60000)
  to   space 55936K, 0% used [0x00000007c85a0000,0x00000007c85a0000,0x00000007cbc40000)
 ParOldGen       total 251904K, used 62536K [0x0000000700600000, 0x000000070fc00000, 0x00000007aacb0000)
  object space 251904K, 24% used [0x0000000700600000,0x0000000704312370,0x000000070fc00000)
 PSPermGen       total 39360K, used 18068K [0x00000006fb400000, 0x00000006fda70000, 0x0000000700600000)
  object space 39360K, 45% used [0x00000006fb400000,0x00000006fc5a5148,0x00000006fda70000)
}
Event: 13.629 GC heap before
{Heap before GC invocations=15 (full 3):
 PSYoungGen      total 376512K, used 364000K [0x00000007aacb0000, 0x00000007cbc40000, 0x0000000800000000)
  eden space 324288K, 99% used [0x00000007aacb0000,0x00000007be8afcd0,0x00000007be960000)
  from space 52224K, 77% used [0x00000007be960000,0x00000007c10d83b0,0x00000007c1c60000)
  to   space 55936K, 0% used [0x00000007c85a0000,0x00000007c85a0000,0x00000007cbc40000)
 ParOldGen       total 251904K, used 62536K [0x0000000700600000, 0x000000070fc00000, 0x00000007aacb0000)
  object space 251904K, 24% used [0x0000000700600000,0x0000000704312370,0x000000070fc00000)
 PSPermGen       total 39360K, used 18071K [0x00000006fb400000, 0x00000006fda70000, 0x0000000700600000)
  object space 39360K, 45% used [0x00000006fb400000,0x00000006fc5a5e28,0x00000006fda70000)
Event: 13.641 GC heap after
Heap after GC invocations=15 (full 3):
 PSYoungGen      total 478656K, used 47549K [0x00000007aacb0000, 0x00000007cc180000, 0x0000000800000000)
  eden space 422720K, 0% used [0x00000007aacb0000,0x00000007aacb0000,0x00000007c4980000)
  from space 55936K, 85% used [0x00000007c85a0000,0x00000007cb40f470,0x00000007cbc40000)
  to   space 61440K, 0% used [0x00000007c4980000,0x00000007c4980000,0x00000007c8580000)
 ParOldGen       total 251904K, used 62592K [0x0000000700600000, 0x000000070fc00000, 0x00000007aacb0000)
  object space 251904K, 24% used [0x0000000700600000,0x0000000704320380,0x000000070fc00000)
 PSPermGen       total 39360K, used 18071K [0x00000006fb400000, 0x00000006fda70000, 0x0000000700600000)
  object space 39360K, 45% used [0x00000006fb400000,0x00000006fc5a5e28,0x00000006fda70000)
}

