# JRE version: 7.0_07-b11
# Java VM: Java HotSpot(TM) 64-Bit Server VM (23.3-b01 mixed mode windows-amd64 compressed oops)
Heap
 PSYoungGen      total 1321920K, used 976569K [0x00000007aacb0000, 0x0000000800000000, 0x0000000800000000)
  eden space 1254208K, 77% used [0x00000007aacb0000,0x00000007e6616790,0x00000007f7580000)
  from space 67712K, 0% used [0x00000007f7580000,0x00000007f75c8000,0x00000007fb7a0000)
  to   space 70080K, 0% used [0x00000007fbb90000,0x00000007fbb90000,0x0000000800000000)
 ParOldGen       total 263488K, used 122178K [0x0000000700600000, 0x0000000710750000, 0x00000007aacb0000)
  object space 263488K, 46% used [0x0000000700600000,0x0000000707d508d0,0x0000000710750000)
 PSPermGen       total 37696K, used 18087K [0x00000006fb400000, 0x00000006fd8d0000, 0x0000000700600000)
  object space 37696K, 47% used [0x00000006fb400000,0x00000006fc5a9d70,0x00000006fd8d0000)
GC Heap History (10 events):
Event: 21.322 GC heap before
{Heap before GC invocations=19 (full 4):
 PSYoungGen      total 860928K, used 840746K [0x00000007aacb0000, 0x00000007f4570000, 0x0000000800000000)
  eden space 791424K, 100% used [0x00000007aacb0000,0x00000007db190000,0x00000007db190000)
  from space 69504K, 70% used [0x00000007db190000,0x00000007de1ba890,0x00000007df570000)
  to   space 72320K, 0% used [0x00000007efed0000,0x00000007efed0000,0x00000007f4570000)
 ParOldGen       total 257408K, used 257292K [0x0000000700600000, 0x0000000710160000, 0x00000007aacb0000)
  object space 257408K, 99% used [0x0000000700600000,0x0000000710143088,0x0000000710160000)
 PSPermGen       total 39296K, used 18047K [0x00000006fb400000, 0x00000006fda60000, 0x0000000700600000)
  object space 39296K, 45% used [0x00000006fb400000,0x00000006fc59fe60,0x00000006fda60000)
Event: 21.354 GC heap after
Heap after GC invocations=19 (full 4):
 PSYoungGen      total 860928K, used 0K [0x00000007aacb0000, 0x00000007f4570000, 0x0000000800000000)
  eden space 791424K, 0% used [0x00000007aacb0000,0x00000007aacb0000,0x00000007db190000)
  from space 69504K, 0% used [0x00000007db190000,0x00000007db190000,0x00000007df570000)
  to   space 72320K, 0% used [0x00000007efed0000,0x00000007efed0000,0x00000007f4570000)
 ParOldGen       total 263488K, used 46575K [0x0000000700600000, 0x0000000710750000, 0x00000007aacb0000)
  object space 263488K, 17% used [0x0000000700600000,0x000000070337bf28,0x0000000710750000)
 PSPermGen       total 37696K, used 18047K [0x00000006fb400000, 0x00000006fd8d0000, 0x0000000700600000)
  object space 37696K, 47% used [0x00000006fb400000,0x00000006fc59fe60,0x00000006fd8d0000)
}
Event: 22.776 GC heap before
{Heap before GC invocations=20 (full 4):
 PSYoungGen      total 860928K, used 790930K [0x00000007aacb0000, 0x00000007f4570000, 0x0000000800000000)
  eden space 791424K, 99% used [0x00000007aacb0000,0x00000007db1149f0,0x00000007db190000)
  from space 69504K, 0% used [0x00000007db190000,0x00000007db190000,0x00000007df570000)
  to   space 72320K, 0% used [0x00000007efed0000,0x00000007efed0000,0x00000007f4570000)
 ParOldGen       total 263488K, used 46575K [0x0000000700600000, 0x0000000710750000, 0x00000007aacb0000)
  object space 263488K, 17% used [0x0000000700600000,0x000000070337bf28,0x0000000710750000)
 PSPermGen       total 37696K, used 18052K [0x00000006fb400000, 0x00000006fd8d0000, 0x0000000700600000)
  object space 37696K, 47% used [0x00000006fb400000,0x00000006fc5a1068,0x00000006fd8d0000)
Event: 22.798 GC heap after
Heap after GC invocations=20 (full 4):
 PSYoungGen      total 1133568K, used 41359K [0x00000007aacb0000, 0x00000007f47d0000, 0x0000000800000000)
  eden space 1061248K, 0% used [0x00000007aacb0000,0x00000007aacb0000,0x00000007eb910000)
  from space 72320K, 57% used [0x00000007efed0000,0x00000007f2733f48,0x00000007f4570000)
  to   space 71424K, 0% used [0x00000007eb910000,0x00000007eb910000,0x00000007efed0000)
 ParOldGen       total 263488K, used 46575K [0x0000000700600000, 0x0000000710750000, 0x00000007aacb0000)
  object space 263488K, 17% used [0x0000000700600000,0x000000070337bf28,0x0000000710750000)
 PSPermGen       total 37696K, used 18052K [0x00000006fb400000, 0x00000006fd8d0000, 0x0000000700600000)
  object space 37696K, 47% used [0x00000006fb400000,0x00000006fc5a1068,0x00000006fd8d0000)
}
Event: 24.695 GC heap before
{Heap before GC invocations=21 (full 4):
 PSYoungGen      total 1133568K, used 1100769K [0x00000007aacb0000, 0x00000007f47d0000, 0x0000000800000000)
  eden space 1061248K, 99% used [0x00000007aacb0000,0x00000007eb7445f0,0x00000007eb910000)
  from space 72320K, 57% used [0x00000007efed0000,0x00000007f2733f48,0x00000007f4570000)
  to   space 71424K, 0% used [0x00000007eb910000,0x00000007eb910000,0x00000007efed0000)
 ParOldGen       total 263488K, used 46575K [0x0000000700600000, 0x0000000710750000, 0x00000007aacb0000)
  object space 263488K, 17% used [0x0000000700600000,0x000000070337bf28,0x0000000710750000)
 PSPermGen       total 37696K, used 18070K [0x00000006fb400000, 0x00000006fd8d0000, 0x0000000700600000)
  object space 37696K, 47% used [0x00000006fb400000,0x00000006fc5a5980,0x00000006fd8d0000)
Event: 24.717 GC heap after
Heap after GC invocations=21 (full 4):
 PSYoungGen      total 1132672K, used 41222K [0x00000007aacb0000, 0x00000007ffd20000, 0x0000000800000000)
  eden space 1061248K, 0% used [0x00000007aacb0000,0x00000007aacb0000,0x00000007eb910000)
  from space 71424K, 57% used [0x00000007eb910000,0x00000007ee151870,0x00000007efed0000)
  to   space 70400K, 0% used [0x00000007fb860000,0x00000007fb860000,0x00000007ffd20000)
 ParOldGen       total 263488K, used 46575K [0x0000000700600000, 0x0000000710750000, 0x00000007aacb0000)
  object space 263488K, 17% used [0x0000000700600000,0x000000070337bf28,0x0000000710750000)
 PSPermGen       total 37696K, used 18070K [0x00000006fb400000, 0x00000006fd8d0000, 0x0000000700600000)
  object space 37696K, 47% used [0x00000006fb400000,0x00000006fc5a5980,0x00000006fd8d0000)
}
Event: 26.588 GC heap before
{Heap before GC invocations=22 (full 4):
 PSYoungGen      total 1132672K, used 1101929K [0x00000007aacb0000, 0x00000007ffd20000, 0x0000000800000000)
  eden space 1061248K, 99% used [0x00000007aacb0000,0x00000007eb888ef0,0x00000007eb910000)
  from space 71424K, 57% used [0x00000007eb910000,0x00000007ee151870,0x00000007efed0000)
  to   space 70400K, 0% used [0x00000007fb860000,0x00000007fb860000,0x00000007ffd20000)
 ParOldGen       total 263488K, used 52018K [0x0000000700600000, 0x0000000710750000, 0x00000007aacb0000)
  object space 263488K, 19% used [0x0000000700600000,0x00000007038cc808,0x0000000710750000)
 PSPermGen       total 37696K, used 18072K [0x00000006fb400000, 0x00000006fd8d0000, 0x0000000700600000)
  object space 37696K, 47% used [0x00000006fb400000,0x00000006fc5a6378,0x00000006fd8d0000)
Event: 26.602 GC heap after
Heap after GC invocations=22 (full 4):
 PSYoungGen      total 1321152K, used 29622K [0x00000007aacb0000, 0x00000007ff9c0000, 0x0000000800000000)
  eden space 1254208K, 0% used [0x00000007aacb0000,0x00000007aacb0000,0x00000007f7580000)
  from space 66944K, 44% used [0x00000007fb860000,0x00000007fd54dbb0,0x00000007ff9c0000)
  to   space 67712K, 0% used [0x00000007f7580000,0x00000007f7580000,0x00000007fb7a0000)
 ParOldGen       total 263488K, used 52058K [0x0000000700600000, 0x0000000710750000, 0x00000007aacb0000)
  object space 263488K, 19% used [0x0000000700600000,0x00000007038d6808,0x0000000710750000)
 PSPermGen       total 37696K, used 18072K [0x00000006fb400000, 0x00000006fd8d0000, 0x0000000700600000)
  object space 37696K, 47% used [0x00000006fb400000,0x00000006fc5a6378,0x00000006fd8d0000)
}
Event: 28.931 GC heap before
{Heap before GC invocations=23 (full 4):
 PSYoungGen      total 1321152K, used 1283830K [0x00000007aacb0000, 0x00000007ff9c0000, 0x0000000800000000)
  eden space 1254208K, 100% used [0x00000007aacb0000,0x00000007f7580000,0x00000007f7580000)
  from space 66944K, 44% used [0x00000007fb860000,0x00000007fd54dbb0,0x00000007ff9c0000)
  to   space 67712K, 0% used [0x00000007f7580000,0x00000007f7580000,0x00000007fb7a0000)
 ParOldGen       total 263488K, used 122138K [0x0000000700600000, 0x0000000710750000, 0x00000007aacb0000)
  object space 263488K, 46% used [0x0000000700600000,0x0000000707d468d0,0x0000000710750000)
 PSPermGen       total 37696K, used 18078K [0x00000006fb400000, 0x00000006fd8d0000, 0x0000000700600000)
  object space 37696K, 47% used [0x00000006fb400000,0x00000006fc5a7968,0x00000006fd8d0000)
Event: 28.932 GC heap after
Heap after GC invocations=23 (full 4):
 PSYoungGen      total 1321920K, used 288K [0x00000007aacb0000, 0x0000000800000000, 0x0000000800000000)
  eden space 1254208K, 0% used [0x00000007aacb0000,0x00000007aacb0000,0x00000007f7580000)
  from space 67712K, 0% used [0x00000007f7580000,0x00000007f75c8000,0x00000007fb7a0000)
  to   space 70080K, 0% used [0x00000007fbb90000,0x00000007fbb90000,0x0000000800000000)
 ParOldGen       total 263488K, used 122178K [0x0000000700600000, 0x0000000710750000, 0x00000007aacb0000)
  object space 263488K, 46% used [0x0000000700600000,0x0000000707d508d0,0x0000000710750000)
 PSPermGen       total 37696K, used 18078K [0x00000006fb400000, 0x00000006fd8d0000, 0x0000000700600000)
  object space 37696K, 47% used [0x00000006fb400000,0x00000006fc5a7968,0x00000006fd8d0000)
}

