# JRE version: 7.0_07-b11
# Java VM: Java HotSpot(TM) 64-Bit Server VM (23.3-b01 mixed mode windows-amd64 compressed oops)
Heap
 PSYoungGen      total 149120K, used 148360K [0x00000007aacb0000, 0x00000007bcb30000, 0x0000000800000000)
  eden space 130624K, 99% used [0x00000007aacb0000,0x00000007b2b85e68,0x00000007b2c40000)
  from space 18496K, 99% used [0x00000007ba910000,0x00000007bbb1c430,0x00000007bbb20000)
  to   space 16448K, 0% used [0x00000007bbb20000,0x00000007bbb20000,0x00000007bcb30000)
 ParOldGen       total 336640K, used 333729K [0x0000000700600000, 0x0000000714ec0000, 0x00000007aacb0000)
  object space 336640K, 99% used [0x0000000700600000,0x0000000714be85f0,0x0000000714ec0000)
 PSPermGen       total 36096K, used 17857K [0x00000006fb400000, 0x00000006fd740000, 0x0000000700600000)
  object space 36096K, 49% used [0x00000006fb400000,0x00000006fc570758,0x00000006fd740000)
GC Heap History (10 events):
Event: 29.103 GC heap before
{Heap before GC invocations=24 (full 1):
 PSYoungGen      total 171328K, used 170451K [0x00000007aacb0000, 0x00000007c04a0000, 0x0000000800000000)
  eden space 152832K, 99% used [0x00000007aacb0000,0x00000007b41189c0,0x00000007b41f0000)
  from space 18496K, 99% used [0x00000007bf290000,0x00000007c049c430,0x00000007c04a0000)
  to   space 29248K, 0% used [0x00000007bcb80000,0x00000007bcb80000,0x00000007be810000)
 ParOldGen       total 136000K, used 23815K [0x0000000700600000, 0x0000000708ad0000, 0x00000007aacb0000)
  object space 136000K, 17% used [0x0000000700600000,0x0000000701d41ec0,0x0000000708ad0000)
 PSPermGen       total 36096K, used 17819K [0x00000006fb400000, 0x00000006fd740000, 0x0000000700600000)
  object space 36096K, 49% used [0x00000006fb400000,0x00000006fc566eb0,0x00000006fd740000)
Event: 29.107 GC heap after
Heap after GC invocations=24 (full 1):
 PSYoungGen      total 166464K, used 18449K [0x00000007aacb0000, 0x00000007bf2a0000, 0x0000000800000000)
  eden space 147968K, 0% used [0x00000007aacb0000,0x00000007aacb0000,0x00000007b3d30000)
  from space 18496K, 99% used [0x00000007bcb80000,0x00000007bdd84430,0x00000007bdd90000)
  to   space 21568K, 0% used [0x00000007bdd90000,0x00000007bdd90000,0x00000007bf2a0000)
 ParOldGen       total 136000K, used 23823K [0x0000000700600000, 0x0000000708ad0000, 0x00000007aacb0000)
  object space 136000K, 17% used [0x0000000700600000,0x0000000701d43ec0,0x0000000708ad0000)
 PSPermGen       total 36096K, used 17819K [0x00000006fb400000, 0x00000006fd740000, 0x0000000700600000)
  object space 36096K, 49% used [0x00000006fb400000,0x00000006fc566eb0,0x00000006fd740000)
}
Event: 29.903 GC heap before
{Heap before GC invocations=25 (full 1):
 PSYoungGen      total 166464K, used 164366K [0x00000007aacb0000, 0x00000007bf2a0000, 0x0000000800000000)
  eden space 147968K, 98% used [0x00000007aacb0000,0x00000007b3b2f4f0,0x00000007b3d30000)
  from space 18496K, 99% used [0x00000007bcb80000,0x00000007bdd84430,0x00000007bdd90000)
  to   space 21568K, 0% used [0x00000007bdd90000,0x00000007bdd90000,0x00000007bf2a0000)
 ParOldGen       total 136000K, used 23823K [0x0000000700600000, 0x0000000708ad0000, 0x00000007aacb0000)
  object space 136000K, 17% used [0x0000000700600000,0x0000000701d43ec0,0x0000000708ad0000)
 PSPermGen       total 36096K, used 17821K [0x00000006fb400000, 0x00000006fd740000, 0x0000000700600000)
  object space 36096K, 49% used [0x00000006fb400000,0x00000006fc567450,0x00000006fd740000)
Event: 29.906 GC heap after
Heap after GC invocations=25 (full 1):
 PSYoungGen      total 161792K, used 18417K [0x00000007aacb0000, 0x00000007bef90000, 0x0000000800000000)
  eden space 143360K, 0% used [0x00000007aacb0000,0x00000007aacb0000,0x00000007b38b0000)
  from space 18432K, 99% used [0x00000007bdd90000,0x00000007bef8c430,0x00000007bef90000)
  to   space 27904K, 0% used [0x00000007bb910000,0x00000007bb910000,0x00000007bd450000)
 ParOldGen       total 136000K, used 23839K [0x0000000700600000, 0x0000000708ad0000, 0x00000007aacb0000)
  object space 136000K, 17% used [0x0000000700600000,0x0000000701d47ec0,0x0000000708ad0000)
 PSPermGen       total 36096K, used 17821K [0x00000006fb400000, 0x00000006fd740000, 0x0000000700600000)
  object space 36096K, 49% used [0x00000006fb400000,0x00000006fc567450,0x00000006fd740000)
}
Event: 30.672 GC heap before
{Heap before GC invocations=26 (full 1):
 PSYoungGen      total 161792K, used 158273K [0x00000007aacb0000, 0x00000007bef90000, 0x0000000800000000)
  eden space 143360K, 97% used [0x00000007aacb0000,0x00000007b3544378,0x00000007b38b0000)
  from space 18432K, 99% used [0x00000007bdd90000,0x00000007bef8c430,0x00000007bef90000)
  to   space 27904K, 0% used [0x00000007bb910000,0x00000007bb910000,0x00000007bd450000)
 ParOldGen       total 136000K, used 23839K [0x0000000700600000, 0x0000000708ad0000, 0x00000007aacb0000)
  object space 136000K, 17% used [0x0000000700600000,0x0000000701d47ec0,0x0000000708ad0000)
 PSPermGen       total 36096K, used 17821K [0x00000006fb400000, 0x00000006fd740000, 0x0000000700600000)
  object space 36096K, 49% used [0x00000006fb400000,0x00000006fc5674f8,0x00000006fd740000)
Event: 30.675 GC heap after
Heap after GC invocations=26 (full 1):
 PSYoungGen      total 157440K, used 18449K [0x00000007aacb0000, 0x00000007bdda0000, 0x0000000800000000)
  eden space 138944K, 0% used [0x00000007aacb0000,0x00000007aacb0000,0x00000007b3460000)
  from space 18496K, 99% used [0x00000007bb910000,0x00000007bcb14430,0x00000007bcb20000)
  to   space 18944K, 0% used [0x00000007bcb20000,0x00000007bcb20000,0x00000007bdda0000)
 ParOldGen       total 136000K, used 23847K [0x0000000700600000, 0x0000000708ad0000, 0x00000007aacb0000)
  object space 136000K, 17% used [0x0000000700600000,0x0000000701d49ec0,0x0000000708ad0000)
 PSPermGen       total 36096K, used 17821K [0x00000006fb400000, 0x00000006fd740000, 0x0000000700600000)
  object space 36096K, 49% used [0x00000006fb400000,0x00000006fc5674f8,0x00000006fd740000)
}
Event: 31.407 GC heap before
{Heap before GC invocations=27 (full 1):
 PSYoungGen      total 157440K, used 152318K [0x00000007aacb0000, 0x00000007bdda0000, 0x0000000800000000)
  eden space 138944K, 96% used [0x00000007aacb0000,0x00000007b2f6b6e0,0x00000007b3460000)
  from space 18496K, 99% used [0x00000007bb910000,0x00000007bcb14430,0x00000007bcb20000)
  to   space 18944K, 0% used [0x00000007bcb20000,0x00000007bcb20000,0x00000007bdda0000)
 ParOldGen       total 136000K, used 23847K [0x0000000700600000, 0x0000000708ad0000, 0x00000007aacb0000)
  object space 136000K, 17% used [0x0000000700600000,0x0000000701d49ec0,0x0000000708ad0000)
 PSPermGen       total 36096K, used 17827K [0x00000006fb400000, 0x00000006fd740000, 0x0000000700600000)
  object space 36096K, 49% used [0x00000006fb400000,0x00000006fc568ce0,0x00000006fd740000)
Event: 31.409 GC heap after
Heap after GC invocations=27 (full 1):
 PSYoungGen      total 153216K, used 18449K [0x00000007aacb0000, 0x00000007bdd30000, 0x0000000800000000)
  eden space 134720K, 0% used [0x00000007aacb0000,0x00000007aacb0000,0x00000007b3040000)
  from space 18496K, 99% used [0x00000007bcb20000,0x00000007bdd24430,0x00000007bdd30000)
  to   space 26688K, 0% used [0x00000007ba910000,0x00000007ba910000,0x00000007bc320000)
 ParOldGen       total 136000K, used 23887K [0x0000000700600000, 0x0000000708ad0000, 0x00000007aacb0000)
  object space 136000K, 17% used [0x0000000700600000,0x0000000701d53ec0,0x0000000708ad0000)
 PSPermGen       total 36096K, used 17827K [0x00000006fb400000, 0x00000006fd740000, 0x0000000700600000)
  object space 36096K, 49% used [0x00000006fb400000,0x00000006fc568ce0,0x00000006fd740000)
}
Event: 32.137 GC heap before
{Heap before GC invocations=28 (full 1):
 PSYoungGen      total 153216K, used 152210K [0x00000007aacb0000, 0x00000007bdd30000, 0x0000000800000000)
  eden space 134720K, 99% used [0x00000007aacb0000,0x00000007b2f507c0,0x00000007b3040000)
  from space 18496K, 99% used [0x00000007bcb20000,0x00000007bdd24430,0x00000007bdd30000)
  to   space 26688K, 0% used [0x00000007ba910000,0x00000007ba910000,0x00000007bc320000)
 ParOldGen       total 136000K, used 29962K [0x0000000700600000, 0x0000000708ad0000, 0x00000007aacb0000)
  object space 136000K, 22% used [0x0000000700600000,0x0000000702342ad0,0x0000000708ad0000)
 PSPermGen       total 36096K, used 17827K [0x00000006fb400000, 0x00000006fd740000, 0x0000000700600000)
  object space 36096K, 49% used [0x00000006fb400000,0x00000006fc568fd0,0x00000006fd740000)
Event: 32.141 GC heap after
Heap after GC invocations=28 (full 1):
 PSYoungGen      total 149120K, used 18481K [0x00000007aacb0000, 0x00000007bcb30000, 0x0000000800000000)
  eden space 130624K, 0% used [0x00000007aacb0000,0x00000007aacb0000,0x00000007b2c40000)
  from space 18496K, 99% used [0x00000007ba910000,0x00000007bbb1c430,0x00000007bbb20000)
  to   space 16448K, 0% used [0x00000007bbb20000,0x00000007bbb20000,0x00000007bcb30000)
 ParOldGen       total 136000K, used 29978K [0x0000000700600000, 0x0000000708ad0000, 0x00000007aacb0000)
  object space 136000K, 22% used [0x0000000700600000,0x0000000702346ad0,0x0000000708ad0000)
 PSPermGen       total 36096K, used 17827K [0x00000006fb400000, 0x00000006fd740000, 0x0000000700600000)
  object space 36096K, 49% used [0x00000006fb400000,0x00000006fc568fd0,0x00000006fd740000)
}

