# JRE version: 7.0_07-b11
# Java VM: Java HotSpot(TM) 64-Bit Server VM (23.3-b01 mixed mode windows-amd64 compressed oops)
Heap
 PSYoungGen      total 906624K, used 340147K [0x00000007aacb0000, 0x00000007e86e0000, 0x0000000800000000)
  eden space 835904K, 40% used [0x00000007aacb0000,0x00000007bf8acdb0,0x00000007ddd00000)
  from space 70720K, 0% used [0x00000007e41d0000,0x00000007e4200000,0x00000007e86e0000)
  to   space 86976K, 0% used [0x00000007ddd00000,0x00000007ddd00000,0x00000007e31f0000)
 ParOldGen       total 328448K, used 224553K [0x0000000700600000, 0x00000007146c0000, 0x00000007aacb0000)
  object space 328448K, 68% used [0x0000000700600000,0x000000070e14a5d8,0x00000007146c0000)
 PSPermGen       total 36096K, used 18310K [0x00000006fb400000, 0x00000006fd740000, 0x0000000700600000)
  object space 36096K, 50% used [0x00000006fb400000,0x00000006fc5e1ac8,0x00000006fd740000)
GC Heap History (10 events):
Event: 23.023 GC heap before
{Heap before GC invocations=25 (full 4):
 PSYoungGen      total 723008K, used 641468K [0x00000007aacb0000, 0x00000007dd380000, 0x0000000800000000)
  eden space 641472K, 99% used [0x00000007aacb0000,0x00000007d1f1f1d8,0x00000007d1f20000)
  from space 81536K, 0% used [0x00000007d7430000,0x00000007d7430000,0x00000007dc3d0000)
  to   space 87104K, 0% used [0x00000007d1f20000,0x00000007d1f20000,0x00000007d7430000)
 ParOldGen       total 302912K, used 189709K [0x0000000700600000, 0x0000000712dd0000, 0x00000007aacb0000)
  object space 302912K, 62% used [0x0000000700600000,0x000000070bf43678,0x0000000712dd0000)
 PSPermGen       total 37696K, used 18261K [0x00000006fb400000, 0x00000006fd8d0000, 0x0000000700600000)
  object space 37696K, 48% used [0x00000006fb400000,0x00000006fc5d54e8,0x00000006fd8d0000)
Event: 23.024 GC heap after
Heap after GC invocations=25 (full 4):
 PSYoungGen      total 728576K, used 256K [0x00000007aacb0000, 0x00000007e3fb0000, 0x0000000800000000)
  eden space 641472K, 0% used [0x00000007aacb0000,0x00000007aacb0000,0x00000007d1f20000)
  from space 87104K, 0% used [0x00000007d1f20000,0x00000007d1f60000,0x00000007d7430000)
  to   space 89344K, 0% used [0x00000007de870000,0x00000007de870000,0x00000007e3fb0000)
 ParOldGen       total 302912K, used 189709K [0x0000000700600000, 0x0000000712dd0000, 0x00000007aacb0000)
  object space 302912K, 62% used [0x0000000700600000,0x000000070bf43678,0x0000000712dd0000)
 PSPermGen       total 37696K, used 18261K [0x00000006fb400000, 0x00000006fd8d0000, 0x0000000700600000)
  object space 37696K, 48% used [0x00000006fb400000,0x00000006fc5d54e8,0x00000006fd8d0000)
}
Event: 26.392 GC heap before
{Heap before GC invocations=26 (full 5):
 PSYoungGen      total 728576K, used 641402K [0x00000007aacb0000, 0x00000007e3fb0000, 0x0000000800000000)
  eden space 641472K, 99% used [0x00000007aacb0000,0x00000007d1ecea28,0x00000007d1f20000)
  from space 87104K, 0% used [0x00000007d1f20000,0x00000007d1f60000,0x00000007d7430000)
  to   space 89344K, 0% used [0x00000007de870000,0x00000007de870000,0x00000007e3fb0000)
 ParOldGen       total 495424K, used 495292K [0x0000000700600000, 0x000000071e9d0000, 0x00000007aacb0000)
  object space 495424K, 99% used [0x0000000700600000,0x000000071e9af3a8,0x000000071e9d0000)
 PSPermGen       total 37696K, used 18292K [0x00000006fb400000, 0x00000006fd8d0000, 0x0000000700600000)
  object space 37696K, 48% used [0x00000006fb400000,0x00000006fc5dd238,0x00000006fd8d0000)
Event: 26.438 GC heap after
Heap after GC invocations=26 (full 5):
 PSYoungGen      total 728576K, used 0K [0x00000007aacb0000, 0x00000007e3fb0000, 0x0000000800000000)
  eden space 641472K, 0% used [0x00000007aacb0000,0x00000007aacb0000,0x00000007d1f20000)
  from space 87104K, 0% used [0x00000007d1f20000,0x00000007d1f20000,0x00000007d7430000)
  to   space 89344K, 0% used [0x00000007de870000,0x00000007de870000,0x00000007e3fb0000)
 ParOldGen       total 328448K, used 64457K [0x0000000700600000, 0x00000007146c0000, 0x00000007aacb0000)
  object space 328448K, 19% used [0x0000000700600000,0x00000007044f27b0,0x00000007146c0000)
 PSPermGen       total 36096K, used 18292K [0x00000006fb400000, 0x00000006fd740000, 0x0000000700600000)
  object space 36096K, 50% used [0x00000006fb400000,0x00000006fc5dd198,0x00000006fd740000)
}
Event: 28.324 GC heap before
{Heap before GC invocations=27 (full 5):
 PSYoungGen      total 728576K, used 641472K [0x00000007aacb0000, 0x00000007e3fb0000, 0x0000000800000000)
  eden space 641472K, 100% used [0x00000007aacb0000,0x00000007d1f20000,0x00000007d1f20000)
  from space 87104K, 0% used [0x00000007d1f20000,0x00000007d1f20000,0x00000007d7430000)
  to   space 89344K, 0% used [0x00000007de870000,0x00000007de870000,0x00000007e3fb0000)
 ParOldGen       total 328448K, used 138863K [0x0000000700600000, 0x00000007146c0000, 0x00000007aacb0000)
  object space 328448K, 42% used [0x0000000700600000,0x0000000708d9bec0,0x00000007146c0000)
 PSPermGen       total 36096K, used 18297K [0x00000006fb400000, 0x00000006fd740000, 0x0000000700600000)
  object space 36096K, 50% used [0x00000006fb400000,0x00000006fc5de718,0x00000006fd740000)
Event: 28.325 GC heap after
Heap after GC invocations=27 (full 5):
 PSYoungGen      total 824320K, used 224K [0x00000007aacb0000, 0x00000007e3530000, 0x0000000800000000)
  eden space 745728K, 0% used [0x00000007aacb0000,0x00000007aacb0000,0x00000007d84f0000)
  from space 78592K, 0% used [0x00000007de870000,0x00000007de8a8000,0x00000007e3530000)
  to   space 90240K, 0% used [0x00000007d84f0000,0x00000007d84f0000,0x00000007ddd10000)
 ParOldGen       total 328448K, used 138863K [0x0000000700600000, 0x00000007146c0000, 0x00000007aacb0000)
  object space 328448K, 42% used [0x0000000700600000,0x0000000708d9bec0,0x00000007146c0000)
 PSPermGen       total 36096K, used 18297K [0x00000006fb400000, 0x00000006fd740000, 0x0000000700600000)
  object space 36096K, 50% used [0x00000006fb400000,0x00000006fc5de718,0x00000006fd740000)
}
Event: 29.894 GC heap before
{Heap before GC invocations=28 (full 5):
 PSYoungGen      total 824320K, used 745862K [0x00000007aacb0000, 0x00000007e3530000, 0x0000000800000000)
  eden space 745728K, 99% used [0x00000007aacb0000,0x00000007d84d9990,0x00000007d84f0000)
  from space 78592K, 0% used [0x00000007de870000,0x00000007de8a8000,0x00000007e3530000)
  to   space 90240K, 0% used [0x00000007d84f0000,0x00000007d84f0000,0x00000007ddd10000)
 ParOldGen       total 328448K, used 139001K [0x0000000700600000, 0x00000007146c0000, 0x00000007aacb0000)
  object space 328448K, 42% used [0x0000000700600000,0x0000000708dbe598,0x00000007146c0000)
 PSPermGen       total 36096K, used 18299K [0x00000006fb400000, 0x00000006fd740000, 0x0000000700600000)
  object space 36096K, 50% used [0x00000006fb400000,0x00000006fc5deec8,0x00000006fd740000)
Event: 29.896 GC heap after
Heap after GC invocations=28 (full 5):
 PSYoungGen      total 835968K, used 16890K [0x00000007aacb0000, 0x00000007e9700000, 0x0000000800000000)
  eden space 745728K, 0% used [0x00000007aacb0000,0x00000007aacb0000,0x00000007d84f0000)
  from space 90240K, 18% used [0x00000007d84f0000,0x00000007d956e850,0x00000007ddd10000)
  to   space 87232K, 0% used [0x00000007e41d0000,0x00000007e41d0000,0x00000007e9700000)
 ParOldGen       total 328448K, used 139001K [0x0000000700600000, 0x00000007146c0000, 0x00000007aacb0000)
  object space 328448K, 42% used [0x0000000700600000,0x0000000708dbe598,0x00000007146c0000)
 PSPermGen       total 36096K, used 18299K [0x00000006fb400000, 0x00000006fd740000, 0x0000000700600000)
  object space 36096K, 50% used [0x00000006fb400000,0x00000006fc5deec8,0x00000006fd740000)
}
Event: 31.623 GC heap before
{Heap before GC invocations=29 (full 5):
 PSYoungGen      total 835968K, used 762618K [0x00000007aacb0000, 0x00000007e9700000, 0x0000000800000000)
  eden space 745728K, 100% used [0x00000007aacb0000,0x00000007d84f0000,0x00000007d84f0000)
  from space 90240K, 18% used [0x00000007d84f0000,0x00000007d956e850,0x00000007ddd10000)
  to   space 87232K, 0% used [0x00000007e41d0000,0x00000007e41d0000,0x00000007e9700000)
 ParOldGen       total 328448K, used 224553K [0x0000000700600000, 0x00000007146c0000, 0x00000007aacb0000)
  object space 328448K, 68% used [0x0000000700600000,0x000000070e14a5d8,0x00000007146c0000)
 PSPermGen       total 36096K, used 18303K [0x00000006fb400000, 0x00000006fd740000, 0x0000000700600000)
  object space 36096K, 50% used [0x00000006fb400000,0x00000006fc5dfe70,0x00000006fd740000)
Event: 31.624 GC heap after
Heap after GC invocations=29 (full 5):
 PSYoungGen      total 906624K, used 192K [0x00000007aacb0000, 0x00000007e86e0000, 0x0000000800000000)
  eden space 835904K, 0% used [0x00000007aacb0000,0x00000007aacb0000,0x00000007ddd00000)
  from space 70720K, 0% used [0x00000007e41d0000,0x00000007e4200000,0x00000007e86e0000)
  to   space 86976K, 0% used [0x00000007ddd00000,0x00000007ddd00000,0x00000007e31f0000)
 ParOldGen       total 328448K, used 224553K [0x0000000700600000, 0x00000007146c0000, 0x00000007aacb0000)
  object space 328448K, 68% used [0x0000000700600000,0x000000070e14a5d8,0x00000007146c0000)
 PSPermGen       total 36096K, used 18303K [0x00000006fb400000, 0x00000006fd740000, 0x0000000700600000)
  object space 36096K, 50% used [0x00000006fb400000,0x00000006fc5dfe70,0x00000006fd740000)
}

