# JRE version: 7.0_07-b11
# Java VM: Java HotSpot(TM) 64-Bit Server VM (23.3-b01 mixed mode windows-amd64 compressed oops)
Heap
 PSYoungGen      total 569344K, used 390598K [0x00000007aacb0000, 0x00000007dec80000, 0x0000000800000000)
  eden space 519552K, 65% used [0x00000007aacb0000,0x00000007bfaf9c28,0x00000007ca810000)
  from space 49792K, 96% used [0x00000007ca810000,0x00000007cd737f88,0x00000007cd8b0000)
  to   space 54144K, 0% used [0x00000007db7a0000,0x00000007db7a0000,0x00000007dec80000)
 ParOldGen       total 154560K, used 40585K [0x0000000700600000, 0x0000000709cf0000, 0x00000007aacb0000)
  object space 154560K, 26% used [0x0000000700600000,0x0000000702da24a0,0x0000000709cf0000)
 PSPermGen       total 36288K, used 18034K [0x00000006fb400000, 0x00000006fd770000, 0x0000000700600000)
  object space 36288K, 49% used [0x00000006fb400000,0x00000006fc59cbb0,0x00000006fd770000)
GC Heap History (10 events):
Event: 4.129 GC heap before
{Heap before GC invocations=6 (full 0):
 PSYoungGen      total 141824K, used 138217K [0x00000007aacb0000, 0x00000007c0bb0000, 0x0000000800000000)
  eden space 130944K, 97% used [0x00000007aacb0000,0x00000007b290b668,0x00000007b2c90000)
  from space 10880K, 99% used [0x00000007b2c90000,0x00000007b372f000,0x00000007b3730000)
  to   space 48768K, 0% used [0x00000007bdc10000,0x00000007bdc10000,0x00000007c0bb0000)
 ParOldGen       total 174528K, used 100363K [0x0000000700600000, 0x000000070b070000, 0x00000007aacb0000)
  object space 174528K, 57% used [0x0000000700600000,0x0000000706802cf8,0x000000070b070000)
 PSPermGen       total 21248K, used 17780K [0x00000006fb400000, 0x00000006fc8c0000, 0x0000000700600000)
  object space 21248K, 83% used [0x00000006fb400000,0x00000006fc55d3f0,0x00000006fc8c0000)
Event: 4.138 GC heap after
Heap after GC invocations=6 (full 0):
 PSYoungGen      total 305280K, used 30481K [0x00000007aacb0000, 0x00000007c0670000, 0x0000000800000000)
  eden space 261888K, 0% used [0x00000007aacb0000,0x00000007aacb0000,0x00000007bac70000)
  from space 43392K, 70% used [0x00000007bdc10000,0x00000007bf9d47a0,0x00000007c0670000)
  to   space 46080K, 0% used [0x00000007bac70000,0x00000007bac70000,0x00000007bd970000)
 ParOldGen       total 174528K, used 100371K [0x0000000700600000, 0x000000070b070000, 0x00000007aacb0000)
  object space 174528K, 57% used [0x0000000700600000,0x0000000706804cf8,0x000000070b070000)
 PSPermGen       total 21248K, used 17780K [0x00000006fb400000, 0x00000006fc8c0000, 0x0000000700600000)
  object space 21248K, 83% used [0x00000006fb400000,0x00000006fc55d3f0,0x00000006fc8c0000)
}
Event: 4.939 GC heap before
{Heap before GC invocations=7 (full 0):
 PSYoungGen      total 305280K, used 288805K [0x00000007aacb0000, 0x00000007c0670000, 0x0000000800000000)
  eden space 261888K, 98% used [0x00000007aacb0000,0x00000007ba8f5048,0x00000007bac70000)
  from space 43392K, 70% used [0x00000007bdc10000,0x00000007bf9d47a0,0x00000007c0670000)
  to   space 46080K, 0% used [0x00000007bac70000,0x00000007bac70000,0x00000007bd970000)
 ParOldGen       total 174528K, used 100371K [0x0000000700600000, 0x000000070b070000, 0x00000007aacb0000)
  object space 174528K, 57% used [0x0000000700600000,0x0000000706804cf8,0x000000070b070000)
 PSPermGen       total 21248K, used 17993K [0x00000006fb400000, 0x00000006fc8c0000, 0x0000000700600000)
  object space 21248K, 84% used [0x00000006fb400000,0x00000006fc5924d8,0x00000006fc8c0000)
Event: 4.950 GC heap after
Heap after GC invocations=7 (full 0):
 PSYoungGen      total 307968K, used 34187K [0x00000007aacb0000, 0x00000007d0530000, 0x0000000800000000)
  eden space 261888K, 0% used [0x00000007aacb0000,0x00000007aacb0000,0x00000007bac70000)
  from space 46080K, 74% used [0x00000007bac70000,0x00000007bcdd2ef8,0x00000007bd970000)
  to   space 45568K, 0% used [0x00000007cd8b0000,0x00000007cd8b0000,0x00000007d0530000)
 ParOldGen       total 174528K, used 103925K [0x0000000700600000, 0x000000070b070000, 0x00000007aacb0000)
  object space 174528K, 59% used [0x0000000700600000,0x0000000706b7d580,0x000000070b070000)
 PSPermGen       total 21248K, used 17993K [0x00000006fb400000, 0x00000006fc8c0000, 0x0000000700600000)
  object space 21248K, 84% used [0x00000006fb400000,0x00000006fc5924d8,0x00000006fc8c0000)
}
Event: 5.440 GC heap before
{Heap before GC invocations=8 (full 0):
 PSYoungGen      total 307968K, used 293717K [0x00000007aacb0000, 0x00000007d0530000, 0x0000000800000000)
  eden space 261888K, 99% used [0x00000007aacb0000,0x00000007baa22810,0x00000007bac70000)
  from space 46080K, 74% used [0x00000007bac70000,0x00000007bcdd2ef8,0x00000007bd970000)
  to   space 45568K, 0% used [0x00000007cd8b0000,0x00000007cd8b0000,0x00000007d0530000)
 ParOldGen       total 174528K, used 103925K [0x0000000700600000, 0x000000070b070000, 0x00000007aacb0000)
  object space 174528K, 59% used [0x0000000700600000,0x0000000706b7d580,0x000000070b070000)
 PSPermGen       total 21248K, used 17994K [0x00000006fb400000, 0x00000006fc8c0000, 0x0000000700600000)
  object space 21248K, 84% used [0x00000006fb400000,0x00000006fc592900,0x00000006fc8c0000)
Event: 5.458 GC heap after
Heap after GC invocations=8 (full 0):
 PSYoungGen      total 565120K, used 44863K [0x00000007aacb0000, 0x00000007d0d70000, 0x0000000800000000)
  eden space 519552K, 0% used [0x00000007aacb0000,0x00000007aacb0000,0x00000007ca810000)
  from space 45568K, 98% used [0x00000007cd8b0000,0x00000007d047fc98,0x00000007d0530000)
  to   space 49792K, 0% used [0x00000007ca810000,0x00000007ca810000,0x00000007cd8b0000)
 ParOldGen       total 174528K, used 135442K [0x0000000700600000, 0x000000070b070000, 0x00000007aacb0000)
  object space 174528K, 77% used [0x0000000700600000,0x0000000708a44bf0,0x000000070b070000)
 PSPermGen       total 21248K, used 17994K [0x00000006fb400000, 0x00000006fc8c0000, 0x0000000700600000)
  object space 21248K, 84% used [0x00000006fb400000,0x00000006fc592900,0x00000006fc8c0000)
}
Event: 5.458 GC heap before
{Heap before GC invocations=9 (full 1):
 PSYoungGen      total 565120K, used 44863K [0x00000007aacb0000, 0x00000007d0d70000, 0x0000000800000000)
  eden space 519552K, 0% used [0x00000007aacb0000,0x00000007aacb0000,0x00000007ca810000)
  from space 45568K, 98% used [0x00000007cd8b0000,0x00000007d047fc98,0x00000007d0530000)
  to   space 49792K, 0% used [0x00000007ca810000,0x00000007ca810000,0x00000007cd8b0000)
 ParOldGen       total 174528K, used 135442K [0x0000000700600000, 0x000000070b070000, 0x00000007aacb0000)
  object space 174528K, 77% used [0x0000000700600000,0x0000000708a44bf0,0x000000070b070000)
 PSPermGen       total 21248K, used 17994K [0x00000006fb400000, 0x00000006fc8c0000, 0x0000000700600000)
  object space 21248K, 84% used [0x00000006fb400000,0x00000006fc592900,0x00000006fc8c0000)
Event: 5.507 GC heap after
Heap after GC invocations=9 (full 1):
 PSYoungGen      total 565120K, used 0K [0x00000007aacb0000, 0x00000007d0d70000, 0x0000000800000000)
  eden space 519552K, 0% used [0x00000007aacb0000,0x00000007aacb0000,0x00000007ca810000)
  from space 45568K, 0% used [0x00000007cd8b0000,0x00000007cd8b0000,0x00000007d0530000)
  to   space 49792K, 0% used [0x00000007ca810000,0x00000007ca810000,0x00000007cd8b0000)
 ParOldGen       total 154560K, used 28691K [0x0000000700600000, 0x0000000709cf0000, 0x00000007aacb0000)
  object space 154560K, 18% used [0x0000000700600000,0x0000000702204dd8,0x0000000709cf0000)
 PSPermGen       total 36288K, used 17987K [0x00000006fb400000, 0x00000006fd770000, 0x0000000700600000)
  object space 36288K, 49% used [0x00000006fb400000,0x00000006fc590ed8,0x00000006fd770000)
}
Event: 6.507 GC heap before
{Heap before GC invocations=10 (full 1):
 PSYoungGen      total 565120K, used 516606K [0x00000007aacb0000, 0x00000007d0d70000, 0x0000000800000000)
  eden space 519552K, 99% used [0x00000007aacb0000,0x00000007ca52f860,0x00000007ca810000)
  from space 45568K, 0% used [0x00000007cd8b0000,0x00000007cd8b0000,0x00000007d0530000)
  to   space 49792K, 0% used [0x00000007ca810000,0x00000007ca810000,0x00000007cd8b0000)
 ParOldGen       total 154560K, used 28691K [0x0000000700600000, 0x0000000709cf0000, 0x00000007aacb0000)
  object space 154560K, 18% used [0x0000000700600000,0x0000000702204dd8,0x0000000709cf0000)
 PSPermGen       total 36288K, used 18009K [0x00000006fb400000, 0x00000006fd770000, 0x0000000700600000)
  object space 36288K, 49% used [0x00000006fb400000,0x00000006fc596450,0x00000006fd770000)
Event: 6.519 GC heap after
Heap after GC invocations=10 (full 1):
 PSYoungGen      total 569344K, used 48287K [0x00000007aacb0000, 0x00000007dec80000, 0x0000000800000000)
  eden space 519552K, 0% used [0x00000007aacb0000,0x00000007aacb0000,0x00000007ca810000)
  from space 49792K, 96% used [0x00000007ca810000,0x00000007cd737f88,0x00000007cd8b0000)
  to   space 54144K, 0% used [0x00000007db7a0000,0x00000007db7a0000,0x00000007dec80000)
 ParOldGen       total 154560K, used 40585K [0x0000000700600000, 0x0000000709cf0000, 0x00000007aacb0000)
  object space 154560K, 26% used [0x0000000700600000,0x0000000702da24a0,0x0000000709cf0000)
 PSPermGen       total 36288K, used 18009K [0x00000006fb400000, 0x00000006fd770000, 0x0000000700600000)
  object space 36288K, 49% used [0x00000006fb400000,0x00000006fc596450,0x00000006fd770000)
}

