# JRE version: 7.0_07-b11
# Java VM: Java HotSpot(TM) 64-Bit Server VM (23.3-b01 mixed mode windows-amd64 compressed oops)
Heap
 PSYoungGen      total 309824K, used 108185K [0x00000007aacb0000, 0x00000007c1190000, 0x0000000800000000)
  eden space 261888K, 30% used [0x00000007aacb0000,0x00000007afb42360,0x00000007bac70000)
  from space 47936K, 57% used [0x00000007be2c0000,0x00000007bfdd4130,0x00000007c1190000)
  to   space 51776K, 0% used [0x00000007bac70000,0x00000007bac70000,0x00000007bdf00000)
 ParOldGen       total 174528K, used 96376K [0x0000000700600000, 0x000000070b070000, 0x00000007aacb0000)
  object space 174528K, 55% used [0x0000000700600000,0x000000070641e3f0,0x000000070b070000)
 PSPermGen       total 21248K, used 17643K [0x00000006fb400000, 0x00000006fc8c0000, 0x0000000700600000)
  object space 21248K, 83% used [0x00000006fb400000,0x00000006fc53ad70,0x00000006fc8c0000)
GC Heap History (10 events):
Event: 4.938 GC heap before
{Heap before GC invocations=2 (full 0):
 PSYoungGen      total 76352K, used 73563K [0x00000007aacb0000, 0x00000007b01e0000, 0x0000000800000000)
  eden space 65472K, 95% used [0x00000007aacb0000,0x00000007ae9e8f08,0x00000007aeca0000)
  from space 10880K, 99% used [0x00000007aeca0000,0x00000007af73dea8,0x00000007af740000)
  to   space 10880K, 0% used [0x00000007af740000,0x00000007af740000,0x00000007b01e0000)
 ParOldGen       total 174528K, used 809K [0x0000000700600000, 0x000000070b070000, 0x00000007aacb0000)
  object space 174528K, 0% used [0x0000000700600000,0x00000007006ca610,0x000000070b070000)
 PSPermGen       total 21248K, used 17588K [0x00000006fb400000, 0x00000006fc8c0000, 0x0000000700600000)
  object space 21248K, 82% used [0x00000006fb400000,0x00000006fc52d0e8,0x00000006fc8c0000)
Event: 4.948 GC heap after
Heap after GC invocations=2 (full 0):
 PSYoungGen      total 76352K, used 10850K [0x00000007aacb0000, 0x00000007b01e0000, 0x0000000800000000)
  eden space 65472K, 0% used [0x00000007aacb0000,0x00000007aacb0000,0x00000007aeca0000)
  from space 10880K, 99% used [0x00000007af740000,0x00000007b01d8b80,0x00000007b01e0000)
  to   space 10880K, 0% used [0x00000007aeca0000,0x00000007aeca0000,0x00000007af740000)
 ParOldGen       total 174528K, used 22436K [0x0000000700600000, 0x000000070b070000, 0x00000007aacb0000)
  object space 174528K, 12% used [0x0000000700600000,0x0000000701be92d0,0x000000070b070000)
 PSPermGen       total 21248K, used 17588K [0x00000006fb400000, 0x00000006fc8c0000, 0x0000000700600000)
  object space 21248K, 82% used [0x00000006fb400000,0x00000006fc52d0e8,0x00000006fc8c0000)
}
Event: 5.305 GC heap before
{Heap before GC invocations=3 (full 0):
 PSYoungGen      total 76352K, used 74025K [0x00000007aacb0000, 0x00000007b01e0000, 0x0000000800000000)
  eden space 65472K, 96% used [0x00000007aacb0000,0x00000007aea61a78,0x00000007aeca0000)
  from space 10880K, 99% used [0x00000007af740000,0x00000007b01d8b80,0x00000007b01e0000)
  to   space 10880K, 0% used [0x00000007aeca0000,0x00000007aeca0000,0x00000007af740000)
 ParOldGen       total 174528K, used 22436K [0x0000000700600000, 0x000000070b070000, 0x00000007aacb0000)
  object space 174528K, 12% used [0x0000000700600000,0x0000000701be92d0,0x000000070b070000)
 PSPermGen       total 21248K, used 17634K [0x00000006fb400000, 0x00000006fc8c0000, 0x0000000700600000)
  object space 21248K, 82% used [0x00000006fb400000,0x00000006fc538b48,0x00000006fc8c0000)
Event: 5.314 GC heap after
Heap after GC invocations=3 (full 0):
 PSYoungGen      total 76352K, used 10850K [0x00000007aacb0000, 0x00000007b41d0000, 0x0000000800000000)
  eden space 65472K, 0% used [0x00000007aacb0000,0x00000007aacb0000,0x00000007aeca0000)
  from space 10880K, 99% used [0x00000007aeca0000,0x00000007af738b60,0x00000007af740000)
  to   space 10880K, 0% used [0x00000007b3730000,0x00000007b3730000,0x00000007b41d0000)
 ParOldGen       total 174528K, used 43105K [0x0000000700600000, 0x000000070b070000, 0x00000007aacb0000)
  object space 174528K, 24% used [0x0000000700600000,0x00000007030185d0,0x000000070b070000)
 PSPermGen       total 21248K, used 17634K [0x00000006fb400000, 0x00000006fc8c0000, 0x0000000700600000)
  object space 21248K, 82% used [0x00000006fb400000,0x00000006fc538b48,0x00000006fc8c0000)
}
Event: 5.634 GC heap before
{Heap before GC invocations=4 (full 0):
 PSYoungGen      total 76352K, used 72905K [0x00000007aacb0000, 0x00000007b41d0000, 0x0000000800000000)
  eden space 65472K, 94% used [0x00000007aacb0000,0x00000007ae949c88,0x00000007aeca0000)
  from space 10880K, 99% used [0x00000007aeca0000,0x00000007af738b60,0x00000007af740000)
  to   space 10880K, 0% used [0x00000007b3730000,0x00000007b3730000,0x00000007b41d0000)
 ParOldGen       total 174528K, used 43105K [0x0000000700600000, 0x000000070b070000, 0x00000007aacb0000)
  object space 174528K, 24% used [0x0000000700600000,0x00000007030185d0,0x000000070b070000)
 PSPermGen       total 21248K, used 17636K [0x00000006fb400000, 0x00000006fc8c0000, 0x0000000700600000)
  object space 21248K, 83% used [0x00000006fb400000,0x00000006fc539020,0x00000006fc8c0000)
Event: 5.645 GC heap after
Heap after GC invocations=4 (full 0):
 PSYoungGen      total 141824K, used 10866K [0x00000007aacb0000, 0x00000007b41d0000, 0x0000000800000000)
  eden space 130944K, 0% used [0x00000007aacb0000,0x00000007aacb0000,0x00000007b2c90000)
  from space 10880K, 99% used [0x00000007b3730000,0x00000007b41ccb70,0x00000007b41d0000)
  to   space 10880K, 0% used [0x00000007b2c90000,0x00000007b2c90000,0x00000007b3730000)
 ParOldGen       total 174528K, used 78151K [0x0000000700600000, 0x000000070b070000, 0x00000007aacb0000)
  object space 174528K, 44% used [0x0000000700600000,0x0000000705251fc0,0x000000070b070000)
 PSPermGen       total 21248K, used 17636K [0x00000006fb400000, 0x00000006fc8c0000, 0x0000000700600000)
  object space 21248K, 83% used [0x00000006fb400000,0x00000006fc539020,0x00000006fc8c0000)
}
Event: 6.338 GC heap before
{Heap before GC invocations=5 (full 0):
 PSYoungGen      total 141824K, used 140157K [0x00000007aacb0000, 0x00000007b41d0000, 0x0000000800000000)
  eden space 130944K, 98% used [0x00000007aacb0000,0x00000007b2af2c10,0x00000007b2c90000)
  from space 10880K, 99% used [0x00000007b3730000,0x00000007b41ccb70,0x00000007b41d0000)
  to   space 10880K, 0% used [0x00000007b2c90000,0x00000007b2c90000,0x00000007b3730000)
 ParOldGen       total 174528K, used 78151K [0x0000000700600000, 0x000000070b070000, 0x00000007aacb0000)
  object space 174528K, 44% used [0x0000000700600000,0x0000000705251fc0,0x000000070b070000)
 PSPermGen       total 21248K, used 17638K [0x00000006fb400000, 0x00000006fc8c0000, 0x0000000700600000)
  object space 21248K, 83% used [0x00000006fb400000,0x00000006fc539830,0x00000006fc8c0000)
Event: 6.346 GC heap after
Heap after GC invocations=5 (full 0):
 PSYoungGen      total 141824K, used 9519K [0x00000007aacb0000, 0x00000007c1910000, 0x0000000800000000)
  eden space 130944K, 0% used [0x00000007aacb0000,0x00000007aacb0000,0x00000007b2c90000)
  from space 10880K, 87% used [0x00000007b2c90000,0x00000007b35dbd10,0x00000007b3730000)
  to   space 55616K, 0% used [0x00000007be2c0000,0x00000007be2c0000,0x00000007c1910000)
 ParOldGen       total 174528K, used 96376K [0x0000000700600000, 0x000000070b070000, 0x00000007aacb0000)
  object space 174528K, 55% used [0x0000000700600000,0x000000070641e3f0,0x000000070b070000)
 PSPermGen       total 21248K, used 17638K [0x00000006fb400000, 0x00000006fc8c0000, 0x0000000700600000)
  object space 21248K, 83% used [0x00000006fb400000,0x00000006fc539830,0x00000006fc8c0000)
}
Event: 7.034 GC heap before
{Heap before GC invocations=6 (full 0):
 PSYoungGen      total 141824K, used 138222K [0x00000007aacb0000, 0x00000007c1910000, 0x0000000800000000)
  eden space 130944K, 98% used [0x00000007aacb0000,0x00000007b2a5fb10,0x00000007b2c90000)
  from space 10880K, 87% used [0x00000007b2c90000,0x00000007b35dbd10,0x00000007b3730000)
  to   space 55616K, 0% used [0x00000007be2c0000,0x00000007be2c0000,0x00000007c1910000)
 ParOldGen       total 174528K, used 96376K [0x0000000700600000, 0x000000070b070000, 0x00000007aacb0000)
  object space 174528K, 55% used [0x0000000700600000,0x000000070641e3f0,0x000000070b070000)
 PSPermGen       total 21248K, used 17639K [0x00000006fb400000, 0x00000006fc8c0000, 0x0000000700600000)
  object space 21248K, 83% used [0x00000006fb400000,0x00000006fc539cd8,0x00000006fc8c0000)
Event: 7.042 GC heap after
Heap after GC invocations=6 (full 0):
 PSYoungGen      total 309824K, used 27728K [0x00000007aacb0000, 0x00000007c1190000, 0x0000000800000000)
  eden space 261888K, 0% used [0x00000007aacb0000,0x00000007aacb0000,0x00000007bac70000)
  from space 47936K, 57% used [0x00000007be2c0000,0x00000007bfdd4130,0x00000007c1190000)
  to   space 51776K, 0% used [0x00000007bac70000,0x00000007bac70000,0x00000007bdf00000)
 ParOldGen       total 174528K, used 96376K [0x0000000700600000, 0x000000070b070000, 0x00000007aacb0000)
  object space 174528K, 55% used [0x0000000700600000,0x000000070641e3f0,0x000000070b070000)
 PSPermGen       total 21248K, used 17639K [0x00000006fb400000, 0x00000006fc8c0000, 0x0000000700600000)
  object space 21248K, 83% used [0x00000006fb400000,0x00000006fc539cd8,0x00000006fc8c0000)
}

