# JRE version: 7.0_07-b11
# Java VM: Java HotSpot(TM) 64-Bit Server VM (23.3-b01 mixed mode windows-amd64 compressed oops)
Heap
 PSYoungGen      total 1328448K, used 729139K [0x00000007aacb0000, 0x0000000800000000, 0x0000000800000000)
  eden space 1292864K, 56% used [0x00000007aacb0000,0x00000007d7484c48,0x00000007f9b40000)
  from space 35584K, 0% used [0x00000007f9b40000,0x00000007f9b78000,0x00000007fbe00000)
  to   space 37952K, 0% used [0x00000007fdaf0000,0x00000007fdaf0000,0x0000000800000000)
 ParOldGen       total 218112K, used 137712K [0x0000000700600000, 0x000000070db00000, 0x00000007aacb0000)
  object space 218112K, 63% used [0x0000000700600000,0x0000000708c7c338,0x000000070db00000)
 PSPermGen       total 39808K, used 18141K [0x00000006fb400000, 0x00000006fdae0000, 0x0000000700600000)
  object space 39808K, 45% used [0x00000006fb400000,0x00000006fc5b76d8,0x00000006fdae0000)
GC Heap History (10 events):
Event: 10.847 GC heap before
{Heap before GC invocations=12 (full 1):
 PSYoungGen      total 866496K, used 14970K [0x00000007aacb0000, 0x0000000800000000, 0x0000000800000000)
  eden space 835520K, 0% used [0x00000007aacb0000,0x00000007aacb0000,0x00000007ddca0000)
  from space 30976K, 48% used [0x00000007ddca0000,0x00000007deb3eb30,0x00000007dfae0000)
  to   space 32256K, 0% used [0x00000007fe080000,0x00000007fe080000,0x0000000800000000)
 ParOldGen       total 174528K, used 162511K [0x0000000700600000, 0x000000070b070000, 0x00000007aacb0000)
  object space 174528K, 93% used [0x0000000700600000,0x000000070a4b3da8,0x000000070b070000)
 PSPermGen       total 21248K, used 18095K [0x00000006fb400000, 0x00000006fc8c0000, 0x0000000700600000)
  object space 21248K, 85% used [0x00000006fb400000,0x00000006fc5abdf0,0x00000006fc8c0000)
Event: 10.910 GC heap after
Heap after GC invocations=12 (full 1):
 PSYoungGen      total 866496K, used 0K [0x00000007aacb0000, 0x0000000800000000, 0x0000000800000000)
  eden space 835520K, 0% used [0x00000007aacb0000,0x00000007aacb0000,0x00000007ddca0000)
  from space 30976K, 0% used [0x00000007ddca0000,0x00000007ddca0000,0x00000007dfae0000)
  to   space 32256K, 0% used [0x00000007fe080000,0x00000007fe080000,0x0000000800000000)
 ParOldGen       total 139904K, used 28456K [0x0000000700600000, 0x0000000708ea0000, 0x00000007aacb0000)
  object space 139904K, 20% used [0x0000000700600000,0x00000007021ca0c8,0x0000000708ea0000)
 PSPermGen       total 36736K, used 18088K [0x00000006fb400000, 0x00000006fd7e0000, 0x0000000700600000)
  object space 36736K, 49% used [0x00000006fb400000,0x00000006fc5aa358,0x00000006fd7e0000)
}
Event: 12.817 GC heap before
{Heap before GC invocations=13 (full 2):
 PSYoungGen      total 866496K, used 835520K [0x00000007aacb0000, 0x0000000800000000, 0x0000000800000000)
  eden space 835520K, 100% used [0x00000007aacb0000,0x00000007ddca0000,0x00000007ddca0000)
  from space 30976K, 0% used [0x00000007ddca0000,0x00000007ddca0000,0x00000007dfae0000)
  to   space 32256K, 0% used [0x00000007fe080000,0x00000007fe080000,0x0000000800000000)
 ParOldGen       total 154752K, used 154640K [0x0000000700600000, 0x0000000709d20000, 0x00000007aacb0000)
  object space 154752K, 99% used [0x0000000700600000,0x0000000709d04008,0x0000000709d20000)
 PSPermGen       total 36736K, used 18092K [0x00000006fb400000, 0x00000006fd7e0000, 0x0000000700600000)
  object space 36736K, 49% used [0x00000006fb400000,0x00000006fc5ab0b0,0x00000006fd7e0000)
Event: 12.850 GC heap after
Heap after GC invocations=13 (full 2):
 PSYoungGen      total 866496K, used 0K [0x00000007aacb0000, 0x0000000800000000, 0x0000000800000000)
  eden space 835520K, 0% used [0x00000007aacb0000,0x00000007aacb0000,0x00000007ddca0000)
  from space 30976K, 0% used [0x00000007ddca0000,0x00000007ddca0000,0x00000007dfae0000)
  to   space 32256K, 0% used [0x00000007fe080000,0x00000007fe080000,0x0000000800000000)
 ParOldGen       total 178496K, used 28598K [0x0000000700600000, 0x000000070b450000, 0x00000007aacb0000)
  object space 178496K, 16% used [0x0000000700600000,0x00000007021eda10,0x000000070b450000)
 PSPermGen       total 41024K, used 18092K [0x00000006fb400000, 0x00000006fdc10000, 0x0000000700600000)
  object space 41024K, 44% used [0x00000006fb400000,0x00000006fc5ab070,0x00000006fdc10000)
}
Event: 14.720 GC heap before
{Heap before GC invocations=14 (full 2):
 PSYoungGen      total 866496K, used 835520K [0x00000007aacb0000, 0x0000000800000000, 0x0000000800000000)
  eden space 835520K, 100% used [0x00000007aacb0000,0x00000007ddca0000,0x00000007ddca0000)
  from space 30976K, 0% used [0x00000007ddca0000,0x00000007ddca0000,0x00000007dfae0000)
  to   space 32256K, 0% used [0x00000007fe080000,0x00000007fe080000,0x0000000800000000)
 ParOldGen       total 178496K, used 143139K [0x0000000700600000, 0x000000070b450000, 0x00000007aacb0000)
  object space 178496K, 80% used [0x0000000700600000,0x00000007091c8e70,0x000000070b450000)
 PSPermGen       total 41024K, used 18095K [0x00000006fb400000, 0x00000006fdc10000, 0x0000000700600000)
  object space 41024K, 44% used [0x00000006fb400000,0x00000006fc5abea8,0x00000006fdc10000)
Event: 14.721 GC heap after
Heap after GC invocations=14 (full 2):
 PSYoungGen      total 1074624K, used 256K [0x00000007aacb0000, 0x00000007fe0c0000, 0x0000000800000000)
  eden space 1074368K, 0% used [0x00000007aacb0000,0x00000007aacb0000,0x00000007ec5e0000)
  from space 256K, 100% used [0x00000007fe080000,0x00000007fe0c0000,0x00000007fe0c0000)
  to   space 35584K, 0% used [0x00000007f9b40000,0x00000007f9b40000,0x00000007fbe00000)
 ParOldGen       total 178496K, used 143139K [0x0000000700600000, 0x000000070b450000, 0x00000007aacb0000)
  object space 178496K, 80% used [0x0000000700600000,0x00000007091c8e70,0x000000070b450000)
 PSPermGen       total 41024K, used 18095K [0x00000006fb400000, 0x00000006fdc10000, 0x0000000700600000)
  object space 41024K, 44% used [0x00000006fb400000,0x00000006fc5abea8,0x00000006fdc10000)
}
Event: 17.050 GC heap before
{Heap before GC invocations=15 (full 3):
 PSYoungGen      total 1074624K, used 1074624K [0x00000007aacb0000, 0x00000007fe0c0000, 0x0000000800000000)
  eden space 1074368K, 100% used [0x00000007aacb0000,0x00000007ec5e0000,0x00000007ec5e0000)
  from space 256K, 100% used [0x00000007fe080000,0x00000007fe0c0000,0x00000007fe0c0000)
  to   space 35584K, 0% used [0x00000007f9b40000,0x00000007f9b40000,0x00000007fbe00000)
 ParOldGen       total 221248K, used 221230K [0x0000000700600000, 0x000000070de10000, 0x00000007aacb0000)
  object space 221248K, 99% used [0x0000000700600000,0x000000070de0b9b0,0x000000070de10000)
 PSPermGen       total 41024K, used 18104K [0x00000006fb400000, 0x00000006fdc10000, 0x0000000700600000)
  object space 41024K, 44% used [0x00000006fb400000,0x00000006fc5ae300,0x00000006fdc10000)
Event: 17.098 GC heap after
Heap after GC invocations=15 (full 3):
 PSYoungGen      total 1074624K, used 0K [0x00000007aacb0000, 0x00000007fe0c0000, 0x0000000800000000)
  eden space 1074368K, 0% used [0x00000007aacb0000,0x00000007aacb0000,0x00000007ec5e0000)
  from space 256K, 0% used [0x00000007fe080000,0x00000007fe080000,0x00000007fe0c0000)
  to   space 35584K, 0% used [0x00000007f9b40000,0x00000007f9b40000,0x00000007fbe00000)
 ParOldGen       total 218112K, used 28488K [0x0000000700600000, 0x000000070db00000, 0x00000007aacb0000)
  object space 218112K, 13% used [0x0000000700600000,0x00000007021d2188,0x000000070db00000)
 PSPermGen       total 39808K, used 18104K [0x00000006fb400000, 0x00000006fdae0000, 0x0000000700600000)
  object space 39808K, 45% used [0x00000006fb400000,0x00000006fc5ae280,0x00000006fdae0000)
}
Event: 19.424 GC heap before
{Heap before GC invocations=16 (full 3):
 PSYoungGen      total 1074624K, used 1074368K [0x00000007aacb0000, 0x00000007fe0c0000, 0x0000000800000000)
  eden space 1074368K, 100% used [0x00000007aacb0000,0x00000007ec5e0000,0x00000007ec5e0000)
  from space 256K, 0% used [0x00000007fe080000,0x00000007fe080000,0x00000007fe0c0000)
  to   space 35584K, 0% used [0x00000007f9b40000,0x00000007f9b40000,0x00000007fbe00000)
 ParOldGen       total 218112K, used 137712K [0x0000000700600000, 0x000000070db00000, 0x00000007aacb0000)
  object space 218112K, 63% used [0x0000000700600000,0x0000000708c7c338,0x000000070db00000)
 PSPermGen       total 39808K, used 18131K [0x00000006fb400000, 0x00000006fdae0000, 0x0000000700600000)
  object space 39808K, 45% used [0x00000006fb400000,0x00000006fc5b4ef0,0x00000006fdae0000)
Event: 19.425 GC heap after
Heap after GC invocations=16 (full 3):
 PSYoungGen      total 1328448K, used 224K [0x00000007aacb0000, 0x0000000800000000, 0x0000000800000000)
  eden space 1292864K, 0% used [0x00000007aacb0000,0x00000007aacb0000,0x00000007f9b40000)
  from space 35584K, 0% used [0x00000007f9b40000,0x00000007f9b78000,0x00000007fbe00000)
  to   space 37952K, 0% used [0x00000007fdaf0000,0x00000007fdaf0000,0x0000000800000000)
 ParOldGen       total 218112K, used 137712K [0x0000000700600000, 0x000000070db00000, 0x00000007aacb0000)
  object space 218112K, 63% used [0x0000000700600000,0x0000000708c7c338,0x000000070db00000)
 PSPermGen       total 39808K, used 18131K [0x00000006fb400000, 0x00000006fdae0000, 0x0000000700600000)
  object space 39808K, 45% used [0x00000006fb400000,0x00000006fc5b4ef0,0x00000006fdae0000)
}

