# JRE version: 7.0_07-b11
# Java VM: Java HotSpot(TM) 64-Bit Server VM (23.3-b01 mixed mode windows-amd64 compressed oops)
Heap
 PSYoungGen      total 198976K, used 40957K [0x00000007aacb0000, 0x00000007b9dc0000, 0x0000000800000000)
  eden space 161600K, 18% used [0x00000007aacb0000,0x00000007aca6c698,0x00000007b4a80000)
  from space 37376K, 28% used [0x00000007b7940000,0x00000007b8382e70,0x00000007b9dc0000)
  to   space 42624K, 0% used [0x00000007b4a80000,0x00000007b4a80000,0x00000007b7420000)
 ParOldGen       total 174528K, used 65119K [0x0000000700600000, 0x000000070b070000, 0x00000007aacb0000)
  object space 174528K, 37% used [0x0000000700600000,0x0000000704597eb0,0x000000070b070000)
 PSPermGen       total 21248K, used 17949K [0x00000006fb400000, 0x00000006fc8c0000, 0x0000000700600000)
  object space 21248K, 84% used [0x00000006fb400000,0x00000006fc587678,0x00000006fc8c0000)
GC Heap History (10 events):
Event: 9.239 GC heap before
{Heap before GC invocations=10 (full 0):
 PSYoungGen      total 158592K, used 143593K [0x00000007aacb0000, 0x00000007bb450000, 0x0000000800000000)
  eden space 117120K, 98% used [0x00000007aacb0000,0x00000007b1cdb2d0,0x00000007b1f10000)
  from space 41472K, 69% used [0x00000007b1f10000,0x00000007b3b1f2a0,0x00000007b4790000)
  to   space 41280K, 0% used [0x00000007b8c00000,0x00000007b8c00000,0x00000007bb450000)
 ParOldGen       total 174528K, used 64951K [0x0000000700600000, 0x000000070b070000, 0x00000007aacb0000)
  object space 174528K, 37% used [0x0000000700600000,0x000000070456de90,0x000000070b070000)
 PSPermGen       total 21248K, used 17902K [0x00000006fb400000, 0x00000006fc8c0000, 0x0000000700600000)
  object space 21248K, 84% used [0x00000006fb400000,0x00000006fc57bbd0,0x00000006fc8c0000)
Event: 9.247 GC heap after
Heap after GC invocations=10 (full 0):
 PSYoungGen      total 228160K, used 28700K [0x00000007aacb0000, 0x00000007bb3d0000, 0x0000000800000000)
  eden space 187392K, 0% used [0x00000007aacb0000,0x00000007aacb0000,0x00000007b63b0000)
  from space 40768K, 70% used [0x00000007b8c00000,0x00000007ba8072a0,0x00000007bb3d0000)
  to   space 41024K, 0% used [0x00000007b63b0000,0x00000007b63b0000,0x00000007b8bc0000)
 ParOldGen       total 174528K, used 64959K [0x0000000700600000, 0x000000070b070000, 0x00000007aacb0000)
  object space 174528K, 37% used [0x0000000700600000,0x000000070456fe90,0x000000070b070000)
 PSPermGen       total 21248K, used 17902K [0x00000006fb400000, 0x00000006fc8c0000, 0x0000000700600000)
  object space 21248K, 84% used [0x00000006fb400000,0x00000006fc57bbd0,0x00000006fc8c0000)
}
Event: 10.486 GC heap before
{Heap before GC invocations=11 (full 0):
 PSYoungGen      total 228160K, used 213485K [0x00000007aacb0000, 0x00000007bb3d0000, 0x0000000800000000)
  eden space 187392K, 98% used [0x00000007aacb0000,0x00000007b6124228,0x00000007b63b0000)
  from space 40768K, 70% used [0x00000007b8c00000,0x00000007ba8072a0,0x00000007bb3d0000)
  to   space 41024K, 0% used [0x00000007b63b0000,0x00000007b63b0000,0x00000007b8bc0000)
 ParOldGen       total 174528K, used 64959K [0x0000000700600000, 0x000000070b070000, 0x00000007aacb0000)
  object space 174528K, 37% used [0x0000000700600000,0x000000070456fe90,0x000000070b070000)
 PSPermGen       total 21248K, used 17910K [0x00000006fb400000, 0x00000006fc8c0000, 0x0000000700600000)
  object space 21248K, 84% used [0x00000006fb400000,0x00000006fc57da68,0x00000006fc8c0000)
Event: 10.489 GC heap after
Heap after GC invocations=11 (full 0):
 PSYoungGen      total 191040K, used 10507K [0x00000007aacb0000, 0x00000007baef0000, 0x0000000800000000)
  eden space 180480K, 0% used [0x00000007aacb0000,0x00000007aacb0000,0x00000007b5cf0000)
  from space 10560K, 99% used [0x00000007b63b0000,0x00000007b6df2e70,0x00000007b6e00000)
  to   space 41984K, 0% used [0x00000007b85f0000,0x00000007b85f0000,0x00000007baef0000)
 ParOldGen       total 174528K, used 64999K [0x0000000700600000, 0x000000070b070000, 0x00000007aacb0000)
  object space 174528K, 37% used [0x0000000700600000,0x0000000704579e90,0x000000070b070000)
 PSPermGen       total 21248K, used 17910K [0x00000006fb400000, 0x00000006fc8c0000, 0x0000000700600000)
  object space 21248K, 84% used [0x00000006fb400000,0x00000006fc57da68,0x00000006fc8c0000)
}
Event: 11.640 GC heap before
{Heap before GC invocations=12 (full 0):
 PSYoungGen      total 191040K, used 188012K [0x00000007aacb0000, 0x00000007baef0000, 0x0000000800000000)
  eden space 180480K, 98% used [0x00000007aacb0000,0x00000007b5a083a8,0x00000007b5cf0000)
  from space 10560K, 99% used [0x00000007b63b0000,0x00000007b6df2e70,0x00000007b6e00000)
  to   space 41984K, 0% used [0x00000007b85f0000,0x00000007b85f0000,0x00000007baef0000)
 ParOldGen       total 174528K, used 64999K [0x0000000700600000, 0x000000070b070000, 0x00000007aacb0000)
  object space 174528K, 37% used [0x0000000700600000,0x0000000704579e90,0x000000070b070000)
 PSPermGen       total 21248K, used 17913K [0x00000006fb400000, 0x00000006fc8c0000, 0x0000000700600000)
  object space 21248K, 84% used [0x00000006fb400000,0x00000006fc57e600,0x00000006fc8c0000)
Event: 11.644 GC heap after
Heap after GC invocations=12 (full 0):
 PSYoungGen      total 209280K, used 28764K [0x00000007aacb0000, 0x00000007ba880000, 0x0000000800000000)
  eden space 173888K, 0% used [0x00000007aacb0000,0x00000007aacb0000,0x00000007b5680000)
  from space 35392K, 81% used [0x00000007b85f0000,0x00000007ba2072a0,0x00000007ba880000)
  to   space 41984K, 0% used [0x00000007b5680000,0x00000007b5680000,0x00000007b7f80000)
 ParOldGen       total 174528K, used 65023K [0x0000000700600000, 0x000000070b070000, 0x00000007aacb0000)
  object space 174528K, 37% used [0x0000000700600000,0x000000070457fe90,0x000000070b070000)
 PSPermGen       total 21248K, used 17913K [0x00000006fb400000, 0x00000006fc8c0000, 0x0000000700600000)
  object space 21248K, 84% used [0x00000006fb400000,0x00000006fc57e600,0x00000006fc8c0000)
}
Event: 12.776 GC heap before
{Heap before GC invocations=13 (full 0):
 PSYoungGen      total 209280K, used 200404K [0x00000007aacb0000, 0x00000007ba880000, 0x0000000800000000)
  eden space 173888K, 98% used [0x00000007aacb0000,0x00000007b544e118,0x00000007b5680000)
  from space 35392K, 81% used [0x00000007b85f0000,0x00000007ba2072a0,0x00000007ba880000)
  to   space 41984K, 0% used [0x00000007b5680000,0x00000007b5680000,0x00000007b7f80000)
 ParOldGen       total 174528K, used 65023K [0x0000000700600000, 0x000000070b070000, 0x00000007aacb0000)
  object space 174528K, 37% used [0x0000000700600000,0x000000070457fe90,0x000000070b070000)
 PSPermGen       total 21248K, used 17918K [0x00000006fb400000, 0x00000006fc8c0000, 0x0000000700600000)
  object space 21248K, 84% used [0x00000006fb400000,0x00000006fc57fa98,0x00000006fc8c0000)
Event: 12.780 GC heap after
Heap after GC invocations=13 (full 0):
 PSYoungGen      total 196352K, used 28732K [0x00000007aacb0000, 0x00000007ba220000, 0x0000000800000000)
  eden space 167616K, 0% used [0x00000007aacb0000,0x00000007aacb0000,0x00000007b5060000)
  from space 28736K, 99% used [0x00000007b5680000,0x00000007b728f2a0,0x00000007b7290000)
  to   space 41856K, 0% used [0x00000007b7940000,0x00000007b7940000,0x00000007ba220000)
 ParOldGen       total 174528K, used 65047K [0x0000000700600000, 0x000000070b070000, 0x00000007aacb0000)
  object space 174528K, 37% used [0x0000000700600000,0x0000000704585e90,0x000000070b070000)
 PSPermGen       total 21248K, used 17918K [0x00000006fb400000, 0x00000006fc8c0000, 0x0000000700600000)
  object space 21248K, 84% used [0x00000006fb400000,0x00000006fc57fa98,0x00000006fc8c0000)
}
Event: 13.627 GC heap before
{Heap before GC invocations=14 (full 0):
 PSYoungGen      total 196352K, used 193658K [0x00000007aacb0000, 0x00000007ba220000, 0x0000000800000000)
  eden space 167616K, 98% used [0x00000007aacb0000,0x00000007b4dbf820,0x00000007b5060000)
  from space 28736K, 99% used [0x00000007b5680000,0x00000007b728f2a0,0x00000007b7290000)
  to   space 41856K, 0% used [0x00000007b7940000,0x00000007b7940000,0x00000007ba220000)
 ParOldGen       total 174528K, used 65047K [0x0000000700600000, 0x000000070b070000, 0x00000007aacb0000)
  object space 174528K, 37% used [0x0000000700600000,0x0000000704585e90,0x000000070b070000)
 PSPermGen       total 21248K, used 17925K [0x00000006fb400000, 0x00000006fc8c0000, 0x0000000700600000)
  object space 21248K, 84% used [0x00000006fb400000,0x00000006fc5816f0,0x00000006fc8c0000)
Event: 13.631 GC heap after
Heap after GC invocations=14 (full 0):
 PSYoungGen      total 198976K, used 10507K [0x00000007aacb0000, 0x00000007b9dc0000, 0x0000000800000000)
  eden space 161600K, 0% used [0x00000007aacb0000,0x00000007aacb0000,0x00000007b4a80000)
  from space 37376K, 28% used [0x00000007b7940000,0x00000007b8382e70,0x00000007b9dc0000)
  to   space 42624K, 0% used [0x00000007b4a80000,0x00000007b4a80000,0x00000007b7420000)
 ParOldGen       total 174528K, used 65119K [0x0000000700600000, 0x000000070b070000, 0x00000007aacb0000)
  object space 174528K, 37% used [0x0000000700600000,0x0000000704597eb0,0x000000070b070000)
 PSPermGen       total 21248K, used 17925K [0x00000006fb400000, 0x00000006fc8c0000, 0x0000000700600000)
  object space 21248K, 84% used [0x00000006fb400000,0x00000006fc5816f0,0x00000006fc8c0000)
}

