# JRE version: 7.0_07-b11
# Java VM: Java HotSpot(TM) 64-Bit Server VM (23.3-b01 mixed mode windows-amd64 compressed oops)
Heap
 PSYoungGen      total 746304K, used 101433K [0x00000007aacb0000, 0x00000007e5630000, 0x0000000800000000)
  eden space 707392K, 11% used [0x00000007aacb0000,0x00000007aff5a508,0x00000007d5f80000)
  from space 38912K, 43% used [0x00000007d5f80000,0x00000007d6fe4178,0x00000007d8580000)
  to   space 37184K, 0% used [0x00000007e31e0000,0x00000007e31e0000,0x00000007e5630000)
 ParOldGen       total 204992K, used 122289K [0x0000000700600000, 0x000000070ce30000, 0x00000007aacb0000)
  object space 204992K, 59% used [0x0000000700600000,0x0000000707d6c420,0x000000070ce30000)
 PSPermGen       total 40896K, used 18102K [0x00000006fb400000, 0x00000006fdbf0000, 0x0000000700600000)
  object space 40896K, 44% used [0x00000006fb400000,0x00000006fc5adb78,0x00000006fdbf0000)
GC Heap History (10 events):
Event: 9.108 GC heap before
{Heap before GC invocations=9 (full 1):
 PSYoungGen      total 555648K, used 549317K [0x00000007aacb0000, 0x00000007cf7f0000, 0x0000000800000000)
  eden space 520320K, 100% used [0x00000007aacb0000,0x00000007ca8d0000,0x00000007ca8d0000)
  from space 35328K, 82% used [0x00000007cceb0000,0x00000007ceb015b0,0x00000007cf130000)
  to   space 38784K, 0% used [0x00000007ca8d0000,0x00000007ca8d0000,0x00000007cceb0000)
 ParOldGen       total 296000K, used 294867K [0x0000000700600000, 0x0000000712710000, 0x00000007aacb0000)
  object space 296000K, 99% used [0x0000000700600000,0x00000007125f4ee0,0x0000000712710000)
 PSPermGen       total 21248K, used 18037K [0x00000006fb400000, 0x00000006fc8c0000, 0x0000000700600000)
  object space 21248K, 84% used [0x00000006fb400000,0x00000006fc59d788,0x00000006fc8c0000)
Event: 9.183 GC heap after
Heap after GC invocations=9 (full 1):
 PSYoungGen      total 555648K, used 0K [0x00000007aacb0000, 0x00000007cf7f0000, 0x0000000800000000)
  eden space 520320K, 0% used [0x00000007aacb0000,0x00000007aacb0000,0x00000007ca8d0000)
  from space 35328K, 0% used [0x00000007cceb0000,0x00000007cceb0000,0x00000007cf130000)
  to   space 38784K, 0% used [0x00000007ca8d0000,0x00000007ca8d0000,0x00000007cceb0000)
 ParOldGen       total 151360K, used 41522K [0x0000000700600000, 0x00000007099d0000, 0x00000007aacb0000)
  object space 151360K, 27% used [0x0000000700600000,0x0000000702e8ca30,0x00000007099d0000)
 PSPermGen       total 36608K, used 18031K [0x00000006fb400000, 0x00000006fd7c0000, 0x0000000700600000)
  object space 36608K, 49% used [0x00000006fb400000,0x00000006fc59bcf0,0x00000006fd7c0000)
}
Event: 10.172 GC heap before
{Heap before GC invocations=10 (full 1):
 PSYoungGen      total 555648K, used 516529K [0x00000007aacb0000, 0x00000007cf7f0000, 0x0000000800000000)
  eden space 520320K, 99% used [0x00000007aacb0000,0x00000007ca51c6a8,0x00000007ca8d0000)
  from space 35328K, 0% used [0x00000007cceb0000,0x00000007cceb0000,0x00000007cf130000)
  to   space 38784K, 0% used [0x00000007ca8d0000,0x00000007ca8d0000,0x00000007cceb0000)
 ParOldGen       total 151360K, used 53672K [0x0000000700600000, 0x00000007099d0000, 0x00000007aacb0000)
  object space 151360K, 35% used [0x0000000700600000,0x0000000703a6a250,0x00000007099d0000)
 PSPermGen       total 36608K, used 18042K [0x00000006fb400000, 0x00000006fd7c0000, 0x0000000700600000)
  object space 36608K, 49% used [0x00000006fb400000,0x00000006fc59e938,0x00000006fd7c0000)
Event: 10.179 GC heap after
Heap after GC invocations=10 (full 1):
 PSYoungGen      total 559104K, used 29038K [0x00000007aacb0000, 0x00000007dc180000, 0x0000000800000000)
  eden space 520320K, 0% used [0x00000007aacb0000,0x00000007aacb0000,0x00000007ca8d0000)
  from space 38784K, 74% used [0x00000007ca8d0000,0x00000007cc52b8c0,0x00000007cceb0000)
  to   space 41152K, 0% used [0x00000007d9950000,0x00000007d9950000,0x00000007dc180000)
 ParOldGen       total 151360K, used 53672K [0x0000000700600000, 0x00000007099d0000, 0x00000007aacb0000)
  object space 151360K, 35% used [0x0000000700600000,0x0000000703a6a250,0x00000007099d0000)
 PSPermGen       total 36608K, used 18042K [0x00000006fb400000, 0x00000006fd7c0000, 0x0000000700600000)
  object space 36608K, 49% used [0x00000006fb400000,0x00000006fc59e938,0x00000006fd7c0000)
}
Event: 11.771 GC heap before
{Heap before GC invocations=11 (full 2):
 PSYoungGen      total 559104K, used 549222K [0x00000007aacb0000, 0x00000007dc180000, 0x0000000800000000)
  eden space 520320K, 99% used [0x00000007aacb0000,0x00000007ca8ae2a0,0x00000007ca8d0000)
  from space 38784K, 74% used [0x00000007ca8d0000,0x00000007cc52b8c0,0x00000007cceb0000)
  to   space 41152K, 0% used [0x00000007d9950000,0x00000007d9950000,0x00000007dc180000)
 ParOldGen       total 371776K, used 370586K [0x0000000700600000, 0x0000000717110000, 0x00000007aacb0000)
  object space 371776K, 99% used [0x0000000700600000,0x0000000716fe6860,0x0000000717110000)
 PSPermGen       total 36608K, used 18050K [0x00000006fb400000, 0x00000006fd7c0000, 0x0000000700600000)
  object space 36608K, 49% used [0x00000006fb400000,0x00000006fc5a0b08,0x00000006fd7c0000)
Event: 11.817 GC heap after
Heap after GC invocations=11 (full 2):
 PSYoungGen      total 559104K, used 0K [0x00000007aacb0000, 0x00000007dc180000, 0x0000000800000000)
  eden space 520320K, 0% used [0x00000007aacb0000,0x00000007aacb0000,0x00000007ca8d0000)
  from space 38784K, 0% used [0x00000007ca8d0000,0x00000007ca8d0000,0x00000007cceb0000)
  to   space 41152K, 0% used [0x00000007d9950000,0x00000007d9950000,0x00000007dc180000)
 ParOldGen       total 204992K, used 60719K [0x0000000700600000, 0x000000070ce30000, 0x00000007aacb0000)
  object space 204992K, 29% used [0x0000000700600000,0x000000070414be48,0x000000070ce30000)
 PSPermGen       total 40896K, used 18050K [0x00000006fb400000, 0x00000006fdbf0000, 0x0000000700600000)
  object space 40896K, 44% used [0x00000006fb400000,0x00000006fc5a0b08,0x00000006fdbf0000)
}
Event: 12.889 GC heap before
{Heap before GC invocations=12 (full 2):
 PSYoungGen      total 559104K, used 520320K [0x00000007aacb0000, 0x00000007dc180000, 0x0000000800000000)
  eden space 520320K, 100% used [0x00000007aacb0000,0x00000007ca8d0000,0x00000007ca8d0000)
  from space 38784K, 0% used [0x00000007ca8d0000,0x00000007ca8d0000,0x00000007cceb0000)
  to   space 41152K, 0% used [0x00000007d9950000,0x00000007d9950000,0x00000007dc180000)
 ParOldGen       total 204992K, used 104007K [0x0000000700600000, 0x000000070ce30000, 0x00000007aacb0000)
  object space 204992K, 50% used [0x0000000700600000,0x0000000706b91ff0,0x000000070ce30000)
 PSPermGen       total 40896K, used 18061K [0x00000006fb400000, 0x00000006fdbf0000, 0x0000000700600000)
  object space 40896K, 44% used [0x00000006fb400000,0x00000006fc5a37b0,0x00000006fdbf0000)
Event: 12.895 GC heap after
Heap after GC invocations=12 (full 2):
 PSYoungGen      total 703616K, used 18586K [0x00000007aacb0000, 0x00000007dab80000, 0x0000000800000000)
  eden space 684992K, 0% used [0x00000007aacb0000,0x00000007aacb0000,0x00000007d49a0000)
  from space 18624K, 99% used [0x00000007d9950000,0x00000007dab76b08,0x00000007dab80000)
  to   space 38912K, 0% used [0x00000007d5f80000,0x00000007d5f80000,0x00000007d8580000)
 ParOldGen       total 204992K, used 104007K [0x0000000700600000, 0x000000070ce30000, 0x00000007aacb0000)
  object space 204992K, 50% used [0x0000000700600000,0x0000000706b91ff0,0x000000070ce30000)
 PSPermGen       total 40896K, used 18061K [0x00000006fb400000, 0x00000006fdbf0000, 0x0000000700600000)
  object space 40896K, 44% used [0x00000006fb400000,0x00000006fc5a37b0,0x00000006fdbf0000)
}
Event: 14.302 GC heap before
{Heap before GC invocations=13 (full 2):
 PSYoungGen      total 703616K, used 698004K [0x00000007aacb0000, 0x00000007dab80000, 0x0000000800000000)
  eden space 684992K, 99% used [0x00000007aacb0000,0x00000007d442e5a0,0x00000007d49a0000)
  from space 18624K, 99% used [0x00000007d9950000,0x00000007dab76b08,0x00000007dab80000)
  to   space 38912K, 0% used [0x00000007d5f80000,0x00000007d5f80000,0x00000007d8580000)
 ParOldGen       total 204992K, used 104007K [0x0000000700600000, 0x000000070ce30000, 0x00000007aacb0000)
  object space 204992K, 50% used [0x0000000700600000,0x0000000706b91ff0,0x000000070ce30000)
 PSPermGen       total 40896K, used 18075K [0x00000006fb400000, 0x00000006fdbf0000, 0x0000000700600000)
  object space 40896K, 44% used [0x00000006fb400000,0x00000006fc5a6cc0,0x00000006fdbf0000)
Event: 14.308 GC heap after
Heap after GC invocations=13 (full 2):
 PSYoungGen      total 746304K, used 16784K [0x00000007aacb0000, 0x00000007e5630000, 0x0000000800000000)
  eden space 707392K, 0% used [0x00000007aacb0000,0x00000007aacb0000,0x00000007d5f80000)
  from space 38912K, 43% used [0x00000007d5f80000,0x00000007d6fe4178,0x00000007d8580000)
  to   space 37184K, 0% used [0x00000007e31e0000,0x00000007e31e0000,0x00000007e5630000)
 ParOldGen       total 204992K, used 122289K [0x0000000700600000, 0x000000070ce30000, 0x00000007aacb0000)
  object space 204992K, 59% used [0x0000000700600000,0x0000000707d6c420,0x000000070ce30000)
 PSPermGen       total 40896K, used 18075K [0x00000006fb400000, 0x00000006fdbf0000, 0x0000000700600000)
  object space 40896K, 44% used [0x00000006fb400000,0x00000006fc5a6cc0,0x00000006fdbf0000)
}

