# JRE version: 7.0_07-b11
# Java VM: Java HotSpot(TM) 64-Bit Server VM (23.3-b01 mixed mode windows-amd64 compressed oops)
Heap
 PSYoungGen      total 93440K, used 58098K [0x00000007aacb0000, 0x00000007b3170000, 0x0000000800000000)
  eden space 55424K, 52% used [0x00000007aacb0000,0x00000007ac9558a0,0x00000007ae2d0000)
  from space 38016K, 75% used [0x00000007ae410000,0x00000007b00272a0,0x00000007b0930000)
  to   space 40256K, 0% used [0x00000007b0a20000,0x00000007b0a20000,0x00000007b3170000)
 ParOldGen       total 174528K, used 70908K [0x0000000700600000, 0x000000070b070000, 0x00000007aacb0000)
  object space 174528K, 40% used [0x0000000700600000,0x0000000704b3f1d8,0x000000070b070000)
 PSPermGen       total 21248K, used 17886K [0x00000006fb400000, 0x00000006fc8c0000, 0x0000000700600000)
  object space 21248K, 84% used [0x00000006fb400000,0x00000006fc577b80,0x00000006fc8c0000)
GC Heap History (10 events):
Event: 9.827 GC heap before
{Heap before GC invocations=7 (full 0):
 PSYoungGen      total 96384K, used 79963K [0x00000007aacb0000, 0x00000007b34d0000, 0x0000000800000000)
  eden space 62336K, 92% used [0x00000007aacb0000,0x00000007ae4cda88,0x00000007ae990000)
  from space 34048K, 66% used [0x00000007b1390000,0x00000007b2989450,0x00000007b34d0000)
  to   space 38528K, 0% used [0x00000007ae990000,0x00000007ae990000,0x00000007b0f30000)
 ParOldGen       total 174528K, used 58720K [0x0000000700600000, 0x000000070b070000, 0x00000007aacb0000)
  object space 174528K, 33% used [0x0000000700600000,0x0000000703f58238,0x000000070b070000)
 PSPermGen       total 21248K, used 17855K [0x00000006fb400000, 0x00000006fc8c0000, 0x0000000700600000)
  object space 21248K, 84% used [0x00000006fb400000,0x00000006fc56fcc0,0x00000006fc8c0000)
Event: 9.833 GC heap after
Heap after GC invocations=7 (full 0):
 PSYoungGen      total 99392K, used 3769K [0x00000007aacb0000, 0x00000007b3700000, 0x0000000800000000)
  eden space 60864K, 0% used [0x00000007aacb0000,0x00000007aacb0000,0x00000007ae820000)
  from space 38528K, 9% used [0x00000007ae990000,0x00000007aed3e4d0,0x00000007b0f30000)
  to   space 40384K, 0% used [0x00000007b0f90000,0x00000007b0f90000,0x00000007b3700000)
 ParOldGen       total 174528K, used 70772K [0x0000000700600000, 0x000000070b070000, 0x00000007aacb0000)
  object space 174528K, 40% used [0x0000000700600000,0x0000000704b1d1a8,0x000000070b070000)
 PSPermGen       total 21248K, used 17855K [0x00000006fb400000, 0x00000006fc8c0000, 0x0000000700600000)
  object space 21248K, 84% used [0x00000006fb400000,0x00000006fc56fcc0,0x00000006fc8c0000)
}
Event: 10.614 GC heap before
{Heap before GC invocations=8 (full 0):
 PSYoungGen      total 99392K, used 60873K [0x00000007aacb0000, 0x00000007b3700000, 0x0000000800000000)
  eden space 60864K, 93% used [0x00000007aacb0000,0x00000007ae474040,0x00000007ae820000)
  from space 38528K, 9% used [0x00000007ae990000,0x00000007aed3e4d0,0x00000007b0f30000)
  to   space 40384K, 0% used [0x00000007b0f90000,0x00000007b0f90000,0x00000007b3700000)
 ParOldGen       total 174528K, used 70772K [0x0000000700600000, 0x000000070b070000, 0x00000007aacb0000)
  object space 174528K, 40% used [0x0000000700600000,0x0000000704b1d1a8,0x000000070b070000)
 PSPermGen       total 21248K, used 17855K [0x00000006fb400000, 0x00000006fc8c0000, 0x0000000700600000)
  object space 21248K, 84% used [0x00000006fb400000,0x00000006fc56fcc0,0x00000006fc8c0000)
Event: 10.616 GC heap after
Heap after GC invocations=8 (full 0):
 PSYoungGen      total 97024K, used 10475K [0x00000007aacb0000, 0x00000007b3440000, 0x0000000800000000)
  eden space 59456K, 0% used [0x00000007aacb0000,0x00000007aacb0000,0x00000007ae6c0000)
  from space 37568K, 27% used [0x00000007b0f90000,0x00000007b19cae70,0x00000007b3440000)
  to   space 39680K, 0% used [0x00000007ae6c0000,0x00000007ae6c0000,0x00000007b0d80000)
 ParOldGen       total 174528K, used 70884K [0x0000000700600000, 0x000000070b070000, 0x00000007aacb0000)
  object space 174528K, 40% used [0x0000000700600000,0x0000000704b391d8,0x000000070b070000)
 PSPermGen       total 21248K, used 17855K [0x00000006fb400000, 0x00000006fc8c0000, 0x0000000700600000)
  object space 21248K, 84% used [0x00000006fb400000,0x00000006fc56fcc0,0x00000006fc8c0000)
}
Event: 11.393 GC heap before
{Heap before GC invocations=9 (full 0):
 PSYoungGen      total 97024K, used 67525K [0x00000007aacb0000, 0x00000007b3440000, 0x0000000800000000)
  eden space 59456K, 95% used [0x00000007aacb0000,0x00000007ae466888,0x00000007ae6c0000)
  from space 37568K, 27% used [0x00000007b0f90000,0x00000007b19cae70,0x00000007b3440000)
  to   space 39680K, 0% used [0x00000007ae6c0000,0x00000007ae6c0000,0x00000007b0d80000)
 ParOldGen       total 174528K, used 70884K [0x0000000700600000, 0x000000070b070000, 0x00000007aacb0000)
  object space 174528K, 40% used [0x0000000700600000,0x0000000704b391d8,0x000000070b070000)
 PSPermGen       total 21248K, used 17855K [0x00000006fb400000, 0x00000006fc8c0000, 0x0000000700600000)
  object space 21248K, 84% used [0x00000006fb400000,0x00000006fc56fe20,0x00000006fc8c0000)
Event: 11.395 GC heap after
Heap after GC invocations=9 (full 0):
 PSYoungGen      total 68544K, used 10475K [0x00000007aacb0000, 0x00000007b3140000, 0x0000000800000000)
  eden space 58048K, 0% used [0x00000007aacb0000,0x00000007aacb0000,0x00000007ae560000)
  from space 10496K, 99% used [0x00000007ae6c0000,0x00000007af0fae70,0x00000007af100000)
  to   space 38848K, 0% used [0x00000007b0b50000,0x00000007b0b50000,0x00000007b3140000)
 ParOldGen       total 174528K, used 70884K [0x0000000700600000, 0x000000070b070000, 0x00000007aacb0000)
  object space 174528K, 40% used [0x0000000700600000,0x0000000704b391d8,0x000000070b070000)
 PSPermGen       total 21248K, used 17855K [0x00000006fb400000, 0x00000006fc8c0000, 0x0000000700600000)
  object space 21248K, 84% used [0x00000006fb400000,0x00000006fc56fe20,0x00000006fc8c0000)
}
Event: 12.177 GC heap before
{Heap before GC invocations=10 (full 0):
 PSYoungGen      total 68544K, used 67491K [0x00000007aacb0000, 0x00000007b3140000, 0x0000000800000000)
  eden space 58048K, 98% used [0x00000007aacb0000,0x00000007ae45ddd8,0x00000007ae560000)
  from space 10496K, 99% used [0x00000007ae6c0000,0x00000007af0fae70,0x00000007af100000)
  to   space 38848K, 0% used [0x00000007b0b50000,0x00000007b0b50000,0x00000007b3140000)
 ParOldGen       total 174528K, used 70884K [0x0000000700600000, 0x000000070b070000, 0x00000007aacb0000)
  object space 174528K, 40% used [0x0000000700600000,0x0000000704b391d8,0x000000070b070000)
 PSPermGen       total 21248K, used 17855K [0x00000006fb400000, 0x00000006fc8c0000, 0x0000000700600000)
  object space 21248K, 84% used [0x00000006fb400000,0x00000006fc56ffa0,0x00000006fc8c0000)
Event: 12.180 GC heap after
Heap after GC invocations=10 (full 0):
 PSYoungGen      total 92544K, used 10475K [0x00000007aacb0000, 0x00000007b2e50000, 0x0000000800000000)
  eden space 56704K, 0% used [0x00000007aacb0000,0x00000007aacb0000,0x00000007ae410000)
  from space 35840K, 29% used [0x00000007b0b50000,0x00000007b158ae70,0x00000007b2e50000)
  to   space 38016K, 0% used [0x00000007ae410000,0x00000007ae410000,0x00000007b0930000)
 ParOldGen       total 174528K, used 70900K [0x0000000700600000, 0x000000070b070000, 0x00000007aacb0000)
  object space 174528K, 40% used [0x0000000700600000,0x0000000704b3d1d8,0x000000070b070000)
 PSPermGen       total 21248K, used 17855K [0x00000006fb400000, 0x00000006fc8c0000, 0x0000000700600000)
  object space 21248K, 84% used [0x00000006fb400000,0x00000006fc56ffa0,0x00000006fc8c0000)
}
Event: 12.844 GC heap before
{Heap before GC invocations=11 (full 0):
 PSYoungGen      total 92544K, used 64242K [0x00000007aacb0000, 0x00000007b2e50000, 0x0000000800000000)
  eden space 56704K, 94% used [0x00000007aacb0000,0x00000007ae131c98,0x00000007ae410000)
  from space 35840K, 29% used [0x00000007b0b50000,0x00000007b158ae70,0x00000007b2e50000)
  to   space 38016K, 0% used [0x00000007ae410000,0x00000007ae410000,0x00000007b0930000)
 ParOldGen       total 174528K, used 70900K [0x0000000700600000, 0x000000070b070000, 0x00000007aacb0000)
  object space 174528K, 40% used [0x0000000700600000,0x0000000704b3d1d8,0x000000070b070000)
 PSPermGen       total 21248K, used 17862K [0x00000006fb400000, 0x00000006fc8c0000, 0x0000000700600000)
  object space 21248K, 84% used [0x00000006fb400000,0x00000006fc571bf8,0x00000006fc8c0000)
Event: 12.847 GC heap after
Heap after GC invocations=11 (full 0):
 PSYoungGen      total 93440K, used 28764K [0x00000007aacb0000, 0x00000007b3170000, 0x0000000800000000)
  eden space 55424K, 0% used [0x00000007aacb0000,0x00000007aacb0000,0x00000007ae2d0000)
  from space 38016K, 75% used [0x00000007ae410000,0x00000007b00272a0,0x00000007b0930000)
  to   space 40256K, 0% used [0x00000007b0a20000,0x00000007b0a20000,0x00000007b3170000)
 ParOldGen       total 174528K, used 70908K [0x0000000700600000, 0x000000070b070000, 0x00000007aacb0000)
  object space 174528K, 40% used [0x0000000700600000,0x0000000704b3f1d8,0x000000070b070000)
 PSPermGen       total 21248K, used 17862K [0x00000006fb400000, 0x00000006fc8c0000, 0x0000000700600000)
  object space 21248K, 84% used [0x00000006fb400000,0x00000006fc571bf8,0x00000006fc8c0000)
}

