# JRE version: 7.0_07-b11
# Java VM: Java HotSpot(TM) 64-Bit Server VM (23.3-b01 mixed mode windows-amd64 compressed oops)
Heap
 PSYoungGen      total 974720K, used 325414K [0x00000007aacb0000, 0x00000007f8c50000, 0x0000000800000000)
  eden space 942784K, 34% used [0x00000007aacb0000,0x00000007bea79850,0x00000007e4560000)
  from space 31936K, 0% used [0x00000007e4560000,0x00000007e4560000,0x00000007e6490000)
  to   space 33216K, 0% used [0x00000007f6be0000,0x00000007f6be0000,0x00000007f8c50000)
 ParOldGen       total 211584K, used 36596K [0x0000000700600000, 0x000000070d4a0000, 0x00000007aacb0000)
  object space 211584K, 17% used [0x0000000700600000,0x00000007029bd0c8,0x000000070d4a0000)
 PSPermGen       total 39616K, used 18260K [0x00000006fb400000, 0x00000006fdab0000, 0x0000000700600000)
  object space 39616K, 46% used [0x00000006fb400000,0x00000006fc5d5038,0x00000006fdab0000)
GC Heap History (10 events):
Event: 11.131 GC heap before
{Heap before GC invocations=12 (full 2):
 PSYoungGen      total 726144K, used 726087K [0x00000007aacb0000, 0x00000007df940000, 0x0000000800000000)
  eden space 715072K, 100% used [0x00000007aacb0000,0x00000007d6700000,0x00000007d6700000)
  from space 11072K, 99% used [0x00000007dee70000,0x00000007df931d60,0x00000007df940000)
  to   space 30272K, 0% used [0x00000007dbe20000,0x00000007dbe20000,0x00000007ddbb0000)
 ParOldGen       total 158208K, used 156925K [0x0000000700600000, 0x000000070a080000, 0x00000007aacb0000)
  object space 158208K, 99% used [0x0000000700600000,0x0000000709f3f4a8,0x000000070a080000)
 PSPermGen       total 36608K, used 18178K [0x00000006fb400000, 0x00000006fd7c0000, 0x0000000700600000)
  object space 36608K, 49% used [0x00000006fb400000,0x00000006fc5c08b0,0x00000006fd7c0000)
Event: 11.161 GC heap after
Heap after GC invocations=12 (full 2):
 PSYoungGen      total 726144K, used 0K [0x00000007aacb0000, 0x00000007df940000, 0x0000000800000000)
  eden space 715072K, 0% used [0x00000007aacb0000,0x00000007aacb0000,0x00000007d6700000)
  from space 11072K, 0% used [0x00000007dee70000,0x00000007dee70000,0x00000007df940000)
  to   space 30272K, 0% used [0x00000007dbe20000,0x00000007dbe20000,0x00000007ddbb0000)
 ParOldGen       total 170560K, used 30791K [0x0000000700600000, 0x000000070ac90000, 0x00000007aacb0000)
  object space 170560K, 18% used [0x0000000700600000,0x0000000702411ef0,0x000000070ac90000)
 PSPermGen       total 41216K, used 18177K [0x00000006fb400000, 0x00000006fdc40000, 0x0000000700600000)
  object space 41216K, 44% used [0x00000006fb400000,0x00000006fc5c07e0,0x00000006fdc40000)
}
Event: 12.768 GC heap before
{Heap before GC invocations=13 (full 2):
 PSYoungGen      total 726144K, used 715072K [0x00000007aacb0000, 0x00000007df940000, 0x0000000800000000)
  eden space 715072K, 100% used [0x00000007aacb0000,0x00000007d6700000,0x00000007d6700000)
  from space 11072K, 0% used [0x00000007dee70000,0x00000007dee70000,0x00000007df940000)
  to   space 30272K, 0% used [0x00000007dbe20000,0x00000007dbe20000,0x00000007ddbb0000)
 ParOldGen       total 170560K, used 123563K [0x0000000700600000, 0x000000070ac90000, 0x00000007aacb0000)
  object space 170560K, 72% used [0x0000000700600000,0x0000000707eaad50,0x000000070ac90000)
 PSPermGen       total 41216K, used 18183K [0x00000006fb400000, 0x00000006fdc40000, 0x0000000700600000)
  object space 41216K, 44% used [0x00000006fb400000,0x00000006fc5c1d98,0x00000006fdc40000)
Event: 12.774 GC heap after
Heap after GC invocations=13 (full 2):
 PSYoungGen      total 834560K, used 18449K [0x00000007aacb0000, 0x00000007e8240000, 0x0000000800000000)
  eden space 804288K, 0% used [0x00000007aacb0000,0x00000007aacb0000,0x00000007dbe20000)
  from space 30272K, 60% used [0x00000007dbe20000,0x00000007dd024430,0x00000007ddbb0000)
  to   space 30400K, 0% used [0x00000007e6490000,0x00000007e6490000,0x00000007e8240000)
 ParOldGen       total 170560K, used 123563K [0x0000000700600000, 0x000000070ac90000, 0x00000007aacb0000)
  object space 170560K, 72% used [0x0000000700600000,0x0000000707eaad50,0x000000070ac90000)
 PSPermGen       total 41216K, used 18183K [0x00000006fb400000, 0x00000006fdc40000, 0x0000000700600000)
  object space 41216K, 44% used [0x00000006fb400000,0x00000006fc5c1d98,0x00000006fdc40000)
}
Event: 14.370 GC heap before
{Heap before GC invocations=14 (full 2):
 PSYoungGen      total 834560K, used 821943K [0x00000007aacb0000, 0x00000007e8240000, 0x0000000800000000)
  eden space 804288K, 99% used [0x00000007aacb0000,0x00000007dbd59930,0x00000007dbe20000)
  from space 30272K, 60% used [0x00000007dbe20000,0x00000007dd024430,0x00000007ddbb0000)
  to   space 30400K, 0% used [0x00000007e6490000,0x00000007e6490000,0x00000007e8240000)
 ParOldGen       total 170560K, used 123563K [0x0000000700600000, 0x000000070ac90000, 0x00000007aacb0000)
  object space 170560K, 72% used [0x0000000700600000,0x0000000707eaad50,0x000000070ac90000)
 PSPermGen       total 41216K, used 18188K [0x00000006fb400000, 0x00000006fdc40000, 0x0000000700600000)
  object space 41216K, 44% used [0x00000006fb400000,0x00000006fc5c31b0,0x00000006fdc40000)
Event: 14.380 GC heap after
Heap after GC invocations=14 (full 2):
 PSYoungGen      total 973184K, used 29017K [0x00000007aacb0000, 0x00000007eebf0000, 0x0000000800000000)
  eden space 942784K, 0% used [0x00000007aacb0000,0x00000007aacb0000,0x00000007e4560000)
  from space 30400K, 95% used [0x00000007e6490000,0x00000007e80e6740,0x00000007e8240000)
  to   space 31936K, 0% used [0x00000007e4560000,0x00000007e4560000,0x00000007e6490000)
 ParOldGen       total 170560K, used 135753K [0x0000000700600000, 0x000000070ac90000, 0x00000007aacb0000)
  object space 170560K, 79% used [0x0000000700600000,0x0000000708a92570,0x000000070ac90000)
 PSPermGen       total 41216K, used 18188K [0x00000006fb400000, 0x00000006fdc40000, 0x0000000700600000)
  object space 41216K, 44% used [0x00000006fb400000,0x00000006fc5c31b0,0x00000006fdc40000)
}
Event: 16.296 GC heap before
{Heap before GC invocations=15 (full 2):
 PSYoungGen      total 973184K, used 970923K [0x00000007aacb0000, 0x00000007eebf0000, 0x0000000800000000)
  eden space 942784K, 99% used [0x00000007aacb0000,0x00000007e4484730,0x00000007e4560000)
  from space 30400K, 95% used [0x00000007e6490000,0x00000007e80e6740,0x00000007e8240000)
  to   space 31936K, 0% used [0x00000007e4560000,0x00000007e4560000,0x00000007e6490000)
 ParOldGen       total 170560K, used 135753K [0x0000000700600000, 0x000000070ac90000, 0x00000007aacb0000)
  object space 170560K, 79% used [0x0000000700600000,0x0000000708a92570,0x000000070ac90000)
 PSPermGen       total 41216K, used 18207K [0x00000006fb400000, 0x00000006fdc40000, 0x0000000700600000)
  object space 41216K, 44% used [0x00000006fb400000,0x00000006fc5c7c28,0x00000006fdc40000)
Event: 16.306 GC heap after
Heap after GC invocations=15 (full 2):
 PSYoungGen      total 974720K, used 29176K [0x00000007aacb0000, 0x00000007f8c50000, 0x0000000800000000)
  eden space 942784K, 0% used [0x00000007aacb0000,0x00000007aacb0000,0x00000007e4560000)
  from space 31936K, 91% used [0x00000007e4560000,0x00000007e61de190,0x00000007e6490000)
  to   space 33216K, 0% used [0x00000007f6be0000,0x00000007f6be0000,0x00000007f8c50000)
 ParOldGen       total 170560K, used 147943K [0x0000000700600000, 0x000000070ac90000, 0x00000007aacb0000)
  object space 170560K, 86% used [0x0000000700600000,0x0000000709679d90,0x000000070ac90000)
 PSPermGen       total 41216K, used 18207K [0x00000006fb400000, 0x00000006fdc40000, 0x0000000700600000)
  object space 41216K, 44% used [0x00000006fb400000,0x00000006fc5c7c28,0x00000006fdc40000)
}
Event: 18.229 GC heap before
{Heap before GC invocations=16 (full 3):
 PSYoungGen      total 974720K, used 969576K [0x00000007aacb0000, 0x00000007f8c50000, 0x0000000800000000)
  eden space 942784K, 99% used [0x00000007aacb0000,0x00000007e430c0f0,0x00000007e4560000)
  from space 31936K, 91% used [0x00000007e4560000,0x00000007e61de190,0x00000007e6490000)
  to   space 33216K, 0% used [0x00000007f6be0000,0x00000007f6be0000,0x00000007f8c50000)
 ParOldGen       total 170560K, used 154018K [0x0000000700600000, 0x000000070ac90000, 0x00000007aacb0000)
  object space 170560K, 90% used [0x0000000700600000,0x0000000709c689a0,0x000000070ac90000)
 PSPermGen       total 41216K, used 18228K [0x00000006fb400000, 0x00000006fdc40000, 0x0000000700600000)
  object space 41216K, 44% used [0x00000006fb400000,0x00000006fc5cd200,0x00000006fdc40000)
Event: 18.264 GC heap after
Heap after GC invocations=16 (full 3):
 PSYoungGen      total 974720K, used 0K [0x00000007aacb0000, 0x00000007f8c50000, 0x0000000800000000)
  eden space 942784K, 0% used [0x00000007aacb0000,0x00000007aacb0000,0x00000007e4560000)
  from space 31936K, 0% used [0x00000007e4560000,0x00000007e4560000,0x00000007e6490000)
  to   space 33216K, 0% used [0x00000007f6be0000,0x00000007f6be0000,0x00000007f8c50000)
 ParOldGen       total 211584K, used 36596K [0x0000000700600000, 0x000000070d4a0000, 0x00000007aacb0000)
  object space 211584K, 17% used [0x0000000700600000,0x00000007029bd0c8,0x000000070d4a0000)
 PSPermGen       total 39616K, used 18228K [0x00000006fb400000, 0x00000006fdab0000, 0x0000000700600000)
  object space 39616K, 46% used [0x00000006fb400000,0x00000006fc5cd1c0,0x00000006fdab0000)
}

