# JRE version: 7.0_07-b11
# Java VM: Java HotSpot(TM) 64-Bit Server VM (23.3-b01 mixed mode windows-amd64 compressed oops)
Heap
 PSYoungGen      total 593664K, used 248558K [0x00000007aacb0000, 0x00000007d2f90000, 0x0000000800000000)
  eden space 542208K, 42% used [0x00000007aacb0000,0x00000007b8d030b0,0x00000007cbe30000)
  from space 51456K, 36% used [0x00000007cfd50000,0x00000007d0fb8a50,0x00000007d2f90000)
  to   space 58048K, 0% used [0x00000007cbe30000,0x00000007cbe30000,0x00000007cf6e0000)
 ParOldGen       total 379776K, used 275631K [0x0000000700600000, 0x00000007178e0000, 0x00000007aacb0000)
  object space 379776K, 72% used [0x0000000700600000,0x000000071132bf50,0x00000007178e0000)
 PSPermGen       total 32640K, used 18161K [0x00000006fb400000, 0x00000006fd3e0000, 0x0000000700600000)
  object space 32640K, 55% used [0x00000006fb400000,0x00000006fc5bc4f8,0x00000006fd3e0000)
GC Heap History (10 events):
Event: 22.904 GC heap before
{Heap before GC invocations=19 (full 6):
 PSYoungGen      total 431488K, used 371154K [0x00000007aacb0000, 0x00000007c9570000, 0x0000000800000000)
  eden space 374656K, 99% used [0x00000007aacb0000,0x00000007c1724ab8,0x00000007c1a90000)
  from space 56832K, 0% used [0x00000007c5df0000,0x00000007c5df0000,0x00000007c9570000)
  to   space 62912K, 0% used [0x00000007c1a90000,0x00000007c1a90000,0x00000007c5800000)
 ParOldGen       total 330816K, used 45992K [0x0000000700600000, 0x0000000714910000, 0x00000007aacb0000)
  object space 330816K, 13% used [0x0000000700600000,0x00000007032ea178,0x0000000714910000)
 PSPermGen       total 33856K, used 18110K [0x00000006fb400000, 0x00000006fd510000, 0x0000000700600000)
  object space 33856K, 53% used [0x00000006fb400000,0x00000006fc5af948,0x00000006fd510000)
Event: 22.909 GC heap after
Heap after GC invocations=19 (full 6):
 PSYoungGen      total 437568K, used 41220K [0x00000007aacb0000, 0x00000007cedb0000, 0x0000000800000000)
  eden space 374656K, 0% used [0x00000007aacb0000,0x00000007aacb0000,0x00000007c1a90000)
  from space 62912K, 65% used [0x00000007c1a90000,0x00000007c42d10e0,0x00000007c5800000)
  to   space 64128K, 0% used [0x00000007caf10000,0x00000007caf10000,0x00000007cedb0000)
 ParOldGen       total 330816K, used 45992K [0x0000000700600000, 0x0000000714910000, 0x00000007aacb0000)
  object space 330816K, 13% used [0x0000000700600000,0x00000007032ea178,0x0000000714910000)
 PSPermGen       total 33856K, used 18110K [0x00000006fb400000, 0x00000006fd510000, 0x0000000700600000)
  object space 33856K, 53% used [0x00000006fb400000,0x00000006fc5af948,0x00000006fd510000)
}
Event: 24.204 GC heap before
{Heap before GC invocations=20 (full 7):
 PSYoungGen      total 437568K, used 415876K [0x00000007aacb0000, 0x00000007cedb0000, 0x0000000800000000)
  eden space 374656K, 100% used [0x00000007aacb0000,0x00000007c1a90000,0x00000007c1a90000)
  from space 62912K, 65% used [0x00000007c1a90000,0x00000007c42d10e0,0x00000007c5800000)
  to   space 64128K, 0% used [0x00000007caf10000,0x00000007caf10000,0x00000007cedb0000)
 ParOldGen       total 330816K, used 300300K [0x0000000700600000, 0x0000000714910000, 0x00000007aacb0000)
  object space 330816K, 90% used [0x0000000700600000,0x0000000712b43350,0x0000000714910000)
 PSPermGen       total 33856K, used 18111K [0x00000006fb400000, 0x00000006fd510000, 0x0000000700600000)
  object space 33856K, 53% used [0x00000006fb400000,0x00000006fc5aff08,0x00000006fd510000)
Event: 24.228 GC heap after
Heap after GC invocations=20 (full 7):
 PSYoungGen      total 437568K, used 0K [0x00000007aacb0000, 0x00000007cedb0000, 0x0000000800000000)
  eden space 374656K, 0% used [0x00000007aacb0000,0x00000007aacb0000,0x00000007c1a90000)
  from space 62912K, 0% used [0x00000007c1a90000,0x00000007c1a90000,0x00000007c5800000)
  to   space 64128K, 0% used [0x00000007caf10000,0x00000007caf10000,0x00000007cedb0000)
 ParOldGen       total 379776K, used 43513K [0x0000000700600000, 0x00000007178e0000, 0x00000007aacb0000)
  object space 379776K, 11% used [0x0000000700600000,0x000000070307e4c0,0x00000007178e0000)
 PSPermGen       total 32640K, used 18111K [0x00000006fb400000, 0x00000006fd3e0000, 0x0000000700600000)
  object space 32640K, 55% used [0x00000006fb400000,0x00000006fc5aff08,0x00000006fd3e0000)
}
Event: 25.285 GC heap before
{Heap before GC invocations=21 (full 7):
 PSYoungGen      total 437568K, used 374656K [0x00000007aacb0000, 0x00000007cedb0000, 0x0000000800000000)
  eden space 374656K, 100% used [0x00000007aacb0000,0x00000007c1a90000,0x00000007c1a90000)
  from space 62912K, 0% used [0x00000007c1a90000,0x00000007c1a90000,0x00000007c5800000)
  to   space 64128K, 0% used [0x00000007caf10000,0x00000007caf10000,0x00000007cedb0000)
 ParOldGen       total 379776K, used 187546K [0x0000000700600000, 0x00000007178e0000, 0x00000007aacb0000)
  object space 379776K, 49% used [0x0000000700600000,0x000000070bd26b18,0x00000007178e0000)
 PSPermGen       total 32640K, used 18118K [0x00000006fb400000, 0x00000006fd3e0000, 0x0000000700600000)
  object space 32640K, 55% used [0x00000006fb400000,0x00000006fc5b1850,0x00000006fd3e0000)
Event: 25.290 GC heap after
Heap after GC invocations=21 (full 7):
 PSYoungGen      total 505600K, used 18987K [0x00000007aacb0000, 0x00000007ce1e0000, 0x0000000800000000)
  eden space 453568K, 0% used [0x00000007aacb0000,0x00000007aacb0000,0x00000007c67a0000)
  from space 52032K, 36% used [0x00000007caf10000,0x00000007cc19ad60,0x00000007ce1e0000)
  to   space 62592K, 0% used [0x00000007c67a0000,0x00000007c67a0000,0x00000007ca4c0000)
 ParOldGen       total 379776K, used 187546K [0x0000000700600000, 0x00000007178e0000, 0x00000007aacb0000)
  object space 379776K, 49% used [0x0000000700600000,0x000000070bd26b18,0x00000007178e0000)
 PSPermGen       total 32640K, used 18118K [0x00000006fb400000, 0x00000006fd3e0000, 0x0000000700600000)
  object space 32640K, 55% used [0x00000006fb400000,0x00000006fc5b1850,0x00000006fd3e0000)
}
Event: 26.305 GC heap before
{Heap before GC invocations=22 (full 7):
 PSYoungGen      total 505600K, used 471667K [0x00000007aacb0000, 0x00000007ce1e0000, 0x0000000800000000)
  eden space 453568K, 99% used [0x00000007aacb0000,0x00000007c66c1ee0,0x00000007c67a0000)
  from space 52032K, 36% used [0x00000007caf10000,0x00000007cc19ad60,0x00000007ce1e0000)
  to   space 62592K, 0% used [0x00000007c67a0000,0x00000007c67a0000,0x00000007ca4c0000)
 ParOldGen       total 379776K, used 189571K [0x0000000700600000, 0x00000007178e0000, 0x00000007aacb0000)
  object space 379776K, 49% used [0x0000000700600000,0x000000070bf20f28,0x00000007178e0000)
 PSPermGen       total 32640K, used 18124K [0x00000006fb400000, 0x00000006fd3e0000, 0x0000000700600000)
  object space 32640K, 55% used [0x00000006fb400000,0x00000006fc5b3160,0x00000006fd3e0000)
Event: 26.312 GC heap after
Heap after GC invocations=22 (full 7):
 PSYoungGen      total 516160K, used 29345K [0x00000007aacb0000, 0x00000007d3750000, 0x0000000800000000)
  eden space 453568K, 0% used [0x00000007aacb0000,0x00000007aacb0000,0x00000007c67a0000)
  from space 62592K, 46% used [0x00000007c67a0000,0x00000007c8448670,0x00000007ca4c0000)
  to   space 59392K, 0% used [0x00000007cfd50000,0x00000007cfd50000,0x00000007d3750000)
 ParOldGen       total 379776K, used 189571K [0x0000000700600000, 0x00000007178e0000, 0x00000007aacb0000)
  object space 379776K, 49% used [0x0000000700600000,0x000000070bf20f28,0x00000007178e0000)
 PSPermGen       total 32640K, used 18124K [0x00000006fb400000, 0x00000006fd3e0000, 0x0000000700600000)
  object space 32640K, 55% used [0x00000006fb400000,0x00000006fc5b3160,0x00000006fd3e0000)
}
Event: 27.384 GC heap before
{Heap before GC invocations=23 (full 7):
 PSYoungGen      total 516160K, used 482913K [0x00000007aacb0000, 0x00000007d3750000, 0x0000000800000000)
  eden space 453568K, 100% used [0x00000007aacb0000,0x00000007c67a0000,0x00000007c67a0000)
  from space 62592K, 46% used [0x00000007c67a0000,0x00000007c8448670,0x00000007ca4c0000)
  to   space 59392K, 0% used [0x00000007cfd50000,0x00000007cfd50000,0x00000007d3750000)
 ParOldGen       total 379776K, used 275631K [0x0000000700600000, 0x00000007178e0000, 0x00000007aacb0000)
  object space 379776K, 72% used [0x0000000700600000,0x000000071132bf50,0x00000007178e0000)
 PSPermGen       total 32640K, used 18125K [0x00000006fb400000, 0x00000006fd3e0000, 0x0000000700600000)
  object space 32640K, 55% used [0x00000006fb400000,0x00000006fc5b3760,0x00000006fd3e0000)
Event: 27.390 GC heap after
Heap after GC invocations=23 (full 7):
 PSYoungGen      total 593664K, used 18850K [0x00000007aacb0000, 0x00000007d2f90000, 0x0000000800000000)
  eden space 542208K, 0% used [0x00000007aacb0000,0x00000007aacb0000,0x00000007cbe30000)
  from space 51456K, 36% used [0x00000007cfd50000,0x00000007d0fb8a50,0x00000007d2f90000)
  to   space 58048K, 0% used [0x00000007cbe30000,0x00000007cbe30000,0x00000007cf6e0000)
 ParOldGen       total 379776K, used 275631K [0x0000000700600000, 0x00000007178e0000, 0x00000007aacb0000)
  object space 379776K, 72% used [0x0000000700600000,0x000000071132bf50,0x00000007178e0000)
 PSPermGen       total 32640K, used 18125K [0x00000006fb400000, 0x00000006fd3e0000, 0x0000000700600000)
  object space 32640K, 55% used [0x00000006fb400000,0x00000006fc5b3760,0x00000006fd3e0000)
}

