# JRE version: 7.0_07-b11
# Java VM: Java HotSpot(TM) 64-Bit Server VM (23.3-b01 mixed mode windows-amd64 compressed oops)
Heap
 PSYoungGen      total 854144K, used 705603K [0x00000007aacb0000, 0x00000007e5ee0000, 0x0000000800000000)
  eden space 797184K, 88% used [0x00000007aacb0000,0x00000007d5d80ce0,0x00000007db730000)
  from space 56960K, 0% used [0x00000007db730000,0x00000007db770000,0x00000007deed0000)
  to   space 56064K, 0% used [0x00000007e2820000,0x00000007e2820000,0x00000007e5ee0000)
 ParOldGen       total 301888K, used 273125K [0x0000000700600000, 0x0000000712cd0000, 0x00000007aacb0000)
  object space 301888K, 90% used [0x0000000700600000,0x00000007110b94e8,0x0000000712cd0000)
 PSPermGen       total 37760K, used 18089K [0x00000006fb400000, 0x00000006fd8e0000, 0x0000000700600000)
  object space 37760K, 47% used [0x00000006fb400000,0x00000006fc5aa688,0x00000006fd8e0000)
GC Heap History (10 events):
Event: 19.605 GC heap before
{Heap before GC invocations=21 (full 4):
 PSYoungGen      total 710080K, used 681830K [0x00000007aacb0000, 0x00000007dea40000, 0x0000000800000000)
  eden space 652416K, 100% used [0x00000007aacb0000,0x00000007d29d0000,0x00000007d29d0000)
  from space 57664K, 51% used [0x00000007d29d0000,0x00000007d4689ad0,0x00000007d6220000)
  to   space 56384K, 0% used [0x00000007db330000,0x00000007db330000,0x00000007dea40000)
 ParOldGen       total 264448K, used 263963K [0x0000000700600000, 0x0000000710840000, 0x00000007aacb0000)
  object space 264448K, 99% used [0x0000000700600000,0x00000007107c6e50,0x0000000710840000)
 PSPermGen       total 39296K, used 18041K [0x00000006fb400000, 0x00000006fda60000, 0x0000000700600000)
  object space 39296K, 45% used [0x00000006fb400000,0x00000006fc59e758,0x00000006fda60000)
Event: 19.634 GC heap after
Heap after GC invocations=21 (full 4):
 PSYoungGen      total 710080K, used 0K [0x00000007aacb0000, 0x00000007dea40000, 0x0000000800000000)
  eden space 652416K, 0% used [0x00000007aacb0000,0x00000007aacb0000,0x00000007d29d0000)
  from space 57664K, 0% used [0x00000007d29d0000,0x00000007d29d0000,0x00000007d6220000)
  to   space 56384K, 0% used [0x00000007db330000,0x00000007db330000,0x00000007dea40000)
 ParOldGen       total 301888K, used 51906K [0x0000000700600000, 0x0000000712cd0000, 0x00000007aacb0000)
  object space 301888K, 17% used [0x0000000700600000,0x00000007038b08e8,0x0000000712cd0000)
 PSPermGen       total 37760K, used 18041K [0x00000006fb400000, 0x00000006fd8e0000, 0x0000000700600000)
  object space 37760K, 47% used [0x00000006fb400000,0x00000006fc59e758,0x00000006fd8e0000)
}
Event: 20.972 GC heap before
{Heap before GC invocations=22 (full 4):
 PSYoungGen      total 710080K, used 652366K [0x00000007aacb0000, 0x00000007dea40000, 0x0000000800000000)
  eden space 652416K, 99% used [0x00000007aacb0000,0x00000007d29c3b70,0x00000007d29d0000)
  from space 57664K, 0% used [0x00000007d29d0000,0x00000007d29d0000,0x00000007d6220000)
  to   space 56384K, 0% used [0x00000007db330000,0x00000007db330000,0x00000007dea40000)
 ParOldGen       total 301888K, used 156111K [0x0000000700600000, 0x0000000712cd0000, 0x00000007aacb0000)
  object space 301888K, 51% used [0x0000000700600000,0x0000000709e73e78,0x0000000712cd0000)
 PSPermGen       total 37760K, used 18049K [0x00000006fb400000, 0x00000006fd8e0000, 0x0000000700600000)
  object space 37760K, 47% used [0x00000006fb400000,0x00000006fc5a0790,0x00000006fd8e0000)
Event: 20.973 GC heap after
Heap after GC invocations=22 (full 4):
 PSYoungGen      total 786688K, used 256K [0x00000007aacb0000, 0x00000007de800000, 0x0000000800000000)
  eden space 732608K, 0% used [0x00000007aacb0000,0x00000007aacb0000,0x00000007d7820000)
  from space 54080K, 0% used [0x00000007db330000,0x00000007db370000,0x00000007de800000)
  to   space 57280K, 0% used [0x00000007d7820000,0x00000007d7820000,0x00000007db010000)
 ParOldGen       total 301888K, used 156111K [0x0000000700600000, 0x0000000712cd0000, 0x00000007aacb0000)
  object space 301888K, 51% used [0x0000000700600000,0x0000000709e73e78,0x0000000712cd0000)
 PSPermGen       total 37760K, used 18049K [0x00000006fb400000, 0x00000006fd8e0000, 0x0000000700600000)
  object space 37760K, 47% used [0x00000006fb400000,0x00000006fc5a0790,0x00000006fd8e0000)
}
Event: 22.372 GC heap before
{Heap before GC invocations=23 (full 4):
 PSYoungGen      total 786688K, used 732864K [0x00000007aacb0000, 0x00000007de800000, 0x0000000800000000)
  eden space 732608K, 100% used [0x00000007aacb0000,0x00000007d7820000,0x00000007d7820000)
  from space 54080K, 0% used [0x00000007db330000,0x00000007db370000,0x00000007de800000)
  to   space 57280K, 0% used [0x00000007d7820000,0x00000007d7820000,0x00000007db010000)
 ParOldGen       total 301888K, used 194066K [0x0000000700600000, 0x0000000712cd0000, 0x00000007aacb0000)
  object space 301888K, 64% used [0x0000000700600000,0x000000070c3849b0,0x0000000712cd0000)
 PSPermGen       total 37760K, used 18051K [0x00000006fb400000, 0x00000006fd8e0000, 0x0000000700600000)
  object space 37760K, 47% used [0x00000006fb400000,0x00000006fc5a0f90,0x00000006fd8e0000)
Event: 22.374 GC heap after
Heap after GC invocations=23 (full 4):
 PSYoungGen      total 789888K, used 256K [0x00000007aacb0000, 0x00000007e33b0000, 0x0000000800000000)
  eden space 732608K, 0% used [0x00000007aacb0000,0x00000007aacb0000,0x00000007d7820000)
  from space 57280K, 0% used [0x00000007d7820000,0x00000007d7860000,0x00000007db010000)
  to   space 57408K, 0% used [0x00000007dfba0000,0x00000007dfba0000,0x00000007e33b0000)
 ParOldGen       total 301888K, used 194066K [0x0000000700600000, 0x0000000712cd0000, 0x00000007aacb0000)
  object space 301888K, 64% used [0x0000000700600000,0x000000070c3849b0,0x0000000712cd0000)
 PSPermGen       total 37760K, used 18051K [0x00000006fb400000, 0x00000006fd8e0000, 0x0000000700600000)
  object space 37760K, 47% used [0x00000006fb400000,0x00000006fc5a0f90,0x00000006fd8e0000)
}
Event: 23.739 GC heap before
{Heap before GC invocations=24 (full 4):
 PSYoungGen      total 789888K, used 732864K [0x00000007aacb0000, 0x00000007e33b0000, 0x0000000800000000)
  eden space 732608K, 100% used [0x00000007aacb0000,0x00000007d7820000,0x00000007d7820000)
  from space 57280K, 0% used [0x00000007d7820000,0x00000007d7860000,0x00000007db010000)
  to   space 57408K, 0% used [0x00000007dfba0000,0x00000007dfba0000,0x00000007e33b0000)
 ParOldGen       total 301888K, used 231121K [0x0000000700600000, 0x0000000712cd0000, 0x00000007aacb0000)
  object space 301888K, 76% used [0x0000000700600000,0x000000070e7b46a8,0x0000000712cd0000)
 PSPermGen       total 37760K, used 18056K [0x00000006fb400000, 0x00000006fd8e0000, 0x0000000700600000)
  object space 37760K, 47% used [0x00000006fb400000,0x00000006fc5a23e8,0x00000006fd8e0000)
Event: 23.740 GC heap after
Heap after GC invocations=24 (full 4):
 PSYoungGen      total 841024K, used 256K [0x00000007aacb0000, 0x00000007e2670000, 0x0000000800000000)
  eden space 797184K, 0% used [0x00000007aacb0000,0x00000007aacb0000,0x00000007db730000)
  from space 43840K, 0% used [0x00000007dfba0000,0x00000007dfbe0000,0x00000007e2670000)
  to   space 56960K, 0% used [0x00000007db730000,0x00000007db730000,0x00000007deed0000)
 ParOldGen       total 301888K, used 231121K [0x0000000700600000, 0x0000000712cd0000, 0x00000007aacb0000)
  object space 301888K, 76% used [0x0000000700600000,0x000000070e7b46a8,0x0000000712cd0000)
 PSPermGen       total 37760K, used 18056K [0x00000006fb400000, 0x00000006fd8e0000, 0x0000000700600000)
  object space 37760K, 47% used [0x00000006fb400000,0x00000006fc5a23e8,0x00000006fd8e0000)
}
Event: 25.239 GC heap before
{Heap before GC invocations=25 (full 4):
 PSYoungGen      total 841024K, used 797440K [0x00000007aacb0000, 0x00000007e2670000, 0x0000000800000000)
  eden space 797184K, 100% used [0x00000007aacb0000,0x00000007db730000,0x00000007db730000)
  from space 43840K, 0% used [0x00000007dfba0000,0x00000007dfbe0000,0x00000007e2670000)
  to   space 56960K, 0% used [0x00000007db730000,0x00000007db730000,0x00000007deed0000)
 ParOldGen       total 301888K, used 273125K [0x0000000700600000, 0x0000000712cd0000, 0x00000007aacb0000)
  object space 301888K, 90% used [0x0000000700600000,0x00000007110b94e8,0x0000000712cd0000)
 PSPermGen       total 37760K, used 18058K [0x00000006fb400000, 0x00000006fd8e0000, 0x0000000700600000)
  object space 37760K, 47% used [0x00000006fb400000,0x00000006fc5a2928,0x00000006fd8e0000)
Event: 25.241 GC heap after
Heap after GC invocations=25 (full 4):
 PSYoungGen      total 854144K, used 256K [0x00000007aacb0000, 0x00000007e5ee0000, 0x0000000800000000)
  eden space 797184K, 0% used [0x00000007aacb0000,0x00000007aacb0000,0x00000007db730000)
  from space 56960K, 0% used [0x00000007db730000,0x00000007db770000,0x00000007deed0000)
  to   space 56064K, 0% used [0x00000007e2820000,0x00000007e2820000,0x00000007e5ee0000)
 ParOldGen       total 301888K, used 273125K [0x0000000700600000, 0x0000000712cd0000, 0x00000007aacb0000)
  object space 301888K, 90% used [0x0000000700600000,0x00000007110b94e8,0x0000000712cd0000)
 PSPermGen       total 37760K, used 18058K [0x00000006fb400000, 0x00000006fd8e0000, 0x0000000700600000)
  object space 37760K, 47% used [0x00000006fb400000,0x00000006fc5a2928,0x00000006fd8e0000)
}

