# JRE version: 7.0_07-b11
# Java VM: Java HotSpot(TM) 64-Bit Server VM (23.3-b01 mixed mode windows-amd64 compressed oops)
Heap
 PSYoungGen      total 308288K, used 254698K [0x00000007aacb0000, 0x00000007c8b20000, 0x0000000800000000)
  eden space 256000K, 99% used [0x00000007aacb0000,0x00000007ba56a9b8,0x00000007ba6b0000)
  from space 52288K, 0% used [0x00000007ba6b0000,0x00000007ba6b0000,0x00000007bd9c0000)
  to   space 59648K, 0% used [0x00000007c50e0000,0x00000007c50e0000,0x00000007c8b20000)
 ParOldGen       total 211008K, used 43953K [0x0000000700600000, 0x000000070d410000, 0x00000007aacb0000)
  object space 211008K, 20% used [0x0000000700600000,0x00000007030ec510,0x000000070d410000)
 PSPermGen       total 39744K, used 18115K [0x00000006fb400000, 0x00000006fdad0000, 0x0000000700600000)
  object space 39744K, 45% used [0x00000006fb400000,0x00000006fc5b0f88,0x00000006fdad0000)
GC Heap History (10 events):
Event: 7.212 GC heap before
{Heap before GC invocations=8 (full 0):
 PSYoungGen      total 175936K, used 154887K [0x00000007aacb0000, 0x00000007c0710000, 0x0000000800000000)
  eden space 130944K, 96% used [0x00000007aacb0000,0x00000007b27a08c0,0x00000007b2c90000)
  from space 44992K, 64% used [0x00000007b2c90000,0x00000007b48e15b0,0x00000007b5880000)
  to   space 46400K, 0% used [0x00000007bd9c0000,0x00000007bd9c0000,0x00000007c0710000)
 ParOldGen       total 174528K, used 67862K [0x0000000700600000, 0x000000070b070000, 0x00000007aacb0000)
  object space 174528K, 38% used [0x0000000700600000,0x0000000704845b80,0x000000070b070000)
 PSPermGen       total 21248K, used 18044K [0x00000006fb400000, 0x00000006fc8c0000, 0x0000000700600000)
  object space 21248K, 84% used [0x00000006fb400000,0x00000006fc59f1c8,0x00000006fc8c0000)
Event: 7.222 GC heap after
Heap after GC invocations=8 (full 0):
 PSYoungGen      total 302400K, used 41083K [0x00000007aacb0000, 0x00000007c1290000, 0x0000000800000000)
  eden space 256000K, 0% used [0x00000007aacb0000,0x00000007aacb0000,0x00000007ba6b0000)
  from space 46400K, 88% used [0x00000007bd9c0000,0x00000007c01dedd0,0x00000007c0710000)
  to   space 52288K, 0% used [0x00000007ba6b0000,0x00000007ba6b0000,0x00000007bd9c0000)
 ParOldGen       total 174528K, used 67982K [0x0000000700600000, 0x000000070b070000, 0x00000007aacb0000)
  object space 174528K, 38% used [0x0000000700600000,0x0000000704863bb0,0x000000070b070000)
 PSPermGen       total 21248K, used 18044K [0x00000006fb400000, 0x00000006fc8c0000, 0x0000000700600000)
  object space 21248K, 84% used [0x00000006fb400000,0x00000006fc59f1c8,0x00000006fc8c0000)
}
Event: 8.025 GC heap before
{Heap before GC invocations=9 (full 1):
 PSYoungGen      total 302400K, used 297083K [0x00000007aacb0000, 0x00000007c1290000, 0x0000000800000000)
  eden space 256000K, 100% used [0x00000007aacb0000,0x00000007ba6b0000,0x00000007ba6b0000)
  from space 46400K, 88% used [0x00000007bd9c0000,0x00000007c01dedd0,0x00000007c0710000)
  to   space 52288K, 0% used [0x00000007ba6b0000,0x00000007ba6b0000,0x00000007bd9c0000)
 ParOldGen       total 174528K, used 161303K [0x0000000700600000, 0x000000070b070000, 0x00000007aacb0000)
  object space 174528K, 92% used [0x0000000700600000,0x000000070a385e38,0x000000070b070000)
 PSPermGen       total 21248K, used 18053K [0x00000006fb400000, 0x00000006fc8c0000, 0x0000000700600000)
  object space 21248K, 84% used [0x00000006fb400000,0x00000006fc5a1620,0x00000006fc8c0000)
Event: 8.082 GC heap after
Heap after GC invocations=9 (full 1):
 PSYoungGen      total 302400K, used 0K [0x00000007aacb0000, 0x00000007c1290000, 0x0000000800000000)
  eden space 256000K, 0% used [0x00000007aacb0000,0x00000007aacb0000,0x00000007ba6b0000)
  from space 46400K, 0% used [0x00000007bd9c0000,0x00000007bd9c0000,0x00000007c0710000)
  to   space 52288K, 0% used [0x00000007ba6b0000,0x00000007ba6b0000,0x00000007bd9c0000)
 ParOldGen       total 128064K, used 20367K [0x0000000700600000, 0x0000000708310000, 0x00000007aacb0000)
  object space 128064K, 15% used [0x0000000700600000,0x00000007019e3d98,0x0000000708310000)
 PSPermGen       total 36672K, used 18046K [0x00000006fb400000, 0x00000006fd7d0000, 0x0000000700600000)
  object space 36672K, 49% used [0x00000006fb400000,0x00000006fc59fb28,0x00000006fd7d0000)
}
Event: 9.177 GC heap before
{Heap before GC invocations=10 (full 1):
 PSYoungGen      total 302400K, used 253693K [0x00000007aacb0000, 0x00000007c1290000, 0x0000000800000000)
  eden space 256000K, 99% used [0x00000007aacb0000,0x00000007ba46f528,0x00000007ba6b0000)
  from space 46400K, 0% used [0x00000007bd9c0000,0x00000007bd9c0000,0x00000007c0710000)
  to   space 52288K, 0% used [0x00000007ba6b0000,0x00000007ba6b0000,0x00000007bd9c0000)
 ParOldGen       total 128064K, used 32517K [0x0000000700600000, 0x0000000708310000, 0x00000007aacb0000)
  object space 128064K, 25% used [0x0000000700600000,0x00000007025c15b8,0x0000000708310000)
 PSPermGen       total 36672K, used 18066K [0x00000006fb400000, 0x00000006fd7d0000, 0x0000000700600000)
  object space 36672K, 49% used [0x00000006fb400000,0x00000006fc5a4880,0x00000006fd7d0000)
Event: 9.189 GC heap after
Heap after GC invocations=10 (full 1):
 PSYoungGen      total 308288K, used 49154K [0x00000007aacb0000, 0x00000007c8b20000, 0x0000000800000000)
  eden space 256000K, 0% used [0x00000007aacb0000,0x00000007aacb0000,0x00000007ba6b0000)
  from space 52288K, 94% used [0x00000007ba6b0000,0x00000007bd6b0958,0x00000007bd9c0000)
  to   space 59648K, 0% used [0x00000007c50e0000,0x00000007c50e0000,0x00000007c8b20000)
 ParOldGen       total 128064K, used 32517K [0x0000000700600000, 0x0000000708310000, 0x00000007aacb0000)
  object space 128064K, 25% used [0x0000000700600000,0x00000007025c15b8,0x0000000708310000)
 PSPermGen       total 36672K, used 18066K [0x00000006fb400000, 0x00000006fd7d0000, 0x0000000700600000)
  object space 36672K, 49% used [0x00000006fb400000,0x00000006fc5a4880,0x00000006fd7d0000)
}
Event: 9.943 GC heap before
{Heap before GC invocations=11 (full 2):
 PSYoungGen      total 308288K, used 305154K [0x00000007aacb0000, 0x00000007c8b20000, 0x0000000800000000)
  eden space 256000K, 100% used [0x00000007aacb0000,0x00000007ba6b0000,0x00000007ba6b0000)
  from space 52288K, 94% used [0x00000007ba6b0000,0x00000007bd6b0958,0x00000007bd9c0000)
  to   space 59648K, 0% used [0x00000007c50e0000,0x00000007c50e0000,0x00000007c8b20000)
 ParOldGen       total 128064K, used 120242K [0x0000000700600000, 0x0000000708310000, 0x00000007aacb0000)
  object space 128064K, 93% used [0x0000000700600000,0x0000000707b6c8c0,0x0000000708310000)
 PSPermGen       total 36672K, used 18071K [0x00000006fb400000, 0x00000006fd7d0000, 0x0000000700600000)
  object space 36672K, 49% used [0x00000006fb400000,0x00000006fc5a5d88,0x00000006fd7d0000)
Event: 9.976 GC heap after
Heap after GC invocations=11 (full 2):
 PSYoungGen      total 308288K, used 0K [0x00000007aacb0000, 0x00000007c8b20000, 0x0000000800000000)
  eden space 256000K, 0% used [0x00000007aacb0000,0x00000007aacb0000,0x00000007ba6b0000)
  from space 52288K, 0% used [0x00000007ba6b0000,0x00000007ba6b0000,0x00000007bd9c0000)
  to   space 59648K, 0% used [0x00000007c50e0000,0x00000007c50e0000,0x00000007c8b20000)
 ParOldGen       total 181056K, used 44391K [0x0000000700600000, 0x000000070b6d0000, 0x00000007aacb0000)
  object space 181056K, 24% used [0x0000000700600000,0x0000000703159d50,0x000000070b6d0000)
 PSPermGen       total 40896K, used 18071K [0x00000006fb400000, 0x00000006fdbf0000, 0x0000000700600000)
  object space 40896K, 44% used [0x00000006fb400000,0x00000006fc5a5d48,0x00000006fdbf0000)
}
Event: 10.956 GC heap before
{Heap before GC invocations=12 (full 3):
 PSYoungGen      total 308288K, used 256000K [0x00000007aacb0000, 0x00000007c8b20000, 0x0000000800000000)
  eden space 256000K, 100% used [0x00000007aacb0000,0x00000007ba6b0000,0x00000007ba6b0000)
  from space 52288K, 0% used [0x00000007ba6b0000,0x00000007ba6b0000,0x00000007bd9c0000)
  to   space 59648K, 0% used [0x00000007c50e0000,0x00000007c50e0000,0x00000007c8b20000)
 ParOldGen       total 227072K, used 224493K [0x0000000700600000, 0x000000070e3c0000, 0x00000007aacb0000)
  object space 227072K, 98% used [0x0000000700600000,0x000000070e13b770,0x000000070e3c0000)
 PSPermGen       total 40896K, used 18080K [0x00000006fb400000, 0x00000006fdbf0000, 0x0000000700600000)
  object space 40896K, 44% used [0x00000006fb400000,0x00000006fc5a8180,0x00000006fdbf0000)
Event: 10.985 GC heap after
Heap after GC invocations=12 (full 3):
 PSYoungGen      total 308288K, used 0K [0x00000007aacb0000, 0x00000007c8b20000, 0x0000000800000000)
  eden space 256000K, 0% used [0x00000007aacb0000,0x00000007aacb0000,0x00000007ba6b0000)
  from space 52288K, 0% used [0x00000007ba6b0000,0x00000007ba6b0000,0x00000007bd9c0000)
  to   space 59648K, 0% used [0x00000007c50e0000,0x00000007c50e0000,0x00000007c8b20000)
 ParOldGen       total 211008K, used 43953K [0x0000000700600000, 0x000000070d410000, 0x00000007aacb0000)
  object space 211008K, 20% used [0x0000000700600000,0x00000007030ec510,0x000000070d410000)
 PSPermGen       total 39744K, used 18080K [0x00000006fb400000, 0x00000006fdad0000, 0x0000000700600000)
  object space 39744K, 45% used [0x00000006fb400000,0x00000006fc5a8180,0x00000006fdad0000)
}

