# JRE version: 7.0_07-b11
# Java VM: Java HotSpot(TM) 64-Bit Server VM (23.3-b01 mixed mode windows-amd64 compressed oops)
Heap
 PSYoungGen      total 641920K, used 284626K [0x00000007aacb0000, 0x00000007de5a0000, 0x0000000800000000)
  eden space 569536K, 46% used [0x00000007aacb0000,0x00000007bb0a8728,0x00000007cd8e0000)
  from space 72384K, 25% used [0x00000007cd8e0000,0x00000007ceadc430,0x00000007d1f90000)
  to   space 70784K, 0% used [0x00000007da080000,0x00000007da080000,0x00000007de5a0000)
 ParOldGen       total 266368K, used 124418K [0x0000000700600000, 0x0000000710a20000, 0x00000007aacb0000)
  object space 266368K, 46% used [0x0000000700600000,0x0000000707f808b8,0x0000000710a20000)
 PSPermGen       total 37632K, used 17996K [0x00000006fb400000, 0x00000006fd8c0000, 0x0000000700600000)
  object space 37632K, 47% used [0x00000006fb400000,0x00000006fc593008,0x00000006fd8c0000)
GC Heap History (10 events):
Event: 13.673 GC heap before
{Heap before GC invocations=15 (full 4):
 PSYoungGen      total 415232K, used 409406K [0x00000007aacb0000, 0x00000007cf960000, 0x0000000800000000)
  eden space 349760K, 100% used [0x00000007aacb0000,0x00000007c0240000,0x00000007c0240000)
  from space 65472K, 91% used [0x00000007c0240000,0x00000007c3c7f820,0x00000007c4230000)
  to   space 73664K, 0% used [0x00000007cb170000,0x00000007cb170000,0x00000007cf960000)
 ParOldGen       total 331904K, used 329633K [0x0000000700600000, 0x0000000714a20000, 0x00000007aacb0000)
  object space 331904K, 99% used [0x0000000700600000,0x00000007147e87d0,0x0000000714a20000)
 PSPermGen       total 39232K, used 17977K [0x00000006fb400000, 0x00000006fda50000, 0x0000000700600000)
  object space 39232K, 45% used [0x00000006fb400000,0x00000006fc58e5f8,0x00000006fda50000)
Event: 13.705 GC heap after
Heap after GC invocations=15 (full 4):
 PSYoungGen      total 415232K, used 0K [0x00000007aacb0000, 0x00000007cf960000, 0x0000000800000000)
  eden space 349760K, 0% used [0x00000007aacb0000,0x00000007aacb0000,0x00000007c0240000)
  from space 65472K, 0% used [0x00000007c0240000,0x00000007c0240000,0x00000007c4230000)
  to   space 73664K, 0% used [0x00000007cb170000,0x00000007cb170000,0x00000007cf960000)
 ParOldGen       total 266368K, used 41209K [0x0000000700600000, 0x0000000710a20000, 0x00000007aacb0000)
  object space 266368K, 15% used [0x0000000700600000,0x0000000702e3e420,0x0000000710a20000)
 PSPermGen       total 37632K, used 17977K [0x00000006fb400000, 0x00000006fd8c0000, 0x0000000700600000)
  object space 37632K, 47% used [0x00000006fb400000,0x00000006fc58e5b8,0x00000006fd8c0000)
}
Event: 14.343 GC heap before
{Heap before GC invocations=16 (full 4):
 PSYoungGen      total 415232K, used 348757K [0x00000007aacb0000, 0x00000007cf960000, 0x0000000800000000)
  eden space 349760K, 99% used [0x00000007aacb0000,0x00000007c0145418,0x00000007c0240000)
  from space 65472K, 0% used [0x00000007c0240000,0x00000007c0240000,0x00000007c4230000)
  to   space 73664K, 0% used [0x00000007cb170000,0x00000007cb170000,0x00000007cf960000)
 ParOldGen       total 266368K, used 41209K [0x0000000700600000, 0x0000000710a20000, 0x00000007aacb0000)
  object space 266368K, 15% used [0x0000000700600000,0x0000000702e3e420,0x0000000710a20000)
 PSPermGen       total 37632K, used 17979K [0x00000006fb400000, 0x00000006fd8c0000, 0x0000000700600000)
  object space 37632K, 47% used [0x00000006fb400000,0x00000006fc58ee70,0x00000006fd8c0000)
Event: 14.358 GC heap after
Heap after GC invocations=16 (full 4):
 PSYoungGen      total 522752K, used 59308K [0x00000007aacb0000, 0x00000007d0270000, 0x0000000800000000)
  eden space 449088K, 0% used [0x00000007aacb0000,0x00000007aacb0000,0x00000007c6340000)
  from space 73664K, 80% used [0x00000007cb170000,0x00000007ceb5b200,0x00000007cf960000)
  to   space 80064K, 0% used [0x00000007c6340000,0x00000007c6340000,0x00000007cb170000)
 ParOldGen       total 266368K, used 41209K [0x0000000700600000, 0x0000000710a20000, 0x00000007aacb0000)
  object space 266368K, 15% used [0x0000000700600000,0x0000000702e3e420,0x0000000710a20000)
 PSPermGen       total 37632K, used 17979K [0x00000006fb400000, 0x00000006fd8c0000, 0x0000000700600000)
  object space 37632K, 47% used [0x00000006fb400000,0x00000006fc58ee70,0x00000006fd8c0000)
}
Event: 15.150 GC heap before
{Heap before GC invocations=17 (full 4):
 PSYoungGen      total 522752K, used 508168K [0x00000007aacb0000, 0x00000007d0270000, 0x0000000800000000)
  eden space 449088K, 99% used [0x00000007aacb0000,0x00000007c63071f0,0x00000007c6340000)
  from space 73664K, 80% used [0x00000007cb170000,0x00000007ceb5b200,0x00000007cf960000)
  to   space 80064K, 0% used [0x00000007c6340000,0x00000007c6340000,0x00000007cb170000)
 ParOldGen       total 266368K, used 41209K [0x0000000700600000, 0x0000000710a20000, 0x00000007aacb0000)
  object space 266368K, 15% used [0x0000000700600000,0x0000000702e3e420,0x0000000710a20000)
 PSPermGen       total 37632K, used 17983K [0x00000006fb400000, 0x00000006fd8c0000, 0x0000000700600000)
  object space 37632K, 47% used [0x00000006fb400000,0x00000006fc58fc58,0x00000006fd8c0000)
Event: 15.157 GC heap after
Heap after GC invocations=17 (full 4):
 PSYoungGen      total 529152K, used 28976K [0x00000007aacb0000, 0x00000007d71d0000, 0x0000000800000000)
  eden space 449088K, 0% used [0x00000007aacb0000,0x00000007aacb0000,0x00000007c6340000)
  from space 80064K, 36% used [0x00000007c6340000,0x00000007c7f8c050,0x00000007cb170000)
  to   space 76096K, 0% used [0x00000007d2780000,0x00000007d2780000,0x00000007d71d0000)
 ParOldGen       total 266368K, used 41209K [0x0000000700600000, 0x0000000710a20000, 0x00000007aacb0000)
  object space 266368K, 15% used [0x0000000700600000,0x0000000702e3e420,0x0000000710a20000)
 PSPermGen       total 37632K, used 17983K [0x00000006fb400000, 0x00000006fd8c0000, 0x0000000700600000)
  object space 37632K, 47% used [0x00000006fb400000,0x00000006fc58fc58,0x00000006fd8c0000)
}
Event: 15.933 GC heap before
{Heap before GC invocations=18 (full 4):
 PSYoungGen      total 529152K, used 477287K [0x00000007aacb0000, 0x00000007d71d0000, 0x0000000800000000)
  eden space 449088K, 99% used [0x00000007aacb0000,0x00000007c627dd78,0x00000007c6340000)
  from space 80064K, 36% used [0x00000007c6340000,0x00000007c7f8c050,0x00000007cb170000)
  to   space 76096K, 0% used [0x00000007d2780000,0x00000007d2780000,0x00000007d71d0000)
 ParOldGen       total 266368K, used 49309K [0x0000000700600000, 0x0000000710a20000, 0x00000007aacb0000)
  object space 266368K, 18% used [0x0000000700600000,0x0000000703627440,0x0000000710a20000)
 PSPermGen       total 37632K, used 17985K [0x00000006fb400000, 0x00000006fd8c0000, 0x0000000700600000)
  object space 37632K, 47% used [0x00000006fb400000,0x00000006fc5907c8,0x00000006fd8c0000)
Event: 15.941 GC heap after
Heap after GC invocations=18 (full 4):
 PSYoungGen      total 633792K, used 29421K [0x00000007aacb0000, 0x00000007d6640000, 0x0000000800000000)
  eden space 569536K, 0% used [0x00000007aacb0000,0x00000007aacb0000,0x00000007cd8e0000)
  from space 64256K, 45% used [0x00000007d2780000,0x00000007d443b4d8,0x00000007d6640000)
  to   space 72384K, 0% used [0x00000007cd8e0000,0x00000007cd8e0000,0x00000007d1f90000)
 ParOldGen       total 266368K, used 49309K [0x0000000700600000, 0x0000000710a20000, 0x00000007aacb0000)
  object space 266368K, 18% used [0x0000000700600000,0x0000000703627440,0x0000000710a20000)
 PSPermGen       total 37632K, used 17985K [0x00000006fb400000, 0x00000006fd8c0000, 0x0000000700600000)
  object space 37632K, 47% used [0x00000006fb400000,0x00000006fc5907c8,0x00000006fd8c0000)
}
Event: 17.079 GC heap before
{Heap before GC invocations=19 (full 4):
 PSYoungGen      total 633792K, used 598957K [0x00000007aacb0000, 0x00000007d6640000, 0x0000000800000000)
  eden space 569536K, 100% used [0x00000007aacb0000,0x00000007cd8e0000,0x00000007cd8e0000)
  from space 64256K, 45% used [0x00000007d2780000,0x00000007d443b4d8,0x00000007d6640000)
  to   space 72384K, 0% used [0x00000007cd8e0000,0x00000007cd8e0000,0x00000007d1f90000)
 ParOldGen       total 266368K, used 124418K [0x0000000700600000, 0x0000000710a20000, 0x00000007aacb0000)
  object space 266368K, 46% used [0x0000000700600000,0x0000000707f808b8,0x0000000710a20000)
 PSPermGen       total 37632K, used 17988K [0x00000006fb400000, 0x00000006fd8c0000, 0x0000000700600000)
  object space 37632K, 47% used [0x00000006fb400000,0x00000006fc591308,0x00000006fd8c0000)
Event: 17.081 GC heap after
Heap after GC invocations=19 (full 4):
 PSYoungGen      total 641920K, used 18417K [0x00000007aacb0000, 0x00000007de5a0000, 0x0000000800000000)
  eden space 569536K, 0% used [0x00000007aacb0000,0x00000007aacb0000,0x00000007cd8e0000)
  from space 72384K, 25% used [0x00000007cd8e0000,0x00000007ceadc430,0x00000007d1f90000)
  to   space 70784K, 0% used [0x00000007da080000,0x00000007da080000,0x00000007de5a0000)
 ParOldGen       total 266368K, used 124418K [0x0000000700600000, 0x0000000710a20000, 0x00000007aacb0000)
  object space 266368K, 46% used [0x0000000700600000,0x0000000707f808b8,0x0000000710a20000)
 PSPermGen       total 37632K, used 17988K [0x00000006fb400000, 0x00000006fd8c0000, 0x0000000700600000)
  object space 37632K, 47% used [0x00000006fb400000,0x00000006fc591308,0x00000006fd8c0000)
}

