# JRE version: 7.0_07-b11
# Java VM: Java HotSpot(TM) 64-Bit Server VM (23.3-b01 mixed mode windows-amd64 compressed oops)
Heap
 PSYoungGen      total 499136K, used 485940K [0x00000007aacb0000, 0x00000007d8fd0000, 0x0000000800000000)
  eden space 442624K, 99% used [0x00000007aacb0000,0x00000007c5c15040,0x00000007c5cf0000)
  from space 56512K, 78% used [0x00000007c5cf0000,0x00000007c8818120,0x00000007c9420000)
  to   space 60736K, 0% used [0x00000007d5480000,0x00000007d5480000,0x00000007d8fd0000)
 ParOldGen       total 360192K, used 358438K [0x0000000700600000, 0x00000007165c0000, 0x00000007aacb0000)
  object space 360192K, 99% used [0x0000000700600000,0x0000000716409b38,0x00000007165c0000)
 PSPermGen       total 36160K, used 17987K [0x00000006fb400000, 0x00000006fd750000, 0x0000000700600000)
  object space 36160K, 49% used [0x00000006fb400000,0x00000006fc590c58,0x00000006fd750000)
GC Heap History (10 events):
Event: 6.142 GC heap before
{Heap before GC invocations=6 (full 0):
 PSYoungGen      total 141824K, used 138517K [0x00000007aacb0000, 0x00000007c0d70000, 0x0000000800000000)
  eden space 130944K, 99% used [0x00000007aacb0000,0x00000007b2bdc108,0x00000007b2c90000)
  from space 10880K, 76% used [0x00000007b2c90000,0x00000007b34a9440,0x00000007b3730000)
  to   space 49664K, 0% used [0x00000007bdcf0000,0x00000007bdcf0000,0x00000007c0d70000)
 ParOldGen       total 174528K, used 69072K [0x0000000700600000, 0x000000070b070000, 0x00000007aacb0000)
  object space 174528K, 39% used [0x0000000700600000,0x00000007049743a8,0x000000070b070000)
 PSPermGen       total 21248K, used 17944K [0x00000006fb400000, 0x00000006fc8c0000, 0x0000000700600000)
  object space 21248K, 84% used [0x00000006fb400000,0x00000006fc586388,0x00000006fc8c0000)
Event: 6.151 GC heap after
Heap after GC invocations=6 (full 0):
 PSYoungGen      total 309504K, used 26534K [0x00000007aacb0000, 0x00000007c0b70000, 0x0000000800000000)
  eden space 261888K, 0% used [0x00000007aacb0000,0x00000007aacb0000,0x00000007bac70000)
  from space 47616K, 55% used [0x00000007bdcf0000,0x00000007bf6d9860,0x00000007c0b70000)
  to   space 48640K, 0% used [0x00000007bac70000,0x00000007bac70000,0x00000007bdbf0000)
 ParOldGen       total 174528K, used 69072K [0x0000000700600000, 0x000000070b070000, 0x00000007aacb0000)
  object space 174528K, 39% used [0x0000000700600000,0x00000007049743a8,0x000000070b070000)
 PSPermGen       total 21248K, used 17944K [0x00000006fb400000, 0x00000006fc8c0000, 0x0000000700600000)
  object space 21248K, 84% used [0x00000006fb400000,0x00000006fc586388,0x00000006fc8c0000)
}
Event: 7.347 GC heap before
{Heap before GC invocations=7 (full 1):
 PSYoungGen      total 309504K, used 288422K [0x00000007aacb0000, 0x00000007c0b70000, 0x0000000800000000)
  eden space 261888K, 100% used [0x00000007aacb0000,0x00000007bac70000,0x00000007bac70000)
  from space 47616K, 55% used [0x00000007bdcf0000,0x00000007bf6d9860,0x00000007c0b70000)
  to   space 48640K, 0% used [0x00000007bac70000,0x00000007bac70000,0x00000007bdbf0000)
 ParOldGen       total 345856K, used 345781K [0x0000000700600000, 0x00000007157c0000, 0x00000007aacb0000)
  object space 345856K, 99% used [0x0000000700600000,0x00000007157ad7a8,0x00000007157c0000)
 PSPermGen       total 21248K, used 17950K [0x00000006fb400000, 0x00000006fc8c0000, 0x0000000700600000)
  object space 21248K, 84% used [0x00000006fb400000,0x00000006fc587b70,0x00000006fc8c0000)
Event: 7.409 GC heap after
Heap after GC invocations=7 (full 1):
 PSYoungGen      total 309504K, used 0K [0x00000007aacb0000, 0x00000007c0b70000, 0x0000000800000000)
  eden space 261888K, 0% used [0x00000007aacb0000,0x00000007aacb0000,0x00000007bac70000)
  from space 47616K, 0% used [0x00000007bdcf0000,0x00000007bdcf0000,0x00000007c0b70000)
  to   space 48640K, 0% used [0x00000007bac70000,0x00000007bac70000,0x00000007bdbf0000)
 ParOldGen       total 144320K, used 29248K [0x0000000700600000, 0x00000007092f0000, 0x00000007aacb0000)
  object space 144320K, 20% used [0x0000000700600000,0x00000007022902d8,0x00000007092f0000)
 PSPermGen       total 36160K, used 17944K [0x00000006fb400000, 0x00000006fd750000, 0x0000000700600000)
  object space 36160K, 49% used [0x00000006fb400000,0x00000006fc5860f8,0x00000006fd750000)
}
Event: 7.914 GC heap before
{Heap before GC invocations=8 (full 1):
 PSYoungGen      total 309504K, used 261763K [0x00000007aacb0000, 0x00000007c0b70000, 0x0000000800000000)
  eden space 261888K, 99% used [0x00000007aacb0000,0x00000007bac50e38,0x00000007bac70000)
  from space 47616K, 0% used [0x00000007bdcf0000,0x00000007bdcf0000,0x00000007c0b70000)
  to   space 48640K, 0% used [0x00000007bac70000,0x00000007bac70000,0x00000007bdbf0000)
 ParOldGen       total 144320K, used 29248K [0x0000000700600000, 0x00000007092f0000, 0x00000007aacb0000)
  object space 144320K, 20% used [0x0000000700600000,0x00000007022902d8,0x00000007092f0000)
 PSPermGen       total 36160K, used 17945K [0x00000006fb400000, 0x00000006fd750000, 0x0000000700600000)
  object space 36160K, 49% used [0x00000006fb400000,0x00000006fc586510,0x00000006fd750000)
Event: 7.921 GC heap after
Heap after GC invocations=8 (full 1):
 PSYoungGen      total 310528K, used 28869K [0x00000007aacb0000, 0x00000007cc3b0000, 0x0000000800000000)
  eden space 261888K, 0% used [0x00000007aacb0000,0x00000007aacb0000,0x00000007bac70000)
  from space 48640K, 59% used [0x00000007bac70000,0x00000007bc8a15b0,0x00000007bdbf0000)
  to   space 48704K, 0% used [0x00000007c9420000,0x00000007c9420000,0x00000007cc3b0000)
 ParOldGen       total 144320K, used 29248K [0x0000000700600000, 0x00000007092f0000, 0x00000007aacb0000)
  object space 144320K, 20% used [0x0000000700600000,0x00000007022902d8,0x00000007092f0000)
 PSPermGen       total 36160K, used 17945K [0x00000006fb400000, 0x00000006fd750000, 0x0000000700600000)
  object space 36160K, 49% used [0x00000006fb400000,0x00000006fc586510,0x00000006fd750000)
}
Event: 8.428 GC heap before
{Heap before GC invocations=9 (full 1):
 PSYoungGen      total 310528K, used 289244K [0x00000007aacb0000, 0x00000007cc3b0000, 0x0000000800000000)
  eden space 261888K, 99% used [0x00000007aacb0000,0x00000007baaf5b08,0x00000007bac70000)
  from space 48640K, 59% used [0x00000007bac70000,0x00000007bc8a15b0,0x00000007bdbf0000)
  to   space 48704K, 0% used [0x00000007c9420000,0x00000007c9420000,0x00000007cc3b0000)
 ParOldGen       total 144320K, used 29248K [0x0000000700600000, 0x00000007092f0000, 0x00000007aacb0000)
  object space 144320K, 20% used [0x0000000700600000,0x00000007022902d8,0x00000007092f0000)
 PSPermGen       total 36160K, used 17959K [0x00000006fb400000, 0x00000006fd750000, 0x0000000700600000)
  object space 36160K, 49% used [0x00000006fb400000,0x00000006fc589f68,0x00000006fd750000)
Event: 8.440 GC heap after
Heap after GC invocations=9 (full 1):
 PSYoungGen      total 491328K, used 47190K [0x00000007aacb0000, 0x00000007cd850000, 0x0000000800000000)
  eden space 442624K, 0% used [0x00000007aacb0000,0x00000007aacb0000,0x00000007c5cf0000)
  from space 48704K, 96% used [0x00000007c9420000,0x00000007cc2359e0,0x00000007cc3b0000)
  to   space 56512K, 0% used [0x00000007c5cf0000,0x00000007c5cf0000,0x00000007c9420000)
 ParOldGen       total 144320K, used 47473K [0x0000000700600000, 0x00000007092f0000, 0x00000007aacb0000)
  object space 144320K, 32% used [0x0000000700600000,0x000000070345c708,0x00000007092f0000)
 PSPermGen       total 36160K, used 17959K [0x00000006fb400000, 0x00000006fd750000, 0x0000000700600000)
  object space 36160K, 49% used [0x00000006fb400000,0x00000006fc589f68,0x00000006fd750000)
}
Event: 9.242 GC heap before
{Heap before GC invocations=10 (full 1):
 PSYoungGen      total 491328K, used 487698K [0x00000007aacb0000, 0x00000007cd850000, 0x0000000800000000)
  eden space 442624K, 99% used [0x00000007aacb0000,0x00000007c5adf1c8,0x00000007c5cf0000)
  from space 48704K, 96% used [0x00000007c9420000,0x00000007cc2359e0,0x00000007cc3b0000)
  to   space 56512K, 0% used [0x00000007c5cf0000,0x00000007c5cf0000,0x00000007c9420000)
 ParOldGen       total 144320K, used 53548K [0x0000000700600000, 0x00000007092f0000, 0x00000007aacb0000)
  object space 144320K, 37% used [0x0000000700600000,0x0000000703a4b318,0x00000007092f0000)
 PSPermGen       total 36160K, used 17978K [0x00000006fb400000, 0x00000006fd750000, 0x0000000700600000)
  object space 36160K, 49% used [0x00000006fb400000,0x00000006fc58e8d0,0x00000006fd750000)
Event: 9.253 GC heap after
Heap after GC invocations=10 (full 1):
 PSYoungGen      total 499136K, used 44192K [0x00000007aacb0000, 0x00000007d8fd0000, 0x0000000800000000)
  eden space 442624K, 0% used [0x00000007aacb0000,0x00000007aacb0000,0x00000007c5cf0000)
  from space 56512K, 78% used [0x00000007c5cf0000,0x00000007c8818120,0x00000007c9420000)
  to   space 60736K, 0% used [0x00000007d5480000,0x00000007d5480000,0x00000007d8fd0000)
 ParOldGen       total 144320K, used 53548K [0x0000000700600000, 0x00000007092f0000, 0x00000007aacb0000)
  object space 144320K, 37% used [0x0000000700600000,0x0000000703a4b318,0x00000007092f0000)
 PSPermGen       total 36160K, used 17978K [0x00000006fb400000, 0x00000006fd750000, 0x0000000700600000)
  object space 36160K, 49% used [0x00000006fb400000,0x00000006fc58e8d0,0x00000006fd750000)
}

