# JRE version: 7.0_07-b11
# Java VM: Java HotSpot(TM) 64-Bit Server VM (23.3-b01 mixed mode windows-amd64 compressed oops)
Heap
 PSYoungGen      total 297600K, used 57019K [0x00000007aacb0000, 0x00000007c3150000, 0x0000000800000000)
  eden space 223424K, 18% used [0x00000007aacb0000,0x00000007ad3f76f0,0x00000007b86e0000)
  from space 74176K, 22% used [0x00000007b86e0000,0x00000007b9747780,0x00000007bcf50000)
  to   space 72704K, 0% used [0x00000007bea50000,0x00000007bea50000,0x00000007c3150000)
 ParOldGen       total 171840K, used 76164K [0x0000000700600000, 0x000000070add0000, 0x00000007aacb0000)
  object space 171840K, 44% used [0x0000000700600000,0x00000007050611f8,0x000000070add0000)
 PSPermGen       total 34624K, used 18316K [0x00000006fb400000, 0x00000006fd5d0000, 0x0000000700600000)
  object space 34624K, 52% used [0x00000006fb400000,0x00000006fc5e3360,0x00000006fd5d0000)
GC Heap History (10 events):
Event: 256.619 GC heap before
{Heap before GC invocations=427 (full 5):
 PSYoungGen      total 265152K, used 207413K [0x00000007aacb0000, 0x00000007bf200000, 0x0000000800000000)
  eden space 198080K, 99% used [0x00000007aacb0000,0x00000007b6cc4aa0,0x00000007b6e20000)
  from space 67072K, 15% used [0x00000007bb080000,0x00000007bbaf8b50,0x00000007bf200000)
  to   space 67520K, 0% used [0x00000007b6e20000,0x00000007b6e20000,0x00000007bb010000)
 ParOldGen       total 420096K, used 419434K [0x0000000700600000, 0x000000071a040000, 0x00000007aacb0000)
  object space 420096K, 99% used [0x0000000700600000,0x0000000719f9aa38,0x000000071a040000)
 PSPermGen       total 37760K, used 18274K [0x00000006fb400000, 0x00000006fd8e0000, 0x0000000700600000)
  object space 37760K, 48% used [0x00000006fb400000,0x00000006fc5d88c8,0x00000006fd8e0000)
Event: 256.669 GC heap after
Heap after GC invocations=427 (full 5):
 PSYoungGen      total 265152K, used 0K [0x00000007aacb0000, 0x00000007bf200000, 0x0000000800000000)
  eden space 198080K, 0% used [0x00000007aacb0000,0x00000007aacb0000,0x00000007b6e20000)
  from space 67072K, 0% used [0x00000007bb080000,0x00000007bb080000,0x00000007bf200000)
  to   space 67520K, 0% used [0x00000007b6e20000,0x00000007b6e20000,0x00000007bb010000)
 ParOldGen       total 169792K, used 67101K [0x0000000700600000, 0x000000070abd0000, 0x00000007aacb0000)
  object space 169792K, 39% used [0x0000000700600000,0x0000000704787778,0x000000070abd0000)
 PSPermGen       total 36160K, used 18274K [0x00000006fb400000, 0x00000006fd750000, 0x0000000700600000)
  object space 36160K, 50% used [0x00000006fb400000,0x00000006fc5d88c8,0x00000006fd750000)
}
Event: 257.936 GC heap before
{Heap before GC invocations=428 (full 6):
 PSYoungGen      total 265152K, used 198080K [0x00000007aacb0000, 0x00000007bf200000, 0x0000000800000000)
  eden space 198080K, 100% used [0x00000007aacb0000,0x00000007b6e20000,0x00000007b6e20000)
  from space 67072K, 0% used [0x00000007bb080000,0x00000007bb080000,0x00000007bf200000)
  to   space 67520K, 0% used [0x00000007b6e20000,0x00000007b6e20000,0x00000007bb010000)
 ParOldGen       total 179392K, used 177945K [0x0000000700600000, 0x000000070b530000, 0x00000007aacb0000)
  object space 179392K, 99% used [0x0000000700600000,0x000000070b3c6700,0x000000070b530000)
 PSPermGen       total 36160K, used 18280K [0x00000006fb400000, 0x00000006fd750000, 0x0000000700600000)
  object space 36160K, 50% used [0x00000006fb400000,0x00000006fc5da230,0x00000006fd750000)
Event: 257.961 GC heap after
Heap after GC invocations=428 (full 6):
 PSYoungGen      total 265152K, used 0K [0x00000007aacb0000, 0x00000007bf200000, 0x0000000800000000)
  eden space 198080K, 0% used [0x00000007aacb0000,0x00000007aacb0000,0x00000007b6e20000)
  from space 67072K, 0% used [0x00000007bb080000,0x00000007bb080000,0x00000007bf200000)
  to   space 67520K, 0% used [0x00000007b6e20000,0x00000007b6e20000,0x00000007bb010000)
 ParOldGen       total 171840K, used 57843K [0x0000000700600000, 0x000000070add0000, 0x00000007aacb0000)
  object space 171840K, 33% used [0x0000000700600000,0x0000000703e7cdc8,0x000000070add0000)
 PSPermGen       total 34624K, used 18280K [0x00000006fb400000, 0x00000006fd5d0000, 0x0000000700600000)
  object space 34624K, 52% used [0x00000006fb400000,0x00000006fc5da230,0x00000006fd5d0000)
}
Event: 258.337 GC heap before
{Heap before GC invocations=429 (full 6):
 PSYoungGen      total 265152K, used 197144K [0x00000007aacb0000, 0x00000007bf200000, 0x0000000800000000)
  eden space 198080K, 99% used [0x00000007aacb0000,0x00000007b6d36380,0x00000007b6e20000)
  from space 67072K, 0% used [0x00000007bb080000,0x00000007bb080000,0x00000007bf200000)
  to   space 67520K, 0% used [0x00000007b6e20000,0x00000007b6e20000,0x00000007bb010000)
 ParOldGen       total 171840K, used 57843K [0x0000000700600000, 0x000000070add0000, 0x00000007aacb0000)
  object space 171840K, 33% used [0x0000000700600000,0x0000000703e7cdc8,0x000000070add0000)
 PSPermGen       total 34624K, used 18280K [0x00000006fb400000, 0x00000006fd5d0000, 0x0000000700600000)
  object space 34624K, 52% used [0x00000006fb400000,0x00000006fc5da230,0x00000006fd5d0000)
Event: 258.344 GC heap after
Heap after GC invocations=429 (full 6):
 PSYoungGen      total 265600K, used 59386K [0x00000007aacb0000, 0x00000007c1890000, 0x0000000800000000)
  eden space 198080K, 0% used [0x00000007aacb0000,0x00000007aacb0000,0x00000007b6e20000)
  from space 67520K, 87% used [0x00000007b6e20000,0x00000007ba81ebd0,0x00000007bb010000)
  to   space 75008K, 0% used [0x00000007bcf50000,0x00000007bcf50000,0x00000007c1890000)
 ParOldGen       total 171840K, used 57843K [0x0000000700600000, 0x000000070add0000, 0x00000007aacb0000)
  object space 171840K, 33% used [0x0000000700600000,0x0000000703e7cdc8,0x000000070add0000)
 PSPermGen       total 34624K, used 18280K [0x00000006fb400000, 0x00000006fd5d0000, 0x0000000700600000)
  object space 34624K, 52% used [0x00000006fb400000,0x00000006fc5da230,0x00000006fd5d0000)
}
Event: 258.732 GC heap before
{Heap before GC invocations=430 (full 6):
 PSYoungGen      total 265600K, used 256852K [0x00000007aacb0000, 0x00000007c1890000, 0x0000000800000000)
  eden space 198080K, 99% used [0x00000007aacb0000,0x00000007b6d86598,0x00000007b6e20000)
  from space 67520K, 87% used [0x00000007b6e20000,0x00000007ba81ebd0,0x00000007bb010000)
  to   space 75008K, 0% used [0x00000007bcf50000,0x00000007bcf50000,0x00000007c1890000)
 ParOldGen       total 171840K, used 57843K [0x0000000700600000, 0x000000070add0000, 0x00000007aacb0000)
  object space 171840K, 33% used [0x0000000700600000,0x0000000703e7cdc8,0x000000070add0000)
 PSPermGen       total 34624K, used 18289K [0x00000006fb400000, 0x00000006fd5d0000, 0x0000000700600000)
  object space 34624K, 52% used [0x00000006fb400000,0x00000006fc5dc7a8,0x00000006fd5d0000)
Event: 258.745 GC heap after
Heap after GC invocations=430 (full 6):
 PSYoungGen      total 298432K, used 41161K [0x00000007aacb0000, 0x00000007c1a00000, 0x0000000800000000)
  eden space 223424K, 0% used [0x00000007aacb0000,0x00000007aacb0000,0x00000007b86e0000)
  from space 75008K, 54% used [0x00000007bcf50000,0x00000007bf7827a0,0x00000007c1890000)
  to   space 74176K, 0% used [0x00000007b86e0000,0x00000007b86e0000,0x00000007bcf50000)
 ParOldGen       total 171840K, used 76116K [0x0000000700600000, 0x000000070add0000, 0x00000007aacb0000)
  object space 171840K, 44% used [0x0000000700600000,0x00000007050551f8,0x000000070add0000)
 PSPermGen       total 34624K, used 18289K [0x00000006fb400000, 0x00000006fd5d0000, 0x0000000700600000)
  object space 34624K, 52% used [0x00000006fb400000,0x00000006fc5dc7a8,0x00000006fd5d0000)
}
Event: 259.397 GC heap before
{Heap before GC invocations=431 (full 6):
 PSYoungGen      total 298432K, used 262091K [0x00000007aacb0000, 0x00000007c1a00000, 0x0000000800000000)
  eden space 223424K, 98% used [0x00000007aacb0000,0x00000007b84707a0,0x00000007b86e0000)
  from space 75008K, 54% used [0x00000007bcf50000,0x00000007bf7827a0,0x00000007c1890000)
  to   space 74176K, 0% used [0x00000007b86e0000,0x00000007b86e0000,0x00000007bcf50000)
 ParOldGen       total 171840K, used 76116K [0x0000000700600000, 0x000000070add0000, 0x00000007aacb0000)
  object space 171840K, 44% used [0x0000000700600000,0x00000007050551f8,0x000000070add0000)
 PSPermGen       total 34624K, used 18289K [0x00000006fb400000, 0x00000006fd5d0000, 0x0000000700600000)
  object space 34624K, 52% used [0x00000006fb400000,0x00000006fc5dc7a8,0x00000006fd5d0000)
Event: 259.399 GC heap after
Heap after GC invocations=431 (full 6):
 PSYoungGen      total 297600K, used 16797K [0x00000007aacb0000, 0x00000007c3150000, 0x0000000800000000)
  eden space 223424K, 0% used [0x00000007aacb0000,0x00000007aacb0000,0x00000007b86e0000)
  from space 74176K, 22% used [0x00000007b86e0000,0x00000007b9747780,0x00000007bcf50000)
  to   space 72704K, 0% used [0x00000007bea50000,0x00000007bea50000,0x00000007c3150000)
 ParOldGen       total 171840K, used 76164K [0x0000000700600000, 0x000000070add0000, 0x00000007aacb0000)
  object space 171840K, 44% used [0x0000000700600000,0x00000007050611f8,0x000000070add0000)
 PSPermGen       total 34624K, used 18289K [0x00000006fb400000, 0x00000006fd5d0000, 0x0000000700600000)
  object space 34624K, 52% used [0x00000006fb400000,0x00000006fc5dc7a8,0x00000006fd5d0000)
}

