# JRE version: 7.0_07-b11
# Java VM: Java HotSpot(TM) 64-Bit Server VM (23.3-b01 mixed mode windows-amd64 compressed oops)
Heap
 PSYoungGen      total 124032K, used 44402K [0x00000007aacb0000, 0x00000007b7b50000, 0x0000000800000000)
  eden space 83584K, 31% used [0x00000007aacb0000,0x00000007ac610448,0x00000007afe50000)
  from space 40448K, 45% used [0x00000007afe50000,0x00000007b104c430,0x00000007b25d0000)
  to   space 38912K, 0% used [0x00000007b5550000,0x00000007b5550000,0x00000007b7b50000)
 ParOldGen       total 174528K, used 133184K [0x0000000700600000, 0x000000070b070000, 0x00000007aacb0000)
  object space 174528K, 76% used [0x0000000700600000,0x00000007088103f0,0x000000070b070000)
 PSPermGen       total 21248K, used 17666K [0x00000006fb400000, 0x00000006fc8c0000, 0x0000000700600000)
  object space 21248K, 83% used [0x00000006fb400000,0x00000006fc540bf8,0x00000006fc8c0000)
GC Heap History (10 events):
Event: 10.234 GC heap before
{Heap before GC invocations=11 (full 0):
 PSYoungGen      total 101184K, used 73171K [0x00000007aacb0000, 0x00000007b5510000, 0x0000000800000000)
  eden space 56512K, 96% used [0x00000007aacb0000,0x00000007ae220818,0x00000007ae3e0000)
  from space 44672K, 41% used [0x00000007b0d80000,0x00000007b1f84430,0x00000007b3920000)
  to   space 42624K, 0% used [0x00000007ae3e0000,0x00000007ae3e0000,0x00000007b0d80000)
 ParOldGen       total 174528K, used 102039K [0x0000000700600000, 0x000000070b070000, 0x00000007aacb0000)
  object space 174528K, 58% used [0x0000000700600000,0x00000007069a5cb0,0x000000070b070000)
 PSPermGen       total 21248K, used 17639K [0x00000006fb400000, 0x00000006fc8c0000, 0x0000000700600000)
  object space 21248K, 83% used [0x00000006fb400000,0x00000006fc539f10,0x00000006fc8c0000)
Event: 10.237 GC heap after
Heap after GC invocations=11 (full 0):
 PSYoungGen      total 73728K, used 18481K [0x00000007aacb0000, 0x00000007b3220000, 0x0000000800000000)
  eden space 55232K, 0% used [0x00000007aacb0000,0x00000007aacb0000,0x00000007ae2a0000)
  from space 18496K, 99% used [0x00000007ae3e0000,0x00000007af5ec430,0x00000007af5f0000)
  to   space 40704K, 0% used [0x00000007b0a60000,0x00000007b0a60000,0x00000007b3220000)
 ParOldGen       total 174528K, used 102071K [0x0000000700600000, 0x000000070b070000, 0x00000007aacb0000)
  object space 174528K, 58% used [0x0000000700600000,0x00000007069adcb0,0x000000070b070000)
 PSPermGen       total 21248K, used 17639K [0x00000006fb400000, 0x00000006fc8c0000, 0x0000000700600000)
  object space 21248K, 83% used [0x00000006fb400000,0x00000006fc539f10,0x00000006fc8c0000)
}
Event: 10.674 GC heap before
{Heap before GC invocations=12 (full 0):
 PSYoungGen      total 73728K, used 68967K [0x00000007aacb0000, 0x00000007b3220000, 0x0000000800000000)
  eden space 55232K, 91% used [0x00000007aacb0000,0x00000007addfda60,0x00000007ae2a0000)
  from space 18496K, 99% used [0x00000007ae3e0000,0x00000007af5ec430,0x00000007af5f0000)
  to   space 40704K, 0% used [0x00000007b0a60000,0x00000007b0a60000,0x00000007b3220000)
 ParOldGen       total 174528K, used 102071K [0x0000000700600000, 0x000000070b070000, 0x00000007aacb0000)
  object space 174528K, 58% used [0x0000000700600000,0x00000007069adcb0,0x000000070b070000)
 PSPermGen       total 21248K, used 17640K [0x00000006fb400000, 0x00000006fc8c0000, 0x0000000700600000)
  object space 21248K, 83% used [0x00000006fb400000,0x00000006fc53a1b8,0x00000006fc8c0000)
Event: 10.680 GC heap after
Heap after GC invocations=12 (full 0):
 PSYoungGen      total 92928K, used 33933K [0x00000007aacb0000, 0x00000007b36d0000, 0x0000000800000000)
  eden space 52224K, 0% used [0x00000007aacb0000,0x00000007aacb0000,0x00000007adfb0000)
  from space 40704K, 83% used [0x00000007b0a60000,0x00000007b2b837d0,0x00000007b3220000)
  to   space 43712K, 0% used [0x00000007adfb0000,0x00000007adfb0000,0x00000007b0a60000)
 ParOldGen       total 174528K, used 109821K [0x0000000700600000, 0x000000070b070000, 0x00000007aacb0000)
  object space 174528K, 62% used [0x0000000700600000,0x000000070713f680,0x000000070b070000)
 PSPermGen       total 21248K, used 17640K [0x00000006fb400000, 0x00000006fc8c0000, 0x0000000700600000)
  object space 21248K, 83% used [0x00000006fb400000,0x00000006fc53a1b8,0x00000006fc8c0000)
}
Event: 10.818 GC heap before
{Heap before GC invocations=13 (full 0):
 PSYoungGen      total 92928K, used 82594K [0x00000007aacb0000, 0x00000007b36d0000, 0x0000000800000000)
  eden space 52224K, 93% used [0x00000007aacb0000,0x00000007adc35410,0x00000007adfb0000)
  from space 40704K, 83% used [0x00000007b0a60000,0x00000007b2b837d0,0x00000007b3220000)
  to   space 43712K, 0% used [0x00000007adfb0000,0x00000007adfb0000,0x00000007b0a60000)
 ParOldGen       total 174528K, used 109821K [0x0000000700600000, 0x000000070b070000, 0x00000007aacb0000)
  object space 174528K, 62% used [0x0000000700600000,0x000000070713f680,0x000000070b070000)
 PSPermGen       total 21248K, used 17643K [0x00000006fb400000, 0x00000006fc8c0000, 0x0000000700600000)
  object space 21248K, 83% used [0x00000006fb400000,0x00000006fc53ac70,0x00000006fc8c0000)
Event: 10.824 GC heap after
Heap after GC invocations=13 (full 0):
 PSYoungGen      total 95936K, used 18417K [0x00000007aacb0000, 0x00000007b5070000, 0x0000000800000000)
  eden space 52224K, 0% used [0x00000007aacb0000,0x00000007aacb0000,0x00000007adfb0000)
  from space 43712K, 42% used [0x00000007adfb0000,0x00000007af1ac430,0x00000007b0a60000)
  to   space 42048K, 0% used [0x00000007b2760000,0x00000007b2760000,0x00000007b5070000)
 ParOldGen       total 174528K, used 133096K [0x0000000700600000, 0x000000070b070000, 0x00000007aacb0000)
  object space 174528K, 76% used [0x0000000700600000,0x00000007087fa3f0,0x000000070b070000)
 PSPermGen       total 21248K, used 17643K [0x00000006fb400000, 0x00000006fc8c0000, 0x0000000700600000)
  object space 21248K, 83% used [0x00000006fb400000,0x00000006fc53ac70,0x00000006fc8c0000)
}
Event: 10.964 GC heap before
{Heap before GC invocations=14 (full 0):
 PSYoungGen      total 95936K, used 67050K [0x00000007aacb0000, 0x00000007b5070000, 0x0000000800000000)
  eden space 52224K, 93% used [0x00000007aacb0000,0x00000007adc2e448,0x00000007adfb0000)
  from space 43712K, 42% used [0x00000007adfb0000,0x00000007af1ac430,0x00000007b0a60000)
  to   space 42048K, 0% used [0x00000007b2760000,0x00000007b2760000,0x00000007b5070000)
 ParOldGen       total 174528K, used 133096K [0x0000000700600000, 0x000000070b070000, 0x00000007aacb0000)
  object space 174528K, 76% used [0x0000000700600000,0x00000007087fa3f0,0x000000070b070000)
 PSPermGen       total 21248K, used 17643K [0x00000006fb400000, 0x00000006fc8c0000, 0x0000000700600000)
  object space 21248K, 83% used [0x00000006fb400000,0x00000006fc53ac70,0x00000006fc8c0000)
Event: 10.968 GC heap after
Heap after GC invocations=14 (full 0):
 PSYoungGen      total 122432K, used 18353K [0x00000007aacb0000, 0x00000007b4d50000, 0x0000000800000000)
  eden space 83584K, 0% used [0x00000007aacb0000,0x00000007aacb0000,0x00000007afe50000)
  from space 38848K, 47% used [0x00000007b2760000,0x00000007b394c430,0x00000007b4d50000)
  to   space 40448K, 0% used [0x00000007afe50000,0x00000007afe50000,0x00000007b25d0000)
 ParOldGen       total 174528K, used 133152K [0x0000000700600000, 0x000000070b070000, 0x00000007aacb0000)
  object space 174528K, 76% used [0x0000000700600000,0x00000007088083f0,0x000000070b070000)
 PSPermGen       total 21248K, used 17643K [0x00000006fb400000, 0x00000006fc8c0000, 0x0000000700600000)
  object space 21248K, 83% used [0x00000006fb400000,0x00000006fc53ac70,0x00000006fc8c0000)
}
Event: 11.192 GC heap before
{Heap before GC invocations=15 (full 0):
 PSYoungGen      total 122432K, used 97368K [0x00000007aacb0000, 0x00000007b4d50000, 0x0000000800000000)
  eden space 83584K, 94% used [0x00000007aacb0000,0x00000007af9d9d98,0x00000007afe50000)
  from space 38848K, 47% used [0x00000007b2760000,0x00000007b394c430,0x00000007b4d50000)
  to   space 40448K, 0% used [0x00000007afe50000,0x00000007afe50000,0x00000007b25d0000)
 ParOldGen       total 174528K, used 133152K [0x0000000700600000, 0x000000070b070000, 0x00000007aacb0000)
  object space 174528K, 76% used [0x0000000700600000,0x00000007088083f0,0x000000070b070000)
 PSPermGen       total 21248K, used 17643K [0x00000006fb400000, 0x00000006fc8c0000, 0x0000000700600000)
  object space 21248K, 83% used [0x00000006fb400000,0x00000006fc53ac70,0x00000006fc8c0000)
Event: 11.195 GC heap after
Heap after GC invocations=15 (full 0):
 PSYoungGen      total 124032K, used 18417K [0x00000007aacb0000, 0x00000007b7b50000, 0x0000000800000000)
  eden space 83584K, 0% used [0x00000007aacb0000,0x00000007aacb0000,0x00000007afe50000)
  from space 40448K, 45% used [0x00000007afe50000,0x00000007b104c430,0x00000007b25d0000)
  to   space 38912K, 0% used [0x00000007b5550000,0x00000007b5550000,0x00000007b7b50000)
 ParOldGen       total 174528K, used 133184K [0x0000000700600000, 0x000000070b070000, 0x00000007aacb0000)
  object space 174528K, 76% used [0x0000000700600000,0x00000007088103f0,0x000000070b070000)
 PSPermGen       total 21248K, used 17643K [0x00000006fb400000, 0x00000006fc8c0000, 0x0000000700600000)
  object space 21248K, 83% used [0x00000006fb400000,0x00000006fc53ac70,0x00000006fc8c0000)
}

