# JRE version: 7.0_07-b11
# Java VM: Java HotSpot(TM) 64-Bit Server VM (23.3-b01 mixed mode windows-amd64 compressed oops)
Heap
 PSYoungGen      total 86848K, used 39894K [0x00000007aacb0000, 0x00000007b2fb0000, 0x0000000800000000)
  eden space 43264K, 67% used [0x00000007aacb0000,0x00000007ac95ad70,0x00000007ad6f0000)
  from space 43584K, 24% used [0x00000007b0520000,0x00000007b0f6ae70,0x00000007b2fb0000)
  to   space 45440K, 0% used [0x00000007ad6f0000,0x00000007ad6f0000,0x00000007b0350000)
 ParOldGen       total 174528K, used 90828K [0x0000000700600000, 0x000000070b070000, 0x00000007aacb0000)
  object space 174528K, 52% used [0x0000000700600000,0x0000000705eb3188,0x000000070b070000)
 PSPermGen       total 21248K, used 18018K [0x00000006fb400000, 0x00000006fc8c0000, 0x0000000700600000)
  object space 21248K, 84% used [0x00000006fb400000,0x00000006fc598b88,0x00000006fc8c0000)
GC Heap History (10 events):
Event: 16.228 GC heap before
{Heap before GC invocations=16 (full 0):
 PSYoungGen      total 58240K, used 57933K [0x00000007aacb0000, 0x00000007b36a0000, 0x0000000800000000)
  eden space 47808K, 99% used [0x00000007aacb0000,0x00000007adb187d8,0x00000007adb60000)
  from space 10432K, 99% used [0x00000007adc60000,0x00000007ae68ae70,0x00000007ae690000)
  to   space 46720K, 0% used [0x00000007b0900000,0x00000007b0900000,0x00000007b36a0000)
 ParOldGen       total 174528K, used 90740K [0x0000000700600000, 0x000000070b070000, 0x00000007aacb0000)
  object space 174528K, 51% used [0x0000000700600000,0x0000000705e9d188,0x000000070b070000)
 PSPermGen       total 21248K, used 17987K [0x00000006fb400000, 0x00000006fc8c0000, 0x0000000700600000)
  object space 21248K, 84% used [0x00000006fb400000,0x00000006fc590d58,0x00000006fc8c0000)
Event: 16.230 GC heap after
Heap after GC invocations=16 (full 0):
 PSYoungGen      total 90432K, used 10475K [0x00000007aacb0000, 0x00000007b3390000, 0x0000000800000000)
  eden space 46848K, 0% used [0x00000007aacb0000,0x00000007aacb0000,0x00000007ada70000)
  from space 43584K, 24% used [0x00000007b0900000,0x00000007b133ae70,0x00000007b3390000)
  to   space 45632K, 0% used [0x00000007ada70000,0x00000007ada70000,0x00000007b0700000)
 ParOldGen       total 174528K, used 90756K [0x0000000700600000, 0x000000070b070000, 0x00000007aacb0000)
  object space 174528K, 52% used [0x0000000700600000,0x0000000705ea1188,0x000000070b070000)
 PSPermGen       total 21248K, used 17987K [0x00000006fb400000, 0x00000006fc8c0000, 0x0000000700600000)
  object space 21248K, 84% used [0x00000006fb400000,0x00000006fc590d58,0x00000006fc8c0000)
}
Event: 16.771 GC heap before
{Heap before GC invocations=17 (full 0):
 PSYoungGen      total 90432K, used 54542K [0x00000007aacb0000, 0x00000007b3390000, 0x0000000800000000)
  eden space 46848K, 94% used [0x00000007aacb0000,0x00000007ad7b8cf0,0x00000007ada70000)
  from space 43584K, 24% used [0x00000007b0900000,0x00000007b133ae70,0x00000007b3390000)
  to   space 45632K, 0% used [0x00000007ada70000,0x00000007ada70000,0x00000007b0700000)
 ParOldGen       total 174528K, used 90756K [0x0000000700600000, 0x000000070b070000, 0x00000007aacb0000)
  object space 174528K, 52% used [0x0000000700600000,0x0000000705ea1188,0x000000070b070000)
 PSPermGen       total 21248K, used 17987K [0x00000006fb400000, 0x00000006fc8c0000, 0x0000000700600000)
  object space 21248K, 84% used [0x00000006fb400000,0x00000006fc590e00,0x00000006fc8c0000)
Event: 16.774 GC heap after
Heap after GC invocations=17 (full 0):
 PSYoungGen      total 91520K, used 28700K [0x00000007aacb0000, 0x00000007b3480000, 0x0000000800000000)
  eden space 45888K, 0% used [0x00000007aacb0000,0x00000007aacb0000,0x00000007ad980000)
  from space 45632K, 62% used [0x00000007ada70000,0x00000007af6772a0,0x00000007b0700000)
  to   space 46592K, 0% used [0x00000007b0700000,0x00000007b0700000,0x00000007b3480000)
 ParOldGen       total 174528K, used 90796K [0x0000000700600000, 0x000000070b070000, 0x00000007aacb0000)
  object space 174528K, 52% used [0x0000000700600000,0x0000000705eab188,0x000000070b070000)
 PSPermGen       total 21248K, used 17987K [0x00000006fb400000, 0x00000006fc8c0000, 0x0000000700600000)
  object space 21248K, 84% used [0x00000006fb400000,0x00000006fc590e00,0x00000006fc8c0000)
}
Event: 17.408 GC heap before
{Heap before GC invocations=18 (full 0):
 PSYoungGen      total 91520K, used 70112K [0x00000007aacb0000, 0x00000007b3480000, 0x0000000800000000)
  eden space 45888K, 90% used [0x00000007aacb0000,0x00000007ad520f68,0x00000007ad980000)
  from space 45632K, 62% used [0x00000007ada70000,0x00000007af6772a0,0x00000007b0700000)
  to   space 46592K, 0% used [0x00000007b0700000,0x00000007b0700000,0x00000007b3480000)
 ParOldGen       total 174528K, used 90796K [0x0000000700600000, 0x000000070b070000, 0x00000007aacb0000)
  object space 174528K, 52% used [0x0000000700600000,0x0000000705eab188,0x000000070b070000)
 PSPermGen       total 21248K, used 17987K [0x00000006fb400000, 0x00000006fc8c0000, 0x0000000700600000)
  object space 21248K, 84% used [0x00000006fb400000,0x00000006fc590e00,0x00000006fc8c0000)
Event: 17.410 GC heap after
Heap after GC invocations=18 (full 0):
 PSYoungGen      total 88512K, used 10507K [0x00000007aacb0000, 0x00000007b3180000, 0x0000000800000000)
  eden space 44992K, 0% used [0x00000007aacb0000,0x00000007aacb0000,0x00000007ad8a0000)
  from space 43520K, 24% used [0x00000007b0700000,0x00000007b1142e70,0x00000007b3180000)
  to   space 45504K, 0% used [0x00000007ad8a0000,0x00000007ad8a0000,0x00000007b0510000)
 ParOldGen       total 174528K, used 90804K [0x0000000700600000, 0x000000070b070000, 0x00000007aacb0000)
  object space 174528K, 52% used [0x0000000700600000,0x0000000705ead188,0x000000070b070000)
 PSPermGen       total 21248K, used 17987K [0x00000006fb400000, 0x00000006fc8c0000, 0x0000000700600000)
  object space 21248K, 84% used [0x00000006fb400000,0x00000006fc590e00,0x00000006fc8c0000)
}
Event: 17.948 GC heap before
{Heap before GC invocations=19 (full 0):
 PSYoungGen      total 88512K, used 54574K [0x00000007aacb0000, 0x00000007b3180000, 0x0000000800000000)
  eden space 44992K, 97% used [0x00000007aacb0000,0x00000007ad7b8cf0,0x00000007ad8a0000)
  from space 43520K, 24% used [0x00000007b0700000,0x00000007b1142e70,0x00000007b3180000)
  to   space 45504K, 0% used [0x00000007ad8a0000,0x00000007ad8a0000,0x00000007b0510000)
 ParOldGen       total 174528K, used 90804K [0x0000000700600000, 0x000000070b070000, 0x00000007aacb0000)
  object space 174528K, 52% used [0x0000000700600000,0x0000000705ead188,0x000000070b070000)
 PSPermGen       total 21248K, used 17987K [0x00000006fb400000, 0x00000006fc8c0000, 0x0000000700600000)
  object space 21248K, 84% used [0x00000006fb400000,0x00000006fc590e00,0x00000006fc8c0000)
Event: 17.952 GC heap after
Heap after GC invocations=19 (full 0):
 PSYoungGen      total 89600K, used 28732K [0x00000007aacb0000, 0x00000007b3280000, 0x0000000800000000)
  eden space 44096K, 0% used [0x00000007aacb0000,0x00000007aacb0000,0x00000007ad7c0000)
  from space 45504K, 63% used [0x00000007ad8a0000,0x00000007af4af2a0,0x00000007b0510000)
  to   space 46464K, 0% used [0x00000007b0520000,0x00000007b0520000,0x00000007b3280000)
 ParOldGen       total 174528K, used 90812K [0x0000000700600000, 0x000000070b070000, 0x00000007aacb0000)
  object space 174528K, 52% used [0x0000000700600000,0x0000000705eaf188,0x000000070b070000)
 PSPermGen       total 21248K, used 17987K [0x00000006fb400000, 0x00000006fc8c0000, 0x0000000700600000)
  object space 21248K, 84% used [0x00000006fb400000,0x00000006fc590e00,0x00000006fc8c0000)
}
Event: 18.596 GC heap before
{Heap before GC invocations=20 (full 0):
 PSYoungGen      total 89600K, used 70163K [0x00000007aacb0000, 0x00000007b3280000, 0x0000000800000000)
  eden space 44096K, 93% used [0x00000007aacb0000,0x00000007ad525a18,0x00000007ad7c0000)
  from space 45504K, 63% used [0x00000007ad8a0000,0x00000007af4af2a0,0x00000007b0510000)
  to   space 46464K, 0% used [0x00000007b0520000,0x00000007b0520000,0x00000007b3280000)
 ParOldGen       total 174528K, used 90812K [0x0000000700600000, 0x000000070b070000, 0x00000007aacb0000)
  object space 174528K, 52% used [0x0000000700600000,0x0000000705eaf188,0x000000070b070000)
 PSPermGen       total 21248K, used 17994K [0x00000006fb400000, 0x00000006fc8c0000, 0x0000000700600000)
  object space 21248K, 84% used [0x00000006fb400000,0x00000006fc592a58,0x00000006fc8c0000)
Event: 18.598 GC heap after
Heap after GC invocations=20 (full 0):
 PSYoungGen      total 86848K, used 10539K [0x00000007aacb0000, 0x00000007b2fb0000, 0x0000000800000000)
  eden space 43264K, 0% used [0x00000007aacb0000,0x00000007aacb0000,0x00000007ad6f0000)
  from space 43584K, 24% used [0x00000007b0520000,0x00000007b0f6ae70,0x00000007b2fb0000)
  to   space 45440K, 0% used [0x00000007ad6f0000,0x00000007ad6f0000,0x00000007b0350000)
 ParOldGen       total 174528K, used 90828K [0x0000000700600000, 0x000000070b070000, 0x00000007aacb0000)
  object space 174528K, 52% used [0x0000000700600000,0x0000000705eb3188,0x000000070b070000)
 PSPermGen       total 21248K, used 17994K [0x00000006fb400000, 0x00000006fc8c0000, 0x0000000700600000)
  object space 21248K, 84% used [0x00000006fb400000,0x00000006fc592a58,0x00000006fc8c0000)
}

