# JRE version: 7.0_07-b11
# Java VM: Java HotSpot(TM) 64-Bit Server VM (23.3-b01 mixed mode windows-amd64 compressed oops)
Heap
 PSYoungGen      total 1187072K, used 346351K [0x00000007aacb0000, 0x00000007fcaa0000, 0x0000000800000000)
  eden space 1152000K, 27% used [0x00000007aacb0000,0x00000007bdcbb9f0,0x00000007f11b0000)
  from space 35072K, 99% used [0x00000007fa860000,0x00000007fca90588,0x00000007fcaa0000)
  to   space 66240K, 0% used [0x00000007f4940000,0x00000007f4940000,0x00000007f89f0000)
 ParOldGen       total 175552K, used 80137K [0x0000000700600000, 0x000000070b170000, 0x00000007aacb0000)
  object space 175552K, 45% used [0x0000000700600000,0x0000000705442610,0x000000070b170000)
 PSPermGen       total 40896K, used 18084K [0x00000006fb400000, 0x00000006fdbf0000, 0x0000000700600000)
  object space 40896K, 44% used [0x00000006fb400000,0x00000006fc5a9130,0x00000006fdbf0000)
GC Heap History (10 events):
Event: 21.783 GC heap before
{Heap before GC invocations=16 (full 2):
 PSYoungGen      total 1033408K, used 996792K [0x00000007aacb0000, 0x0000000800000000, 0x0000000800000000)
  eden space 970624K, 99% used [0x00000007aacb0000,0x00000007e5dece48,0x00000007e6090000)
  from space 62784K, 45% used [0x00000007e6090000,0x00000007e7cc15b0,0x00000007e9de0000)
  to   space 60032K, 0% used [0x00000007fc560000,0x00000007fc560000,0x0000000800000000)
 ParOldGen       total 175552K, used 36008K [0x0000000700600000, 0x000000070b170000, 0x00000007aacb0000)
  object space 175552K, 20% used [0x0000000700600000,0x000000070292a050,0x000000070b170000)
 PSPermGen       total 40896K, used 18014K [0x00000006fb400000, 0x00000006fdbf0000, 0x0000000700600000)
  object space 40896K, 44% used [0x00000006fb400000,0x00000006fc597bc0,0x00000006fdbf0000)
Event: 21.795 GC heap after
Heap after GC invocations=16 (full 2):
 PSYoungGen      total 1323968K, used 51842K [0x00000007aacb0000, 0x0000000800000000, 0x0000000800000000)
  eden space 1263936K, 0% used [0x00000007aacb0000,0x00000007aacb0000,0x00000007f7f00000)
  from space 60032K, 86% used [0x00000007fc560000,0x00000007ff800918,0x0000000800000000)
  to   space 66048K, 0% used [0x00000007f7f00000,0x00000007f7f00000,0x00000007fbf80000)
 ParOldGen       total 175552K, used 36032K [0x0000000700600000, 0x000000070b170000, 0x00000007aacb0000)
  object space 175552K, 20% used [0x0000000700600000,0x0000000702930050,0x000000070b170000)
 PSPermGen       total 40896K, used 18014K [0x00000006fb400000, 0x00000006fdbf0000, 0x0000000700600000)
  object space 40896K, 44% used [0x00000006fb400000,0x00000006fc597bc0,0x00000006fdbf0000)
}
Event: 24.044 GC heap before
{Heap before GC invocations=17 (full 2):
 PSYoungGen      total 1323968K, used 1312298K [0x00000007aacb0000, 0x0000000800000000, 0x0000000800000000)
  eden space 1263936K, 99% used [0x00000007aacb0000,0x00000007f7b9a2c8,0x00000007f7f00000)
  from space 60032K, 86% used [0x00000007fc560000,0x00000007ff800918,0x0000000800000000)
  to   space 66048K, 0% used [0x00000007f7f00000,0x00000007f7f00000,0x00000007fbf80000)
 ParOldGen       total 175552K, used 42107K [0x0000000700600000, 0x000000070b170000, 0x00000007aacb0000)
  object space 175552K, 23% used [0x0000000700600000,0x0000000702f1ec60,0x000000070b170000)
 PSPermGen       total 40896K, used 18022K [0x00000006fb400000, 0x00000006fdbf0000, 0x0000000700600000)
  object space 40896K, 44% used [0x00000006fb400000,0x00000006fc599888,0x00000006fdbf0000)
Event: 24.049 GC heap after
Heap after GC invocations=17 (full 2):
 PSYoungGen      total 1329984K, used 17197K [0x00000007aacb0000, 0x0000000800000000, 0x0000000800000000)
  eden space 1263936K, 0% used [0x00000007aacb0000,0x00000007aacb0000,0x00000007f7f00000)
  from space 66048K, 26% used [0x00000007f7f00000,0x00000007f8fcb600,0x00000007fbf80000)
  to   space 64384K, 0% used [0x00000007fc120000,0x00000007fc120000,0x0000000800000000)
 ParOldGen       total 175552K, used 54273K [0x0000000700600000, 0x000000070b170000, 0x00000007aacb0000)
  object space 175552K, 30% used [0x0000000700600000,0x0000000703b00480,0x000000070b170000)
 PSPermGen       total 40896K, used 18022K [0x00000006fb400000, 0x00000006fdbf0000, 0x0000000700600000)
  object space 40896K, 44% used [0x00000006fb400000,0x00000006fc599888,0x00000006fdbf0000)
}
Event: 26.318 GC heap before
{Heap before GC invocations=18 (full 2):
 PSYoungGen      total 1329984K, used 1281133K [0x00000007aacb0000, 0x0000000800000000, 0x0000000800000000)
  eden space 1263936K, 100% used [0x00000007aacb0000,0x00000007f7f00000,0x00000007f7f00000)
  from space 66048K, 26% used [0x00000007f7f00000,0x00000007f8fcb600,0x00000007fbf80000)
  to   space 64384K, 0% used [0x00000007fc120000,0x00000007fc120000,0x0000000800000000)
 ParOldGen       total 175552K, used 74030K [0x0000000700600000, 0x000000070b170000, 0x00000007aacb0000)
  object space 175552K, 42% used [0x0000000700600000,0x0000000704e4ba00,0x000000070b170000)
 PSPermGen       total 40896K, used 18038K [0x00000006fb400000, 0x00000006fdbf0000, 0x0000000700600000)
  object space 40896K, 44% used [0x00000006fb400000,0x00000006fc59da48,0x00000006fdbf0000)
Event: 26.321 GC heap after
Heap after GC invocations=18 (full 2):
 PSYoungGen      total 1329600K, used 669K [0x00000007aacb0000, 0x0000000800000000, 0x0000000800000000)
  eden space 1265216K, 0% used [0x00000007aacb0000,0x00000007aacb0000,0x00000007f8040000)
  from space 64384K, 1% used [0x00000007fc120000,0x00000007fc1c7488,0x0000000800000000)
  to   space 65408K, 0% used [0x00000007f8040000,0x00000007f8040000,0x00000007fc020000)
 ParOldGen       total 175552K, used 74062K [0x0000000700600000, 0x000000070b170000, 0x00000007aacb0000)
  object space 175552K, 42% used [0x0000000700600000,0x0000000704e53a00,0x000000070b170000)
 PSPermGen       total 40896K, used 18038K [0x00000006fb400000, 0x00000006fdbf0000, 0x0000000700600000)
  object space 40896K, 44% used [0x00000006fb400000,0x00000006fc59da48,0x00000006fdbf0000)
}
Event: 28.587 GC heap before
{Heap before GC invocations=19 (full 2):
 PSYoungGen      total 1329600K, used 1264814K [0x00000007aacb0000, 0x0000000800000000, 0x0000000800000000)
  eden space 1265216K, 99% used [0x00000007aacb0000,0x00000007f7f344d8,0x00000007f8040000)
  from space 64384K, 1% used [0x00000007fc120000,0x00000007fc1c7488,0x0000000800000000)
  to   space 65408K, 0% used [0x00000007f8040000,0x00000007f8040000,0x00000007fc020000)
 ParOldGen       total 175552K, used 74062K [0x0000000700600000, 0x000000070b170000, 0x00000007aacb0000)
  object space 175552K, 42% used [0x0000000700600000,0x0000000704e53a00,0x000000070b170000)
 PSPermGen       total 40896K, used 18043K [0x00000006fb400000, 0x00000006fdbf0000, 0x0000000700600000)
  object space 40896K, 44% used [0x00000006fb400000,0x00000006fc59ed90,0x00000006fdbf0000)
Event: 28.599 GC heap after
Heap after GC invocations=19 (full 2):
 PSYoungGen      total 1248256K, used 41084K [0x00000007aacb0000, 0x00000007fcaf0000, 0x0000000800000000)
  eden space 1207168K, 0% used [0x00000007aacb0000,0x00000007aacb0000,0x00000007f4790000)
  from space 41088K, 99% used [0x00000007f8040000,0x00000007fa85f198,0x00000007fa860000)
  to   space 35392K, 0% used [0x00000007fa860000,0x00000007fa860000,0x00000007fcaf0000)
 ParOldGen       total 175552K, used 74062K [0x0000000700600000, 0x000000070b170000, 0x00000007aacb0000)
  object space 175552K, 42% used [0x0000000700600000,0x0000000704e53a00,0x000000070b170000)
 PSPermGen       total 40896K, used 18043K [0x00000006fb400000, 0x00000006fdbf0000, 0x0000000700600000)
  object space 40896K, 44% used [0x00000006fb400000,0x00000006fc59ed90,0x00000006fdbf0000)
}
Event: 30.715 GC heap before
{Heap before GC invocations=20 (full 2):
 PSYoungGen      total 1248256K, used 1247274K [0x00000007aacb0000, 0x00000007fcaf0000, 0x0000000800000000)
  eden space 1207168K, 99% used [0x00000007aacb0000,0x00000007f469b6c8,0x00000007f4790000)
  from space 41088K, 99% used [0x00000007f8040000,0x00000007fa85f198,0x00000007fa860000)
  to   space 35392K, 0% used [0x00000007fa860000,0x00000007fa860000,0x00000007fcaf0000)
 ParOldGen       total 175552K, used 74062K [0x0000000700600000, 0x000000070b170000, 0x00000007aacb0000)
  object space 175552K, 42% used [0x0000000700600000,0x0000000704e53a00,0x000000070b170000)
 PSPermGen       total 40896K, used 18050K [0x00000006fb400000, 0x00000006fdbf0000, 0x0000000700600000)
  object space 40896K, 44% used [0x00000006fb400000,0x00000006fc5a0920,0x00000006fdbf0000)
Event: 30.724 GC heap after
Heap after GC invocations=20 (full 2):
 PSYoungGen      total 1187072K, used 35009K [0x00000007aacb0000, 0x00000007fcaa0000, 0x0000000800000000)
  eden space 1152000K, 0% used [0x00000007aacb0000,0x00000007aacb0000,0x00000007f11b0000)
  from space 35072K, 99% used [0x00000007fa860000,0x00000007fca90588,0x00000007fcaa0000)
  to   space 66240K, 0% used [0x00000007f4940000,0x00000007f4940000,0x00000007f89f0000)
 ParOldGen       total 175552K, used 80137K [0x0000000700600000, 0x000000070b170000, 0x00000007aacb0000)
  object space 175552K, 45% used [0x0000000700600000,0x0000000705442610,0x000000070b170000)
 PSPermGen       total 40896K, used 18050K [0x00000006fb400000, 0x00000006fdbf0000, 0x0000000700600000)
  object space 40896K, 44% used [0x00000006fb400000,0x00000006fc5a0920,0x00000006fdbf0000)
}

