# JRE version: 7.0_07-b11
# Java VM: Java HotSpot(TM) 64-Bit Server VM (23.3-b01 mixed mode windows-amd64 compressed oops)
Heap
 PSYoungGen      total 834432K, used 308646K [0x00000007aacb0000, 0x00000007eab70000, 0x0000000800000000)
  eden space 752128K, 41% used [0x00000007aacb0000,0x00000007bda199e0,0x00000007d8b30000)
  from space 82304K, 0% used [0x00000007d8b30000,0x00000007d8b30000,0x00000007ddb90000)
  to   space 81344K, 0% used [0x00000007e5c00000,0x00000007e5c00000,0x00000007eab70000)
 ParOldGen       total 399296K, used 37473K [0x0000000700600000, 0x0000000718bf0000, 0x00000007aacb0000)
  object space 399296K, 9% used [0x0000000700600000,0x0000000702a98408,0x0000000718bf0000)
 PSPermGen       total 33792K, used 18100K [0x00000006fb400000, 0x00000006fd500000, 0x0000000700600000)
  object space 33792K, 53% used [0x00000006fb400000,0x00000006fc5ad2c0,0x00000006fd500000)
GC Heap History (10 events):
Event: 18.615 GC heap before
{Heap before GC invocations=21 (full 5):
 PSYoungGen      total 556480K, used 555149K [0x00000007aacb0000, 0x00000007da5e0000, 0x0000000800000000)
  eden space 494592K, 99% used [0x00000007aacb0000,0x00000007c8f8e2f8,0x00000007c8fb0000)
  from space 61888K, 98% used [0x00000007c8fb0000,0x00000007ccaf5360,0x00000007ccc20000)
  to   space 70336K, 0% used [0x00000007d6130000,0x00000007d6130000,0x00000007da5e0000)
 ParOldGen       total 347712K, used 166710K [0x0000000700600000, 0x0000000715990000, 0x00000007aacb0000)
  object space 347712K, 47% used [0x0000000700600000,0x000000070a8cdb30,0x0000000715990000)
 PSPermGen       total 35456K, used 18032K [0x00000006fb400000, 0x00000006fd6a0000, 0x0000000700600000)
  object space 35456K, 50% used [0x00000006fb400000,0x00000006fc59c1f0,0x00000006fd6a0000)
Event: 18.630 GC heap after
Heap after GC invocations=21 (full 5):
 PSYoungGen      total 700032K, used 66919K [0x00000007aacb0000, 0x00000007dc0b0000, 0x0000000800000000)
  eden space 629696K, 0% used [0x00000007aacb0000,0x00000007aacb0000,0x00000007d13a0000)
  from space 70336K, 95% used [0x00000007d6130000,0x00000007da289dc0,0x00000007da5e0000)
  to   space 79424K, 0% used [0x00000007d13a0000,0x00000007d13a0000,0x00000007d6130000)
 ParOldGen       total 347712K, used 166710K [0x0000000700600000, 0x0000000715990000, 0x00000007aacb0000)
  object space 347712K, 47% used [0x0000000700600000,0x000000070a8cdb30,0x0000000715990000)
 PSPermGen       total 35456K, used 18032K [0x00000006fb400000, 0x00000006fd6a0000, 0x0000000700600000)
  object space 35456K, 50% used [0x00000006fb400000,0x00000006fc59c1f0,0x00000006fd6a0000)
}
Event: 19.705 GC heap before
{Heap before GC invocations=22 (full 5):
 PSYoungGen      total 700032K, used 694234K [0x00000007aacb0000, 0x00000007dc0b0000, 0x0000000800000000)
  eden space 629696K, 99% used [0x00000007aacb0000,0x00000007d114cc38,0x00000007d13a0000)
  from space 70336K, 95% used [0x00000007d6130000,0x00000007da289dc0,0x00000007da5e0000)
  to   space 79424K, 0% used [0x00000007d13a0000,0x00000007d13a0000,0x00000007d6130000)
 ParOldGen       total 347712K, used 166710K [0x0000000700600000, 0x0000000715990000, 0x00000007aacb0000)
  object space 347712K, 47% used [0x0000000700600000,0x000000070a8cdb30,0x0000000715990000)
 PSPermGen       total 35456K, used 18041K [0x00000006fb400000, 0x00000006fd6a0000, 0x0000000700600000)
  object space 35456K, 50% used [0x00000006fb400000,0x00000006fc59e440,0x00000006fd6a0000)
Event: 19.716 GC heap after
Heap after GC invocations=22 (full 5):
 PSYoungGen      total 709120K, used 45885K [0x00000007aacb0000, 0x00000007e2890000, 0x0000000800000000)
  eden space 629696K, 0% used [0x00000007aacb0000,0x00000007aacb0000,0x00000007d13a0000)
  from space 79424K, 57% used [0x00000007d13a0000,0x00000007d406f7e8,0x00000007d6130000)
  to   space 78848K, 0% used [0x00000007ddb90000,0x00000007ddb90000,0x00000007e2890000)
 ParOldGen       total 347712K, used 166710K [0x0000000700600000, 0x0000000715990000, 0x00000007aacb0000)
  object space 347712K, 47% used [0x0000000700600000,0x000000070a8cdb30,0x0000000715990000)
 PSPermGen       total 35456K, used 18041K [0x00000006fb400000, 0x00000006fd6a0000, 0x0000000700600000)
  object space 35456K, 50% used [0x00000006fb400000,0x00000006fc59e440,0x00000006fd6a0000)
}
Event: 20.799 GC heap before
{Heap before GC invocations=23 (full 5):
 PSYoungGen      total 709120K, used 673871K [0x00000007aacb0000, 0x00000007e2890000, 0x0000000800000000)
  eden space 629696K, 99% used [0x00000007aacb0000,0x00000007d11f4690,0x00000007d13a0000)
  from space 79424K, 57% used [0x00000007d13a0000,0x00000007d406f7e8,0x00000007d6130000)
  to   space 78848K, 0% used [0x00000007ddb90000,0x00000007ddb90000,0x00000007e2890000)
 ParOldGen       total 347712K, used 170128K [0x0000000700600000, 0x0000000715990000, 0x00000007aacb0000)
  object space 347712K, 48% used [0x0000000700600000,0x000000070ac24000,0x0000000715990000)
 PSPermGen       total 35456K, used 18052K [0x00000006fb400000, 0x00000006fd6a0000, 0x0000000700600000)
  object space 35456K, 50% used [0x00000006fb400000,0x00000006fc5a1268,0x00000006fd6a0000)
Event: 20.812 GC heap after
Heap after GC invocations=23 (full 5):
 PSYoungGen      total 830976K, used 57396K [0x00000007aacb0000, 0x00000007e2e40000, 0x0000000800000000)
  eden space 752128K, 0% used [0x00000007aacb0000,0x00000007aacb0000,0x00000007d8b30000)
  from space 78848K, 72% used [0x00000007ddb90000,0x00000007e139d0a8,0x00000007e2890000)
  to   space 82304K, 0% used [0x00000007d8b30000,0x00000007d8b30000,0x00000007ddb90000)
 ParOldGen       total 347712K, used 170128K [0x0000000700600000, 0x0000000715990000, 0x00000007aacb0000)
  object space 347712K, 48% used [0x0000000700600000,0x000000070ac24000,0x0000000715990000)
 PSPermGen       total 35456K, used 18052K [0x00000006fb400000, 0x00000006fd6a0000, 0x0000000700600000)
  object space 35456K, 50% used [0x00000006fb400000,0x00000006fc5a1268,0x00000006fd6a0000)
}
Event: 22.301 GC heap before
{Heap before GC invocations=24 (full 5):
 PSYoungGen      total 830976K, used 809500K [0x00000007aacb0000, 0x00000007e2e40000, 0x0000000800000000)
  eden space 752128K, 99% used [0x00000007aacb0000,0x00000007d8b2a220,0x00000007d8b30000)
  from space 78848K, 72% used [0x00000007ddb90000,0x00000007e139d0a8,0x00000007e2890000)
  to   space 82304K, 0% used [0x00000007d8b30000,0x00000007d8b30000,0x00000007ddb90000)
 ParOldGen       total 347712K, used 283036K [0x0000000700600000, 0x0000000715990000, 0x00000007aacb0000)
  object space 347712K, 81% used [0x0000000700600000,0x0000000711a67340,0x0000000715990000)
 PSPermGen       total 35456K, used 18065K [0x00000006fb400000, 0x00000006fd6a0000, 0x0000000700600000)
  object space 35456K, 50% used [0x00000006fb400000,0x00000006fc5a4638,0x00000006fd6a0000)
Event: 22.305 GC heap after
Heap after GC invocations=24 (full 5):
 PSYoungGen      total 834432K, used 18713K [0x00000007aacb0000, 0x00000007eab70000, 0x0000000800000000)
  eden space 752128K, 0% used [0x00000007aacb0000,0x00000007aacb0000,0x00000007d8b30000)
  from space 82304K, 22% used [0x00000007d8b30000,0x00000007d9d76740,0x00000007ddb90000)
  to   space 81344K, 0% used [0x00000007e5c00000,0x00000007e5c00000,0x00000007eab70000)
 ParOldGen       total 347712K, used 293614K [0x0000000700600000, 0x0000000715990000, 0x00000007aacb0000)
  object space 347712K, 84% used [0x0000000700600000,0x00000007124bbba8,0x0000000715990000)
 PSPermGen       total 35456K, used 18065K [0x00000006fb400000, 0x00000006fd6a0000, 0x0000000700600000)
  object space 35456K, 50% used [0x00000006fb400000,0x00000006fc5a4638,0x00000006fd6a0000)
}
Event: 23.749 GC heap before
{Heap before GC invocations=25 (full 6):
 PSYoungGen      total 834432K, used 770841K [0x00000007aacb0000, 0x00000007eab70000, 0x0000000800000000)
  eden space 752128K, 100% used [0x00000007aacb0000,0x00000007d8b30000,0x00000007d8b30000)
  from space 82304K, 22% used [0x00000007d8b30000,0x00000007d9d76740,0x00000007ddb90000)
  to   space 81344K, 0% used [0x00000007e5c00000,0x00000007e5c00000,0x00000007eab70000)
 ParOldGen       total 372160K, used 372126K [0x0000000700600000, 0x0000000717170000, 0x00000007aacb0000)
  object space 372160K, 99% used [0x0000000700600000,0x00000007171679c8,0x0000000717170000)
 PSPermGen       total 35456K, used 18092K [0x00000006fb400000, 0x00000006fd6a0000, 0x0000000700600000)
  object space 35456K, 51% used [0x00000006fb400000,0x00000006fc5ab3a0,0x00000006fd6a0000)
Event: 23.784 GC heap after
Heap after GC invocations=25 (full 6):
 PSYoungGen      total 834432K, used 0K [0x00000007aacb0000, 0x00000007eab70000, 0x0000000800000000)
  eden space 752128K, 0% used [0x00000007aacb0000,0x00000007aacb0000,0x00000007d8b30000)
  from space 82304K, 0% used [0x00000007d8b30000,0x00000007d8b30000,0x00000007ddb90000)
  to   space 81344K, 0% used [0x00000007e5c00000,0x00000007e5c00000,0x00000007eab70000)
 ParOldGen       total 399296K, used 37473K [0x0000000700600000, 0x0000000718bf0000, 0x00000007aacb0000)
  object space 399296K, 9% used [0x0000000700600000,0x0000000702a98408,0x0000000718bf0000)
 PSPermGen       total 33792K, used 18092K [0x00000006fb400000, 0x00000006fd500000, 0x0000000700600000)
  object space 33792K, 53% used [0x00000006fb400000,0x00000006fc5ab240,0x00000006fd500000)
}

