# JRE version: 7.0_07-b11
# Java VM: Java HotSpot(TM) 64-Bit Server VM (23.3-b01 mixed mode windows-amd64 compressed oops)
Heap
 PSYoungGen      total 82880K, used 78598K [0x00000007aacb0000, 0x00000007b30c0000, 0x0000000800000000)
  eden space 60864K, 92% used [0x00000007aacb0000,0x00000007ae3f5470,0x00000007ae820000)
  from space 22016K, 99% used [0x00000007ae990000,0x00000007aff0c490,0x00000007aff10000)
  to   space 37184K, 0% used [0x00000007b0c70000,0x00000007b0c70000,0x00000007b30c0000)
 ParOldGen       total 174528K, used 67792K [0x0000000700600000, 0x000000070b070000, 0x00000007aacb0000)
  object space 174528K, 38% used [0x0000000700600000,0x0000000704834140,0x000000070b070000)
 PSPermGen       total 21248K, used 17980K [0x00000006fb400000, 0x00000006fc8c0000, 0x0000000700600000)
  object space 21248K, 84% used [0x00000006fb400000,0x00000006fc58f018,0x00000006fc8c0000)
GC Heap History (10 events):
Event: 7.011 GC heap before
{Heap before GC invocations=3 (full 0):
 PSYoungGen      total 76352K, used 73423K [0x00000007aacb0000, 0x00000007b01e0000, 0x0000000800000000)
  eden space 65472K, 95% used [0x00000007aacb0000,0x00000007ae9caa88,0x00000007aeca0000)
  from space 10880K, 99% used [0x00000007af740000,0x00000007b01d93f0,0x00000007b01e0000)
  to   space 10880K, 0% used [0x00000007aeca0000,0x00000007aeca0000,0x00000007af740000)
 ParOldGen       total 174528K, used 27137K [0x0000000700600000, 0x000000070b070000, 0x00000007aacb0000)
  object space 174528K, 15% used [0x0000000700600000,0x00000007020805a0,0x000000070b070000)
 PSPermGen       total 21248K, used 17842K [0x00000006fb400000, 0x00000006fc8c0000, 0x0000000700600000)
  object space 21248K, 83% used [0x00000006fb400000,0x00000006fc56cbb0,0x00000006fc8c0000)
Event: 7.018 GC heap after
Heap after GC invocations=3 (full 0):
 PSYoungGen      total 76352K, used 8403K [0x00000007aacb0000, 0x00000007b01e0000, 0x0000000800000000)
  eden space 65472K, 0% used [0x00000007aacb0000,0x00000007aacb0000,0x00000007aeca0000)
  from space 10880K, 77% used [0x00000007aeca0000,0x00000007af4d4ca0,0x00000007af740000)
  to   space 10880K, 0% used [0x00000007af740000,0x00000007af740000,0x00000007b01e0000)
 ParOldGen       total 174528K, used 40046K [0x0000000700600000, 0x000000070b070000, 0x00000007aacb0000)
  object space 174528K, 22% used [0x0000000700600000,0x0000000702d1bb50,0x000000070b070000)
 PSPermGen       total 21248K, used 17842K [0x00000006fb400000, 0x00000006fc8c0000, 0x0000000700600000)
  object space 21248K, 83% used [0x00000006fb400000,0x00000006fc56cbb0,0x00000006fc8c0000)
}
Event: 7.826 GC heap before
{Heap before GC invocations=4 (full 0):
 PSYoungGen      total 76352K, used 73296K [0x00000007aacb0000, 0x00000007b01e0000, 0x0000000800000000)
  eden space 65472K, 99% used [0x00000007aacb0000,0x00000007aec0f6d8,0x00000007aeca0000)
  from space 10880K, 77% used [0x00000007aeca0000,0x00000007af4d4ca0,0x00000007af740000)
  to   space 10880K, 0% used [0x00000007af740000,0x00000007af740000,0x00000007b01e0000)
 ParOldGen       total 174528K, used 40046K [0x0000000700600000, 0x000000070b070000, 0x00000007aacb0000)
  object space 174528K, 22% used [0x0000000700600000,0x0000000702d1bb50,0x000000070b070000)
 PSPermGen       total 21248K, used 17849K [0x00000006fb400000, 0x00000006fc8c0000, 0x0000000700600000)
  object space 21248K, 84% used [0x00000006fb400000,0x00000006fc56e710,0x00000006fc8c0000)
Event: 7.832 GC heap after
Heap after GC invocations=4 (full 0):
 PSYoungGen      total 76352K, used 8474K [0x00000007aacb0000, 0x00000007b01e0000, 0x0000000800000000)
  eden space 65472K, 0% used [0x00000007aacb0000,0x00000007aacb0000,0x00000007aeca0000)
  from space 10880K, 77% used [0x00000007af740000,0x00000007aff86850,0x00000007b01e0000)
  to   space 10880K, 0% used [0x00000007aeca0000,0x00000007aeca0000,0x00000007af740000)
 ParOldGen       total 174528K, used 58279K [0x0000000700600000, 0x000000070b070000, 0x00000007aacb0000)
  object space 174528K, 33% used [0x0000000700600000,0x0000000703ee9f80,0x000000070b070000)
 PSPermGen       total 21248K, used 17849K [0x00000006fb400000, 0x00000006fc8c0000, 0x0000000700600000)
  object space 21248K, 84% used [0x00000006fb400000,0x00000006fc56e710,0x00000006fc8c0000)
}
Event: 8.730 GC heap before
{Heap before GC invocations=5 (full 0):
 PSYoungGen      total 76352K, used 69704K [0x00000007aacb0000, 0x00000007b01e0000, 0x0000000800000000)
  eden space 65472K, 93% used [0x00000007aacb0000,0x00000007ae87b888,0x00000007aeca0000)
  from space 10880K, 77% used [0x00000007af740000,0x00000007aff86850,0x00000007b01e0000)
  to   space 10880K, 0% used [0x00000007aeca0000,0x00000007aeca0000,0x00000007af740000)
 ParOldGen       total 174528K, used 58279K [0x0000000700600000, 0x000000070b070000, 0x00000007aacb0000)
  object space 174528K, 33% used [0x0000000700600000,0x0000000703ee9f80,0x000000070b070000)
 PSPermGen       total 21248K, used 17850K [0x00000006fb400000, 0x00000006fc8c0000, 0x0000000700600000)
  object space 21248K, 84% used [0x00000006fb400000,0x00000006fc56eb50,0x00000006fc8c0000)
Event: 8.734 GC heap after
Heap after GC invocations=5 (full 0):
 PSYoungGen      total 74752K, used 8490K [0x00000007aacb0000, 0x00000007b3430000, 0x0000000800000000)
  eden space 63872K, 0% used [0x00000007aacb0000,0x00000007aacb0000,0x00000007aeb10000)
  from space 10880K, 78% used [0x00000007aeca0000,0x00000007af4ea840,0x00000007af740000)
  to   space 37440K, 0% used [0x00000007b0fa0000,0x00000007b0fa0000,0x00000007b3430000)
 ParOldGen       total 174528K, used 58279K [0x0000000700600000, 0x000000070b070000, 0x00000007aacb0000)
  object space 174528K, 33% used [0x0000000700600000,0x0000000703ee9f80,0x000000070b070000)
 PSPermGen       total 21248K, used 17850K [0x00000006fb400000, 0x00000006fc8c0000, 0x0000000700600000)
  object space 21248K, 84% used [0x00000006fb400000,0x00000006fc56eb50,0x00000006fc8c0000)
}
Event: 9.518 GC heap before
{Heap before GC invocations=6 (full 0):
 PSYoungGen      total 74752K, used 66303K [0x00000007aacb0000, 0x00000007b3430000, 0x0000000800000000)
  eden space 63872K, 90% used [0x00000007aacb0000,0x00000007ae5253e0,0x00000007aeb10000)
  from space 10880K, 78% used [0x00000007aeca0000,0x00000007af4ea840,0x00000007af740000)
  to   space 37440K, 0% used [0x00000007b0fa0000,0x00000007b0fa0000,0x00000007b3430000)
 ParOldGen       total 174528K, used 58279K [0x0000000700600000, 0x000000070b070000, 0x00000007aacb0000)
  object space 174528K, 33% used [0x0000000700600000,0x0000000703ee9f80,0x000000070b070000)
 PSPermGen       total 21248K, used 17852K [0x00000006fb400000, 0x00000006fc8c0000, 0x0000000700600000)
  object space 21248K, 84% used [0x00000006fb400000,0x00000006fc56f238,0x00000006fc8c0000)
Event: 9.524 GC heap after
Heap after GC invocations=6 (full 0):
 PSYoungGen      total 97088K, used 20032K [0x00000007aacb0000, 0x00000007b3190000, 0x0000000800000000)
  eden space 62336K, 0% used [0x00000007aacb0000,0x00000007aacb0000,0x00000007ae990000)
  from space 34752K, 57% used [0x00000007b0fa0000,0x00000007b2330190,0x00000007b3190000)
  to   space 36864K, 0% used [0x00000007ae990000,0x00000007ae990000,0x00000007b0d90000)
 ParOldGen       total 174528K, used 58279K [0x0000000700600000, 0x000000070b070000, 0x00000007aacb0000)
  object space 174528K, 33% used [0x0000000700600000,0x0000000703ee9f80,0x000000070b070000)
 PSPermGen       total 21248K, used 17852K [0x00000006fb400000, 0x00000006fc8c0000, 0x0000000700600000)
  object space 21248K, 84% used [0x00000006fb400000,0x00000006fc56f238,0x00000006fc8c0000)
}
Event: 10.286 GC heap before
{Heap before GC invocations=7 (full 0):
 PSYoungGen      total 97088K, used 77619K [0x00000007aacb0000, 0x00000007b3190000, 0x0000000800000000)
  eden space 62336K, 92% used [0x00000007aacb0000,0x00000007ae4ecd08,0x00000007ae990000)
  from space 34752K, 57% used [0x00000007b0fa0000,0x00000007b2330190,0x00000007b3190000)
  to   space 36864K, 0% used [0x00000007ae990000,0x00000007ae990000,0x00000007b0d90000)
 ParOldGen       total 174528K, used 58279K [0x0000000700600000, 0x000000070b070000, 0x00000007aacb0000)
  object space 174528K, 33% used [0x0000000700600000,0x0000000703ee9f80,0x000000070b070000)
 PSPermGen       total 21248K, used 17948K [0x00000006fb400000, 0x00000006fc8c0000, 0x0000000700600000)
  object space 21248K, 84% used [0x00000006fb400000,0x00000006fc587280,0x00000006fc8c0000)
Event: 10.296 GC heap after
Heap after GC invocations=7 (full 0):
 PSYoungGen      total 82880K, used 22001K [0x00000007aacb0000, 0x00000007b30c0000, 0x0000000800000000)
  eden space 60864K, 0% used [0x00000007aacb0000,0x00000007aacb0000,0x00000007ae820000)
  from space 22016K, 99% used [0x00000007ae990000,0x00000007aff0c490,0x00000007aff10000)
  to   space 37184K, 0% used [0x00000007b0c70000,0x00000007b0c70000,0x00000007b30c0000)
 ParOldGen       total 174528K, used 67792K [0x0000000700600000, 0x000000070b070000, 0x00000007aacb0000)
  object space 174528K, 38% used [0x0000000700600000,0x0000000704834140,0x000000070b070000)
 PSPermGen       total 21248K, used 17948K [0x00000006fb400000, 0x00000006fc8c0000, 0x0000000700600000)
  object space 21248K, 84% used [0x00000006fb400000,0x00000006fc587280,0x00000006fc8c0000)
}

