# JRE version: 7.0_07-b11
# Java VM: Java HotSpot(TM) 64-Bit Server VM (23.3-b01 mixed mode windows-amd64 compressed oops)
Heap
 PSYoungGen      total 595200K, used 381317K [0x00000007aacb0000, 0x00000007d3830000, 0x0000000800000000)
  eden space 539904K, 68% used [0x00000007aacb0000,0x00000007c16ce870,0x00000007cbbf0000)
  from space 55296K, 19% used [0x00000007d0230000,0x00000007d0c72e70,0x00000007d3830000)
  to   space 63616K, 0% used [0x00000007cbbf0000,0x00000007cbbf0000,0x00000007cfa10000)
 ParOldGen       total 129856K, used 47238K [0x0000000700600000, 0x00000007084d0000, 0x00000007aacb0000)
  object space 129856K, 36% used [0x0000000700600000,0x0000000703421850,0x00000007084d0000)
 PSPermGen       total 36096K, used 17912K [0x00000006fb400000, 0x00000006fd740000, 0x0000000700600000)
  object space 36096K, 49% used [0x00000006fb400000,0x00000006fc57e1b8,0x00000006fd740000)
GC Heap History (10 events):
Event: 10.134 GC heap before
{Heap before GC invocations=9 (full 0):
 PSYoungGen      total 304064K, used 297450K [0x00000007aacb0000, 0x00000007c26f0000, 0x0000000800000000)
  eden space 245568K, 99% used [0x00000007aacb0000,0x00000007b9b2e320,0x00000007b9c80000)
  from space 58496K, 91% used [0x00000007bddb0000,0x00000007c11ac5f0,0x00000007c16d0000)
  to   space 66752K, 0% used [0x00000007b9c80000,0x00000007b9c80000,0x00000007bddb0000)
 ParOldGen       total 174528K, used 76044K [0x0000000700600000, 0x000000070b070000, 0x00000007aacb0000)
  object space 174528K, 43% used [0x0000000700600000,0x00000007050432a8,0x000000070b070000)
 PSPermGen       total 21248K, used 17891K [0x00000006fb400000, 0x00000006fc8c0000, 0x0000000700600000)
  object space 21248K, 84% used [0x00000006fb400000,0x00000006fc578ff0,0x00000006fc8c0000)
Event: 10.141 GC heap after
Heap after GC invocations=9 (full 0):
 PSYoungGen      total 312320K, used 29439K [0x00000007aacb0000, 0x00000007ca750000, 0x0000000800000000)
  eden space 245568K, 0% used [0x00000007aacb0000,0x00000007aacb0000,0x00000007b9c80000)
  from space 66752K, 44% used [0x00000007b9c80000,0x00000007bb93fee0,0x00000007bddb0000)
  to   space 62912K, 0% used [0x00000007c69e0000,0x00000007c69e0000,0x00000007ca750000)
 ParOldGen       total 174528K, used 76092K [0x0000000700600000, 0x000000070b070000, 0x00000007aacb0000)
  object space 174528K, 43% used [0x0000000700600000,0x000000070504f2a8,0x000000070b070000)
 PSPermGen       total 21248K, used 17891K [0x00000006fb400000, 0x00000006fc8c0000, 0x0000000700600000)
  object space 21248K, 84% used [0x00000006fb400000,0x00000006fc578ff0,0x00000006fc8c0000)
}
Event: 10.966 GC heap before
{Heap before GC invocations=10 (full 1):
 PSYoungGen      total 312320K, used 275007K [0x00000007aacb0000, 0x00000007ca750000, 0x0000000800000000)
  eden space 245568K, 100% used [0x00000007aacb0000,0x00000007b9c80000,0x00000007b9c80000)
  from space 66752K, 44% used [0x00000007b9c80000,0x00000007bb93fee0,0x00000007bddb0000)
  to   space 62912K, 0% used [0x00000007c69e0000,0x00000007c69e0000,0x00000007ca750000)
 ParOldGen       total 277120K, used 276993K [0x0000000700600000, 0x00000007114a0000, 0x00000007aacb0000)
  object space 277120K, 99% used [0x0000000700600000,0x0000000711480788,0x00000007114a0000)
 PSPermGen       total 21248K, used 17893K [0x00000006fb400000, 0x00000006fc8c0000, 0x0000000700600000)
  object space 21248K, 84% used [0x00000006fb400000,0x00000006fc579590,0x00000006fc8c0000)
Event: 11.025 GC heap after
Heap after GC invocations=10 (full 1):
 PSYoungGen      total 312320K, used 0K [0x00000007aacb0000, 0x00000007ca750000, 0x0000000800000000)
  eden space 245568K, 0% used [0x00000007aacb0000,0x00000007aacb0000,0x00000007b9c80000)
  from space 66752K, 0% used [0x00000007b9c80000,0x00000007b9c80000,0x00000007bddb0000)
  to   space 62912K, 0% used [0x00000007c69e0000,0x00000007c69e0000,0x00000007ca750000)
 ParOldGen       total 129856K, used 28708K [0x0000000700600000, 0x00000007084d0000, 0x00000007aacb0000)
  object space 129856K, 22% used [0x0000000700600000,0x00000007022090f0,0x00000007084d0000)
 PSPermGen       total 36096K, used 17886K [0x00000006fb400000, 0x00000006fd740000, 0x0000000700600000)
  object space 36096K, 49% used [0x00000006fb400000,0x00000006fc577af8,0x00000006fd740000)
}
Event: 11.891 GC heap before
{Heap before GC invocations=11 (full 1):
 PSYoungGen      total 312320K, used 241405K [0x00000007aacb0000, 0x00000007ca750000, 0x0000000800000000)
  eden space 245568K, 98% used [0x00000007aacb0000,0x00000007b986f6e0,0x00000007b9c80000)
  from space 66752K, 0% used [0x00000007b9c80000,0x00000007b9c80000,0x00000007bddb0000)
  to   space 62912K, 0% used [0x00000007c69e0000,0x00000007c69e0000,0x00000007ca750000)
 ParOldGen       total 129856K, used 28708K [0x0000000700600000, 0x00000007084d0000, 0x00000007aacb0000)
  object space 129856K, 22% used [0x0000000700600000,0x00000007022090f0,0x00000007084d0000)
 PSPermGen       total 36096K, used 17891K [0x00000006fb400000, 0x00000006fd740000, 0x0000000700600000)
  object space 36096K, 49% used [0x00000006fb400000,0x00000006fc578e30,0x00000006fd740000)
Event: 11.897 GC heap after
Heap after GC invocations=11 (full 1):
 PSYoungGen      total 400960K, used 29238K [0x00000007aacb0000, 0x00000007c8960000, 0x0000000800000000)
  eden space 368704K, 0% used [0x00000007aacb0000,0x00000007aacb0000,0x00000007c14c0000)
  from space 32256K, 90% used [0x00000007c69e0000,0x00000007c866dbd0,0x00000007c8960000)
  to   space 59712K, 0% used [0x00000007c14c0000,0x00000007c14c0000,0x00000007c4f10000)
 ParOldGen       total 129856K, used 28708K [0x0000000700600000, 0x00000007084d0000, 0x00000007aacb0000)
  object space 129856K, 22% used [0x0000000700600000,0x00000007022090f0,0x00000007084d0000)
 PSPermGen       total 36096K, used 17891K [0x00000006fb400000, 0x00000006fd740000, 0x0000000700600000)
  object space 36096K, 49% used [0x00000006fb400000,0x00000006fc578e30,0x00000006fd740000)
}
Event: 13.243 GC heap before
{Heap before GC invocations=12 (full 1):
 PSYoungGen      total 400960K, used 395819K [0x00000007aacb0000, 0x00000007c8960000, 0x0000000800000000)
  eden space 368704K, 99% used [0x00000007aacb0000,0x00000007c12ad2d8,0x00000007c14c0000)
  from space 32256K, 90% used [0x00000007c69e0000,0x00000007c866dbd0,0x00000007c8960000)
  to   space 59712K, 0% used [0x00000007c14c0000,0x00000007c14c0000,0x00000007c4f10000)
 ParOldGen       total 129856K, used 28708K [0x0000000700600000, 0x00000007084d0000, 0x00000007aacb0000)
  object space 129856K, 22% used [0x0000000700600000,0x00000007022090f0,0x00000007084d0000)
 PSPermGen       total 36096K, used 17905K [0x00000006fb400000, 0x00000006fd740000, 0x0000000700600000)
  object space 36096K, 49% used [0x00000006fb400000,0x00000006fc57c670,0x00000006fd740000)
Event: 13.255 GC heap after
Heap after GC invocations=12 (full 1):
 PSYoungGen      total 428416K, used 47327K [0x00000007aacb0000, 0x00000007d4040000, 0x0000000800000000)
  eden space 368704K, 0% used [0x00000007aacb0000,0x00000007aacb0000,0x00000007c14c0000)
  from space 59712K, 79% used [0x00000007c14c0000,0x00000007c42f7cf0,0x00000007c4f10000)
  to   space 63552K, 0% used [0x00000007d0230000,0x00000007d0230000,0x00000007d4040000)
 ParOldGen       total 129856K, used 28748K [0x0000000700600000, 0x00000007084d0000, 0x00000007aacb0000)
  object space 129856K, 22% used [0x0000000700600000,0x00000007022130f0,0x00000007084d0000)
 PSPermGen       total 36096K, used 17905K [0x00000006fb400000, 0x00000006fd740000, 0x0000000700600000)
  object space 36096K, 49% used [0x00000006fb400000,0x00000006fc57c670,0x00000006fd740000)
}
Event: 14.595 GC heap before
{Heap before GC invocations=13 (full 1):
 PSYoungGen      total 428416K, used 412800K [0x00000007aacb0000, 0x00000007d4040000, 0x0000000800000000)
  eden space 368704K, 99% used [0x00000007aacb0000,0x00000007c11983d0,0x00000007c14c0000)
  from space 59712K, 79% used [0x00000007c14c0000,0x00000007c42f7cf0,0x00000007c4f10000)
  to   space 63552K, 0% used [0x00000007d0230000,0x00000007d0230000,0x00000007d4040000)
 ParOldGen       total 129856K, used 28748K [0x0000000700600000, 0x00000007084d0000, 0x00000007aacb0000)
  object space 129856K, 22% used [0x0000000700600000,0x00000007022130f0,0x00000007084d0000)
 PSPermGen       total 36096K, used 17906K [0x00000006fb400000, 0x00000006fd740000, 0x0000000700600000)
  object space 36096K, 49% used [0x00000006fb400000,0x00000006fc57ca58,0x00000006fd740000)
Event: 14.600 GC heap after
Heap after GC invocations=13 (full 1):
 PSYoungGen      total 595200K, used 10507K [0x00000007aacb0000, 0x00000007d3830000, 0x0000000800000000)
  eden space 539904K, 0% used [0x00000007aacb0000,0x00000007aacb0000,0x00000007cbbf0000)
  from space 55296K, 19% used [0x00000007d0230000,0x00000007d0c72e70,0x00000007d3830000)
  to   space 63616K, 0% used [0x00000007cbbf0000,0x00000007cbbf0000,0x00000007cfa10000)
 ParOldGen       total 129856K, used 47238K [0x0000000700600000, 0x00000007084d0000, 0x00000007aacb0000)
  object space 129856K, 36% used [0x0000000700600000,0x0000000703421850,0x00000007084d0000)
 PSPermGen       total 36096K, used 17906K [0x00000006fb400000, 0x00000006fd740000, 0x0000000700600000)
  object space 36096K, 49% used [0x00000006fb400000,0x00000006fc57ca58,0x00000006fd740000)
}

