# JRE version: 7.0_07-b11
# Java VM: Java HotSpot(TM) 64-Bit Server VM (23.3-b01 mixed mode windows-amd64 compressed oops)
Heap
 PSYoungGen      total 275776K, used 198092K [0x00000007aacb0000, 0x00000007c1950000, 0x0000000800000000)
  eden space 214976K, 64% used [0x00000007aacb0000,0x00000007b343fd70,0x00000007b7ea0000)
  from space 60800K, 97% used [0x00000007bc2f0000,0x00000007bfcd35c8,0x00000007bfe50000)
  to   space 69952K, 0% used [0x00000007b7ea0000,0x00000007b7ea0000,0x00000007bc2f0000)
 ParOldGen       total 357120K, used 296509K [0x0000000700600000, 0x00000007162c0000, 0x00000007aacb0000)
  object space 357120K, 83% used [0x0000000700600000,0x000000071278f5b0,0x00000007162c0000)
 PSPermGen       total 35520K, used 18039K [0x00000006fb400000, 0x00000006fd6b0000, 0x0000000700600000)
  object space 35520K, 50% used [0x00000006fb400000,0x00000006fc59dd98,0x00000006fd6b0000)
GC Heap History (10 events):
Event: 10.218 GC heap before
{Heap before GC invocations=15 (full 4):
 PSYoungGen      total 198336K, used 144310K [0x00000007aacb0000, 0x00000007baa90000, 0x0000000800000000)
  eden space 146944K, 98% used [0x00000007aacb0000,0x00000007b399db38,0x00000007b3c30000)
  from space 51392K, 0% used [0x00000007b7860000,0x00000007b7860000,0x00000007baa90000)
  to   space 56512K, 0% used [0x00000007b3c30000,0x00000007b3c30000,0x00000007b7360000)
 ParOldGen       total 307456K, used 43189K [0x0000000700600000, 0x0000000713240000, 0x00000007aacb0000)
  object space 307456K, 14% used [0x0000000700600000,0x000000070302d718,0x0000000713240000)
 PSPermGen       total 37696K, used 17989K [0x00000006fb400000, 0x00000006fd8d0000, 0x0000000700600000)
  object space 37696K, 47% used [0x00000006fb400000,0x00000006fc591508,0x00000006fd8d0000)
Event: 10.228 GC heap after
Heap after GC invocations=15 (full 4):
 PSYoungGen      total 203456K, used 56060K [0x00000007aacb0000, 0x00000007be420000, 0x0000000800000000)
  eden space 146944K, 0% used [0x00000007aacb0000,0x00000007aacb0000,0x00000007b3c30000)
  from space 56512K, 99% used [0x00000007b3c30000,0x00000007b72ef040,0x00000007b7360000)
  to   space 65792K, 0% used [0x00000007ba3e0000,0x00000007ba3e0000,0x00000007be420000)
 ParOldGen       total 307456K, used 58757K [0x0000000700600000, 0x0000000713240000, 0x00000007aacb0000)
  object space 307456K, 19% used [0x0000000700600000,0x0000000703f61408,0x0000000713240000)
 PSPermGen       total 37696K, used 17989K [0x00000006fb400000, 0x00000006fd8d0000, 0x0000000700600000)
  object space 37696K, 47% used [0x00000006fb400000,0x00000006fc591508,0x00000006fd8d0000)
}
Event: 11.061 GC heap before
{Heap before GC invocations=16 (full 5):
 PSYoungGen      total 203456K, used 203004K [0x00000007aacb0000, 0x00000007be420000, 0x0000000800000000)
  eden space 146944K, 100% used [0x00000007aacb0000,0x00000007b3c30000,0x00000007b3c30000)
  from space 56512K, 99% used [0x00000007b3c30000,0x00000007b72ef040,0x00000007b7360000)
  to   space 65792K, 0% used [0x00000007ba3e0000,0x00000007ba3e0000,0x00000007be420000)
 ParOldGen       total 338688K, used 336056K [0x0000000700600000, 0x00000007150c0000, 0x00000007aacb0000)
  object space 338688K, 99% used [0x0000000700600000,0x0000000714e2e1b8,0x00000007150c0000)
 PSPermGen       total 37696K, used 17995K [0x00000006fb400000, 0x00000006fd8d0000, 0x0000000700600000)
  object space 37696K, 47% used [0x00000006fb400000,0x00000006fc592d00,0x00000006fd8d0000)
Event: 11.086 GC heap after
Heap after GC invocations=16 (full 5):
 PSYoungGen      total 203456K, used 0K [0x00000007aacb0000, 0x00000007be420000, 0x0000000800000000)
  eden space 146944K, 0% used [0x00000007aacb0000,0x00000007aacb0000,0x00000007b3c30000)
  from space 56512K, 0% used [0x00000007b3c30000,0x00000007b3c30000,0x00000007b7360000)
  to   space 65792K, 0% used [0x00000007ba3e0000,0x00000007ba3e0000,0x00000007be420000)
 ParOldGen       total 357120K, used 39606K [0x0000000700600000, 0x00000007162c0000, 0x00000007aacb0000)
  object space 357120K, 11% used [0x0000000700600000,0x0000000702cad9e0,0x00000007162c0000)
 PSPermGen       total 35520K, used 17995K [0x00000006fb400000, 0x00000006fd6b0000, 0x0000000700600000)
  object space 35520K, 50% used [0x00000006fb400000,0x00000006fc592d00,0x00000006fd6b0000)
}
Event: 11.352 GC heap before
{Heap before GC invocations=17 (full 5):
 PSYoungGen      total 203456K, used 141688K [0x00000007aacb0000, 0x00000007be420000, 0x0000000800000000)
  eden space 146944K, 96% used [0x00000007aacb0000,0x00000007b370e2c8,0x00000007b3c30000)
  from space 56512K, 0% used [0x00000007b3c30000,0x00000007b3c30000,0x00000007b7360000)
  to   space 65792K, 0% used [0x00000007ba3e0000,0x00000007ba3e0000,0x00000007be420000)
 ParOldGen       total 357120K, used 45681K [0x0000000700600000, 0x00000007162c0000, 0x00000007aacb0000)
  object space 357120K, 12% used [0x0000000700600000,0x000000070329c5f0,0x00000007162c0000)
 PSPermGen       total 35520K, used 17995K [0x00000006fb400000, 0x00000006fd6b0000, 0x0000000700600000)
  object space 35520K, 50% used [0x00000006fb400000,0x00000006fc592d00,0x00000006fd6b0000)
Event: 11.358 GC heap after
Heap after GC invocations=17 (full 5):
 PSYoungGen      total 241472K, used 29544K [0x00000007aacb0000, 0x00000007bdc10000, 0x0000000800000000)
  eden space 183936K, 0% used [0x00000007aacb0000,0x00000007aacb0000,0x00000007b6050000)
  from space 57536K, 51% used [0x00000007ba3e0000,0x00000007bc0ba1f0,0x00000007bdc10000)
  to   space 63360K, 0% used [0x00000007b6050000,0x00000007b6050000,0x00000007b9e30000)
 ParOldGen       total 357120K, used 45681K [0x0000000700600000, 0x00000007162c0000, 0x00000007aacb0000)
  object space 357120K, 12% used [0x0000000700600000,0x000000070329c5f0,0x00000007162c0000)
 PSPermGen       total 35520K, used 17995K [0x00000006fb400000, 0x00000006fd6b0000, 0x0000000700600000)
  object space 35520K, 50% used [0x00000006fb400000,0x00000006fc592d00,0x00000006fd6b0000)
}
Event: 12.188 GC heap before
{Heap before GC invocations=18 (full 5):
 PSYoungGen      total 241472K, used 213463K [0x00000007aacb0000, 0x00000007bdc10000, 0x0000000800000000)
  eden space 183936K, 99% used [0x00000007aacb0000,0x00000007b604bbe0,0x00000007b6050000)
  from space 57536K, 51% used [0x00000007ba3e0000,0x00000007bc0ba1f0,0x00000007bdc10000)
  to   space 63360K, 0% used [0x00000007b6050000,0x00000007b6050000,0x00000007b9e30000)
 ParOldGen       total 357120K, used 296509K [0x0000000700600000, 0x00000007162c0000, 0x00000007aacb0000)
  object space 357120K, 83% used [0x0000000700600000,0x000000071278f5b0,0x00000007162c0000)
 PSPermGen       total 35520K, used 18007K [0x00000006fb400000, 0x00000006fd6b0000, 0x0000000700600000)
  object space 35520K, 50% used [0x00000006fb400000,0x00000006fc595d20,0x00000006fd6b0000)
Event: 12.191 GC heap after
Heap after GC invocations=18 (full 5):
 PSYoungGen      total 247296K, used 18385K [0x00000007aacb0000, 0x00000007bfe50000, 0x0000000800000000)
  eden space 183936K, 0% used [0x00000007aacb0000,0x00000007aacb0000,0x00000007b6050000)
  from space 63360K, 29% used [0x00000007b6050000,0x00000007b7244430,0x00000007b9e30000)
  to   space 60800K, 0% used [0x00000007bc2f0000,0x00000007bc2f0000,0x00000007bfe50000)
 ParOldGen       total 357120K, used 296509K [0x0000000700600000, 0x00000007162c0000, 0x00000007aacb0000)
  object space 357120K, 83% used [0x0000000700600000,0x000000071278f5b0,0x00000007162c0000)
 PSPermGen       total 35520K, used 18007K [0x00000006fb400000, 0x00000006fd6b0000, 0x0000000700600000)
  object space 35520K, 50% used [0x00000006fb400000,0x00000006fc595d20,0x00000006fd6b0000)
}
Event: 12.530 GC heap before
{Heap before GC invocations=19 (full 5):
 PSYoungGen      total 247296K, used 200504K [0x00000007aacb0000, 0x00000007bfe50000, 0x0000000800000000)
  eden space 183936K, 99% used [0x00000007aacb0000,0x00000007b5e89da8,0x00000007b6050000)
  from space 63360K, 29% used [0x00000007b6050000,0x00000007b7244430,0x00000007b9e30000)
  to   space 60800K, 0% used [0x00000007bc2f0000,0x00000007bc2f0000,0x00000007bfe50000)
 ParOldGen       total 357120K, used 296509K [0x0000000700600000, 0x00000007162c0000, 0x00000007aacb0000)
  object space 357120K, 83% used [0x0000000700600000,0x000000071278f5b0,0x00000007162c0000)
 PSPermGen       total 35520K, used 18008K [0x00000006fb400000, 0x00000006fd6b0000, 0x0000000700600000)
  object space 35520K, 50% used [0x00000006fb400000,0x00000006fc596050,0x00000006fd6b0000)
Event: 12.544 GC heap after
Heap after GC invocations=19 (full 5):
 PSYoungGen      total 275776K, used 59277K [0x00000007aacb0000, 0x00000007c1950000, 0x0000000800000000)
  eden space 214976K, 0% used [0x00000007aacb0000,0x00000007aacb0000,0x00000007b7ea0000)
  from space 60800K, 97% used [0x00000007bc2f0000,0x00000007bfcd35c8,0x00000007bfe50000)
  to   space 69952K, 0% used [0x00000007b7ea0000,0x00000007b7ea0000,0x00000007bc2f0000)
 ParOldGen       total 357120K, used 296509K [0x0000000700600000, 0x00000007162c0000, 0x00000007aacb0000)
  object space 357120K, 83% used [0x0000000700600000,0x000000071278f5b0,0x00000007162c0000)
 PSPermGen       total 35520K, used 18008K [0x00000006fb400000, 0x00000006fd6b0000, 0x0000000700600000)
  object space 35520K, 50% used [0x00000006fb400000,0x00000006fc596050,0x00000006fd6b0000)
}

