# JRE version: 7.0_07-b11
# Java VM: Java HotSpot(TM) 64-Bit Server VM (23.3-b01 mixed mode windows-amd64 compressed oops)
Heap
 PSYoungGen      total 1026560K, used 230541K [0x00000007aacb0000, 0x00000007f35f0000, 0x0000000800000000)
  eden space 976704K, 18% used [0x00000007aacb0000,0x00000007b5d26260,0x00000007e6680000)
  from space 49856K, 99% used [0x00000007f0540000,0x00000007f35ed560,0x00000007f35f0000)
  to   space 83776K, 0% used [0x00000007e9250000,0x00000007e9250000,0x00000007ee420000)
 ParOldGen       total 802752K, used 381086K [0x0000000700600000, 0x00000007315f0000, 0x00000007aacb0000)
  object space 802752K, 47% used [0x0000000700600000,0x0000000717a27b78,0x00000007315f0000)
 PSPermGen       total 26560K, used 18367K [0x00000006fb400000, 0x00000006fcdf0000, 0x0000000700600000)
  object space 26560K, 69% used [0x00000006fb400000,0x00000006fc5efda8,0x00000006fcdf0000)
GC Heap History (10 events):
Event: 130.294 GC heap before
{Heap before GC invocations=91 (full 10):
 PSYoungGen      total 1150592K, used 1137928K [0x00000007aacb0000, 0x00000007fb5a0000, 0x0000000800000000)
  eden space 1067264K, 99% used [0x00000007aacb0000,0x00000007eba49140,0x00000007ebef0000)
  from space 83328K, 90% used [0x00000007f16e0000,0x00000007f6089040,0x00000007f6840000)
  to   space 90048K, 0% used [0x00000007ebef0000,0x00000007ebef0000,0x00000007f16e0000)
 ParOldGen       total 828480K, used 826535K [0x0000000700600000, 0x0000000732f10000, 0x00000007aacb0000)
  object space 828480K, 99% used [0x0000000700600000,0x0000000732d29ca0,0x0000000732f10000)
 PSPermGen       total 27776K, used 18319K [0x00000006fb400000, 0x00000006fcf20000, 0x0000000700600000)
  object space 27776K, 65% used [0x00000006fb400000,0x00000006fc5e3f08,0x00000006fcf20000)
Event: 130.303 GC heap after
Heap after GC invocations=91 (full 10):
 PSYoungGen      total 1157312K, used 66418K [0x00000007aacb0000, 0x00000007fb4a0000, 0x0000000800000000)
  eden space 1067264K, 0% used [0x00000007aacb0000,0x00000007aacb0000,0x00000007ebef0000)
  from space 90048K, 73% used [0x00000007ebef0000,0x00000007effcc938,0x00000007f16e0000)
  to   space 92096K, 0% used [0x00000007f5ab0000,0x00000007f5ab0000,0x00000007fb4a0000)
 ParOldGen       total 828480K, used 826535K [0x0000000700600000, 0x0000000732f10000, 0x00000007aacb0000)
  object space 828480K, 99% used [0x0000000700600000,0x0000000732d29ca0,0x0000000732f10000)
 PSPermGen       total 27776K, used 18319K [0x00000006fb400000, 0x00000006fcf20000, 0x0000000700600000)
  object space 27776K, 65% used [0x00000006fb400000,0x00000006fc5e3f08,0x00000006fcf20000)
}
Event: 132.758 GC heap before
{Heap before GC invocations=92 (full 11):
 PSYoungGen      total 1157312K, used 1133682K [0x00000007aacb0000, 0x00000007fb4a0000, 0x0000000800000000)
  eden space 1067264K, 100% used [0x00000007aacb0000,0x00000007ebef0000,0x00000007ebef0000)
  from space 90048K, 73% used [0x00000007ebef0000,0x00000007effcc938,0x00000007f16e0000)
  to   space 92096K, 0% used [0x00000007f5ab0000,0x00000007f5ab0000,0x00000007fb4a0000)
 ParOldGen       total 876544K, used 876365K [0x0000000700600000, 0x0000000735e00000, 0x00000007aacb0000)
  object space 876544K, 99% used [0x0000000700600000,0x0000000735dd3650,0x0000000735e00000)
 PSPermGen       total 27776K, used 18322K [0x00000006fb400000, 0x00000006fcf20000, 0x0000000700600000)
  object space 27776K, 65% used [0x00000006fb400000,0x00000006fc5e48a8,0x00000006fcf20000)
Event: 132.807 GC heap after
Heap after GC invocations=92 (full 11):
 PSYoungGen      total 1157312K, used 0K [0x00000007aacb0000, 0x00000007fb4a0000, 0x0000000800000000)
  eden space 1067264K, 0% used [0x00000007aacb0000,0x00000007aacb0000,0x00000007ebef0000)
  from space 90048K, 0% used [0x00000007ebef0000,0x00000007ebef0000,0x00000007f16e0000)
  to   space 92096K, 0% used [0x00000007f5ab0000,0x00000007f5ab0000,0x00000007fb4a0000)
 ParOldGen       total 802752K, used 61353K [0x0000000700600000, 0x00000007315f0000, 0x00000007aacb0000)
  object space 802752K, 7% used [0x0000000700600000,0x00000007041ea5d8,0x00000007315f0000)
 PSPermGen       total 26560K, used 18321K [0x00000006fb400000, 0x00000006fcdf0000, 0x0000000700600000)
  object space 26560K, 68% used [0x00000006fb400000,0x00000006fc5e47c8,0x00000006fcdf0000)
}
Event: 136.374 GC heap before
{Heap before GC invocations=93 (full 11):
 PSYoungGen      total 1157312K, used 1067264K [0x00000007aacb0000, 0x00000007fb4a0000, 0x0000000800000000)
  eden space 1067264K, 100% used [0x00000007aacb0000,0x00000007ebef0000,0x00000007ebef0000)
  from space 90048K, 0% used [0x00000007ebef0000,0x00000007ebef0000,0x00000007f16e0000)
  to   space 92096K, 0% used [0x00000007f5ab0000,0x00000007f5ab0000,0x00000007fb4a0000)
 ParOldGen       total 802752K, used 260483K [0x0000000700600000, 0x00000007315f0000, 0x00000007aacb0000)
  object space 802752K, 32% used [0x0000000700600000,0x0000000710460ca0,0x00000007315f0000)
 PSPermGen       total 26560K, used 18332K [0x00000006fb400000, 0x00000006fcdf0000, 0x0000000700600000)
  object space 26560K, 69% used [0x00000006fb400000,0x00000006fc5e73f8,0x00000006fcdf0000)
Event: 136.385 GC heap after
Heap after GC invocations=93 (full 11):
 PSYoungGen      total 1077312K, used 41481K [0x00000007aacb0000, 0x00000007f8340000, 0x0000000800000000)
  eden space 1035776K, 0% used [0x00000007aacb0000,0x00000007aacb0000,0x00000007ea030000)
  from space 41536K, 99% used [0x00000007f5ab0000,0x00000007f8332428,0x00000007f8340000)
  to   space 89856K, 0% used [0x00000007ed3c0000,0x00000007ed3c0000,0x00000007f2b80000)
 ParOldGen       total 802752K, used 260483K [0x0000000700600000, 0x00000007315f0000, 0x00000007aacb0000)
  object space 802752K, 32% used [0x0000000700600000,0x0000000710460ca0,0x00000007315f0000)
 PSPermGen       total 26560K, used 18332K [0x00000006fb400000, 0x00000006fcdf0000, 0x0000000700600000)
  object space 26560K, 69% used [0x00000006fb400000,0x00000006fc5e73f8,0x00000006fcdf0000)
}
Event: 138.698 GC heap before
{Heap before GC invocations=94 (full 11):
 PSYoungGen      total 1077312K, used 1077234K [0x00000007aacb0000, 0x00000007f8340000, 0x0000000800000000)
  eden space 1035776K, 99% used [0x00000007aacb0000,0x00000007ea02a6b8,0x00000007ea030000)
  from space 41536K, 99% used [0x00000007f5ab0000,0x00000007f8332428,0x00000007f8340000)
  to   space 89856K, 0% used [0x00000007ed3c0000,0x00000007ed3c0000,0x00000007f2b80000)
 ParOldGen       total 802752K, used 381078K [0x0000000700600000, 0x00000007315f0000, 0x00000007aacb0000)
  object space 802752K, 47% used [0x0000000700600000,0x0000000717a25b78,0x00000007315f0000)
 PSPermGen       total 26560K, used 18336K [0x00000006fb400000, 0x00000006fcdf0000, 0x0000000700600000)
  object space 26560K, 69% used [0x00000006fb400000,0x00000006fc5e81c8,0x00000006fcdf0000)
Event: 138.708 GC heap after
Heap after GC invocations=94 (full 11):
 PSYoungGen      total 1047104K, used 41449K [0x00000007aacb0000, 0x00000007f5ac0000, 0x0000000800000000)
  eden space 1005632K, 0% used [0x00000007aacb0000,0x00000007aacb0000,0x00000007e82c0000)
  from space 41472K, 99% used [0x00000007ed3c0000,0x00000007efc3a428,0x00000007efc40000)
  to   space 87552K, 0% used [0x00000007f0540000,0x00000007f0540000,0x00000007f5ac0000)
 ParOldGen       total 802752K, used 381086K [0x0000000700600000, 0x00000007315f0000, 0x00000007aacb0000)
  object space 802752K, 47% used [0x0000000700600000,0x0000000717a27b78,0x00000007315f0000)
 PSPermGen       total 26560K, used 18336K [0x00000006fb400000, 0x00000006fcdf0000, 0x0000000700600000)
  object space 26560K, 69% used [0x00000006fb400000,0x00000006fc5e81c8,0x00000006fcdf0000)
}
Event: 140.581 GC heap before
{Heap before GC invocations=95 (full 11):
 PSYoungGen      total 1047104K, used 1042443K [0x00000007aacb0000, 0x00000007f5ac0000, 0x0000000800000000)
  eden space 1005632K, 99% used [0x00000007aacb0000,0x00000007e7e388d0,0x00000007e82c0000)
  from space 41472K, 99% used [0x00000007ed3c0000,0x00000007efc3a428,0x00000007efc40000)
  to   space 87552K, 0% used [0x00000007f0540000,0x00000007f0540000,0x00000007f5ac0000)
 ParOldGen       total 802752K, used 381086K [0x0000000700600000, 0x00000007315f0000, 0x00000007aacb0000)
  object space 802752K, 47% used [0x0000000700600000,0x0000000717a27b78,0x00000007315f0000)
 PSPermGen       total 26560K, used 18343K [0x00000006fb400000, 0x00000006fcdf0000, 0x0000000700600000)
  object space 26560K, 69% used [0x00000006fb400000,0x00000006fc5e9e20,0x00000006fcdf0000)
Event: 140.591 GC heap after
Heap after GC invocations=95 (full 11):
 PSYoungGen      total 1026560K, used 49845K [0x00000007aacb0000, 0x00000007f35f0000, 0x0000000800000000)
  eden space 976704K, 0% used [0x00000007aacb0000,0x00000007aacb0000,0x00000007e6680000)
  from space 49856K, 99% used [0x00000007f0540000,0x00000007f35ed560,0x00000007f35f0000)
  to   space 83776K, 0% used [0x00000007e9250000,0x00000007e9250000,0x00000007ee420000)
 ParOldGen       total 802752K, used 381086K [0x0000000700600000, 0x00000007315f0000, 0x00000007aacb0000)
  object space 802752K, 47% used [0x0000000700600000,0x0000000717a27b78,0x00000007315f0000)
 PSPermGen       total 26560K, used 18343K [0x00000006fb400000, 0x00000006fcdf0000, 0x0000000700600000)
  object space 26560K, 69% used [0x00000006fb400000,0x00000006fc5e9e20,0x00000006fcdf0000)
}

