# JRE version: 7.0_07-b11
# Java VM: Java HotSpot(TM) 64-Bit Server VM (23.3-b01 mixed mode windows-amd64 compressed oops)
Heap
 PSYoungGen      total 742144K, used 172726K [0x00000007aacb0000, 0x00000007dd370000, 0x0000000800000000)
  eden space 671552K, 18% used [0x00000007aacb0000,0x00000007b272dd88,0x00000007d3c80000)
  from space 70592K, 66% used [0x00000007d84e0000,0x00000007db30fcf0,0x00000007dc9d0000)
  to   space 74112K, 0% used [0x00000007d3c80000,0x00000007d3c80000,0x00000007d84e0000)
 ParOldGen       total 129728K, used 105314K [0x0000000700600000, 0x00000007084b0000, 0x00000007aacb0000)
  object space 129728K, 81% used [0x0000000700600000,0x0000000706cd8b60,0x00000007084b0000)
 PSPermGen       total 36224K, used 18055K [0x00000006fb400000, 0x00000006fd760000, 0x0000000700600000)
  object space 36224K, 49% used [0x00000006fb400000,0x00000006fc5a1d10,0x00000006fd760000)
GC Heap History (10 events):
Event: 16.436 GC heap before
{Heap before GC invocations=17 (full 1):
 PSYoungGen      total 338240K, used 287614K [0x00000007aacb0000, 0x00000007ccda0000, 0x0000000800000000)
  eden space 288896K, 99% used [0x00000007aacb0000,0x00000007bc58fa28,0x00000007bc6d0000)
  from space 49344K, 0% used [0x00000007bc6d0000,0x00000007bc6d0000,0x00000007bf700000)
  to   space 47872K, 0% used [0x00000007c9ee0000,0x00000007c9ee0000,0x00000007ccda0000)
 ParOldGen       total 129728K, used 31218K [0x0000000700600000, 0x00000007084b0000, 0x00000007aacb0000)
  object space 129728K, 24% used [0x0000000700600000,0x000000070247ca78,0x00000007084b0000)
 PSPermGen       total 36224K, used 17978K [0x00000006fb400000, 0x00000006fd760000, 0x0000000700600000)
  object space 36224K, 49% used [0x00000006fb400000,0x00000006fc58ea00,0x00000006fd760000)
Event: 16.447 GC heap after
Heap after GC invocations=17 (full 1):
 PSYoungGen      total 460800K, used 44261K [0x00000007aacb0000, 0x00000007cca20000, 0x0000000800000000)
  eden space 416512K, 0% used [0x00000007aacb0000,0x00000007aacb0000,0x00000007c4370000)
  from space 44288K, 99% used [0x00000007c9ee0000,0x00000007cca19438,0x00000007cca20000)
  to   space 54400K, 0% used [0x00000007c5fe0000,0x00000007c5fe0000,0x00000007c9500000)
 ParOldGen       total 129728K, used 31218K [0x0000000700600000, 0x00000007084b0000, 0x00000007aacb0000)
  object space 129728K, 24% used [0x0000000700600000,0x000000070247ca78,0x00000007084b0000)
 PSPermGen       total 36224K, used 17978K [0x00000006fb400000, 0x00000006fd760000, 0x0000000700600000)
  object space 36224K, 49% used [0x00000006fb400000,0x00000006fc58ea00,0x00000006fd760000)
}
Event: 17.475 GC heap before
{Heap before GC invocations=18 (full 1):
 PSYoungGen      total 460800K, used 460773K [0x00000007aacb0000, 0x00000007cca20000, 0x0000000800000000)
  eden space 416512K, 100% used [0x00000007aacb0000,0x00000007c4370000,0x00000007c4370000)
  from space 44288K, 99% used [0x00000007c9ee0000,0x00000007cca19438,0x00000007cca20000)
  to   space 54400K, 0% used [0x00000007c5fe0000,0x00000007c5fe0000,0x00000007c9500000)
 ParOldGen       total 129728K, used 75331K [0x0000000700600000, 0x00000007084b0000, 0x00000007aacb0000)
  object space 129728K, 58% used [0x0000000700600000,0x0000000704f90c98,0x00000007084b0000)
 PSPermGen       total 36224K, used 17988K [0x00000006fb400000, 0x00000006fd760000, 0x0000000700600000)
  object space 36224K, 49% used [0x00000006fb400000,0x00000006fc591060,0x00000006fd760000)
Event: 17.478 GC heap after
Heap after GC invocations=18 (full 1):
 PSYoungGen      total 500032K, used 288K [0x00000007aacb0000, 0x00000007d1f20000, 0x0000000800000000)
  eden space 445632K, 0% used [0x00000007aacb0000,0x00000007aacb0000,0x00000007c5fe0000)
  from space 54400K, 0% used [0x00000007c5fe0000,0x00000007c6028000,0x00000007c9500000)
  to   space 54656K, 0% used [0x00000007ce9c0000,0x00000007ce9c0000,0x00000007d1f20000)
 ParOldGen       total 129728K, used 93588K [0x0000000700600000, 0x00000007084b0000, 0x00000007aacb0000)
  object space 129728K, 72% used [0x0000000700600000,0x00000007061650c8,0x00000007084b0000)
 PSPermGen       total 36224K, used 17988K [0x00000006fb400000, 0x00000006fd760000, 0x0000000700600000)
  object space 36224K, 49% used [0x00000006fb400000,0x00000006fc591060,0x00000006fd760000)
}
Event: 18.539 GC heap before
{Heap before GC invocations=19 (full 1):
 PSYoungGen      total 500032K, used 444296K [0x00000007aacb0000, 0x00000007d1f20000, 0x0000000800000000)
  eden space 445632K, 99% used [0x00000007aacb0000,0x00000007c5e4a1e8,0x00000007c5fe0000)
  from space 54400K, 0% used [0x00000007c5fe0000,0x00000007c6028000,0x00000007c9500000)
  to   space 54656K, 0% used [0x00000007ce9c0000,0x00000007ce9c0000,0x00000007d1f20000)
 ParOldGen       total 129728K, used 93588K [0x0000000700600000, 0x00000007084b0000, 0x00000007aacb0000)
  object space 129728K, 72% used [0x0000000700600000,0x00000007061650c8,0x00000007084b0000)
 PSPermGen       total 36224K, used 18018K [0x00000006fb400000, 0x00000006fd760000, 0x0000000700600000)
  object space 36224K, 49% used [0x00000006fb400000,0x00000006fc598b40,0x00000006fd760000)
Event: 18.554 GC heap after
Heap after GC invocations=19 (full 1):
 PSYoungGen      total 577856K, used 52896K [0x00000007aacb0000, 0x00000007d5af0000, 0x0000000800000000)
  eden space 523200K, 0% used [0x00000007aacb0000,0x00000007aacb0000,0x00000007caba0000)
  from space 54656K, 96% used [0x00000007ce9c0000,0x00000007d1d68198,0x00000007d1f20000)
  to   space 63616K, 0% used [0x00000007caba0000,0x00000007caba0000,0x00000007ce9c0000)
 ParOldGen       total 129728K, used 93636K [0x0000000700600000, 0x00000007084b0000, 0x00000007aacb0000)
  object space 129728K, 72% used [0x0000000700600000,0x00000007061710d8,0x00000007084b0000)
 PSPermGen       total 36224K, used 18018K [0x00000006fb400000, 0x00000006fd760000, 0x0000000700600000)
  object space 36224K, 49% used [0x00000006fb400000,0x00000006fc598b40,0x00000006fd760000)
}
Event: 19.698 GC heap before
{Heap before GC invocations=20 (full 1):
 PSYoungGen      total 577856K, used 574105K [0x00000007aacb0000, 0x00000007d5af0000, 0x0000000800000000)
  eden space 523200K, 99% used [0x00000007aacb0000,0x00000007ca9ae2d8,0x00000007caba0000)
  from space 54656K, 96% used [0x00000007ce9c0000,0x00000007d1d68198,0x00000007d1f20000)
  to   space 63616K, 0% used [0x00000007caba0000,0x00000007caba0000,0x00000007ce9c0000)
 ParOldGen       total 129728K, used 93636K [0x0000000700600000, 0x00000007084b0000, 0x00000007aacb0000)
  object space 129728K, 72% used [0x0000000700600000,0x00000007061710d8,0x00000007084b0000)
 PSPermGen       total 36224K, used 18021K [0x00000006fb400000, 0x00000006fd760000, 0x0000000700600000)
  object space 36224K, 49% used [0x00000006fb400000,0x00000006fc599548,0x00000006fd760000)
Event: 19.708 GC heap after
Heap after GC invocations=20 (full 1):
 PSYoungGen      total 586816K, used 52442K [0x00000007aacb0000, 0x00000007dc9d0000, 0x0000000800000000)
  eden space 523200K, 0% used [0x00000007aacb0000,0x00000007aacb0000,0x00000007caba0000)
  from space 63616K, 82% used [0x00000007caba0000,0x00000007cded6860,0x00000007ce9c0000)
  to   space 70592K, 0% used [0x00000007d84e0000,0x00000007d84e0000,0x00000007dc9d0000)
 ParOldGen       total 129728K, used 105274K [0x0000000700600000, 0x00000007084b0000, 0x00000007aacb0000)
  object space 129728K, 81% used [0x0000000700600000,0x0000000706cceb60,0x00000007084b0000)
 PSPermGen       total 36224K, used 18021K [0x00000006fb400000, 0x00000006fd760000, 0x0000000700600000)
  object space 36224K, 49% used [0x00000006fb400000,0x00000006fc599548,0x00000006fd760000)
}
Event: 20.958 GC heap before
{Heap before GC invocations=21 (full 1):
 PSYoungGen      total 586816K, used 575584K [0x00000007aacb0000, 0x00000007dc9d0000, 0x0000000800000000)
  eden space 523200K, 99% used [0x00000007aacb0000,0x00000007cab91b18,0x00000007caba0000)
  from space 63616K, 82% used [0x00000007caba0000,0x00000007cded6860,0x00000007ce9c0000)
  to   space 70592K, 0% used [0x00000007d84e0000,0x00000007d84e0000,0x00000007dc9d0000)
 ParOldGen       total 129728K, used 105274K [0x0000000700600000, 0x00000007084b0000, 0x00000007aacb0000)
  object space 129728K, 81% used [0x0000000700600000,0x0000000706cceb60,0x00000007084b0000)
 PSPermGen       total 36224K, used 18031K [0x00000006fb400000, 0x00000006fd760000, 0x0000000700600000)
  object space 36224K, 49% used [0x00000006fb400000,0x00000006fc59bd88,0x00000006fd760000)
Event: 20.973 GC heap after
Heap after GC invocations=21 (full 1):
 PSYoungGen      total 742144K, used 47295K [0x00000007aacb0000, 0x00000007dd370000, 0x0000000800000000)
  eden space 671552K, 0% used [0x00000007aacb0000,0x00000007aacb0000,0x00000007d3c80000)
  from space 70592K, 66% used [0x00000007d84e0000,0x00000007db30fcf0,0x00000007dc9d0000)
  to   space 74112K, 0% used [0x00000007d3c80000,0x00000007d3c80000,0x00000007d84e0000)
 ParOldGen       total 129728K, used 105314K [0x0000000700600000, 0x00000007084b0000, 0x00000007aacb0000)
  object space 129728K, 81% used [0x0000000700600000,0x0000000706cd8b60,0x00000007084b0000)
 PSPermGen       total 36224K, used 18031K [0x00000006fb400000, 0x00000006fd760000, 0x0000000700600000)
  object space 36224K, 49% used [0x00000006fb400000,0x00000006fc59bd88,0x00000006fd760000)
}

