# JRE version: 7.0_07-b11
# Java VM: Java HotSpot(TM) 64-Bit Server VM (23.3-b01 mixed mode windows-amd64 compressed oops)
Heap
 PSYoungGen      total 516160K, used 386032K [0x00000007aacb0000, 0x00000007d6370000, 0x0000000800000000)
  eden space 441728K, 79% used [0x00000007aacb0000,0x00000007c01d39f0,0x00000007c5c10000)
  from space 74432K, 49% used [0x00000007c5c10000,0x00000007c7fe8860,0x00000007ca4c0000)
  to   space 71872K, 0% used [0x00000007d1d40000,0x00000007d1d40000,0x00000007d6370000)
 ParOldGen       total 230912K, used 152672K [0x0000000700600000, 0x000000070e780000, 0x00000007aacb0000)
  object space 230912K, 66% used [0x0000000700600000,0x0000000709b18380,0x000000070e780000)
 PSPermGen       total 39232K, used 18017K [0x00000006fb400000, 0x00000006fda50000, 0x0000000700600000)
  object space 39232K, 45% used [0x00000006fb400000,0x00000006fc598548,0x00000006fda50000)
GC Heap History (10 events):
Event: 9.787 GC heap before
{Heap before GC invocations=12 (full 2):
 PSYoungGen      total 324736K, used 316075K [0x00000007aacb0000, 0x00000007c7800000, 0x0000000800000000)
  eden space 271168K, 99% used [0x00000007aacb0000,0x00000007bb31b1e8,0x00000007bb580000)
  from space 53568K, 88% used [0x00000007bb580000,0x00000007be3bfcf0,0x00000007be9d0000)
  to   space 60160K, 0% used [0x00000007c3d40000,0x00000007c3d40000,0x00000007c7800000)
 ParOldGen       total 186304K, used 56583K [0x0000000700600000, 0x000000070bbf0000, 0x00000007aacb0000)
  object space 186304K, 30% used [0x0000000700600000,0x0000000703d41c50,0x000000070bbf0000)
 PSPermGen       total 40896K, used 17958K [0x00000006fb400000, 0x00000006fdbf0000, 0x0000000700600000)
  object space 40896K, 43% used [0x00000006fb400000,0x00000006fc589b28,0x00000006fdbf0000)
Event: 9.798 GC heap after
Heap after GC invocations=12 (full 2):
 PSYoungGen      total 405376K, used 47528K [0x00000007aacb0000, 0x00000007c8320000, 0x0000000800000000)
  eden space 345216K, 0% used [0x00000007aacb0000,0x00000007aacb0000,0x00000007bfdd0000)
  from space 60160K, 79% used [0x00000007c3d40000,0x00000007c6baa000,0x00000007c7800000)
  to   space 64960K, 0% used [0x00000007bfdd0000,0x00000007bfdd0000,0x00000007c3d40000)
 ParOldGen       total 186304K, used 56583K [0x0000000700600000, 0x000000070bbf0000, 0x00000007aacb0000)
  object space 186304K, 30% used [0x0000000700600000,0x0000000703d41c50,0x000000070bbf0000)
 PSPermGen       total 40896K, used 17958K [0x00000006fb400000, 0x00000006fdbf0000, 0x0000000700600000)
  object space 40896K, 43% used [0x00000006fb400000,0x00000006fc589b28,0x00000006fdbf0000)
}
Event: 10.963 GC heap before
{Heap before GC invocations=13 (full 3):
 PSYoungGen      total 405376K, used 392621K [0x00000007aacb0000, 0x00000007c8320000, 0x0000000800000000)
  eden space 345216K, 99% used [0x00000007aacb0000,0x00000007bfdb17b8,0x00000007bfdd0000)
  from space 60160K, 79% used [0x00000007c3d40000,0x00000007c6baa000,0x00000007c7800000)
  to   space 64960K, 0% used [0x00000007bfdd0000,0x00000007bfdd0000,0x00000007c3d40000)
 ParOldGen       total 334720K, used 333882K [0x0000000700600000, 0x0000000714ce0000, 0x00000007aacb0000)
  object space 334720K, 99% used [0x0000000700600000,0x0000000714c0ea00,0x0000000714ce0000)
 PSPermGen       total 40896K, used 17967K [0x00000006fb400000, 0x00000006fdbf0000, 0x0000000700600000)
  object space 40896K, 43% used [0x00000006fb400000,0x00000006fc58bcf8,0x00000006fdbf0000)
Event: 11.000 GC heap after
Heap after GC invocations=13 (full 3):
 PSYoungGen      total 405376K, used 0K [0x00000007aacb0000, 0x00000007c8320000, 0x0000000800000000)
  eden space 345216K, 0% used [0x00000007aacb0000,0x00000007aacb0000,0x00000007bfdd0000)
  from space 60160K, 0% used [0x00000007c3d40000,0x00000007c3d40000,0x00000007c7800000)
  to   space 64960K, 0% used [0x00000007bfdd0000,0x00000007bfdd0000,0x00000007c3d40000)
 ParOldGen       total 230912K, used 31719K [0x0000000700600000, 0x000000070e780000, 0x00000007aacb0000)
  object space 230912K, 13% used [0x0000000700600000,0x00000007024f9e90,0x000000070e780000)
 PSPermGen       total 39232K, used 17967K [0x00000006fb400000, 0x00000006fda50000, 0x0000000700600000)
  object space 39232K, 45% used [0x00000006fb400000,0x00000006fc58bcb8,0x00000006fda50000)
}
Event: 11.627 GC heap before
{Heap before GC invocations=14 (full 3):
 PSYoungGen      total 405376K, used 342741K [0x00000007aacb0000, 0x00000007c8320000, 0x0000000800000000)
  eden space 345216K, 99% used [0x00000007aacb0000,0x00000007bfb655e8,0x00000007bfdd0000)
  from space 60160K, 0% used [0x00000007c3d40000,0x00000007c3d40000,0x00000007c7800000)
  to   space 64960K, 0% used [0x00000007bfdd0000,0x00000007bfdd0000,0x00000007c3d40000)
 ParOldGen       total 230912K, used 31719K [0x0000000700600000, 0x000000070e780000, 0x00000007aacb0000)
  object space 230912K, 13% used [0x0000000700600000,0x00000007024f9e90,0x000000070e780000)
 PSPermGen       total 39232K, used 17967K [0x00000006fb400000, 0x00000006fda50000, 0x0000000700600000)
  object space 39232K, 45% used [0x00000006fb400000,0x00000006fc58bcb8,0x00000006fda50000)
Event: 11.637 GC heap after
Heap after GC invocations=14 (full 3):
 PSYoungGen      total 410176K, used 47327K [0x00000007aacb0000, 0x00000007ce7b0000, 0x0000000800000000)
  eden space 345216K, 0% used [0x00000007aacb0000,0x00000007aacb0000,0x00000007bfdd0000)
  from space 64960K, 72% used [0x00000007bfdd0000,0x00000007c2c07cf0,0x00000007c3d40000)
  to   space 68544K, 0% used [0x00000007ca4c0000,0x00000007ca4c0000,0x00000007ce7b0000)
 ParOldGen       total 230912K, used 31719K [0x0000000700600000, 0x000000070e780000, 0x00000007aacb0000)
  object space 230912K, 13% used [0x0000000700600000,0x00000007024f9e90,0x000000070e780000)
 PSPermGen       total 39232K, used 17967K [0x00000006fb400000, 0x00000006fda50000, 0x0000000700600000)
  object space 39232K, 45% used [0x00000006fb400000,0x00000006fc58bcb8,0x00000006fda50000)
}
Event: 12.254 GC heap before
{Heap before GC invocations=15 (full 3):
 PSYoungGen      total 410176K, used 390029K [0x00000007aacb0000, 0x00000007ce7b0000, 0x0000000800000000)
  eden space 345216K, 99% used [0x00000007aacb0000,0x00000007bfb5b980,0x00000007bfdd0000)
  from space 64960K, 72% used [0x00000007bfdd0000,0x00000007c2c07cf0,0x00000007c3d40000)
  to   space 68544K, 0% used [0x00000007ca4c0000,0x00000007ca4c0000,0x00000007ce7b0000)
 ParOldGen       total 230912K, used 37794K [0x0000000700600000, 0x000000070e780000, 0x00000007aacb0000)
  object space 230912K, 16% used [0x0000000700600000,0x0000000702ae8aa0,0x000000070e780000)
 PSPermGen       total 39232K, used 17975K [0x00000006fb400000, 0x00000006fda50000, 0x0000000700600000)
  object space 39232K, 45% used [0x00000006fb400000,0x00000006fc58dd90,0x00000006fda50000)
Event: 12.267 GC heap after
Heap after GC invocations=15 (full 3):
 PSYoungGen      total 510272K, used 55891K [0x00000007aacb0000, 0x00000007cf730000, 0x0000000800000000)
  eden space 441728K, 0% used [0x00000007aacb0000,0x00000007aacb0000,0x00000007c5c10000)
  from space 68544K, 81% used [0x00000007ca4c0000,0x00000007cdb54d30,0x00000007ce7b0000)
  to   space 74432K, 0% used [0x00000007c5c10000,0x00000007c5c10000,0x00000007ca4c0000)
 ParOldGen       total 230912K, used 37794K [0x0000000700600000, 0x000000070e780000, 0x00000007aacb0000)
  object space 230912K, 16% used [0x0000000700600000,0x0000000702ae8aa0,0x000000070e780000)
 PSPermGen       total 39232K, used 17975K [0x00000006fb400000, 0x00000006fda50000, 0x0000000700600000)
  object space 39232K, 45% used [0x00000006fb400000,0x00000006fc58dd90,0x00000006fda50000)
}
Event: 13.271 GC heap before
{Heap before GC invocations=16 (full 3):
 PSYoungGen      total 510272K, used 497619K [0x00000007aacb0000, 0x00000007cf730000, 0x0000000800000000)
  eden space 441728K, 100% used [0x00000007aacb0000,0x00000007c5c10000,0x00000007c5c10000)
  from space 68544K, 81% used [0x00000007ca4c0000,0x00000007cdb54d30,0x00000007ce7b0000)
  to   space 74432K, 0% used [0x00000007c5c10000,0x00000007c5c10000,0x00000007ca4c0000)
 ParOldGen       total 230912K, used 152672K [0x0000000700600000, 0x000000070e780000, 0x00000007aacb0000)
  object space 230912K, 66% used [0x0000000700600000,0x0000000709b18380,0x000000070e780000)
 PSPermGen       total 39232K, used 17979K [0x00000006fb400000, 0x00000006fda50000, 0x0000000700600000)
  object space 39232K, 45% used [0x00000006fb400000,0x00000006fc58efc0,0x00000006fda50000)
Event: 13.278 GC heap after
Heap after GC invocations=16 (full 3):
 PSYoungGen      total 516160K, used 36706K [0x00000007aacb0000, 0x00000007d6370000, 0x0000000800000000)
  eden space 441728K, 0% used [0x00000007aacb0000,0x00000007aacb0000,0x00000007c5c10000)
  from space 74432K, 49% used [0x00000007c5c10000,0x00000007c7fe8860,0x00000007ca4c0000)
  to   space 71872K, 0% used [0x00000007d1d40000,0x00000007d1d40000,0x00000007d6370000)
 ParOldGen       total 230912K, used 152672K [0x0000000700600000, 0x000000070e780000, 0x00000007aacb0000)
  object space 230912K, 66% used [0x0000000700600000,0x0000000709b18380,0x000000070e780000)
 PSPermGen       total 39232K, used 17979K [0x00000006fb400000, 0x00000006fda50000, 0x0000000700600000)
  object space 39232K, 45% used [0x00000006fb400000,0x00000006fc58efc0,0x00000006fda50000)
}

