# JRE version: 7.0_07-b11
# Java VM: Java HotSpot(TM) 64-Bit Server VM (23.3-b01 mixed mode windows-amd64 compressed oops)
Heap
 PSYoungGen      total 562368K, used 407149K [0x00000007aacb0000, 0x00000007d5ab0000, 0x0000000800000000)
  eden space 509440K, 71% used [0x00000007aacb0000,0x00000007c123f240,0x00000007c9e30000)
  from space 52928K, 77% used [0x00000007cd460000,0x00000007cfc6c510,0x00000007d0810000)
  to   space 55488K, 0% used [0x00000007c9e30000,0x00000007c9e30000,0x00000007cd460000)
 ParOldGen       total 179328K, used 134365K [0x0000000700600000, 0x000000070b520000, 0x00000007aacb0000)
  object space 179328K, 74% used [0x0000000700600000,0x00000007089375f0,0x000000070b520000)
 PSPermGen       total 40896K, used 18123K [0x00000006fb400000, 0x00000006fdbf0000, 0x0000000700600000)
  object space 40896K, 44% used [0x00000006fb400000,0x00000006fc5b2d60,0x00000006fdbf0000)
GC Heap History (10 events):
Event: 6.090 GC heap before
{Heap before GC invocations=8 (full 1):
 PSYoungGen      total 304704K, used 304672K [0x00000007aacb0000, 0x00000007d0cb0000, 0x0000000800000000)
  eden space 261888K, 100% used [0x00000007aacb0000,0x00000007bac70000,0x00000007bac70000)
  from space 42816K, 99% used [0x00000007bac70000,0x00000007bd638120,0x00000007bd640000)
  to   space 49408K, 0% used [0x00000007cdc70000,0x00000007cdc70000,0x00000007d0cb0000)
 ParOldGen       total 372608K, used 372559K [0x0000000700600000, 0x00000007171e0000, 0x00000007aacb0000)
  object space 372608K, 99% used [0x0000000700600000,0x00000007171d3da0,0x00000007171e0000)
 PSPermGen       total 21248K, used 18054K [0x00000006fb400000, 0x00000006fc8c0000, 0x0000000700600000)
  object space 21248K, 84% used [0x00000006fb400000,0x00000006fc5a1918,0x00000006fc8c0000)
Event: 6.161 GC heap after
Heap after GC invocations=8 (full 1):
 PSYoungGen      total 304704K, used 0K [0x00000007aacb0000, 0x00000007d0cb0000, 0x0000000800000000)
  eden space 261888K, 0% used [0x00000007aacb0000,0x00000007aacb0000,0x00000007bac70000)
  from space 42816K, 0% used [0x00000007bac70000,0x00000007bac70000,0x00000007bd640000)
  to   space 49408K, 0% used [0x00000007cdc70000,0x00000007cdc70000,0x00000007d0cb0000)
 ParOldGen       total 137984K, used 20413K [0x0000000700600000, 0x0000000708cc0000, 0x00000007aacb0000)
  object space 137984K, 14% used [0x0000000700600000,0x00000007019ef778,0x0000000708cc0000)
 PSPermGen       total 36672K, used 18047K [0x00000006fb400000, 0x00000006fd7d0000, 0x0000000700600000)
  object space 36672K, 49% used [0x00000006fb400000,0x00000006fc59ff10,0x00000006fd7d0000)
}
Event: 7.009 GC heap before
{Heap before GC invocations=9 (full 2):
 PSYoungGen      total 304704K, used 261888K [0x00000007aacb0000, 0x00000007d0cb0000, 0x0000000800000000)
  eden space 261888K, 100% used [0x00000007aacb0000,0x00000007bac70000,0x00000007bac70000)
  from space 42816K, 0% used [0x00000007bac70000,0x00000007bac70000,0x00000007bd640000)
  to   space 49408K, 0% used [0x00000007cdc70000,0x00000007cdc70000,0x00000007d0cb0000)
 ParOldGen       total 161792K, used 161278K [0x0000000700600000, 0x000000070a400000, 0x00000007aacb0000)
  object space 161792K, 99% used [0x0000000700600000,0x000000070a37fbc8,0x000000070a400000)
 PSPermGen       total 36672K, used 18049K [0x00000006fb400000, 0x00000006fd7d0000, 0x0000000700600000)
  object space 36672K, 49% used [0x00000006fb400000,0x00000006fc5a0420,0x00000006fd7d0000)
Event: 7.033 GC heap after
Heap after GC invocations=9 (full 2):
 PSYoungGen      total 304704K, used 0K [0x00000007aacb0000, 0x00000007d0cb0000, 0x0000000800000000)
  eden space 261888K, 0% used [0x00000007aacb0000,0x00000007aacb0000,0x00000007bac70000)
  from space 42816K, 0% used [0x00000007bac70000,0x00000007bac70000,0x00000007bd640000)
  to   space 49408K, 0% used [0x00000007cdc70000,0x00000007cdc70000,0x00000007d0cb0000)
 ParOldGen       total 179328K, used 28431K [0x0000000700600000, 0x000000070b520000, 0x00000007aacb0000)
  object space 179328K, 15% used [0x0000000700600000,0x00000007021c3ec0,0x000000070b520000)
 PSPermGen       total 40896K, used 18049K [0x00000006fb400000, 0x00000006fdbf0000, 0x0000000700600000)
  object space 40896K, 44% used [0x00000006fb400000,0x00000006fc5a0420,0x00000006fdbf0000)
}
Event: 7.815 GC heap before
{Heap before GC invocations=10 (full 2):
 PSYoungGen      total 304704K, used 261888K [0x00000007aacb0000, 0x00000007d0cb0000, 0x0000000800000000)
  eden space 261888K, 100% used [0x00000007aacb0000,0x00000007bac70000,0x00000007bac70000)
  from space 42816K, 0% used [0x00000007bac70000,0x00000007bac70000,0x00000007bd640000)
  to   space 49408K, 0% used [0x00000007cdc70000,0x00000007cdc70000,0x00000007d0cb0000)
 ParOldGen       total 179328K, used 134365K [0x0000000700600000, 0x000000070b520000, 0x00000007aacb0000)
  object space 179328K, 74% used [0x0000000700600000,0x00000007089375f0,0x000000070b520000)
 PSPermGen       total 40896K, used 18058K [0x00000006fb400000, 0x00000006fdbf0000, 0x0000000700600000)
  object space 40896K, 44% used [0x00000006fb400000,0x00000006fc5a2a38,0x00000006fdbf0000)
Event: 7.816 GC heap after
Heap after GC invocations=10 (full 2):
 PSYoungGen      total 398976K, used 256K [0x00000007aacb0000, 0x00000007cdcb0000, 0x0000000800000000)
  eden space 398720K, 0% used [0x00000007aacb0000,0x00000007aacb0000,0x00000007c3210000)
  from space 256K, 100% used [0x00000007cdc70000,0x00000007cdcb0000,0x00000007cdcb0000)
  to   space 53632K, 0% used [0x00000007c73f0000,0x00000007c73f0000,0x00000007ca850000)
 ParOldGen       total 179328K, used 134365K [0x0000000700600000, 0x000000070b520000, 0x00000007aacb0000)
  object space 179328K, 74% used [0x0000000700600000,0x00000007089375f0,0x000000070b520000)
 PSPermGen       total 40896K, used 18058K [0x00000006fb400000, 0x00000006fdbf0000, 0x0000000700600000)
  object space 40896K, 44% used [0x00000006fb400000,0x00000006fc5a2a38,0x00000006fdbf0000)
}
Event: 8.653 GC heap before
{Heap before GC invocations=11 (full 2):
 PSYoungGen      total 398976K, used 395407K [0x00000007aacb0000, 0x00000007cdcb0000, 0x0000000800000000)
  eden space 398720K, 99% used [0x00000007aacb0000,0x00000007c2e93fd8,0x00000007c3210000)
  from space 256K, 100% used [0x00000007cdc70000,0x00000007cdcb0000,0x00000007cdcb0000)
  to   space 53632K, 0% used [0x00000007c73f0000,0x00000007c73f0000,0x00000007ca850000)
 ParOldGen       total 179328K, used 134365K [0x0000000700600000, 0x000000070b520000, 0x00000007aacb0000)
  object space 179328K, 74% used [0x0000000700600000,0x00000007089375f0,0x000000070b520000)
 PSPermGen       total 40896K, used 18068K [0x00000006fb400000, 0x00000006fdbf0000, 0x0000000700600000)
  object space 40896K, 44% used [0x00000006fb400000,0x00000006fc5a5268,0x00000006fdbf0000)
Event: 8.658 GC heap after
Heap after GC invocations=11 (full 2):
 PSYoungGen      total 519808K, used 16867K [0x00000007aacb0000, 0x00000007d0810000, 0x0000000800000000)
  eden space 466176K, 0% used [0x00000007aacb0000,0x00000007aacb0000,0x00000007c73f0000)
  from space 53632K, 31% used [0x00000007c73f0000,0x00000007c8468f40,0x00000007ca850000)
  to   space 52928K, 0% used [0x00000007cd460000,0x00000007cd460000,0x00000007d0810000)
 ParOldGen       total 179328K, used 134365K [0x0000000700600000, 0x000000070b520000, 0x00000007aacb0000)
  object space 179328K, 74% used [0x0000000700600000,0x00000007089375f0,0x000000070b520000)
 PSPermGen       total 40896K, used 18068K [0x00000006fb400000, 0x00000006fdbf0000, 0x0000000700600000)
  object space 40896K, 44% used [0x00000006fb400000,0x00000006fc5a5268,0x00000006fdbf0000)
}
Event: 9.634 GC heap before
{Heap before GC invocations=12 (full 2):
 PSYoungGen      total 519808K, used 481433K [0x00000007aacb0000, 0x00000007d0810000, 0x0000000800000000)
  eden space 466176K, 99% used [0x00000007aacb0000,0x00000007c725d548,0x00000007c73f0000)
  from space 53632K, 31% used [0x00000007c73f0000,0x00000007c8468f40,0x00000007ca850000)
  to   space 52928K, 0% used [0x00000007cd460000,0x00000007cd460000,0x00000007d0810000)
 ParOldGen       total 179328K, used 134365K [0x0000000700600000, 0x000000070b520000, 0x00000007aacb0000)
  object space 179328K, 74% used [0x0000000700600000,0x00000007089375f0,0x000000070b520000)
 PSPermGen       total 40896K, used 18075K [0x00000006fb400000, 0x00000006fdbf0000, 0x0000000700600000)
  object space 40896K, 44% used [0x00000006fb400000,0x00000006fc5a6eb0,0x00000006fdbf0000)
Event: 9.644 GC heap after
Heap after GC invocations=12 (full 2):
 PSYoungGen      total 562368K, used 41009K [0x00000007aacb0000, 0x00000007d5ab0000, 0x0000000800000000)
  eden space 509440K, 0% used [0x00000007aacb0000,0x00000007aacb0000,0x00000007c9e30000)
  from space 52928K, 77% used [0x00000007cd460000,0x00000007cfc6c510,0x00000007d0810000)
  to   space 55488K, 0% used [0x00000007c9e30000,0x00000007c9e30000,0x00000007cd460000)
 ParOldGen       total 179328K, used 134365K [0x0000000700600000, 0x000000070b520000, 0x00000007aacb0000)
  object space 179328K, 74% used [0x0000000700600000,0x00000007089375f0,0x000000070b520000)
 PSPermGen       total 40896K, used 18075K [0x00000006fb400000, 0x00000006fdbf0000, 0x0000000700600000)
  object space 40896K, 44% used [0x00000006fb400000,0x00000006fc5a6eb0,0x00000006fdbf0000)
}

