# JRE version: 7.0_07-b11
# Java VM: Java HotSpot(TM) 64-Bit Server VM (23.3-b01 mixed mode windows-amd64 compressed oops)
Heap
 PSYoungGen      total 853760K, used 347593K [0x00000007aacb0000, 0x00000007f5ef0000, 0x0000000800000000)
  eden space 823104K, 42% used [0x00000007aacb0000,0x00000007c00227f0,0x00000007dd080000)
  from space 30656K, 0% used [0x00000007dd080000,0x00000007dd080000,0x00000007dee70000)
  to   space 31552K, 0% used [0x00000007f4020000,0x00000007f4020000,0x00000007f5ef0000)
 ParOldGen       total 173568K, used 32184K [0x0000000700600000, 0x000000070af80000, 0x00000007aacb0000)
  object space 173568K, 18% used [0x0000000700600000,0x000000070256e120,0x000000070af80000)
 PSPermGen       total 40960K, used 18108K [0x00000006fb400000, 0x00000006fdc00000, 0x0000000700600000)
  object space 40960K, 44% used [0x00000006fb400000,0x00000006fc5af3e0,0x00000006fdc00000)
GC Heap History (10 events):
Event: 6.687 GC heap before
{Heap before GC invocations=9 (full 0):
 PSYoungGen      total 543168K, used 537058K [0x00000007aacb0000, 0x00000007cddf0000, 0x0000000800000000)
  eden space 515072K, 98% used [0x00000007aacb0000,0x00000007c9de4230,0x00000007ca3b0000)
  from space 28096K, 99% used [0x00000007cc040000,0x00000007cdb84770,0x00000007cdbb0000)
  to   space 29248K, 0% used [0x00000007ca3b0000,0x00000007ca3b0000,0x00000007cc040000)
 ParOldGen       total 174528K, used 107041K [0x0000000700600000, 0x000000070b070000, 0x00000007aacb0000)
  object space 174528K, 61% used [0x0000000700600000,0x0000000706e88568,0x000000070b070000)
 PSPermGen       total 21248K, used 18063K [0x00000006fb400000, 0x00000006fc8c0000, 0x0000000700600000)
  object space 21248K, 85% used [0x00000006fb400000,0x00000006fc5a3ed8,0x00000006fc8c0000)
Event: 6.698 GC heap after
Heap after GC invocations=9 (full 0):
 PSYoungGen      total 544320K, used 26732K [0x00000007aacb0000, 0x00000007e0b60000, 0x0000000800000000)
  eden space 515072K, 0% used [0x00000007aacb0000,0x00000007aacb0000,0x00000007ca3b0000)
  from space 29248K, 91% used [0x00000007ca3b0000,0x00000007cbdcb0e0,0x00000007cc040000)
  to   space 29632K, 0% used [0x00000007dee70000,0x00000007dee70000,0x00000007e0b60000)
 ParOldGen       total 174528K, used 124021K [0x0000000700600000, 0x000000070b070000, 0x00000007aacb0000)
  object space 174528K, 71% used [0x0000000700600000,0x0000000707f1d470,0x000000070b070000)
 PSPermGen       total 21248K, used 18063K [0x00000006fb400000, 0x00000006fc8c0000, 0x0000000700600000)
  object space 21248K, 85% used [0x00000006fb400000,0x00000006fc5a3ed8,0x00000006fc8c0000)
}
Event: 7.715 GC heap before
{Heap before GC invocations=10 (full 0):
 PSYoungGen      total 544320K, used 540155K [0x00000007aacb0000, 0x00000007e0b60000, 0x0000000800000000)
  eden space 515072K, 99% used [0x00000007aacb0000,0x00000007ca213e70,0x00000007ca3b0000)
  from space 29248K, 91% used [0x00000007ca3b0000,0x00000007cbdcb0e0,0x00000007cc040000)
  to   space 29632K, 0% used [0x00000007dee70000,0x00000007dee70000,0x00000007e0b60000)
 ParOldGen       total 174528K, used 124021K [0x0000000700600000, 0x000000070b070000, 0x00000007aacb0000)
  object space 174528K, 71% used [0x0000000700600000,0x0000000707f1d470,0x000000070b070000)
 PSPermGen       total 21248K, used 18066K [0x00000006fb400000, 0x00000006fc8c0000, 0x0000000700600000)
  object space 21248K, 85% used [0x00000006fb400000,0x00000006fc5a4b30,0x00000006fc8c0000)
Event: 7.731 GC heap after
Heap after GC invocations=10 (full 0):
 PSYoungGen      total 852736K, used 28987K [0x00000007aacb0000, 0x00000007e0d60000, 0x0000000800000000)
  eden space 823104K, 0% used [0x00000007aacb0000,0x00000007aacb0000,0x00000007dd080000)
  from space 29632K, 97% used [0x00000007dee70000,0x00000007e0abecf0,0x00000007e0b60000)
  to   space 30656K, 0% used [0x00000007dd080000,0x00000007dd080000,0x00000007dee70000)
 ParOldGen       total 174528K, used 155596K [0x0000000700600000, 0x000000070b070000, 0x00000007aacb0000)
  object space 174528K, 89% used [0x0000000700600000,0x0000000709df31a8,0x000000070b070000)
 PSPermGen       total 21248K, used 18066K [0x00000006fb400000, 0x00000006fc8c0000, 0x0000000700600000)
  object space 21248K, 85% used [0x00000006fb400000,0x00000006fc5a4b30,0x00000006fc8c0000)
}
Event: 7.731 GC heap before
{Heap before GC invocations=11 (full 1):
 PSYoungGen      total 852736K, used 28987K [0x00000007aacb0000, 0x00000007e0d60000, 0x0000000800000000)
  eden space 823104K, 0% used [0x00000007aacb0000,0x00000007aacb0000,0x00000007dd080000)
  from space 29632K, 97% used [0x00000007dee70000,0x00000007e0abecf0,0x00000007e0b60000)
  to   space 30656K, 0% used [0x00000007dd080000,0x00000007dd080000,0x00000007dee70000)
 ParOldGen       total 174528K, used 155596K [0x0000000700600000, 0x000000070b070000, 0x00000007aacb0000)
  object space 174528K, 89% used [0x0000000700600000,0x0000000709df31a8,0x000000070b070000)
 PSPermGen       total 21248K, used 18066K [0x00000006fb400000, 0x00000006fc8c0000, 0x0000000700600000)
  object space 21248K, 85% used [0x00000006fb400000,0x00000006fc5a4b30,0x00000006fc8c0000)
Event: 7.785 GC heap after
Heap after GC invocations=11 (full 1):
 PSYoungGen      total 852736K, used 0K [0x00000007aacb0000, 0x00000007e0d60000, 0x0000000800000000)
  eden space 823104K, 0% used [0x00000007aacb0000,0x00000007aacb0000,0x00000007dd080000)
  from space 29632K, 0% used [0x00000007dee70000,0x00000007dee70000,0x00000007e0b60000)
  to   space 30656K, 0% used [0x00000007dd080000,0x00000007dd080000,0x00000007dee70000)
 ParOldGen       total 140224K, used 26559K [0x0000000700600000, 0x0000000708ef0000, 0x00000007aacb0000)
  object space 140224K, 18% used [0x0000000700600000,0x0000000701fefce8,0x0000000708ef0000)
 PSPermGen       total 36672K, used 18060K [0x00000006fb400000, 0x00000006fd7d0000, 0x0000000700600000)
  object space 36672K, 49% used [0x00000006fb400000,0x00000006fc5a30d8,0x00000006fd7d0000)
}
Event: 9.414 GC heap before
{Heap before GC invocations=12 (full 1):
 PSYoungGen      total 852736K, used 822684K [0x00000007aacb0000, 0x00000007e0d60000, 0x0000000800000000)
  eden space 823104K, 99% used [0x00000007aacb0000,0x00000007dd0170f8,0x00000007dd080000)
  from space 29632K, 0% used [0x00000007dee70000,0x00000007dee70000,0x00000007e0b60000)
  to   space 30656K, 0% used [0x00000007dd080000,0x00000007dd080000,0x00000007dee70000)
 ParOldGen       total 140224K, used 28584K [0x0000000700600000, 0x0000000708ef0000, 0x00000007aacb0000)
  object space 140224K, 20% used [0x0000000700600000,0x00000007021ea0f8,0x0000000708ef0000)
 PSPermGen       total 36672K, used 18068K [0x00000006fb400000, 0x00000006fd7d0000, 0x0000000700600000)
  object space 36672K, 49% used [0x00000006fb400000,0x00000006fc5a5398,0x00000006fd7d0000)
Event: 9.424 GC heap after
Heap after GC invocations=12 (full 1):
 PSYoungGen      total 853760K, used 29049K [0x00000007aacb0000, 0x00000007f5ef0000, 0x0000000800000000)
  eden space 823104K, 0% used [0x00000007aacb0000,0x00000007aacb0000,0x00000007dd080000)
  from space 30656K, 94% used [0x00000007dd080000,0x00000007decde760,0x00000007dee70000)
  to   space 31552K, 0% used [0x00000007f4020000,0x00000007f4020000,0x00000007f5ef0000)
 ParOldGen       total 140224K, used 40734K [0x0000000700600000, 0x0000000708ef0000, 0x00000007aacb0000)
  object space 140224K, 29% used [0x0000000700600000,0x0000000702dc7918,0x0000000708ef0000)
 PSPermGen       total 36672K, used 18068K [0x00000006fb400000, 0x00000006fd7d0000, 0x0000000700600000)
  object space 36672K, 49% used [0x00000006fb400000,0x00000006fc5a5398,0x00000006fd7d0000)
}
Event: 11.245 GC heap before
{Heap before GC invocations=13 (full 2):
 PSYoungGen      total 853760K, used 852153K [0x00000007aacb0000, 0x00000007f5ef0000, 0x0000000800000000)
  eden space 823104K, 100% used [0x00000007aacb0000,0x00000007dd080000,0x00000007dd080000)
  from space 30656K, 94% used [0x00000007dd080000,0x00000007decde760,0x00000007dee70000)
  to   space 31552K, 0% used [0x00000007f4020000,0x00000007f4020000,0x00000007f5ef0000)
 ParOldGen       total 149824K, used 148439K [0x0000000700600000, 0x0000000709850000, 0x00000007aacb0000)
  object space 149824K, 99% used [0x0000000700600000,0x00000007096f5ff8,0x0000000709850000)
 PSPermGen       total 36672K, used 18072K [0x00000006fb400000, 0x00000006fd7d0000, 0x0000000700600000)
  object space 36672K, 49% used [0x00000006fb400000,0x00000006fc5a61a0,0x00000006fd7d0000)
Event: 11.280 GC heap after
Heap after GC invocations=13 (full 2):
 PSYoungGen      total 853760K, used 0K [0x00000007aacb0000, 0x00000007f5ef0000, 0x0000000800000000)
  eden space 823104K, 0% used [0x00000007aacb0000,0x00000007aacb0000,0x00000007dd080000)
  from space 30656K, 0% used [0x00000007dd080000,0x00000007dd080000,0x00000007dee70000)
  to   space 31552K, 0% used [0x00000007f4020000,0x00000007f4020000,0x00000007f5ef0000)
 ParOldGen       total 173568K, used 32184K [0x0000000700600000, 0x000000070af80000, 0x00000007aacb0000)
  object space 173568K, 18% used [0x0000000700600000,0x000000070256e120,0x000000070af80000)
 PSPermGen       total 40960K, used 18072K [0x00000006fb400000, 0x00000006fdc00000, 0x0000000700600000)
  object space 40960K, 44% used [0x00000006fb400000,0x00000006fc5a6160,0x00000006fdc00000)
}

