# JRE version: 7.0_07-b11
# Java VM: Java HotSpot(TM) 64-Bit Server VM (23.3-b01 mixed mode windows-amd64 compressed oops)
Heap
 PSYoungGen      total 1226240K, used 318945K [0x00000007aacb0000, 0x0000000800000000, 0x0000000800000000)
  eden space 1163264K, 25% used [0x00000007aacb0000,0x00000007bcf9dad8,0x00000007f1cb0000)
  from space 62976K, 33% used [0x00000007f1cb0000,0x00000007f313aa90,0x00000007f5a30000)
  to   space 61632K, 0% used [0x00000007fc3d0000,0x00000007fc3d0000,0x0000000800000000)
 ParOldGen       total 184448K, used 41421K [0x0000000700600000, 0x000000070ba20000, 0x00000007aacb0000)
  object space 184448K, 22% used [0x0000000700600000,0x0000000702e736a0,0x000000070ba20000)
 PSPermGen       total 40512K, used 18021K [0x00000006fb400000, 0x00000006fdb90000, 0x0000000700600000)
  object space 40512K, 44% used [0x00000006fb400000,0x00000006fc599428,0x00000006fdb90000)
GC Heap History (10 events):
Event: 11.149 GC heap before
{Heap before GC invocations=11 (full 1):
 PSYoungGen      total 882496K, used 877939K [0x00000007aacb0000, 0x00000007e5370000, 0x0000000800000000)
  eden space 825280K, 100% used [0x00000007aacb0000,0x00000007dd2a0000,0x00000007dd2a0000)
  from space 57216K, 92% used [0x00000007e1030000,0x00000007e439ce98,0x00000007e4810000)
  to   space 63040K, 0% used [0x00000007dd2a0000,0x00000007dd2a0000,0x00000007e1030000)
 ParOldGen       total 205760K, used 203218K [0x0000000700600000, 0x000000070cef0000, 0x00000007aacb0000)
  object space 205760K, 98% used [0x0000000700600000,0x000000070cc74b30,0x000000070cef0000)
 PSPermGen       total 21248K, used 17984K [0x00000006fb400000, 0x00000006fc8c0000, 0x0000000700600000)
  object space 21248K, 84% used [0x00000006fb400000,0x00000006fc590050,0x00000006fc8c0000)
Event: 11.213 GC heap after
Heap after GC invocations=11 (full 1):
 PSYoungGen      total 882496K, used 0K [0x00000007aacb0000, 0x00000007e5370000, 0x0000000800000000)
  eden space 825280K, 0% used [0x00000007aacb0000,0x00000007aacb0000,0x00000007dd2a0000)
  from space 57216K, 0% used [0x00000007e1030000,0x00000007e1030000,0x00000007e4810000)
  to   space 63040K, 0% used [0x00000007dd2a0000,0x00000007dd2a0000,0x00000007e1030000)
 ParOldGen       total 155456K, used 42943K [0x0000000700600000, 0x0000000709dd0000, 0x00000007aacb0000)
  object space 155456K, 27% used [0x0000000700600000,0x0000000702fefef8,0x0000000709dd0000)
 PSPermGen       total 36224K, used 17977K [0x00000006fb400000, 0x00000006fd760000, 0x0000000700600000)
  object space 36224K, 49% used [0x00000006fb400000,0x00000006fc58e5d8,0x00000006fd760000)
}
Event: 12.649 GC heap before
{Heap before GC invocations=12 (full 1):
 PSYoungGen      total 882496K, used 825280K [0x00000007aacb0000, 0x00000007e5370000, 0x0000000800000000)
  eden space 825280K, 100% used [0x00000007aacb0000,0x00000007dd2a0000,0x00000007dd2a0000)
  from space 57216K, 0% used [0x00000007e1030000,0x00000007e1030000,0x00000007e4810000)
  to   space 63040K, 0% used [0x00000007dd2a0000,0x00000007dd2a0000,0x00000007e1030000)
 ParOldGen       total 155456K, used 87607K [0x0000000700600000, 0x0000000709dd0000, 0x00000007aacb0000)
  object space 155456K, 56% used [0x0000000700600000,0x0000000705b8dc78,0x0000000709dd0000)
 PSPermGen       total 36224K, used 17993K [0x00000006fb400000, 0x00000006fd760000, 0x0000000700600000)
  object space 36224K, 49% used [0x00000006fb400000,0x00000006fc5924e8,0x00000006fd760000)
Event: 12.654 GC heap after
Heap after GC invocations=12 (full 1):
 PSYoungGen      total 888320K, used 18417K [0x00000007aacb0000, 0x00000007f9f40000, 0x0000000800000000)
  eden space 825280K, 0% used [0x00000007aacb0000,0x00000007aacb0000,0x00000007dd2a0000)
  from space 63040K, 29% used [0x00000007dd2a0000,0x00000007de49c430,0x00000007e1030000)
  to   space 62208K, 0% used [0x00000007f6280000,0x00000007f6280000,0x00000007f9f40000)
 ParOldGen       total 155456K, used 87607K [0x0000000700600000, 0x0000000709dd0000, 0x00000007aacb0000)
  object space 155456K, 56% used [0x0000000700600000,0x0000000705b8dc78,0x0000000709dd0000)
 PSPermGen       total 36224K, used 17993K [0x00000006fb400000, 0x00000006fd760000, 0x0000000700600000)
  object space 36224K, 49% used [0x00000006fb400000,0x00000006fc5924e8,0x00000006fd760000)
}
Event: 13.982 GC heap before
{Heap before GC invocations=13 (full 1):
 PSYoungGen      total 888320K, used 842000K [0x00000007aacb0000, 0x00000007f9f40000, 0x0000000800000000)
  eden space 825280K, 99% used [0x00000007aacb0000,0x00000007dd0f7cf0,0x00000007dd2a0000)
  from space 63040K, 29% used [0x00000007dd2a0000,0x00000007de49c430,0x00000007e1030000)
  to   space 62208K, 0% used [0x00000007f6280000,0x00000007f6280000,0x00000007f9f40000)
 ParOldGen       total 155456K, used 89632K [0x0000000700600000, 0x0000000709dd0000, 0x00000007aacb0000)
  object space 155456K, 57% used [0x0000000700600000,0x0000000705d88088,0x0000000709dd0000)
 PSPermGen       total 36224K, used 17999K [0x00000006fb400000, 0x00000006fd760000, 0x0000000700600000)
  object space 36224K, 49% used [0x00000006fb400000,0x00000006fc593ca8,0x00000006fd760000)
Event: 13.993 GC heap after
Heap after GC invocations=13 (full 1):
 PSYoungGen      total 1217728K, used 41222K [0x00000007aacb0000, 0x00000007f97b0000, 0x0000000800000000)
  eden space 1163264K, 0% used [0x00000007aacb0000,0x00000007aacb0000,0x00000007f1cb0000)
  from space 54464K, 75% used [0x00000007f6280000,0x00000007f8ac1870,0x00000007f97b0000)
  to   space 62976K, 0% used [0x00000007f1cb0000,0x00000007f1cb0000,0x00000007f5a30000)
 ParOldGen       total 155456K, used 107913K [0x0000000700600000, 0x0000000709dd0000, 0x00000007aacb0000)
  object space 155456K, 69% used [0x0000000700600000,0x0000000706f624b8,0x0000000709dd0000)
 PSPermGen       total 36224K, used 17999K [0x00000006fb400000, 0x00000006fd760000, 0x0000000700600000)
  object space 36224K, 49% used [0x00000006fb400000,0x00000006fc593ca8,0x00000006fd760000)
}
Event: 16.119 GC heap before
{Heap before GC invocations=14 (full 2):
 PSYoungGen      total 1217728K, used 1204486K [0x00000007aacb0000, 0x00000007f97b0000, 0x0000000800000000)
  eden space 1163264K, 100% used [0x00000007aacb0000,0x00000007f1cb0000,0x00000007f1cb0000)
  from space 54464K, 75% used [0x00000007f6280000,0x00000007f8ac1870,0x00000007f97b0000)
  to   space 62976K, 0% used [0x00000007f1cb0000,0x00000007f1cb0000,0x00000007f5a30000)
 ParOldGen       total 218048K, used 217899K [0x0000000700600000, 0x000000070daf0000, 0x00000007aacb0000)
  object space 218048K, 99% used [0x0000000700600000,0x000000070dacafa0,0x000000070daf0000)
 PSPermGen       total 36224K, used 18004K [0x00000006fb400000, 0x00000006fd760000, 0x0000000700600000)
  object space 36224K, 49% used [0x00000006fb400000,0x00000006fc595090,0x00000006fd760000)
Event: 16.160 GC heap after
Heap after GC invocations=14 (full 2):
 PSYoungGen      total 1217728K, used 0K [0x00000007aacb0000, 0x00000007f97b0000, 0x0000000800000000)
  eden space 1163264K, 0% used [0x00000007aacb0000,0x00000007aacb0000,0x00000007f1cb0000)
  from space 54464K, 0% used [0x00000007f6280000,0x00000007f6280000,0x00000007f97b0000)
  to   space 62976K, 0% used [0x00000007f1cb0000,0x00000007f1cb0000,0x00000007f5a30000)
 ParOldGen       total 184448K, used 41421K [0x0000000700600000, 0x000000070ba20000, 0x00000007aacb0000)
  object space 184448K, 22% used [0x0000000700600000,0x0000000702e736a0,0x000000070ba20000)
 PSPermGen       total 40512K, used 18004K [0x00000006fb400000, 0x00000006fdb90000, 0x0000000700600000)
  object space 40512K, 44% used [0x00000006fb400000,0x00000006fc595090,0x00000006fdb90000)
}
Event: 18.054 GC heap before
{Heap before GC invocations=15 (full 2):
 PSYoungGen      total 1217728K, used 1161664K [0x00000007aacb0000, 0x00000007f97b0000, 0x0000000800000000)
  eden space 1163264K, 99% used [0x00000007aacb0000,0x00000007f1b202c0,0x00000007f1cb0000)
  from space 54464K, 0% used [0x00000007f6280000,0x00000007f6280000,0x00000007f97b0000)
  to   space 62976K, 0% used [0x00000007f1cb0000,0x00000007f1cb0000,0x00000007f5a30000)
 ParOldGen       total 184448K, used 41421K [0x0000000700600000, 0x000000070ba20000, 0x00000007aacb0000)
  object space 184448K, 22% used [0x0000000700600000,0x0000000702e736a0,0x000000070ba20000)
 PSPermGen       total 40512K, used 18008K [0x00000006fb400000, 0x00000006fdb90000, 0x0000000700600000)
  object space 40512K, 44% used [0x00000006fb400000,0x00000006fc5960f8,0x00000006fdb90000)
Event: 18.059 GC heap after
Heap after GC invocations=15 (full 2):
 PSYoungGen      total 1226240K, used 21034K [0x00000007aacb0000, 0x0000000800000000, 0x0000000800000000)
  eden space 1163264K, 0% used [0x00000007aacb0000,0x00000007aacb0000,0x00000007f1cb0000)
  from space 62976K, 33% used [0x00000007f1cb0000,0x00000007f313aa90,0x00000007f5a30000)
  to   space 61632K, 0% used [0x00000007fc3d0000,0x00000007fc3d0000,0x0000000800000000)
 ParOldGen       total 184448K, used 41421K [0x0000000700600000, 0x000000070ba20000, 0x00000007aacb0000)
  object space 184448K, 22% used [0x0000000700600000,0x0000000702e736a0,0x000000070ba20000)
 PSPermGen       total 40512K, used 18008K [0x00000006fb400000, 0x00000006fdb90000, 0x0000000700600000)
  object space 40512K, 44% used [0x00000006fb400000,0x00000006fc5960f8,0x00000006fdb90000)
}

