# JRE version: 7.0_07-b11
# Java VM: Java HotSpot(TM) 64-Bit Server VM (23.3-b01 mixed mode windows-amd64 compressed oops)
Heap
 PSYoungGen      total 551936K, used 455147K [0x00000007aacb0000, 0x00000007ce610000, 0x0000000800000000)
  eden space 523776K, 84% used [0x00000007aacb0000,0x00000007c5ee8060,0x00000007cac30000)
  from space 28160K, 37% used [0x00000007cca90000,0x00000007cd4d2e70,0x00000007ce610000)
  to   space 29632K, 0% used [0x00000007cac30000,0x00000007cac30000,0x00000007cc920000)
 ParOldGen       total 174528K, used 68055K [0x0000000700600000, 0x000000070b070000, 0x00000007aacb0000)
  object space 174528K, 38% used [0x0000000700600000,0x0000000704875c20,0x000000070b070000)
 PSPermGen       total 21248K, used 18068K [0x00000006fb400000, 0x00000006fc8c0000, 0x0000000700600000)
  object space 21248K, 85% used [0x00000006fb400000,0x00000006fc5a5150,0x00000006fc8c0000)
GC Heap History (10 events):
Event: 5.327 GC heap before
{Heap before GC invocations=4 (full 0):
 PSYoungGen      total 76352K, used 72658K [0x00000007aacb0000, 0x00000007b41d0000, 0x0000000800000000)
  eden space 65472K, 98% used [0x00000007aacb0000,0x00000007aeb83f68,0x00000007aeca0000)
  from space 10880K, 76% used [0x00000007aeca0000,0x00000007af4c0c30,0x00000007af740000)
  to   space 10880K, 0% used [0x00000007b3730000,0x00000007b3730000,0x00000007b41d0000)
 ParOldGen       total 174528K, used 31393K [0x0000000700600000, 0x000000070b070000, 0x00000007aacb0000)
  object space 174528K, 17% used [0x0000000700600000,0x00000007024a8618,0x000000070b070000)
 PSPermGen       total 21248K, used 18006K [0x00000006fb400000, 0x00000006fc8c0000, 0x0000000700600000)
  object space 21248K, 84% used [0x00000006fb400000,0x00000006fc595810,0x00000006fc8c0000)
Event: 5.336 GC heap after
Heap after GC invocations=4 (full 0):
 PSYoungGen      total 141824K, used 8307K [0x00000007aacb0000, 0x00000007b41d0000, 0x0000000800000000)
  eden space 130944K, 0% used [0x00000007aacb0000,0x00000007aacb0000,0x00000007b2c90000)
  from space 10880K, 76% used [0x00000007b3730000,0x00000007b3f4cc20,0x00000007b41d0000)
  to   space 10880K, 0% used [0x00000007b2c90000,0x00000007b2c90000,0x00000007b3730000)
 ParOldGen       total 174528K, used 56452K [0x0000000700600000, 0x000000070b070000, 0x00000007aacb0000)
  object space 174528K, 32% used [0x0000000700600000,0x0000000703d213e8,0x000000070b070000)
 PSPermGen       total 21248K, used 18006K [0x00000006fb400000, 0x00000006fc8c0000, 0x0000000700600000)
  object space 21248K, 84% used [0x00000006fb400000,0x00000006fc595810,0x00000006fc8c0000)
}
Event: 5.814 GC heap before
{Heap before GC invocations=5 (full 0):
 PSYoungGen      total 141824K, used 137418K [0x00000007aacb0000, 0x00000007b41d0000, 0x0000000800000000)
  eden space 130944K, 98% used [0x00000007aacb0000,0x00000007b2ac5dd0,0x00000007b2c90000)
  from space 10880K, 76% used [0x00000007b3730000,0x00000007b3f4cc20,0x00000007b41d0000)
  to   space 10880K, 0% used [0x00000007b2c90000,0x00000007b2c90000,0x00000007b3730000)
 ParOldGen       total 174528K, used 56452K [0x0000000700600000, 0x000000070b070000, 0x00000007aacb0000)
  object space 174528K, 32% used [0x0000000700600000,0x0000000703d213e8,0x000000070b070000)
 PSPermGen       total 21248K, used 18008K [0x00000006fb400000, 0x00000006fc8c0000, 0x0000000700600000)
  object space 21248K, 84% used [0x00000006fb400000,0x00000006fc5962b0,0x00000006fc8c0000)
Event: 5.820 GC heap after
Heap after GC invocations=5 (full 0):
 PSYoungGen      total 141824K, used 8339K [0x00000007aacb0000, 0x00000007bf230000, 0x0000000800000000)
  eden space 130944K, 0% used [0x00000007aacb0000,0x00000007aacb0000,0x00000007b2c90000)
  from space 10880K, 76% used [0x00000007b2c90000,0x00000007b34b4c20,0x00000007b3730000)
  to   space 35712K, 0% used [0x00000007bcf50000,0x00000007bcf50000,0x00000007bf230000)
 ParOldGen       total 174528K, used 63287K [0x0000000700600000, 0x000000070b070000, 0x00000007aacb0000)
  object space 174528K, 36% used [0x0000000700600000,0x00000007043cdd88,0x000000070b070000)
 PSPermGen       total 21248K, used 18008K [0x00000006fb400000, 0x00000006fc8c0000, 0x0000000700600000)
  object space 21248K, 84% used [0x00000006fb400000,0x00000006fc5962b0,0x00000006fc8c0000)
}
Event: 6.281 GC heap before
{Heap before GC invocations=6 (full 0):
 PSYoungGen      total 141824K, used 133246K [0x00000007aacb0000, 0x00000007bf230000, 0x0000000800000000)
  eden space 130944K, 95% used [0x00000007aacb0000,0x00000007b26aad10,0x00000007b2c90000)
  from space 10880K, 76% used [0x00000007b2c90000,0x00000007b34b4c20,0x00000007b3730000)
  to   space 35712K, 0% used [0x00000007bcf50000,0x00000007bcf50000,0x00000007bf230000)
 ParOldGen       total 174528K, used 63287K [0x0000000700600000, 0x000000070b070000, 0x00000007aacb0000)
  object space 174528K, 36% used [0x0000000700600000,0x00000007043cdd88,0x000000070b070000)
 PSPermGen       total 21248K, used 18010K [0x00000006fb400000, 0x00000006fc8c0000, 0x0000000700600000)
  object space 21248K, 84% used [0x00000006fb400000,0x00000006fc596b40,0x00000006fc8c0000)
Event: 6.287 GC heap after
Heap after GC invocations=6 (full 0):
 PSYoungGen      total 291968K, used 15189K [0x00000007aacb0000, 0x00000007becb0000, 0x0000000800000000)
  eden space 261888K, 0% used [0x00000007aacb0000,0x00000007aacb0000,0x00000007bac70000)
  from space 30080K, 50% used [0x00000007bcf50000,0x00000007bde255d0,0x00000007becb0000)
  to   space 32896K, 0% used [0x00000007bac70000,0x00000007bac70000,0x00000007bcc90000)
 ParOldGen       total 174528K, used 63287K [0x0000000700600000, 0x000000070b070000, 0x00000007aacb0000)
  object space 174528K, 36% used [0x0000000700600000,0x00000007043cdd88,0x000000070b070000)
 PSPermGen       total 21248K, used 18010K [0x00000006fb400000, 0x00000006fc8c0000, 0x0000000700600000)
  object space 21248K, 84% used [0x00000006fb400000,0x00000006fc596b40,0x00000006fc8c0000)
}
Event: 7.204 GC heap before
{Heap before GC invocations=7 (full 0):
 PSYoungGen      total 291968K, used 273462K [0x00000007aacb0000, 0x00000007becb0000, 0x0000000800000000)
  eden space 261888K, 98% used [0x00000007aacb0000,0x00000007ba8e83b0,0x00000007bac70000)
  from space 30080K, 50% used [0x00000007bcf50000,0x00000007bde255d0,0x00000007becb0000)
  to   space 32896K, 0% used [0x00000007bac70000,0x00000007bac70000,0x00000007bcc90000)
 ParOldGen       total 174528K, used 63287K [0x0000000700600000, 0x000000070b070000, 0x00000007aacb0000)
  object space 174528K, 36% used [0x0000000700600000,0x00000007043cdd88,0x000000070b070000)
 PSPermGen       total 21248K, used 18019K [0x00000006fb400000, 0x00000006fc8c0000, 0x0000000700600000)
  object space 21248K, 84% used [0x00000006fb400000,0x00000006fc598c88,0x00000006fc8c0000)
Event: 7.209 GC heap after
Heap after GC invocations=7 (full 0):
 PSYoungGen      total 294784K, used 10539K [0x00000007aacb0000, 0x00000007ce8f0000, 0x0000000800000000)
  eden space 261888K, 0% used [0x00000007aacb0000,0x00000007aacb0000,0x00000007bac70000)
  from space 32896K, 32% used [0x00000007bac70000,0x00000007bb6bae70,0x00000007bcc90000)
  to   space 31104K, 0% used [0x00000007cca90000,0x00000007cca90000,0x00000007ce8f0000)
 ParOldGen       total 174528K, used 68047K [0x0000000700600000, 0x000000070b070000, 0x00000007aacb0000)
  object space 174528K, 38% used [0x0000000700600000,0x0000000704873c20,0x000000070b070000)
 PSPermGen       total 21248K, used 18019K [0x00000006fb400000, 0x00000006fc8c0000, 0x0000000700600000)
  object space 21248K, 84% used [0x00000006fb400000,0x00000006fc598c88,0x00000006fc8c0000)
}
Event: 8.116 GC heap before
{Heap before GC invocations=8 (full 0):
 PSYoungGen      total 294784K, used 268132K [0x00000007aacb0000, 0x00000007ce8f0000, 0x0000000800000000)
  eden space 261888K, 98% used [0x00000007aacb0000,0x00000007ba83e488,0x00000007bac70000)
  from space 32896K, 32% used [0x00000007bac70000,0x00000007bb6bae70,0x00000007bcc90000)
  to   space 31104K, 0% used [0x00000007cca90000,0x00000007cca90000,0x00000007ce8f0000)
 ParOldGen       total 174528K, used 68047K [0x0000000700600000, 0x000000070b070000, 0x00000007aacb0000)
  object space 174528K, 38% used [0x0000000700600000,0x0000000704873c20,0x000000070b070000)
 PSPermGen       total 21248K, used 18021K [0x00000006fb400000, 0x00000006fc8c0000, 0x0000000700600000)
  object space 21248K, 84% used [0x00000006fb400000,0x00000006fc5995c8,0x00000006fc8c0000)
Event: 8.119 GC heap after
Heap after GC invocations=8 (full 0):
 PSYoungGen      total 551936K, used 10507K [0x00000007aacb0000, 0x00000007ce610000, 0x0000000800000000)
  eden space 523776K, 0% used [0x00000007aacb0000,0x00000007aacb0000,0x00000007cac30000)
  from space 28160K, 37% used [0x00000007cca90000,0x00000007cd4d2e70,0x00000007ce610000)
  to   space 29632K, 0% used [0x00000007cac30000,0x00000007cac30000,0x00000007cc920000)
 ParOldGen       total 174528K, used 68055K [0x0000000700600000, 0x000000070b070000, 0x00000007aacb0000)
  object space 174528K, 38% used [0x0000000700600000,0x0000000704875c20,0x000000070b070000)
 PSPermGen       total 21248K, used 18021K [0x00000006fb400000, 0x00000006fc8c0000, 0x0000000700600000)
  object space 21248K, 84% used [0x00000006fb400000,0x00000006fc5995c8,0x00000006fc8c0000)
}

