# JRE version: 7.0_07-b11
# Java VM: Java HotSpot(TM) 64-Bit Server VM (23.3-b01 mixed mode windows-amd64 compressed oops)
Heap
 PSYoungGen      total 840320K, used 689149K [0x00000007aacb0000, 0x00000007fd1e0000, 0x0000000800000000)
  eden space 830912K, 82% used [0x00000007aacb0000,0x00000007d46bab58,0x00000007dd820000)
  from space 9408K, 75% used [0x00000007dd820000,0x00000007ddf149a0,0x00000007de150000)
  to   space 9664K, 0% used [0x00000007fc870000,0x00000007fc870000,0x00000007fd1e0000)
 ParOldGen       total 174528K, used 81764K [0x0000000700600000, 0x000000070b070000, 0x00000007aacb0000)
  object space 174528K, 46% used [0x0000000700600000,0x00000007055d9318,0x000000070b070000)
 PSPermGen       total 21248K, used 17953K [0x00000006fb400000, 0x00000006fc8c0000, 0x0000000700600000)
  object space 21248K, 84% used [0x00000006fb400000,0x00000006fc5886d8,0x00000006fc8c0000)
GC Heap History (10 events):
Event: 3.975 GC heap before
{Heap before GC invocations=7 (full 0):
 PSYoungGen      total 265792K, used 265771K [0x00000007aacb0000, 0x00000007bb6d0000, 0x0000000800000000)
  eden space 261184K, 100% used [0x00000007aacb0000,0x00000007babc0000,0x00000007babc0000)
  from space 4608K, 99% used [0x00000007bb0f0000,0x00000007bb56af60,0x00000007bb570000)
  to   space 5312K, 0% used [0x00000007babc0000,0x00000007babc0000,0x00000007bb0f0000)
 ParOldGen       total 174528K, used 897K [0x0000000700600000, 0x000000070b070000, 0x00000007aacb0000)
  object space 174528K, 0% used [0x0000000700600000,0x00000007006e0510,0x000000070b070000)
 PSPermGen       total 21248K, used 17184K [0x00000006fb400000, 0x00000006fc8c0000, 0x0000000700600000)
  object space 21248K, 80% used [0x00000006fb400000,0x00000006fc4c8190,0x00000006fc8c0000)
Event: 3.980 GC heap after
Heap after GC invocations=7 (full 0):
 PSYoungGen      total 266496K, used 2868K [0x00000007aacb0000, 0x00000007cb570000, 0x0000000800000000)
  eden space 261184K, 0% used [0x00000007aacb0000,0x00000007aacb0000,0x00000007babc0000)
  from space 5312K, 53% used [0x00000007babc0000,0x00000007bae8d090,0x00000007bb0f0000)
  to   space 5440K, 0% used [0x00000007cb020000,0x00000007cb020000,0x00000007cb570000)
 ParOldGen       total 174528K, used 3691K [0x0000000700600000, 0x000000070b070000, 0x00000007aacb0000)
  object space 174528K, 2% used [0x0000000700600000,0x000000070099ae00,0x000000070b070000)
 PSPermGen       total 21248K, used 17184K [0x00000006fb400000, 0x00000006fc8c0000, 0x0000000700600000)
  object space 21248K, 80% used [0x00000006fb400000,0x00000006fc4c8190,0x00000006fc8c0000)
}
Event: 4.460 GC heap before
{Heap before GC invocations=8 (full 0):
 PSYoungGen      total 266496K, used 264052K [0x00000007aacb0000, 0x00000007cb570000, 0x0000000800000000)
  eden space 261184K, 100% used [0x00000007aacb0000,0x00000007babc0000,0x00000007babc0000)
  from space 5312K, 53% used [0x00000007babc0000,0x00000007bae8d090,0x00000007bb0f0000)
  to   space 5440K, 0% used [0x00000007cb020000,0x00000007cb020000,0x00000007cb570000)
 ParOldGen       total 174528K, used 3691K [0x0000000700600000, 0x000000070b070000, 0x00000007aacb0000)
  object space 174528K, 2% used [0x0000000700600000,0x000000070099ae00,0x000000070b070000)
 PSPermGen       total 21248K, used 17780K [0x00000006fb400000, 0x00000006fc8c0000, 0x0000000700600000)
  object space 21248K, 83% used [0x00000006fb400000,0x00000006fc55d108,0x00000006fc8c0000)
Event: 4.464 GC heap after
Heap after GC invocations=8 (full 0):
 PSYoungGen      total 524928K, used 5427K [0x00000007aacb0000, 0x00000007cbb10000, 0x0000000800000000)
  eden space 519488K, 0% used [0x00000007aacb0000,0x00000007aacb0000,0x00000007ca800000)
  from space 5440K, 99% used [0x00000007cb020000,0x00000007cb56ce40,0x00000007cb570000)
  to   space 8320K, 0% used [0x00000007ca800000,0x00000007ca800000,0x00000007cb020000)
 ParOldGen       total 174528K, used 9212K [0x0000000700600000, 0x000000070b070000, 0x00000007aacb0000)
  object space 174528K, 5% used [0x0000000700600000,0x0000000700eff060,0x000000070b070000)
 PSPermGen       total 21248K, used 17780K [0x00000006fb400000, 0x00000006fc8c0000, 0x0000000700600000)
  object space 21248K, 83% used [0x00000006fb400000,0x00000006fc55d108,0x00000006fc8c0000)
}
Event: 5.340 GC heap before
{Heap before GC invocations=9 (full 0):
 PSYoungGen      total 524928K, used 524915K [0x00000007aacb0000, 0x00000007cbb10000, 0x0000000800000000)
  eden space 519488K, 100% used [0x00000007aacb0000,0x00000007ca800000,0x00000007ca800000)
  from space 5440K, 99% used [0x00000007cb020000,0x00000007cb56ce40,0x00000007cb570000)
  to   space 8320K, 0% used [0x00000007ca800000,0x00000007ca800000,0x00000007cb020000)
 ParOldGen       total 174528K, used 9212K [0x0000000700600000, 0x000000070b070000, 0x00000007aacb0000)
  object space 174528K, 5% used [0x0000000700600000,0x0000000700eff060,0x000000070b070000)
 PSPermGen       total 21248K, used 17844K [0x00000006fb400000, 0x00000006fc8c0000, 0x0000000700600000)
  object space 21248K, 83% used [0x00000006fb400000,0x00000006fc56d080,0x00000006fc8c0000)
Event: 5.350 GC heap after
Heap after GC invocations=9 (full 0):
 PSYoungGen      total 527808K, used 7642K [0x00000007aacb0000, 0x00000007dea30000, 0x0000000800000000)
  eden space 519488K, 0% used [0x00000007aacb0000,0x00000007aacb0000,0x00000007ca800000)
  from space 8320K, 91% used [0x00000007ca800000,0x00000007caf76b10,0x00000007cb020000)
  to   space 9088K, 0% used [0x00000007de150000,0x00000007de150000,0x00000007dea30000)
 ParOldGen       total 174528K, used 35668K [0x0000000700600000, 0x000000070b070000, 0x00000007aacb0000)
  object space 174528K, 20% used [0x0000000700600000,0x00000007028d5250,0x000000070b070000)
 PSPermGen       total 21248K, used 17844K [0x00000006fb400000, 0x00000006fc8c0000, 0x0000000700600000)
  object space 21248K, 83% used [0x00000006fb400000,0x00000006fc56d080,0x00000006fc8c0000)
}
Event: 6.091 GC heap before
{Heap before GC invocations=10 (full 0):
 PSYoungGen      total 527808K, used 527130K [0x00000007aacb0000, 0x00000007dea30000, 0x0000000800000000)
  eden space 519488K, 100% used [0x00000007aacb0000,0x00000007ca800000,0x00000007ca800000)
  from space 8320K, 91% used [0x00000007ca800000,0x00000007caf76b10,0x00000007cb020000)
  to   space 9088K, 0% used [0x00000007de150000,0x00000007de150000,0x00000007dea30000)
 ParOldGen       total 174528K, used 35668K [0x0000000700600000, 0x000000070b070000, 0x00000007aacb0000)
  object space 174528K, 20% used [0x0000000700600000,0x00000007028d5250,0x000000070b070000)
 PSPermGen       total 21248K, used 17883K [0x00000006fb400000, 0x00000006fc8c0000, 0x0000000700600000)
  object space 21248K, 84% used [0x00000006fb400000,0x00000006fc576fa0,0x00000006fc8c0000)
Event: 6.102 GC heap after
Heap after GC invocations=10 (full 0):
 PSYoungGen      total 840000K, used 7122K [0x00000007aacb0000, 0x00000007dead0000, 0x0000000800000000)
  eden space 830912K, 0% used [0x00000007aacb0000,0x00000007aacb0000,0x00000007dd820000)
  from space 9088K, 78% used [0x00000007de150000,0x00000007de8449a0,0x00000007dea30000)
  to   space 9408K, 0% used [0x00000007dd820000,0x00000007dd820000,0x00000007de150000)
 ParOldGen       total 174528K, used 78275K [0x0000000700600000, 0x000000070b070000, 0x00000007aacb0000)
  object space 174528K, 44% used [0x0000000700600000,0x0000000705270e48,0x000000070b070000)
 PSPermGen       total 21248K, used 17883K [0x00000006fb400000, 0x00000006fc8c0000, 0x0000000700600000)
  object space 21248K, 84% used [0x00000006fb400000,0x00000006fc576fa0,0x00000006fc8c0000)
}
Event: 10.632 GC heap before
{Heap before GC invocations=11 (full 0):
 PSYoungGen      total 840000K, used 834608K [0x00000007aacb0000, 0x00000007dead0000, 0x0000000800000000)
  eden space 830912K, 99% used [0x00000007aacb0000,0x00000007dd4c7a30,0x00000007dd820000)
  from space 9088K, 78% used [0x00000007de150000,0x00000007de8449a0,0x00000007dea30000)
  to   space 9408K, 0% used [0x00000007dd820000,0x00000007dd820000,0x00000007de150000)
 ParOldGen       total 174528K, used 78275K [0x0000000700600000, 0x000000070b070000, 0x00000007aacb0000)
  object space 174528K, 44% used [0x0000000700600000,0x0000000705270e48,0x000000070b070000)
 PSPermGen       total 21248K, used 17911K [0x00000006fb400000, 0x00000006fc8c0000, 0x0000000700600000)
  object space 21248K, 84% used [0x00000006fb400000,0x00000006fc57dda0,0x00000006fc8c0000)
Event: 10.636 GC heap after
Heap after GC invocations=11 (full 0):
 PSYoungGen      total 840320K, used 7122K [0x00000007aacb0000, 0x00000007fd1e0000, 0x0000000800000000)
  eden space 830912K, 0% used [0x00000007aacb0000,0x00000007aacb0000,0x00000007dd820000)
  from space 9408K, 75% used [0x00000007dd820000,0x00000007ddf149a0,0x00000007de150000)
  to   space 9664K, 0% used [0x00000007fc870000,0x00000007fc870000,0x00000007fd1e0000)
 ParOldGen       total 174528K, used 81764K [0x0000000700600000, 0x000000070b070000, 0x00000007aacb0000)
  object space 174528K, 46% used [0x0000000700600000,0x00000007055d9318,0x000000070b070000)
 PSPermGen       total 21248K, used 17911K [0x00000006fb400000, 0x00000006fc8c0000, 0x0000000700600000)
  object space 21248K, 84% used [0x00000006fb400000,0x00000006fc57dda0,0x00000006fc8c0000)
}

