# JRE version: 7.0_07-b11
# Java VM: Java HotSpot(TM) 64-Bit Server VM (23.3-b01 mixed mode windows-amd64 compressed oops)
Heap
 PSYoungGen      total 48320K, used 43527K [0x00000007aacb0000, 0x00000007af1e0000, 0x0000000800000000)
  eden space 27200K, 92% used [0x00000007aacb0000,0x00000007ac535a18,0x00000007ac740000)
  from space 21120K, 87% used [0x00000007add40000,0x00000007aef3c430,0x00000007af1e0000)
  to   space 21824K, 0% used [0x00000007ac740000,0x00000007ac740000,0x00000007adc90000)
 ParOldGen       total 145600K, used 143924K [0x0000000700600000, 0x0000000709430000, 0x00000007aacb0000)
  object space 145600K, 98% used [0x0000000700600000,0x000000070928d218,0x0000000709430000)
 PSPermGen       total 40448K, used 17934K [0x00000006fb400000, 0x00000006fdb80000, 0x0000000700600000)
  object space 40448K, 44% used [0x00000006fb400000,0x00000006fc583978,0x00000006fdb80000)
GC Heap History (10 events):
Event: 61.823 GC heap before
{Heap before GC invocations=44 (full 2):
 PSYoungGen      total 47680K, used 42759K [0x00000007aacb0000, 0x00000007af720000, 0x0000000800000000)
  eden space 29248K, 83% used [0x00000007aacb0000,0x00000007ac47dac0,0x00000007ac940000)
  from space 18432K, 99% used [0x00000007ac9b0000,0x00000007adba4430,0x00000007adbb0000)
  to   space 23488K, 0% used [0x00000007ae030000,0x00000007ae030000,0x00000007af720000)
 ParOldGen       total 96960K, used 40553K [0x0000000700600000, 0x00000007064b0000, 0x00000007aacb0000)
  object space 96960K, 41% used [0x0000000700600000,0x0000000702d9a508,0x00000007064b0000)
 PSPermGen       total 40448K, used 17886K [0x00000006fb400000, 0x00000006fdb80000, 0x0000000700600000)
  object space 40448K, 44% used [0x00000006fb400000,0x00000006fc577958,0x00000006fdb80000)
Event: 61.826 GC heap after
Heap after GC invocations=44 (full 2):
 PSYoungGen      total 51072K, used 18353K [0x00000007aacb0000, 0x00000007af5f0000, 0x0000000800000000)
  eden space 28800K, 0% used [0x00000007aacb0000,0x00000007aacb0000,0x00000007ac8d0000)
  from space 22272K, 82% used [0x00000007ae030000,0x00000007af21c430,0x00000007af5f0000)
  to   space 23104K, 0% used [0x00000007ac8d0000,0x00000007ac8d0000,0x00000007adf60000)
 ParOldGen       total 96960K, used 40569K [0x0000000700600000, 0x00000007064b0000, 0x00000007aacb0000)
  object space 96960K, 41% used [0x0000000700600000,0x0000000702d9e508,0x00000007064b0000)
 PSPermGen       total 40448K, used 17886K [0x00000006fb400000, 0x00000006fdb80000, 0x0000000700600000)
  object space 40448K, 44% used [0x00000006fb400000,0x00000006fc577958,0x00000006fdb80000)
}
Event: 62.394 GC heap before
{Heap before GC invocations=45 (full 2):
 PSYoungGen      total 51072K, used 42682K [0x00000007aacb0000, 0x00000007af5f0000, 0x0000000800000000)
  eden space 28800K, 84% used [0x00000007aacb0000,0x00000007ac472780,0x00000007ac8d0000)
  from space 22272K, 82% used [0x00000007ae030000,0x00000007af21c430,0x00000007af5f0000)
  to   space 23104K, 0% used [0x00000007ac8d0000,0x00000007ac8d0000,0x00000007adf60000)
 ParOldGen       total 96960K, used 40569K [0x0000000700600000, 0x00000007064b0000, 0x00000007aacb0000)
  object space 96960K, 41% used [0x0000000700600000,0x0000000702d9e508,0x00000007064b0000)
 PSPermGen       total 40448K, used 17886K [0x00000006fb400000, 0x00000006fdb80000, 0x0000000700600000)
  object space 40448K, 44% used [0x00000006fb400000,0x00000006fc577958,0x00000006fdb80000)
Event: 62.397 GC heap after
Heap after GC invocations=45 (full 2):
 PSYoungGen      total 46784K, used 18417K [0x00000007aacb0000, 0x00000007af4e0000, 0x0000000800000000)
  eden space 28352K, 0% used [0x00000007aacb0000,0x00000007aacb0000,0x00000007ac860000)
  from space 18432K, 99% used [0x00000007ac8d0000,0x00000007adacc430,0x00000007adad0000)
  to   space 22784K, 0% used [0x00000007adea0000,0x00000007adea0000,0x00000007af4e0000)
 ParOldGen       total 96960K, used 40585K [0x0000000700600000, 0x00000007064b0000, 0x00000007aacb0000)
  object space 96960K, 41% used [0x0000000700600000,0x0000000702da2508,0x00000007064b0000)
 PSPermGen       total 40448K, used 17886K [0x00000006fb400000, 0x00000006fdb80000, 0x0000000700600000)
  object space 40448K, 44% used [0x00000006fb400000,0x00000006fc577958,0x00000006fdb80000)
}
Event: 62.955 GC heap before
{Heap before GC invocations=46 (full 2):
 PSYoungGen      total 46784K, used 42774K [0x00000007aacb0000, 0x00000007af4e0000, 0x0000000800000000)
  eden space 28352K, 85% used [0x00000007aacb0000,0x00000007ac479540,0x00000007ac860000)
  from space 18432K, 99% used [0x00000007ac8d0000,0x00000007adacc430,0x00000007adad0000)
  to   space 22784K, 0% used [0x00000007adea0000,0x00000007adea0000,0x00000007af4e0000)
 ParOldGen       total 96960K, used 40585K [0x0000000700600000, 0x00000007064b0000, 0x00000007aacb0000)
  object space 96960K, 41% used [0x0000000700600000,0x0000000702da2508,0x00000007064b0000)
 PSPermGen       total 40448K, used 17886K [0x00000006fb400000, 0x00000006fdb80000, 0x0000000700600000)
  object space 40448K, 44% used [0x00000006fb400000,0x00000006fc577958,0x00000006fdb80000)
Event: 62.958 GC heap after
Heap after GC invocations=46 (full 2):
 PSYoungGen      total 49600K, used 18481K [0x00000007aacb0000, 0x00000007af3c0000, 0x0000000800000000)
  eden space 27968K, 0% used [0x00000007aacb0000,0x00000007aacb0000,0x00000007ac800000)
  from space 21632K, 85% used [0x00000007adea0000,0x00000007af0ac430,0x00000007af3c0000)
  to   space 22400K, 0% used [0x00000007ac800000,0x00000007ac800000,0x00000007adde0000)
 ParOldGen       total 96960K, used 40609K [0x0000000700600000, 0x00000007064b0000, 0x00000007aacb0000)
  object space 96960K, 41% used [0x0000000700600000,0x0000000702da8508,0x00000007064b0000)
 PSPermGen       total 40448K, used 17886K [0x00000006fb400000, 0x00000006fdb80000, 0x0000000700600000)
  object space 40448K, 44% used [0x00000006fb400000,0x00000006fc577958,0x00000006fdb80000)
}
Event: 63.518 GC heap before
{Heap before GC invocations=47 (full 2):
 PSYoungGen      total 49600K, used 42842K [0x00000007aacb0000, 0x00000007af3c0000, 0x0000000800000000)
  eden space 27968K, 87% used [0x00000007aacb0000,0x00000007ac47a608,0x00000007ac800000)
  from space 21632K, 85% used [0x00000007adea0000,0x00000007af0ac430,0x00000007af3c0000)
  to   space 22400K, 0% used [0x00000007ac800000,0x00000007ac800000,0x00000007adde0000)
 ParOldGen       total 96960K, used 40609K [0x0000000700600000, 0x00000007064b0000, 0x00000007aacb0000)
  object space 96960K, 41% used [0x0000000700600000,0x0000000702da8508,0x00000007064b0000)
 PSPermGen       total 40448K, used 17886K [0x00000006fb400000, 0x00000006fdb80000, 0x0000000700600000)
  object space 40448K, 44% used [0x00000006fb400000,0x00000006fc577b38,0x00000006fdb80000)
Event: 63.520 GC heap after
Heap after GC invocations=47 (full 2):
 PSYoungGen      total 46016K, used 18417K [0x00000007aacb0000, 0x00000007af2e0000, 0x0000000800000000)
  eden space 27584K, 0% used [0x00000007aacb0000,0x00000007aacb0000,0x00000007ac7a0000)
  from space 18432K, 99% used [0x00000007ac800000,0x00000007ad9fc430,0x00000007ada00000)
  to   space 22144K, 0% used [0x00000007add40000,0x00000007add40000,0x00000007af2e0000)
 ParOldGen       total 96960K, used 40633K [0x0000000700600000, 0x00000007064b0000, 0x00000007aacb0000)
  object space 96960K, 41% used [0x0000000700600000,0x0000000702dae508,0x00000007064b0000)
 PSPermGen       total 40448K, used 17886K [0x00000006fb400000, 0x00000006fdb80000, 0x0000000700600000)
  object space 40448K, 44% used [0x00000006fb400000,0x00000006fc577b38,0x00000006fdb80000)
}
Event: 64.091 GC heap before
{Heap before GC invocations=48 (full 2):
 PSYoungGen      total 46016K, used 42782K [0x00000007aacb0000, 0x00000007af2e0000, 0x0000000800000000)
  eden space 27584K, 88% used [0x00000007aacb0000,0x00000007ac47b758,0x00000007ac7a0000)
  from space 18432K, 99% used [0x00000007ac800000,0x00000007ad9fc430,0x00000007ada00000)
  to   space 22144K, 0% used [0x00000007add40000,0x00000007add40000,0x00000007af2e0000)
 ParOldGen       total 96960K, used 46708K [0x0000000700600000, 0x00000007064b0000, 0x00000007aacb0000)
  object space 96960K, 48% used [0x0000000700600000,0x000000070339d118,0x00000007064b0000)
 PSPermGen       total 40448K, used 17888K [0x00000006fb400000, 0x00000006fdb80000, 0x0000000700600000)
  object space 40448K, 44% used [0x00000006fb400000,0x00000006fc578138,0x00000006fdb80000)
Event: 64.093 GC heap after
Heap after GC invocations=48 (full 2):
 PSYoungGen      total 48320K, used 18417K [0x00000007aacb0000, 0x00000007af1e0000, 0x0000000800000000)
  eden space 27200K, 0% used [0x00000007aacb0000,0x00000007aacb0000,0x00000007ac740000)
  from space 21120K, 87% used [0x00000007add40000,0x00000007aef3c430,0x00000007af1e0000)
  to   space 21824K, 0% used [0x00000007ac740000,0x00000007ac740000,0x00000007adc90000)
 ParOldGen       total 96960K, used 46724K [0x0000000700600000, 0x00000007064b0000, 0x00000007aacb0000)
  object space 96960K, 48% used [0x0000000700600000,0x00000007033a1118,0x00000007064b0000)
 PSPermGen       total 40448K, used 17888K [0x00000006fb400000, 0x00000006fdb80000, 0x0000000700600000)
  object space 40448K, 44% used [0x00000006fb400000,0x00000006fc578138,0x00000006fdb80000)
}

