# JRE version: 7.0_07-b11
# Java VM: Java HotSpot(TM) 64-Bit Server VM (23.3-b01 mixed mode windows-amd64 compressed oops)
Heap
 PSYoungGen      total 434048K, used 146350K [0x00000007aacb0000, 0x00000007d09f0000, 0x0000000800000000)
  eden space 360832K, 30% used [0x00000007aacb0000,0x00000007b18ad910,0x00000007c0d10000)
  from space 73216K, 48% used [0x00000007c0d10000,0x00000007c2ffdf50,0x00000007c5490000)
  to   space 71360K, 0% used [0x00000007cc440000,0x00000007cc440000,0x00000007d09f0000)
 ParOldGen       total 307712K, used 45115K [0x0000000700600000, 0x0000000713280000, 0x00000007aacb0000)
  object space 307712K, 14% used [0x0000000700600000,0x000000070320ef30,0x0000000713280000)
 PSPermGen       total 37632K, used 17991K [0x00000006fb400000, 0x00000006fd8c0000, 0x0000000700600000)
  object space 37632K, 47% used [0x00000006fb400000,0x00000006fc591c60,0x00000006fd8c0000)
GC Heap History (10 events):
Event: 9.787 GC heap before
{Heap before GC invocations=13 (full 3):
 PSYoungGen      total 260864K, used 210816K [0x00000007aacb0000, 0x00000007c34d0000, 0x0000000800000000)
  eden space 210816K, 100% used [0x00000007aacb0000,0x00000007b7a90000,0x00000007b7a90000)
  from space 50048K, 0% used [0x00000007b7a90000,0x00000007b7a90000,0x00000007bab70000)
  to   space 58176K, 0% used [0x00000007bfc00000,0x00000007bfc00000,0x00000007c34d0000)
 ParOldGen       total 262144K, used 136259K [0x0000000700600000, 0x0000000710600000, 0x00000007aacb0000)
  object space 262144K, 51% used [0x0000000700600000,0x0000000708b10f50,0x0000000710600000)
 PSPermGen       total 39232K, used 17970K [0x00000006fb400000, 0x00000006fda50000, 0x0000000700600000)
  object space 39232K, 45% used [0x00000006fb400000,0x00000006fc58ca88,0x00000006fda50000)
Event: 9.792 GC heap after
Heap after GC invocations=13 (full 3):
 PSYoungGen      total 324416K, used 18449K [0x00000007aacb0000, 0x00000007c28b0000, 0x0000000800000000)
  eden space 278656K, 0% used [0x00000007aacb0000,0x00000007aacb0000,0x00000007bbcd0000)
  from space 45760K, 40% used [0x00000007bfc00000,0x00000007c0e04430,0x00000007c28b0000)
  to   space 55232K, 0% used [0x00000007bbcd0000,0x00000007bbcd0000,0x00000007bf2c0000)
 ParOldGen       total 262144K, used 136259K [0x0000000700600000, 0x0000000710600000, 0x00000007aacb0000)
  object space 262144K, 51% used [0x0000000700600000,0x0000000708b10f50,0x0000000710600000)
 PSPermGen       total 39232K, used 17970K [0x00000006fb400000, 0x00000006fda50000, 0x0000000700600000)
  object space 39232K, 45% used [0x00000006fb400000,0x00000006fc58ca88,0x00000006fda50000)
}
Event: 10.265 GC heap before
{Heap before GC invocations=14 (full 3):
 PSYoungGen      total 324416K, used 295406K [0x00000007aacb0000, 0x00000007c28b0000, 0x0000000800000000)
  eden space 278656K, 99% used [0x00000007aacb0000,0x00000007bbb27580,0x00000007bbcd0000)
  from space 45760K, 40% used [0x00000007bfc00000,0x00000007c0e04430,0x00000007c28b0000)
  to   space 55232K, 0% used [0x00000007bbcd0000,0x00000007bbcd0000,0x00000007bf2c0000)
 ParOldGen       total 262144K, used 136259K [0x0000000700600000, 0x0000000710600000, 0x00000007aacb0000)
  object space 262144K, 51% used [0x0000000700600000,0x0000000708b10f50,0x0000000710600000)
 PSPermGen       total 39232K, used 17970K [0x00000006fb400000, 0x00000006fda50000, 0x0000000700600000)
  object space 39232K, 45% used [0x00000006fb400000,0x00000006fc58ca88,0x00000006fda50000)
Event: 10.275 GC heap after
Heap after GC invocations=14 (full 3):
 PSYoungGen      total 333888K, used 54129K [0x00000007aacb0000, 0x00000007c92e0000, 0x0000000800000000)
  eden space 278656K, 0% used [0x00000007aacb0000,0x00000007aacb0000,0x00000007bbcd0000)
  from space 55232K, 98% used [0x00000007bbcd0000,0x00000007bf1ac690,0x00000007bf2c0000)
  to   space 63808K, 0% used [0x00000007c5490000,0x00000007c5490000,0x00000007c92e0000)
 ParOldGen       total 262144K, used 136259K [0x0000000700600000, 0x0000000710600000, 0x00000007aacb0000)
  object space 262144K, 51% used [0x0000000700600000,0x0000000708b10f50,0x0000000710600000)
 PSPermGen       total 39232K, used 17970K [0x00000006fb400000, 0x00000006fda50000, 0x0000000700600000)
  object space 39232K, 45% used [0x00000006fb400000,0x00000006fc58ca88,0x00000006fda50000)
}
Event: 10.786 GC heap before
{Heap before GC invocations=15 (full 3):
 PSYoungGen      total 333888K, used 331005K [0x00000007aacb0000, 0x00000007c92e0000, 0x0000000800000000)
  eden space 278656K, 99% used [0x00000007aacb0000,0x00000007bbb12f10,0x00000007bbcd0000)
  from space 55232K, 98% used [0x00000007bbcd0000,0x00000007bf1ac690,0x00000007bf2c0000)
  to   space 63808K, 0% used [0x00000007c5490000,0x00000007c5490000,0x00000007c92e0000)
 ParOldGen       total 262144K, used 142334K [0x0000000700600000, 0x0000000710600000, 0x00000007aacb0000)
  object space 262144K, 54% used [0x0000000700600000,0x00000007090ffb60,0x0000000710600000)
 PSPermGen       total 39232K, used 17971K [0x00000006fb400000, 0x00000006fda50000, 0x0000000700600000)
  object space 39232K, 45% used [0x00000006fb400000,0x00000006fc58ce88,0x00000006fda50000)
Event: 10.800 GC heap after
Heap after GC invocations=15 (full 3):
 PSYoungGen      total 424640K, used 60996K [0x00000007aacb0000, 0x00000007caa20000, 0x0000000800000000)
  eden space 360832K, 0% used [0x00000007aacb0000,0x00000007aacb0000,0x00000007c0d10000)
  from space 63808K, 95% used [0x00000007c5490000,0x00000007c9021030,0x00000007c92e0000)
  to   space 73216K, 0% used [0x00000007c0d10000,0x00000007c0d10000,0x00000007c5490000)
 ParOldGen       total 262144K, used 142334K [0x0000000700600000, 0x0000000710600000, 0x00000007aacb0000)
  object space 262144K, 54% used [0x0000000700600000,0x00000007090ffb60,0x0000000710600000)
 PSPermGen       total 39232K, used 17971K [0x00000006fb400000, 0x00000006fda50000, 0x0000000700600000)
  object space 39232K, 45% used [0x00000006fb400000,0x00000006fc58ce88,0x00000006fda50000)
}
Event: 11.853 GC heap before
{Heap before GC invocations=16 (full 4):
 PSYoungGen      total 424640K, used 421828K [0x00000007aacb0000, 0x00000007caa20000, 0x0000000800000000)
  eden space 360832K, 100% used [0x00000007aacb0000,0x00000007c0d10000,0x00000007c0d10000)
  from space 63808K, 95% used [0x00000007c5490000,0x00000007c9021030,0x00000007c92e0000)
  to   space 73216K, 0% used [0x00000007c0d10000,0x00000007c0d10000,0x00000007c5490000)
 ParOldGen       total 382784K, used 381750K [0x0000000700600000, 0x0000000717bd0000, 0x00000007aacb0000)
  object space 382784K, 99% used [0x0000000700600000,0x0000000717acdab0,0x0000000717bd0000)
 PSPermGen       total 39232K, used 17973K [0x00000006fb400000, 0x00000006fda50000, 0x0000000700600000)
  object space 39232K, 45% used [0x00000006fb400000,0x00000006fc58d780,0x00000006fda50000)
Event: 11.890 GC heap after
Heap after GC invocations=16 (full 4):
 PSYoungGen      total 424640K, used 0K [0x00000007aacb0000, 0x00000007caa20000, 0x0000000800000000)
  eden space 360832K, 0% used [0x00000007aacb0000,0x00000007aacb0000,0x00000007c0d10000)
  from space 63808K, 0% used [0x00000007c5490000,0x00000007c5490000,0x00000007c92e0000)
  to   space 73216K, 0% used [0x00000007c0d10000,0x00000007c0d10000,0x00000007c5490000)
 ParOldGen       total 307712K, used 45115K [0x0000000700600000, 0x0000000713280000, 0x00000007aacb0000)
  object space 307712K, 14% used [0x0000000700600000,0x000000070320ef30,0x0000000713280000)
 PSPermGen       total 37632K, used 17973K [0x00000006fb400000, 0x00000006fd8c0000, 0x0000000700600000)
  object space 37632K, 47% used [0x00000006fb400000,0x00000006fc58d780,0x00000006fd8c0000)
}
Event: 12.702 GC heap before
{Heap before GC invocations=17 (full 4):
 PSYoungGen      total 424640K, used 359624K [0x00000007aacb0000, 0x00000007caa20000, 0x0000000800000000)
  eden space 360832K, 99% used [0x00000007aacb0000,0x00000007c0be20b8,0x00000007c0d10000)
  from space 63808K, 0% used [0x00000007c5490000,0x00000007c5490000,0x00000007c92e0000)
  to   space 73216K, 0% used [0x00000007c0d10000,0x00000007c0d10000,0x00000007c5490000)
 ParOldGen       total 307712K, used 45115K [0x0000000700600000, 0x0000000713280000, 0x00000007aacb0000)
  object space 307712K, 14% used [0x0000000700600000,0x000000070320ef30,0x0000000713280000)
 PSPermGen       total 37632K, used 17991K [0x00000006fb400000, 0x00000006fd8c0000, 0x0000000700600000)
  object space 37632K, 47% used [0x00000006fb400000,0x00000006fc591c60,0x00000006fd8c0000)
Event: 12.710 GC heap after
Heap after GC invocations=17 (full 4):
 PSYoungGen      total 434048K, used 35767K [0x00000007aacb0000, 0x00000007d09f0000, 0x0000000800000000)
  eden space 360832K, 0% used [0x00000007aacb0000,0x00000007aacb0000,0x00000007c0d10000)
  from space 73216K, 48% used [0x00000007c0d10000,0x00000007c2ffdf50,0x00000007c5490000)
  to   space 71360K, 0% used [0x00000007cc440000,0x00000007cc440000,0x00000007d09f0000)
 ParOldGen       total 307712K, used 45115K [0x0000000700600000, 0x0000000713280000, 0x00000007aacb0000)
  object space 307712K, 14% used [0x0000000700600000,0x000000070320ef30,0x0000000713280000)
 PSPermGen       total 37632K, used 17991K [0x00000006fb400000, 0x00000006fd8c0000, 0x0000000700600000)
  object space 37632K, 47% used [0x00000006fb400000,0x00000006fc591c60,0x00000006fd8c0000)
}

