# JRE version: 7.0_07-b11
# Java VM: Java HotSpot(TM) 64-Bit Server VM (23.3-b01 mixed mode windows-amd64 compressed oops)
Heap
 PSYoungGen      total 784320K, used 635784K [0x00000007aacb0000, 0x00000007e7280000, 0x0000000800000000)
  eden space 692096K, 82% used [0x00000007aacb0000,0x00000007cdad9b58,0x00000007d5090000)
  from space 92224K, 69% used [0x00000007d5090000,0x00000007d8f48770,0x00000007daaa0000)
  to   space 95808K, 0% used [0x00000007e14f0000,0x00000007e14f0000,0x00000007e7280000)
 ParOldGen       total 192640K, used 49419K [0x0000000700600000, 0x000000070c220000, 0x00000007aacb0000)
  object space 192640K, 25% used [0x0000000700600000,0x0000000703642fa8,0x000000070c220000)
 PSPermGen       total 40960K, used 18164K [0x00000006fb400000, 0x00000006fdc00000, 0x0000000700600000)
  object space 40960K, 44% used [0x00000006fb400000,0x00000006fc5bd1c0,0x00000006fdc00000)
GC Heap History (10 events):
Event: 16.973 GC heap before
{Heap before GC invocations=17 (full 2):
 PSYoungGen      total 527552K, used 504526K [0x00000007aacb0000, 0x00000007cf4b0000, 0x0000000800000000)
  eden space 466240K, 99% used [0x00000007aacb0000,0x00000007c72d1620,0x00000007c7400000)
  from space 61312K, 64% used [0x00000007cb120000,0x00000007cd7b2500,0x00000007ced00000)
  to   space 62592K, 0% used [0x00000007c7400000,0x00000007c7400000,0x00000007cb120000)
 ParOldGen       total 192640K, used 43056K [0x0000000700600000, 0x000000070c220000, 0x00000007aacb0000)
  object space 192640K, 22% used [0x0000000700600000,0x000000070300c078,0x000000070c220000)
 PSPermGen       total 40960K, used 18125K [0x00000006fb400000, 0x00000006fdc00000, 0x0000000700600000)
  object space 40960K, 44% used [0x00000006fb400000,0x00000006fc5b34a8,0x00000006fdc00000)
Event: 16.991 GC heap after
Heap after GC invocations=17 (full 2):
 PSYoungGen      total 528832K, used 60452K [0x00000007aacb0000, 0x00000007d82c0000, 0x0000000800000000)
  eden space 466240K, 0% used [0x00000007aacb0000,0x00000007aacb0000,0x00000007c7400000)
  from space 62592K, 96% used [0x00000007c7400000,0x00000007caf09230,0x00000007cb120000)
  to   space 71168K, 0% used [0x00000007d3d40000,0x00000007d3d40000,0x00000007d82c0000)
 ParOldGen       total 192640K, used 49131K [0x0000000700600000, 0x000000070c220000, 0x00000007aacb0000)
  object space 192640K, 25% used [0x0000000700600000,0x00000007035fac88,0x000000070c220000)
 PSPermGen       total 40960K, used 18125K [0x00000006fb400000, 0x00000006fdc00000, 0x0000000700600000)
  object space 40960K, 44% used [0x00000006fb400000,0x00000006fc5b34a8,0x00000006fdc00000)
}
Event: 18.954 GC heap before
{Heap before GC invocations=18 (full 2):
 PSYoungGen      total 528832K, used 526133K [0x00000007aacb0000, 0x00000007d82c0000, 0x0000000800000000)
  eden space 466240K, 99% used [0x00000007aacb0000,0x00000007c7374540,0x00000007c7400000)
  from space 62592K, 96% used [0x00000007c7400000,0x00000007caf09230,0x00000007cb120000)
  to   space 71168K, 0% used [0x00000007d3d40000,0x00000007d3d40000,0x00000007d82c0000)
 ParOldGen       total 192640K, used 49131K [0x0000000700600000, 0x000000070c220000, 0x00000007aacb0000)
  object space 192640K, 25% used [0x0000000700600000,0x00000007035fac88,0x000000070c220000)
 PSPermGen       total 40960K, used 18146K [0x00000006fb400000, 0x00000006fdc00000, 0x0000000700600000)
  object space 40960K, 44% used [0x00000006fb400000,0x00000006fc5b8a18,0x00000006fdc00000)
Event: 18.978 GC heap after
Heap after GC invocations=18 (full 2):
 PSYoungGen      total 662848K, used 67611K [0x00000007aacb0000, 0x00000007d94e0000, 0x0000000800000000)
  eden space 591680K, 0% used [0x00000007aacb0000,0x00000007aacb0000,0x00000007cee80000)
  from space 71168K, 95% used [0x00000007d3d40000,0x00000007d7f46c40,0x00000007d82c0000)
  to   space 80640K, 0% used [0x00000007cee80000,0x00000007cee80000,0x00000007d3d40000)
 ParOldGen       total 192640K, used 49355K [0x0000000700600000, 0x000000070c220000, 0x00000007aacb0000)
  object space 192640K, 25% used [0x0000000700600000,0x0000000703632f98,0x000000070c220000)
 PSPermGen       total 40960K, used 18146K [0x00000006fb400000, 0x00000006fdc00000, 0x0000000700600000)
  object space 40960K, 44% used [0x00000006fb400000,0x00000006fc5b8a18,0x00000006fdc00000)
}
Event: 21.676 GC heap before
{Heap before GC invocations=19 (full 2):
 PSYoungGen      total 662848K, used 656698K [0x00000007aacb0000, 0x00000007d94e0000, 0x0000000800000000)
  eden space 591680K, 99% used [0x00000007aacb0000,0x00000007cebf7cd0,0x00000007cee80000)
  from space 71168K, 95% used [0x00000007d3d40000,0x00000007d7f46c40,0x00000007d82c0000)
  to   space 80640K, 0% used [0x00000007cee80000,0x00000007cee80000,0x00000007d3d40000)
 ParOldGen       total 192640K, used 49355K [0x0000000700600000, 0x000000070c220000, 0x00000007aacb0000)
  object space 192640K, 25% used [0x0000000700600000,0x0000000703632f98,0x000000070c220000)
 PSPermGen       total 40960K, used 18149K [0x00000006fb400000, 0x00000006fdc00000, 0x0000000700600000)
  object space 40960K, 44% used [0x00000006fb400000,0x00000006fc5b95f0,0x00000006fdc00000)
Event: 21.697 GC heap after
Heap after GC invocations=19 (full 2):
 PSYoungGen      total 672320K, used 71051K [0x00000007aacb0000, 0x00000007e06a0000, 0x0000000800000000)
  eden space 591680K, 0% used [0x00000007aacb0000,0x00000007aacb0000,0x00000007cee80000)
  from space 80640K, 88% used [0x00000007cee80000,0x00000007d33e2f50,0x00000007d3d40000)
  to   space 89472K, 0% used [0x00000007daf40000,0x00000007daf40000,0x00000007e06a0000)
 ParOldGen       total 192640K, used 49411K [0x0000000700600000, 0x000000070c220000, 0x00000007aacb0000)
  object space 192640K, 25% used [0x0000000700600000,0x0000000703640fa8,0x000000070c220000)
 PSPermGen       total 40960K, used 18149K [0x00000006fb400000, 0x00000006fdc00000, 0x0000000700600000)
  object space 40960K, 44% used [0x00000006fb400000,0x00000006fc5b95f0,0x00000006fdc00000)
}
Event: 24.337 GC heap before
{Heap before GC invocations=20 (full 2):
 PSYoungGen      total 672320K, used 659844K [0x00000007aacb0000, 0x00000007e06a0000, 0x0000000800000000)
  eden space 591680K, 99% used [0x00000007aacb0000,0x00000007cebae288,0x00000007cee80000)
  from space 80640K, 88% used [0x00000007cee80000,0x00000007d33e2f50,0x00000007d3d40000)
  to   space 89472K, 0% used [0x00000007daf40000,0x00000007daf40000,0x00000007e06a0000)
 ParOldGen       total 192640K, used 49411K [0x0000000700600000, 0x000000070c220000, 0x00000007aacb0000)
  object space 192640K, 25% used [0x0000000700600000,0x0000000703640fa8,0x000000070c220000)
 PSPermGen       total 40960K, used 18152K [0x00000006fb400000, 0x00000006fdc00000, 0x0000000700600000)
  object space 40960K, 44% used [0x00000006fb400000,0x00000006fc5ba0a8,0x00000006fdc00000)
Event: 24.352 GC heap after
Heap after GC invocations=20 (full 2):
 PSYoungGen      total 779584K, used 59644K [0x00000007aacb0000, 0x00000007e04b0000, 0x0000000800000000)
  eden space 692096K, 0% used [0x00000007aacb0000,0x00000007aacb0000,0x00000007d5090000)
  from space 87488K, 68% used [0x00000007daf40000,0x00000007de97f140,0x00000007e04b0000)
  to   space 92224K, 0% used [0x00000007d5090000,0x00000007d5090000,0x00000007daaa0000)
 ParOldGen       total 192640K, used 49419K [0x0000000700600000, 0x000000070c220000, 0x00000007aacb0000)
  object space 192640K, 25% used [0x0000000700600000,0x0000000703642fa8,0x000000070c220000)
 PSPermGen       total 40960K, used 18152K [0x00000006fb400000, 0x00000006fdc00000, 0x0000000700600000)
  object space 40960K, 44% used [0x00000006fb400000,0x00000006fc5ba0a8,0x00000006fdc00000)
}
Event: 27.458 GC heap before
{Heap before GC invocations=21 (full 2):
 PSYoungGen      total 779584K, used 749680K [0x00000007aacb0000, 0x00000007e04b0000, 0x0000000800000000)
  eden space 692096K, 99% used [0x00000007aacb0000,0x00000007d4e8d018,0x00000007d5090000)
  from space 87488K, 68% used [0x00000007daf40000,0x00000007de97f140,0x00000007e04b0000)
  to   space 92224K, 0% used [0x00000007d5090000,0x00000007d5090000,0x00000007daaa0000)
 ParOldGen       total 192640K, used 49419K [0x0000000700600000, 0x000000070c220000, 0x00000007aacb0000)
  object space 192640K, 25% used [0x0000000700600000,0x0000000703642fa8,0x000000070c220000)
 PSPermGen       total 40960K, used 18154K [0x00000006fb400000, 0x00000006fdc00000, 0x0000000700600000)
  object space 40960K, 44% used [0x00000006fb400000,0x00000006fc5ba9a0,0x00000006fdc00000)
Event: 27.469 GC heap after
Heap after GC invocations=21 (full 2):
 PSYoungGen      total 784320K, used 64225K [0x00000007aacb0000, 0x00000007e7280000, 0x0000000800000000)
  eden space 692096K, 0% used [0x00000007aacb0000,0x00000007aacb0000,0x00000007d5090000)
  from space 92224K, 69% used [0x00000007d5090000,0x00000007d8f48770,0x00000007daaa0000)
  to   space 95808K, 0% used [0x00000007e14f0000,0x00000007e14f0000,0x00000007e7280000)
 ParOldGen       total 192640K, used 49419K [0x0000000700600000, 0x000000070c220000, 0x00000007aacb0000)
  object space 192640K, 25% used [0x0000000700600000,0x0000000703642fa8,0x000000070c220000)
 PSPermGen       total 40960K, used 18154K [0x00000006fb400000, 0x00000006fdc00000, 0x0000000700600000)
  object space 40960K, 44% used [0x00000006fb400000,0x00000006fc5ba9a0,0x00000006fdc00000)
}

