# JRE version: 7.0_07-b11
# Java VM: Java HotSpot(TM) 64-Bit Server VM (23.3-b01 mixed mode windows-amd64 compressed oops)
Heap
 PSYoungGen      total 1210944K, used 485176K [0x00000007aacb0000, 0x0000000800000000, 0x0000000800000000)
  eden space 1139136K, 41% used [0x00000007aacb0000,0x00000007c75f7968,0x00000007f0520000)
  from space 71808K, 23% used [0x00000007f0520000,0x00000007f15a6850,0x00000007f4b40000)
  to   space 71168K, 0% used [0x00000007fba80000,0x00000007fba80000,0x0000000800000000)
 ParOldGen       total 308224K, used 53088K [0x0000000700600000, 0x0000000713300000, 0x00000007aacb0000)
  object space 308224K, 17% used [0x0000000700600000,0x00000007039d8188,0x0000000713300000)
 PSPermGen       total 35520K, used 18088K [0x00000006fb400000, 0x00000006fd6b0000, 0x0000000700600000)
  object space 35520K, 50% used [0x00000006fb400000,0x00000006fc5aa3a8,0x00000006fd6b0000)
GC Heap History (10 events):
Event: 20.851 GC heap before
{Heap before GC invocations=20 (full 4):
 PSYoungGen      total 880000K, used 829318K [0x00000007aacb0000, 0x00000007f0cf0000, 0x0000000800000000)
  eden space 808576K, 99% used [0x00000007aacb0000,0x00000007dc24bbe0,0x00000007dc250000)
  from space 71424K, 29% used [0x00000007dc250000,0x00000007dd695ce0,0x00000007e0810000)
  to   space 70144K, 0% used [0x00000007ec870000,0x00000007ec870000,0x00000007f0cf0000)
 ParOldGen       total 268416K, used 132399K [0x0000000700600000, 0x0000000710c20000, 0x00000007aacb0000)
  object space 268416K, 49% used [0x0000000700600000,0x000000070874bfb8,0x0000000710c20000)
 PSPermGen       total 37696K, used 18061K [0x00000006fb400000, 0x00000006fd8d0000, 0x0000000700600000)
  object space 37696K, 47% used [0x00000006fb400000,0x00000006fc5a34d0,0x00000006fd8d0000)
Event: 20.860 GC heap after
Heap after GC invocations=20 (full 4):
 PSYoungGen      total 1060608K, used 33650K [0x00000007aacb0000, 0x00000007f0170000, 0x0000000800000000)
  eden space 1002240K, 0% used [0x00000007aacb0000,0x00000007aacb0000,0x00000007e7f70000)
  from space 58368K, 57% used [0x00000007ec870000,0x00000007ee94cac0,0x00000007f0170000)
  to   space 66560K, 0% used [0x00000007e7f70000,0x00000007e7f70000,0x00000007ec070000)
 ParOldGen       total 268416K, used 132399K [0x0000000700600000, 0x0000000710c20000, 0x00000007aacb0000)
  object space 268416K, 49% used [0x0000000700600000,0x000000070874bfb8,0x0000000710c20000)
 PSPermGen       total 37696K, used 18061K [0x00000006fb400000, 0x00000006fd8d0000, 0x0000000700600000)
  object space 37696K, 47% used [0x00000006fb400000,0x00000006fc5a34d0,0x00000006fd8d0000)
}
Event: 22.823 GC heap before
{Heap before GC invocations=21 (full 4):
 PSYoungGen      total 1060608K, used 1035890K [0x00000007aacb0000, 0x00000007f0170000, 0x0000000800000000)
  eden space 1002240K, 100% used [0x00000007aacb0000,0x00000007e7f70000,0x00000007e7f70000)
  from space 58368K, 57% used [0x00000007ec870000,0x00000007ee94cac0,0x00000007f0170000)
  to   space 66560K, 0% used [0x00000007e7f70000,0x00000007e7f70000,0x00000007ec070000)
 ParOldGen       total 268416K, used 215318K [0x0000000700600000, 0x0000000710c20000, 0x00000007aacb0000)
  object space 268416K, 80% used [0x0000000700600000,0x000000070d845898,0x0000000710c20000)
 PSPermGen       total 37696K, used 18063K [0x00000006fb400000, 0x00000006fd8d0000, 0x0000000700600000)
  object space 37696K, 47% used [0x00000006fb400000,0x00000006fc5a3c10,0x00000006fd8d0000)
Event: 22.829 GC heap after
Heap after GC invocations=21 (full 4):
 PSYoungGen      total 1068800K, used 20928K [0x00000007aacb0000, 0x00000007f8b20000, 0x0000000800000000)
  eden space 1002240K, 0% used [0x00000007aacb0000,0x00000007aacb0000,0x00000007e7f70000)
  from space 66560K, 31% used [0x00000007e7f70000,0x00000007e93e03b8,0x00000007ec070000)
  to   space 65408K, 0% used [0x00000007f4b40000,0x00000007f4b40000,0x00000007f8b20000)
 ParOldGen       total 268416K, used 215318K [0x0000000700600000, 0x0000000710c20000, 0x00000007aacb0000)
  object space 268416K, 80% used [0x0000000700600000,0x000000070d845898,0x0000000710c20000)
 PSPermGen       total 37696K, used 18063K [0x00000006fb400000, 0x00000006fd8d0000, 0x0000000700600000)
  object space 37696K, 47% used [0x00000006fb400000,0x00000006fc5a3c10,0x00000006fd8d0000)
}
Event: 24.584 GC heap before
{Heap before GC invocations=22 (full 4):
 PSYoungGen      total 1068800K, used 1022695K [0x00000007aacb0000, 0x00000007f8b20000, 0x0000000800000000)
  eden space 1002240K, 99% used [0x00000007aacb0000,0x00000007e7ef9ad0,0x00000007e7f70000)
  from space 66560K, 31% used [0x00000007e7f70000,0x00000007e93e03b8,0x00000007ec070000)
  to   space 65408K, 0% used [0x00000007f4b40000,0x00000007f4b40000,0x00000007f8b20000)
 ParOldGen       total 268416K, used 217343K [0x0000000700600000, 0x0000000710c20000, 0x00000007aacb0000)
  object space 268416K, 80% used [0x0000000700600000,0x000000070da3fca8,0x0000000710c20000)
 PSPermGen       total 37696K, used 18069K [0x00000006fb400000, 0x00000006fd8d0000, 0x0000000700600000)
  object space 37696K, 47% used [0x00000006fb400000,0x00000006fc5a5440,0x00000006fd8d0000)
Event: 24.598 GC heap after
Heap after GC invocations=22 (full 4):
 PSYoungGen      total 1204544K, used 58583K [0x00000007aacb0000, 0x00000007f9b80000, 0x0000000800000000)
  eden space 1139136K, 0% used [0x00000007aacb0000,0x00000007aacb0000,0x00000007f0520000)
  from space 65408K, 89% used [0x00000007f4b40000,0x00000007f8475e30,0x00000007f8b20000)
  to   space 71808K, 0% used [0x00000007f0520000,0x00000007f0520000,0x00000007f4b40000)
 ParOldGen       total 268416K, used 217343K [0x0000000700600000, 0x0000000710c20000, 0x00000007aacb0000)
  object space 268416K, 80% used [0x0000000700600000,0x000000070da3fca8,0x0000000710c20000)
 PSPermGen       total 37696K, used 18069K [0x00000006fb400000, 0x00000006fd8d0000, 0x0000000700600000)
  object space 37696K, 47% used [0x00000006fb400000,0x00000006fc5a5440,0x00000006fd8d0000)
}
Event: 26.751 GC heap before
{Heap before GC invocations=23 (full 5):
 PSYoungGen      total 1204544K, used 1197719K [0x00000007aacb0000, 0x00000007f9b80000, 0x0000000800000000)
  eden space 1139136K, 100% used [0x00000007aacb0000,0x00000007f0520000,0x00000007f0520000)
  from space 65408K, 89% used [0x00000007f4b40000,0x00000007f8475e30,0x00000007f8b20000)
  to   space 71808K, 0% used [0x00000007f0520000,0x00000007f0520000,0x00000007f4b40000)
 ParOldGen       total 314112K, used 314079K [0x0000000700600000, 0x00000007138c0000, 0x00000007aacb0000)
  object space 314112K, 99% used [0x0000000700600000,0x00000007138b7cb8,0x00000007138c0000)
 PSPermGen       total 37696K, used 18070K [0x00000006fb400000, 0x00000006fd8d0000, 0x0000000700600000)
  object space 37696K, 47% used [0x00000006fb400000,0x00000006fc5a5968,0x00000006fd8d0000)
Event: 26.787 GC heap after
Heap after GC invocations=23 (full 5):
 PSYoungGen      total 1204544K, used 0K [0x00000007aacb0000, 0x00000007f9b80000, 0x0000000800000000)
  eden space 1139136K, 0% used [0x00000007aacb0000,0x00000007aacb0000,0x00000007f0520000)
  from space 65408K, 0% used [0x00000007f4b40000,0x00000007f4b40000,0x00000007f8b20000)
  to   space 71808K, 0% used [0x00000007f0520000,0x00000007f0520000,0x00000007f4b40000)
 ParOldGen       total 308224K, used 47013K [0x0000000700600000, 0x0000000713300000, 0x00000007aacb0000)
  object space 308224K, 15% used [0x0000000700600000,0x00000007033e9578,0x0000000713300000)
 PSPermGen       total 35520K, used 18070K [0x00000006fb400000, 0x00000006fd6b0000, 0x0000000700600000)
  object space 35520K, 50% used [0x00000006fb400000,0x00000006fc5a5908,0x00000006fd6b0000)
}
Event: 28.784 GC heap before
{Heap before GC invocations=24 (full 5):
 PSYoungGen      total 1204544K, used 1137960K [0x00000007aacb0000, 0x00000007f9b80000, 0x0000000800000000)
  eden space 1139136K, 99% used [0x00000007aacb0000,0x00000007f03fa350,0x00000007f0520000)
  from space 65408K, 0% used [0x00000007f4b40000,0x00000007f4b40000,0x00000007f8b20000)
  to   space 71808K, 0% used [0x00000007f0520000,0x00000007f0520000,0x00000007f4b40000)
 ParOldGen       total 308224K, used 53088K [0x0000000700600000, 0x0000000713300000, 0x00000007aacb0000)
  object space 308224K, 17% used [0x0000000700600000,0x00000007039d8188,0x0000000713300000)
 PSPermGen       total 35520K, used 18071K [0x00000006fb400000, 0x00000006fd6b0000, 0x0000000700600000)
  object space 35520K, 50% used [0x00000006fb400000,0x00000006fc5a5f80,0x00000006fd6b0000)
Event: 28.789 GC heap after
Heap after GC invocations=24 (full 5):
 PSYoungGen      total 1210944K, used 16922K [0x00000007aacb0000, 0x0000000800000000, 0x0000000800000000)
  eden space 1139136K, 0% used [0x00000007aacb0000,0x00000007aacb0000,0x00000007f0520000)
  from space 71808K, 23% used [0x00000007f0520000,0x00000007f15a6850,0x00000007f4b40000)
  to   space 71168K, 0% used [0x00000007fba80000,0x00000007fba80000,0x0000000800000000)
 ParOldGen       total 308224K, used 53088K [0x0000000700600000, 0x0000000713300000, 0x00000007aacb0000)
  object space 308224K, 17% used [0x0000000700600000,0x00000007039d8188,0x0000000713300000)
 PSPermGen       total 35520K, used 18071K [0x00000006fb400000, 0x00000006fd6b0000, 0x0000000700600000)
  object space 35520K, 50% used [0x00000006fb400000,0x00000006fc5a5f80,0x00000006fd6b0000)
}

