# JRE version: 7.0_07-b11
# Java VM: Java HotSpot(TM) 64-Bit Server VM (23.3-b01 mixed mode windows-amd64 compressed oops)
Heap
 PSYoungGen      total 305088K, used 249711K [0x00000007aacb0000, 0x00000007c4ff0000, 0x0000000800000000)
  eden space 241024K, 82% used [0x00000007aacb0000,0x00000007b6ee3988,0x00000007b9810000)
  from space 64064K, 79% used [0x00000007b9810000,0x00000007bc9b84d0,0x00000007bd6a0000)
  to   space 70656K, 0% used [0x00000007c0af0000,0x00000007c0af0000,0x00000007c4ff0000)
 ParOldGen       total 367104K, used 35603K [0x0000000700600000, 0x0000000716c80000, 0x00000007aacb0000)
  object space 367104K, 9% used [0x0000000700600000,0x00000007028c4f80,0x0000000716c80000)
 PSPermGen       total 35456K, used 18010K [0x00000006fb400000, 0x00000006fd6a0000, 0x0000000700600000)
  object space 35456K, 50% used [0x00000006fb400000,0x00000006fc5968d8,0x00000006fd6a0000)
GC Heap History (10 events):
Event: 9.284 GC heap before
{Heap before GC invocations=10 (full 4):
 PSYoungGen      total 141824K, used 128861K [0x00000007aacb0000, 0x00000007c0d50000, 0x0000000800000000)
  eden space 130944K, 98% used [0x00000007aacb0000,0x00000007b2a87460,0x00000007b2c90000)
  from space 10880K, 0% used [0x00000007b2c90000,0x00000007b2c90000,0x00000007b3730000)
  to   space 49600K, 0% used [0x00000007bdce0000,0x00000007bdce0000,0x00000007c0d50000)
 ParOldGen       total 303488K, used 31564K [0x0000000700600000, 0x0000000712e60000, 0x00000007aacb0000)
  object space 303488K, 10% used [0x0000000700600000,0x00000007024d3310,0x0000000712e60000)
 PSPermGen       total 37632K, used 17967K [0x00000006fb400000, 0x00000006fd8c0000, 0x0000000700600000)
  object space 37632K, 47% used [0x00000006fb400000,0x00000006fc58bff8,0x00000006fd8c0000)
Event: 9.296 GC heap after
Heap after GC invocations=10 (full 4):
 PSYoungGen      total 222784K, used 47900K [0x00000007aacb0000, 0x00000007c0bb0000, 0x0000000800000000)
  eden space 174848K, 0% used [0x00000007aacb0000,0x00000007aacb0000,0x00000007b5770000)
  from space 47936K, 99% used [0x00000007bdce0000,0x00000007c0ba71b8,0x00000007c0bb0000)
  to   space 60672K, 0% used [0x00000007b9530000,0x00000007b9530000,0x00000007bd070000)
 ParOldGen       total 303488K, used 59282K [0x0000000700600000, 0x0000000712e60000, 0x00000007aacb0000)
  object space 303488K, 19% used [0x0000000700600000,0x0000000703fe4820,0x0000000712e60000)
 PSPermGen       total 37632K, used 17967K [0x00000006fb400000, 0x00000006fd8c0000, 0x0000000700600000)
  object space 37632K, 47% used [0x00000006fb400000,0x00000006fc58bff8,0x00000006fd8c0000)
}
Event: 9.612 GC heap before
{Heap before GC invocations=11 (full 4):
 PSYoungGen      total 222784K, used 221304K [0x00000007aacb0000, 0x00000007c0bb0000, 0x0000000800000000)
  eden space 174848K, 99% used [0x00000007aacb0000,0x00000007b56070c0,0x00000007b5770000)
  from space 47936K, 99% used [0x00000007bdce0000,0x00000007c0ba71b8,0x00000007c0bb0000)
  to   space 60672K, 0% used [0x00000007b9530000,0x00000007b9530000,0x00000007bd070000)
 ParOldGen       total 303488K, used 65357K [0x0000000700600000, 0x0000000712e60000, 0x00000007aacb0000)
  object space 303488K, 21% used [0x0000000700600000,0x00000007045d3430,0x0000000712e60000)
 PSPermGen       total 37632K, used 17969K [0x00000006fb400000, 0x00000006fd8c0000, 0x0000000700600000)
  object space 37632K, 47% used [0x00000006fb400000,0x00000006fc58c678,0x00000006fd8c0000)
Event: 9.621 GC heap after
Heap after GC invocations=11 (full 4):
 PSYoungGen      total 298752K, used 40363K [0x00000007aacb0000, 0x00000007c14c0000, 0x0000000800000000)
  eden space 238080K, 0% used [0x00000007aacb0000,0x00000007aacb0000,0x00000007b9530000)
  from space 60672K, 66% used [0x00000007b9530000,0x00000007bbc9adb0,0x00000007bd070000)
  to   space 63616K, 0% used [0x00000007bd6a0000,0x00000007bd6a0000,0x00000007c14c0000)
 ParOldGen       total 303488K, used 65357K [0x0000000700600000, 0x0000000712e60000, 0x00000007aacb0000)
  object space 303488K, 21% used [0x0000000700600000,0x00000007045d3430,0x0000000712e60000)
 PSPermGen       total 37632K, used 17969K [0x00000006fb400000, 0x00000006fd8c0000, 0x0000000700600000)
  object space 37632K, 47% used [0x00000006fb400000,0x00000006fc58c678,0x00000006fd8c0000)
}
Event: 10.212 GC heap before
{Heap before GC invocations=12 (full 4):
 PSYoungGen      total 298752K, used 278443K [0x00000007aacb0000, 0x00000007c14c0000, 0x0000000800000000)
  eden space 238080K, 100% used [0x00000007aacb0000,0x00000007b9530000,0x00000007b9530000)
  from space 60672K, 66% used [0x00000007b9530000,0x00000007bbc9adb0,0x00000007bd070000)
  to   space 63616K, 0% used [0x00000007bd6a0000,0x00000007bd6a0000,0x00000007c14c0000)
 ParOldGen       total 303488K, used 152096K [0x0000000700600000, 0x0000000712e60000, 0x00000007aacb0000)
  object space 303488K, 50% used [0x0000000700600000,0x0000000709a88370,0x0000000712e60000)
 PSPermGen       total 37632K, used 17970K [0x00000006fb400000, 0x00000006fd8c0000, 0x0000000700600000)
  object space 37632K, 47% used [0x00000006fb400000,0x00000006fc58c8e0,0x00000006fd8c0000)
Event: 10.213 GC heap after
Heap after GC invocations=12 (full 4):
 PSYoungGen      total 304640K, used 1565K [0x00000007aacb0000, 0x00000007c5d70000, 0x0000000800000000)
  eden space 241024K, 0% used [0x00000007aacb0000,0x00000007aacb0000,0x00000007b9810000)
  from space 63616K, 2% used [0x00000007bd6a0000,0x00000007bd827528,0x00000007c14c0000)
  to   space 64064K, 0% used [0x00000007b9810000,0x00000007b9810000,0x00000007bd6a0000)
 ParOldGen       total 303488K, used 152096K [0x0000000700600000, 0x0000000712e60000, 0x00000007aacb0000)
  object space 303488K, 50% used [0x0000000700600000,0x0000000709a88370,0x0000000712e60000)
 PSPermGen       total 37632K, used 17970K [0x00000006fb400000, 0x00000006fd8c0000, 0x0000000700600000)
  object space 37632K, 47% used [0x00000006fb400000,0x00000006fc58c8e0,0x00000006fd8c0000)
}
Event: 11.091 GC heap before
{Heap before GC invocations=13 (full 5):
 PSYoungGen      total 304640K, used 242542K [0x00000007aacb0000, 0x00000007c5d70000, 0x0000000800000000)
  eden space 241024K, 99% used [0x00000007aacb0000,0x00000007b9804430,0x00000007b9810000)
  from space 63616K, 2% used [0x00000007bd6a0000,0x00000007bd827528,0x00000007c14c0000)
  to   space 64064K, 0% used [0x00000007b9810000,0x00000007b9810000,0x00000007bd6a0000)
 ParOldGen       total 427584K, used 426738K [0x0000000700600000, 0x000000071a790000, 0x00000007aacb0000)
  object space 427584K, 99% used [0x0000000700600000,0x000000071a6bc9e0,0x000000071a790000)
 PSPermGen       total 37632K, used 17970K [0x00000006fb400000, 0x00000006fd8c0000, 0x0000000700600000)
  object space 37632K, 47% used [0x00000006fb400000,0x00000006fc58ca70,0x00000006fd8c0000)
Event: 11.119 GC heap after
Heap after GC invocations=13 (full 5):
 PSYoungGen      total 304640K, used 0K [0x00000007aacb0000, 0x00000007c5d70000, 0x0000000800000000)
  eden space 241024K, 0% used [0x00000007aacb0000,0x00000007aacb0000,0x00000007b9810000)
  from space 63616K, 0% used [0x00000007bd6a0000,0x00000007bd6a0000,0x00000007c14c0000)
  to   space 64064K, 0% used [0x00000007b9810000,0x00000007b9810000,0x00000007bd6a0000)
 ParOldGen       total 367104K, used 29528K [0x0000000700600000, 0x0000000716c80000, 0x00000007aacb0000)
  object space 367104K, 8% used [0x0000000700600000,0x00000007022d6370,0x0000000716c80000)
 PSPermGen       total 35456K, used 17970K [0x00000006fb400000, 0x00000006fd6a0000, 0x0000000700600000)
  object space 35456K, 50% used [0x00000006fb400000,0x00000006fc58ca70,0x00000006fd6a0000)
}
Event: 11.545 GC heap before
{Heap before GC invocations=14 (full 5):
 PSYoungGen      total 304640K, used 239193K [0x00000007aacb0000, 0x00000007c5d70000, 0x0000000800000000)
  eden space 241024K, 99% used [0x00000007aacb0000,0x00000007b9646680,0x00000007b9810000)
  from space 63616K, 0% used [0x00000007bd6a0000,0x00000007bd6a0000,0x00000007c14c0000)
  to   space 64064K, 0% used [0x00000007b9810000,0x00000007b9810000,0x00000007bd6a0000)
 ParOldGen       total 367104K, used 35603K [0x0000000700600000, 0x0000000716c80000, 0x00000007aacb0000)
  object space 367104K, 9% used [0x0000000700600000,0x00000007028c4f80,0x0000000716c80000)
 PSPermGen       total 35456K, used 17972K [0x00000006fb400000, 0x00000006fd6a0000, 0x0000000700600000)
  object space 35456K, 50% used [0x00000006fb400000,0x00000006fc58d0c8,0x00000006fd6a0000)
Event: 11.553 GC heap after
Heap after GC invocations=14 (full 5):
 PSYoungGen      total 305088K, used 50849K [0x00000007aacb0000, 0x00000007c4ff0000, 0x0000000800000000)
  eden space 241024K, 0% used [0x00000007aacb0000,0x00000007aacb0000,0x00000007b9810000)
  from space 64064K, 79% used [0x00000007b9810000,0x00000007bc9b84d0,0x00000007bd6a0000)
  to   space 70656K, 0% used [0x00000007c0af0000,0x00000007c0af0000,0x00000007c4ff0000)
 ParOldGen       total 367104K, used 35603K [0x0000000700600000, 0x0000000716c80000, 0x00000007aacb0000)
  object space 367104K, 9% used [0x0000000700600000,0x00000007028c4f80,0x0000000716c80000)
 PSPermGen       total 35456K, used 17972K [0x00000006fb400000, 0x00000006fd6a0000, 0x0000000700600000)
  object space 35456K, 50% used [0x00000006fb400000,0x00000006fc58d0c8,0x00000006fd6a0000)
}

