# JRE version: 7.0_07-b11
# Java VM: Java HotSpot(TM) 64-Bit Server VM (23.3-b01 mixed mode windows-amd64 compressed oops)
Heap
 PSYoungGen      total 392384K, used 151774K [0x00000007aacb0000, 0x00000007cf620000, 0x0000000800000000)
  eden space 324864K, 32% used [0x00000007aacb0000,0x00000007b12b7d68,0x00000007be9f0000)
  from space 67520K, 70% used [0x00000007be9f0000,0x00000007c181fcf0,0x00000007c2be0000)
  to   space 70208K, 0% used [0x00000007cb190000,0x00000007cb190000,0x00000007cf620000)
 ParOldGen       total 182016K, used 45155K [0x0000000700600000, 0x000000070b7c0000, 0x00000007aacb0000)
  object space 182016K, 24% used [0x0000000700600000,0x0000000703218d48,0x000000070b7c0000)
 PSPermGen       total 40576K, used 18043K [0x00000006fb400000, 0x00000006fdba0000, 0x0000000700600000)
  object space 40576K, 44% used [0x00000006fb400000,0x00000006fc59ec90,0x00000006fdba0000)
GC Heap History (10 events):
Event: 9.019 GC heap before
{Heap before GC invocations=9 (full 1):
 PSYoungGen      total 174016K, used 167585K [0x00000007aacb0000, 0x00000007bf5d0000, 0x0000000800000000)
  eden space 128064K, 96% used [0x00000007aacb0000,0x00000007b25fd3f8,0x00000007b29c0000)
  from space 45952K, 94% used [0x00000007b29c0000,0x00000007b541b210,0x00000007b56a0000)
  to   space 54080K, 0% used [0x00000007bc100000,0x00000007bc100000,0x00000007bf5d0000)
 ParOldGen       total 126208K, used 42530K [0x0000000700600000, 0x0000000708140000, 0x00000007aacb0000)
  object space 126208K, 33% used [0x0000000700600000,0x0000000702f88ad8,0x0000000708140000)
 PSPermGen       total 36288K, used 18025K [0x00000006fb400000, 0x00000006fd770000, 0x0000000700600000)
  object space 36288K, 49% used [0x00000006fb400000,0x00000006fc59a678,0x00000006fd770000)
Event: 9.030 GC heap after
Heap after GC invocations=9 (full 1):
 PSYoungGen      total 276032K, used 47450K [0x00000007aacb0000, 0x00000007c04f0000, 0x0000000800000000)
  eden space 221952K, 0% used [0x00000007aacb0000,0x00000007aacb0000,0x00000007b8570000)
  from space 54080K, 87% used [0x00000007bc100000,0x00000007bef56930,0x00000007bf5d0000)
  to   space 60992K, 0% used [0x00000007b8570000,0x00000007b8570000,0x00000007bc100000)
 ParOldGen       total 126208K, used 42530K [0x0000000700600000, 0x0000000708140000, 0x00000007aacb0000)
  object space 126208K, 33% used [0x0000000700600000,0x0000000702f88ad8,0x0000000708140000)
 PSPermGen       total 36288K, used 18025K [0x00000006fb400000, 0x00000006fd770000, 0x0000000700600000)
  object space 36288K, 49% used [0x00000006fb400000,0x00000006fc59a678,0x00000006fd770000)
}
Event: 9.525 GC heap before
{Heap before GC invocations=10 (full 1):
 PSYoungGen      total 276032K, used 266842K [0x00000007aacb0000, 0x00000007c04f0000, 0x0000000800000000)
  eden space 221952K, 98% used [0x00000007aacb0000,0x00000007b82f0260,0x00000007b8570000)
  from space 54080K, 87% used [0x00000007bc100000,0x00000007bef56930,0x00000007bf5d0000)
  to   space 60992K, 0% used [0x00000007b8570000,0x00000007b8570000,0x00000007bc100000)
 ParOldGen       total 126208K, used 42530K [0x0000000700600000, 0x0000000708140000, 0x00000007aacb0000)
  object space 126208K, 33% used [0x0000000700600000,0x0000000702f88ad8,0x0000000708140000)
 PSPermGen       total 36288K, used 18026K [0x00000006fb400000, 0x00000006fd770000, 0x0000000700600000)
  object space 36288K, 49% used [0x00000006fb400000,0x00000006fc59abb0,0x00000006fd770000)
Event: 9.536 GC heap after
Heap after GC invocations=10 (full 1):
 PSYoungGen      total 282944K, used 42743K [0x00000007aacb0000, 0x00000007c6a40000, 0x0000000800000000)
  eden space 221952K, 0% used [0x00000007aacb0000,0x00000007aacb0000,0x00000007b8570000)
  from space 60992K, 70% used [0x00000007b8570000,0x00000007baf2dfc0,0x00000007bc100000)
  to   space 63872K, 0% used [0x00000007c2be0000,0x00000007c2be0000,0x00000007c6a40000)
 ParOldGen       total 126208K, used 42530K [0x0000000700600000, 0x0000000708140000, 0x00000007aacb0000)
  object space 126208K, 33% used [0x0000000700600000,0x0000000702f88ad8,0x0000000708140000)
 PSPermGen       total 36288K, used 18026K [0x00000006fb400000, 0x00000006fd770000, 0x0000000700600000)
  object space 36288K, 49% used [0x00000006fb400000,0x00000006fc59abb0,0x00000006fd770000)
}
Event: 9.957 GC heap before
{Heap before GC invocations=11 (full 1):
 PSYoungGen      total 282944K, used 262813K [0x00000007aacb0000, 0x00000007c6a40000, 0x0000000800000000)
  eden space 221952K, 99% used [0x00000007aacb0000,0x00000007b83994f8,0x00000007b8570000)
  from space 60992K, 70% used [0x00000007b8570000,0x00000007baf2dfc0,0x00000007bc100000)
  to   space 63872K, 0% used [0x00000007c2be0000,0x00000007c2be0000,0x00000007c6a40000)
 ParOldGen       total 126208K, used 45947K [0x0000000700600000, 0x0000000708140000, 0x00000007aacb0000)
  object space 126208K, 36% used [0x0000000700600000,0x00000007032defa8,0x0000000708140000)
 PSPermGen       total 36288K, used 18028K [0x00000006fb400000, 0x00000006fd770000, 0x0000000700600000)
  object space 36288K, 49% used [0x00000006fb400000,0x00000006fc59b1d8,0x00000006fd770000)
Event: 9.972 GC heap after
Heap after GC invocations=11 (full 1):
 PSYoungGen      total 388736K, used 47327K [0x00000007aacb0000, 0x00000007c7480000, 0x0000000800000000)
  eden space 324864K, 0% used [0x00000007aacb0000,0x00000007aacb0000,0x00000007be9f0000)
  from space 63872K, 74% used [0x00000007c2be0000,0x00000007c5a17cf0,0x00000007c6a40000)
  to   space 67520K, 0% used [0x00000007be9f0000,0x00000007be9f0000,0x00000007c2be0000)
 ParOldGen       total 126208K, used 77129K [0x0000000700600000, 0x0000000708140000, 0x00000007aacb0000)
  object space 126208K, 61% used [0x0000000700600000,0x00000007051525c8,0x0000000708140000)
 PSPermGen       total 36288K, used 18028K [0x00000006fb400000, 0x00000006fd770000, 0x0000000700600000)
  object space 36288K, 49% used [0x00000006fb400000,0x00000006fc59b1d8,0x00000006fd770000)
}
Event: 10.691 GC heap before
{Heap before GC invocations=12 (full 2):
 PSYoungGen      total 388736K, used 372191K [0x00000007aacb0000, 0x00000007c7480000, 0x0000000800000000)
  eden space 324864K, 100% used [0x00000007aacb0000,0x00000007be9f0000,0x00000007be9f0000)
  from space 63872K, 74% used [0x00000007c2be0000,0x00000007c5a17cf0,0x00000007c6a40000)
  to   space 67520K, 0% used [0x00000007be9f0000,0x00000007be9f0000,0x00000007c2be0000)
 ParOldGen       total 151360K, used 148471K [0x0000000700600000, 0x00000007099d0000, 0x00000007aacb0000)
  object space 151360K, 98% used [0x0000000700600000,0x00000007096fdc30,0x00000007099d0000)
 PSPermGen       total 36288K, used 18035K [0x00000006fb400000, 0x00000006fd770000, 0x0000000700600000)
  object space 36288K, 49% used [0x00000006fb400000,0x00000006fc59cd68,0x00000006fd770000)
Event: 10.723 GC heap after
Heap after GC invocations=12 (full 2):
 PSYoungGen      total 388736K, used 0K [0x00000007aacb0000, 0x00000007c7480000, 0x0000000800000000)
  eden space 324864K, 0% used [0x00000007aacb0000,0x00000007aacb0000,0x00000007be9f0000)
  from space 63872K, 0% used [0x00000007c2be0000,0x00000007c2be0000,0x00000007c6a40000)
  to   space 67520K, 0% used [0x00000007be9f0000,0x00000007be9f0000,0x00000007c2be0000)
 ParOldGen       total 182016K, used 45155K [0x0000000700600000, 0x000000070b7c0000, 0x00000007aacb0000)
  object space 182016K, 24% used [0x0000000700600000,0x0000000703218d48,0x000000070b7c0000)
 PSPermGen       total 40576K, used 18035K [0x00000006fb400000, 0x00000006fdba0000, 0x0000000700600000)
  object space 40576K, 44% used [0x00000006fb400000,0x00000006fc59cd08,0x00000006fdba0000)
}
Event: 11.488 GC heap before
{Heap before GC invocations=13 (full 2):
 PSYoungGen      total 388736K, used 324704K [0x00000007aacb0000, 0x00000007c7480000, 0x0000000800000000)
  eden space 324864K, 99% used [0x00000007aacb0000,0x00000007be9c81d0,0x00000007be9f0000)
  from space 63872K, 0% used [0x00000007c2be0000,0x00000007c2be0000,0x00000007c6a40000)
  to   space 67520K, 0% used [0x00000007be9f0000,0x00000007be9f0000,0x00000007c2be0000)
 ParOldGen       total 182016K, used 45155K [0x0000000700600000, 0x000000070b7c0000, 0x00000007aacb0000)
  object space 182016K, 24% used [0x0000000700600000,0x0000000703218d48,0x000000070b7c0000)
 PSPermGen       total 40576K, used 18043K [0x00000006fb400000, 0x00000006fdba0000, 0x0000000700600000)
  object space 40576K, 44% used [0x00000006fb400000,0x00000006fc59ec90,0x00000006fdba0000)
Event: 11.499 GC heap after
Heap after GC invocations=13 (full 2):
 PSYoungGen      total 392384K, used 47295K [0x00000007aacb0000, 0x00000007cf620000, 0x0000000800000000)
  eden space 324864K, 0% used [0x00000007aacb0000,0x00000007aacb0000,0x00000007be9f0000)
  from space 67520K, 70% used [0x00000007be9f0000,0x00000007c181fcf0,0x00000007c2be0000)
  to   space 70208K, 0% used [0x00000007cb190000,0x00000007cb190000,0x00000007cf620000)
 ParOldGen       total 182016K, used 45155K [0x0000000700600000, 0x000000070b7c0000, 0x00000007aacb0000)
  object space 182016K, 24% used [0x0000000700600000,0x0000000703218d48,0x000000070b7c0000)
 PSPermGen       total 40576K, used 18043K [0x00000006fb400000, 0x00000006fdba0000, 0x0000000700600000)
  object space 40576K, 44% used [0x00000006fb400000,0x00000006fc59ec90,0x00000006fdba0000)
}

