# JRE version: 7.0_07-b11
# Java VM: Java HotSpot(TM) 64-Bit Server VM (23.3-b01 mixed mode windows-amd64 compressed oops)
Heap
 PSYoungGen      total 181248K, used 68944K [0x00000007aacb0000, 0x00000007b96b0000, 0x0000000800000000)
  eden space 130944K, 41% used [0x00000007aacb0000,0x00000007ae14a2d8,0x00000007b2c90000)
  from space 50304K, 29% used [0x00000007b6590000,0x00000007b7449db0,0x00000007b96b0000)
  to   space 54336K, 0% used [0x00000007b2c90000,0x00000007b2c90000,0x00000007b61a0000)
 ParOldGen       total 174528K, used 83823K [0x0000000700600000, 0x000000070b070000, 0x00000007aacb0000)
  object space 174528K, 48% used [0x0000000700600000,0x00000007057dbe58,0x000000070b070000)
 PSPermGen       total 21248K, used 17993K [0x00000006fb400000, 0x00000006fc8c0000, 0x0000000700600000)
  object space 21248K, 84% used [0x00000006fb400000,0x00000006fc592548,0x00000006fc8c0000)
GC Heap History (10 events):
Event: 6.379 GC heap before
{Heap before GC invocations=2 (full 0):
 PSYoungGen      total 76352K, used 68090K [0x00000007aacb0000, 0x00000007b01e0000, 0x0000000800000000)
  eden space 65472K, 92% used [0x00000007aacb0000,0x00000007ae7c0f30,0x00000007aeca0000)
  from space 10880K, 69% used [0x00000007aeca0000,0x00000007af40dc38,0x00000007af740000)
  to   space 10880K, 0% used [0x00000007af740000,0x00000007af740000,0x00000007b01e0000)
 ParOldGen       total 174528K, used 8K [0x0000000700600000, 0x000000070b070000, 0x00000007aacb0000)
  object space 174528K, 0% used [0x0000000700600000,0x0000000700602000,0x000000070b070000)
 PSPermGen       total 21248K, used 17946K [0x00000006fb400000, 0x00000006fc8c0000, 0x0000000700600000)
  object space 21248K, 84% used [0x00000006fb400000,0x00000006fc586b70,0x00000006fc8c0000)
Event: 6.406 GC heap after
Heap after GC invocations=2 (full 0):
 PSYoungGen      total 76352K, used 10865K [0x00000007aacb0000, 0x00000007b01e0000, 0x0000000800000000)
  eden space 65472K, 0% used [0x00000007aacb0000,0x00000007aacb0000,0x00000007aeca0000)
  from space 10880K, 99% used [0x00000007af740000,0x00000007b01dc5b0,0x00000007b01e0000)
  to   space 10880K, 0% used [0x00000007aeca0000,0x00000007aeca0000,0x00000007af740000)
 ParOldGen       total 174528K, used 35712K [0x0000000700600000, 0x000000070b070000, 0x00000007aacb0000)
  object space 174528K, 20% used [0x0000000700600000,0x00000007028e0238,0x000000070b070000)
 PSPermGen       total 21248K, used 17946K [0x00000006fb400000, 0x00000006fc8c0000, 0x0000000700600000)
  object space 21248K, 84% used [0x00000006fb400000,0x00000006fc586b70,0x00000006fc8c0000)
}
Event: 12.713 GC heap before
{Heap before GC invocations=3 (full 0):
 PSYoungGen      total 76352K, used 76099K [0x00000007aacb0000, 0x00000007b01e0000, 0x0000000800000000)
  eden space 65472K, 99% used [0x00000007aacb0000,0x00000007aec64768,0x00000007aeca0000)
  from space 10880K, 99% used [0x00000007af740000,0x00000007b01dc5b0,0x00000007b01e0000)
  to   space 10880K, 0% used [0x00000007aeca0000,0x00000007aeca0000,0x00000007af740000)
 ParOldGen       total 174528K, used 35712K [0x0000000700600000, 0x000000070b070000, 0x00000007aacb0000)
  object space 174528K, 20% used [0x0000000700600000,0x00000007028e0238,0x000000070b070000)
 PSPermGen       total 21248K, used 17972K [0x00000006fb400000, 0x00000006fc8c0000, 0x0000000700600000)
  object space 21248K, 84% used [0x00000006fb400000,0x00000006fc58d368,0x00000006fc8c0000)
Event: 12.725 GC heap after
Heap after GC invocations=3 (full 0):
 PSYoungGen      total 76352K, used 10854K [0x00000007aacb0000, 0x00000007b01e0000, 0x0000000800000000)
  eden space 65472K, 0% used [0x00000007aacb0000,0x00000007aacb0000,0x00000007aeca0000)
  from space 10880K, 99% used [0x00000007aeca0000,0x00000007af739b60,0x00000007af740000)
  to   space 10880K, 0% used [0x00000007af740000,0x00000007af740000,0x00000007b01e0000)
 ParOldGen       total 174528K, used 65598K [0x0000000700600000, 0x000000070b070000, 0x00000007aacb0000)
  object space 174528K, 37% used [0x0000000700600000,0x000000070460fa28,0x000000070b070000)
 PSPermGen       total 21248K, used 17972K [0x00000006fb400000, 0x00000006fc8c0000, 0x0000000700600000)
  object space 21248K, 84% used [0x00000006fb400000,0x00000006fc58d368,0x00000006fc8c0000)
}
Event: 18.005 GC heap before
{Heap before GC invocations=4 (full 0):
 PSYoungGen      total 76352K, used 72674K [0x00000007aacb0000, 0x00000007b01e0000, 0x0000000800000000)
  eden space 65472K, 94% used [0x00000007aacb0000,0x00000007ae90eec0,0x00000007aeca0000)
  from space 10880K, 99% used [0x00000007aeca0000,0x00000007af739b60,0x00000007af740000)
  to   space 10880K, 0% used [0x00000007af740000,0x00000007af740000,0x00000007b01e0000)
 ParOldGen       total 174528K, used 65598K [0x0000000700600000, 0x000000070b070000, 0x00000007aacb0000)
  object space 174528K, 37% used [0x0000000700600000,0x000000070460fa28,0x000000070b070000)
 PSPermGen       total 21248K, used 17993K [0x00000006fb400000, 0x00000006fc8c0000, 0x0000000700600000)
  object space 21248K, 84% used [0x00000006fb400000,0x00000006fc592548,0x00000006fc8c0000)
Event: 18.010 GC heap after
Heap after GC invocations=4 (full 0):
 PSYoungGen      total 76352K, used 8293K [0x00000007aacb0000, 0x00000007b01e0000, 0x0000000800000000)
  eden space 65472K, 0% used [0x00000007aacb0000,0x00000007aacb0000,0x00000007aeca0000)
  from space 10880K, 76% used [0x00000007af740000,0x00000007aff59420,0x00000007b01e0000)
  to   space 10880K, 0% used [0x00000007aeca0000,0x00000007aeca0000,0x00000007af740000)
 ParOldGen       total 174528K, used 65598K [0x0000000700600000, 0x000000070b070000, 0x00000007aacb0000)
  object space 174528K, 37% used [0x0000000700600000,0x000000070460fa28,0x000000070b070000)
 PSPermGen       total 21248K, used 17993K [0x00000006fb400000, 0x00000006fc8c0000, 0x0000000700600000)
  object space 21248K, 84% used [0x00000006fb400000,0x00000006fc592548,0x00000006fc8c0000)
}
Event: 18.199 GC heap before
{Heap before GC invocations=5 (full 0):
 PSYoungGen      total 76352K, used 71701K [0x00000007aacb0000, 0x00000007b01e0000, 0x0000000800000000)
  eden space 65472K, 96% used [0x00000007aacb0000,0x00000007aea9c208,0x00000007aeca0000)
  from space 10880K, 76% used [0x00000007af740000,0x00000007aff59420,0x00000007b01e0000)
  to   space 10880K, 0% used [0x00000007aeca0000,0x00000007aeca0000,0x00000007af740000)
 ParOldGen       total 174528K, used 65598K [0x0000000700600000, 0x000000070b070000, 0x00000007aacb0000)
  object space 174528K, 37% used [0x0000000700600000,0x000000070460fa28,0x000000070b070000)
 PSPermGen       total 21248K, used 17993K [0x00000006fb400000, 0x00000006fc8c0000, 0x0000000700600000)
  object space 21248K, 84% used [0x00000006fb400000,0x00000006fc592548,0x00000006fc8c0000)
Event: 18.206 GC heap after
Heap after GC invocations=5 (full 0):
 PSYoungGen      total 76352K, used 8293K [0x00000007aacb0000, 0x00000007b9e90000, 0x0000000800000000)
  eden space 65472K, 0% used [0x00000007aacb0000,0x00000007aacb0000,0x00000007aeca0000)
  from space 10880K, 76% used [0x00000007aeca0000,0x00000007af4b9420,0x00000007af740000)
  to   space 58368K, 0% used [0x00000007b6590000,0x00000007b6590000,0x00000007b9e90000)
 ParOldGen       total 174528K, used 83823K [0x0000000700600000, 0x000000070b070000, 0x00000007aacb0000)
  object space 174528K, 48% used [0x0000000700600000,0x00000007057dbe58,0x000000070b070000)
 PSPermGen       total 21248K, used 17993K [0x00000006fb400000, 0x00000006fc8c0000, 0x0000000700600000)
  object space 21248K, 84% used [0x00000006fb400000,0x00000006fc592548,0x00000006fc8c0000)
}
Event: 18.393 GC heap before
{Heap before GC invocations=6 (full 0):
 PSYoungGen      total 76352K, used 68913K [0x00000007aacb0000, 0x00000007b9e90000, 0x0000000800000000)
  eden space 65472K, 92% used [0x00000007aacb0000,0x00000007ae7e31a8,0x00000007aeca0000)
  from space 10880K, 76% used [0x00000007aeca0000,0x00000007af4b9420,0x00000007af740000)
  to   space 58368K, 0% used [0x00000007b6590000,0x00000007b6590000,0x00000007b9e90000)
 ParOldGen       total 174528K, used 83823K [0x0000000700600000, 0x000000070b070000, 0x00000007aacb0000)
  object space 174528K, 48% used [0x0000000700600000,0x00000007057dbe58,0x000000070b070000)
 PSPermGen       total 21248K, used 17993K [0x00000006fb400000, 0x00000006fc8c0000, 0x0000000700600000)
  object space 21248K, 84% used [0x00000006fb400000,0x00000006fc592548,0x00000006fc8c0000)
Event: 18.399 GC heap after
Heap after GC invocations=6 (full 0):
 PSYoungGen      total 181248K, used 15079K [0x00000007aacb0000, 0x00000007b96b0000, 0x0000000800000000)
  eden space 130944K, 0% used [0x00000007aacb0000,0x00000007aacb0000,0x00000007b2c90000)
  from space 50304K, 29% used [0x00000007b6590000,0x00000007b7449db0,0x00000007b96b0000)
  to   space 54336K, 0% used [0x00000007b2c90000,0x00000007b2c90000,0x00000007b61a0000)
 ParOldGen       total 174528K, used 83823K [0x0000000700600000, 0x000000070b070000, 0x00000007aacb0000)
  object space 174528K, 48% used [0x0000000700600000,0x00000007057dbe58,0x000000070b070000)
 PSPermGen       total 21248K, used 17993K [0x00000006fb400000, 0x00000006fc8c0000, 0x0000000700600000)
  object space 21248K, 84% used [0x00000006fb400000,0x00000006fc592548,0x00000006fc8c0000)
}

