# JRE version: 7.0_07-b11
# Java VM: Java HotSpot(TM) 64-Bit Server VM (23.3-b01 mixed mode windows-amd64 compressed oops)
Heap
 PSYoungGen      total 415424K, used 415362K [0x00000007aacb0000, 0x00000007c96c0000, 0x0000000800000000)
  eden space 378688K, 100% used [0x00000007aacb0000,0x00000007c1e80000,0x00000007c1e80000)
  from space 36736K, 99% used [0x00000007c5360000,0x00000007c7730860,0x00000007c7740000)
  to   space 32256K, 0% used [0x00000007c7740000,0x00000007c7740000,0x00000007c96c0000)
 ParOldGen       total 254400K, used 252240K [0x0000000700600000, 0x000000070fe70000, 0x00000007aacb0000)
  object space 254400K, 99% used [0x0000000700600000,0x000000070fc54390,0x000000070fe70000)
 PSPermGen       total 25664K, used 17824K [0x00000006fb400000, 0x00000006fcd10000, 0x0000000700600000)
  object space 25664K, 69% used [0x00000006fb400000,0x00000006fc5680f0,0x00000006fcd10000)
GC Heap History (10 events):
Event: 80.461 GC heap before
{Heap before GC invocations=28 (full 10):
 PSYoungGen      total 457920K, used 425913K [0x00000007aacb0000, 0x00000007ccdb0000, 0x0000000800000000)
  eden space 427328K, 99% used [0x00000007aacb0000,0x00000007c4c9e7e8,0x00000007c4e00000)
  from space 30592K, 0% used [0x00000007cafd0000,0x00000007cafd0000,0x00000007ccdb0000)
  to   space 46528K, 0% used [0x00000007c72d0000,0x00000007c72d0000,0x00000007ca040000)
 ParOldGen       total 414656K, used 410191K [0x0000000700600000, 0x0000000719af0000, 0x00000007aacb0000)
  object space 414656K, 98% used [0x0000000700600000,0x0000000719693f50,0x0000000719af0000)
 PSPermGen       total 28352K, used 17778K [0x00000006fb400000, 0x00000006fcfb0000, 0x0000000700600000)
  object space 28352K, 62% used [0x00000006fb400000,0x00000006fc55c9c8,0x00000006fcfb0000)
Event: 80.507 GC heap after
Heap after GC invocations=28 (full 10):
 PSYoungGen      total 457920K, used 0K [0x00000007aacb0000, 0x00000007ccdb0000, 0x0000000800000000)
  eden space 427328K, 0% used [0x00000007aacb0000,0x00000007aacb0000,0x00000007c4e00000)
  from space 30592K, 0% used [0x00000007cafd0000,0x00000007cafd0000,0x00000007ccdb0000)
  to   space 46528K, 0% used [0x00000007c72d0000,0x00000007c72d0000,0x00000007ca040000)
 ParOldGen       total 164288K, used 27466K [0x0000000700600000, 0x000000070a670000, 0x00000007aacb0000)
  object space 164288K, 16% used [0x0000000700600000,0x00000007020d2830,0x000000070a670000)
 PSPermGen       total 27200K, used 17778K [0x00000006fb400000, 0x00000006fce90000, 0x0000000700600000)
  object space 27200K, 65% used [0x00000006fb400000,0x00000006fc55c9c8,0x00000006fce90000)
}
Event: 84.923 GC heap before
{Heap before GC invocations=29 (full 11):
 PSYoungGen      total 457920K, used 425869K [0x00000007aacb0000, 0x00000007ccdb0000, 0x0000000800000000)
  eden space 427328K, 99% used [0x00000007aacb0000,0x00000007c4c934f8,0x00000007c4e00000)
  from space 30592K, 0% used [0x00000007cafd0000,0x00000007cafd0000,0x00000007ccdb0000)
  to   space 46528K, 0% used [0x00000007c72d0000,0x00000007c72d0000,0x00000007ca040000)
 ParOldGen       total 413568K, used 410192K [0x0000000700600000, 0x00000007199e0000, 0x00000007aacb0000)
  object space 413568K, 99% used [0x0000000700600000,0x0000000719694020,0x00000007199e0000)
 PSPermGen       total 27200K, used 17781K [0x00000006fb400000, 0x00000006fce90000, 0x0000000700600000)
  object space 27200K, 65% used [0x00000006fb400000,0x00000006fc55d5f8,0x00000006fce90000)
Event: 84.967 GC heap after
Heap after GC invocations=29 (full 11):
 PSYoungGen      total 457920K, used 0K [0x00000007aacb0000, 0x00000007ccdb0000, 0x0000000800000000)
  eden space 427328K, 0% used [0x00000007aacb0000,0x00000007aacb0000,0x00000007c4e00000)
  from space 30592K, 0% used [0x00000007cafd0000,0x00000007cafd0000,0x00000007ccdb0000)
  to   space 46528K, 0% used [0x00000007c72d0000,0x00000007c72d0000,0x00000007ca040000)
 ParOldGen       total 151040K, used 15315K [0x0000000700600000, 0x0000000709980000, 0x00000007aacb0000)
  object space 151040K, 10% used [0x0000000700600000,0x00000007014f4c88,0x0000000709980000)
 PSPermGen       total 25664K, used 17781K [0x00000006fb400000, 0x00000006fcd10000, 0x0000000700600000)
  object space 25664K, 69% used [0x00000006fb400000,0x00000006fc55d5f8,0x00000006fcd10000)
}
Event: 87.323 GC heap before
{Heap before GC invocations=30 (full 11):
 PSYoungGen      total 457920K, used 425586K [0x00000007aacb0000, 0x00000007ccdb0000, 0x0000000800000000)
  eden space 427328K, 99% used [0x00000007aacb0000,0x00000007c4c4cb50,0x00000007c4e00000)
  from space 30592K, 0% used [0x00000007cafd0000,0x00000007cafd0000,0x00000007ccdb0000)
  to   space 46528K, 0% used [0x00000007c72d0000,0x00000007c72d0000,0x00000007ca040000)
 ParOldGen       total 151040K, used 15315K [0x0000000700600000, 0x0000000709980000, 0x00000007aacb0000)
  object space 151040K, 10% used [0x0000000700600000,0x00000007014f4c88,0x0000000709980000)
 PSPermGen       total 25664K, used 17785K [0x00000006fb400000, 0x00000006fcd10000, 0x0000000700600000)
  object space 25664K, 69% used [0x00000006fb400000,0x00000006fc55e750,0x00000006fcd10000)
Event: 87.330 GC heap after
Heap after GC invocations=30 (full 11):
 PSYoungGen      total 447040K, used 36674K [0x00000007aacb0000, 0x00000007cafe0000, 0x0000000800000000)
  eden space 410304K, 0% used [0x00000007aacb0000,0x00000007aacb0000,0x00000007c3d60000)
  from space 36736K, 99% used [0x00000007c72d0000,0x00000007c96a0860,0x00000007c96b0000)
  to   space 25792K, 0% used [0x00000007c96b0000,0x00000007c96b0000,0x00000007cafe0000)
 ParOldGen       total 151040K, used 15315K [0x0000000700600000, 0x0000000709980000, 0x00000007aacb0000)
  object space 151040K, 10% used [0x0000000700600000,0x00000007014f4c88,0x0000000709980000)
 PSPermGen       total 25664K, used 17785K [0x00000006fb400000, 0x00000006fcd10000, 0x0000000700600000)
  object space 25664K, 69% used [0x00000006fb400000,0x00000006fc55e750,0x00000006fcd10000)
}
Event: 89.557 GC heap before
{Heap before GC invocations=31 (full 11):
 PSYoungGen      total 447040K, used 444059K [0x00000007aacb0000, 0x00000007cafe0000, 0x0000000800000000)
  eden space 410304K, 99% used [0x00000007aacb0000,0x00000007c3a86418,0x00000007c3d60000)
  from space 36736K, 99% used [0x00000007c72d0000,0x00000007c96a0860,0x00000007c96b0000)
  to   space 25792K, 0% used [0x00000007c96b0000,0x00000007c96b0000,0x00000007cafe0000)
 ParOldGen       total 151040K, used 15315K [0x0000000700600000, 0x0000000709980000, 0x00000007aacb0000)
  object space 151040K, 10% used [0x0000000700600000,0x00000007014f4c88,0x0000000709980000)
 PSPermGen       total 25664K, used 17791K [0x00000006fb400000, 0x00000006fcd10000, 0x0000000700600000)
  object space 25664K, 69% used [0x00000006fb400000,0x00000006fc55fc08,0x00000006fcd10000)
Event: 89.563 GC heap after
Heap after GC invocations=31 (full 11):
 PSYoungGen      total 418624K, used 24492K [0x00000007aacb0000, 0x00000007caea0000, 0x0000000800000000)
  eden space 394112K, 0% used [0x00000007aacb0000,0x00000007aacb0000,0x00000007c2d90000)
  from space 24512K, 99% used [0x00000007c96b0000,0x00000007cae9b040,0x00000007caea0000)
  to   space 46720K, 0% used [0x00000007c5360000,0x00000007c5360000,0x00000007c8100000)
 ParOldGen       total 151040K, used 27465K [0x0000000700600000, 0x0000000709980000, 0x00000007aacb0000)
  object space 151040K, 18% used [0x0000000700600000,0x00000007020d24a8,0x0000000709980000)
 PSPermGen       total 25664K, used 17791K [0x00000006fb400000, 0x00000006fcd10000, 0x0000000700600000)
  object space 25664K, 69% used [0x00000006fb400000,0x00000006fc55fc08,0x00000006fcd10000)
}
Event: 91.694 GC heap before
{Heap before GC invocations=32 (full 11):
 PSYoungGen      total 418624K, used 413603K [0x00000007aacb0000, 0x00000007caea0000, 0x0000000800000000)
  eden space 394112K, 98% used [0x00000007aacb0000,0x00000007c28adcb0,0x00000007c2d90000)
  from space 24512K, 99% used [0x00000007c96b0000,0x00000007cae9b040,0x00000007caea0000)
  to   space 46720K, 0% used [0x00000007c5360000,0x00000007c5360000,0x00000007c8100000)
 ParOldGen       total 151040K, used 33540K [0x0000000700600000, 0x0000000709980000, 0x00000007aacb0000)
  object space 151040K, 22% used [0x0000000700600000,0x00000007026c10b8,0x0000000709980000)
 PSPermGen       total 25664K, used 17794K [0x00000006fb400000, 0x00000006fcd10000, 0x0000000700600000)
  object space 25664K, 69% used [0x00000006fb400000,0x00000006fc5609a0,0x00000006fcd10000)
Event: 91.700 GC heap after
Heap after GC invocations=32 (full 11):
 PSYoungGen      total 415424K, used 36674K [0x00000007aacb0000, 0x00000007c96c0000, 0x0000000800000000)
  eden space 378688K, 0% used [0x00000007aacb0000,0x00000007aacb0000,0x00000007c1e80000)
  from space 36736K, 99% used [0x00000007c5360000,0x00000007c7730860,0x00000007c7740000)
  to   space 32256K, 0% used [0x00000007c7740000,0x00000007c7740000,0x00000007c96c0000)
 ParOldGen       total 151040K, used 33540K [0x0000000700600000, 0x0000000709980000, 0x00000007aacb0000)
  object space 151040K, 22% used [0x0000000700600000,0x00000007026c10b8,0x0000000709980000)
 PSPermGen       total 25664K, used 17794K [0x00000006fb400000, 0x00000006fcd10000, 0x0000000700600000)
  object space 25664K, 69% used [0x00000006fb400000,0x00000006fc5609a0,0x00000006fcd10000)
}

