# JRE version: 7.0_07-b11
# Java VM: Java HotSpot(TM) 64-Bit Server VM (23.3-b01 mixed mode windows-amd64 compressed oops)
Heap
 PSYoungGen      total 356224K, used 168488K [0x00000007aacb0000, 0x00000007c5860000, 0x0000000800000000)
  eden space 295872K, 43% used [0x00000007aacb0000,0x00000007b2adbbe0,0x00000007bcda0000)
  from space 60352K, 65% used [0x00000007bcda0000,0x00000007bf3fe730,0x00000007c0890000)
  to   space 63424K, 0% used [0x00000007c1a70000,0x00000007c1a70000,0x00000007c5860000)
 ParOldGen       total 406976K, used 43944K [0x0000000700600000, 0x0000000719370000, 0x00000007aacb0000)
  object space 406976K, 10% used [0x0000000700600000,0x00000007030ea020,0x0000000719370000)
 PSPermGen       total 21504K, used 18346K [0x00000006fb400000, 0x00000006fc900000, 0x0000000700600000)
  object space 21504K, 85% used [0x00000006fb400000,0x00000006fc5ea830,0x00000006fc900000)
GC Heap History (10 events):
Event: 192.866 GC heap before
{Heap before GC invocations=119 (full 22):
 PSYoungGen      total 334720K, used 333323K [0x00000007aacb0000, 0x00000007c56a0000, 0x0000000800000000)
  eden space 280000K, 99% used [0x00000007aacb0000,0x00000007bbdf1e38,0x00000007bbe20000)
  from space 54720K, 97% used [0x00000007bbe20000,0x00000007bf260ff8,0x00000007bf390000)
  to   space 64576K, 0% used [0x00000007c1790000,0x00000007c1790000,0x00000007c56a0000)
 ParOldGen       total 396992K, used 394253K [0x0000000700600000, 0x00000007189b0000, 0x00000007aacb0000)
  object space 396992K, 99% used [0x0000000700600000,0x00000007187037c0,0x00000007189b0000)
 PSPermGen       total 21504K, used 18346K [0x00000006fb400000, 0x00000006fc900000, 0x0000000700600000)
  object space 21504K, 85% used [0x00000006fb400000,0x00000006fc5ea850,0x00000006fc900000)
Event: 192.899 GC heap after
Heap after GC invocations=119 (full 22):
 PSYoungGen      total 334720K, used 0K [0x00000007aacb0000, 0x00000007c56a0000, 0x0000000800000000)
  eden space 280000K, 0% used [0x00000007aacb0000,0x00000007aacb0000,0x00000007bbe20000)
  from space 54720K, 0% used [0x00000007bbe20000,0x00000007bbe20000,0x00000007bf390000)
  to   space 64576K, 0% used [0x00000007c1790000,0x00000007c1790000,0x00000007c56a0000)
 ParOldGen       total 336704K, used 56346K [0x0000000700600000, 0x0000000714ed0000, 0x00000007aacb0000)
  object space 336704K, 16% used [0x0000000700600000,0x0000000703d06af0,0x0000000714ed0000)
 PSPermGen       total 21504K, used 18346K [0x00000006fb400000, 0x00000006fc900000, 0x0000000700600000)
  object space 21504K, 85% used [0x00000006fb400000,0x00000006fc5ea830,0x00000006fc900000)
}
Event: 193.964 GC heap before
{Heap before GC invocations=120 (full 23):
 PSYoungGen      total 334720K, used 279987K [0x00000007aacb0000, 0x00000007c56a0000, 0x0000000800000000)
  eden space 280000K, 99% used [0x00000007aacb0000,0x00000007bbe1cd98,0x00000007bbe20000)
  from space 54720K, 0% used [0x00000007bbe20000,0x00000007bbe20000,0x00000007bf390000)
  to   space 64576K, 0% used [0x00000007c1790000,0x00000007c1790000,0x00000007c56a0000)
 ParOldGen       total 349056K, used 348875K [0x0000000700600000, 0x0000000715ae0000, 0x00000007aacb0000)
  object space 349056K, 99% used [0x0000000700600000,0x0000000715ab2f70,0x0000000715ae0000)
 PSPermGen       total 21504K, used 18346K [0x00000006fb400000, 0x00000006fc900000, 0x0000000700600000)
  object space 21504K, 85% used [0x00000006fb400000,0x00000006fc5ea830,0x00000006fc900000)
Event: 193.990 GC heap after
Heap after GC invocations=120 (full 23):
 PSYoungGen      total 334720K, used 0K [0x00000007aacb0000, 0x00000007c56a0000, 0x0000000800000000)
  eden space 280000K, 0% used [0x00000007aacb0000,0x00000007aacb0000,0x00000007bbe20000)
  from space 54720K, 0% used [0x00000007bbe20000,0x00000007bbe20000,0x00000007bf390000)
  to   space 64576K, 0% used [0x00000007c1790000,0x00000007c1790000,0x00000007c56a0000)
 ParOldGen       total 361792K, used 44106K [0x0000000700600000, 0x0000000716750000, 0x00000007aacb0000)
  object space 361792K, 12% used [0x0000000700600000,0x0000000703112bf0,0x0000000716750000)
 PSPermGen       total 21504K, used 18346K [0x00000006fb400000, 0x00000006fc900000, 0x0000000700600000)
  object space 21504K, 85% used [0x00000006fb400000,0x00000006fc5ea830,0x00000006fc900000)
}
Event: 195.049 GC heap before
{Heap before GC invocations=121 (full 23):
 PSYoungGen      total 334720K, used 280000K [0x00000007aacb0000, 0x00000007c56a0000, 0x0000000800000000)
  eden space 280000K, 100% used [0x00000007aacb0000,0x00000007bbe20000,0x00000007bbe20000)
  from space 54720K, 0% used [0x00000007bbe20000,0x00000007bbe20000,0x00000007bf390000)
  to   space 64576K, 0% used [0x00000007c1790000,0x00000007c1790000,0x00000007c56a0000)
 ParOldGen       total 361792K, used 146430K [0x0000000700600000, 0x0000000716750000, 0x00000007aacb0000)
  object space 361792K, 40% used [0x0000000700600000,0x00000007094ff908,0x0000000716750000)
 PSPermGen       total 21504K, used 18346K [0x00000006fb400000, 0x00000006fc900000, 0x0000000700600000)
  object space 21504K, 85% used [0x00000006fb400000,0x00000006fc5ea830,0x00000006fc900000)
Event: 195.054 GC heap after
Heap after GC invocations=121 (full 23):
 PSYoungGen      total 340864K, used 18987K [0x00000007aacb0000, 0x00000007c4380000, 0x0000000800000000)
  eden space 295872K, 0% used [0x00000007aacb0000,0x00000007aacb0000,0x00000007bcda0000)
  from space 44992K, 42% used [0x00000007c1790000,0x00000007c2a1ad60,0x00000007c4380000)
  to   space 60352K, 0% used [0x00000007bcda0000,0x00000007bcda0000,0x00000007c0890000)
 ParOldGen       total 361792K, used 146430K [0x0000000700600000, 0x0000000716750000, 0x00000007aacb0000)
  object space 361792K, 40% used [0x0000000700600000,0x00000007094ff908,0x0000000716750000)
 PSPermGen       total 21504K, used 18346K [0x00000006fb400000, 0x00000006fc900000, 0x0000000700600000)
  object space 21504K, 85% used [0x00000006fb400000,0x00000006fc5ea830,0x00000006fc900000)
}
Event: 196.218 GC heap before
{Heap before GC invocations=122 (full 24):
 PSYoungGen      total 340864K, used 314800K [0x00000007aacb0000, 0x00000007c4380000, 0x0000000800000000)
  eden space 295872K, 99% used [0x00000007aacb0000,0x00000007bcd91510,0x00000007bcda0000)
  from space 44992K, 42% used [0x00000007c1790000,0x00000007c2a1ad60,0x00000007c4380000)
  to   space 60352K, 0% used [0x00000007bcda0000,0x00000007bcda0000,0x00000007c0890000)
 ParOldGen       total 442496K, used 442039K [0x0000000700600000, 0x000000071b620000, 0x00000007aacb0000)
  object space 442496K, 99% used [0x0000000700600000,0x000000071b5adc38,0x000000071b620000)
 PSPermGen       total 21504K, used 18346K [0x00000006fb400000, 0x00000006fc900000, 0x0000000700600000)
  object space 21504K, 85% used [0x00000006fb400000,0x00000006fc5ea830,0x00000006fc900000)
Event: 196.246 GC heap after
Heap after GC invocations=122 (full 24):
 PSYoungGen      total 340864K, used 0K [0x00000007aacb0000, 0x00000007c4380000, 0x0000000800000000)
  eden space 295872K, 0% used [0x00000007aacb0000,0x00000007aacb0000,0x00000007bcda0000)
  from space 44992K, 0% used [0x00000007c1790000,0x00000007c1790000,0x00000007c4380000)
  to   space 60352K, 0% used [0x00000007bcda0000,0x00000007bcda0000,0x00000007c0890000)
 ParOldGen       total 406976K, used 43944K [0x0000000700600000, 0x0000000719370000, 0x00000007aacb0000)
  object space 406976K, 10% used [0x0000000700600000,0x00000007030ea020,0x0000000719370000)
 PSPermGen       total 21504K, used 18346K [0x00000006fb400000, 0x00000006fc900000, 0x0000000700600000)
  object space 21504K, 85% used [0x00000006fb400000,0x00000006fc5ea830,0x00000006fc900000)
}
Event: 197.230 GC heap before
{Heap before GC invocations=123 (full 24):
 PSYoungGen      total 340864K, used 290959K [0x00000007aacb0000, 0x00000007c4380000, 0x0000000800000000)
  eden space 295872K, 98% used [0x00000007aacb0000,0x00000007bc8d3d58,0x00000007bcda0000)
  from space 44992K, 0% used [0x00000007c1790000,0x00000007c1790000,0x00000007c4380000)
  to   space 60352K, 0% used [0x00000007bcda0000,0x00000007bcda0000,0x00000007c0890000)
 ParOldGen       total 406976K, used 43944K [0x0000000700600000, 0x0000000719370000, 0x00000007aacb0000)
  object space 406976K, 10% used [0x0000000700600000,0x00000007030ea020,0x0000000719370000)
 PSPermGen       total 21504K, used 18346K [0x00000006fb400000, 0x00000006fc900000, 0x0000000700600000)
  object space 21504K, 85% used [0x00000006fb400000,0x00000006fc5ea830,0x00000006fc900000)
Event: 197.235 GC heap after
Heap after GC invocations=123 (full 24):
 PSYoungGen      total 356224K, used 39289K [0x00000007aacb0000, 0x00000007c5860000, 0x0000000800000000)
  eden space 295872K, 0% used [0x00000007aacb0000,0x00000007aacb0000,0x00000007bcda0000)
  from space 60352K, 65% used [0x00000007bcda0000,0x00000007bf3fe730,0x00000007c0890000)
  to   space 63424K, 0% used [0x00000007c1a70000,0x00000007c1a70000,0x00000007c5860000)
 ParOldGen       total 406976K, used 43944K [0x0000000700600000, 0x0000000719370000, 0x00000007aacb0000)
  object space 406976K, 10% used [0x0000000700600000,0x00000007030ea020,0x0000000719370000)
 PSPermGen       total 21504K, used 18346K [0x00000006fb400000, 0x00000006fc900000, 0x0000000700600000)
  object space 21504K, 85% used [0x00000006fb400000,0x00000006fc5ea830,0x00000006fc900000)
}

