# JRE version: 7.0_07-b11
# Java VM: Java HotSpot(TM) 64-Bit Server VM (23.3-b01 mixed mode windows-amd64 compressed oops)
Heap
 PSYoungGen      total 199616K, used 174944K [0x00000007aacb0000, 0x00000007b90c0000, 0x0000000800000000)
  eden space 175104K, 99% used [0x00000007aacb0000,0x00000007b5788290,0x00000007b57b0000)
  from space 24512K, 0% used [0x00000007b78d0000,0x00000007b78d0000,0x00000007b90c0000)
  to   space 28352K, 0% used [0x00000007b5960000,0x00000007b5960000,0x00000007b7510000)
 ParOldGen       total 361408K, used 358343K [0x0000000700600000, 0x00000007166f0000, 0x00000007aacb0000)
  object space 361408K, 99% used [0x0000000700600000,0x00000007163f1eb0,0x00000007166f0000)
 PSPermGen       total 40384K, used 17732K [0x00000006fb400000, 0x00000006fdb70000, 0x0000000700600000)
  object space 40384K, 43% used [0x00000006fb400000,0x00000006fc551300,0x00000006fdb70000)
GC Heap History (10 events):
Event: 17.621 GC heap before
{Heap before GC invocations=16 (full 0):
 PSYoungGen      total 214528K, used 213096K [0x00000007aacb0000, 0x00000007ba3e0000, 0x0000000800000000)
  eden space 196032K, 99% used [0x00000007aacb0000,0x00000007b6ac5e78,0x00000007b6c20000)
  from space 18496K, 99% used [0x00000007b73a0000,0x00000007b85a4430,0x00000007b85b0000)
  to   space 28544K, 0% used [0x00000007b8800000,0x00000007b8800000,0x00000007ba3e0000)
 ParOldGen       total 174528K, used 61499K [0x0000000700600000, 0x000000070b070000, 0x00000007aacb0000)
  object space 174528K, 35% used [0x0000000700600000,0x000000070420ece8,0x000000070b070000)
 PSPermGen       total 21248K, used 17678K [0x00000006fb400000, 0x00000006fc8c0000, 0x0000000700600000)
  object space 21248K, 83% used [0x00000006fb400000,0x00000006fc543880,0x00000006fc8c0000)
Event: 17.624 GC heap after
Heap after GC invocations=16 (full 0):
 PSYoungGen      total 208704K, used 18449K [0x00000007aacb0000, 0x00000007b9b80000, 0x0000000800000000)
  eden space 188736K, 0% used [0x00000007aacb0000,0x00000007aacb0000,0x00000007b6500000)
  from space 19968K, 92% used [0x00000007b8800000,0x00000007b9a04430,0x00000007b9b80000)
  to   space 27904K, 0% used [0x00000007b6500000,0x00000007b6500000,0x00000007b8040000)
 ParOldGen       total 174528K, used 61499K [0x0000000700600000, 0x000000070b070000, 0x00000007aacb0000)
  object space 174528K, 35% used [0x0000000700600000,0x000000070420ece8,0x000000070b070000)
 PSPermGen       total 21248K, used 17678K [0x00000006fb400000, 0x00000006fc8c0000, 0x0000000700600000)
  object space 21248K, 83% used [0x00000006fb400000,0x00000006fc543880,0x00000006fc8c0000)
}
Event: 18.679 GC heap before
{Heap before GC invocations=17 (full 0):
 PSYoungGen      total 208704K, used 207037K [0x00000007aacb0000, 0x00000007b9b80000, 0x0000000800000000)
  eden space 188736K, 99% used [0x00000007aacb0000,0x00000007b64db100,0x00000007b6500000)
  from space 19968K, 92% used [0x00000007b8800000,0x00000007b9a04430,0x00000007b9b80000)
  to   space 27904K, 0% used [0x00000007b6500000,0x00000007b6500000,0x00000007b8040000)
 ParOldGen       total 174528K, used 67574K [0x0000000700600000, 0x000000070b070000, 0x00000007aacb0000)
  object space 174528K, 38% used [0x0000000700600000,0x00000007047fd8f8,0x000000070b070000)
 PSPermGen       total 21248K, used 17681K [0x00000006fb400000, 0x00000006fc8c0000, 0x0000000700600000)
  object space 21248K, 83% used [0x00000006fb400000,0x00000006fc5446c8,0x00000006fc8c0000)
Event: 18.682 GC heap after
Heap after GC invocations=17 (full 0):
 PSYoungGen      total 200256K, used 18449K [0x00000007aacb0000, 0x00000007b9370000, 0x0000000800000000)
  eden space 181760K, 0% used [0x00000007aacb0000,0x00000007aacb0000,0x00000007b5e30000)
  from space 18496K, 99% used [0x00000007b6500000,0x00000007b7704430,0x00000007b7710000)
  to   space 27264K, 0% used [0x00000007b78d0000,0x00000007b78d0000,0x00000007b9370000)
 ParOldGen       total 174528K, used 67598K [0x0000000700600000, 0x000000070b070000, 0x00000007aacb0000)
  object space 174528K, 38% used [0x0000000700600000,0x00000007048038f8,0x000000070b070000)
 PSPermGen       total 21248K, used 17681K [0x00000006fb400000, 0x00000006fc8c0000, 0x0000000700600000)
  object space 21248K, 83% used [0x00000006fb400000,0x00000006fc5446c8,0x00000006fc8c0000)
}
Event: 21.757 GC heap before
{Heap before GC invocations=18 (full 1):
 PSYoungGen      total 200256K, used 195553K [0x00000007aacb0000, 0x00000007b9370000, 0x0000000800000000)
  eden space 181760K, 97% used [0x00000007aacb0000,0x00000007b59a4330,0x00000007b5e30000)
  from space 18496K, 99% used [0x00000007b6500000,0x00000007b7704430,0x00000007b7710000)
  to   space 27264K, 0% used [0x00000007b78d0000,0x00000007b78d0000,0x00000007b9370000)
 ParOldGen       total 454208K, used 450324K [0x0000000700600000, 0x000000071c190000, 0x00000007aacb0000)
  object space 454208K, 99% used [0x0000000700600000,0x000000071bdc50e8,0x000000071c190000)
 PSPermGen       total 21248K, used 17694K [0x00000006fb400000, 0x00000006fc8c0000, 0x0000000700600000)
  object space 21248K, 83% used [0x00000006fb400000,0x00000006fc547af8,0x00000006fc8c0000)
Event: 21.831 GC heap after
Heap after GC invocations=18 (full 1):
 PSYoungGen      total 200256K, used 0K [0x00000007aacb0000, 0x00000007b9370000, 0x0000000800000000)
  eden space 181760K, 0% used [0x00000007aacb0000,0x00000007aacb0000,0x00000007b5e30000)
  from space 18496K, 0% used [0x00000007b6500000,0x00000007b6500000,0x00000007b7710000)
  to   space 27264K, 0% used [0x00000007b78d0000,0x00000007b78d0000,0x00000007b9370000)
 ParOldGen       total 98432K, used 18141K [0x0000000700600000, 0x0000000706620000, 0x00000007aacb0000)
  object space 98432K, 18% used [0x0000000700600000,0x00000007017b75a0,0x0000000706620000)
 PSPermGen       total 35648K, used 17688K [0x00000006fb400000, 0x00000006fd6d0000, 0x0000000700600000)
  object space 35648K, 49% used [0x00000006fb400000,0x00000006fc546130,0x00000006fd6d0000)
}
Event: 22.762 GC heap before
{Heap before GC invocations=19 (full 1):
 PSYoungGen      total 200256K, used 176387K [0x00000007aacb0000, 0x00000007b9370000, 0x0000000800000000)
  eden space 181760K, 97% used [0x00000007aacb0000,0x00000007b58f0da0,0x00000007b5e30000)
  from space 18496K, 0% used [0x00000007b6500000,0x00000007b6500000,0x00000007b7710000)
  to   space 27264K, 0% used [0x00000007b78d0000,0x00000007b78d0000,0x00000007b9370000)
 ParOldGen       total 98432K, used 24216K [0x0000000700600000, 0x0000000706620000, 0x00000007aacb0000)
  object space 98432K, 24% used [0x0000000700600000,0x0000000701da61b0,0x0000000706620000)
 PSPermGen       total 35648K, used 17691K [0x00000006fb400000, 0x00000006fd6d0000, 0x0000000700600000)
  object space 35648K, 49% used [0x00000006fb400000,0x00000006fc546fe0,0x00000006fd6d0000)
Event: 22.767 GC heap after
Heap after GC invocations=19 (full 1):
 PSYoungGen      total 199616K, used 24492K [0x00000007aacb0000, 0x00000007b90c0000, 0x0000000800000000)
  eden space 175104K, 0% used [0x00000007aacb0000,0x00000007aacb0000,0x00000007b57b0000)
  from space 24512K, 99% used [0x00000007b78d0000,0x00000007b90bb040,0x00000007b90c0000)
  to   space 28352K, 0% used [0x00000007b5960000,0x00000007b5960000,0x00000007b7510000)
 ParOldGen       total 98432K, used 36366K [0x0000000700600000, 0x0000000706620000, 0x00000007aacb0000)
  object space 98432K, 36% used [0x0000000700600000,0x00000007029839d0,0x0000000706620000)
 PSPermGen       total 35648K, used 17691K [0x00000006fb400000, 0x00000006fd6d0000, 0x0000000700600000)
  object space 35648K, 49% used [0x00000006fb400000,0x00000006fc546fe0,0x00000006fd6d0000)
}
Event: 25.863 GC heap before
{Heap before GC invocations=20 (full 2):
 PSYoungGen      total 199616K, used 195031K [0x00000007aacb0000, 0x00000007b90c0000, 0x0000000800000000)
  eden space 175104K, 97% used [0x00000007aacb0000,0x00000007b533ad70,0x00000007b57b0000)
  from space 24512K, 99% used [0x00000007b78d0000,0x00000007b90bb040,0x00000007b90c0000)
  to   space 28352K, 0% used [0x00000007b5960000,0x00000007b5960000,0x00000007b7510000)
 ParOldGen       total 426752K, used 425167K [0x0000000700600000, 0x000000071a6c0000, 0x00000007aacb0000)
  object space 426752K, 99% used [0x0000000700600000,0x000000071a533dd0,0x000000071a6c0000)
 PSPermGen       total 35648K, used 17697K [0x00000006fb400000, 0x00000006fd6d0000, 0x0000000700600000)
  object space 35648K, 49% used [0x00000006fb400000,0x00000006fc5486a8,0x00000006fd6d0000)
Event: 25.911 GC heap after
Heap after GC invocations=20 (full 2):
 PSYoungGen      total 199616K, used 0K [0x00000007aacb0000, 0x00000007b90c0000, 0x0000000800000000)
  eden space 175104K, 0% used [0x00000007aacb0000,0x00000007aacb0000,0x00000007b57b0000)
  from space 24512K, 0% used [0x00000007b78d0000,0x00000007b78d0000,0x00000007b90c0000)
  to   space 28352K, 0% used [0x00000007b5960000,0x00000007b5960000,0x00000007b7510000)
 ParOldGen       total 106048K, used 24217K [0x0000000700600000, 0x0000000706d90000, 0x00000007aacb0000)
  object space 106048K, 22% used [0x0000000700600000,0x0000000701da6740,0x0000000706d90000)
 PSPermGen       total 40384K, used 17697K [0x00000006fb400000, 0x00000006fdb70000, 0x0000000700600000)
  object space 40384K, 43% used [0x00000006fb400000,0x00000006fc5486a8,0x00000006fdb70000)
}

