# JRE version: 7.0_07-b11
# Java VM: Java HotSpot(TM) 64-Bit Server VM (23.3-b01 mixed mode windows-amd64 compressed oops)
Heap
 PSYoungGen      total 512960K, used 62558K [0x00000007aacb0000, 0x00000007cede0000, 0x0000000800000000)
  eden space 459776K, 2% used [0x00000007aacb0000,0x00000007ab5db028,0x00000007c6db0000)
  from space 53184K, 99% used [0x00000007ca8f0000,0x00000007cdcdc9d8,0x00000007cdce0000)
  to   space 60672K, 0% used [0x00000007c6db0000,0x00000007c6db0000,0x00000007ca8f0000)
 ParOldGen       total 196288K, used 35760K [0x0000000700600000, 0x000000070c5b0000, 0x00000007aacb0000)
  object space 196288K, 18% used [0x0000000700600000,0x00000007028ec210,0x000000070c5b0000)
 PSPermGen       total 39232K, used 18014K [0x00000006fb400000, 0x00000006fda50000, 0x0000000700600000)
  object space 39232K, 45% used [0x00000006fb400000,0x00000006fc597818,0x00000006fda50000)
GC Heap History (10 events):
Event: 10.129 GC heap before
{Heap before GC invocations=13 (full 3):
 PSYoungGen      total 337792K, used 287360K [0x00000007aacb0000, 0x00000007c3a90000, 0x0000000800000000)
  eden space 287360K, 100% used [0x00000007aacb0000,0x00000007bc550000,0x00000007bc550000)
  from space 50432K, 0% used [0x00000007bfca0000,0x00000007bfca0000,0x00000007c2de0000)
  to   space 56640K, 0% used [0x00000007bc550000,0x00000007bc550000,0x00000007bfca0000)
 ParOldGen       total 305024K, used 302999K [0x0000000700600000, 0x0000000712fe0000, 0x00000007aacb0000)
  object space 305024K, 99% used [0x0000000700600000,0x0000000712de5d50,0x0000000712fe0000)
 PSPermGen       total 40448K, used 17979K [0x00000006fb400000, 0x00000006fdb80000, 0x0000000700600000)
  object space 40448K, 44% used [0x00000006fb400000,0x00000006fc58edb8,0x00000006fdb80000)
Event: 10.178 GC heap after
Heap after GC invocations=13 (full 3):
 PSYoungGen      total 337792K, used 0K [0x00000007aacb0000, 0x00000007c3a90000, 0x0000000800000000)
  eden space 287360K, 0% used [0x00000007aacb0000,0x00000007aacb0000,0x00000007bc550000)
  from space 50432K, 0% used [0x00000007bfca0000,0x00000007bfca0000,0x00000007c2de0000)
  to   space 56640K, 0% used [0x00000007bc550000,0x00000007bc550000,0x00000007bfca0000)
 ParOldGen       total 196288K, used 35696K [0x0000000700600000, 0x000000070c5b0000, 0x00000007aacb0000)
  object space 196288K, 18% used [0x0000000700600000,0x00000007028dc210,0x000000070c5b0000)
 PSPermGen       total 39232K, used 17979K [0x00000006fb400000, 0x00000006fda50000, 0x0000000700600000)
  object space 39232K, 45% used [0x00000006fb400000,0x00000006fc58ed78,0x00000006fda50000)
}
Event: 10.684 GC heap before
{Heap before GC invocations=14 (full 3):
 PSYoungGen      total 337792K, used 286308K [0x00000007aacb0000, 0x00000007c3a90000, 0x0000000800000000)
  eden space 287360K, 99% used [0x00000007aacb0000,0x00000007bc4491c8,0x00000007bc550000)
  from space 50432K, 0% used [0x00000007bfca0000,0x00000007bfca0000,0x00000007c2de0000)
  to   space 56640K, 0% used [0x00000007bc550000,0x00000007bc550000,0x00000007bfca0000)
 ParOldGen       total 196288K, used 35696K [0x0000000700600000, 0x000000070c5b0000, 0x00000007aacb0000)
  object space 196288K, 18% used [0x0000000700600000,0x00000007028dc210,0x000000070c5b0000)
 PSPermGen       total 39232K, used 17979K [0x00000006fb400000, 0x00000006fda50000, 0x0000000700600000)
  object space 39232K, 45% used [0x00000006fb400000,0x00000006fc58ef50,0x00000006fda50000)
Event: 10.688 GC heap after
Heap after GC invocations=14 (full 3):
 PSYoungGen      total 344000K, used 10981K [0x00000007aacb0000, 0x00000007c86d0000, 0x0000000800000000)
  eden space 287360K, 0% used [0x00000007aacb0000,0x00000007aacb0000,0x00000007bc550000)
  from space 56640K, 19% used [0x00000007bc550000,0x00000007bd0097a0,0x00000007bfca0000)
  to   space 56128K, 0% used [0x00000007c5000000,0x00000007c5000000,0x00000007c86d0000)
 ParOldGen       total 196288K, used 35696K [0x0000000700600000, 0x000000070c5b0000, 0x00000007aacb0000)
  object space 196288K, 18% used [0x0000000700600000,0x00000007028dc210,0x000000070c5b0000)
 PSPermGen       total 39232K, used 17979K [0x00000006fb400000, 0x00000006fda50000, 0x0000000700600000)
  object space 39232K, 45% used [0x00000006fb400000,0x00000006fc58ef50,0x00000006fda50000)
}
Event: 11.183 GC heap before
{Heap before GC invocations=15 (full 3):
 PSYoungGen      total 344000K, used 294183K [0x00000007aacb0000, 0x00000007c86d0000, 0x0000000800000000)
  eden space 287360K, 98% used [0x00000007aacb0000,0x00000007bc140480,0x00000007bc550000)
  from space 56640K, 19% used [0x00000007bc550000,0x00000007bd0097a0,0x00000007bfca0000)
  to   space 56128K, 0% used [0x00000007c5000000,0x00000007c5000000,0x00000007c86d0000)
 ParOldGen       total 196288K, used 35696K [0x0000000700600000, 0x000000070c5b0000, 0x00000007aacb0000)
  object space 196288K, 18% used [0x0000000700600000,0x00000007028dc210,0x000000070c5b0000)
 PSPermGen       total 39232K, used 17982K [0x00000006fb400000, 0x00000006fda50000, 0x0000000700600000)
  object space 39232K, 45% used [0x00000006fb400000,0x00000006fc58f910,0x00000006fda50000)
Event: 11.190 GC heap after
Heap after GC invocations=15 (full 3):
 PSYoungGen      total 420928K, used 29102K [0x00000007aacb0000, 0x00000007c8140000, 0x0000000800000000)
  eden space 370496K, 0% used [0x00000007aacb0000,0x00000007aacb0000,0x00000007c1680000)
  from space 50432K, 57% used [0x00000007c5000000,0x00000007c6c6b8c0,0x00000007c8140000)
  to   space 54656K, 0% used [0x00000007c1680000,0x00000007c1680000,0x00000007c4be0000)
 ParOldGen       total 196288K, used 35728K [0x0000000700600000, 0x000000070c5b0000, 0x00000007aacb0000)
  object space 196288K, 18% used [0x0000000700600000,0x00000007028e4210,0x000000070c5b0000)
 PSPermGen       total 39232K, used 17982K [0x00000006fb400000, 0x00000006fda50000, 0x0000000700600000)
  object space 39232K, 45% used [0x00000006fb400000,0x00000006fc58f910,0x00000006fda50000)
}
Event: 11.857 GC heap before
{Heap before GC invocations=16 (full 3):
 PSYoungGen      total 420928K, used 396571K [0x00000007aacb0000, 0x00000007c8140000, 0x0000000800000000)
  eden space 370496K, 99% used [0x00000007aacb0000,0x00000007c138b568,0x00000007c1680000)
  from space 50432K, 57% used [0x00000007c5000000,0x00000007c6c6b8c0,0x00000007c8140000)
  to   space 54656K, 0% used [0x00000007c1680000,0x00000007c1680000,0x00000007c4be0000)
 ParOldGen       total 196288K, used 35728K [0x0000000700600000, 0x000000070c5b0000, 0x00000007aacb0000)
  object space 196288K, 18% used [0x0000000700600000,0x00000007028e4210,0x000000070c5b0000)
 PSPermGen       total 39232K, used 17992K [0x00000006fb400000, 0x00000006fda50000, 0x0000000700600000)
  object space 39232K, 45% used [0x00000006fb400000,0x00000006fc592198,0x00000006fda50000)
Event: 11.861 GC heap after
Heap after GC invocations=16 (full 3):
 PSYoungGen      total 425152K, used 28901K [0x00000007aacb0000, 0x00000007cdce0000, 0x0000000800000000)
  eden space 370496K, 0% used [0x00000007aacb0000,0x00000007aacb0000,0x00000007c1680000)
  from space 54656K, 52% used [0x00000007c1680000,0x00000007c32b95b0,0x00000007c4be0000)
  to   space 53184K, 0% used [0x00000007ca8f0000,0x00000007ca8f0000,0x00000007cdce0000)
 ParOldGen       total 196288K, used 35752K [0x0000000700600000, 0x000000070c5b0000, 0x00000007aacb0000)
  object space 196288K, 18% used [0x0000000700600000,0x00000007028ea210,0x000000070c5b0000)
 PSPermGen       total 39232K, used 17992K [0x00000006fb400000, 0x00000006fda50000, 0x0000000700600000)
  object space 39232K, 45% used [0x00000006fb400000,0x00000006fc592198,0x00000006fda50000)
}
Event: 12.519 GC heap before
{Heap before GC invocations=17 (full 3):
 PSYoungGen      total 425152K, used 398282K [0x00000007aacb0000, 0x00000007cdce0000, 0x0000000800000000)
  eden space 370496K, 99% used [0x00000007aacb0000,0x00000007c1569498,0x00000007c1680000)
  from space 54656K, 52% used [0x00000007c1680000,0x00000007c32b95b0,0x00000007c4be0000)
  to   space 53184K, 0% used [0x00000007ca8f0000,0x00000007ca8f0000,0x00000007cdce0000)
 ParOldGen       total 196288K, used 35752K [0x0000000700600000, 0x000000070c5b0000, 0x00000007aacb0000)
  object space 196288K, 18% used [0x0000000700600000,0x00000007028ea210,0x000000070c5b0000)
 PSPermGen       total 39232K, used 18001K [0x00000006fb400000, 0x00000006fda50000, 0x0000000700600000)
  object space 39232K, 45% used [0x00000006fb400000,0x00000006fc594418,0x00000006fda50000)
Event: 12.531 GC heap after
Heap after GC invocations=17 (full 3):
 PSYoungGen      total 512960K, used 53170K [0x00000007aacb0000, 0x00000007cede0000, 0x0000000800000000)
  eden space 459776K, 0% used [0x00000007aacb0000,0x00000007aacb0000,0x00000007c6db0000)
  from space 53184K, 99% used [0x00000007ca8f0000,0x00000007cdcdc9d8,0x00000007cdce0000)
  to   space 60672K, 0% used [0x00000007c6db0000,0x00000007c6db0000,0x00000007ca8f0000)
 ParOldGen       total 196288K, used 35760K [0x0000000700600000, 0x000000070c5b0000, 0x00000007aacb0000)
  object space 196288K, 18% used [0x0000000700600000,0x00000007028ec210,0x000000070c5b0000)
 PSPermGen       total 39232K, used 18001K [0x00000006fb400000, 0x00000006fda50000, 0x0000000700600000)
  object space 39232K, 45% used [0x00000006fb400000,0x00000006fc594418,0x00000006fda50000)
}

