# JRE version: 7.0_07-b11
# Java VM: Java HotSpot(TM) 64-Bit Server VM (23.3-b01 mixed mode windows-amd64 compressed oops)
Heap
 PSYoungGen      total 1334720K, used 699874K [0x00000007aacb0000, 0x00000007ffc20000, 0x0000000800000000)
  eden space 1281600K, 54% used [0x00000007aacb0000,0x00000007d5828b38,0x00000007f9040000)
  from space 53120K, 0% used [0x00000007fc840000,0x00000007fc840000,0x00000007ffc20000)
  to   space 55232K, 0% used [0x00000007f9040000,0x00000007f9040000,0x00000007fc630000)
 ParOldGen       total 402624K, used 48048K [0x0000000700600000, 0x0000000718f30000, 0x00000007aacb0000)
  object space 402624K, 11% used [0x0000000700600000,0x00000007034ec2b8,0x0000000718f30000)
 PSPermGen       total 34176K, used 18232K [0x00000006fb400000, 0x00000006fd560000, 0x0000000700600000)
  object space 34176K, 53% used [0x00000006fb400000,0x00000006fc5ce098,0x00000006fd560000)
GC Heap History (10 events):
Event: 36.959 GC heap before
{Heap before GC invocations=28 (full 5):
 PSYoungGen      total 1222144K, used 1161379K [0x00000007aacb0000, 0x00000007f9b70000, 0x0000000800000000)
  eden space 1163392K, 99% used [0x00000007aacb0000,0x00000007f1ad8e30,0x00000007f1cd0000)
  from space 58752K, 0% used [0x00000007f5910000,0x00000007f5910000,0x00000007f9270000)
  to   space 61696K, 0% used [0x00000007f1cd0000,0x00000007f1cd0000,0x00000007f5910000)
 ParOldGen       total 326656K, used 53688K [0x0000000700600000, 0x0000000714500000, 0x00000007aacb0000)
  object space 326656K, 16% used [0x0000000700600000,0x0000000703a6e058,0x0000000714500000)
 PSPermGen       total 35904K, used 18179K [0x00000006fb400000, 0x00000006fd710000, 0x0000000700600000)
  object space 35904K, 50% used [0x00000006fb400000,0x00000006fc5c0d38,0x00000006fd710000)
Event: 36.966 GC heap after
Heap after GC invocations=28 (full 5):
 PSYoungGen      total 1225088K, used 29347K [0x00000007aacb0000, 0x00000007ffea0000, 0x0000000800000000)
  eden space 1163392K, 0% used [0x00000007aacb0000,0x00000007aacb0000,0x00000007f1cd0000)
  from space 61696K, 47% used [0x00000007f1cd0000,0x00000007f3978e00,0x00000007f5910000)
  to   space 59520K, 0% used [0x00000007fc480000,0x00000007fc480000,0x00000007ffea0000)
 ParOldGen       total 326656K, used 53688K [0x0000000700600000, 0x0000000714500000, 0x00000007aacb0000)
  object space 326656K, 16% used [0x0000000700600000,0x0000000703a6e058,0x0000000714500000)
 PSPermGen       total 35904K, used 18179K [0x00000006fb400000, 0x00000006fd710000, 0x0000000700600000)
  object space 35904K, 50% used [0x00000006fb400000,0x00000006fc5c0d38,0x00000006fd710000)
}
Event: 39.292 GC heap before
{Heap before GC invocations=29 (full 5):
 PSYoungGen      total 1225088K, used 1192739K [0x00000007aacb0000, 0x00000007ffea0000, 0x0000000800000000)
  eden space 1163392K, 100% used [0x00000007aacb0000,0x00000007f1cd0000,0x00000007f1cd0000)
  from space 61696K, 47% used [0x00000007f1cd0000,0x00000007f3978e00,0x00000007f5910000)
  to   space 59520K, 0% used [0x00000007fc480000,0x00000007fc480000,0x00000007ffea0000)
 ParOldGen       total 326656K, used 147628K [0x0000000700600000, 0x0000000714500000, 0x00000007aacb0000)
  object space 326656K, 45% used [0x0000000700600000,0x000000070962b060,0x0000000714500000)
 PSPermGen       total 35904K, used 18183K [0x00000006fb400000, 0x00000006fd710000, 0x0000000700600000)
  object space 35904K, 50% used [0x00000006fb400000,0x00000006fc5c1e28,0x00000006fd710000)
Event: 39.298 GC heap after
Heap after GC invocations=29 (full 5):
 PSYoungGen      total 1320000K, used 18926K [0x00000007aacb0000, 0x00000007ff520000, 0x0000000800000000)
  eden space 1270208K, 0% used [0x00000007aacb0000,0x00000007aacb0000,0x00000007f8520000)
  from space 49792K, 38% used [0x00000007fc480000,0x00000007fd6fb8b8,0x00000007ff520000)
  to   space 57344K, 0% used [0x00000007f8520000,0x00000007f8520000,0x00000007fbd20000)
 ParOldGen       total 326656K, used 147628K [0x0000000700600000, 0x0000000714500000, 0x00000007aacb0000)
  object space 326656K, 45% used [0x0000000700600000,0x000000070962b060,0x0000000714500000)
 PSPermGen       total 35904K, used 18183K [0x00000006fb400000, 0x00000006fd710000, 0x0000000700600000)
  object space 35904K, 50% used [0x00000006fb400000,0x00000006fc5c1e28,0x00000006fd710000)
}
Event: 41.592 GC heap before
{Heap before GC invocations=30 (full 5):
 PSYoungGen      total 1320000K, used 1289064K [0x00000007aacb0000, 0x00000007ff520000, 0x0000000800000000)
  eden space 1270208K, 99% used [0x00000007aacb0000,0x00000007f850ea50,0x00000007f8520000)
  from space 49792K, 38% used [0x00000007fc480000,0x00000007fd6fb8b8,0x00000007ff520000)
  to   space 57344K, 0% used [0x00000007f8520000,0x00000007f8520000,0x00000007fbd20000)
 ParOldGen       total 326656K, used 147765K [0x0000000700600000, 0x0000000714500000, 0x00000007aacb0000)
  object space 326656K, 45% used [0x0000000700600000,0x000000070964d738,0x0000000714500000)
 PSPermGen       total 35904K, used 18186K [0x00000006fb400000, 0x00000006fd710000, 0x0000000700600000)
  object space 35904K, 50% used [0x00000006fb400000,0x00000006fc5c2800,0x00000006fd710000)
Event: 41.600 GC heap after
Heap after GC invocations=30 (full 5):
 PSYoungGen      total 1327552K, used 33291K [0x00000007aacb0000, 0x0000000800000000, 0x0000000800000000)
  eden space 1270208K, 0% used [0x00000007aacb0000,0x00000007aacb0000,0x00000007f8520000)
  from space 57344K, 58% used [0x00000007f8520000,0x00000007fa5a2f48,0x00000007fbd20000)
  to   space 57088K, 0% used [0x00000007fc840000,0x00000007fc840000,0x0000000800000000)
 ParOldGen       total 326656K, used 147773K [0x0000000700600000, 0x0000000714500000, 0x00000007aacb0000)
  object space 326656K, 45% used [0x0000000700600000,0x000000070964f738,0x0000000714500000)
 PSPermGen       total 35904K, used 18186K [0x00000006fb400000, 0x00000006fd710000, 0x0000000700600000)
  object space 35904K, 50% used [0x00000006fb400000,0x00000006fc5c2800,0x00000006fd710000)
}
Event: 43.990 GC heap before
{Heap before GC invocations=31 (full 5):
 PSYoungGen      total 1327552K, used 1303499K [0x00000007aacb0000, 0x0000000800000000, 0x0000000800000000)
  eden space 1270208K, 100% used [0x00000007aacb0000,0x00000007f8520000,0x00000007f8520000)
  from space 57344K, 58% used [0x00000007f8520000,0x00000007fa5a2f48,0x00000007fbd20000)
  to   space 57088K, 0% used [0x00000007fc840000,0x00000007fc840000,0x0000000800000000)
 ParOldGen       total 326656K, used 193836K [0x0000000700600000, 0x0000000714500000, 0x00000007aacb0000)
  object space 326656K, 59% used [0x0000000700600000,0x000000070c34b0a8,0x0000000714500000)
 PSPermGen       total 35904K, used 18189K [0x00000006fb400000, 0x00000006fd710000, 0x0000000700600000)
  object space 35904K, 50% used [0x00000006fb400000,0x00000006fc5c3748,0x00000006fd710000)
Event: 43.993 GC heap after
Heap after GC invocations=31 (full 5):
 PSYoungGen      total 1334720K, used 18820K [0x00000007aacb0000, 0x00000007ffc20000, 0x0000000800000000)
  eden space 1281600K, 0% used [0x00000007aacb0000,0x00000007aacb0000,0x00000007f9040000)
  from space 53120K, 35% used [0x00000007fc840000,0x00000007fdaa11e0,0x00000007ffc20000)
  to   space 55232K, 0% used [0x00000007f9040000,0x00000007f9040000,0x00000007fc630000)
 ParOldGen       total 326656K, used 193836K [0x0000000700600000, 0x0000000714500000, 0x00000007aacb0000)
  object space 326656K, 59% used [0x0000000700600000,0x000000070c34b0a8,0x0000000714500000)
 PSPermGen       total 35904K, used 18189K [0x00000006fb400000, 0x00000006fd710000, 0x0000000700600000)
  object space 35904K, 50% used [0x00000006fb400000,0x00000006fc5c3748,0x00000006fd710000)
}
Event: 47.464 GC heap before
{Heap before GC invocations=32 (full 6):
 PSYoungGen      total 1334720K, used 1300379K [0x00000007aacb0000, 0x00000007ffc20000, 0x0000000800000000)
  eden space 1281600K, 99% used [0x00000007aacb0000,0x00000007f9035b18,0x00000007f9040000)
  from space 53120K, 35% used [0x00000007fc840000,0x00000007fdaa11e0,0x00000007ffc20000)
  to   space 55232K, 0% used [0x00000007f9040000,0x00000007f9040000,0x00000007fc630000)
 ParOldGen       total 509760K, used 509526K [0x0000000700600000, 0x000000071f7d0000, 0x00000007aacb0000)
  object space 509760K, 99% used [0x0000000700600000,0x000000071f7958d8,0x000000071f7d0000)
 PSPermGen       total 35904K, used 18197K [0x00000006fb400000, 0x00000006fd710000, 0x0000000700600000)
  object space 35904K, 50% used [0x00000006fb400000,0x00000006fc5c57e8,0x00000006fd710000)
Event: 47.511 GC heap after
Heap after GC invocations=32 (full 6):
 PSYoungGen      total 1334720K, used 0K [0x00000007aacb0000, 0x00000007ffc20000, 0x0000000800000000)
  eden space 1281600K, 0% used [0x00000007aacb0000,0x00000007aacb0000,0x00000007f9040000)
  from space 53120K, 0% used [0x00000007fc840000,0x00000007fc840000,0x00000007ffc20000)
  to   space 55232K, 0% used [0x00000007f9040000,0x00000007f9040000,0x00000007fc630000)
 ParOldGen       total 402624K, used 48048K [0x0000000700600000, 0x0000000718f30000, 0x00000007aacb0000)
  object space 402624K, 11% used [0x0000000700600000,0x00000007034ec2b8,0x0000000718f30000)
 PSPermGen       total 34176K, used 18197K [0x00000006fb400000, 0x00000006fd560000, 0x0000000700600000)
  object space 34176K, 53% used [0x00000006fb400000,0x00000006fc5c56c8,0x00000006fd560000)
}

