# JRE version: 7.0_07-b11
# Java VM: Java HotSpot(TM) 64-Bit Server VM (23.3-b01 mixed mode windows-amd64 compressed oops)
Heap
 PSYoungGen      total 1320384K, used 51197K [0x00000007aacb0000, 0x0000000800000000, 0x0000000800000000)
  eden space 1247680K, 0% used [0x00000007aacb0000,0x00000007ab121530,0x00000007f6f20000)
  from space 72704K, 64% used [0x00000007fb900000,0x00000007fe68df08,0x0000000800000000)
  to   space 74176K, 0% used [0x00000007f6f20000,0x00000007f6f20000,0x00000007fb790000)
 ParOldGen       total 263168K, used 132731K [0x0000000700600000, 0x0000000710700000, 0x00000007aacb0000)
  object space 263168K, 50% used [0x0000000700600000,0x000000070879eea8,0x0000000710700000)
 PSPermGen       total 37696K, used 18260K [0x00000006fb400000, 0x00000006fd8d0000, 0x0000000700600000)
  object space 37696K, 48% used [0x00000006fb400000,0x00000006fc5d5358,0x00000006fd8d0000)
GC Heap History (10 events):
Event: 19.150 GC heap before
{Heap before GC invocations=16 (full 4):
 PSYoungGen      total 1008448K, used 966434K [0x00000007aacb0000, 0x00000007ed0f0000, 0x0000000800000000)
  eden space 966656K, 99% used [0x00000007aacb0000,0x00000007e5c78b30,0x00000007e5cb0000)
  from space 41792K, 0% used [0x00000007ea820000,0x00000007ea820000,0x00000007ed0f0000)
  to   space 59520K, 0% used [0x00000007e5cb0000,0x00000007e5cb0000,0x00000007e96d0000)
 ParOldGen       total 370944K, used 367801K [0x0000000700600000, 0x0000000717040000, 0x00000007aacb0000)
  object space 370944K, 99% used [0x0000000700600000,0x0000000716d2e720,0x0000000717040000)
 PSPermGen       total 39744K, used 18166K [0x00000006fb400000, 0x00000006fdad0000, 0x0000000700600000)
  object space 39744K, 45% used [0x00000006fb400000,0x00000006fc5bd810,0x00000006fdad0000)
Event: 19.194 GC heap after
Heap after GC invocations=16 (full 4):
 PSYoungGen      total 1008448K, used 0K [0x00000007aacb0000, 0x00000007ed0f0000, 0x0000000800000000)
  eden space 966656K, 0% used [0x00000007aacb0000,0x00000007aacb0000,0x00000007e5cb0000)
  from space 41792K, 0% used [0x00000007ea820000,0x00000007ea820000,0x00000007ed0f0000)
  to   space 59520K, 0% used [0x00000007e5cb0000,0x00000007e5cb0000,0x00000007e96d0000)
 ParOldGen       total 263168K, used 55066K [0x0000000700600000, 0x0000000710700000, 0x00000007aacb0000)
  object space 263168K, 20% used [0x0000000700600000,0x0000000703bc6a18,0x0000000710700000)
 PSPermGen       total 37696K, used 18165K [0x00000006fb400000, 0x00000006fd8d0000, 0x0000000700600000)
  object space 37696K, 48% used [0x00000006fb400000,0x00000006fc5bd750,0x00000006fd8d0000)
}
Event: 21.422 GC heap before
{Heap before GC invocations=17 (full 4):
 PSYoungGen      total 1008448K, used 963848K [0x00000007aacb0000, 0x00000007ed0f0000, 0x0000000800000000)
  eden space 966656K, 99% used [0x00000007aacb0000,0x00000007e59f20d0,0x00000007e5cb0000)
  from space 41792K, 0% used [0x00000007ea820000,0x00000007ea820000,0x00000007ed0f0000)
  to   space 59520K, 0% used [0x00000007e5cb0000,0x00000007e5cb0000,0x00000007e96d0000)
 ParOldGen       total 263168K, used 58483K [0x0000000700600000, 0x0000000710700000, 0x00000007aacb0000)
  object space 263168K, 22% used [0x0000000700600000,0x0000000703f1cee8,0x0000000710700000)
 PSPermGen       total 37696K, used 18189K [0x00000006fb400000, 0x00000006fd8d0000, 0x0000000700600000)
  object space 37696K, 48% used [0x00000006fb400000,0x00000006fc5c35a0,0x00000006fd8d0000)
Event: 21.437 GC heap after
Heap after GC invocations=17 (full 4):
 PSYoungGen      total 1026176K, used 58657K [0x00000007aacb0000, 0x0000000800000000, 0x0000000800000000)
  eden space 966656K, 0% used [0x00000007aacb0000,0x00000007aacb0000,0x00000007e5cb0000)
  from space 59520K, 98% used [0x00000007e5cb0000,0x00000007e95f84a0,0x00000007e96d0000)
  to   space 67776K, 0% used [0x00000007fbdd0000,0x00000007fbdd0000,0x0000000800000000)
 ParOldGen       total 263168K, used 68351K [0x0000000700600000, 0x0000000710700000, 0x00000007aacb0000)
  object space 263168K, 25% used [0x0000000700600000,0x00000007048bfda8,0x0000000710700000)
 PSPermGen       total 37696K, used 18189K [0x00000006fb400000, 0x00000006fd8d0000, 0x0000000700600000)
  object space 37696K, 48% used [0x00000006fb400000,0x00000006fc5c35a0,0x00000006fd8d0000)
}
Event: 23.428 GC heap before
{Heap before GC invocations=18 (full 4):
 PSYoungGen      total 1026176K, used 1025313K [0x00000007aacb0000, 0x0000000800000000, 0x0000000800000000)
  eden space 966656K, 100% used [0x00000007aacb0000,0x00000007e5cb0000,0x00000007e5cb0000)
  from space 59520K, 98% used [0x00000007e5cb0000,0x00000007e95f84a0,0x00000007e96d0000)
  to   space 67776K, 0% used [0x00000007fbdd0000,0x00000007fbdd0000,0x0000000800000000)
 ParOldGen       total 263168K, used 104804K [0x0000000700600000, 0x0000000710700000, 0x00000007aacb0000)
  object space 263168K, 39% used [0x0000000700600000,0x0000000706c59188,0x0000000710700000)
 PSPermGen       total 37696K, used 18215K [0x00000006fb400000, 0x00000006fd8d0000, 0x0000000700600000)
  object space 37696K, 48% used [0x00000006fb400000,0x00000006fc5c9ce8,0x00000006fd8d0000)
Event: 23.434 GC heap after
Heap after GC invocations=18 (full 4):
 PSYoungGen      total 1278208K, used 10676K [0x00000007aacb0000, 0x00000007fe750000, 0x0000000800000000)
  eden space 1235712K, 0% used [0x00000007aacb0000,0x00000007aacb0000,0x00000007f6370000)
  from space 42496K, 25% used [0x00000007fbdd0000,0x00000007fc83d180,0x00000007fe750000)
  to   space 67520K, 0% used [0x00000007f6370000,0x00000007f6370000,0x00000007fa560000)
 ParOldGen       total 263168K, used 132731K [0x0000000700600000, 0x0000000710700000, 0x00000007aacb0000)
  object space 263168K, 50% used [0x0000000700600000,0x000000070879eea8,0x0000000710700000)
 PSPermGen       total 37696K, used 18215K [0x00000006fb400000, 0x00000006fd8d0000, 0x0000000700600000)
  object space 37696K, 48% used [0x00000006fb400000,0x00000006fc5c9ce8,0x00000006fd8d0000)
}
Event: 27.889 GC heap before
{Heap before GC invocations=19 (full 4):
 PSYoungGen      total 1278208K, used 1245459K [0x00000007aacb0000, 0x00000007fe750000, 0x0000000800000000)
  eden space 1235712K, 99% used [0x00000007aacb0000,0x00000007f6287b68,0x00000007f6370000)
  from space 42496K, 25% used [0x00000007fbdd0000,0x00000007fc83d180,0x00000007fe750000)
  to   space 67520K, 0% used [0x00000007f6370000,0x00000007f6370000,0x00000007fa560000)
 ParOldGen       total 263168K, used 132731K [0x0000000700600000, 0x0000000710700000, 0x00000007aacb0000)
  object space 263168K, 50% used [0x0000000700600000,0x000000070879eea8,0x0000000710700000)
 PSPermGen       total 37696K, used 18249K [0x00000006fb400000, 0x00000006fd8d0000, 0x0000000700600000)
  object space 37696K, 48% used [0x00000006fb400000,0x00000006fc5d2450,0x00000006fd8d0000)
Event: 27.927 GC heap after
Heap after GC invocations=19 (full 4):
 PSYoungGen      total 1303232K, used 53259K [0x00000007aacb0000, 0x0000000800000000, 0x0000000800000000)
  eden space 1235712K, 0% used [0x00000007aacb0000,0x00000007aacb0000,0x00000007f6370000)
  from space 67520K, 78% used [0x00000007f6370000,0x00000007f9772e58,0x00000007fa560000)
  to   space 72704K, 0% used [0x00000007fb900000,0x00000007fb900000,0x0000000800000000)
 ParOldGen       total 263168K, used 132731K [0x0000000700600000, 0x0000000710700000, 0x00000007aacb0000)
  object space 263168K, 50% used [0x0000000700600000,0x000000070879eea8,0x0000000710700000)
 PSPermGen       total 37696K, used 18249K [0x00000006fb400000, 0x00000006fd8d0000, 0x0000000700600000)
  object space 37696K, 48% used [0x00000006fb400000,0x00000006fc5d2450,0x00000006fd8d0000)
}
Event: 30.581 GC heap before
{Heap before GC invocations=20 (full 4):
 PSYoungGen      total 1303232K, used 1288900K [0x00000007aacb0000, 0x0000000800000000, 0x0000000800000000)
  eden space 1235712K, 99% used [0x00000007aacb0000,0x00000007f635e578,0x00000007f6370000)
  from space 67520K, 78% used [0x00000007f6370000,0x00000007f9772e58,0x00000007fa560000)
  to   space 72704K, 0% used [0x00000007fb900000,0x00000007fb900000,0x0000000800000000)
 ParOldGen       total 263168K, used 132731K [0x0000000700600000, 0x0000000710700000, 0x00000007aacb0000)
  object space 263168K, 50% used [0x0000000700600000,0x000000070879eea8,0x0000000710700000)
 PSPermGen       total 37696K, used 18260K [0x00000006fb400000, 0x00000006fd8d0000, 0x0000000700600000)
  object space 37696K, 48% used [0x00000006fb400000,0x00000006fc5d5180,0x00000006fd8d0000)
Event: 30.602 GC heap after
Heap after GC invocations=20 (full 4):
 PSYoungGen      total 1320384K, used 46647K [0x00000007aacb0000, 0x0000000800000000, 0x0000000800000000)
  eden space 1247680K, 0% used [0x00000007aacb0000,0x00000007aacb0000,0x00000007f6f20000)
  from space 72704K, 64% used [0x00000007fb900000,0x00000007fe68df08,0x0000000800000000)
  to   space 74176K, 0% used [0x00000007f6f20000,0x00000007f6f20000,0x00000007fb790000)
 ParOldGen       total 263168K, used 132731K [0x0000000700600000, 0x0000000710700000, 0x00000007aacb0000)
  object space 263168K, 50% used [0x0000000700600000,0x000000070879eea8,0x0000000710700000)
 PSPermGen       total 37696K, used 18260K [0x00000006fb400000, 0x00000006fd8d0000, 0x0000000700600000)
  object space 37696K, 48% used [0x00000006fb400000,0x00000006fc5d5180,0x00000006fd8d0000)
}

