# JRE version: 7.0_07-b11
# Java VM: Java HotSpot(TM) 64-Bit Server VM (23.3-b01 mixed mode windows-amd64 compressed oops)
Heap
 PSYoungGen      total 860672K, used 814077K [0x00000007aacb0000, 0x00000007e1da0000, 0x0000000800000000)
  eden space 819520K, 98% used [0x00000007aacb0000,0x00000007dbd07f90,0x00000007dcd00000)
  from space 41152K, 26% used [0x00000007df570000,0x00000007e0017490,0x00000007e1da0000)
  to   space 41280K, 0% used [0x00000007dcd00000,0x00000007dcd00000,0x00000007df550000)
 ParOldGen       total 174528K, used 123666K [0x0000000700600000, 0x000000070b070000, 0x00000007aacb0000)
  object space 174528K, 70% used [0x0000000700600000,0x0000000707ec4880,0x000000070b070000)
 PSPermGen       total 21248K, used 17897K [0x00000006fb400000, 0x00000006fc8c0000, 0x0000000700600000)
  object space 21248K, 84% used [0x00000006fb400000,0x00000006fc57a630,0x00000006fc8c0000)
GC Heap History (10 events):
Event: 4.197 GC heap before
{Heap before GC invocations=6 (full 0):
 PSYoungGen      total 141824K, used 137404K [0x00000007aacb0000, 0x00000007bdfb0000, 0x0000000800000000)
  eden space 130944K, 96% used [0x00000007aacb0000,0x00000007b2844c80,0x00000007b2c90000)
  from space 10880K, 99% used [0x00000007b2c90000,0x00000007b372a440,0x00000007b3730000)
  to   space 26240K, 0% used [0x00000007bc610000,0x00000007bc610000,0x00000007bdfb0000)
 ParOldGen       total 174528K, used 61455K [0x0000000700600000, 0x000000070b070000, 0x00000007aacb0000)
  object space 174528K, 35% used [0x0000000700600000,0x0000000704203db0,0x000000070b070000)
 PSPermGen       total 21248K, used 17591K [0x00000006fb400000, 0x00000006fc8c0000, 0x0000000700600000)
  object space 21248K, 82% used [0x00000006fb400000,0x00000006fc52dc20,0x00000006fc8c0000)
Event: 4.207 GC heap after
Heap after GC invocations=6 (full 0):
 PSYoungGen      total 284352K, used 25204K [0x00000007aacb0000, 0x00000007be710000, 0x0000000800000000)
  eden space 258112K, 0% used [0x00000007aacb0000,0x00000007aacb0000,0x00000007ba8c0000)
  from space 26240K, 96% used [0x00000007bc610000,0x00000007bdead1b0,0x00000007bdfb0000)
  to   space 30016K, 0% used [0x00000007ba8c0000,0x00000007ba8c0000,0x00000007bc610000)
 ParOldGen       total 174528K, used 61463K [0x0000000700600000, 0x000000070b070000, 0x00000007aacb0000)
  object space 174528K, 35% used [0x0000000700600000,0x0000000704205db0,0x000000070b070000)
 PSPermGen       total 21248K, used 17591K [0x00000006fb400000, 0x00000006fc8c0000, 0x0000000700600000)
  object space 21248K, 82% used [0x00000006fb400000,0x00000006fc52dc20,0x00000006fc8c0000)
}
Event: 5.121 GC heap before
{Heap before GC invocations=7 (full 0):
 PSYoungGen      total 284352K, used 281162K [0x00000007aacb0000, 0x00000007be710000, 0x0000000800000000)
  eden space 258112K, 99% used [0x00000007aacb0000,0x00000007ba6a59f8,0x00000007ba8c0000)
  from space 26240K, 96% used [0x00000007bc610000,0x00000007bdead1b0,0x00000007bdfb0000)
  to   space 30016K, 0% used [0x00000007ba8c0000,0x00000007ba8c0000,0x00000007bc610000)
 ParOldGen       total 174528K, used 61463K [0x0000000700600000, 0x000000070b070000, 0x00000007aacb0000)
  object space 174528K, 35% used [0x0000000700600000,0x0000000704205db0,0x000000070b070000)
 PSPermGen       total 21248K, used 17787K [0x00000006fb400000, 0x00000006fc8c0000, 0x0000000700600000)
  object space 21248K, 83% used [0x00000006fb400000,0x00000006fc55ec00,0x00000006fc8c0000)
Event: 5.130 GC heap after
Heap after GC invocations=7 (full 0):
 PSYoungGen      total 288128K, used 29082K [0x00000007aacb0000, 0x00000007ce7b0000, 0x0000000800000000)
  eden space 258112K, 0% used [0x00000007aacb0000,0x00000007aacb0000,0x00000007ba8c0000)
  from space 30016K, 96% used [0x00000007ba8c0000,0x00000007bc5268b0,0x00000007bc610000)
  to   space 34240K, 0% used [0x00000007cc640000,0x00000007cc640000,0x00000007ce7b0000)
 ParOldGen       total 174528K, used 64555K [0x0000000700600000, 0x000000070b070000, 0x00000007aacb0000)
  object space 174528K, 36% used [0x0000000700600000,0x000000070450af80,0x000000070b070000)
 PSPermGen       total 21248K, used 17787K [0x00000006fb400000, 0x00000006fc8c0000, 0x0000000700600000)
  object space 21248K, 83% used [0x00000006fb400000,0x00000006fc55ec00,0x00000006fc8c0000)
}
Event: 5.781 GC heap before
{Heap before GC invocations=8 (full 0):
 PSYoungGen      total 288128K, used 284544K [0x00000007aacb0000, 0x00000007ce7b0000, 0x0000000800000000)
  eden space 258112K, 98% used [0x00000007aacb0000,0x00000007ba6298b8,0x00000007ba8c0000)
  from space 30016K, 96% used [0x00000007ba8c0000,0x00000007bc5268b0,0x00000007bc610000)
  to   space 34240K, 0% used [0x00000007cc640000,0x00000007cc640000,0x00000007ce7b0000)
 ParOldGen       total 174528K, used 64555K [0x0000000700600000, 0x000000070b070000, 0x00000007aacb0000)
  object space 174528K, 36% used [0x0000000700600000,0x000000070450af80,0x000000070b070000)
 PSPermGen       total 21248K, used 17841K [0x00000006fb400000, 0x00000006fc8c0000, 0x0000000700600000)
  object space 21248K, 83% used [0x00000006fb400000,0x00000006fc56c5f8,0x00000006fc8c0000)
Event: 5.795 GC heap after
Heap after GC invocations=8 (full 0):
 PSYoungGen      total 546432K, used 32216K [0x00000007aacb0000, 0x00000007cef90000, 0x0000000800000000)
  eden space 512192K, 0% used [0x00000007aacb0000,0x00000007aacb0000,0x00000007ca0e0000)
  from space 34240K, 94% used [0x00000007cc640000,0x00000007ce5b6350,0x00000007ce7b0000)
  to   space 38272K, 0% used [0x00000007ca0e0000,0x00000007ca0e0000,0x00000007cc640000)
 ParOldGen       total 174528K, used 90224K [0x0000000700600000, 0x000000070b070000, 0x00000007aacb0000)
  object space 174528K, 51% used [0x0000000700600000,0x0000000705e1c3e0,0x000000070b070000)
 PSPermGen       total 21248K, used 17841K [0x00000006fb400000, 0x00000006fc8c0000, 0x0000000700600000)
  object space 21248K, 83% used [0x00000006fb400000,0x00000006fc56c5f8,0x00000006fc8c0000)
}
Event: 6.792 GC heap before
{Heap before GC invocations=9 (full 0):
 PSYoungGen      total 546432K, used 542179K [0x00000007aacb0000, 0x00000007cef90000, 0x0000000800000000)
  eden space 512192K, 99% used [0x00000007aacb0000,0x00000007c9eb2bb0,0x00000007ca0e0000)
  from space 34240K, 94% used [0x00000007cc640000,0x00000007ce5b6350,0x00000007ce7b0000)
  to   space 38272K, 0% used [0x00000007ca0e0000,0x00000007ca0e0000,0x00000007cc640000)
 ParOldGen       total 174528K, used 90224K [0x0000000700600000, 0x000000070b070000, 0x00000007aacb0000)
  object space 174528K, 51% used [0x0000000700600000,0x0000000705e1c3e0,0x000000070b070000)
 PSPermGen       total 21248K, used 17882K [0x00000006fb400000, 0x00000006fc8c0000, 0x0000000700600000)
  object space 21248K, 84% used [0x00000006fb400000,0x00000006fc576bd0,0x00000006fc8c0000)
Event: 6.803 GC heap after
Heap after GC invocations=9 (full 0):
 PSYoungGen      total 550464K, used 32889K [0x00000007aacb0000, 0x00000007e1de0000, 0x0000000800000000)
  eden space 512192K, 0% used [0x00000007aacb0000,0x00000007aacb0000,0x00000007ca0e0000)
  from space 38272K, 85% used [0x00000007ca0e0000,0x00000007cc0fe4b0,0x00000007cc640000)
  to   space 41408K, 0% used [0x00000007df570000,0x00000007df570000,0x00000007e1de0000)
 ParOldGen       total 174528K, used 104190K [0x0000000700600000, 0x000000070b070000, 0x00000007aacb0000)
  object space 174528K, 59% used [0x0000000700600000,0x0000000706bbf8f0,0x000000070b070000)
 PSPermGen       total 21248K, used 17882K [0x00000006fb400000, 0x00000006fc8c0000, 0x0000000700600000)
  object space 21248K, 84% used [0x00000006fb400000,0x00000006fc576bd0,0x00000006fc8c0000)
}
Event: 7.786 GC heap before
{Heap before GC invocations=10 (full 0):
 PSYoungGen      total 550464K, used 541375K [0x00000007aacb0000, 0x00000007e1de0000, 0x0000000800000000)
  eden space 512192K, 99% used [0x00000007aacb0000,0x00000007c9d418e0,0x00000007ca0e0000)
  from space 38272K, 85% used [0x00000007ca0e0000,0x00000007cc0fe4b0,0x00000007cc640000)
  to   space 41408K, 0% used [0x00000007df570000,0x00000007df570000,0x00000007e1de0000)
 ParOldGen       total 174528K, used 116340K [0x0000000700600000, 0x000000070b070000, 0x00000007aacb0000)
  object space 174528K, 66% used [0x0000000700600000,0x000000070779d110,0x000000070b070000)
 PSPermGen       total 21248K, used 17889K [0x00000006fb400000, 0x00000006fc8c0000, 0x0000000700600000)
  object space 21248K, 84% used [0x00000006fb400000,0x00000006fc5786e0,0x00000006fc8c0000)
Event: 7.792 GC heap after
Heap after GC invocations=10 (full 0):
 PSYoungGen      total 860672K, used 10909K [0x00000007aacb0000, 0x00000007e1da0000, 0x0000000800000000)
  eden space 819520K, 0% used [0x00000007aacb0000,0x00000007aacb0000,0x00000007dcd00000)
  from space 41152K, 26% used [0x00000007df570000,0x00000007e0017490,0x00000007e1da0000)
  to   space 41280K, 0% used [0x00000007dcd00000,0x00000007dcd00000,0x00000007df550000)
 ParOldGen       total 174528K, used 123666K [0x0000000700600000, 0x000000070b070000, 0x00000007aacb0000)
  object space 174528K, 70% used [0x0000000700600000,0x0000000707ec4880,0x000000070b070000)
 PSPermGen       total 21248K, used 17889K [0x00000006fb400000, 0x00000006fc8c0000, 0x0000000700600000)
  object space 21248K, 84% used [0x00000006fb400000,0x00000006fc5786e0,0x00000006fc8c0000)
}

