# JRE version: 7.0_07-b11
# Java VM: Java HotSpot(TM) 64-Bit Server VM (23.3-b01 mixed mode windows-amd64 compressed oops)
Heap
 PSYoungGen      total 141824K, used 129891K [0x00000007aacb0000, 0x00000007bf570000, 0x0000000800000000)
  eden space 130944K, 99% used [0x00000007aacb0000,0x00000007b2b88d20,0x00000007b2c90000)
  from space 10880K, 0% used [0x00000007b2c90000,0x00000007b2c90000,0x00000007b3730000)
  to   space 37376K, 0% used [0x00000007bd0f0000,0x00000007bd0f0000,0x00000007bf570000)
 ParOldGen       total 141440K, used 54714K [0x0000000700600000, 0x0000000709020000, 0x00000007aacb0000)
  object space 141440K, 38% used [0x0000000700600000,0x0000000703b6e9b0,0x0000000709020000)
 PSPermGen       total 36160K, used 17833K [0x00000006fb400000, 0x00000006fd750000, 0x0000000700600000)
  object space 36160K, 49% used [0x00000006fb400000,0x00000006fc56a790,0x00000006fd750000)
GC Heap History (10 events):
Event: 4.975 GC heap before
{Heap before GC invocations=2 (full 0):
 PSYoungGen      total 76352K, used 73556K [0x00000007aacb0000, 0x00000007b01e0000, 0x0000000800000000)
  eden space 65472K, 95% used [0x00000007aacb0000,0x00000007ae9e8e10,0x00000007aeca0000)
  from space 10880K, 99% used [0x00000007aeca0000,0x00000007af73c280,0x00000007af740000)
  to   space 10880K, 0% used [0x00000007af740000,0x00000007af740000,0x00000007b01e0000)
 ParOldGen       total 174528K, used 899K [0x0000000700600000, 0x000000070b070000, 0x00000007aacb0000)
  object space 174528K, 0% used [0x0000000700600000,0x00000007006e0f50,0x000000070b070000)
 PSPermGen       total 21248K, used 17592K [0x00000006fb400000, 0x00000006fc8c0000, 0x0000000700600000)
  object space 21248K, 82% used [0x00000006fb400000,0x00000006fc52e3d8,0x00000006fc8c0000)
Event: 4.984 GC heap after
Heap after GC invocations=2 (full 0):
 PSYoungGen      total 76352K, used 10878K [0x00000007aacb0000, 0x00000007b01e0000, 0x0000000800000000)
  eden space 65472K, 0% used [0x00000007aacb0000,0x00000007aacb0000,0x00000007aeca0000)
  from space 10880K, 99% used [0x00000007af740000,0x00000007b01dfaf0,0x00000007b01e0000)
  to   space 10880K, 0% used [0x00000007aeca0000,0x00000007aeca0000,0x00000007af740000)
 ParOldGen       total 174528K, used 17993K [0x0000000700600000, 0x000000070b070000, 0x00000007aacb0000)
  object space 174528K, 10% used [0x0000000700600000,0x00000007017927f8,0x000000070b070000)
 PSPermGen       total 21248K, used 17592K [0x00000006fb400000, 0x00000006fc8c0000, 0x0000000700600000)
  object space 21248K, 82% used [0x00000006fb400000,0x00000006fc52e3d8,0x00000006fc8c0000)
}
Event: 5.344 GC heap before
{Heap before GC invocations=3 (full 0):
 PSYoungGen      total 76352K, used 74053K [0x00000007aacb0000, 0x00000007b01e0000, 0x0000000800000000)
  eden space 65472K, 96% used [0x00000007aacb0000,0x00000007aea61a68,0x00000007aeca0000)
  from space 10880K, 99% used [0x00000007af740000,0x00000007b01dfaf0,0x00000007b01e0000)
  to   space 10880K, 0% used [0x00000007aeca0000,0x00000007aeca0000,0x00000007af740000)
 ParOldGen       total 174528K, used 17993K [0x0000000700600000, 0x000000070b070000, 0x00000007aacb0000)
  object space 174528K, 10% used [0x0000000700600000,0x00000007017927f8,0x000000070b070000)
 PSPermGen       total 21248K, used 17640K [0x00000006fb400000, 0x00000006fc8c0000, 0x0000000700600000)
  object space 21248K, 83% used [0x00000006fb400000,0x00000006fc53a2e0,0x00000006fc8c0000)
Event: 5.351 GC heap after
Heap after GC invocations=3 (full 0):
 PSYoungGen      total 76352K, used 10878K [0x00000007aacb0000, 0x00000007b41d0000, 0x0000000800000000)
  eden space 65472K, 0% used [0x00000007aacb0000,0x00000007aacb0000,0x00000007aeca0000)
  from space 10880K, 99% used [0x00000007aeca0000,0x00000007af73faf0,0x00000007af740000)
  to   space 10880K, 0% used [0x00000007b3730000,0x00000007b3730000,0x00000007b41d0000)
 ParOldGen       total 174528K, used 36286K [0x0000000700600000, 0x000000070b070000, 0x00000007aacb0000)
  object space 174528K, 20% used [0x0000000700600000,0x000000070296f818,0x000000070b070000)
 PSPermGen       total 21248K, used 17640K [0x00000006fb400000, 0x00000006fc8c0000, 0x0000000700600000)
  object space 21248K, 83% used [0x00000006fb400000,0x00000006fc53a2e0,0x00000006fc8c0000)
}
Event: 5.680 GC heap before
{Heap before GC invocations=4 (full 0):
 PSYoungGen      total 76352K, used 72934K [0x00000007aacb0000, 0x00000007b41d0000, 0x0000000800000000)
  eden space 65472K, 94% used [0x00000007aacb0000,0x00000007ae949fd0,0x00000007aeca0000)
  from space 10880K, 99% used [0x00000007aeca0000,0x00000007af73faf0,0x00000007af740000)
  to   space 10880K, 0% used [0x00000007b3730000,0x00000007b3730000,0x00000007b41d0000)
 ParOldGen       total 174528K, used 36286K [0x0000000700600000, 0x000000070b070000, 0x00000007aacb0000)
  object space 174528K, 20% used [0x0000000700600000,0x000000070296f818,0x000000070b070000)
 PSPermGen       total 21248K, used 17643K [0x00000006fb400000, 0x00000006fc8c0000, 0x0000000700600000)
  object space 21248K, 83% used [0x00000006fb400000,0x00000006fc53ace8,0x00000006fc8c0000)
Event: 5.688 GC heap after
Heap after GC invocations=4 (full 0):
 PSYoungGen      total 141824K, used 10862K [0x00000007aacb0000, 0x00000007b41d0000, 0x0000000800000000)
  eden space 130944K, 0% used [0x00000007aacb0000,0x00000007aacb0000,0x00000007b2c90000)
  from space 10880K, 99% used [0x00000007b3730000,0x00000007b41cbb00,0x00000007b41d0000)
  to   space 10880K, 0% used [0x00000007b2c90000,0x00000007b2c90000,0x00000007b3730000)
 ParOldGen       total 174528K, used 53147K [0x0000000700600000, 0x000000070b070000, 0x00000007aacb0000)
  object space 174528K, 30% used [0x0000000700600000,0x00000007039e6dd8,0x000000070b070000)
 PSPermGen       total 21248K, used 17643K [0x00000006fb400000, 0x00000006fc8c0000, 0x0000000700600000)
  object space 21248K, 83% used [0x00000006fb400000,0x00000006fc53ace8,0x00000006fc8c0000)
}
Event: 6.391 GC heap before
{Heap before GC invocations=5 (full 0):
 PSYoungGen      total 141824K, used 140731K [0x00000007aacb0000, 0x00000007b41d0000, 0x0000000800000000)
  eden space 130944K, 99% used [0x00000007aacb0000,0x00000007b2b83338,0x00000007b2c90000)
  from space 10880K, 99% used [0x00000007b3730000,0x00000007b41cbb00,0x00000007b41d0000)
  to   space 10880K, 0% used [0x00000007b2c90000,0x00000007b2c90000,0x00000007b3730000)
 ParOldGen       total 174528K, used 59222K [0x0000000700600000, 0x000000070b070000, 0x00000007aacb0000)
  object space 174528K, 33% used [0x0000000700600000,0x0000000703fd59e8,0x000000070b070000)
 PSPermGen       total 21248K, used 17690K [0x00000006fb400000, 0x00000006fc8c0000, 0x0000000700600000)
  object space 21248K, 83% used [0x00000006fb400000,0x00000006fc546bd8,0x00000006fc8c0000)
Event: 6.400 GC heap after
Heap after GC invocations=5 (full 0):
 PSYoungGen      total 141824K, used 10862K [0x00000007aacb0000, 0x00000007bf570000, 0x0000000800000000)
  eden space 130944K, 0% used [0x00000007aacb0000,0x00000007aacb0000,0x00000007b2c90000)
  from space 10880K, 99% used [0x00000007b2c90000,0x00000007b372bb00,0x00000007b3730000)
  to   space 37376K, 0% used [0x00000007bd0f0000,0x00000007bd0f0000,0x00000007bf570000)
 ParOldGen       total 174528K, used 76091K [0x0000000700600000, 0x000000070b070000, 0x00000007aacb0000)
  object space 174528K, 43% used [0x0000000700600000,0x000000070504efa8,0x000000070b070000)
 PSPermGen       total 21248K, used 17690K [0x00000006fb400000, 0x00000006fc8c0000, 0x0000000700600000)
  object space 21248K, 83% used [0x00000006fb400000,0x00000006fc546bd8,0x00000006fc8c0000)
}
Event: 9.193 GC heap before
{Heap before GC invocations=6 (full 1):
 PSYoungGen      total 141824K, used 141806K [0x00000007aacb0000, 0x00000007bf570000, 0x0000000800000000)
  eden space 130944K, 100% used [0x00000007aacb0000,0x00000007b2c90000,0x00000007b2c90000)
  from space 10880K, 99% used [0x00000007b2c90000,0x00000007b372bb00,0x00000007b3730000)
  to   space 37376K, 0% used [0x00000007bd0f0000,0x00000007bd0f0000,0x00000007bf570000)
 ParOldGen       total 468032K, used 466560K [0x0000000700600000, 0x000000071cf10000, 0x00000007aacb0000)
  object space 468032K, 99% used [0x0000000700600000,0x000000071cda0168,0x000000071cf10000)
 PSPermGen       total 21248K, used 17812K [0x00000006fb400000, 0x00000006fc8c0000, 0x0000000700600000)
  object space 21248K, 83% used [0x00000006fb400000,0x00000006fc565058,0x00000006fc8c0000)
Event: 9.270 GC heap after
Heap after GC invocations=6 (full 1):
 PSYoungGen      total 141824K, used 0K [0x00000007aacb0000, 0x00000007bf570000, 0x0000000800000000)
  eden space 130944K, 0% used [0x00000007aacb0000,0x00000007aacb0000,0x00000007b2c90000)
  from space 10880K, 0% used [0x00000007b2c90000,0x00000007b2c90000,0x00000007b3730000)
  to   space 37376K, 0% used [0x00000007bd0f0000,0x00000007bd0f0000,0x00000007bf570000)
 ParOldGen       total 141440K, used 30414K [0x0000000700600000, 0x0000000709020000, 0x00000007aacb0000)
  object space 141440K, 21% used [0x0000000700600000,0x00000007023b3970,0x0000000709020000)
 PSPermGen       total 36160K, used 17805K [0x00000006fb400000, 0x00000006fd750000, 0x0000000700600000)
  object space 36160K, 49% used [0x00000006fb400000,0x00000006fc5635c0,0x00000006fd750000)
}

