# JRE version: 7.0_07-b11
# Java VM: Java HotSpot(TM) 64-Bit Server VM (23.3-b01 mixed mode windows-amd64 compressed oops)
Heap
 PSYoungGen      total 495424K, used 53589K [0x00000007aacb0000, 0x00000007cd000000, 0x0000000800000000)
  eden space 456128K, 7% used [0x00000007aacb0000,0x00000007ace74cf0,0x00000007c6a20000)
  from space 39296K, 48% used [0x00000007ca9a0000,0x00000007cbc30a00,0x00000007cd000000)
  to   space 52160K, 0% used [0x00000007c6a20000,0x00000007c6a20000,0x00000007c9d10000)
 ParOldGen       total 656320K, used 593173K [0x0000000700600000, 0x00000007286f0000, 0x00000007aacb0000)
  object space 656320K, 90% used [0x0000000700600000,0x00000007249456f0,0x00000007286f0000)
 PSPermGen       total 21504K, used 18211K [0x00000006fb400000, 0x00000006fc900000, 0x0000000700600000)
  object space 21504K, 84% used [0x00000006fb400000,0x00000006fc5c8df8,0x00000006fc900000)
GC Heap History (10 events):
Event: 368.906 GC heap before
{Heap before GC invocations=326 (full 40):
 PSYoungGen      total 447104K, used 422256K [0x00000007aacb0000, 0x00000007ccab0000, 0x0000000800000000)
  eden space 387520K, 99% used [0x00000007aacb0000,0x00000007c26f7388,0x00000007c2720000)
  from space 59584K, 58% used [0x00000007c2720000,0x00000007c4934d20,0x00000007c6150000)
  to   space 61184K, 0% used [0x00000007c8ef0000,0x00000007c8ef0000,0x00000007ccab0000)
 ParOldGen       total 656320K, used 383917K [0x0000000700600000, 0x00000007286f0000, 0x00000007aacb0000)
  object space 656320K, 58% used [0x0000000700600000,0x0000000717ceb6d0,0x00000007286f0000)
 PSPermGen       total 21504K, used 18204K [0x00000006fb400000, 0x00000006fc900000, 0x0000000700600000)
  object space 21504K, 84% used [0x00000006fb400000,0x00000006fc5c71a0,0x00000006fc900000)
Event: 368.910 GC heap after
Heap after GC invocations=326 (full 40):
 PSYoungGen      total 487936K, used 10782K [0x00000007aacb0000, 0x00000007cc5b0000, 0x0000000800000000)
  eden space 431872K, 0% used [0x00000007aacb0000,0x00000007aacb0000,0x00000007c5270000)
  from space 56064K, 19% used [0x00000007c8ef0000,0x00000007c99779c0,0x00000007cc5b0000)
  to   space 59008K, 0% used [0x00000007c5270000,0x00000007c5270000,0x00000007c8c10000)
 ParOldGen       total 656320K, used 383933K [0x0000000700600000, 0x00000007286f0000, 0x00000007aacb0000)
  object space 656320K, 58% used [0x0000000700600000,0x0000000717cef6d0,0x00000007286f0000)
 PSPermGen       total 21504K, used 18204K [0x00000006fb400000, 0x00000006fc900000, 0x0000000700600000)
  object space 21504K, 84% used [0x00000006fb400000,0x00000006fc5c71a0,0x00000006fc900000)
}
Event: 369.884 GC heap before
{Heap before GC invocations=327 (full 40):
 PSYoungGen      total 487936K, used 442654K [0x00000007aacb0000, 0x00000007cc5b0000, 0x0000000800000000)
  eden space 431872K, 100% used [0x00000007aacb0000,0x00000007c5270000,0x00000007c5270000)
  from space 56064K, 19% used [0x00000007c8ef0000,0x00000007c99779c0,0x00000007cc5b0000)
  to   space 59008K, 0% used [0x00000007c5270000,0x00000007c5270000,0x00000007c8c10000)
 ParOldGen       total 656320K, used 482976K [0x0000000700600000, 0x00000007286f0000, 0x00000007aacb0000)
  object space 656320K, 73% used [0x0000000700600000,0x000000071dda83c0,0x00000007286f0000)
 PSPermGen       total 21504K, used 18204K [0x00000006fb400000, 0x00000006fc900000, 0x0000000700600000)
  object space 21504K, 84% used [0x00000006fb400000,0x00000006fc5c71a0,0x00000006fc900000)
Event: 369.886 GC heap after
Heap after GC invocations=327 (full 40):
 PSYoungGen      total 490880K, used 160K [0x00000007aacb0000, 0x00000007cf0f0000, 0x0000000800000000)
  eden space 431872K, 0% used [0x00000007aacb0000,0x00000007aacb0000,0x00000007c5270000)
  from space 59008K, 0% used [0x00000007c5270000,0x00000007c5298000,0x00000007c8c10000)
  to   space 58496K, 0% used [0x00000007cb7d0000,0x00000007cb7d0000,0x00000007cf0f0000)
 ParOldGen       total 656320K, used 482992K [0x0000000700600000, 0x00000007286f0000, 0x00000007aacb0000)
  object space 656320K, 73% used [0x0000000700600000,0x000000071ddac3c0,0x00000007286f0000)
 PSPermGen       total 21504K, used 18204K [0x00000006fb400000, 0x00000006fc900000, 0x0000000700600000)
  object space 21504K, 84% used [0x00000006fb400000,0x00000006fc5c71a0,0x00000006fc900000)
}
Event: 370.672 GC heap before
{Heap before GC invocations=328 (full 40):
 PSYoungGen      total 490880K, used 431204K [0x00000007aacb0000, 0x00000007cf0f0000, 0x0000000800000000)
  eden space 431872K, 99% used [0x00000007aacb0000,0x00000007c51a1338,0x00000007c5270000)
  from space 59008K, 0% used [0x00000007c5270000,0x00000007c5298000,0x00000007c8c10000)
  to   space 58496K, 0% used [0x00000007cb7d0000,0x00000007cb7d0000,0x00000007cf0f0000)
 ParOldGen       total 656320K, used 485017K [0x0000000700600000, 0x00000007286f0000, 0x00000007aacb0000)
  object space 656320K, 73% used [0x0000000700600000,0x000000071dfa67d0,0x00000007286f0000)
 PSPermGen       total 21504K, used 18204K [0x00000006fb400000, 0x00000006fc900000, 0x0000000700600000)
  object space 21504K, 84% used [0x00000006fb400000,0x00000006fc5c71a0,0x00000006fc900000)
Event: 370.677 GC heap after
Heap after GC invocations=328 (full 40):
 PSYoungGen      total 529536K, used 10846K [0x00000007aacb0000, 0x00000007ceb40000, 0x0000000800000000)
  eden space 476864K, 0% used [0x00000007aacb0000,0x00000007aacb0000,0x00000007c7e60000)
  from space 52672K, 20% used [0x00000007cb7d0000,0x00000007cc2679c0,0x00000007ceb40000)
  to   space 55744K, 0% used [0x00000007c7e60000,0x00000007c7e60000,0x00000007cb4d0000)
 ParOldGen       total 656320K, used 485025K [0x0000000700600000, 0x00000007286f0000, 0x00000007aacb0000)
  object space 656320K, 73% used [0x0000000700600000,0x000000071dfa87d0,0x00000007286f0000)
 PSPermGen       total 21504K, used 18204K [0x00000006fb400000, 0x00000006fc900000, 0x0000000700600000)
  object space 21504K, 84% used [0x00000006fb400000,0x00000006fc5c71a0,0x00000006fc900000)
}
Event: 371.743 GC heap before
{Heap before GC invocations=329 (full 40):
 PSYoungGen      total 529536K, used 487695K [0x00000007aacb0000, 0x00000007ceb40000, 0x0000000800000000)
  eden space 476864K, 99% used [0x00000007aacb0000,0x00000007c7e5c510,0x00000007c7e60000)
  from space 52672K, 20% used [0x00000007cb7d0000,0x00000007cc2679c0,0x00000007ceb40000)
  to   space 55744K, 0% used [0x00000007c7e60000,0x00000007c7e60000,0x00000007cb4d0000)
 ParOldGen       total 656320K, used 587082K [0x0000000700600000, 0x00000007286f0000, 0x00000007aacb0000)
  object space 656320K, 89% used [0x0000000700600000,0x0000000724352ae0,0x00000007286f0000)
 PSPermGen       total 21504K, used 18204K [0x00000006fb400000, 0x00000006fc900000, 0x0000000700600000)
  object space 21504K, 84% used [0x00000006fb400000,0x00000006fc5c71a0,0x00000006fc900000)
Event: 371.745 GC heap after
Heap after GC invocations=329 (full 40):
 PSYoungGen      total 466496K, used 192K [0x00000007aacb0000, 0x00000007cdf30000, 0x0000000800000000)
  eden space 466304K, 0% used [0x00000007aacb0000,0x00000007aacb0000,0x00000007c7410000)
  from space 192K, 100% used [0x00000007c7e60000,0x00000007c7e90000,0x00000007c7e90000)
  to   space 54848K, 0% used [0x00000007ca9a0000,0x00000007ca9a0000,0x00000007cdf30000)
 ParOldGen       total 656320K, used 587098K [0x0000000700600000, 0x00000007286f0000, 0x00000007aacb0000)
  object space 656320K, 89% used [0x0000000700600000,0x0000000724356ae0,0x00000007286f0000)
 PSPermGen       total 21504K, used 18204K [0x00000006fb400000, 0x00000006fc900000, 0x0000000700600000)
  object space 21504K, 84% used [0x00000006fb400000,0x00000006fc5c71a0,0x00000006fc900000)
}
Event: 372.572 GC heap before
{Heap before GC invocations=330 (full 40):
 PSYoungGen      total 466496K, used 464135K [0x00000007aacb0000, 0x00000007cdf30000, 0x0000000800000000)
  eden space 466304K, 99% used [0x00000007aacb0000,0x00000007c71c1f88,0x00000007c7410000)
  from space 192K, 100% used [0x00000007c7e60000,0x00000007c7e90000,0x00000007c7e90000)
  to   space 54848K, 0% used [0x00000007ca9a0000,0x00000007ca9a0000,0x00000007cdf30000)
 ParOldGen       total 656320K, used 593173K [0x0000000700600000, 0x00000007286f0000, 0x00000007aacb0000)
  object space 656320K, 90% used [0x0000000700600000,0x00000007249456f0,0x00000007286f0000)
 PSPermGen       total 21504K, used 18204K [0x00000006fb400000, 0x00000006fc900000, 0x0000000700600000)
  object space 21504K, 84% used [0x00000006fb400000,0x00000006fc5c71a0,0x00000006fc900000)
Event: 372.577 GC heap after
Heap after GC invocations=330 (full 40):
 PSYoungGen      total 495424K, used 19010K [0x00000007aacb0000, 0x00000007cd000000, 0x0000000800000000)
  eden space 456128K, 0% used [0x00000007aacb0000,0x00000007aacb0000,0x00000007c6a20000)
  from space 39296K, 48% used [0x00000007ca9a0000,0x00000007cbc30a00,0x00000007cd000000)
  to   space 52160K, 0% used [0x00000007c6a20000,0x00000007c6a20000,0x00000007c9d10000)
 ParOldGen       total 656320K, used 593173K [0x0000000700600000, 0x00000007286f0000, 0x00000007aacb0000)
  object space 656320K, 90% used [0x0000000700600000,0x00000007249456f0,0x00000007286f0000)
 PSPermGen       total 21504K, used 18204K [0x00000006fb400000, 0x00000006fc900000, 0x0000000700600000)
  object space 21504K, 84% used [0x00000006fb400000,0x00000006fc5c71a0,0x00000006fc900000)
}

