# JRE version: 7.0_07-b11
# Java VM: Java HotSpot(TM) 64-Bit Server VM (23.3-b01 mixed mode windows-amd64 compressed oops)
Heap
 PSYoungGen      total 1369856K, used 895098K [0x00000007aacb0000, 0x0000000800000000, 0x0000000800000000)
  eden space 1344320K, 64% used [0x00000007aacb0000,0x00000007dfe4be88,0x00000007fcd80000)
  from space 25536K, 98% used [0x00000007fe710000,0x00000007fff92a60,0x0000000800000000)
  to   space 25856K, 0% used [0x00000007fcd80000,0x00000007fcd80000,0x00000007fe6c0000)
 ParOldGen       total 226112K, used 107566K [0x0000000700600000, 0x000000070e2d0000, 0x00000007aacb0000)
  object space 226112K, 47% used [0x0000000700600000,0x0000000706f0bac8,0x000000070e2d0000)
 PSPermGen       total 41344K, used 18373K [0x00000006fb400000, 0x00000006fdc60000, 0x0000000700600000)
  object space 41344K, 44% used [0x00000006fb400000,0x00000006fc5f17f0,0x00000006fdc60000)
GC Heap History (10 events):
Event: 10.919 GC heap before
{Heap before GC invocations=12 (full 1):
 PSYoungGen      total 861568K, used 831123K [0x00000007aacb0000, 0x00000007e0e50000, 0x0000000800000000)
  eden space 836736K, 99% used [0x00000007aacb0000,0x00000007dd854c70,0x00000007dddd0000)
  from space 24832K, 0% used [0x00000007df610000,0x00000007df610000,0x00000007e0e50000)
  to   space 24832K, 0% used [0x00000007dddd0000,0x00000007dddd0000,0x00000007df610000)
 ParOldGen       total 150080K, used 32286K [0x0000000700600000, 0x0000000709890000, 0x00000007aacb0000)
  object space 150080K, 21% used [0x0000000700600000,0x0000000702587850,0x0000000709890000)
 PSPermGen       total 36736K, used 18155K [0x00000006fb400000, 0x00000006fd7e0000, 0x0000000700600000)
  object space 36736K, 49% used [0x00000006fb400000,0x00000006fc5bad70,0x00000006fd7e0000)
Event: 10.930 GC heap after
Heap after GC invocations=12 (full 1):
 PSYoungGen      total 861568K, used 24587K [0x00000007aacb0000, 0x00000007f5d00000, 0x0000000800000000)
  eden space 836736K, 0% used [0x00000007aacb0000,0x00000007aacb0000,0x00000007dddd0000)
  from space 24832K, 99% used [0x00000007dddd0000,0x00000007df5d2f30,0x00000007df610000)
  to   space 25152K, 0% used [0x00000007f4470000,0x00000007f4470000,0x00000007f5d00000)
 ParOldGen       total 150080K, used 83307K [0x0000000700600000, 0x0000000709890000, 0x00000007aacb0000)
  object space 150080K, 55% used [0x0000000700600000,0x000000070575af40,0x0000000709890000)
 PSPermGen       total 36736K, used 18155K [0x00000006fb400000, 0x00000006fd7e0000, 0x0000000700600000)
  object space 36736K, 49% used [0x00000006fb400000,0x00000006fc5bad70,0x00000006fd7e0000)
}
Event: 12.897 GC heap before
{Heap before GC invocations=13 (full 1):
 PSYoungGen      total 861568K, used 861249K [0x00000007aacb0000, 0x00000007f5d00000, 0x0000000800000000)
  eden space 836736K, 99% used [0x00000007aacb0000,0x00000007dddbd760,0x00000007dddd0000)
  from space 24832K, 99% used [0x00000007dddd0000,0x00000007df5d2f30,0x00000007df610000)
  to   space 25152K, 0% used [0x00000007f4470000,0x00000007f4470000,0x00000007f5d00000)
 ParOldGen       total 150080K, used 83307K [0x0000000700600000, 0x0000000709890000, 0x00000007aacb0000)
  object space 150080K, 55% used [0x0000000700600000,0x000000070575af40,0x0000000709890000)
 PSPermGen       total 36736K, used 18192K [0x00000006fb400000, 0x00000006fd7e0000, 0x0000000700600000)
  object space 36736K, 49% used [0x00000006fb400000,0x00000006fc5c42e0,0x00000006fd7e0000)
Event: 12.907 GC heap after
Heap after GC invocations=13 (full 1):
 PSYoungGen      total 1185792K, used 24919K [0x00000007aacb0000, 0x00000007f5cd0000, 0x0000000800000000)
  eden space 1160832K, 0% used [0x00000007aacb0000,0x00000007aacb0000,0x00000007f1a50000)
  from space 24960K, 99% used [0x00000007f4470000,0x00000007f5cc5e80,0x00000007f5cd0000)
  to   space 25472K, 0% used [0x00000007f2b10000,0x00000007f2b10000,0x00000007f43f0000)
 ParOldGen       total 150080K, used 125451K [0x0000000700600000, 0x0000000709890000, 0x00000007aacb0000)
  object space 150080K, 83% used [0x0000000700600000,0x0000000708082f20,0x0000000709890000)
 PSPermGen       total 36736K, used 18192K [0x00000006fb400000, 0x00000006fd7e0000, 0x0000000700600000)
  object space 36736K, 49% used [0x00000006fb400000,0x00000006fc5c42e0,0x00000006fd7e0000)
}
Event: 12.907 GC heap before
{Heap before GC invocations=14 (full 2):
 PSYoungGen      total 1185792K, used 24919K [0x00000007aacb0000, 0x00000007f5cd0000, 0x0000000800000000)
  eden space 1160832K, 0% used [0x00000007aacb0000,0x00000007aacb0000,0x00000007f1a50000)
  from space 24960K, 99% used [0x00000007f4470000,0x00000007f5cc5e80,0x00000007f5cd0000)
  to   space 25472K, 0% used [0x00000007f2b10000,0x00000007f2b10000,0x00000007f43f0000)
 ParOldGen       total 150080K, used 125451K [0x0000000700600000, 0x0000000709890000, 0x00000007aacb0000)
  object space 150080K, 83% used [0x0000000700600000,0x0000000708082f20,0x0000000709890000)
 PSPermGen       total 36736K, used 18192K [0x00000006fb400000, 0x00000006fd7e0000, 0x0000000700600000)
  object space 36736K, 49% used [0x00000006fb400000,0x00000006fc5c42e0,0x00000006fd7e0000)
Event: 12.937 GC heap after
Heap after GC invocations=14 (full 2):
 PSYoungGen      total 1185792K, used 0K [0x00000007aacb0000, 0x00000007f5cd0000, 0x0000000800000000)
  eden space 1160832K, 0% used [0x00000007aacb0000,0x00000007aacb0000,0x00000007f1a50000)
  from space 24960K, 0% used [0x00000007f4470000,0x00000007f4470000,0x00000007f5cd0000)
  to   space 25472K, 0% used [0x00000007f2b10000,0x00000007f2b10000,0x00000007f43f0000)
 ParOldGen       total 226112K, used 60973K [0x0000000700600000, 0x000000070e2d0000, 0x00000007aacb0000)
  object space 226112K, 26% used [0x0000000700600000,0x000000070418b498,0x000000070e2d0000)
 PSPermGen       total 41344K, used 18192K [0x00000006fb400000, 0x00000006fdc60000, 0x0000000700600000)
  object space 41344K, 44% used [0x00000006fb400000,0x00000006fc5c42e0,0x00000006fdc60000)
}
Event: 20.541 GC heap before
{Heap before GC invocations=15 (full 2):
 PSYoungGen      total 1185792K, used 1158743K [0x00000007aacb0000, 0x00000007f5cd0000, 0x0000000800000000)
  eden space 1160832K, 99% used [0x00000007aacb0000,0x00000007f1845eb0,0x00000007f1a50000)
  from space 24960K, 0% used [0x00000007f4470000,0x00000007f4470000,0x00000007f5cd0000)
  to   space 25472K, 0% used [0x00000007f2b10000,0x00000007f2b10000,0x00000007f43f0000)
 ParOldGen       total 226112K, used 60973K [0x0000000700600000, 0x000000070e2d0000, 0x00000007aacb0000)
  object space 226112K, 26% used [0x0000000700600000,0x000000070418b498,0x000000070e2d0000)
 PSPermGen       total 41344K, used 18317K [0x00000006fb400000, 0x00000006fdc60000, 0x0000000700600000)
  object space 41344K, 44% used [0x00000006fb400000,0x00000006fc5e36b8,0x00000006fdc60000)
Event: 20.551 GC heap after
Heap after GC invocations=15 (full 2):
 PSYoungGen      total 1203456K, used 24264K [0x00000007aacb0000, 0x0000000800000000, 0x0000000800000000)
  eden space 1177984K, 0% used [0x00000007aacb0000,0x00000007aacb0000,0x00000007f2b10000)
  from space 25472K, 95% used [0x00000007f2b10000,0x00000007f42c2370,0x00000007f43f0000)
  to   space 25536K, 0% used [0x00000007fe710000,0x00000007fe710000,0x0000000800000000)
 ParOldGen       total 226112K, used 93002K [0x0000000700600000, 0x000000070e2d0000, 0x00000007aacb0000)
  object space 226112K, 41% used [0x0000000700600000,0x00000007060d2808,0x000000070e2d0000)
 PSPermGen       total 41344K, used 18317K [0x00000006fb400000, 0x00000006fdc60000, 0x0000000700600000)
  object space 41344K, 44% used [0x00000006fb400000,0x00000006fc5e36b8,0x00000006fdc60000)
}
Event: 27.976 GC heap before
{Heap before GC invocations=16 (full 2):
 PSYoungGen      total 1203456K, used 1201665K [0x00000007aacb0000, 0x0000000800000000, 0x0000000800000000)
  eden space 1177984K, 99% used [0x00000007aacb0000,0x00000007f2a7e0b8,0x00000007f2b10000)
  from space 25472K, 95% used [0x00000007f2b10000,0x00000007f42c2370,0x00000007f43f0000)
  to   space 25536K, 0% used [0x00000007fe710000,0x00000007fe710000,0x0000000800000000)
 ParOldGen       total 226112K, used 95027K [0x0000000700600000, 0x000000070e2d0000, 0x00000007aacb0000)
  object space 226112K, 42% used [0x0000000700600000,0x00000007062ccc18,0x000000070e2d0000)
 PSPermGen       total 41344K, used 18322K [0x00000006fb400000, 0x00000006fdc60000, 0x0000000700600000)
  object space 41344K, 44% used [0x00000006fb400000,0x00000006fc5e49d8,0x00000006fdc60000)
Event: 27.984 GC heap after
Heap after GC invocations=16 (full 2):
 PSYoungGen      total 1369856K, used 25098K [0x00000007aacb0000, 0x0000000800000000, 0x0000000800000000)
  eden space 1344320K, 0% used [0x00000007aacb0000,0x00000007aacb0000,0x00000007fcd80000)
  from space 25536K, 98% used [0x00000007fe710000,0x00000007fff92a60,0x0000000800000000)
  to   space 25856K, 0% used [0x00000007fcd80000,0x00000007fcd80000,0x00000007fe6c0000)
 ParOldGen       total 226112K, used 107566K [0x0000000700600000, 0x000000070e2d0000, 0x00000007aacb0000)
  object space 226112K, 47% used [0x0000000700600000,0x0000000706f0bac8,0x000000070e2d0000)
 PSPermGen       total 41344K, used 18322K [0x00000006fb400000, 0x00000006fdc60000, 0x0000000700600000)
  object space 41344K, 44% used [0x00000006fb400000,0x00000006fc5e49d8,0x00000006fdc60000)
}

