# JRE version: 7.0_07-b11
# Java VM: Java HotSpot(TM) 64-Bit Server VM (23.3-b01 mixed mode windows-amd64 compressed oops)
Heap
 PSYoungGen      total 240512K, used 106553K [0x00000007aacb0000, 0x00000007bf6b0000, 0x0000000800000000)
  eden space 203776K, 52% used [0x00000007aacb0000,0x00000007b14be708,0x00000007b73b0000)
  from space 36736K, 0% used [0x00000007bd2d0000,0x00000007bd2d0000,0x00000007bf6b0000)
  to   space 44800K, 0% used [0x00000007b9f30000,0x00000007b9f30000,0x00000007bcaf0000)
 ParOldGen       total 204992K, used 15352K [0x0000000700600000, 0x000000070ce30000, 0x00000007aacb0000)
  object space 204992K, 7% used [0x0000000700600000,0x00000007014fe010,0x000000070ce30000)
 PSPermGen       total 36544K, used 17712K [0x00000006fb400000, 0x00000006fd7b0000, 0x0000000700600000)
  object space 36544K, 48% used [0x00000006fb400000,0x00000006fc54c150,0x00000006fd7b0000)
GC Heap History (10 events):
Event: 9.155 GC heap before
{Heap before GC invocations=6 (full 1):
 PSYoungGen      total 141824K, used 139831K [0x00000007aacb0000, 0x00000007bf930000, 0x0000000800000000)
  eden space 130944K, 98% used [0x00000007aacb0000,0x00000007b2a9e268,0x00000007b2c90000)
  from space 10880K, 99% used [0x00000007b2c90000,0x00000007b372fb10,0x00000007b3730000)
  to   space 39296K, 0% used [0x00000007bd2d0000,0x00000007bd2d0000,0x00000007bf930000)
 ParOldGen       total 466368K, used 464500K [0x0000000700600000, 0x000000071cd70000, 0x00000007aacb0000)
  object space 466368K, 99% used [0x0000000700600000,0x000000071cb9d1d0,0x000000071cd70000)
 PSPermGen       total 21248K, used 17652K [0x00000006fb400000, 0x00000006fc8c0000, 0x0000000700600000)
  object space 21248K, 83% used [0x00000006fb400000,0x00000006fc53d2f8,0x00000006fc8c0000)
Event: 9.219 GC heap after
Heap after GC invocations=6 (full 1):
 PSYoungGen      total 141824K, used 0K [0x00000007aacb0000, 0x00000007bf930000, 0x0000000800000000)
  eden space 130944K, 0% used [0x00000007aacb0000,0x00000007aacb0000,0x00000007b2c90000)
  from space 10880K, 0% used [0x00000007b2c90000,0x00000007b2c90000,0x00000007b3730000)
  to   space 39296K, 0% used [0x00000007bd2d0000,0x00000007bd2d0000,0x00000007bf930000)
 ParOldGen       total 130560K, used 24495K [0x0000000700600000, 0x0000000708580000, 0x00000007aacb0000)
  object space 130560K, 18% used [0x0000000700600000,0x0000000701debf00,0x0000000708580000)
 PSPermGen       total 35584K, used 17646K [0x00000006fb400000, 0x00000006fd6c0000, 0x0000000700600000)
  object space 35584K, 49% used [0x00000006fb400000,0x00000006fc53b950,0x00000006fd6c0000)
}
Event: 12.005 GC heap before
{Heap before GC invocations=7 (full 2):
 PSYoungGen      total 141824K, used 128815K [0x00000007aacb0000, 0x00000007bf930000, 0x0000000800000000)
  eden space 130944K, 98% used [0x00000007aacb0000,0x00000007b2a7bf00,0x00000007b2c90000)
  from space 10880K, 0% used [0x00000007b2c90000,0x00000007b2c90000,0x00000007b3730000)
  to   space 39296K, 0% used [0x00000007bd2d0000,0x00000007bd2d0000,0x00000007bf930000)
 ParOldGen       total 416320K, used 413296K [0x0000000700600000, 0x0000000719c90000, 0x00000007aacb0000)
  object space 416320K, 99% used [0x0000000700600000,0x000000071999c300,0x0000000719c90000)
 PSPermGen       total 35584K, used 17656K [0x00000006fb400000, 0x00000006fd6c0000, 0x0000000700600000)
  object space 35584K, 49% used [0x00000006fb400000,0x00000006fc53e0e0,0x00000006fd6c0000)
Event: 12.049 GC heap after
Heap after GC invocations=7 (full 2):
 PSYoungGen      total 141824K, used 0K [0x00000007aacb0000, 0x00000007bf930000, 0x0000000800000000)
  eden space 130944K, 0% used [0x00000007aacb0000,0x00000007aacb0000,0x00000007b2c90000)
  from space 10880K, 0% used [0x00000007b2c90000,0x00000007b2c90000,0x00000007b3730000)
  to   space 39296K, 0% used [0x00000007bd2d0000,0x00000007bd2d0000,0x00000007bf930000)
 ParOldGen       total 161856K, used 30574K [0x0000000700600000, 0x000000070a410000, 0x00000007aacb0000)
  object space 161856K, 18% used [0x0000000700600000,0x00000007023db8d0,0x000000070a410000)
 PSPermGen       total 40256K, used 17656K [0x00000006fb400000, 0x00000006fdb50000, 0x0000000700600000)
  object space 40256K, 43% used [0x00000006fb400000,0x00000006fc53e0e0,0x00000006fdb50000)
}
Event: 15.011 GC heap before
{Heap before GC invocations=8 (full 3):
 PSYoungGen      total 141824K, used 128517K [0x00000007aacb0000, 0x00000007bf930000, 0x0000000800000000)
  eden space 130944K, 98% used [0x00000007aacb0000,0x00000007b2a317c8,0x00000007b2c90000)
  from space 10880K, 0% used [0x00000007b2c90000,0x00000007b2c90000,0x00000007b3730000)
  to   space 39296K, 0% used [0x00000007bd2d0000,0x00000007bd2d0000,0x00000007bf930000)
 ParOldGen       total 417216K, used 413300K [0x0000000700600000, 0x0000000719d70000, 0x00000007aacb0000)
  object space 417216K, 99% used [0x0000000700600000,0x000000071999d0c0,0x0000000719d70000)
 PSPermGen       total 40256K, used 17666K [0x00000006fb400000, 0x00000006fdb50000, 0x0000000700600000)
  object space 40256K, 43% used [0x00000006fb400000,0x00000006fc5409c8,0x00000006fdb50000)
Event: 15.066 GC heap after
Heap after GC invocations=8 (full 3):
 PSYoungGen      total 141824K, used 0K [0x00000007aacb0000, 0x00000007bf930000, 0x0000000800000000)
  eden space 130944K, 0% used [0x00000007aacb0000,0x00000007aacb0000,0x00000007b2c90000)
  from space 10880K, 0% used [0x00000007b2c90000,0x00000007b2c90000,0x00000007b3730000)
  to   space 39296K, 0% used [0x00000007bd2d0000,0x00000007bd2d0000,0x00000007bf930000)
 ParOldGen       total 170752K, used 15330K [0x0000000700600000, 0x000000070acc0000, 0x00000007aacb0000)
  object space 170752K, 8% used [0x0000000700600000,0x00000007014f8bc0,0x000000070acc0000)
 PSPermGen       total 38592K, used 17666K [0x00000006fb400000, 0x00000006fd9b0000, 0x0000000700600000)
  object space 38592K, 45% used [0x00000006fb400000,0x00000006fc540988,0x00000006fd9b0000)
}
Event: 15.855 GC heap before
{Heap before GC invocations=9 (full 3):
 PSYoungGen      total 141824K, used 127978K [0x00000007aacb0000, 0x00000007bf930000, 0x0000000800000000)
  eden space 130944K, 97% used [0x00000007aacb0000,0x00000007b29aab98,0x00000007b2c90000)
  from space 10880K, 0% used [0x00000007b2c90000,0x00000007b2c90000,0x00000007b3730000)
  to   space 39296K, 0% used [0x00000007bd2d0000,0x00000007bd2d0000,0x00000007bf930000)
 ParOldGen       total 170752K, used 21405K [0x0000000700600000, 0x000000070acc0000, 0x00000007aacb0000)
  object space 170752K, 12% used [0x0000000700600000,0x0000000701ae77d0,0x000000070acc0000)
 PSPermGen       total 38592K, used 17668K [0x00000006fb400000, 0x00000006fd9b0000, 0x0000000700600000)
  object space 38592K, 45% used [0x00000006fb400000,0x00000006fc541028,0x00000006fd9b0000)
Event: 15.863 GC heap after
Heap after GC invocations=9 (full 3):
 PSYoungGen      total 240512K, used 36674K [0x00000007aacb0000, 0x00000007bf6b0000, 0x0000000800000000)
  eden space 203776K, 0% used [0x00000007aacb0000,0x00000007aacb0000,0x00000007b73b0000)
  from space 36736K, 99% used [0x00000007bd2d0000,0x00000007bf6a0860,0x00000007bf6b0000)
  to   space 44800K, 0% used [0x00000007b9f30000,0x00000007b9f30000,0x00000007bcaf0000)
 ParOldGen       total 170752K, used 21405K [0x0000000700600000, 0x000000070acc0000, 0x00000007aacb0000)
  object space 170752K, 12% used [0x0000000700600000,0x0000000701ae77d0,0x000000070acc0000)
 PSPermGen       total 38592K, used 17668K [0x00000006fb400000, 0x00000006fd9b0000, 0x0000000700600000)
  object space 38592K, 45% used [0x00000006fb400000,0x00000006fc541028,0x00000006fd9b0000)
}
Event: 18.991 GC heap before
{Heap before GC invocations=10 (full 4):
 PSYoungGen      total 240512K, used 237723K [0x00000007aacb0000, 0x00000007bf6b0000, 0x0000000800000000)
  eden space 203776K, 98% used [0x00000007aacb0000,0x00000007b7106678,0x00000007b73b0000)
  from space 36736K, 99% used [0x00000007bd2d0000,0x00000007bf6a0860,0x00000007bf6b0000)
  to   space 44800K, 0% used [0x00000007b9f30000,0x00000007b9f30000,0x00000007bcaf0000)
 ParOldGen       total 407872K, used 404131K [0x0000000700600000, 0x0000000719450000, 0x00000007aacb0000)
  object space 407872K, 99% used [0x0000000700600000,0x00000007190a8fc0,0x0000000719450000)
 PSPermGen       total 38592K, used 17684K [0x00000006fb400000, 0x00000006fd9b0000, 0x0000000700600000)
  object space 38592K, 45% used [0x00000006fb400000,0x00000006fc5451f0,0x00000006fd9b0000)
Event: 19.026 GC heap after
Heap after GC invocations=10 (full 4):
 PSYoungGen      total 240512K, used 0K [0x00000007aacb0000, 0x00000007bf6b0000, 0x0000000800000000)
  eden space 203776K, 0% used [0x00000007aacb0000,0x00000007aacb0000,0x00000007b73b0000)
  from space 36736K, 0% used [0x00000007bd2d0000,0x00000007bd2d0000,0x00000007bf6b0000)
  to   space 44800K, 0% used [0x00000007b9f30000,0x00000007b9f30000,0x00000007bcaf0000)
 ParOldGen       total 204992K, used 15352K [0x0000000700600000, 0x000000070ce30000, 0x00000007aacb0000)
  object space 204992K, 7% used [0x0000000700600000,0x00000007014fe010,0x000000070ce30000)
 PSPermGen       total 36544K, used 17684K [0x00000006fb400000, 0x00000006fd7b0000, 0x0000000700600000)
  object space 36544K, 48% used [0x00000006fb400000,0x00000006fc5451f0,0x00000006fd7b0000)
}

