# JRE version: 7.0_07-b11
# Java VM: Java HotSpot(TM) 64-Bit Server VM (23.3-b01 mixed mode windows-amd64 compressed oops)
Heap
 PSYoungGen      total 607424K, used 316052K [0x00000007aacb0000, 0x00000007d5fa0000, 0x0000000800000000)
  eden space 556096K, 47% used [0x00000007aacb0000,0x00000007baf35da0,0x00000007ccbc0000)
  from space 51328K, 99% used [0x00000007ce450000,0x00000007d166f3a0,0x00000007d1670000)
  to   space 69504K, 0% used [0x00000007d1bc0000,0x00000007d1bc0000,0x00000007d5fa0000)
 ParOldGen       total 260864K, used 28368K [0x0000000700600000, 0x00000007104c0000, 0x00000007aacb0000)
  object space 260864K, 10% used [0x0000000700600000,0x00000007021b4358,0x00000007104c0000)
 PSPermGen       total 23552K, used 18262K [0x00000006fb400000, 0x00000006fcb00000, 0x0000000700600000)
  object space 23552K, 77% used [0x00000006fb400000,0x00000006fc5d5b40,0x00000006fcb00000)
GC Heap History (10 events):
Event: 94.707 GC heap before
{Heap before GC invocations=63 (full 13):
 PSYoungGen      total 614848K, used 557439K [0x00000007aacb0000, 0x00000007d6fe0000, 0x0000000800000000)
  eden space 557696K, 99% used [0x00000007aacb0000,0x00000007ccd0fec0,0x00000007ccd50000)
  from space 57152K, 0% used [0x00000007ccd50000,0x00000007ccd50000,0x00000007d0520000)
  to   space 62400K, 0% used [0x00000007d32f0000,0x00000007d32f0000,0x00000007d6fe0000)
 ParOldGen       total 265920K, used 28486K [0x0000000700600000, 0x00000007109b0000, 0x00000007aacb0000)
  object space 265920K, 10% used [0x0000000700600000,0x00000007021d1a78,0x00000007109b0000)
 PSPermGen       total 24192K, used 18253K [0x00000006fb400000, 0x00000006fcba0000, 0x0000000700600000)
  object space 24192K, 75% used [0x00000006fb400000,0x00000006fc5d3470,0x00000006fcba0000)
Event: 94.716 GC heap after
Heap after GC invocations=63 (full 13):
 PSYoungGen      total 660864K, used 37023K [0x00000007aacb0000, 0x00000007d7400000, 0x0000000800000000)
  eden space 598464K, 0% used [0x00000007aacb0000,0x00000007aacb0000,0x00000007cf520000)
  from space 62400K, 59% used [0x00000007d32f0000,0x00000007d5717d30,0x00000007d6fe0000)
  to   space 63296K, 0% used [0x00000007cf520000,0x00000007cf520000,0x00000007d32f0000)
 ParOldGen       total 265920K, used 28486K [0x0000000700600000, 0x00000007109b0000, 0x00000007aacb0000)
  object space 265920K, 10% used [0x0000000700600000,0x00000007021d1a78,0x00000007109b0000)
 PSPermGen       total 24192K, used 18253K [0x00000006fb400000, 0x00000006fcba0000, 0x0000000700600000)
  object space 24192K, 75% used [0x00000006fb400000,0x00000006fc5d3470,0x00000006fcba0000)
}
Event: 95.871 GC heap before
{Heap before GC invocations=64 (full 13):
 PSYoungGen      total 660864K, used 632961K [0x00000007aacb0000, 0x00000007d7400000, 0x0000000800000000)
  eden space 598464K, 99% used [0x00000007aacb0000,0x00000007cf2a8998,0x00000007cf520000)
  from space 62400K, 59% used [0x00000007d32f0000,0x00000007d5717d30,0x00000007d6fe0000)
  to   space 63296K, 0% used [0x00000007cf520000,0x00000007cf520000,0x00000007d32f0000)
 ParOldGen       total 265920K, used 31903K [0x0000000700600000, 0x00000007109b0000, 0x00000007aacb0000)
  object space 265920K, 11% used [0x0000000700600000,0x0000000702527f48,0x00000007109b0000)
 PSPermGen       total 24192K, used 18253K [0x00000006fb400000, 0x00000006fcba0000, 0x0000000700600000)
  object space 24192K, 75% used [0x00000006fb400000,0x00000006fc5d3470,0x00000006fcba0000)
Event: 95.875 GC heap after
Heap after GC invocations=64 (full 13):
 PSYoungGen      total 661760K, used 33226K [0x00000007aacb0000, 0x00000007d9c80000, 0x0000000800000000)
  eden space 598464K, 0% used [0x00000007aacb0000,0x00000007aacb0000,0x00000007cf520000)
  from space 63296K, 52% used [0x00000007cf520000,0x00000007d15929b0,0x00000007d32f0000)
  to   space 62400K, 0% used [0x00000007d5f90000,0x00000007d5f90000,0x00000007d9c80000)
 ParOldGen       total 265920K, used 31903K [0x0000000700600000, 0x00000007109b0000, 0x00000007aacb0000)
  object space 265920K, 11% used [0x0000000700600000,0x0000000702527f48,0x00000007109b0000)
 PSPermGen       total 24192K, used 18253K [0x00000006fb400000, 0x00000006fcba0000, 0x0000000700600000)
  object space 24192K, 75% used [0x00000006fb400000,0x00000006fc5d3470,0x00000006fcba0000)
}
Event: 97.304 GC heap before
{Heap before GC invocations=65 (full 13):
 PSYoungGen      total 661760K, used 631684K [0x00000007aacb0000, 0x00000007d9c80000, 0x0000000800000000)
  eden space 598464K, 99% used [0x00000007aacb0000,0x00000007cf51ea48,0x00000007cf520000)
  from space 63296K, 52% used [0x00000007cf520000,0x00000007d15929b0,0x00000007d32f0000)
  to   space 62400K, 0% used [0x00000007d5f90000,0x00000007d5f90000,0x00000007d9c80000)
 ParOldGen       total 265920K, used 138217K [0x0000000700600000, 0x00000007109b0000, 0x00000007aacb0000)
  object space 265920K, 51% used [0x0000000700600000,0x0000000708cfa568,0x00000007109b0000)
 PSPermGen       total 24192K, used 18253K [0x00000006fb400000, 0x00000006fcba0000, 0x0000000700600000)
  object space 24192K, 75% used [0x00000006fb400000,0x00000006fc5d3470,0x00000006fcba0000)
Event: 97.306 GC heap after
Heap after GC invocations=65 (full 13):
 PSYoungGen      total 577088K, used 224K [0x00000007aacb0000, 0x00000007d5fd0000, 0x0000000800000000)
  eden space 576832K, 0% used [0x00000007aacb0000,0x00000007aacb0000,0x00000007ce000000)
  from space 256K, 87% used [0x00000007d5f90000,0x00000007d5fc8000,0x00000007d5fd0000)
  to   space 63232K, 0% used [0x00000007ce450000,0x00000007ce450000,0x00000007d2210000)
 ParOldGen       total 265920K, used 138217K [0x0000000700600000, 0x00000007109b0000, 0x00000007aacb0000)
  object space 265920K, 51% used [0x0000000700600000,0x0000000708cfa568,0x00000007109b0000)
 PSPermGen       total 24192K, used 18253K [0x00000006fb400000, 0x00000006fcba0000, 0x0000000700600000)
  object space 24192K, 75% used [0x00000006fb400000,0x00000006fc5d3470,0x00000006fcba0000)
}
Event: 98.687 GC heap before
{Heap before GC invocations=66 (full 14):
 PSYoungGen      total 577088K, used 577056K [0x00000007aacb0000, 0x00000007d5fd0000, 0x0000000800000000)
  eden space 576832K, 100% used [0x00000007aacb0000,0x00000007ce000000,0x00000007ce000000)
  from space 256K, 87% used [0x00000007d5f90000,0x00000007d5fc8000,0x00000007d5fd0000)
  to   space 63232K, 0% used [0x00000007ce450000,0x00000007ce450000,0x00000007d2210000)
 ParOldGen       total 265920K, used 262882K [0x0000000700600000, 0x00000007109b0000, 0x00000007aacb0000)
  object space 265920K, 98% used [0x0000000700600000,0x00000007106b8998,0x00000007109b0000)
 PSPermGen       total 24192K, used 18253K [0x00000006fb400000, 0x00000006fcba0000, 0x0000000700600000)
  object space 24192K, 75% used [0x00000006fb400000,0x00000006fc5d3618,0x00000006fcba0000)
Event: 98.713 GC heap after
Heap after GC invocations=66 (full 14):
 PSYoungGen      total 577088K, used 0K [0x00000007aacb0000, 0x00000007d5fd0000, 0x0000000800000000)
  eden space 576832K, 0% used [0x00000007aacb0000,0x00000007aacb0000,0x00000007ce000000)
  from space 256K, 0% used [0x00000007d5f90000,0x00000007d5f90000,0x00000007d5fd0000)
  to   space 63232K, 0% used [0x00000007ce450000,0x00000007ce450000,0x00000007d2210000)
 ParOldGen       total 260864K, used 28368K [0x0000000700600000, 0x00000007104c0000, 0x00000007aacb0000)
  object space 260864K, 10% used [0x0000000700600000,0x00000007021b4358,0x00000007104c0000)
 PSPermGen       total 23552K, used 18253K [0x00000006fb400000, 0x00000006fcb00000, 0x0000000700600000)
  object space 23552K, 77% used [0x00000006fb400000,0x00000006fc5d35f8,0x00000006fcb00000)
}
Event: 99.808 GC heap before
{Heap before GC invocations=67 (full 14):
 PSYoungGen      total 577088K, used 576793K [0x00000007aacb0000, 0x00000007d5fd0000, 0x0000000800000000)
  eden space 576832K, 99% used [0x00000007aacb0000,0x00000007cdff6740,0x00000007ce000000)
  from space 256K, 0% used [0x00000007d5f90000,0x00000007d5f90000,0x00000007d5fd0000)
  to   space 63232K, 0% used [0x00000007ce450000,0x00000007ce450000,0x00000007d2210000)
 ParOldGen       total 260864K, used 28368K [0x0000000700600000, 0x00000007104c0000, 0x00000007aacb0000)
  object space 260864K, 10% used [0x0000000700600000,0x00000007021b4358,0x00000007104c0000)
 PSPermGen       total 23552K, used 18262K [0x00000006fb400000, 0x00000006fcb00000, 0x0000000700600000)
  object space 23552K, 77% used [0x00000006fb400000,0x00000006fc5d5b40,0x00000006fcb00000)
Event: 99.814 GC heap after
Heap after GC invocations=67 (full 14):
 PSYoungGen      total 607424K, used 51324K [0x00000007aacb0000, 0x00000007d5fa0000, 0x0000000800000000)
  eden space 556096K, 0% used [0x00000007aacb0000,0x00000007aacb0000,0x00000007ccbc0000)
  from space 51328K, 99% used [0x00000007ce450000,0x00000007d166f3a0,0x00000007d1670000)
  to   space 69504K, 0% used [0x00000007d1bc0000,0x00000007d1bc0000,0x00000007d5fa0000)
 ParOldGen       total 260864K, used 28368K [0x0000000700600000, 0x00000007104c0000, 0x00000007aacb0000)
  object space 260864K, 10% used [0x0000000700600000,0x00000007021b4358,0x00000007104c0000)
 PSPermGen       total 23552K, used 18262K [0x00000006fb400000, 0x00000006fcb00000, 0x0000000700600000)
  object space 23552K, 77% used [0x00000006fb400000,0x00000006fc5d5b40,0x00000006fcb00000)
}

