# JRE version: 7.0_07-b11
# Java VM: Java HotSpot(TM) 64-Bit Server VM (23.3-b01 mixed mode windows-amd64 compressed oops)
Heap
 PSYoungGen      total 1251200K, used 723937K [0x00000007aacb0000, 0x00000007fc680000, 0x0000000800000000)
  eden space 1210816K, 58% used [0x00000007aacb0000,0x00000007d5e98120,0x00000007f4b20000)
  from space 40384K, 43% used [0x00000007f9f10000,0x00000007fb0203b0,0x00000007fc680000)
  to   space 63168K, 0% used [0x00000007f4b20000,0x00000007f4b20000,0x00000007f88d0000)
 ParOldGen       total 253120K, used 120797K [0x0000000700600000, 0x000000070fd30000, 0x00000007aacb0000)
  object space 253120K, 47% used [0x0000000700600000,0x0000000707bf75f0,0x000000070fd30000)
 PSPermGen       total 39744K, used 18220K [0x00000006fb400000, 0x00000006fdad0000, 0x0000000700600000)
  object space 39744K, 45% used [0x00000006fb400000,0x00000006fc5cb338,0x00000006fdad0000)
GC Heap History (10 events):
Event: 16.265 GC heap before
{Heap before GC invocations=15 (full 2):
 PSYoungGen      total 874304K, used 871607K [0x00000007aacb0000, 0x00000007e5220000, 0x0000000800000000)
  eden space 813568K, 99% used [0x00000007aacb0000,0x00000007dc5d0180,0x00000007dc730000)
  from space 60736K, 97% used [0x00000007e0ae0000,0x00000007e44edca0,0x00000007e4630000)
  to   space 69312K, 0% used [0x00000007dc730000,0x00000007dc730000,0x00000007e0ae0000)
 ParOldGen       total 194624K, used 92480K [0x0000000700600000, 0x000000070c410000, 0x00000007aacb0000)
  object space 194624K, 47% used [0x0000000700600000,0x0000000706050240,0x000000070c410000)
 PSPermGen       total 40896K, used 18081K [0x00000006fb400000, 0x00000006fdbf0000, 0x0000000700600000)
  object space 40896K, 44% used [0x00000006fb400000,0x00000006fc5a86c8,0x00000006fdbf0000)
Event: 16.273 GC heap after
Heap after GC invocations=15 (full 2):
 PSYoungGen      total 882880K, used 29315K [0x00000007aacb0000, 0x00000007f0e60000, 0x0000000800000000)
  eden space 813568K, 0% used [0x00000007aacb0000,0x00000007aacb0000,0x00000007dc730000)
  from space 69312K, 42% used [0x00000007dc730000,0x00000007de3d0e00,0x00000007e0ae0000)
  to   space 65600K, 0% used [0x00000007ece50000,0x00000007ece50000,0x00000007f0e60000)
 ParOldGen       total 194624K, used 92480K [0x0000000700600000, 0x000000070c410000, 0x00000007aacb0000)
  object space 194624K, 47% used [0x0000000700600000,0x0000000706050240,0x000000070c410000)
 PSPermGen       total 40896K, used 18081K [0x00000006fb400000, 0x00000006fdbf0000, 0x0000000700600000)
  object space 40896K, 44% used [0x00000006fb400000,0x00000006fc5a86c8,0x00000006fdbf0000)
}
Event: 18.081 GC heap before
{Heap before GC invocations=16 (full 3):
 PSYoungGen      total 882880K, used 842875K [0x00000007aacb0000, 0x00000007f0e60000, 0x0000000800000000)
  eden space 813568K, 99% used [0x00000007aacb0000,0x00000007dc72de68,0x00000007dc730000)
  from space 69312K, 42% used [0x00000007dc730000,0x00000007de3d0e00,0x00000007e0ae0000)
  to   space 65600K, 0% used [0x00000007ece50000,0x00000007ece50000,0x00000007f0e60000)
 ParOldGen       total 209472K, used 209301K [0x0000000700600000, 0x000000070d290000, 0x00000007aacb0000)
  object space 209472K, 99% used [0x0000000700600000,0x000000070d2656a8,0x000000070d290000)
 PSPermGen       total 40896K, used 18179K [0x00000006fb400000, 0x00000006fdbf0000, 0x0000000700600000)
  object space 40896K, 44% used [0x00000006fb400000,0x00000006fc5c0ff8,0x00000006fdbf0000)
Event: 18.126 GC heap after
Heap after GC invocations=16 (full 3):
 PSYoungGen      total 882880K, used 0K [0x00000007aacb0000, 0x00000007f0e60000, 0x0000000800000000)
  eden space 813568K, 0% used [0x00000007aacb0000,0x00000007aacb0000,0x00000007dc730000)
  from space 69312K, 0% used [0x00000007dc730000,0x00000007dc730000,0x00000007e0ae0000)
  to   space 65600K, 0% used [0x00000007ece50000,0x00000007ece50000,0x00000007f0e60000)
 ParOldGen       total 253120K, used 64120K [0x0000000700600000, 0x000000070fd30000, 0x00000007aacb0000)
  object space 253120K, 25% used [0x0000000700600000,0x000000070449e118,0x000000070fd30000)
 PSPermGen       total 39744K, used 18179K [0x00000006fb400000, 0x00000006fdad0000, 0x0000000700600000)
  object space 39744K, 45% used [0x00000006fb400000,0x00000006fc5c0ed8,0x00000006fdad0000)
}
Event: 19.668 GC heap before
{Heap before GC invocations=17 (full 3):
 PSYoungGen      total 882880K, used 809828K [0x00000007aacb0000, 0x00000007f0e60000, 0x0000000800000000)
  eden space 813568K, 99% used [0x00000007aacb0000,0x00000007dc3890d8,0x00000007dc730000)
  from space 69312K, 0% used [0x00000007dc730000,0x00000007dc730000,0x00000007e0ae0000)
  to   space 65600K, 0% used [0x00000007ece50000,0x00000007ece50000,0x00000007f0e60000)
 ParOldGen       total 253120K, used 70195K [0x0000000700600000, 0x000000070fd30000, 0x00000007aacb0000)
  object space 253120K, 27% used [0x0000000700600000,0x0000000704a8cd28,0x000000070fd30000)
 PSPermGen       total 39744K, used 18181K [0x00000006fb400000, 0x00000006fdad0000, 0x0000000700600000)
  object space 39744K, 45% used [0x00000006fb400000,0x00000006fc5c1718,0x00000006fdad0000)
Event: 19.674 GC heap after
Heap after GC invocations=17 (full 3):
 PSYoungGen      total 1078656K, used 17303K [0x00000007aacb0000, 0x00000007f0b00000, 0x0000000800000000)
  eden space 1016512K, 0% used [0x00000007aacb0000,0x00000007aacb0000,0x00000007e8d60000)
  from space 62144K, 27% used [0x00000007ece50000,0x00000007edf35cd8,0x00000007f0b00000)
  to   space 64320K, 0% used [0x00000007e8d60000,0x00000007e8d60000,0x00000007ecc30000)
 ParOldGen       total 253120K, used 70195K [0x0000000700600000, 0x000000070fd30000, 0x00000007aacb0000)
  object space 253120K, 27% used [0x0000000700600000,0x0000000704a8cd28,0x000000070fd30000)
 PSPermGen       total 39744K, used 18181K [0x00000006fb400000, 0x00000006fdad0000, 0x0000000700600000)
  object space 39744K, 45% used [0x00000006fb400000,0x00000006fc5c1718,0x00000006fdad0000)
}
Event: 21.702 GC heap before
{Heap before GC invocations=18 (full 3):
 PSYoungGen      total 1078656K, used 1033815K [0x00000007aacb0000, 0x00000007f0b00000, 0x0000000800000000)
  eden space 1016512K, 100% used [0x00000007aacb0000,0x00000007e8d60000,0x00000007e8d60000)
  from space 62144K, 27% used [0x00000007ece50000,0x00000007edf35cd8,0x00000007f0b00000)
  to   space 64320K, 0% used [0x00000007e8d60000,0x00000007e8d60000,0x00000007ecc30000)
 ParOldGen       total 253120K, used 114722K [0x0000000700600000, 0x000000070fd30000, 0x00000007aacb0000)
  object space 253120K, 45% used [0x0000000700600000,0x00000007076089e0,0x000000070fd30000)
 PSPermGen       total 39744K, used 18202K [0x00000006fb400000, 0x00000006fdad0000, 0x0000000700600000)
  object space 39744K, 45% used [0x00000006fb400000,0x00000006fc5c68a8,0x00000006fdad0000)
Event: 21.703 GC heap after
Heap after GC invocations=18 (full 3):
 PSYoungGen      total 1080832K, used 669K [0x00000007aacb0000, 0x00000007fdf20000, 0x0000000800000000)
  eden space 1016512K, 0% used [0x00000007aacb0000,0x00000007aacb0000,0x00000007e8d60000)
  from space 64320K, 1% used [0x00000007e8d60000,0x00000007e8e07488,0x00000007ecc30000)
  to   space 65600K, 0% used [0x00000007f9f10000,0x00000007f9f10000,0x00000007fdf20000)
 ParOldGen       total 253120K, used 114722K [0x0000000700600000, 0x000000070fd30000, 0x00000007aacb0000)
  object space 253120K, 45% used [0x0000000700600000,0x00000007076089e0,0x000000070fd30000)
 PSPermGen       total 39744K, used 18202K [0x00000006fb400000, 0x00000006fdad0000, 0x0000000700600000)
  object space 39744K, 45% used [0x00000006fb400000,0x00000006fc5c68a8,0x00000006fdad0000)
}
Event: 23.668 GC heap before
{Heap before GC invocations=19 (full 3):
 PSYoungGen      total 1080832K, used 1014998K [0x00000007aacb0000, 0x00000007fdf20000, 0x0000000800000000)
  eden space 1016512K, 99% used [0x00000007aacb0000,0x00000007e8b3e378,0x00000007e8d60000)
  from space 64320K, 1% used [0x00000007e8d60000,0x00000007e8e07488,0x00000007ecc30000)
  to   space 65600K, 0% used [0x00000007f9f10000,0x00000007f9f10000,0x00000007fdf20000)
 ParOldGen       total 253120K, used 120797K [0x0000000700600000, 0x000000070fd30000, 0x00000007aacb0000)
  object space 253120K, 47% used [0x0000000700600000,0x0000000707bf75f0,0x000000070fd30000)
 PSPermGen       total 39744K, used 18208K [0x00000006fb400000, 0x00000006fdad0000, 0x0000000700600000)
  object space 39744K, 45% used [0x00000006fb400000,0x00000006fc5c83f0,0x00000006fdad0000)
Event: 23.674 GC heap after
Heap after GC invocations=19 (full 3):
 PSYoungGen      total 1251200K, used 17472K [0x00000007aacb0000, 0x00000007fc680000, 0x0000000800000000)
  eden space 1210816K, 0% used [0x00000007aacb0000,0x00000007aacb0000,0x00000007f4b20000)
  from space 40384K, 43% used [0x00000007f9f10000,0x00000007fb0203b0,0x00000007fc680000)
  to   space 63168K, 0% used [0x00000007f4b20000,0x00000007f4b20000,0x00000007f88d0000)
 ParOldGen       total 253120K, used 120797K [0x0000000700600000, 0x000000070fd30000, 0x00000007aacb0000)
  object space 253120K, 47% used [0x0000000700600000,0x0000000707bf75f0,0x000000070fd30000)
 PSPermGen       total 39744K, used 18208K [0x00000006fb400000, 0x00000006fdad0000, 0x0000000700600000)
  object space 39744K, 45% used [0x00000006fb400000,0x00000006fc5c83f0,0x00000006fdad0000)
}

