# JRE version: 7.0_07-b11
# Java VM: Java HotSpot(TM) 64-Bit Server VM (23.3-b01 mixed mode windows-amd64 compressed oops)
Heap
 PSYoungGen      total 136832K, used 26235K [0x00000007aacb0000, 0x00000007b58c0000, 0x0000000800000000)
  eden space 107584K, 7% used [0x00000007aacb0000,0x00000007ab45ab98,0x00000007b15c0000)
  from space 29248K, 62% used [0x00000007b3c30000,0x00000007b4e24430,0x00000007b58c0000)
  to   space 34304K, 0% used [0x00000007b15c0000,0x00000007b15c0000,0x00000007b3740000)
 ParOldGen       total 174528K, used 71674K [0x0000000700600000, 0x000000070b070000, 0x00000007aacb0000)
  object space 174528K, 41% used [0x0000000700600000,0x0000000704bfe878,0x000000070b070000)
 PSPermGen       total 21248K, used 17724K [0x00000006fb400000, 0x00000006fc8c0000, 0x0000000700600000)
  object space 21248K, 83% used [0x00000006fb400000,0x00000006fc54f048,0x00000006fc8c0000)
GC Heap History (10 events):
Event: 8.541 GC heap before
{Heap before GC invocations=6 (full 0):
 PSYoungGen      total 137472K, used 131961K [0x00000007aacb0000, 0x00000007b7b90000, 0x0000000800000000)
  eden space 126592K, 97% used [0x00000007aacb0000,0x00000007b2520990,0x00000007b2850000)
  from space 10880K, 79% used [0x00000007b2c90000,0x00000007b34fda70,0x00000007b3730000)
  to   space 42624K, 0% used [0x00000007b51f0000,0x00000007b51f0000,0x00000007b7b90000)
 ParOldGen       total 174528K, used 68990K [0x0000000700600000, 0x000000070b070000, 0x00000007aacb0000)
  object space 174528K, 39% used [0x0000000700600000,0x000000070495f918,0x000000070b070000)
 PSPermGen       total 21248K, used 17697K [0x00000006fb400000, 0x00000006fc8c0000, 0x0000000700600000)
  object space 21248K, 83% used [0x00000006fb400000,0x00000006fc5485a0,0x00000006fc8c0000)
Event: 8.547 GC heap after
Heap after GC invocations=6 (full 0):
 PSYoungGen      total 154496K, used 20844K [0x00000007aacb0000, 0x00000007b7140000, 0x0000000800000000)
  eden space 122432K, 0% used [0x00000007aacb0000,0x00000007aacb0000,0x00000007b2440000)
  from space 32064K, 65% used [0x00000007b51f0000,0x00000007b664b290,0x00000007b7140000)
  to   space 39424K, 0% used [0x00000007b2440000,0x00000007b2440000,0x00000007b4ac0000)
 ParOldGen       total 174528K, used 68990K [0x0000000700600000, 0x000000070b070000, 0x00000007aacb0000)
  object space 174528K, 39% used [0x0000000700600000,0x000000070495f918,0x000000070b070000)
 PSPermGen       total 21248K, used 17697K [0x00000006fb400000, 0x00000006fc8c0000, 0x0000000700600000)
  object space 21248K, 83% used [0x00000006fb400000,0x00000006fc5485a0,0x00000006fc8c0000)
}
Event: 9.740 GC heap before
{Heap before GC invocations=7 (full 0):
 PSYoungGen      total 154496K, used 137927K [0x00000007aacb0000, 0x00000007b7140000, 0x0000000800000000)
  eden space 122432K, 95% used [0x00000007aacb0000,0x00000007b1f069f0,0x00000007b2440000)
  from space 32064K, 65% used [0x00000007b51f0000,0x00000007b664b290,0x00000007b7140000)
  to   space 39424K, 0% used [0x00000007b2440000,0x00000007b2440000,0x00000007b4ac0000)
 ParOldGen       total 174528K, used 68990K [0x0000000700600000, 0x000000070b070000, 0x00000007aacb0000)
  object space 174528K, 39% used [0x0000000700600000,0x000000070495f918,0x000000070b070000)
 PSPermGen       total 21248K, used 17699K [0x00000006fb400000, 0x00000006fc8c0000, 0x0000000700600000)
  object space 21248K, 83% used [0x00000006fb400000,0x00000006fc548e80,0x00000006fc8c0000)
Event: 9.744 GC heap after
Heap after GC invocations=7 (full 0):
 PSYoungGen      total 124928K, used 6433K [0x00000007aacb0000, 0x00000007b6ee0000, 0x0000000800000000)
  eden space 118464K, 0% used [0x00000007aacb0000,0x00000007aacb0000,0x00000007b2060000)
  from space 6464K, 99% used [0x00000007b2440000,0x00000007b2a887a0,0x00000007b2a90000)
  to   space 40192K, 0% used [0x00000007b47a0000,0x00000007b47a0000,0x00000007b6ee0000)
 ParOldGen       total 174528K, used 71381K [0x0000000700600000, 0x000000070b070000, 0x00000007aacb0000)
  object space 174528K, 40% used [0x0000000700600000,0x0000000704bb55a8,0x000000070b070000)
 PSPermGen       total 21248K, used 17699K [0x00000006fb400000, 0x00000006fc8c0000, 0x0000000700600000)
  object space 21248K, 83% used [0x00000006fb400000,0x00000006fc548e80,0x00000006fc8c0000)
}
Event: 10.855 GC heap before
{Heap before GC invocations=8 (full 0):
 PSYoungGen      total 124928K, used 122354K [0x00000007aacb0000, 0x00000007b6ee0000, 0x0000000800000000)
  eden space 118464K, 97% used [0x00000007aacb0000,0x00000007b1de4120,0x00000007b2060000)
  from space 6464K, 99% used [0x00000007b2440000,0x00000007b2a887a0,0x00000007b2a90000)
  to   space 40192K, 0% used [0x00000007b47a0000,0x00000007b47a0000,0x00000007b6ee0000)
 ParOldGen       total 174528K, used 71381K [0x0000000700600000, 0x000000070b070000, 0x00000007aacb0000)
  object space 174528K, 40% used [0x0000000700600000,0x0000000704bb55a8,0x000000070b070000)
 PSPermGen       total 21248K, used 17699K [0x00000006fb400000, 0x00000006fc8c0000, 0x0000000700600000)
  object space 21248K, 83% used [0x00000006fb400000,0x00000006fc548f58,0x00000006fc8c0000)
Event: 10.859 GC heap after
Heap after GC invocations=8 (full 0):
 PSYoungGen      total 146368K, used 18551K [0x00000007aacb0000, 0x00000007b6690000, 0x0000000800000000)
  eden space 114688K, 0% used [0x00000007aacb0000,0x00000007aacb0000,0x00000007b1cb0000)
  from space 31680K, 58% used [0x00000007b47a0000,0x00000007b59bdfc0,0x00000007b6690000)
  to   space 37824K, 0% used [0x00000007b1cb0000,0x00000007b1cb0000,0x00000007b41a0000)
 ParOldGen       total 174528K, used 71413K [0x0000000700600000, 0x000000070b070000, 0x00000007aacb0000)
  object space 174528K, 40% used [0x0000000700600000,0x0000000704bbd5a8,0x000000070b070000)
 PSPermGen       total 21248K, used 17699K [0x00000006fb400000, 0x00000006fc8c0000, 0x0000000700600000)
  object space 21248K, 83% used [0x00000006fb400000,0x00000006fc548f58,0x00000006fc8c0000)
}
Event: 11.169 GC heap before
{Heap before GC invocations=9 (full 0):
 PSYoungGen      total 146368K, used 128153K [0x00000007aacb0000, 0x00000007b6690000, 0x0000000800000000)
  eden space 114688K, 95% used [0x00000007aacb0000,0x00000007b17b8490,0x00000007b1cb0000)
  from space 31680K, 58% used [0x00000007b47a0000,0x00000007b59bdfc0,0x00000007b6690000)
  to   space 37824K, 0% used [0x00000007b1cb0000,0x00000007b1cb0000,0x00000007b41a0000)
 ParOldGen       total 174528K, used 71413K [0x0000000700600000, 0x000000070b070000, 0x00000007aacb0000)
  object space 174528K, 40% used [0x0000000700600000,0x0000000704bbd5a8,0x000000070b070000)
 PSPermGen       total 21248K, used 17699K [0x00000006fb400000, 0x00000006fc8c0000, 0x0000000700600000)
  object space 21248K, 83% used [0x00000006fb400000,0x00000006fc548f58,0x00000006fc8c0000)
Event: 11.172 GC heap after
Heap after GC invocations=9 (full 0):
 PSYoungGen      total 129536K, used 18487K [0x00000007aacb0000, 0x00000007b5f40000, 0x0000000800000000)
  eden space 111040K, 0% used [0x00000007aacb0000,0x00000007aacb0000,0x00000007b1920000)
  from space 18496K, 99% used [0x00000007b1cb0000,0x00000007b2ebdfc0,0x00000007b2ec0000)
  to   space 35904K, 0% used [0x00000007b3c30000,0x00000007b3c30000,0x00000007b5f40000)
 ParOldGen       total 174528K, used 71509K [0x0000000700600000, 0x000000070b070000, 0x00000007aacb0000)
  object space 174528K, 40% used [0x0000000700600000,0x0000000704bd55c8,0x000000070b070000)
 PSPermGen       total 21248K, used 17699K [0x00000006fb400000, 0x00000006fc8c0000, 0x0000000700600000)
  object space 21248K, 83% used [0x00000006fb400000,0x00000006fc548f58,0x00000006fc8c0000)
}
Event: 11.485 GC heap before
{Heap before GC invocations=10 (full 0):
 PSYoungGen      total 129536K, used 127997K [0x00000007aacb0000, 0x00000007b5f40000, 0x0000000800000000)
  eden space 111040K, 98% used [0x00000007aacb0000,0x00000007b17a17e8,0x00000007b1920000)
  from space 18496K, 99% used [0x00000007b1cb0000,0x00000007b2ebdfc0,0x00000007b2ec0000)
  to   space 35904K, 0% used [0x00000007b3c30000,0x00000007b3c30000,0x00000007b5f40000)
 ParOldGen       total 174528K, used 71509K [0x0000000700600000, 0x000000070b070000, 0x00000007aacb0000)
  object space 174528K, 40% used [0x0000000700600000,0x0000000704bd55c8,0x000000070b070000)
 PSPermGen       total 21248K, used 17700K [0x00000006fb400000, 0x00000006fc8c0000, 0x0000000700600000)
  object space 21248K, 83% used [0x00000006fb400000,0x00000006fc5490c0,0x00000006fc8c0000)
Event: 11.489 GC heap after
Heap after GC invocations=10 (full 0):
 PSYoungGen      total 136832K, used 18385K [0x00000007aacb0000, 0x00000007b58c0000, 0x0000000800000000)
  eden space 107584K, 0% used [0x00000007aacb0000,0x00000007aacb0000,0x00000007b15c0000)
  from space 29248K, 62% used [0x00000007b3c30000,0x00000007b4e24430,0x00000007b58c0000)
  to   space 34304K, 0% used [0x00000007b15c0000,0x00000007b15c0000,0x00000007b3740000)
 ParOldGen       total 174528K, used 71674K [0x0000000700600000, 0x000000070b070000, 0x00000007aacb0000)
  object space 174528K, 41% used [0x0000000700600000,0x0000000704bfe878,0x000000070b070000)
 PSPermGen       total 21248K, used 17700K [0x00000006fb400000, 0x00000006fc8c0000, 0x0000000700600000)
  object space 21248K, 83% used [0x00000006fb400000,0x00000006fc5490c0,0x00000006fc8c0000)
}

