# JRE version: 7.0_07-b11
# Java VM: Java HotSpot(TM) 64-Bit Server VM (23.3-b01 mixed mode windows-amd64 compressed oops)
Heap
 PSYoungGen      total 1278656K, used 94145K [0x00000007aacb0000, 0x00000007ffa30000, 0x0000000800000000)
  eden space 1164352K, 3% used [0x00000007aacb0000,0x00000007ad0eb9e8,0x00000007f1dc0000)
  from space 114304K, 49% used [0x00000007f1dc0000,0x00000007f5574a20,0x00000007f8d60000)
  to   space 111232K, 0% used [0x00000007f8d90000,0x00000007f8d90000,0x00000007ffa30000)
 ParOldGen       total 385344K, used 83787K [0x0000000700600000, 0x0000000717e50000, 0x00000007aacb0000)
  object space 385344K, 21% used [0x0000000700600000,0x00000007057d2f30,0x0000000717e50000)
 PSPermGen       total 33856K, used 18167K [0x00000006fb400000, 0x00000006fd510000, 0x0000000700600000)
  object space 33856K, 53% used [0x00000006fb400000,0x00000006fc5bddd0,0x00000006fd510000)
GC Heap History (10 events):
Event: 38.048 GC heap before
{Heap before GC invocations=29 (full 5):
 PSYoungGen      total 1169856K, used 1167246K [0x00000007aacb0000, 0x0000000800000000, 0x0000000800000000)
  eden space 1169600K, 99% used [0x00000007aacb0000,0x00000007f2053a50,0x00000007f22e0000)
  from space 256K, 100% used [0x00000007f22e0000,0x00000007f2320000,0x00000007f2320000)
  to   space 115712K, 0% used [0x00000007f8f00000,0x00000007f8f00000,0x0000000800000000)
 ParOldGen       total 325632K, used 124666K [0x0000000700600000, 0x0000000714400000, 0x00000007aacb0000)
  object space 325632K, 38% used [0x0000000700600000,0x0000000707fbe978,0x0000000714400000)
 PSPermGen       total 35520K, used 18099K [0x00000006fb400000, 0x00000006fd6b0000, 0x0000000700600000)
  object space 35520K, 50% used [0x00000006fb400000,0x00000006fc5ace70,0x00000006fd6b0000)
Event: 38.055 GC heap after
Heap after GC invocations=29 (full 5):
 PSYoungGen      total 1280192K, used 65280K [0x00000007aacb0000, 0x0000000800000000, 0x0000000800000000)
  eden space 1164480K, 0% used [0x00000007aacb0000,0x00000007aacb0000,0x00000007f1de0000)
  from space 115712K, 56% used [0x00000007f8f00000,0x00000007fcec0118,0x0000000800000000)
  to   space 115776K, 0% used [0x00000007f1de0000,0x00000007f1de0000,0x00000007f8ef0000)
 ParOldGen       total 325632K, used 124666K [0x0000000700600000, 0x0000000714400000, 0x00000007aacb0000)
  object space 325632K, 38% used [0x0000000700600000,0x0000000707fbe978,0x0000000714400000)
 PSPermGen       total 35520K, used 18099K [0x00000006fb400000, 0x00000006fd6b0000, 0x0000000700600000)
  object space 35520K, 50% used [0x00000006fb400000,0x00000006fc5ace70,0x00000006fd6b0000)
}
Event: 40.187 GC heap before
{Heap before GC invocations=30 (full 5):
 PSYoungGen      total 1280192K, used 1229676K [0x00000007aacb0000, 0x0000000800000000, 0x0000000800000000)
  eden space 1164480K, 99% used [0x00000007aacb0000,0x00000007f1dcb178,0x00000007f1de0000)
  from space 115712K, 56% used [0x00000007f8f00000,0x00000007fcec0118,0x0000000800000000)
  to   space 115776K, 0% used [0x00000007f1de0000,0x00000007f1de0000,0x00000007f8ef0000)
 ParOldGen       total 325632K, used 254330K [0x0000000700600000, 0x0000000714400000, 0x00000007aacb0000)
  object space 325632K, 78% used [0x0000000700600000,0x000000070fe5e830,0x0000000714400000)
 PSPermGen       total 35520K, used 18107K [0x00000006fb400000, 0x00000006fd6b0000, 0x0000000700600000)
  object space 35520K, 50% used [0x00000006fb400000,0x00000006fc5aefb8,0x00000006fd6b0000)
Event: 40.191 GC heap after
Heap after GC invocations=30 (full 5):
 PSYoungGen      total 1182976K, used 18481K [0x00000007aacb0000, 0x00000007ffcd0000, 0x0000000800000000)
  eden space 1164480K, 0% used [0x00000007aacb0000,0x00000007aacb0000,0x00000007f1de0000)
  from space 18496K, 99% used [0x00000007f1de0000,0x00000007f2fec430,0x00000007f2ff0000)
  to   space 114112K, 0% used [0x00000007f8d60000,0x00000007f8d60000,0x00000007ffcd0000)
 ParOldGen       total 325632K, used 254330K [0x0000000700600000, 0x0000000714400000, 0x00000007aacb0000)
  object space 325632K, 78% used [0x0000000700600000,0x000000070fe5e830,0x0000000714400000)
 PSPermGen       total 35520K, used 18107K [0x00000006fb400000, 0x00000006fd6b0000, 0x0000000700600000)
  object space 35520K, 50% used [0x00000006fb400000,0x00000006fc5aefb8,0x00000006fd6b0000)
}
Event: 42.079 GC heap before
{Heap before GC invocations=31 (full 5):
 PSYoungGen      total 1182976K, used 1182257K [0x00000007aacb0000, 0x00000007ffcd0000, 0x0000000800000000)
  eden space 1164480K, 99% used [0x00000007aacb0000,0x00000007f1d30388,0x00000007f1de0000)
  from space 18496K, 99% used [0x00000007f1de0000,0x00000007f2fec430,0x00000007f2ff0000)
  to   space 114112K, 0% used [0x00000007f8d60000,0x00000007f8d60000,0x00000007ffcd0000)
 ParOldGen       total 325632K, used 259772K [0x0000000700600000, 0x0000000714400000, 0x00000007aacb0000)
  object space 325632K, 79% used [0x0000000700600000,0x00000007103af110,0x0000000714400000)
 PSPermGen       total 35520K, used 18124K [0x00000006fb400000, 0x00000006fd6b0000, 0x0000000700600000)
  object space 35520K, 51% used [0x00000006fb400000,0x00000006fc5b30d0,0x00000006fd6b0000)
Event: 42.088 GC heap after
Heap after GC invocations=31 (full 5):
 PSYoungGen      total 1278464K, used 64351K [0x00000007aacb0000, 0x0000000800000000, 0x0000000800000000)
  eden space 1164352K, 0% used [0x00000007aacb0000,0x00000007aacb0000,0x00000007f1dc0000)
  from space 114112K, 56% used [0x00000007f8d60000,0x00000007fcc37c90,0x00000007ffcd0000)
  to   space 114304K, 0% used [0x00000007f1dc0000,0x00000007f1dc0000,0x00000007f8d60000)
 ParOldGen       total 325632K, used 259772K [0x0000000700600000, 0x0000000714400000, 0x00000007aacb0000)
  object space 325632K, 79% used [0x0000000700600000,0x00000007103af110,0x0000000714400000)
 PSPermGen       total 35520K, used 18124K [0x00000006fb400000, 0x00000006fd6b0000, 0x0000000700600000)
  object space 35520K, 51% used [0x00000006fb400000,0x00000006fc5b30d0,0x00000006fd6b0000)
}
Event: 44.190 GC heap before
{Heap before GC invocations=32 (full 6):
 PSYoungGen      total 1278464K, used 1228702K [0x00000007aacb0000, 0x0000000800000000, 0x0000000800000000)
  eden space 1164352K, 99% used [0x00000007aacb0000,0x00000007f1dbfd48,0x00000007f1dc0000)
  from space 114112K, 56% used [0x00000007f8d60000,0x00000007fcc37c90,0x00000007ffcd0000)
  to   space 114304K, 0% used [0x00000007f1dc0000,0x00000007f1dc0000,0x00000007f8d60000)
 ParOldGen       total 378240K, used 377836K [0x0000000700600000, 0x0000000717760000, 0x00000007aacb0000)
  object space 378240K, 99% used [0x0000000700600000,0x00000007176fb2e8,0x0000000717760000)
 PSPermGen       total 35520K, used 18132K [0x00000006fb400000, 0x00000006fd6b0000, 0x0000000700600000)
  object space 35520K, 51% used [0x00000006fb400000,0x00000006fc5b5250,0x00000006fd6b0000)
Event: 44.226 GC heap after
Heap after GC invocations=32 (full 6):
 PSYoungGen      total 1278464K, used 0K [0x00000007aacb0000, 0x0000000800000000, 0x0000000800000000)
  eden space 1164352K, 0% used [0x00000007aacb0000,0x00000007aacb0000,0x00000007f1dc0000)
  from space 114112K, 0% used [0x00000007f8d60000,0x00000007f8d60000,0x00000007ffcd0000)
  to   space 114304K, 0% used [0x00000007f1dc0000,0x00000007f1dc0000,0x00000007f8d60000)
 ParOldGen       total 385344K, used 83787K [0x0000000700600000, 0x0000000717e50000, 0x00000007aacb0000)
  object space 385344K, 21% used [0x0000000700600000,0x00000007057d2f30,0x0000000717e50000)
 PSPermGen       total 33856K, used 18132K [0x00000006fb400000, 0x00000006fd510000, 0x0000000700600000)
  object space 33856K, 53% used [0x00000006fb400000,0x00000006fc5b51b0,0x00000006fd510000)
}
Event: 46.240 GC heap before
{Heap before GC invocations=33 (full 6):
 PSYoungGen      total 1278464K, used 1163410K [0x00000007aacb0000, 0x0000000800000000, 0x0000000800000000)
  eden space 1164352K, 99% used [0x00000007aacb0000,0x00000007f1cd4ae0,0x00000007f1dc0000)
  from space 114112K, 0% used [0x00000007f8d60000,0x00000007f8d60000,0x00000007ffcd0000)
  to   space 114304K, 0% used [0x00000007f1dc0000,0x00000007f1dc0000,0x00000007f8d60000)
 ParOldGen       total 385344K, used 83787K [0x0000000700600000, 0x0000000717e50000, 0x00000007aacb0000)
  object space 385344K, 21% used [0x0000000700600000,0x00000007057d2f30,0x0000000717e50000)
 PSPermGen       total 33856K, used 18140K [0x00000006fb400000, 0x00000006fd510000, 0x0000000700600000)
  object space 33856K, 53% used [0x00000006fb400000,0x00000006fc5b7218,0x00000006fd510000)
Event: 46.247 GC heap after
Heap after GC invocations=33 (full 6):
 PSYoungGen      total 1278656K, used 57042K [0x00000007aacb0000, 0x00000007ffa30000, 0x0000000800000000)
  eden space 1164352K, 0% used [0x00000007aacb0000,0x00000007aacb0000,0x00000007f1dc0000)
  from space 114304K, 49% used [0x00000007f1dc0000,0x00000007f5574a20,0x00000007f8d60000)
  to   space 111232K, 0% used [0x00000007f8d90000,0x00000007f8d90000,0x00000007ffa30000)
 ParOldGen       total 385344K, used 83787K [0x0000000700600000, 0x0000000717e50000, 0x00000007aacb0000)
  object space 385344K, 21% used [0x0000000700600000,0x00000007057d2f30,0x0000000717e50000)
 PSPermGen       total 33856K, used 18140K [0x00000006fb400000, 0x00000006fd510000, 0x0000000700600000)
  object space 33856K, 53% used [0x00000006fb400000,0x00000006fc5b7218,0x00000006fd510000)
}

