# JRE version: 7.0_07-b11
# Java VM: Java HotSpot(TM) 64-Bit Server VM (23.3-b01 mixed mode windows-amd64 compressed oops)
Heap
 PSYoungGen      total 718720K, used 548450K [0x00000007aacb0000, 0x00000007daef0000, 0x0000000800000000)
  eden space 704384K, 77% used [0x00000007aacb0000,0x00000007cc448ad8,0x00000007d5c90000)
  from space 14336K, 0% used [0x00000007da0f0000,0x00000007da0f0000,0x00000007daef0000)
  to   space 42176K, 0% used [0x00000007d5c90000,0x00000007d5c90000,0x00000007d85c0000)
 ParOldGen       total 197760K, used 39998K [0x0000000700600000, 0x000000070c720000, 0x00000007aacb0000)
  object space 197760K, 20% used [0x0000000700600000,0x0000000702d0fac8,0x000000070c720000)
 PSPermGen       total 39552K, used 18224K [0x00000006fb400000, 0x00000006fdaa0000, 0x0000000700600000)
  object space 39552K, 46% used [0x00000006fb400000,0x00000006fc5cc360,0x00000006fdaa0000)
GC Heap History (10 events):
Event: 7.213 GC heap before
{Heap before GC invocations=9 (full 1):
 PSYoungGen      total 540416K, used 540405K [0x00000007aacb0000, 0x00000007cf730000, 0x0000000800000000)
  eden space 512896K, 100% used [0x00000007aacb0000,0x00000007ca190000,0x00000007ca190000)
  from space 27520K, 99% used [0x00000007cc710000,0x00000007ce1ed560,0x00000007ce1f0000)
  to   space 38400K, 0% used [0x00000007ca190000,0x00000007ca190000,0x00000007cc710000)
 ParOldGen       total 222208K, used 221438K [0x0000000700600000, 0x000000070df00000, 0x00000007aacb0000)
  object space 222208K, 99% used [0x0000000700600000,0x000000070de3fb50,0x000000070df00000)
 PSPermGen       total 21248K, used 18020K [0x00000006fb400000, 0x00000006fc8c0000, 0x0000000700600000)
  object space 21248K, 84% used [0x00000006fb400000,0x00000006fc5992c8,0x00000006fc8c0000)
Event: 7.280 GC heap after
Heap after GC invocations=9 (full 1):
 PSYoungGen      total 540416K, used 0K [0x00000007aacb0000, 0x00000007cf730000, 0x0000000800000000)
  eden space 512896K, 0% used [0x00000007aacb0000,0x00000007aacb0000,0x00000007ca190000)
  from space 27520K, 0% used [0x00000007cc710000,0x00000007cc710000,0x00000007ce1f0000)
  to   space 38400K, 0% used [0x00000007ca190000,0x00000007ca190000,0x00000007cc710000)
 ParOldGen       total 131968K, used 28259K [0x0000000700600000, 0x00000007086e0000, 0x00000007aacb0000)
  object space 131968K, 21% used [0x0000000700600000,0x0000000702198d80,0x00000007086e0000)
 PSPermGen       total 36608K, used 18014K [0x00000006fb400000, 0x00000006fd7c0000, 0x0000000700600000)
  object space 36608K, 49% used [0x00000006fb400000,0x00000006fc5978a0,0x00000006fd7c0000)
}
Event: 8.338 GC heap before
{Heap before GC invocations=10 (full 1):
 PSYoungGen      total 540416K, used 512805K [0x00000007aacb0000, 0x00000007cf730000, 0x0000000800000000)
  eden space 512896K, 99% used [0x00000007aacb0000,0x00000007ca1797e8,0x00000007ca190000)
  from space 27520K, 0% used [0x00000007cc710000,0x00000007cc710000,0x00000007ce1f0000)
  to   space 38400K, 0% used [0x00000007ca190000,0x00000007ca190000,0x00000007cc710000)
 ParOldGen       total 131968K, used 30410K [0x0000000700600000, 0x00000007086e0000, 0x00000007aacb0000)
  object space 131968K, 23% used [0x0000000700600000,0x00000007023b2be0,0x00000007086e0000)
 PSPermGen       total 36608K, used 18161K [0x00000006fb400000, 0x00000006fd7c0000, 0x0000000700600000)
  object space 36608K, 49% used [0x00000006fb400000,0x00000006fc5bc6b0,0x00000006fd7c0000)
Event: 8.349 GC heap after
Heap after GC invocations=10 (full 1):
 PSYoungGen      total 551296K, used 35599K [0x00000007aacb0000, 0x00000007dc860000, 0x0000000800000000)
  eden space 512896K, 0% used [0x00000007aacb0000,0x00000007aacb0000,0x00000007ca190000)
  from space 38400K, 92% used [0x00000007ca190000,0x00000007cc453c30,0x00000007cc710000)
  to   space 40384K, 0% used [0x00000007da0f0000,0x00000007da0f0000,0x00000007dc860000)
 ParOldGen       total 131968K, used 48003K [0x0000000700600000, 0x00000007086e0000, 0x00000007aacb0000)
  object space 131968K, 36% used [0x0000000700600000,0x00000007034e0cd0,0x00000007086e0000)
 PSPermGen       total 36608K, used 18161K [0x00000006fb400000, 0x00000006fd7c0000, 0x0000000700600000)
  object space 36608K, 49% used [0x00000006fb400000,0x00000006fc5bc6b0,0x00000006fd7c0000)
}
Event: 9.640 GC heap before
{Heap before GC invocations=11 (full 2):
 PSYoungGen      total 551296K, used 548495K [0x00000007aacb0000, 0x00000007dc860000, 0x0000000800000000)
  eden space 512896K, 100% used [0x00000007aacb0000,0x00000007ca190000,0x00000007ca190000)
  from space 38400K, 92% used [0x00000007ca190000,0x00000007cc453c30,0x00000007cc710000)
  to   space 40384K, 0% used [0x00000007da0f0000,0x00000007da0f0000,0x00000007dc860000)
 ParOldGen       total 147648K, used 147482K [0x0000000700600000, 0x0000000709630000, 0x00000007aacb0000)
  object space 147648K, 99% used [0x0000000700600000,0x0000000709606940,0x0000000709630000)
 PSPermGen       total 36608K, used 18168K [0x00000006fb400000, 0x00000006fd7c0000, 0x0000000700600000)
  object space 36608K, 49% used [0x00000006fb400000,0x00000006fc5be3a0,0x00000006fd7c0000)
Event: 9.667 GC heap after
Heap after GC invocations=11 (full 2):
 PSYoungGen      total 551296K, used 0K [0x00000007aacb0000, 0x00000007dc860000, 0x0000000800000000)
  eden space 512896K, 0% used [0x00000007aacb0000,0x00000007aacb0000,0x00000007ca190000)
  from space 38400K, 0% used [0x00000007ca190000,0x00000007ca190000,0x00000007cc710000)
  to   space 40384K, 0% used [0x00000007da0f0000,0x00000007da0f0000,0x00000007dc860000)
 ParOldGen       total 166848K, used 36438K [0x0000000700600000, 0x000000070a8f0000, 0x00000007aacb0000)
  object space 166848K, 21% used [0x0000000700600000,0x0000000702995bf0,0x000000070a8f0000)
 PSPermGen       total 41216K, used 18168K [0x00000006fb400000, 0x00000006fdc40000, 0x0000000700600000)
  object space 41216K, 44% used [0x00000006fb400000,0x00000006fc5be310,0x00000006fdc40000)
}
Event: 10.771 GC heap before
{Heap before GC invocations=12 (full 2):
 PSYoungGen      total 551296K, used 511732K [0x00000007aacb0000, 0x00000007dc860000, 0x0000000800000000)
  eden space 512896K, 99% used [0x00000007aacb0000,0x00000007ca06d1c0,0x00000007ca190000)
  from space 38400K, 0% used [0x00000007ca190000,0x00000007ca190000,0x00000007cc710000)
  to   space 40384K, 0% used [0x00000007da0f0000,0x00000007da0f0000,0x00000007dc860000)
 ParOldGen       total 166848K, used 44539K [0x0000000700600000, 0x000000070a8f0000, 0x00000007aacb0000)
  object space 166848K, 26% used [0x0000000700600000,0x000000070317ec10,0x000000070a8f0000)
 PSPermGen       total 41216K, used 18170K [0x00000006fb400000, 0x00000006fdc40000, 0x0000000700600000)
  object space 41216K, 44% used [0x00000006fb400000,0x00000006fc5be9b8,0x00000006fdc40000)
Event: 10.775 GC heap after
Heap after GC invocations=12 (full 2):
 PSYoungGen      total 718720K, used 11172K [0x00000007aacb0000, 0x00000007daef0000, 0x0000000800000000)
  eden space 704384K, 0% used [0x00000007aacb0000,0x00000007aacb0000,0x00000007d5c90000)
  from space 14336K, 77% used [0x00000007da0f0000,0x00000007dabd9200,0x00000007daef0000)
  to   space 42176K, 0% used [0x00000007d5c90000,0x00000007d5c90000,0x00000007d85c0000)
 ParOldGen       total 166848K, used 44539K [0x0000000700600000, 0x000000070a8f0000, 0x00000007aacb0000)
  object space 166848K, 26% used [0x0000000700600000,0x000000070317ec10,0x000000070a8f0000)
 PSPermGen       total 41216K, used 18170K [0x00000006fb400000, 0x00000006fdc40000, 0x0000000700600000)
  object space 41216K, 44% used [0x00000006fb400000,0x00000006fc5be9b8,0x00000006fdc40000)
}
Event: 12.503 GC heap before
{Heap before GC invocations=13 (full 3):
 PSYoungGen      total 718720K, used 715556K [0x00000007aacb0000, 0x00000007daef0000, 0x0000000800000000)
  eden space 704384K, 100% used [0x00000007aacb0000,0x00000007d5c90000,0x00000007d5c90000)
  from space 14336K, 77% used [0x00000007da0f0000,0x00000007dabd9200,0x00000007daef0000)
  to   space 42176K, 0% used [0x00000007d5c90000,0x00000007d5c90000,0x00000007d85c0000)
 ParOldGen       total 166848K, used 149966K [0x0000000700600000, 0x000000070a8f0000, 0x00000007aacb0000)
  object space 166848K, 89% used [0x0000000700600000,0x0000000709873a60,0x000000070a8f0000)
 PSPermGen       total 41216K, used 18187K [0x00000006fb400000, 0x00000006fdc40000, 0x0000000700600000)
  object space 41216K, 44% used [0x00000006fb400000,0x00000006fc5c2ce8,0x00000006fdc40000)
Event: 12.541 GC heap after
Heap after GC invocations=13 (full 3):
 PSYoungGen      total 718720K, used 0K [0x00000007aacb0000, 0x00000007daef0000, 0x0000000800000000)
  eden space 704384K, 0% used [0x00000007aacb0000,0x00000007aacb0000,0x00000007d5c90000)
  from space 14336K, 0% used [0x00000007da0f0000,0x00000007da0f0000,0x00000007daef0000)
  to   space 42176K, 0% used [0x00000007d5c90000,0x00000007d5c90000,0x00000007d85c0000)
 ParOldGen       total 197760K, used 39998K [0x0000000700600000, 0x000000070c720000, 0x00000007aacb0000)
  object space 197760K, 20% used [0x0000000700600000,0x0000000702d0fac8,0x000000070c720000)
 PSPermGen       total 39552K, used 18187K [0x00000006fb400000, 0x00000006fdaa0000, 0x0000000700600000)
  object space 39552K, 45% used [0x00000006fb400000,0x00000006fc5c2ce8,0x00000006fdaa0000)
}

