# JRE version: 7.0_07-b11
# Java VM: Java HotSpot(TM) 64-Bit Server VM (23.3-b01 mixed mode windows-amd64 compressed oops)
Heap
 PSYoungGen      total 1159104K, used 332690K [0x00000007aacb0000, 0x00000007f5300000, 0x0000000800000000)
  eden space 1107136K, 30% used [0x00000007aacb0000,0x00000007bf194a10,0x00000007ee5e0000)
  from space 51968K, 0% used [0x00000007f1c90000,0x00000007f1c90000,0x00000007f4f50000)
  to   space 55872K, 0% used [0x00000007ee5e0000,0x00000007ee5e0000,0x00000007f1c70000)
 ParOldGen       total 287104K, used 66968K [0x0000000700600000, 0x0000000711e60000, 0x00000007aacb0000)
  object space 287104K, 23% used [0x0000000700600000,0x00000007047660b0,0x0000000711e60000)
 PSPermGen       total 37696K, used 18239K [0x00000006fb400000, 0x00000006fd8d0000, 0x0000000700600000)
  object space 37696K, 48% used [0x00000006fb400000,0x00000006fc5cfe98,0x00000006fd8d0000)
GC Heap History (10 events):
Event: 16.822 GC heap before
{Heap before GC invocations=16 (full 3):
 PSYoungGen      total 773440K, used 772890K [0x00000007aacb0000, 0x00000007dd0f0000, 0x0000000800000000)
  eden space 731712K, 99% used [0x00000007aacb0000,0x00000007d76b8590,0x00000007d7740000)
  from space 41728K, 99% used [0x00000007da830000,0x00000007dd0ee5c0,0x00000007dd0f0000)
  to   space 45888K, 0% used [0x00000007d7750000,0x00000007d7750000,0x00000007da420000)
 ParOldGen       total 217600K, used 100435K [0x0000000700600000, 0x000000070da80000, 0x00000007aacb0000)
  object space 217600K, 46% used [0x0000000700600000,0x0000000706814fe0,0x000000070da80000)
 PSPermGen       total 39744K, used 18167K [0x00000006fb400000, 0x00000006fdad0000, 0x0000000700600000)
  object space 39744K, 45% used [0x00000006fb400000,0x00000006fc5bdf00,0x00000006fdad0000)
Event: 16.834 GC heap after
Heap after GC invocations=16 (full 3):
 PSYoungGen      total 777664K, used 40444K [0x00000007aacb0000, 0x00000007e8760000, 0x0000000800000000)
  eden space 731776K, 0% used [0x00000007aacb0000,0x00000007aacb0000,0x00000007d7750000)
  from space 45888K, 88% used [0x00000007d7750000,0x00000007d9ecf060,0x00000007da420000)
  to   space 48704K, 0% used [0x00000007e57d0000,0x00000007e57d0000,0x00000007e8760000)
 ParOldGen       total 217600K, used 100435K [0x0000000700600000, 0x000000070da80000, 0x00000007aacb0000)
  object space 217600K, 46% used [0x0000000700600000,0x0000000706814fe0,0x000000070da80000)
 PSPermGen       total 39744K, used 18167K [0x00000006fb400000, 0x00000006fdad0000, 0x0000000700600000)
  object space 39744K, 45% used [0x00000006fb400000,0x00000006fc5bdf00,0x00000006fdad0000)
}
Event: 18.235 GC heap before
{Heap before GC invocations=17 (full 3):
 PSYoungGen      total 777664K, used 769951K [0x00000007aacb0000, 0x00000007e8760000, 0x0000000800000000)
  eden space 731776K, 99% used [0x00000007aacb0000,0x00000007d7518f60,0x00000007d7750000)
  from space 45888K, 88% used [0x00000007d7750000,0x00000007d9ecf060,0x00000007da420000)
  to   space 48704K, 0% used [0x00000007e57d0000,0x00000007e57d0000,0x00000007e8760000)
 ParOldGen       total 217600K, used 100435K [0x0000000700600000, 0x000000070da80000, 0x00000007aacb0000)
  object space 217600K, 46% used [0x0000000700600000,0x0000000706814fe0,0x000000070da80000)
 PSPermGen       total 39744K, used 18170K [0x00000006fb400000, 0x00000006fdad0000, 0x0000000700600000)
  object space 39744K, 45% used [0x00000006fb400000,0x00000006fc5be8d0,0x00000006fdad0000)
Event: 18.247 GC heap after
Heap after GC invocations=17 (full 3):
 PSYoungGen      total 957056K, used 47195K [0x00000007aacb0000, 0x00000007e8cb0000, 0x0000000800000000)
  eden space 908352K, 0% used [0x00000007aacb0000,0x00000007aacb0000,0x00000007e23c0000)
  from space 48704K, 96% used [0x00000007e57d0000,0x00000007e85e6ea0,0x00000007e8760000)
  to   space 53312K, 0% used [0x00000007e23c0000,0x00000007e23c0000,0x00000007e57d0000)
 ParOldGen       total 217600K, used 110248K [0x0000000700600000, 0x000000070da80000, 0x00000007aacb0000)
  object space 217600K, 50% used [0x0000000700600000,0x00000007071aa340,0x000000070da80000)
 PSPermGen       total 39744K, used 18170K [0x00000006fb400000, 0x00000006fdad0000, 0x0000000700600000)
  object space 39744K, 45% used [0x00000006fb400000,0x00000006fc5be8d0,0x00000006fdad0000)
}
Event: 20.039 GC heap before
{Heap before GC invocations=18 (full 3):
 PSYoungGen      total 957056K, used 950123K [0x00000007aacb0000, 0x00000007e8cb0000, 0x0000000800000000)
  eden space 908352K, 99% used [0x00000007aacb0000,0x00000007e1e73fd8,0x00000007e23c0000)
  from space 48704K, 96% used [0x00000007e57d0000,0x00000007e85e6ea0,0x00000007e8760000)
  to   space 53312K, 0% used [0x00000007e23c0000,0x00000007e23c0000,0x00000007e57d0000)
 ParOldGen       total 217600K, used 110248K [0x0000000700600000, 0x000000070da80000, 0x00000007aacb0000)
  object space 217600K, 50% used [0x0000000700600000,0x00000007071aa340,0x000000070da80000)
 PSPermGen       total 39744K, used 18173K [0x00000006fb400000, 0x00000006fdad0000, 0x0000000700600000)
  object space 39744K, 45% used [0x00000006fb400000,0x00000006fc5bf530,0x00000006fdad0000)
Event: 20.048 GC heap after
Heap after GC invocations=18 (full 3):
 PSYoungGen      total 961664K, used 33396K [0x00000007aacb0000, 0x00000007f4f50000, 0x0000000800000000)
  eden space 908352K, 0% used [0x00000007aacb0000,0x00000007aacb0000,0x00000007e23c0000)
  from space 53312K, 62% used [0x00000007e23c0000,0x00000007e445d340,0x00000007e57d0000)
  to   space 51968K, 0% used [0x00000007f1c90000,0x00000007f1c90000,0x00000007f4f50000)
 ParOldGen       total 217600K, used 110248K [0x0000000700600000, 0x000000070da80000, 0x00000007aacb0000)
  object space 217600K, 50% used [0x0000000700600000,0x00000007071aa340,0x000000070da80000)
 PSPermGen       total 39744K, used 18173K [0x00000006fb400000, 0x00000006fdad0000, 0x0000000700600000)
  object space 39744K, 45% used [0x00000006fb400000,0x00000006fc5bf530,0x00000006fdad0000)
}
Event: 21.798 GC heap before
{Heap before GC invocations=19 (full 3):
 PSYoungGen      total 961664K, used 940550K [0x00000007aacb0000, 0x00000007f4f50000, 0x0000000800000000)
  eden space 908352K, 99% used [0x00000007aacb0000,0x00000007e2294598,0x00000007e23c0000)
  from space 53312K, 62% used [0x00000007e23c0000,0x00000007e445d340,0x00000007e57d0000)
  to   space 51968K, 0% used [0x00000007f1c90000,0x00000007f1c90000,0x00000007f4f50000)
 ParOldGen       total 217600K, used 112273K [0x0000000700600000, 0x000000070da80000, 0x00000007aacb0000)
  object space 217600K, 51% used [0x0000000700600000,0x00000007073a4750,0x000000070da80000)
 PSPermGen       total 39744K, used 18176K [0x00000006fb400000, 0x00000006fdad0000, 0x0000000700600000)
  object space 39744K, 45% used [0x00000006fb400000,0x00000006fc5c0290,0x00000006fdad0000)
Event: 21.810 GC heap after
Heap after GC invocations=19 (full 3):
 PSYoungGen      total 1159104K, used 47636K [0x00000007aacb0000, 0x00000007f5300000, 0x0000000800000000)
  eden space 1107136K, 0% used [0x00000007aacb0000,0x00000007aacb0000,0x00000007ee5e0000)
  from space 51968K, 91% used [0x00000007f1c90000,0x00000007f4b15100,0x00000007f4f50000)
  to   space 55872K, 0% used [0x00000007ee5e0000,0x00000007ee5e0000,0x00000007f1c70000)
 ParOldGen       total 217600K, used 112273K [0x0000000700600000, 0x000000070da80000, 0x00000007aacb0000)
  object space 217600K, 51% used [0x0000000700600000,0x00000007073a4750,0x000000070da80000)
 PSPermGen       total 39744K, used 18176K [0x00000006fb400000, 0x00000006fdad0000, 0x0000000700600000)
  object space 39744K, 45% used [0x00000006fb400000,0x00000006fc5c0290,0x00000006fdad0000)
}
Event: 24.134 GC heap before
{Heap before GC invocations=20 (full 4):
 PSYoungGen      total 1159104K, used 1154772K [0x00000007aacb0000, 0x00000007f5300000, 0x0000000800000000)
  eden space 1107136K, 100% used [0x00000007aacb0000,0x00000007ee5e0000,0x00000007ee5e0000)
  from space 51968K, 91% used [0x00000007f1c90000,0x00000007f4b15100,0x00000007f4f50000)
  to   space 55872K, 0% used [0x00000007ee5e0000,0x00000007ee5e0000,0x00000007f1c70000)
 ParOldGen       total 217600K, used 189321K [0x0000000700600000, 0x000000070da80000, 0x00000007aacb0000)
  object space 217600K, 87% used [0x0000000700600000,0x000000070bee27c8,0x000000070da80000)
 PSPermGen       total 39744K, used 18199K [0x00000006fb400000, 0x00000006fdad0000, 0x0000000700600000)
  object space 39744K, 45% used [0x00000006fb400000,0x00000006fc5c5db0,0x00000006fdad0000)
Event: 24.175 GC heap after
Heap after GC invocations=20 (full 4):
 PSYoungGen      total 1159104K, used 0K [0x00000007aacb0000, 0x00000007f5300000, 0x0000000800000000)
  eden space 1107136K, 0% used [0x00000007aacb0000,0x00000007aacb0000,0x00000007ee5e0000)
  from space 51968K, 0% used [0x00000007f1c90000,0x00000007f1c90000,0x00000007f4f50000)
  to   space 55872K, 0% used [0x00000007ee5e0000,0x00000007ee5e0000,0x00000007f1c70000)
 ParOldGen       total 287104K, used 66968K [0x0000000700600000, 0x0000000711e60000, 0x00000007aacb0000)
  object space 287104K, 23% used [0x0000000700600000,0x00000007047660b0,0x0000000711e60000)
 PSPermGen       total 37696K, used 18199K [0x00000006fb400000, 0x00000006fd8d0000, 0x0000000700600000)
  object space 37696K, 48% used [0x00000006fb400000,0x00000006fc5c5c70,0x00000006fd8d0000)
}

