# JRE version: 7.0_07-b11
# Java VM: Java HotSpot(TM) 64-Bit Server VM (23.3-b01 mixed mode windows-amd64 compressed oops)
Heap
 PSYoungGen      total 874432K, used 654310K [0x00000007aacb0000, 0x00000007e3930000, 0x0000000800000000)
  eden space 822272K, 77% used [0x00000007aacb0000,0x00000007d1a6f158,0x00000007dcfb0000)
  from space 52160K, 33% used [0x00000007e0640000,0x00000007e177a7a8,0x00000007e3930000)
  to   space 54016K, 0% used [0x00000007dcfb0000,0x00000007dcfb0000,0x00000007e0470000)
 ParOldGen       total 174528K, used 95410K [0x0000000700600000, 0x000000070b070000, 0x00000007aacb0000)
  object space 174528K, 54% used [0x0000000700600000,0x000000070632c9d0,0x000000070b070000)
 PSPermGen       total 21248K, used 17931K [0x00000006fb400000, 0x00000006fc8c0000, 0x0000000700600000)
  object space 21248K, 84% used [0x00000006fb400000,0x00000006fc582ec0,0x00000006fc8c0000)
GC Heap History (10 events):
Event: 6.206 GC heap before
{Heap before GC invocations=6 (full 0):
 PSYoungGen      total 141824K, used 137153K [0x00000007aacb0000, 0x00000007c1710000, 0x0000000800000000)
  eden space 130944K, 96% used [0x00000007aacb0000,0x00000007b2814fb8,0x00000007b2c90000)
  from space 10880K, 99% used [0x00000007b2c90000,0x00000007b371b498,0x00000007b3730000)
  to   space 54592K, 0% used [0x00000007be1c0000,0x00000007be1c0000,0x00000007c1710000)
 ParOldGen       total 174528K, used 90645K [0x0000000700600000, 0x000000070b070000, 0x00000007aacb0000)
  object space 174528K, 51% used [0x0000000700600000,0x0000000705e856e0,0x000000070b070000)
 PSPermGen       total 21248K, used 17904K [0x00000006fb400000, 0x00000006fc8c0000, 0x0000000700600000)
  object space 21248K, 84% used [0x00000006fb400000,0x00000006fc57c3b8,0x00000006fc8c0000)
Event: 6.217 GC heap after
Heap after GC invocations=6 (full 0):
 PSYoungGen      total 311552K, used 40489K [0x00000007aacb0000, 0x00000007c20b0000, 0x0000000800000000)
  eden space 256960K, 0% used [0x00000007aacb0000,0x00000007aacb0000,0x00000007ba7a0000)
  from space 54592K, 74% used [0x00000007be1c0000,0x00000007c094a4f8,0x00000007c1710000)
  to   space 59520K, 0% used [0x00000007ba7a0000,0x00000007ba7a0000,0x00000007be1c0000)
 ParOldGen       total 174528K, used 90645K [0x0000000700600000, 0x000000070b070000, 0x00000007aacb0000)
  object space 174528K, 51% used [0x0000000700600000,0x0000000705e856e0,0x000000070b070000)
 PSPermGen       total 21248K, used 17904K [0x00000006fb400000, 0x00000006fc8c0000, 0x0000000700600000)
  object space 21248K, 84% used [0x00000006fb400000,0x00000006fc57c3b8,0x00000006fc8c0000)
}
Event: 6.947 GC heap before
{Heap before GC invocations=7 (full 0):
 PSYoungGen      total 311552K, used 291800K [0x00000007aacb0000, 0x00000007c20b0000, 0x0000000800000000)
  eden space 256960K, 97% used [0x00000007aacb0000,0x00000007ba21be30,0x00000007ba7a0000)
  from space 54592K, 74% used [0x00000007be1c0000,0x00000007c094a4f8,0x00000007c1710000)
  to   space 59520K, 0% used [0x00000007ba7a0000,0x00000007ba7a0000,0x00000007be1c0000)
 ParOldGen       total 174528K, used 90645K [0x0000000700600000, 0x000000070b070000, 0x00000007aacb0000)
  object space 174528K, 51% used [0x0000000700600000,0x0000000705e856e0,0x000000070b070000)
 PSPermGen       total 21248K, used 17906K [0x00000006fb400000, 0x00000006fc8c0000, 0x0000000700600000)
  object space 21248K, 84% used [0x00000006fb400000,0x00000006fc57c890,0x00000006fc8c0000)
Event: 6.959 GC heap after
Heap after GC invocations=7 (full 0):
 PSYoungGen      total 316480K, used 35898K [0x00000007aacb0000, 0x00000007d17b0000, 0x0000000800000000)
  eden space 256960K, 0% used [0x00000007aacb0000,0x00000007aacb0000,0x00000007ba7a0000)
  from space 59520K, 60% used [0x00000007ba7a0000,0x00000007bcaaebd8,0x00000007be1c0000)
  to   space 59968K, 0% used [0x00000007cdd20000,0x00000007cdd20000,0x00000007d17b0000)
 ParOldGen       total 174528K, used 95378K [0x0000000700600000, 0x000000070b070000, 0x00000007aacb0000)
  object space 174528K, 54% used [0x0000000700600000,0x00000007063249d0,0x000000070b070000)
 PSPermGen       total 21248K, used 17906K [0x00000006fb400000, 0x00000006fc8c0000, 0x0000000700600000)
  object space 21248K, 84% used [0x00000006fb400000,0x00000006fc57c890,0x00000006fc8c0000)
}
Event: 7.660 GC heap before
{Heap before GC invocations=8 (full 0):
 PSYoungGen      total 316480K, used 292096K [0x00000007aacb0000, 0x00000007d17b0000, 0x0000000800000000)
  eden space 256960K, 99% used [0x00000007aacb0000,0x00000007ba6e1730,0x00000007ba7a0000)
  from space 59520K, 60% used [0x00000007ba7a0000,0x00000007bcaaebd8,0x00000007be1c0000)
  to   space 59968K, 0% used [0x00000007cdd20000,0x00000007cdd20000,0x00000007d17b0000)
 ParOldGen       total 174528K, used 95378K [0x0000000700600000, 0x000000070b070000, 0x00000007aacb0000)
  object space 174528K, 54% used [0x0000000700600000,0x00000007063249d0,0x000000070b070000)
 PSPermGen       total 21248K, used 17907K [0x00000006fb400000, 0x00000006fc8c0000, 0x0000000700600000)
  object space 21248K, 84% used [0x00000006fb400000,0x00000006fc57cc28,0x00000006fc8c0000)
Event: 7.666 GC heap after
Heap after GC invocations=8 (full 0):
 PSYoungGen      total 569664K, used 17673K [0x00000007aacb0000, 0x00000007d1390000, 0x0000000800000000)
  eden space 513920K, 0% used [0x00000007aacb0000,0x00000007aacb0000,0x00000007ca290000)
  from space 55744K, 31% used [0x00000007cdd20000,0x00000007cee627a8,0x00000007d1390000)
  to   space 57856K, 0% used [0x00000007ca290000,0x00000007ca290000,0x00000007cdb10000)
 ParOldGen       total 174528K, used 95386K [0x0000000700600000, 0x000000070b070000, 0x00000007aacb0000)
  object space 174528K, 54% used [0x0000000700600000,0x00000007063269d0,0x000000070b070000)
 PSPermGen       total 21248K, used 17907K [0x00000006fb400000, 0x00000006fc8c0000, 0x0000000700600000)
  object space 21248K, 84% used [0x00000006fb400000,0x00000006fc57cc28,0x00000006fc8c0000)
}
Event: 9.087 GC heap before
{Heap before GC invocations=9 (full 0):
 PSYoungGen      total 569664K, used 529577K [0x00000007aacb0000, 0x00000007d1390000, 0x0000000800000000)
  eden space 513920K, 99% used [0x00000007aacb0000,0x00000007ca097c68,0x00000007ca290000)
  from space 55744K, 31% used [0x00000007cdd20000,0x00000007cee627a8,0x00000007d1390000)
  to   space 57856K, 0% used [0x00000007ca290000,0x00000007ca290000,0x00000007cdb10000)
 ParOldGen       total 174528K, used 95386K [0x0000000700600000, 0x000000070b070000, 0x00000007aacb0000)
  object space 174528K, 54% used [0x0000000700600000,0x00000007063269d0,0x000000070b070000)
 PSPermGen       total 21248K, used 17909K [0x00000006fb400000, 0x00000006fc8c0000, 0x0000000700600000)
  object space 21248K, 84% used [0x00000006fb400000,0x00000006fc57d6f0,0x00000006fc8c0000)
Event: 9.092 GC heap after
Heap after GC invocations=9 (full 0):
 PSYoungGen      total 571776K, used 17609K [0x00000007aacb0000, 0x00000007e3cd0000, 0x0000000800000000)
  eden space 513920K, 0% used [0x00000007aacb0000,0x00000007aacb0000,0x00000007ca290000)
  from space 57856K, 30% used [0x00000007ca290000,0x00000007cb3c27a8,0x00000007cdb10000)
  to   space 55872K, 0% used [0x00000007e0640000,0x00000007e0640000,0x00000007e3cd0000)
 ParOldGen       total 174528K, used 95386K [0x0000000700600000, 0x000000070b070000, 0x00000007aacb0000)
  object space 174528K, 54% used [0x0000000700600000,0x00000007063269d0,0x000000070b070000)
 PSPermGen       total 21248K, used 17909K [0x00000006fb400000, 0x00000006fc8c0000, 0x0000000700600000)
  object space 21248K, 84% used [0x00000006fb400000,0x00000006fc57d6f0,0x00000006fc8c0000)
}
Event: 10.547 GC heap before
{Heap before GC invocations=10 (full 0):
 PSYoungGen      total 571776K, used 529428K [0x00000007aacb0000, 0x00000007e3cd0000, 0x0000000800000000)
  eden space 513920K, 99% used [0x00000007aacb0000,0x00000007ca082aa8,0x00000007ca290000)
  from space 57856K, 30% used [0x00000007ca290000,0x00000007cb3c27a8,0x00000007cdb10000)
  to   space 55872K, 0% used [0x00000007e0640000,0x00000007e0640000,0x00000007e3cd0000)
 ParOldGen       total 174528K, used 95386K [0x0000000700600000, 0x000000070b070000, 0x00000007aacb0000)
  object space 174528K, 54% used [0x0000000700600000,0x00000007063269d0,0x000000070b070000)
 PSPermGen       total 21248K, used 17912K [0x00000006fb400000, 0x00000006fc8c0000, 0x0000000700600000)
  object space 21248K, 84% used [0x00000006fb400000,0x00000006fc57e128,0x00000006fc8c0000)
Event: 10.552 GC heap after
Heap after GC invocations=10 (full 0):
 PSYoungGen      total 874432K, used 17641K [0x00000007aacb0000, 0x00000007e3930000, 0x0000000800000000)
  eden space 822272K, 0% used [0x00000007aacb0000,0x00000007aacb0000,0x00000007dcfb0000)
  from space 52160K, 33% used [0x00000007e0640000,0x00000007e177a7a8,0x00000007e3930000)
  to   space 54016K, 0% used [0x00000007dcfb0000,0x00000007dcfb0000,0x00000007e0470000)
 ParOldGen       total 174528K, used 95410K [0x0000000700600000, 0x000000070b070000, 0x00000007aacb0000)
  object space 174528K, 54% used [0x0000000700600000,0x000000070632c9d0,0x000000070b070000)
 PSPermGen       total 21248K, used 17912K [0x00000006fb400000, 0x00000006fc8c0000, 0x0000000700600000)
  object space 21248K, 84% used [0x00000006fb400000,0x00000006fc57e128,0x00000006fc8c0000)
}

