# JRE version: 7.0_07-b11
# Java VM: Java HotSpot(TM) 64-Bit Server VM (23.3-b01 mixed mode windows-amd64 compressed oops)
Heap
 PSYoungGen      total 74752K, used 19150K [0x00000007aacb0000, 0x00000007b39b0000, 0x0000000800000000)
  eden space 63872K, 16% used [0x00000007aacb0000,0x00000007ab72f150,0x00000007aeb10000)
  from space 10880K, 77% used [0x00000007aeca0000,0x00000007af4d49c0,0x00000007af740000)
  to   space 40256K, 0% used [0x00000007b1260000,0x00000007b1260000,0x00000007b39b0000)
 ParOldGen       total 174528K, used 48068K [0x0000000700600000, 0x000000070b070000, 0x00000007aacb0000)
  object space 174528K, 27% used [0x0000000700600000,0x00000007034f1240,0x000000070b070000)
 PSPermGen       total 21248K, used 17898K [0x00000006fb400000, 0x00000006fc8c0000, 0x0000000700600000)
  object space 21248K, 84% used [0x00000006fb400000,0x00000006fc57a870,0x00000006fc8c0000)
GC Heap History (10 events):
Event: 4.085 GC heap before
{Heap before GC invocations=1 (full 0):
 PSYoungGen      total 76352K, used 65472K [0x00000007aacb0000, 0x00000007b01e0000, 0x0000000800000000)
  eden space 65472K, 100% used [0x00000007aacb0000,0x00000007aeca0000,0x00000007aeca0000)
  from space 10880K, 0% used [0x00000007af740000,0x00000007af740000,0x00000007b01e0000)
  to   space 10880K, 0% used [0x00000007aeca0000,0x00000007aeca0000,0x00000007af740000)
 ParOldGen       total 174528K, used 0K [0x0000000700600000, 0x000000070b070000, 0x00000007aacb0000)
  object space 174528K, 0% used [0x0000000700600000,0x0000000700600000,0x000000070b070000)
 PSPermGen       total 21248K, used 17562K [0x00000006fb400000, 0x00000006fc8c0000, 0x0000000700600000)
  object space 21248K, 82% used [0x00000006fb400000,0x00000006fc526890,0x00000006fc8c0000)
Event: 4.094 GC heap after
Heap after GC invocations=1 (full 0):
 PSYoungGen      total 76352K, used 9448K [0x00000007aacb0000, 0x00000007b01e0000, 0x0000000800000000)
  eden space 65472K, 0% used [0x00000007aacb0000,0x00000007aacb0000,0x00000007aeca0000)
  from space 10880K, 86% used [0x00000007aeca0000,0x00000007af5da110,0x00000007af740000)
  to   space 10880K, 0% used [0x00000007af740000,0x00000007af740000,0x00000007b01e0000)
 ParOldGen       total 174528K, used 8K [0x0000000700600000, 0x000000070b070000, 0x00000007aacb0000)
  object space 174528K, 0% used [0x0000000700600000,0x0000000700602000,0x000000070b070000)
 PSPermGen       total 21248K, used 17562K [0x00000006fb400000, 0x00000006fc8c0000, 0x0000000700600000)
  object space 21248K, 82% used [0x00000006fb400000,0x00000006fc526890,0x00000006fc8c0000)
}
Event: 6.250 GC heap before
{Heap before GC invocations=2 (full 0):
 PSYoungGen      total 76352K, used 71648K [0x00000007aacb0000, 0x00000007b01e0000, 0x0000000800000000)
  eden space 65472K, 95% used [0x00000007aacb0000,0x00000007ae96dfc0,0x00000007aeca0000)
  from space 10880K, 86% used [0x00000007aeca0000,0x00000007af5da110,0x00000007af740000)
  to   space 10880K, 0% used [0x00000007af740000,0x00000007af740000,0x00000007b01e0000)
 ParOldGen       total 174528K, used 8K [0x0000000700600000, 0x000000070b070000, 0x00000007aacb0000)
  object space 174528K, 0% used [0x0000000700600000,0x0000000700602000,0x000000070b070000)
 PSPermGen       total 21248K, used 17856K [0x00000006fb400000, 0x00000006fc8c0000, 0x0000000700600000)
  object space 21248K, 84% used [0x00000006fb400000,0x00000006fc5701b8,0x00000006fc8c0000)
Event: 6.261 GC heap after
Heap after GC invocations=2 (full 0):
 PSYoungGen      total 76352K, used 10868K [0x00000007aacb0000, 0x00000007b01e0000, 0x0000000800000000)
  eden space 65472K, 0% used [0x00000007aacb0000,0x00000007aacb0000,0x00000007aeca0000)
  from space 10880K, 99% used [0x00000007af740000,0x00000007b01dd100,0x00000007b01e0000)
  to   space 10880K, 0% used [0x00000007aeca0000,0x00000007aeca0000,0x00000007af740000)
 ParOldGen       total 174528K, used 29843K [0x0000000700600000, 0x000000070b070000, 0x00000007aacb0000)
  object space 174528K, 17% used [0x0000000700600000,0x0000000702324e10,0x000000070b070000)
 PSPermGen       total 21248K, used 17856K [0x00000006fb400000, 0x00000006fc8c0000, 0x0000000700600000)
  object space 21248K, 84% used [0x00000006fb400000,0x00000006fc5701b8,0x00000006fc8c0000)
}
Event: 7.160 GC heap before
{Heap before GC invocations=3 (full 0):
 PSYoungGen      total 76352K, used 73439K [0x00000007aacb0000, 0x00000007b01e0000, 0x0000000800000000)
  eden space 65472K, 95% used [0x00000007aacb0000,0x00000007ae9cab58,0x00000007aeca0000)
  from space 10880K, 99% used [0x00000007af740000,0x00000007b01dd100,0x00000007b01e0000)
  to   space 10880K, 0% used [0x00000007aeca0000,0x00000007aeca0000,0x00000007af740000)
 ParOldGen       total 174528K, used 29843K [0x0000000700600000, 0x000000070b070000, 0x00000007aacb0000)
  object space 174528K, 17% used [0x0000000700600000,0x0000000702324e10,0x000000070b070000)
 PSPermGen       total 21248K, used 17860K [0x00000006fb400000, 0x00000006fc8c0000, 0x0000000700600000)
  object space 21248K, 84% used [0x00000006fb400000,0x00000006fc571050,0x00000006fc8c0000)
Event: 7.164 GC heap after
Heap after GC invocations=3 (full 0):
 PSYoungGen      total 76352K, used 8370K [0x00000007aacb0000, 0x00000007b01e0000, 0x0000000800000000)
  eden space 65472K, 0% used [0x00000007aacb0000,0x00000007aacb0000,0x00000007aeca0000)
  from space 10880K, 76% used [0x00000007aeca0000,0x00000007af4cc9c0,0x00000007af740000)
  to   space 10880K, 0% used [0x00000007af740000,0x00000007af740000,0x00000007b01e0000)
 ParOldGen       total 174528K, used 29843K [0x0000000700600000, 0x000000070b070000, 0x00000007aacb0000)
  object space 174528K, 17% used [0x0000000700600000,0x0000000702324e10,0x000000070b070000)
 PSPermGen       total 21248K, used 17860K [0x00000006fb400000, 0x00000006fc8c0000, 0x0000000700600000)
  object space 21248K, 84% used [0x00000006fb400000,0x00000006fc571050,0x00000006fc8c0000)
}
Event: 7.963 GC heap before
{Heap before GC invocations=4 (full 0):
 PSYoungGen      total 76352K, used 72845K [0x00000007aacb0000, 0x00000007b01e0000, 0x0000000800000000)
  eden space 65472K, 98% used [0x00000007aacb0000,0x00000007aeba6ab0,0x00000007aeca0000)
  from space 10880K, 76% used [0x00000007aeca0000,0x00000007af4cc9c0,0x00000007af740000)
  to   space 10880K, 0% used [0x00000007af740000,0x00000007af740000,0x00000007b01e0000)
 ParOldGen       total 174528K, used 29843K [0x0000000700600000, 0x000000070b070000, 0x00000007aacb0000)
  object space 174528K, 17% used [0x0000000700600000,0x0000000702324e10,0x000000070b070000)
 PSPermGen       total 21248K, used 17860K [0x00000006fb400000, 0x00000006fc8c0000, 0x0000000700600000)
  object space 21248K, 84% used [0x00000006fb400000,0x00000006fc5711d0,0x00000006fc8c0000)
Event: 7.971 GC heap after
Heap after GC invocations=4 (full 0):
 PSYoungGen      total 76352K, used 8306K [0x00000007aacb0000, 0x00000007b01e0000, 0x0000000800000000)
  eden space 65472K, 0% used [0x00000007aacb0000,0x00000007aacb0000,0x00000007aeca0000)
  from space 10880K, 76% used [0x00000007af740000,0x00000007aff5c9c0,0x00000007b01e0000)
  to   space 10880K, 0% used [0x00000007aeca0000,0x00000007aeca0000,0x00000007af740000)
 ParOldGen       total 174528K, used 48068K [0x0000000700600000, 0x000000070b070000, 0x00000007aacb0000)
  object space 174528K, 27% used [0x0000000700600000,0x00000007034f1240,0x000000070b070000)
 PSPermGen       total 21248K, used 17860K [0x00000006fb400000, 0x00000006fc8c0000, 0x0000000700600000)
  object space 21248K, 84% used [0x00000006fb400000,0x00000006fc5711d0,0x00000006fc8c0000)
}
Event: 8.895 GC heap before
{Heap before GC invocations=5 (full 0):
 PSYoungGen      total 76352K, used 69819K [0x00000007aacb0000, 0x00000007b01e0000, 0x0000000800000000)
  eden space 65472K, 93% used [0x00000007aacb0000,0x00000007ae8c2378,0x00000007aeca0000)
  from space 10880K, 76% used [0x00000007af740000,0x00000007aff5c9c0,0x00000007b01e0000)
  to   space 10880K, 0% used [0x00000007aeca0000,0x00000007aeca0000,0x00000007af740000)
 ParOldGen       total 174528K, used 48068K [0x0000000700600000, 0x000000070b070000, 0x00000007aacb0000)
  object space 174528K, 27% used [0x0000000700600000,0x00000007034f1240,0x000000070b070000)
 PSPermGen       total 21248K, used 17874K [0x00000006fb400000, 0x00000006fc8c0000, 0x0000000700600000)
  object space 21248K, 84% used [0x00000006fb400000,0x00000006fc5748e8,0x00000006fc8c0000)
Event: 8.901 GC heap after
Heap after GC invocations=5 (full 0):
 PSYoungGen      total 74752K, used 8402K [0x00000007aacb0000, 0x00000007b39b0000, 0x0000000800000000)
  eden space 63872K, 0% used [0x00000007aacb0000,0x00000007aacb0000,0x00000007aeb10000)
  from space 10880K, 77% used [0x00000007aeca0000,0x00000007af4d49c0,0x00000007af740000)
  to   space 40256K, 0% used [0x00000007b1260000,0x00000007b1260000,0x00000007b39b0000)
 ParOldGen       total 174528K, used 48068K [0x0000000700600000, 0x000000070b070000, 0x00000007aacb0000)
  object space 174528K, 27% used [0x0000000700600000,0x00000007034f1240,0x000000070b070000)
 PSPermGen       total 21248K, used 17874K [0x00000006fb400000, 0x00000006fc8c0000, 0x0000000700600000)
  object space 21248K, 84% used [0x00000006fb400000,0x00000006fc5748e8,0x00000006fc8c0000)
}

