# JRE version: 7.0_07-b11
# Java VM: Java HotSpot(TM) 64-Bit Server VM (23.3-b01 mixed mode windows-amd64 compressed oops)
Heap
 PSYoungGen      total 206528K, used 126591K [0x00000007aacb0000, 0x00000007bbf90000, 0x0000000800000000)
  eden space 167616K, 69% used [0x00000007aacb0000,0x00000007b1e04ec0,0x00000007b5060000)
  from space 38912K, 27% used [0x00000007b5060000,0x00000007b5aaae70,0x00000007b7660000)
  to   space 35584K, 0% used [0x00000007b9cd0000,0x00000007b9cd0000,0x00000007bbf90000)
 ParOldGen       total 297216K, used 237885K [0x0000000700600000, 0x0000000712840000, 0x00000007aacb0000)
  object space 297216K, 80% used [0x0000000700600000,0x000000070ee4f5e0,0x0000000712840000)
 PSPermGen       total 37632K, used 18020K [0x00000006fb400000, 0x00000006fd8c0000, 0x0000000700600000)
  object space 37632K, 47% used [0x00000006fb400000,0x00000006fc5992a0,0x00000006fd8c0000)
GC Heap History (10 events):
Event: 9.212 GC heap before
{Heap before GC invocations=7 (full 3):
 PSYoungGen      total 141824K, used 130944K [0x00000007aacb0000, 0x00000007b41d0000, 0x0000000800000000)
  eden space 130944K, 100% used [0x00000007aacb0000,0x00000007b2c90000,0x00000007b2c90000)
  from space 10880K, 0% used [0x00000007b3730000,0x00000007b3730000,0x00000007b41d0000)
  to   space 10880K, 0% used [0x00000007b2c90000,0x00000007b2c90000,0x00000007b3730000)
 ParOldGen       total 208704K, used 203808K [0x0000000700600000, 0x000000070d1d0000, 0x00000007aacb0000)
  object space 208704K, 97% used [0x0000000700600000,0x000000070cd08318,0x000000070d1d0000)
 PSPermGen       total 40448K, used 17965K [0x00000006fb400000, 0x00000006fdb80000, 0x0000000700600000)
  object space 40448K, 44% used [0x00000006fb400000,0x00000006fc58b678,0x00000006fdb80000)
Event: 9.238 GC heap after
Heap after GC invocations=7 (full 3):
 PSYoungGen      total 141824K, used 0K [0x00000007aacb0000, 0x00000007b41d0000, 0x0000000800000000)
  eden space 130944K, 0% used [0x00000007aacb0000,0x00000007aacb0000,0x00000007b2c90000)
  from space 10880K, 0% used [0x00000007b3730000,0x00000007b3730000,0x00000007b41d0000)
  to   space 10880K, 0% used [0x00000007b2c90000,0x00000007b2c90000,0x00000007b3730000)
 ParOldGen       total 231680K, used 25499K [0x0000000700600000, 0x000000070e840000, 0x00000007aacb0000)
  object space 231680K, 11% used [0x0000000700600000,0x0000000701ee6f80,0x000000070e840000)
 PSPermGen       total 39232K, used 17965K [0x00000006fb400000, 0x00000006fda50000, 0x0000000700600000)
  object space 39232K, 45% used [0x00000006fb400000,0x00000006fc58b678,0x00000006fda50000)
}
Event: 9.508 GC heap before
{Heap before GC invocations=8 (full 3):
 PSYoungGen      total 141824K, used 129736K [0x00000007aacb0000, 0x00000007b41d0000, 0x0000000800000000)
  eden space 130944K, 99% used [0x00000007aacb0000,0x00000007b2b62328,0x00000007b2c90000)
  from space 10880K, 0% used [0x00000007b3730000,0x00000007b3730000,0x00000007b41d0000)
  to   space 10880K, 0% used [0x00000007b2c90000,0x00000007b2c90000,0x00000007b3730000)
 ParOldGen       total 231680K, used 37649K [0x0000000700600000, 0x000000070e840000, 0x00000007aacb0000)
  object space 231680K, 16% used [0x0000000700600000,0x0000000702ac47a0,0x000000070e840000)
 PSPermGen       total 39232K, used 17968K [0x00000006fb400000, 0x00000006fda50000, 0x0000000700600000)
  object space 39232K, 45% used [0x00000006fb400000,0x00000006fc58c078,0x00000006fda50000)
Event: 9.511 GC heap after
Heap after GC invocations=8 (full 3):
 PSYoungGen      total 141824K, used 7934K [0x00000007aacb0000, 0x00000007ba3b0000, 0x0000000800000000)
  eden space 130944K, 0% used [0x00000007aacb0000,0x00000007aacb0000,0x00000007b2c90000)
  from space 10880K, 72% used [0x00000007b2c90000,0x00000007b344f8f0,0x00000007b3730000)
  to   space 39296K, 0% used [0x00000007b7d50000,0x00000007b7d50000,0x00000007ba3b0000)
 ParOldGen       total 231680K, used 41067K [0x0000000700600000, 0x000000070e840000, 0x00000007aacb0000)
  object space 231680K, 17% used [0x0000000700600000,0x0000000702e1ac70,0x000000070e840000)
 PSPermGen       total 39232K, used 17968K [0x00000006fb400000, 0x00000006fda50000, 0x0000000700600000)
  object space 39232K, 45% used [0x00000006fb400000,0x00000006fc58c078,0x00000006fda50000)
}
Event: 10.278 GC heap before
{Heap before GC invocations=9 (full 4):
 PSYoungGen      total 141824K, used 138878K [0x00000007aacb0000, 0x00000007ba3b0000, 0x0000000800000000)
  eden space 130944K, 100% used [0x00000007aacb0000,0x00000007b2c90000,0x00000007b2c90000)
  from space 10880K, 72% used [0x00000007b2c90000,0x00000007b344f8f0,0x00000007b3730000)
  to   space 39296K, 0% used [0x00000007b7d50000,0x00000007b7d50000,0x00000007ba3b0000)
 ParOldGen       total 309696K, used 309549K [0x0000000700600000, 0x0000000713470000, 0x00000007aacb0000)
  object space 309696K, 99% used [0x0000000700600000,0x000000071344b580,0x0000000713470000)
 PSPermGen       total 39232K, used 17970K [0x00000006fb400000, 0x00000006fda50000, 0x0000000700600000)
  object space 39232K, 45% used [0x00000006fb400000,0x00000006fc58cba0,0x00000006fda50000)
Event: 10.306 GC heap after
Heap after GC invocations=9 (full 4):
 PSYoungGen      total 141824K, used 0K [0x00000007aacb0000, 0x00000007ba3b0000, 0x0000000800000000)
  eden space 130944K, 0% used [0x00000007aacb0000,0x00000007aacb0000,0x00000007b2c90000)
  from space 10880K, 0% used [0x00000007b2c90000,0x00000007b2c90000,0x00000007b3730000)
  to   space 39296K, 0% used [0x00000007b7d50000,0x00000007b7d50000,0x00000007ba3b0000)
 ParOldGen       total 297216K, used 25512K [0x0000000700600000, 0x0000000712840000, 0x00000007aacb0000)
  object space 297216K, 8% used [0x0000000700600000,0x0000000701eea1a0,0x0000000712840000)
 PSPermGen       total 37632K, used 17970K [0x00000006fb400000, 0x00000006fd8c0000, 0x0000000700600000)
  object space 37632K, 47% used [0x00000006fb400000,0x00000006fc58cba0,0x00000006fd8c0000)
}
Event: 10.981 GC heap before
{Heap before GC invocations=10 (full 4):
 PSYoungGen      total 141824K, used 130944K [0x00000007aacb0000, 0x00000007ba3b0000, 0x0000000800000000)
  eden space 130944K, 100% used [0x00000007aacb0000,0x00000007b2c90000,0x00000007b2c90000)
  from space 10880K, 0% used [0x00000007b2c90000,0x00000007b2c90000,0x00000007b3730000)
  to   space 39296K, 0% used [0x00000007b7d50000,0x00000007b7d50000,0x00000007ba3b0000)
 ParOldGen       total 297216K, used 237885K [0x0000000700600000, 0x0000000712840000, 0x00000007aacb0000)
  object space 297216K, 80% used [0x0000000700600000,0x000000070ee4f5e0,0x0000000712840000)
 PSPermGen       total 37632K, used 17980K [0x00000006fb400000, 0x00000006fd8c0000, 0x0000000700600000)
  object space 37632K, 47% used [0x00000006fb400000,0x00000006fc58f308,0x00000006fd8c0000)
Event: 10.982 GC heap after
Heap after GC invocations=10 (full 4):
 PSYoungGen      total 199424K, used 160K [0x00000007aacb0000, 0x00000007b9c60000, 0x0000000800000000)
  eden space 167616K, 0% used [0x00000007aacb0000,0x00000007aacb0000,0x00000007b5060000)
  from space 31808K, 0% used [0x00000007b7d50000,0x00000007b7d78000,0x00000007b9c60000)
  to   space 38912K, 0% used [0x00000007b5060000,0x00000007b5060000,0x00000007b7660000)
 ParOldGen       total 297216K, used 237885K [0x0000000700600000, 0x0000000712840000, 0x00000007aacb0000)
  object space 297216K, 80% used [0x0000000700600000,0x000000070ee4f5e0,0x0000000712840000)
 PSPermGen       total 37632K, used 17980K [0x00000006fb400000, 0x00000006fd8c0000, 0x0000000700600000)
  object space 37632K, 47% used [0x00000006fb400000,0x00000006fc58f308,0x00000006fd8c0000)
}
Event: 11.545 GC heap before
{Heap before GC invocations=11 (full 4):
 PSYoungGen      total 199424K, used 162432K [0x00000007aacb0000, 0x00000007b9c60000, 0x0000000800000000)
  eden space 167616K, 96% used [0x00000007aacb0000,0x00000007b4b281c0,0x00000007b5060000)
  from space 31808K, 0% used [0x00000007b7d50000,0x00000007b7d78000,0x00000007b9c60000)
  to   space 38912K, 0% used [0x00000007b5060000,0x00000007b5060000,0x00000007b7660000)
 ParOldGen       total 297216K, used 237885K [0x0000000700600000, 0x0000000712840000, 0x00000007aacb0000)
  object space 297216K, 80% used [0x0000000700600000,0x000000070ee4f5e0,0x0000000712840000)
 PSPermGen       total 37632K, used 17992K [0x00000006fb400000, 0x00000006fd8c0000, 0x0000000700600000)
  object space 37632K, 47% used [0x00000006fb400000,0x00000006fc5922d8,0x00000006fd8c0000)
Event: 11.549 GC heap after
Heap after GC invocations=11 (full 4):
 PSYoungGen      total 206528K, used 10539K [0x00000007aacb0000, 0x00000007bbf90000, 0x0000000800000000)
  eden space 167616K, 0% used [0x00000007aacb0000,0x00000007aacb0000,0x00000007b5060000)
  from space 38912K, 27% used [0x00000007b5060000,0x00000007b5aaae70,0x00000007b7660000)
  to   space 35584K, 0% used [0x00000007b9cd0000,0x00000007b9cd0000,0x00000007bbf90000)
 ParOldGen       total 297216K, used 237885K [0x0000000700600000, 0x0000000712840000, 0x00000007aacb0000)
  object space 297216K, 80% used [0x0000000700600000,0x000000070ee4f5e0,0x0000000712840000)
 PSPermGen       total 37632K, used 17992K [0x00000006fb400000, 0x00000006fd8c0000, 0x0000000700600000)
  object space 37632K, 47% used [0x00000006fb400000,0x00000006fc5922d8,0x00000006fd8c0000)
}

