# JRE version: 7.0_07-b11
# Java VM: Java HotSpot(TM) 64-Bit Server VM (23.3-b01 mixed mode windows-amd64 compressed oops)
Heap
 PSYoungGen      total 220096K, used 24307K [0x00000007aacb0000, 0x00000007bc6d0000, 0x0000000800000000)
  eden space 164352K, 3% used [0x00000007aacb0000,0x00000007ab236868,0x00000007b4d30000)
  from space 55744K, 33% used [0x00000007b9060000,0x00000007ba296740,0x00000007bc6d0000)
  to   space 62272K, 0% used [0x00000007b4d30000,0x00000007b4d30000,0x00000007b8a00000)
 ParOldGen       total 284864K, used 240741K [0x0000000700600000, 0x0000000711c30000, 0x00000007aacb0000)
  object space 284864K, 84% used [0x0000000700600000,0x000000070f119770,0x0000000711c30000)
 PSPermGen       total 39232K, used 17996K [0x00000006fb400000, 0x00000006fda50000, 0x0000000700600000)
  object space 39232K, 45% used [0x00000006fb400000,0x00000006fc5932e8,0x00000006fda50000)
GC Heap History (10 events):
Event: 8.106 GC heap before
{Heap before GC invocations=11 (full 3):
 PSYoungGen      total 143680K, used 95217K [0x00000007aacb0000, 0x00000007b7440000, 0x0000000800000000)
  eden space 98176K, 96% used [0x00000007aacb0000,0x00000007b09ac740,0x00000007b0c90000)
  from space 45504K, 0% used [0x00000007b0c90000,0x00000007b0c90000,0x00000007b3900000)
  to   space 43520K, 0% used [0x00000007b49c0000,0x00000007b49c0000,0x00000007b7440000)
 ParOldGen       total 284864K, used 19382K [0x0000000700600000, 0x0000000711c30000, 0x00000007aacb0000)
  object space 284864K, 6% used [0x0000000700600000,0x00000007018edab0,0x0000000711c30000)
 PSPermGen       total 39232K, used 17952K [0x00000006fb400000, 0x00000006fda50000, 0x0000000700600000)
  object space 39232K, 45% used [0x00000006fb400000,0x00000006fc5882b0,0x00000006fda50000)
Event: 8.114 GC heap after
Heap after GC invocations=11 (full 3):
 PSYoungGen      total 155136K, used 37602K [0x00000007aacb0000, 0x00000007b8b30000, 0x0000000800000000)
  eden space 111616K, 0% used [0x00000007aacb0000,0x00000007aacb0000,0x00000007b19b0000)
  from space 43520K, 86% used [0x00000007b49c0000,0x00000007b6e78900,0x00000007b7440000)
  to   space 49216K, 0% used [0x00000007b19b0000,0x00000007b19b0000,0x00000007b49c0000)
 ParOldGen       total 284864K, used 31532K [0x0000000700600000, 0x0000000711c30000, 0x00000007aacb0000)
  object space 284864K, 11% used [0x0000000700600000,0x00000007024cb2d0,0x0000000711c30000)
 PSPermGen       total 39232K, used 17952K [0x00000006fb400000, 0x00000006fda50000, 0x0000000700600000)
  object space 39232K, 45% used [0x00000006fb400000,0x00000006fc5882b0,0x00000006fda50000)
}
Event: 8.327 GC heap before
{Heap before GC invocations=12 (full 3):
 PSYoungGen      total 155136K, used 147480K [0x00000007aacb0000, 0x00000007b8b30000, 0x0000000800000000)
  eden space 111616K, 98% used [0x00000007aacb0000,0x00000007b17fd910,0x00000007b19b0000)
  from space 43520K, 86% used [0x00000007b49c0000,0x00000007b6e78900,0x00000007b7440000)
  to   space 49216K, 0% used [0x00000007b19b0000,0x00000007b19b0000,0x00000007b49c0000)
 ParOldGen       total 284864K, used 31532K [0x0000000700600000, 0x0000000711c30000, 0x00000007aacb0000)
  object space 284864K, 11% used [0x0000000700600000,0x00000007024cb2d0,0x0000000711c30000)
 PSPermGen       total 39232K, used 17962K [0x00000006fb400000, 0x00000006fda50000, 0x0000000700600000)
  object space 39232K, 45% used [0x00000006fb400000,0x00000006fc58a910,0x00000006fda50000)
Event: 8.340 GC heap after
Heap after GC invocations=12 (full 3):
 PSYoungGen      total 160832K, used 44078K [0x00000007aacb0000, 0x00000007ba150000, 0x0000000800000000)
  eden space 111616K, 0% used [0x00000007aacb0000,0x00000007aacb0000,0x00000007b19b0000)
  from space 49216K, 89% used [0x00000007b19b0000,0x00000007b44bbb30,0x00000007b49c0000)
  to   space 55808K, 0% used [0x00000007b6ad0000,0x00000007b6ad0000,0x00000007ba150000)
 ParOldGen       total 284864K, used 49757K [0x0000000700600000, 0x0000000711c30000, 0x00000007aacb0000)
  object space 284864K, 17% used [0x0000000700600000,0x0000000703697700,0x0000000711c30000)
 PSPermGen       total 39232K, used 17962K [0x00000006fb400000, 0x00000006fda50000, 0x0000000700600000)
  object space 39232K, 45% used [0x00000006fb400000,0x00000006fc58a910,0x00000006fda50000)
}
Event: 8.556 GC heap before
{Heap before GC invocations=13 (full 3):
 PSYoungGen      total 160832K, used 150770K [0x00000007aacb0000, 0x00000007ba150000, 0x0000000800000000)
  eden space 111616K, 95% used [0x00000007aacb0000,0x00000007b14e10c8,0x00000007b19b0000)
  from space 49216K, 89% used [0x00000007b19b0000,0x00000007b44bbb30,0x00000007b49c0000)
  to   space 55808K, 0% used [0x00000007b6ad0000,0x00000007b6ad0000,0x00000007ba150000)
 ParOldGen       total 284864K, used 49757K [0x0000000700600000, 0x0000000711c30000, 0x00000007aacb0000)
  object space 284864K, 17% used [0x0000000700600000,0x0000000703697700,0x0000000711c30000)
 PSPermGen       total 39232K, used 17962K [0x00000006fb400000, 0x00000006fda50000, 0x0000000700600000)
  object space 39232K, 45% used [0x00000006fb400000,0x00000006fc58a9c8,0x00000006fda50000)
Event: 8.565 GC heap after
Heap after GC invocations=13 (full 3):
 PSYoungGen      total 191104K, used 41252K [0x00000007aacb0000, 0x00000007ba9b0000, 0x0000000800000000)
  eden space 135296K, 0% used [0x00000007aacb0000,0x00000007aacb0000,0x00000007b30d0000)
  from space 55808K, 73% used [0x00000007b6ad0000,0x00000007b93190e0,0x00000007ba150000)
  to   space 59392K, 0% used [0x00000007b30d0000,0x00000007b30d0000,0x00000007b6ad0000)
 ParOldGen       total 284864K, used 49757K [0x0000000700600000, 0x0000000711c30000, 0x00000007aacb0000)
  object space 284864K, 17% used [0x0000000700600000,0x0000000703697700,0x0000000711c30000)
 PSPermGen       total 39232K, used 17962K [0x00000006fb400000, 0x00000006fda50000, 0x0000000700600000)
  object space 39232K, 45% used [0x00000006fb400000,0x00000006fc58a9c8,0x00000006fda50000)
}
Event: 8.847 GC heap before
{Heap before GC invocations=14 (full 3):
 PSYoungGen      total 191104K, used 174337K [0x00000007aacb0000, 0x00000007ba9b0000, 0x0000000800000000)
  eden space 135296K, 98% used [0x00000007aacb0000,0x00000007b2ea73f8,0x00000007b30d0000)
  from space 55808K, 73% used [0x00000007b6ad0000,0x00000007b93190e0,0x00000007ba150000)
  to   space 59392K, 0% used [0x00000007b30d0000,0x00000007b30d0000,0x00000007b6ad0000)
 ParOldGen       total 284864K, used 55832K [0x0000000700600000, 0x0000000711c30000, 0x00000007aacb0000)
  object space 284864K, 19% used [0x0000000700600000,0x0000000703c86310,0x0000000711c30000)
 PSPermGen       total 39232K, used 17963K [0x00000006fb400000, 0x00000006fda50000, 0x0000000700600000)
  object space 39232K, 45% used [0x00000006fb400000,0x00000006fc58acb8,0x00000006fda50000)
Event: 8.853 GC heap after
Heap after GC invocations=14 (full 3):
 PSYoungGen      total 194688K, used 48054K [0x00000007aacb0000, 0x00000007bcf90000, 0x0000000800000000)
  eden space 135296K, 0% used [0x00000007aacb0000,0x00000007aacb0000,0x00000007b30d0000)
  from space 59392K, 80% used [0x00000007b30d0000,0x00000007b5fbda80,0x00000007b6ad0000)
  to   space 64704K, 0% used [0x00000007b9060000,0x00000007b9060000,0x00000007bcf90000)
 ParOldGen       total 284864K, used 55832K [0x0000000700600000, 0x0000000711c30000, 0x00000007aacb0000)
  object space 284864K, 19% used [0x0000000700600000,0x0000000703c86310,0x0000000711c30000)
 PSPermGen       total 39232K, used 17963K [0x00000006fb400000, 0x00000006fda50000, 0x0000000700600000)
  object space 39232K, 45% used [0x00000006fb400000,0x00000006fc58acb8,0x00000006fda50000)
}
Event: 9.522 GC heap before
{Heap before GC invocations=15 (full 3):
 PSYoungGen      total 194688K, used 183350K [0x00000007aacb0000, 0x00000007bcf90000, 0x0000000800000000)
  eden space 135296K, 100% used [0x00000007aacb0000,0x00000007b30d0000,0x00000007b30d0000)
  from space 59392K, 80% used [0x00000007b30d0000,0x00000007b5fbda80,0x00000007b6ad0000)
  to   space 64704K, 0% used [0x00000007b9060000,0x00000007b9060000,0x00000007bcf90000)
 ParOldGen       total 284864K, used 240741K [0x0000000700600000, 0x0000000711c30000, 0x00000007aacb0000)
  object space 284864K, 84% used [0x0000000700600000,0x000000070f119770,0x0000000711c30000)
 PSPermGen       total 39232K, used 17972K [0x00000006fb400000, 0x00000006fda50000, 0x0000000700600000)
  object space 39232K, 45% used [0x00000006fb400000,0x00000006fc58d360,0x00000006fda50000)
Event: 9.527 GC heap after
Heap after GC invocations=15 (full 3):
 PSYoungGen      total 220096K, used 18649K [0x00000007aacb0000, 0x00000007bc6d0000, 0x0000000800000000)
  eden space 164352K, 0% used [0x00000007aacb0000,0x00000007aacb0000,0x00000007b4d30000)
  from space 55744K, 33% used [0x00000007b9060000,0x00000007ba296740,0x00000007bc6d0000)
  to   space 62272K, 0% used [0x00000007b4d30000,0x00000007b4d30000,0x00000007b8a00000)
 ParOldGen       total 284864K, used 240741K [0x0000000700600000, 0x0000000711c30000, 0x00000007aacb0000)
  object space 284864K, 84% used [0x0000000700600000,0x000000070f119770,0x0000000711c30000)
 PSPermGen       total 39232K, used 17972K [0x00000006fb400000, 0x00000006fda50000, 0x0000000700600000)
  object space 39232K, 45% used [0x00000006fb400000,0x00000006fc58d360,0x00000006fda50000)
}

