# JRE version: 7.0_07-b11
# Java VM: Java HotSpot(TM) 64-Bit Server VM (23.3-b01 mixed mode windows-amd64 compressed oops)
Heap
 PSYoungGen      total 580992K, used 421065K [0x00000007aacb0000, 0x00000007da500000, 0x0000000800000000)
  eden space 453696K, 73% used [0x00000007aacb0000,0x00000007bf42a528,0x00000007c67c0000)
  from space 127296K, 67% used [0x00000007c67c0000,0x00000007cbb78270,0x00000007ce410000)
  to   space 130560K, 0% used [0x00000007d2580000,0x00000007d2580000,0x00000007da500000)
 ParOldGen       total 280640K, used 168401K [0x0000000700600000, 0x0000000711810000, 0x00000007aacb0000)
  object space 280640K, 60% used [0x0000000700600000,0x000000070aa74410,0x0000000711810000)
 PSPermGen       total 39680K, used 18170K [0x00000006fb400000, 0x00000006fdac0000, 0x0000000700600000)
  object space 39680K, 45% used [0x00000006fb400000,0x00000006fc5be828,0x00000006fdac0000)
GC Heap History (10 events):
Event: 18.159 GC heap before
{Heap before GC invocations=22 (full 3):
 PSYoungGen      total 438272K, used 430016K [0x00000007aacb0000, 0x00000007cd1f0000, 0x0000000800000000)
  eden space 348288K, 99% used [0x00000007aacb0000,0x00000007c00730c8,0x00000007c00d0000)
  from space 89984K, 91% used [0x00000007c6310000,0x00000007cb33d070,0x00000007cbaf0000)
  to   space 100608K, 0% used [0x00000007c00d0000,0x00000007c00d0000,0x00000007c6310000)
 ParOldGen       total 280640K, used 168385K [0x0000000700600000, 0x0000000711810000, 0x00000007aacb0000)
  object space 280640K, 60% used [0x0000000700600000,0x000000070aa70410,0x0000000711810000)
 PSPermGen       total 39680K, used 18133K [0x00000006fb400000, 0x00000006fdac0000, 0x0000000700600000)
  object space 39680K, 45% used [0x00000006fb400000,0x00000006fc5b54a0,0x00000006fdac0000)
Event: 18.171 GC heap after
Heap after GC invocations=22 (full 3):
 PSYoungGen      total 448896K, used 92913K [0x00000007aacb0000, 0x00000007d1540000, 0x0000000800000000)
  eden space 348288K, 0% used [0x00000007aacb0000,0x00000007aacb0000,0x00000007c00d0000)
  from space 100608K, 92% used [0x00000007c00d0000,0x00000007c5b8c510,0x00000007c6310000)
  to   space 113024K, 0% used [0x00000007ca6e0000,0x00000007ca6e0000,0x00000007d1540000)
 ParOldGen       total 280640K, used 168385K [0x0000000700600000, 0x0000000711810000, 0x00000007aacb0000)
  object space 280640K, 60% used [0x0000000700600000,0x000000070aa70410,0x0000000711810000)
 PSPermGen       total 39680K, used 18133K [0x00000006fb400000, 0x00000006fdac0000, 0x0000000700600000)
  object space 39680K, 45% used [0x00000006fb400000,0x00000006fc5b54a0,0x00000006fdac0000)
}
Event: 19.436 GC heap before
{Heap before GC invocations=23 (full 3):
 PSYoungGen      total 448896K, used 438239K [0x00000007aacb0000, 0x00000007d1540000, 0x0000000800000000)
  eden space 348288K, 99% used [0x00000007aacb0000,0x00000007bfdeb8a8,0x00000007c00d0000)
  from space 100608K, 92% used [0x00000007c00d0000,0x00000007c5b8c510,0x00000007c6310000)
  to   space 113024K, 0% used [0x00000007ca6e0000,0x00000007ca6e0000,0x00000007d1540000)
 ParOldGen       total 280640K, used 168385K [0x0000000700600000, 0x0000000711810000, 0x00000007aacb0000)
  object space 280640K, 60% used [0x0000000700600000,0x000000070aa70410,0x0000000711810000)
 PSPermGen       total 39680K, used 18134K [0x00000006fb400000, 0x00000006fdac0000, 0x0000000700600000)
  object space 39680K, 45% used [0x00000006fb400000,0x00000006fc5b58a8,0x00000006fdac0000)
Event: 19.456 GC heap after
Heap after GC invocations=23 (full 3):
 PSYoungGen      total 509248K, used 90907K [0x00000007aacb0000, 0x00000007d27e0000, 0x0000000800000000)
  eden space 396224K, 0% used [0x00000007aacb0000,0x00000007aacb0000,0x00000007c2fa0000)
  from space 113024K, 80% used [0x00000007ca6e0000,0x00000007cffa6f90,0x00000007d1540000)
  to   space 122112K, 0% used [0x00000007c2fa0000,0x00000007c2fa0000,0x00000007ca6e0000)
 ParOldGen       total 280640K, used 168385K [0x0000000700600000, 0x0000000711810000, 0x00000007aacb0000)
  object space 280640K, 60% used [0x0000000700600000,0x000000070aa70410,0x0000000711810000)
 PSPermGen       total 39680K, used 18134K [0x00000006fb400000, 0x00000006fdac0000, 0x0000000700600000)
  object space 39680K, 45% used [0x00000006fb400000,0x00000006fc5b58a8,0x00000006fdac0000)
}
Event: 20.958 GC heap before
{Heap before GC invocations=24 (full 3):
 PSYoungGen      total 509248K, used 486300K [0x00000007aacb0000, 0x00000007d27e0000, 0x0000000800000000)
  eden space 396224K, 99% used [0x00000007aacb0000,0x00000007c2ed0148,0x00000007c2fa0000)
  from space 113024K, 80% used [0x00000007ca6e0000,0x00000007cffa6f90,0x00000007d1540000)
  to   space 122112K, 0% used [0x00000007c2fa0000,0x00000007c2fa0000,0x00000007ca6e0000)
 ParOldGen       total 280640K, used 168385K [0x0000000700600000, 0x0000000711810000, 0x00000007aacb0000)
  object space 280640K, 60% used [0x0000000700600000,0x000000070aa70410,0x0000000711810000)
 PSPermGen       total 39680K, used 18134K [0x00000006fb400000, 0x00000006fdac0000, 0x0000000700600000)
  object space 39680K, 45% used [0x00000006fb400000,0x00000006fc5b5bb8,0x00000006fdac0000)
Event: 20.969 GC heap after
Heap after GC invocations=24 (full 3):
 PSYoungGen      total 518336K, used 76888K [0x00000007aacb0000, 0x00000007d5d20000, 0x0000000800000000)
  eden space 396224K, 0% used [0x00000007aacb0000,0x00000007aacb0000,0x00000007c2fa0000)
  from space 122112K, 62% used [0x00000007c2fa0000,0x00000007c7ab6350,0x00000007ca6e0000)
  to   space 123968K, 0% used [0x00000007ce410000,0x00000007ce410000,0x00000007d5d20000)
 ParOldGen       total 280640K, used 168385K [0x0000000700600000, 0x0000000711810000, 0x00000007aacb0000)
  object space 280640K, 60% used [0x0000000700600000,0x000000070aa70410,0x0000000711810000)
 PSPermGen       total 39680K, used 18134K [0x00000006fb400000, 0x00000006fdac0000, 0x0000000700600000)
  object space 39680K, 45% used [0x00000006fb400000,0x00000006fc5b5bb8,0x00000006fdac0000)
}
Event: 22.372 GC heap before
{Heap before GC invocations=25 (full 3):
 PSYoungGen      total 518336K, used 469600K [0x00000007aacb0000, 0x00000007d5d20000, 0x0000000800000000)
  eden space 396224K, 99% used [0x00000007aacb0000,0x00000007c2c31de8,0x00000007c2fa0000)
  from space 122112K, 62% used [0x00000007c2fa0000,0x00000007c7ab6350,0x00000007ca6e0000)
  to   space 123968K, 0% used [0x00000007ce410000,0x00000007ce410000,0x00000007d5d20000)
 ParOldGen       total 280640K, used 168385K [0x0000000700600000, 0x0000000711810000, 0x00000007aacb0000)
  object space 280640K, 60% used [0x0000000700600000,0x000000070aa70410,0x0000000711810000)
 PSPermGen       total 39680K, used 18135K [0x00000006fb400000, 0x00000006fdac0000, 0x0000000700600000)
  object space 39680K, 45% used [0x00000006fb400000,0x00000006fc5b5d90,0x00000006fdac0000)
Event: 22.388 GC heap after
Heap after GC invocations=25 (full 3):
 PSYoungGen      total 577664K, used 83102K [0x00000007aacb0000, 0x00000007d6300000, 0x0000000800000000)
  eden space 453696K, 0% used [0x00000007aacb0000,0x00000007aacb0000,0x00000007c67c0000)
  from space 123968K, 67% used [0x00000007ce410000,0x00000007d3537b30,0x00000007d5d20000)
  to   space 127296K, 0% used [0x00000007c67c0000,0x00000007c67c0000,0x00000007ce410000)
 ParOldGen       total 280640K, used 168385K [0x0000000700600000, 0x0000000711810000, 0x00000007aacb0000)
  object space 280640K, 60% used [0x0000000700600000,0x000000070aa70410,0x0000000711810000)
 PSPermGen       total 39680K, used 18135K [0x00000006fb400000, 0x00000006fdac0000, 0x0000000700600000)
  object space 39680K, 45% used [0x00000006fb400000,0x00000006fc5b5d90,0x00000006fdac0000)
}
Event: 24.053 GC heap before
{Heap before GC invocations=26 (full 3):
 PSYoungGen      total 577664K, used 535434K [0x00000007aacb0000, 0x00000007d6300000, 0x0000000800000000)
  eden space 453696K, 99% used [0x00000007aacb0000,0x00000007c666acf8,0x00000007c67c0000)
  from space 123968K, 67% used [0x00000007ce410000,0x00000007d3537b30,0x00000007d5d20000)
  to   space 127296K, 0% used [0x00000007c67c0000,0x00000007c67c0000,0x00000007ce410000)
 ParOldGen       total 280640K, used 168385K [0x0000000700600000, 0x0000000711810000, 0x00000007aacb0000)
  object space 280640K, 60% used [0x0000000700600000,0x000000070aa70410,0x0000000711810000)
 PSPermGen       total 39680K, used 18135K [0x00000006fb400000, 0x00000006fdac0000, 0x0000000700600000)
  object space 39680K, 45% used [0x00000006fb400000,0x00000006fc5b5d90,0x00000006fdac0000)
Event: 24.065 GC heap after
Heap after GC invocations=26 (full 3):
 PSYoungGen      total 580992K, used 85728K [0x00000007aacb0000, 0x00000007da500000, 0x0000000800000000)
  eden space 453696K, 0% used [0x00000007aacb0000,0x00000007aacb0000,0x00000007c67c0000)
  from space 127296K, 67% used [0x00000007c67c0000,0x00000007cbb78270,0x00000007ce410000)
  to   space 130560K, 0% used [0x00000007d2580000,0x00000007d2580000,0x00000007da500000)
 ParOldGen       total 280640K, used 168401K [0x0000000700600000, 0x0000000711810000, 0x00000007aacb0000)
  object space 280640K, 60% used [0x0000000700600000,0x000000070aa74410,0x0000000711810000)
 PSPermGen       total 39680K, used 18135K [0x00000006fb400000, 0x00000006fdac0000, 0x0000000700600000)
  object space 39680K, 45% used [0x00000006fb400000,0x00000006fc5b5d90,0x00000006fdac0000)
}

