# JRE version: 7.0_07-b11
# Java VM: Java HotSpot(TM) 64-Bit Server VM (23.3-b01 mixed mode windows-amd64 compressed oops)
Heap
 PSYoungGen      total 582272K, used 542593K [0x00000007aacb0000, 0x00000007d2b90000, 0x0000000800000000)
  eden space 531840K, 96% used [0x00000007aacb0000,0x00000007ca289218,0x00000007cb410000)
  from space 50432K, 56% used [0x00000007cfa50000,0x00000007d16572a0,0x00000007d2b90000)
  to   space 61184K, 0% used [0x00000007cb410000,0x00000007cb410000,0x00000007cefd0000)
 ParOldGen       total 244032K, used 38380K [0x0000000700600000, 0x000000070f450000, 0x00000007aacb0000)
  object space 244032K, 15% used [0x0000000700600000,0x0000000702b7b348,0x000000070f450000)
 PSPermGen       total 37696K, used 18068K [0x00000006fb400000, 0x00000006fd8d0000, 0x0000000700600000)
  object space 37696K, 47% used [0x00000006fb400000,0x00000006fc5a53f8,0x00000006fd8d0000)
GC Heap History (10 events):
Event: 14.886 GC heap before
{Heap before GC invocations=18 (full 4):
 PSYoungGen      total 432128K, used 406970K [0x00000007aacb0000, 0x00000007c9710000, 0x0000000800000000)
  eden space 367936K, 99% used [0x00000007aacb0000,0x00000007c11ae3c8,0x00000007c1400000)
  from space 64192K, 64% used [0x00000007c5490000,0x00000007c7d00468,0x00000007c9340000)
  to   space 66112K, 0% used [0x00000007c1400000,0x00000007c1400000,0x00000007c5490000)
 ParOldGen       total 481920K, used 480875K [0x0000000700600000, 0x000000071dca0000, 0x00000007aacb0000)
  object space 481920K, 99% used [0x0000000700600000,0x000000071db9afe0,0x000000071dca0000)
 PSPermGen       total 39296K, used 18033K [0x00000006fb400000, 0x00000006fda60000, 0x0000000700600000)
  object space 39296K, 45% used [0x00000006fb400000,0x00000006fc59c448,0x00000006fda60000)
Event: 14.936 GC heap after
Heap after GC invocations=18 (full 4):
 PSYoungGen      total 432128K, used 0K [0x00000007aacb0000, 0x00000007c9710000, 0x0000000800000000)
  eden space 367936K, 0% used [0x00000007aacb0000,0x00000007aacb0000,0x00000007c1400000)
  from space 64192K, 0% used [0x00000007c5490000,0x00000007c5490000,0x00000007c9340000)
  to   space 66112K, 0% used [0x00000007c1400000,0x00000007c1400000,0x00000007c5490000)
 ParOldGen       total 244032K, used 38380K [0x0000000700600000, 0x000000070f450000, 0x00000007aacb0000)
  object space 244032K, 15% used [0x0000000700600000,0x0000000702b7b348,0x000000070f450000)
 PSPermGen       total 37696K, used 18032K [0x00000006fb400000, 0x00000006fd8d0000, 0x0000000700600000)
  object space 37696K, 47% used [0x00000006fb400000,0x00000006fc59c388,0x00000006fd8d0000)
}
Event: 16.268 GC heap before
{Heap before GC invocations=19 (full 4):
 PSYoungGen      total 432128K, used 366880K [0x00000007aacb0000, 0x00000007c9710000, 0x0000000800000000)
  eden space 367936K, 99% used [0x00000007aacb0000,0x00000007c12f83c0,0x00000007c1400000)
  from space 64192K, 0% used [0x00000007c5490000,0x00000007c5490000,0x00000007c9340000)
  to   space 66112K, 0% used [0x00000007c1400000,0x00000007c1400000,0x00000007c5490000)
 ParOldGen       total 244032K, used 38380K [0x0000000700600000, 0x000000070f450000, 0x00000007aacb0000)
  object space 244032K, 15% used [0x0000000700600000,0x0000000702b7b348,0x000000070f450000)
 PSPermGen       total 37696K, used 18034K [0x00000006fb400000, 0x00000006fd8d0000, 0x0000000700600000)
  object space 37696K, 47% used [0x00000006fb400000,0x00000006fc59c888,0x00000006fd8d0000)
Event: 16.276 GC heap after
Heap after GC invocations=19 (full 4):
 PSYoungGen      total 434048K, used 40882K [0x00000007aacb0000, 0x00000007cfe40000, 0x0000000800000000)
  eden space 367936K, 0% used [0x00000007aacb0000,0x00000007aacb0000,0x00000007c1400000)
  from space 66112K, 61% used [0x00000007c1400000,0x00000007c3becac0,0x00000007c5490000)
  to   space 67264K, 0% used [0x00000007cbc90000,0x00000007cbc90000,0x00000007cfe40000)
 ParOldGen       total 244032K, used 38380K [0x0000000700600000, 0x000000070f450000, 0x00000007aacb0000)
  object space 244032K, 15% used [0x0000000700600000,0x0000000702b7b348,0x000000070f450000)
 PSPermGen       total 37696K, used 18034K [0x00000006fb400000, 0x00000006fd8d0000, 0x0000000700600000)
  object space 37696K, 47% used [0x00000006fb400000,0x00000006fc59c888,0x00000006fd8d0000)
}
Event: 17.546 GC heap before
{Heap before GC invocations=20 (full 4):
 PSYoungGen      total 434048K, used 405103K [0x00000007aacb0000, 0x00000007cfe40000, 0x0000000800000000)
  eden space 367936K, 98% used [0x00000007aacb0000,0x00000007c105f268,0x00000007c1400000)
  from space 66112K, 61% used [0x00000007c1400000,0x00000007c3becac0,0x00000007c5490000)
  to   space 67264K, 0% used [0x00000007cbc90000,0x00000007cbc90000,0x00000007cfe40000)
 ParOldGen       total 244032K, used 38380K [0x0000000700600000, 0x000000070f450000, 0x00000007aacb0000)
  object space 244032K, 15% used [0x0000000700600000,0x0000000702b7b348,0x000000070f450000)
 PSPermGen       total 37696K, used 18034K [0x00000006fb400000, 0x00000006fd8d0000, 0x0000000700600000)
  object space 37696K, 47% used [0x00000006fb400000,0x00000006fc59cb98,0x00000006fd8d0000)
Event: 17.553 GC heap after
Heap after GC invocations=20 (full 4):
 PSYoungGen      total 514560K, used 28668K [0x00000007aacb0000, 0x00000007cedd0000, 0x0000000800000000)
  eden space 464128K, 0% used [0x00000007aacb0000,0x00000007aacb0000,0x00000007c71f0000)
  from space 50432K, 56% used [0x00000007cbc90000,0x00000007cd88f2a0,0x00000007cedd0000)
  to   space 63424K, 0% used [0x00000007c71f0000,0x00000007c71f0000,0x00000007cafe0000)
 ParOldGen       total 244032K, used 38380K [0x0000000700600000, 0x000000070f450000, 0x00000007aacb0000)
  object space 244032K, 15% used [0x0000000700600000,0x0000000702b7b348,0x000000070f450000)
 PSPermGen       total 37696K, used 18034K [0x00000006fb400000, 0x00000006fd8d0000, 0x0000000700600000)
  object space 37696K, 47% used [0x00000006fb400000,0x00000006fc59cb98,0x00000006fd8d0000)
}
Event: 19.208 GC heap before
{Heap before GC invocations=21 (full 4):
 PSYoungGen      total 514560K, used 490495K [0x00000007aacb0000, 0x00000007cedd0000, 0x0000000800000000)
  eden space 464128K, 99% used [0x00000007aacb0000,0x00000007c6fb0c68,0x00000007c71f0000)
  from space 50432K, 56% used [0x00000007cbc90000,0x00000007cd88f2a0,0x00000007cedd0000)
  to   space 63424K, 0% used [0x00000007c71f0000,0x00000007c71f0000,0x00000007cafe0000)
 ParOldGen       total 244032K, used 38380K [0x0000000700600000, 0x000000070f450000, 0x00000007aacb0000)
  object space 244032K, 15% used [0x0000000700600000,0x0000000702b7b348,0x000000070f450000)
 PSPermGen       total 37696K, used 18034K [0x00000006fb400000, 0x00000006fd8d0000, 0x0000000700600000)
  object space 37696K, 47% used [0x00000006fb400000,0x00000006fc59cb98,0x00000006fd8d0000)
Event: 19.219 GC heap after
Heap after GC invocations=21 (full 4):
 PSYoungGen      total 527552K, used 40850K [0x00000007aacb0000, 0x00000007d3940000, 0x0000000800000000)
  eden space 464128K, 0% used [0x00000007aacb0000,0x00000007aacb0000,0x00000007c71f0000)
  from space 63424K, 64% used [0x00000007c71f0000,0x00000007c99d4ac0,0x00000007cafe0000)
  to   space 64448K, 0% used [0x00000007cfa50000,0x00000007cfa50000,0x00000007d3940000)
 ParOldGen       total 244032K, used 38380K [0x0000000700600000, 0x000000070f450000, 0x00000007aacb0000)
  object space 244032K, 15% used [0x0000000700600000,0x0000000702b7b348,0x000000070f450000)
 PSPermGen       total 37696K, used 18034K [0x00000006fb400000, 0x00000006fd8d0000, 0x0000000700600000)
  object space 37696K, 47% used [0x00000006fb400000,0x00000006fc59cb98,0x00000006fd8d0000)
}
Event: 20.985 GC heap before
{Heap before GC invocations=22 (full 4):
 PSYoungGen      total 527552K, used 500085K [0x00000007aacb0000, 0x00000007d3940000, 0x0000000800000000)
  eden space 464128K, 98% used [0x00000007aacb0000,0x00000007c6d28c88,0x00000007c71f0000)
  from space 63424K, 64% used [0x00000007c71f0000,0x00000007c99d4ac0,0x00000007cafe0000)
  to   space 64448K, 0% used [0x00000007cfa50000,0x00000007cfa50000,0x00000007d3940000)
 ParOldGen       total 244032K, used 38380K [0x0000000700600000, 0x000000070f450000, 0x00000007aacb0000)
  object space 244032K, 15% used [0x0000000700600000,0x0000000702b7b348,0x000000070f450000)
 PSPermGen       total 37696K, used 18037K [0x00000006fb400000, 0x00000006fd8d0000, 0x0000000700600000)
  object space 37696K, 47% used [0x00000006fb400000,0x00000006fc59d5a8,0x00000006fd8d0000)
Event: 20.992 GC heap after
Heap after GC invocations=22 (full 4):
 PSYoungGen      total 582272K, used 28700K [0x00000007aacb0000, 0x00000007d2b90000, 0x0000000800000000)
  eden space 531840K, 0% used [0x00000007aacb0000,0x00000007aacb0000,0x00000007cb410000)
  from space 50432K, 56% used [0x00000007cfa50000,0x00000007d16572a0,0x00000007d2b90000)
  to   space 61184K, 0% used [0x00000007cb410000,0x00000007cb410000,0x00000007cefd0000)
 ParOldGen       total 244032K, used 38380K [0x0000000700600000, 0x000000070f450000, 0x00000007aacb0000)
  object space 244032K, 15% used [0x0000000700600000,0x0000000702b7b348,0x000000070f450000)
 PSPermGen       total 37696K, used 18037K [0x00000006fb400000, 0x00000006fd8d0000, 0x0000000700600000)
  object space 37696K, 47% used [0x00000006fb400000,0x00000006fc59d5a8,0x00000006fd8d0000)
}

