# JRE version: 7.0_07-b11
# Java VM: Java HotSpot(TM) 64-Bit Server VM (23.3-b01 mixed mode windows-amd64 compressed oops)
Heap
 PSYoungGen      total 1221568K, used 231139K [0x00000007aacb0000, 0x00000007fc3d0000, 0x0000000800000000)
  eden space 1210880K, 18% used [0x00000007aacb0000,0x00000007b8403a50,0x00000007f4b30000)
  from space 10688K, 99% used [0x00000007f8300000,0x00000007f8d65548,0x00000007f8d70000)
  to   space 55680K, 0% used [0x00000007f8d70000,0x00000007f8d70000,0x00000007fc3d0000)
 ParOldGen       total 187072K, used 34165K [0x0000000700600000, 0x000000070bcb0000, 0x00000007aacb0000)
  object space 187072K, 18% used [0x0000000700600000,0x000000070275d7c8,0x000000070bcb0000)
 PSPermGen       total 39360K, used 18111K [0x00000006fb400000, 0x00000006fda70000, 0x0000000700600000)
  object space 39360K, 46% used [0x00000006fb400000,0x00000006fc5afc00,0x00000006fda70000)
GC Heap History (10 events):
Event: 23.779 GC heap before
{Heap before GC invocations=20 (full 3):
 PSYoungGen      total 1204224K, used 1166198K [0x00000007aacb0000, 0x00000007ffb10000, 0x0000000800000000)
  eden space 1136576K, 100% used [0x00000007aacb0000,0x00000007f02a0000,0x00000007f02a0000)
  from space 67648K, 43% used [0x00000007f02a0000,0x00000007f1f8dbb0,0x00000007f44b0000)
  to   space 64128K, 0% used [0x00000007fbc70000,0x00000007fbc70000,0x00000007ffb10000)
 ParOldGen       total 171136K, used 171103K [0x0000000700600000, 0x000000070ad20000, 0x00000007aacb0000)
  object space 171136K, 99% used [0x0000000700600000,0x000000070ad17c40,0x000000070ad20000)
 PSPermGen       total 40512K, used 18030K [0x00000006fb400000, 0x00000006fdb90000, 0x0000000700600000)
  object space 40512K, 44% used [0x00000006fb400000,0x00000006fc59b878,0x00000006fdb90000)
Event: 23.833 GC heap after
Heap after GC invocations=20 (full 3):
 PSYoungGen      total 1204224K, used 0K [0x00000007aacb0000, 0x00000007ffb10000, 0x0000000800000000)
  eden space 1136576K, 0% used [0x00000007aacb0000,0x00000007aacb0000,0x00000007f02a0000)
  from space 67648K, 0% used [0x00000007f02a0000,0x00000007f02a0000,0x00000007f44b0000)
  to   space 64128K, 0% used [0x00000007fbc70000,0x00000007fbc70000,0x00000007ffb10000)
 ParOldGen       total 187072K, used 34165K [0x0000000700600000, 0x000000070bcb0000, 0x00000007aacb0000)
  object space 187072K, 18% used [0x0000000700600000,0x000000070275d7c8,0x000000070bcb0000)
 PSPermGen       total 39360K, used 18030K [0x00000006fb400000, 0x00000006fda70000, 0x0000000700600000)
  object space 39360K, 45% used [0x00000006fb400000,0x00000006fc59b878,0x00000006fda70000)
}
Event: 26.147 GC heap before
{Heap before GC invocations=21 (full 3):
 PSYoungGen      total 1204224K, used 1135598K [0x00000007aacb0000, 0x00000007ffb10000, 0x0000000800000000)
  eden space 1136576K, 99% used [0x00000007aacb0000,0x00000007f01ab978,0x00000007f02a0000)
  from space 67648K, 0% used [0x00000007f02a0000,0x00000007f02a0000,0x00000007f44b0000)
  to   space 64128K, 0% used [0x00000007fbc70000,0x00000007fbc70000,0x00000007ffb10000)
 ParOldGen       total 187072K, used 34165K [0x0000000700600000, 0x000000070bcb0000, 0x00000007aacb0000)
  object space 187072K, 18% used [0x0000000700600000,0x000000070275d7c8,0x000000070bcb0000)
 PSPermGen       total 39360K, used 18035K [0x00000006fb400000, 0x00000006fda70000, 0x0000000700600000)
  object space 39360K, 45% used [0x00000006fb400000,0x00000006fc59cef0,0x00000006fda70000)
Event: 26.157 GC heap after
Heap after GC invocations=21 (full 3):
 PSYoungGen      total 1325824K, used 41084K [0x00000007aacb0000, 0x00000007ffe90000, 0x0000000800000000)
  eden space 1261696K, 0% used [0x00000007aacb0000,0x00000007aacb0000,0x00000007f7cd0000)
  from space 64128K, 64% used [0x00000007fbc70000,0x00000007fe48f198,0x00000007ffb10000)
  to   space 65152K, 0% used [0x00000007f7cd0000,0x00000007f7cd0000,0x00000007fbc70000)
 ParOldGen       total 187072K, used 34165K [0x0000000700600000, 0x000000070bcb0000, 0x00000007aacb0000)
  object space 187072K, 18% used [0x0000000700600000,0x000000070275d7c8,0x000000070bcb0000)
 PSPermGen       total 39360K, used 18035K [0x00000006fb400000, 0x00000006fda70000, 0x0000000700600000)
  object space 39360K, 45% used [0x00000006fb400000,0x00000006fc59cef0,0x00000006fda70000)
}
Event: 28.582 GC heap before
{Heap before GC invocations=22 (full 3):
 PSYoungGen      total 1325824K, used 1299699K [0x00000007aacb0000, 0x00000007ffe90000, 0x0000000800000000)
  eden space 1261696K, 99% used [0x00000007aacb0000,0x00000007f79cdda0,0x00000007f7cd0000)
  from space 64128K, 64% used [0x00000007fbc70000,0x00000007fe48f198,0x00000007ffb10000)
  to   space 65152K, 0% used [0x00000007f7cd0000,0x00000007f7cd0000,0x00000007fbc70000)
 ParOldGen       total 187072K, used 34165K [0x0000000700600000, 0x000000070bcb0000, 0x00000007aacb0000)
  object space 187072K, 18% used [0x0000000700600000,0x000000070275d7c8,0x000000070bcb0000)
 PSPermGen       total 39360K, used 18041K [0x00000006fb400000, 0x00000006fda70000, 0x0000000700600000)
  object space 39360K, 45% used [0x00000006fb400000,0x00000006fc59e430,0x00000006fda70000)
Event: 28.591 GC heap after
Heap after GC invocations=22 (full 3):
 PSYoungGen      total 1326848K, used 33154K [0x00000007aacb0000, 0x00000007ffc80000, 0x0000000800000000)
  eden space 1261696K, 0% used [0x00000007aacb0000,0x00000007aacb0000,0x00000007f7cd0000)
  from space 65152K, 50% used [0x00000007f7cd0000,0x00000007f9d30870,0x00000007fbc70000)
  to   space 62848K, 0% used [0x00000007fbf20000,0x00000007fbf20000,0x00000007ffc80000)
 ParOldGen       total 187072K, used 34165K [0x0000000700600000, 0x000000070bcb0000, 0x00000007aacb0000)
  object space 187072K, 18% used [0x0000000700600000,0x000000070275d7c8,0x000000070bcb0000)
 PSPermGen       total 39360K, used 18041K [0x00000006fb400000, 0x00000006fda70000, 0x0000000700600000)
  object space 39360K, 45% used [0x00000006fb400000,0x00000006fc59e430,0x00000006fda70000)
}
Event: 30.955 GC heap before
{Heap before GC invocations=23 (full 3):
 PSYoungGen      total 1326848K, used 1291876K [0x00000007aacb0000, 0x00000007ffc80000, 0x0000000800000000)
  eden space 1261696K, 99% used [0x00000007aacb0000,0x00000007f79e89c0,0x00000007f7cd0000)
  from space 65152K, 50% used [0x00000007f7cd0000,0x00000007f9d30870,0x00000007fbc70000)
  to   space 62848K, 0% used [0x00000007fbf20000,0x00000007fbf20000,0x00000007ffc80000)
 ParOldGen       total 187072K, used 34165K [0x0000000700600000, 0x000000070bcb0000, 0x00000007aacb0000)
  object space 187072K, 18% used [0x0000000700600000,0x000000070275d7c8,0x000000070bcb0000)
 PSPermGen       total 39360K, used 18048K [0x00000006fb400000, 0x00000006fda70000, 0x0000000700600000)
  object space 39360K, 45% used [0x00000006fb400000,0x00000006fc5a00f0,0x00000006fda70000)
Event: 30.959 GC heap after
Heap after GC invocations=23 (full 3):
 PSYoungGen      total 1329216K, used 35147K [0x00000007aacb0000, 0x00000007ffae0000, 0x0000000800000000)
  eden space 1268032K, 0% used [0x00000007aacb0000,0x00000007aacb0000,0x00000007f8300000)
  from space 61184K, 57% used [0x00000007fbf20000,0x00000007fe172c80,0x00000007ffae0000)
  to   space 61376K, 0% used [0x00000007f8300000,0x00000007f8300000,0x00000007fbef0000)
 ParOldGen       total 187072K, used 34165K [0x0000000700600000, 0x000000070bcb0000, 0x00000007aacb0000)
  object space 187072K, 18% used [0x0000000700600000,0x000000070275d7c8,0x000000070bcb0000)
 PSPermGen       total 39360K, used 18048K [0x00000006fb400000, 0x00000006fda70000, 0x0000000700600000)
  object space 39360K, 45% used [0x00000006fb400000,0x00000006fc5a00f0,0x00000006fda70000)
}
Event: 33.490 GC heap before
{Heap before GC invocations=24 (full 3):
 PSYoungGen      total 1329216K, used 1301676K [0x00000007aacb0000, 0x00000007ffae0000, 0x0000000800000000)
  eden space 1268032K, 99% used [0x00000007aacb0000,0x00000007f8188490,0x00000007f8300000)
  from space 61184K, 57% used [0x00000007fbf20000,0x00000007fe172c80,0x00000007ffae0000)
  to   space 61376K, 0% used [0x00000007f8300000,0x00000007f8300000,0x00000007fbef0000)
 ParOldGen       total 187072K, used 34165K [0x0000000700600000, 0x000000070bcb0000, 0x00000007aacb0000)
  object space 187072K, 18% used [0x0000000700600000,0x000000070275d7c8,0x000000070bcb0000)
 PSPermGen       total 39360K, used 18083K [0x00000006fb400000, 0x00000006fda70000, 0x0000000700600000)
  object space 39360K, 45% used [0x00000006fb400000,0x00000006fc5a8f50,0x00000006fda70000)
Event: 33.495 GC heap after
Heap after GC invocations=24 (full 3):
 PSYoungGen      total 1221568K, used 10645K [0x00000007aacb0000, 0x00000007fc3d0000, 0x0000000800000000)
  eden space 1210880K, 0% used [0x00000007aacb0000,0x00000007aacb0000,0x00000007f4b30000)
  from space 10688K, 99% used [0x00000007f8300000,0x00000007f8d65548,0x00000007f8d70000)
  to   space 55680K, 0% used [0x00000007f8d70000,0x00000007f8d70000,0x00000007fc3d0000)
 ParOldGen       total 187072K, used 34165K [0x0000000700600000, 0x000000070bcb0000, 0x00000007aacb0000)
  object space 187072K, 18% used [0x0000000700600000,0x000000070275d7c8,0x000000070bcb0000)
 PSPermGen       total 39360K, used 18083K [0x00000006fb400000, 0x00000006fda70000, 0x0000000700600000)
  object space 39360K, 45% used [0x00000006fb400000,0x00000006fc5a8f50,0x00000006fda70000)
}

