# JRE version: 7.0_07-b11
# Java VM: Java HotSpot(TM) 64-Bit Server VM (23.3-b01 mixed mode windows-amd64 compressed oops)
Heap
 PSYoungGen      total 73088K, used 25303K [0x00000007aacb0000, 0x00000007b0910000, 0x0000000800000000)
  eden space 53376K, 12% used [0x00000007aacb0000,0x00000007ab369870,0x00000007ae0d0000)
  from space 19712K, 93% used [0x00000007af5d0000,0x00000007b07cc430,0x00000007b0910000)
  to   space 20608K, 0% used [0x00000007ae0d0000,0x00000007ae0d0000,0x00000007af4f0000)
 ParOldGen       total 162688K, used 33655K [0x0000000700600000, 0x000000070a4e0000, 0x00000007aacb0000)
  object space 162688K, 20% used [0x0000000700600000,0x00000007026ddf30,0x000000070a4e0000)
 PSPermGen       total 29888K, used 17853K [0x00000006fb400000, 0x00000006fd130000, 0x0000000700600000)
  object space 29888K, 59% used [0x00000006fb400000,0x00000006fc56f510,0x00000006fd130000)
GC Heap History (10 events):
Event: 109.006 GC heap before
{Heap before GC invocations=90 (full 8):
 PSYoungGen      total 75840K, used 73272K [0x00000007aacb0000, 0x00000007b0f10000, 0x0000000800000000)
  eden space 57344K, 95% used [0x00000007aacb0000,0x00000007ae231f60,0x00000007ae4b0000)
  from space 18496K, 99% used [0x00000007ae580000,0x00000007af78c430,0x00000007af790000)
  to   space 21696K, 0% used [0x00000007af9e0000,0x00000007af9e0000,0x00000007b0f10000)
 ParOldGen       total 162688K, used 33583K [0x0000000700600000, 0x000000070a4e0000, 0x00000007aacb0000)
  object space 162688K, 20% used [0x0000000700600000,0x00000007026cbf30,0x000000070a4e0000)
 PSPermGen       total 29888K, used 17829K [0x00000006fb400000, 0x00000006fd130000, 0x0000000700600000)
  object space 29888K, 59% used [0x00000006fb400000,0x00000006fc569588,0x00000006fd130000)
Event: 109.008 GC heap after
Heap after GC invocations=90 (full 8):
 PSYoungGen      total 76864K, used 18513K [0x00000007aacb0000, 0x00000007b0dc0000, 0x0000000800000000)
  eden space 56512K, 0% used [0x00000007aacb0000,0x00000007aacb0000,0x00000007ae3e0000)
  from space 20352K, 90% used [0x00000007af9e0000,0x00000007b0bf4430,0x00000007b0dc0000)
  to   space 21440K, 0% used [0x00000007ae3e0000,0x00000007ae3e0000,0x00000007af8d0000)
 ParOldGen       total 162688K, used 33591K [0x0000000700600000, 0x000000070a4e0000, 0x00000007aacb0000)
  object space 162688K, 20% used [0x0000000700600000,0x00000007026cdf30,0x000000070a4e0000)
 PSPermGen       total 29888K, used 17829K [0x00000006fb400000, 0x00000006fd130000, 0x0000000700600000)
  object space 29888K, 59% used [0x00000006fb400000,0x00000006fc569588,0x00000006fd130000)
}
Event: 109.390 GC heap before
{Heap before GC invocations=91 (full 8):
 PSYoungGen      total 76864K, used 73295K [0x00000007aacb0000, 0x00000007b0dc0000, 0x0000000800000000)
  eden space 56512K, 96% used [0x00000007aacb0000,0x00000007ae22f840,0x00000007ae3e0000)
  from space 20352K, 90% used [0x00000007af9e0000,0x00000007b0bf4430,0x00000007b0dc0000)
  to   space 21440K, 0% used [0x00000007ae3e0000,0x00000007ae3e0000,0x00000007af8d0000)
 ParOldGen       total 162688K, used 33591K [0x0000000700600000, 0x000000070a4e0000, 0x00000007aacb0000)
  object space 162688K, 20% used [0x0000000700600000,0x00000007026cdf30,0x000000070a4e0000)
 PSPermGen       total 29888K, used 17829K [0x00000006fb400000, 0x00000006fd130000, 0x0000000700600000)
  object space 29888K, 59% used [0x00000006fb400000,0x00000006fc569588,0x00000006fd130000)
Event: 109.392 GC heap after
Heap after GC invocations=91 (full 8):
 PSYoungGen      total 74176K, used 18481K [0x00000007aacb0000, 0x00000007b0c70000, 0x0000000800000000)
  eden space 55680K, 0% used [0x00000007aacb0000,0x00000007aacb0000,0x00000007ae310000)
  from space 18496K, 99% used [0x00000007ae3e0000,0x00000007af5ec430,0x00000007af5f0000)
  to   space 21184K, 0% used [0x00000007af7c0000,0x00000007af7c0000,0x00000007b0c70000)
 ParOldGen       total 162688K, used 33607K [0x0000000700600000, 0x000000070a4e0000, 0x00000007aacb0000)
  object space 162688K, 20% used [0x0000000700600000,0x00000007026d1f30,0x000000070a4e0000)
 PSPermGen       total 29888K, used 17829K [0x00000006fb400000, 0x00000006fd130000, 0x0000000700600000)
  object space 29888K, 59% used [0x00000006fb400000,0x00000006fc569588,0x00000006fd130000)
}
Event: 109.782 GC heap before
{Heap before GC invocations=92 (full 8):
 PSYoungGen      total 74176K, used 73210K [0x00000007aacb0000, 0x00000007b0c70000, 0x0000000800000000)
  eden space 55680K, 98% used [0x00000007aacb0000,0x00000007ae222780,0x00000007ae310000)
  from space 18496K, 99% used [0x00000007ae3e0000,0x00000007af5ec430,0x00000007af5f0000)
  to   space 21184K, 0% used [0x00000007af7c0000,0x00000007af7c0000,0x00000007b0c70000)
 ParOldGen       total 162688K, used 33607K [0x0000000700600000, 0x000000070a4e0000, 0x00000007aacb0000)
  object space 162688K, 20% used [0x0000000700600000,0x00000007026d1f30,0x000000070a4e0000)
 PSPermGen       total 29888K, used 17829K [0x00000006fb400000, 0x00000006fd130000, 0x0000000700600000)
  object space 29888K, 59% used [0x00000006fb400000,0x00000006fc569588,0x00000006fd130000)
Event: 109.784 GC heap after
Heap after GC invocations=92 (full 8):
 PSYoungGen      total 74944K, used 18449K [0x00000007aacb0000, 0x00000007b0b50000, 0x0000000800000000)
  eden space 54912K, 0% used [0x00000007aacb0000,0x00000007aacb0000,0x00000007ae250000)
  from space 20032K, 92% used [0x00000007af7c0000,0x00000007b09c4430,0x00000007b0b50000)
  to   space 20992K, 0% used [0x00000007ae250000,0x00000007ae250000,0x00000007af6d0000)
 ParOldGen       total 162688K, used 33631K [0x0000000700600000, 0x000000070a4e0000, 0x00000007aacb0000)
  object space 162688K, 20% used [0x0000000700600000,0x00000007026d7f30,0x000000070a4e0000)
 PSPermGen       total 29888K, used 17829K [0x00000006fb400000, 0x00000006fd130000, 0x0000000700600000)
  object space 29888K, 59% used [0x00000006fb400000,0x00000006fc569588,0x00000006fd130000)
}
Event: 110.166 GC heap before
{Heap before GC invocations=93 (full 8):
 PSYoungGen      total 74944K, used 73162K [0x00000007aacb0000, 0x00000007b0b50000, 0x0000000800000000)
  eden space 54912K, 99% used [0x00000007aacb0000,0x00000007ae21e540,0x00000007ae250000)
  from space 20032K, 92% used [0x00000007af7c0000,0x00000007b09c4430,0x00000007b0b50000)
  to   space 20992K, 0% used [0x00000007ae250000,0x00000007ae250000,0x00000007af6d0000)
 ParOldGen       total 162688K, used 33631K [0x0000000700600000, 0x000000070a4e0000, 0x00000007aacb0000)
  object space 162688K, 20% used [0x0000000700600000,0x00000007026d7f30,0x000000070a4e0000)
 PSPermGen       total 29888K, used 17829K [0x00000006fb400000, 0x00000006fd130000, 0x0000000700600000)
  object space 29888K, 59% used [0x00000006fb400000,0x00000006fc569588,0x00000006fd130000)
Event: 110.169 GC heap after
Heap after GC invocations=93 (full 8):
 PSYoungGen      total 72640K, used 18481K [0x00000007aacb0000, 0x00000007b0a10000, 0x0000000800000000)
  eden space 54144K, 0% used [0x00000007aacb0000,0x00000007aacb0000,0x00000007ae190000)
  from space 18496K, 99% used [0x00000007ae250000,0x00000007af45c430,0x00000007af460000)
  to   space 20736K, 0% used [0x00000007af5d0000,0x00000007af5d0000,0x00000007b0a10000)
 ParOldGen       total 162688K, used 33647K [0x0000000700600000, 0x000000070a4e0000, 0x00000007aacb0000)
  object space 162688K, 20% used [0x0000000700600000,0x00000007026dbf30,0x000000070a4e0000)
 PSPermGen       total 29888K, used 17829K [0x00000006fb400000, 0x00000006fd130000, 0x0000000700600000)
  object space 29888K, 59% used [0x00000006fb400000,0x00000006fc569588,0x00000006fd130000)
}
Event: 110.518 GC heap before
{Heap before GC invocations=94 (full 8):
 PSYoungGen      total 72640K, used 67123K [0x00000007aacb0000, 0x00000007b0a10000, 0x0000000800000000)
  eden space 54144K, 89% used [0x00000007aacb0000,0x00000007adc30ab8,0x00000007ae190000)
  from space 18496K, 99% used [0x00000007ae250000,0x00000007af45c430,0x00000007af460000)
  to   space 20736K, 0% used [0x00000007af5d0000,0x00000007af5d0000,0x00000007b0a10000)
 ParOldGen       total 162688K, used 33647K [0x0000000700600000, 0x000000070a4e0000, 0x00000007aacb0000)
  object space 162688K, 20% used [0x0000000700600000,0x00000007026dbf30,0x000000070a4e0000)
 PSPermGen       total 29888K, used 17829K [0x00000006fb400000, 0x00000006fd130000, 0x0000000700600000)
  object space 29888K, 59% used [0x00000006fb400000,0x00000006fc569588,0x00000006fd130000)
Event: 110.520 GC heap after
Heap after GC invocations=94 (full 8):
 PSYoungGen      total 73088K, used 18417K [0x00000007aacb0000, 0x00000007b0910000, 0x0000000800000000)
  eden space 53376K, 0% used [0x00000007aacb0000,0x00000007aacb0000,0x00000007ae0d0000)
  from space 19712K, 93% used [0x00000007af5d0000,0x00000007b07cc430,0x00000007b0910000)
  to   space 20608K, 0% used [0x00000007ae0d0000,0x00000007ae0d0000,0x00000007af4f0000)
 ParOldGen       total 162688K, used 33655K [0x0000000700600000, 0x000000070a4e0000, 0x00000007aacb0000)
  object space 162688K, 20% used [0x0000000700600000,0x00000007026ddf30,0x000000070a4e0000)
 PSPermGen       total 29888K, used 17829K [0x00000006fb400000, 0x00000006fd130000, 0x0000000700600000)
  object space 29888K, 59% used [0x00000006fb400000,0x00000006fc569588,0x00000006fd130000)
}

