# JRE version: 7.0_07-b11
# Java VM: Java HotSpot(TM) 64-Bit Server VM (23.3-b01 mixed mode windows-amd64 compressed oops)
Heap
 PSYoungGen      total 561536K, used 294475K [0x00000007aacb0000, 0x00000007e3170000, 0x0000000800000000)
  eden space 513024K, 49% used [0x00000007aacb0000,0x00000007ba2e9298,0x00000007ca1b0000)
  from space 48512K, 87% used [0x00000007ca1b0000,0x00000007ccb09c30,0x00000007cd110000)
  to   space 50752K, 0% used [0x00000007dffe0000,0x00000007dffe0000,0x00000007e3170000)
 ParOldGen       total 174528K, used 123992K [0x0000000700600000, 0x000000070b070000, 0x00000007aacb0000)
  object space 174528K, 71% used [0x0000000700600000,0x0000000707f16300,0x000000070b070000)
 PSPermGen       total 21248K, used 18056K [0x00000006fb400000, 0x00000006fc8c0000, 0x0000000700600000)
  object space 21248K, 84% used [0x00000006fb400000,0x00000006fc5a2218,0x00000006fc8c0000)
GC Heap History (10 events):
Event: 3.751 GC heap before
{Heap before GC invocations=5 (full 0):
 PSYoungGen      total 141824K, used 141440K [0x00000007aacb0000, 0x00000007b41d0000, 0x0000000800000000)
  eden space 130944K, 99% used [0x00000007aacb0000,0x00000007b2c32650,0x00000007b2c90000)
  from space 10880K, 99% used [0x00000007b3730000,0x00000007b41cdd30,0x00000007b41d0000)
  to   space 10880K, 0% used [0x00000007b2c90000,0x00000007b2c90000,0x00000007b3730000)
 ParOldGen       total 174528K, used 50817K [0x0000000700600000, 0x000000070b070000, 0x00000007aacb0000)
  object space 174528K, 29% used [0x0000000700600000,0x00000007037a05b8,0x000000070b070000)
 PSPermGen       total 21248K, used 16839K [0x00000006fb400000, 0x00000006fc8c0000, 0x0000000700600000)
  object space 21248K, 79% used [0x00000006fb400000,0x00000006fc471e38,0x00000006fc8c0000)
Event: 3.766 GC heap after
Heap after GC invocations=5 (full 0):
 PSYoungGen      total 141824K, used 10857K [0x00000007aacb0000, 0x00000007c03d0000, 0x0000000800000000)
  eden space 130944K, 0% used [0x00000007aacb0000,0x00000007aacb0000,0x00000007b2c90000)
  from space 10880K, 99% used [0x00000007b2c90000,0x00000007b372a620,0x00000007b3730000)
  to   space 44736K, 0% used [0x00000007bd820000,0x00000007bd820000,0x00000007c03d0000)
 ParOldGen       total 174528K, used 94187K [0x0000000700600000, 0x000000070b070000, 0x00000007aacb0000)
  object space 174528K, 53% used [0x0000000700600000,0x00000007061fad98,0x000000070b070000)
 PSPermGen       total 21248K, used 16839K [0x00000006fb400000, 0x00000006fc8c0000, 0x0000000700600000)
  object space 21248K, 79% used [0x00000006fb400000,0x00000006fc471e38,0x00000006fc8c0000)
}
Event: 4.176 GC heap before
{Heap before GC invocations=6 (full 0):
 PSYoungGen      total 141824K, used 141801K [0x00000007aacb0000, 0x00000007c03d0000, 0x0000000800000000)
  eden space 130944K, 100% used [0x00000007aacb0000,0x00000007b2c90000,0x00000007b2c90000)
  from space 10880K, 99% used [0x00000007b2c90000,0x00000007b372a620,0x00000007b3730000)
  to   space 44736K, 0% used [0x00000007bd820000,0x00000007bd820000,0x00000007c03d0000)
 ParOldGen       total 174528K, used 94187K [0x0000000700600000, 0x000000070b070000, 0x00000007aacb0000)
  object space 174528K, 53% used [0x0000000700600000,0x00000007061fad98,0x000000070b070000)
 PSPermGen       total 21248K, used 17770K [0x00000006fb400000, 0x00000006fc8c0000, 0x0000000700600000)
  object space 21248K, 83% used [0x00000006fb400000,0x00000006fc55a990,0x00000006fc8c0000)
Event: 4.192 GC heap after
Heap after GC invocations=6 (full 0):
 PSYoungGen      total 301760K, used 42654K [0x00000007aacb0000, 0x00000007c0d50000, 0x0000000800000000)
  eden space 257024K, 0% used [0x00000007aacb0000,0x00000007aacb0000,0x00000007ba7b0000)
  from space 44736K, 95% used [0x00000007bd820000,0x00000007c01c7930,0x00000007c03d0000)
  to   space 49600K, 0% used [0x00000007ba7b0000,0x00000007ba7b0000,0x00000007bd820000)
 ParOldGen       total 174528K, used 112420K [0x0000000700600000, 0x000000070b070000, 0x00000007aacb0000)
  object space 174528K, 64% used [0x0000000700600000,0x00000007073c91c8,0x000000070b070000)
 PSPermGen       total 21248K, used 17770K [0x00000006fb400000, 0x00000006fc8c0000, 0x0000000700600000)
  object space 21248K, 83% used [0x00000006fb400000,0x00000006fc55a990,0x00000006fc8c0000)
}
Event: 5.057 GC heap before
{Heap before GC invocations=7 (full 0):
 PSYoungGen      total 301760K, used 298874K [0x00000007aacb0000, 0x00000007c0d50000, 0x0000000800000000)
  eden space 257024K, 99% used [0x00000007aacb0000,0x00000007ba6e7208,0x00000007ba7b0000)
  from space 44736K, 95% used [0x00000007bd820000,0x00000007c01c7930,0x00000007c03d0000)
  to   space 49600K, 0% used [0x00000007ba7b0000,0x00000007ba7b0000,0x00000007bd820000)
 ParOldGen       total 174528K, used 112420K [0x0000000700600000, 0x000000070b070000, 0x00000007aacb0000)
  object space 174528K, 64% used [0x0000000700600000,0x00000007073c91c8,0x000000070b070000)
 PSPermGen       total 21248K, used 17985K [0x00000006fb400000, 0x00000006fc8c0000, 0x0000000700600000)
  object space 21248K, 84% used [0x00000006fb400000,0x00000006fc590558,0x00000006fc8c0000)
Event: 5.071 GC heap after
Heap after GC invocations=7 (full 0):
 PSYoungGen      total 306624K, used 30182K [0x00000007aacb0000, 0x00000007cff70000, 0x0000000800000000)
  eden space 257024K, 0% used [0x00000007aacb0000,0x00000007aacb0000,0x00000007ba7b0000)
  from space 49600K, 60% used [0x00000007ba7b0000,0x00000007bc529840,0x00000007bd820000)
  to   space 47488K, 0% used [0x00000007cd110000,0x00000007cd110000,0x00000007cff70000)
 ParOldGen       total 174528K, used 115836K [0x0000000700600000, 0x000000070b070000, 0x00000007aacb0000)
  object space 174528K, 66% used [0x0000000700600000,0x000000070771f010,0x000000070b070000)
 PSPermGen       total 21248K, used 17985K [0x00000006fb400000, 0x00000006fc8c0000, 0x0000000700600000)
  object space 21248K, 84% used [0x00000006fb400000,0x00000006fc590558,0x00000006fc8c0000)
}
Event: 5.749 GC heap before
{Heap before GC invocations=8 (full 0):
 PSYoungGen      total 306624K, used 286339K [0x00000007aacb0000, 0x00000007cff70000, 0x0000000800000000)
  eden space 257024K, 99% used [0x00000007aacb0000,0x00000007ba6d7420,0x00000007ba7b0000)
  from space 49600K, 60% used [0x00000007ba7b0000,0x00000007bc529840,0x00000007bd820000)
  to   space 47488K, 0% used [0x00000007cd110000,0x00000007cd110000,0x00000007cff70000)
 ParOldGen       total 174528K, used 115836K [0x0000000700600000, 0x000000070b070000, 0x00000007aacb0000)
  object space 174528K, 66% used [0x0000000700600000,0x000000070771f010,0x000000070b070000)
 PSPermGen       total 21248K, used 18004K [0x00000006fb400000, 0x00000006fc8c0000, 0x0000000700600000)
  object space 21248K, 84% used [0x00000006fb400000,0x00000006fc595078,0x00000006fc8c0000)
Event: 5.761 GC heap after
Heap after GC invocations=8 (full 0):
 PSYoungGen      total 560512K, used 38267K [0x00000007aacb0000, 0x00000007d0170000, 0x0000000800000000)
  eden space 513024K, 0% used [0x00000007aacb0000,0x00000007aacb0000,0x00000007ca1b0000)
  from space 47488K, 80% used [0x00000007cd110000,0x00000007cf66ecf0,0x00000007cff70000)
  to   space 48512K, 0% used [0x00000007ca1b0000,0x00000007ca1b0000,0x00000007cd110000)
 ParOldGen       total 174528K, used 122621K [0x0000000700600000, 0x000000070b070000, 0x00000007aacb0000)
  object space 174528K, 70% used [0x0000000700600000,0x0000000707dbf430,0x000000070b070000)
 PSPermGen       total 21248K, used 18004K [0x00000006fb400000, 0x00000006fc8c0000, 0x0000000700600000)
  object space 21248K, 84% used [0x00000006fb400000,0x00000006fc595078,0x00000006fc8c0000)
}
Event: 6.814 GC heap before
{Heap before GC invocations=9 (full 0):
 PSYoungGen      total 560512K, used 548542K [0x00000007aacb0000, 0x00000007d0170000, 0x0000000800000000)
  eden space 513024K, 99% used [0x00000007aacb0000,0x00000007c9f00cd0,0x00000007ca1b0000)
  from space 47488K, 80% used [0x00000007cd110000,0x00000007cf66ecf0,0x00000007cff70000)
  to   space 48512K, 0% used [0x00000007ca1b0000,0x00000007ca1b0000,0x00000007cd110000)
 ParOldGen       total 174528K, used 122621K [0x0000000700600000, 0x000000070b070000, 0x00000007aacb0000)
  object space 174528K, 70% used [0x0000000700600000,0x0000000707dbf430,0x000000070b070000)
 PSPermGen       total 21248K, used 18007K [0x00000006fb400000, 0x00000006fc8c0000, 0x0000000700600000)
  object space 21248K, 84% used [0x00000006fb400000,0x00000006fc595f90,0x00000006fc8c0000)
Event: 6.825 GC heap after
Heap after GC invocations=9 (full 0):
 PSYoungGen      total 561536K, used 42343K [0x00000007aacb0000, 0x00000007e3170000, 0x0000000800000000)
  eden space 513024K, 0% used [0x00000007aacb0000,0x00000007aacb0000,0x00000007ca1b0000)
  from space 48512K, 87% used [0x00000007ca1b0000,0x00000007ccb09c30,0x00000007cd110000)
  to   space 50752K, 0% used [0x00000007dffe0000,0x00000007dffe0000,0x00000007e3170000)
 ParOldGen       total 174528K, used 123992K [0x0000000700600000, 0x000000070b070000, 0x00000007aacb0000)
  object space 174528K, 71% used [0x0000000700600000,0x0000000707f16300,0x000000070b070000)
 PSPermGen       total 21248K, used 18007K [0x00000006fb400000, 0x00000006fc8c0000, 0x0000000700600000)
  object space 21248K, 84% used [0x00000006fb400000,0x00000006fc595f90,0x00000006fc8c0000)
}

