# JRE version: 7.0_07-b11
# Java VM: Java HotSpot(TM) 64-Bit Server VM (23.3-b01 mixed mode windows-amd64 compressed oops)
Heap
 PSYoungGen      total 260480K, used 192143K [0x00000007aacb0000, 0x00000007bd110000, 0x0000000800000000)
  eden space 241536K, 71% used [0x00000007aacb0000,0x00000007b5636020,0x00000007b9890000)
  from space 18944K, 97% used [0x00000007bbe90000,0x00000007bd0adfc0,0x00000007bd110000)
  to   space 28928K, 0% used [0x00000007b9890000,0x00000007b9890000,0x00000007bb4d0000)
 ParOldGen       total 174528K, used 63917K [0x0000000700600000, 0x000000070b070000, 0x00000007aacb0000)
  object space 174528K, 36% used [0x0000000700600000,0x000000070446b570,0x000000070b070000)
 PSPermGen       total 21248K, used 17726K [0x00000006fb400000, 0x00000006fc8c0000, 0x0000000700600000)
  object space 21248K, 83% used [0x00000006fb400000,0x00000006fc54f870,0x00000006fc8c0000)
GC Heap History (10 events):
Event: 5.776 GC heap before
{Heap before GC invocations=4 (full 0):
 PSYoungGen      total 76352K, used 72916K [0x00000007aacb0000, 0x00000007b41d0000, 0x0000000800000000)
  eden space 65472K, 94% used [0x00000007aacb0000,0x00000007ae949d98,0x00000007aeca0000)
  from space 10880K, 99% used [0x00000007aeca0000,0x00000007af73b4c0,0x00000007af740000)
  to   space 10880K, 0% used [0x00000007b3730000,0x00000007b3730000,0x00000007b41d0000)
 ParOldGen       total 174528K, used 34837K [0x0000000700600000, 0x000000070b070000, 0x00000007aacb0000)
  object space 174528K, 19% used [0x0000000700600000,0x0000000702805558,0x000000070b070000)
 PSPermGen       total 21248K, used 17634K [0x00000006fb400000, 0x00000006fc8c0000, 0x0000000700600000)
  object space 21248K, 82% used [0x00000006fb400000,0x00000006fc5388d8,0x00000006fc8c0000)
Event: 5.783 GC heap after
Heap after GC invocations=4 (full 0):
 PSYoungGen      total 141824K, used 10870K [0x00000007aacb0000, 0x00000007b41d0000, 0x0000000800000000)
  eden space 130944K, 0% used [0x00000007aacb0000,0x00000007aacb0000,0x00000007b2c90000)
  from space 10880K, 99% used [0x00000007b3730000,0x00000007b41cd920,0x00000007b41d0000)
  to   space 10880K, 0% used [0x00000007b2c90000,0x00000007b2c90000,0x00000007b3730000)
 ParOldGen       total 174528K, used 47011K [0x0000000700600000, 0x000000070b070000, 0x00000007aacb0000)
  object space 174528K, 26% used [0x0000000700600000,0x00000007033e8d78,0x000000070b070000)
 PSPermGen       total 21248K, used 17634K [0x00000006fb400000, 0x00000006fc8c0000, 0x0000000700600000)
  object space 21248K, 82% used [0x00000006fb400000,0x00000006fc5388d8,0x00000006fc8c0000)
}
Event: 6.775 GC heap before
{Heap before GC invocations=5 (full 0):
 PSYoungGen      total 141824K, used 140738K [0x00000007aacb0000, 0x00000007b41d0000, 0x0000000800000000)
  eden space 130944K, 99% used [0x00000007aacb0000,0x00000007b2b831d8,0x00000007b2c90000)
  from space 10880K, 99% used [0x00000007b3730000,0x00000007b41cd920,0x00000007b41d0000)
  to   space 10880K, 0% used [0x00000007b2c90000,0x00000007b2c90000,0x00000007b3730000)
 ParOldGen       total 174528K, used 47011K [0x0000000700600000, 0x000000070b070000, 0x00000007aacb0000)
  object space 174528K, 26% used [0x0000000700600000,0x00000007033e8d78,0x000000070b070000)
 PSPermGen       total 21248K, used 17644K [0x00000006fb400000, 0x00000006fc8c0000, 0x0000000700600000)
  object space 21248K, 83% used [0x00000006fb400000,0x00000006fc53b0f8,0x00000006fc8c0000)
Event: 6.782 GC heap after
Heap after GC invocations=5 (full 0):
 PSYoungGen      total 141824K, used 10870K [0x00000007aacb0000, 0x00000007be6d0000, 0x0000000800000000)
  eden space 130944K, 0% used [0x00000007aacb0000,0x00000007aacb0000,0x00000007b2c90000)
  from space 10880K, 99% used [0x00000007b2c90000,0x00000007b372d940,0x00000007b3730000)
  to   space 29888K, 0% used [0x00000007bc9a0000,0x00000007bc9a0000,0x00000007be6d0000)
 ParOldGen       total 174528K, used 59177K [0x0000000700600000, 0x000000070b070000, 0x00000007aacb0000)
  object space 174528K, 33% used [0x0000000700600000,0x0000000703fca598,0x000000070b070000)
 PSPermGen       total 21248K, used 17644K [0x00000006fb400000, 0x00000006fc8c0000, 0x0000000700600000)
  object space 21248K, 83% used [0x00000006fb400000,0x00000006fc53b0f8,0x00000006fc8c0000)
}
Event: 7.688 GC heap before
{Heap before GC invocations=6 (full 0):
 PSYoungGen      total 141824K, used 139952K [0x00000007aacb0000, 0x00000007be6d0000, 0x0000000800000000)
  eden space 130944K, 98% used [0x00000007aacb0000,0x00000007b2abe7b0,0x00000007b2c90000)
  from space 10880K, 99% used [0x00000007b2c90000,0x00000007b372d940,0x00000007b3730000)
  to   space 29888K, 0% used [0x00000007bc9a0000,0x00000007bc9a0000,0x00000007be6d0000)
 ParOldGen       total 174528K, used 59177K [0x0000000700600000, 0x000000070b070000, 0x00000007aacb0000)
  object space 174528K, 33% used [0x0000000700600000,0x0000000703fca598,0x000000070b070000)
 PSPermGen       total 21248K, used 17646K [0x00000006fb400000, 0x00000006fc8c0000, 0x0000000700600000)
  object space 21248K, 83% used [0x00000006fb400000,0x00000006fc53bb00,0x00000006fc8c0000)
Event: 7.695 GC heap after
Heap after GC invocations=6 (full 0):
 PSYoungGen      total 289856K, used 23084K [0x00000007aacb0000, 0x00000007be4f0000, 0x0000000800000000)
  eden space 261888K, 0% used [0x00000007aacb0000,0x00000007aacb0000,0x00000007bac70000)
  from space 27968K, 82% used [0x00000007bc9a0000,0x00000007be02b140,0x00000007be4f0000)
  to   space 28928K, 0% used [0x00000007bac70000,0x00000007bac70000,0x00000007bc8b0000)
 ParOldGen       total 174528K, used 59177K [0x0000000700600000, 0x000000070b070000, 0x00000007aacb0000)
  object space 174528K, 33% used [0x0000000700600000,0x0000000703fca598,0x000000070b070000)
 PSPermGen       total 21248K, used 17646K [0x00000006fb400000, 0x00000006fc8c0000, 0x0000000700600000)
  object space 21248K, 83% used [0x00000006fb400000,0x00000006fc53bb00,0x00000006fc8c0000)
}
Event: 9.504 GC heap before
{Heap before GC invocations=7 (full 0):
 PSYoungGen      total 289856K, used 280542K [0x00000007aacb0000, 0x00000007be4f0000, 0x0000000800000000)
  eden space 261888K, 98% used [0x00000007aacb0000,0x00000007ba81c8f8,0x00000007bac70000)
  from space 27968K, 82% used [0x00000007bc9a0000,0x00000007be02b140,0x00000007be4f0000)
  to   space 28928K, 0% used [0x00000007bac70000,0x00000007bac70000,0x00000007bc8b0000)
 ParOldGen       total 174528K, used 59177K [0x0000000700600000, 0x000000070b070000, 0x00000007aacb0000)
  object space 174528K, 33% used [0x0000000700600000,0x0000000703fca598,0x000000070b070000)
 PSPermGen       total 21248K, used 17699K [0x00000006fb400000, 0x00000006fc8c0000, 0x0000000700600000)
  object space 21248K, 83% used [0x00000006fb400000,0x00000006fc548cd0,0x00000006fc8c0000)
Event: 9.512 GC heap after
Heap after GC invocations=7 (full 0):
 PSYoungGen      total 270016K, used 18513K [0x00000007aacb0000, 0x00000007bdae0000, 0x0000000800000000)
  eden space 251456K, 0% used [0x00000007aacb0000,0x00000007aacb0000,0x00000007ba240000)
  from space 18560K, 99% used [0x00000007bac70000,0x00000007bbe84430,0x00000007bbe90000)
  to   space 28992K, 0% used [0x00000007bbe90000,0x00000007bbe90000,0x00000007bdae0000)
 ParOldGen       total 174528K, used 63861K [0x0000000700600000, 0x000000070b070000, 0x00000007aacb0000)
  object space 174528K, 36% used [0x0000000700600000,0x000000070445d570,0x000000070b070000)
 PSPermGen       total 21248K, used 17699K [0x00000006fb400000, 0x00000006fc8c0000, 0x0000000700600000)
  object space 21248K, 83% used [0x00000006fb400000,0x00000006fc548cd0,0x00000006fc8c0000)
}
Event: 11.223 GC heap before
{Heap before GC invocations=8 (full 0):
 PSYoungGen      total 270016K, used 263980K [0x00000007aacb0000, 0x00000007bdae0000, 0x0000000800000000)
  eden space 251456K, 97% used [0x00000007aacb0000,0x00000007b9c66e90,0x00000007ba240000)
  from space 18560K, 99% used [0x00000007bac70000,0x00000007bbe84430,0x00000007bbe90000)
  to   space 28992K, 0% used [0x00000007bbe90000,0x00000007bbe90000,0x00000007bdae0000)
 ParOldGen       total 174528K, used 63861K [0x0000000700600000, 0x000000070b070000, 0x00000007aacb0000)
  object space 174528K, 36% used [0x0000000700600000,0x000000070445d570,0x000000070b070000)
 PSPermGen       total 21248K, used 17702K [0x00000006fb400000, 0x00000006fc8c0000, 0x0000000700600000)
  object space 21248K, 83% used [0x00000006fb400000,0x00000006fc549828,0x00000006fc8c0000)
Event: 11.228 GC heap after
Heap after GC invocations=8 (full 0):
 PSYoungGen      total 260480K, used 18551K [0x00000007aacb0000, 0x00000007bd110000, 0x0000000800000000)
  eden space 241536K, 0% used [0x00000007aacb0000,0x00000007aacb0000,0x00000007b9890000)
  from space 18944K, 97% used [0x00000007bbe90000,0x00000007bd0adfc0,0x00000007bd110000)
  to   space 28928K, 0% used [0x00000007b9890000,0x00000007b9890000,0x00000007bb4d0000)
 ParOldGen       total 174528K, used 63917K [0x0000000700600000, 0x000000070b070000, 0x00000007aacb0000)
  object space 174528K, 36% used [0x0000000700600000,0x000000070446b570,0x000000070b070000)
 PSPermGen       total 21248K, used 17702K [0x00000006fb400000, 0x00000006fc8c0000, 0x0000000700600000)
  object space 21248K, 83% used [0x00000006fb400000,0x00000006fc549828,0x00000006fc8c0000)
}

