# JRE version: 7.0_07-b11
# Java VM: Java HotSpot(TM) 64-Bit Server VM (23.3-b01 mixed mode windows-amd64 compressed oops)
Heap
 PSYoungGen      total 297664K, used 281227K [0x00000007aacb0000, 0x00000007bf410000, 0x0000000800000000)
  eden space 270720K, 100% used [0x00000007aacb0000,0x00000007bb510000,0x00000007bb510000)
  from space 26944K, 38% used [0x00000007bd9c0000,0x00000007be402e70,0x00000007bf410000)
  to   space 32256K, 0% used [0x00000007bb510000,0x00000007bb510000,0x00000007bd490000)
 ParOldGen       total 254016K, used 245222K [0x0000000700600000, 0x000000070fe10000, 0x00000007aacb0000)
  object space 254016K, 96% used [0x0000000700600000,0x000000070f579898,0x000000070fe10000)
 PSPermGen       total 39744K, used 18114K [0x00000006fb400000, 0x00000006fdad0000, 0x0000000700600000)
  object space 39744K, 45% used [0x00000006fb400000,0x00000006fc5b09f0,0x00000006fdad0000)
GC Heap History (10 events):
Event: 10.915 GC heap before
{Heap before GC invocations=11 (full 3):
 PSYoungGen      total 195840K, used 192286K [0x00000007aacb0000, 0x00000007b8bf0000, 0x0000000800000000)
  eden space 174016K, 98% used [0x00000007aacb0000,0x00000007b5429d90,0x00000007b56a0000)
  from space 21824K, 95% used [0x00000007b6e80000,0x00000007b82cdce0,0x00000007b83d0000)
  to   space 24448K, 0% used [0x00000007b56a0000,0x00000007b56a0000,0x00000007b6e80000)
 ParOldGen       total 372928K, used 370778K [0x0000000700600000, 0x0000000717230000, 0x00000007aacb0000)
  object space 372928K, 99% used [0x0000000700600000,0x0000000717016bb0,0x0000000717230000)
 PSPermGen       total 40896K, used 18077K [0x00000006fb400000, 0x00000006fdbf0000, 0x0000000700600000)
  object space 40896K, 44% used [0x00000006fb400000,0x00000006fc5a7648,0x00000006fdbf0000)
Event: 10.950 GC heap after
Heap after GC invocations=11 (full 3):
 PSYoungGen      total 195840K, used 0K [0x00000007aacb0000, 0x00000007b8bf0000, 0x0000000800000000)
  eden space 174016K, 0% used [0x00000007aacb0000,0x00000007aacb0000,0x00000007b56a0000)
  from space 21824K, 0% used [0x00000007b6e80000,0x00000007b6e80000,0x00000007b83d0000)
  to   space 24448K, 0% used [0x00000007b56a0000,0x00000007b56a0000,0x00000007b6e80000)
 ParOldGen       total 254016K, used 13991K [0x0000000700600000, 0x000000070fe10000, 0x00000007aacb0000)
  object space 254016K, 5% used [0x0000000700600000,0x00000007013a9d80,0x000000070fe10000)
 PSPermGen       total 39744K, used 18077K [0x00000006fb400000, 0x00000006fdad0000, 0x0000000700600000)
  object space 39744K, 45% used [0x00000006fb400000,0x00000006fc5a7528,0x00000006fdad0000)
}
Event: 11.580 GC heap before
{Heap before GC invocations=12 (full 3):
 PSYoungGen      total 195840K, used 171046K [0x00000007aacb0000, 0x00000007b8bf0000, 0x0000000800000000)
  eden space 174016K, 98% used [0x00000007aacb0000,0x00000007b53b9928,0x00000007b56a0000)
  from space 21824K, 0% used [0x00000007b6e80000,0x00000007b6e80000,0x00000007b83d0000)
  to   space 24448K, 0% used [0x00000007b56a0000,0x00000007b56a0000,0x00000007b6e80000)
 ParOldGen       total 254016K, used 13991K [0x0000000700600000, 0x000000070fe10000, 0x00000007aacb0000)
  object space 254016K, 5% used [0x0000000700600000,0x00000007013a9d80,0x000000070fe10000)
 PSPermGen       total 39744K, used 18077K [0x00000006fb400000, 0x00000006fdad0000, 0x0000000700600000)
  object space 39744K, 45% used [0x00000006fb400000,0x00000006fc5a7708,0x00000006fdad0000)
Event: 11.586 GC heap after
Heap after GC invocations=12 (full 3):
 PSYoungGen      total 198464K, used 21898K [0x00000007aacb0000, 0x00000007bb630000, 0x0000000800000000)
  eden space 174016K, 0% used [0x00000007aacb0000,0x00000007aacb0000,0x00000007b56a0000)
  from space 24448K, 89% used [0x00000007b56a0000,0x00000007b6c02900,0x00000007b6e80000)
  to   space 26688K, 0% used [0x00000007b9c20000,0x00000007b9c20000,0x00000007bb630000)
 ParOldGen       total 254016K, used 20825K [0x0000000700600000, 0x000000070fe10000, 0x00000007aacb0000)
  object space 254016K, 8% used [0x0000000700600000,0x0000000701a56720,0x000000070fe10000)
 PSPermGen       total 39744K, used 18077K [0x00000006fb400000, 0x00000006fdad0000, 0x0000000700600000)
  object space 39744K, 45% used [0x00000006fb400000,0x00000006fc5a7708,0x00000006fdad0000)
}
Event: 12.200 GC heap before
{Heap before GC invocations=13 (full 3):
 PSYoungGen      total 198464K, used 192943K [0x00000007aacb0000, 0x00000007bb630000, 0x0000000800000000)
  eden space 174016K, 98% used [0x00000007aacb0000,0x00000007b53b93b8,0x00000007b56a0000)
  from space 24448K, 89% used [0x00000007b56a0000,0x00000007b6c02900,0x00000007b6e80000)
  to   space 26688K, 0% used [0x00000007b9c20000,0x00000007b9c20000,0x00000007bb630000)
 ParOldGen       total 254016K, used 20825K [0x0000000700600000, 0x000000070fe10000, 0x00000007aacb0000)
  object space 254016K, 8% used [0x0000000700600000,0x0000000701a56720,0x000000070fe10000)
 PSPermGen       total 39744K, used 18081K [0x00000006fb400000, 0x00000006fdad0000, 0x0000000700600000)
  object space 39744K, 45% used [0x00000006fb400000,0x00000006fc5a8660,0x00000006fdad0000)
Event: 12.207 GC heap after
Heap after GC invocations=13 (full 3):
 PSYoungGen      total 242304K, used 25283K [0x00000007aacb0000, 0x00000007bbd70000, 0x0000000800000000)
  eden space 215616K, 0% used [0x00000007aacb0000,0x00000007aacb0000,0x00000007b7f40000)
  from space 26688K, 94% used [0x00000007b9c20000,0x00000007bb4d0dd0,0x00000007bb630000)
  to   space 29568K, 0% used [0x00000007b7f40000,0x00000007b7f40000,0x00000007b9c20000)
 ParOldGen       total 254016K, used 24242K [0x0000000700600000, 0x000000070fe10000, 0x00000007aacb0000)
  object space 254016K, 9% used [0x0000000700600000,0x0000000701dacbf0,0x000000070fe10000)
 PSPermGen       total 39744K, used 18081K [0x00000006fb400000, 0x00000006fdad0000, 0x0000000700600000)
  object space 39744K, 45% used [0x00000006fb400000,0x00000006fc5a8660,0x00000006fdad0000)
}
Event: 12.934 GC heap before
{Heap before GC invocations=14 (full 3):
 PSYoungGen      total 242304K, used 240680K [0x00000007aacb0000, 0x00000007bbd70000, 0x0000000800000000)
  eden space 215616K, 99% used [0x00000007aacb0000,0x00000007b7f094a0,0x00000007b7f40000)
  from space 26688K, 94% used [0x00000007b9c20000,0x00000007bb4d0dd0,0x00000007bb630000)
  to   space 29568K, 0% used [0x00000007b7f40000,0x00000007b7f40000,0x00000007b9c20000)
 ParOldGen       total 254016K, used 24242K [0x0000000700600000, 0x000000070fe10000, 0x00000007aacb0000)
  object space 254016K, 9% used [0x0000000700600000,0x0000000701dacbf0,0x000000070fe10000)
 PSPermGen       total 39744K, used 18082K [0x00000006fb400000, 0x00000006fdad0000, 0x0000000700600000)
  object space 39744K, 45% used [0x00000006fb400000,0x00000006fc5a8950,0x00000006fdad0000)
Event: 12.943 GC heap after
Heap after GC invocations=14 (full 3):
 PSYoungGen      total 245184K, used 28005K [0x00000007aacb0000, 0x00000007bf9e0000, 0x0000000800000000)
  eden space 215616K, 0% used [0x00000007aacb0000,0x00000007aacb0000,0x00000007b7f40000)
  from space 29568K, 94% used [0x00000007b7f40000,0x00000007b9a99510,0x00000007b9c20000)
  to   space 32896K, 0% used [0x00000007bd9c0000,0x00000007bd9c0000,0x00000007bf9e0000)
 ParOldGen       total 254016K, used 39810K [0x0000000700600000, 0x000000070fe10000, 0x00000007aacb0000)
  object space 254016K, 15% used [0x0000000700600000,0x0000000702ce08e0,0x000000070fe10000)
 PSPermGen       total 39744K, used 18082K [0x00000006fb400000, 0x00000006fdad0000, 0x0000000700600000)
  object space 39744K, 45% used [0x00000006fb400000,0x00000006fc5a8950,0x00000006fdad0000)
}
Event: 13.696 GC heap before
{Heap before GC invocations=15 (full 3):
 PSYoungGen      total 245184K, used 240565K [0x00000007aacb0000, 0x00000007bf9e0000, 0x0000000800000000)
  eden space 215616K, 98% used [0x00000007aacb0000,0x00000007b7c44128,0x00000007b7f40000)
  from space 29568K, 94% used [0x00000007b7f40000,0x00000007b9a99510,0x00000007b9c20000)
  to   space 32896K, 0% used [0x00000007bd9c0000,0x00000007bd9c0000,0x00000007bf9e0000)
 ParOldGen       total 254016K, used 45885K [0x0000000700600000, 0x000000070fe10000, 0x00000007aacb0000)
  object space 254016K, 18% used [0x0000000700600000,0x00000007032cf4f0,0x000000070fe10000)
 PSPermGen       total 39744K, used 18082K [0x00000006fb400000, 0x00000006fdad0000, 0x0000000700600000)
  object space 39744K, 45% used [0x00000006fb400000,0x00000006fc5a8bd8,0x00000006fdad0000)
Event: 13.699 GC heap after
Heap after GC invocations=15 (full 3):
 PSYoungGen      total 297664K, used 10507K [0x00000007aacb0000, 0x00000007bf410000, 0x0000000800000000)
  eden space 270720K, 0% used [0x00000007aacb0000,0x00000007aacb0000,0x00000007bb510000)
  from space 26944K, 38% used [0x00000007bd9c0000,0x00000007be402e70,0x00000007bf410000)
  to   space 32256K, 0% used [0x00000007bb510000,0x00000007bb510000,0x00000007bd490000)
 ParOldGen       total 254016K, used 45885K [0x0000000700600000, 0x000000070fe10000, 0x00000007aacb0000)
  object space 254016K, 18% used [0x0000000700600000,0x00000007032cf4f0,0x000000070fe10000)
 PSPermGen       total 39744K, used 18082K [0x00000006fb400000, 0x00000006fdad0000, 0x0000000700600000)
  object space 39744K, 45% used [0x00000006fb400000,0x00000006fc5a8bd8,0x00000006fdad0000)
}

