# JRE version: 7.0_07-b11
# Java VM: Java HotSpot(TM) 64-Bit Server VM (23.3-b01 mixed mode windows-amd64 compressed oops)
Heap
 PSYoungGen      total 162880K, used 130336K [0x00000007aacb0000, 0x00000007be810000, 0x0000000800000000)
  eden space 129152K, 86% used [0x00000007aacb0000,0x00000007b19e3f98,0x00000007b2ad0000)
  from space 33728K, 54% used [0x00000007b2ad0000,0x00000007b3ce4430,0x00000007b4bc0000)
  to   space 32320K, 0% used [0x00000007bc880000,0x00000007bc880000,0x00000007be810000)
 ParOldGen       total 174528K, used 26862K [0x0000000700600000, 0x000000070b070000, 0x00000007aacb0000)
  object space 174528K, 15% used [0x0000000700600000,0x000000070203b910,0x000000070b070000)
 PSPermGen       total 21248K, used 17669K [0x00000006fb400000, 0x00000006fc8c0000, 0x0000000700600000)
  object space 21248K, 83% used [0x00000006fb400000,0x00000006fc541528,0x00000006fc8c0000)
GC Heap History (10 events):
Event: 5.280 GC heap before
{Heap before GC invocations=3 (full 0):
 PSYoungGen      total 76352K, used 73602K [0x00000007aacb0000, 0x00000007b01e0000, 0x0000000800000000)
  eden space 65472K, 95% used [0x00000007aacb0000,0x00000007ae9f3e60,0x00000007aeca0000)
  from space 10880K, 99% used [0x00000007af740000,0x00000007b01dcb70,0x00000007b01e0000)
  to   space 10880K, 0% used [0x00000007aeca0000,0x00000007aeca0000,0x00000007af740000)
 ParOldGen       total 174528K, used 22035K [0x0000000700600000, 0x000000070b070000, 0x00000007aacb0000)
  object space 174528K, 12% used [0x0000000700600000,0x0000000701b84c70,0x000000070b070000)
 PSPermGen       total 21248K, used 17638K [0x00000006fb400000, 0x00000006fc8c0000, 0x0000000700600000)
  object space 21248K, 83% used [0x00000006fb400000,0x00000006fc539b88,0x00000006fc8c0000)
Event: 5.285 GC heap after
Heap after GC invocations=3 (full 0):
 PSYoungGen      total 76352K, used 10866K [0x00000007aacb0000, 0x00000007b01e0000, 0x0000000800000000)
  eden space 65472K, 0% used [0x00000007aacb0000,0x00000007aacb0000,0x00000007aeca0000)
  from space 10880K, 99% used [0x00000007aeca0000,0x00000007af73cb50,0x00000007af740000)
  to   space 10880K, 0% used [0x00000007af740000,0x00000007af740000,0x00000007b01e0000)
 ParOldGen       total 174528K, used 22091K [0x0000000700600000, 0x000000070b070000, 0x00000007aacb0000)
  object space 174528K, 12% used [0x0000000700600000,0x0000000701b92c70,0x000000070b070000)
 PSPermGen       total 21248K, used 17638K [0x00000006fb400000, 0x00000006fc8c0000, 0x0000000700600000)
  object space 21248K, 83% used [0x00000006fb400000,0x00000006fc539b88,0x00000006fc8c0000)
}
Event: 5.648 GC heap before
{Heap before GC invocations=4 (full 0):
 PSYoungGen      total 76352K, used 72922K [0x00000007aacb0000, 0x00000007b01e0000, 0x0000000800000000)
  eden space 65472K, 94% used [0x00000007aacb0000,0x00000007ae949d60,0x00000007aeca0000)
  from space 10880K, 99% used [0x00000007aeca0000,0x00000007af73cb50,0x00000007af740000)
  to   space 10880K, 0% used [0x00000007af740000,0x00000007af740000,0x00000007b01e0000)
 ParOldGen       total 174528K, used 22091K [0x0000000700600000, 0x000000070b070000, 0x00000007aacb0000)
  object space 174528K, 12% used [0x0000000700600000,0x0000000701b92c70,0x000000070b070000)
 PSPermGen       total 21248K, used 17640K [0x00000006fb400000, 0x00000006fc8c0000, 0x0000000700600000)
  object space 21248K, 83% used [0x00000006fb400000,0x00000006fc53a040,0x00000006fc8c0000)
Event: 5.653 GC heap after
Heap after GC invocations=4 (full 0):
 PSYoungGen      total 76352K, used 10850K [0x00000007aacb0000, 0x00000007b41d0000, 0x0000000800000000)
  eden space 65472K, 0% used [0x00000007aacb0000,0x00000007aacb0000,0x00000007aeca0000)
  from space 10880K, 99% used [0x00000007af740000,0x00000007b01d8b60,0x00000007b01e0000)
  to   space 10880K, 0% used [0x00000007aeca0000,0x00000007aeca0000,0x00000007af740000)
 ParOldGen       total 174528K, used 22123K [0x0000000700600000, 0x000000070b070000, 0x00000007aacb0000)
  object space 174528K, 12% used [0x0000000700600000,0x0000000701b9ac70,0x000000070b070000)
 PSPermGen       total 21248K, used 17640K [0x00000006fb400000, 0x00000006fc8c0000, 0x0000000700600000)
  object space 21248K, 83% used [0x00000006fb400000,0x00000006fc53a040,0x00000006fc8c0000)
}
Event: 5.984 GC heap before
{Heap before GC invocations=5 (full 0):
 PSYoungGen      total 76352K, used 72459K [0x00000007aacb0000, 0x00000007b41d0000, 0x0000000800000000)
  eden space 65472K, 94% used [0x00000007aacb0000,0x00000007ae8da0b0,0x00000007aeca0000)
  from space 10880K, 99% used [0x00000007af740000,0x00000007b01d8b60,0x00000007b01e0000)
  to   space 10880K, 0% used [0x00000007aeca0000,0x00000007aeca0000,0x00000007af740000)
 ParOldGen       total 174528K, used 22123K [0x0000000700600000, 0x000000070b070000, 0x00000007aacb0000)
  object space 174528K, 12% used [0x0000000700600000,0x0000000701b9ac70,0x000000070b070000)
 PSPermGen       total 21248K, used 17641K [0x00000006fb400000, 0x00000006fc8c0000, 0x0000000700600000)
  object space 21248K, 83% used [0x00000006fb400000,0x00000006fc53a6f0,0x00000006fc8c0000)
Event: 5.989 GC heap after
Heap after GC invocations=5 (full 0):
 PSYoungGen      total 76352K, used 10866K [0x00000007aacb0000, 0x00000007b6af0000, 0x0000000800000000)
  eden space 65472K, 0% used [0x00000007aacb0000,0x00000007aacb0000,0x00000007aeca0000)
  from space 10880K, 99% used [0x00000007aeca0000,0x00000007af73cb70,0x00000007af740000)
  to   space 31936K, 0% used [0x00000007b4bc0000,0x00000007b4bc0000,0x00000007b6af0000)
 ParOldGen       total 174528K, used 22139K [0x0000000700600000, 0x000000070b070000, 0x00000007aacb0000)
  object space 174528K, 12% used [0x0000000700600000,0x0000000701b9ec70,0x000000070b070000)
 PSPermGen       total 21248K, used 17641K [0x00000006fb400000, 0x00000006fc8c0000, 0x0000000700600000)
  object space 21248K, 83% used [0x00000006fb400000,0x00000006fc53a6f0,0x00000006fc8c0000)
}
Event: 6.312 GC heap before
{Heap before GC invocations=6 (full 0):
 PSYoungGen      total 76352K, used 72495K [0x00000007aacb0000, 0x00000007b6af0000, 0x0000000800000000)
  eden space 65472K, 94% used [0x00000007aacb0000,0x00000007ae8df228,0x00000007aeca0000)
  from space 10880K, 99% used [0x00000007aeca0000,0x00000007af73cb70,0x00000007af740000)
  to   space 31936K, 0% used [0x00000007b4bc0000,0x00000007b4bc0000,0x00000007b6af0000)
 ParOldGen       total 174528K, used 22139K [0x0000000700600000, 0x000000070b070000, 0x00000007aacb0000)
  object space 174528K, 12% used [0x0000000700600000,0x0000000701b9ec70,0x000000070b070000)
 PSPermGen       total 21248K, used 17641K [0x00000006fb400000, 0x00000006fc8c0000, 0x0000000700600000)
  object space 21248K, 83% used [0x00000006fb400000,0x00000006fc53a6f0,0x00000006fc8c0000)
Event: 6.319 GC heap after
Heap after GC invocations=6 (full 0):
 PSYoungGen      total 161088K, used 23144K [0x00000007aacb0000, 0x00000007b6e70000, 0x0000000800000000)
  eden space 129152K, 0% used [0x00000007aacb0000,0x00000007aacb0000,0x00000007b2ad0000)
  from space 31936K, 72% used [0x00000007b4bc0000,0x00000007b625a390,0x00000007b6af0000)
  to   space 33728K, 0% used [0x00000007b2ad0000,0x00000007b2ad0000,0x00000007b4bc0000)
 ParOldGen       total 174528K, used 22139K [0x0000000700600000, 0x000000070b070000, 0x00000007aacb0000)
  object space 174528K, 12% used [0x0000000700600000,0x0000000701b9ec70,0x000000070b070000)
 PSPermGen       total 21248K, used 17641K [0x00000006fb400000, 0x00000006fc8c0000, 0x0000000700600000)
  object space 21248K, 83% used [0x00000006fb400000,0x00000006fc53a6f0,0x00000006fc8c0000)
}
Event: 6.734 GC heap before
{Heap before GC invocations=7 (full 0):
 PSYoungGen      total 161088K, used 151536K [0x00000007aacb0000, 0x00000007b6e70000, 0x0000000800000000)
  eden space 129152K, 99% used [0x00000007aacb0000,0x00000007b2a11c90,0x00000007b2ad0000)
  from space 31936K, 72% used [0x00000007b4bc0000,0x00000007b625a390,0x00000007b6af0000)
  to   space 33728K, 0% used [0x00000007b2ad0000,0x00000007b2ad0000,0x00000007b4bc0000)
 ParOldGen       total 174528K, used 22139K [0x0000000700600000, 0x000000070b070000, 0x00000007aacb0000)
  object space 174528K, 12% used [0x0000000700600000,0x0000000701b9ec70,0x000000070b070000)
 PSPermGen       total 21248K, used 17645K [0x00000006fb400000, 0x00000006fc8c0000, 0x0000000700600000)
  object space 21248K, 83% used [0x00000006fb400000,0x00000006fc53b4f8,0x00000006fc8c0000)
Event: 6.740 GC heap after
Heap after GC invocations=7 (full 0):
 PSYoungGen      total 162880K, used 18513K [0x00000007aacb0000, 0x00000007be810000, 0x0000000800000000)
  eden space 129152K, 0% used [0x00000007aacb0000,0x00000007aacb0000,0x00000007b2ad0000)
  from space 33728K, 54% used [0x00000007b2ad0000,0x00000007b3ce4430,0x00000007b4bc0000)
  to   space 32320K, 0% used [0x00000007bc880000,0x00000007bc880000,0x00000007be810000)
 ParOldGen       total 174528K, used 26862K [0x0000000700600000, 0x000000070b070000, 0x00000007aacb0000)
  object space 174528K, 15% used [0x0000000700600000,0x000000070203b910,0x000000070b070000)
 PSPermGen       total 21248K, used 17645K [0x00000006fb400000, 0x00000006fc8c0000, 0x0000000700600000)
  object space 21248K, 83% used [0x00000006fb400000,0x00000006fc53b4f8,0x00000006fc8c0000)
}

