# JRE version: 7.0_07-b11
# Java VM: Java HotSpot(TM) 64-Bit Server VM (23.3-b01 mixed mode windows-amd64 compressed oops)
Heap
 PSYoungGen      total 767104K, used 467611K [0x00000007aacb0000, 0x00000007e24c0000, 0x0000000800000000)
  eden space 737792K, 59% used [0x00000007aacb0000,0x00000007c58c1160,0x00000007d7d30000)
  from space 29312K, 99% used [0x00000007e0820000,0x00000007e24b5bd0,0x00000007e24c0000)
  to   space 41024K, 0% used [0x00000007dd4a0000,0x00000007dd4a0000,0x00000007dfcb0000)
 ParOldGen       total 146752K, used 34808K [0x0000000700600000, 0x0000000709550000, 0x00000007aacb0000)
  object space 146752K, 23% used [0x0000000700600000,0x00000007027fe170,0x0000000709550000)
 PSPermGen       total 36672K, used 18122K [0x00000006fb400000, 0x00000006fd7d0000, 0x0000000700600000)
  object space 36672K, 49% used [0x00000006fb400000,0x00000006fc5b2800,0x00000006fd7d0000)
GC Heap History (10 events):
Event: 5.080 GC heap before
{Heap before GC invocations=7 (full 0):
 PSYoungGen      total 300032K, used 287626K [0x00000007aacb0000, 0x00000007bf7f0000, 0x0000000800000000)
  eden space 261888K, 98% used [0x00000007aacb0000,0x00000007ba7d3fe8,0x00000007bac70000)
  from space 38144K, 79% used [0x00000007bd2b0000,0x00000007bf06ebf0,0x00000007bf7f0000)
  to   space 38656K, 0% used [0x00000007bac70000,0x00000007bac70000,0x00000007bd230000)
 ParOldGen       total 174528K, used 87876K [0x0000000700600000, 0x000000070b070000, 0x00000007aacb0000)
  object space 174528K, 50% used [0x0000000700600000,0x0000000705bd1280,0x000000070b070000)
 PSPermGen       total 21248K, used 17940K [0x00000006fb400000, 0x00000006fc8c0000, 0x0000000700600000)
  object space 21248K, 84% used [0x00000006fb400000,0x00000006fc5852e0,0x00000006fc8c0000)
Event: 5.092 GC heap after
Heap after GC invocations=7 (full 0):
 PSYoungGen      total 300544K, used 34783K [0x00000007aacb0000, 0x00000007cfad0000, 0x0000000800000000)
  eden space 261888K, 0% used [0x00000007aacb0000,0x00000007aacb0000,0x00000007bac70000)
  from space 38656K, 89% used [0x00000007bac70000,0x00000007bce67ec0,0x00000007bd230000)
  to   space 40256K, 0% used [0x00000007cd380000,0x00000007cd380000,0x00000007cfad0000)
 ParOldGen       total 174528K, used 91423K [0x0000000700600000, 0x000000070b070000, 0x00000007aacb0000)
  object space 174528K, 52% used [0x0000000700600000,0x0000000705f47f48,0x000000070b070000)
 PSPermGen       total 21248K, used 17940K [0x00000006fb400000, 0x00000006fc8c0000, 0x0000000700600000)
  object space 21248K, 84% used [0x00000006fb400000,0x00000006fc5852e0,0x00000006fc8c0000)
}
Event: 5.980 GC heap before
{Heap before GC invocations=8 (full 0):
 PSYoungGen      total 300544K, used 293289K [0x00000007aacb0000, 0x00000007cfad0000, 0x0000000800000000)
  eden space 261888K, 98% used [0x00000007aacb0000,0x00000007ba922600,0x00000007bac70000)
  from space 38656K, 89% used [0x00000007bac70000,0x00000007bce67ec0,0x00000007bd230000)
  to   space 40256K, 0% used [0x00000007cd380000,0x00000007cd380000,0x00000007cfad0000)
 ParOldGen       total 174528K, used 91423K [0x0000000700600000, 0x000000070b070000, 0x00000007aacb0000)
  object space 174528K, 52% used [0x0000000700600000,0x0000000705f47f48,0x000000070b070000)
 PSPermGen       total 21248K, used 17961K [0x00000006fb400000, 0x00000006fc8c0000, 0x0000000700600000)
  object space 21248K, 84% used [0x00000006fb400000,0x00000006fc58a558,0x00000006fc8c0000)
Event: 5.990 GC heap after
Heap after GC invocations=8 (full 0):
 PSYoungGen      total 562368K, used 27560K [0x00000007aacb0000, 0x00000007cf930000, 0x0000000800000000)
  eden space 523776K, 0% used [0x00000007aacb0000,0x00000007aacb0000,0x00000007cac30000)
  from space 38592K, 71% used [0x00000007cd380000,0x00000007cee6a210,0x00000007cf930000)
  to   space 39424K, 0% used [0x00000007cac30000,0x00000007cac30000,0x00000007cd2b0000)
 ParOldGen       total 174528K, used 98370K [0x0000000700600000, 0x000000070b070000, 0x00000007aacb0000)
  object space 174528K, 56% used [0x0000000700600000,0x0000000706610b58,0x000000070b070000)
 PSPermGen       total 21248K, used 17961K [0x00000006fb400000, 0x00000006fc8c0000, 0x0000000700600000)
  object space 21248K, 84% used [0x00000006fb400000,0x00000006fc58a558,0x00000006fc8c0000)
}
Event: 7.093 GC heap before
{Heap before GC invocations=9 (full 0):
 PSYoungGen      total 562368K, used 550997K [0x00000007aacb0000, 0x00000007cf930000, 0x0000000800000000)
  eden space 523776K, 99% used [0x00000007aacb0000,0x00000007cabdb4d8,0x00000007cac30000)
  from space 38592K, 71% used [0x00000007cd380000,0x00000007cee6a210,0x00000007cf930000)
  to   space 39424K, 0% used [0x00000007cac30000,0x00000007cac30000,0x00000007cd2b0000)
 ParOldGen       total 174528K, used 100395K [0x0000000700600000, 0x000000070b070000, 0x00000007aacb0000)
  object space 174528K, 57% used [0x0000000700600000,0x000000070680af68,0x000000070b070000)
 PSPermGen       total 21248K, used 18024K [0x00000006fb400000, 0x00000006fc8c0000, 0x0000000700600000)
  object space 21248K, 84% used [0x00000006fb400000,0x00000006fc59a0d8,0x00000006fc8c0000)
Event: 7.108 GC heap after
Heap after GC invocations=9 (full 0):
 PSYoungGen      total 563200K, used 38480K [0x00000007aacb0000, 0x00000007e3120000, 0x0000000800000000)
  eden space 523776K, 0% used [0x00000007aacb0000,0x00000007aacb0000,0x00000007cac30000)
  from space 39424K, 97% used [0x00000007cac30000,0x00000007cd1c40d0,0x00000007cd2b0000)
  to   space 41984K, 0% used [0x00000007e0820000,0x00000007e0820000,0x00000007e3120000)
 ParOldGen       total 174528K, used 114227K [0x0000000700600000, 0x000000070b070000, 0x00000007aacb0000)
  object space 174528K, 65% used [0x0000000700600000,0x000000070758cce0,0x000000070b070000)
 PSPermGen       total 21248K, used 18024K [0x00000006fb400000, 0x00000006fc8c0000, 0x0000000700600000)
  object space 21248K, 84% used [0x00000006fb400000,0x00000006fc59a0d8,0x00000006fc8c0000)
}
Event: 9.190 GC heap before
{Heap before GC invocations=10 (full 1):
 PSYoungGen      total 563200K, used 562256K [0x00000007aacb0000, 0x00000007e3120000, 0x0000000800000000)
  eden space 523776K, 100% used [0x00000007aacb0000,0x00000007cac30000,0x00000007cac30000)
  from space 39424K, 97% used [0x00000007cac30000,0x00000007cd1c40d0,0x00000007cd2b0000)
  to   space 41984K, 0% used [0x00000007e0820000,0x00000007e0820000,0x00000007e3120000)
 ParOldGen       total 403648K, used 401651K [0x0000000700600000, 0x0000000719030000, 0x00000007aacb0000)
  object space 403648K, 99% used [0x0000000700600000,0x0000000718e3cf88,0x0000000719030000)
 PSPermGen       total 21248K, used 18082K [0x00000006fb400000, 0x00000006fc8c0000, 0x0000000700600000)
  object space 21248K, 85% used [0x00000006fb400000,0x00000006fc5a8b08,0x00000006fc8c0000)
Event: 9.272 GC heap after
Heap after GC invocations=10 (full 1):
 PSYoungGen      total 563200K, used 0K [0x00000007aacb0000, 0x00000007e3120000, 0x0000000800000000)
  eden space 523776K, 0% used [0x00000007aacb0000,0x00000007aacb0000,0x00000007cac30000)
  from space 39424K, 0% used [0x00000007cac30000,0x00000007cac30000,0x00000007cd2b0000)
  to   space 41984K, 0% used [0x00000007e0820000,0x00000007e0820000,0x00000007e3120000)
 ParOldGen       total 146752K, used 34808K [0x0000000700600000, 0x0000000709550000, 0x00000007aacb0000)
  object space 146752K, 23% used [0x0000000700600000,0x00000007027fe170,0x0000000709550000)
 PSPermGen       total 36672K, used 18076K [0x00000006fb400000, 0x00000006fd7d0000, 0x0000000700600000)
  object space 36672K, 49% used [0x00000006fb400000,0x00000006fc5a70d0,0x00000006fd7d0000)
}
Event: 10.336 GC heap before
{Heap before GC invocations=11 (full 1):
 PSYoungGen      total 563200K, used 523737K [0x00000007aacb0000, 0x00000007e3120000, 0x0000000800000000)
  eden space 523776K, 99% used [0x00000007aacb0000,0x00000007cac26688,0x00000007cac30000)
  from space 39424K, 0% used [0x00000007cac30000,0x00000007cac30000,0x00000007cd2b0000)
  to   space 41984K, 0% used [0x00000007e0820000,0x00000007e0820000,0x00000007e3120000)
 ParOldGen       total 146752K, used 34808K [0x0000000700600000, 0x0000000709550000, 0x00000007aacb0000)
  object space 146752K, 23% used [0x0000000700600000,0x00000007027fe170,0x0000000709550000)
 PSPermGen       total 36672K, used 18086K [0x00000006fb400000, 0x00000006fd7d0000, 0x0000000700600000)
  object space 36672K, 49% used [0x00000006fb400000,0x00000006fc5a9ac0,0x00000006fd7d0000)
Event: 10.344 GC heap after
Heap after GC invocations=11 (full 1):
 PSYoungGen      total 767104K, used 29270K [0x00000007aacb0000, 0x00000007e24c0000, 0x0000000800000000)
  eden space 737792K, 0% used [0x00000007aacb0000,0x00000007aacb0000,0x00000007d7d30000)
  from space 29312K, 99% used [0x00000007e0820000,0x00000007e24b5bd0,0x00000007e24c0000)
  to   space 41024K, 0% used [0x00000007dd4a0000,0x00000007dd4a0000,0x00000007dfcb0000)
 ParOldGen       total 146752K, used 34808K [0x0000000700600000, 0x0000000709550000, 0x00000007aacb0000)
  object space 146752K, 23% used [0x0000000700600000,0x00000007027fe170,0x0000000709550000)
 PSPermGen       total 36672K, used 18086K [0x00000006fb400000, 0x00000006fd7d0000, 0x0000000700600000)
  object space 36672K, 49% used [0x00000006fb400000,0x00000006fc5a9ac0,0x00000006fd7d0000)
}

