# JRE version: 7.0_07-b11
# Java VM: Java HotSpot(TM) 64-Bit Server VM (23.3-b01 mixed mode windows-amd64 compressed oops)
Heap
 PSYoungGen      total 551808K, used 369761K [0x00000007aacb0000, 0x00000007d0ab0000, 0x0000000800000000)
  eden space 501248K, 67% used [0x00000007aacb0000,0x00000007bf863470,0x00000007c9630000)
  from space 50560K, 59% used [0x00000007cd950000,0x00000007cf6b52f0,0x00000007d0ab0000)
  to   space 59648K, 0% used [0x00000007c9630000,0x00000007c9630000,0x00000007cd070000)
 ParOldGen       total 181056K, used 74678K [0x0000000700600000, 0x000000070b6d0000, 0x00000007aacb0000)
  object space 181056K, 41% used [0x0000000700600000,0x0000000704eeda78,0x000000070b6d0000)
 PSPermGen       total 40576K, used 18093K [0x00000006fb400000, 0x00000006fdba0000, 0x0000000700600000)
  object space 40576K, 44% used [0x00000006fb400000,0x00000006fc5ab6a0,0x00000006fdba0000)
GC Heap History (10 events):
Event: 9.810 GC heap before
{Heap before GC invocations=12 (full 2):
 PSYoungGen      total 308672K, used 293004K [0x00000007aacb0000, 0x00000007c57a0000, 0x0000000800000000)
  eden space 257024K, 97% used [0x00000007aacb0000,0x00000007ba282108,0x00000007ba7b0000)
  from space 51648K, 79% used [0x00000007ba7b0000,0x00000007bd0010e0,0x00000007bda20000)
  to   space 54080K, 0% used [0x00000007c22d0000,0x00000007c22d0000,0x00000007c57a0000)
 ParOldGen       total 181056K, used 60503K [0x0000000700600000, 0x000000070b6d0000, 0x00000007aacb0000)
  object space 181056K, 33% used [0x0000000700600000,0x0000000704115e48,0x000000070b6d0000)
 PSPermGen       total 40576K, used 18039K [0x00000006fb400000, 0x00000006fdba0000, 0x0000000700600000)
  object space 40576K, 44% used [0x00000006fb400000,0x00000006fc59dc10,0x00000006fdba0000)
Event: 9.823 GC heap after
Heap after GC invocations=12 (full 2):
 PSYoungGen      total 381376K, used 41452K [0x00000007aacb0000, 0x00000007c5bb0000, 0x0000000800000000)
  eden space 327296K, 0% used [0x00000007aacb0000,0x00000007aacb0000,0x00000007bec50000)
  from space 54080K, 76% used [0x00000007c22d0000,0x00000007c4b4b3f0,0x00000007c57a0000)
  to   space 55808K, 0% used [0x00000007bec50000,0x00000007bec50000,0x00000007c22d0000)
 ParOldGen       total 181056K, used 60503K [0x0000000700600000, 0x000000070b6d0000, 0x00000007aacb0000)
  object space 181056K, 33% used [0x0000000700600000,0x0000000704115e48,0x000000070b6d0000)
 PSPermGen       total 40576K, used 18039K [0x00000006fb400000, 0x00000006fdba0000, 0x0000000700600000)
  object space 40576K, 44% used [0x00000006fb400000,0x00000006fc59dc10,0x00000006fdba0000)
}
Event: 10.450 GC heap before
{Heap before GC invocations=13 (full 2):
 PSYoungGen      total 381376K, used 365417K [0x00000007aacb0000, 0x00000007c5bb0000, 0x0000000800000000)
  eden space 327296K, 98% used [0x00000007aacb0000,0x00000007be90f080,0x00000007bec50000)
  from space 54080K, 76% used [0x00000007c22d0000,0x00000007c4b4b3f0,0x00000007c57a0000)
  to   space 55808K, 0% used [0x00000007bec50000,0x00000007bec50000,0x00000007c22d0000)
 ParOldGen       total 181056K, used 60503K [0x0000000700600000, 0x000000070b6d0000, 0x00000007aacb0000)
  object space 181056K, 33% used [0x0000000700600000,0x0000000704115e48,0x000000070b6d0000)
 PSPermGen       total 40576K, used 18041K [0x00000006fb400000, 0x00000006fdba0000, 0x0000000700600000)
  object space 40576K, 44% used [0x00000006fb400000,0x00000006fc59e438,0x00000006fdba0000)
Event: 10.458 GC heap after
Heap after GC invocations=13 (full 2):
 PSYoungGen      total 383104K, used 41621K [0x00000007aacb0000, 0x00000007cb020000, 0x0000000800000000)
  eden space 327296K, 0% used [0x00000007aacb0000,0x00000007aacb0000,0x00000007bec50000)
  from space 55808K, 74% used [0x00000007bec50000,0x00000007c14f5700,0x00000007c22d0000)
  to   space 57088K, 0% used [0x00000007c7860000,0x00000007c7860000,0x00000007cb020000)
 ParOldGen       total 181056K, used 60503K [0x0000000700600000, 0x000000070b6d0000, 0x00000007aacb0000)
  object space 181056K, 33% used [0x0000000700600000,0x0000000704115e48,0x000000070b6d0000)
 PSPermGen       total 40576K, used 18041K [0x00000006fb400000, 0x00000006fdba0000, 0x0000000700600000)
  object space 40576K, 44% used [0x00000006fb400000,0x00000006fc59e438,0x00000006fdba0000)
}
Event: 11.048 GC heap before
{Heap before GC invocations=14 (full 2):
 PSYoungGen      total 383104K, used 368537K [0x00000007aacb0000, 0x00000007cb020000, 0x0000000800000000)
  eden space 327296K, 99% used [0x00000007aacb0000,0x00000007bebf0e68,0x00000007bec50000)
  from space 55808K, 74% used [0x00000007bec50000,0x00000007c14f5700,0x00000007c22d0000)
  to   space 57088K, 0% used [0x00000007c7860000,0x00000007c7860000,0x00000007cb020000)
 ParOldGen       total 181056K, used 60503K [0x0000000700600000, 0x000000070b6d0000, 0x00000007aacb0000)
  object space 181056K, 33% used [0x0000000700600000,0x0000000704115e48,0x000000070b6d0000)
 PSPermGen       total 40576K, used 18041K [0x00000006fb400000, 0x00000006fdba0000, 0x0000000700600000)
  object space 40576K, 44% used [0x00000006fb400000,0x00000006fc59e7a8,0x00000006fdba0000)
Event: 11.060 GC heap after
Heap after GC invocations=14 (full 2):
 PSYoungGen      total 465408K, used 53466K [0x00000007aacb0000, 0x00000007cba80000, 0x0000000800000000)
  eden space 408320K, 0% used [0x00000007aacb0000,0x00000007aacb0000,0x00000007c3b70000)
  from space 57088K, 93% used [0x00000007c7860000,0x00000007cac96900,0x00000007cb020000)
  to   space 62400K, 0% used [0x00000007c3b70000,0x00000007c3b70000,0x00000007c7860000)
 ParOldGen       total 181056K, used 66578K [0x0000000700600000, 0x000000070b6d0000, 0x00000007aacb0000)
  object space 181056K, 36% used [0x0000000700600000,0x0000000704704a58,0x000000070b6d0000)
 PSPermGen       total 40576K, used 18041K [0x00000006fb400000, 0x00000006fdba0000, 0x0000000700600000)
  object space 40576K, 44% used [0x00000006fb400000,0x00000006fc59e7a8,0x00000006fdba0000)
}
Event: 11.851 GC heap before
{Heap before GC invocations=15 (full 2):
 PSYoungGen      total 465408K, used 456400K [0x00000007aacb0000, 0x00000007cba80000, 0x0000000800000000)
  eden space 408320K, 98% used [0x00000007aacb0000,0x00000007c362d8c8,0x00000007c3b70000)
  from space 57088K, 93% used [0x00000007c7860000,0x00000007cac96900,0x00000007cb020000)
  to   space 62400K, 0% used [0x00000007c3b70000,0x00000007c3b70000,0x00000007c7860000)
 ParOldGen       total 181056K, used 66578K [0x0000000700600000, 0x000000070b6d0000, 0x00000007aacb0000)
  object space 181056K, 36% used [0x0000000700600000,0x0000000704704a58,0x000000070b6d0000)
 PSPermGen       total 40576K, used 18048K [0x00000006fb400000, 0x00000006fdba0000, 0x0000000700600000)
  object space 40576K, 44% used [0x00000006fb400000,0x00000006fc5a0188,0x00000006fdba0000)
Event: 11.860 GC heap after
Heap after GC invocations=15 (full 2):
 PSYoungGen      total 470720K, used 39554K [0x00000007aacb0000, 0x00000007d1550000, 0x0000000800000000)
  eden space 408320K, 0% used [0x00000007aacb0000,0x00000007aacb0000,0x00000007c3b70000)
  from space 62400K, 63% used [0x00000007c3b70000,0x00000007c6210a40,0x00000007c7860000)
  to   space 61440K, 0% used [0x00000007cd950000,0x00000007cd950000,0x00000007d1550000)
 ParOldGen       total 181056K, used 66578K [0x0000000700600000, 0x000000070b6d0000, 0x00000007aacb0000)
  object space 181056K, 36% used [0x0000000700600000,0x0000000704704a58,0x000000070b6d0000)
 PSPermGen       total 40576K, used 18048K [0x00000006fb400000, 0x00000006fdba0000, 0x0000000700600000)
  object space 40576K, 44% used [0x00000006fb400000,0x00000006fc5a0188,0x00000006fdba0000)
}
Event: 12.633 GC heap before
{Heap before GC invocations=16 (full 2):
 PSYoungGen      total 470720K, used 447587K [0x00000007aacb0000, 0x00000007d1550000, 0x0000000800000000)
  eden space 408320K, 99% used [0x00000007aacb0000,0x00000007c3b28540,0x00000007c3b70000)
  from space 62400K, 63% used [0x00000007c3b70000,0x00000007c6210a40,0x00000007c7860000)
  to   space 61440K, 0% used [0x00000007cd950000,0x00000007cd950000,0x00000007d1550000)
 ParOldGen       total 181056K, used 74678K [0x0000000700600000, 0x000000070b6d0000, 0x00000007aacb0000)
  object space 181056K, 41% used [0x0000000700600000,0x0000000704eeda78,0x000000070b6d0000)
 PSPermGen       total 40576K, used 18056K [0x00000006fb400000, 0x00000006fdba0000, 0x0000000700600000)
  object space 40576K, 44% used [0x00000006fb400000,0x00000006fc5a23a8,0x00000006fdba0000)
Event: 12.641 GC heap after
Heap after GC invocations=16 (full 2):
 PSYoungGen      total 551808K, used 30100K [0x00000007aacb0000, 0x00000007d0ab0000, 0x0000000800000000)
  eden space 501248K, 0% used [0x00000007aacb0000,0x00000007aacb0000,0x00000007c9630000)
  from space 50560K, 59% used [0x00000007cd950000,0x00000007cf6b52f0,0x00000007d0ab0000)
  to   space 59648K, 0% used [0x00000007c9630000,0x00000007c9630000,0x00000007cd070000)
 ParOldGen       total 181056K, used 74678K [0x0000000700600000, 0x000000070b6d0000, 0x00000007aacb0000)
  object space 181056K, 41% used [0x0000000700600000,0x0000000704eeda78,0x000000070b6d0000)
 PSPermGen       total 40576K, used 18056K [0x00000006fb400000, 0x00000006fdba0000, 0x0000000700600000)
  object space 40576K, 44% used [0x00000006fb400000,0x00000006fc5a23a8,0x00000006fdba0000)
}

