# JRE version: 7.0_07-b11
# Java VM: Java HotSpot(TM) 64-Bit Server VM (23.3-b01 mixed mode windows-amd64 compressed oops)
Heap
 PSYoungGen      total 1314496K, used 407678K [0x00000007aacb0000, 0x00000007fff10000, 0x0000000800000000)
  eden space 1235584K, 29% used [0x00000007aacb0000,0x00000007c0ec6c30,0x00000007f6350000)
  from space 78912K, 57% used [0x00000007fb200000,0x00000007fde08d40,0x00000007fff10000)
  to   space 79744K, 0% used [0x00000007f6350000,0x00000007f6350000,0x00000007fb130000)
 ParOldGen       total 193472K, used 77317K [0x0000000700600000, 0x000000070c2f0000, 0x00000007aacb0000)
  object space 193472K, 39% used [0x0000000700600000,0x00000007051814e8,0x000000070c2f0000)
 PSPermGen       total 40448K, used 18005K [0x00000006fb400000, 0x00000006fdb80000, 0x0000000700600000)
  object space 40448K, 44% used [0x00000006fb400000,0x00000006fc5955e0,0x00000006fdb80000)
GC Heap History (10 events):
Event: 12.948 GC heap before
{Heap before GC invocations=12 (full 1):
 PSYoungGen      total 787456K, used 781976K [0x00000007aacb0000, 0x00000007e0920000, 0x0000000800000000)
  eden space 721536K, 99% used [0x00000007aacb0000,0x00000007d6bd27d8,0x00000007d6d50000)
  from space 65920K, 94% used [0x00000007db660000,0x00000007df2e3940,0x00000007df6c0000)
  to   space 74816K, 0% used [0x00000007d6d50000,0x00000007d6d50000,0x00000007db660000)
 ParOldGen       total 136000K, used 75203K [0x0000000700600000, 0x0000000708ad0000, 0x00000007aacb0000)
  object space 136000K, 55% used [0x0000000700600000,0x0000000704f70d38,0x0000000708ad0000)
 PSPermGen       total 36224K, used 17988K [0x00000006fb400000, 0x00000006fd760000, 0x0000000700600000)
  object space 36224K, 49% used [0x00000006fb400000,0x00000006fc591178,0x00000006fd760000)
Event: 12.964 GC heap after
Heap after GC invocations=12 (full 1):
 PSYoungGen      total 796352K, used 53032K [0x00000007aacb0000, 0x00000007f4310000, 0x0000000800000000)
  eden space 721536K, 0% used [0x00000007aacb0000,0x00000007aacb0000,0x00000007d6d50000)
  from space 74816K, 70% used [0x00000007d6d50000,0x00000007da11a2e0,0x00000007db660000)
  to   space 78528K, 0% used [0x00000007ef660000,0x00000007ef660000,0x00000007f4310000)
 ParOldGen       total 136000K, used 118017K [0x0000000700600000, 0x0000000708ad0000, 0x00000007aacb0000)
  object space 136000K, 86% used [0x0000000700600000,0x00000007079404e8,0x0000000708ad0000)
 PSPermGen       total 36224K, used 17988K [0x00000006fb400000, 0x00000006fd760000, 0x0000000700600000)
  object space 36224K, 49% used [0x00000006fb400000,0x00000006fc591178,0x00000006fd760000)
}
Event: 12.964 GC heap before
{Heap before GC invocations=13 (full 2):
 PSYoungGen      total 796352K, used 53032K [0x00000007aacb0000, 0x00000007f4310000, 0x0000000800000000)
  eden space 721536K, 0% used [0x00000007aacb0000,0x00000007aacb0000,0x00000007d6d50000)
  from space 74816K, 70% used [0x00000007d6d50000,0x00000007da11a2e0,0x00000007db660000)
  to   space 78528K, 0% used [0x00000007ef660000,0x00000007ef660000,0x00000007f4310000)
 ParOldGen       total 136000K, used 118017K [0x0000000700600000, 0x0000000708ad0000, 0x00000007aacb0000)
  object space 136000K, 86% used [0x0000000700600000,0x00000007079404e8,0x0000000708ad0000)
 PSPermGen       total 36224K, used 17988K [0x00000006fb400000, 0x00000006fd760000, 0x0000000700600000)
  object space 36224K, 49% used [0x00000006fb400000,0x00000006fc591178,0x00000006fd760000)
Event: 12.992 GC heap after
Heap after GC invocations=13 (full 2):
 PSYoungGen      total 796352K, used 0K [0x00000007aacb0000, 0x00000007f4310000, 0x0000000800000000)
  eden space 721536K, 0% used [0x00000007aacb0000,0x00000007aacb0000,0x00000007d6d50000)
  from space 74816K, 0% used [0x00000007d6d50000,0x00000007d6d50000,0x00000007db660000)
  to   space 78528K, 0% used [0x00000007ef660000,0x00000007ef660000,0x00000007f4310000)
 ParOldGen       total 193472K, used 44869K [0x0000000700600000, 0x000000070c2f0000, 0x00000007aacb0000)
  object space 193472K, 23% used [0x0000000700600000,0x00000007031d1488,0x000000070c2f0000)
 PSPermGen       total 40448K, used 17988K [0x00000006fb400000, 0x00000006fdb80000, 0x0000000700600000)
  object space 40448K, 44% used [0x00000006fb400000,0x00000006fc591138,0x00000006fdb80000)
}
Event: 14.251 GC heap before
{Heap before GC invocations=14 (full 2):
 PSYoungGen      total 796352K, used 719408K [0x00000007aacb0000, 0x00000007f4310000, 0x0000000800000000)
  eden space 721536K, 99% used [0x00000007aacb0000,0x00000007d6b3c2d0,0x00000007d6d50000)
  from space 74816K, 0% used [0x00000007d6d50000,0x00000007d6d50000,0x00000007db660000)
  to   space 78528K, 0% used [0x00000007ef660000,0x00000007ef660000,0x00000007f4310000)
 ParOldGen       total 193472K, used 44869K [0x0000000700600000, 0x000000070c2f0000, 0x00000007aacb0000)
  object space 193472K, 23% used [0x0000000700600000,0x00000007031d1488,0x000000070c2f0000)
 PSPermGen       total 40448K, used 17994K [0x00000006fb400000, 0x00000006fdb80000, 0x0000000700600000)
  object space 40448K, 44% used [0x00000006fb400000,0x00000006fc592940,0x00000006fdb80000)
Event: 14.265 GC heap after
Heap after GC invocations=14 (full 2):
 PSYoungGen      total 1063680K, used 51039K [0x00000007aacb0000, 0x00000007f2840000, 0x0000000800000000)
  eden space 1012608K, 0% used [0x00000007aacb0000,0x00000007aacb0000,0x00000007e8990000)
  from space 51072K, 99% used [0x00000007ef660000,0x00000007f2837ef0,0x00000007f2840000)
  to   space 80576K, 0% used [0x00000007e8ae0000,0x00000007e8ae0000,0x00000007ed990000)
 ParOldGen       total 193472K, used 44869K [0x0000000700600000, 0x000000070c2f0000, 0x00000007aacb0000)
  object space 193472K, 23% used [0x0000000700600000,0x00000007031d1488,0x000000070c2f0000)
 PSPermGen       total 40448K, used 17994K [0x00000006fb400000, 0x00000006fdb80000, 0x0000000700600000)
  object space 40448K, 44% used [0x00000006fb400000,0x00000006fc592940,0x00000006fdb80000)
}
Event: 16.076 GC heap before
{Heap before GC invocations=15 (full 2):
 PSYoungGen      total 1063680K, used 1063055K [0x00000007aacb0000, 0x00000007f2840000, 0x0000000800000000)
  eden space 1012608K, 99% used [0x00000007aacb0000,0x00000007e88fbfc8,0x00000007e8990000)
  from space 51072K, 99% used [0x00000007ef660000,0x00000007f2837ef0,0x00000007f2840000)
  to   space 80576K, 0% used [0x00000007e8ae0000,0x00000007e8ae0000,0x00000007ed990000)
 ParOldGen       total 193472K, used 44869K [0x0000000700600000, 0x000000070c2f0000, 0x00000007aacb0000)
  object space 193472K, 23% used [0x0000000700600000,0x00000007031d1488,0x000000070c2f0000)
 PSPermGen       total 40448K, used 17996K [0x00000006fb400000, 0x00000006fdb80000, 0x0000000700600000)
  object space 40448K, 44% used [0x00000006fb400000,0x00000006fc593128,0x00000006fdb80000)
Event: 16.083 GC heap after
Heap after GC invocations=15 (full 2):
 PSYoungGen      total 1094528K, used 12500K [0x00000007aacb0000, 0x0000000800000000, 0x0000000800000000)
  eden space 1013952K, 0% used [0x00000007aacb0000,0x00000007aacb0000,0x00000007e8ae0000)
  from space 80576K, 15% used [0x00000007e8ae0000,0x00000007e9715280,0x00000007ed990000)
  to   space 79872K, 0% used [0x00000007fb200000,0x00000007fb200000,0x0000000800000000)
 ParOldGen       total 193472K, used 75268K [0x0000000700600000, 0x000000070c2f0000, 0x00000007aacb0000)
  object space 193472K, 38% used [0x0000000700600000,0x0000000704f810d8,0x000000070c2f0000)
 PSPermGen       total 40448K, used 17996K [0x00000006fb400000, 0x00000006fdb80000, 0x0000000700600000)
  object space 40448K, 44% used [0x00000006fb400000,0x00000006fc593128,0x00000006fdb80000)
}
Event: 17.838 GC heap before
{Heap before GC invocations=16 (full 2):
 PSYoungGen      total 1094528K, used 1025213K [0x00000007aacb0000, 0x0000000800000000, 0x0000000800000000)
  eden space 1013952K, 99% used [0x00000007aacb0000,0x00000007e89aa1b0,0x00000007e8ae0000)
  from space 80576K, 15% used [0x00000007e8ae0000,0x00000007e9715280,0x00000007ed990000)
  to   space 79872K, 0% used [0x00000007fb200000,0x00000007fb200000,0x0000000800000000)
 ParOldGen       total 193472K, used 77293K [0x0000000700600000, 0x000000070c2f0000, 0x00000007aacb0000)
  object space 193472K, 39% used [0x0000000700600000,0x000000070517b4e8,0x000000070c2f0000)
 PSPermGen       total 40448K, used 17998K [0x00000006fb400000, 0x00000006fdb80000, 0x0000000700600000)
  object space 40448K, 44% used [0x00000006fb400000,0x00000006fc593808,0x00000006fdb80000)
Event: 17.850 GC heap after
Heap after GC invocations=16 (full 2):
 PSYoungGen      total 1314496K, used 45091K [0x00000007aacb0000, 0x00000007fff10000, 0x0000000800000000)
  eden space 1235584K, 0% used [0x00000007aacb0000,0x00000007aacb0000,0x00000007f6350000)
  from space 78912K, 57% used [0x00000007fb200000,0x00000007fde08d40,0x00000007fff10000)
  to   space 79744K, 0% used [0x00000007f6350000,0x00000007f6350000,0x00000007fb130000)
 ParOldGen       total 193472K, used 77317K [0x0000000700600000, 0x000000070c2f0000, 0x00000007aacb0000)
  object space 193472K, 39% used [0x0000000700600000,0x00000007051814e8,0x000000070c2f0000)
 PSPermGen       total 40448K, used 17998K [0x00000006fb400000, 0x00000006fdb80000, 0x0000000700600000)
  object space 40448K, 44% used [0x00000006fb400000,0x00000006fc593808,0x00000006fdb80000)
}

