# JRE version: 7.0_07-b11
# Java VM: Java HotSpot(TM) 64-Bit Server VM (23.3-b01 mixed mode windows-amd64 compressed oops)
Heap
 PSYoungGen      total 458048K, used 79337K [0x00000007aacb0000, 0x00000007ca250000, 0x0000000800000000)
  eden space 408448K, 10% used [0x00000007aacb0000,0x00000007ad659cc0,0x00000007c3b90000)
  from space 49600K, 73% used [0x00000007c71e0000,0x00000007c95b0860,0x00000007ca250000)
  to   space 52608K, 0% used [0x00000007c3b90000,0x00000007c3b90000,0x00000007c6ef0000)
 ParOldGen       total 228608K, used 23253K [0x0000000700600000, 0x000000070e540000, 0x00000007aacb0000)
  object space 228608K, 10% used [0x0000000700600000,0x0000000701cb5740,0x000000070e540000)
 PSPermGen       total 37184K, used 17853K [0x00000006fb400000, 0x00000006fd850000, 0x0000000700600000)
  object space 37184K, 48% used [0x00000006fb400000,0x00000006fc56f628,0x00000006fd850000)
GC Heap History (10 events):
Event: 19.306 GC heap before
{Heap before GC invocations=10 (full 4):
 PSYoungGen      total 245952K, used 207133K [0x00000007aacb0000, 0x00000007bca10000, 0x0000000800000000)
  eden space 211584K, 97% used [0x00000007aacb0000,0x00000007b76f77c0,0x00000007b7b50000)
  from space 34368K, 0% used [0x00000007ba880000,0x00000007ba880000,0x00000007bca10000)
  to   space 40320K, 0% used [0x00000007b7b50000,0x00000007b7b50000,0x00000007ba2b0000)
 ParOldGen       total 414528K, used 412053K [0x0000000700600000, 0x0000000719ad0000, 0x00000007aacb0000)
  object space 414528K, 99% used [0x0000000700600000,0x00000007198655f8,0x0000000719ad0000)
 PSPermGen       total 38720K, used 17805K [0x00000006fb400000, 0x00000006fd9d0000, 0x0000000700600000)
  object space 38720K, 45% used [0x00000006fb400000,0x00000006fc563510,0x00000006fd9d0000)
Event: 19.342 GC heap after
Heap after GC invocations=10 (full 4):
 PSYoungGen      total 245952K, used 0K [0x00000007aacb0000, 0x00000007bca10000, 0x0000000800000000)
  eden space 211584K, 0% used [0x00000007aacb0000,0x00000007aacb0000,0x00000007b7b50000)
  from space 34368K, 0% used [0x00000007ba880000,0x00000007ba880000,0x00000007bca10000)
  to   space 40320K, 0% used [0x00000007b7b50000,0x00000007b7b50000,0x00000007ba2b0000)
 ParOldGen       total 228608K, used 23253K [0x0000000700600000, 0x000000070e540000, 0x00000007aacb0000)
  object space 228608K, 10% used [0x0000000700600000,0x0000000701cb5740,0x000000070e540000)
 PSPermGen       total 37184K, used 17805K [0x00000006fb400000, 0x00000006fd850000, 0x0000000700600000)
  object space 37184K, 47% used [0x00000006fb400000,0x00000006fc563510,0x00000006fd850000)
}
Event: 20.442 GC heap before
{Heap before GC invocations=11 (full 4):
 PSYoungGen      total 245952K, used 206832K [0x00000007aacb0000, 0x00000007bca10000, 0x0000000800000000)
  eden space 211584K, 97% used [0x00000007aacb0000,0x00000007b76ac178,0x00000007b7b50000)
  from space 34368K, 0% used [0x00000007ba880000,0x00000007ba880000,0x00000007bca10000)
  to   space 40320K, 0% used [0x00000007b7b50000,0x00000007b7b50000,0x00000007ba2b0000)
 ParOldGen       total 228608K, used 23253K [0x0000000700600000, 0x000000070e540000, 0x00000007aacb0000)
  object space 228608K, 10% used [0x0000000700600000,0x0000000701cb5740,0x000000070e540000)
 PSPermGen       total 37184K, used 17808K [0x00000006fb400000, 0x00000006fd850000, 0x0000000700600000)
  object space 37184K, 47% used [0x00000006fb400000,0x00000006fc564348,0x00000006fd850000)
Event: 20.450 GC heap after
Heap after GC invocations=11 (full 4):
 PSYoungGen      total 251904K, used 36674K [0x00000007aacb0000, 0x00000007c40d0000, 0x0000000800000000)
  eden space 211584K, 0% used [0x00000007aacb0000,0x00000007aacb0000,0x00000007b7b50000)
  from space 40320K, 90% used [0x00000007b7b50000,0x00000007b9f20860,0x00000007ba2b0000)
  to   space 45632K, 0% used [0x00000007c1440000,0x00000007c1440000,0x00000007c40d0000)
 ParOldGen       total 228608K, used 23253K [0x0000000700600000, 0x000000070e540000, 0x00000007aacb0000)
  object space 228608K, 10% used [0x0000000700600000,0x0000000701cb5740,0x000000070e540000)
 PSPermGen       total 37184K, used 17808K [0x00000006fb400000, 0x00000006fd850000, 0x0000000700600000)
  object space 37184K, 47% used [0x00000006fb400000,0x00000006fc564348,0x00000006fd850000)
}
Event: 21.578 GC heap before
{Heap before GC invocations=12 (full 4):
 PSYoungGen      total 251904K, used 243482K [0x00000007aacb0000, 0x00000007c40d0000, 0x0000000800000000)
  eden space 211584K, 97% used [0x00000007aacb0000,0x00000007b76a6388,0x00000007b7b50000)
  from space 40320K, 90% used [0x00000007b7b50000,0x00000007b9f20860,0x00000007ba2b0000)
  to   space 45632K, 0% used [0x00000007c1440000,0x00000007c1440000,0x00000007c40d0000)
 ParOldGen       total 228608K, used 23253K [0x0000000700600000, 0x000000070e540000, 0x00000007aacb0000)
  object space 228608K, 10% used [0x0000000700600000,0x0000000701cb5740,0x000000070e540000)
 PSPermGen       total 37184K, used 17812K [0x00000006fb400000, 0x00000006fd850000, 0x0000000700600000)
  object space 37184K, 47% used [0x00000006fb400000,0x00000006fc565180,0x00000006fd850000)
Event: 21.586 GC heap after
Heap after GC invocations=12 (full 4):
 PSYoungGen      total 364928K, used 36610K [0x00000007aacb0000, 0x00000007c4560000, 0x0000000800000000)
  eden space 319296K, 0% used [0x00000007aacb0000,0x00000007aacb0000,0x00000007be480000)
  from space 45632K, 80% used [0x00000007c1440000,0x00000007c3800860,0x00000007c40d0000)
  to   space 48896K, 0% used [0x00000007be480000,0x00000007be480000,0x00000007c1440000)
 ParOldGen       total 228608K, used 23253K [0x0000000700600000, 0x000000070e540000, 0x00000007aacb0000)
  object space 228608K, 10% used [0x0000000700600000,0x0000000701cb5740,0x000000070e540000)
 PSPermGen       total 37184K, used 17812K [0x00000006fb400000, 0x00000006fd850000, 0x0000000700600000)
  object space 37184K, 47% used [0x00000006fb400000,0x00000006fc565180,0x00000006fd850000)
}
Event: 23.339 GC heap before
{Heap before GC invocations=13 (full 4):
 PSYoungGen      total 364928K, used 352857K [0x00000007aacb0000, 0x00000007c4560000, 0x0000000800000000)
  eden space 319296K, 99% used [0x00000007aacb0000,0x00000007be185bb8,0x00000007be480000)
  from space 45632K, 80% used [0x00000007c1440000,0x00000007c3800860,0x00000007c40d0000)
  to   space 48896K, 0% used [0x00000007be480000,0x00000007be480000,0x00000007c1440000)
 ParOldGen       total 228608K, used 23253K [0x0000000700600000, 0x000000070e540000, 0x00000007aacb0000)
  object space 228608K, 10% used [0x0000000700600000,0x0000000701cb5740,0x000000070e540000)
 PSPermGen       total 37184K, used 17817K [0x00000006fb400000, 0x00000006fd850000, 0x0000000700600000)
  object space 37184K, 47% used [0x00000006fb400000,0x00000006fc5667f0,0x00000006fd850000)
Event: 23.347 GC heap after
Heap after GC invocations=13 (full 4):
 PSYoungGen      total 368192K, used 36706K [0x00000007aacb0000, 0x00000007ca3d0000, 0x0000000800000000)
  eden space 319296K, 0% used [0x00000007aacb0000,0x00000007aacb0000,0x00000007be480000)
  from space 48896K, 75% used [0x00000007be480000,0x00000007c0858860,0x00000007c1440000)
  to   space 51136K, 0% used [0x00000007c71e0000,0x00000007c71e0000,0x00000007ca3d0000)
 ParOldGen       total 228608K, used 23253K [0x0000000700600000, 0x000000070e540000, 0x00000007aacb0000)
  object space 228608K, 10% used [0x0000000700600000,0x0000000701cb5740,0x000000070e540000)
 PSPermGen       total 37184K, used 17817K [0x00000006fb400000, 0x00000006fd850000, 0x0000000700600000)
  object space 37184K, 47% used [0x00000006fb400000,0x00000006fc5667f0,0x00000006fd850000)
}
Event: 25.074 GC heap before
{Heap before GC invocations=14 (full 4):
 PSYoungGen      total 368192K, used 352937K [0x00000007aacb0000, 0x00000007ca3d0000, 0x0000000800000000)
  eden space 319296K, 99% used [0x00000007aacb0000,0x00000007be181c18,0x00000007be480000)
  from space 48896K, 75% used [0x00000007be480000,0x00000007c0858860,0x00000007c1440000)
  to   space 51136K, 0% used [0x00000007c71e0000,0x00000007c71e0000,0x00000007ca3d0000)
 ParOldGen       total 228608K, used 23253K [0x0000000700600000, 0x000000070e540000, 0x00000007aacb0000)
  object space 228608K, 10% used [0x0000000700600000,0x0000000701cb5740,0x000000070e540000)
 PSPermGen       total 37184K, used 17829K [0x00000006fb400000, 0x00000006fd850000, 0x0000000700600000)
  object space 37184K, 47% used [0x00000006fb400000,0x00000006fc569550,0x00000006fd850000)
Event: 25.082 GC heap after
Heap after GC invocations=14 (full 4):
 PSYoungGen      total 458048K, used 36674K [0x00000007aacb0000, 0x00000007ca250000, 0x0000000800000000)
  eden space 408448K, 0% used [0x00000007aacb0000,0x00000007aacb0000,0x00000007c3b90000)
  from space 49600K, 73% used [0x00000007c71e0000,0x00000007c95b0860,0x00000007ca250000)
  to   space 52608K, 0% used [0x00000007c3b90000,0x00000007c3b90000,0x00000007c6ef0000)
 ParOldGen       total 228608K, used 23253K [0x0000000700600000, 0x000000070e540000, 0x00000007aacb0000)
  object space 228608K, 10% used [0x0000000700600000,0x0000000701cb5740,0x000000070e540000)
 PSPermGen       total 37184K, used 17829K [0x00000006fb400000, 0x00000006fd850000, 0x0000000700600000)
  object space 37184K, 47% used [0x00000006fb400000,0x00000006fc569550,0x00000006fd850000)
}

