# JRE version: 7.0_07-b11
# Java VM: Java HotSpot(TM) 64-Bit Server VM (23.3-b01 mixed mode windows-amd64 compressed oops)
Heap
 PSYoungGen      total 478720K, used 304263K [0x00000007aacb0000, 0x00000007ce7a0000, 0x0000000800000000)
  eden space 416128K, 73% used [0x00000007aacb0000,0x00000007bd599ff0,0x00000007c4310000)
  from space 62592K, 0% used [0x00000007c4310000,0x00000007c4348000,0x00000007c8030000)
  to   space 61568K, 0% used [0x00000007cab80000,0x00000007cab80000,0x00000007ce7a0000)
 ParOldGen       total 675136K, used 636314K [0x0000000700600000, 0x0000000729950000, 0x00000007aacb0000)
  object space 675136K, 94% used [0x0000000700600000,0x00000007273669a0,0x0000000729950000)
 PSPermGen       total 29440K, used 18154K [0x00000006fb400000, 0x00000006fd0c0000, 0x0000000700600000)
  object space 29440K, 61% used [0x00000006fb400000,0x00000006fc5baa80,0x00000006fd0c0000)
GC Heap History (10 events):
Event: 27.046 GC heap before
{Heap before GC invocations=24 (full 8):
 PSYoungGen      total 364416K, used 308733K [0x00000007aacb0000, 0x00000007c9e80000, 0x0000000800000000)
  eden space 298496K, 99% used [0x00000007aacb0000,0x00000007bcff4630,0x00000007bd030000)
  from space 65920K, 15% used [0x00000007bd030000,0x00000007bda6ae70,0x00000007c1090000)
  to   space 64832K, 0% used [0x00000007c5f30000,0x00000007c5f30000,0x00000007c9e80000)
 ParOldGen       total 607808K, used 336719K [0x0000000700600000, 0x0000000725790000, 0x00000007aacb0000)
  object space 607808K, 55% used [0x0000000700600000,0x0000000714ed3df8,0x0000000725790000)
 PSPermGen       total 30976K, used 18113K [0x00000006fb400000, 0x00000006fd240000, 0x0000000700600000)
  object space 30976K, 58% used [0x00000006fb400000,0x00000006fc5b0520,0x00000006fd240000)
Event: 27.047 GC heap after
Heap after GC invocations=24 (full 8):
 PSYoungGen      total 422272K, used 256K [0x00000007aacb0000, 0x00000007c93d0000, 0x0000000800000000)
  eden space 368384K, 0% used [0x00000007aacb0000,0x00000007aacb0000,0x00000007c1470000)
  from space 53888K, 0% used [0x00000007c5f30000,0x00000007c5f70000,0x00000007c93d0000)
  to   space 65216K, 0% used [0x00000007c1470000,0x00000007c1470000,0x00000007c5420000)
 ParOldGen       total 607808K, used 336719K [0x0000000700600000, 0x0000000725790000, 0x00000007aacb0000)
  object space 607808K, 55% used [0x0000000700600000,0x0000000714ed3df8,0x0000000725790000)
 PSPermGen       total 30976K, used 18113K [0x00000006fb400000, 0x00000006fd240000, 0x0000000700600000)
  object space 30976K, 58% used [0x00000006fb400000,0x00000006fc5b0520,0x00000006fd240000)
}
Event: 28.435 GC heap before
{Heap before GC invocations=25 (full 8):
 PSYoungGen      total 422272K, used 364758K [0x00000007aacb0000, 0x00000007c93d0000, 0x0000000800000000)
  eden space 368384K, 98% used [0x00000007aacb0000,0x00000007c10a5968,0x00000007c1470000)
  from space 53888K, 0% used [0x00000007c5f30000,0x00000007c5f70000,0x00000007c93d0000)
  to   space 65216K, 0% used [0x00000007c1470000,0x00000007c1470000,0x00000007c5420000)
 ParOldGen       total 607808K, used 342794K [0x0000000700600000, 0x0000000725790000, 0x00000007aacb0000)
  object space 607808K, 56% used [0x0000000700600000,0x00000007154c2a08,0x0000000725790000)
 PSPermGen       total 30976K, used 18115K [0x00000006fb400000, 0x00000006fd240000, 0x0000000700600000)
  object space 30976K, 58% used [0x00000006fb400000,0x00000006fc5b0f38,0x00000006fd240000)
Event: 28.437 GC heap after
Heap after GC invocations=25 (full 8):
 PSYoungGen      total 433600K, used 10475K [0x00000007aacb0000, 0x00000007cbff0000, 0x0000000800000000)
  eden space 368384K, 0% used [0x00000007aacb0000,0x00000007aacb0000,0x00000007c1470000)
  from space 65216K, 16% used [0x00000007c1470000,0x00000007c1eaae70,0x00000007c5420000)
  to   space 63040K, 0% used [0x00000007c8260000,0x00000007c8260000,0x00000007cbff0000)
 ParOldGen       total 607808K, used 342794K [0x0000000700600000, 0x0000000725790000, 0x00000007aacb0000)
  object space 607808K, 56% used [0x0000000700600000,0x00000007154c2a08,0x0000000725790000)
 PSPermGen       total 30976K, used 18115K [0x00000006fb400000, 0x00000006fd240000, 0x0000000700600000)
  object space 30976K, 58% used [0x00000006fb400000,0x00000006fc5b0f38,0x00000006fd240000)
}
Event: 30.835 GC heap before
{Heap before GC invocations=26 (full 9):
 PSYoungGen      total 433600K, used 378439K [0x00000007aacb0000, 0x00000007cbff0000, 0x0000000800000000)
  eden space 368384K, 99% used [0x00000007aacb0000,0x00000007c1406ff0,0x00000007c1470000)
  from space 65216K, 16% used [0x00000007c1470000,0x00000007c1eaae70,0x00000007c5420000)
  to   space 63040K, 0% used [0x00000007c8260000,0x00000007c8260000,0x00000007cbff0000)
 ParOldGen       total 652032K, used 649203K [0x0000000700600000, 0x00000007282c0000, 0x00000007aacb0000)
  object space 652032K, 99% used [0x0000000700600000,0x0000000727ffcd48,0x00000007282c0000)
 PSPermGen       total 30976K, used 18118K [0x00000006fb400000, 0x00000006fd240000, 0x0000000700600000)
  object space 30976K, 58% used [0x00000006fb400000,0x00000006fc5b1898,0x00000006fd240000)
Event: 30.865 GC heap after
Heap after GC invocations=26 (full 9):
 PSYoungGen      total 433600K, used 0K [0x00000007aacb0000, 0x00000007cbff0000, 0x0000000800000000)
  eden space 368384K, 0% used [0x00000007aacb0000,0x00000007aacb0000,0x00000007c1470000)
  from space 65216K, 0% used [0x00000007c1470000,0x00000007c1470000,0x00000007c5420000)
  to   space 63040K, 0% used [0x00000007c8260000,0x00000007c8260000,0x00000007cbff0000)
 ParOldGen       total 675136K, used 23496K [0x0000000700600000, 0x0000000729950000, 0x00000007aacb0000)
  object space 675136K, 3% used [0x0000000700600000,0x0000000701cf2320,0x0000000729950000)
 PSPermGen       total 29440K, used 18117K [0x00000006fb400000, 0x00000006fd0c0000, 0x0000000700600000)
  object space 29440K, 61% used [0x00000006fb400000,0x00000006fc5b17b8,0x00000006fd0c0000)
}
Event: 33.235 GC heap before
{Heap before GC invocations=27 (full 9):
 PSYoungGen      total 433600K, used 367950K [0x00000007aacb0000, 0x00000007cbff0000, 0x0000000800000000)
  eden space 368384K, 99% used [0x00000007aacb0000,0x00000007c1403a60,0x00000007c1470000)
  from space 65216K, 0% used [0x00000007c1470000,0x00000007c1470000,0x00000007c5420000)
  to   space 63040K, 0% used [0x00000007c8260000,0x00000007c8260000,0x00000007cbff0000)
 ParOldGen       total 675136K, used 329905K [0x0000000700600000, 0x0000000729950000, 0x00000007aacb0000)
  object space 675136K, 48% used [0x0000000700600000,0x000000071482c660,0x0000000729950000)
 PSPermGen       total 29440K, used 18122K [0x00000006fb400000, 0x00000006fd0c0000, 0x0000000700600000)
  object space 29440K, 61% used [0x00000006fb400000,0x00000006fc5b2bb8,0x00000006fd0c0000)
Event: 33.236 GC heap after
Heap after GC invocations=27 (full 9):
 PSYoungGen      total 476480K, used 128K [0x00000007aacb0000, 0x00000007cbd50000, 0x0000000800000000)
  eden space 416128K, 0% used [0x00000007aacb0000,0x00000007aacb0000,0x00000007c4310000)
  from space 60352K, 0% used [0x00000007c8260000,0x00000007c8280000,0x00000007cbd50000)
  to   space 62592K, 0% used [0x00000007c4310000,0x00000007c4310000,0x00000007c8030000)
 ParOldGen       total 675136K, used 329905K [0x0000000700600000, 0x0000000729950000, 0x00000007aacb0000)
  object space 675136K, 48% used [0x0000000700600000,0x000000071482c660,0x0000000729950000)
 PSPermGen       total 29440K, used 18122K [0x00000006fb400000, 0x00000006fd0c0000, 0x0000000700600000)
  object space 29440K, 61% used [0x00000006fb400000,0x00000006fc5b2bb8,0x00000006fd0c0000)
}
Event: 35.868 GC heap before
{Heap before GC invocations=28 (full 9):
 PSYoungGen      total 476480K, used 415575K [0x00000007aacb0000, 0x00000007cbd50000, 0x0000000800000000)
  eden space 416128K, 99% used [0x00000007aacb0000,0x00000007c4265cf0,0x00000007c4310000)
  from space 60352K, 0% used [0x00000007c8260000,0x00000007c8280000,0x00000007cbd50000)
  to   space 62592K, 0% used [0x00000007c4310000,0x00000007c4310000,0x00000007c8030000)
 ParOldGen       total 675136K, used 636314K [0x0000000700600000, 0x0000000729950000, 0x00000007aacb0000)
  object space 675136K, 94% used [0x0000000700600000,0x00000007273669a0,0x0000000729950000)
 PSPermGen       total 29440K, used 18123K [0x00000006fb400000, 0x00000006fd0c0000, 0x0000000700600000)
  object space 29440K, 61% used [0x00000006fb400000,0x00000006fc5b2ea0,0x00000006fd0c0000)
Event: 35.870 GC heap after
Heap after GC invocations=28 (full 9):
 PSYoungGen      total 478720K, used 224K [0x00000007aacb0000, 0x00000007ce7a0000, 0x0000000800000000)
  eden space 416128K, 0% used [0x00000007aacb0000,0x00000007aacb0000,0x00000007c4310000)
  from space 62592K, 0% used [0x00000007c4310000,0x00000007c4348000,0x00000007c8030000)
  to   space 61568K, 0% used [0x00000007cab80000,0x00000007cab80000,0x00000007ce7a0000)
 ParOldGen       total 675136K, used 636314K [0x0000000700600000, 0x0000000729950000, 0x00000007aacb0000)
  object space 675136K, 94% used [0x0000000700600000,0x00000007273669a0,0x0000000729950000)
 PSPermGen       total 29440K, used 18123K [0x00000006fb400000, 0x00000006fd0c0000, 0x0000000700600000)
  object space 29440K, 61% used [0x00000006fb400000,0x00000006fc5b2ea0,0x00000006fd0c0000)
}

