# JRE version: 7.0_07-b11
# Java VM: Java HotSpot(TM) 64-Bit Server VM (23.3-b01 mixed mode windows-amd64 compressed oops)
Heap
 PSYoungGen      total 1325888K, used 1279132K [0x00000007aacb0000, 0x0000000800000000, 0x0000000800000000)
  eden space 1253504K, 99% used [0x00000007aacb0000,0x00000007f733db88,0x00000007f74d0000)
  from space 72384K, 37% used [0x00000007fb950000,0x00000007fd3e94e0,0x0000000800000000)
  to   space 70144K, 0% used [0x00000007f74d0000,0x00000007f74d0000,0x00000007fb950000)
 ParOldGen       total 278656K, used 125286K [0x0000000700600000, 0x0000000711620000, 0x00000007aacb0000)
  object space 278656K, 44% used [0x0000000700600000,0x0000000708059930,0x0000000711620000)
 PSPermGen       total 36032K, used 18349K [0x00000006fb400000, 0x00000006fd730000, 0x0000000700600000)
  object space 36032K, 50% used [0x00000006fb400000,0x00000006fc5eb480,0x00000006fd730000)
GC Heap History (10 events):
Event: 26.962 GC heap before
{Heap before GC invocations=21 (full 5):
 PSYoungGen      total 1280704K, used 1213746K [0x00000007aacb0000, 0x0000000800000000, 0x0000000800000000)
  eden space 1215296K, 99% used [0x00000007aacb0000,0x00000007f4dfca20,0x00000007f4f80000)
  from space 65408K, 0% used [0x00000007f4f80000,0x00000007f4f80000,0x00000007f8f60000)
  to   space 74880K, 0% used [0x00000007fb6e0000,0x00000007fb6e0000,0x0000000800000000)
 ParOldGen       total 278656K, used 42829K [0x0000000700600000, 0x0000000711620000, 0x00000007aacb0000)
  object space 278656K, 15% used [0x0000000700600000,0x0000000702fd3768,0x0000000711620000)
 PSPermGen       total 36032K, used 18275K [0x00000006fb400000, 0x00000006fd730000, 0x0000000700600000)
  object space 36032K, 50% used [0x00000006fb400000,0x00000006fc5d8e38,0x00000006fd730000)
Event: 26.982 GC heap after
Heap after GC invocations=21 (full 5):
 PSYoungGen      total 1323648K, used 37583K [0x00000007aacb0000, 0x0000000800000000, 0x0000000800000000)
  eden space 1248768K, 0% used [0x00000007aacb0000,0x00000007aacb0000,0x00000007f7030000)
  from space 74880K, 50% used [0x00000007fb6e0000,0x00000007fdb93f80,0x0000000800000000)
  to   space 72384K, 0% used [0x00000007f7030000,0x00000007f7030000,0x00000007fb6e0000)
 ParOldGen       total 278656K, used 42829K [0x0000000700600000, 0x0000000711620000, 0x00000007aacb0000)
  object space 278656K, 15% used [0x0000000700600000,0x0000000702fd3768,0x0000000711620000)
 PSPermGen       total 36032K, used 18275K [0x00000006fb400000, 0x00000006fd730000, 0x0000000700600000)
  object space 36032K, 50% used [0x00000006fb400000,0x00000006fc5d8e38,0x00000006fd730000)
}
Event: 28.728 GC heap before
{Heap before GC invocations=22 (full 5):
 PSYoungGen      total 1323648K, used 1286351K [0x00000007aacb0000, 0x0000000800000000, 0x0000000800000000)
  eden space 1248768K, 100% used [0x00000007aacb0000,0x00000007f7030000,0x00000007f7030000)
  from space 74880K, 50% used [0x00000007fb6e0000,0x00000007fdb93f80,0x0000000800000000)
  to   space 72384K, 0% used [0x00000007f7030000,0x00000007f7030000,0x00000007fb6e0000)
 ParOldGen       total 278656K, used 68916K [0x0000000700600000, 0x0000000711620000, 0x00000007aacb0000)
  object space 278656K, 24% used [0x0000000700600000,0x000000070494d2a8,0x0000000711620000)
 PSPermGen       total 36032K, used 18282K [0x00000006fb400000, 0x00000006fd730000, 0x0000000700600000)
  object space 36032K, 50% used [0x00000006fb400000,0x00000006fc5da8d0,0x00000006fd730000)
Event: 28.732 GC heap after
Heap after GC invocations=22 (full 5):
 PSYoungGen      total 1279872K, used 31065K [0x00000007aacb0000, 0x00000007ff6d0000, 0x0000000800000000)
  eden space 1248768K, 0% used [0x00000007aacb0000,0x00000007aacb0000,0x00000007f7030000)
  from space 31104K, 99% used [0x00000007f7030000,0x00000007f8e86460,0x00000007f8e90000)
  to   space 68928K, 0% used [0x00000007fb380000,0x00000007fb380000,0x00000007ff6d0000)
 ParOldGen       total 278656K, used 68916K [0x0000000700600000, 0x0000000711620000, 0x00000007aacb0000)
  object space 278656K, 24% used [0x0000000700600000,0x000000070494d2a8,0x0000000711620000)
 PSPermGen       total 36032K, used 18282K [0x00000006fb400000, 0x00000006fd730000, 0x0000000700600000)
  object space 36032K, 50% used [0x00000006fb400000,0x00000006fc5da8d0,0x00000006fd730000)
}
Event: 30.559 GC heap before
{Heap before GC invocations=23 (full 5):
 PSYoungGen      total 1279872K, used 1279833K [0x00000007aacb0000, 0x00000007ff6d0000, 0x0000000800000000)
  eden space 1248768K, 100% used [0x00000007aacb0000,0x00000007f7030000,0x00000007f7030000)
  from space 31104K, 99% used [0x00000007f7030000,0x00000007f8e86460,0x00000007f8e90000)
  to   space 68928K, 0% used [0x00000007fb380000,0x00000007fb380000,0x00000007ff6d0000)
 ParOldGen       total 278656K, used 85794K [0x0000000700600000, 0x0000000711620000, 0x00000007aacb0000)
  object space 278656K, 30% used [0x0000000700600000,0x00000007059c8be8,0x0000000711620000)
 PSPermGen       total 36032K, used 18322K [0x00000006fb400000, 0x00000006fd730000, 0x0000000700600000)
  object space 36032K, 50% used [0x00000006fb400000,0x00000006fc5e4880,0x00000006fd730000)
Event: 30.564 GC heap after
Heap after GC invocations=23 (full 5):
 PSYoungGen      total 1320960K, used 31488K [0x00000007aacb0000, 0x0000000800000000, 0x0000000800000000)
  eden space 1252032K, 0% used [0x00000007aacb0000,0x00000007aacb0000,0x00000007f7360000)
  from space 68928K, 45% used [0x00000007fb380000,0x00000007fd240020,0x00000007ff6d0000)
  to   space 65664K, 0% used [0x00000007f7360000,0x00000007f7360000,0x00000007fb380000)
 ParOldGen       total 278656K, used 85794K [0x0000000700600000, 0x0000000711620000, 0x00000007aacb0000)
  object space 278656K, 30% used [0x0000000700600000,0x00000007059c8be8,0x0000000711620000)
 PSPermGen       total 36032K, used 18322K [0x00000006fb400000, 0x00000006fd730000, 0x0000000700600000)
  object space 36032K, 50% used [0x00000006fb400000,0x00000006fc5e4880,0x00000006fd730000)
}
Event: 32.328 GC heap before
{Heap before GC invocations=24 (full 5):
 PSYoungGen      total 1320960K, used 1281979K [0x00000007aacb0000, 0x0000000800000000, 0x0000000800000000)
  eden space 1252032K, 99% used [0x00000007aacb0000,0x00000007f71def98,0x00000007f7360000)
  from space 68928K, 45% used [0x00000007fb380000,0x00000007fd240020,0x00000007ff6d0000)
  to   space 65664K, 0% used [0x00000007f7360000,0x00000007f7360000,0x00000007fb380000)
 ParOldGen       total 278656K, used 91237K [0x0000000700600000, 0x0000000711620000, 0x00000007aacb0000)
  object space 278656K, 32% used [0x0000000700600000,0x0000000705f194c8,0x0000000711620000)
 PSPermGen       total 36032K, used 18329K [0x00000006fb400000, 0x00000006fd730000, 0x0000000700600000)
  object space 36032K, 50% used [0x00000006fb400000,0x00000006fc5e6448,0x00000006fd730000)
Event: 32.338 GC heap after
Heap after GC invocations=24 (full 5):
 PSYoungGen      total 1317696K, used 60017K [0x00000007aacb0000, 0x0000000800000000, 0x0000000800000000)
  eden space 1252032K, 0% used [0x00000007aacb0000,0x00000007aacb0000,0x00000007f7360000)
  from space 65664K, 91% used [0x00000007f7360000,0x00000007fadfc420,0x00000007fb380000)
  to   space 72384K, 0% used [0x00000007fb950000,0x00000007fb950000,0x0000000800000000)
 ParOldGen       total 278656K, used 91237K [0x0000000700600000, 0x0000000711620000, 0x00000007aacb0000)
  object space 278656K, 32% used [0x0000000700600000,0x0000000705f194c8,0x0000000711620000)
 PSPermGen       total 36032K, used 18329K [0x00000006fb400000, 0x00000006fd730000, 0x0000000700600000)
  object space 36032K, 50% used [0x00000006fb400000,0x00000006fc5e6448,0x00000006fd730000)
}
Event: 34.061 GC heap before
{Heap before GC invocations=25 (full 5):
 PSYoungGen      total 1317696K, used 1312049K [0x00000007aacb0000, 0x0000000800000000, 0x0000000800000000)
  eden space 1252032K, 100% used [0x00000007aacb0000,0x00000007f7360000,0x00000007f7360000)
  from space 65664K, 91% used [0x00000007f7360000,0x00000007fadfc420,0x00000007fb380000)
  to   space 72384K, 0% used [0x00000007fb950000,0x00000007fb950000,0x0000000800000000)
 ParOldGen       total 278656K, used 119211K [0x0000000700600000, 0x0000000711620000, 0x00000007aacb0000)
  object space 278656K, 42% used [0x0000000700600000,0x0000000707a6ad00,0x0000000711620000)
 PSPermGen       total 36032K, used 18340K [0x00000006fb400000, 0x00000006fd730000, 0x0000000700600000)
  object space 36032K, 50% used [0x00000006fb400000,0x00000006fc5e90d0,0x00000006fd730000)
Event: 34.064 GC heap after
Heap after GC invocations=25 (full 5):
 PSYoungGen      total 1325888K, used 27237K [0x00000007aacb0000, 0x0000000800000000, 0x0000000800000000)
  eden space 1253504K, 0% used [0x00000007aacb0000,0x00000007aacb0000,0x00000007f74d0000)
  from space 72384K, 37% used [0x00000007fb950000,0x00000007fd3e94e0,0x0000000800000000)
  to   space 70144K, 0% used [0x00000007f74d0000,0x00000007f74d0000,0x00000007fb950000)
 ParOldGen       total 278656K, used 119211K [0x0000000700600000, 0x0000000711620000, 0x00000007aacb0000)
  object space 278656K, 42% used [0x0000000700600000,0x0000000707a6ad00,0x0000000711620000)
 PSPermGen       total 36032K, used 18340K [0x00000006fb400000, 0x00000006fd730000, 0x0000000700600000)
  object space 36032K, 50% used [0x00000006fb400000,0x00000006fc5e90d0,0x00000006fd730000)
}

