# JRE version: 7.0_07-b11
# Java VM: Java HotSpot(TM) 64-Bit Server VM (23.3-b01 mixed mode windows-amd64 compressed oops)
Heap
 PSYoungGen      total 717504K, used 374407K [0x00000007aacb0000, 0x00000007dd5f0000, 0x0000000800000000)
  eden space 636288K, 47% used [0x00000007aacb0000,0x00000007bd466920,0x00000007d1a10000)
  from space 81216K, 88% used [0x00000007d7140000,0x00000007db72b4e0,0x00000007dc090000)
  to   space 89280K, 0% used [0x00000007d1a10000,0x00000007d1a10000,0x00000007d7140000)
 ParOldGen       total 327424K, used 226569K [0x0000000700600000, 0x00000007145c0000, 0x00000007aacb0000)
  object space 327424K, 69% used [0x0000000700600000,0x000000070e3426d8,0x00000007145c0000)
 PSPermGen       total 36160K, used 18142K [0x00000006fb400000, 0x00000006fd750000, 0x0000000700600000)
  object space 36160K, 50% used [0x00000006fb400000,0x00000006fc5b7840,0x00000006fd750000)
GC Heap History (10 events):
Event: 20.800 GC heap before
{Heap before GC invocations=27 (full 5):
 PSYoungGen      total 519424K, used 485401K [0x00000007aacb0000, 0x00000007d29a0000, 0x0000000800000000)
  eden space 450624K, 99% used [0x00000007aacb0000,0x00000007c62ddce0,0x00000007c64c0000)
  from space 68800K, 53% used [0x00000007c64c0000,0x00000007c8898860,0x00000007ca7f0000)
  to   space 67392K, 0% used [0x00000007ce7d0000,0x00000007ce7d0000,0x00000007d29a0000)
 ParOldGen       total 327424K, used 210586K [0x0000000700600000, 0x00000007145c0000, 0x00000007aacb0000)
  object space 327424K, 64% used [0x0000000700600000,0x000000070d3a6940,0x00000007145c0000)
 PSPermGen       total 36160K, used 18086K [0x00000006fb400000, 0x00000006fd750000, 0x0000000700600000)
  object space 36160K, 50% used [0x00000006fb400000,0x00000006fc5a9820,0x00000006fd750000)
Event: 20.812 GC heap after
Heap after GC invocations=27 (full 5):
 PSYoungGen      total 581440K, used 49565K [0x00000007aacb0000, 0x00000007d3350000, 0x0000000800000000)
  eden space 514048K, 0% used [0x00000007aacb0000,0x00000007aacb0000,0x00000007ca2b0000)
  from space 67392K, 73% used [0x00000007ce7d0000,0x00000007d1837640,0x00000007d29a0000)
  to   space 70784K, 0% used [0x00000007ca2b0000,0x00000007ca2b0000,0x00000007ce7d0000)
 ParOldGen       total 327424K, used 210586K [0x0000000700600000, 0x00000007145c0000, 0x00000007aacb0000)
  object space 327424K, 64% used [0x0000000700600000,0x000000070d3a6940,0x00000007145c0000)
 PSPermGen       total 36160K, used 18086K [0x00000006fb400000, 0x00000006fd750000, 0x0000000700600000)
  object space 36160K, 50% used [0x00000006fb400000,0x00000006fc5a9820,0x00000006fd750000)
}
Event: 21.840 GC heap before
{Heap before GC invocations=28 (full 5):
 PSYoungGen      total 581440K, used 563613K [0x00000007aacb0000, 0x00000007d3350000, 0x0000000800000000)
  eden space 514048K, 100% used [0x00000007aacb0000,0x00000007ca2b0000,0x00000007ca2b0000)
  from space 67392K, 73% used [0x00000007ce7d0000,0x00000007d1837640,0x00000007d29a0000)
  to   space 70784K, 0% used [0x00000007ca2b0000,0x00000007ca2b0000,0x00000007ce7d0000)
 ParOldGen       total 327424K, used 226569K [0x0000000700600000, 0x00000007145c0000, 0x00000007aacb0000)
  object space 327424K, 69% used [0x0000000700600000,0x000000070e3426d8,0x00000007145c0000)
 PSPermGen       total 36160K, used 18100K [0x00000006fb400000, 0x00000006fd750000, 0x0000000700600000)
  object space 36160K, 50% used [0x00000006fb400000,0x00000006fc5ad300,0x00000006fd750000)
Event: 21.846 GC heap after
Heap after GC invocations=28 (full 5):
 PSYoungGen      total 584832K, used 36674K [0x00000007aacb0000, 0x00000007d6fe0000, 0x0000000800000000)
  eden space 514048K, 0% used [0x00000007aacb0000,0x00000007aacb0000,0x00000007ca2b0000)
  from space 70784K, 51% used [0x00000007ca2b0000,0x00000007cc680860,0x00000007ce7d0000)
  to   space 68480K, 0% used [0x00000007d2d00000,0x00000007d2d00000,0x00000007d6fe0000)
 ParOldGen       total 327424K, used 226569K [0x0000000700600000, 0x00000007145c0000, 0x00000007aacb0000)
  object space 327424K, 69% used [0x0000000700600000,0x000000070e3426d8,0x00000007145c0000)
 PSPermGen       total 36160K, used 18100K [0x00000006fb400000, 0x00000006fd750000, 0x0000000700600000)
  object space 36160K, 50% used [0x00000006fb400000,0x00000006fc5ad300,0x00000006fd750000)
}
Event: 22.811 GC heap before
{Heap before GC invocations=29 (full 5):
 PSYoungGen      total 584832K, used 550696K [0x00000007aacb0000, 0x00000007d6fe0000, 0x0000000800000000)
  eden space 514048K, 99% used [0x00000007aacb0000,0x00000007ca2a9b60,0x00000007ca2b0000)
  from space 70784K, 51% used [0x00000007ca2b0000,0x00000007cc680860,0x00000007ce7d0000)
  to   space 68480K, 0% used [0x00000007d2d00000,0x00000007d2d00000,0x00000007d6fe0000)
 ParOldGen       total 327424K, used 226569K [0x0000000700600000, 0x00000007145c0000, 0x00000007aacb0000)
  object space 327424K, 69% used [0x0000000700600000,0x000000070e3426d8,0x00000007145c0000)
 PSPermGen       total 36160K, used 18102K [0x00000006fb400000, 0x00000006fd750000, 0x0000000700600000)
  object space 36160K, 50% used [0x00000006fb400000,0x00000006fc5ad980,0x00000006fd750000)
Event: 22.827 GC heap after
Heap after GC invocations=29 (full 5):
 PSYoungGen      total 648640K, used 61440K [0x00000007aacb0000, 0x00000007d8370000, 0x0000000800000000)
  eden space 580160K, 0% used [0x00000007aacb0000,0x00000007aacb0000,0x00000007ce340000)
  from space 68480K, 89% used [0x00000007d2d00000,0x00000007d69000b0,0x00000007d6fe0000)
  to   space 75520K, 0% used [0x00000007ce340000,0x00000007ce340000,0x00000007d2d00000)
 ParOldGen       total 327424K, used 226569K [0x0000000700600000, 0x00000007145c0000, 0x00000007aacb0000)
  object space 327424K, 69% used [0x0000000700600000,0x000000070e3426d8,0x00000007145c0000)
 PSPermGen       total 36160K, used 18102K [0x00000006fb400000, 0x00000006fd750000, 0x0000000700600000)
  object space 36160K, 50% used [0x00000006fb400000,0x00000006fc5ad980,0x00000006fd750000)
}
Event: 23.904 GC heap before
{Heap before GC invocations=30 (full 5):
 PSYoungGen      total 648640K, used 639601K [0x00000007aacb0000, 0x00000007d8370000, 0x0000000800000000)
  eden space 580160K, 99% used [0x00000007aacb0000,0x00000007ce14c3a8,0x00000007ce340000)
  from space 68480K, 89% used [0x00000007d2d00000,0x00000007d69000b0,0x00000007d6fe0000)
  to   space 75520K, 0% used [0x00000007ce340000,0x00000007ce340000,0x00000007d2d00000)
 ParOldGen       total 327424K, used 226569K [0x0000000700600000, 0x00000007145c0000, 0x00000007aacb0000)
  object space 327424K, 69% used [0x0000000700600000,0x000000070e3426d8,0x00000007145c0000)
 PSPermGen       total 36160K, used 18102K [0x00000006fb400000, 0x00000006fd750000, 0x0000000700600000)
  object space 36160K, 50% used [0x00000006fb400000,0x00000006fc5ada48,0x00000006fd750000)
Event: 23.913 GC heap after
Heap after GC invocations=30 (full 5):
 PSYoungGen      total 655680K, used 61935K [0x00000007aacb0000, 0x00000007dc090000, 0x0000000800000000)
  eden space 580160K, 0% used [0x00000007aacb0000,0x00000007aacb0000,0x00000007ce340000)
  from space 75520K, 82% used [0x00000007ce340000,0x00000007d1fbbd08,0x00000007d2d00000)
  to   space 81216K, 0% used [0x00000007d7140000,0x00000007d7140000,0x00000007dc090000)
 ParOldGen       total 327424K, used 226569K [0x0000000700600000, 0x00000007145c0000, 0x00000007aacb0000)
  object space 327424K, 69% used [0x0000000700600000,0x000000070e3426d8,0x00000007145c0000)
 PSPermGen       total 36160K, used 18102K [0x00000006fb400000, 0x00000006fd750000, 0x0000000700600000)
  object space 36160K, 50% used [0x00000006fb400000,0x00000006fc5ada48,0x00000006fd750000)
}
Event: 24.969 GC heap before
{Heap before GC invocations=31 (full 5):
 PSYoungGen      total 655680K, used 639809K [0x00000007aacb0000, 0x00000007dc090000, 0x0000000800000000)
  eden space 580160K, 99% used [0x00000007aacb0000,0x00000007ce104840,0x00000007ce340000)
  from space 75520K, 82% used [0x00000007ce340000,0x00000007d1fbbd08,0x00000007d2d00000)
  to   space 81216K, 0% used [0x00000007d7140000,0x00000007d7140000,0x00000007dc090000)
 ParOldGen       total 327424K, used 226569K [0x0000000700600000, 0x00000007145c0000, 0x00000007aacb0000)
  object space 327424K, 69% used [0x0000000700600000,0x000000070e3426d8,0x00000007145c0000)
 PSPermGen       total 36160K, used 18108K [0x00000006fb400000, 0x00000006fd750000, 0x0000000700600000)
  object space 36160K, 50% used [0x00000006fb400000,0x00000006fc5af030,0x00000006fd750000)
Event: 24.987 GC heap after
Heap after GC invocations=31 (full 5):
 PSYoungGen      total 717504K, used 71597K [0x00000007aacb0000, 0x00000007dd5f0000, 0x0000000800000000)
  eden space 636288K, 0% used [0x00000007aacb0000,0x00000007aacb0000,0x00000007d1a10000)
  from space 81216K, 88% used [0x00000007d7140000,0x00000007db72b4e0,0x00000007dc090000)
  to   space 89280K, 0% used [0x00000007d1a10000,0x00000007d1a10000,0x00000007d7140000)
 ParOldGen       total 327424K, used 226569K [0x0000000700600000, 0x00000007145c0000, 0x00000007aacb0000)
  object space 327424K, 69% used [0x0000000700600000,0x000000070e3426d8,0x00000007145c0000)
 PSPermGen       total 36160K, used 18108K [0x00000006fb400000, 0x00000006fd750000, 0x0000000700600000)
  object space 36160K, 50% used [0x00000006fb400000,0x00000006fc5af030,0x00000006fd750000)
}

