# JRE version: 7.0_07-b11
# Java VM: Java HotSpot(TM) 64-Bit Server VM (23.3-b01 mixed mode windows-amd64 compressed oops)
Heap
 PSYoungGen      total 260672K, used 255863K [0x00000007aacb0000, 0x00000007bd320000, 0x0000000800000000)
  eden space 235136K, 100% used [0x00000007aacb0000,0x00000007b9250000,0x00000007b9250000)
  from space 25536K, 81% used [0x00000007bac70000,0x00000007bc0adce0,0x00000007bc560000)
  to   space 26752K, 0% used [0x00000007b9250000,0x00000007b9250000,0x00000007bac70000)
 ParOldGen       total 268672K, used 241278K [0x0000000700600000, 0x0000000710c60000, 0x00000007aacb0000)
  object space 268672K, 89% used [0x0000000700600000,0x000000070f19f828,0x0000000710c60000)
 PSPermGen       total 39744K, used 18116K [0x00000006fb400000, 0x00000006fdad0000, 0x0000000700600000)
  object space 39744K, 45% used [0x00000006fb400000,0x00000006fc5b13a0,0x00000006fdad0000)
GC Heap History (10 events):
Event: 10.136 GC heap before
{Heap before GC invocations=9 (full 2):
 PSYoungGen      total 160448K, used 137030K [0x00000007aacb0000, 0x00000007b5d50000, 0x0000000800000000)
  eden space 139712K, 98% used [0x00000007aacb0000,0x00000007b3281958,0x00000007b3520000)
  from space 20736K, 0% used [0x00000007b4880000,0x00000007b4880000,0x00000007b5cc0000)
  to   space 19840K, 0% used [0x00000007b3520000,0x00000007b3520000,0x00000007b4880000)
 ParOldGen       total 218368K, used 29889K [0x0000000700600000, 0x000000070db40000, 0x00000007aacb0000)
  object space 218368K, 13% used [0x0000000700600000,0x0000000702330650,0x000000070db40000)
 PSPermGen       total 40960K, used 18077K [0x00000006fb400000, 0x00000006fdc00000, 0x0000000700600000)
  object space 40960K, 44% used [0x00000006fb400000,0x00000006fc5a7460,0x00000006fdc00000)
Event: 10.142 GC heap after
Heap after GC invocations=9 (full 2):
 PSYoungGen      total 159552K, used 17310K [0x00000007aacb0000, 0x00000007b9ef0000, 0x0000000800000000)
  eden space 139712K, 0% used [0x00000007aacb0000,0x00000007aacb0000,0x00000007b3520000)
  from space 19840K, 87% used [0x00000007b3520000,0x00000007b4607810,0x00000007b4880000)
  to   space 21440K, 0% used [0x00000007b8a00000,0x00000007b8a00000,0x00000007b9ef0000)
 ParOldGen       total 218368K, used 33306K [0x0000000700600000, 0x000000070db40000, 0x00000007aacb0000)
  object space 218368K, 15% used [0x0000000700600000,0x0000000702686b20,0x000000070db40000)
 PSPermGen       total 40960K, used 18077K [0x00000006fb400000, 0x00000006fdc00000, 0x0000000700600000)
  object space 40960K, 44% used [0x00000006fb400000,0x00000006fc5a7460,0x00000006fdc00000)
}
Event: 11.713 GC heap before
{Heap before GC invocations=10 (full 3):
 PSYoungGen      total 159552K, used 154097K [0x00000007aacb0000, 0x00000007b9ef0000, 0x0000000800000000)
  eden space 139712K, 97% used [0x00000007aacb0000,0x00000007b3244c90,0x00000007b3520000)
  from space 19840K, 87% used [0x00000007b3520000,0x00000007b4607810,0x00000007b4880000)
  to   space 21440K, 0% used [0x00000007b8a00000,0x00000007b8a00000,0x00000007b9ef0000)
 ParOldGen       total 335424K, used 333640K [0x0000000700600000, 0x0000000714d90000, 0x00000007aacb0000)
  object space 335424K, 99% used [0x0000000700600000,0x0000000714bd2250,0x0000000714d90000)
 PSPermGen       total 40960K, used 18077K [0x00000006fb400000, 0x00000006fdc00000, 0x0000000700600000)
  object space 40960K, 44% used [0x00000006fb400000,0x00000006fc5a76a0,0x00000006fdc00000)
Event: 11.748 GC heap after
Heap after GC invocations=10 (full 3):
 PSYoungGen      total 159552K, used 0K [0x00000007aacb0000, 0x00000007b9ef0000, 0x0000000800000000)
  eden space 139712K, 0% used [0x00000007aacb0000,0x00000007aacb0000,0x00000007b3520000)
  from space 19840K, 0% used [0x00000007b3520000,0x00000007b3520000,0x00000007b4880000)
  to   space 21440K, 0% used [0x00000007b8a00000,0x00000007b8a00000,0x00000007b9ef0000)
 ParOldGen       total 268672K, used 20298K [0x0000000700600000, 0x0000000710c60000, 0x00000007aacb0000)
  object space 268672K, 7% used [0x0000000700600000,0x00000007019d2b80,0x0000000710c60000)
 PSPermGen       total 39744K, used 18077K [0x00000006fb400000, 0x00000006fdad0000, 0x0000000700600000)
  object space 39744K, 45% used [0x00000006fb400000,0x00000006fc5a76a0,0x00000006fdad0000)
}
Event: 12.229 GC heap before
{Heap before GC invocations=11 (full 3):
 PSYoungGen      total 159552K, used 136557K [0x00000007aacb0000, 0x00000007b9ef0000, 0x0000000800000000)
  eden space 139712K, 97% used [0x00000007aacb0000,0x00000007b320b4e8,0x00000007b3520000)
  from space 19840K, 0% used [0x00000007b3520000,0x00000007b3520000,0x00000007b4880000)
  to   space 21440K, 0% used [0x00000007b8a00000,0x00000007b8a00000,0x00000007b9ef0000)
 ParOldGen       total 268672K, used 20298K [0x0000000700600000, 0x0000000710c60000, 0x00000007aacb0000)
  object space 268672K, 7% used [0x0000000700600000,0x00000007019d2b80,0x0000000710c60000)
 PSPermGen       total 39744K, used 18078K [0x00000006fb400000, 0x00000006fdad0000, 0x0000000700600000)
  object space 39744K, 45% used [0x00000006fb400000,0x00000006fc5a7970,0x00000006fdad0000)
Event: 12.235 GC heap after
Heap after GC invocations=11 (full 3):
 PSYoungGen      total 211648K, used 20695K [0x00000007aacb0000, 0x00000007b9e40000, 0x0000000800000000)
  eden space 190912K, 0% used [0x00000007aacb0000,0x00000007aacb0000,0x00000007b6720000)
  from space 20736K, 99% used [0x00000007b8a00000,0x00000007b9e35ce0,0x00000007b9e40000)
  to   space 23872K, 0% used [0x00000007b6fa0000,0x00000007b6fa0000,0x00000007b86f0000)
 ParOldGen       total 268672K, used 20298K [0x0000000700600000, 0x0000000710c60000, 0x00000007aacb0000)
  object space 268672K, 7% used [0x0000000700600000,0x00000007019d2b80,0x0000000710c60000)
 PSPermGen       total 39744K, used 18078K [0x00000006fb400000, 0x00000006fdad0000, 0x0000000700600000)
  object space 39744K, 45% used [0x00000006fb400000,0x00000006fc5a7970,0x00000006fdad0000)
}
Event: 12.893 GC heap before
{Heap before GC invocations=12 (full 3):
 PSYoungGen      total 211648K, used 210811K [0x00000007aacb0000, 0x00000007b9e40000, 0x0000000800000000)
  eden space 190912K, 99% used [0x00000007aacb0000,0x00000007b6658fd0,0x00000007b6720000)
  from space 20736K, 99% used [0x00000007b8a00000,0x00000007b9e35ce0,0x00000007b9e40000)
  to   space 23872K, 0% used [0x00000007b6fa0000,0x00000007b6fa0000,0x00000007b86f0000)
 ParOldGen       total 268672K, used 20298K [0x0000000700600000, 0x0000000710c60000, 0x00000007aacb0000)
  object space 268672K, 7% used [0x0000000700600000,0x00000007019d2b80,0x0000000710c60000)
 PSPermGen       total 39744K, used 18078K [0x00000006fb400000, 0x00000006fdad0000, 0x0000000700600000)
  object space 39744K, 45% used [0x00000006fb400000,0x00000006fc5a7a70,0x00000006fdad0000)
Event: 12.899 GC heap after
Heap after GC invocations=12 (full 3):
 PSYoungGen      total 223488K, used 20695K [0x00000007aacb0000, 0x00000007bc560000, 0x0000000800000000)
  eden space 199616K, 0% used [0x00000007aacb0000,0x00000007aacb0000,0x00000007b6fa0000)
  from space 23872K, 86% used [0x00000007b6fa0000,0x00000007b83d5ce0,0x00000007b86f0000)
  to   space 25536K, 0% used [0x00000007bac70000,0x00000007bac70000,0x00000007bc560000)
 ParOldGen       total 268672K, used 20298K [0x0000000700600000, 0x0000000710c60000, 0x00000007aacb0000)
  object space 268672K, 7% used [0x0000000700600000,0x00000007019d2b80,0x0000000710c60000)
 PSPermGen       total 39744K, used 18078K [0x00000006fb400000, 0x00000006fdad0000, 0x0000000700600000)
  object space 39744K, 45% used [0x00000006fb400000,0x00000006fc5a7a70,0x00000006fdad0000)
}
Event: 13.603 GC heap before
{Heap before GC invocations=13 (full 3):
 PSYoungGen      total 223488K, used 220232K [0x00000007aacb0000, 0x00000007bc560000, 0x0000000800000000)
  eden space 199616K, 99% used [0x00000007aacb0000,0x00000007b6f8c708,0x00000007b6fa0000)
  from space 23872K, 86% used [0x00000007b6fa0000,0x00000007b83d5ce0,0x00000007b86f0000)
  to   space 25536K, 0% used [0x00000007bac70000,0x00000007bac70000,0x00000007bc560000)
 ParOldGen       total 268672K, used 26373K [0x0000000700600000, 0x0000000710c60000, 0x00000007aacb0000)
  object space 268672K, 9% used [0x0000000700600000,0x0000000701fc1790,0x0000000710c60000)
 PSPermGen       total 39744K, used 18081K [0x00000006fb400000, 0x00000006fdad0000, 0x0000000700600000)
  object space 39744K, 45% used [0x00000006fb400000,0x00000006fc5a86a0,0x00000006fdad0000)
Event: 13.608 GC heap after
Heap after GC invocations=13 (full 3):
 PSYoungGen      total 260672K, used 20727K [0x00000007aacb0000, 0x00000007bd320000, 0x0000000800000000)
  eden space 235136K, 0% used [0x00000007aacb0000,0x00000007aacb0000,0x00000007b9250000)
  from space 25536K, 81% used [0x00000007bac70000,0x00000007bc0adce0,0x00000007bc560000)
  to   space 26752K, 0% used [0x00000007b9250000,0x00000007b9250000,0x00000007bac70000)
 ParOldGen       total 268672K, used 26373K [0x0000000700600000, 0x0000000710c60000, 0x00000007aacb0000)
  object space 268672K, 9% used [0x0000000700600000,0x0000000701fc1790,0x0000000710c60000)
 PSPermGen       total 39744K, used 18081K [0x00000006fb400000, 0x00000006fdad0000, 0x0000000700600000)
  object space 39744K, 45% used [0x00000006fb400000,0x00000006fc5a86a0,0x00000006fdad0000)
}

