# JRE version: 7.0_07-b11
# Java VM: Java HotSpot(TM) 64-Bit Server VM (23.3-b01 mixed mode windows-amd64 compressed oops)
Heap
 PSYoungGen      total 1316928K, used 86646K [0x00000007aacb0000, 0x00000007ffc60000, 0x0000000800000000)
  eden space 1241280K, 5% used [0x00000007aacb0000,0x00000007aef414a8,0x00000007f68e0000)
  from space 75648K, 24% used [0x00000007fb280000,0x00000007fc48c430,0x00000007ffc60000)
  to   space 75392K, 0% used [0x00000007f68e0000,0x00000007f68e0000,0x00000007fb280000)
 ParOldGen       total 359104K, used 133619K [0x0000000700600000, 0x00000007164b0000, 0x00000007aacb0000)
  object space 359104K, 37% used [0x0000000700600000,0x000000070887cc90,0x00000007164b0000)
 PSPermGen       total 36160K, used 18189K [0x00000006fb400000, 0x00000006fd750000, 0x0000000700600000)
  object space 36160K, 50% used [0x00000006fb400000,0x00000006fc5c36c8,0x00000006fd750000)
GC Heap History (10 events):
Event: 42.002 GC heap before
{Heap before GC invocations=29 (full 4):
 PSYoungGen      total 1291712K, used 1258660K [0x00000007aacb0000, 0x00000007fec80000, 0x0000000800000000)
  eden space 1210176K, 99% used [0x00000007aacb0000,0x00000007f49bb610,0x00000007f4a80000)
  from space 81536K, 60% used [0x00000007f9a80000,0x00000007fca9da08,0x00000007fea20000)
  to   space 81920K, 0% used [0x00000007f4a80000,0x00000007f4a80000,0x00000007f9a80000)
 ParOldGen       total 296000K, used 138077K [0x0000000700600000, 0x0000000712710000, 0x00000007aacb0000)
  object space 296000K, 46% used [0x0000000700600000,0x0000000708cd75b8,0x0000000712710000)
 PSPermGen       total 37824K, used 18145K [0x00000006fb400000, 0x00000006fd8f0000, 0x0000000700600000)
  object space 37824K, 47% used [0x00000006fb400000,0x00000006fc5b8708,0x00000006fd8f0000)
Event: 42.008 GC heap after
Heap after GC invocations=29 (full 4):
 PSYoungGen      total 1292096K, used 25094K [0x00000007aacb0000, 0x00000007ffba0000, 0x0000000800000000)
  eden space 1210176K, 0% used [0x00000007aacb0000,0x00000007aacb0000,0x00000007f4a80000)
  from space 81920K, 30% used [0x00000007f4a80000,0x00000007f6301818,0x00000007f9a80000)
  to   space 79488K, 0% used [0x00000007fae00000,0x00000007fae00000,0x00000007ffba0000)
 ParOldGen       total 296000K, used 138077K [0x0000000700600000, 0x0000000712710000, 0x00000007aacb0000)
  object space 296000K, 46% used [0x0000000700600000,0x0000000708cd75b8,0x0000000712710000)
 PSPermGen       total 37824K, used 18145K [0x00000006fb400000, 0x00000006fd8f0000, 0x0000000700600000)
  object space 37824K, 47% used [0x00000006fb400000,0x00000006fc5b8708,0x00000006fd8f0000)
}
Event: 44.847 GC heap before
{Heap before GC invocations=30 (full 4):
 PSYoungGen      total 1292096K, used 1235270K [0x00000007aacb0000, 0x00000007ffba0000, 0x0000000800000000)
  eden space 1210176K, 100% used [0x00000007aacb0000,0x00000007f4a80000,0x00000007f4a80000)
  from space 81920K, 30% used [0x00000007f4a80000,0x00000007f6301818,0x00000007f9a80000)
  to   space 79488K, 0% used [0x00000007fae00000,0x00000007fae00000,0x00000007ffba0000)
 ParOldGen       total 296000K, used 178606K [0x0000000700600000, 0x0000000712710000, 0x00000007aacb0000)
  object space 296000K, 60% used [0x0000000700600000,0x000000070b46bb48,0x0000000712710000)
 PSPermGen       total 37824K, used 18152K [0x00000006fb400000, 0x00000006fd8f0000, 0x0000000700600000)
  object space 37824K, 47% used [0x00000006fb400000,0x00000006fc5ba0f8,0x00000006fd8f0000)
Event: 44.850 GC heap after
Heap after GC invocations=30 (full 4):
 PSYoungGen      total 1312448K, used 20435K [0x00000007aacb0000, 0x00000007ffa60000, 0x0000000800000000)
  eden space 1234240K, 0% used [0x00000007aacb0000,0x00000007aacb0000,0x00000007f6200000)
  from space 78208K, 26% used [0x00000007fae00000,0x00000007fc1f4de0,0x00000007ffa60000)
  to   space 77824K, 0% used [0x00000007f6200000,0x00000007f6200000,0x00000007fae00000)
 ParOldGen       total 296000K, used 178606K [0x0000000700600000, 0x0000000712710000, 0x00000007aacb0000)
  object space 296000K, 60% used [0x0000000700600000,0x000000070b46bb48,0x0000000712710000)
 PSPermGen       total 37824K, used 18152K [0x00000006fb400000, 0x00000006fd8f0000, 0x0000000700600000)
  object space 37824K, 47% used [0x00000006fb400000,0x00000006fc5ba0f8,0x00000006fd8f0000)
}
Event: 47.635 GC heap before
{Heap before GC invocations=31 (full 4):
 PSYoungGen      total 1312448K, used 1252792K [0x00000007aacb0000, 0x00000007ffa60000, 0x0000000800000000)
  eden space 1234240K, 99% used [0x00000007aacb0000,0x00000007f60294c0,0x00000007f6200000)
  from space 78208K, 26% used [0x00000007fae00000,0x00000007fc1f4de0,0x00000007ffa60000)
  to   space 77824K, 0% used [0x00000007f6200000,0x00000007f6200000,0x00000007fae00000)
 ParOldGen       total 296000K, used 180631K [0x0000000700600000, 0x0000000712710000, 0x00000007aacb0000)
  object space 296000K, 61% used [0x0000000700600000,0x000000070b665f58,0x0000000712710000)
 PSPermGen       total 37824K, used 18154K [0x00000006fb400000, 0x00000006fd8f0000, 0x0000000700600000)
  object space 37824K, 47% used [0x00000006fb400000,0x00000006fc5bab80,0x00000006fd8f0000)
Event: 47.645 GC heap after
Heap after GC invocations=31 (full 4):
 PSYoungGen      total 1312064K, used 43009K [0x00000007aacb0000, 0x00000007ffd60000, 0x0000000800000000)
  eden space 1234240K, 0% used [0x00000007aacb0000,0x00000007aacb0000,0x00000007f6200000)
  from space 77824K, 55% used [0x00000007f6200000,0x00000007f8c00520,0x00000007fae00000)
  to   space 76672K, 0% used [0x00000007fb280000,0x00000007fb280000,0x00000007ffd60000)
 ParOldGen       total 296000K, used 180631K [0x0000000700600000, 0x0000000712710000, 0x00000007aacb0000)
  object space 296000K, 61% used [0x0000000700600000,0x000000070b665f58,0x0000000712710000)
 PSPermGen       total 37824K, used 18154K [0x00000006fb400000, 0x00000006fd8f0000, 0x0000000700600000)
  object space 37824K, 47% used [0x00000006fb400000,0x00000006fc5bab80,0x00000006fd8f0000)
}
Event: 50.602 GC heap before
{Heap before GC invocations=32 (full 5):
 PSYoungGen      total 1312064K, used 1277241K [0x00000007aacb0000, 0x00000007ffd60000, 0x0000000800000000)
  eden space 1234240K, 99% used [0x00000007aacb0000,0x00000007f61fdf40,0x00000007f6200000)
  from space 77824K, 55% used [0x00000007f6200000,0x00000007f8c00520,0x00000007fae00000)
  to   space 76672K, 0% used [0x00000007fb280000,0x00000007fb280000,0x00000007ffd60000)
 ParOldGen       total 296000K, used 292195K [0x0000000700600000, 0x0000000712710000, 0x00000007aacb0000)
  object space 296000K, 98% used [0x0000000700600000,0x0000000712358ea8,0x0000000712710000)
 PSPermGen       total 37824K, used 18155K [0x00000006fb400000, 0x00000006fd8f0000, 0x0000000700600000)
  object space 37824K, 48% used [0x00000006fb400000,0x00000006fc5bae70,0x00000006fd8f0000)
Event: 50.632 GC heap after
Heap after GC invocations=32 (full 5):
 PSYoungGen      total 1312064K, used 0K [0x00000007aacb0000, 0x00000007ffd60000, 0x0000000800000000)
  eden space 1234240K, 0% used [0x00000007aacb0000,0x00000007aacb0000,0x00000007f6200000)
  from space 77824K, 0% used [0x00000007f6200000,0x00000007f6200000,0x00000007fae00000)
  to   space 76672K, 0% used [0x00000007fb280000,0x00000007fb280000,0x00000007ffd60000)
 ParOldGen       total 359104K, used 37095K [0x0000000700600000, 0x00000007164b0000, 0x00000007aacb0000)
  object space 359104K, 10% used [0x0000000700600000,0x0000000702a39c70,0x00000007164b0000)
 PSPermGen       total 36160K, used 18155K [0x00000006fb400000, 0x00000006fd750000, 0x0000000700600000)
  object space 36160K, 50% used [0x00000006fb400000,0x00000006fc5bae10,0x00000006fd750000)
}
Event: 53.484 GC heap before
{Heap before GC invocations=33 (full 5):
 PSYoungGen      total 1312064K, used 1234240K [0x00000007aacb0000, 0x00000007ffd60000, 0x0000000800000000)
  eden space 1234240K, 100% used [0x00000007aacb0000,0x00000007f6200000,0x00000007f6200000)
  from space 77824K, 0% used [0x00000007f6200000,0x00000007f6200000,0x00000007fae00000)
  to   space 76672K, 0% used [0x00000007fb280000,0x00000007fb280000,0x00000007ffd60000)
 ParOldGen       total 359104K, used 133619K [0x0000000700600000, 0x00000007164b0000, 0x00000007aacb0000)
  object space 359104K, 37% used [0x0000000700600000,0x000000070887cc90,0x00000007164b0000)
 PSPermGen       total 36160K, used 18158K [0x00000006fb400000, 0x00000006fd750000, 0x0000000700600000)
  object space 36160K, 50% used [0x00000006fb400000,0x00000006fc5bbae8,0x00000006fd750000)
Event: 53.486 GC heap after
Heap after GC invocations=33 (full 5):
 PSYoungGen      total 1316928K, used 18481K [0x00000007aacb0000, 0x00000007ffc60000, 0x0000000800000000)
  eden space 1241280K, 0% used [0x00000007aacb0000,0x00000007aacb0000,0x00000007f68e0000)
  from space 75648K, 24% used [0x00000007fb280000,0x00000007fc48c430,0x00000007ffc60000)
  to   space 75392K, 0% used [0x00000007f68e0000,0x00000007f68e0000,0x00000007fb280000)
 ParOldGen       total 359104K, used 133619K [0x0000000700600000, 0x00000007164b0000, 0x00000007aacb0000)
  object space 359104K, 37% used [0x0000000700600000,0x000000070887cc90,0x00000007164b0000)
 PSPermGen       total 36160K, used 18158K [0x00000006fb400000, 0x00000006fd750000, 0x0000000700600000)
  object space 36160K, 50% used [0x00000006fb400000,0x00000006fc5bbae8,0x00000006fd750000)
}

