# JRE version: 7.0_07-b11
# Java VM: Java HotSpot(TM) 64-Bit Server VM (23.3-b01 mixed mode windows-amd64 compressed oops)
Heap
 PSYoungGen      total 709312K, used 608048K [0x00000007aacb0000, 0x00000007e5a60000, 0x0000000800000000)
  eden space 634496K, 91% used [0x00000007aacb0000,0x00000007ce196758,0x00000007d1850000)
  from space 74816K, 39% used [0x00000007d1850000,0x00000007d3535bb0,0x00000007d6160000)
  to   space 70272K, 0% used [0x00000007e15c0000,0x00000007e15c0000,0x00000007e5a60000)
 ParOldGen       total 243328K, used 43119K [0x0000000700600000, 0x000000070f3a0000, 0x00000007aacb0000)
  object space 243328K, 17% used [0x0000000700600000,0x000000070301bd50,0x000000070f3a0000)
 PSPermGen       total 37696K, used 18016K [0x00000006fb400000, 0x00000006fd8d0000, 0x0000000700600000)
  object space 37696K, 47% used [0x00000006fb400000,0x00000006fc598278,0x00000006fd8d0000)
GC Heap History (10 events):
Event: 11.765 GC heap before
{Heap before GC invocations=13 (full 3):
 PSYoungGen      total 422272K, used 367574K [0x00000007aacb0000, 0x00000007d1af0000, 0x0000000800000000)
  eden space 367616K, 99% used [0x00000007aacb0000,0x00000007c13a5a88,0x00000007c13b0000)
  from space 54656K, 0% used [0x00000007c13b0000,0x00000007c13b0000,0x00000007c4910000)
  to   space 63552K, 0% used [0x00000007cdce0000,0x00000007cdce0000,0x00000007d1af0000)
 ParOldGen       total 196800K, used 29567K [0x0000000700600000, 0x000000070c630000, 0x00000007aacb0000)
  object space 196800K, 15% used [0x0000000700600000,0x00000007022dfd00,0x000000070c630000)
 PSPermGen       total 39232K, used 17989K [0x00000006fb400000, 0x00000006fda50000, 0x0000000700600000)
  object space 39232K, 45% used [0x00000006fb400000,0x00000006fc5915c8,0x00000006fda50000)
Event: 11.777 GC heap after
Heap after GC invocations=13 (full 3):
 PSYoungGen      total 548544K, used 59477K [0x00000007aacb0000, 0x00000007d1720000, 0x0000000800000000)
  eden space 488896K, 0% used [0x00000007aacb0000,0x00000007aacb0000,0x00000007c8a20000)
  from space 59648K, 99% used [0x00000007cdce0000,0x00000007d16f5510,0x00000007d1720000)
  to   space 72192K, 0% used [0x00000007c8a20000,0x00000007c8a20000,0x00000007cd0a0000)
 ParOldGen       total 196800K, used 29567K [0x0000000700600000, 0x000000070c630000, 0x00000007aacb0000)
  object space 196800K, 15% used [0x0000000700600000,0x00000007022dfd00,0x000000070c630000)
 PSPermGen       total 39232K, used 17989K [0x00000006fb400000, 0x00000006fda50000, 0x0000000700600000)
  object space 39232K, 45% used [0x00000006fb400000,0x00000006fc5915c8,0x00000006fda50000)
}
Event: 12.628 GC heap before
{Heap before GC invocations=14 (full 3):
 PSYoungGen      total 548544K, used 543820K [0x00000007aacb0000, 0x00000007d1720000, 0x0000000800000000)
  eden space 488896K, 99% used [0x00000007aacb0000,0x00000007c85adcc0,0x00000007c8a20000)
  from space 59648K, 99% used [0x00000007cdce0000,0x00000007d16f5510,0x00000007d1720000)
  to   space 72192K, 0% used [0x00000007c8a20000,0x00000007c8a20000,0x00000007cd0a0000)
 ParOldGen       total 196800K, used 29567K [0x0000000700600000, 0x000000070c630000, 0x00000007aacb0000)
  object space 196800K, 15% used [0x0000000700600000,0x00000007022dfd00,0x000000070c630000)
 PSPermGen       total 39232K, used 17993K [0x00000006fb400000, 0x00000006fda50000, 0x0000000700600000)
  object space 39232K, 45% used [0x00000006fb400000,0x00000006fc5925b0,0x00000006fda50000)
Event: 12.633 GC heap after
Heap after GC invocations=14 (full 3):
 PSYoungGen      total 561088K, used 11045K [0x00000007aacb0000, 0x00000007da6b0000, 0x0000000800000000)
  eden space 488896K, 0% used [0x00000007aacb0000,0x00000007aacb0000,0x00000007c8a20000)
  from space 72192K, 15% used [0x00000007c8a20000,0x00000007c94e97a0,0x00000007cd0a0000)
  to   space 70976K, 0% used [0x00000007d6160000,0x00000007d6160000,0x00000007da6b0000)
 ParOldGen       total 196800K, used 47824K [0x0000000700600000, 0x000000070c630000, 0x00000007aacb0000)
  object space 196800K, 24% used [0x0000000700600000,0x00000007034b4130,0x000000070c630000)
 PSPermGen       total 39232K, used 17993K [0x00000006fb400000, 0x00000006fda50000, 0x0000000700600000)
  object space 39232K, 45% used [0x00000006fb400000,0x00000006fc5925b0,0x00000006fda50000)
}
Event: 13.487 GC heap before
{Heap before GC invocations=15 (full 3):
 PSYoungGen      total 561088K, used 497143K [0x00000007aacb0000, 0x00000007da6b0000, 0x0000000800000000)
  eden space 488896K, 99% used [0x00000007aacb0000,0x00000007c8764658,0x00000007c8a20000)
  from space 72192K, 15% used [0x00000007c8a20000,0x00000007c94e97a0,0x00000007cd0a0000)
  to   space 70976K, 0% used [0x00000007d6160000,0x00000007d6160000,0x00000007da6b0000)
 ParOldGen       total 196800K, used 51241K [0x0000000700600000, 0x000000070c630000, 0x00000007aacb0000)
  object space 196800K, 26% used [0x0000000700600000,0x000000070380a600,0x000000070c630000)
 PSPermGen       total 39232K, used 17997K [0x00000006fb400000, 0x00000006fda50000, 0x0000000700600000)
  object space 39232K, 45% used [0x00000006fb400000,0x00000006fc5936a8,0x00000006fda50000)
Event: 13.501 GC heap after
Heap after GC invocations=15 (full 3):
 PSYoungGen      total 705472K, used 49427K [0x00000007aacb0000, 0x00000007db3f0000, 0x0000000800000000)
  eden space 634496K, 0% used [0x00000007aacb0000,0x00000007aacb0000,0x00000007d1850000)
  from space 70976K, 69% used [0x00000007d6160000,0x00000007d91a4f68,0x00000007da6b0000)
  to   space 74816K, 0% used [0x00000007d1850000,0x00000007d1850000,0x00000007d6160000)
 ParOldGen       total 196800K, used 51265K [0x0000000700600000, 0x000000070c630000, 0x00000007aacb0000)
  object space 196800K, 26% used [0x0000000700600000,0x0000000703810600,0x000000070c630000)
 PSPermGen       total 39232K, used 17997K [0x00000006fb400000, 0x00000006fda50000, 0x0000000700600000)
  object space 39232K, 45% used [0x00000006fb400000,0x00000006fc5936a8,0x00000006fda50000)
}
Event: 14.730 GC heap before
{Heap before GC invocations=16 (full 4):
 PSYoungGen      total 705472K, used 683881K [0x00000007aacb0000, 0x00000007db3f0000, 0x0000000800000000)
  eden space 634496K, 99% used [0x00000007aacb0000,0x00000007d1845670,0x00000007d1850000)
  from space 70976K, 69% used [0x00000007d6160000,0x00000007d91a4f68,0x00000007da6b0000)
  to   space 74816K, 0% used [0x00000007d1850000,0x00000007d1850000,0x00000007d6160000)
 ParOldGen       total 196800K, used 171861K [0x0000000700600000, 0x000000070c630000, 0x00000007aacb0000)
  object space 196800K, 87% used [0x0000000700600000,0x000000070add54d8,0x000000070c630000)
 PSPermGen       total 39232K, used 18003K [0x00000006fb400000, 0x00000006fda50000, 0x0000000700600000)
  object space 39232K, 45% used [0x00000006fb400000,0x00000006fc594d18,0x00000006fda50000)
Event: 14.761 GC heap after
Heap after GC invocations=16 (full 4):
 PSYoungGen      total 705472K, used 0K [0x00000007aacb0000, 0x00000007db3f0000, 0x0000000800000000)
  eden space 634496K, 0% used [0x00000007aacb0000,0x00000007aacb0000,0x00000007d1850000)
  from space 70976K, 0% used [0x00000007d6160000,0x00000007d6160000,0x00000007da6b0000)
  to   space 74816K, 0% used [0x00000007d1850000,0x00000007d1850000,0x00000007d6160000)
 ParOldGen       total 243328K, used 37677K [0x0000000700600000, 0x000000070f3a0000, 0x00000007aacb0000)
  object space 243328K, 15% used [0x0000000700600000,0x0000000702acb470,0x000000070f3a0000)
 PSPermGen       total 37696K, used 18003K [0x00000006fb400000, 0x00000006fd8d0000, 0x0000000700600000)
  object space 37696K, 47% used [0x00000006fb400000,0x00000006fc594d18,0x00000006fd8d0000)
}
Event: 15.821 GC heap before
{Heap before GC invocations=17 (full 4):
 PSYoungGen      total 705472K, used 633092K [0x00000007aacb0000, 0x00000007db3f0000, 0x0000000800000000)
  eden space 634496K, 99% used [0x00000007aacb0000,0x00000007d16f10a0,0x00000007d1850000)
  from space 70976K, 0% used [0x00000007d6160000,0x00000007d6160000,0x00000007da6b0000)
  to   space 74816K, 0% used [0x00000007d1850000,0x00000007d1850000,0x00000007d6160000)
 ParOldGen       total 243328K, used 43119K [0x0000000700600000, 0x000000070f3a0000, 0x00000007aacb0000)
  object space 243328K, 17% used [0x0000000700600000,0x000000070301bd50,0x000000070f3a0000)
 PSPermGen       total 37696K, used 18007K [0x00000006fb400000, 0x00000006fd8d0000, 0x0000000700600000)
  object space 37696K, 47% used [0x00000006fb400000,0x00000006fc595f10,0x00000006fd8d0000)
Event: 15.829 GC heap after
Heap after GC invocations=17 (full 4):
 PSYoungGen      total 709312K, used 29590K [0x00000007aacb0000, 0x00000007e5a60000, 0x0000000800000000)
  eden space 634496K, 0% used [0x00000007aacb0000,0x00000007aacb0000,0x00000007d1850000)
  from space 74816K, 39% used [0x00000007d1850000,0x00000007d3535bb0,0x00000007d6160000)
  to   space 70272K, 0% used [0x00000007e15c0000,0x00000007e15c0000,0x00000007e5a60000)
 ParOldGen       total 243328K, used 43119K [0x0000000700600000, 0x000000070f3a0000, 0x00000007aacb0000)
  object space 243328K, 17% used [0x0000000700600000,0x000000070301bd50,0x000000070f3a0000)
 PSPermGen       total 37696K, used 18007K [0x00000006fb400000, 0x00000006fd8d0000, 0x0000000700600000)
  object space 37696K, 47% used [0x00000006fb400000,0x00000006fc595f10,0x00000006fd8d0000)
}

