# JRE version: 7.0_07-b11
# Java VM: Java HotSpot(TM) 64-Bit Server VM (23.3-b01 mixed mode windows-amd64 compressed oops)
Heap
 PSYoungGen      total 554368K, used 396940K [0x00000007aacb0000, 0x00000007ce850000, 0x0000000800000000)
  eden space 523776K, 72% used [0x00000007aacb0000,0x00000007c1e46f10,0x00000007cac30000)
  from space 30592K, 60% used [0x00000007cca70000,0x00000007cdc7c430,0x00000007ce850000)
  to   space 30784K, 0% used [0x00000007cac30000,0x00000007cac30000,0x00000007cca40000)
 ParOldGen       total 174528K, used 65684K [0x0000000700600000, 0x000000070b070000, 0x00000007aacb0000)
  object space 174528K, 37% used [0x0000000700600000,0x0000000704625068,0x000000070b070000)
 PSPermGen       total 21248K, used 18049K [0x00000006fb400000, 0x00000006fc8c0000, 0x0000000700600000)
  object space 21248K, 84% used [0x00000006fb400000,0x00000006fc5a0430,0x00000006fc8c0000)
GC Heap History (10 events):
Event: 4.568 GC heap before
{Heap before GC invocations=4 (full 0):
 PSYoungGen      total 76352K, used 75038K [0x00000007aacb0000, 0x00000007b41d0000, 0x0000000800000000)
  eden space 65472K, 97% used [0x00000007aacb0000,0x00000007aeb57d68,0x00000007aeca0000)
  from space 10880K, 99% used [0x00000007aeca0000,0x00000007af73fd90,0x00000007af740000)
  to   space 10880K, 0% used [0x00000007b3730000,0x00000007b3730000,0x00000007b41d0000)
 ParOldGen       total 174528K, used 28679K [0x0000000700600000, 0x000000070b070000, 0x00000007aacb0000)
  object space 174528K, 16% used [0x0000000700600000,0x0000000702201f70,0x000000070b070000)
 PSPermGen       total 21248K, used 17937K [0x00000006fb400000, 0x00000006fc8c0000, 0x0000000700600000)
  object space 21248K, 84% used [0x00000006fb400000,0x00000006fc584470,0x00000006fc8c0000)
Event: 4.578 GC heap after
Heap after GC invocations=4 (full 0):
 PSYoungGen      total 141824K, used 10879K [0x00000007aacb0000, 0x00000007b41d0000, 0x0000000800000000)
  eden space 130944K, 0% used [0x00000007aacb0000,0x00000007aacb0000,0x00000007b2c90000)
  from space 10880K, 99% used [0x00000007b3730000,0x00000007b41cfd90,0x00000007b41d0000)
  to   space 10880K, 0% used [0x00000007b2c90000,0x00000007b2c90000,0x00000007b3730000)
 ParOldGen       total 174528K, used 48622K [0x0000000700600000, 0x000000070b070000, 0x00000007aacb0000)
  object space 174528K, 27% used [0x0000000700600000,0x000000070357bbf0,0x000000070b070000)
 PSPermGen       total 21248K, used 17937K [0x00000006fb400000, 0x00000006fc8c0000, 0x0000000700600000)
  object space 21248K, 84% used [0x00000006fb400000,0x00000006fc584470,0x00000006fc8c0000)
}
Event: 5.494 GC heap before
{Heap before GC invocations=5 (full 0):
 PSYoungGen      total 141824K, used 140779K [0x00000007aacb0000, 0x00000007b41d0000, 0x0000000800000000)
  eden space 130944K, 99% used [0x00000007aacb0000,0x00000007b2b8b0f8,0x00000007b2c90000)
  from space 10880K, 99% used [0x00000007b3730000,0x00000007b41cfd90,0x00000007b41d0000)
  to   space 10880K, 0% used [0x00000007b2c90000,0x00000007b2c90000,0x00000007b3730000)
 ParOldGen       total 174528K, used 48622K [0x0000000700600000, 0x000000070b070000, 0x00000007aacb0000)
  object space 174528K, 27% used [0x0000000700600000,0x000000070357bbf0,0x000000070b070000)
 PSPermGen       total 21248K, used 17996K [0x00000006fb400000, 0x00000006fc8c0000, 0x0000000700600000)
  object space 21248K, 84% used [0x00000006fb400000,0x00000006fc5932a8,0x00000006fc8c0000)
Event: 5.502 GC heap after
Heap after GC invocations=5 (full 0):
 PSYoungGen      total 141824K, used 10879K [0x00000007aacb0000, 0x00000007becd0000, 0x0000000800000000)
  eden space 130944K, 0% used [0x00000007aacb0000,0x00000007aacb0000,0x00000007b2c90000)
  from space 10880K, 99% used [0x00000007b2c90000,0x00000007b372fd90,0x00000007b3730000)
  to   space 32960K, 0% used [0x00000007bcca0000,0x00000007bcca0000,0x00000007becd0000)
 ParOldGen       total 174528K, used 60832K [0x0000000700600000, 0x000000070b070000, 0x00000007aacb0000)
  object space 174528K, 34% used [0x0000000700600000,0x0000000704168000,0x000000070b070000)
 PSPermGen       total 21248K, used 17996K [0x00000006fb400000, 0x00000006fc8c0000, 0x0000000700600000)
  object space 21248K, 84% used [0x00000006fb400000,0x00000006fc5932a8,0x00000006fc8c0000)
}
Event: 6.386 GC heap before
{Heap before GC invocations=6 (full 0):
 PSYoungGen      total 141824K, used 139732K [0x00000007aacb0000, 0x00000007becd0000, 0x0000000800000000)
  eden space 130944K, 98% used [0x00000007aacb0000,0x00000007b2a85568,0x00000007b2c90000)
  from space 10880K, 99% used [0x00000007b2c90000,0x00000007b372fd90,0x00000007b3730000)
  to   space 32960K, 0% used [0x00000007bcca0000,0x00000007bcca0000,0x00000007becd0000)
 ParOldGen       total 174528K, used 60832K [0x0000000700600000, 0x000000070b070000, 0x00000007aacb0000)
  object space 174528K, 34% used [0x0000000700600000,0x0000000704168000,0x000000070b070000)
 PSPermGen       total 21248K, used 17999K [0x00000006fb400000, 0x00000006fc8c0000, 0x0000000700600000)
  object space 21248K, 84% used [0x00000006fb400000,0x00000006fc593f38,0x00000006fc8c0000)
Event: 6.393 GC heap after
Heap after GC invocations=6 (full 0):
 PSYoungGen      total 291776K, used 23109K [0x00000007aacb0000, 0x00000007be9d0000, 0x0000000800000000)
  eden space 261888K, 0% used [0x00000007aacb0000,0x00000007aacb0000,0x00000007bac70000)
  from space 29888K, 77% used [0x00000007bcca0000,0x00000007be3315a0,0x00000007be9d0000)
  to   space 31424K, 0% used [0x00000007bac70000,0x00000007bac70000,0x00000007bcb20000)
 ParOldGen       total 174528K, used 60840K [0x0000000700600000, 0x000000070b070000, 0x00000007aacb0000)
  object space 174528K, 34% used [0x0000000700600000,0x000000070416a000,0x000000070b070000)
 PSPermGen       total 21248K, used 17999K [0x00000006fb400000, 0x00000006fc8c0000, 0x0000000700600000)
  object space 21248K, 84% used [0x00000006fb400000,0x00000006fc593f38,0x00000006fc8c0000)
}
Event: 8.159 GC heap before
{Heap before GC invocations=7 (full 0):
 PSYoungGen      total 291776K, used 279939K [0x00000007aacb0000, 0x00000007be9d0000, 0x0000000800000000)
  eden space 261888K, 98% used [0x00000007aacb0000,0x00000007ba77f890,0x00000007bac70000)
  from space 29888K, 77% used [0x00000007bcca0000,0x00000007be3315a0,0x00000007be9d0000)
  to   space 31424K, 0% used [0x00000007bac70000,0x00000007bac70000,0x00000007bcb20000)
 ParOldGen       total 174528K, used 60840K [0x0000000700600000, 0x000000070b070000, 0x00000007aacb0000)
  object space 174528K, 34% used [0x0000000700600000,0x000000070416a000,0x000000070b070000)
 PSPermGen       total 21248K, used 18002K [0x00000006fb400000, 0x00000006fc8c0000, 0x0000000700600000)
  object space 21248K, 84% used [0x00000006fb400000,0x00000006fc594818,0x00000006fc8c0000)
Event: 8.168 GC heap after
Heap after GC invocations=7 (full 0):
 PSYoungGen      total 293312K, used 19653K [0x00000007aacb0000, 0x00000007ce8b0000, 0x0000000800000000)
  eden space 261888K, 0% used [0x00000007aacb0000,0x00000007aacb0000,0x00000007bac70000)
  from space 31424K, 62% used [0x00000007bac70000,0x00000007bbfa1490,0x00000007bcb20000)
  to   space 30976K, 0% used [0x00000007cca70000,0x00000007cca70000,0x00000007ce8b0000)
 ParOldGen       total 174528K, used 64429K [0x0000000700600000, 0x000000070b070000, 0x00000007aacb0000)
  object space 174528K, 36% used [0x0000000700600000,0x00000007044eb610,0x000000070b070000)
 PSPermGen       total 21248K, used 18002K [0x00000006fb400000, 0x00000006fc8c0000, 0x0000000700600000)
  object space 21248K, 84% used [0x00000006fb400000,0x00000006fc594818,0x00000006fc8c0000)
}
Event: 9.913 GC heap before
{Heap before GC invocations=8 (full 0):
 PSYoungGen      total 293312K, used 275691K [0x00000007aacb0000, 0x00000007ce8b0000, 0x0000000800000000)
  eden space 261888K, 97% used [0x00000007aacb0000,0x00000007ba6b9b38,0x00000007bac70000)
  from space 31424K, 62% used [0x00000007bac70000,0x00000007bbfa1490,0x00000007bcb20000)
  to   space 30976K, 0% used [0x00000007cca70000,0x00000007cca70000,0x00000007ce8b0000)
 ParOldGen       total 174528K, used 64429K [0x0000000700600000, 0x000000070b070000, 0x00000007aacb0000)
  object space 174528K, 36% used [0x0000000700600000,0x00000007044eb610,0x000000070b070000)
 PSPermGen       total 21248K, used 18003K [0x00000006fb400000, 0x00000006fc8c0000, 0x0000000700600000)
  object space 21248K, 84% used [0x00000006fb400000,0x00000006fc594d80,0x00000006fc8c0000)
Event: 9.918 GC heap after
Heap after GC invocations=8 (full 0):
 PSYoungGen      total 554368K, used 18481K [0x00000007aacb0000, 0x00000007ce850000, 0x0000000800000000)
  eden space 523776K, 0% used [0x00000007aacb0000,0x00000007aacb0000,0x00000007cac30000)
  from space 30592K, 60% used [0x00000007cca70000,0x00000007cdc7c430,0x00000007ce850000)
  to   space 30784K, 0% used [0x00000007cac30000,0x00000007cac30000,0x00000007cca40000)
 ParOldGen       total 174528K, used 65684K [0x0000000700600000, 0x000000070b070000, 0x00000007aacb0000)
  object space 174528K, 37% used [0x0000000700600000,0x0000000704625068,0x000000070b070000)
 PSPermGen       total 21248K, used 18003K [0x00000006fb400000, 0x00000006fc8c0000, 0x0000000700600000)
  object space 21248K, 84% used [0x00000006fb400000,0x00000006fc594d80,0x00000006fc8c0000)
}

