# JRE version: 7.0_07-b11
# Java VM: Java HotSpot(TM) 64-Bit Server VM (23.3-b01 mixed mode windows-amd64 compressed oops)
Heap
 PSYoungGen      total 512576K, used 161285K [0x00000007aacb0000, 0x00000007d0e30000, 0x0000000800000000)
  eden space 482816K, 27% used [0x00000007aacb0000,0x00000007b2d23558,0x00000007c8430000)
  from space 29760K, 99% used [0x00000007c9680000,0x00000007cb38e1a0,0x00000007cb390000)
  to   space 70656K, 0% used [0x00000007cc930000,0x00000007cc930000,0x00000007d0e30000)
 ParOldGen       total 262592K, used 81552K [0x0000000700600000, 0x0000000710670000, 0x00000007aacb0000)
  object space 262592K, 31% used [0x0000000700600000,0x00000007055a40e0,0x0000000710670000)
 PSPermGen       total 21952K, used 18629K [0x00000006fb400000, 0x00000006fc970000, 0x0000000700600000)
  object space 21952K, 84% used [0x00000006fb400000,0x00000006fc631788,0x00000006fc970000)
GC Heap History (10 events):
Event: 201.064 GC heap before
{Heap before GC invocations=120 (full 17):
 PSYoungGen      total 589632K, used 587332K [0x00000007aacb0000, 0x00000007da080000, 0x0000000800000000)
  eden space 563456K, 99% used [0x00000007aacb0000,0x00000007cd0bb018,0x00000007cd2f0000)
  from space 26176K, 99% used [0x00000007d0e50000,0x00000007d27d6328,0x00000007d27e0000)
  to   space 80384K, 0% used [0x00000007d5200000,0x00000007d5200000,0x00000007da080000)
 ParOldGen       total 438080K, used 437624K [0x0000000700600000, 0x000000071b1d0000, 0x00000007aacb0000)
  object space 438080K, 99% used [0x0000000700600000,0x000000071b15e320,0x000000071b1d0000)
 PSPermGen       total 22528K, used 18627K [0x00000006fb400000, 0x00000006fca00000, 0x0000000700600000)
  object space 22528K, 82% used [0x00000006fb400000,0x00000006fc630dc8,0x00000006fca00000)
Event: 201.108 GC heap after
Heap after GC invocations=120 (full 17):
 PSYoungGen      total 589632K, used 0K [0x00000007aacb0000, 0x00000007da080000, 0x0000000800000000)
  eden space 563456K, 0% used [0x00000007aacb0000,0x00000007aacb0000,0x00000007cd2f0000)
  from space 26176K, 0% used [0x00000007d0e50000,0x00000007d0e50000,0x00000007d27e0000)
  to   space 80384K, 0% used [0x00000007d5200000,0x00000007d5200000,0x00000007da080000)
 ParOldGen       total 262592K, used 70160K [0x0000000700600000, 0x0000000710670000, 0x00000007aacb0000)
  object space 262592K, 26% used [0x0000000700600000,0x0000000704a84330,0x0000000710670000)
 PSPermGen       total 21952K, used 18627K [0x00000006fb400000, 0x00000006fc970000, 0x0000000700600000)
  object space 21952K, 84% used [0x00000006fb400000,0x00000006fc630d88,0x00000006fc970000)
}
Event: 203.445 GC heap before
{Heap before GC invocations=121 (full 17):
 PSYoungGen      total 589632K, used 560173K [0x00000007aacb0000, 0x00000007da080000, 0x0000000800000000)
  eden space 563456K, 99% used [0x00000007aacb0000,0x00000007ccfbb538,0x00000007cd2f0000)
  from space 26176K, 0% used [0x00000007d0e50000,0x00000007d0e50000,0x00000007d27e0000)
  to   space 80384K, 0% used [0x00000007d5200000,0x00000007d5200000,0x00000007da080000)
 ParOldGen       total 262592K, used 70160K [0x0000000700600000, 0x0000000710670000, 0x00000007aacb0000)
  object space 262592K, 26% used [0x0000000700600000,0x0000000704a84330,0x0000000710670000)
 PSPermGen       total 21952K, used 18627K [0x00000006fb400000, 0x00000006fc970000, 0x0000000700600000)
  object space 21952K, 84% used [0x00000006fb400000,0x00000006fc630ea8,0x00000006fc970000)
Event: 203.453 GC heap after
Heap after GC invocations=121 (full 17):
 PSYoungGen      total 582784K, used 40959K [0x00000007aacb0000, 0x00000007d7a00000, 0x0000000800000000)
  eden space 541824K, 0% used [0x00000007aacb0000,0x00000007aacb0000,0x00000007cbdd0000)
  from space 40960K, 99% used [0x00000007d5200000,0x00000007d79fff10,0x00000007d7a00000)
  to   space 77568K, 0% used [0x00000007ce280000,0x00000007ce280000,0x00000007d2e40000)
 ParOldGen       total 262592K, used 70160K [0x0000000700600000, 0x0000000710670000, 0x00000007aacb0000)
  object space 262592K, 26% used [0x0000000700600000,0x0000000704a84330,0x0000000710670000)
 PSPermGen       total 21952K, used 18627K [0x00000006fb400000, 0x00000006fc970000, 0x0000000700600000)
  object space 21952K, 84% used [0x00000006fb400000,0x00000006fc630ea8,0x00000006fc970000)
}
Event: 205.804 GC heap before
{Heap before GC invocations=122 (full 17):
 PSYoungGen      total 582784K, used 582156K [0x00000007aacb0000, 0x00000007d7a00000, 0x0000000800000000)
  eden space 541824K, 99% used [0x00000007aacb0000,0x00000007cbd33198,0x00000007cbdd0000)
  from space 40960K, 99% used [0x00000007d5200000,0x00000007d79fff10,0x00000007d7a00000)
  to   space 77568K, 0% used [0x00000007ce280000,0x00000007ce280000,0x00000007d2e40000)
 ParOldGen       total 262592K, used 70160K [0x0000000700600000, 0x0000000710670000, 0x00000007aacb0000)
  object space 262592K, 26% used [0x0000000700600000,0x0000000704a84330,0x0000000710670000)
 PSPermGen       total 21952K, used 18628K [0x00000006fb400000, 0x00000006fc970000, 0x0000000700600000)
  object space 21952K, 84% used [0x00000006fb400000,0x00000006fc6312c8,0x00000006fc970000)
Event: 205.812 GC heap after
Heap after GC invocations=122 (full 17):
 PSYoungGen      total 538880K, used 17602K [0x00000007aacb0000, 0x00000007d5210000, 0x0000000800000000)
  eden space 521216K, 0% used [0x00000007aacb0000,0x00000007aacb0000,0x00000007ca9b0000)
  from space 17664K, 99% used [0x00000007ce280000,0x00000007cf3b0980,0x00000007cf3c0000)
  to   space 76864K, 0% used [0x00000007d0700000,0x00000007d0700000,0x00000007d5210000)
 ParOldGen       total 262592K, used 81432K [0x0000000700600000, 0x0000000710670000, 0x00000007aacb0000)
  object space 262592K, 31% used [0x0000000700600000,0x00000007055860a0,0x0000000710670000)
 PSPermGen       total 21952K, used 18628K [0x00000006fb400000, 0x00000006fc970000, 0x0000000700600000)
  object space 21952K, 84% used [0x00000006fb400000,0x00000006fc6312c8,0x00000006fc970000)
}
Event: 208.036 GC heap before
{Heap before GC invocations=123 (full 17):
 PSYoungGen      total 538880K, used 538464K [0x00000007aacb0000, 0x00000007d5210000, 0x0000000800000000)
  eden space 521216K, 99% used [0x00000007aacb0000,0x00000007ca9579c8,0x00000007ca9b0000)
  from space 17664K, 99% used [0x00000007ce280000,0x00000007cf3b0980,0x00000007cf3c0000)
  to   space 76864K, 0% used [0x00000007d0700000,0x00000007d0700000,0x00000007d5210000)
 ParOldGen       total 262592K, used 81432K [0x0000000700600000, 0x0000000710670000, 0x00000007aacb0000)
  object space 262592K, 31% used [0x0000000700600000,0x00000007055860a0,0x0000000710670000)
 PSPermGen       total 21952K, used 18629K [0x00000006fb400000, 0x00000006fc970000, 0x0000000700600000)
  object space 21952K, 84% used [0x00000006fb400000,0x00000006fc631768,0x00000006fc970000)
Event: 208.043 GC heap after
Heap after GC invocations=123 (full 17):
 PSYoungGen      total 533696K, used 29688K [0x00000007aacb0000, 0x00000007d2660000, 0x0000000800000000)
  eden space 501568K, 0% used [0x00000007aacb0000,0x00000007aacb0000,0x00000007c9680000)
  from space 32128K, 92% used [0x00000007d0700000,0x00000007d23fe1a0,0x00000007d2660000)
  to   space 73664K, 0% used [0x00000007c9680000,0x00000007c9680000,0x00000007cde70000)
 ParOldGen       total 262592K, used 81552K [0x0000000700600000, 0x0000000710670000, 0x00000007aacb0000)
  object space 262592K, 31% used [0x0000000700600000,0x00000007055a40e0,0x0000000710670000)
 PSPermGen       total 21952K, used 18629K [0x00000006fb400000, 0x00000006fc970000, 0x0000000700600000)
  object space 21952K, 84% used [0x00000006fb400000,0x00000006fc631768,0x00000006fc970000)
}
Event: 210.201 GC heap before
{Heap before GC invocations=124 (full 17):
 PSYoungGen      total 533696K, used 530883K [0x00000007aacb0000, 0x00000007d2660000, 0x0000000800000000)
  eden space 501568K, 99% used [0x00000007aacb0000,0x00000007c9622d30,0x00000007c9680000)
  from space 32128K, 92% used [0x00000007d0700000,0x00000007d23fe1a0,0x00000007d2660000)
  to   space 73664K, 0% used [0x00000007c9680000,0x00000007c9680000,0x00000007cde70000)
 ParOldGen       total 262592K, used 81552K [0x0000000700600000, 0x0000000710670000, 0x00000007aacb0000)
  object space 262592K, 31% used [0x0000000700600000,0x00000007055a40e0,0x0000000710670000)
 PSPermGen       total 21952K, used 18629K [0x00000006fb400000, 0x00000006fc970000, 0x0000000700600000)
  object space 21952K, 84% used [0x00000006fb400000,0x00000006fc631788,0x00000006fc970000)
Event: 210.207 GC heap after
Heap after GC invocations=124 (full 17):
 PSYoungGen      total 512576K, used 29752K [0x00000007aacb0000, 0x00000007d0e30000, 0x0000000800000000)
  eden space 482816K, 0% used [0x00000007aacb0000,0x00000007aacb0000,0x00000007c8430000)
  from space 29760K, 99% used [0x00000007c9680000,0x00000007cb38e1a0,0x00000007cb390000)
  to   space 70656K, 0% used [0x00000007cc930000,0x00000007cc930000,0x00000007d0e30000)
 ParOldGen       total 262592K, used 81552K [0x0000000700600000, 0x0000000710670000, 0x00000007aacb0000)
  object space 262592K, 31% used [0x0000000700600000,0x00000007055a40e0,0x0000000710670000)
 PSPermGen       total 21952K, used 18629K [0x00000006fb400000, 0x00000006fc970000, 0x0000000700600000)
  object space 21952K, 84% used [0x00000006fb400000,0x00000006fc631788,0x00000006fc970000)
}

