# JRE version: 7.0_07-b11
# Java VM: Java HotSpot(TM) 64-Bit Server VM (23.3-b01 mixed mode windows-amd64 compressed oops)
Heap
 PSYoungGen      total 104576K, used 40681K [0x00000007aacb0000, 0x00000007b4830000, 0x0000000800000000)
  eden space 59968K, 45% used [0x00000007aacb0000,0x00000007ac730520,0x00000007ae740000)
  from space 44608K, 30% used [0x00000007ae740000,0x00000007af47a190,0x00000007b12d0000)
  to   space 43328K, 0% used [0x00000007b1de0000,0x00000007b1de0000,0x00000007b4830000)
 ParOldGen       total 174528K, used 128207K [0x0000000700600000, 0x000000070b070000, 0x00000007aacb0000)
  object space 174528K, 73% used [0x0000000700600000,0x0000000708333cc0,0x000000070b070000)
 PSPermGen       total 21248K, used 18126K [0x00000006fb400000, 0x00000006fc8c0000, 0x0000000700600000)
  object space 21248K, 85% used [0x00000006fb400000,0x00000006fc5b3a88,0x00000006fc8c0000)
GC Heap History (10 events):
Event: 33.755 GC heap before
{Heap before GC invocations=51 (full 0):
 PSYoungGen      total 110336K, used 76853K [0x00000007aacb0000, 0x00000007b4830000, 0x0000000800000000)
  eden space 67200K, 94% used [0x00000007aacb0000,0x00000007aea7b2f0,0x00000007aee50000)
  from space 43136K, 31% used [0x00000007b1e10000,0x00000007b2b52190,0x00000007b4830000)
  to   space 46016K, 0% used [0x00000007aee50000,0x00000007aee50000,0x00000007b1b40000)
 ParOldGen       total 174528K, used 128111K [0x0000000700600000, 0x000000070b070000, 0x00000007aacb0000)
  object space 174528K, 73% used [0x0000000700600000,0x000000070831bcc0,0x000000070b070000)
 PSPermGen       total 21248K, used 18122K [0x00000006fb400000, 0x00000006fc8c0000, 0x0000000700600000)
  object space 21248K, 85% used [0x00000006fb400000,0x00000006fc5b2bf8,0x00000006fc8c0000)
Event: 33.757 GC heap after
Heap after GC invocations=51 (full 0):
 PSYoungGen      total 79104K, used 13512K [0x00000007aacb0000, 0x00000007b4430000, 0x0000000800000000)
  eden space 65536K, 0% used [0x00000007aacb0000,0x00000007aacb0000,0x00000007aecb0000)
  from space 13568K, 99% used [0x00000007aee50000,0x00000007afb82190,0x00000007afb90000)
  to   space 44800K, 0% used [0x00000007b1870000,0x00000007b1870000,0x00000007b4430000)
 ParOldGen       total 174528K, used 128127K [0x0000000700600000, 0x000000070b070000, 0x00000007aacb0000)
  object space 174528K, 73% used [0x0000000700600000,0x000000070831fcc0,0x000000070b070000)
 PSPermGen       total 21248K, used 18122K [0x00000006fb400000, 0x00000006fc8c0000, 0x0000000700600000)
  object space 21248K, 85% used [0x00000006fb400000,0x00000006fc5b2bf8,0x00000006fc8c0000)
}
Event: 33.960 GC heap before
{Heap before GC invocations=52 (full 0):
 PSYoungGen      total 79104K, used 76754K [0x00000007aacb0000, 0x00000007b4430000, 0x0000000800000000)
  eden space 65536K, 96% used [0x00000007aacb0000,0x00000007aea728b0,0x00000007aecb0000)
  from space 13568K, 99% used [0x00000007aee50000,0x00000007afb82190,0x00000007afb90000)
  to   space 44800K, 0% used [0x00000007b1870000,0x00000007b1870000,0x00000007b4430000)
 ParOldGen       total 174528K, used 128127K [0x0000000700600000, 0x000000070b070000, 0x00000007aacb0000)
  object space 174528K, 73% used [0x0000000700600000,0x000000070831fcc0,0x000000070b070000)
 PSPermGen       total 21248K, used 18126K [0x00000006fb400000, 0x00000006fc8c0000, 0x0000000700600000)
  object space 21248K, 85% used [0x00000006fb400000,0x00000006fc5b3a88,0x00000006fc8c0000)
Event: 33.963 GC heap after
Heap after GC invocations=52 (full 0):
 PSYoungGen      total 104576K, used 13576K [0x00000007aacb0000, 0x00000007b4020000, 0x0000000800000000)
  eden space 63936K, 0% used [0x00000007aacb0000,0x00000007aacb0000,0x00000007aeb20000)
  from space 40640K, 33% used [0x00000007b1870000,0x00000007b25b2190,0x00000007b4020000)
  to   space 43520K, 0% used [0x00000007aeb20000,0x00000007aeb20000,0x00000007b15a0000)
 ParOldGen       total 174528K, used 128143K [0x0000000700600000, 0x000000070b070000, 0x00000007aacb0000)
  object space 174528K, 73% used [0x0000000700600000,0x0000000708323cc0,0x000000070b070000)
 PSPermGen       total 21248K, used 18126K [0x00000006fb400000, 0x00000006fc8c0000, 0x0000000700600000)
  object space 21248K, 85% used [0x00000006fb400000,0x00000006fc5b3a88,0x00000006fc8c0000)
}
Event: 34.137 GC heap before
{Heap before GC invocations=53 (full 0):
 PSYoungGen      total 104576K, used 76749K [0x00000007aacb0000, 0x00000007b4020000, 0x0000000800000000)
  eden space 63936K, 98% used [0x00000007aacb0000,0x00000007aea61550,0x00000007aeb20000)
  from space 40640K, 33% used [0x00000007b1870000,0x00000007b25b2190,0x00000007b4020000)
  to   space 43520K, 0% used [0x00000007aeb20000,0x00000007aeb20000,0x00000007b15a0000)
 ParOldGen       total 174528K, used 128143K [0x0000000700600000, 0x000000070b070000, 0x00000007aacb0000)
  object space 174528K, 73% used [0x0000000700600000,0x0000000708323cc0,0x000000070b070000)
 PSPermGen       total 21248K, used 18126K [0x00000006fb400000, 0x00000006fc8c0000, 0x0000000700600000)
  object space 21248K, 85% used [0x00000006fb400000,0x00000006fc5b3a88,0x00000006fc8c0000)
Event: 34.139 GC heap after
Heap after GC invocations=53 (full 0):
 PSYoungGen      total 75904K, used 13480K [0x00000007aacb0000, 0x00000007b3c00000, 0x0000000800000000)
  eden space 62400K, 0% used [0x00000007aacb0000,0x00000007aacb0000,0x00000007ae9a0000)
  from space 13504K, 99% used [0x00000007aeb20000,0x00000007af84a190,0x00000007af850000)
  to   space 42176K, 0% used [0x00000007b12d0000,0x00000007b12d0000,0x00000007b3c00000)
 ParOldGen       total 174528K, used 128183K [0x0000000700600000, 0x000000070b070000, 0x00000007aacb0000)
  object space 174528K, 73% used [0x0000000700600000,0x000000070832dcc0,0x000000070b070000)
 PSPermGen       total 21248K, used 18126K [0x00000006fb400000, 0x00000006fc8c0000, 0x0000000700600000)
  object space 21248K, 85% used [0x00000006fb400000,0x00000006fc5b3a88,0x00000006fc8c0000)
}
Event: 34.300 GC heap before
{Heap before GC invocations=54 (full 0):
 PSYoungGen      total 75904K, used 72200K [0x00000007aacb0000, 0x00000007b3c00000, 0x0000000800000000)
  eden space 62400K, 94% used [0x00000007aacb0000,0x00000007ae608038,0x00000007ae9a0000)
  from space 13504K, 99% used [0x00000007aeb20000,0x00000007af84a190,0x00000007af850000)
  to   space 42176K, 0% used [0x00000007b12d0000,0x00000007b12d0000,0x00000007b3c00000)
 ParOldGen       total 174528K, used 128183K [0x0000000700600000, 0x000000070b070000, 0x00000007aacb0000)
  object space 174528K, 73% used [0x0000000700600000,0x000000070832dcc0,0x000000070b070000)
 PSPermGen       total 21248K, used 18126K [0x00000006fb400000, 0x00000006fc8c0000, 0x0000000700600000)
  object space 21248K, 85% used [0x00000006fb400000,0x00000006fc5b3a88,0x00000006fc8c0000)
Event: 34.304 GC heap after
Heap after GC invocations=54 (full 0):
 PSYoungGen      total 102144K, used 31865K [0x00000007aacb0000, 0x00000007b4d90000, 0x0000000800000000)
  eden space 59968K, 0% used [0x00000007aacb0000,0x00000007aacb0000,0x00000007ae740000)
  from space 42176K, 75% used [0x00000007b12d0000,0x00000007b31ee5c0,0x00000007b3c00000)
  to   space 44608K, 0% used [0x00000007ae740000,0x00000007ae740000,0x00000007b12d0000)
 ParOldGen       total 174528K, used 128191K [0x0000000700600000, 0x000000070b070000, 0x00000007aacb0000)
  object space 174528K, 73% used [0x0000000700600000,0x000000070832fcc0,0x000000070b070000)
 PSPermGen       total 21248K, used 18126K [0x00000006fb400000, 0x00000006fc8c0000, 0x0000000700600000)
  object space 21248K, 85% used [0x00000006fb400000,0x00000006fc5b3a88,0x00000006fc8c0000)
}
Event: 34.461 GC heap before
{Heap before GC invocations=55 (full 0):
 PSYoungGen      total 102144K, used 88967K [0x00000007aacb0000, 0x00000007b4d90000, 0x0000000800000000)
  eden space 59968K, 95% used [0x00000007aacb0000,0x00000007ae4736c0,0x00000007ae740000)
  from space 42176K, 75% used [0x00000007b12d0000,0x00000007b31ee5c0,0x00000007b3c00000)
  to   space 44608K, 0% used [0x00000007ae740000,0x00000007ae740000,0x00000007b12d0000)
 ParOldGen       total 174528K, used 128191K [0x0000000700600000, 0x000000070b070000, 0x00000007aacb0000)
  object space 174528K, 73% used [0x0000000700600000,0x000000070832fcc0,0x000000070b070000)
 PSPermGen       total 21248K, used 18126K [0x00000006fb400000, 0x00000006fc8c0000, 0x0000000700600000)
  object space 21248K, 85% used [0x00000006fb400000,0x00000006fc5b3a88,0x00000006fc8c0000)
Event: 34.463 GC heap after
Heap after GC invocations=55 (full 0):
 PSYoungGen      total 104576K, used 13544K [0x00000007aacb0000, 0x00000007b4830000, 0x0000000800000000)
  eden space 59968K, 0% used [0x00000007aacb0000,0x00000007aacb0000,0x00000007ae740000)
  from space 44608K, 30% used [0x00000007ae740000,0x00000007af47a190,0x00000007b12d0000)
  to   space 43328K, 0% used [0x00000007b1de0000,0x00000007b1de0000,0x00000007b4830000)
 ParOldGen       total 174528K, used 128207K [0x0000000700600000, 0x000000070b070000, 0x00000007aacb0000)
  object space 174528K, 73% used [0x0000000700600000,0x0000000708333cc0,0x000000070b070000)
 PSPermGen       total 21248K, used 18126K [0x00000006fb400000, 0x00000006fc8c0000, 0x0000000700600000)
  object space 21248K, 85% used [0x00000006fb400000,0x00000006fc5b3a88,0x00000006fc8c0000)
}

