# JRE version: 7.0_07-b11
# Java VM: Java HotSpot(TM) 64-Bit Server VM (23.3-b01 mixed mode windows-amd64 compressed oops)
Heap
 PSYoungGen      total 715840K, used 652076K [0x00000007aacb0000, 0x00000007dc320000, 0x0000000800000000)
  eden space 697344K, 90% used [0x00000007aacb0000,0x00000007d1776dc8,0x00000007d55b0000)
  from space 18496K, 99% used [0x00000007db110000,0x00000007dc314430,0x00000007dc320000)
  to   space 48384K, 0% used [0x00000007d64a0000,0x00000007d64a0000,0x00000007d93e0000)
 ParOldGen       total 211456K, used 150766K [0x0000000700600000, 0x000000070d480000, 0x00000007aacb0000)
  object space 211456K, 71% used [0x0000000700600000,0x000000070993b918,0x000000070d480000)
 PSPermGen       total 40896K, used 18087K [0x00000006fb400000, 0x00000006fdbf0000, 0x0000000700600000)
  object space 40896K, 44% used [0x00000006fb400000,0x00000006fc5a9c68,0x00000006fdbf0000)
GC Heap History (10 events):
Event: 7.484 GC heap before
{Heap before GC invocations=8 (full 0):
 PSYoungGen      total 298304K, used 284105K [0x00000007aacb0000, 0x00000007cf6f0000, 0x0000000800000000)
  eden space 261888K, 98% used [0x00000007aacb0000,0x00000007ba9275b0,0x00000007bac70000)
  from space 36416K, 70% used [0x00000007bac70000,0x00000007bc56b0e0,0x00000007bd000000)
  to   space 38272K, 0% used [0x00000007cd190000,0x00000007cd190000,0x00000007cf6f0000)
 ParOldGen       total 174528K, used 80678K [0x0000000700600000, 0x000000070b070000, 0x00000007aacb0000)
  object space 174528K, 46% used [0x0000000700600000,0x00000007054c9b20,0x000000070b070000)
 PSPermGen       total 21248K, used 18008K [0x00000006fb400000, 0x00000006fc8c0000, 0x0000000700600000)
  object space 21248K, 84% used [0x00000006fb400000,0x00000006fc596250,0x00000006fc8c0000)
Event: 7.495 GC heap after
Heap after GC invocations=8 (full 0):
 PSYoungGen      total 556416K, used 36169K [0x00000007aacb0000, 0x00000007d01f0000, 0x0000000800000000)
  eden space 518144K, 0% used [0x00000007aacb0000,0x00000007aacb0000,0x00000007ca6b0000)
  from space 38272K, 94% used [0x00000007cd190000,0x00000007cf4e2570,0x00000007cf6f0000)
  to   space 43904K, 0% used [0x00000007ca6b0000,0x00000007ca6b0000,0x00000007cd190000)
 ParOldGen       total 174528K, used 80734K [0x0000000700600000, 0x000000070b070000, 0x00000007aacb0000)
  object space 174528K, 46% used [0x0000000700600000,0x00000007054d7b20,0x000000070b070000)
 PSPermGen       total 21248K, used 18008K [0x00000006fb400000, 0x00000006fc8c0000, 0x0000000700600000)
  object space 21248K, 84% used [0x00000006fb400000,0x00000006fc596250,0x00000006fc8c0000)
}
Event: 9.196 GC heap before
{Heap before GC invocations=9 (full 1):
 PSYoungGen      total 556416K, used 554284K [0x00000007aacb0000, 0x00000007d01f0000, 0x0000000800000000)
  eden space 518144K, 99% used [0x00000007aacb0000,0x00000007ca6a8cd0,0x00000007ca6b0000)
  from space 38272K, 94% used [0x00000007cd190000,0x00000007cf4e2570,0x00000007cf6f0000)
  to   space 43904K, 0% used [0x00000007ca6b0000,0x00000007ca6b0000,0x00000007cd190000)
 ParOldGen       total 358208K, used 358034K [0x0000000700600000, 0x00000007163d0000, 0x00000007aacb0000)
  object space 358208K, 99% used [0x0000000700600000,0x00000007163a48d0,0x00000007163d0000)
 PSPermGen       total 21248K, used 18037K [0x00000006fb400000, 0x00000006fc8c0000, 0x0000000700600000)
  object space 21248K, 84% used [0x00000006fb400000,0x00000006fc59d6f8,0x00000006fc8c0000)
Event: 9.265 GC heap after
Heap after GC invocations=9 (full 1):
 PSYoungGen      total 556416K, used 0K [0x00000007aacb0000, 0x00000007d01f0000, 0x0000000800000000)
  eden space 518144K, 0% used [0x00000007aacb0000,0x00000007aacb0000,0x00000007ca6b0000)
  from space 38272K, 0% used [0x00000007cd190000,0x00000007cd190000,0x00000007cf6f0000)
  to   space 43904K, 0% used [0x00000007ca6b0000,0x00000007ca6b0000,0x00000007cd190000)
 ParOldGen       total 153728K, used 41153K [0x0000000700600000, 0x0000000709c20000, 0x00000007aacb0000)
  object space 153728K, 26% used [0x0000000700600000,0x0000000702e305a0,0x0000000709c20000)
 PSPermGen       total 36608K, used 18031K [0x00000006fb400000, 0x00000006fd7c0000, 0x0000000700600000)
  object space 36608K, 49% used [0x00000006fb400000,0x00000006fc59bc60,0x00000006fd7c0000)
}
Event: 10.281 GC heap before
{Heap before GC invocations=10 (full 1):
 PSYoungGen      total 556416K, used 516912K [0x00000007aacb0000, 0x00000007d01f0000, 0x0000000800000000)
  eden space 518144K, 99% used [0x00000007aacb0000,0x00000007ca57c230,0x00000007ca6b0000)
  from space 38272K, 0% used [0x00000007cd190000,0x00000007cd190000,0x00000007cf6f0000)
  to   space 43904K, 0% used [0x00000007ca6b0000,0x00000007ca6b0000,0x00000007cd190000)
 ParOldGen       total 153728K, used 44570K [0x0000000700600000, 0x0000000709c20000, 0x00000007aacb0000)
  object space 153728K, 28% used [0x0000000700600000,0x0000000703186a70,0x0000000709c20000)
 PSPermGen       total 36608K, used 18044K [0x00000006fb400000, 0x00000006fd7c0000, 0x0000000700600000)
  object space 36608K, 49% used [0x00000006fb400000,0x00000006fc59f268,0x00000006fd7c0000)
Event: 10.296 GC heap after
Heap after GC invocations=10 (full 1):
 PSYoungGen      total 562048K, used 42754K [0x00000007aacb0000, 0x00000007de270000, 0x0000000800000000)
  eden space 518144K, 0% used [0x00000007aacb0000,0x00000007aacb0000,0x00000007ca6b0000)
  from space 43904K, 97% used [0x00000007ca6b0000,0x00000007cd070870,0x00000007cd190000)
  to   space 50560K, 0% used [0x00000007db110000,0x00000007db110000,0x00000007de270000)
 ParOldGen       total 153728K, used 88597K [0x0000000700600000, 0x0000000709c20000, 0x00000007aacb0000)
  object space 153728K, 57% used [0x0000000700600000,0x0000000705c85670,0x0000000709c20000)
 PSPermGen       total 36608K, used 18044K [0x00000006fb400000, 0x00000006fd7c0000, 0x0000000700600000)
  object space 36608K, 49% used [0x00000006fb400000,0x00000006fc59f268,0x00000006fd7c0000)
}
Event: 11.882 GC heap before
{Heap before GC invocations=11 (full 2):
 PSYoungGen      total 562048K, used 560882K [0x00000007aacb0000, 0x00000007de270000, 0x0000000800000000)
  eden space 518144K, 99% used [0x00000007aacb0000,0x00000007ca6ac248,0x00000007ca6b0000)
  from space 43904K, 97% used [0x00000007ca6b0000,0x00000007cd070870,0x00000007cd190000)
  to   space 50560K, 0% used [0x00000007db110000,0x00000007db110000,0x00000007de270000)
 ParOldGen       total 413056K, used 412750K [0x0000000700600000, 0x0000000719960000, 0x00000007aacb0000)
  object space 413056K, 99% used [0x0000000700600000,0x0000000719913a00,0x0000000719960000)
 PSPermGen       total 36608K, used 18059K [0x00000006fb400000, 0x00000006fd7c0000, 0x0000000700600000)
  object space 36608K, 49% used [0x00000006fb400000,0x00000006fc5a2dd0,0x00000006fd7c0000)
Event: 11.927 GC heap after
Heap after GC invocations=11 (full 2):
 PSYoungGen      total 562048K, used 0K [0x00000007aacb0000, 0x00000007de270000, 0x0000000800000000)
  eden space 518144K, 0% used [0x00000007aacb0000,0x00000007aacb0000,0x00000007ca6b0000)
  from space 43904K, 0% used [0x00000007ca6b0000,0x00000007ca6b0000,0x00000007cd190000)
  to   space 50560K, 0% used [0x00000007db110000,0x00000007db110000,0x00000007de270000)
 ParOldGen       total 211456K, used 56963K [0x0000000700600000, 0x000000070d480000, 0x00000007aacb0000)
  object space 211456K, 26% used [0x0000000700600000,0x0000000703da0fa8,0x000000070d480000)
 PSPermGen       total 40896K, used 18059K [0x00000006fb400000, 0x00000006fdbf0000, 0x0000000700600000)
  object space 40896K, 44% used [0x00000006fb400000,0x00000006fc5a2d10,0x00000006fdbf0000)
}
Event: 13.095 GC heap before
{Heap before GC invocations=12 (full 2):
 PSYoungGen      total 562048K, used 518144K [0x00000007aacb0000, 0x00000007de270000, 0x0000000800000000)
  eden space 518144K, 100% used [0x00000007aacb0000,0x00000007ca6b0000,0x00000007ca6b0000)
  from space 43904K, 0% used [0x00000007ca6b0000,0x00000007ca6b0000,0x00000007cd190000)
  to   space 50560K, 0% used [0x00000007db110000,0x00000007db110000,0x00000007de270000)
 ParOldGen       total 211456K, used 150766K [0x0000000700600000, 0x000000070d480000, 0x00000007aacb0000)
  object space 211456K, 71% used [0x0000000700600000,0x000000070993b918,0x000000070d480000)
 PSPermGen       total 40896K, used 18074K [0x00000006fb400000, 0x00000006fdbf0000, 0x0000000700600000)
  object space 40896K, 44% used [0x00000006fb400000,0x00000006fc5a68e0,0x00000006fdbf0000)
Event: 13.100 GC heap after
Heap after GC invocations=12 (full 2):
 PSYoungGen      total 715840K, used 18449K [0x00000007aacb0000, 0x00000007dc320000, 0x0000000800000000)
  eden space 697344K, 0% used [0x00000007aacb0000,0x00000007aacb0000,0x00000007d55b0000)
  from space 18496K, 99% used [0x00000007db110000,0x00000007dc314430,0x00000007dc320000)
  to   space 48384K, 0% used [0x00000007d64a0000,0x00000007d64a0000,0x00000007d93e0000)
 ParOldGen       total 211456K, used 150766K [0x0000000700600000, 0x000000070d480000, 0x00000007aacb0000)
  object space 211456K, 71% used [0x0000000700600000,0x000000070993b918,0x000000070d480000)
 PSPermGen       total 40896K, used 18074K [0x00000006fb400000, 0x00000006fdbf0000, 0x0000000700600000)
  object space 40896K, 44% used [0x00000006fb400000,0x00000006fc5a68e0,0x00000006fdbf0000)
}

