# JRE version: 7.0_07-b11
# Java VM: Java HotSpot(TM) 64-Bit Server VM (23.3-b01 mixed mode windows-amd64 compressed oops)
Heap
 PSYoungGen      total 376256K, used 349610K [0x00000007aacb0000, 0x00000007c85a0000, 0x0000000800000000)
  eden space 284352K, 99% used [0x00000007aacb0000,0x00000007bc219b98,0x00000007bc260000)
  from space 91904K, 71% used [0x00000007c2070000,0x00000007c6070df8,0x00000007c7a30000)
  to   space 96320K, 0% used [0x00000007bc260000,0x00000007bc260000,0x00000007c2070000)
 ParOldGen       total 312256K, used 254451K [0x0000000700600000, 0x00000007136f0000, 0x00000007aacb0000)
  object space 312256K, 81% used [0x0000000700600000,0x000000070fe7ccd8,0x00000007136f0000)
 PSPermGen       total 37760K, used 18146K [0x00000006fb400000, 0x00000006fd8e0000, 0x0000000700600000)
  object space 37760K, 48% used [0x00000006fb400000,0x00000006fc5b88c8,0x00000006fd8e0000)
GC Heap History (10 events):
Event: 32.057 GC heap before
{Heap before GC invocations=30 (full 4):
 PSYoungGen      total 278336K, used 263319K [0x00000007aacb0000, 0x00000007c37b0000, 0x0000000800000000)
  eden space 199104K, 100% used [0x00000007aacb0000,0x00000007b6f20000,0x00000007b6f20000)
  from space 79232K, 81% used [0x00000007b6f20000,0x00000007badd5df8,0x00000007bbc80000)
  to   space 87360K, 0% used [0x00000007be260000,0x00000007be260000,0x00000007c37b0000)
 ParOldGen       total 312256K, used 212092K [0x0000000700600000, 0x00000007136f0000, 0x00000007aacb0000)
  object space 312256K, 67% used [0x0000000700600000,0x000000070d51f368,0x00000007136f0000)
 PSPermGen       total 37760K, used 18121K [0x00000006fb400000, 0x00000006fd8e0000, 0x0000000700600000)
  object space 37760K, 47% used [0x00000006fb400000,0x00000006fc5b26f0,0x00000006fd8e0000)
Event: 32.071 GC heap after
Heap after GC invocations=30 (full 4):
 PSYoungGen      total 310592K, used 64705K [0x00000007aacb0000, 0x00000007c43a0000, 0x0000000800000000)
  eden space 223232K, 0% used [0x00000007aacb0000,0x00000007aacb0000,0x00000007b86b0000)
  from space 87360K, 74% used [0x00000007be260000,0x00000007c2190558,0x00000007c37b0000)
  to   space 93888K, 0% used [0x00000007b86b0000,0x00000007b86b0000,0x00000007be260000)
 ParOldGen       total 312256K, used 212092K [0x0000000700600000, 0x00000007136f0000, 0x00000007aacb0000)
  object space 312256K, 67% used [0x0000000700600000,0x000000070d51f368,0x00000007136f0000)
 PSPermGen       total 37760K, used 18121K [0x00000006fb400000, 0x00000006fd8e0000, 0x0000000700600000)
  object space 37760K, 47% used [0x00000006fb400000,0x00000006fc5b26f0,0x00000006fd8e0000)
}
Event: 33.324 GC heap before
{Heap before GC invocations=31 (full 4):
 PSYoungGen      total 310592K, used 287937K [0x00000007aacb0000, 0x00000007c43a0000, 0x0000000800000000)
  eden space 223232K, 100% used [0x00000007aacb0000,0x00000007b86b0000,0x00000007b86b0000)
  from space 87360K, 74% used [0x00000007be260000,0x00000007c2190558,0x00000007c37b0000)
  to   space 93888K, 0% used [0x00000007b86b0000,0x00000007b86b0000,0x00000007be260000)
 ParOldGen       total 312256K, used 246349K [0x0000000700600000, 0x00000007136f0000, 0x00000007aacb0000)
  object space 312256K, 78% used [0x0000000700600000,0x000000070f6936e0,0x00000007136f0000)
 PSPermGen       total 37760K, used 18126K [0x00000006fb400000, 0x00000006fd8e0000, 0x0000000700600000)
  object space 37760K, 48% used [0x00000006fb400000,0x00000006fc5b3ae0,0x00000006fd8e0000)
Event: 33.331 GC heap after
Heap after GC invocations=31 (full 4):
 PSYoungGen      total 317120K, used 51160K [0x00000007aacb0000, 0x00000007c5c90000, 0x0000000800000000)
  eden space 223232K, 0% used [0x00000007aacb0000,0x00000007aacb0000,0x00000007b86b0000)
  from space 93888K, 54% used [0x00000007b86b0000,0x00000007bb8a6000,0x00000007be260000)
  to   space 93888K, 0% used [0x00000007c00e0000,0x00000007c00e0000,0x00000007c5c90000)
 ParOldGen       total 312256K, used 246349K [0x0000000700600000, 0x00000007136f0000, 0x00000007aacb0000)
  object space 312256K, 78% used [0x0000000700600000,0x000000070f6936e0,0x00000007136f0000)
 PSPermGen       total 37760K, used 18126K [0x00000006fb400000, 0x00000006fd8e0000, 0x0000000700600000)
  object space 37760K, 48% used [0x00000006fb400000,0x00000006fc5b3ae0,0x00000006fd8e0000)
}
Event: 34.062 GC heap before
{Heap before GC invocations=32 (full 4):
 PSYoungGen      total 317120K, used 274392K [0x00000007aacb0000, 0x00000007c5c90000, 0x0000000800000000)
  eden space 223232K, 100% used [0x00000007aacb0000,0x00000007b86b0000,0x00000007b86b0000)
  from space 93888K, 54% used [0x00000007b86b0000,0x00000007bb8a6000,0x00000007be260000)
  to   space 93888K, 0% used [0x00000007c00e0000,0x00000007c00e0000,0x00000007c5c90000)
 ParOldGen       total 312256K, used 252426K [0x0000000700600000, 0x00000007136f0000, 0x00000007aacb0000)
  object space 312256K, 80% used [0x0000000700600000,0x000000070fc828c8,0x00000007136f0000)
 PSPermGen       total 37760K, used 18128K [0x00000006fb400000, 0x00000006fd8e0000, 0x0000000700600000)
  object space 37760K, 48% used [0x00000006fb400000,0x00000006fc5b40d8,0x00000006fd8e0000)
Event: 34.070 GC heap after
Heap after GC invocations=32 (full 4):
 PSYoungGen      total 348096K, used 53186K [0x00000007aacb0000, 0x00000007c5e40000, 0x0000000800000000)
  eden space 254208K, 0% used [0x00000007aacb0000,0x00000007aacb0000,0x00000007ba4f0000)
  from space 93888K, 56% used [0x00000007c00e0000,0x00000007c34d08a8,0x00000007c5c90000)
  to   space 94144K, 0% used [0x00000007ba4f0000,0x00000007ba4f0000,0x00000007c00e0000)
 ParOldGen       total 312256K, used 252426K [0x0000000700600000, 0x00000007136f0000, 0x00000007aacb0000)
  object space 312256K, 80% used [0x0000000700600000,0x000000070fc828c8,0x00000007136f0000)
 PSPermGen       total 37760K, used 18128K [0x00000006fb400000, 0x00000006fd8e0000, 0x0000000700600000)
  object space 37760K, 48% used [0x00000006fb400000,0x00000006fc5b40d8,0x00000006fd8e0000)
}
Event: 35.292 GC heap before
{Heap before GC invocations=33 (full 4):
 PSYoungGen      total 348096K, used 305908K [0x00000007aacb0000, 0x00000007c5e40000, 0x0000000800000000)
  eden space 254208K, 99% used [0x00000007aacb0000,0x00000007ba37c768,0x00000007ba4f0000)
  from space 93888K, 56% used [0x00000007c00e0000,0x00000007c34d08a8,0x00000007c5c90000)
  to   space 94144K, 0% used [0x00000007ba4f0000,0x00000007ba4f0000,0x00000007c00e0000)
 ParOldGen       total 312256K, used 252426K [0x0000000700600000, 0x00000007136f0000, 0x00000007aacb0000)
  object space 312256K, 80% used [0x0000000700600000,0x000000070fc828c8,0x00000007136f0000)
 PSPermGen       total 37760K, used 18130K [0x00000006fb400000, 0x00000006fd8e0000, 0x0000000700600000)
  object space 37760K, 48% used [0x00000006fb400000,0x00000006fc5b4aa8,0x00000006fd8e0000)
Event: 35.299 GC heap after
Heap after GC invocations=33 (full 4):
 PSYoungGen      total 348352K, used 47546K [0x00000007aacb0000, 0x00000007c7a30000, 0x0000000800000000)
  eden space 254208K, 0% used [0x00000007aacb0000,0x00000007aacb0000,0x00000007ba4f0000)
  from space 94144K, 50% used [0x00000007ba4f0000,0x00000007bd35eb90,0x00000007c00e0000)
  to   space 91904K, 0% used [0x00000007c2070000,0x00000007c2070000,0x00000007c7a30000)
 ParOldGen       total 312256K, used 252426K [0x0000000700600000, 0x00000007136f0000, 0x00000007aacb0000)
  object space 312256K, 80% used [0x0000000700600000,0x000000070fc828c8,0x00000007136f0000)
 PSPermGen       total 37760K, used 18130K [0x00000006fb400000, 0x00000006fd8e0000, 0x0000000700600000)
  object space 37760K, 48% used [0x00000006fb400000,0x00000006fc5b4aa8,0x00000006fd8e0000)
}
Event: 36.241 GC heap before
{Heap before GC invocations=34 (full 4):
 PSYoungGen      total 348352K, used 301202K [0x00000007aacb0000, 0x00000007c7a30000, 0x0000000800000000)
  eden space 254208K, 99% used [0x00000007aacb0000,0x00000007ba465fc0,0x00000007ba4f0000)
  from space 94144K, 50% used [0x00000007ba4f0000,0x00000007bd35eb90,0x00000007c00e0000)
  to   space 91904K, 0% used [0x00000007c2070000,0x00000007c2070000,0x00000007c7a30000)
 ParOldGen       total 312256K, used 254451K [0x0000000700600000, 0x00000007136f0000, 0x00000007aacb0000)
  object space 312256K, 81% used [0x0000000700600000,0x000000070fe7ccd8,0x00000007136f0000)
 PSPermGen       total 37760K, used 18133K [0x00000006fb400000, 0x00000006fd8e0000, 0x0000000700600000)
  object space 37760K, 48% used [0x00000006fb400000,0x00000006fc5b5598,0x00000006fd8e0000)
Event: 36.255 GC heap after
Heap after GC invocations=34 (full 4):
 PSYoungGen      total 376256K, used 65539K [0x00000007aacb0000, 0x00000007c85a0000, 0x0000000800000000)
  eden space 284352K, 0% used [0x00000007aacb0000,0x00000007aacb0000,0x00000007bc260000)
  from space 91904K, 71% used [0x00000007c2070000,0x00000007c6070df8,0x00000007c7a30000)
  to   space 96320K, 0% used [0x00000007bc260000,0x00000007bc260000,0x00000007c2070000)
 ParOldGen       total 312256K, used 254451K [0x0000000700600000, 0x00000007136f0000, 0x00000007aacb0000)
  object space 312256K, 81% used [0x0000000700600000,0x000000070fe7ccd8,0x00000007136f0000)
 PSPermGen       total 37760K, used 18133K [0x00000006fb400000, 0x00000006fd8e0000, 0x0000000700600000)
  object space 37760K, 48% used [0x00000006fb400000,0x00000006fc5b5598,0x00000006fd8e0000)
}

