# JRE version: 7.0_07-b11
# Java VM: Java HotSpot(TM) 64-Bit Server VM (23.3-b01 mixed mode windows-amd64 compressed oops)
Heap
 PSYoungGen      total 316608K, used 126067K [0x00000007aacb0000, 0x00000007c2d70000, 0x0000000800000000)
  eden space 257728K, 48% used [0x00000007aacb0000,0x00000007b27ccff0,0x00000007ba860000)
  from space 58880K, 0% used [0x00000007be7f0000,0x00000007be7f0000,0x00000007c2170000)
  to   space 65088K, 0% used [0x00000007ba860000,0x00000007ba860000,0x00000007be7f0000)
 ParOldGen       total 299008K, used 38559K [0x0000000700600000, 0x0000000712a00000, 0x00000007aacb0000)
  object space 299008K, 12% used [0x0000000700600000,0x0000000702ba7c08,0x0000000712a00000)
 PSPermGen       total 39232K, used 18007K [0x00000006fb400000, 0x00000006fda50000, 0x0000000700600000)
  object space 39232K, 45% used [0x00000006fb400000,0x00000006fc595e80,0x00000006fda50000)
GC Heap History (10 events):
Event: 8.154 GC heap before
{Heap before GC invocations=9 (full 2):
 PSYoungGen      total 155008K, used 145570K [0x00000007aacb0000, 0x00000007b7b60000, 0x0000000800000000)
  eden space 116480K, 99% used [0x00000007aacb0000,0x00000007b1e4b008,0x00000007b1e70000)
  from space 38528K, 75% used [0x00000007b47f0000,0x00000007b647dbd0,0x00000007b6d90000)
  to   space 42496K, 0% used [0x00000007b1e70000,0x00000007b1e70000,0x00000007b47f0000)
 ParOldGen       total 246016K, used 107493K [0x0000000700600000, 0x000000070f640000, 0x00000007aacb0000)
  object space 246016K, 43% used [0x0000000700600000,0x0000000706ef96c0,0x000000070f640000)
 PSPermGen       total 40896K, used 17948K [0x00000006fb400000, 0x00000006fdbf0000, 0x0000000700600000)
  object space 40896K, 43% used [0x00000006fb400000,0x00000006fc587020,0x00000006fdbf0000)
Event: 8.164 GC heap after
Heap after GC invocations=9 (full 2):
 PSYoungGen      total 158976K, used 41420K [0x00000007aacb0000, 0x00000007bc9e0000, 0x0000000800000000)
  eden space 116480K, 0% used [0x00000007aacb0000,0x00000007aacb0000,0x00000007b1e70000)
  from space 42496K, 97% used [0x00000007b1e70000,0x00000007b46e33f0,0x00000007b47f0000)
  to   space 50816K, 0% used [0x00000007b9840000,0x00000007b9840000,0x00000007bc9e0000)
 ParOldGen       total 246016K, used 107493K [0x0000000700600000, 0x000000070f640000, 0x00000007aacb0000)
  object space 246016K, 43% used [0x0000000700600000,0x0000000706ef96c0,0x000000070f640000)
 PSPermGen       total 40896K, used 17948K [0x00000006fb400000, 0x00000006fdbf0000, 0x0000000700600000)
  object space 40896K, 43% used [0x00000006fb400000,0x00000006fc587020,0x00000006fdbf0000)
}
Event: 8.378 GC heap before
{Heap before GC invocations=10 (full 2):
 PSYoungGen      total 158976K, used 155016K [0x00000007aacb0000, 0x00000007bc9e0000, 0x0000000800000000)
  eden space 116480K, 97% used [0x00000007aacb0000,0x00000007b1b9ed88,0x00000007b1e70000)
  from space 42496K, 97% used [0x00000007b1e70000,0x00000007b46e33f0,0x00000007b47f0000)
  to   space 50816K, 0% used [0x00000007b9840000,0x00000007b9840000,0x00000007bc9e0000)
 ParOldGen       total 246016K, used 107493K [0x0000000700600000, 0x000000070f640000, 0x00000007aacb0000)
  object space 246016K, 43% used [0x0000000700600000,0x0000000706ef96c0,0x000000070f640000)
 PSPermGen       total 40896K, used 17948K [0x00000006fb400000, 0x00000006fdbf0000, 0x0000000700600000)
  object space 40896K, 43% used [0x00000006fb400000,0x00000006fc587020,0x00000006fdbf0000)
Event: 8.386 GC heap after
Heap after GC invocations=10 (full 2):
 PSYoungGen      total 241216K, used 29270K [0x00000007aacb0000, 0x00000007bcb60000, 0x0000000800000000)
  eden space 190400K, 0% used [0x00000007aacb0000,0x00000007aacb0000,0x00000007b66a0000)
  from space 50816K, 57% used [0x00000007b9840000,0x00000007bb4d5bd0,0x00000007bc9e0000)
  to   space 50816K, 0% used [0x00000007b66a0000,0x00000007b66a0000,0x00000007b9840000)
 ParOldGen       total 246016K, used 107549K [0x0000000700600000, 0x000000070f640000, 0x00000007aacb0000)
  object space 246016K, 43% used [0x0000000700600000,0x0000000706f076c0,0x000000070f640000)
 PSPermGen       total 40896K, used 17948K [0x00000006fb400000, 0x00000006fdbf0000, 0x0000000700600000)
  object space 40896K, 43% used [0x00000006fb400000,0x00000006fc587020,0x00000006fdbf0000)
}
Event: 8.809 GC heap before
{Heap before GC invocations=11 (full 2):
 PSYoungGen      total 241216K, used 219626K [0x00000007aacb0000, 0x00000007bcb60000, 0x0000000800000000)
  eden space 190400K, 99% used [0x00000007aacb0000,0x00000007b6694fe0,0x00000007b66a0000)
  from space 50816K, 57% used [0x00000007b9840000,0x00000007bb4d5bd0,0x00000007bc9e0000)
  to   space 50816K, 0% used [0x00000007b66a0000,0x00000007b66a0000,0x00000007b9840000)
 ParOldGen       total 246016K, used 107549K [0x0000000700600000, 0x000000070f640000, 0x00000007aacb0000)
  object space 246016K, 43% used [0x0000000700600000,0x0000000706f076c0,0x000000070f640000)
 PSPermGen       total 40896K, used 17953K [0x00000006fb400000, 0x00000006fdbf0000, 0x0000000700600000)
  object space 40896K, 43% used [0x00000006fb400000,0x00000006fc5887e8,0x00000006fdbf0000)
Event: 8.822 GC heap after
Heap after GC invocations=11 (full 2):
 PSYoungGen      total 241216K, used 50049K [0x00000007aacb0000, 0x00000007c2170000, 0x0000000800000000)
  eden space 190400K, 0% used [0x00000007aacb0000,0x00000007aacb0000,0x00000007b66a0000)
  from space 50816K, 98% used [0x00000007b66a0000,0x00000007b9780430,0x00000007b9840000)
  to   space 58880K, 0% used [0x00000007be7f0000,0x00000007be7f0000,0x00000007c2170000)
 ParOldGen       total 246016K, used 119755K [0x0000000700600000, 0x000000070f640000, 0x00000007aacb0000)
  object space 246016K, 48% used [0x0000000700600000,0x0000000707af2ef0,0x000000070f640000)
 PSPermGen       total 40896K, used 17953K [0x00000006fb400000, 0x00000006fdbf0000, 0x0000000700600000)
  object space 40896K, 43% used [0x00000006fb400000,0x00000006fc5887e8,0x00000006fdbf0000)
}
Event: 9.206 GC heap before
{Heap before GC invocations=12 (full 2):
 PSYoungGen      total 241216K, used 238413K [0x00000007aacb0000, 0x00000007c2170000, 0x0000000800000000)
  eden space 190400K, 98% used [0x00000007aacb0000,0x00000007b64a3048,0x00000007b66a0000)
  from space 50816K, 98% used [0x00000007b66a0000,0x00000007b9780430,0x00000007b9840000)
  to   space 58880K, 0% used [0x00000007be7f0000,0x00000007be7f0000,0x00000007c2170000)
 ParOldGen       total 246016K, used 129247K [0x0000000700600000, 0x000000070f640000, 0x00000007aacb0000)
  object space 246016K, 52% used [0x0000000700600000,0x0000000708437fd0,0x000000070f640000)
 PSPermGen       total 40896K, used 17972K [0x00000006fb400000, 0x00000006fdbf0000, 0x0000000700600000)
  object space 40896K, 43% used [0x00000006fb400000,0x00000006fc58d048,0x00000006fdbf0000)
Event: 9.218 GC heap after
Heap after GC invocations=12 (full 2):
 PSYoungGen      total 316608K, used 51081K [0x00000007aacb0000, 0x00000007c2d70000, 0x0000000800000000)
  eden space 257728K, 0% used [0x00000007aacb0000,0x00000007aacb0000,0x00000007ba860000)
  from space 58880K, 86% used [0x00000007be7f0000,0x00000007c19d27e0,0x00000007c2170000)
  to   space 65088K, 0% used [0x00000007ba860000,0x00000007ba860000,0x00000007be7f0000)
 ParOldGen       total 246016K, used 129263K [0x0000000700600000, 0x000000070f640000, 0x00000007aacb0000)
  object space 246016K, 52% used [0x0000000700600000,0x000000070843bfd0,0x000000070f640000)
 PSPermGen       total 40896K, used 17972K [0x00000006fb400000, 0x00000006fdbf0000, 0x0000000700600000)
  object space 40896K, 43% used [0x00000006fb400000,0x00000006fc58d048,0x00000006fdbf0000)
}
Event: 10.384 GC heap before
{Heap before GC invocations=13 (full 3):
 PSYoungGen      total 316608K, used 308809K [0x00000007aacb0000, 0x00000007c2d70000, 0x0000000800000000)
  eden space 257728K, 100% used [0x00000007aacb0000,0x00000007ba860000,0x00000007ba860000)
  from space 58880K, 86% used [0x00000007be7f0000,0x00000007c19d27e0,0x00000007c2170000)
  to   space 65088K, 0% used [0x00000007ba860000,0x00000007ba860000,0x00000007be7f0000)
 ParOldGen       total 431616K, used 429302K [0x0000000700600000, 0x000000071ab80000, 0x00000007aacb0000)
  object space 431616K, 99% used [0x0000000700600000,0x000000071a93d9c0,0x000000071ab80000)
 PSPermGen       total 40896K, used 17980K [0x00000006fb400000, 0x00000006fdbf0000, 0x0000000700600000)
  object space 40896K, 43% used [0x00000006fb400000,0x00000006fc58f2f8,0x00000006fdbf0000)
Event: 10.423 GC heap after
Heap after GC invocations=13 (full 3):
 PSYoungGen      total 316608K, used 0K [0x00000007aacb0000, 0x00000007c2d70000, 0x0000000800000000)
  eden space 257728K, 0% used [0x00000007aacb0000,0x00000007aacb0000,0x00000007ba860000)
  from space 58880K, 0% used [0x00000007be7f0000,0x00000007be7f0000,0x00000007c2170000)
  to   space 65088K, 0% used [0x00000007ba860000,0x00000007ba860000,0x00000007be7f0000)
 ParOldGen       total 299008K, used 38559K [0x0000000700600000, 0x0000000712a00000, 0x00000007aacb0000)
  object space 299008K, 12% used [0x0000000700600000,0x0000000702ba7c08,0x0000000712a00000)
 PSPermGen       total 39232K, used 17980K [0x00000006fb400000, 0x00000006fda50000, 0x0000000700600000)
  object space 39232K, 45% used [0x00000006fb400000,0x00000006fc58f2c8,0x00000006fda50000)
}

