# JRE version: 7.0_07-b11
# Java VM: Java HotSpot(TM) 64-Bit Server VM (23.3-b01 mixed mode windows-amd64 compressed oops)
Heap
 PSYoungGen      total 75712K, used 74914K [0x00000007aacb0000, 0x00000007b02f0000, 0x0000000800000000)
  eden space 65664K, 99% used [0x00000007aacb0000,0x00000007aec4b8c0,0x00000007aecd0000)
  from space 10048K, 97% used [0x00000007af920000,0x00000007b02ad0e0,0x00000007b02f0000)
  to   space 11328K, 0% used [0x00000007aecd0000,0x00000007aecd0000,0x00000007af7e0000)
 ParOldGen       total 221696K, used 205179K [0x0000000700600000, 0x000000070de80000, 0x00000007aacb0000)
  object space 221696K, 92% used [0x0000000700600000,0x000000070ce5ef00,0x000000070de80000)
 PSPermGen       total 36096K, used 18095K [0x00000006fb400000, 0x00000006fd740000, 0x0000000700600000)
  object space 36096K, 50% used [0x00000006fb400000,0x00000006fc5abdb8,0x00000006fd740000)
GC Heap History (10 events):
Event: 85.624 GC heap before
{Heap before GC invocations=145 (full 4):
 PSYoungGen      total 79872K, used 77233K [0x00000007aacb0000, 0x00000007b06f0000, 0x0000000800000000)
  eden space 69376K, 96% used [0x00000007aacb0000,0x00000007aede17a0,0x00000007af070000)
  from space 10496K, 99% used [0x00000007afcb0000,0x00000007b06eae70,0x00000007b06f0000)
  to   space 11456K, 0% used [0x00000007af090000,0x00000007af090000,0x00000007afbc0000)
 ParOldGen       total 222720K, used 81019K [0x0000000700600000, 0x000000070df80000, 0x00000007aacb0000)
  object space 222720K, 36% used [0x0000000700600000,0x000000070551ed00,0x000000070df80000)
 PSPermGen       total 37696K, used 18014K [0x00000006fb400000, 0x00000006fd8d0000, 0x0000000700600000)
  object space 37696K, 47% used [0x00000006fb400000,0x00000006fc5978e0,0x00000006fd8d0000)
Event: 85.626 GC heap after
Heap after GC invocations=145 (full 4):
 PSYoungGen      total 78976K, used 10507K [0x00000007aacb0000, 0x00000007b05e0000, 0x0000000800000000)
  eden space 68416K, 0% used [0x00000007aacb0000,0x00000007aacb0000,0x00000007aef80000)
  from space 10560K, 99% used [0x00000007af090000,0x00000007afad2e70,0x00000007afae0000)
  to   space 11264K, 0% used [0x00000007afae0000,0x00000007afae0000,0x00000007b05e0000)
 ParOldGen       total 222720K, used 81019K [0x0000000700600000, 0x000000070df80000, 0x00000007aacb0000)
  object space 222720K, 36% used [0x0000000700600000,0x000000070551ed00,0x000000070df80000)
 PSPermGen       total 37696K, used 18014K [0x00000006fb400000, 0x00000006fd8d0000, 0x0000000700600000)
  object space 37696K, 47% used [0x00000006fb400000,0x00000006fc5978e0,0x00000006fd8d0000)
}
Event: 86.572 GC heap before
{Heap before GC invocations=146 (full 4):
 PSYoungGen      total 78976K, used 77504K [0x00000007aacb0000, 0x00000007b05e0000, 0x0000000800000000)
  eden space 68416K, 97% used [0x00000007aacb0000,0x00000007aee1d410,0x00000007aef80000)
  from space 10560K, 99% used [0x00000007af090000,0x00000007afad2e70,0x00000007afae0000)
  to   space 11264K, 0% used [0x00000007afae0000,0x00000007afae0000,0x00000007b05e0000)
 ParOldGen       total 222720K, used 81019K [0x0000000700600000, 0x000000070df80000, 0x00000007aacb0000)
  object space 222720K, 36% used [0x0000000700600000,0x000000070551ed00,0x000000070df80000)
 PSPermGen       total 37696K, used 18015K [0x00000006fb400000, 0x00000006fd8d0000, 0x0000000700600000)
  object space 37696K, 47% used [0x00000006fb400000,0x00000006fc597d60,0x00000006fd8d0000)
Event: 86.574 GC heap after
Heap after GC invocations=146 (full 4):
 PSYoungGen      total 77952K, used 10443K [0x00000007aacb0000, 0x00000007b0520000, 0x0000000800000000)
  eden space 67456K, 0% used [0x00000007aacb0000,0x00000007aacb0000,0x00000007aee90000)
  from space 10496K, 99% used [0x00000007afae0000,0x00000007b0512e70,0x00000007b0520000)
  to   space 11392K, 0% used [0x00000007aeee0000,0x00000007aeee0000,0x00000007afa00000)
 ParOldGen       total 222720K, used 81019K [0x0000000700600000, 0x000000070df80000, 0x00000007aacb0000)
  object space 222720K, 36% used [0x0000000700600000,0x000000070551ed00,0x000000070df80000)
 PSPermGen       total 37696K, used 18015K [0x00000006fb400000, 0x00000006fd8d0000, 0x0000000700600000)
  object space 37696K, 47% used [0x00000006fb400000,0x00000006fc597d60,0x00000006fd8d0000)
}
Event: 87.526 GC heap before
{Heap before GC invocations=147 (full 4):
 PSYoungGen      total 77952K, used 77431K [0x00000007aacb0000, 0x00000007b0520000, 0x0000000800000000)
  eden space 67456K, 99% used [0x00000007aacb0000,0x00000007aee1add0,0x00000007aee90000)
  from space 10496K, 99% used [0x00000007afae0000,0x00000007b0512e70,0x00000007b0520000)
  to   space 11392K, 0% used [0x00000007aeee0000,0x00000007aeee0000,0x00000007afa00000)
 ParOldGen       total 222720K, used 87094K [0x0000000700600000, 0x000000070df80000, 0x00000007aacb0000)
  object space 222720K, 39% used [0x0000000700600000,0x0000000705b0d910,0x000000070df80000)
 PSPermGen       total 37696K, used 18022K [0x00000006fb400000, 0x00000006fd8d0000, 0x0000000700600000)
  object space 37696K, 47% used [0x00000006fb400000,0x00000006fc599a30,0x00000006fd8d0000)
Event: 87.528 GC heap after
Heap after GC invocations=147 (full 4):
 PSYoungGen      total 77056K, used 10443K [0x00000007aacb0000, 0x00000007b03f0000, 0x0000000800000000)
  eden space 66560K, 0% used [0x00000007aacb0000,0x00000007aacb0000,0x00000007aedb0000)
  from space 10496K, 99% used [0x00000007aeee0000,0x00000007af912e70,0x00000007af920000)
  to   space 11072K, 0% used [0x00000007af920000,0x00000007af920000,0x00000007b03f0000)
 ParOldGen       total 222720K, used 87094K [0x0000000700600000, 0x000000070df80000, 0x00000007aacb0000)
  object space 222720K, 39% used [0x0000000700600000,0x0000000705b0d910,0x000000070df80000)
 PSPermGen       total 37696K, used 18022K [0x00000006fb400000, 0x00000006fd8d0000, 0x0000000700600000)
  object space 37696K, 47% used [0x00000006fb400000,0x00000006fc599a30,0x00000006fd8d0000)
}
Event: 92.031 GC heap before
{Heap before GC invocations=148 (full 5):
 PSYoungGen      total 77056K, used 77003K [0x00000007aacb0000, 0x00000007b03f0000, 0x0000000800000000)
  eden space 66560K, 100% used [0x00000007aacb0000,0x00000007aedb0000,0x00000007aedb0000)
  from space 10496K, 99% used [0x00000007aeee0000,0x00000007af912e70,0x00000007af920000)
  to   space 11072K, 0% used [0x00000007af920000,0x00000007af920000,0x00000007b03f0000)
 ParOldGen       total 340608K, used 339967K [0x0000000700600000, 0x00000007152a0000, 0x00000007aacb0000)
  object space 340608K, 99% used [0x0000000700600000,0x00000007151ffe10,0x00000007152a0000)
 PSPermGen       total 37696K, used 18049K [0x00000006fb400000, 0x00000006fd8d0000, 0x0000000700600000)
  object space 37696K, 47% used [0x00000006fb400000,0x00000006fc5a04f8,0x00000006fd8d0000)
Event: 92.064 GC heap after
Heap after GC invocations=148 (full 5):
 PSYoungGen      total 77056K, used 0K [0x00000007aacb0000, 0x00000007b03f0000, 0x0000000800000000)
  eden space 66560K, 0% used [0x00000007aacb0000,0x00000007aacb0000,0x00000007aedb0000)
  from space 10496K, 0% used [0x00000007aeee0000,0x00000007aeee0000,0x00000007af920000)
  to   space 11072K, 0% used [0x00000007af920000,0x00000007af920000,0x00000007b03f0000)
 ParOldGen       total 221696K, used 30902K [0x0000000700600000, 0x000000070de80000, 0x00000007aacb0000)
  object space 221696K, 13% used [0x0000000700600000,0x000000070242da70,0x000000070de80000)
 PSPermGen       total 36096K, used 18049K [0x00000006fb400000, 0x00000006fd740000, 0x0000000700600000)
  object space 36096K, 50% used [0x00000006fb400000,0x00000006fc5a0458,0x00000006fd740000)
}
Event: 93.009 GC heap before
{Heap before GC invocations=149 (full 5):
 PSYoungGen      total 77056K, used 63813K [0x00000007aacb0000, 0x00000007b03f0000, 0x0000000800000000)
  eden space 66560K, 95% used [0x00000007aacb0000,0x00000007aeb017b8,0x00000007aedb0000)
  from space 10496K, 0% used [0x00000007aeee0000,0x00000007aeee0000,0x00000007af920000)
  to   space 11072K, 0% used [0x00000007af920000,0x00000007af920000,0x00000007b03f0000)
 ParOldGen       total 221696K, used 34319K [0x0000000700600000, 0x000000070de80000, 0x00000007aacb0000)
  object space 221696K, 15% used [0x0000000700600000,0x0000000702783f40,0x000000070de80000)
 PSPermGen       total 36096K, used 18055K [0x00000006fb400000, 0x00000006fd740000, 0x0000000700600000)
  object space 36096K, 50% used [0x00000006fb400000,0x00000006fc5a1e90,0x00000006fd740000)
Event: 93.013 GC heap after
Heap after GC invocations=149 (full 5):
 PSYoungGen      total 75712K, used 9780K [0x00000007aacb0000, 0x00000007b02f0000, 0x0000000800000000)
  eden space 65664K, 0% used [0x00000007aacb0000,0x00000007aacb0000,0x00000007aecd0000)
  from space 10048K, 97% used [0x00000007af920000,0x00000007b02ad0e0,0x00000007b02f0000)
  to   space 11328K, 0% used [0x00000007aecd0000,0x00000007aecd0000,0x00000007af7e0000)
 ParOldGen       total 221696K, used 53304K [0x0000000700600000, 0x000000070de80000, 0x00000007aacb0000)
  object space 221696K, 24% used [0x0000000700600000,0x0000000703a0e100,0x000000070de80000)
 PSPermGen       total 36096K, used 18055K [0x00000006fb400000, 0x00000006fd740000, 0x0000000700600000)
  object space 36096K, 50% used [0x00000006fb400000,0x00000006fc5a1e90,0x00000006fd740000)
}

