# JRE version: 7.0_07-b11
# Java VM: Java HotSpot(TM) 64-Bit Server VM (23.3-b01 mixed mode windows-amd64 compressed oops)
Heap
 PSYoungGen      total 254720K, used 126720K [0x00000007aacb0000, 0x00000007c0b70000, 0x0000000800000000)
  eden space 207168K, 47% used [0x00000007aacb0000,0x00000007b0bda458,0x00000007b7700000)
  from space 47552K, 61% used [0x00000007b7700000,0x00000007b9395bd0,0x00000007ba570000)
  to   space 48832K, 0% used [0x00000007bdbc0000,0x00000007bdbc0000,0x00000007c0b70000)
 ParOldGen       total 180032K, used 95872K [0x0000000700600000, 0x000000070b5d0000, 0x00000007aacb0000)
  object space 180032K, 53% used [0x0000000700600000,0x00000007063a01e8,0x000000070b5d0000)
 PSPermGen       total 40448K, used 18022K [0x00000006fb400000, 0x00000006fdb80000, 0x0000000700600000)
  object space 40448K, 44% used [0x00000006fb400000,0x00000006fc599b98,0x00000006fdb80000)
GC Heap History (10 events):
Event: 9.655 GC heap before
{Heap before GC invocations=11 (full 1):
 PSYoungGen      total 155392K, used 110652K [0x00000007aacb0000, 0x00000007bae10000, 0x0000000800000000)
  eden space 111104K, 99% used [0x00000007aacb0000,0x00000007b18bf250,0x00000007b1930000)
  from space 44288K, 0% used [0x00000007b1930000,0x00000007b1930000,0x00000007b4470000)
  to   space 42880K, 0% used [0x00000007b8430000,0x00000007b8430000,0x00000007bae10000)
 ParOldGen       total 128704K, used 25803K [0x0000000700600000, 0x00000007083b0000, 0x00000007aacb0000)
  object space 128704K, 20% used [0x0000000700600000,0x0000000701f32c48,0x00000007083b0000)
 PSPermGen       total 36224K, used 17968K [0x00000006fb400000, 0x00000006fd760000, 0x0000000700600000)
  object space 36224K, 49% used [0x00000006fb400000,0x00000006fc58c080,0x00000006fd760000)
Event: 9.663 GC heap after
Heap after GC invocations=11 (full 1):
 PSYoungGen      total 203840K, used 41252K [0x00000007aacb0000, 0x00000007bac80000, 0x0000000800000000)
  eden space 162560K, 0% used [0x00000007aacb0000,0x00000007aacb0000,0x00000007b4b70000)
  from space 41280K, 99% used [0x00000007b8430000,0x00000007bac790e0,0x00000007bac80000)
  to   space 49088K, 0% used [0x00000007b4ca0000,0x00000007b4ca0000,0x00000007b7c90000)
 ParOldGen       total 128704K, used 31878K [0x0000000700600000, 0x00000007083b0000, 0x00000007aacb0000)
  object space 128704K, 24% used [0x0000000700600000,0x0000000702521858,0x00000007083b0000)
 PSPermGen       total 36224K, used 17968K [0x00000006fb400000, 0x00000006fd760000, 0x0000000700600000)
  object space 36224K, 49% used [0x00000006fb400000,0x00000006fc58c080,0x00000006fd760000)
}
Event: 10.061 GC heap before
{Heap before GC invocations=12 (full 1):
 PSYoungGen      total 203840K, used 202439K [0x00000007aacb0000, 0x00000007bac80000, 0x0000000800000000)
  eden space 162560K, 99% used [0x00000007aacb0000,0x00000007b4a18be8,0x00000007b4b70000)
  from space 41280K, 99% used [0x00000007b8430000,0x00000007bac790e0,0x00000007bac80000)
  to   space 49088K, 0% used [0x00000007b4ca0000,0x00000007b4ca0000,0x00000007b7c90000)
 ParOldGen       total 128704K, used 37953K [0x0000000700600000, 0x00000007083b0000, 0x00000007aacb0000)
  object space 128704K, 29% used [0x0000000700600000,0x0000000702b10468,0x00000007083b0000)
 PSPermGen       total 36224K, used 17988K [0x00000006fb400000, 0x00000006fd760000, 0x0000000700600000)
  object space 36224K, 49% used [0x00000006fb400000,0x00000006fc591078,0x00000006fd760000)
Event: 10.065 GC heap after
Heap after GC invocations=12 (full 1):
 PSYoungGen      total 212864K, used 15400K [0x00000007aacb0000, 0x00000007bef80000, 0x0000000800000000)
  eden space 163776K, 0% used [0x00000007aacb0000,0x00000007aacb0000,0x00000007b4ca0000)
  from space 49088K, 31% used [0x00000007b4ca0000,0x00000007b5baa0c0,0x00000007b7c90000)
  to   space 46976K, 0% used [0x00000007bc1a0000,0x00000007bc1a0000,0x00000007bef80000)
 ParOldGen       total 128704K, used 56450K [0x0000000700600000, 0x00000007083b0000, 0x00000007aacb0000)
  object space 128704K, 43% used [0x0000000700600000,0x0000000703d20bd8,0x00000007083b0000)
 PSPermGen       total 36224K, used 17988K [0x00000006fb400000, 0x00000006fd760000, 0x0000000700600000)
  object space 36224K, 49% used [0x00000006fb400000,0x00000006fc591078,0x00000006fd760000)
}
Event: 10.727 GC heap before
{Heap before GC invocations=13 (full 2):
 PSYoungGen      total 212864K, used 179176K [0x00000007aacb0000, 0x00000007bef80000, 0x0000000800000000)
  eden space 163776K, 100% used [0x00000007aacb0000,0x00000007b4ca0000,0x00000007b4ca0000)
  from space 49088K, 31% used [0x00000007b4ca0000,0x00000007b5baa0c0,0x00000007b7c90000)
  to   space 46976K, 0% used [0x00000007bc1a0000,0x00000007bc1a0000,0x00000007bef80000)
 ParOldGen       total 218112K, used 216850K [0x0000000700600000, 0x000000070db00000, 0x00000007aacb0000)
  object space 218112K, 99% used [0x0000000700600000,0x000000070d9c49b8,0x000000070db00000)
 PSPermGen       total 36224K, used 17990K [0x00000006fb400000, 0x00000006fd760000, 0x0000000700600000)
  object space 36224K, 49% used [0x00000006fb400000,0x00000006fc591a40,0x00000006fd760000)
Event: 10.757 GC heap after
Heap after GC invocations=13 (full 2):
 PSYoungGen      total 212864K, used 0K [0x00000007aacb0000, 0x00000007bef80000, 0x0000000800000000)
  eden space 163776K, 0% used [0x00000007aacb0000,0x00000007aacb0000,0x00000007b4ca0000)
  from space 49088K, 0% used [0x00000007b4ca0000,0x00000007b4ca0000,0x00000007b7c90000)
  to   space 46976K, 0% used [0x00000007bc1a0000,0x00000007bc1a0000,0x00000007bef80000)
 ParOldGen       total 180032K, used 36511K [0x0000000700600000, 0x000000070b5d0000, 0x00000007aacb0000)
  object space 180032K, 20% used [0x0000000700600000,0x00000007029a7f90,0x000000070b5d0000)
 PSPermGen       total 40448K, used 17990K [0x00000006fb400000, 0x00000006fdb80000, 0x0000000700600000)
  object space 40448K, 44% used [0x00000006fb400000,0x00000006fc591a40,0x00000006fdb80000)
}
Event: 11.206 GC heap before
{Heap before GC invocations=14 (full 2):
 PSYoungGen      total 212864K, used 163776K [0x00000007aacb0000, 0x00000007bef80000, 0x0000000800000000)
  eden space 163776K, 100% used [0x00000007aacb0000,0x00000007b4ca0000,0x00000007b4ca0000)
  from space 49088K, 0% used [0x00000007b4ca0000,0x00000007b4ca0000,0x00000007b7c90000)
  to   space 46976K, 0% used [0x00000007bc1a0000,0x00000007bc1a0000,0x00000007bef80000)
 ParOldGen       total 180032K, used 95872K [0x0000000700600000, 0x000000070b5d0000, 0x00000007aacb0000)
  object space 180032K, 53% used [0x0000000700600000,0x00000007063a01e8,0x000000070b5d0000)
 PSPermGen       total 40448K, used 17991K [0x00000006fb400000, 0x00000006fdb80000, 0x0000000700600000)
  object space 40448K, 44% used [0x00000006fb400000,0x00000006fc591c10,0x00000006fdb80000)
Event: 11.206 GC heap after
Heap after GC invocations=14 (full 2):
 PSYoungGen      total 225856K, used 224K [0x00000007aacb0000, 0x00000007bd3e0000, 0x0000000800000000)
  eden space 207168K, 0% used [0x00000007aacb0000,0x00000007aacb0000,0x00000007b7700000)
  from space 18688K, 1% used [0x00000007bc1a0000,0x00000007bc1d8000,0x00000007bd3e0000)
  to   space 47552K, 0% used [0x00000007b7700000,0x00000007b7700000,0x00000007ba570000)
 ParOldGen       total 180032K, used 95872K [0x0000000700600000, 0x000000070b5d0000, 0x00000007aacb0000)
  object space 180032K, 53% used [0x0000000700600000,0x00000007063a01e8,0x000000070b5d0000)
 PSPermGen       total 40448K, used 17991K [0x00000006fb400000, 0x00000006fdb80000, 0x0000000700600000)
  object space 40448K, 44% used [0x00000006fb400000,0x00000006fc591c10,0x00000006fdb80000)
}
Event: 11.759 GC heap before
{Heap before GC invocations=15 (full 2):
 PSYoungGen      total 225856K, used 205504K [0x00000007aacb0000, 0x00000007bd3e0000, 0x0000000800000000)
  eden space 207168K, 99% used [0x00000007aacb0000,0x00000007b7528318,0x00000007b7700000)
  from space 18688K, 1% used [0x00000007bc1a0000,0x00000007bc1d8000,0x00000007bd3e0000)
  to   space 47552K, 0% used [0x00000007b7700000,0x00000007b7700000,0x00000007ba570000)
 ParOldGen       total 180032K, used 95872K [0x0000000700600000, 0x000000070b5d0000, 0x00000007aacb0000)
  object space 180032K, 53% used [0x0000000700600000,0x00000007063a01e8,0x000000070b5d0000)
 PSPermGen       total 40448K, used 17999K [0x00000006fb400000, 0x00000006fdb80000, 0x0000000700600000)
  object space 40448K, 44% used [0x00000006fb400000,0x00000006fc593c10,0x00000006fdb80000)
Event: 11.764 GC heap after
Heap after GC invocations=15 (full 2):
 PSYoungGen      total 254720K, used 29270K [0x00000007aacb0000, 0x00000007c0b70000, 0x0000000800000000)
  eden space 207168K, 0% used [0x00000007aacb0000,0x00000007aacb0000,0x00000007b7700000)
  from space 47552K, 61% used [0x00000007b7700000,0x00000007b9395bd0,0x00000007ba570000)
  to   space 48832K, 0% used [0x00000007bdbc0000,0x00000007bdbc0000,0x00000007c0b70000)
 ParOldGen       total 180032K, used 95872K [0x0000000700600000, 0x000000070b5d0000, 0x00000007aacb0000)
  object space 180032K, 53% used [0x0000000700600000,0x00000007063a01e8,0x000000070b5d0000)
 PSPermGen       total 40448K, used 17999K [0x00000006fb400000, 0x00000006fdb80000, 0x0000000700600000)
  object space 40448K, 44% used [0x00000006fb400000,0x00000006fc593c10,0x00000006fdb80000)
}

