# JRE version: 7.0_07-b11
# Java VM: Java HotSpot(TM) 64-Bit Server VM (23.3-b01 mixed mode windows-amd64 compressed oops)
Heap
 PSYoungGen      total 403648K, used 71394K [0x00000007aacb0000, 0x00000007cce10000, 0x0000000800000000)
  eden space 351744K, 9% used [0x00000007aacb0000,0x00000007ace88370,0x00000007c0430000)
  from space 51904K, 70% used [0x00000007c0430000,0x00000007c2810860,0x00000007c36e0000)
  to   space 52800K, 0% used [0x00000007c9a80000,0x00000007c9a80000,0x00000007cce10000)
 ParOldGen       total 258176K, used 23165K [0x0000000700600000, 0x0000000710220000, 0x00000007aacb0000)
  object space 258176K, 8% used [0x0000000700600000,0x0000000701c9f788,0x0000000710220000)
 PSPermGen       total 34944K, used 17743K [0x00000006fb400000, 0x00000006fd620000, 0x0000000700600000)
  object space 34944K, 50% used [0x00000006fb400000,0x00000006fc553e08,0x00000006fd620000)
GC Heap History (10 events):
Event: 18.232 GC heap before
{Heap before GC invocations=10 (full 3):
 PSYoungGen      total 292864K, used 286574K [0x00000007aacb0000, 0x00000007c6820000, 0x0000000800000000)
  eden space 248960K, 97% used [0x00000007aacb0000,0x00000007b9abc728,0x00000007b9fd0000)
  from space 43904K, 97% used [0x00000007b9fd0000,0x00000007bc99f470,0x00000007bcab0000)
  to   space 50432K, 0% used [0x00000007c36e0000,0x00000007c36e0000,0x00000007c6820000)
 ParOldGen       total 428544K, used 423209K [0x0000000700600000, 0x000000071a880000, 0x00000007aacb0000)
  object space 428544K, 98% used [0x0000000700600000,0x000000071a34a780,0x000000071a880000)
 PSPermGen       total 40256K, used 17690K [0x00000006fb400000, 0x00000006fdb50000, 0x0000000700600000)
  object space 40256K, 43% used [0x00000006fb400000,0x00000006fc546be8,0x00000006fdb50000)
Event: 18.285 GC heap after
Heap after GC invocations=10 (full 3):
 PSYoungGen      total 292864K, used 0K [0x00000007aacb0000, 0x00000007c6820000, 0x0000000800000000)
  eden space 248960K, 0% used [0x00000007aacb0000,0x00000007aacb0000,0x00000007b9fd0000)
  from space 43904K, 0% used [0x00000007b9fd0000,0x00000007b9fd0000,0x00000007bcab0000)
  to   space 50432K, 0% used [0x00000007c36e0000,0x00000007c36e0000,0x00000007c6820000)
 ParOldGen       total 195392K, used 27568K [0x0000000700600000, 0x000000070c4d0000, 0x00000007aacb0000)
  object space 195392K, 14% used [0x0000000700600000,0x00000007020ec010,0x000000070c4d0000)
 PSPermGen       total 38592K, used 17690K [0x00000006fb400000, 0x00000006fd9b0000, 0x0000000700600000)
  object space 38592K, 45% used [0x00000006fb400000,0x00000006fc546be8,0x00000006fd9b0000)
}
Event: 21.779 GC heap before
{Heap before GC invocations=11 (full 4):
 PSYoungGen      total 292864K, used 243720K [0x00000007aacb0000, 0x00000007c6820000, 0x0000000800000000)
  eden space 248960K, 97% used [0x00000007aacb0000,0x00000007b9ab2300,0x00000007b9fd0000)
  from space 43904K, 0% used [0x00000007b9fd0000,0x00000007b9fd0000,0x00000007bcab0000)
  to   space 50432K, 0% used [0x00000007c36e0000,0x00000007c36e0000,0x00000007c6820000)
 ParOldGen       total 420352K, used 416369K [0x0000000700600000, 0x000000071a080000, 0x00000007aacb0000)
  object space 420352K, 99% used [0x0000000700600000,0x0000000719c9c410,0x000000071a080000)
 PSPermGen       total 38592K, used 17704K [0x00000006fb400000, 0x00000006fd9b0000, 0x0000000700600000)
  object space 38592K, 45% used [0x00000006fb400000,0x00000006fc54a018,0x00000006fd9b0000)
Event: 21.819 GC heap after
Heap after GC invocations=11 (full 4):
 PSYoungGen      total 292864K, used 0K [0x00000007aacb0000, 0x00000007c6820000, 0x0000000800000000)
  eden space 248960K, 0% used [0x00000007aacb0000,0x00000007aacb0000,0x00000007b9fd0000)
  from space 43904K, 0% used [0x00000007b9fd0000,0x00000007b9fd0000,0x00000007bcab0000)
  to   space 50432K, 0% used [0x00000007c36e0000,0x00000007c36e0000,0x00000007c6820000)
 ParOldGen       total 225920K, used 21497K [0x0000000700600000, 0x000000070e2a0000, 0x00000007aacb0000)
  object space 225920K, 9% used [0x0000000700600000,0x0000000701afe6c0,0x000000070e2a0000)
 PSPermGen       total 36544K, used 17704K [0x00000006fb400000, 0x00000006fd7b0000, 0x0000000700600000)
  object space 36544K, 48% used [0x00000006fb400000,0x00000006fc54a018,0x00000006fd7b0000)
}
Event: 25.379 GC heap before
{Heap before GC invocations=12 (full 5):
 PSYoungGen      total 292864K, used 243618K [0x00000007aacb0000, 0x00000007c6820000, 0x0000000800000000)
  eden space 248960K, 97% used [0x00000007aacb0000,0x00000007b9a98878,0x00000007b9fd0000)
  from space 43904K, 0% used [0x00000007b9fd0000,0x00000007b9fd0000,0x00000007bcab0000)
  to   space 50432K, 0% used [0x00000007c36e0000,0x00000007c36e0000,0x00000007c6820000)
 ParOldGen       total 409984K, used 405891K [0x0000000700600000, 0x0000000719660000, 0x00000007aacb0000)
  object space 409984K, 99% used [0x0000000700600000,0x0000000719260c70,0x0000000719660000)
 PSPermGen       total 36544K, used 17713K [0x00000006fb400000, 0x00000006fd7b0000, 0x0000000700600000)
  object space 36544K, 48% used [0x00000006fb400000,0x00000006fc54c5d8,0x00000006fd7b0000)
Event: 25.412 GC heap after
Heap after GC invocations=12 (full 5):
 PSYoungGen      total 292864K, used 0K [0x00000007aacb0000, 0x00000007c6820000, 0x0000000800000000)
  eden space 248960K, 0% used [0x00000007aacb0000,0x00000007aacb0000,0x00000007b9fd0000)
  from space 43904K, 0% used [0x00000007b9fd0000,0x00000007b9fd0000,0x00000007bcab0000)
  to   space 50432K, 0% used [0x00000007c36e0000,0x00000007c36e0000,0x00000007c6820000)
 ParOldGen       total 258176K, used 23165K [0x0000000700600000, 0x0000000710220000, 0x00000007aacb0000)
  object space 258176K, 8% used [0x0000000700600000,0x0000000701c9f788,0x0000000710220000)
 PSPermGen       total 34944K, used 17713K [0x00000006fb400000, 0x00000006fd620000, 0x0000000700600000)
  object space 34944K, 50% used [0x00000006fb400000,0x00000006fc54c5b8,0x00000006fd620000)
}
Event: 27.916 GC heap before
{Heap before GC invocations=13 (full 5):
 PSYoungGen      total 292864K, used 243250K [0x00000007aacb0000, 0x00000007c6820000, 0x0000000800000000)
  eden space 248960K, 97% used [0x00000007aacb0000,0x00000007b9a3caf0,0x00000007b9fd0000)
  from space 43904K, 0% used [0x00000007b9fd0000,0x00000007b9fd0000,0x00000007bcab0000)
  to   space 50432K, 0% used [0x00000007c36e0000,0x00000007c36e0000,0x00000007c6820000)
 ParOldGen       total 258176K, used 23165K [0x0000000700600000, 0x0000000710220000, 0x00000007aacb0000)
  object space 258176K, 8% used [0x0000000700600000,0x0000000701c9f788,0x0000000710220000)
 PSPermGen       total 34944K, used 17713K [0x00000006fb400000, 0x00000006fd620000, 0x0000000700600000)
  object space 34944K, 50% used [0x00000006fb400000,0x00000006fc54c750,0x00000006fd620000)
Event: 27.924 GC heap after
Heap after GC invocations=13 (full 5):
 PSYoungGen      total 402176K, used 36706K [0x00000007aacb0000, 0x00000007c7fc0000, 0x0000000800000000)
  eden space 351744K, 0% used [0x00000007aacb0000,0x00000007aacb0000,0x00000007c0430000)
  from space 50432K, 72% used [0x00000007c36e0000,0x00000007c5ab8860,0x00000007c6820000)
  to   space 51904K, 0% used [0x00000007c0430000,0x00000007c0430000,0x00000007c36e0000)
 ParOldGen       total 258176K, used 23165K [0x0000000700600000, 0x0000000710220000, 0x00000007aacb0000)
  object space 258176K, 8% used [0x0000000700600000,0x0000000701c9f788,0x0000000710220000)
 PSPermGen       total 34944K, used 17713K [0x00000006fb400000, 0x00000006fd620000, 0x0000000700600000)
  object space 34944K, 50% used [0x00000006fb400000,0x00000006fc54c750,0x00000006fd620000)
}
Event: 29.928 GC heap before
{Heap before GC invocations=14 (full 5):
 PSYoungGen      total 402176K, used 385120K [0x00000007aacb0000, 0x00000007c7fc0000, 0x0000000800000000)
  eden space 351744K, 99% used [0x00000007aacb0000,0x00000007c00ef900,0x00000007c0430000)
  from space 50432K, 72% used [0x00000007c36e0000,0x00000007c5ab8860,0x00000007c6820000)
  to   space 51904K, 0% used [0x00000007c0430000,0x00000007c0430000,0x00000007c36e0000)
 ParOldGen       total 258176K, used 23165K [0x0000000700600000, 0x0000000710220000, 0x00000007aacb0000)
  object space 258176K, 8% used [0x0000000700600000,0x0000000701c9f788,0x0000000710220000)
 PSPermGen       total 34944K, used 17719K [0x00000006fb400000, 0x00000006fd620000, 0x0000000700600000)
  object space 34944K, 50% used [0x00000006fb400000,0x00000006fc54de80,0x00000006fd620000)
Event: 29.936 GC heap after
Heap after GC invocations=14 (full 5):
 PSYoungGen      total 403648K, used 36738K [0x00000007aacb0000, 0x00000007cce10000, 0x0000000800000000)
  eden space 351744K, 0% used [0x00000007aacb0000,0x00000007aacb0000,0x00000007c0430000)
  from space 51904K, 70% used [0x00000007c0430000,0x00000007c2810860,0x00000007c36e0000)
  to   space 52800K, 0% used [0x00000007c9a80000,0x00000007c9a80000,0x00000007cce10000)
 ParOldGen       total 258176K, used 23165K [0x0000000700600000, 0x0000000710220000, 0x00000007aacb0000)
  object space 258176K, 8% used [0x0000000700600000,0x0000000701c9f788,0x0000000710220000)
 PSPermGen       total 34944K, used 17719K [0x00000006fb400000, 0x00000006fd620000, 0x0000000700600000)
  object space 34944K, 50% used [0x00000006fb400000,0x00000006fc54de80,0x00000006fd620000)
}

