# JRE version: 7.0_07-b11
# Java VM: Java HotSpot(TM) 64-Bit Server VM (23.3-b01 mixed mode windows-amd64 compressed oops)
Heap
 PSYoungGen      total 111104K, used 98884K [0x00000007aacb0000, 0x00000007b4a30000, 0x0000000800000000)
  eden space 86592K, 85% used [0x00000007aacb0000,0x00000007af556068,0x00000007b0140000)
  from space 24512K, 99% used [0x00000007b3240000,0x00000007b4a2b040,0x00000007b4a30000)
  to   space 33472K, 0% used [0x00000007b08d0000,0x00000007b08d0000,0x00000007b2980000)
 ParOldGen       total 262144K, used 27690K [0x0000000700600000, 0x0000000710600000, 0x00000007aacb0000)
  object space 262144K, 10% used [0x0000000700600000,0x000000070210aa28,0x0000000710600000)
 PSPermGen       total 38656K, used 17703K [0x00000006fb400000, 0x00000006fd9c0000, 0x0000000700600000)
  object space 38656K, 45% used [0x00000006fb400000,0x00000006fc549e10,0x00000006fd9c0000)
GC Heap History (10 events):
Event: 8.132 GC heap before
{Heap before GC invocations=5 (full 1):
 PSYoungGen      total 76352K, used 61799K [0x00000007aacb0000, 0x00000007b01e0000, 0x0000000800000000)
  eden space 65472K, 94% used [0x00000007aacb0000,0x00000007ae909fa8,0x00000007aeca0000)
  from space 10880K, 0% used [0x00000007aeca0000,0x00000007aeca0000,0x00000007af740000)
  to   space 10880K, 0% used [0x00000007af740000,0x00000007af740000,0x00000007b01e0000)
 ParOldGen       total 123456K, used 16356K [0x0000000700600000, 0x0000000707e90000, 0x00000007aacb0000)
  object space 123456K, 13% used [0x0000000700600000,0x00000007015f9388,0x0000000707e90000)
 PSPermGen       total 35648K, used 17674K [0x00000006fb400000, 0x00000006fd6d0000, 0x0000000700600000)
  object space 35648K, 49% used [0x00000006fb400000,0x00000006fc542be8,0x00000006fd6d0000)
Event: 8.143 GC heap after
Heap after GC invocations=5 (full 1):
 PSYoungGen      total 76352K, used 6363K [0x00000007aacb0000, 0x00000007b2830000, 0x0000000800000000)
  eden space 65472K, 0% used [0x00000007aacb0000,0x00000007aacb0000,0x00000007aeca0000)
  from space 10880K, 58% used [0x00000007af740000,0x00000007afd76c10,0x00000007b01e0000)
  to   space 10880K, 0% used [0x00000007aeca0000,0x00000007aeca0000,0x00000007af740000)
 ParOldGen       total 123456K, used 46731K [0x0000000700600000, 0x0000000707e90000, 0x00000007aacb0000)
  object space 123456K, 37% used [0x0000000700600000,0x00000007033a2fd8,0x0000000707e90000)
 PSPermGen       total 35648K, used 17674K [0x00000006fb400000, 0x00000006fd6d0000, 0x0000000700600000)
  object space 35648K, 49% used [0x00000006fb400000,0x00000006fc542be8,0x00000006fd6d0000)
}
Event: 8.463 GC heap before
{Heap before GC invocations=6 (full 1):
 PSYoungGen      total 76352K, used 67678K [0x00000007aacb0000, 0x00000007b2830000, 0x0000000800000000)
  eden space 65472K, 93% used [0x00000007aacb0000,0x00000007ae890ef8,0x00000007aeca0000)
  from space 10880K, 58% used [0x00000007af740000,0x00000007afd76c10,0x00000007b01e0000)
  to   space 10880K, 0% used [0x00000007aeca0000,0x00000007aeca0000,0x00000007af740000)
 ParOldGen       total 123456K, used 52806K [0x0000000700600000, 0x0000000707e90000, 0x00000007aacb0000)
  object space 123456K, 42% used [0x0000000700600000,0x0000000703991be8,0x0000000707e90000)
 PSPermGen       total 35648K, used 17675K [0x00000006fb400000, 0x00000006fd6d0000, 0x0000000700600000)
  object space 35648K, 49% used [0x00000006fb400000,0x00000006fc542cc0,0x00000006fd6d0000)
Event: 8.467 GC heap after
Heap after GC invocations=6 (full 1):
 PSYoungGen      total 76352K, used 6299K [0x00000007aacb0000, 0x00000007b4fa0000, 0x0000000800000000)
  eden space 65472K, 0% used [0x00000007aacb0000,0x00000007aacb0000,0x00000007aeca0000)
  from space 10880K, 57% used [0x00000007aeca0000,0x00000007af2c6c10,0x00000007af740000)
  to   space 30080K, 0% used [0x00000007b3240000,0x00000007b3240000,0x00000007b4fa0000)
 ParOldGen       total 123456K, used 83182K [0x0000000700600000, 0x0000000707e90000, 0x00000007aacb0000)
  object space 123456K, 67% used [0x0000000700600000,0x000000070573b838,0x0000000707e90000)
 PSPermGen       total 35648K, used 17675K [0x00000006fb400000, 0x00000006fd6d0000, 0x0000000700600000)
  object space 35648K, 49% used [0x00000006fb400000,0x00000006fc542cc0,0x00000006fd6d0000)
}
Event: 8.468 GC heap before
{Heap before GC invocations=7 (full 2):
 PSYoungGen      total 76352K, used 6299K [0x00000007aacb0000, 0x00000007b4fa0000, 0x0000000800000000)
  eden space 65472K, 0% used [0x00000007aacb0000,0x00000007aacb0000,0x00000007aeca0000)
  from space 10880K, 57% used [0x00000007aeca0000,0x00000007af2c6c10,0x00000007af740000)
  to   space 30080K, 0% used [0x00000007b3240000,0x00000007b3240000,0x00000007b4fa0000)
 ParOldGen       total 123456K, used 83182K [0x0000000700600000, 0x0000000707e90000, 0x00000007aacb0000)
  object space 123456K, 67% used [0x0000000700600000,0x000000070573b838,0x0000000707e90000)
 PSPermGen       total 35648K, used 17675K [0x00000006fb400000, 0x00000006fd6d0000, 0x0000000700600000)
  object space 35648K, 49% used [0x00000006fb400000,0x00000006fc542cc0,0x00000006fd6d0000)
Event: 8.490 GC heap after
Heap after GC invocations=7 (full 2):
 PSYoungGen      total 76352K, used 0K [0x00000007aacb0000, 0x00000007b4fa0000, 0x0000000800000000)
  eden space 65472K, 0% used [0x00000007aacb0000,0x00000007aacb0000,0x00000007aeca0000)
  from space 10880K, 0% used [0x00000007aeca0000,0x00000007aeca0000,0x00000007af740000)
  to   space 30080K, 0% used [0x00000007b3240000,0x00000007b3240000,0x00000007b4fa0000)
 ParOldGen       total 218624K, used 28502K [0x0000000700600000, 0x000000070db80000, 0x00000007aacb0000)
  object space 218624K, 13% used [0x0000000700600000,0x00000007021d5980,0x000000070db80000)
 PSPermGen       total 40320K, used 17675K [0x00000006fb400000, 0x00000006fdb60000, 0x0000000700600000)
  object space 40320K, 43% used [0x00000006fb400000,0x00000006fc542cc0,0x00000006fdb60000)
}
Event: 10.847 GC heap before
{Heap before GC invocations=8 (full 3):
 PSYoungGen      total 76352K, used 61776K [0x00000007aacb0000, 0x00000007b4fa0000, 0x0000000800000000)
  eden space 65472K, 94% used [0x00000007aacb0000,0x00000007ae904130,0x00000007aeca0000)
  from space 10880K, 0% used [0x00000007aeca0000,0x00000007aeca0000,0x00000007af740000)
  to   space 30080K, 0% used [0x00000007b3240000,0x00000007b3240000,0x00000007b4fa0000)
 ParOldGen       total 413184K, used 411228K [0x0000000700600000, 0x0000000719980000, 0x00000007aacb0000)
  object space 413184K, 99% used [0x0000000700600000,0x0000000719797170,0x0000000719980000)
 PSPermGen       total 40320K, used 17679K [0x00000006fb400000, 0x00000006fdb60000, 0x0000000700600000)
  object space 40320K, 43% used [0x00000006fb400000,0x00000006fc543ec8,0x00000006fdb60000)
Event: 10.885 GC heap after
Heap after GC invocations=8 (full 3):
 PSYoungGen      total 76352K, used 0K [0x00000007aacb0000, 0x00000007b4fa0000, 0x0000000800000000)
  eden space 65472K, 0% used [0x00000007aacb0000,0x00000007aacb0000,0x00000007aeca0000)
  from space 10880K, 0% used [0x00000007aeca0000,0x00000007aeca0000,0x00000007af740000)
  to   space 30080K, 0% used [0x00000007b3240000,0x00000007b3240000,0x00000007b4fa0000)
 ParOldGen       total 262144K, used 15540K [0x0000000700600000, 0x0000000710600000, 0x00000007aacb0000)
  object space 262144K, 5% used [0x0000000700600000,0x000000070152d208,0x0000000710600000)
 PSPermGen       total 38656K, used 17679K [0x00000006fb400000, 0x00000006fd9c0000, 0x0000000700600000)
  object space 38656K, 45% used [0x00000006fb400000,0x00000006fc543e88,0x00000006fd9c0000)
}
Event: 11.055 GC heap before
{Heap before GC invocations=9 (full 3):
 PSYoungGen      total 76352K, used 60886K [0x00000007aacb0000, 0x00000007b4fa0000, 0x0000000800000000)
  eden space 65472K, 92% used [0x00000007aacb0000,0x00000007ae825880,0x00000007aeca0000)
  from space 10880K, 0% used [0x00000007aeca0000,0x00000007aeca0000,0x00000007af740000)
  to   space 30080K, 0% used [0x00000007b3240000,0x00000007b3240000,0x00000007b4fa0000)
 ParOldGen       total 262144K, used 15540K [0x0000000700600000, 0x0000000710600000, 0x00000007aacb0000)
  object space 262144K, 5% used [0x0000000700600000,0x000000070152d208,0x0000000710600000)
 PSPermGen       total 38656K, used 17679K [0x00000006fb400000, 0x00000006fd9c0000, 0x0000000700600000)
  object space 38656K, 45% used [0x00000006fb400000,0x00000006fc543e88,0x00000006fd9c0000)
Event: 11.062 GC heap after
Heap after GC invocations=9 (full 3):
 PSYoungGen      total 111104K, used 24492K [0x00000007aacb0000, 0x00000007b4a30000, 0x0000000800000000)
  eden space 86592K, 0% used [0x00000007aacb0000,0x00000007aacb0000,0x00000007b0140000)
  from space 24512K, 99% used [0x00000007b3240000,0x00000007b4a2b040,0x00000007b4a30000)
  to   space 33472K, 0% used [0x00000007b08d0000,0x00000007b08d0000,0x00000007b2980000)
 ParOldGen       total 262144K, used 27690K [0x0000000700600000, 0x0000000710600000, 0x00000007aacb0000)
  object space 262144K, 10% used [0x0000000700600000,0x000000070210aa28,0x0000000710600000)
 PSPermGen       total 38656K, used 17679K [0x00000006fb400000, 0x00000006fd9c0000, 0x0000000700600000)
  object space 38656K, 45% used [0x00000006fb400000,0x00000006fc543e88,0x00000006fd9c0000)
}

