# JRE version: 7.0_07-b11
# Java VM: Java HotSpot(TM) 64-Bit Server VM (23.3-b01 mixed mode windows-amd64 compressed oops)
Heap
 PSYoungGen      total 740544K, used 187375K [0x00000007aacb0000, 0x00000007dc500000, 0x0000000800000000)
  eden space 678784K, 20% used [0x00000007aacb0000,0x00000007b3709a98,0x00000007d4390000)
  from space 61760K, 74% used [0x00000007d8170000,0x00000007dae121d0,0x00000007dbdc0000)
  to   space 63360K, 0% used [0x00000007d4390000,0x00000007d4390000,0x00000007d8170000)
 ParOldGen       total 451456K, used 394712K [0x0000000700600000, 0x000000071bee0000, 0x00000007aacb0000)
  object space 451456K, 87% used [0x0000000700600000,0x0000000718776250,0x000000071bee0000)
 PSPermGen       total 35520K, used 18117K [0x00000006fb400000, 0x00000006fd6b0000, 0x0000000700600000)
  object space 35520K, 51% used [0x00000006fb400000,0x00000006fc5b1598,0x00000006fd6b0000)
GC Heap History (10 events):
Event: 26.599 GC heap before
{Heap before GC invocations=33 (full 5):
 PSYoungGen      total 625792K, used 595894K [0x00000007aacb0000, 0x00000007d8080000, 0x0000000800000000)
  eden space 554496K, 99% used [0x00000007aacb0000,0x00000007cca2dc68,0x00000007cca30000)
  from space 71296K, 58% used [0x00000007cca30000,0x00000007cf29fcd0,0x00000007d0fd0000)
  to   space 70784K, 0% used [0x00000007d3b60000,0x00000007d3b60000,0x00000007d8080000)
 ParOldGen       total 451456K, used 140618K [0x0000000700600000, 0x000000071bee0000, 0x00000007aacb0000)
  object space 451456K, 31% used [0x0000000700600000,0x0000000708f529d8,0x000000071bee0000)
 PSPermGen       total 35520K, used 18053K [0x00000006fb400000, 0x00000006fd6b0000, 0x0000000700600000)
  object space 35520K, 50% used [0x00000006fb400000,0x00000006fc5a1508,0x00000006fd6b0000)
Event: 26.606 GC heap after
Heap after GC invocations=33 (full 5):
 PSYoungGen      total 661056K, used 37028K [0x00000007aacb0000, 0x00000007d79a0000, 0x0000000800000000)
  eden space 597312K, 0% used [0x00000007aacb0000,0x00000007aacb0000,0x00000007cf400000)
  from space 63744K, 58% used [0x00000007d3b60000,0x00000007d5f890f0,0x00000007d79a0000)
  to   space 68416K, 0% used [0x00000007cf400000,0x00000007cf400000,0x00000007d36d0000)
 ParOldGen       total 451456K, used 140618K [0x0000000700600000, 0x000000071bee0000, 0x00000007aacb0000)
  object space 451456K, 31% used [0x0000000700600000,0x0000000708f529d8,0x000000071bee0000)
 PSPermGen       total 35520K, used 18053K [0x00000006fb400000, 0x00000006fd6b0000, 0x0000000700600000)
  object space 35520K, 50% used [0x00000006fb400000,0x00000006fc5a1508,0x00000006fd6b0000)
}
Event: 27.965 GC heap before
{Heap before GC invocations=34 (full 5):
 PSYoungGen      total 661056K, used 634340K [0x00000007aacb0000, 0x00000007d79a0000, 0x0000000800000000)
  eden space 597312K, 100% used [0x00000007aacb0000,0x00000007cf400000,0x00000007cf400000)
  from space 63744K, 58% used [0x00000007d3b60000,0x00000007d5f890f0,0x00000007d79a0000)
  to   space 68416K, 0% used [0x00000007cf400000,0x00000007cf400000,0x00000007d36d0000)
 ParOldGen       total 451456K, used 214341K [0x0000000700600000, 0x000000071bee0000, 0x00000007aacb0000)
  object space 451456K, 47% used [0x0000000700600000,0x000000070d751448,0x000000071bee0000)
 PSPermGen       total 35520K, used 18054K [0x00000006fb400000, 0x00000006fd6b0000, 0x0000000700600000)
  object space 35520K, 50% used [0x00000006fb400000,0x00000006fc5a1918,0x00000006fd6b0000)
Event: 27.971 GC heap after
Heap after GC invocations=34 (full 5):
 PSYoungGen      total 665728K, used 37119K [0x00000007aacb0000, 0x00000007d9f50000, 0x0000000800000000)
  eden space 597312K, 0% used [0x00000007aacb0000,0x00000007aacb0000,0x00000007cf400000)
  from space 68416K, 54% used [0x00000007cf400000,0x00000007d183ff60,0x00000007d36d0000)
  to   space 66240K, 0% used [0x00000007d5ea0000,0x00000007d5ea0000,0x00000007d9f50000)
 ParOldGen       total 451456K, used 214341K [0x0000000700600000, 0x000000071bee0000, 0x00000007aacb0000)
  object space 451456K, 47% used [0x0000000700600000,0x000000070d751448,0x000000071bee0000)
 PSPermGen       total 35520K, used 18054K [0x00000006fb400000, 0x00000006fd6b0000, 0x0000000700600000)
  object space 35520K, 50% used [0x00000006fb400000,0x00000006fc5a1918,0x00000006fd6b0000)
}
Event: 29.365 GC heap before
{Heap before GC invocations=35 (full 5):
 PSYoungGen      total 665728K, used 634431K [0x00000007aacb0000, 0x00000007d9f50000, 0x0000000800000000)
  eden space 597312K, 100% used [0x00000007aacb0000,0x00000007cf400000,0x00000007cf400000)
  from space 68416K, 54% used [0x00000007cf400000,0x00000007d183ff60,0x00000007d36d0000)
  to   space 66240K, 0% used [0x00000007d5ea0000,0x00000007d5ea0000,0x00000007d9f50000)
 ParOldGen       total 451456K, used 283025K [0x0000000700600000, 0x000000071bee0000, 0x00000007aacb0000)
  object space 451456K, 62% used [0x0000000700600000,0x0000000711a644b0,0x000000071bee0000)
 PSPermGen       total 35520K, used 18062K [0x00000006fb400000, 0x00000006fd6b0000, 0x0000000700600000)
  object space 35520K, 50% used [0x00000006fb400000,0x00000006fc5a3980,0x00000006fd6b0000)
Event: 29.373 GC heap after
Heap after GC invocations=35 (full 5):
 PSYoungGen      total 699200K, used 31123K [0x00000007aacb0000, 0x00000007d9910000, 0x0000000800000000)
  eden space 639360K, 0% used [0x00000007aacb0000,0x00000007aacb0000,0x00000007d1d10000)
  from space 59840K, 52% used [0x00000007d5ea0000,0x00000007d7d04e60,0x00000007d9910000)
  to   space 63488K, 0% used [0x00000007d1d10000,0x00000007d1d10000,0x00000007d5b10000)
 ParOldGen       total 451456K, used 283025K [0x0000000700600000, 0x000000071bee0000, 0x00000007aacb0000)
  object space 451456K, 62% used [0x0000000700600000,0x0000000711a644b0,0x000000071bee0000)
 PSPermGen       total 35520K, used 18062K [0x00000006fb400000, 0x00000006fd6b0000, 0x0000000700600000)
  object space 35520K, 50% used [0x00000006fb400000,0x00000006fc5a3980,0x00000006fd6b0000)
}
Event: 30.901 GC heap before
{Heap before GC invocations=36 (full 5):
 PSYoungGen      total 699200K, used 670468K [0x00000007aacb0000, 0x00000007d9910000, 0x0000000800000000)
  eden space 639360K, 99% used [0x00000007aacb0000,0x00000007d1d0c468,0x00000007d1d10000)
  from space 59840K, 52% used [0x00000007d5ea0000,0x00000007d7d04e60,0x00000007d9910000)
  to   space 63488K, 0% used [0x00000007d1d10000,0x00000007d1d10000,0x00000007d5b10000)
 ParOldGen       total 451456K, used 388637K [0x0000000700600000, 0x000000071bee0000, 0x00000007aacb0000)
  object space 451456K, 86% used [0x0000000700600000,0x0000000718187640,0x000000071bee0000)
 PSPermGen       total 35520K, used 18079K [0x00000006fb400000, 0x00000006fd6b0000, 0x0000000700600000)
  object space 35520K, 50% used [0x00000006fb400000,0x00000006fc5a7ff0,0x00000006fd6b0000)
Event: 30.906 GC heap after
Heap after GC invocations=36 (full 5):
 PSYoungGen      total 702848K, used 37028K [0x00000007aacb0000, 0x00000007dbdc0000, 0x0000000800000000)
  eden space 639360K, 0% used [0x00000007aacb0000,0x00000007aacb0000,0x00000007d1d10000)
  from space 63488K, 58% used [0x00000007d1d10000,0x00000007d41390f0,0x00000007d5b10000)
  to   space 61760K, 0% used [0x00000007d8170000,0x00000007d8170000,0x00000007dbdc0000)
 ParOldGen       total 451456K, used 388637K [0x0000000700600000, 0x000000071bee0000, 0x00000007aacb0000)
  object space 451456K, 86% used [0x0000000700600000,0x0000000718187640,0x000000071bee0000)
 PSPermGen       total 35520K, used 18079K [0x00000006fb400000, 0x00000006fd6b0000, 0x0000000700600000)
  object space 35520K, 50% used [0x00000006fb400000,0x00000006fc5a7ff0,0x00000006fd6b0000)
}
Event: 32.198 GC heap before
{Heap before GC invocations=37 (full 5):
 PSYoungGen      total 702848K, used 673843K [0x00000007aacb0000, 0x00000007dbdc0000, 0x0000000800000000)
  eden space 639360K, 99% used [0x00000007aacb0000,0x00000007d1a93b48,0x00000007d1d10000)
  from space 63488K, 58% used [0x00000007d1d10000,0x00000007d41390f0,0x00000007d5b10000)
  to   space 61760K, 0% used [0x00000007d8170000,0x00000007d8170000,0x00000007dbdc0000)
 ParOldGen       total 451456K, used 394712K [0x0000000700600000, 0x000000071bee0000, 0x00000007aacb0000)
  object space 451456K, 87% used [0x0000000700600000,0x0000000718776250,0x000000071bee0000)
 PSPermGen       total 35520K, used 18083K [0x00000006fb400000, 0x00000006fd6b0000, 0x0000000700600000)
  object space 35520K, 50% used [0x00000006fb400000,0x00000006fc5a8d88,0x00000006fd6b0000)
Event: 32.209 GC heap after
Heap after GC invocations=37 (full 5):
 PSYoungGen      total 740544K, used 45704K [0x00000007aacb0000, 0x00000007dc500000, 0x0000000800000000)
  eden space 678784K, 0% used [0x00000007aacb0000,0x00000007aacb0000,0x00000007d4390000)
  from space 61760K, 74% used [0x00000007d8170000,0x00000007dae121d0,0x00000007dbdc0000)
  to   space 63360K, 0% used [0x00000007d4390000,0x00000007d4390000,0x00000007d8170000)
 ParOldGen       total 451456K, used 394712K [0x0000000700600000, 0x000000071bee0000, 0x00000007aacb0000)
  object space 451456K, 87% used [0x0000000700600000,0x0000000718776250,0x000000071bee0000)
 PSPermGen       total 35520K, used 18083K [0x00000006fb400000, 0x00000006fd6b0000, 0x0000000700600000)
  object space 35520K, 50% used [0x00000006fb400000,0x00000006fc5a8d88,0x00000006fd6b0000)
}

