# JRE version: 7.0_07-b11
# Java VM: Java HotSpot(TM) 64-Bit Server VM (23.3-b01 mixed mode windows-amd64 compressed oops)
Heap
 PSYoungGen      total 470080K, used 331352K [0x00000007aacb0000, 0x00000007f1a60000, 0x0000000800000000)
  eden space 459200K, 69% used [0x00000007aacb0000,0x00000007be5ac4d8,0x00000007c6d20000)
  from space 10880K, 99% used [0x00000007f0fc0000,0x00000007f1a59d60,0x00000007f1a60000)
  to   space 45376K, 0% used [0x00000007ec1c0000,0x00000007ec1c0000,0x00000007eee10000)
 ParOldGen       total 112320K, used 65705K [0x0000000700600000, 0x00000007073b0000, 0x00000007aacb0000)
  object space 112320K, 58% used [0x0000000700600000,0x000000070462a548,0x00000007073b0000)
 PSPermGen       total 39552K, used 18290K [0x00000006fb400000, 0x00000006fdaa0000, 0x0000000700600000)
  object space 39552K, 46% used [0x00000006fb400000,0x00000006fc5dcbe0,0x00000006fdaa0000)
GC Heap History (10 events):
Event: 31.026 GC heap before
{Heap before GC invocations=23 (full 2):
 PSYoungGen      total 571264K, used 571052K [0x00000007aacb0000, 0x00000007f8010000, 0x0000000800000000)
  eden space 550464K, 99% used [0x00000007aacb0000,0x00000007cc6155c0,0x00000007cc640000)
  from space 20800K, 99% used [0x00000007f6bc0000,0x00000007f8005d10,0x00000007f8010000)
  to   space 48320K, 0% used [0x00000007f21b0000,0x00000007f21b0000,0x00000007f50e0000)
 ParOldGen       total 112448K, used 36553K [0x0000000700600000, 0x00000007073d0000, 0x00000007aacb0000)
  object space 112448K, 32% used [0x0000000700600000,0x00000007029b25e8,0x00000007073d0000)
 PSPermGen       total 41216K, used 18268K [0x00000006fb400000, 0x00000006fdc40000, 0x0000000700600000)
  object space 41216K, 44% used [0x00000006fb400000,0x00000006fc5d7068,0x00000006fdc40000)
Event: 31.031 GC heap after
Heap after GC invocations=23 (full 2):
 PSYoungGen      total 536960K, used 11013K [0x00000007aacb0000, 0x00000007f6bd0000, 0x0000000800000000)
  eden space 525888K, 0% used [0x00000007aacb0000,0x00000007aacb0000,0x00000007cae40000)
  from space 11072K, 99% used [0x00000007f21b0000,0x00000007f2c717b0,0x00000007f2c80000)
  to   space 47936K, 0% used [0x00000007f3d00000,0x00000007f3d00000,0x00000007f6bd0000)
 ParOldGen       total 112448K, used 36593K [0x0000000700600000, 0x00000007073d0000, 0x00000007aacb0000)
  object space 112448K, 32% used [0x0000000700600000,0x00000007029bc5e8,0x00000007073d0000)
 PSPermGen       total 41216K, used 18268K [0x00000006fb400000, 0x00000006fdc40000, 0x0000000700600000)
  object space 41216K, 44% used [0x00000006fb400000,0x00000006fc5d7068,0x00000006fdc40000)
}
Event: 32.293 GC heap before
{Heap before GC invocations=24 (full 3):
 PSYoungGen      total 536960K, used 536890K [0x00000007aacb0000, 0x00000007f6bd0000, 0x0000000800000000)
  eden space 525888K, 99% used [0x00000007aacb0000,0x00000007cae3d148,0x00000007cae40000)
  from space 11072K, 99% used [0x00000007f21b0000,0x00000007f2c717b0,0x00000007f2c80000)
  to   space 47936K, 0% used [0x00000007f3d00000,0x00000007f3d00000,0x00000007f6bd0000)
 ParOldGen       total 150336K, used 150247K [0x0000000700600000, 0x00000007098d0000, 0x00000007aacb0000)
  object space 150336K, 99% used [0x0000000700600000,0x00000007098b9e88,0x00000007098d0000)
 PSPermGen       total 41216K, used 18269K [0x00000006fb400000, 0x00000006fdc40000, 0x0000000700600000)
  object space 41216K, 44% used [0x00000006fb400000,0x00000006fc5d7730,0x00000006fdc40000)
Event: 32.332 GC heap after
Heap after GC invocations=24 (full 3):
 PSYoungGen      total 536960K, used 0K [0x00000007aacb0000, 0x00000007f6bd0000, 0x0000000800000000)
  eden space 525888K, 0% used [0x00000007aacb0000,0x00000007aacb0000,0x00000007cae40000)
  from space 11072K, 0% used [0x00000007f21b0000,0x00000007f21b0000,0x00000007f2c80000)
  to   space 47936K, 0% used [0x00000007f3d00000,0x00000007f3d00000,0x00000007f6bd0000)
 ParOldGen       total 112320K, used 28492K [0x0000000700600000, 0x00000007073b0000, 0x00000007aacb0000)
  object space 112320K, 25% used [0x0000000700600000,0x00000007021d3228,0x00000007073b0000)
 PSPermGen       total 39552K, used 18269K [0x00000006fb400000, 0x00000006fdaa0000, 0x0000000700600000)
  object space 39552K, 46% used [0x00000006fb400000,0x00000006fc5d76d0,0x00000006fdaa0000)
}
Event: 33.429 GC heap before
{Heap before GC invocations=25 (full 3):
 PSYoungGen      total 536960K, used 525888K [0x00000007aacb0000, 0x00000007f6bd0000, 0x0000000800000000)
  eden space 525888K, 100% used [0x00000007aacb0000,0x00000007cae40000,0x00000007cae40000)
  from space 11072K, 0% used [0x00000007f21b0000,0x00000007f21b0000,0x00000007f2c80000)
  to   space 47936K, 0% used [0x00000007f3d00000,0x00000007f3d00000,0x00000007f6bd0000)
 ParOldGen       total 112320K, used 65705K [0x0000000700600000, 0x00000007073b0000, 0x00000007aacb0000)
  object space 112320K, 58% used [0x0000000700600000,0x000000070462a548,0x00000007073b0000)
 PSPermGen       total 39552K, used 18279K [0x00000006fb400000, 0x00000006fdaa0000, 0x0000000700600000)
  object space 39552K, 46% used [0x00000006fb400000,0x00000006fc5d9ee8,0x00000006fdaa0000)
Event: 33.433 GC heap after
Heap after GC invocations=25 (full 3):
 PSYoungGen      total 503232K, used 667K [0x00000007aacb0000, 0x00000007f3db0000, 0x0000000800000000)
  eden space 502528K, 0% used [0x00000007aacb0000,0x00000007aacb0000,0x00000007c9770000)
  from space 704K, 94% used [0x00000007f3d00000,0x00000007f3da6ef0,0x00000007f3db0000)
  to   space 49024K, 0% used [0x00000007eddf0000,0x00000007eddf0000,0x00000007f0dd0000)
 ParOldGen       total 112320K, used 65705K [0x0000000700600000, 0x00000007073b0000, 0x00000007aacb0000)
  object space 112320K, 58% used [0x0000000700600000,0x000000070462a548,0x00000007073b0000)
 PSPermGen       total 39552K, used 18279K [0x00000006fb400000, 0x00000006fdaa0000, 0x0000000700600000)
  object space 39552K, 46% used [0x00000006fb400000,0x00000006fc5d9ee8,0x00000006fdaa0000)
}
Event: 34.425 GC heap before
{Heap before GC invocations=26 (full 3):
 PSYoungGen      total 503232K, used 500889K [0x00000007aacb0000, 0x00000007f3db0000, 0x0000000800000000)
  eden space 502528K, 99% used [0x00000007aacb0000,0x00000007c952f528,0x00000007c9770000)
  from space 704K, 94% used [0x00000007f3d00000,0x00000007f3da6ef0,0x00000007f3db0000)
  to   space 49024K, 0% used [0x00000007eddf0000,0x00000007eddf0000,0x00000007f0dd0000)
 ParOldGen       total 112320K, used 65705K [0x0000000700600000, 0x00000007073b0000, 0x00000007aacb0000)
  object space 112320K, 58% used [0x0000000700600000,0x000000070462a548,0x00000007073b0000)
 PSPermGen       total 39552K, used 18286K [0x00000006fb400000, 0x00000006fdaa0000, 0x0000000700600000)
  object space 39552K, 46% used [0x00000006fb400000,0x00000006fc5dba68,0x00000006fdaa0000)
Event: 34.431 GC heap after
Heap after GC invocations=26 (full 3):
 PSYoungGen      total 529344K, used 20791K [0x00000007aacb0000, 0x00000007f3d10000, 0x0000000800000000)
  eden space 480320K, 0% used [0x00000007aacb0000,0x00000007aacb0000,0x00000007c81c0000)
  from space 49024K, 42% used [0x00000007eddf0000,0x00000007ef23dd10,0x00000007f0dd0000)
  to   space 46400K, 0% used [0x00000007f0fc0000,0x00000007f0fc0000,0x00000007f3d10000)
 ParOldGen       total 112320K, used 65705K [0x0000000700600000, 0x00000007073b0000, 0x00000007aacb0000)
  object space 112320K, 58% used [0x0000000700600000,0x000000070462a548,0x00000007073b0000)
 PSPermGen       total 39552K, used 18286K [0x00000006fb400000, 0x00000006fdaa0000, 0x0000000700600000)
  object space 39552K, 46% used [0x00000006fb400000,0x00000006fc5dba68,0x00000006fdaa0000)
}
Event: 35.341 GC heap before
{Heap before GC invocations=27 (full 3):
 PSYoungGen      total 529344K, used 499422K [0x00000007aacb0000, 0x00000007f3d10000, 0x0000000800000000)
  eden space 480320K, 99% used [0x00000007aacb0000,0x00000007c8019e30,0x00000007c81c0000)
  from space 49024K, 42% used [0x00000007eddf0000,0x00000007ef23dd10,0x00000007f0dd0000)
  to   space 46400K, 0% used [0x00000007f0fc0000,0x00000007f0fc0000,0x00000007f3d10000)
 ParOldGen       total 112320K, used 65705K [0x0000000700600000, 0x00000007073b0000, 0x00000007aacb0000)
  object space 112320K, 58% used [0x0000000700600000,0x000000070462a548,0x00000007073b0000)
 PSPermGen       total 39552K, used 18290K [0x00000006fb400000, 0x00000006fdaa0000, 0x0000000700600000)
  object space 39552K, 46% used [0x00000006fb400000,0x00000006fc5dc868,0x00000006fdaa0000)
Event: 35.346 GC heap after
Heap after GC invocations=27 (full 3):
 PSYoungGen      total 470080K, used 10855K [0x00000007aacb0000, 0x00000007f1a60000, 0x0000000800000000)
  eden space 459200K, 0% used [0x00000007aacb0000,0x00000007aacb0000,0x00000007c6d20000)
  from space 10880K, 99% used [0x00000007f0fc0000,0x00000007f1a59d60,0x00000007f1a60000)
  to   space 45376K, 0% used [0x00000007ec1c0000,0x00000007ec1c0000,0x00000007eee10000)
 ParOldGen       total 112320K, used 65705K [0x0000000700600000, 0x00000007073b0000, 0x00000007aacb0000)
  object space 112320K, 58% used [0x0000000700600000,0x000000070462a548,0x00000007073b0000)
 PSPermGen       total 39552K, used 18290K [0x00000006fb400000, 0x00000006fdaa0000, 0x0000000700600000)
  object space 39552K, 46% used [0x00000006fb400000,0x00000006fc5dc868,0x00000006fdaa0000)
}

