# JRE version: 7.0_07-b11
# Java VM: Java HotSpot(TM) 64-Bit Server VM (23.3-b01 mixed mode windows-amd64 compressed oops)
Heap
 PSYoungGen      total 835520K, used 437389K [0x00000007aacb0000, 0x00000007e68d0000, 0x0000000800000000)
  eden space 818304K, 51% used [0x00000007aacb0000,0x00000007c47100a0,0x00000007dcbd0000)
  from space 17216K, 99% used [0x00000007dee10000,0x00000007dfed3600,0x00000007dfee0000)
  to   space 80384K, 0% used [0x00000007e1a50000,0x00000007e1a50000,0x00000007e68d0000)
 ParOldGen       total 234048K, used 200824K [0x0000000700600000, 0x000000070ea90000, 0x00000007aacb0000)
  object space 234048K, 85% used [0x0000000700600000,0x000000070ca1e058,0x000000070ea90000)
 PSPermGen       total 30656K, used 18148K [0x00000006fb400000, 0x00000006fd1f0000, 0x0000000700600000)
  object space 30656K, 59% used [0x00000006fb400000,0x00000006fc5b9280,0x00000006fd1f0000)
GC Heap History (10 events):
Event: 274.937 GC heap before
{Heap before GC invocations=145 (full 8):
 PSYoungGen      total 1063872K, used 1012736K [0x00000007aacb0000, 0x00000007f40d0000, 0x0000000800000000)
  eden space 1012480K, 100% used [0x00000007aacb0000,0x00000007e8970000,0x00000007e8970000)
  from space 51392K, 0% used [0x00000007f0ea0000,0x00000007f0ee0000,0x00000007f40d0000)
  to   space 93888K, 0% used [0x00000007e8970000,0x00000007e8970000,0x00000007ee520000)
 ParOldGen       total 234048K, used 194701K [0x0000000700600000, 0x000000070ea90000, 0x00000007aacb0000)
  object space 234048K, 83% used [0x0000000700600000,0x000000070c423448,0x000000070ea90000)
 PSPermGen       total 30656K, used 18115K [0x00000006fb400000, 0x00000006fd1f0000, 0x0000000700600000)
  object space 30656K, 59% used [0x00000006fb400000,0x00000006fc5b0c58,0x00000006fd1f0000)
Event: 274.938 GC heap after
Heap after GC invocations=145 (full 8):
 PSYoungGen      total 969920K, used 256K [0x00000007aacb0000, 0x00000007f1920000, 0x0000000800000000)
  eden space 969664K, 0% used [0x00000007aacb0000,0x00000007aacb0000,0x00000007e5fa0000)
  from space 256K, 100% used [0x00000007e8970000,0x00000007e89b0000,0x00000007e89b0000)
  to   space 94976K, 0% used [0x00000007ebc60000,0x00000007ebc60000,0x00000007f1920000)
 ParOldGen       total 234048K, used 194749K [0x0000000700600000, 0x000000070ea90000, 0x00000007aacb0000)
  object space 234048K, 83% used [0x0000000700600000,0x000000070c42f448,0x000000070ea90000)
 PSPermGen       total 30656K, used 18115K [0x00000006fb400000, 0x00000006fd1f0000, 0x0000000700600000)
  object space 30656K, 59% used [0x00000006fb400000,0x00000006fc5b0c58,0x00000006fd1f0000)
}
Event: 276.769 GC heap before
{Heap before GC invocations=146 (full 8):
 PSYoungGen      total 969920K, used 968217K [0x00000007aacb0000, 0x00000007f1920000, 0x0000000800000000)
  eden space 969664K, 99% used [0x00000007aacb0000,0x00000007e5df64f8,0x00000007e5fa0000)
  from space 256K, 100% used [0x00000007e8970000,0x00000007e89b0000,0x00000007e89b0000)
  to   space 94976K, 0% used [0x00000007ebc60000,0x00000007ebc60000,0x00000007f1920000)
 ParOldGen       total 234048K, used 194749K [0x0000000700600000, 0x000000070ea90000, 0x00000007aacb0000)
  object space 234048K, 83% used [0x0000000700600000,0x000000070c42f448,0x000000070ea90000)
 PSPermGen       total 30656K, used 18115K [0x00000006fb400000, 0x00000006fd1f0000, 0x0000000700600000)
  object space 30656K, 59% used [0x00000006fb400000,0x00000006fc5b0e68,0x00000006fd1f0000)
Event: 276.776 GC heap after
Heap after GC invocations=146 (full 8):
 PSYoungGen      total 971328K, used 34977K [0x00000007aacb0000, 0x00000007ee5c0000, 0x0000000800000000)
  eden space 928960K, 0% used [0x00000007aacb0000,0x00000007aacb0000,0x00000007e37e0000)
  from space 42368K, 82% used [0x00000007ebc60000,0x00000007ede88588,0x00000007ee5c0000)
  to   space 89024K, 0% used [0x00000007e37e0000,0x00000007e37e0000,0x00000007e8ed0000)
 ParOldGen       total 234048K, used 194749K [0x0000000700600000, 0x000000070ea90000, 0x00000007aacb0000)
  object space 234048K, 83% used [0x0000000700600000,0x000000070c42f448,0x000000070ea90000)
 PSPermGen       total 30656K, used 18115K [0x00000006fb400000, 0x00000006fd1f0000, 0x0000000700600000)
  object space 30656K, 59% used [0x00000006fb400000,0x00000006fc5b0e68,0x00000006fd1f0000)
}
Event: 278.535 GC heap before
{Heap before GC invocations=147 (full 8):
 PSYoungGen      total 971328K, used 959500K [0x00000007aacb0000, 0x00000007ee5c0000, 0x0000000800000000)
  eden space 928960K, 99% used [0x00000007aacb0000,0x00000007e338ac60,0x00000007e37e0000)
  from space 42368K, 82% used [0x00000007ebc60000,0x00000007ede88588,0x00000007ee5c0000)
  to   space 89024K, 0% used [0x00000007e37e0000,0x00000007e37e0000,0x00000007e8ed0000)
 ParOldGen       total 234048K, used 194749K [0x0000000700600000, 0x000000070ea90000, 0x00000007aacb0000)
  object space 234048K, 83% used [0x0000000700600000,0x000000070c42f448,0x000000070ea90000)
 PSPermGen       total 30656K, used 18115K [0x00000006fb400000, 0x00000006fd1f0000, 0x0000000700600000)
  object space 30656K, 59% used [0x00000006fb400000,0x00000006fc5b0e88,0x00000006fd1f0000)
Event: 278.541 GC heap after
Heap after GC invocations=147 (full 8):
 PSYoungGen      total 909248K, used 18947K [0x00000007aacb0000, 0x00000007ebc70000, 0x0000000800000000)
  eden space 890240K, 0% used [0x00000007aacb0000,0x00000007aacb0000,0x00000007e1210000)
  from space 19008K, 99% used [0x00000007e37e0000,0x00000007e4a60c60,0x00000007e4a70000)
  to   space 86400K, 0% used [0x00000007e6810000,0x00000007e6810000,0x00000007ebc70000)
 ParOldGen       total 234048K, used 194749K [0x0000000700600000, 0x000000070ea90000, 0x00000007aacb0000)
  object space 234048K, 83% used [0x0000000700600000,0x000000070c42f448,0x000000070ea90000)
 PSPermGen       total 30656K, used 18115K [0x00000006fb400000, 0x00000006fd1f0000, 0x0000000700600000)
  object space 30656K, 59% used [0x00000006fb400000,0x00000006fc5b0e88,0x00000006fd1f0000)
}
Event: 280.253 GC heap before
{Heap before GC invocations=148 (full 8):
 PSYoungGen      total 909248K, used 908617K [0x00000007aacb0000, 0x00000007ebc70000, 0x0000000800000000)
  eden space 890240K, 99% used [0x00000007aacb0000,0x00000007e11819f8,0x00000007e1210000)
  from space 19008K, 99% used [0x00000007e37e0000,0x00000007e4a60c60,0x00000007e4a70000)
  to   space 86400K, 0% used [0x00000007e6810000,0x00000007e6810000,0x00000007ebc70000)
 ParOldGen       total 234048K, used 194749K [0x0000000700600000, 0x000000070ea90000, 0x00000007aacb0000)
  object space 234048K, 83% used [0x0000000700600000,0x000000070c42f448,0x000000070ea90000)
 PSPermGen       total 30656K, used 18115K [0x00000006fb400000, 0x00000006fd1f0000, 0x0000000700600000)
  object space 30656K, 59% used [0x00000006fb400000,0x00000006fc5b0ea8,0x00000006fd1f0000)
Event: 280.262 GC heap after
Heap after GC invocations=148 (full 8):
 PSYoungGen      total 893312K, used 37002K [0x00000007aacb0000, 0x00000007e8f10000, 0x0000000800000000)
  eden space 853376K, 0% used [0x00000007aacb0000,0x00000007aacb0000,0x00000007dee10000)
  from space 39936K, 92% used [0x00000007e6810000,0x00000007e8c329b8,0x00000007e8f10000)
  to   space 82432K, 0% used [0x00000007dee10000,0x00000007dee10000,0x00000007e3e90000)
 ParOldGen       total 234048K, used 194749K [0x0000000700600000, 0x000000070ea90000, 0x00000007aacb0000)
  object space 234048K, 83% used [0x0000000700600000,0x000000070c42f448,0x000000070ea90000)
 PSPermGen       total 30656K, used 18115K [0x00000006fb400000, 0x00000006fd1f0000, 0x0000000700600000)
  object space 30656K, 59% used [0x00000006fb400000,0x00000006fc5b0ea8,0x00000006fd1f0000)
}
Event: 281.999 GC heap before
{Heap before GC invocations=149 (full 8):
 PSYoungGen      total 893312K, used 887581K [0x00000007aacb0000, 0x00000007e8f10000, 0x0000000800000000)
  eden space 853376K, 99% used [0x00000007aacb0000,0x00000007deb54c18,0x00000007dee10000)
  from space 39936K, 92% used [0x00000007e6810000,0x00000007e8c329b8,0x00000007e8f10000)
  to   space 82432K, 0% used [0x00000007dee10000,0x00000007dee10000,0x00000007e3e90000)
 ParOldGen       total 234048K, used 200824K [0x0000000700600000, 0x000000070ea90000, 0x00000007aacb0000)
  object space 234048K, 85% used [0x0000000700600000,0x000000070ca1e058,0x000000070ea90000)
 PSPermGen       total 30656K, used 18117K [0x00000006fb400000, 0x00000006fd1f0000, 0x0000000700600000)
  object space 30656K, 59% used [0x00000006fb400000,0x00000006fc5b16a0,0x00000006fd1f0000)
Event: 282.005 GC heap after
Heap after GC invocations=149 (full 8):
 PSYoungGen      total 835520K, used 17165K [0x00000007aacb0000, 0x00000007e68d0000, 0x0000000800000000)
  eden space 818304K, 0% used [0x00000007aacb0000,0x00000007aacb0000,0x00000007dcbd0000)
  from space 17216K, 99% used [0x00000007dee10000,0x00000007dfed3600,0x00000007dfee0000)
  to   space 80384K, 0% used [0x00000007e1a50000,0x00000007e1a50000,0x00000007e68d0000)
 ParOldGen       total 234048K, used 200824K [0x0000000700600000, 0x000000070ea90000, 0x00000007aacb0000)
  object space 234048K, 85% used [0x0000000700600000,0x000000070ca1e058,0x000000070ea90000)
 PSPermGen       total 30656K, used 18117K [0x00000006fb400000, 0x00000006fd1f0000, 0x0000000700600000)
  object space 30656K, 59% used [0x00000006fb400000,0x00000006fc5b16a0,0x00000006fd1f0000)
}

