# JRE version: 7.0_07-b11
# Java VM: Java HotSpot(TM) 64-Bit Server VM (23.3-b01 mixed mode windows-amd64 compressed oops)
Heap
 PSYoungGen      total 259072K, used 119634K [0x00000007aacb0000, 0x00000007c56b0000, 0x0000000800000000)
  eden space 221056K, 45% used [0x00000007aacb0000,0x00000007b0f70420,0x00000007b8490000)
  from space 38016K, 48% used [0x00000007b8490000,0x00000007b96a4430,0x00000007ba9b0000)
  to   space 36032K, 0% used [0x00000007c3380000,0x00000007c3380000,0x00000007c56b0000)
 ParOldGen       total 125120K, used 46899K [0x0000000700600000, 0x0000000708030000, 0x00000007aacb0000)
  object space 125120K, 37% used [0x0000000700600000,0x00000007033ccde8,0x0000000708030000)
 PSPermGen       total 35648K, used 17707K [0x00000006fb400000, 0x00000006fd6d0000, 0x0000000700600000)
  object space 35648K, 49% used [0x00000006fb400000,0x00000006fc54adc0,0x00000006fd6d0000)
GC Heap History (10 events):
Event: 5.544 GC heap before
{Heap before GC invocations=4 (full 0):
 PSYoungGen      total 76352K, used 73206K [0x00000007aacb0000, 0x00000007b41d0000, 0x0000000800000000)
  eden space 65472K, 95% used [0x00000007aacb0000,0x00000007ae991f00,0x00000007aeca0000)
  from space 10880K, 99% used [0x00000007aeca0000,0x00000007af73bb00,0x00000007af740000)
  to   space 10880K, 0% used [0x00000007b3730000,0x00000007b3730000,0x00000007b41d0000)
 ParOldGen       total 174528K, used 44622K [0x0000000700600000, 0x000000070b070000, 0x00000007aacb0000)
  object space 174528K, 25% used [0x0000000700600000,0x00000007031938b0,0x000000070b070000)
 PSPermGen       total 21248K, used 17590K [0x00000006fb400000, 0x00000006fc8c0000, 0x0000000700600000)
  object space 21248K, 82% used [0x00000006fb400000,0x00000006fc52dab8,0x00000006fc8c0000)
Event: 5.551 GC heap after
Heap after GC invocations=4 (full 0):
 PSYoungGen      total 141824K, used 10878K [0x00000007aacb0000, 0x00000007b41d0000, 0x0000000800000000)
  eden space 130944K, 0% used [0x00000007aacb0000,0x00000007aacb0000,0x00000007b2c90000)
  from space 10880K, 99% used [0x00000007b3730000,0x00000007b41cfaf0,0x00000007b41d0000)
  to   space 10880K, 0% used [0x00000007b2c90000,0x00000007b2c90000,0x00000007b3730000)
 ParOldGen       total 174528K, used 61483K [0x0000000700600000, 0x000000070b070000, 0x00000007aacb0000)
  object space 174528K, 35% used [0x0000000700600000,0x000000070420ae70,0x000000070b070000)
 PSPermGen       total 21248K, used 17590K [0x00000006fb400000, 0x00000006fc8c0000, 0x0000000700600000)
  object space 21248K, 82% used [0x00000006fb400000,0x00000006fc52dab8,0x00000006fc8c0000)
}
Event: 9.172 GC heap before
{Heap before GC invocations=5 (full 1):
 PSYoungGen      total 141824K, used 141822K [0x00000007aacb0000, 0x00000007b41d0000, 0x0000000800000000)
  eden space 130944K, 100% used [0x00000007aacb0000,0x00000007b2c90000,0x00000007b2c90000)
  from space 10880K, 99% used [0x00000007b3730000,0x00000007b41cfaf0,0x00000007b41d0000)
  to   space 10880K, 0% used [0x00000007b2c90000,0x00000007b2c90000,0x00000007b3730000)
 ParOldGen       total 448128K, used 444209K [0x0000000700600000, 0x000000071bba0000, 0x00000007aacb0000)
  object space 448128K, 99% used [0x0000000700600000,0x000000071b7cc660,0x000000071bba0000)
 PSPermGen       total 21248K, used 17686K [0x00000006fb400000, 0x00000006fc8c0000, 0x0000000700600000)
  object space 21248K, 83% used [0x00000006fb400000,0x00000006fc545a28,0x00000006fc8c0000)
Event: 9.239 GC heap after
Heap after GC invocations=5 (full 1):
 PSYoungGen      total 141824K, used 0K [0x00000007aacb0000, 0x00000007b41d0000, 0x0000000800000000)
  eden space 130944K, 0% used [0x00000007aacb0000,0x00000007aacb0000,0x00000007b2c90000)
  from space 10880K, 0% used [0x00000007b3730000,0x00000007b3730000,0x00000007b41d0000)
  to   space 10880K, 0% used [0x00000007b2c90000,0x00000007b2c90000,0x00000007b3730000)
 ParOldGen       total 125120K, used 16524K [0x0000000700600000, 0x0000000708030000, 0x00000007aacb0000)
  object space 125120K, 13% used [0x0000000700600000,0x0000000701623198,0x0000000708030000)
 PSPermGen       total 35648K, used 17680K [0x00000006fb400000, 0x00000006fd6d0000, 0x0000000700600000)
  object space 35648K, 49% used [0x00000006fb400000,0x00000006fc544030,0x00000006fd6d0000)
}
Event: 10.122 GC heap before
{Heap before GC invocations=6 (full 1):
 PSYoungGen      total 141824K, used 128707K [0x00000007aacb0000, 0x00000007b41d0000, 0x0000000800000000)
  eden space 130944K, 98% used [0x00000007aacb0000,0x00000007b2a60f60,0x00000007b2c90000)
  from space 10880K, 0% used [0x00000007b3730000,0x00000007b3730000,0x00000007b41d0000)
  to   space 10880K, 0% used [0x00000007b2c90000,0x00000007b2c90000,0x00000007b3730000)
 ParOldGen       total 125120K, used 16524K [0x0000000700600000, 0x0000000708030000, 0x00000007aacb0000)
  object space 125120K, 13% used [0x0000000700600000,0x0000000701623198,0x0000000708030000)
 PSPermGen       total 35648K, used 17681K [0x00000006fb400000, 0x00000006fd6d0000, 0x0000000700600000)
  object space 35648K, 49% used [0x00000006fb400000,0x00000006fc544658,0x00000006fd6d0000)
Event: 10.128 GC heap after
Heap after GC invocations=6 (full 1):
 PSYoungGen      total 141824K, used 6331K [0x00000007aacb0000, 0x00000007bd730000, 0x0000000800000000)
  eden space 130944K, 0% used [0x00000007aacb0000,0x00000007aacb0000,0x00000007b2c90000)
  from space 10880K, 58% used [0x00000007b2c90000,0x00000007b32bec10,0x00000007b3730000)
  to   space 40512K, 0% used [0x00000007bafa0000,0x00000007bafa0000,0x00000007bd730000)
 ParOldGen       total 125120K, used 46899K [0x0000000700600000, 0x0000000708030000, 0x00000007aacb0000)
  object space 125120K, 37% used [0x0000000700600000,0x00000007033ccde8,0x0000000708030000)
 PSPermGen       total 35648K, used 17681K [0x00000006fb400000, 0x00000006fd6d0000, 0x0000000700600000)
  object space 35648K, 49% used [0x00000006fb400000,0x00000006fc544658,0x00000006fd6d0000)
}
Event: 11.027 GC heap before
{Heap before GC invocations=7 (full 1):
 PSYoungGen      total 141824K, used 134736K [0x00000007aacb0000, 0x00000007bd730000, 0x0000000800000000)
  eden space 130944K, 98% used [0x00000007aacb0000,0x00000007b2a15408,0x00000007b2c90000)
  from space 10880K, 58% used [0x00000007b2c90000,0x00000007b32bec10,0x00000007b3730000)
  to   space 40512K, 0% used [0x00000007bafa0000,0x00000007bafa0000,0x00000007bd730000)
 ParOldGen       total 125120K, used 46899K [0x0000000700600000, 0x0000000708030000, 0x00000007aacb0000)
  object space 125120K, 37% used [0x0000000700600000,0x00000007033ccde8,0x0000000708030000)
 PSPermGen       total 35648K, used 17682K [0x00000006fb400000, 0x00000006fd6d0000, 0x0000000700600000)
  object space 35648K, 49% used [0x00000006fb400000,0x00000006fc5448a0,0x00000006fd6d0000)
Event: 11.032 GC heap after
Heap after GC invocations=7 (full 1):
 PSYoungGen      total 252992K, used 18481K [0x00000007aacb0000, 0x00000007bced0000, 0x0000000800000000)
  eden space 221056K, 0% used [0x00000007aacb0000,0x00000007aacb0000,0x00000007b8490000)
  from space 31936K, 57% used [0x00000007bafa0000,0x00000007bc1ac430,0x00000007bced0000)
  to   space 38016K, 0% used [0x00000007b8490000,0x00000007b8490000,0x00000007ba9b0000)
 ParOldGen       total 125120K, used 46899K [0x0000000700600000, 0x0000000708030000, 0x00000007aacb0000)
  object space 125120K, 37% used [0x0000000700600000,0x00000007033ccde8,0x0000000708030000)
 PSPermGen       total 35648K, used 17682K [0x00000006fb400000, 0x00000006fd6d0000, 0x0000000700600000)
  object space 35648K, 49% used [0x00000006fb400000,0x00000006fc5448a0,0x00000006fd6d0000)
}
Event: 12.586 GC heap before
{Heap before GC invocations=8 (full 1):
 PSYoungGen      total 252992K, used 238102K [0x00000007aacb0000, 0x00000007bced0000, 0x0000000800000000)
  eden space 221056K, 99% used [0x00000007aacb0000,0x00000007b83293e0,0x00000007b8490000)
  from space 31936K, 57% used [0x00000007bafa0000,0x00000007bc1ac430,0x00000007bced0000)
  to   space 38016K, 0% used [0x00000007b8490000,0x00000007b8490000,0x00000007ba9b0000)
 ParOldGen       total 125120K, used 46899K [0x0000000700600000, 0x0000000708030000, 0x00000007aacb0000)
  object space 125120K, 37% used [0x0000000700600000,0x00000007033ccde8,0x0000000708030000)
 PSPermGen       total 35648K, used 17683K [0x00000006fb400000, 0x00000006fd6d0000, 0x0000000700600000)
  object space 35648K, 49% used [0x00000006fb400000,0x00000006fc544c58,0x00000006fd6d0000)
Event: 12.591 GC heap after
Heap after GC invocations=8 (full 1):
 PSYoungGen      total 259072K, used 18513K [0x00000007aacb0000, 0x00000007c56b0000, 0x0000000800000000)
  eden space 221056K, 0% used [0x00000007aacb0000,0x00000007aacb0000,0x00000007b8490000)
  from space 38016K, 48% used [0x00000007b8490000,0x00000007b96a4430,0x00000007ba9b0000)
  to   space 36032K, 0% used [0x00000007c3380000,0x00000007c3380000,0x00000007c56b0000)
 ParOldGen       total 125120K, used 46899K [0x0000000700600000, 0x0000000708030000, 0x00000007aacb0000)
  object space 125120K, 37% used [0x0000000700600000,0x00000007033ccde8,0x0000000708030000)
 PSPermGen       total 35648K, used 17683K [0x00000006fb400000, 0x00000006fd6d0000, 0x0000000700600000)
  object space 35648K, 49% used [0x00000006fb400000,0x00000006fc544c58,0x00000006fd6d0000)
}

