# JRE version: 7.0_07-b11
# Java VM: Java HotSpot(TM) 64-Bit Server VM (23.3-b01 mixed mode windows-amd64 compressed oops)
Heap
 PSYoungGen      total 295936K, used 245393K [0x00000007aacb0000, 0x00000007cefb0000, 0x0000000800000000)
  eden space 258112K, 83% used [0x00000007aacb0000,0x00000007b803d290,0x00000007ba8c0000)
  from space 37824K, 76% used [0x00000007ba8c0000,0x00000007bc4d72a0,0x00000007bcdb0000)
  to   space 38336K, 0% used [0x00000007cca40000,0x00000007cca40000,0x00000007cefb0000)
 ParOldGen       total 174528K, used 73410K [0x0000000700600000, 0x000000070b070000, 0x00000007aacb0000)
  object space 174528K, 42% used [0x0000000700600000,0x0000000704db0b88,0x000000070b070000)
 PSPermGen       total 21248K, used 18036K [0x00000006fb400000, 0x00000006fc8c0000, 0x0000000700600000)
  object space 21248K, 84% used [0x00000006fb400000,0x00000006fc59d1c0,0x00000006fc8c0000)
GC Heap History (10 events):
Event: 5.476 GC heap before
{Heap before GC invocations=3 (full 0):
 PSYoungGen      total 76352K, used 75645K [0x00000007aacb0000, 0x00000007b01e0000, 0x0000000800000000)
  eden space 65472K, 98% used [0x00000007aacb0000,0x00000007aebf58b8,0x00000007aeca0000)
  from space 10880K, 99% used [0x00000007af740000,0x00000007b01d9e28,0x00000007b01e0000)
  to   space 10880K, 0% used [0x00000007aeca0000,0x00000007aeca0000,0x00000007af740000)
 ParOldGen       total 174528K, used 9346K [0x0000000700600000, 0x000000070b070000, 0x00000007aacb0000)
  object space 174528K, 5% used [0x0000000700600000,0x0000000700f20a88,0x000000070b070000)
 PSPermGen       total 21248K, used 17983K [0x00000006fb400000, 0x00000006fc8c0000, 0x0000000700600000)
  object space 21248K, 84% used [0x00000006fb400000,0x00000006fc58fc78,0x00000006fc8c0000)
Event: 5.486 GC heap after
Heap after GC invocations=3 (full 0):
 PSYoungGen      total 76352K, used 10871K [0x00000007aacb0000, 0x00000007b41d0000, 0x0000000800000000)
  eden space 65472K, 0% used [0x00000007aacb0000,0x00000007aacb0000,0x00000007aeca0000)
  from space 10880K, 99% used [0x00000007aeca0000,0x00000007af73de38,0x00000007af740000)
  to   space 10880K, 0% used [0x00000007b3730000,0x00000007b3730000,0x00000007b41d0000)
 ParOldGen       total 174528K, used 34425K [0x0000000700600000, 0x000000070b070000, 0x00000007aacb0000)
  object space 174528K, 19% used [0x0000000700600000,0x000000070279e448,0x000000070b070000)
 PSPermGen       total 21248K, used 17983K [0x00000006fb400000, 0x00000006fc8c0000, 0x0000000700600000)
  object space 21248K, 84% used [0x00000006fb400000,0x00000006fc58fc78,0x00000006fc8c0000)
}
Event: 5.730 GC heap before
{Heap before GC invocations=4 (full 0):
 PSYoungGen      total 76352K, used 72839K [0x00000007aacb0000, 0x00000007b41d0000, 0x0000000800000000)
  eden space 65472K, 94% used [0x00000007aacb0000,0x00000007ae933dc8,0x00000007aeca0000)
  from space 10880K, 99% used [0x00000007aeca0000,0x00000007af73de38,0x00000007af740000)
  to   space 10880K, 0% used [0x00000007b3730000,0x00000007b3730000,0x00000007b41d0000)
 ParOldGen       total 174528K, used 34425K [0x0000000700600000, 0x000000070b070000, 0x00000007aacb0000)
  object space 174528K, 19% used [0x0000000700600000,0x000000070279e448,0x000000070b070000)
 PSPermGen       total 21248K, used 17984K [0x00000006fb400000, 0x00000006fc8c0000, 0x0000000700600000)
  object space 21248K, 84% used [0x00000006fb400000,0x00000006fc590158,0x00000006fc8c0000)
Event: 5.738 GC heap after
Heap after GC invocations=4 (full 0):
 PSYoungGen      total 141824K, used 10855K [0x00000007aacb0000, 0x00000007b41d0000, 0x0000000800000000)
  eden space 130944K, 0% used [0x00000007aacb0000,0x00000007aacb0000,0x00000007b2c90000)
  from space 10880K, 99% used [0x00000007b3730000,0x00000007b41c9e28,0x00000007b41d0000)
  to   space 10880K, 0% used [0x00000007b2c90000,0x00000007b2c90000,0x00000007b3730000)
 ParOldGen       total 174528K, used 46047K [0x0000000700600000, 0x000000070b070000, 0x00000007aacb0000)
  object space 174528K, 26% used [0x0000000700600000,0x00000007032f7d88,0x000000070b070000)
 PSPermGen       total 21248K, used 17984K [0x00000006fb400000, 0x00000006fc8c0000, 0x0000000700600000)
  object space 21248K, 84% used [0x00000006fb400000,0x00000006fc590158,0x00000006fc8c0000)
}
Event: 6.259 GC heap before
{Heap before GC invocations=5 (full 0):
 PSYoungGen      total 141824K, used 136354K [0x00000007aacb0000, 0x00000007b41d0000, 0x0000000800000000)
  eden space 130944K, 95% used [0x00000007aacb0000,0x00000007b273e9e0,0x00000007b2c90000)
  from space 10880K, 99% used [0x00000007b3730000,0x00000007b41c9e28,0x00000007b41d0000)
  to   space 10880K, 0% used [0x00000007b2c90000,0x00000007b2c90000,0x00000007b3730000)
 ParOldGen       total 174528K, used 46047K [0x0000000700600000, 0x000000070b070000, 0x00000007aacb0000)
  object space 174528K, 26% used [0x0000000700600000,0x00000007032f7d88,0x000000070b070000)
 PSPermGen       total 21248K, used 17986K [0x00000006fb400000, 0x00000006fc8c0000, 0x0000000700600000)
  object space 21248K, 84% used [0x00000006fb400000,0x00000006fc590808,0x00000006fc8c0000)
Event: 6.267 GC heap after
Heap after GC invocations=5 (full 0):
 PSYoungGen      total 141824K, used 10854K [0x00000007aacb0000, 0x00000007beef0000, 0x0000000800000000)
  eden space 130944K, 0% used [0x00000007aacb0000,0x00000007aacb0000,0x00000007b2c90000)
  from space 10880K, 99% used [0x00000007b2c90000,0x00000007b3729960,0x00000007b3730000)
  to   space 34048K, 0% used [0x00000007bcdb0000,0x00000007bcdb0000,0x00000007beef0000)
 ParOldGen       total 174528K, used 57613K [0x0000000700600000, 0x000000070b070000, 0x00000007aacb0000)
  object space 174528K, 33% used [0x0000000700600000,0x0000000703e436c8,0x000000070b070000)
 PSPermGen       total 21248K, used 17986K [0x00000006fb400000, 0x00000006fc8c0000, 0x0000000700600000)
  object space 21248K, 84% used [0x00000006fb400000,0x00000006fc590808,0x00000006fc8c0000)
}
Event: 6.713 GC heap before
{Heap before GC invocations=6 (full 0):
 PSYoungGen      total 141824K, used 141708K [0x00000007aacb0000, 0x00000007beef0000, 0x0000000800000000)
  eden space 130944K, 99% used [0x00000007aacb0000,0x00000007b2c797f0,0x00000007b2c90000)
  from space 10880K, 99% used [0x00000007b2c90000,0x00000007b3729960,0x00000007b3730000)
  to   space 34048K, 0% used [0x00000007bcdb0000,0x00000007bcdb0000,0x00000007beef0000)
 ParOldGen       total 174528K, used 57613K [0x0000000700600000, 0x000000070b070000, 0x00000007aacb0000)
  object space 174528K, 33% used [0x0000000700600000,0x0000000703e436c8,0x000000070b070000)
 PSPermGen       total 21248K, used 17988K [0x00000006fb400000, 0x00000006fc8c0000, 0x0000000700600000)
  object space 21248K, 84% used [0x00000006fb400000,0x00000006fc591038,0x00000006fc8c0000)
Event: 6.723 GC heap after
Heap after GC invocations=6 (full 0):
 PSYoungGen      total 292160K, used 32249K [0x00000007aacb0000, 0x00000007bf650000, 0x0000000800000000)
  eden space 258112K, 0% used [0x00000007aacb0000,0x00000007aacb0000,0x00000007ba8c0000)
  from space 34048K, 94% used [0x00000007bcdb0000,0x00000007bed2e7c8,0x00000007beef0000)
  to   space 37824K, 0% used [0x00000007ba8c0000,0x00000007ba8c0000,0x00000007bcdb0000)
 ParOldGen       total 174528K, used 63688K [0x0000000700600000, 0x000000070b070000, 0x00000007aacb0000)
  object space 174528K, 36% used [0x0000000700600000,0x00000007044322d8,0x000000070b070000)
 PSPermGen       total 21248K, used 17988K [0x00000006fb400000, 0x00000006fc8c0000, 0x0000000700600000)
  object space 21248K, 84% used [0x00000006fb400000,0x00000006fc591038,0x00000006fc8c0000)
}
Event: 7.752 GC heap before
{Heap before GC invocations=7 (full 0):
 PSYoungGen      total 292160K, used 290004K [0x00000007aacb0000, 0x00000007bf650000, 0x0000000800000000)
  eden space 258112K, 99% used [0x00000007aacb0000,0x00000007ba8668a0,0x00000007ba8c0000)
  from space 34048K, 94% used [0x00000007bcdb0000,0x00000007bed2e7c8,0x00000007beef0000)
  to   space 37824K, 0% used [0x00000007ba8c0000,0x00000007ba8c0000,0x00000007bcdb0000)
 ParOldGen       total 174528K, used 63688K [0x0000000700600000, 0x000000070b070000, 0x00000007aacb0000)
  object space 174528K, 36% used [0x0000000700600000,0x00000007044322d8,0x000000070b070000)
 PSPermGen       total 21248K, used 17989K [0x00000006fb400000, 0x00000006fc8c0000, 0x0000000700600000)
  object space 21248K, 84% used [0x00000006fb400000,0x00000006fc5914a8,0x00000006fc8c0000)
Event: 7.765 GC heap after
Heap after GC invocations=7 (full 0):
 PSYoungGen      total 295936K, used 28764K [0x00000007aacb0000, 0x00000007cefb0000, 0x0000000800000000)
  eden space 258112K, 0% used [0x00000007aacb0000,0x00000007aacb0000,0x00000007ba8c0000)
  from space 37824K, 76% used [0x00000007ba8c0000,0x00000007bc4d72a0,0x00000007bcdb0000)
  to   space 38336K, 0% used [0x00000007cca40000,0x00000007cca40000,0x00000007cefb0000)
 ParOldGen       total 174528K, used 73410K [0x0000000700600000, 0x000000070b070000, 0x00000007aacb0000)
  object space 174528K, 42% used [0x0000000700600000,0x0000000704db0b88,0x000000070b070000)
 PSPermGen       total 21248K, used 17989K [0x00000006fb400000, 0x00000006fc8c0000, 0x0000000700600000)
  object space 21248K, 84% used [0x00000006fb400000,0x00000006fc5914a8,0x00000006fc8c0000)
}

