# JRE version: 7.0_07-b11
# Java VM: Java HotSpot(TM) 64-Bit Server VM (23.3-b01 mixed mode windows-amd64 compressed oops)
Heap
 PSYoungGen      total 924992K, used 898691K [0x00000007aacb0000, 0x00000007e7520000, 0x0000000800000000)
  eden space 881472K, 99% used [0x00000007aacb0000,0x00000007e0970e18,0x00000007e0980000)
  from space 43520K, 39% used [0x00000007e4aa0000,0x00000007e5b7fe30,0x00000007e7520000)
  to   space 55104K, 0% used [0x00000007e0980000,0x00000007e0980000,0x00000007e3f50000)
 ParOldGen       total 276672K, used 170258K [0x0000000700600000, 0x0000000711430000, 0x00000007aacb0000)
  object space 276672K, 61% used [0x0000000700600000,0x000000070ac44b58,0x0000000711430000)
 PSPermGen       total 37568K, used 18148K [0x00000006fb400000, 0x00000006fd8b0000, 0x0000000700600000)
  object space 37568K, 48% used [0x00000006fb400000,0x00000006fc5b9090,0x00000006fd8b0000)
GC Heap History (10 events):
Event: 13.676 GC heap before
{Heap before GC invocations=16 (full 3):
 PSYoungGen      total 673600K, used 637742K [0x00000007aacb0000, 0x00000007d6ee0000, 0x0000000800000000)
  eden space 626496K, 99% used [0x00000007aacb0000,0x00000007d107ae40,0x00000007d1080000)
  from space 47104K, 23% used [0x00000007d3f70000,0x00000007d4a70c50,0x00000007d6d70000)
  to   space 48064K, 0% used [0x00000007d1080000,0x00000007d1080000,0x00000007d3f70000)
 ParOldGen       total 217024K, used 164918K [0x0000000700600000, 0x000000070d9f0000, 0x00000007aacb0000)
  object space 217024K, 75% used [0x0000000700600000,0x000000070a70dad0,0x000000070d9f0000)
 PSPermGen       total 39680K, used 18099K [0x00000006fb400000, 0x00000006fdac0000, 0x0000000700600000)
  object space 39680K, 45% used [0x00000006fb400000,0x00000006fc5ace28,0x00000006fdac0000)
Event: 13.677 GC heap after
Heap after GC invocations=16 (full 3):
 PSYoungGen      total 674560K, used 350K [0x00000007aacb0000, 0x00000007de5b0000, 0x0000000800000000)
  eden space 626496K, 0% used [0x00000007aacb0000,0x00000007aacb0000,0x00000007d1080000)
  from space 48064K, 0% used [0x00000007d1080000,0x00000007d10d7a50,0x00000007d3f70000)
  to   space 50304K, 0% used [0x00000007db490000,0x00000007db490000,0x00000007de5b0000)
 ParOldGen       total 217024K, used 164918K [0x0000000700600000, 0x000000070d9f0000, 0x00000007aacb0000)
  object space 217024K, 75% used [0x0000000700600000,0x000000070a70dad0,0x000000070d9f0000)
 PSPermGen       total 39680K, used 18099K [0x00000006fb400000, 0x00000006fdac0000, 0x0000000700600000)
  object space 39680K, 45% used [0x00000006fb400000,0x00000006fc5ace28,0x00000006fdac0000)
}
Event: 14.809 GC heap before
{Heap before GC invocations=17 (full 3):
 PSYoungGen      total 674560K, used 624339K [0x00000007aacb0000, 0x00000007de5b0000, 0x0000000800000000)
  eden space 626496K, 99% used [0x00000007aacb0000,0x00000007d0e0d588,0x00000007d1080000)
  from space 48064K, 0% used [0x00000007d1080000,0x00000007d10d7a50,0x00000007d3f70000)
  to   space 50304K, 0% used [0x00000007db490000,0x00000007db490000,0x00000007de5b0000)
 ParOldGen       total 217024K, used 168335K [0x0000000700600000, 0x000000070d9f0000, 0x00000007aacb0000)
  object space 217024K, 77% used [0x0000000700600000,0x000000070aa63fa0,0x000000070d9f0000)
 PSPermGen       total 39680K, used 18106K [0x00000006fb400000, 0x00000006fdac0000, 0x0000000700600000)
  object space 39680K, 45% used [0x00000006fb400000,0x00000006fc5aeb60,0x00000006fdac0000)
Event: 14.819 GC heap after
Heap after GC invocations=17 (full 3):
 PSYoungGen      total 791424K, used 39269K [0x00000007aacb0000, 0x00000007df260000, 0x0000000800000000)
  eden space 741120K, 0% used [0x00000007aacb0000,0x00000007aacb0000,0x00000007d8070000)
  from space 50304K, 78% used [0x00000007db490000,0x00000007ddae95e0,0x00000007de5b0000)
  to   space 53376K, 0% used [0x00000007d8070000,0x00000007d8070000,0x00000007db490000)
 ParOldGen       total 217024K, used 168335K [0x0000000700600000, 0x000000070d9f0000, 0x00000007aacb0000)
  object space 217024K, 77% used [0x0000000700600000,0x000000070aa63fa0,0x000000070d9f0000)
 PSPermGen       total 39680K, used 18106K [0x00000006fb400000, 0x00000006fdac0000, 0x0000000700600000)
  object space 39680K, 45% used [0x00000006fb400000,0x00000006fc5aeb60,0x00000006fdac0000)
}
Event: 16.312 GC heap before
{Heap before GC invocations=18 (full 4):
 PSYoungGen      total 791424K, used 780389K [0x00000007aacb0000, 0x00000007df260000, 0x0000000800000000)
  eden space 741120K, 100% used [0x00000007aacb0000,0x00000007d8070000,0x00000007d8070000)
  from space 50304K, 78% used [0x00000007db490000,0x00000007ddae95e0,0x00000007de5b0000)
  to   space 53376K, 0% used [0x00000007d8070000,0x00000007d8070000,0x00000007db490000)
 ParOldGen       total 217024K, used 212634K [0x0000000700600000, 0x000000070d9f0000, 0x00000007aacb0000)
  object space 217024K, 97% used [0x0000000700600000,0x000000070d5a6b50,0x000000070d9f0000)
 PSPermGen       total 39680K, used 18120K [0x00000006fb400000, 0x00000006fdac0000, 0x0000000700600000)
  object space 39680K, 45% used [0x00000006fb400000,0x00000006fc5b2180,0x00000006fdac0000)
Event: 16.341 GC heap after
Heap after GC invocations=18 (full 4):
 PSYoungGen      total 791424K, used 0K [0x00000007aacb0000, 0x00000007df260000, 0x0000000800000000)
  eden space 741120K, 0% used [0x00000007aacb0000,0x00000007aacb0000,0x00000007d8070000)
  from space 50304K, 0% used [0x00000007db490000,0x00000007db490000,0x00000007de5b0000)
  to   space 53376K, 0% used [0x00000007d8070000,0x00000007d8070000,0x00000007db490000)
 ParOldGen       total 276672K, used 28634K [0x0000000700600000, 0x0000000711430000, 0x00000007aacb0000)
  object space 276672K, 10% used [0x0000000700600000,0x00000007021f6998,0x0000000711430000)
 PSPermGen       total 37568K, used 18120K [0x00000006fb400000, 0x00000006fd8b0000, 0x0000000700600000)
  object space 37568K, 48% used [0x00000006fb400000,0x00000006fc5b2100,0x00000006fd8b0000)
}
Event: 17.709 GC heap before
{Heap before GC invocations=19 (full 4):
 PSYoungGen      total 791424K, used 740879K [0x00000007aacb0000, 0x00000007df260000, 0x0000000800000000)
  eden space 741120K, 99% used [0x00000007aacb0000,0x00000007d8033cd8,0x00000007d8070000)
  from space 50304K, 0% used [0x00000007db490000,0x00000007db490000,0x00000007de5b0000)
  to   space 53376K, 0% used [0x00000007d8070000,0x00000007d8070000,0x00000007db490000)
 ParOldGen       total 276672K, used 28634K [0x0000000700600000, 0x0000000711430000, 0x00000007aacb0000)
  object space 276672K, 10% used [0x0000000700600000,0x00000007021f6998,0x0000000711430000)
 PSPermGen       total 37568K, used 18125K [0x00000006fb400000, 0x00000006fd8b0000, 0x0000000700600000)
  object space 37568K, 48% used [0x00000006fb400000,0x00000006fc5b3588,0x00000006fd8b0000)
Event: 17.720 GC heap after
Heap after GC invocations=19 (full 4):
 PSYoungGen      total 794496K, used 41073K [0x00000007aacb0000, 0x00000007e81c0000, 0x0000000800000000)
  eden space 741120K, 0% used [0x00000007aacb0000,0x00000007aacb0000,0x00000007d8070000)
  from space 53376K, 76% used [0x00000007d8070000,0x00000007da88c510,0x00000007db490000)
  to   space 56448K, 0% used [0x00000007e4aa0000,0x00000007e4aa0000,0x00000007e81c0000)
 ParOldGen       total 276672K, used 28634K [0x0000000700600000, 0x0000000711430000, 0x00000007aacb0000)
  object space 276672K, 10% used [0x0000000700600000,0x00000007021f6998,0x0000000711430000)
 PSPermGen       total 37568K, used 18125K [0x00000006fb400000, 0x00000006fd8b0000, 0x0000000700600000)
  object space 37568K, 48% used [0x00000006fb400000,0x00000006fc5b3588,0x00000006fd8b0000)
}
Event: 19.038 GC heap before
{Heap before GC invocations=20 (full 4):
 PSYoungGen      total 794496K, used 779544K [0x00000007aacb0000, 0x00000007e81c0000, 0x0000000800000000)
  eden space 741120K, 99% used [0x00000007aacb0000,0x00000007d7dd9cb8,0x00000007d8070000)
  from space 53376K, 76% used [0x00000007d8070000,0x00000007da88c510,0x00000007db490000)
  to   space 56448K, 0% used [0x00000007e4aa0000,0x00000007e4aa0000,0x00000007e81c0000)
 ParOldGen       total 276672K, used 34709K [0x0000000700600000, 0x0000000711430000, 0x00000007aacb0000)
  object space 276672K, 12% used [0x0000000700600000,0x00000007027e55a8,0x0000000711430000)
 PSPermGen       total 37568K, used 18131K [0x00000006fb400000, 0x00000006fd8b0000, 0x0000000700600000)
  object space 37568K, 48% used [0x00000006fb400000,0x00000006fc5b4d18,0x00000006fd8b0000)
Event: 19.043 GC heap after
Heap after GC invocations=20 (full 4):
 PSYoungGen      total 924992K, used 17279K [0x00000007aacb0000, 0x00000007e7520000, 0x0000000800000000)
  eden space 881472K, 0% used [0x00000007aacb0000,0x00000007aacb0000,0x00000007e0980000)
  from space 43520K, 39% used [0x00000007e4aa0000,0x00000007e5b7fe30,0x00000007e7520000)
  to   space 55104K, 0% used [0x00000007e0980000,0x00000007e0980000,0x00000007e3f50000)
 ParOldGen       total 276672K, used 34709K [0x0000000700600000, 0x0000000711430000, 0x00000007aacb0000)
  object space 276672K, 12% used [0x0000000700600000,0x00000007027e55a8,0x0000000711430000)
 PSPermGen       total 37568K, used 18131K [0x00000006fb400000, 0x00000006fd8b0000, 0x0000000700600000)
  object space 37568K, 48% used [0x00000006fb400000,0x00000006fc5b4d18,0x00000006fd8b0000)
}

