# JRE version: 7.0_07-b11
# Java VM: Java HotSpot(TM) 64-Bit Server VM (23.3-b01 mixed mode windows-amd64 compressed oops)
Heap
 PSYoungGen      total 1151680K, used 503142K [0x00000007aacb0000, 0x0000000800000000, 0x0000000800000000)
  eden space 1088128K, 40% used [0x00000007aacb0000,0x00000007c5e9a1d0,0x00000007ed350000)
  from space 63552K, 92% used [0x00000007ed350000,0x00000007f0cbf6e0,0x00000007f1160000)
  to   space 69952K, 0% used [0x00000007fbbb0000,0x00000007fbbb0000,0x0000000800000000)
 ParOldGen       total 229568K, used 59446K [0x0000000700600000, 0x000000070e630000, 0x00000007aacb0000)
  object space 229568K, 25% used [0x0000000700600000,0x000000070400db28,0x000000070e630000)
 PSPermGen       total 39744K, used 18179K [0x00000006fb400000, 0x00000006fdad0000, 0x0000000700600000)
  object space 39744K, 45% used [0x00000006fb400000,0x00000006fc5c0dc8,0x00000006fdad0000)
GC Heap History (10 events):
Event: 15.902 GC heap before
{Heap before GC invocations=16 (full 2):
 PSYoungGen      total 717312K, used 665143K [0x00000007aacb0000, 0x00000007e72a0000, 0x0000000800000000)
  eden space 645568K, 99% used [0x00000007aacb0000,0x00000007d21e1758,0x00000007d2320000)
  from space 71744K, 29% used [0x00000007d2320000,0x00000007d377c760,0x00000007d6930000)
  to   space 70272K, 0% used [0x00000007e2e00000,0x00000007e2e00000,0x00000007e72a0000)
 ParOldGen       total 199488K, used 137149K [0x0000000700600000, 0x000000070c8d0000, 0x00000007aacb0000)
  object space 199488K, 68% used [0x0000000700600000,0x0000000708bef5b8,0x000000070c8d0000)
 PSPermGen       total 40896K, used 18119K [0x00000006fb400000, 0x00000006fdbf0000, 0x0000000700600000)
  object space 40896K, 44% used [0x00000006fb400000,0x00000006fc5b1dd8,0x00000006fdbf0000)
Event: 15.911 GC heap after
Heap after GC invocations=16 (full 2):
 PSYoungGen      total 896448K, used 29224K [0x00000007aacb0000, 0x00000007e64a0000, 0x0000000800000000)
  eden space 840512K, 0% used [0x00000007aacb0000,0x00000007aacb0000,0x00000007de180000)
  from space 55936K, 52% used [0x00000007e2e00000,0x00000007e4a8a080,0x00000007e64a0000)
  to   space 67136K, 0% used [0x00000007de180000,0x00000007de180000,0x00000007e2310000)
 ParOldGen       total 199488K, used 137197K [0x0000000700600000, 0x000000070c8d0000, 0x00000007aacb0000)
  object space 199488K, 68% used [0x0000000700600000,0x0000000708bfb5b8,0x000000070c8d0000)
 PSPermGen       total 40896K, used 18119K [0x00000006fb400000, 0x00000006fdbf0000, 0x0000000700600000)
  object space 40896K, 44% used [0x00000006fb400000,0x00000006fc5b1dd8,0x00000006fdbf0000)
}
Event: 17.500 GC heap before
{Heap before GC invocations=17 (full 2):
 PSYoungGen      total 896448K, used 869595K [0x00000007aacb0000, 0x00000007e64a0000, 0x0000000800000000)
  eden space 840512K, 99% used [0x00000007aacb0000,0x00000007de15cc38,0x00000007de180000)
  from space 55936K, 52% used [0x00000007e2e00000,0x00000007e4a8a080,0x00000007e64a0000)
  to   space 67136K, 0% used [0x00000007de180000,0x00000007de180000,0x00000007e2310000)
 ParOldGen       total 199488K, used 139375K [0x0000000700600000, 0x000000070c8d0000, 0x00000007aacb0000)
  object space 199488K, 69% used [0x0000000700600000,0x0000000708e1be68,0x000000070c8d0000)
 PSPermGen       total 40896K, used 18123K [0x00000006fb400000, 0x00000006fdbf0000, 0x0000000700600000)
  object space 40896K, 44% used [0x00000006fb400000,0x00000006fc5b2cc0,0x00000006fdbf0000)
Event: 17.512 GC heap after
Heap after GC invocations=17 (full 2):
 PSYoungGen      total 907648K, used 41221K [0x00000007aacb0000, 0x00000007f52b0000, 0x0000000800000000)
  eden space 840512K, 0% used [0x00000007aacb0000,0x00000007aacb0000,0x00000007de180000)
  from space 67136K, 61% used [0x00000007de180000,0x00000007e09c1400,0x00000007e2310000)
  to   space 66880K, 0% used [0x00000007f1160000,0x00000007f1160000,0x00000007f52b0000)
 ParOldGen       total 199488K, used 139415K [0x0000000700600000, 0x000000070c8d0000, 0x00000007aacb0000)
  object space 199488K, 69% used [0x0000000700600000,0x0000000708e25e68,0x000000070c8d0000)
 PSPermGen       total 40896K, used 18123K [0x00000006fb400000, 0x00000006fdbf0000, 0x0000000700600000)
  object space 40896K, 44% used [0x00000006fb400000,0x00000006fc5b2cc0,0x00000006fdbf0000)
}
Event: 19.250 GC heap before
{Heap before GC invocations=18 (full 3):
 PSYoungGen      total 907648K, used 881733K [0x00000007aacb0000, 0x00000007f52b0000, 0x0000000800000000)
  eden space 840512K, 100% used [0x00000007aacb0000,0x00000007de180000,0x00000007de180000)
  from space 67136K, 61% used [0x00000007de180000,0x00000007e09c1400,0x00000007e2310000)
  to   space 66880K, 0% used [0x00000007f1160000,0x00000007f1160000,0x00000007f52b0000)
 ParOldGen       total 215424K, used 215368K [0x0000000700600000, 0x000000070d860000, 0x00000007aacb0000)
  object space 215424K, 99% used [0x0000000700600000,0x000000070d8520c0,0x000000070d860000)
 PSPermGen       total 40896K, used 18128K [0x00000006fb400000, 0x00000006fdbf0000, 0x0000000700600000)
  object space 40896K, 44% used [0x00000006fb400000,0x00000006fc5b40c8,0x00000006fdbf0000)
Event: 19.290 GC heap after
Heap after GC invocations=18 (full 3):
 PSYoungGen      total 907648K, used 0K [0x00000007aacb0000, 0x00000007f52b0000, 0x0000000800000000)
  eden space 840512K, 0% used [0x00000007aacb0000,0x00000007aacb0000,0x00000007de180000)
  from space 67136K, 0% used [0x00000007de180000,0x00000007de180000,0x00000007e2310000)
  to   space 66880K, 0% used [0x00000007f1160000,0x00000007f1160000,0x00000007f52b0000)
 ParOldGen       total 229568K, used 49281K [0x0000000700600000, 0x000000070e630000, 0x00000007aacb0000)
  object space 229568K, 21% used [0x0000000700600000,0x00000007036206f8,0x000000070e630000)
 PSPermGen       total 39744K, used 18127K [0x00000006fb400000, 0x00000006fdad0000, 0x0000000700600000)
  object space 39744K, 45% used [0x00000006fb400000,0x00000006fc5b3f48,0x00000006fdad0000)
}
Event: 20.879 GC heap before
{Heap before GC invocations=19 (full 3):
 PSYoungGen      total 907648K, used 839837K [0x00000007aacb0000, 0x00000007f52b0000, 0x0000000800000000)
  eden space 840512K, 99% used [0x00000007aacb0000,0x00000007de0d7498,0x00000007de180000)
  from space 67136K, 0% used [0x00000007de180000,0x00000007de180000,0x00000007e2310000)
  to   space 66880K, 0% used [0x00000007f1160000,0x00000007f1160000,0x00000007f52b0000)
 ParOldGen       total 229568K, used 49281K [0x0000000700600000, 0x000000070e630000, 0x00000007aacb0000)
  object space 229568K, 21% used [0x0000000700600000,0x00000007036206f8,0x000000070e630000)
 PSPermGen       total 39744K, used 18139K [0x00000006fb400000, 0x00000006fdad0000, 0x0000000700600000)
  object space 39744K, 45% used [0x00000006fb400000,0x00000006fc5b6fc0,0x00000006fdad0000)
Event: 20.889 GC heap after
Heap after GC invocations=19 (full 3):
 PSYoungGen      total 1151744K, used 33306K [0x00000007aacb0000, 0x00000007f4f80000, 0x0000000800000000)
  eden space 1088128K, 0% used [0x00000007aacb0000,0x00000007aacb0000,0x00000007ed350000)
  from space 63616K, 52% used [0x00000007f1160000,0x00000007f31e68a0,0x00000007f4f80000)
  to   space 63552K, 0% used [0x00000007ed350000,0x00000007ed350000,0x00000007f1160000)
 ParOldGen       total 229568K, used 49281K [0x0000000700600000, 0x000000070e630000, 0x00000007aacb0000)
  object space 229568K, 21% used [0x0000000700600000,0x00000007036206f8,0x000000070e630000)
 PSPermGen       total 39744K, used 18139K [0x00000006fb400000, 0x00000006fdad0000, 0x0000000700600000)
  object space 39744K, 45% used [0x00000006fb400000,0x00000006fc5b6fc0,0x00000006fdad0000)
}
Event: 22.967 GC heap before
{Heap before GC invocations=20 (full 3):
 PSYoungGen      total 1151744K, used 1120802K [0x00000007aacb0000, 0x00000007f4f80000, 0x0000000800000000)
  eden space 1088128K, 99% used [0x00000007aacb0000,0x00000007ed2b2250,0x00000007ed350000)
  from space 63616K, 52% used [0x00000007f1160000,0x00000007f31e68a0,0x00000007f4f80000)
  to   space 63552K, 0% used [0x00000007ed350000,0x00000007ed350000,0x00000007f1160000)
 ParOldGen       total 229568K, used 51306K [0x0000000700600000, 0x000000070e630000, 0x00000007aacb0000)
  object space 229568K, 22% used [0x0000000700600000,0x000000070381ab08,0x000000070e630000)
 PSPermGen       total 39744K, used 18145K [0x00000006fb400000, 0x00000006fdad0000, 0x0000000700600000)
  object space 39744K, 45% used [0x00000006fb400000,0x00000006fc5b8448,0x00000006fdad0000)
Event: 22.983 GC heap after
Heap after GC invocations=20 (full 3):
 PSYoungGen      total 1151680K, used 58813K [0x00000007aacb0000, 0x0000000800000000, 0x0000000800000000)
  eden space 1088128K, 0% used [0x00000007aacb0000,0x00000007aacb0000,0x00000007ed350000)
  from space 63552K, 92% used [0x00000007ed350000,0x00000007f0cbf6e0,0x00000007f1160000)
  to   space 69952K, 0% used [0x00000007fbbb0000,0x00000007fbbb0000,0x0000000800000000)
 ParOldGen       total 229568K, used 59446K [0x0000000700600000, 0x000000070e630000, 0x00000007aacb0000)
  object space 229568K, 25% used [0x0000000700600000,0x000000070400db28,0x000000070e630000)
 PSPermGen       total 39744K, used 18145K [0x00000006fb400000, 0x00000006fdad0000, 0x0000000700600000)
  object space 39744K, 45% used [0x00000006fb400000,0x00000006fc5b8448,0x00000006fdad0000)
}

