# JRE version: 7.0_07-b11
# Java VM: Java HotSpot(TM) 64-Bit Server VM (23.3-b01 mixed mode windows-amd64 compressed oops)
Heap
 PSYoungGen      total 484608K, used 244948K [0x00000007aacb0000, 0x00000007cd690000, 0x0000000800000000)
  eden space 433152K, 48% used [0x00000007aacb0000,0x00000007b79a9638,0x00000007c53b0000)
  from space 51456K, 68% used [0x00000007ca450000,0x00000007cc68bb90,0x00000007cd690000)
  to   space 67008K, 0% used [0x00000007c53b0000,0x00000007c53b0000,0x00000007c9520000)
 ParOldGen       total 387200K, used 38654K [0x0000000700600000, 0x0000000718020000, 0x00000007aacb0000)
  object space 387200K, 9% used [0x0000000700600000,0x0000000702bbf870,0x0000000718020000)
 PSPermGen       total 31104K, used 18298K [0x00000006fb400000, 0x00000006fd260000, 0x0000000700600000)
  object space 31104K, 58% used [0x00000006fb400000,0x00000006fc5dea00,0x00000006fd260000)
GC Heap History (10 events):
Event: 116.683 GC heap before
{Heap before GC invocations=86 (full 7):
 PSYoungGen      total 529536K, used 501028K [0x00000007aacb0000, 0x00000007d0590000, 0x0000000800000000)
  eden space 475008K, 100% used [0x00000007aacb0000,0x00000007c7c90000,0x00000007c7c90000)
  from space 54528K, 47% used [0x00000007cd050000,0x00000007ce9b9160,0x00000007d0590000)
  to   space 70144K, 0% used [0x00000007c7c90000,0x00000007c7c90000,0x00000007cc110000)
 ParOldGen       total 397184K, used 288357K [0x0000000700600000, 0x00000007189e0000, 0x00000007aacb0000)
  object space 397184K, 72% used [0x0000000700600000,0x0000000711f995f0,0x00000007189e0000)
 PSPermGen       total 32256K, used 18263K [0x00000006fb400000, 0x00000006fd380000, 0x0000000700600000)
  object space 32256K, 56% used [0x00000006fb400000,0x00000006fc5d5c58,0x00000006fd380000)
Event: 116.689 GC heap after
Heap after GC invocations=86 (full 7):
 PSYoungGen      total 500736K, used 39261K [0x00000007aacb0000, 0x00000007cf3d0000, 0x0000000800000000)
  eden space 461440K, 0% used [0x00000007aacb0000,0x00000007aacb0000,0x00000007c6f50000)
  from space 39296K, 99% used [0x00000007c7c90000,0x00000007ca2e7770,0x00000007ca2f0000)
  to   space 67840K, 0% used [0x00000007cb190000,0x00000007cb190000,0x00000007cf3d0000)
 ParOldGen       total 397184K, used 288357K [0x0000000700600000, 0x00000007189e0000, 0x00000007aacb0000)
  object space 397184K, 72% used [0x0000000700600000,0x0000000711f995f0,0x00000007189e0000)
 PSPermGen       total 32256K, used 18263K [0x00000006fb400000, 0x00000006fd380000, 0x0000000700600000)
  object space 32256K, 56% used [0x00000006fb400000,0x00000006fc5d5c58,0x00000006fd380000)
}
Event: 117.679 GC heap before
{Heap before GC invocations=87 (full 7):
 PSYoungGen      total 500736K, used 498433K [0x00000007aacb0000, 0x00000007cf3d0000, 0x0000000800000000)
  eden space 461440K, 99% used [0x00000007aacb0000,0x00000007c6d18cb0,0x00000007c6f50000)
  from space 39296K, 99% used [0x00000007c7c90000,0x00000007ca2e7770,0x00000007ca2f0000)
  to   space 67840K, 0% used [0x00000007cb190000,0x00000007cb190000,0x00000007cf3d0000)
 ParOldGen       total 397184K, used 291774K [0x0000000700600000, 0x00000007189e0000, 0x00000007aacb0000)
  object space 397184K, 73% used [0x0000000700600000,0x00000007122efac0,0x00000007189e0000)
 PSPermGen       total 32256K, used 18263K [0x00000006fb400000, 0x00000006fd380000, 0x0000000700600000)
  object space 32256K, 56% used [0x00000006fb400000,0x00000006fc5d5fb0,0x00000006fd380000)
Event: 117.688 GC heap after
Heap after GC invocations=87 (full 7):
 PSYoungGen      total 526336K, used 52999K [0x00000007aacb0000, 0x00000007d2910000, 0x0000000800000000)
  eden space 458496K, 0% used [0x00000007aacb0000,0x00000007aacb0000,0x00000007c6c70000)
  from space 67840K, 78% used [0x00000007cb190000,0x00000007ce551e58,0x00000007cf3d0000)
  to   space 70784K, 0% used [0x00000007c6c70000,0x00000007c6c70000,0x00000007cb190000)
 ParOldGen       total 397184K, used 291782K [0x0000000700600000, 0x00000007189e0000, 0x00000007aacb0000)
  object space 397184K, 73% used [0x0000000700600000,0x00000007122f1ac0,0x00000007189e0000)
 PSPermGen       total 32256K, used 18263K [0x00000006fb400000, 0x00000006fd380000, 0x0000000700600000)
  object space 32256K, 56% used [0x00000006fb400000,0x00000006fc5d5fb0,0x00000006fd380000)
}
Event: 118.814 GC heap before
{Heap before GC invocations=88 (full 7):
 PSYoungGen      total 526336K, used 511495K [0x00000007aacb0000, 0x00000007d2910000, 0x0000000800000000)
  eden space 458496K, 100% used [0x00000007aacb0000,0x00000007c6c70000,0x00000007c6c70000)
  from space 67840K, 78% used [0x00000007cb190000,0x00000007ce551e58,0x00000007cf3d0000)
  to   space 70784K, 0% used [0x00000007c6c70000,0x00000007c6c70000,0x00000007cb190000)
 ParOldGen       total 397184K, used 349353K [0x0000000700600000, 0x00000007189e0000, 0x00000007aacb0000)
  object space 397184K, 87% used [0x0000000700600000,0x0000000715b2a6f0,0x00000007189e0000)
 PSPermGen       total 32256K, used 18264K [0x00000006fb400000, 0x00000006fd380000, 0x0000000700600000)
  object space 32256K, 56% used [0x00000006fb400000,0x00000006fc5d6250,0x00000006fd380000)
Event: 118.819 GC heap after
Heap after GC invocations=88 (full 7):
 PSYoungGen      total 469248K, used 23560K [0x00000007aacb0000, 0x00000007ce8c0000, 0x0000000800000000)
  eden space 445632K, 0% used [0x00000007aacb0000,0x00000007aacb0000,0x00000007c5fe0000)
  from space 23616K, 99% used [0x00000007c6c70000,0x00000007c8372250,0x00000007c8380000)
  to   space 70080K, 0% used [0x00000007ca450000,0x00000007ca450000,0x00000007ce8c0000)
 ParOldGen       total 397184K, used 349377K [0x0000000700600000, 0x00000007189e0000, 0x00000007aacb0000)
  object space 397184K, 87% used [0x0000000700600000,0x0000000715b306f0,0x00000007189e0000)
 PSPermGen       total 32256K, used 18264K [0x00000006fb400000, 0x00000006fd380000, 0x0000000700600000)
  object space 32256K, 56% used [0x00000006fb400000,0x00000006fc5d6250,0x00000006fd380000)
}
Event: 120.027 GC heap before
{Heap before GC invocations=89 (full 8):
 PSYoungGen      total 469248K, used 469192K [0x00000007aacb0000, 0x00000007ce8c0000, 0x0000000800000000)
  eden space 445632K, 100% used [0x00000007aacb0000,0x00000007c5fe0000,0x00000007c5fe0000)
  from space 23616K, 99% used [0x00000007c6c70000,0x00000007c8372250,0x00000007c8380000)
  to   space 70080K, 0% used [0x00000007ca450000,0x00000007ca450000,0x00000007ce8c0000)
 ParOldGen       total 446080K, used 446025K [0x0000000700600000, 0x000000071b9a0000, 0x00000007aacb0000)
  object space 446080K, 99% used [0x0000000700600000,0x000000071b992500,0x000000071b9a0000)
 PSPermGen       total 32256K, used 18264K [0x00000006fb400000, 0x00000006fd380000, 0x0000000700600000)
  object space 32256K, 56% used [0x00000006fb400000,0x00000006fc5d6250,0x00000006fd380000)
Event: 120.068 GC heap after
Heap after GC invocations=89 (full 8):
 PSYoungGen      total 469248K, used 0K [0x00000007aacb0000, 0x00000007ce8c0000, 0x0000000800000000)
  eden space 445632K, 0% used [0x00000007aacb0000,0x00000007aacb0000,0x00000007c5fe0000)
  from space 23616K, 0% used [0x00000007c6c70000,0x00000007c6c70000,0x00000007c8380000)
  to   space 70080K, 0% used [0x00000007ca450000,0x00000007ca450000,0x00000007ce8c0000)
 ParOldGen       total 387200K, used 38654K [0x0000000700600000, 0x0000000718020000, 0x00000007aacb0000)
  object space 387200K, 9% used [0x0000000700600000,0x0000000702bbf870,0x0000000718020000)
 PSPermGen       total 31104K, used 18264K [0x00000006fb400000, 0x00000006fd260000, 0x0000000700600000)
  object space 31104K, 58% used [0x00000006fb400000,0x00000006fc5d61d0,0x00000006fd260000)
}
Event: 121.018 GC heap before
{Heap before GC invocations=90 (full 8):
 PSYoungGen      total 469248K, used 443710K [0x00000007aacb0000, 0x00000007ce8c0000, 0x0000000800000000)
  eden space 445632K, 99% used [0x00000007aacb0000,0x00000007c5dffb48,0x00000007c5fe0000)
  from space 23616K, 0% used [0x00000007c6c70000,0x00000007c6c70000,0x00000007c8380000)
  to   space 70080K, 0% used [0x00000007ca450000,0x00000007ca450000,0x00000007ce8c0000)
 ParOldGen       total 387200K, used 38654K [0x0000000700600000, 0x0000000718020000, 0x00000007aacb0000)
  object space 387200K, 9% used [0x0000000700600000,0x0000000702bbf870,0x0000000718020000)
 PSPermGen       total 31104K, used 18264K [0x00000006fb400000, 0x00000006fd260000, 0x0000000700600000)
  object space 31104K, 58% used [0x00000006fb400000,0x00000006fc5d61d0,0x00000006fd260000)
Event: 121.023 GC heap after
Heap after GC invocations=90 (full 8):
 PSYoungGen      total 484608K, used 35054K [0x00000007aacb0000, 0x00000007cd690000, 0x0000000800000000)
  eden space 433152K, 0% used [0x00000007aacb0000,0x00000007aacb0000,0x00000007c53b0000)
  from space 51456K, 68% used [0x00000007ca450000,0x00000007cc68bb90,0x00000007cd690000)
  to   space 67008K, 0% used [0x00000007c53b0000,0x00000007c53b0000,0x00000007c9520000)
 ParOldGen       total 387200K, used 38654K [0x0000000700600000, 0x0000000718020000, 0x00000007aacb0000)
  object space 387200K, 9% used [0x0000000700600000,0x0000000702bbf870,0x0000000718020000)
 PSPermGen       total 31104K, used 18264K [0x00000006fb400000, 0x00000006fd260000, 0x0000000700600000)
  object space 31104K, 58% used [0x00000006fb400000,0x00000006fc5d61d0,0x00000006fd260000)
}

