# JRE version: 7.0_07-b11
# Java VM: Java HotSpot(TM) 64-Bit Server VM (23.3-b01 mixed mode windows-amd64 compressed oops)
Heap
 PSYoungGen      total 447168K, used 367749K [0x00000007aacb0000, 0x00000007c89f0000, 0x0000000800000000)
  eden space 415744K, 83% used [0x00000007aacb0000,0x00000007bff8b820,0x00000007c42b0000)
  from space 31424K, 66% used [0x00000007c6b40000,0x00000007c7f85ce0,0x00000007c89f0000)
  to   space 36480K, 0% used [0x00000007c42b0000,0x00000007c42b0000,0x00000007c6650000)
 ParOldGen       total 214464K, used 23413K [0x0000000700600000, 0x000000070d770000, 0x00000007aacb0000)
  object space 214464K, 10% used [0x0000000700600000,0x0000000701cdd7b0,0x000000070d770000)
 PSPermGen       total 39680K, used 18105K [0x00000006fb400000, 0x00000006fdac0000, 0x0000000700600000)
  object space 39680K, 45% used [0x00000006fb400000,0x00000006fc5ae6e8,0x00000006fdac0000)
GC Heap History (10 events):
Event: 12.412 GC heap before
{Heap before GC invocations=11 (full 3):
 PSYoungGen      total 219264K, used 184229K [0x00000007aacb0000, 0x00000007c0970000, 0x0000000800000000)
  eden space 186816K, 98% used [0x00000007aacb0000,0x00000007b60997b8,0x00000007b6320000)
  from space 32448K, 0% used [0x00000007b6320000,0x00000007b6320000,0x00000007b82d0000)
  to   space 36288K, 0% used [0x00000007be600000,0x00000007be600000,0x00000007c0970000)
 ParOldGen       total 214464K, used 19996K [0x0000000700600000, 0x000000070d770000, 0x00000007aacb0000)
  object space 214464K, 9% used [0x0000000700600000,0x00000007019872e0,0x000000070d770000)
 PSPermGen       total 39680K, used 18061K [0x00000006fb400000, 0x00000006fdac0000, 0x0000000700600000)
  object space 39680K, 45% used [0x00000006fb400000,0x00000006fc5a3788,0x00000006fdac0000)
Event: 12.418 GC heap after
Heap after GC invocations=11 (full 3):
 PSYoungGen      total 285760K, used 20759K [0x00000007aacb0000, 0x00000007bfa50000, 0x0000000800000000)
  eden space 264960K, 0% used [0x00000007aacb0000,0x00000007aacb0000,0x00000007baf70000)
  from space 20800K, 99% used [0x00000007be600000,0x00000007bfa45ce0,0x00000007bfa50000)
  to   space 35648K, 0% used [0x00000007bb4b0000,0x00000007bb4b0000,0x00000007bd780000)
 ParOldGen       total 214464K, used 19996K [0x0000000700600000, 0x000000070d770000, 0x00000007aacb0000)
  object space 214464K, 9% used [0x0000000700600000,0x00000007019872e0,0x000000070d770000)
 PSPermGen       total 39680K, used 18061K [0x00000006fb400000, 0x00000006fdac0000, 0x0000000700600000)
  object space 39680K, 45% used [0x00000006fb400000,0x00000006fc5a3788,0x00000006fdac0000)
}
Event: 13.334 GC heap before
{Heap before GC invocations=12 (full 3):
 PSYoungGen      total 285760K, used 283649K [0x00000007aacb0000, 0x00000007bfa50000, 0x0000000800000000)
  eden space 264960K, 99% used [0x00000007aacb0000,0x00000007bad6a8e8,0x00000007baf70000)
  from space 20800K, 99% used [0x00000007be600000,0x00000007bfa45ce0,0x00000007bfa50000)
  to   space 35648K, 0% used [0x00000007bb4b0000,0x00000007bb4b0000,0x00000007bd780000)
 ParOldGen       total 214464K, used 19996K [0x0000000700600000, 0x000000070d770000, 0x00000007aacb0000)
  object space 214464K, 9% used [0x0000000700600000,0x00000007019872e0,0x000000070d770000)
 PSPermGen       total 39680K, used 18063K [0x00000006fb400000, 0x00000006fdac0000, 0x0000000700600000)
  object space 39680K, 45% used [0x00000006fb400000,0x00000006fc5a3ef8,0x00000006fdac0000)
Event: 13.344 GC heap after
Heap after GC invocations=12 (full 3):
 PSYoungGen      total 305984K, used 35599K [0x00000007aacb0000, 0x00000007c4530000, 0x0000000800000000)
  eden space 270336K, 0% used [0x00000007aacb0000,0x00000007aacb0000,0x00000007bb4b0000)
  from space 35648K, 99% used [0x00000007bb4b0000,0x00000007bd773c40,0x00000007bd780000)
  to   space 41024K, 0% used [0x00000007c1d20000,0x00000007c1d20000,0x00000007c4530000)
 ParOldGen       total 214464K, used 23413K [0x0000000700600000, 0x000000070d770000, 0x00000007aacb0000)
  object space 214464K, 10% used [0x0000000700600000,0x0000000701cdd7b0,0x000000070d770000)
 PSPermGen       total 39680K, used 18063K [0x00000006fb400000, 0x00000006fdac0000, 0x0000000700600000)
  object space 39680K, 45% used [0x00000006fb400000,0x00000006fc5a3ef8,0x00000006fdac0000)
}
Event: 14.316 GC heap before
{Heap before GC invocations=13 (full 3):
 PSYoungGen      total 305984K, used 305148K [0x00000007aacb0000, 0x00000007c4530000, 0x0000000800000000)
  eden space 270336K, 99% used [0x00000007aacb0000,0x00000007bb3eb410,0x00000007bb4b0000)
  from space 35648K, 99% used [0x00000007bb4b0000,0x00000007bd773c40,0x00000007bd780000)
  to   space 41024K, 0% used [0x00000007c1d20000,0x00000007c1d20000,0x00000007c4530000)
 ParOldGen       total 214464K, used 23413K [0x0000000700600000, 0x000000070d770000, 0x00000007aacb0000)
  object space 214464K, 10% used [0x0000000700600000,0x0000000701cdd7b0,0x000000070d770000)
 PSPermGen       total 39680K, used 18066K [0x00000006fb400000, 0x00000006fdac0000, 0x0000000700600000)
  object space 39680K, 45% used [0x00000006fb400000,0x00000006fc5a4958,0x00000006fdac0000)
Event: 14.321 GC heap after
Heap after GC invocations=13 (full 3):
 PSYoungGen      total 378944K, used 20759K [0x00000007aacb0000, 0x00000007c4560000, 0x0000000800000000)
  eden space 337920K, 0% used [0x00000007aacb0000,0x00000007aacb0000,0x00000007bf6b0000)
  from space 41024K, 50% used [0x00000007c1d20000,0x00000007c3165ce0,0x00000007c4530000)
  to   space 39360K, 0% used [0x00000007bf6b0000,0x00000007bf6b0000,0x00000007c1d20000)
 ParOldGen       total 214464K, used 23413K [0x0000000700600000, 0x000000070d770000, 0x00000007aacb0000)
  object space 214464K, 10% used [0x0000000700600000,0x0000000701cdd7b0,0x000000070d770000)
 PSPermGen       total 39680K, used 18066K [0x00000006fb400000, 0x00000006fdac0000, 0x0000000700600000)
  object space 39680K, 45% used [0x00000006fb400000,0x00000006fc5a4958,0x00000006fdac0000)
}
Event: 15.484 GC heap before
{Heap before GC invocations=14 (full 3):
 PSYoungGen      total 378944K, used 353326K [0x00000007aacb0000, 0x00000007c4560000, 0x0000000800000000)
  eden space 337920K, 98% used [0x00000007aacb0000,0x00000007bf175b38,0x00000007bf6b0000)
  from space 41024K, 50% used [0x00000007c1d20000,0x00000007c3165ce0,0x00000007c4530000)
  to   space 39360K, 0% used [0x00000007bf6b0000,0x00000007bf6b0000,0x00000007c1d20000)
 ParOldGen       total 214464K, used 23413K [0x0000000700600000, 0x000000070d770000, 0x00000007aacb0000)
  object space 214464K, 10% used [0x0000000700600000,0x0000000701cdd7b0,0x000000070d770000)
 PSPermGen       total 39680K, used 18067K [0x00000006fb400000, 0x00000006fdac0000, 0x0000000700600000)
  object space 39680K, 45% used [0x00000006fb400000,0x00000006fc5a4f08,0x00000006fdac0000)
Event: 15.489 GC heap after
Heap after GC invocations=14 (full 3):
 PSYoungGen      total 377280K, used 20791K [0x00000007aacb0000, 0x00000007c9040000, 0x0000000800000000)
  eden space 337920K, 0% used [0x00000007aacb0000,0x00000007aacb0000,0x00000007bf6b0000)
  from space 39360K, 52% used [0x00000007bf6b0000,0x00000007c0afdce0,0x00000007c1d20000)
  to   space 37888K, 0% used [0x00000007c6b40000,0x00000007c6b40000,0x00000007c9040000)
 ParOldGen       total 214464K, used 23413K [0x0000000700600000, 0x000000070d770000, 0x00000007aacb0000)
  object space 214464K, 10% used [0x0000000700600000,0x0000000701cdd7b0,0x000000070d770000)
 PSPermGen       total 39680K, used 18067K [0x00000006fb400000, 0x00000006fdac0000, 0x0000000700600000)
  object space 39680K, 45% used [0x00000006fb400000,0x00000006fc5a4f08,0x00000006fdac0000)
}
Event: 16.684 GC heap before
{Heap before GC invocations=15 (full 3):
 PSYoungGen      total 377280K, used 353427K [0x00000007aacb0000, 0x00000007c9040000, 0x0000000800000000)
  eden space 337920K, 98% used [0x00000007aacb0000,0x00000007bf187258,0x00000007bf6b0000)
  from space 39360K, 52% used [0x00000007bf6b0000,0x00000007c0afdce0,0x00000007c1d20000)
  to   space 37888K, 0% used [0x00000007c6b40000,0x00000007c6b40000,0x00000007c9040000)
 ParOldGen       total 214464K, used 23413K [0x0000000700600000, 0x000000070d770000, 0x00000007aacb0000)
  object space 214464K, 10% used [0x0000000700600000,0x0000000701cdd7b0,0x000000070d770000)
 PSPermGen       total 39680K, used 18071K [0x00000006fb400000, 0x00000006fdac0000, 0x0000000700600000)
  object space 39680K, 45% used [0x00000006fb400000,0x00000006fc5a5ed8,0x00000006fdac0000)
Event: 16.690 GC heap after
Heap after GC invocations=15 (full 3):
 PSYoungGen      total 447168K, used 20759K [0x00000007aacb0000, 0x00000007c89f0000, 0x0000000800000000)
  eden space 415744K, 0% used [0x00000007aacb0000,0x00000007aacb0000,0x00000007c42b0000)
  from space 31424K, 66% used [0x00000007c6b40000,0x00000007c7f85ce0,0x00000007c89f0000)
  to   space 36480K, 0% used [0x00000007c42b0000,0x00000007c42b0000,0x00000007c6650000)
 ParOldGen       total 214464K, used 23413K [0x0000000700600000, 0x000000070d770000, 0x00000007aacb0000)
  object space 214464K, 10% used [0x0000000700600000,0x0000000701cdd7b0,0x000000070d770000)
 PSPermGen       total 39680K, used 18071K [0x00000006fb400000, 0x00000006fdac0000, 0x0000000700600000)
  object space 39680K, 45% used [0x00000006fb400000,0x00000006fc5a5ed8,0x00000006fdac0000)
}

