# JRE version: 7.0_07-b11
# Java VM: Java HotSpot(TM) 64-Bit Server VM (23.3-b01 mixed mode windows-amd64 compressed oops)
Heap
 PSYoungGen      total 805440K, used 790692K [0x00000007aacb0000, 0x00000007f5320000, 0x0000000800000000)
  eden space 794624K, 98% used [0x00000007aacb0000,0x00000007da656f20,0x00000007db4b0000)
  from space 10816K, 99% used [0x00000007f0410000,0x00000007f0e92310,0x00000007f0ea0000)
  to   space 49984K, 0% used [0x00000007f2250000,0x00000007f2250000,0x00000007f5320000)
 ParOldGen       total 241856K, used 42618K [0x0000000700600000, 0x000000070f230000, 0x00000007aacb0000)
  object space 241856K, 17% used [0x0000000700600000,0x0000000702f9e8f8,0x000000070f230000)
 PSPermGen       total 29440K, used 18168K [0x00000006fb400000, 0x00000006fd0c0000, 0x0000000700600000)
  object space 29440K, 61% used [0x00000006fb400000,0x00000006fc5be0c8,0x00000006fd0c0000)
GC Heap History (10 events):
Event: 92.544 GC heap before
{Heap before GC invocations=30 (full 9):
 PSYoungGen      total 985472K, used 985454K [0x00000007aacb0000, 0x00000007f8ab0000, 0x0000000800000000)
  eden space 942272K, 100% used [0x00000007aacb0000,0x00000007e44e0000,0x00000007e44e0000)
  from space 43200K, 99% used [0x00000007f4ff0000,0x00000007f7a1ba80,0x00000007f7a20000)
  to   space 16960K, 0% used [0x00000007f7a20000,0x00000007f7a20000,0x00000007f8ab0000)
 ParOldGen       total 264448K, used 263076K [0x0000000700600000, 0x0000000710840000, 0x00000007aacb0000)
  object space 264448K, 99% used [0x0000000700600000,0x00000007106e93f0,0x0000000710840000)
 PSPermGen       total 30976K, used 18147K [0x00000006fb400000, 0x00000006fd240000, 0x0000000700600000)
  object space 30976K, 58% used [0x00000006fb400000,0x00000006fc5b8c38,0x00000006fd240000)
Event: 92.575 GC heap after
Heap after GC invocations=30 (full 9):
 PSYoungGen      total 985472K, used 0K [0x00000007aacb0000, 0x00000007f8ab0000, 0x0000000800000000)
  eden space 942272K, 0% used [0x00000007aacb0000,0x00000007aacb0000,0x00000007e44e0000)
  from space 43200K, 0% used [0x00000007f4ff0000,0x00000007f4ff0000,0x00000007f7a20000)
  to   space 16960K, 0% used [0x00000007f7a20000,0x00000007f7a20000,0x00000007f8ab0000)
 ParOldGen       total 241856K, used 42618K [0x0000000700600000, 0x000000070f230000, 0x00000007aacb0000)
  object space 241856K, 17% used [0x0000000700600000,0x0000000702f9e8f8,0x000000070f230000)
 PSPermGen       total 29440K, used 18146K [0x00000006fb400000, 0x00000006fd0c0000, 0x0000000700600000)
  object space 29440K, 61% used [0x00000006fb400000,0x00000006fc5b8bf8,0x00000006fd0c0000)
}
Event: 94.411 GC heap before
{Heap before GC invocations=31 (full 9):
 PSYoungGen      total 985472K, used 940496K [0x00000007aacb0000, 0x00000007f8ab0000, 0x0000000800000000)
  eden space 942272K, 99% used [0x00000007aacb0000,0x00000007e4324258,0x00000007e44e0000)
  from space 43200K, 0% used [0x00000007f4ff0000,0x00000007f4ff0000,0x00000007f7a20000)
  to   space 16960K, 0% used [0x00000007f7a20000,0x00000007f7a20000,0x00000007f8ab0000)
 ParOldGen       total 241856K, used 42618K [0x0000000700600000, 0x000000070f230000, 0x00000007aacb0000)
  object space 241856K, 17% used [0x0000000700600000,0x0000000702f9e8f8,0x000000070f230000)
 PSPermGen       total 29440K, used 18146K [0x00000006fb400000, 0x00000006fd0c0000, 0x0000000700600000)
  object space 29440K, 61% used [0x00000006fb400000,0x00000006fc5b8bf8,0x00000006fd0c0000)
Event: 94.414 GC heap after
Heap after GC invocations=31 (full 9):
 PSYoungGen      total 919424K, used 16867K [0x00000007aacb0000, 0x00000007f8aa0000, 0x0000000800000000)
  eden space 902528K, 0% used [0x00000007aacb0000,0x00000007aacb0000,0x00000007e1e10000)
  from space 16896K, 99% used [0x00000007f7a20000,0x00000007f8a98f40,0x00000007f8aa0000)
  to   space 49024K, 0% used [0x00000007f2ae0000,0x00000007f2ae0000,0x00000007f5ac0000)
 ParOldGen       total 241856K, used 42618K [0x0000000700600000, 0x000000070f230000, 0x00000007aacb0000)
  object space 241856K, 17% used [0x0000000700600000,0x0000000702f9e8f8,0x000000070f230000)
 PSPermGen       total 29440K, used 18146K [0x00000006fb400000, 0x00000006fd0c0000, 0x0000000700600000)
  object space 29440K, 61% used [0x00000006fb400000,0x00000006fc5b8bf8,0x00000006fd0c0000)
}
Event: 96.181 GC heap before
{Heap before GC invocations=32 (full 9):
 PSYoungGen      total 919424K, used 918476K [0x00000007aacb0000, 0x00000007f8aa0000, 0x0000000800000000)
  eden space 902528K, 99% used [0x00000007aacb0000,0x00000007e1d2a350,0x00000007e1e10000)
  from space 16896K, 99% used [0x00000007f7a20000,0x00000007f8a98f40,0x00000007f8aa0000)
  to   space 49024K, 0% used [0x00000007f2ae0000,0x00000007f2ae0000,0x00000007f5ac0000)
 ParOldGen       total 241856K, used 42618K [0x0000000700600000, 0x000000070f230000, 0x00000007aacb0000)
  object space 241856K, 17% used [0x0000000700600000,0x0000000702f9e8f8,0x000000070f230000)
 PSPermGen       total 29440K, used 18147K [0x00000006fb400000, 0x00000006fd0c0000, 0x0000000700600000)
  object space 29440K, 61% used [0x00000006fb400000,0x00000006fc5b8d48,0x00000006fd0c0000)
Event: 96.188 GC heap after
Heap after GC invocations=32 (full 9):
 PSYoungGen      total 905920K, used 41135K [0x00000007aacb0000, 0x00000007f7a30000, 0x0000000800000000)
  eden space 864768K, 0% used [0x00000007aacb0000,0x00000007aacb0000,0x00000007df930000)
  from space 41152K, 99% used [0x00000007f2ae0000,0x00000007f530bf60,0x00000007f5310000)
  to   space 40064K, 0% used [0x00000007f5310000,0x00000007f5310000,0x00000007f7a30000)
 ParOldGen       total 241856K, used 42618K [0x0000000700600000, 0x000000070f230000, 0x00000007aacb0000)
  object space 241856K, 17% used [0x0000000700600000,0x0000000702f9e8f8,0x000000070f230000)
 PSPermGen       total 29440K, used 18147K [0x00000006fb400000, 0x00000006fd0c0000, 0x0000000700600000)
  object space 29440K, 61% used [0x00000006fb400000,0x00000006fc5b8d48,0x00000006fd0c0000)
}
Event: 97.907 GC heap before
{Heap before GC invocations=33 (full 9):
 PSYoungGen      total 905920K, used 901458K [0x00000007aacb0000, 0x00000007f7a30000, 0x0000000800000000)
  eden space 864768K, 99% used [0x00000007aacb0000,0x00000007df4d8a28,0x00000007df930000)
  from space 41152K, 99% used [0x00000007f2ae0000,0x00000007f530bf60,0x00000007f5310000)
  to   space 40064K, 0% used [0x00000007f5310000,0x00000007f5310000,0x00000007f7a30000)
 ParOldGen       total 241856K, used 42618K [0x0000000700600000, 0x000000070f230000, 0x00000007aacb0000)
  object space 241856K, 17% used [0x0000000700600000,0x0000000702f9e8f8,0x000000070f230000)
 PSPermGen       total 29440K, used 18149K [0x00000006fb400000, 0x00000006fd0c0000, 0x0000000700600000)
  object space 29440K, 61% used [0x00000006fb400000,0x00000006fc5b94e8,0x00000006fd0c0000)
Event: 97.911 GC heap after
Heap after GC invocations=33 (full 9):
 PSYoungGen      total 849792K, used 20949K [0x00000007aacb0000, 0x00000007f6790000, 0x0000000800000000)
  eden space 828800K, 0% used [0x00000007aacb0000,0x00000007aacb0000,0x00000007dd610000)
  from space 20992K, 99% used [0x00000007f5310000,0x00000007f6785760,0x00000007f6790000)
  to   space 50944K, 0% used [0x00000007f0410000,0x00000007f0410000,0x00000007f35d0000)
 ParOldGen       total 241856K, used 42618K [0x0000000700600000, 0x000000070f230000, 0x00000007aacb0000)
  object space 241856K, 17% used [0x0000000700600000,0x0000000702f9e8f8,0x000000070f230000)
 PSPermGen       total 29440K, used 18149K [0x00000006fb400000, 0x00000006fd0c0000, 0x0000000700600000)
  object space 29440K, 61% used [0x00000006fb400000,0x00000006fc5b94e8,0x00000006fd0c0000)
}
Event: 99.539 GC heap before
{Heap before GC invocations=34 (full 9):
 PSYoungGen      total 849792K, used 849505K [0x00000007aacb0000, 0x00000007f6790000, 0x0000000800000000)
  eden space 828800K, 99% used [0x00000007aacb0000,0x00000007dd5d2f78,0x00000007dd610000)
  from space 20992K, 99% used [0x00000007f5310000,0x00000007f6785760,0x00000007f6790000)
  to   space 50944K, 0% used [0x00000007f0410000,0x00000007f0410000,0x00000007f35d0000)
 ParOldGen       total 241856K, used 42618K [0x0000000700600000, 0x000000070f230000, 0x00000007aacb0000)
  object space 241856K, 17% used [0x0000000700600000,0x0000000702f9e8f8,0x000000070f230000)
 PSPermGen       total 29440K, used 18149K [0x00000006fb400000, 0x00000006fd0c0000, 0x0000000700600000)
  object space 29440K, 61% used [0x00000006fb400000,0x00000006fc5b94e8,0x00000006fd0c0000)
Event: 99.543 GC heap after
Heap after GC invocations=34 (full 9):
 PSYoungGen      total 805440K, used 10760K [0x00000007aacb0000, 0x00000007f5320000, 0x0000000800000000)
  eden space 794624K, 0% used [0x00000007aacb0000,0x00000007aacb0000,0x00000007db4b0000)
  from space 10816K, 99% used [0x00000007f0410000,0x00000007f0e92310,0x00000007f0ea0000)
  to   space 49984K, 0% used [0x00000007f2250000,0x00000007f2250000,0x00000007f5320000)
 ParOldGen       total 241856K, used 42618K [0x0000000700600000, 0x000000070f230000, 0x00000007aacb0000)
  object space 241856K, 17% used [0x0000000700600000,0x0000000702f9e8f8,0x000000070f230000)
 PSPermGen       total 29440K, used 18149K [0x00000006fb400000, 0x00000006fd0c0000, 0x0000000700600000)
  object space 29440K, 61% used [0x00000006fb400000,0x00000006fc5b94e8,0x00000006fd0c0000)
}

