# JRE version: 7.0_07-b11
# Java VM: Java HotSpot(TM) 64-Bit Server VM (23.3-b01 mixed mode windows-amd64 compressed oops)
Heap
 PSYoungGen      total 1180224K, used 159396K [0x00000007aacb0000, 0x00000007fc510000, 0x0000000800000000)
  eden space 1169280K, 13% used [0x00000007aacb0000,0x00000007b4859108,0x00000007f2290000)
  from space 10944K, 0% used [0x00000007fba60000,0x00000007fba60000,0x00000007fc510000)
  to   space 58560K, 0% used [0x00000007f52b0000,0x00000007f52b0000,0x00000007f8be0000)
 ParOldGen       total 202880K, used 51854K [0x0000000700600000, 0x000000070cc20000, 0x00000007aacb0000)
  object space 202880K, 25% used [0x0000000700600000,0x00000007038a3b10,0x000000070cc20000)
 PSPermGen       total 39552K, used 18294K [0x00000006fb400000, 0x00000006fdaa0000, 0x0000000700600000)
  object space 39552K, 46% used [0x00000006fb400000,0x00000006fc5ddb50,0x00000006fdaa0000)
GC Heap History (10 events):
Event: 23.411 GC heap before
{Heap before GC invocations=17 (full 2):
 PSYoungGen      total 1320832K, used 1314178K [0x00000007aacb0000, 0x0000000800000000, 0x0000000800000000)
  eden space 1271808K, 99% used [0x00000007aacb0000,0x00000007f85322b8,0x00000007f86b0000)
  from space 49024K, 89% used [0x00000007fbb20000,0x00000007fe5fe8b0,0x00000007feb00000)
  to   space 53696K, 0% used [0x00000007f86b0000,0x00000007f86b0000,0x00000007fbb20000)
 ParOldGen       total 200448K, used 49187K [0x0000000700600000, 0x000000070c9c0000, 0x00000007aacb0000)
  object space 200448K, 24% used [0x0000000700600000,0x0000000703608df8,0x000000070c9c0000)
 PSPermGen       total 41216K, used 18236K [0x00000006fb400000, 0x00000006fdc40000, 0x0000000700600000)
  object space 41216K, 44% used [0x00000006fb400000,0x00000006fc5cf088,0x00000006fdc40000)
Event: 23.421 GC heap after
Heap after GC invocations=17 (full 2):
 PSYoungGen      total 1325504K, used 35557K [0x00000007aacb0000, 0x0000000800000000, 0x0000000800000000)
  eden space 1271808K, 0% used [0x00000007aacb0000,0x00000007aacb0000,0x00000007f86b0000)
  from space 53696K, 66% used [0x00000007f86b0000,0x00000007fa969788,0x00000007fbb20000)
  to   space 54272K, 0% used [0x00000007fcb00000,0x00000007fcb00000,0x0000000800000000)
 ParOldGen       total 200448K, used 61484K [0x0000000700600000, 0x000000070c9c0000, 0x00000007aacb0000)
  object space 200448K, 30% used [0x0000000700600000,0x000000070420b170,0x000000070c9c0000)
 PSPermGen       total 41216K, used 18236K [0x00000006fb400000, 0x00000006fdc40000, 0x0000000700600000)
  object space 41216K, 44% used [0x00000006fb400000,0x00000006fc5cf088,0x00000006fdc40000)
}
Event: 26.328 GC heap before
{Heap before GC invocations=18 (full 2):
 PSYoungGen      total 1325504K, used 1307365K [0x00000007aacb0000, 0x0000000800000000, 0x0000000800000000)
  eden space 1271808K, 100% used [0x00000007aacb0000,0x00000007f86b0000,0x00000007f86b0000)
  from space 53696K, 66% used [0x00000007f86b0000,0x00000007fa969788,0x00000007fbb20000)
  to   space 54272K, 0% used [0x00000007fcb00000,0x00000007fcb00000,0x0000000800000000)
 ParOldGen       total 200448K, used 142550K [0x0000000700600000, 0x000000070c9c0000, 0x00000007aacb0000)
  object space 200448K, 71% used [0x0000000700600000,0x0000000709135958,0x000000070c9c0000)
 PSPermGen       total 41216K, used 18239K [0x00000006fb400000, 0x00000006fdc40000, 0x0000000700600000)
  object space 41216K, 44% used [0x00000006fb400000,0x00000006fc5cfc78,0x00000006fdc40000)
Event: 26.329 GC heap after
Heap after GC invocations=18 (full 2):
 PSYoungGen      total 1337792K, used 224K [0x00000007aacb0000, 0x0000000800000000, 0x0000000800000000)
  eden space 1283520K, 0% used [0x00000007aacb0000,0x00000007aacb0000,0x00000007f9220000)
  from space 54272K, 0% used [0x00000007fcb00000,0x00000007fcb38000,0x0000000800000000)
  to   space 56256K, 0% used [0x00000007f9220000,0x00000007f9220000,0x00000007fc910000)
 ParOldGen       total 200448K, used 142574K [0x0000000700600000, 0x000000070c9c0000, 0x00000007aacb0000)
  object space 200448K, 71% used [0x0000000700600000,0x000000070913b958,0x000000070c9c0000)
 PSPermGen       total 41216K, used 18239K [0x00000006fb400000, 0x00000006fdc40000, 0x0000000700600000)
  object space 41216K, 44% used [0x00000006fb400000,0x00000006fc5cfc78,0x00000006fdc40000)
}
Event: 29.148 GC heap before
{Heap before GC invocations=19 (full 2):
 PSYoungGen      total 1337792K, used 1282956K [0x00000007aacb0000, 0x0000000800000000, 0x0000000800000000)
  eden space 1283520K, 99% used [0x00000007aacb0000,0x00000007f915b2a8,0x00000007f9220000)
  from space 54272K, 0% used [0x00000007fcb00000,0x00000007fcb38000,0x0000000800000000)
  to   space 56256K, 0% used [0x00000007f9220000,0x00000007f9220000,0x00000007fc910000)
 ParOldGen       total 200448K, used 142574K [0x0000000700600000, 0x000000070c9c0000, 0x00000007aacb0000)
  object space 200448K, 71% used [0x0000000700600000,0x000000070913b958,0x000000070c9c0000)
 PSPermGen       total 41216K, used 18240K [0x00000006fb400000, 0x00000006fdc40000, 0x0000000700600000)
  object space 41216K, 44% used [0x00000006fb400000,0x00000006fc5d0368,0x00000006fdc40000)
Event: 29.159 GC heap after
Heap after GC invocations=19 (full 2):
 PSYoungGen      total 1266176K, used 41208K [0x00000007aacb0000, 0x00000007fcc70000, 0x0000000800000000)
  eden space 1224960K, 0% used [0x00000007aacb0000,0x00000007aacb0000,0x00000007f58f0000)
  from space 41216K, 99% used [0x00000007f9220000,0x00000007fba5e170,0x00000007fba60000)
  to   space 18496K, 0% used [0x00000007fba60000,0x00000007fba60000,0x00000007fcc70000)
 ParOldGen       total 200448K, used 142574K [0x0000000700600000, 0x000000070c9c0000, 0x00000007aacb0000)
  object space 200448K, 71% used [0x0000000700600000,0x000000070913b958,0x000000070c9c0000)
 PSPermGen       total 41216K, used 18240K [0x00000006fb400000, 0x00000006fdc40000, 0x0000000700600000)
  object space 41216K, 44% used [0x00000006fb400000,0x00000006fc5d0368,0x00000006fdc40000)
}
Event: 31.844 GC heap before
{Heap before GC invocations=20 (full 2):
 PSYoungGen      total 1266176K, used 1264701K [0x00000007aacb0000, 0x00000007fcc70000, 0x0000000800000000)
  eden space 1224960K, 99% used [0x00000007aacb0000,0x00000007f5781688,0x00000007f58f0000)
  from space 41216K, 99% used [0x00000007f9220000,0x00000007fba5e170,0x00000007fba60000)
  to   space 18496K, 0% used [0x00000007fba60000,0x00000007fba60000,0x00000007fcc70000)
 ParOldGen       total 200448K, used 144599K [0x0000000700600000, 0x000000070c9c0000, 0x00000007aacb0000)
  object space 200448K, 72% used [0x0000000700600000,0x0000000709335d68,0x000000070c9c0000)
 PSPermGen       total 41216K, used 18262K [0x00000006fb400000, 0x00000006fdc40000, 0x0000000700600000)
  object space 41216K, 44% used [0x00000006fb400000,0x00000006fc5d5810,0x00000006fdc40000)
Event: 31.847 GC heap after
Heap after GC invocations=20 (full 2):
 PSYoungGen      total 1180224K, used 10932K [0x00000007aacb0000, 0x00000007fc510000, 0x0000000800000000)
  eden space 1169280K, 0% used [0x00000007aacb0000,0x00000007aacb0000,0x00000007f2290000)
  from space 10944K, 99% used [0x00000007fba60000,0x00000007fc50d078,0x00000007fc510000)
  to   space 58560K, 0% used [0x00000007f52b0000,0x00000007f52b0000,0x00000007f8be0000)
 ParOldGen       total 200448K, used 144599K [0x0000000700600000, 0x000000070c9c0000, 0x00000007aacb0000)
  object space 200448K, 72% used [0x0000000700600000,0x0000000709335d68,0x000000070c9c0000)
 PSPermGen       total 41216K, used 18262K [0x00000006fb400000, 0x00000006fdc40000, 0x0000000700600000)
  object space 41216K, 44% used [0x00000006fb400000,0x00000006fc5d5810,0x00000006fdc40000)
}
Event: 34.645 GC heap before
{Heap before GC invocations=21 (full 3):
 PSYoungGen      total 1180224K, used 1180212K [0x00000007aacb0000, 0x00000007fc510000, 0x0000000800000000)
  eden space 1169280K, 100% used [0x00000007aacb0000,0x00000007f2290000,0x00000007f2290000)
  from space 10944K, 99% used [0x00000007fba60000,0x00000007fc50d078,0x00000007fc510000)
  to   space 58560K, 0% used [0x00000007f52b0000,0x00000007f52b0000,0x00000007f8be0000)
 ParOldGen       total 236544K, used 235528K [0x0000000700600000, 0x000000070ed00000, 0x00000007aacb0000)
  object space 236544K, 99% used [0x0000000700600000,0x000000070ec02298,0x000000070ed00000)
 PSPermGen       total 41216K, used 18264K [0x00000006fb400000, 0x00000006fdc40000, 0x0000000700600000)
  object space 41216K, 44% used [0x00000006fb400000,0x00000006fc5d60b0,0x00000006fdc40000)
Event: 34.692 GC heap after
Heap after GC invocations=21 (full 3):
 PSYoungGen      total 1180224K, used 0K [0x00000007aacb0000, 0x00000007fc510000, 0x0000000800000000)
  eden space 1169280K, 0% used [0x00000007aacb0000,0x00000007aacb0000,0x00000007f2290000)
  from space 10944K, 0% used [0x00000007fba60000,0x00000007fba60000,0x00000007fc510000)
  to   space 58560K, 0% used [0x00000007f52b0000,0x00000007f52b0000,0x00000007f8be0000)
 ParOldGen       total 202880K, used 51854K [0x0000000700600000, 0x000000070cc20000, 0x00000007aacb0000)
  object space 202880K, 25% used [0x0000000700600000,0x00000007038a3b10,0x000000070cc20000)
 PSPermGen       total 39552K, used 18263K [0x00000006fb400000, 0x00000006fdaa0000, 0x0000000700600000)
  object space 39552K, 46% used [0x00000006fb400000,0x00000006fc5d5f70,0x00000006fdaa0000)
}

