# JRE version: 7.0_07-b11
# Java VM: Java HotSpot(TM) 64-Bit Server VM (23.3-b01 mixed mode windows-amd64 compressed oops)
Heap
 PSYoungGen      total 1358336K, used 452769K [0x00000007aacb0000, 0x0000000800000000, 0x0000000800000000)
  eden space 1322048K, 31% used [0x00000007aacb0000,0x00000007c4370e48,0x00000007fb7c0000)
  from space 36288K, 99% used [0x00000007fb7c0000,0x00000007fdb27918,0x00000007fdb30000)
  to   space 37696K, 0% used [0x00000007fdb30000,0x00000007fdb30000,0x0000000800000000)
 ParOldGen       total 178688K, used 62718K [0x0000000700600000, 0x000000070b480000, 0x00000007aacb0000)
  object space 178688K, 35% used [0x0000000700600000,0x000000070433f878,0x000000070b480000)
 PSPermGen       total 38848K, used 17160K [0x00000006fb400000, 0x00000006fd9f0000, 0x0000000700600000)
  object space 38848K, 44% used [0x00000006fb400000,0x00000006fc4c2100,0x00000006fd9f0000)
GC Heap History (10 events):
Event: 21.158 GC heap before
{Heap before GC invocations=17 (full 2):
 PSYoungGen      total 1272384K, used 1269844K [0x00000007aacb0000, 0x00000007fde70000, 0x0000000800000000)
  eden space 1261888K, 99% used [0x00000007aacb0000,0x00000007f7a92a70,0x00000007f7d00000)
  from space 10496K, 99% used [0x00000007fd430000,0x00000007fde62778,0x00000007fde70000)
  to   space 36480K, 0% used [0x00000007f9730000,0x00000007f9730000,0x00000007fbad0000)
 ParOldGen       total 178688K, used 44493K [0x0000000700600000, 0x000000070b480000, 0x00000007aacb0000)
  object space 178688K, 24% used [0x0000000700600000,0x0000000703173448,0x000000070b480000)
 PSPermGen       total 38848K, used 17068K [0x00000006fb400000, 0x00000006fd9f0000, 0x0000000700600000)
  object space 38848K, 43% used [0x00000006fb400000,0x00000006fc4ab110,0x00000006fd9f0000)
Event: 21.172 GC heap after
Heap after GC invocations=17 (full 2):
 PSYoungGen      total 1325184K, used 24419K [0x00000007aacb0000, 0x0000000800000000, 0x0000000800000000)
  eden space 1288704K, 0% used [0x00000007aacb0000,0x00000007aacb0000,0x00000007f9730000)
  from space 36480K, 66% used [0x00000007f9730000,0x00000007faf08fe8,0x00000007fbad0000)
  to   space 35328K, 0% used [0x00000007fdd80000,0x00000007fdd80000,0x0000000800000000)
 ParOldGen       total 178688K, used 44493K [0x0000000700600000, 0x000000070b480000, 0x00000007aacb0000)
  object space 178688K, 24% used [0x0000000700600000,0x0000000703173448,0x000000070b480000)
 PSPermGen       total 38848K, used 17068K [0x00000006fb400000, 0x00000006fd9f0000, 0x0000000700600000)
  object space 38848K, 43% used [0x00000006fb400000,0x00000006fc4ab110,0x00000006fd9f0000)
}
Event: 23.693 GC heap before
{Heap before GC invocations=18 (full 2):
 PSYoungGen      total 1325184K, used 1309367K [0x00000007aacb0000, 0x0000000800000000, 0x0000000800000000)
  eden space 1288704K, 99% used [0x00000007aacb0000,0x00000007f9384c38,0x00000007f9730000)
  from space 36480K, 66% used [0x00000007f9730000,0x00000007faf08fe8,0x00000007fbad0000)
  to   space 35328K, 0% used [0x00000007fdd80000,0x00000007fdd80000,0x0000000800000000)
 ParOldGen       total 178688K, used 44493K [0x0000000700600000, 0x000000070b480000, 0x00000007aacb0000)
  object space 178688K, 24% used [0x0000000700600000,0x0000000703173448,0x000000070b480000)
 PSPermGen       total 38848K, used 17079K [0x00000006fb400000, 0x00000006fd9f0000, 0x0000000700600000)
  object space 38848K, 43% used [0x00000006fb400000,0x00000006fc4adec0,0x00000006fd9f0000)
Event: 23.705 GC heap after
Heap after GC invocations=18 (full 2):
 PSYoungGen      total 1357376K, used 20528K [0x00000007aacb0000, 0x00000007ffde0000, 0x0000000800000000)
  eden space 1324224K, 0% used [0x00000007aacb0000,0x00000007aacb0000,0x00000007fb9e0000)
  from space 33152K, 61% used [0x00000007fdd80000,0x00000007ff18c218,0x00000007ffde0000)
  to   space 34816K, 0% used [0x00000007fb9e0000,0x00000007fb9e0000,0x00000007fdbe0000)
 ParOldGen       total 178688K, used 44493K [0x0000000700600000, 0x000000070b480000, 0x00000007aacb0000)
  object space 178688K, 24% used [0x0000000700600000,0x0000000703173448,0x000000070b480000)
 PSPermGen       total 38848K, used 17079K [0x00000006fb400000, 0x00000006fd9f0000, 0x0000000700600000)
  object space 38848K, 43% used [0x00000006fb400000,0x00000006fc4adec0,0x00000006fd9f0000)
}
Event: 26.236 GC heap before
{Heap before GC invocations=19 (full 2):
 PSYoungGen      total 1357376K, used 1342769K [0x00000007aacb0000, 0x00000007ffde0000, 0x0000000800000000)
  eden space 1324224K, 99% used [0x00000007aacb0000,0x00000007fb7f0468,0x00000007fb9e0000)
  from space 33152K, 61% used [0x00000007fdd80000,0x00000007ff18c218,0x00000007ffde0000)
  to   space 34816K, 0% used [0x00000007fb9e0000,0x00000007fb9e0000,0x00000007fdbe0000)
 ParOldGen       total 178688K, used 44493K [0x0000000700600000, 0x000000070b480000, 0x00000007aacb0000)
  object space 178688K, 24% used [0x0000000700600000,0x0000000703173448,0x000000070b480000)
 PSPermGen       total 38848K, used 17085K [0x00000006fb400000, 0x00000006fd9f0000, 0x0000000700600000)
  object space 38848K, 43% used [0x00000006fb400000,0x00000006fc4af598,0x00000006fd9f0000)
Event: 26.240 GC heap after
Heap after GC invocations=19 (full 2):
 PSYoungGen      total 1359040K, used 30179K [0x00000007aacb0000, 0x0000000800000000, 0x0000000800000000)
  eden space 1324224K, 0% used [0x00000007aacb0000,0x00000007aacb0000,0x00000007fb9e0000)
  from space 34816K, 86% used [0x00000007fb9e0000,0x00000007fd758ce8,0x00000007fdbe0000)
  to   space 36096K, 0% used [0x00000007fdcc0000,0x00000007fdcc0000,0x0000000800000000)
 ParOldGen       total 178688K, used 50568K [0x0000000700600000, 0x000000070b480000, 0x00000007aacb0000)
  object space 178688K, 28% used [0x0000000700600000,0x0000000703762058,0x000000070b480000)
 PSPermGen       total 38848K, used 17085K [0x00000006fb400000, 0x00000006fd9f0000, 0x0000000700600000)
  object space 38848K, 43% used [0x00000006fb400000,0x00000006fc4af598,0x00000006fd9f0000)
}
Event: 28.857 GC heap before
{Heap before GC invocations=20 (full 2):
 PSYoungGen      total 1359040K, used 1352803K [0x00000007aacb0000, 0x0000000800000000, 0x0000000800000000)
  eden space 1324224K, 99% used [0x00000007aacb0000,0x00000007fb850248,0x00000007fb9e0000)
  from space 34816K, 86% used [0x00000007fb9e0000,0x00000007fd758ce8,0x00000007fdbe0000)
  to   space 36096K, 0% used [0x00000007fdcc0000,0x00000007fdcc0000,0x0000000800000000)
 ParOldGen       total 178688K, used 50568K [0x0000000700600000, 0x000000070b480000, 0x00000007aacb0000)
  object space 178688K, 28% used [0x0000000700600000,0x0000000703762058,0x000000070b480000)
 PSPermGen       total 38848K, used 17095K [0x00000006fb400000, 0x00000006fd9f0000, 0x0000000700600000)
  object space 38848K, 44% used [0x00000006fb400000,0x00000006fc4b1de0,0x00000006fd9f0000)
Event: 28.864 GC heap after
Heap after GC invocations=20 (full 2):
 PSYoungGen      total 1358144K, used 30147K [0x00000007aacb0000, 0x0000000800000000, 0x0000000800000000)
  eden space 1322048K, 0% used [0x00000007aacb0000,0x00000007aacb0000,0x00000007fb7c0000)
  from space 36096K, 83% used [0x00000007fdcc0000,0x00000007ffa30ce8,0x0000000800000000)
  to   space 36992K, 0% used [0x00000007fb7c0000,0x00000007fb7c0000,0x00000007fdbe0000)
 ParOldGen       total 178688K, used 56643K [0x0000000700600000, 0x000000070b480000, 0x00000007aacb0000)
  object space 178688K, 31% used [0x0000000700600000,0x0000000703d50c68,0x000000070b480000)
 PSPermGen       total 38848K, used 17095K [0x00000006fb400000, 0x00000006fd9f0000, 0x0000000700600000)
  object space 38848K, 44% used [0x00000006fb400000,0x00000006fc4b1de0,0x00000006fd9f0000)
}
Event: 31.504 GC heap before
{Heap before GC invocations=21 (full 2):
 PSYoungGen      total 1358144K, used 1346808K [0x00000007aacb0000, 0x0000000800000000, 0x0000000800000000)
  eden space 1322048K, 99% used [0x00000007aacb0000,0x00000007fb27d548,0x00000007fb7c0000)
  from space 36096K, 83% used [0x00000007fdcc0000,0x00000007ffa30ce8,0x0000000800000000)
  to   space 36992K, 0% used [0x00000007fb7c0000,0x00000007fb7c0000,0x00000007fdbe0000)
 ParOldGen       total 178688K, used 56643K [0x0000000700600000, 0x000000070b480000, 0x00000007aacb0000)
  object space 178688K, 31% used [0x0000000700600000,0x0000000703d50c68,0x000000070b480000)
 PSPermGen       total 38848K, used 17113K [0x00000006fb400000, 0x00000006fd9f0000, 0x0000000700600000)
  object space 38848K, 44% used [0x00000006fb400000,0x00000006fc4b6438,0x00000006fd9f0000)
Event: 31.509 GC heap after
Heap after GC invocations=21 (full 2):
 PSYoungGen      total 1358336K, used 36254K [0x00000007aacb0000, 0x0000000800000000, 0x0000000800000000)
  eden space 1322048K, 0% used [0x00000007aacb0000,0x00000007aacb0000,0x00000007fb7c0000)
  from space 36288K, 99% used [0x00000007fb7c0000,0x00000007fdb27918,0x00000007fdb30000)
  to   space 37696K, 0% used [0x00000007fdb30000,0x00000007fdb30000,0x0000000800000000)
 ParOldGen       total 178688K, used 62718K [0x0000000700600000, 0x000000070b480000, 0x00000007aacb0000)
  object space 178688K, 35% used [0x0000000700600000,0x000000070433f878,0x000000070b480000)
 PSPermGen       total 38848K, used 17113K [0x00000006fb400000, 0x00000006fd9f0000, 0x0000000700600000)
  object space 38848K, 44% used [0x00000006fb400000,0x00000006fc4b6438,0x00000006fd9f0000)
}

