# JRE version: 7.0_07-b11
# Java VM: Java HotSpot(TM) 64-Bit Server VM (23.3-b01 mixed mode windows-amd64 compressed oops)
Heap
 PSYoungGen      total 97664K, used 59620K [0x00000007aacb0000, 0x00000007b41d0000, 0x0000000800000000)
  eden space 58176K, 40% used [0x00000007aacb0000,0x00000007ac3bd868,0x00000007ae580000)
  from space 39488K, 91% used [0x00000007b11a0000,0x00000007b34cba50,0x00000007b3830000)
  to   space 45184K, 0% used [0x00000007ae580000,0x00000007ae580000,0x00000007b11a0000)
 ParOldGen       total 174528K, used 49575K [0x0000000700600000, 0x000000070b070000, 0x00000007aacb0000)
  object space 174528K, 28% used [0x0000000700600000,0x0000000703669c78,0x000000070b070000)
 PSPermGen       total 21248K, used 17912K [0x00000006fb400000, 0x00000006fc8c0000, 0x0000000700600000)
  object space 21248K, 84% used [0x00000006fb400000,0x00000006fc57e028,0x00000006fc8c0000)
GC Heap History (10 events):
Event: 5.513 GC heap before
{Heap before GC invocations=2 (full 0):
 PSYoungGen      total 76352K, used 71824K [0x00000007aacb0000, 0x00000007b01e0000, 0x0000000800000000)
  eden space 65472K, 95% used [0x00000007aacb0000,0x00000007ae96df50,0x00000007aeca0000)
  from space 10880K, 88% used [0x00000007aeca0000,0x00000007af606190,0x00000007af740000)
  to   space 10880K, 0% used [0x00000007af740000,0x00000007af740000,0x00000007b01e0000)
 ParOldGen       total 174528K, used 8K [0x0000000700600000, 0x000000070b070000, 0x00000007aacb0000)
  object space 174528K, 0% used [0x0000000700600000,0x0000000700602000,0x000000070b070000)
 PSPermGen       total 21248K, used 17820K [0x00000006fb400000, 0x00000006fc8c0000, 0x0000000700600000)
  object space 21248K, 83% used [0x00000006fb400000,0x00000006fc5671b8,0x00000006fc8c0000)
Event: 5.525 GC heap after
Heap after GC invocations=2 (full 0):
 PSYoungGen      total 76352K, used 10852K [0x00000007aacb0000, 0x00000007b01e0000, 0x0000000800000000)
  eden space 65472K, 0% used [0x00000007aacb0000,0x00000007aacb0000,0x00000007aeca0000)
  from space 10880K, 99% used [0x00000007af740000,0x00000007b01d9110,0x00000007b01e0000)
  to   space 10880K, 0% used [0x00000007aeca0000,0x00000007aeca0000,0x00000007af740000)
 ParOldGen       total 174528K, used 20813K [0x0000000700600000, 0x000000070b070000, 0x00000007aacb0000)
  object space 174528K, 11% used [0x0000000700600000,0x0000000701a53490,0x000000070b070000)
 PSPermGen       total 21248K, used 17820K [0x00000006fb400000, 0x00000006fc8c0000, 0x0000000700600000)
  object space 21248K, 83% used [0x00000006fb400000,0x00000006fc5671b8,0x00000006fc8c0000)
}
Event: 6.429 GC heap before
{Heap before GC invocations=3 (full 0):
 PSYoungGen      total 76352K, used 74574K [0x00000007aacb0000, 0x00000007b01e0000, 0x0000000800000000)
  eden space 65472K, 97% used [0x00000007aacb0000,0x00000007aeaea7b0,0x00000007aeca0000)
  from space 10880K, 99% used [0x00000007af740000,0x00000007b01d9110,0x00000007b01e0000)
  to   space 10880K, 0% used [0x00000007aeca0000,0x00000007aeca0000,0x00000007af740000)
 ParOldGen       total 174528K, used 20813K [0x0000000700600000, 0x000000070b070000, 0x00000007aacb0000)
  object space 174528K, 11% used [0x0000000700600000,0x0000000701a53490,0x000000070b070000)
 PSPermGen       total 21248K, used 17873K [0x00000006fb400000, 0x00000006fc8c0000, 0x0000000700600000)
  object space 21248K, 84% used [0x00000006fb400000,0x00000006fc574650,0x00000006fc8c0000)
Event: 6.433 GC heap after
Heap after GC invocations=3 (full 0):
 PSYoungGen      total 76352K, used 10859K [0x00000007aacb0000, 0x00000007b01e0000, 0x0000000800000000)
  eden space 65472K, 0% used [0x00000007aacb0000,0x00000007aacb0000,0x00000007aeca0000)
  from space 10880K, 99% used [0x00000007aeca0000,0x00000007af73aca0,0x00000007af740000)
  to   space 10880K, 0% used [0x00000007af740000,0x00000007af740000,0x00000007b01e0000)
 ParOldGen       total 174528K, used 20997K [0x0000000700600000, 0x000000070b070000, 0x00000007aacb0000)
  object space 174528K, 12% used [0x0000000700600000,0x0000000701a81490,0x000000070b070000)
 PSPermGen       total 21248K, used 17873K [0x00000006fb400000, 0x00000006fc8c0000, 0x0000000700600000)
  object space 21248K, 84% used [0x00000006fb400000,0x00000006fc574650,0x00000006fc8c0000)
}
Event: 7.235 GC heap before
{Heap before GC invocations=4 (full 0):
 PSYoungGen      total 76352K, used 75336K [0x00000007aacb0000, 0x00000007b01e0000, 0x0000000800000000)
  eden space 65472K, 98% used [0x00000007aacb0000,0x00000007aeba7610,0x00000007aeca0000)
  from space 10880K, 99% used [0x00000007aeca0000,0x00000007af73aca0,0x00000007af740000)
  to   space 10880K, 0% used [0x00000007af740000,0x00000007af740000,0x00000007b01e0000)
 ParOldGen       total 174528K, used 20997K [0x0000000700600000, 0x000000070b070000, 0x00000007aacb0000)
  object space 174528K, 12% used [0x0000000700600000,0x0000000701a81490,0x000000070b070000)
 PSPermGen       total 21248K, used 17876K [0x00000006fb400000, 0x00000006fc8c0000, 0x0000000700600000)
  object space 21248K, 84% used [0x00000006fb400000,0x00000006fc575238,0x00000006fc8c0000)
Event: 7.243 GC heap after
Heap after GC invocations=4 (full 0):
 PSYoungGen      total 76352K, used 10875K [0x00000007aacb0000, 0x00000007b01e0000, 0x0000000800000000)
  eden space 65472K, 0% used [0x00000007aacb0000,0x00000007aacb0000,0x00000007aeca0000)
  from space 10880K, 99% used [0x00000007af740000,0x00000007b01dec90,0x00000007b01e0000)
  to   space 10880K, 0% used [0x00000007aeca0000,0x00000007aeca0000,0x00000007af740000)
 ParOldGen       total 174528K, used 42692K [0x0000000700600000, 0x000000070b070000, 0x00000007aacb0000)
  object space 174528K, 24% used [0x0000000700600000,0x0000000702fb12d8,0x000000070b070000)
 PSPermGen       total 21248K, used 17876K [0x00000006fb400000, 0x00000006fc8c0000, 0x0000000700600000)
  object space 21248K, 84% used [0x00000006fb400000,0x00000006fc575238,0x00000006fc8c0000)
}
Event: 8.147 GC heap before
{Heap before GC invocations=5 (full 0):
 PSYoungGen      total 76352K, used 72202K [0x00000007aacb0000, 0x00000007b01e0000, 0x0000000800000000)
  eden space 65472K, 93% used [0x00000007aacb0000,0x00000007ae893e48,0x00000007aeca0000)
  from space 10880K, 99% used [0x00000007af740000,0x00000007b01dec90,0x00000007b01e0000)
  to   space 10880K, 0% used [0x00000007aeca0000,0x00000007aeca0000,0x00000007af740000)
 ParOldGen       total 174528K, used 42692K [0x0000000700600000, 0x000000070b070000, 0x00000007aacb0000)
  object space 174528K, 24% used [0x0000000700600000,0x0000000702fb12d8,0x000000070b070000)
 PSPermGen       total 21248K, used 17880K [0x00000006fb400000, 0x00000006fc8c0000, 0x0000000700600000)
  object space 21248K, 84% used [0x00000006fb400000,0x00000006fc5761e8,0x00000006fc8c0000)
Event: 8.152 GC heap after
Heap after GC invocations=5 (full 0):
 PSYoungGen      total 74752K, used 10875K [0x00000007aacb0000, 0x00000007b3830000, 0x0000000800000000)
  eden space 63872K, 0% used [0x00000007aacb0000,0x00000007aacb0000,0x00000007aeb10000)
  from space 10880K, 99% used [0x00000007aeca0000,0x00000007af73ec90,0x00000007af740000)
  to   space 39488K, 0% used [0x00000007b11a0000,0x00000007b11a0000,0x00000007b3830000)
 ParOldGen       total 174528K, used 49575K [0x0000000700600000, 0x000000070b070000, 0x00000007aacb0000)
  object space 174528K, 28% used [0x0000000700600000,0x0000000703669c78,0x000000070b070000)
 PSPermGen       total 21248K, used 17880K [0x00000006fb400000, 0x00000006fc8c0000, 0x0000000700600000)
  object space 21248K, 84% used [0x00000006fb400000,0x00000006fc5761e8,0x00000006fc8c0000)
}
Event: 8.957 GC heap before
{Heap before GC invocations=6 (full 0):
 PSYoungGen      total 74752K, used 74272K [0x00000007aacb0000, 0x00000007b3830000, 0x0000000800000000)
  eden space 63872K, 99% used [0x00000007aacb0000,0x00000007aea99548,0x00000007aeb10000)
  from space 10880K, 99% used [0x00000007aeca0000,0x00000007af73ec90,0x00000007af740000)
  to   space 39488K, 0% used [0x00000007b11a0000,0x00000007b11a0000,0x00000007b3830000)
 ParOldGen       total 174528K, used 49575K [0x0000000700600000, 0x000000070b070000, 0x00000007aacb0000)
  object space 174528K, 28% used [0x0000000700600000,0x0000000703669c78,0x000000070b070000)
 PSPermGen       total 21248K, used 17880K [0x00000006fb400000, 0x00000006fc8c0000, 0x0000000700600000)
  object space 21248K, 84% used [0x00000006fb400000,0x00000006fc5762a0,0x00000006fc8c0000)
Event: 8.968 GC heap after
Heap after GC invocations=6 (full 0):
 PSYoungGen      total 97664K, used 36014K [0x00000007aacb0000, 0x00000007b41d0000, 0x0000000800000000)
  eden space 58176K, 0% used [0x00000007aacb0000,0x00000007aacb0000,0x00000007ae580000)
  from space 39488K, 91% used [0x00000007b11a0000,0x00000007b34cba50,0x00000007b3830000)
  to   space 45184K, 0% used [0x00000007ae580000,0x00000007ae580000,0x00000007b11a0000)
 ParOldGen       total 174528K, used 49575K [0x0000000700600000, 0x000000070b070000, 0x00000007aacb0000)
  object space 174528K, 28% used [0x0000000700600000,0x0000000703669c78,0x000000070b070000)
 PSPermGen       total 21248K, used 17880K [0x00000006fb400000, 0x00000006fc8c0000, 0x0000000700600000)
  object space 21248K, 84% used [0x00000006fb400000,0x00000006fc5762a0,0x00000006fc8c0000)
}

