# JRE version: 7.0_07-b11
# Java VM: Java HotSpot(TM) 64-Bit Server VM (23.3-b01 mixed mode windows-amd64 compressed oops)
Heap
 PSYoungGen      total 494592K, used 54348K [0x00000007aacb0000, 0x00000007cbec0000, 0x0000000800000000)
  eden space 447168K, 9% used [0x00000007aacb0000,0x00000007ad709a10,0x00000007c6160000)
  from space 47424K, 23% used [0x00000007c8fd0000,0x00000007c9a897a0,0x00000007cbe20000)
  to   space 47552K, 0% used [0x00000007c6160000,0x00000007c6160000,0x00000007c8fd0000)
 ParOldGen       total 216896K, used 51877K [0x0000000700600000, 0x000000070d9d0000, 0x00000007aacb0000)
  object space 216896K, 23% used [0x0000000700600000,0x00000007038a95e0,0x000000070d9d0000)
 PSPermGen       total 39232K, used 18013K [0x00000006fb400000, 0x00000006fda50000, 0x0000000700600000)
  object space 39232K, 45% used [0x00000006fb400000,0x00000006fc5977e0,0x00000006fda50000)
GC Heap History (10 events):
Event: 8.757 GC heap before
{Heap before GC invocations=9 (full 2):
 PSYoungGen      total 288512K, used 256622K [0x00000007aacb0000, 0x00000007bee70000, 0x0000000800000000)
  eden space 258304K, 99% used [0x00000007aacb0000,0x00000007ba74b9e8,0x00000007ba8f0000)
  from space 30208K, 0% used [0x00000007bc9f0000,0x00000007bc9f0000,0x00000007be770000)
  to   space 33792K, 0% used [0x00000007ba8f0000,0x00000007ba8f0000,0x00000007bc9f0000)
 ParOldGen       total 160832K, used 31778K [0x0000000700600000, 0x000000070a310000, 0x00000007aacb0000)
  object space 160832K, 19% used [0x0000000700600000,0x00000007025088d8,0x000000070a310000)
 PSPermGen       total 40448K, used 17973K [0x00000006fb400000, 0x00000006fdb80000, 0x0000000700600000)
  object space 40448K, 44% used [0x00000006fb400000,0x00000006fc58d668,0x00000006fdb80000)
Event: 8.767 GC heap after
Heap after GC invocations=9 (full 2):
 PSYoungGen      total 292096K, used 33112K [0x00000007aacb0000, 0x00000007c6900000, 0x0000000800000000)
  eden space 258304K, 0% used [0x00000007aacb0000,0x00000007aacb0000,0x00000007ba8f0000)
  from space 33792K, 97% used [0x00000007ba8f0000,0x00000007bc946368,0x00000007bc9f0000)
  to   space 38592K, 0% used [0x00000007c4350000,0x00000007c4350000,0x00000007c6900000)
 ParOldGen       total 160832K, used 62912K [0x0000000700600000, 0x000000070a310000, 0x00000007aacb0000)
  object space 160832K, 39% used [0x0000000700600000,0x00000007043702b8,0x000000070a310000)
 PSPermGen       total 40448K, used 17973K [0x00000006fb400000, 0x00000006fdb80000, 0x0000000700600000)
  object space 40448K, 44% used [0x00000006fb400000,0x00000006fc58d668,0x00000006fdb80000)
}
Event: 9.694 GC heap before
{Heap before GC invocations=10 (full 3):
 PSYoungGen      total 292096K, used 291416K [0x00000007aacb0000, 0x00000007c6900000, 0x0000000800000000)
  eden space 258304K, 100% used [0x00000007aacb0000,0x00000007ba8f0000,0x00000007ba8f0000)
  from space 33792K, 97% used [0x00000007ba8f0000,0x00000007bc946368,0x00000007bc9f0000)
  to   space 38592K, 0% used [0x00000007c4350000,0x00000007c4350000,0x00000007c6900000)
 ParOldGen       total 353472K, used 352024K [0x0000000700600000, 0x0000000715f30000, 0x00000007aacb0000)
  object space 353472K, 99% used [0x0000000700600000,0x0000000715dc6268,0x0000000715f30000)
 PSPermGen       total 40448K, used 17975K [0x00000006fb400000, 0x00000006fdb80000, 0x0000000700600000)
  object space 40448K, 44% used [0x00000006fb400000,0x00000006fc58df10,0x00000006fdb80000)
Event: 9.743 GC heap after
Heap after GC invocations=10 (full 3):
 PSYoungGen      total 292096K, used 0K [0x00000007aacb0000, 0x00000007c6900000, 0x0000000800000000)
  eden space 258304K, 0% used [0x00000007aacb0000,0x00000007aacb0000,0x00000007ba8f0000)
  from space 33792K, 0% used [0x00000007ba8f0000,0x00000007ba8f0000,0x00000007bc9f0000)
  to   space 38592K, 0% used [0x00000007c4350000,0x00000007c4350000,0x00000007c6900000)
 ParOldGen       total 216896K, used 30235K [0x0000000700600000, 0x000000070d9d0000, 0x00000007aacb0000)
  object space 216896K, 13% used [0x0000000700600000,0x0000000702386ce0,0x000000070d9d0000)
 PSPermGen       total 39232K, used 17975K [0x00000006fb400000, 0x00000006fda50000, 0x0000000700600000)
  object space 39232K, 45% used [0x00000006fb400000,0x00000006fc58df10,0x00000006fda50000)
}
Event: 10.166 GC heap before
{Heap before GC invocations=11 (full 3):
 PSYoungGen      total 292096K, used 257702K [0x00000007aacb0000, 0x00000007c6900000, 0x0000000800000000)
  eden space 258304K, 99% used [0x00000007aacb0000,0x00000007ba859b88,0x00000007ba8f0000)
  from space 33792K, 0% used [0x00000007ba8f0000,0x00000007ba8f0000,0x00000007bc9f0000)
  to   space 38592K, 0% used [0x00000007c4350000,0x00000007c4350000,0x00000007c6900000)
 ParOldGen       total 216896K, used 30235K [0x0000000700600000, 0x000000070d9d0000, 0x00000007aacb0000)
  object space 216896K, 13% used [0x0000000700600000,0x0000000702386ce0,0x000000070d9d0000)
 PSPermGen       total 39232K, used 17976K [0x00000006fb400000, 0x00000006fda50000, 0x0000000700600000)
  object space 39232K, 45% used [0x00000006fb400000,0x00000006fc58e138,0x00000006fda50000)
Event: 10.175 GC heap after
Heap after GC invocations=11 (full 3):
 PSYoungGen      total 393600K, used 34944K [0x00000007aacb0000, 0x00000007c6580000, 0x0000000800000000)
  eden space 358592K, 0% used [0x00000007aacb0000,0x00000007aacb0000,0x00000007c0ae0000)
  from space 35008K, 99% used [0x00000007c4350000,0x00000007c65701c0,0x00000007c6580000)
  to   space 42432K, 0% used [0x00000007c12a0000,0x00000007c12a0000,0x00000007c3c10000)
 ParOldGen       total 216896K, used 42385K [0x0000000700600000, 0x000000070d9d0000, 0x00000007aacb0000)
  object space 216896K, 19% used [0x0000000700600000,0x0000000702f64500,0x000000070d9d0000)
 PSPermGen       total 39232K, used 17976K [0x00000006fb400000, 0x00000006fda50000, 0x0000000700600000)
  object space 39232K, 45% used [0x00000006fb400000,0x00000006fc58e138,0x00000006fda50000)
}
Event: 10.769 GC heap before
{Heap before GC invocations=12 (full 3):
 PSYoungGen      total 393600K, used 393196K [0x00000007aacb0000, 0x00000007c6580000, 0x0000000800000000)
  eden space 358592K, 99% used [0x00000007aacb0000,0x00000007c0a8af90,0x00000007c0ae0000)
  from space 35008K, 99% used [0x00000007c4350000,0x00000007c65701c0,0x00000007c6580000)
  to   space 42432K, 0% used [0x00000007c12a0000,0x00000007c12a0000,0x00000007c3c10000)
 ParOldGen       total 216896K, used 42385K [0x0000000700600000, 0x000000070d9d0000, 0x00000007aacb0000)
  object space 216896K, 19% used [0x0000000700600000,0x0000000702f64500,0x000000070d9d0000)
 PSPermGen       total 39232K, used 17977K [0x00000006fb400000, 0x00000006fda50000, 0x0000000700600000)
  object space 39232K, 45% used [0x00000006fb400000,0x00000006fc58e6e8,0x00000006fda50000)
Event: 10.780 GC heap after
Heap after GC invocations=12 (full 3):
 PSYoungGen      total 408960K, used 40661K [0x00000007aacb0000, 0x00000007cbe20000, 0x0000000800000000)
  eden space 366528K, 0% used [0x00000007aacb0000,0x00000007aacb0000,0x00000007c12a0000)
  from space 42432K, 95% used [0x00000007c12a0000,0x00000007c3a55660,0x00000007c3c10000)
  to   space 47424K, 0% used [0x00000007c8fd0000,0x00000007c8fd0000,0x00000007cbe20000)
 ParOldGen       total 216896K, used 51877K [0x0000000700600000, 0x000000070d9d0000, 0x00000007aacb0000)
  object space 216896K, 23% used [0x0000000700600000,0x00000007038a95e0,0x000000070d9d0000)
 PSPermGen       total 39232K, used 17977K [0x00000006fb400000, 0x00000006fda50000, 0x0000000700600000)
  object space 39232K, 45% used [0x00000006fb400000,0x00000006fc58e6e8,0x00000006fda50000)
}
Event: 11.381 GC heap before
{Heap before GC invocations=13 (full 3):
 PSYoungGen      total 408960K, used 401225K [0x00000007aacb0000, 0x00000007cbe20000, 0x0000000800000000)
  eden space 366528K, 98% used [0x00000007aacb0000,0x00000007c0cccfc0,0x00000007c12a0000)
  from space 42432K, 95% used [0x00000007c12a0000,0x00000007c3a55660,0x00000007c3c10000)
  to   space 47424K, 0% used [0x00000007c8fd0000,0x00000007c8fd0000,0x00000007cbe20000)
 ParOldGen       total 216896K, used 51877K [0x0000000700600000, 0x000000070d9d0000, 0x00000007aacb0000)
  object space 216896K, 23% used [0x0000000700600000,0x00000007038a95e0,0x000000070d9d0000)
 PSPermGen       total 39232K, used 17990K [0x00000006fb400000, 0x00000006fda50000, 0x0000000700600000)
  object space 39232K, 45% used [0x00000006fb400000,0x00000006fc591858,0x00000006fda50000)
Event: 11.384 GC heap after
Heap after GC invocations=13 (full 3):
 PSYoungGen      total 494592K, used 10981K [0x00000007aacb0000, 0x00000007cbec0000, 0x0000000800000000)
  eden space 447168K, 0% used [0x00000007aacb0000,0x00000007aacb0000,0x00000007c6160000)
  from space 47424K, 23% used [0x00000007c8fd0000,0x00000007c9a897a0,0x00000007cbe20000)
  to   space 47552K, 0% used [0x00000007c6160000,0x00000007c6160000,0x00000007c8fd0000)
 ParOldGen       total 216896K, used 51877K [0x0000000700600000, 0x000000070d9d0000, 0x00000007aacb0000)
  object space 216896K, 23% used [0x0000000700600000,0x00000007038a95e0,0x000000070d9d0000)
 PSPermGen       total 39232K, used 17990K [0x00000006fb400000, 0x00000006fda50000, 0x0000000700600000)
  object space 39232K, 45% used [0x00000006fb400000,0x00000006fc591858,0x00000006fda50000)
}

