# JRE version: 7.0_07-b11
# Java VM: Java HotSpot(TM) 64-Bit Server VM (23.3-b01 mixed mode windows-amd64 compressed oops)
Heap
 PSYoungGen      total 817024K, used 355138K [0x00000007aacb0000, 0x00000007fed80000, 0x0000000800000000)
  eden space 796224K, 41% used [0x00000007aacb0000,0x00000007bf332b80,0x00000007db640000)
  from space 20800K, 99% used [0x00000007fd930000,0x00000007fed7dd10,0x00000007fed80000)
  to   space 39104K, 0% used [0x00000007fa120000,0x00000007fa120000,0x00000007fc750000)
 ParOldGen       total 174528K, used 120245K [0x0000000700600000, 0x000000070b070000, 0x00000007aacb0000)
  object space 174528K, 68% used [0x0000000700600000,0x0000000707b6d540,0x000000070b070000)
 PSPermGen       total 21248K, used 18187K [0x00000006fb400000, 0x00000006fc8c0000, 0x0000000700600000)
  object space 21248K, 85% used [0x00000006fb400000,0x00000006fc5c2f28,0x00000006fc8c0000)
GC Heap History (10 events):
Event: 5.974 GC heap before
{Heap before GC invocations=8 (full 0):
 PSYoungGen      total 289600K, used 286366K [0x00000007aacb0000, 0x00000007ceeb0000, 0x0000000800000000)
  eden space 261888K, 98% used [0x00000007aacb0000,0x00000007ba947d00,0x00000007bac70000)
  from space 27712K, 99% used [0x00000007bac70000,0x00000007bc77fba0,0x00000007bc780000)
  to   space 34048K, 0% used [0x00000007ccd70000,0x00000007ccd70000,0x00000007ceeb0000)
 ParOldGen       total 174528K, used 86400K [0x0000000700600000, 0x000000070b070000, 0x00000007aacb0000)
  object space 174528K, 49% used [0x0000000700600000,0x0000000705a60300,0x000000070b070000)
 PSPermGen       total 21248K, used 17972K [0x00000006fb400000, 0x00000006fc8c0000, 0x0000000700600000)
  object space 21248K, 84% used [0x00000006fb400000,0x00000006fc58d150,0x00000006fc8c0000)
Event: 5.983 GC heap after
Heap after GC invocations=8 (full 0):
 PSYoungGen      total 555840K, used 33193K [0x00000007aacb0000, 0x00000007cf290000, 0x0000000800000000)
  eden space 521792K, 0% used [0x00000007aacb0000,0x00000007aacb0000,0x00000007caa40000)
  from space 34048K, 97% used [0x00000007ccd70000,0x00000007cedda7c0,0x00000007ceeb0000)
  to   space 36032K, 0% used [0x00000007caa40000,0x00000007caa40000,0x00000007ccd70000)
 ParOldGen       total 174528K, used 87046K [0x0000000700600000, 0x000000070b070000, 0x00000007aacb0000)
  object space 174528K, 49% used [0x0000000700600000,0x0000000705b01b10,0x000000070b070000)
 PSPermGen       total 21248K, used 17972K [0x00000006fb400000, 0x00000006fc8c0000, 0x0000000700600000)
  object space 21248K, 84% used [0x00000006fb400000,0x00000006fc58d150,0x00000006fc8c0000)
}
Event: 7.808 GC heap before
{Heap before GC invocations=9 (full 0):
 PSYoungGen      total 555840K, used 554812K [0x00000007aacb0000, 0x00000007cf290000, 0x0000000800000000)
  eden space 521792K, 99% used [0x00000007aacb0000,0x00000007caa14a00,0x00000007caa40000)
  from space 34048K, 97% used [0x00000007ccd70000,0x00000007cedda7c0,0x00000007ceeb0000)
  to   space 36032K, 0% used [0x00000007caa40000,0x00000007caa40000,0x00000007ccd70000)
 ParOldGen       total 174528K, used 87046K [0x0000000700600000, 0x000000070b070000, 0x00000007aacb0000)
  object space 174528K, 49% used [0x0000000700600000,0x0000000705b01b10,0x000000070b070000)
 PSPermGen       total 21248K, used 18082K [0x00000006fb400000, 0x00000006fc8c0000, 0x0000000700600000)
  object space 21248K, 85% used [0x00000006fb400000,0x00000006fc5a8ba0,0x00000006fc8c0000)
Event: 7.819 GC heap after
Heap after GC invocations=9 (full 0):
 PSYoungGen      total 557824K, used 32409K [0x00000007aacb0000, 0x00000007e2480000, 0x0000000800000000)
  eden space 521792K, 0% used [0x00000007aacb0000,0x00000007aacb0000,0x00000007caa40000)
  from space 36032K, 89% used [0x00000007caa40000,0x00000007cc9e67d0,0x00000007ccd70000)
  to   space 37120K, 0% used [0x00000007e0040000,0x00000007e0040000,0x00000007e2480000)
 ParOldGen       total 174528K, used 93950K [0x0000000700600000, 0x000000070b070000, 0x00000007aacb0000)
  object space 174528K, 53% used [0x0000000700600000,0x00000007061bf8b8,0x000000070b070000)
 PSPermGen       total 21248K, used 18082K [0x00000006fb400000, 0x00000006fc8c0000, 0x0000000700600000)
  object space 21248K, 85% used [0x00000006fb400000,0x00000006fc5a8ba0,0x00000006fc8c0000)
}
Event: 9.629 GC heap before
{Heap before GC invocations=10 (full 0):
 PSYoungGen      total 557824K, used 552427K [0x00000007aacb0000, 0x00000007e2480000, 0x0000000800000000)
  eden space 521792K, 99% used [0x00000007aacb0000,0x00000007ca884580,0x00000007caa40000)
  from space 36032K, 89% used [0x00000007caa40000,0x00000007cc9e67d0,0x00000007ccd70000)
  to   space 37120K, 0% used [0x00000007e0040000,0x00000007e0040000,0x00000007e2480000)
 ParOldGen       total 174528K, used 93950K [0x0000000700600000, 0x000000070b070000, 0x00000007aacb0000)
  object space 174528K, 53% used [0x0000000700600000,0x00000007061bf8b8,0x000000070b070000)
 PSPermGen       total 21248K, used 18097K [0x00000006fb400000, 0x00000006fc8c0000, 0x0000000700600000)
  object space 21248K, 85% used [0x00000006fb400000,0x00000006fc5ac588,0x00000006fc8c0000)
Event: 9.637 GC heap after
Heap after GC invocations=10 (full 0):
 PSYoungGen      total 872000K, used 22531K [0x00000007aacb0000, 0x00000007e2480000, 0x0000000800000000)
  eden space 834880K, 0% used [0x00000007aacb0000,0x00000007aacb0000,0x00000007ddc00000)
  from space 37120K, 60% used [0x00000007e0040000,0x00000007e1640c50,0x00000007e2480000)
  to   space 37120K, 0% used [0x00000007ddc00000,0x00000007ddc00000,0x00000007e0040000)
 ParOldGen       total 174528K, used 101932K [0x0000000700600000, 0x000000070b070000, 0x00000007aacb0000)
  object space 174528K, 58% used [0x0000000700600000,0x000000070698b110,0x000000070b070000)
 PSPermGen       total 21248K, used 18097K [0x00000006fb400000, 0x00000006fc8c0000, 0x0000000700600000)
  object space 21248K, 85% used [0x00000006fb400000,0x00000006fc5ac588,0x00000006fc8c0000)
}
Event: 12.654 GC heap before
{Heap before GC invocations=11 (full 0):
 PSYoungGen      total 872000K, used 857284K [0x00000007aacb0000, 0x00000007e2480000, 0x0000000800000000)
  eden space 834880K, 99% used [0x00000007aacb0000,0x00000007ddbe05f8,0x00000007ddc00000)
  from space 37120K, 60% used [0x00000007e0040000,0x00000007e1640c50,0x00000007e2480000)
  to   space 37120K, 0% used [0x00000007ddc00000,0x00000007ddc00000,0x00000007e0040000)
 ParOldGen       total 174528K, used 101932K [0x0000000700600000, 0x000000070b070000, 0x00000007aacb0000)
  object space 174528K, 58% used [0x0000000700600000,0x000000070698b110,0x000000070b070000)
 PSPermGen       total 21248K, used 18111K [0x00000006fb400000, 0x00000006fc8c0000, 0x0000000700600000)
  object space 21248K, 85% used [0x00000006fb400000,0x00000006fc5afd38,0x00000006fc8c0000)
Event: 12.662 GC heap after
Heap after GC invocations=11 (full 0):
 PSYoungGen      total 872000K, used 6235K [0x00000007aacb0000, 0x0000000800000000, 0x0000000800000000)
  eden space 834880K, 0% used [0x00000007aacb0000,0x00000007aacb0000,0x00000007ddc00000)
  from space 37120K, 16% used [0x00000007ddc00000,0x00000007de216c30,0x00000007e0040000)
  to   space 39744K, 0% used [0x00000007fd930000,0x00000007fd930000,0x0000000800000000)
 ParOldGen       total 174528K, used 120205K [0x0000000700600000, 0x000000070b070000, 0x00000007aacb0000)
  object space 174528K, 68% used [0x0000000700600000,0x0000000707b63540,0x000000070b070000)
 PSPermGen       total 21248K, used 18111K [0x00000006fb400000, 0x00000006fc8c0000, 0x0000000700600000)
  object space 21248K, 85% used [0x00000006fb400000,0x00000006fc5afd38,0x00000006fc8c0000)
}
Event: 14.674 GC heap before
{Heap before GC invocations=12 (full 0):
 PSYoungGen      total 872000K, used 835101K [0x00000007aacb0000, 0x0000000800000000, 0x0000000800000000)
  eden space 834880K, 99% used [0x00000007aacb0000,0x00000007dd620998,0x00000007ddc00000)
  from space 37120K, 16% used [0x00000007ddc00000,0x00000007de216c30,0x00000007e0040000)
  to   space 39744K, 0% used [0x00000007fd930000,0x00000007fd930000,0x0000000800000000)
 ParOldGen       total 174528K, used 120205K [0x0000000700600000, 0x000000070b070000, 0x00000007aacb0000)
  object space 174528K, 68% used [0x0000000700600000,0x0000000707b63540,0x000000070b070000)
 PSPermGen       total 21248K, used 18186K [0x00000006fb400000, 0x00000006fc8c0000, 0x0000000700600000)
  object space 21248K, 85% used [0x00000006fb400000,0x00000006fc5c2a58,0x00000006fc8c0000)
Event: 14.680 GC heap after
Heap after GC invocations=12 (full 0):
 PSYoungGen      total 817024K, used 20791K [0x00000007aacb0000, 0x00000007fed80000, 0x0000000800000000)
  eden space 796224K, 0% used [0x00000007aacb0000,0x00000007aacb0000,0x00000007db640000)
  from space 20800K, 99% used [0x00000007fd930000,0x00000007fed7dd10,0x00000007fed80000)
  to   space 39104K, 0% used [0x00000007fa120000,0x00000007fa120000,0x00000007fc750000)
 ParOldGen       total 174528K, used 120245K [0x0000000700600000, 0x000000070b070000, 0x00000007aacb0000)
  object space 174528K, 68% used [0x0000000700600000,0x0000000707b6d540,0x000000070b070000)
 PSPermGen       total 21248K, used 18186K [0x00000006fb400000, 0x00000006fc8c0000, 0x0000000700600000)
  object space 21248K, 85% used [0x00000006fb400000,0x00000006fc5c2a58,0x00000006fc8c0000)
}

