# JRE version: 7.0_07-b11
# Java VM: Java HotSpot(TM) 64-Bit Server VM (23.3-b01 mixed mode windows-amd64 compressed oops)
Heap
 PSYoungGen      total 966208K, used 522457K [0x00000007aacb0000, 0x00000007e87d0000, 0x0000000800000000)
  eden space 933504K, 55% used [0x00000007aacb0000,0x00000007caaa6620,0x00000007e3c50000)
  from space 32704K, 0% used [0x00000007e67e0000,0x00000007e6820000,0x00000007e87d0000)
  to   space 38656K, 0% used [0x00000007e3c50000,0x00000007e3c50000,0x00000007e6210000)
 ParOldGen       total 161408K, used 64182K [0x0000000700600000, 0x000000070a3a0000, 0x00000007aacb0000)
  object space 161408K, 39% used [0x0000000700600000,0x00000007044adbd8,0x000000070a3a0000)
 PSPermGen       total 40832K, used 18060K [0x00000006fb400000, 0x00000006fdbe0000, 0x0000000700600000)
  object space 40832K, 44% used [0x00000006fb400000,0x00000006fc5a32a8,0x00000006fdbe0000)
GC Heap History (10 events):
Event: 8.021 GC heap before
{Heap before GC invocations=10 (full 1):
 PSYoungGen      total 552576K, used 517612K [0x00000007aacb0000, 0x00000007ced90000, 0x0000000800000000)
  eden space 518656K, 99% used [0x00000007aacb0000,0x00000007ca62b228,0x00000007ca730000)
  from space 33920K, 0% used [0x00000007cc9b0000,0x00000007cc9b0000,0x00000007cead0000)
  to   space 35328K, 0% used [0x00000007ca730000,0x00000007ca730000,0x00000007cc9b0000)
 ParOldGen       total 132992K, used 28256K [0x0000000700600000, 0x00000007087e0000, 0x00000007aacb0000)
  object space 132992K, 21% used [0x0000000700600000,0x0000000702198200,0x00000007087e0000)
 PSPermGen       total 36608K, used 18021K [0x00000006fb400000, 0x00000006fd7c0000, 0x0000000700600000)
  object space 36608K, 49% used [0x00000006fb400000,0x00000006fc599718,0x00000006fd7c0000)
Event: 8.028 GC heap after
Heap after GC invocations=10 (full 1):
 PSYoungGen      total 553984K, used 27119K [0x00000007aacb0000, 0x00000007dbd70000, 0x0000000800000000)
  eden space 518656K, 0% used [0x00000007aacb0000,0x00000007aacb0000,0x00000007ca730000)
  from space 35328K, 76% used [0x00000007ca730000,0x00000007cc1abdb0,0x00000007cc9b0000)
  to   space 34624K, 0% used [0x00000007d9ba0000,0x00000007d9ba0000,0x00000007dbd70000)
 ParOldGen       total 132992K, used 28256K [0x0000000700600000, 0x00000007087e0000, 0x00000007aacb0000)
  object space 132992K, 21% used [0x0000000700600000,0x0000000702198200,0x00000007087e0000)
 PSPermGen       total 36608K, used 18021K [0x00000006fb400000, 0x00000006fd7c0000, 0x0000000700600000)
  object space 36608K, 49% used [0x00000006fb400000,0x00000006fc599718,0x00000006fd7c0000)
}
Event: 9.244 GC heap before
{Heap before GC invocations=11 (full 2):
 PSYoungGen      total 553984K, used 545775K [0x00000007aacb0000, 0x00000007dbd70000, 0x0000000800000000)
  eden space 518656K, 100% used [0x00000007aacb0000,0x00000007ca730000,0x00000007ca730000)
  from space 35328K, 76% used [0x00000007ca730000,0x00000007cc1abdb0,0x00000007cc9b0000)
  to   space 34624K, 0% used [0x00000007d9ba0000,0x00000007d9ba0000,0x00000007dbd70000)
 ParOldGen       total 146688K, used 146466K [0x0000000700600000, 0x0000000709540000, 0x00000007aacb0000)
  object space 146688K, 99% used [0x0000000700600000,0x0000000709508b70,0x0000000709540000)
 PSPermGen       total 36608K, used 18030K [0x00000006fb400000, 0x00000006fd7c0000, 0x0000000700600000)
  object space 36608K, 49% used [0x00000006fb400000,0x00000006fc59b980,0x00000006fd7c0000)
Event: 9.269 GC heap after
Heap after GC invocations=11 (full 2):
 PSYoungGen      total 553984K, used 0K [0x00000007aacb0000, 0x00000007dbd70000, 0x0000000800000000)
  eden space 518656K, 0% used [0x00000007aacb0000,0x00000007aacb0000,0x00000007ca730000)
  from space 35328K, 0% used [0x00000007ca730000,0x00000007ca730000,0x00000007cc9b0000)
  to   space 34624K, 0% used [0x00000007d9ba0000,0x00000007d9ba0000,0x00000007dbd70000)
 ParOldGen       total 161408K, used 26266K [0x0000000700600000, 0x000000070a3a0000, 0x00000007aacb0000)
  object space 161408K, 16% used [0x0000000700600000,0x0000000701fa6828,0x000000070a3a0000)
 PSPermGen       total 40832K, used 18030K [0x00000006fb400000, 0x00000006fdbe0000, 0x0000000700600000)
  object space 40832K, 44% used [0x00000006fb400000,0x00000006fc59b980,0x00000006fdbe0000)
}
Event: 10.227 GC heap before
{Heap before GC invocations=12 (full 2):
 PSYoungGen      total 553984K, used 518207K [0x00000007aacb0000, 0x00000007dbd70000, 0x0000000800000000)
  eden space 518656K, 99% used [0x00000007aacb0000,0x00000007ca6bfe90,0x00000007ca730000)
  from space 35328K, 0% used [0x00000007ca730000,0x00000007ca730000,0x00000007cc9b0000)
  to   space 34624K, 0% used [0x00000007d9ba0000,0x00000007d9ba0000,0x00000007dbd70000)
 ParOldGen       total 161408K, used 26266K [0x0000000700600000, 0x000000070a3a0000, 0x00000007aacb0000)
  object space 161408K, 16% used [0x0000000700600000,0x0000000701fa6828,0x000000070a3a0000)
 PSPermGen       total 40832K, used 18031K [0x00000006fb400000, 0x00000006fdbe0000, 0x0000000700600000)
  object space 40832K, 44% used [0x00000006fb400000,0x00000006fc59bfb8,0x00000006fdbe0000)
Event: 10.232 GC heap after
Heap after GC invocations=12 (full 2):
 PSYoungGen      total 726720K, used 20917K [0x00000007aacb0000, 0x00000007db010000, 0x0000000800000000)
  eden space 705792K, 0% used [0x00000007aacb0000,0x00000007aacb0000,0x00000007d5df0000)
  from space 20928K, 99% used [0x00000007d9ba0000,0x00000007db00d760,0x00000007db010000)
  to   space 34816K, 0% used [0x00000007d6c10000,0x00000007d6c10000,0x00000007d8e10000)
 ParOldGen       total 161408K, used 26266K [0x0000000700600000, 0x000000070a3a0000, 0x00000007aacb0000)
  object space 161408K, 16% used [0x0000000700600000,0x0000000701fa6828,0x000000070a3a0000)
 PSPermGen       total 40832K, used 18031K [0x00000006fb400000, 0x00000006fdbe0000, 0x0000000700600000)
  object space 40832K, 44% used [0x00000006fb400000,0x00000006fc59bfb8,0x00000006fdbe0000)
}
Event: 11.521 GC heap before
{Heap before GC invocations=13 (full 2):
 PSYoungGen      total 726720K, used 725407K [0x00000007aacb0000, 0x00000007db010000, 0x0000000800000000)
  eden space 705792K, 99% used [0x00000007aacb0000,0x00000007d5caa630,0x00000007d5df0000)
  from space 20928K, 99% used [0x00000007d9ba0000,0x00000007db00d760,0x00000007db010000)
  to   space 34816K, 0% used [0x00000007d6c10000,0x00000007d6c10000,0x00000007d8e10000)
 ParOldGen       total 161408K, used 31708K [0x0000000700600000, 0x000000070a3a0000, 0x00000007aacb0000)
  object space 161408K, 19% used [0x0000000700600000,0x00000007024f7108,0x000000070a3a0000)
 PSPermGen       total 40832K, used 18035K [0x00000006fb400000, 0x00000006fdbe0000, 0x0000000700600000)
  object space 40832K, 44% used [0x00000006fb400000,0x00000006fc59cc18,0x00000006fdbe0000)
Event: 11.529 GC heap after
Heap after GC invocations=13 (full 2):
 PSYoungGen      total 755072K, used 29144K [0x00000007aacb0000, 0x00000007e8a20000, 0x0000000800000000)
  eden space 720256K, 0% used [0x00000007aacb0000,0x00000007aacb0000,0x00000007d6c10000)
  from space 34816K, 83% used [0x00000007d6c10000,0x00000007d8886190,0x00000007d8e10000)
  to   space 35072K, 0% used [0x00000007e67e0000,0x00000007e67e0000,0x00000007e8a20000)
 ParOldGen       total 161408K, used 33773K [0x0000000700600000, 0x000000070a3a0000, 0x00000007aacb0000)
  object space 161408K, 20% used [0x0000000700600000,0x00000007026fb518,0x000000070a3a0000)
 PSPermGen       total 40832K, used 18035K [0x00000006fb400000, 0x00000006fdbe0000, 0x0000000700600000)
  object space 40832K, 44% used [0x00000006fb400000,0x00000006fc59cc18,0x00000006fdbe0000)
}
Event: 12.869 GC heap before
{Heap before GC invocations=14 (full 2):
 PSYoungGen      total 755072K, used 749400K [0x00000007aacb0000, 0x00000007e8a20000, 0x0000000800000000)
  eden space 720256K, 100% used [0x00000007aacb0000,0x00000007d6c10000,0x00000007d6c10000)
  from space 34816K, 83% used [0x00000007d6c10000,0x00000007d8886190,0x00000007d8e10000)
  to   space 35072K, 0% used [0x00000007e67e0000,0x00000007e67e0000,0x00000007e8a20000)
 ParOldGen       total 161408K, used 64150K [0x0000000700600000, 0x000000070a3a0000, 0x00000007aacb0000)
  object space 161408K, 39% used [0x0000000700600000,0x00000007044a5bd8,0x000000070a3a0000)
 PSPermGen       total 40832K, used 18041K [0x00000006fb400000, 0x00000006fdbe0000, 0x0000000700600000)
  object space 40832K, 44% used [0x00000006fb400000,0x00000006fc59e420,0x00000006fdbe0000)
Event: 12.870 GC heap after
Heap after GC invocations=14 (full 2):
 PSYoungGen      total 966208K, used 256K [0x00000007aacb0000, 0x00000007e87d0000, 0x0000000800000000)
  eden space 933504K, 0% used [0x00000007aacb0000,0x00000007aacb0000,0x00000007e3c50000)
  from space 32704K, 0% used [0x00000007e67e0000,0x00000007e6820000,0x00000007e87d0000)
  to   space 38656K, 0% used [0x00000007e3c50000,0x00000007e3c50000,0x00000007e6210000)
 ParOldGen       total 161408K, used 64182K [0x0000000700600000, 0x000000070a3a0000, 0x00000007aacb0000)
  object space 161408K, 39% used [0x0000000700600000,0x00000007044adbd8,0x000000070a3a0000)
 PSPermGen       total 40832K, used 18041K [0x00000006fb400000, 0x00000006fdbe0000, 0x0000000700600000)
  object space 40832K, 44% used [0x00000006fb400000,0x00000006fc59e420,0x00000006fdbe0000)
}

