# JRE version: 7.0_07-b11
# Java VM: Java HotSpot(TM) 64-Bit Server VM (23.3-b01 mixed mode windows-amd64 compressed oops)
Heap
 PSYoungGen      total 294080K, used 266923K [0x00000007aacb0000, 0x00000007c3e50000, 0x0000000800000000)
  eden space 236672K, 99% used [0x00000007aacb0000,0x00000007b930c870,0x00000007b93d0000)
  from space 57408K, 54% used [0x00000007b93d0000,0x00000007bb21e460,0x00000007bcbe0000)
  to   space 56256K, 0% used [0x00000007c0760000,0x00000007c0760000,0x00000007c3e50000)
 ParOldGen       total 305472K, used 56724K [0x0000000700600000, 0x0000000713050000, 0x00000007aacb0000)
  object space 305472K, 18% used [0x0000000700600000,0x0000000703d65310,0x0000000713050000)
 PSPermGen       total 36096K, used 18065K [0x00000006fb400000, 0x00000006fd740000, 0x0000000700600000)
  object space 36096K, 50% used [0x00000006fb400000,0x00000006fc5a4620,0x00000006fd740000)
GC Heap History (10 events):
Event: 10.746 GC heap before
{Heap before GC invocations=14 (full 4):
 PSYoungGen      total 237440K, used 236260K [0x00000007aacb0000, 0x00000007bd5c0000, 0x0000000800000000)
  eden space 195008K, 100% used [0x00000007aacb0000,0x00000007b6b20000,0x00000007b6b20000)
  from space 42432K, 97% used [0x00000007b9a20000,0x00000007bc2690e0,0x00000007bc390000)
  to   space 48128K, 0% used [0x00000007b6b20000,0x00000007b6b20000,0x00000007b9a20000)
 ParOldGen       total 373376K, used 372789K [0x0000000700600000, 0x00000007172a0000, 0x00000007aacb0000)
  object space 373376K, 99% used [0x0000000700600000,0x000000071720d5a0,0x00000007172a0000)
 PSPermGen       total 39360K, used 18041K [0x00000006fb400000, 0x00000006fda70000, 0x0000000700600000)
  object space 39360K, 45% used [0x00000006fb400000,0x00000006fc59e4d8,0x00000006fda70000)
Event: 10.781 GC heap after
Heap after GC invocations=14 (full 4):
 PSYoungGen      total 237440K, used 0K [0x00000007aacb0000, 0x00000007bd5c0000, 0x0000000800000000)
  eden space 195008K, 0% used [0x00000007aacb0000,0x00000007aacb0000,0x00000007b6b20000)
  from space 42432K, 0% used [0x00000007b9a20000,0x00000007b9a20000,0x00000007bc390000)
  to   space 48128K, 0% used [0x00000007b6b20000,0x00000007b6b20000,0x00000007b9a20000)
 ParOldGen       total 266816K, used 50625K [0x0000000700600000, 0x0000000710a90000, 0x00000007aacb0000)
  object space 266816K, 18% used [0x0000000700600000,0x0000000703770440,0x0000000710a90000)
 PSPermGen       total 37760K, used 18041K [0x00000006fb400000, 0x00000006fd8e0000, 0x0000000700600000)
  object space 37760K, 47% used [0x00000006fb400000,0x00000006fc59e458,0x00000006fd8e0000)
}
Event: 11.158 GC heap before
{Heap before GC invocations=15 (full 4):
 PSYoungGen      total 237440K, used 191886K [0x00000007aacb0000, 0x00000007bd5c0000, 0x0000000800000000)
  eden space 195008K, 98% used [0x00000007aacb0000,0x00000007b6813868,0x00000007b6b20000)
  from space 42432K, 0% used [0x00000007b9a20000,0x00000007b9a20000,0x00000007bc390000)
  to   space 48128K, 0% used [0x00000007b6b20000,0x00000007b6b20000,0x00000007b9a20000)
 ParOldGen       total 266816K, used 50625K [0x0000000700600000, 0x0000000710a90000, 0x00000007aacb0000)
  object space 266816K, 18% used [0x0000000700600000,0x0000000703770440,0x0000000710a90000)
 PSPermGen       total 37760K, used 18046K [0x00000006fb400000, 0x00000006fd8e0000, 0x0000000700600000)
  object space 37760K, 47% used [0x00000006fb400000,0x00000006fc59f910,0x00000006fd8e0000)
Event: 11.164 GC heap after
Heap after GC invocations=15 (full 4):
 PSYoungGen      total 243136K, used 34603K [0x00000007aacb0000, 0x00000007bfcf0000, 0x0000000800000000)
  eden space 195008K, 0% used [0x00000007aacb0000,0x00000007aacb0000,0x00000007b6b20000)
  from space 48128K, 71% used [0x00000007b6b20000,0x00000007b8ceade0,0x00000007b9a20000)
  to   space 50240K, 0% used [0x00000007bcbe0000,0x00000007bcbe0000,0x00000007bfcf0000)
 ParOldGen       total 266816K, used 50625K [0x0000000700600000, 0x0000000710a90000, 0x00000007aacb0000)
  object space 266816K, 18% used [0x0000000700600000,0x0000000703770440,0x0000000710a90000)
 PSPermGen       total 37760K, used 18046K [0x00000006fb400000, 0x00000006fd8e0000, 0x0000000700600000)
  object space 37760K, 47% used [0x00000006fb400000,0x00000006fc59f910,0x00000006fd8e0000)
}
Event: 11.533 GC heap before
{Heap before GC invocations=16 (full 4):
 PSYoungGen      total 243136K, used 226511K [0x00000007aacb0000, 0x00000007bfcf0000, 0x0000000800000000)
  eden space 195008K, 98% used [0x00000007aacb0000,0x00000007b6819048,0x00000007b6b20000)
  from space 48128K, 71% used [0x00000007b6b20000,0x00000007b8ceade0,0x00000007b9a20000)
  to   space 50240K, 0% used [0x00000007bcbe0000,0x00000007bcbe0000,0x00000007bfcf0000)
 ParOldGen       total 266816K, used 54042K [0x0000000700600000, 0x0000000710a90000, 0x00000007aacb0000)
  object space 266816K, 20% used [0x0000000700600000,0x0000000703ac6910,0x0000000710a90000)
 PSPermGen       total 37760K, used 18047K [0x00000006fb400000, 0x00000006fd8e0000, 0x0000000700600000)
  object space 37760K, 47% used [0x00000006fb400000,0x00000006fc59ffd0,0x00000006fd8e0000)
Event: 11.545 GC heap after
Heap after GC invocations=16 (full 4):
 PSYoungGen      total 286912K, used 49858K [0x00000007aacb0000, 0x00000007c1250000, 0x0000000800000000)
  eden space 236672K, 0% used [0x00000007aacb0000,0x00000007aacb0000,0x00000007b93d0000)
  from space 50240K, 99% used [0x00000007bcbe0000,0x00000007bfc90a20,0x00000007bfcf0000)
  to   space 57408K, 0% used [0x00000007b93d0000,0x00000007b93d0000,0x00000007bcbe0000)
 ParOldGen       total 266816K, used 66192K [0x0000000700600000, 0x0000000710a90000, 0x00000007aacb0000)
  object space 266816K, 24% used [0x0000000700600000,0x00000007046a4130,0x0000000710a90000)
 PSPermGen       total 37760K, used 18047K [0x00000006fb400000, 0x00000006fd8e0000, 0x0000000700600000)
  object space 37760K, 47% used [0x00000006fb400000,0x00000006fc59ffd0,0x00000006fd8e0000)
}
Event: 12.400 GC heap before
{Heap before GC invocations=17 (full 5):
 PSYoungGen      total 286912K, used 286530K [0x00000007aacb0000, 0x00000007c1250000, 0x0000000800000000)
  eden space 236672K, 100% used [0x00000007aacb0000,0x00000007b93d0000,0x00000007b93d0000)
  from space 50240K, 99% used [0x00000007bcbe0000,0x00000007bfc90a20,0x00000007bfcf0000)
  to   space 57408K, 0% used [0x00000007b93d0000,0x00000007b93d0000,0x00000007bcbe0000)
 ParOldGen       total 279168K, used 279071K [0x0000000700600000, 0x00000007116a0000, 0x00000007aacb0000)
  object space 279168K, 99% used [0x0000000700600000,0x0000000711687df8,0x00000007116a0000)
 PSPermGen       total 37760K, used 18053K [0x00000006fb400000, 0x00000006fd8e0000, 0x0000000700600000)
  object space 37760K, 47% used [0x00000006fb400000,0x00000006fc5a1690,0x00000006fd8e0000)
Event: 12.427 GC heap after
Heap after GC invocations=17 (full 5):
 PSYoungGen      total 286912K, used 0K [0x00000007aacb0000, 0x00000007c1250000, 0x0000000800000000)
  eden space 236672K, 0% used [0x00000007aacb0000,0x00000007aacb0000,0x00000007b93d0000)
  from space 50240K, 0% used [0x00000007bcbe0000,0x00000007bcbe0000,0x00000007bfcf0000)
  to   space 57408K, 0% used [0x00000007b93d0000,0x00000007b93d0000,0x00000007bcbe0000)
 ParOldGen       total 305472K, used 50649K [0x0000000700600000, 0x0000000713050000, 0x00000007aacb0000)
  object space 305472K, 16% used [0x0000000700600000,0x0000000703776700,0x0000000713050000)
 PSPermGen       total 36096K, used 18053K [0x00000006fb400000, 0x00000006fd740000, 0x0000000700600000)
  object space 36096K, 50% used [0x00000006fb400000,0x00000006fc5a1690,0x00000006fd740000)
}
Event: 12.866 GC heap before
{Heap before GC invocations=18 (full 5):
 PSYoungGen      total 286912K, used 230739K [0x00000007aacb0000, 0x00000007c1250000, 0x0000000800000000)
  eden space 236672K, 97% used [0x00000007aacb0000,0x00000007b8e04f20,0x00000007b93d0000)
  from space 50240K, 0% used [0x00000007bcbe0000,0x00000007bcbe0000,0x00000007bfcf0000)
  to   space 57408K, 0% used [0x00000007b93d0000,0x00000007b93d0000,0x00000007bcbe0000)
 ParOldGen       total 305472K, used 56724K [0x0000000700600000, 0x0000000713050000, 0x00000007aacb0000)
  object space 305472K, 18% used [0x0000000700600000,0x0000000703d65310,0x0000000713050000)
 PSPermGen       total 36096K, used 18058K [0x00000006fb400000, 0x00000006fd740000, 0x0000000700600000)
  object space 36096K, 50% used [0x00000006fb400000,0x00000006fc5a29c8,0x00000006fd740000)
Event: 12.870 GC heap after
Heap after GC invocations=18 (full 5):
 PSYoungGen      total 294080K, used 31033K [0x00000007aacb0000, 0x00000007c3e50000, 0x0000000800000000)
  eden space 236672K, 0% used [0x00000007aacb0000,0x00000007aacb0000,0x00000007b93d0000)
  from space 57408K, 54% used [0x00000007b93d0000,0x00000007bb21e460,0x00000007bcbe0000)
  to   space 56256K, 0% used [0x00000007c0760000,0x00000007c0760000,0x00000007c3e50000)
 ParOldGen       total 305472K, used 56724K [0x0000000700600000, 0x0000000713050000, 0x00000007aacb0000)
  object space 305472K, 18% used [0x0000000700600000,0x0000000703d65310,0x0000000713050000)
 PSPermGen       total 36096K, used 18058K [0x00000006fb400000, 0x00000006fd740000, 0x0000000700600000)
  object space 36096K, 50% used [0x00000006fb400000,0x00000006fc5a29c8,0x00000006fd740000)
}

