# JRE version: 7.0_07-b11
# Java VM: Java HotSpot(TM) 64-Bit Server VM (23.3-b01 mixed mode windows-amd64 compressed oops)
Heap
 PSYoungGen      total 1253568K, used 116905K [0x00000007aacb0000, 0x00000007ffc60000, 0x0000000800000000)
  eden space 1232704K, 7% used [0x00000007aacb0000,0x00000007b0a7c9a0,0x00000007f6080000)
  from space 20864K, 99% used [0x00000007f6080000,0x00000007f74ddd10,0x00000007f74e0000)
  to   space 78656K, 0% used [0x00000007faf90000,0x00000007faf90000,0x00000007ffc60000)
 ParOldGen       total 216000K, used 141904K [0x0000000700600000, 0x000000070d8f0000, 0x00000007aacb0000)
  object space 216000K, 65% used [0x0000000700600000,0x0000000709094090,0x000000070d8f0000)
 PSPermGen       total 39552K, used 18246K [0x00000006fb400000, 0x00000006fdaa0000, 0x0000000700600000)
  object space 39552K, 46% used [0x00000006fb400000,0x00000006fc5d1a80,0x00000006fdaa0000)
GC Heap History (10 events):
Event: 10.940 GC heap before
{Heap before GC invocations=14 (full 2):
 PSYoungGen      total 866496K, used 794624K [0x00000007aacb0000, 0x00000007f4f90000, 0x0000000800000000)
  eden space 794624K, 100% used [0x00000007aacb0000,0x00000007db4b0000,0x00000007db4b0000)
  from space 71872K, 0% used [0x00000007db4b0000,0x00000007db4b0000,0x00000007dfae0000)
  to   space 75776K, 0% used [0x00000007f0590000,0x00000007f0590000,0x00000007f4f90000)
 ParOldGen       total 191168K, used 112954K [0x0000000700600000, 0x000000070c0b0000, 0x00000007aacb0000)
  object space 191168K, 59% used [0x0000000700600000,0x000000070744ea50,0x000000070c0b0000)
 PSPermGen       total 41216K, used 18155K [0x00000006fb400000, 0x00000006fdc40000, 0x0000000700600000)
  object space 41216K, 44% used [0x00000006fb400000,0x00000006fc5bafe0,0x00000006fdc40000)
Event: 10.941 GC heap after
Heap after GC invocations=14 (full 2):
 PSYoungGen      total 1137152K, used 256K [0x00000007aacb0000, 0x00000007f7540000, 0x0000000800000000)
  eden space 1061376K, 0% used [0x00000007aacb0000,0x00000007aacb0000,0x00000007eb930000)
  from space 75776K, 0% used [0x00000007f0590000,0x00000007f05d0000,0x00000007f4f90000)
  to   space 78208K, 0% used [0x00000007eb930000,0x00000007eb930000,0x00000007f0590000)
 ParOldGen       total 191168K, used 112954K [0x0000000700600000, 0x000000070c0b0000, 0x00000007aacb0000)
  object space 191168K, 59% used [0x0000000700600000,0x000000070744ea50,0x000000070c0b0000)
 PSPermGen       total 41216K, used 18155K [0x00000006fb400000, 0x00000006fdc40000, 0x0000000700600000)
  object space 41216K, 44% used [0x00000006fb400000,0x00000006fc5bafe0,0x00000006fdc40000)
}
Event: 13.240 GC heap before
{Heap before GC invocations=15 (full 3):
 PSYoungGen      total 1137152K, used 1061632K [0x00000007aacb0000, 0x00000007f7540000, 0x0000000800000000)
  eden space 1061376K, 100% used [0x00000007aacb0000,0x00000007eb930000,0x00000007eb930000)
  from space 75776K, 0% used [0x00000007f0590000,0x00000007f05d0000,0x00000007f4f90000)
  to   space 78208K, 0% used [0x00000007eb930000,0x00000007eb930000,0x00000007f0590000)
 ParOldGen       total 224576K, used 223824K [0x0000000700600000, 0x000000070e150000, 0x00000007aacb0000)
  object space 224576K, 99% used [0x0000000700600000,0x000000070e094160,0x000000070e150000)
 PSPermGen       total 41216K, used 18167K [0x00000006fb400000, 0x00000006fdc40000, 0x0000000700600000)
  object space 41216K, 44% used [0x00000006fb400000,0x00000006fc5bdcf0,0x00000006fdc40000)
Event: 13.286 GC heap after
Heap after GC invocations=15 (full 3):
 PSYoungGen      total 1137152K, used 0K [0x00000007aacb0000, 0x00000007f7540000, 0x0000000800000000)
  eden space 1061376K, 0% used [0x00000007aacb0000,0x00000007aacb0000,0x00000007eb930000)
  from space 75776K, 0% used [0x00000007f0590000,0x00000007f0590000,0x00000007f4f90000)
  to   space 78208K, 0% used [0x00000007eb930000,0x00000007eb930000,0x00000007f0590000)
 ParOldGen       total 216000K, used 48113K [0x0000000700600000, 0x000000070d8f0000, 0x00000007aacb0000)
  object space 216000K, 22% used [0x0000000700600000,0x00000007034fc4d8,0x000000070d8f0000)
 PSPermGen       total 39552K, used 18167K [0x00000006fb400000, 0x00000006fdaa0000, 0x0000000700600000)
  object space 39552K, 45% used [0x00000006fb400000,0x00000006fc5bdcf0,0x00000006fdaa0000)
}
Event: 15.509 GC heap before
{Heap before GC invocations=16 (full 3):
 PSYoungGen      total 1137152K, used 1061376K [0x00000007aacb0000, 0x00000007f7540000, 0x0000000800000000)
  eden space 1061376K, 100% used [0x00000007aacb0000,0x00000007eb930000,0x00000007eb930000)
  from space 75776K, 0% used [0x00000007f0590000,0x00000007f0590000,0x00000007f4f90000)
  to   space 78208K, 0% used [0x00000007eb930000,0x00000007eb930000,0x00000007f0590000)
 ParOldGen       total 216000K, used 123039K [0x0000000700600000, 0x000000070d8f0000, 0x00000007aacb0000)
  object space 216000K, 56% used [0x0000000700600000,0x0000000707e27e40,0x000000070d8f0000)
 PSPermGen       total 39552K, used 18209K [0x00000006fb400000, 0x00000006fdaa0000, 0x0000000700600000)
  object space 39552K, 46% used [0x00000006fb400000,0x00000006fc5c8700,0x00000006fdaa0000)
Event: 15.510 GC heap after
Heap after GC invocations=16 (full 3):
 PSYoungGen      total 1139584K, used 512K [0x00000007aacb0000, 0x0000000800000000, 0x0000000800000000)
  eden space 1061376K, 0% used [0x00000007aacb0000,0x00000007aacb0000,0x00000007eb930000)
  from space 78208K, 0% used [0x00000007eb930000,0x00000007eb9b0000,0x00000007f0590000)
  to   space 79360K, 0% used [0x00000007fb280000,0x00000007fb280000,0x0000000800000000)
 ParOldGen       total 216000K, used 123039K [0x0000000700600000, 0x000000070d8f0000, 0x00000007aacb0000)
  object space 216000K, 56% used [0x0000000700600000,0x0000000707e27e40,0x000000070d8f0000)
 PSPermGen       total 39552K, used 18209K [0x00000006fb400000, 0x00000006fdaa0000, 0x0000000700600000)
  object space 39552K, 46% used [0x00000006fb400000,0x00000006fc5c8700,0x00000006fdaa0000)
}
Event: 17.199 GC heap before
{Heap before GC invocations=17 (full 3):
 PSYoungGen      total 1139584K, used 1060361K [0x00000007aacb0000, 0x0000000800000000, 0x0000000800000000)
  eden space 1061376K, 99% used [0x00000007aacb0000,0x00000007eb7b26e8,0x00000007eb930000)
  from space 78208K, 0% used [0x00000007eb930000,0x00000007eb9b0000,0x00000007f0590000)
  to   space 79360K, 0% used [0x00000007fb280000,0x00000007fb280000,0x0000000800000000)
 ParOldGen       total 216000K, used 123039K [0x0000000700600000, 0x000000070d8f0000, 0x00000007aacb0000)
  object space 216000K, 56% used [0x0000000700600000,0x0000000707e27e40,0x000000070d8f0000)
 PSPermGen       total 39552K, used 18234K [0x00000006fb400000, 0x00000006fdaa0000, 0x0000000700600000)
  object space 39552K, 46% used [0x00000006fb400000,0x00000006fc5ceb48,0x00000006fdaa0000)
Event: 17.213 GC heap after
Heap after GC invocations=17 (full 3):
 PSYoungGen      total 1312064K, used 49838K [0x00000007aacb0000, 0x0000000800000000, 0x0000000800000000)
  eden space 1232704K, 0% used [0x00000007aacb0000,0x00000007aacb0000,0x00000007f6080000)
  from space 79360K, 62% used [0x00000007fb280000,0x00000007fe32b8b0,0x0000000800000000)
  to   space 81664K, 0% used [0x00000007f6080000,0x00000007f6080000,0x00000007fb040000)
 ParOldGen       total 216000K, used 123303K [0x0000000700600000, 0x000000070d8f0000, 0x00000007aacb0000)
  object space 216000K, 57% used [0x0000000700600000,0x0000000707e69ee0,0x000000070d8f0000)
 PSPermGen       total 39552K, used 18234K [0x00000006fb400000, 0x00000006fdaa0000, 0x0000000700600000)
  object space 39552K, 46% used [0x00000006fb400000,0x00000006fc5ceb48,0x00000006fdaa0000)
}
Event: 19.641 GC heap before
{Heap before GC invocations=18 (full 3):
 PSYoungGen      total 1312064K, used 1280621K [0x00000007aacb0000, 0x0000000800000000, 0x0000000800000000)
  eden space 1232704K, 99% used [0x00000007aacb0000,0x00000007f5e9fe10,0x00000007f6080000)
  from space 79360K, 62% used [0x00000007fb280000,0x00000007fe32b8b0,0x0000000800000000)
  to   space 81664K, 0% used [0x00000007f6080000,0x00000007f6080000,0x00000007fb040000)
 ParOldGen       total 216000K, used 123303K [0x0000000700600000, 0x000000070d8f0000, 0x00000007aacb0000)
  object space 216000K, 57% used [0x0000000700600000,0x0000000707e69ee0,0x000000070d8f0000)
 PSPermGen       total 39552K, used 18246K [0x00000006fb400000, 0x00000006fdaa0000, 0x0000000700600000)
  object space 39552K, 46% used [0x00000006fb400000,0x00000006fc5d1980,0x00000006fdaa0000)
Event: 19.649 GC heap after
Heap after GC invocations=18 (full 3):
 PSYoungGen      total 1253568K, used 20855K [0x00000007aacb0000, 0x00000007ffc60000, 0x0000000800000000)
  eden space 1232704K, 0% used [0x00000007aacb0000,0x00000007aacb0000,0x00000007f6080000)
  from space 20864K, 99% used [0x00000007f6080000,0x00000007f74ddd10,0x00000007f74e0000)
  to   space 78656K, 0% used [0x00000007faf90000,0x00000007faf90000,0x00000007ffc60000)
 ParOldGen       total 216000K, used 141904K [0x0000000700600000, 0x000000070d8f0000, 0x00000007aacb0000)
  object space 216000K, 65% used [0x0000000700600000,0x0000000709094090,0x000000070d8f0000)
 PSPermGen       total 39552K, used 18246K [0x00000006fb400000, 0x00000006fdaa0000, 0x0000000700600000)
  object space 39552K, 46% used [0x00000006fb400000,0x00000006fc5d1980,0x00000006fdaa0000)
}

