# JRE version: 7.0_07-b11
# Java VM: Java HotSpot(TM) 64-Bit Server VM (23.3-b01 mixed mode windows-amd64 compressed oops)
Heap
 PSYoungGen      total 277184K, used 92202K [0x00000007aacb0000, 0x00000007bf090000, 0x0000000800000000)
  eden space 241536K, 24% used [0x00000007aacb0000,0x00000007ae57d4a0,0x00000007b9890000)
  from space 35648K, 95% used [0x00000007bcdc0000,0x00000007beefd360,0x00000007bf090000)
  to   space 45056K, 0% used [0x00000007b9890000,0x00000007b9890000,0x00000007bc490000)
 ParOldGen       total 174528K, used 87748K [0x0000000700600000, 0x000000070b070000, 0x00000007aacb0000)
  object space 174528K, 50% used [0x0000000700600000,0x0000000705bb13f8,0x000000070b070000)
 PSPermGen       total 21248K, used 17838K [0x00000006fb400000, 0x00000006fc8c0000, 0x0000000700600000)
  object space 21248K, 83% used [0x00000006fb400000,0x00000006fc56bab8,0x00000006fc8c0000)
GC Heap History (10 events):
Event: 5.591 GC heap before
{Heap before GC invocations=4 (full 0):
 PSYoungGen      total 76352K, used 73210K [0x00000007aacb0000, 0x00000007b41d0000, 0x0000000800000000)
  eden space 65472K, 95% used [0x00000007aacb0000,0x00000007ae991f20,0x00000007aeca0000)
  from space 10880K, 99% used [0x00000007aeca0000,0x00000007af73cb50,0x00000007af740000)
  to   space 10880K, 0% used [0x00000007b3730000,0x00000007b3730000,0x00000007b41d0000)
 ParOldGen       total 174528K, used 40849K [0x0000000700600000, 0x000000070b070000, 0x00000007aacb0000)
  object space 174528K, 23% used [0x0000000700600000,0x0000000702de4508,0x000000070b070000)
 PSPermGen       total 21248K, used 17640K [0x00000006fb400000, 0x00000006fc8c0000, 0x0000000700600000)
  object space 21248K, 83% used [0x00000006fb400000,0x00000006fc53a0c8,0x00000006fc8c0000)
Event: 5.599 GC heap after
Heap after GC invocations=4 (full 0):
 PSYoungGen      total 141824K, used 10866K [0x00000007aacb0000, 0x00000007b41d0000, 0x0000000800000000)
  eden space 130944K, 0% used [0x00000007aacb0000,0x00000007aacb0000,0x00000007b2c90000)
  from space 10880K, 99% used [0x00000007b3730000,0x00000007b41ccb50,0x00000007b41d0000)
  to   space 10880K, 0% used [0x00000007b2c90000,0x00000007b2c90000,0x00000007b3730000)
 ParOldGen       total 174528K, used 57702K [0x0000000700600000, 0x000000070b070000, 0x00000007aacb0000)
  object space 174528K, 33% used [0x0000000700600000,0x0000000703e59ac8,0x000000070b070000)
 PSPermGen       total 21248K, used 17640K [0x00000006fb400000, 0x00000006fc8c0000, 0x0000000700600000)
  object space 21248K, 83% used [0x00000006fb400000,0x00000006fc53a0c8,0x00000006fc8c0000)
}
Event: 6.895 GC heap before
{Heap before GC invocations=5 (full 0):
 PSYoungGen      total 141824K, used 140537K [0x00000007aacb0000, 0x00000007b41d0000, 0x0000000800000000)
  eden space 130944K, 99% used [0x00000007aacb0000,0x00000007b2b51b70,0x00000007b2c90000)
  from space 10880K, 99% used [0x00000007b3730000,0x00000007b41ccb50,0x00000007b41d0000)
  to   space 10880K, 0% used [0x00000007b2c90000,0x00000007b2c90000,0x00000007b3730000)
 ParOldGen       total 174528K, used 57702K [0x0000000700600000, 0x000000070b070000, 0x00000007aacb0000)
  object space 174528K, 33% used [0x0000000700600000,0x0000000703e59ac8,0x000000070b070000)
 PSPermGen       total 21248K, used 17653K [0x00000006fb400000, 0x00000006fc8c0000, 0x0000000700600000)
  object space 21248K, 83% used [0x00000006fb400000,0x00000006fc53d6a8,0x00000006fc8c0000)
Event: 6.901 GC heap after
Heap after GC invocations=5 (full 0):
 PSYoungGen      total 141824K, used 8559K [0x00000007aacb0000, 0x00000007bfe30000, 0x0000000800000000)
  eden space 130944K, 0% used [0x00000007aacb0000,0x00000007aacb0000,0x00000007b2c90000)
  from space 10880K, 78% used [0x00000007b2c90000,0x00000007b34ebc70,0x00000007b3730000)
  to   space 41856K, 0% used [0x00000007bd550000,0x00000007bd550000,0x00000007bfe30000)
 ParOldGen       total 174528K, used 69852K [0x0000000700600000, 0x000000070b070000, 0x00000007aacb0000)
  object space 174528K, 40% used [0x0000000700600000,0x0000000704a372e8,0x000000070b070000)
 PSPermGen       total 21248K, used 17653K [0x00000006fb400000, 0x00000006fc8c0000, 0x0000000700600000)
  object space 21248K, 83% used [0x00000006fb400000,0x00000006fc53d6a8,0x00000006fc8c0000)
}
Event: 8.215 GC heap before
{Heap before GC invocations=6 (full 0):
 PSYoungGen      total 141824K, used 138927K [0x00000007aacb0000, 0x00000007bfe30000, 0x0000000800000000)
  eden space 130944K, 99% used [0x00000007aacb0000,0x00000007b2c00280,0x00000007b2c90000)
  from space 10880K, 78% used [0x00000007b2c90000,0x00000007b34ebc70,0x00000007b3730000)
  to   space 41856K, 0% used [0x00000007bd550000,0x00000007bd550000,0x00000007bfe30000)
 ParOldGen       total 174528K, used 69852K [0x0000000700600000, 0x000000070b070000, 0x00000007aacb0000)
  object space 174528K, 40% used [0x0000000700600000,0x0000000704a372e8,0x000000070b070000)
 PSPermGen       total 21248K, used 17695K [0x00000006fb400000, 0x00000006fc8c0000, 0x0000000700600000)
  object space 21248K, 83% used [0x00000006fb400000,0x00000006fc547c18,0x00000006fc8c0000)
Event: 8.221 GC heap after
Heap after GC invocations=6 (full 0):
 PSYoungGen      total 297984K, used 20860K [0x00000007aacb0000, 0x00000007bf890000, 0x0000000800000000)
  eden space 261888K, 0% used [0x00000007aacb0000,0x00000007aacb0000,0x00000007bac70000)
  from space 36096K, 57% used [0x00000007bd550000,0x00000007be9af030,0x00000007bf890000)
  to   space 38976K, 0% used [0x00000007bac70000,0x00000007bac70000,0x00000007bd280000)
 ParOldGen       total 174528K, used 69852K [0x0000000700600000, 0x000000070b070000, 0x00000007aacb0000)
  object space 174528K, 40% used [0x0000000700600000,0x0000000704a372e8,0x000000070b070000)
 PSPermGen       total 21248K, used 17695K [0x00000006fb400000, 0x00000006fc8c0000, 0x0000000700600000)
  object space 21248K, 83% used [0x00000006fb400000,0x00000006fc547c18,0x00000006fc8c0000)
}
Event: 10.815 GC heap before
{Heap before GC invocations=7 (full 0):
 PSYoungGen      total 297984K, used 279661K [0x00000007aacb0000, 0x00000007bf890000, 0x0000000800000000)
  eden space 261888K, 98% used [0x00000007aacb0000,0x00000007ba96c5a8,0x00000007bac70000)
  from space 36096K, 57% used [0x00000007bd550000,0x00000007be9af030,0x00000007bf890000)
  to   space 38976K, 0% used [0x00000007bac70000,0x00000007bac70000,0x00000007bd280000)
 ParOldGen       total 174528K, used 69852K [0x0000000700600000, 0x000000070b070000, 0x00000007aacb0000)
  object space 174528K, 40% used [0x0000000700600000,0x0000000704a372e8,0x000000070b070000)
 PSPermGen       total 21248K, used 17813K [0x00000006fb400000, 0x00000006fc8c0000, 0x0000000700600000)
  object space 21248K, 83% used [0x00000006fb400000,0x00000006fc5656c0,0x00000006fc8c0000)
Event: 10.826 GC heap after
Heap after GC invocations=7 (full 0):
 PSYoungGen      total 285568K, used 34068K [0x00000007aacb0000, 0x00000007bf5c0000, 0x0000000800000000)
  eden space 251456K, 0% used [0x00000007aacb0000,0x00000007aacb0000,0x00000007ba240000)
  from space 34112K, 99% used [0x00000007bac70000,0x00000007bcdb5360,0x00000007bcdc0000)
  to   space 40960K, 0% used [0x00000007bcdc0000,0x00000007bcdc0000,0x00000007bf5c0000)
 ParOldGen       total 174528K, used 79958K [0x0000000700600000, 0x000000070b070000, 0x00000007aacb0000)
  object space 174528K, 45% used [0x0000000700600000,0x0000000705415a28,0x000000070b070000)
 PSPermGen       total 21248K, used 17813K [0x00000006fb400000, 0x00000006fc8c0000, 0x0000000700600000)
  object space 21248K, 83% used [0x00000006fb400000,0x00000006fc5656c0,0x00000006fc8c0000)
}
Event: 11.896 GC heap before
{Heap before GC invocations=8 (full 0):
 PSYoungGen      total 285568K, used 284081K [0x00000007aacb0000, 0x00000007bf5c0000, 0x0000000800000000)
  eden space 251456K, 99% used [0x00000007aacb0000,0x00000007ba0d71e0,0x00000007ba240000)
  from space 34112K, 99% used [0x00000007bac70000,0x00000007bcdb5360,0x00000007bcdc0000)
  to   space 40960K, 0% used [0x00000007bcdc0000,0x00000007bcdc0000,0x00000007bf5c0000)
 ParOldGen       total 174528K, used 79958K [0x0000000700600000, 0x000000070b070000, 0x00000007aacb0000)
  object space 174528K, 45% used [0x0000000700600000,0x0000000705415a28,0x000000070b070000)
 PSPermGen       total 21248K, used 17814K [0x00000006fb400000, 0x00000006fc8c0000, 0x0000000700600000)
  object space 21248K, 83% used [0x00000006fb400000,0x00000006fc565b30,0x00000006fc8c0000)
Event: 11.902 GC heap after
Heap after GC invocations=8 (full 0):
 PSYoungGen      total 277184K, used 34036K [0x00000007aacb0000, 0x00000007bf090000, 0x0000000800000000)
  eden space 241536K, 0% used [0x00000007aacb0000,0x00000007aacb0000,0x00000007b9890000)
  from space 35648K, 95% used [0x00000007bcdc0000,0x00000007beefd360,0x00000007bf090000)
  to   space 45056K, 0% used [0x00000007b9890000,0x00000007b9890000,0x00000007bc490000)
 ParOldGen       total 174528K, used 87748K [0x0000000700600000, 0x000000070b070000, 0x00000007aacb0000)
  object space 174528K, 50% used [0x0000000700600000,0x0000000705bb13f8,0x000000070b070000)
 PSPermGen       total 21248K, used 17814K [0x00000006fb400000, 0x00000006fc8c0000, 0x0000000700600000)
  object space 21248K, 83% used [0x00000006fb400000,0x00000006fc565b30,0x00000006fc8c0000)
}

