# JRE version: 7.0_07-b11
# Java VM: Java HotSpot(TM) 64-Bit Server VM (23.3-b01 mixed mode windows-amd64 compressed oops)
Heap
 PSYoungGen      total 74752K, used 66068K [0x00000007aacb0000, 0x00000007b3c90000, 0x0000000800000000)
  eden space 63872K, 86% used [0x00000007aacb0000,0x00000007ae2a9cb0,0x00000007aeb10000)
  from space 10880K, 99% used [0x00000007aeca0000,0x00000007af72b490,0x00000007af740000)
  to   space 41728K, 0% used [0x00000007b13d0000,0x00000007b13d0000,0x00000007b3c90000)
 ParOldGen       total 174528K, used 38332K [0x0000000700600000, 0x000000070b070000, 0x00000007aacb0000)
  object space 174528K, 21% used [0x0000000700600000,0x0000000702b6f370,0x000000070b070000)
 PSPermGen       total 21248K, used 18021K [0x00000006fb400000, 0x00000006fc8c0000, 0x0000000700600000)
  object space 21248K, 84% used [0x00000006fb400000,0x00000006fc599450,0x00000006fc8c0000)
GC Heap History (10 events):
Event: 4.098 GC heap before
{Heap before GC invocations=1 (full 0):
 PSYoungGen      total 76352K, used 65472K [0x00000007aacb0000, 0x00000007b01e0000, 0x0000000800000000)
  eden space 65472K, 100% used [0x00000007aacb0000,0x00000007aeca0000,0x00000007aeca0000)
  from space 10880K, 0% used [0x00000007af740000,0x00000007af740000,0x00000007b01e0000)
  to   space 10880K, 0% used [0x00000007aeca0000,0x00000007aeca0000,0x00000007af740000)
 ParOldGen       total 174528K, used 0K [0x0000000700600000, 0x000000070b070000, 0x00000007aacb0000)
  object space 174528K, 0% used [0x0000000700600000,0x0000000700600000,0x000000070b070000)
 PSPermGen       total 21248K, used 17585K [0x00000006fb400000, 0x00000006fc8c0000, 0x0000000700600000)
  object space 21248K, 82% used [0x00000006fb400000,0x00000006fc52c6e8,0x00000006fc8c0000)
Event: 4.108 GC heap after
Heap after GC invocations=1 (full 0):
 PSYoungGen      total 76352K, used 9408K [0x00000007aacb0000, 0x00000007b01e0000, 0x0000000800000000)
  eden space 65472K, 0% used [0x00000007aacb0000,0x00000007aacb0000,0x00000007aeca0000)
  from space 10880K, 86% used [0x00000007aeca0000,0x00000007af5d01e8,0x00000007af740000)
  to   space 10880K, 0% used [0x00000007af740000,0x00000007af740000,0x00000007b01e0000)
 ParOldGen       total 174528K, used 8K [0x0000000700600000, 0x000000070b070000, 0x00000007aacb0000)
  object space 174528K, 0% used [0x0000000700600000,0x0000000700602000,0x000000070b070000)
 PSPermGen       total 21248K, used 17585K [0x00000006fb400000, 0x00000006fc8c0000, 0x0000000700600000)
  object space 21248K, 82% used [0x00000006fb400000,0x00000006fc52c6e8,0x00000006fc8c0000)
}
Event: 10.147 GC heap before
{Heap before GC invocations=2 (full 0):
 PSYoungGen      total 76352K, used 71608K [0x00000007aacb0000, 0x00000007b01e0000, 0x0000000800000000)
  eden space 65472K, 95% used [0x00000007aacb0000,0x00000007ae96e028,0x00000007aeca0000)
  from space 10880K, 86% used [0x00000007aeca0000,0x00000007af5d01e8,0x00000007af740000)
  to   space 10880K, 0% used [0x00000007af740000,0x00000007af740000,0x00000007b01e0000)
 ParOldGen       total 174528K, used 8K [0x0000000700600000, 0x000000070b070000, 0x00000007aacb0000)
  object space 174528K, 0% used [0x0000000700600000,0x0000000700602000,0x000000070b070000)
 PSPermGen       total 21248K, used 17876K [0x00000006fb400000, 0x00000006fc8c0000, 0x0000000700600000)
  object space 21248K, 84% used [0x00000006fb400000,0x00000006fc5753b0,0x00000006fc8c0000)
Event: 10.162 GC heap after
Heap after GC invocations=2 (full 0):
 PSYoungGen      total 76352K, used 10852K [0x00000007aacb0000, 0x00000007b01e0000, 0x0000000800000000)
  eden space 65472K, 0% used [0x00000007aacb0000,0x00000007aacb0000,0x00000007aeca0000)
  from space 10880K, 99% used [0x00000007af740000,0x00000007b01d93f0,0x00000007b01e0000)
  to   space 10880K, 0% used [0x00000007aeca0000,0x00000007aeca0000,0x00000007af740000)
 ParOldGen       total 174528K, used 32241K [0x0000000700600000, 0x000000070b070000, 0x00000007aacb0000)
  object space 174528K, 18% used [0x0000000700600000,0x000000070257c760,0x000000070b070000)
 PSPermGen       total 21248K, used 17876K [0x00000006fb400000, 0x00000006fc8c0000, 0x0000000700600000)
  object space 21248K, 84% used [0x00000006fb400000,0x00000006fc5753b0,0x00000006fc8c0000)
}
Event: 18.147 GC heap before
{Heap before GC invocations=3 (full 0):
 PSYoungGen      total 76352K, used 75671K [0x00000007aacb0000, 0x00000007b01e0000, 0x0000000800000000)
  eden space 65472K, 99% used [0x00000007aacb0000,0x00000007aebfcb20,0x00000007aeca0000)
  from space 10880K, 99% used [0x00000007af740000,0x00000007b01d93f0,0x00000007b01e0000)
  to   space 10880K, 0% used [0x00000007aeca0000,0x00000007aeca0000,0x00000007af740000)
 ParOldGen       total 174528K, used 32241K [0x0000000700600000, 0x000000070b070000, 0x00000007aacb0000)
  object space 174528K, 18% used [0x0000000700600000,0x000000070257c760,0x000000070b070000)
 PSPermGen       total 21248K, used 17910K [0x00000006fb400000, 0x00000006fc8c0000, 0x0000000700600000)
  object space 21248K, 84% used [0x00000006fb400000,0x00000006fc57da18,0x00000006fc8c0000)
Event: 18.153 GC heap after
Heap after GC invocations=3 (full 0):
 PSYoungGen      total 76352K, used 10765K [0x00000007aacb0000, 0x00000007b01e0000, 0x0000000800000000)
  eden space 65472K, 0% used [0x00000007aacb0000,0x00000007aacb0000,0x00000007aeca0000)
  from space 10880K, 98% used [0x00000007aeca0000,0x00000007af723490,0x00000007af740000)
  to   space 10880K, 0% used [0x00000007af740000,0x00000007af740000,0x00000007b01e0000)
 ParOldGen       total 174528K, used 38316K [0x0000000700600000, 0x000000070b070000, 0x00000007aacb0000)
  object space 174528K, 21% used [0x0000000700600000,0x0000000702b6b370,0x000000070b070000)
 PSPermGen       total 21248K, used 17910K [0x00000006fb400000, 0x00000006fc8c0000, 0x0000000700600000)
  object space 21248K, 84% used [0x00000006fb400000,0x00000006fc57da18,0x00000006fc8c0000)
}
Event: 24.981 GC heap before
{Heap before GC invocations=4 (full 0):
 PSYoungGen      total 76352K, used 73007K [0x00000007aacb0000, 0x00000007b01e0000, 0x0000000800000000)
  eden space 65472K, 95% used [0x00000007aacb0000,0x00000007ae978960,0x00000007aeca0000)
  from space 10880K, 98% used [0x00000007aeca0000,0x00000007af723490,0x00000007af740000)
  to   space 10880K, 0% used [0x00000007af740000,0x00000007af740000,0x00000007b01e0000)
 ParOldGen       total 174528K, used 38316K [0x0000000700600000, 0x000000070b070000, 0x00000007aacb0000)
  object space 174528K, 21% used [0x0000000700600000,0x0000000702b6b370,0x000000070b070000)
 PSPermGen       total 21248K, used 17935K [0x00000006fb400000, 0x00000006fc8c0000, 0x0000000700600000)
  object space 21248K, 84% used [0x00000006fb400000,0x00000006fc583c50,0x00000006fc8c0000)
Event: 24.986 GC heap after
Heap after GC invocations=4 (full 0):
 PSYoungGen      total 76352K, used 10749K [0x00000007aacb0000, 0x00000007b01e0000, 0x0000000800000000)
  eden space 65472K, 0% used [0x00000007aacb0000,0x00000007aacb0000,0x00000007aeca0000)
  from space 10880K, 98% used [0x00000007af740000,0x00000007b01bf480,0x00000007b01e0000)
  to   space 10880K, 0% used [0x00000007aeca0000,0x00000007aeca0000,0x00000007af740000)
 ParOldGen       total 174528K, used 38324K [0x0000000700600000, 0x000000070b070000, 0x00000007aacb0000)
  object space 174528K, 21% used [0x0000000700600000,0x0000000702b6d370,0x000000070b070000)
 PSPermGen       total 21248K, used 17935K [0x00000006fb400000, 0x00000006fc8c0000, 0x0000000700600000)
  object space 21248K, 84% used [0x00000006fb400000,0x00000006fc583c50,0x00000006fc8c0000)
}
Event: 31.832 GC heap before
{Heap before GC invocations=5 (full 0):
 PSYoungGen      total 76352K, used 72554K [0x00000007aacb0000, 0x00000007b01e0000, 0x0000000800000000)
  eden space 65472K, 94% used [0x00000007aacb0000,0x00000007ae90b630,0x00000007aeca0000)
  from space 10880K, 98% used [0x00000007af740000,0x00000007b01bf480,0x00000007b01e0000)
  to   space 10880K, 0% used [0x00000007aeca0000,0x00000007aeca0000,0x00000007af740000)
 ParOldGen       total 174528K, used 38324K [0x0000000700600000, 0x000000070b070000, 0x00000007aacb0000)
  object space 174528K, 21% used [0x0000000700600000,0x0000000702b6d370,0x000000070b070000)
 PSPermGen       total 21248K, used 17988K [0x00000006fb400000, 0x00000006fc8c0000, 0x0000000700600000)
  object space 21248K, 84% used [0x00000006fb400000,0x00000006fc591308,0x00000006fc8c0000)
Event: 31.839 GC heap after
Heap after GC invocations=5 (full 0):
 PSYoungGen      total 74752K, used 10797K [0x00000007aacb0000, 0x00000007b3c90000, 0x0000000800000000)
  eden space 63872K, 0% used [0x00000007aacb0000,0x00000007aacb0000,0x00000007aeb10000)
  from space 10880K, 99% used [0x00000007aeca0000,0x00000007af72b490,0x00000007af740000)
  to   space 41728K, 0% used [0x00000007b13d0000,0x00000007b13d0000,0x00000007b3c90000)
 ParOldGen       total 174528K, used 38332K [0x0000000700600000, 0x000000070b070000, 0x00000007aacb0000)
  object space 174528K, 21% used [0x0000000700600000,0x0000000702b6f370,0x000000070b070000)
 PSPermGen       total 21248K, used 17988K [0x00000006fb400000, 0x00000006fc8c0000, 0x0000000700600000)
  object space 21248K, 84% used [0x00000006fb400000,0x00000006fc591308,0x00000006fc8c0000)
}

