# JRE version: 7.0_07-b11
# Java VM: Java HotSpot(TM) 64-Bit Server VM (23.3-b01 mixed mode windows-amd64 compressed oops)
Heap
 PSYoungGen      total 908032K, used 677235K [0x00000007aacb0000, 0x00000007e5e90000, 0x0000000800000000)
  eden space 855552K, 73% used [0x00000007aacb0000,0x00000007d141bf60,0x00000007df030000)
  from space 52480K, 89% used [0x00000007e2b30000,0x00000007e5920e50,0x00000007e5e70000)
  to   space 56512K, 0% used [0x00000007df030000,0x00000007df030000,0x00000007e2760000)
 ParOldGen       total 218816K, used 44543K [0x0000000700600000, 0x000000070dbb0000, 0x00000007aacb0000)
  object space 218816K, 20% used [0x0000000700600000,0x000000070317fe48,0x000000070dbb0000)
 PSPermGen       total 39680K, used 18140K [0x00000006fb400000, 0x00000006fdac0000, 0x0000000700600000)
  object space 39680K, 45% used [0x00000006fb400000,0x00000006fc5b73a0,0x00000006fdac0000)
GC Heap History (10 events):
Event: 10.281 GC heap before
{Heap before GC invocations=11 (full 2):
 PSYoungGen      total 569408K, used 523776K [0x00000007aacb0000, 0x00000007d0850000, 0x0000000800000000)
  eden space 523776K, 100% used [0x00000007aacb0000,0x00000007cac30000,0x00000007cac30000)
  from space 45632K, 0% used [0x00000007cdbc0000,0x00000007cdbc0000,0x00000007d0850000)
  to   space 47168K, 0% used [0x00000007cac30000,0x00000007cac30000,0x00000007cda40000)
 ParOldGen       total 191488K, used 52818K [0x0000000700600000, 0x000000070c100000, 0x00000007aacb0000)
  object space 191488K, 27% used [0x0000000700600000,0x0000000703994878,0x000000070c100000)
 PSPermGen       total 40832K, used 18047K [0x00000006fb400000, 0x00000006fdbe0000, 0x0000000700600000)
  object space 40832K, 44% used [0x00000006fb400000,0x00000006fc59fda0,0x00000006fdbe0000)
Event: 10.285 GC heap after
Heap after GC invocations=11 (full 2):
 PSYoungGen      total 570944K, used 10475K [0x00000007aacb0000, 0x00000007db7c0000, 0x0000000800000000)
  eden space 523776K, 0% used [0x00000007aacb0000,0x00000007aacb0000,0x00000007cac30000)
  from space 47168K, 22% used [0x00000007cac30000,0x00000007cb66ae70,0x00000007cda40000)
  to   space 49344K, 0% used [0x00000007d8790000,0x00000007d8790000,0x00000007db7c0000)
 ParOldGen       total 191488K, used 52818K [0x0000000700600000, 0x000000070c100000, 0x00000007aacb0000)
  object space 191488K, 27% used [0x0000000700600000,0x0000000703994878,0x000000070c100000)
 PSPermGen       total 40832K, used 18047K [0x00000006fb400000, 0x00000006fdbe0000, 0x0000000700600000)
  object space 40832K, 44% used [0x00000006fb400000,0x00000006fc59fda0,0x00000006fdbe0000)
}
Event: 11.525 GC heap before
{Heap before GC invocations=12 (full 3):
 PSYoungGen      total 570944K, used 534251K [0x00000007aacb0000, 0x00000007db7c0000, 0x0000000800000000)
  eden space 523776K, 100% used [0x00000007aacb0000,0x00000007cac30000,0x00000007cac30000)
  from space 47168K, 22% used [0x00000007cac30000,0x00000007cb66ae70,0x00000007cda40000)
  to   space 49344K, 0% used [0x00000007d8790000,0x00000007d8790000,0x00000007db7c0000)
 ParOldGen       total 191488K, used 169889K [0x0000000700600000, 0x000000070c100000, 0x00000007aacb0000)
  object space 191488K, 88% used [0x0000000700600000,0x000000070abe85a8,0x000000070c100000)
 PSPermGen       total 40832K, used 18095K [0x00000006fb400000, 0x00000006fdbe0000, 0x0000000700600000)
  object space 40832K, 44% used [0x00000006fb400000,0x00000006fc5abfd0,0x00000006fdbe0000)
Event: 11.566 GC heap after
Heap after GC invocations=12 (full 3):
 PSYoungGen      total 570944K, used 0K [0x00000007aacb0000, 0x00000007db7c0000, 0x0000000800000000)
  eden space 523776K, 0% used [0x00000007aacb0000,0x00000007aacb0000,0x00000007cac30000)
  from space 47168K, 0% used [0x00000007cac30000,0x00000007cac30000,0x00000007cda40000)
  to   space 49344K, 0% used [0x00000007d8790000,0x00000007d8790000,0x00000007db7c0000)
 ParOldGen       total 218816K, used 36443K [0x0000000700600000, 0x000000070dbb0000, 0x00000007aacb0000)
  object space 218816K, 16% used [0x0000000700600000,0x0000000702996e28,0x000000070dbb0000)
 PSPermGen       total 39680K, used 18095K [0x00000006fb400000, 0x00000006fdac0000, 0x0000000700600000)
  object space 39680K, 45% used [0x00000006fb400000,0x00000006fc5abfa0,0x00000006fdac0000)
}
Event: 12.558 GC heap before
{Heap before GC invocations=13 (full 3):
 PSYoungGen      total 570944K, used 521421K [0x00000007aacb0000, 0x00000007db7c0000, 0x0000000800000000)
  eden space 523776K, 99% used [0x00000007aacb0000,0x00000007ca9e34c8,0x00000007cac30000)
  from space 47168K, 0% used [0x00000007cac30000,0x00000007cac30000,0x00000007cda40000)
  to   space 49344K, 0% used [0x00000007d8790000,0x00000007d8790000,0x00000007db7c0000)
 ParOldGen       total 218816K, used 36443K [0x0000000700600000, 0x000000070dbb0000, 0x00000007aacb0000)
  object space 218816K, 16% used [0x0000000700600000,0x0000000702996e28,0x000000070dbb0000)
 PSPermGen       total 39680K, used 18114K [0x00000006fb400000, 0x00000006fdac0000, 0x0000000700600000)
  object space 39680K, 45% used [0x00000006fb400000,0x00000006fc5b0a68,0x00000006fdac0000)
Event: 12.564 GC heap after
Heap after GC invocations=13 (full 3):
 PSYoungGen      total 699008K, used 21235K [0x00000007aacb0000, 0x00000007d9f00000, 0x0000000800000000)
  eden space 675008K, 0% used [0x00000007aacb0000,0x00000007aacb0000,0x00000007d3fe0000)
  from space 24000K, 88% used [0x00000007d8790000,0x00000007d9c4cc00,0x00000007d9f00000)
  to   space 48704K, 0% used [0x00000007d3fe0000,0x00000007d3fe0000,0x00000007d6f70000)
 ParOldGen       total 218816K, used 36443K [0x0000000700600000, 0x000000070dbb0000, 0x00000007aacb0000)
  object space 218816K, 16% used [0x0000000700600000,0x0000000702996e28,0x000000070dbb0000)
 PSPermGen       total 39680K, used 18114K [0x00000006fb400000, 0x00000006fdac0000, 0x0000000700600000)
  object space 39680K, 45% used [0x00000006fb400000,0x00000006fc5b0a68,0x00000006fdac0000)
}
Event: 13.573 GC heap before
{Heap before GC invocations=14 (full 3):
 PSYoungGen      total 699008K, used 696020K [0x00000007aacb0000, 0x00000007d9f00000, 0x0000000800000000)
  eden space 675008K, 99% used [0x00000007aacb0000,0x00000007d3fa8528,0x00000007d3fe0000)
  from space 24000K, 88% used [0x00000007d8790000,0x00000007d9c4cc00,0x00000007d9f00000)
  to   space 48704K, 0% used [0x00000007d3fe0000,0x00000007d3fe0000,0x00000007d6f70000)
 ParOldGen       total 218816K, used 36443K [0x0000000700600000, 0x000000070dbb0000, 0x00000007aacb0000)
  object space 218816K, 16% used [0x0000000700600000,0x0000000702996e28,0x000000070dbb0000)
 PSPermGen       total 39680K, used 18121K [0x00000006fb400000, 0x00000006fdac0000, 0x0000000700600000)
  object space 39680K, 45% used [0x00000006fb400000,0x00000006fc5b25c8,0x00000006fdac0000)
Event: 13.585 GC heap after
Heap after GC invocations=14 (full 3):
 PSYoungGen      total 723712K, used 44185K [0x00000007aacb0000, 0x00000007e5e70000, 0x0000000800000000)
  eden space 675008K, 0% used [0x00000007aacb0000,0x00000007aacb0000,0x00000007d3fe0000)
  from space 48704K, 90% used [0x00000007d3fe0000,0x00000007d6b06400,0x00000007d6f70000)
  to   space 52480K, 0% used [0x00000007e2b30000,0x00000007e2b30000,0x00000007e5e70000)
 ParOldGen       total 218816K, used 36443K [0x0000000700600000, 0x000000070dbb0000, 0x00000007aacb0000)
  object space 218816K, 16% used [0x0000000700600000,0x0000000702996e28,0x000000070dbb0000)
 PSPermGen       total 39680K, used 18121K [0x00000006fb400000, 0x00000006fdac0000, 0x0000000700600000)
  object space 39680K, 45% used [0x00000006fb400000,0x00000006fc5b25c8,0x00000006fdac0000)
}
Event: 14.896 GC heap before
{Heap before GC invocations=15 (full 3):
 PSYoungGen      total 723712K, used 719065K [0x00000007aacb0000, 0x00000007e5e70000, 0x0000000800000000)
  eden space 675008K, 99% used [0x00000007aacb0000,0x00000007d3fc0210,0x00000007d3fe0000)
  from space 48704K, 90% used [0x00000007d3fe0000,0x00000007d6b06400,0x00000007d6f70000)
  to   space 52480K, 0% used [0x00000007e2b30000,0x00000007e2b30000,0x00000007e5e70000)
 ParOldGen       total 218816K, used 38468K [0x0000000700600000, 0x000000070dbb0000, 0x00000007aacb0000)
  object space 218816K, 17% used [0x0000000700600000,0x0000000702b91238,0x000000070dbb0000)
 PSPermGen       total 39680K, used 18129K [0x00000006fb400000, 0x00000006fdac0000, 0x0000000700600000)
  object space 39680K, 45% used [0x00000006fb400000,0x00000006fc5b4768,0x00000006fdac0000)
Event: 14.909 GC heap after
Heap after GC invocations=15 (full 3):
 PSYoungGen      total 908032K, used 47043K [0x00000007aacb0000, 0x00000007e5e90000, 0x0000000800000000)
  eden space 855552K, 0% used [0x00000007aacb0000,0x00000007aacb0000,0x00000007df030000)
  from space 52480K, 89% used [0x00000007e2b30000,0x00000007e5920e50,0x00000007e5e70000)
  to   space 56512K, 0% used [0x00000007df030000,0x00000007df030000,0x00000007e2760000)
 ParOldGen       total 218816K, used 44543K [0x0000000700600000, 0x000000070dbb0000, 0x00000007aacb0000)
  object space 218816K, 20% used [0x0000000700600000,0x000000070317fe48,0x000000070dbb0000)
 PSPermGen       total 39680K, used 18129K [0x00000006fb400000, 0x00000006fdac0000, 0x0000000700600000)
  object space 39680K, 45% used [0x00000006fb400000,0x00000006fc5b4768,0x00000006fdac0000)
}

