# JRE version: 7.0_07-b11
# Java VM: Java HotSpot(TM) 64-Bit Server VM (23.3-b01 mixed mode windows-amd64 compressed oops)
Heap
 PSYoungGen      total 609728K, used 536127K [0x00000007aacb0000, 0x00000007d7580000, 0x0000000800000000)
  eden space 549568K, 97% used [0x00000007aacb0000,0x00000007cb83fcd8,0x00000007cc560000)
  from space 60160K, 0% used [0x00000007cc560000,0x00000007cc560000,0x00000007d0020000)
  to   space 57920K, 0% used [0x00000007d3cf0000,0x00000007d3cf0000,0x00000007d7580000)
 ParOldGen       total 505024K, used 30766K [0x0000000700600000, 0x000000071f330000, 0x00000007aacb0000)
  object space 505024K, 6% used [0x0000000700600000,0x000000070240b940,0x000000071f330000)
 PSPermGen       total 31936K, used 17987K [0x00000006fb400000, 0x00000006fd330000, 0x0000000700600000)
  object space 31936K, 56% used [0x00000006fb400000,0x00000006fc590d40,0x00000006fd330000)
GC Heap History (10 events):
Event: 18.722 GC heap before
{Heap before GC invocations=20 (full 6):
 PSYoungGen      total 463936K, used 433759K [0x00000007aacb0000, 0x00000007cdf40000, 0x0000000800000000)
  eden space 404352K, 100% used [0x00000007aacb0000,0x00000007c3790000,0x00000007c3790000)
  from space 59584K, 49% used [0x00000007c3790000,0x00000007c5447ee0,0x00000007c71c0000)
  to   space 56832K, 0% used [0x00000007ca7c0000,0x00000007ca7c0000,0x00000007cdf40000)
 ParOldGen       total 432960K, used 109413K [0x0000000700600000, 0x000000071acd0000, 0x00000007aacb0000)
  object space 432960K, 25% used [0x0000000700600000,0x00000007070d9530,0x000000071acd0000)
 PSPermGen       total 34176K, used 17956K [0x00000006fb400000, 0x00000006fd560000, 0x0000000700600000)
  object space 34176K, 52% used [0x00000006fb400000,0x00000006fc589168,0x00000006fd560000)
Event: 18.728 GC heap after
Heap after GC invocations=20 (full 6):
 PSYoungGen      total 520384K, used 18987K [0x00000007aacb0000, 0x00000007ce0f0000, 0x0000000800000000)
  eden space 463552K, 0% used [0x00000007aacb0000,0x00000007aacb0000,0x00000007c7160000)
  from space 56832K, 33% used [0x00000007ca7c0000,0x00000007cba4ad60,0x00000007cdf40000)
  to   space 55680K, 0% used [0x00000007c7160000,0x00000007c7160000,0x00000007ca7c0000)
 ParOldGen       total 432960K, used 109413K [0x0000000700600000, 0x000000071acd0000, 0x00000007aacb0000)
  object space 432960K, 25% used [0x0000000700600000,0x00000007070d9530,0x000000071acd0000)
 PSPermGen       total 34176K, used 17956K [0x00000006fb400000, 0x00000006fd560000, 0x0000000700600000)
  object space 34176K, 52% used [0x00000006fb400000,0x00000006fc589168,0x00000006fd560000)
}
Event: 19.553 GC heap before
{Heap before GC invocations=21 (full 6):
 PSYoungGen      total 520384K, used 481843K [0x00000007aacb0000, 0x00000007ce0f0000, 0x0000000800000000)
  eden space 463552K, 99% used [0x00000007aacb0000,0x00000007c70b2148,0x00000007c7160000)
  from space 56832K, 33% used [0x00000007ca7c0000,0x00000007cba4ad60,0x00000007cdf40000)
  to   space 55680K, 0% used [0x00000007c7160000,0x00000007c7160000,0x00000007ca7c0000)
 ParOldGen       total 432960K, used 114855K [0x0000000700600000, 0x000000071acd0000, 0x00000007aacb0000)
  object space 432960K, 26% used [0x0000000700600000,0x0000000707629e10,0x000000071acd0000)
 PSPermGen       total 34176K, used 17956K [0x00000006fb400000, 0x00000006fd560000, 0x0000000700600000)
  object space 34176K, 52% used [0x00000006fb400000,0x00000006fc5893d0,0x00000006fd560000)
Event: 19.565 GC heap after
Heap after GC invocations=21 (full 6):
 PSYoungGen      total 519232K, used 53508K [0x00000007aacb0000, 0x00000007d42f0000, 0x0000000800000000)
  eden space 463552K, 0% used [0x00000007aacb0000,0x00000007aacb0000,0x00000007c7160000)
  from space 55680K, 96% used [0x00000007c7160000,0x00000007ca5a13c0,0x00000007ca7c0000)
  to   space 62464K, 0% used [0x00000007d05f0000,0x00000007d05f0000,0x00000007d42f0000)
 ParOldGen       total 432960K, used 114855K [0x0000000700600000, 0x000000071acd0000, 0x00000007aacb0000)
  object space 432960K, 26% used [0x0000000700600000,0x0000000707629e10,0x000000071acd0000)
 PSPermGen       total 34176K, used 17956K [0x00000006fb400000, 0x00000006fd560000, 0x0000000700600000)
  object space 34176K, 52% used [0x00000006fb400000,0x00000006fc5893d0,0x00000006fd560000)
}
Event: 20.621 GC heap before
{Heap before GC invocations=22 (full 6):
 PSYoungGen      total 519232K, used 517032K [0x00000007aacb0000, 0x00000007d42f0000, 0x0000000800000000)
  eden space 463552K, 99% used [0x00000007aacb0000,0x00000007c7158fd8,0x00000007c7160000)
  from space 55680K, 96% used [0x00000007c7160000,0x00000007ca5a13c0,0x00000007ca7c0000)
  to   space 62464K, 0% used [0x00000007d05f0000,0x00000007d05f0000,0x00000007d42f0000)
 ParOldGen       total 432960K, used 236002K [0x0000000700600000, 0x000000071acd0000, 0x00000007aacb0000)
  object space 432960K, 54% used [0x0000000700600000,0x000000070ec78828,0x000000071acd0000)
 PSPermGen       total 34176K, used 17959K [0x00000006fb400000, 0x00000006fd560000, 0x0000000700600000)
  object space 34176K, 52% used [0x00000006fb400000,0x00000006fc589df8,0x00000006fd560000)
Event: 20.628 GC heap after
Heap after GC invocations=22 (full 6):
 PSYoungGen      total 603776K, used 24756K [0x00000007aacb0000, 0x00000007d3ae0000, 0x0000000800000000)
  eden space 549568K, 0% used [0x00000007aacb0000,0x00000007aacb0000,0x00000007cc560000)
  from space 54208K, 45% used [0x00000007d05f0000,0x00000007d1e1d370,0x00000007d3ae0000)
  to   space 60160K, 0% used [0x00000007cc560000,0x00000007cc560000,0x00000007d0020000)
 ParOldGen       total 432960K, used 236002K [0x0000000700600000, 0x000000071acd0000, 0x00000007aacb0000)
  object space 432960K, 54% used [0x0000000700600000,0x000000070ec78828,0x000000071acd0000)
 PSPermGen       total 34176K, used 17959K [0x00000006fb400000, 0x00000006fd560000, 0x0000000700600000)
  object space 34176K, 52% used [0x00000006fb400000,0x00000006fc589df8,0x00000006fd560000)
}
Event: 21.850 GC heap before
{Heap before GC invocations=23 (full 6):
 PSYoungGen      total 603776K, used 574324K [0x00000007aacb0000, 0x00000007d3ae0000, 0x0000000800000000)
  eden space 549568K, 100% used [0x00000007aacb0000,0x00000007cc560000,0x00000007cc560000)
  from space 54208K, 45% used [0x00000007d05f0000,0x00000007d1e1d370,0x00000007d3ae0000)
  to   space 60160K, 0% used [0x00000007cc560000,0x00000007cc560000,0x00000007d0020000)
 ParOldGen       total 432960K, used 354985K [0x0000000700600000, 0x000000071acd0000, 0x00000007aacb0000)
  object space 432960K, 81% used [0x0000000700600000,0x00000007160aa778,0x000000071acd0000)
 PSPermGen       total 34176K, used 17962K [0x00000006fb400000, 0x00000006fd560000, 0x0000000700600000)
  object space 34176K, 52% used [0x00000006fb400000,0x00000006fc58a990,0x00000006fd560000)
Event: 21.857 GC heap after
Heap after GC invocations=23 (full 6):
 PSYoungGen      total 609728K, used 24788K [0x00000007aacb0000, 0x00000007d7580000, 0x0000000800000000)
  eden space 549568K, 0% used [0x00000007aacb0000,0x00000007aacb0000,0x00000007cc560000)
  from space 60160K, 41% used [0x00000007cc560000,0x00000007cdd95370,0x00000007d0020000)
  to   space 57920K, 0% used [0x00000007d3cf0000,0x00000007d3cf0000,0x00000007d7580000)
 ParOldGen       total 432960K, used 354985K [0x0000000700600000, 0x000000071acd0000, 0x00000007aacb0000)
  object space 432960K, 81% used [0x0000000700600000,0x00000007160aa778,0x000000071acd0000)
 PSPermGen       total 34176K, used 17962K [0x00000006fb400000, 0x00000006fd560000, 0x0000000700600000)
  object space 34176K, 52% used [0x00000006fb400000,0x00000006fc58a990,0x00000006fd560000)
}
Event: 22.953 GC heap before
{Heap before GC invocations=24 (full 7):
 PSYoungGen      total 609728K, used 574356K [0x00000007aacb0000, 0x00000007d7580000, 0x0000000800000000)
  eden space 549568K, 100% used [0x00000007aacb0000,0x00000007cc560000,0x00000007cc560000)
  from space 60160K, 41% used [0x00000007cc560000,0x00000007cdd95370,0x00000007d0020000)
  to   space 57920K, 0% used [0x00000007d3cf0000,0x00000007d3cf0000,0x00000007d7580000)
 ParOldGen       total 444544K, used 442715K [0x0000000700600000, 0x000000071b820000, 0x00000007aacb0000)
  object space 444544K, 99% used [0x0000000700600000,0x000000071b656fb8,0x000000071b820000)
 PSPermGen       total 34176K, used 17979K [0x00000006fb400000, 0x00000006fd560000, 0x0000000700600000)
  object space 34176K, 52% used [0x00000006fb400000,0x00000006fc58edf8,0x00000006fd560000)
Event: 22.982 GC heap after
Heap after GC invocations=24 (full 7):
 PSYoungGen      total 609728K, used 0K [0x00000007aacb0000, 0x00000007d7580000, 0x0000000800000000)
  eden space 549568K, 0% used [0x00000007aacb0000,0x00000007aacb0000,0x00000007cc560000)
  from space 60160K, 0% used [0x00000007cc560000,0x00000007cc560000,0x00000007d0020000)
  to   space 57920K, 0% used [0x00000007d3cf0000,0x00000007d3cf0000,0x00000007d7580000)
 ParOldGen       total 505024K, used 30766K [0x0000000700600000, 0x000000071f330000, 0x00000007aacb0000)
  object space 505024K, 6% used [0x0000000700600000,0x000000070240b940,0x000000071f330000)
 PSPermGen       total 31936K, used 17979K [0x00000006fb400000, 0x00000006fd330000, 0x0000000700600000)
  object space 31936K, 56% used [0x00000006fb400000,0x00000006fc58edf8,0x00000006fd330000)
}

