# JRE version: 7.0_07-b11
# Java VM: Java HotSpot(TM) 64-Bit Server VM (23.3-b01 mixed mode windows-amd64 compressed oops)
Heap
 PSYoungGen      total 1098624K, used 803905K [0x00000007aacb0000, 0x00000007fc010000, 0x0000000800000000)
  eden space 1045184K, 71% used [0x00000007aacb0000,0x00000007d8999778,0x00000007ea960000)
  from space 53440K, 99% used [0x00000007f5600000,0x00000007f8a26ce8,0x00000007f8a30000)
  to   space 55168K, 0% used [0x00000007f8a30000,0x00000007f8a30000,0x00000007fc010000)
 ParOldGen       total 216000K, used 33758K [0x0000000700600000, 0x000000070d8f0000, 0x00000007aacb0000)
  object space 216000K, 15% used [0x0000000700600000,0x00000007026f7a30,0x000000070d8f0000)
 PSPermGen       total 39296K, used 18062K [0x00000006fb400000, 0x00000006fda60000, 0x0000000700600000)
  object space 39296K, 45% used [0x00000006fb400000,0x00000006fc5a3830,0x00000006fda60000)
GC Heap History (10 events):
Event: 17.798 GC heap before
{Heap before GC invocations=16 (full 2):
 PSYoungGen      total 1199680K, used 50121K [0x00000007aacb0000, 0x00000007f8440000, 0x0000000800000000)
  eden space 1145600K, 0% used [0x00000007aacb0000,0x00000007aacb0000,0x00000007f0b70000)
  from space 54080K, 92% used [0x00000007f4690000,0x00000007f7782740,0x00000007f7b60000)
  to   space 60544K, 0% used [0x00000007f0b70000,0x00000007f0b70000,0x00000007f4690000)
 ParOldGen       total 137088K, used 115633K [0x0000000700600000, 0x0000000708be0000, 0x00000007aacb0000)
  object space 137088K, 84% used [0x0000000700600000,0x00000007076ec450,0x0000000708be0000)
 PSPermGen       total 36160K, used 18000K [0x00000006fb400000, 0x00000006fd750000, 0x0000000700600000)
  object space 36160K, 49% used [0x00000006fb400000,0x00000006fc594028,0x00000006fd750000)
Event: 17.822 GC heap after
Heap after GC invocations=16 (full 2):
 PSYoungGen      total 1199680K, used 0K [0x00000007aacb0000, 0x00000007f8440000, 0x0000000800000000)
  eden space 1145600K, 0% used [0x00000007aacb0000,0x00000007aacb0000,0x00000007f0b70000)
  from space 54080K, 0% used [0x00000007f4690000,0x00000007f4690000,0x00000007f7b60000)
  to   space 60544K, 0% used [0x00000007f0b70000,0x00000007f0b70000,0x00000007f4690000)
 ParOldGen       total 186688K, used 35517K [0x0000000700600000, 0x000000070bc50000, 0x00000007aacb0000)
  object space 186688K, 19% used [0x0000000700600000,0x00000007028af620,0x000000070bc50000)
 PSPermGen       total 40448K, used 17999K [0x00000006fb400000, 0x00000006fdb80000, 0x0000000700600000)
  object space 40448K, 44% used [0x00000006fb400000,0x00000006fc593fe8,0x00000006fdb80000)
}
Event: 20.049 GC heap before
{Heap before GC invocations=17 (full 2):
 PSYoungGen      total 1199680K, used 1143404K [0x00000007aacb0000, 0x00000007f8440000, 0x0000000800000000)
  eden space 1145600K, 99% used [0x00000007aacb0000,0x00000007f094b0d8,0x00000007f0b70000)
  from space 54080K, 0% used [0x00000007f4690000,0x00000007f4690000,0x00000007f7b60000)
  to   space 60544K, 0% used [0x00000007f0b70000,0x00000007f0b70000,0x00000007f4690000)
 ParOldGen       total 186688K, used 41592K [0x0000000700600000, 0x000000070bc50000, 0x00000007aacb0000)
  object space 186688K, 22% used [0x0000000700600000,0x0000000702e9e230,0x000000070bc50000)
 PSPermGen       total 40448K, used 18005K [0x00000006fb400000, 0x00000006fdb80000, 0x0000000700600000)
  object space 40448K, 44% used [0x00000006fb400000,0x00000006fc595748,0x00000006fdb80000)
Event: 20.060 GC heap after
Heap after GC invocations=17 (full 2):
 PSYoungGen      total 1206144K, used 49521K [0x00000007aacb0000, 0x0000000800000000, 0x0000000800000000)
  eden space 1145600K, 0% used [0x00000007aacb0000,0x00000007aacb0000,0x00000007f0b70000)
  from space 60544K, 81% used [0x00000007f0b70000,0x00000007f3bcc7d8,0x00000007f4690000)
  to   space 65536K, 0% used [0x00000007fc000000,0x00000007fc000000,0x0000000800000000)
 ParOldGen       total 186688K, used 41592K [0x0000000700600000, 0x000000070bc50000, 0x00000007aacb0000)
  object space 186688K, 22% used [0x0000000700600000,0x0000000702e9e230,0x000000070bc50000)
 PSPermGen       total 40448K, used 18005K [0x00000006fb400000, 0x00000006fdb80000, 0x0000000700600000)
  object space 40448K, 44% used [0x00000006fb400000,0x00000006fc595748,0x00000006fdb80000)
}
Event: 22.897 GC heap before
{Heap before GC invocations=18 (full 2):
 PSYoungGen      total 1206144K, used 1195121K [0x00000007aacb0000, 0x0000000800000000, 0x0000000800000000)
  eden space 1145600K, 100% used [0x00000007aacb0000,0x00000007f0b70000,0x00000007f0b70000)
  from space 60544K, 81% used [0x00000007f0b70000,0x00000007f3bcc7d8,0x00000007f4690000)
  to   space 65536K, 0% used [0x00000007fc000000,0x00000007fc000000,0x0000000800000000)
 ParOldGen       total 186688K, used 98461K [0x0000000700600000, 0x000000070bc50000, 0x00000007aacb0000)
  object space 186688K, 52% used [0x0000000700600000,0x0000000706627768,0x000000070bc50000)
 PSPermGen       total 40448K, used 18017K [0x00000006fb400000, 0x00000006fdb80000, 0x0000000700600000)
  object space 40448K, 44% used [0x00000006fb400000,0x00000006fc5986b8,0x00000006fdb80000)
Event: 22.904 GC heap after
Heap after GC invocations=18 (full 2):
 PSYoungGen      total 1112320K, used 18786K [0x00000007aacb0000, 0x00000007fd260000, 0x0000000800000000)
  eden space 1093504K, 0% used [0x00000007aacb0000,0x00000007aacb0000,0x00000007ed890000)
  from space 18816K, 99% used [0x00000007fc000000,0x00000007fd258a50,0x00000007fd260000)
  to   space 63680K, 0% used [0x00000007f5600000,0x00000007f5600000,0x00000007f9430000)
 ParOldGen       total 186688K, used 120152K [0x0000000700600000, 0x000000070bc50000, 0x00000007aacb0000)
  object space 186688K, 64% used [0x0000000700600000,0x0000000707b56068,0x000000070bc50000)
 PSPermGen       total 40448K, used 18017K [0x00000006fb400000, 0x00000006fdb80000, 0x0000000700600000)
  object space 40448K, 44% used [0x00000006fb400000,0x00000006fc5986b8,0x00000006fdb80000)
}
Event: 25.449 GC heap before
{Heap before GC invocations=19 (full 3):
 PSYoungGen      total 1112320K, used 1112290K [0x00000007aacb0000, 0x00000007fd260000, 0x0000000800000000)
  eden space 1093504K, 100% used [0x00000007aacb0000,0x00000007ed890000,0x00000007ed890000)
  from space 18816K, 99% used [0x00000007fc000000,0x00000007fd258a50,0x00000007fd260000)
  to   space 63680K, 0% used [0x00000007f5600000,0x00000007f5600000,0x00000007f9430000)
 ParOldGen       total 220096K, used 218700K [0x0000000700600000, 0x000000070dcf0000, 0x00000007aacb0000)
  object space 220096K, 99% used [0x0000000700600000,0x000000070db932f8,0x000000070dcf0000)
 PSPermGen       total 40448K, used 18026K [0x00000006fb400000, 0x00000006fdb80000, 0x0000000700600000)
  object space 40448K, 44% used [0x00000006fb400000,0x00000006fc59a908,0x00000006fdb80000)
Event: 25.494 GC heap after
Heap after GC invocations=19 (full 3):
 PSYoungGen      total 1112320K, used 0K [0x00000007aacb0000, 0x00000007fd260000, 0x0000000800000000)
  eden space 1093504K, 0% used [0x00000007aacb0000,0x00000007aacb0000,0x00000007ed890000)
  from space 18816K, 0% used [0x00000007fc000000,0x00000007fc000000,0x00000007fd260000)
  to   space 63680K, 0% used [0x00000007f5600000,0x00000007f5600000,0x00000007f9430000)
 ParOldGen       total 216000K, used 33758K [0x0000000700600000, 0x000000070d8f0000, 0x00000007aacb0000)
  object space 216000K, 15% used [0x0000000700600000,0x00000007026f7a30,0x000000070d8f0000)
 PSPermGen       total 39296K, used 18026K [0x00000006fb400000, 0x00000006fda60000, 0x0000000700600000)
  object space 39296K, 45% used [0x00000006fb400000,0x00000006fc59a868,0x00000006fda60000)
}
Event: 28.959 GC heap before
{Heap before GC invocations=20 (full 3):
 PSYoungGen      total 1112320K, used 1091447K [0x00000007aacb0000, 0x00000007fd260000, 0x0000000800000000)
  eden space 1093504K, 99% used [0x00000007aacb0000,0x00000007ed68dff8,0x00000007ed890000)
  from space 18816K, 0% used [0x00000007fc000000,0x00000007fc000000,0x00000007fd260000)
  to   space 63680K, 0% used [0x00000007f5600000,0x00000007f5600000,0x00000007f9430000)
 ParOldGen       total 216000K, used 33758K [0x0000000700600000, 0x000000070d8f0000, 0x00000007aacb0000)
  object space 216000K, 15% used [0x0000000700600000,0x00000007026f7a30,0x000000070d8f0000)
 PSPermGen       total 39296K, used 18039K [0x00000006fb400000, 0x00000006fda60000, 0x0000000700600000)
  object space 39296K, 45% used [0x00000006fb400000,0x00000006fc59de28,0x00000006fda60000)
Event: 28.968 GC heap after
Heap after GC invocations=20 (full 3):
 PSYoungGen      total 1098624K, used 53403K [0x00000007aacb0000, 0x00000007fc010000, 0x0000000800000000)
  eden space 1045184K, 0% used [0x00000007aacb0000,0x00000007aacb0000,0x00000007ea960000)
  from space 53440K, 99% used [0x00000007f5600000,0x00000007f8a26ce8,0x00000007f8a30000)
  to   space 55168K, 0% used [0x00000007f8a30000,0x00000007f8a30000,0x00000007fc010000)
 ParOldGen       total 216000K, used 33758K [0x0000000700600000, 0x000000070d8f0000, 0x00000007aacb0000)
  object space 216000K, 15% used [0x0000000700600000,0x00000007026f7a30,0x000000070d8f0000)
 PSPermGen       total 39296K, used 18039K [0x00000006fb400000, 0x00000006fda60000, 0x0000000700600000)
  object space 39296K, 45% used [0x00000006fb400000,0x00000006fc59de28,0x00000006fda60000)
}

