# JRE version: 7.0_07-b11
# Java VM: Java HotSpot(TM) 64-Bit Server VM (23.3-b01 mixed mode windows-amd64 compressed oops)
Heap
 PSYoungGen      total 602368K, used 278024K [0x00000007aacb0000, 0x00000007d25b0000, 0x0000000800000000)
  eden space 558336K, 44% used [0x00000007aacb0000,0x00000007ba01ae78,0x00000007ccdf0000)
  from space 44032K, 65% used [0x00000007cfab0000,0x00000007d16c72a0,0x00000007d25b0000)
  to   space 44928K, 0% used [0x00000007ccdf0000,0x00000007ccdf0000,0x00000007cf9d0000)
 ParOldGen       total 413376K, used 26275K [0x0000000700600000, 0x00000007199b0000, 0x00000007aacb0000)
  object space 413376K, 6% used [0x0000000700600000,0x0000000701fa8d08,0x00000007199b0000)
 PSPermGen       total 32256K, used 18232K [0x00000006fb400000, 0x00000006fd380000, 0x0000000700600000)
  object space 32256K, 56% used [0x00000006fb400000,0x00000006fc5ce100,0x00000006fd380000)
GC Heap History (10 events):
Event: 25.972 GC heap before
{Heap before GC invocations=19 (full 7):
 PSYoungGen      total 427584K, used 389696K [0x00000007aacb0000, 0x00000007c7660000, 0x0000000800000000)
  eden space 389504K, 100% used [0x00000007aacb0000,0x00000007c2910000,0x00000007c2910000)
  from space 38080K, 0% used [0x00000007c4f70000,0x00000007c4fa0000,0x00000007c74a0000)
  to   space 39296K, 0% used [0x00000007c2910000,0x00000007c2910000,0x00000007c4f70000)
 ParOldGen       total 476224K, used 475066K [0x0000000700600000, 0x000000071d710000, 0x00000007aacb0000)
  object space 476224K, 99% used [0x0000000700600000,0x000000071d5eea80,0x000000071d710000)
 PSPermGen       total 33984K, used 18191K [0x00000006fb400000, 0x00000006fd530000, 0x0000000700600000)
  object space 33984K, 53% used [0x00000006fb400000,0x00000006fc5c3d20,0x00000006fd530000)
Event: 26.005 GC heap after
Heap after GC invocations=19 (full 7):
 PSYoungGen      total 427584K, used 0K [0x00000007aacb0000, 0x00000007c7660000, 0x0000000800000000)
  eden space 389504K, 0% used [0x00000007aacb0000,0x00000007aacb0000,0x00000007c2910000)
  from space 38080K, 0% used [0x00000007c4f70000,0x00000007c4f70000,0x00000007c74a0000)
  to   space 39296K, 0% used [0x00000007c2910000,0x00000007c2910000,0x00000007c4f70000)
 ParOldGen       total 413376K, used 26275K [0x0000000700600000, 0x00000007199b0000, 0x00000007aacb0000)
  object space 413376K, 6% used [0x0000000700600000,0x0000000701fa8d08,0x00000007199b0000)
 PSPermGen       total 32256K, used 18191K [0x00000006fb400000, 0x00000006fd380000, 0x0000000700600000)
  object space 32256K, 56% used [0x00000006fb400000,0x00000006fc5c3d20,0x00000006fd380000)
}
Event: 27.373 GC heap before
{Heap before GC invocations=20 (full 7):
 PSYoungGen      total 427584K, used 389431K [0x00000007aacb0000, 0x00000007c7660000, 0x0000000800000000)
  eden space 389504K, 99% used [0x00000007aacb0000,0x00000007c28fdc28,0x00000007c2910000)
  from space 38080K, 0% used [0x00000007c4f70000,0x00000007c4f70000,0x00000007c74a0000)
  to   space 39296K, 0% used [0x00000007c2910000,0x00000007c2910000,0x00000007c4f70000)
 ParOldGen       total 413376K, used 26275K [0x0000000700600000, 0x00000007199b0000, 0x00000007aacb0000)
  object space 413376K, 6% used [0x0000000700600000,0x0000000701fa8d08,0x00000007199b0000)
 PSPermGen       total 32256K, used 18193K [0x00000006fb400000, 0x00000006fd380000, 0x0000000700600000)
  object space 32256K, 56% used [0x00000006fb400000,0x00000006fc5c4760,0x00000006fd380000)
Event: 27.382 GC heap after
Heap after GC invocations=20 (full 7):
 PSYoungGen      total 428800K, used 28764K [0x00000007aacb0000, 0x00000007cc7c0000, 0x0000000800000000)
  eden space 389504K, 0% used [0x00000007aacb0000,0x00000007aacb0000,0x00000007c2910000)
  from space 39296K, 73% used [0x00000007c2910000,0x00000007c45272a0,0x00000007c4f70000)
  to   space 41408K, 0% used [0x00000007c9f50000,0x00000007c9f50000,0x00000007cc7c0000)
 ParOldGen       total 413376K, used 26275K [0x0000000700600000, 0x00000007199b0000, 0x00000007aacb0000)
  object space 413376K, 6% used [0x0000000700600000,0x0000000701fa8d08,0x00000007199b0000)
 PSPermGen       total 32256K, used 18193K [0x00000006fb400000, 0x00000006fd380000, 0x0000000700600000)
  object space 32256K, 56% used [0x00000006fb400000,0x00000006fc5c4760,0x00000006fd380000)
}
Event: 28.742 GC heap before
{Heap before GC invocations=21 (full 7):
 PSYoungGen      total 428800K, used 418188K [0x00000007aacb0000, 0x00000007cc7c0000, 0x0000000800000000)
  eden space 389504K, 99% used [0x00000007aacb0000,0x00000007c28fbfd8,0x00000007c2910000)
  from space 39296K, 73% used [0x00000007c2910000,0x00000007c45272a0,0x00000007c4f70000)
  to   space 41408K, 0% used [0x00000007c9f50000,0x00000007c9f50000,0x00000007cc7c0000)
 ParOldGen       total 413376K, used 26275K [0x0000000700600000, 0x00000007199b0000, 0x00000007aacb0000)
  object space 413376K, 6% used [0x0000000700600000,0x0000000701fa8d08,0x00000007199b0000)
 PSPermGen       total 32256K, used 18194K [0x00000006fb400000, 0x00000006fd380000, 0x0000000700600000)
  object space 32256K, 56% used [0x00000006fb400000,0x00000006fc5c4958,0x00000006fd380000)
Event: 28.750 GC heap after
Heap after GC invocations=21 (full 7):
 PSYoungGen      total 508992K, used 28732K [0x00000007aacb0000, 0x00000007ccb20000, 0x0000000800000000)
  eden space 467584K, 0% used [0x00000007aacb0000,0x00000007aacb0000,0x00000007c7550000)
  from space 41408K, 69% used [0x00000007c9f50000,0x00000007cbb5f2a0,0x00000007cc7c0000)
  to   space 43008K, 0% used [0x00000007c7550000,0x00000007c7550000,0x00000007c9f50000)
 ParOldGen       total 413376K, used 26275K [0x0000000700600000, 0x00000007199b0000, 0x00000007aacb0000)
  object space 413376K, 6% used [0x0000000700600000,0x0000000701fa8d08,0x00000007199b0000)
 PSPermGen       total 32256K, used 18194K [0x00000006fb400000, 0x00000006fd380000, 0x0000000700600000)
  object space 32256K, 56% used [0x00000006fb400000,0x00000006fc5c4958,0x00000006fd380000)
}
Event: 30.377 GC heap before
{Heap before GC invocations=22 (full 7):
 PSYoungGen      total 508992K, used 494138K [0x00000007aacb0000, 0x00000007ccb20000, 0x0000000800000000)
  eden space 467584K, 99% used [0x00000007aacb0000,0x00000007c732f698,0x00000007c7550000)
  from space 41408K, 69% used [0x00000007c9f50000,0x00000007cbb5f2a0,0x00000007cc7c0000)
  to   space 43008K, 0% used [0x00000007c7550000,0x00000007c7550000,0x00000007c9f50000)
 ParOldGen       total 413376K, used 26275K [0x0000000700600000, 0x00000007199b0000, 0x00000007aacb0000)
  object space 413376K, 6% used [0x0000000700600000,0x0000000701fa8d08,0x00000007199b0000)
 PSPermGen       total 32256K, used 18196K [0x00000006fb400000, 0x00000006fd380000, 0x0000000700600000)
  object space 32256K, 56% used [0x00000006fb400000,0x00000006fc5c5008,0x00000006fd380000)
Event: 30.384 GC heap after
Heap after GC invocations=22 (full 7):
 PSYoungGen      total 510592K, used 28732K [0x00000007aacb0000, 0x00000007d25d0000, 0x0000000800000000)
  eden space 467584K, 0% used [0x00000007aacb0000,0x00000007aacb0000,0x00000007c7550000)
  from space 43008K, 66% used [0x00000007c7550000,0x00000007c915f2a0,0x00000007c9f50000)
  to   space 44160K, 0% used [0x00000007cfab0000,0x00000007cfab0000,0x00000007d25d0000)
 ParOldGen       total 413376K, used 26275K [0x0000000700600000, 0x00000007199b0000, 0x00000007aacb0000)
  object space 413376K, 6% used [0x0000000700600000,0x0000000701fa8d08,0x00000007199b0000)
 PSPermGen       total 32256K, used 18196K [0x00000006fb400000, 0x00000006fd380000, 0x0000000700600000)
  object space 32256K, 56% used [0x00000006fb400000,0x00000006fc5c5008,0x00000006fd380000)
}
Event: 32.016 GC heap before
{Heap before GC invocations=23 (full 7):
 PSYoungGen      total 510592K, used 494133K [0x00000007aacb0000, 0x00000007d25d0000, 0x0000000800000000)
  eden space 467584K, 99% used [0x00000007aacb0000,0x00000007c732e4d8,0x00000007c7550000)
  from space 43008K, 66% used [0x00000007c7550000,0x00000007c915f2a0,0x00000007c9f50000)
  to   space 44160K, 0% used [0x00000007cfab0000,0x00000007cfab0000,0x00000007d25d0000)
 ParOldGen       total 413376K, used 26275K [0x0000000700600000, 0x00000007199b0000, 0x00000007aacb0000)
  object space 413376K, 6% used [0x0000000700600000,0x0000000701fa8d08,0x00000007199b0000)
 PSPermGen       total 32256K, used 18199K [0x00000006fb400000, 0x00000006fd380000, 0x0000000700600000)
  object space 32256K, 56% used [0x00000006fb400000,0x00000006fc5c5de0,0x00000006fd380000)
Event: 32.024 GC heap after
Heap after GC invocations=23 (full 7):
 PSYoungGen      total 602368K, used 28764K [0x00000007aacb0000, 0x00000007d25b0000, 0x0000000800000000)
  eden space 558336K, 0% used [0x00000007aacb0000,0x00000007aacb0000,0x00000007ccdf0000)
  from space 44032K, 65% used [0x00000007cfab0000,0x00000007d16c72a0,0x00000007d25b0000)
  to   space 44928K, 0% used [0x00000007ccdf0000,0x00000007ccdf0000,0x00000007cf9d0000)
 ParOldGen       total 413376K, used 26275K [0x0000000700600000, 0x00000007199b0000, 0x00000007aacb0000)
  object space 413376K, 6% used [0x0000000700600000,0x0000000701fa8d08,0x00000007199b0000)
 PSPermGen       total 32256K, used 18199K [0x00000006fb400000, 0x00000006fd380000, 0x0000000700600000)
  object space 32256K, 56% used [0x00000006fb400000,0x00000006fc5c5de0,0x00000006fd380000)
}

