# JRE version: 7.0_07-b11
# Java VM: Java HotSpot(TM) 64-Bit Server VM (23.3-b01 mixed mode windows-amd64 compressed oops)
Heap
 PSYoungGen      total 162496K, used 124456K [0x00000007aacb0000, 0x00000007b84b0000, 0x0000000800000000)
  eden space 124160K, 73% used [0x00000007aacb0000,0x00000007b0598990,0x00000007b25f0000)
  from space 38336K, 87% used [0x00000007b5200000,0x00000007b72a1780,0x00000007b7770000)
  to   space 45120K, 0% used [0x00000007b25f0000,0x00000007b25f0000,0x00000007b5200000)
 ParOldGen       total 174528K, used 55632K [0x0000000700600000, 0x000000070b070000, 0x00000007aacb0000)
  object space 174528K, 31% used [0x0000000700600000,0x0000000703c54108,0x000000070b070000)
 PSPermGen       total 21248K, used 17970K [0x00000006fb400000, 0x00000006fc8c0000, 0x0000000700600000)
  object space 21248K, 84% used [0x00000006fb400000,0x00000006fc58c9a0,0x00000006fc8c0000)
GC Heap History (10 events):
Event: 5.913 GC heap before
{Heap before GC invocations=2 (full 0):
 PSYoungGen      total 76352K, used 73691K [0x00000007aacb0000, 0x00000007b01e0000, 0x0000000800000000)
  eden space 65472K, 98% used [0x00000007aacb0000,0x00000007aeb869b8,0x00000007aeca0000)
  from space 10880K, 85% used [0x00000007aeca0000,0x00000007af5c0338,0x00000007af740000)
  to   space 10880K, 0% used [0x00000007af740000,0x00000007af740000,0x00000007b01e0000)
 ParOldGen       total 174528K, used 8K [0x0000000700600000, 0x000000070b070000, 0x00000007aacb0000)
  object space 174528K, 0% used [0x0000000700600000,0x0000000700602000,0x000000070b070000)
 PSPermGen       total 21248K, used 17919K [0x00000006fb400000, 0x00000006fc8c0000, 0x0000000700600000)
  object space 21248K, 84% used [0x00000006fb400000,0x00000006fc57fc00,0x00000006fc8c0000)
Event: 5.927 GC heap after
Heap after GC invocations=2 (full 0):
 PSYoungGen      total 76352K, used 10852K [0x00000007aacb0000, 0x00000007b01e0000, 0x0000000800000000)
  eden space 65472K, 0% used [0x00000007aacb0000,0x00000007aacb0000,0x00000007aeca0000)
  from space 10880K, 99% used [0x00000007af740000,0x00000007b01d9110,0x00000007b01e0000)
  to   space 10880K, 0% used [0x00000007aeca0000,0x00000007aeca0000,0x00000007af740000)
 ParOldGen       total 174528K, used 27914K [0x0000000700600000, 0x000000070b070000, 0x00000007aacb0000)
  object space 174528K, 15% used [0x0000000700600000,0x0000000702142bf8,0x000000070b070000)
 PSPermGen       total 21248K, used 17919K [0x00000006fb400000, 0x00000006fc8c0000, 0x0000000700600000)
  object space 21248K, 84% used [0x00000006fb400000,0x00000006fc57fc00,0x00000006fc8c0000)
}
Event: 6.168 GC heap before
{Heap before GC invocations=3 (full 0):
 PSYoungGen      total 76352K, used 72983K [0x00000007aacb0000, 0x00000007b01e0000, 0x0000000800000000)
  eden space 65472K, 94% used [0x00000007aacb0000,0x00000007ae95cb18,0x00000007aeca0000)
  from space 10880K, 99% used [0x00000007af740000,0x00000007b01d9110,0x00000007b01e0000)
  to   space 10880K, 0% used [0x00000007aeca0000,0x00000007aeca0000,0x00000007af740000)
 ParOldGen       total 174528K, used 27914K [0x0000000700600000, 0x000000070b070000, 0x00000007aacb0000)
  object space 174528K, 15% used [0x0000000700600000,0x0000000702142bf8,0x000000070b070000)
 PSPermGen       total 21248K, used 17919K [0x00000006fb400000, 0x00000006fc8c0000, 0x0000000700600000)
  object space 21248K, 84% used [0x00000006fb400000,0x00000006fc57ff30,0x00000006fc8c0000)
Event: 6.173 GC heap after
Heap after GC invocations=3 (full 0):
 PSYoungGen      total 76352K, used 8370K [0x00000007aacb0000, 0x00000007b01e0000, 0x0000000800000000)
  eden space 65472K, 0% used [0x00000007aacb0000,0x00000007aacb0000,0x00000007aeca0000)
  from space 10880K, 76% used [0x00000007aeca0000,0x00000007af4cc9c0,0x00000007af740000)
  to   space 10880K, 0% used [0x00000007af740000,0x00000007af740000,0x00000007b01e0000)
 ParOldGen       total 174528K, used 33990K [0x0000000700600000, 0x000000070b070000, 0x00000007aacb0000)
  object space 174528K, 19% used [0x0000000700600000,0x0000000702731808,0x000000070b070000)
 PSPermGen       total 21248K, used 17919K [0x00000006fb400000, 0x00000006fc8c0000, 0x0000000700600000)
  object space 21248K, 84% used [0x00000006fb400000,0x00000006fc57ff30,0x00000006fc8c0000)
}
Event: 6.387 GC heap before
{Heap before GC invocations=4 (full 0):
 PSYoungGen      total 76352K, used 72994K [0x00000007aacb0000, 0x00000007b01e0000, 0x0000000800000000)
  eden space 65472K, 98% used [0x00000007aacb0000,0x00000007aebcc1f0,0x00000007aeca0000)
  from space 10880K, 76% used [0x00000007aeca0000,0x00000007af4cc9c0,0x00000007af740000)
  to   space 10880K, 0% used [0x00000007af740000,0x00000007af740000,0x00000007b01e0000)
 ParOldGen       total 174528K, used 33990K [0x0000000700600000, 0x000000070b070000, 0x00000007aacb0000)
  object space 174528K, 19% used [0x0000000700600000,0x0000000702731808,0x000000070b070000)
 PSPermGen       total 21248K, used 17922K [0x00000006fb400000, 0x00000006fc8c0000, 0x0000000700600000)
  object space 21248K, 84% used [0x00000006fb400000,0x00000006fc580848,0x00000006fc8c0000)
Event: 6.394 GC heap after
Heap after GC invocations=4 (full 0):
 PSYoungGen      total 76352K, used 8386K [0x00000007aacb0000, 0x00000007b41d0000, 0x0000000800000000)
  eden space 65472K, 0% used [0x00000007aacb0000,0x00000007aacb0000,0x00000007aeca0000)
  from space 10880K, 77% used [0x00000007af740000,0x00000007aff709d0,0x00000007b01e0000)
  to   space 10880K, 0% used [0x00000007aeca0000,0x00000007aeca0000,0x00000007af740000)
 ParOldGen       total 174528K, used 55632K [0x0000000700600000, 0x000000070b070000, 0x00000007aacb0000)
  object space 174528K, 31% used [0x0000000700600000,0x0000000703c54108,0x000000070b070000)
 PSPermGen       total 21248K, used 17922K [0x00000006fb400000, 0x00000006fc8c0000, 0x0000000700600000)
  object space 21248K, 84% used [0x00000006fb400000,0x00000006fc580848,0x00000006fc8c0000)
}
Event: 6.587 GC heap before
{Heap before GC invocations=5 (full 0):
 PSYoungGen      total 76352K, used 69517K [0x00000007aacb0000, 0x00000007b41d0000, 0x0000000800000000)
  eden space 65472K, 93% used [0x00000007aacb0000,0x00000007ae862be8,0x00000007aeca0000)
  from space 10880K, 77% used [0x00000007af740000,0x00000007aff709d0,0x00000007b01e0000)
  to   space 10880K, 0% used [0x00000007aeca0000,0x00000007aeca0000,0x00000007af740000)
 ParOldGen       total 174528K, used 55632K [0x0000000700600000, 0x000000070b070000, 0x00000007aacb0000)
  object space 174528K, 31% used [0x0000000700600000,0x0000000703c54108,0x000000070b070000)
 PSPermGen       total 21248K, used 17942K [0x00000006fb400000, 0x00000006fc8c0000, 0x0000000700600000)
  object space 21248K, 84% used [0x00000006fb400000,0x00000006fc585868,0x00000006fc8c0000)
Event: 6.592 GC heap after
Heap after GC invocations=5 (full 0):
 PSYoungGen      total 76352K, used 8370K [0x00000007aacb0000, 0x00000007b7770000, 0x0000000800000000)
  eden space 65472K, 0% used [0x00000007aacb0000,0x00000007aacb0000,0x00000007aeca0000)
  from space 10880K, 76% used [0x00000007aeca0000,0x00000007af4cc9c0,0x00000007af740000)
  to   space 38336K, 0% used [0x00000007b5200000,0x00000007b5200000,0x00000007b7770000)
 ParOldGen       total 174528K, used 55632K [0x0000000700600000, 0x000000070b070000, 0x00000007aacb0000)
  object space 174528K, 31% used [0x0000000700600000,0x0000000703c54108,0x000000070b070000)
 PSPermGen       total 21248K, used 17942K [0x00000006fb400000, 0x00000006fc8c0000, 0x0000000700600000)
  object space 21248K, 84% used [0x00000006fb400000,0x00000006fc585868,0x00000006fc8c0000)
}
Event: 6.785 GC heap before
{Heap before GC invocations=6 (full 0):
 PSYoungGen      total 76352K, used 72061K [0x00000007aacb0000, 0x00000007b7770000, 0x0000000800000000)
  eden space 65472K, 97% used [0x00000007aacb0000,0x00000007aeae2b48,0x00000007aeca0000)
  from space 10880K, 76% used [0x00000007aeca0000,0x00000007af4cc9c0,0x00000007af740000)
  to   space 38336K, 0% used [0x00000007b5200000,0x00000007b5200000,0x00000007b7770000)
 ParOldGen       total 174528K, used 55632K [0x0000000700600000, 0x000000070b070000, 0x00000007aacb0000)
  object space 174528K, 31% used [0x0000000700600000,0x0000000703c54108,0x000000070b070000)
 PSPermGen       total 21248K, used 17943K [0x00000006fb400000, 0x00000006fc8c0000, 0x0000000700600000)
  object space 21248K, 84% used [0x00000006fb400000,0x00000006fc585d40,0x00000006fc8c0000)
Event: 6.793 GC heap after
Heap after GC invocations=6 (full 0):
 PSYoungGen      total 162496K, used 33413K [0x00000007aacb0000, 0x00000007b84b0000, 0x0000000800000000)
  eden space 124160K, 0% used [0x00000007aacb0000,0x00000007aacb0000,0x00000007b25f0000)
  from space 38336K, 87% used [0x00000007b5200000,0x00000007b72a1780,0x00000007b7770000)
  to   space 45120K, 0% used [0x00000007b25f0000,0x00000007b25f0000,0x00000007b5200000)
 ParOldGen       total 174528K, used 55632K [0x0000000700600000, 0x000000070b070000, 0x00000007aacb0000)
  object space 174528K, 31% used [0x0000000700600000,0x0000000703c54108,0x000000070b070000)
 PSPermGen       total 21248K, used 17943K [0x00000006fb400000, 0x00000006fc8c0000, 0x0000000700600000)
  object space 21248K, 84% used [0x00000006fb400000,0x00000006fc585d40,0x00000006fc8c0000)
}

