# JRE version: 7.0_07-b11
# Java VM: Java HotSpot(TM) 64-Bit Server VM (23.3-b01 mixed mode windows-amd64 compressed oops)
Heap
 PSYoungGen      total 1342272K, used 57643K [0x00000007aacb0000, 0x0000000800000000, 0x0000000800000000)
  eden space 1289920K, 4% used [0x00000007aacb0000,0x00000007adf52728,0x00000007f9860000)
  from space 52352K, 11% used [0x00000007fcce0000,0x00000007fd288790,0x0000000800000000)
  to   space 53056K, 0% used [0x00000007f9860000,0x00000007f9860000,0x00000007fcc30000)
 ParOldGen       total 183808K, used 145795K [0x0000000700600000, 0x000000070b980000, 0x00000007aacb0000)
  object space 183808K, 79% used [0x0000000700600000,0x0000000709460d98,0x000000070b980000)
 PSPermGen       total 41216K, used 18322K [0x00000006fb400000, 0x00000006fdc40000, 0x0000000700600000)
  object space 41216K, 44% used [0x00000006fb400000,0x00000006fc5e4a48,0x00000006fdc40000)
GC Heap History (10 events):
Event: 17.948 GC heap before
{Heap before GC invocations=16 (full 2):
 PSYoungGen      total 918080K, used 884826K [0x00000007aacb0000, 0x00000007f0a20000, 0x0000000800000000)
  eden space 864960K, 99% used [0x00000007aacb0000,0x00000007df859438,0x00000007df960000)
  from space 53120K, 39% used [0x00000007df960000,0x00000007e0dcd760,0x00000007e2d40000)
  to   space 50816K, 0% used [0x00000007ed880000,0x00000007ed880000,0x00000007f0a20000)
 ParOldGen       total 183808K, used 145795K [0x0000000700600000, 0x000000070b980000, 0x00000007aacb0000)
  object space 183808K, 79% used [0x0000000700600000,0x0000000709460d98,0x000000070b980000)
 PSPermGen       total 41216K, used 18241K [0x00000006fb400000, 0x00000006fdc40000, 0x0000000700600000)
  object space 41216K, 44% used [0x00000006fb400000,0x00000006fc5d04d8,0x00000006fdc40000)
Event: 17.959 GC heap after
Heap after GC invocations=16 (full 2):
 PSYoungGen      total 1089216K, used 41199K [0x00000007aacb0000, 0x00000007f0d40000, 0x0000000800000000)
  eden space 1038400K, 0% used [0x00000007aacb0000,0x00000007aacb0000,0x00000007ea2c0000)
  from space 50816K, 81% used [0x00000007ed880000,0x00000007f00bbf60,0x00000007f0a20000)
  to   space 54528K, 0% used [0x00000007ea2c0000,0x00000007ea2c0000,0x00000007ed800000)
 ParOldGen       total 183808K, used 145795K [0x0000000700600000, 0x000000070b980000, 0x00000007aacb0000)
  object space 183808K, 79% used [0x0000000700600000,0x0000000709460d98,0x000000070b980000)
 PSPermGen       total 41216K, used 18241K [0x00000006fb400000, 0x00000006fdc40000, 0x0000000700600000)
  object space 41216K, 44% used [0x00000006fb400000,0x00000006fc5d04d8,0x00000006fdc40000)
}
Event: 20.167 GC heap before
{Heap before GC invocations=17 (full 2):
 PSYoungGen      total 1089216K, used 1079441K [0x00000007aacb0000, 0x00000007f0d40000, 0x0000000800000000)
  eden space 1038400K, 99% used [0x00000007aacb0000,0x00000007ea2985a0,0x00000007ea2c0000)
  from space 50816K, 81% used [0x00000007ed880000,0x00000007f00bbf60,0x00000007f0a20000)
  to   space 54528K, 0% used [0x00000007ea2c0000,0x00000007ea2c0000,0x00000007ed800000)
 ParOldGen       total 183808K, used 145795K [0x0000000700600000, 0x000000070b980000, 0x00000007aacb0000)
  object space 183808K, 79% used [0x0000000700600000,0x0000000709460d98,0x000000070b980000)
 PSPermGen       total 41216K, used 18258K [0x00000006fb400000, 0x00000006fdc40000, 0x0000000700600000)
  object space 41216K, 44% used [0x00000006fb400000,0x00000006fc5d4b40,0x00000006fdc40000)
Event: 20.174 GC heap after
Heap after GC invocations=17 (full 2):
 PSYoungGen      total 1092928K, used 24145K [0x00000007aacb0000, 0x00000007fbf40000, 0x0000000800000000)
  eden space 1038400K, 0% used [0x00000007aacb0000,0x00000007aacb0000,0x00000007ea2c0000)
  from space 54528K, 44% used [0x00000007ea2c0000,0x00000007eba54610,0x00000007ed800000)
  to   space 51904K, 0% used [0x00000007f8c90000,0x00000007f8c90000,0x00000007fbf40000)
 ParOldGen       total 183808K, used 145795K [0x0000000700600000, 0x000000070b980000, 0x00000007aacb0000)
  object space 183808K, 79% used [0x0000000700600000,0x0000000709460d98,0x000000070b980000)
 PSPermGen       total 41216K, used 18258K [0x00000006fb400000, 0x00000006fdc40000, 0x0000000700600000)
  object space 41216K, 44% used [0x00000006fb400000,0x00000006fc5d4b40,0x00000006fdc40000)
}
Event: 22.360 GC heap before
{Heap before GC invocations=18 (full 2):
 PSYoungGen      total 1092928K, used 1060660K [0x00000007aacb0000, 0x00000007fbf40000, 0x0000000800000000)
  eden space 1038400K, 99% used [0x00000007aacb0000,0x00000007ea0e8bd8,0x00000007ea2c0000)
  from space 54528K, 44% used [0x00000007ea2c0000,0x00000007eba54610,0x00000007ed800000)
  to   space 51904K, 0% used [0x00000007f8c90000,0x00000007f8c90000,0x00000007fbf40000)
 ParOldGen       total 183808K, used 145795K [0x0000000700600000, 0x000000070b980000, 0x00000007aacb0000)
  object space 183808K, 79% used [0x0000000700600000,0x0000000709460d98,0x000000070b980000)
 PSPermGen       total 41216K, used 18275K [0x00000006fb400000, 0x00000006fdc40000, 0x0000000700600000)
  object space 41216K, 44% used [0x00000006fb400000,0x00000006fc5d8d08,0x00000006fdc40000)
Event: 22.369 GC heap after
Heap after GC invocations=18 (full 2):
 PSYoungGen      total 1260800K, used 36295K [0x00000007aacb0000, 0x00000007fb840000, 0x0000000800000000)
  eden space 1216064K, 0% used [0x00000007aacb0000,0x00000007aacb0000,0x00000007f5040000)
  from space 44736K, 81% used [0x00000007f8c90000,0x00000007fb001e30,0x00000007fb840000)
  to   space 53248K, 0% used [0x00000007f5040000,0x00000007f5040000,0x00000007f8440000)
 ParOldGen       total 183808K, used 145795K [0x0000000700600000, 0x000000070b980000, 0x00000007aacb0000)
  object space 183808K, 79% used [0x0000000700600000,0x0000000709460d98,0x000000070b980000)
 PSPermGen       total 41216K, used 18275K [0x00000006fb400000, 0x00000006fdc40000, 0x0000000700600000)
  object space 41216K, 44% used [0x00000006fb400000,0x00000006fc5d8d08,0x00000006fdc40000)
}
Event: 25.053 GC heap before
{Heap before GC invocations=19 (full 2):
 PSYoungGen      total 1260800K, used 1250872K [0x00000007aacb0000, 0x00000007fb840000, 0x0000000800000000)
  eden space 1216064K, 99% used [0x00000007aacb0000,0x00000007f4ecc3a0,0x00000007f5040000)
  from space 44736K, 81% used [0x00000007f8c90000,0x00000007fb001e30,0x00000007fb840000)
  to   space 53248K, 0% used [0x00000007f5040000,0x00000007f5040000,0x00000007f8440000)
 ParOldGen       total 183808K, used 145795K [0x0000000700600000, 0x000000070b980000, 0x00000007aacb0000)
  object space 183808K, 79% used [0x0000000700600000,0x0000000709460d98,0x000000070b980000)
 PSPermGen       total 41216K, used 18292K [0x00000006fb400000, 0x00000006fdc40000, 0x0000000700600000)
  object space 41216K, 44% used [0x00000006fb400000,0x00000006fc5dd158,0x00000006fdc40000)
Event: 25.059 GC heap after
Heap after GC invocations=19 (full 2):
 PSYoungGen      total 1269312K, used 16109K [0x00000007aacb0000, 0x0000000800000000, 0x0000000800000000)
  eden space 1216064K, 0% used [0x00000007aacb0000,0x00000007aacb0000,0x00000007f5040000)
  from space 53248K, 30% used [0x00000007f5040000,0x00000007f5ffb630,0x00000007f8440000)
  to   space 52352K, 0% used [0x00000007fcce0000,0x00000007fcce0000,0x0000000800000000)
 ParOldGen       total 183808K, used 145795K [0x0000000700600000, 0x000000070b980000, 0x00000007aacb0000)
  object space 183808K, 79% used [0x0000000700600000,0x0000000709460d98,0x000000070b980000)
 PSPermGen       total 41216K, used 18292K [0x00000006fb400000, 0x00000006fdc40000, 0x0000000700600000)
  object space 41216K, 44% used [0x00000006fb400000,0x00000006fc5dd158,0x00000006fdc40000)
}
Event: 27.644 GC heap before
{Heap before GC invocations=20 (full 2):
 PSYoungGen      total 1269312K, used 1231186K [0x00000007aacb0000, 0x0000000800000000, 0x0000000800000000)
  eden space 1216064K, 99% used [0x00000007aacb0000,0x00000007f4f492e8,0x00000007f5040000)
  from space 53248K, 30% used [0x00000007f5040000,0x00000007f5ffb630,0x00000007f8440000)
  to   space 52352K, 0% used [0x00000007fcce0000,0x00000007fcce0000,0x0000000800000000)
 ParOldGen       total 183808K, used 145795K [0x0000000700600000, 0x000000070b980000, 0x00000007aacb0000)
  object space 183808K, 79% used [0x0000000700600000,0x0000000709460d98,0x000000070b980000)
 PSPermGen       total 41216K, used 18322K [0x00000006fb400000, 0x00000006fdc40000, 0x0000000700600000)
  object space 41216K, 44% used [0x00000006fb400000,0x00000006fc5e4a48,0x00000006fdc40000)
Event: 27.647 GC heap after
Heap after GC invocations=20 (full 2):
 PSYoungGen      total 1342272K, used 5793K [0x00000007aacb0000, 0x0000000800000000, 0x0000000800000000)
  eden space 1289920K, 0% used [0x00000007aacb0000,0x00000007aacb0000,0x00000007f9860000)
  from space 52352K, 11% used [0x00000007fcce0000,0x00000007fd288790,0x0000000800000000)
  to   space 53056K, 0% used [0x00000007f9860000,0x00000007f9860000,0x00000007fcc30000)
 ParOldGen       total 183808K, used 145795K [0x0000000700600000, 0x000000070b980000, 0x00000007aacb0000)
  object space 183808K, 79% used [0x0000000700600000,0x0000000709460d98,0x000000070b980000)
 PSPermGen       total 41216K, used 18322K [0x00000006fb400000, 0x00000006fdc40000, 0x0000000700600000)
  object space 41216K, 44% used [0x00000006fb400000,0x00000006fc5e4a48,0x00000006fdc40000)
}

