# JRE version: 7.0_07-b11
# Java VM: Java HotSpot(TM) 64-Bit Server VM (23.3-b01 mixed mode windows-amd64 compressed oops)
Heap
 PSYoungGen      total 66560K, used 20531K [0x00000007aacb0000, 0x00000007b0ea0000, 0x0000000800000000)
  eden space 36416K, 27% used [0x00000007aacb0000,0x00000007ab681f68,0x00000007ad040000)
  from space 30144K, 34% used [0x00000007af130000,0x00000007afb6ae70,0x00000007b0ea0000)
  to   space 31936K, 0% used [0x00000007ad040000,0x00000007ad040000,0x00000007aef70000)
 ParOldGen       total 174528K, used 51942K [0x0000000700600000, 0x000000070b070000, 0x00000007aacb0000)
  object space 174528K, 29% used [0x0000000700600000,0x00000007038b9948,0x000000070b070000)
 PSPermGen       total 21248K, used 17953K [0x00000006fb400000, 0x00000006fc8c0000, 0x0000000700600000)
  object space 21248K, 84% used [0x00000006fb400000,0x00000006fc588508,0x00000006fc8c0000)
GC Heap History (10 events):
Event: 20.875 GC heap before
{Heap before GC invocations=24 (full 0):
 PSYoungGen      total 50304K, used 48469K [0x00000007aacb0000, 0x00000007b1330000, 0x0000000800000000)
  eden space 39808K, 95% used [0x00000007aacb0000,0x00000007ad1ca868,0x00000007ad390000)
  from space 10496K, 99% used [0x00000007ad450000,0x00000007ade8ae70,0x00000007ade90000)
  to   space 32576K, 0% used [0x00000007af360000,0x00000007af360000,0x00000007b1330000)
 ParOldGen       total 174528K, used 51814K [0x0000000700600000, 0x000000070b070000, 0x00000007aacb0000)
  object space 174528K, 29% used [0x0000000700600000,0x0000000703899948,0x000000070b070000)
 PSPermGen       total 21248K, used 17908K [0x00000006fb400000, 0x00000006fc8c0000, 0x0000000700600000)
  object space 21248K, 84% used [0x00000006fb400000,0x00000006fc57d0f0,0x00000006fc8c0000)
Event: 20.877 GC heap after
Heap after GC invocations=24 (full 0):
 PSYoungGen      total 68416K, used 10475K [0x00000007aacb0000, 0x00000007b1000000, 0x0000000800000000)
  eden space 39104K, 0% used [0x00000007aacb0000,0x00000007aacb0000,0x00000007ad2e0000)
  from space 29312K, 35% used [0x00000007af360000,0x00000007afd9ae70,0x00000007b1000000)
  to   space 31296K, 0% used [0x00000007ad2e0000,0x00000007ad2e0000,0x00000007af170000)
 ParOldGen       total 174528K, used 51838K [0x0000000700600000, 0x000000070b070000, 0x00000007aacb0000)
  object space 174528K, 29% used [0x0000000700600000,0x000000070389f948,0x000000070b070000)
 PSPermGen       total 21248K, used 17908K [0x00000006fb400000, 0x00000006fc8c0000, 0x0000000700600000)
  object space 21248K, 84% used [0x00000006fb400000,0x00000006fc57d0f0,0x00000006fc8c0000)
}
Event: 21.400 GC heap before
{Heap before GC invocations=25 (full 0):
 PSYoungGen      total 68416K, used 48519K [0x00000007aacb0000, 0x00000007b1000000, 0x0000000800000000)
  eden space 39104K, 97% used [0x00000007aacb0000,0x00000007ad1d7118,0x00000007ad2e0000)
  from space 29312K, 35% used [0x00000007af360000,0x00000007afd9ae70,0x00000007b1000000)
  to   space 31296K, 0% used [0x00000007ad2e0000,0x00000007ad2e0000,0x00000007af170000)
 ParOldGen       total 174528K, used 51838K [0x0000000700600000, 0x000000070b070000, 0x00000007aacb0000)
  object space 174528K, 29% used [0x0000000700600000,0x000000070389f948,0x000000070b070000)
 PSPermGen       total 21248K, used 17908K [0x00000006fb400000, 0x00000006fc8c0000, 0x0000000700600000)
  object space 21248K, 84% used [0x00000006fb400000,0x00000006fc57d1e0,0x00000006fc8c0000)
Event: 21.402 GC heap after
Heap after GC invocations=25 (full 0):
 PSYoungGen      total 48896K, used 10443K [0x00000007aacb0000, 0x00000007b0cf0000, 0x0000000800000000)
  eden space 38400K, 0% used [0x00000007aacb0000,0x00000007aacb0000,0x00000007ad230000)
  from space 10496K, 99% used [0x00000007ad2e0000,0x00000007add12e70,0x00000007add20000)
  to   space 30080K, 0% used [0x00000007aef90000,0x00000007aef90000,0x00000007b0cf0000)
 ParOldGen       total 174528K, used 51854K [0x0000000700600000, 0x000000070b070000, 0x00000007aacb0000)
  object space 174528K, 29% used [0x0000000700600000,0x00000007038a3948,0x000000070b070000)
 PSPermGen       total 21248K, used 17908K [0x00000006fb400000, 0x00000006fc8c0000, 0x0000000700600000)
  object space 21248K, 84% used [0x00000006fb400000,0x00000006fc57d1e0,0x00000006fc8c0000)
}
Event: 21.925 GC heap before
{Heap before GC invocations=26 (full 0):
 PSYoungGen      total 48896K, used 48743K [0x00000007aacb0000, 0x00000007b0cf0000, 0x0000000800000000)
  eden space 38400K, 99% used [0x00000007aacb0000,0x00000007ad216ed0,0x00000007ad230000)
  from space 10496K, 99% used [0x00000007ad2e0000,0x00000007add12e70,0x00000007add20000)
  to   space 30080K, 0% used [0x00000007aef90000,0x00000007aef90000,0x00000007b0cf0000)
 ParOldGen       total 174528K, used 51854K [0x0000000700600000, 0x000000070b070000, 0x00000007aacb0000)
  object space 174528K, 29% used [0x0000000700600000,0x00000007038a3948,0x000000070b070000)
 PSPermGen       total 21248K, used 17911K [0x00000006fb400000, 0x00000006fc8c0000, 0x0000000700600000)
  object space 21248K, 84% used [0x00000006fb400000,0x00000006fc57dd80,0x00000006fc8c0000)
Event: 21.927 GC heap after
Heap after GC invocations=26 (full 0):
 PSYoungGen      total 64640K, used 10475K [0x00000007aacb0000, 0x00000007b09e0000, 0x0000000800000000)
  eden space 37696K, 0% used [0x00000007aacb0000,0x00000007aacb0000,0x00000007ad180000)
  from space 26944K, 38% used [0x00000007aef90000,0x00000007af9cae70,0x00000007b09e0000)
  to   space 28864K, 0% used [0x00000007ad180000,0x00000007ad180000,0x00000007aedb0000)
 ParOldGen       total 174528K, used 51886K [0x0000000700600000, 0x000000070b070000, 0x00000007aacb0000)
  object space 174528K, 29% used [0x0000000700600000,0x00000007038ab948,0x000000070b070000)
 PSPermGen       total 21248K, used 17911K [0x00000006fb400000, 0x00000006fc8c0000, 0x0000000700600000)
  object space 21248K, 84% used [0x00000006fb400000,0x00000006fc57dd80,0x00000006fc8c0000)
}
Event: 22.338 GC heap before
{Heap before GC invocations=27 (full 0):
 PSYoungGen      total 64640K, used 45065K [0x00000007aacb0000, 0x00000007b09e0000, 0x0000000800000000)
  eden space 37696K, 91% used [0x00000007aacb0000,0x00000007ace775f0,0x00000007ad180000)
  from space 26944K, 38% used [0x00000007aef90000,0x00000007af9cae70,0x00000007b09e0000)
  to   space 28864K, 0% used [0x00000007ad180000,0x00000007ad180000,0x00000007aedb0000)
 ParOldGen       total 174528K, used 51886K [0x0000000700600000, 0x000000070b070000, 0x00000007aacb0000)
  object space 174528K, 29% used [0x0000000700600000,0x00000007038ab948,0x000000070b070000)
 PSPermGen       total 21248K, used 17916K [0x00000006fb400000, 0x00000006fc8c0000, 0x0000000700600000)
  object space 21248K, 84% used [0x00000006fb400000,0x00000006fc57f188,0x00000006fc8c0000)
Event: 22.341 GC heap after
Heap after GC invocations=27 (full 0):
 PSYoungGen      total 65920K, used 28700K [0x00000007aacb0000, 0x00000007b1180000, 0x0000000800000000)
  eden space 37056K, 0% used [0x00000007aacb0000,0x00000007aacb0000,0x00000007ad0e0000)
  from space 28864K, 99% used [0x00000007ad180000,0x00000007aed872a0,0x00000007aedb0000)
  to   space 33088K, 0% used [0x00000007af130000,0x00000007af130000,0x00000007b1180000)
 ParOldGen       total 174528K, used 51926K [0x0000000700600000, 0x000000070b070000, 0x00000007aacb0000)
  object space 174528K, 29% used [0x0000000700600000,0x00000007038b5948,0x000000070b070000)
 PSPermGen       total 21248K, used 17916K [0x00000006fb400000, 0x00000006fc8c0000, 0x0000000700600000)
  object space 21248K, 84% used [0x00000006fb400000,0x00000006fc57f188,0x00000006fc8c0000)
}
Event: 22.844 GC heap before
{Heap before GC invocations=28 (full 0):
 PSYoungGen      total 65920K, used 60832K [0x00000007aacb0000, 0x00000007b1180000, 0x0000000800000000)
  eden space 37056K, 86% used [0x00000007aacb0000,0x00000007acc10f40,0x00000007ad0e0000)
  from space 28864K, 99% used [0x00000007ad180000,0x00000007aed872a0,0x00000007aedb0000)
  to   space 33088K, 0% used [0x00000007af130000,0x00000007af130000,0x00000007b1180000)
 ParOldGen       total 174528K, used 51926K [0x0000000700600000, 0x000000070b070000, 0x00000007aacb0000)
  object space 174528K, 29% used [0x0000000700600000,0x00000007038b5948,0x000000070b070000)
 PSPermGen       total 21248K, used 17925K [0x00000006fb400000, 0x00000006fc8c0000, 0x0000000700600000)
  object space 21248K, 84% used [0x00000006fb400000,0x00000006fc5817a8,0x00000006fc8c0000)
Event: 22.845 GC heap after
Heap after GC invocations=28 (full 0):
 PSYoungGen      total 66560K, used 10475K [0x00000007aacb0000, 0x00000007b0ea0000, 0x0000000800000000)
  eden space 36416K, 0% used [0x00000007aacb0000,0x00000007aacb0000,0x00000007ad040000)
  from space 30144K, 34% used [0x00000007af130000,0x00000007afb6ae70,0x00000007b0ea0000)
  to   space 31936K, 0% used [0x00000007ad040000,0x00000007ad040000,0x00000007aef70000)
 ParOldGen       total 174528K, used 51942K [0x0000000700600000, 0x000000070b070000, 0x00000007aacb0000)
  object space 174528K, 29% used [0x0000000700600000,0x00000007038b9948,0x000000070b070000)
 PSPermGen       total 21248K, used 17925K [0x00000006fb400000, 0x00000006fc8c0000, 0x0000000700600000)
  object space 21248K, 84% used [0x00000006fb400000,0x00000006fc5817a8,0x00000006fc8c0000)
}

