# JRE version: 7.0_07-b11
# Java VM: Java HotSpot(TM) 64-Bit Server VM (23.3-b01 mixed mode windows-amd64 compressed oops)
Heap
 PSYoungGen      total 951104K, used 146066K [0x00000007aacb0000, 0x00000007edca0000, 0x0000000800000000)
  eden space 881856K, 12% used [0x00000007aacb0000,0x00000007b186e438,0x00000007e09e0000)
  from space 69248K, 51% used [0x00000007e09e0000,0x00000007e2cc63e0,0x00000007e4d80000)
  to   space 66880K, 0% used [0x00000007e9b50000,0x00000007e9b50000,0x00000007edca0000)
 ParOldGen       total 458112K, used 174160K [0x0000000700600000, 0x000000071c560000, 0x00000007aacb0000)
  object space 458112K, 38% used [0x0000000700600000,0x000000070b0141d8,0x000000071c560000)
 PSPermGen       total 32256K, used 18126K [0x00000006fb400000, 0x00000006fd380000, 0x0000000700600000)
  object space 32256K, 56% used [0x00000006fb400000,0x00000006fc5b3830,0x00000006fd380000)
GC Heap History (10 events):
Event: 25.093 GC heap before
{Heap before GC invocations=28 (full 7):
 PSYoungGen      total 756736K, used 734436K [0x00000007aacb0000, 0x00000007ddef0000, 0x0000000800000000)
  eden space 690816K, 99% used [0x00000007aacb0000,0x00000007d4f3d0c8,0x00000007d4f50000)
  from space 65920K, 66% used [0x00000007d91b0000,0x00000007dbc5c070,0x00000007dd210000)
  to   space 67968K, 0% used [0x00000007d4f50000,0x00000007d4f50000,0x00000007d91b0000)
 ParOldGen       total 458112K, used 52980K [0x0000000700600000, 0x000000071c560000, 0x00000007aacb0000)
  object space 458112K, 11% used [0x0000000700600000,0x00000007039bd378,0x000000071c560000)
 PSPermGen       total 32256K, used 18055K [0x00000006fb400000, 0x00000006fd380000, 0x0000000700600000)
  object space 32256K, 55% used [0x00000006fb400000,0x00000006fc5a1fa0,0x00000006fd380000)
Event: 25.103 GC heap after
Heap after GC invocations=28 (full 7):
 PSYoungGen      total 758784K, used 53311K [0x00000007aacb0000, 0x00000007e3fc0000, 0x0000000800000000)
  eden space 690816K, 0% used [0x00000007aacb0000,0x00000007aacb0000,0x00000007d4f50000)
  from space 67968K, 78% used [0x00000007d4f50000,0x00000007d835ffe0,0x00000007d91b0000)
  to   space 73024K, 0% used [0x00000007df870000,0x00000007df870000,0x00000007e3fc0000)
 ParOldGen       total 458112K, used 52980K [0x0000000700600000, 0x000000071c560000, 0x00000007aacb0000)
  object space 458112K, 11% used [0x0000000700600000,0x00000007039bd378,0x000000071c560000)
 PSPermGen       total 32256K, used 18055K [0x00000006fb400000, 0x00000006fd380000, 0x0000000700600000)
  object space 32256K, 55% used [0x00000006fb400000,0x00000006fc5a1fa0,0x00000006fd380000)
}
Event: 26.508 GC heap before
{Heap before GC invocations=29 (full 7):
 PSYoungGen      total 758784K, used 744097K [0x00000007aacb0000, 0x00000007e3fc0000, 0x0000000800000000)
  eden space 690816K, 99% used [0x00000007aacb0000,0x00000007d4f48740,0x00000007d4f50000)
  from space 67968K, 78% used [0x00000007d4f50000,0x00000007d835ffe0,0x00000007d91b0000)
  to   space 73024K, 0% used [0x00000007df870000,0x00000007df870000,0x00000007e3fc0000)
 ParOldGen       total 458112K, used 168085K [0x0000000700600000, 0x000000071c560000, 0x00000007aacb0000)
  object space 458112K, 36% used [0x0000000700600000,0x000000070aa255c8,0x000000071c560000)
 PSPermGen       total 32256K, used 18057K [0x00000006fb400000, 0x00000006fd380000, 0x0000000700600000)
  object space 32256K, 55% used [0x00000006fb400000,0x00000006fc5a2420,0x00000006fd380000)
Event: 26.513 GC heap after
Heap after GC invocations=29 (full 7):
 PSYoungGen      total 842752K, used 18513K [0x00000007aacb0000, 0x00000007e3380000, 0x0000000800000000)
  eden space 782272K, 0% used [0x00000007aacb0000,0x00000007aacb0000,0x00000007da8a0000)
  from space 60480K, 30% used [0x00000007df870000,0x00000007e0a84430,0x00000007e3380000)
  to   space 71104K, 0% used [0x00000007da8a0000,0x00000007da8a0000,0x00000007dee10000)
 ParOldGen       total 458112K, used 168085K [0x0000000700600000, 0x000000071c560000, 0x00000007aacb0000)
  object space 458112K, 36% used [0x0000000700600000,0x000000070aa255c8,0x000000071c560000)
 PSPermGen       total 32256K, used 18057K [0x00000006fb400000, 0x00000006fd380000, 0x0000000700600000)
  object space 32256K, 55% used [0x00000006fb400000,0x00000006fc5a2420,0x00000006fd380000)
}
Event: 27.897 GC heap before
{Heap before GC invocations=30 (full 7):
 PSYoungGen      total 842752K, used 800039K [0x00000007aacb0000, 0x00000007e3380000, 0x0000000800000000)
  eden space 782272K, 99% used [0x00000007aacb0000,0x00000007da7e5870,0x00000007da8a0000)
  from space 60480K, 30% used [0x00000007df870000,0x00000007e0a84430,0x00000007e3380000)
  to   space 71104K, 0% used [0x00000007da8a0000,0x00000007da8a0000,0x00000007dee10000)
 ParOldGen       total 458112K, used 168085K [0x0000000700600000, 0x000000071c560000, 0x00000007aacb0000)
  object space 458112K, 36% used [0x0000000700600000,0x000000070aa255c8,0x000000071c560000)
 PSPermGen       total 32256K, used 18060K [0x00000006fb400000, 0x00000006fd380000, 0x0000000700600000)
  object space 32256K, 55% used [0x00000006fb400000,0x00000006fc5a3078,0x00000006fd380000)
Event: 27.904 GC heap after
Heap after GC invocations=30 (full 7):
 PSYoungGen      total 853376K, used 39045K [0x00000007aacb0000, 0x00000007e9270000, 0x0000000800000000)
  eden space 782272K, 0% used [0x00000007aacb0000,0x00000007aacb0000,0x00000007da8a0000)
  from space 71104K, 54% used [0x00000007da8a0000,0x00000007dcec1560,0x00000007dee10000)
  to   space 70272K, 0% used [0x00000007e4dd0000,0x00000007e4dd0000,0x00000007e9270000)
 ParOldGen       total 458112K, used 168085K [0x0000000700600000, 0x000000071c560000, 0x00000007aacb0000)
  object space 458112K, 36% used [0x0000000700600000,0x000000070aa255c8,0x000000071c560000)
 PSPermGen       total 32256K, used 18060K [0x00000006fb400000, 0x00000006fd380000, 0x0000000700600000)
  object space 32256K, 55% used [0x00000006fb400000,0x00000006fc5a3078,0x00000006fd380000)
}
Event: 29.266 GC heap before
{Heap before GC invocations=31 (full 7):
 PSYoungGen      total 853376K, used 816483K [0x00000007aacb0000, 0x00000007e9270000, 0x0000000800000000)
  eden space 782272K, 99% used [0x00000007aacb0000,0x00000007da3e7a68,0x00000007da8a0000)
  from space 71104K, 54% used [0x00000007da8a0000,0x00000007dcec1560,0x00000007dee10000)
  to   space 70272K, 0% used [0x00000007e4dd0000,0x00000007e4dd0000,0x00000007e9270000)
 ParOldGen       total 458112K, used 168085K [0x0000000700600000, 0x000000071c560000, 0x00000007aacb0000)
  object space 458112K, 36% used [0x0000000700600000,0x000000070aa255c8,0x000000071c560000)
 PSPermGen       total 32256K, used 18062K [0x00000006fb400000, 0x00000006fd380000, 0x0000000700600000)
  object space 32256K, 55% used [0x00000006fb400000,0x00000006fc5a3a88,0x00000006fd380000)
Event: 29.275 GC heap after
Heap after GC invocations=31 (full 7):
 PSYoungGen      total 950784K, used 39168K [0x00000007aacb0000, 0x00000007e9120000, 0x0000000800000000)
  eden space 881856K, 0% used [0x00000007aacb0000,0x00000007aacb0000,0x00000007e09e0000)
  from space 68928K, 56% used [0x00000007e4dd0000,0x00000007e74103d0,0x00000007e9120000)
  to   space 69248K, 0% used [0x00000007e09e0000,0x00000007e09e0000,0x00000007e4d80000)
 ParOldGen       total 458112K, used 168085K [0x0000000700600000, 0x000000071c560000, 0x00000007aacb0000)
  object space 458112K, 36% used [0x0000000700600000,0x000000070aa255c8,0x000000071c560000)
 PSPermGen       total 32256K, used 18062K [0x00000006fb400000, 0x00000006fd380000, 0x0000000700600000)
  object space 32256K, 55% used [0x00000006fb400000,0x00000006fc5a3a88,0x00000006fd380000)
}
Event: 30.826 GC heap before
{Heap before GC invocations=32 (full 7):
 PSYoungGen      total 950784K, used 920521K [0x00000007aacb0000, 0x00000007e9120000, 0x0000000800000000)
  eden space 881856K, 99% used [0x00000007aacb0000,0x00000007e0962360,0x00000007e09e0000)
  from space 68928K, 56% used [0x00000007e4dd0000,0x00000007e74103d0,0x00000007e9120000)
  to   space 69248K, 0% used [0x00000007e09e0000,0x00000007e09e0000,0x00000007e4d80000)
 ParOldGen       total 458112K, used 174160K [0x0000000700600000, 0x000000071c560000, 0x00000007aacb0000)
  object space 458112K, 38% used [0x0000000700600000,0x000000070b0141d8,0x000000071c560000)
 PSPermGen       total 32256K, used 18087K [0x00000006fb400000, 0x00000006fd380000, 0x0000000700600000)
  object space 32256K, 56% used [0x00000006fb400000,0x00000006fc5a9cd8,0x00000006fd380000)
Event: 30.835 GC heap after
Heap after GC invocations=32 (full 7):
 PSYoungGen      total 951104K, used 35736K [0x00000007aacb0000, 0x00000007edca0000, 0x0000000800000000)
  eden space 881856K, 0% used [0x00000007aacb0000,0x00000007aacb0000,0x00000007e09e0000)
  from space 69248K, 51% used [0x00000007e09e0000,0x00000007e2cc63e0,0x00000007e4d80000)
  to   space 66880K, 0% used [0x00000007e9b50000,0x00000007e9b50000,0x00000007edca0000)
 ParOldGen       total 458112K, used 174160K [0x0000000700600000, 0x000000071c560000, 0x00000007aacb0000)
  object space 458112K, 38% used [0x0000000700600000,0x000000070b0141d8,0x000000071c560000)
 PSPermGen       total 32256K, used 18087K [0x00000006fb400000, 0x00000006fd380000, 0x0000000700600000)
  object space 32256K, 56% used [0x00000006fb400000,0x00000006fc5a9cd8,0x00000006fd380000)
}

