# JRE version: 7.0_07-b11
# Java VM: Java HotSpot(TM) 64-Bit Server VM (23.3-b01 mixed mode windows-amd64 compressed oops)
Heap
 PSYoungGen      total 517632K, used 266859K [0x00000007aacb0000, 0x00000007e0e40000, 0x0000000800000000)
  eden space 488832K, 48% used [0x00000007aacb0000,0x00000007b9533d50,0x00000007c8a10000)
  from space 28800K, 99% used [0x00000007df220000,0x00000007e0e372a0,0x00000007e0e40000)
  to   space 40640K, 0% used [0x00000007dbee0000,0x00000007dbee0000,0x00000007de690000)
 ParOldGen       total 174528K, used 64311K [0x0000000700600000, 0x000000070b070000, 0x00000007aacb0000)
  object space 174528K, 36% used [0x0000000700600000,0x00000007044cdd60,0x000000070b070000)
 PSPermGen       total 21248K, used 18046K [0x00000006fb400000, 0x00000006fc8c0000, 0x0000000700600000)
  object space 21248K, 84% used [0x00000006fb400000,0x00000006fc59f908,0x00000006fc8c0000)
GC Heap History (10 events):
Event: 7.577 GC heap before
{Heap before GC invocations=6 (full 0):
 PSYoungGen      total 141824K, used 141360K [0x00000007aacb0000, 0x00000007bebf0000, 0x0000000800000000)
  eden space 130944K, 99% used [0x00000007aacb0000,0x00000007b2c3b160,0x00000007b2c90000)
  from space 10880K, 98% used [0x00000007b2c90000,0x00000007b3710f90,0x00000007b3730000)
  to   space 32512K, 0% used [0x00000007bcc30000,0x00000007bcc30000,0x00000007bebf0000)
 ParOldGen       total 174528K, used 49890K [0x0000000700600000, 0x000000070b070000, 0x00000007aacb0000)
  object space 174528K, 28% used [0x0000000700600000,0x00000007036b8be0,0x000000070b070000)
 PSPermGen       total 21248K, used 17988K [0x00000006fb400000, 0x00000006fc8c0000, 0x0000000700600000)
  object space 21248K, 84% used [0x00000006fb400000,0x00000006fc591170,0x00000006fc8c0000)
Event: 7.587 GC heap after
Heap after GC invocations=6 (full 0):
 PSYoungGen      total 289280K, used 31390K [0x00000007aacb0000, 0x00000007bf5f0000, 0x0000000800000000)
  eden space 256768K, 0% used [0x00000007aacb0000,0x00000007aacb0000,0x00000007ba770000)
  from space 32512K, 96% used [0x00000007bcc30000,0x00000007bead7ba0,0x00000007bebf0000)
  to   space 37632K, 0% used [0x00000007ba770000,0x00000007ba770000,0x00000007bcc30000)
 ParOldGen       total 174528K, used 52252K [0x0000000700600000, 0x000000070b070000, 0x00000007aacb0000)
  object space 174528K, 29% used [0x0000000700600000,0x00000007039073b0,0x000000070b070000)
 PSPermGen       total 21248K, used 17988K [0x00000006fb400000, 0x00000006fc8c0000, 0x0000000700600000)
  object space 21248K, 84% used [0x00000006fb400000,0x00000006fc591170,0x00000006fc8c0000)
}
Event: 8.622 GC heap before
{Heap before GC invocations=7 (full 0):
 PSYoungGen      total 289280K, used 284131K [0x00000007aacb0000, 0x00000007bf5f0000, 0x0000000800000000)
  eden space 256768K, 98% used [0x00000007aacb0000,0x00000007ba381318,0x00000007ba770000)
  from space 32512K, 96% used [0x00000007bcc30000,0x00000007bead7ba0,0x00000007bebf0000)
  to   space 37632K, 0% used [0x00000007ba770000,0x00000007ba770000,0x00000007bcc30000)
 ParOldGen       total 174528K, used 52252K [0x0000000700600000, 0x000000070b070000, 0x00000007aacb0000)
  object space 174528K, 29% used [0x0000000700600000,0x00000007039073b0,0x000000070b070000)
 PSPermGen       total 21248K, used 17994K [0x00000006fb400000, 0x00000006fc8c0000, 0x0000000700600000)
  object space 21248K, 84% used [0x00000006fb400000,0x00000006fc5929b8,0x00000006fc8c0000)
Event: 8.630 GC heap after
Heap after GC invocations=7 (full 0):
 PSYoungGen      total 294400K, used 10539K [0x00000007aacb0000, 0x00000007ceb30000, 0x0000000800000000)
  eden space 256768K, 0% used [0x00000007aacb0000,0x00000007aacb0000,0x00000007ba770000)
  from space 37632K, 28% used [0x00000007ba770000,0x00000007bb1bae70,0x00000007bcc30000)
  to   space 37376K, 0% used [0x00000007cc6b0000,0x00000007cc6b0000,0x00000007ceb30000)
 ParOldGen       total 174528K, used 64247K [0x0000000700600000, 0x000000070b070000, 0x00000007aacb0000)
  object space 174528K, 36% used [0x0000000700600000,0x00000007044bdd60,0x000000070b070000)
 PSPermGen       total 21248K, used 17994K [0x00000006fb400000, 0x00000006fc8c0000, 0x0000000700600000)
  object space 21248K, 84% used [0x00000006fb400000,0x00000006fc5929b8,0x00000006fc8c0000)
}
Event: 9.647 GC heap before
{Heap before GC invocations=8 (full 0):
 PSYoungGen      total 294400K, used 265329K [0x00000007aacb0000, 0x00000007ceb30000, 0x0000000800000000)
  eden space 256768K, 99% used [0x00000007aacb0000,0x00000007ba581678,0x00000007ba770000)
  from space 37632K, 28% used [0x00000007ba770000,0x00000007bb1bae70,0x00000007bcc30000)
  to   space 37376K, 0% used [0x00000007cc6b0000,0x00000007cc6b0000,0x00000007ceb30000)
 ParOldGen       total 174528K, used 64247K [0x0000000700600000, 0x000000070b070000, 0x00000007aacb0000)
  object space 174528K, 36% used [0x0000000700600000,0x00000007044bdd60,0x000000070b070000)
 PSPermGen       total 21248K, used 18006K [0x00000006fb400000, 0x00000006fc8c0000, 0x0000000700600000)
  object space 21248K, 84% used [0x00000006fb400000,0x00000006fc5958f0,0x00000006fc8c0000)
Event: 9.654 GC heap after
Heap after GC invocations=8 (full 0):
 PSYoungGen      total 548864K, used 28700K [0x00000007aacb0000, 0x00000007cef30000, 0x0000000800000000)
  eden space 511488K, 0% used [0x00000007aacb0000,0x00000007aacb0000,0x00000007ca030000)
  from space 37376K, 76% used [0x00000007cc6b0000,0x00000007ce2b72a0,0x00000007ceb30000)
  to   space 39424K, 0% used [0x00000007ca030000,0x00000007ca030000,0x00000007cc6b0000)
 ParOldGen       total 174528K, used 64255K [0x0000000700600000, 0x000000070b070000, 0x00000007aacb0000)
  object space 174528K, 36% used [0x0000000700600000,0x00000007044bfd60,0x000000070b070000)
 PSPermGen       total 21248K, used 18006K [0x00000006fb400000, 0x00000006fc8c0000, 0x0000000700600000)
  object space 21248K, 84% used [0x00000006fb400000,0x00000006fc5958f0,0x00000006fc8c0000)
}
Event: 11.795 GC heap before
{Heap before GC invocations=9 (full 0):
 PSYoungGen      total 548864K, used 537976K [0x00000007aacb0000, 0x00000007cef30000, 0x0000000800000000)
  eden space 511488K, 99% used [0x00000007aacb0000,0x00000007c9e070a8,0x00000007ca030000)
  from space 37376K, 76% used [0x00000007cc6b0000,0x00000007ce2b72a0,0x00000007ceb30000)
  to   space 39424K, 0% used [0x00000007ca030000,0x00000007ca030000,0x00000007cc6b0000)
 ParOldGen       total 174528K, used 64255K [0x0000000700600000, 0x000000070b070000, 0x00000007aacb0000)
  object space 174528K, 36% used [0x0000000700600000,0x00000007044bfd60,0x000000070b070000)
 PSPermGen       total 21248K, used 18022K [0x00000006fb400000, 0x00000006fc8c0000, 0x0000000700600000)
  object space 21248K, 84% used [0x00000006fb400000,0x00000006fc599970,0x00000006fc8c0000)
Event: 11.798 GC heap after
Heap after GC invocations=9 (full 0):
 PSYoungGen      total 550912K, used 10507K [0x00000007aacb0000, 0x00000007e1850000, 0x0000000800000000)
  eden space 511488K, 0% used [0x00000007aacb0000,0x00000007aacb0000,0x00000007ca030000)
  from space 39424K, 26% used [0x00000007ca030000,0x00000007caa72e70,0x00000007cc6b0000)
  to   space 39104K, 0% used [0x00000007df220000,0x00000007df220000,0x00000007e1850000)
 ParOldGen       total 174528K, used 64271K [0x0000000700600000, 0x000000070b070000, 0x00000007aacb0000)
  object space 174528K, 36% used [0x0000000700600000,0x00000007044c3d60,0x000000070b070000)
 PSPermGen       total 21248K, used 18022K [0x00000006fb400000, 0x00000006fc8c0000, 0x0000000700600000)
  object space 21248K, 84% used [0x00000006fb400000,0x00000006fc599970,0x00000006fc8c0000)
}
Event: 13.816 GC heap before
{Heap before GC invocations=10 (full 0):
 PSYoungGen      total 550912K, used 521121K [0x00000007aacb0000, 0x00000007e1850000, 0x0000000800000000)
  eden space 511488K, 99% used [0x00000007aacb0000,0x00000007c9f55880,0x00000007ca030000)
  from space 39424K, 26% used [0x00000007ca030000,0x00000007caa72e70,0x00000007cc6b0000)
  to   space 39104K, 0% used [0x00000007df220000,0x00000007df220000,0x00000007e1850000)
 ParOldGen       total 174528K, used 64271K [0x0000000700600000, 0x000000070b070000, 0x00000007aacb0000)
  object space 174528K, 36% used [0x0000000700600000,0x00000007044c3d60,0x000000070b070000)
 PSPermGen       total 21248K, used 18025K [0x00000006fb400000, 0x00000006fc8c0000, 0x0000000700600000)
  object space 21248K, 84% used [0x00000006fb400000,0x00000006fc59a6e8,0x00000006fc8c0000)
Event: 13.825 GC heap after
Heap after GC invocations=10 (full 0):
 PSYoungGen      total 517632K, used 28764K [0x00000007aacb0000, 0x00000007e0e40000, 0x0000000800000000)
  eden space 488832K, 0% used [0x00000007aacb0000,0x00000007aacb0000,0x00000007c8a10000)
  from space 28800K, 99% used [0x00000007df220000,0x00000007e0e372a0,0x00000007e0e40000)
  to   space 40640K, 0% used [0x00000007dbee0000,0x00000007dbee0000,0x00000007de690000)
 ParOldGen       total 174528K, used 64311K [0x0000000700600000, 0x000000070b070000, 0x00000007aacb0000)
  object space 174528K, 36% used [0x0000000700600000,0x00000007044cdd60,0x000000070b070000)
 PSPermGen       total 21248K, used 18025K [0x00000006fb400000, 0x00000006fc8c0000, 0x0000000700600000)
  object space 21248K, 84% used [0x00000006fb400000,0x00000006fc59a6e8,0x00000006fc8c0000)
}

