# JRE version: 7.0_07-b11
# Java VM: Java HotSpot(TM) 64-Bit Server VM (23.3-b01 mixed mode windows-amd64 compressed oops)
Heap
 PSYoungGen      total 265024K, used 264364K [0x00000007aacb0000, 0x00000007bffc0000, 0x0000000800000000)
  eden space 222272K, 99% used [0x00000007aacb0000,0x00000007b851bc58,0x00000007b85c0000)
  from space 42752K, 99% used [0x00000007b8930000,0x00000007bb2ef470,0x00000007bb2f0000)
  to   space 62464K, 0% used [0x00000007bc2c0000,0x00000007bc2c0000,0x00000007bffc0000)
 ParOldGen       total 527424K, used 106816K [0x0000000700600000, 0x0000000720910000, 0x00000007aacb0000)
  object space 527424K, 20% used [0x0000000700600000,0x0000000706e50290,0x0000000720910000)
 PSPermGen       total 23616K, used 17867K [0x00000006fb400000, 0x00000006fcb10000, 0x0000000700600000)
  object space 23616K, 75% used [0x00000006fb400000,0x00000006fc572c38,0x00000006fcb10000)
GC Heap History (10 events):
Event: 60.881 GC heap before
{Heap before GC invocations=32 (full 12):
 PSYoungGen      total 288000K, used 249841K [0x00000007aacb0000, 0x00000007c07a0000, 0x0000000800000000)
  eden space 232896K, 99% used [0x00000007aacb0000,0x00000007b8e9ffd0,0x00000007b9020000)
  from space 55104K, 33% used [0x00000007bd1d0000,0x00000007be3dc430,0x00000007c07a0000)
  to   space 61184K, 0% used [0x00000007b9020000,0x00000007b9020000,0x00000007bcbe0000)
 ParOldGen       total 794176K, used 793291K [0x0000000700600000, 0x0000000730d90000, 0x00000007aacb0000)
  object space 794176K, 99% used [0x0000000700600000,0x0000000730cb2eb0,0x0000000730d90000)
 PSPermGen       total 25728K, used 17831K [0x00000006fb400000, 0x00000006fcd20000, 0x0000000700600000)
  object space 25728K, 69% used [0x00000006fb400000,0x00000006fc569de8,0x00000006fcd20000)
Event: 60.929 GC heap after
Heap after GC invocations=32 (full 12):
 PSYoungGen      total 288000K, used 0K [0x00000007aacb0000, 0x00000007c07a0000, 0x0000000800000000)
  eden space 232896K, 0% used [0x00000007aacb0000,0x00000007aacb0000,0x00000007b9020000)
  from space 55104K, 0% used [0x00000007bd1d0000,0x00000007bd1d0000,0x00000007c07a0000)
  to   space 61184K, 0% used [0x00000007b9020000,0x00000007b9020000,0x00000007bcbe0000)
 ParOldGen       total 547328K, used 15688K [0x0000000700600000, 0x0000000721c80000, 0x00000007aacb0000)
  object space 547328K, 2% used [0x0000000700600000,0x00000007015520e0,0x0000000721c80000)
 PSPermGen       total 24640K, used 17831K [0x00000006fb400000, 0x00000006fcc10000, 0x0000000700600000)
  object space 24640K, 72% used [0x00000006fb400000,0x00000006fc569d68,0x00000006fcc10000)
}
Event: 62.180 GC heap before
{Heap before GC invocations=33 (full 12):
 PSYoungGen      total 288000K, used 231026K [0x00000007aacb0000, 0x00000007c07a0000, 0x0000000800000000)
  eden space 232896K, 99% used [0x00000007aacb0000,0x00000007b8e4cbd8,0x00000007b9020000)
  from space 55104K, 0% used [0x00000007bd1d0000,0x00000007bd1d0000,0x00000007c07a0000)
  to   space 61184K, 0% used [0x00000007b9020000,0x00000007b9020000,0x00000007bcbe0000)
 ParOldGen       total 547328K, used 21763K [0x0000000700600000, 0x0000000721c80000, 0x00000007aacb0000)
  object space 547328K, 3% used [0x0000000700600000,0x0000000701b40cf0,0x0000000721c80000)
 PSPermGen       total 24640K, used 17832K [0x00000006fb400000, 0x00000006fcc10000, 0x0000000700600000)
  object space 24640K, 72% used [0x00000006fb400000,0x00000006fc56a0a0,0x00000006fcc10000)
Event: 62.185 GC heap after
Heap after GC invocations=33 (full 12):
 PSYoungGen      total 265984K, used 36642K [0x00000007aacb0000, 0x00000007c0520000, 0x0000000800000000)
  eden space 229312K, 0% used [0x00000007aacb0000,0x00000007aacb0000,0x00000007b8ca0000)
  from space 36672K, 99% used [0x00000007b9020000,0x00000007bb3e8860,0x00000007bb3f0000)
  to   space 61696K, 0% used [0x00000007bc8e0000,0x00000007bc8e0000,0x00000007c0520000)
 ParOldGen       total 547328K, used 21763K [0x0000000700600000, 0x0000000721c80000, 0x00000007aacb0000)
  object space 547328K, 3% used [0x0000000700600000,0x0000000701b40cf0,0x0000000721c80000)
 PSPermGen       total 24640K, used 17832K [0x00000006fb400000, 0x00000006fcc10000, 0x0000000700600000)
  object space 24640K, 72% used [0x00000006fb400000,0x00000006fc56a0a0,0x00000006fcc10000)
}
Event: 65.580 GC heap before
{Heap before GC invocations=34 (full 12):
 PSYoungGen      total 265984K, used 261829K [0x00000007aacb0000, 0x00000007c0520000, 0x0000000800000000)
  eden space 229312K, 98% used [0x00000007aacb0000,0x00000007b8898ca8,0x00000007b8ca0000)
  from space 36672K, 99% used [0x00000007b9020000,0x00000007bb3e8860,0x00000007bb3f0000)
  to   space 61696K, 0% used [0x00000007bc8e0000,0x00000007bc8e0000,0x00000007c0520000)
 ParOldGen       total 547328K, used 410564K [0x0000000700600000, 0x0000000721c80000, 0x00000007aacb0000)
  object space 547328K, 75% used [0x0000000700600000,0x00000007196f10f0,0x0000000721c80000)
 PSPermGen       total 24640K, used 17835K [0x00000006fb400000, 0x00000006fcc10000, 0x0000000700600000)
  object space 24640K, 72% used [0x00000006fb400000,0x00000006fc56ad48,0x00000006fcc10000)
Event: 65.584 GC heap after
Heap after GC invocations=34 (full 12):
 PSYoungGen      total 279872K, used 18417K [0x00000007aacb0000, 0x00000007bfdb0000, 0x0000000800000000)
  eden space 225792K, 0% used [0x00000007aacb0000,0x00000007aacb0000,0x00000007b8930000)
  from space 54080K, 34% used [0x00000007bc8e0000,0x00000007bdadc430,0x00000007bfdb0000)
  to   space 59648K, 0% used [0x00000007b8930000,0x00000007b8930000,0x00000007bc370000)
 ParOldGen       total 547328K, used 410564K [0x0000000700600000, 0x0000000721c80000, 0x00000007aacb0000)
  object space 547328K, 75% used [0x0000000700600000,0x00000007196f10f0,0x0000000721c80000)
 PSPermGen       total 24640K, used 17835K [0x00000006fb400000, 0x00000006fcc10000, 0x0000000700600000)
  object space 24640K, 72% used [0x00000006fb400000,0x00000006fc56ad48,0x00000006fcc10000)
}
Event: 69.049 GC heap before
{Heap before GC invocations=35 (full 13):
 PSYoungGen      total 279872K, used 243715K [0x00000007aacb0000, 0x00000007bfdb0000, 0x0000000800000000)
  eden space 225792K, 99% used [0x00000007aacb0000,0x00000007b88b49c8,0x00000007b8930000)
  from space 54080K, 34% used [0x00000007bc8e0000,0x00000007bdadc430,0x00000007bfdb0000)
  to   space 59648K, 0% used [0x00000007b8930000,0x00000007b8930000,0x00000007bc370000)
 ParOldGen       total 796608K, used 793290K [0x0000000700600000, 0x0000000730ff0000, 0x00000007aacb0000)
  object space 796608K, 99% used [0x0000000700600000,0x0000000730cb28e0,0x0000000730ff0000)
 PSPermGen       total 24640K, used 17837K [0x00000006fb400000, 0x00000006fcc10000, 0x0000000700600000)
  object space 24640K, 72% used [0x00000006fb400000,0x00000006fc56b780,0x00000006fcc10000)
Event: 69.096 GC heap after
Heap after GC invocations=35 (full 13):
 PSYoungGen      total 279872K, used 0K [0x00000007aacb0000, 0x00000007bfdb0000, 0x0000000800000000)
  eden space 225792K, 0% used [0x00000007aacb0000,0x00000007aacb0000,0x00000007b8930000)
  from space 54080K, 0% used [0x00000007bc8e0000,0x00000007bc8e0000,0x00000007bfdb0000)
  to   space 59648K, 0% used [0x00000007b8930000,0x00000007b8930000,0x00000007bc370000)
 ParOldGen       total 527424K, used 15691K [0x0000000700600000, 0x0000000720910000, 0x00000007aacb0000)
  object space 527424K, 2% used [0x0000000700600000,0x0000000701552da0,0x0000000720910000)
 PSPermGen       total 23616K, used 17837K [0x00000006fb400000, 0x00000006fcb10000, 0x0000000700600000)
  object space 23616K, 75% used [0x00000006fb400000,0x00000006fc56b780,0x00000006fcb10000)
}
Event: 70.347 GC heap before
{Heap before GC invocations=36 (full 13):
 PSYoungGen      total 279872K, used 225008K [0x00000007aacb0000, 0x00000007bfdb0000, 0x0000000800000000)
  eden space 225792K, 99% used [0x00000007aacb0000,0x00000007b886c390,0x00000007b8930000)
  from space 54080K, 0% used [0x00000007bc8e0000,0x00000007bc8e0000,0x00000007bfdb0000)
  to   space 59648K, 0% used [0x00000007b8930000,0x00000007b8930000,0x00000007bc370000)
 ParOldGen       total 527424K, used 21766K [0x0000000700600000, 0x0000000720910000, 0x00000007aacb0000)
  object space 527424K, 4% used [0x0000000700600000,0x0000000701b419b0,0x0000000720910000)
 PSPermGen       total 23616K, used 17838K [0x00000006fb400000, 0x00000006fcb10000, 0x0000000700600000)
  object space 23616K, 75% used [0x00000006fb400000,0x00000006fc56ba50,0x00000006fcb10000)
Event: 70.352 GC heap after
Heap after GC invocations=36 (full 13):
 PSYoungGen      total 265024K, used 42749K [0x00000007aacb0000, 0x00000007bffc0000, 0x0000000800000000)
  eden space 222272K, 0% used [0x00000007aacb0000,0x00000007aacb0000,0x00000007b85c0000)
  from space 42752K, 99% used [0x00000007b8930000,0x00000007bb2ef470,0x00000007bb2f0000)
  to   space 62464K, 0% used [0x00000007bc2c0000,0x00000007bc2c0000,0x00000007bffc0000)
 ParOldGen       total 527424K, used 21766K [0x0000000700600000, 0x0000000720910000, 0x00000007aacb0000)
  object space 527424K, 4% used [0x0000000700600000,0x0000000701b419b0,0x0000000720910000)
 PSPermGen       total 23616K, used 17838K [0x00000006fb400000, 0x00000006fcb10000, 0x0000000700600000)
  object space 23616K, 75% used [0x00000006fb400000,0x00000006fc56ba50,0x00000006fcb10000)
}

