# JRE version: 7.0_07-b11
# Java VM: Java HotSpot(TM) 64-Bit Server VM (23.3-b01 mixed mode windows-amd64 compressed oops)
Heap
 PSYoungGen      total 1321280K, used 35380K [0x00000007aacb0000, 0x0000000800000000, 0x0000000800000000)
  eden space 1249856K, 2% used [0x00000007aacb0000,0x00000007acf3d240,0x00000007f7140000)
  from space 71424K, 0% used [0x00000007fba40000,0x00000007fba40000,0x0000000800000000)
  to   space 73088K, 0% used [0x00000007f7140000,0x00000007f7140000,0x00000007fb8a0000)
 ParOldGen       total 260096K, used 73057K [0x0000000700600000, 0x0000000710400000, 0x00000007aacb0000)
  object space 260096K, 28% used [0x0000000700600000,0x0000000704d58638,0x0000000710400000)
 PSPermGen       total 39808K, used 18349K [0x00000006fb400000, 0x00000006fdae0000, 0x0000000700600000)
  object space 39808K, 46% used [0x00000006fb400000,0x00000006fc5eb510,0x00000006fdae0000)
GC Heap History (10 events):
Event: 16.329 GC heap before
{Heap before GC invocations=15 (full 2):
 PSYoungGen      total 1089536K, used 14752K [0x00000007aacb0000, 0x0000000800000000, 0x0000000800000000)
  eden space 1022720K, 0% used [0x00000007aacb0000,0x00000007aacb0000,0x00000007e9370000)
  from space 66816K, 22% used [0x00000007e9370000,0x00000007ea1d81e8,0x00000007ed4b0000)
  to   space 68096K, 0% used [0x00000007fbd80000,0x00000007fbd80000,0x0000000800000000)
 ParOldGen       total 167936K, used 133548K [0x0000000700600000, 0x000000070aa00000, 0x00000007aacb0000)
  object space 167936K, 79% used [0x0000000700600000,0x000000070886b070,0x000000070aa00000)
 PSPermGen       total 36800K, used 18288K [0x00000006fb400000, 0x00000006fd7f0000, 0x0000000700600000)
  object space 36800K, 49% used [0x00000006fb400000,0x00000006fc5dc2d0,0x00000006fd7f0000)
Event: 16.363 GC heap after
Heap after GC invocations=15 (full 2):
 PSYoungGen      total 1089536K, used 0K [0x00000007aacb0000, 0x0000000800000000, 0x0000000800000000)
  eden space 1022720K, 0% used [0x00000007aacb0000,0x00000007aacb0000,0x00000007e9370000)
  from space 66816K, 0% used [0x00000007e9370000,0x00000007e9370000,0x00000007ed4b0000)
  to   space 68096K, 0% used [0x00000007fbd80000,0x00000007fbd80000,0x0000000800000000)
 ParOldGen       total 228480K, used 75650K [0x0000000700600000, 0x000000070e520000, 0x00000007aacb0000)
  object space 228480K, 33% used [0x0000000700600000,0x0000000704fe09f8,0x000000070e520000)
 PSPermGen       total 40960K, used 18288K [0x00000006fb400000, 0x00000006fdc00000, 0x0000000700600000)
  object space 40960K, 44% used [0x00000006fb400000,0x00000006fc5dc1b0,0x00000006fdc00000)
}
Event: 18.956 GC heap before
{Heap before GC invocations=16 (full 2):
 PSYoungGen      total 1089536K, used 1022720K [0x00000007aacb0000, 0x0000000800000000, 0x0000000800000000)
  eden space 1022720K, 100% used [0x00000007aacb0000,0x00000007e9370000,0x00000007e9370000)
  from space 66816K, 0% used [0x00000007e9370000,0x00000007e9370000,0x00000007ed4b0000)
  to   space 68096K, 0% used [0x00000007fbd80000,0x00000007fbd80000,0x0000000800000000)
 ParOldGen       total 228480K, used 97303K [0x0000000700600000, 0x000000070e520000, 0x00000007aacb0000)
  object space 228480K, 42% used [0x0000000700600000,0x0000000706505d70,0x000000070e520000)
 PSPermGen       total 40960K, used 18325K [0x00000006fb400000, 0x00000006fdc00000, 0x0000000700600000)
  object space 40960K, 44% used [0x00000006fb400000,0x00000006fc5e57a8,0x00000006fdc00000)
Event: 18.963 GC heap after
Heap after GC invocations=16 (full 2):
 PSYoungGen      total 1328064K, used 24619K [0x00000007aacb0000, 0x00000007fff00000, 0x0000000800000000)
  eden space 1260992K, 0% used [0x00000007aacb0000,0x00000007aacb0000,0x00000007f7c20000)
  from space 67072K, 36% used [0x00000007fbd80000,0x00000007fd58ad20,0x00000007fff00000)
  to   space 66944K, 0% used [0x00000007f7c20000,0x00000007f7c20000,0x00000007fbd80000)
 ParOldGen       total 228480K, used 97303K [0x0000000700600000, 0x000000070e520000, 0x00000007aacb0000)
  object space 228480K, 42% used [0x0000000700600000,0x0000000706505d70,0x000000070e520000)
 PSPermGen       total 40960K, used 18325K [0x00000006fb400000, 0x00000006fdc00000, 0x0000000700600000)
  object space 40960K, 44% used [0x00000006fb400000,0x00000006fc5e57a8,0x00000006fdc00000)
}
Event: 21.753 GC heap before
{Heap before GC invocations=17 (full 2):
 PSYoungGen      total 1328064K, used 1280405K [0x00000007aacb0000, 0x00000007fff00000, 0x0000000800000000)
  eden space 1260992K, 99% used [0x00000007aacb0000,0x00000007f770a928,0x00000007f7c20000)
  from space 67072K, 36% used [0x00000007fbd80000,0x00000007fd58ad20,0x00000007fff00000)
  to   space 66944K, 0% used [0x00000007f7c20000,0x00000007f7c20000,0x00000007fbd80000)
 ParOldGen       total 228480K, used 103378K [0x0000000700600000, 0x000000070e520000, 0x00000007aacb0000)
  object space 228480K, 45% used [0x0000000700600000,0x0000000706af4980,0x000000070e520000)
 PSPermGen       total 40960K, used 18332K [0x00000006fb400000, 0x00000006fdc00000, 0x0000000700600000)
  object space 40960K, 44% used [0x00000006fb400000,0x00000006fc5e7290,0x00000006fdc00000)
Event: 21.769 GC heap after
Heap after GC invocations=17 (full 2):
 PSYoungGen      total 1324608K, used 63554K [0x00000007aacb0000, 0x0000000800000000, 0x0000000800000000)
  eden space 1260992K, 0% used [0x00000007aacb0000,0x00000007aacb0000,0x00000007f7c20000)
  from space 63616K, 99% used [0x00000007f7c20000,0x00000007fba30a28,0x00000007fba40000)
  to   space 71424K, 0% used [0x00000007fba40000,0x00000007fba40000,0x0000000800000000)
 ParOldGen       total 228480K, used 103442K [0x0000000700600000, 0x000000070e520000, 0x00000007aacb0000)
  object space 228480K, 45% used [0x0000000700600000,0x0000000706b04990,0x000000070e520000)
 PSPermGen       total 40960K, used 18332K [0x00000006fb400000, 0x00000006fdc00000, 0x0000000700600000)
  object space 40960K, 44% used [0x00000006fb400000,0x00000006fc5e7290,0x00000006fdc00000)
}
Event: 26.587 GC heap before
{Heap before GC invocations=18 (full 2):
 PSYoungGen      total 1324608K, used 1324546K [0x00000007aacb0000, 0x0000000800000000, 0x0000000800000000)
  eden space 1260992K, 100% used [0x00000007aacb0000,0x00000007f7c20000,0x00000007f7c20000)
  from space 63616K, 99% used [0x00000007f7c20000,0x00000007fba30a28,0x00000007fba40000)
  to   space 71424K, 0% used [0x00000007fba40000,0x00000007fba40000,0x0000000800000000)
 ParOldGen       total 228480K, used 173597K [0x0000000700600000, 0x000000070e520000, 0x00000007aacb0000)
  object space 228480K, 75% used [0x0000000700600000,0x000000070af87740,0x000000070e520000)
 PSPermGen       total 40960K, used 18341K [0x00000006fb400000, 0x00000006fdc00000, 0x0000000700600000)
  object space 40960K, 44% used [0x00000006fb400000,0x00000006fc5e96e8,0x00000006fdc00000)
Event: 26.600 GC heap after
Heap after GC invocations=18 (full 2):
 PSYoungGen      total 1321280K, used 23631K [0x00000007aacb0000, 0x0000000800000000, 0x0000000800000000)
  eden space 1249856K, 0% used [0x00000007aacb0000,0x00000007aacb0000,0x00000007f7140000)
  from space 71424K, 33% used [0x00000007fba40000,0x00000007fd153c50,0x0000000800000000)
  to   space 73088K, 0% used [0x00000007f7140000,0x00000007f7140000,0x00000007fb8a0000)
 ParOldGen       total 228480K, used 203791K [0x0000000700600000, 0x000000070e520000, 0x00000007aacb0000)
  object space 228480K, 89% used [0x0000000700600000,0x000000070cd03ce8,0x000000070e520000)
 PSPermGen       total 40960K, used 18341K [0x00000006fb400000, 0x00000006fdc00000, 0x0000000700600000)
  object space 40960K, 44% used [0x00000006fb400000,0x00000006fc5e96e8,0x00000006fdc00000)
}
Event: 26.600 GC heap before
{Heap before GC invocations=19 (full 3):
 PSYoungGen      total 1321280K, used 23631K [0x00000007aacb0000, 0x0000000800000000, 0x0000000800000000)
  eden space 1249856K, 0% used [0x00000007aacb0000,0x00000007aacb0000,0x00000007f7140000)
  from space 71424K, 33% used [0x00000007fba40000,0x00000007fd153c50,0x0000000800000000)
  to   space 73088K, 0% used [0x00000007f7140000,0x00000007f7140000,0x00000007fb8a0000)
 ParOldGen       total 228480K, used 203791K [0x0000000700600000, 0x000000070e520000, 0x00000007aacb0000)
  object space 228480K, 89% used [0x0000000700600000,0x000000070cd03ce8,0x000000070e520000)
 PSPermGen       total 40960K, used 18341K [0x00000006fb400000, 0x00000006fdc00000, 0x0000000700600000)
  object space 40960K, 44% used [0x00000006fb400000,0x00000006fc5e96e8,0x00000006fdc00000)
Event: 26.636 GC heap after
Heap after GC invocations=19 (full 3):
 PSYoungGen      total 1321280K, used 0K [0x00000007aacb0000, 0x0000000800000000, 0x0000000800000000)
  eden space 1249856K, 0% used [0x00000007aacb0000,0x00000007aacb0000,0x00000007f7140000)
  from space 71424K, 0% used [0x00000007fba40000,0x00000007fba40000,0x0000000800000000)
  to   space 73088K, 0% used [0x00000007f7140000,0x00000007f7140000,0x00000007fb8a0000)
 ParOldGen       total 260096K, used 73057K [0x0000000700600000, 0x0000000710400000, 0x00000007aacb0000)
  object space 260096K, 28% used [0x0000000700600000,0x0000000704d58638,0x0000000710400000)
 PSPermGen       total 39808K, used 18341K [0x00000006fb400000, 0x00000006fdae0000, 0x0000000700600000)
  object space 39808K, 46% used [0x00000006fb400000,0x00000006fc5e9608,0x00000006fdae0000)
}

