# JRE version: 7.0_07-b11
# Java VM: Java HotSpot(TM) 64-Bit Server VM (23.3-b01 mixed mode windows-amd64 compressed oops)
Heap
 PSYoungGen      total 150016K, used 133216K [0x00000007aacb0000, 0x00000007b5530000, 0x0000000800000000)
  eden space 133120K, 99% used [0x00000007aacb0000,0x00000007b2e983f0,0x00000007b2eb0000)
  from space 16896K, 1% used [0x00000007b44b0000,0x00000007b44e0000,0x00000007b5530000)
  to   space 19712K, 0% used [0x00000007b2eb0000,0x00000007b2eb0000,0x00000007b41f0000)
 ParOldGen       total 463104K, used 462793K [0x0000000700600000, 0x000000071ca40000, 0x00000007aacb0000)
  object space 463104K, 99% used [0x0000000700600000,0x000000071c9f2478,0x000000071ca40000)
 PSPermGen       total 32704K, used 18114K [0x00000006fb400000, 0x00000006fd3f0000, 0x0000000700600000)
  object space 32704K, 55% used [0x00000006fb400000,0x00000006fc5b09b8,0x00000006fd3f0000)
GC Heap History (10 events):
Event: 13.727 GC heap before
{Heap before GC invocations=11 (full 5):
 PSYoungGen      total 119040K, used 102337K [0x00000007aacb0000, 0x00000007b36b0000, 0x0000000800000000)
  eden space 102784K, 99% used [0x00000007aacb0000,0x00000007b10a07a0,0x00000007b1110000)
  from space 16256K, 0% used [0x00000007b2190000,0x00000007b2190000,0x00000007b3170000)
  to   space 16896K, 0% used [0x00000007b1110000,0x00000007b1110000,0x00000007b2190000)
 ParOldGen       total 329856K, used 326477K [0x0000000700600000, 0x0000000714820000, 0x00000007aacb0000)
  object space 329856K, 98% used [0x0000000700600000,0x00000007144d3648,0x0000000714820000)
 PSPermGen       total 37632K, used 18084K [0x00000006fb400000, 0x00000006fd8c0000, 0x0000000700600000)
  object space 37632K, 48% used [0x00000006fb400000,0x00000006fc5a93f0,0x00000006fd8c0000)
Event: 13.751 GC heap after
Heap after GC invocations=11 (full 5):
 PSYoungGen      total 119040K, used 0K [0x00000007aacb0000, 0x00000007b36b0000, 0x0000000800000000)
  eden space 102784K, 0% used [0x00000007aacb0000,0x00000007aacb0000,0x00000007b1110000)
  from space 16256K, 0% used [0x00000007b2190000,0x00000007b2190000,0x00000007b3170000)
  to   space 16896K, 0% used [0x00000007b1110000,0x00000007b1110000,0x00000007b2190000)
 ParOldGen       total 328640K, used 20071K [0x0000000700600000, 0x00000007146f0000, 0x00000007aacb0000)
  object space 328640K, 6% used [0x0000000700600000,0x0000000701999d88,0x00000007146f0000)
 PSPermGen       total 35968K, used 18084K [0x00000006fb400000, 0x00000006fd720000, 0x0000000700600000)
  object space 35968K, 50% used [0x00000006fb400000,0x00000006fc5a93f0,0x00000006fd720000)
}
Event: 15.194 GC heap before
{Heap before GC invocations=12 (full 6):
 PSYoungGen      total 119040K, used 102140K [0x00000007aacb0000, 0x00000007b36b0000, 0x0000000800000000)
  eden space 102784K, 99% used [0x00000007aacb0000,0x00000007b106f190,0x00000007b1110000)
  from space 16256K, 0% used [0x00000007b2190000,0x00000007b2190000,0x00000007b3170000)
  to   space 16896K, 0% used [0x00000007b1110000,0x00000007b1110000,0x00000007b2190000)
 ParOldGen       total 328640K, used 326480K [0x0000000700600000, 0x00000007146f0000, 0x00000007aacb0000)
  object space 328640K, 99% used [0x0000000700600000,0x00000007144d40c8,0x00000007146f0000)
 PSPermGen       total 35968K, used 18086K [0x00000006fb400000, 0x00000006fd720000, 0x0000000700600000)
  object space 35968K, 50% used [0x00000006fb400000,0x00000006fc5a98e8,0x00000006fd720000)
Event: 15.218 GC heap after
Heap after GC invocations=12 (full 6):
 PSYoungGen      total 119040K, used 0K [0x00000007aacb0000, 0x00000007b36b0000, 0x0000000800000000)
  eden space 102784K, 0% used [0x00000007aacb0000,0x00000007aacb0000,0x00000007b1110000)
  from space 16256K, 0% used [0x00000007b2190000,0x00000007b2190000,0x00000007b3170000)
  to   space 16896K, 0% used [0x00000007b1110000,0x00000007b1110000,0x00000007b2190000)
 ParOldGen       total 398080K, used 23491K [0x0000000700600000, 0x0000000718ac0000, 0x00000007aacb0000)
  object space 398080K, 5% used [0x0000000700600000,0x0000000701cf0dc0,0x0000000718ac0000)
 PSPermGen       total 33920K, used 18086K [0x00000006fb400000, 0x00000006fd520000, 0x0000000700600000)
  object space 33920K, 53% used [0x00000006fb400000,0x00000006fc5a98e8,0x00000006fd520000)
}
Event: 16.727 GC heap before
{Heap before GC invocations=13 (full 6):
 PSYoungGen      total 119040K, used 102115K [0x00000007aacb0000, 0x00000007b36b0000, 0x0000000800000000)
  eden space 102784K, 99% used [0x00000007aacb0000,0x00000007b1068cc8,0x00000007b1110000)
  from space 16256K, 0% used [0x00000007b2190000,0x00000007b2190000,0x00000007b3170000)
  to   space 16896K, 0% used [0x00000007b1110000,0x00000007b1110000,0x00000007b2190000)
 ParOldGen       total 398080K, used 329900K [0x0000000700600000, 0x0000000718ac0000, 0x00000007aacb0000)
  object space 398080K, 82% used [0x0000000700600000,0x000000071482b100,0x0000000718ac0000)
 PSPermGen       total 33920K, used 18088K [0x00000006fb400000, 0x00000006fd520000, 0x0000000700600000)
  object space 33920K, 53% used [0x00000006fb400000,0x00000006fc5aa150,0x00000006fd520000)
Event: 16.728 GC heap after
Heap after GC invocations=13 (full 6):
 PSYoungGen      total 119680K, used 192K [0x00000007aacb0000, 0x00000007b5700000, 0x0000000800000000)
  eden space 102784K, 0% used [0x00000007aacb0000,0x00000007aacb0000,0x00000007b1110000)
  from space 16896K, 1% used [0x00000007b1110000,0x00000007b1140000,0x00000007b2190000)
  to   space 18752K, 0% used [0x00000007b44b0000,0x00000007b44b0000,0x00000007b5700000)
 ParOldGen       total 398080K, used 329900K [0x0000000700600000, 0x0000000718ac0000, 0x00000007aacb0000)
  object space 398080K, 82% used [0x0000000700600000,0x000000071482b100,0x0000000718ac0000)
 PSPermGen       total 33920K, used 18088K [0x00000006fb400000, 0x00000006fd520000, 0x0000000700600000)
  object space 33920K, 53% used [0x00000006fb400000,0x00000006fc5aa150,0x00000006fd520000)
}
Event: 18.194 GC heap before
{Heap before GC invocations=14 (full 7):
 PSYoungGen      total 119680K, used 102397K [0x00000007aacb0000, 0x00000007b5700000, 0x0000000800000000)
  eden space 102784K, 99% used [0x00000007aacb0000,0x00000007b107f738,0x00000007b1110000)
  from space 16896K, 1% used [0x00000007b1110000,0x00000007b1140000,0x00000007b2190000)
  to   space 18752K, 0% used [0x00000007b44b0000,0x00000007b44b0000,0x00000007b5700000)
 ParOldGen       total 639104K, used 636309K [0x0000000700600000, 0x0000000727620000, 0x00000007aacb0000)
  object space 639104K, 99% used [0x0000000700600000,0x0000000727365440,0x0000000727620000)
 PSPermGen       total 33920K, used 18096K [0x00000006fb400000, 0x00000006fd520000, 0x0000000700600000)
  object space 33920K, 53% used [0x00000006fb400000,0x00000006fc5ac1c0,0x00000006fd520000)
Event: 18.235 GC heap after
Heap after GC invocations=14 (full 7):
 PSYoungGen      total 119680K, used 0K [0x00000007aacb0000, 0x00000007b5700000, 0x0000000800000000)
  eden space 102784K, 0% used [0x00000007aacb0000,0x00000007aacb0000,0x00000007b1110000)
  from space 16896K, 0% used [0x00000007b1110000,0x00000007b1110000,0x00000007b2190000)
  to   space 18752K, 0% used [0x00000007b44b0000,0x00000007b44b0000,0x00000007b5700000)
 ParOldGen       total 463104K, used 23493K [0x0000000700600000, 0x000000071ca40000, 0x00000007aacb0000)
  object space 463104K, 5% used [0x0000000700600000,0x0000000701cf14f8,0x000000071ca40000)
 PSPermGen       total 32704K, used 18096K [0x00000006fb400000, 0x00000006fd3f0000, 0x0000000700600000)
  object space 32704K, 55% used [0x00000006fb400000,0x00000006fc5ac1c0,0x00000006fd3f0000)
}
Event: 19.727 GC heap before
{Heap before GC invocations=15 (full 7):
 PSYoungGen      total 119680K, used 102180K [0x00000007aacb0000, 0x00000007b5700000, 0x0000000800000000)
  eden space 102784K, 99% used [0x00000007aacb0000,0x00000007b1079100,0x00000007b1110000)
  from space 16896K, 0% used [0x00000007b1110000,0x00000007b1110000,0x00000007b2190000)
  to   space 18752K, 0% used [0x00000007b44b0000,0x00000007b44b0000,0x00000007b5700000)
 ParOldGen       total 463104K, used 329902K [0x0000000700600000, 0x000000071ca40000, 0x00000007aacb0000)
  object space 463104K, 71% used [0x0000000700600000,0x000000071482b838,0x000000071ca40000)
 PSPermGen       total 32704K, used 18106K [0x00000006fb400000, 0x00000006fd3f0000, 0x0000000700600000)
  object space 32704K, 55% used [0x00000006fb400000,0x00000006fc5ae800,0x00000006fd3f0000)
Event: 19.729 GC heap after
Heap after GC invocations=15 (full 7):
 PSYoungGen      total 150016K, used 192K [0x00000007aacb0000, 0x00000007b5530000, 0x0000000800000000)
  eden space 133120K, 0% used [0x00000007aacb0000,0x00000007aacb0000,0x00000007b2eb0000)
  from space 16896K, 1% used [0x00000007b44b0000,0x00000007b44e0000,0x00000007b5530000)
  to   space 19712K, 0% used [0x00000007b2eb0000,0x00000007b2eb0000,0x00000007b41f0000)
 ParOldGen       total 463104K, used 329902K [0x0000000700600000, 0x000000071ca40000, 0x00000007aacb0000)
  object space 463104K, 71% used [0x0000000700600000,0x000000071482b838,0x000000071ca40000)
 PSPermGen       total 32704K, used 18106K [0x00000006fb400000, 0x00000006fd3f0000, 0x0000000700600000)
  object space 32704K, 55% used [0x00000006fb400000,0x00000006fc5ae800,0x00000006fd3f0000)
}

