# JRE version: 7.0_07-b11
# Java VM: Java HotSpot(TM) 64-Bit Server VM (23.3-b01 mixed mode windows-amd64 compressed oops)
Heap
 PSYoungGen      total 341568K, used 200970K [0x00000007aacb0000, 0x00000007c82f0000, 0x0000000800000000)
  eden space 257024K, 54% used [0x00000007aacb0000,0x00000007b346f230,0x00000007ba7b0000)
  from space 84544K, 73% used [0x00000007ba7b0000,0x00000007be433940,0x00000007bfa40000)
  to   space 89856K, 0% used [0x00000007c2b30000,0x00000007c2b30000,0x00000007c82f0000)
 ParOldGen       total 437824K, used 30936K [0x0000000700600000, 0x000000071b190000, 0x00000007aacb0000)
  object space 437824K, 7% used [0x0000000700600000,0x0000000702436170,0x000000071b190000)
 PSPermGen       total 35520K, used 18015K [0x00000006fb400000, 0x00000006fd6b0000, 0x0000000700600000)
  object space 35520K, 50% used [0x00000006fb400000,0x00000006fc597c30,0x00000006fd6b0000)
GC Heap History (10 events):
Event: 11.977 GC heap before
{Heap before GC invocations=18 (full 5):
 PSYoungGen      total 237952K, used 237302K [0x00000007aacb0000, 0x00000007c1030000, 0x0000000800000000)
  eden space 174592K, 99% used [0x00000007aacb0000,0x00000007b572d368,0x00000007b5730000)
  from space 63360K, 98% used [0x00000007b5730000,0x00000007b94704a0,0x00000007b9510000)
  to   space 73984K, 0% used [0x00000007bc7f0000,0x00000007bc7f0000,0x00000007c1030000)
 ParOldGen       total 430464K, used 430273K [0x0000000700600000, 0x000000071aa60000, 0x00000007aacb0000)
  object space 430464K, 99% used [0x0000000700600000,0x000000071aa305e0,0x000000071aa60000)
 PSPermGen       total 37632K, used 18001K [0x00000006fb400000, 0x00000006fd8c0000, 0x0000000700600000)
  object space 37632K, 47% used [0x00000006fb400000,0x00000006fc5947d8,0x00000006fd8c0000)
Event: 12.002 GC heap after
Heap after GC invocations=18 (full 5):
 PSYoungGen      total 237952K, used 0K [0x00000007aacb0000, 0x00000007c1030000, 0x0000000800000000)
  eden space 174592K, 0% used [0x00000007aacb0000,0x00000007aacb0000,0x00000007b5730000)
  from space 63360K, 0% used [0x00000007b5730000,0x00000007b5730000,0x00000007b9510000)
  to   space 73984K, 0% used [0x00000007bc7f0000,0x00000007bc7f0000,0x00000007c1030000)
 ParOldGen       total 437824K, used 30936K [0x0000000700600000, 0x000000071b190000, 0x00000007aacb0000)
  object space 437824K, 7% used [0x0000000700600000,0x0000000702436170,0x000000071b190000)
 PSPermGen       total 35520K, used 18001K [0x00000006fb400000, 0x00000006fd6b0000, 0x0000000700600000)
  object space 35520K, 50% used [0x00000006fb400000,0x00000006fc594798,0x00000006fd6b0000)
}
Event: 12.310 GC heap before
{Heap before GC invocations=19 (full 5):
 PSYoungGen      total 237952K, used 169698K [0x00000007aacb0000, 0x00000007c1030000, 0x0000000800000000)
  eden space 174592K, 97% used [0x00000007aacb0000,0x00000007b52689d0,0x00000007b5730000)
  from space 63360K, 0% used [0x00000007b5730000,0x00000007b5730000,0x00000007b9510000)
  to   space 73984K, 0% used [0x00000007bc7f0000,0x00000007bc7f0000,0x00000007c1030000)
 ParOldGen       total 437824K, used 30936K [0x0000000700600000, 0x000000071b190000, 0x00000007aacb0000)
  object space 437824K, 7% used [0x0000000700600000,0x0000000702436170,0x000000071b190000)
 PSPermGen       total 35520K, used 18001K [0x00000006fb400000, 0x00000006fd6b0000, 0x0000000700600000)
  object space 35520K, 50% used [0x00000006fb400000,0x00000006fc594798,0x00000006fd6b0000)
Event: 12.324 GC heap after
Heap after GC invocations=19 (full 5):
 PSYoungGen      total 283968K, used 56228K [0x00000007aacb0000, 0x00000007c1da0000, 0x0000000800000000)
  eden space 209984K, 0% used [0x00000007aacb0000,0x00000007aacb0000,0x00000007b79c0000)
  from space 73984K, 76% used [0x00000007bc7f0000,0x00000007bfed9350,0x00000007c1030000)
  to   space 80064K, 0% used [0x00000007b79c0000,0x00000007b79c0000,0x00000007bc7f0000)
 ParOldGen       total 437824K, used 30936K [0x0000000700600000, 0x000000071b190000, 0x00000007aacb0000)
  object space 437824K, 7% used [0x0000000700600000,0x0000000702436170,0x000000071b190000)
 PSPermGen       total 35520K, used 18001K [0x00000006fb400000, 0x00000006fd6b0000, 0x0000000700600000)
  object space 35520K, 50% used [0x00000006fb400000,0x00000006fc594798,0x00000006fd6b0000)
}
Event: 12.717 GC heap before
{Heap before GC invocations=20 (full 5):
 PSYoungGen      total 283968K, used 260427K [0x00000007aacb0000, 0x00000007c1da0000, 0x0000000800000000)
  eden space 209984K, 97% used [0x00000007aacb0000,0x00000007b7419908,0x00000007b79c0000)
  from space 73984K, 76% used [0x00000007bc7f0000,0x00000007bfed9350,0x00000007c1030000)
  to   space 80064K, 0% used [0x00000007b79c0000,0x00000007b79c0000,0x00000007bc7f0000)
 ParOldGen       total 437824K, used 30936K [0x0000000700600000, 0x000000071b190000, 0x00000007aacb0000)
  object space 437824K, 7% used [0x0000000700600000,0x0000000702436170,0x000000071b190000)
 PSPermGen       total 35520K, used 18003K [0x00000006fb400000, 0x00000006fd6b0000, 0x0000000700600000)
  object space 35520K, 50% used [0x00000006fb400000,0x00000006fc594fc0,0x00000006fd6b0000)
Event: 12.722 GC heap after
Heap after GC invocations=20 (full 5):
 PSYoungGen      total 290048K, used 47464K [0x00000007aacb0000, 0x00000007c49e0000, 0x0000000800000000)
  eden space 209984K, 0% used [0x00000007aacb0000,0x00000007aacb0000,0x00000007b79c0000)
  from space 80064K, 59% used [0x00000007b79c0000,0x00000007ba81a000,0x00000007bc7f0000)
  to   space 81536K, 0% used [0x00000007bfa40000,0x00000007bfa40000,0x00000007c49e0000)
 ParOldGen       total 437824K, used 30936K [0x0000000700600000, 0x000000071b190000, 0x00000007aacb0000)
  object space 437824K, 7% used [0x0000000700600000,0x0000000702436170,0x000000071b190000)
 PSPermGen       total 35520K, used 18003K [0x00000006fb400000, 0x00000006fd6b0000, 0x0000000700600000)
  object space 35520K, 50% used [0x00000006fb400000,0x00000006fc594fc0,0x00000006fd6b0000)
}
Event: 13.111 GC heap before
{Heap before GC invocations=21 (full 5):
 PSYoungGen      total 290048K, used 251558K [0x00000007aacb0000, 0x00000007c49e0000, 0x0000000800000000)
  eden space 209984K, 97% used [0x00000007aacb0000,0x00000007b73ffad0,0x00000007b79c0000)
  from space 80064K, 59% used [0x00000007b79c0000,0x00000007ba81a000,0x00000007bc7f0000)
  to   space 81536K, 0% used [0x00000007bfa40000,0x00000007bfa40000,0x00000007c49e0000)
 ParOldGen       total 437824K, used 30936K [0x0000000700600000, 0x000000071b190000, 0x00000007aacb0000)
  object space 437824K, 7% used [0x0000000700600000,0x0000000702436170,0x000000071b190000)
 PSPermGen       total 35520K, used 18007K [0x00000006fb400000, 0x00000006fd6b0000, 0x0000000700600000)
  object space 35520K, 50% used [0x00000006fb400000,0x00000006fc595c28,0x00000006fd6b0000)
Event: 13.125 GC heap after
Heap after GC invocations=21 (full 5):
 PSYoungGen      total 338560K, used 53402K [0x00000007aacb0000, 0x00000007c5700000, 0x0000000800000000)
  eden space 257024K, 0% used [0x00000007aacb0000,0x00000007aacb0000,0x00000007ba7b0000)
  from space 81536K, 65% used [0x00000007bfa40000,0x00000007c2e66900,0x00000007c49e0000)
  to   space 84544K, 0% used [0x00000007ba7b0000,0x00000007ba7b0000,0x00000007bfa40000)
 ParOldGen       total 437824K, used 30936K [0x0000000700600000, 0x000000071b190000, 0x00000007aacb0000)
  object space 437824K, 7% used [0x0000000700600000,0x0000000702436170,0x000000071b190000)
 PSPermGen       total 35520K, used 18007K [0x00000006fb400000, 0x00000006fd6b0000, 0x0000000700600000)
  object space 35520K, 50% used [0x00000006fb400000,0x00000006fc595c28,0x00000006fd6b0000)
}
Event: 13.638 GC heap before
{Heap before GC invocations=22 (full 5):
 PSYoungGen      total 338560K, used 305290K [0x00000007aacb0000, 0x00000007c5700000, 0x0000000800000000)
  eden space 257024K, 98% used [0x00000007aacb0000,0x00000007ba2ac2a0,0x00000007ba7b0000)
  from space 81536K, 65% used [0x00000007bfa40000,0x00000007c2e66900,0x00000007c49e0000)
  to   space 84544K, 0% used [0x00000007ba7b0000,0x00000007ba7b0000,0x00000007bfa40000)
 ParOldGen       total 437824K, used 30936K [0x0000000700600000, 0x000000071b190000, 0x00000007aacb0000)
  object space 437824K, 7% used [0x0000000700600000,0x0000000702436170,0x000000071b190000)
 PSPermGen       total 35520K, used 18014K [0x00000006fb400000, 0x00000006fd6b0000, 0x0000000700600000)
  object space 35520K, 50% used [0x00000006fb400000,0x00000006fc597880,0x00000006fd6b0000)
Event: 13.645 GC heap after
Heap after GC invocations=22 (full 5):
 PSYoungGen      total 341568K, used 61966K [0x00000007aacb0000, 0x00000007c82f0000, 0x0000000800000000)
  eden space 257024K, 0% used [0x00000007aacb0000,0x00000007aacb0000,0x00000007ba7b0000)
  from space 84544K, 73% used [0x00000007ba7b0000,0x00000007be433940,0x00000007bfa40000)
  to   space 89856K, 0% used [0x00000007c2b30000,0x00000007c2b30000,0x00000007c82f0000)
 ParOldGen       total 437824K, used 30936K [0x0000000700600000, 0x000000071b190000, 0x00000007aacb0000)
  object space 437824K, 7% used [0x0000000700600000,0x0000000702436170,0x000000071b190000)
 PSPermGen       total 35520K, used 18014K [0x00000006fb400000, 0x00000006fd6b0000, 0x0000000700600000)
  object space 35520K, 50% used [0x00000006fb400000,0x00000006fc597880,0x00000006fd6b0000)
}

