# JRE version: 7.0_07-b11
# Java VM: Java HotSpot(TM) 64-Bit Server VM (23.3-b01 mixed mode windows-amd64 compressed oops)
Heap
 PSYoungGen      total 1229760K, used 649504K [0x00000007aacb0000, 0x00000007fcf00000, 0x0000000800000000)
  eden space 1212608K, 52% used [0x00000007aacb0000,0x00000007d1641710,0x00000007f4ce0000)
  from space 17152K, 99% used [0x00000007fbe40000,0x00000007fcef68f8,0x00000007fcf00000)
  to   space 62080K, 0% used [0x00000007f55c0000,0x00000007f55c0000,0x00000007f9260000)
 ParOldGen       total 369280K, used 60575K [0x0000000700600000, 0x0000000716ea0000, 0x00000007aacb0000)
  object space 369280K, 16% used [0x0000000700600000,0x0000000704127c78,0x0000000716ea0000)
 PSPermGen       total 32640K, used 18381K [0x00000006fb400000, 0x00000006fd3e0000, 0x0000000700600000)
  object space 32640K, 56% used [0x00000006fb400000,0x00000006fc5f3550,0x00000006fd3e0000)
GC Heap History (10 events):
Event: 37.225 GC heap before
{Heap before GC invocations=27 (full 6):
 PSYoungGen      total 1330176K, used 1264855K [0x00000007aacb0000, 0x0000000800000000, 0x0000000800000000)
  eden space 1266240K, 99% used [0x00000007aacb0000,0x00000007f7fa5fe8,0x00000007f8140000)
  from space 63936K, 0% used [0x00000007fc190000,0x00000007fc1d0000,0x0000000800000000)
  to   space 64896K, 0% used [0x00000007f8140000,0x00000007f8140000,0x00000007fc0a0000)
 ParOldGen       total 328704K, used 252332K [0x0000000700600000, 0x0000000714700000, 0x00000007aacb0000)
  object space 328704K, 76% used [0x0000000700600000,0x000000070fc6b2e8,0x0000000714700000)
 PSPermGen       total 33792K, used 18322K [0x00000006fb400000, 0x00000006fd500000, 0x0000000700600000)
  object space 33792K, 54% used [0x00000006fb400000,0x00000006fc5e49c8,0x00000006fd500000)
Event: 37.236 GC heap after
Heap after GC invocations=27 (full 6):
 PSYoungGen      total 1307648K, used 41366K [0x00000007aacb0000, 0x0000000800000000, 0x0000000800000000)
  eden space 1266240K, 0% used [0x00000007aacb0000,0x00000007aacb0000,0x00000007f8140000)
  from space 41408K, 99% used [0x00000007f8140000,0x00000007fa9a5b30,0x00000007fa9b0000)
  to   space 67072K, 0% used [0x00000007fbe80000,0x00000007fbe80000,0x0000000800000000)
 ParOldGen       total 328704K, used 252332K [0x0000000700600000, 0x0000000714700000, 0x00000007aacb0000)
  object space 328704K, 76% used [0x0000000700600000,0x000000070fc6b2e8,0x0000000714700000)
 PSPermGen       total 33792K, used 18322K [0x00000006fb400000, 0x00000006fd500000, 0x0000000700600000)
  object space 33792K, 54% used [0x00000006fb400000,0x00000006fc5e49c8,0x00000006fd500000)
}
Event: 39.656 GC heap before
{Heap before GC invocations=28 (full 6):
 PSYoungGen      total 1307648K, used 1303326K [0x00000007aacb0000, 0x0000000800000000, 0x0000000800000000)
  eden space 1266240K, 99% used [0x00000007aacb0000,0x00000007f7d11e28,0x00000007f8140000)
  from space 41408K, 99% used [0x00000007f8140000,0x00000007fa9a5b30,0x00000007fa9b0000)
  to   space 67072K, 0% used [0x00000007fbe80000,0x00000007fbe80000,0x0000000800000000)
 ParOldGen       total 328704K, used 258407K [0x0000000700600000, 0x0000000714700000, 0x00000007aacb0000)
  object space 328704K, 78% used [0x0000000700600000,0x0000000710259ef8,0x0000000714700000)
 PSPermGen       total 33792K, used 18326K [0x00000006fb400000, 0x00000006fd500000, 0x0000000700600000)
  object space 33792K, 54% used [0x00000006fb400000,0x00000006fc5e5898,0x00000006fd500000)
Event: 39.661 GC heap after
Heap after GC invocations=28 (full 6):
 PSYoungGen      total 1331520K, used 17422K [0x00000007aacb0000, 0x0000000800000000, 0x0000000800000000)
  eden space 1264448K, 0% used [0x00000007aacb0000,0x00000007aacb0000,0x00000007f7f80000)
  from space 67072K, 25% used [0x00000007fbe80000,0x00000007fcf83b80,0x0000000800000000)
  to   space 64512K, 0% used [0x00000007f7f80000,0x00000007f7f80000,0x00000007fbe80000)
 ParOldGen       total 328704K, used 258407K [0x0000000700600000, 0x0000000714700000, 0x00000007aacb0000)
  object space 328704K, 78% used [0x0000000700600000,0x0000000710259ef8,0x0000000714700000)
 PSPermGen       total 33792K, used 18326K [0x00000006fb400000, 0x00000006fd500000, 0x0000000700600000)
  object space 33792K, 54% used [0x00000006fb400000,0x00000006fc5e5898,0x00000006fd500000)
}
Event: 42.289 GC heap before
{Heap before GC invocations=29 (full 7):
 PSYoungGen      total 1331520K, used 1281870K [0x00000007aacb0000, 0x0000000800000000, 0x0000000800000000)
  eden space 1264448K, 100% used [0x00000007aacb0000,0x00000007f7f80000,0x00000007f7f80000)
  from space 67072K, 25% used [0x00000007fbe80000,0x00000007fcf83b80,0x0000000800000000)
  to   space 64512K, 0% used [0x00000007f7f80000,0x00000007f7f80000,0x00000007fbe80000)
 ParOldGen       total 344896K, used 344809K [0x0000000700600000, 0x00000007156d0000, 0x00000007aacb0000)
  object space 344896K, 99% used [0x0000000700600000,0x00000007156ba468,0x00000007156d0000)
 PSPermGen       total 33792K, used 18342K [0x00000006fb400000, 0x00000006fd500000, 0x0000000700600000)
  object space 33792K, 54% used [0x00000006fb400000,0x00000006fc5e9bd0,0x00000006fd500000)
Event: 42.321 GC heap after
Heap after GC invocations=29 (full 7):
 PSYoungGen      total 1331520K, used 0K [0x00000007aacb0000, 0x0000000800000000, 0x0000000800000000)
  eden space 1264448K, 0% used [0x00000007aacb0000,0x00000007aacb0000,0x00000007f7f80000)
  from space 67072K, 0% used [0x00000007fbe80000,0x00000007fbe80000,0x0000000800000000)
  to   space 64512K, 0% used [0x00000007f7f80000,0x00000007f7f80000,0x00000007fbe80000)
 ParOldGen       total 369280K, used 60575K [0x0000000700600000, 0x0000000716ea0000, 0x00000007aacb0000)
  object space 369280K, 16% used [0x0000000700600000,0x0000000704127c78,0x0000000716ea0000)
 PSPermGen       total 32640K, used 18342K [0x00000006fb400000, 0x00000006fd3e0000, 0x0000000700600000)
  object space 32640K, 56% used [0x00000006fb400000,0x00000006fc5e9b50,0x00000006fd3e0000)
}
Event: 44.748 GC heap before
{Heap before GC invocations=30 (full 7):
 PSYoungGen      total 1331520K, used 1260700K [0x00000007aacb0000, 0x0000000800000000, 0x0000000800000000)
  eden space 1264448K, 99% used [0x00000007aacb0000,0x00000007f7bd7210,0x00000007f7f80000)
  from space 67072K, 0% used [0x00000007fbe80000,0x00000007fbe80000,0x0000000800000000)
  to   space 64512K, 0% used [0x00000007f7f80000,0x00000007f7f80000,0x00000007fbe80000)
 ParOldGen       total 369280K, used 60575K [0x0000000700600000, 0x0000000716ea0000, 0x00000007aacb0000)
  object space 369280K, 16% used [0x0000000700600000,0x0000000704127c78,0x0000000716ea0000)
 PSPermGen       total 32640K, used 18343K [0x00000006fb400000, 0x00000006fd3e0000, 0x0000000700600000)
  object space 32640K, 56% used [0x00000006fb400000,0x00000006fc5e9e28,0x00000006fd3e0000)
Event: 44.753 GC heap after
Heap after GC invocations=30 (full 7):
 PSYoungGen      total 1299904K, used 35403K [0x00000007aacb0000, 0x00000007ffd00000, 0x0000000800000000)
  eden space 1264448K, 0% used [0x00000007aacb0000,0x00000007aacb0000,0x00000007f7f80000)
  from space 35456K, 99% used [0x00000007f7f80000,0x00000007fa212d28,0x00000007fa220000)
  to   space 64256K, 0% used [0x00000007fbe40000,0x00000007fbe40000,0x00000007ffd00000)
 ParOldGen       total 369280K, used 60575K [0x0000000700600000, 0x0000000716ea0000, 0x00000007aacb0000)
  object space 369280K, 16% used [0x0000000700600000,0x0000000704127c78,0x0000000716ea0000)
 PSPermGen       total 32640K, used 18343K [0x00000006fb400000, 0x00000006fd3e0000, 0x0000000700600000)
  object space 32640K, 56% used [0x00000006fb400000,0x00000006fc5e9e28,0x00000006fd3e0000)
}
Event: 47.314 GC heap before
{Heap before GC invocations=31 (full 7):
 PSYoungGen      total 1299904K, used 1295894K [0x00000007aacb0000, 0x00000007ffd00000, 0x0000000800000000)
  eden space 1264448K, 99% used [0x00000007aacb0000,0x00000007f7ba2ce0,0x00000007f7f80000)
  from space 35456K, 99% used [0x00000007f7f80000,0x00000007fa212d28,0x00000007fa220000)
  to   space 64256K, 0% used [0x00000007fbe40000,0x00000007fbe40000,0x00000007ffd00000)
 ParOldGen       total 369280K, used 60575K [0x0000000700600000, 0x0000000716ea0000, 0x00000007aacb0000)
  object space 369280K, 16% used [0x0000000700600000,0x0000000704127c78,0x0000000716ea0000)
 PSPermGen       total 32640K, used 18346K [0x00000006fb400000, 0x00000006fd3e0000, 0x0000000700600000)
  object space 32640K, 56% used [0x00000006fb400000,0x00000006fc5eab80,0x00000006fd3e0000)
Event: 47.320 GC heap after
Heap after GC invocations=31 (full 7):
 PSYoungGen      total 1229760K, used 17114K [0x00000007aacb0000, 0x00000007fcf00000, 0x0000000800000000)
  eden space 1212608K, 0% used [0x00000007aacb0000,0x00000007aacb0000,0x00000007f4ce0000)
  from space 17152K, 99% used [0x00000007fbe40000,0x00000007fcef68f8,0x00000007fcf00000)
  to   space 62080K, 0% used [0x00000007f55c0000,0x00000007f55c0000,0x00000007f9260000)
 ParOldGen       total 369280K, used 60575K [0x0000000700600000, 0x0000000716ea0000, 0x00000007aacb0000)
  object space 369280K, 16% used [0x0000000700600000,0x0000000704127c78,0x0000000716ea0000)
 PSPermGen       total 32640K, used 18346K [0x00000006fb400000, 0x00000006fd3e0000, 0x0000000700600000)
  object space 32640K, 56% used [0x00000006fb400000,0x00000006fc5eab80,0x00000006fd3e0000)
}

