# JRE version: 7.0_07-b11
# Java VM: Java HotSpot(TM) 64-Bit Server VM (23.3-b01 mixed mode windows-amd64 compressed oops)
Heap
 PSYoungGen      total 162176K, used 133760K [0x00000007aacb0000, 0x00000007b6f10000, 0x0000000800000000)
  eden space 129536K, 81% used [0x00000007aacb0000,0x00000007b143d2f0,0x00000007b2b30000)
  from space 32640K, 84% used [0x00000007b4c70000,0x00000007b67830c0,0x00000007b6c50000)
  to   space 34048K, 0% used [0x00000007b2b30000,0x00000007b2b30000,0x00000007b4c70000)
 ParOldGen       total 174528K, used 56982K [0x0000000700600000, 0x000000070b070000, 0x00000007aacb0000)
  object space 174528K, 32% used [0x0000000700600000,0x0000000703da5b20,0x000000070b070000)
 PSPermGen       total 21248K, used 17675K [0x00000006fb400000, 0x00000006fc8c0000, 0x0000000700600000)
  object space 21248K, 83% used [0x00000006fb400000,0x00000006fc542c48,0x00000006fc8c0000)
GC Heap History (10 events):
Event: 4.926 GC heap before
{Heap before GC invocations=2 (full 0):
 PSYoungGen      total 76352K, used 73555K [0x00000007aacb0000, 0x00000007b01e0000, 0x0000000800000000)
  eden space 65472K, 95% used [0x00000007aacb0000,0x00000007ae9e8e50,0x00000007aeca0000)
  from space 10880K, 99% used [0x00000007aeca0000,0x00000007af73be58,0x00000007af740000)
  to   space 10880K, 0% used [0x00000007af740000,0x00000007af740000,0x00000007b01e0000)
 ParOldGen       total 174528K, used 454K [0x0000000700600000, 0x000000070b070000, 0x00000007aacb0000)
  object space 174528K, 0% used [0x0000000700600000,0x0000000700671938,0x000000070b070000)
 PSPermGen       total 21248K, used 17598K [0x00000006fb400000, 0x00000006fc8c0000, 0x0000000700600000)
  object space 21248K, 82% used [0x00000006fb400000,0x00000006fc52fa48,0x00000006fc8c0000)
Event: 4.935 GC heap after
Heap after GC invocations=2 (full 0):
 PSYoungGen      total 76352K, used 10878K [0x00000007aacb0000, 0x00000007b01e0000, 0x0000000800000000)
  eden space 65472K, 0% used [0x00000007aacb0000,0x00000007aacb0000,0x00000007aeca0000)
  from space 10880K, 99% used [0x00000007af740000,0x00000007b01dfaf0,0x00000007b01e0000)
  to   space 10880K, 0% used [0x00000007aeca0000,0x00000007aeca0000,0x00000007af740000)
 ParOldGen       total 174528K, used 17165K [0x0000000700600000, 0x000000070b070000, 0x00000007aacb0000)
  object space 174528K, 9% used [0x0000000700600000,0x00000007016c37a0,0x000000070b070000)
 PSPermGen       total 21248K, used 17598K [0x00000006fb400000, 0x00000006fc8c0000, 0x0000000700600000)
  object space 21248K, 82% used [0x00000006fb400000,0x00000006fc52fa48,0x00000006fc8c0000)
}
Event: 5.296 GC heap before
{Heap before GC invocations=3 (full 0):
 PSYoungGen      total 76352K, used 74053K [0x00000007aacb0000, 0x00000007b01e0000, 0x0000000800000000)
  eden space 65472K, 96% used [0x00000007aacb0000,0x00000007aea61a78,0x00000007aeca0000)
  from space 10880K, 99% used [0x00000007af740000,0x00000007b01dfaf0,0x00000007b01e0000)
  to   space 10880K, 0% used [0x00000007aeca0000,0x00000007aeca0000,0x00000007af740000)
 ParOldGen       total 174528K, used 17165K [0x0000000700600000, 0x000000070b070000, 0x00000007aacb0000)
  object space 174528K, 9% used [0x0000000700600000,0x00000007016c37a0,0x000000070b070000)
 PSPermGen       total 21248K, used 17644K [0x00000006fb400000, 0x00000006fc8c0000, 0x0000000700600000)
  object space 21248K, 83% used [0x00000006fb400000,0x00000006fc53b260,0x00000006fc8c0000)
Event: 5.301 GC heap after
Heap after GC invocations=3 (full 0):
 PSYoungGen      total 76352K, used 10862K [0x00000007aacb0000, 0x00000007b01e0000, 0x0000000800000000)
  eden space 65472K, 0% used [0x00000007aacb0000,0x00000007aacb0000,0x00000007aeca0000)
  from space 10880K, 99% used [0x00000007aeca0000,0x00000007af73bb00,0x00000007af740000)
  to   space 10880K, 0% used [0x00000007af740000,0x00000007af740000,0x00000007b01e0000)
 ParOldGen       total 174528K, used 27979K [0x0000000700600000, 0x000000070b070000, 0x00000007aacb0000)
  object space 174528K, 16% used [0x0000000700600000,0x0000000702152d40,0x000000070b070000)
 PSPermGen       total 21248K, used 17644K [0x00000006fb400000, 0x00000006fc8c0000, 0x0000000700600000)
  object space 21248K, 83% used [0x00000006fb400000,0x00000006fc53b260,0x00000006fc8c0000)
}
Event: 5.630 GC heap before
{Heap before GC invocations=4 (full 0):
 PSYoungGen      total 76352K, used 72917K [0x00000007aacb0000, 0x00000007b01e0000, 0x0000000800000000)
  eden space 65472K, 94% used [0x00000007aacb0000,0x00000007ae949c88,0x00000007aeca0000)
  from space 10880K, 99% used [0x00000007aeca0000,0x00000007af73bb00,0x00000007af740000)
  to   space 10880K, 0% used [0x00000007af740000,0x00000007af740000,0x00000007b01e0000)
 ParOldGen       total 174528K, used 27979K [0x0000000700600000, 0x000000070b070000, 0x00000007aacb0000)
  object space 174528K, 16% used [0x0000000700600000,0x0000000702152d40,0x000000070b070000)
 PSPermGen       total 21248K, used 17645K [0x00000006fb400000, 0x00000006fc8c0000, 0x0000000700600000)
  object space 21248K, 83% used [0x00000006fb400000,0x00000006fc53b7c0,0x00000006fc8c0000)
Event: 5.636 GC heap after
Heap after GC invocations=4 (full 0):
 PSYoungGen      total 76352K, used 10878K [0x00000007aacb0000, 0x00000007b41d0000, 0x0000000800000000)
  eden space 65472K, 0% used [0x00000007aacb0000,0x00000007aacb0000,0x00000007aeca0000)
  from space 10880K, 99% used [0x00000007af740000,0x00000007b01dfaf0,0x00000007b01e0000)
  to   space 10880K, 0% used [0x00000007aeca0000,0x00000007aeca0000,0x00000007af740000)
 ParOldGen       total 174528K, used 40153K [0x0000000700600000, 0x000000070b070000, 0x00000007aacb0000)
  object space 174528K, 23% used [0x0000000700600000,0x0000000702d36560,0x000000070b070000)
 PSPermGen       total 21248K, used 17645K [0x00000006fb400000, 0x00000006fc8c0000, 0x0000000700600000)
  object space 21248K, 83% used [0x00000006fb400000,0x00000006fc53b7c0,0x00000006fc8c0000)
}
Event: 5.958 GC heap before
{Heap before GC invocations=5 (full 0):
 PSYoungGen      total 76352K, used 72297K [0x00000007aacb0000, 0x00000007b41d0000, 0x0000000800000000)
  eden space 65472K, 93% used [0x00000007aacb0000,0x00000007ae8aa940,0x00000007aeca0000)
  from space 10880K, 99% used [0x00000007af740000,0x00000007b01dfaf0,0x00000007b01e0000)
  to   space 10880K, 0% used [0x00000007aeca0000,0x00000007aeca0000,0x00000007af740000)
 ParOldGen       total 174528K, used 40153K [0x0000000700600000, 0x000000070b070000, 0x00000007aacb0000)
  object space 174528K, 23% used [0x0000000700600000,0x0000000702d36560,0x000000070b070000)
 PSPermGen       total 21248K, used 17646K [0x00000006fb400000, 0x00000006fc8c0000, 0x0000000700600000)
  object space 21248K, 83% used [0x00000006fb400000,0x00000006fc53b8a8,0x00000006fc8c0000)
Event: 5.965 GC heap after
Heap after GC invocations=5 (full 0):
 PSYoungGen      total 76352K, used 10862K [0x00000007aacb0000, 0x00000007b6c50000, 0x0000000800000000)
  eden space 65472K, 0% used [0x00000007aacb0000,0x00000007aacb0000,0x00000007aeca0000)
  from space 10880K, 99% used [0x00000007aeca0000,0x00000007af73bb00,0x00000007af740000)
  to   space 32640K, 0% used [0x00000007b4c70000,0x00000007b4c70000,0x00000007b6c50000)
 ParOldGen       total 174528K, used 56982K [0x0000000700600000, 0x000000070b070000, 0x00000007aacb0000)
  object space 174528K, 32% used [0x0000000700600000,0x0000000703da5b20,0x000000070b070000)
 PSPermGen       total 21248K, used 17646K [0x00000006fb400000, 0x00000006fc8c0000, 0x0000000700600000)
  object space 21248K, 83% used [0x00000006fb400000,0x00000006fc53b8a8,0x00000006fc8c0000)
}
Event: 6.295 GC heap before
{Heap before GC invocations=6 (full 0):
 PSYoungGen      total 76352K, used 72241K [0x00000007aacb0000, 0x00000007b6c50000, 0x0000000800000000)
  eden space 65472K, 93% used [0x00000007aacb0000,0x00000007ae8a0cd0,0x00000007aeca0000)
  from space 10880K, 99% used [0x00000007aeca0000,0x00000007af73bb00,0x00000007af740000)
  to   space 32640K, 0% used [0x00000007b4c70000,0x00000007b4c70000,0x00000007b6c50000)
 ParOldGen       total 174528K, used 56982K [0x0000000700600000, 0x000000070b070000, 0x00000007aacb0000)
  object space 174528K, 32% used [0x0000000700600000,0x0000000703da5b20,0x000000070b070000)
 PSPermGen       total 21248K, used 17646K [0x00000006fb400000, 0x00000006fc8c0000, 0x0000000700600000)
  object space 21248K, 83% used [0x00000006fb400000,0x00000006fc53baf8,0x00000006fc8c0000)
Event: 6.303 GC heap after
Heap after GC invocations=6 (full 0):
 PSYoungGen      total 162176K, used 27724K [0x00000007aacb0000, 0x00000007b6f10000, 0x0000000800000000)
  eden space 129536K, 0% used [0x00000007aacb0000,0x00000007aacb0000,0x00000007b2b30000)
  from space 32640K, 84% used [0x00000007b4c70000,0x00000007b67830c0,0x00000007b6c50000)
  to   space 34048K, 0% used [0x00000007b2b30000,0x00000007b2b30000,0x00000007b4c70000)
 ParOldGen       total 174528K, used 56982K [0x0000000700600000, 0x000000070b070000, 0x00000007aacb0000)
  object space 174528K, 32% used [0x0000000700600000,0x0000000703da5b20,0x000000070b070000)
 PSPermGen       total 21248K, used 17646K [0x00000006fb400000, 0x00000006fc8c0000, 0x0000000700600000)
  object space 21248K, 83% used [0x00000006fb400000,0x00000006fc53baf8,0x00000006fc8c0000)
}

