# JRE version: 7.0_07-b11
# Java VM: Java HotSpot(TM) 64-Bit Server VM (23.3-b01 mixed mode windows-amd64 compressed oops)
Heap
 PSYoungGen      total 1266240K, used 421602K [0x00000007aacb0000, 0x00000007fd470000, 0x0000000800000000)
  eden space 1237504K, 31% used [0x00000007aacb0000,0x00000007c2c59720,0x00000007f6530000)
  from space 28736K, 99% used [0x00000007fa0c0000,0x00000007fbccf2a0,0x00000007fbcd0000)
  to   space 24192K, 0% used [0x00000007fbcd0000,0x00000007fbcd0000,0x00000007fd470000)
 ParOldGen       total 174976K, used 79057K [0x0000000700600000, 0x000000070b0e0000, 0x00000007aacb0000)
  object space 174976K, 45% used [0x0000000700600000,0x0000000705334748,0x000000070b0e0000)
 PSPermGen       total 36736K, used 18245K [0x00000006fb400000, 0x00000006fd7e0000, 0x0000000700600000)
  object space 36736K, 49% used [0x00000006fb400000,0x00000006fc5d1510,0x00000006fd7e0000)
GC Heap History (10 events):
Event: 12.610 GC heap before
{Heap before GC invocations=12 (full 0):
 PSYoungGen      total 859968K, used 833402K [0x00000007aacb0000, 0x00000007fff00000, 0x0000000800000000)
  eden space 822592K, 99% used [0x00000007aacb0000,0x00000007dcfd4b98,0x00000007dd000000)
  from space 37376K, 29% used [0x00000007dd000000,0x00000007ddab9d60,0x00000007df480000)
  to   space 39424K, 0% used [0x00000007fd880000,0x00000007fd880000,0x00000007fff00000)
 ParOldGen       total 174528K, used 130418K [0x0000000700600000, 0x000000070b070000, 0x00000007aacb0000)
  object space 174528K, 74% used [0x0000000700600000,0x000000070855cb70,0x000000070b070000)
 PSPermGen       total 21248K, used 18175K [0x00000006fb400000, 0x00000006fc8c0000, 0x0000000700600000)
  object space 21248K, 85% used [0x00000006fb400000,0x00000006fc5bfe90,0x00000006fc8c0000)
Event: 12.624 GC heap after
Heap after GC invocations=12 (full 0):
 PSYoungGen      total 1349824K, used 39083K [0x00000007aacb0000, 0x0000000800000000, 0x0000000800000000)
  eden space 1310400K, 0% used [0x00000007aacb0000,0x00000007aacb0000,0x00000007fac60000)
  from space 39424K, 99% used [0x00000007fd880000,0x00000007ffeaaf90,0x00000007fff00000)
  to   space 42816K, 0% used [0x00000007fac60000,0x00000007fac60000,0x00000007fd630000)
 ParOldGen       total 174528K, used 145672K [0x0000000700600000, 0x000000070b070000, 0x00000007aacb0000)
  object space 174528K, 83% used [0x0000000700600000,0x0000000709442130,0x000000070b070000)
 PSPermGen       total 21248K, used 18175K [0x00000006fb400000, 0x00000006fc8c0000, 0x0000000700600000)
  object space 21248K, 85% used [0x00000006fb400000,0x00000006fc5bfe90,0x00000006fc8c0000)
}
Event: 17.548 GC heap before
{Heap before GC invocations=13 (full 0):
 PSYoungGen      total 1349824K, used 1347827K [0x00000007aacb0000, 0x0000000800000000, 0x0000000800000000)
  eden space 1310400K, 99% used [0x00000007aacb0000,0x00000007faac1f38,0x00000007fac60000)
  from space 39424K, 99% used [0x00000007fd880000,0x00000007ffeaaf90,0x00000007fff00000)
  to   space 42816K, 0% used [0x00000007fac60000,0x00000007fac60000,0x00000007fd630000)
 ParOldGen       total 174528K, used 145672K [0x0000000700600000, 0x000000070b070000, 0x00000007aacb0000)
  object space 174528K, 83% used [0x0000000700600000,0x0000000709442130,0x000000070b070000)
 PSPermGen       total 21248K, used 18216K [0x00000006fb400000, 0x00000006fc8c0000, 0x0000000700600000)
  object space 21248K, 85% used [0x00000006fb400000,0x00000006fc5ca170,0x00000006fc8c0000)
Event: 17.581 GC heap after
Heap after GC invocations=13 (full 0):
 PSYoungGen      total 1288960K, used 40936K [0x00000007aacb0000, 0x00000007fd890000, 0x0000000800000000)
  eden space 1248000K, 0% used [0x00000007aacb0000,0x00000007aacb0000,0x00000007f6f70000)
  from space 40960K, 99% used [0x00000007fac60000,0x00000007fd45a220,0x00000007fd460000)
  to   space 4288K, 0% used [0x00000007fd460000,0x00000007fd460000,0x00000007fd890000)
 ParOldGen       total 186304K, used 184194K [0x0000000700600000, 0x000000070bbf0000, 0x00000007aacb0000)
  object space 186304K, 98% used [0x0000000700600000,0x000000070b9e08f0,0x000000070bbf0000)
 PSPermGen       total 21248K, used 18216K [0x00000006fb400000, 0x00000006fc8c0000, 0x0000000700600000)
  object space 21248K, 85% used [0x00000006fb400000,0x00000006fc5ca170,0x00000006fc8c0000)
}
Event: 17.581 GC heap before
{Heap before GC invocations=14 (full 1):
 PSYoungGen      total 1288960K, used 40936K [0x00000007aacb0000, 0x00000007fd890000, 0x0000000800000000)
  eden space 1248000K, 0% used [0x00000007aacb0000,0x00000007aacb0000,0x00000007f6f70000)
  from space 40960K, 99% used [0x00000007fac60000,0x00000007fd45a220,0x00000007fd460000)
  to   space 4288K, 0% used [0x00000007fd460000,0x00000007fd460000,0x00000007fd890000)
 ParOldGen       total 186304K, used 184194K [0x0000000700600000, 0x000000070bbf0000, 0x00000007aacb0000)
  object space 186304K, 98% used [0x0000000700600000,0x000000070b9e08f0,0x000000070bbf0000)
 PSPermGen       total 21248K, used 18216K [0x00000006fb400000, 0x00000006fc8c0000, 0x0000000700600000)
  object space 21248K, 85% used [0x00000006fb400000,0x00000006fc5ca170,0x00000006fc8c0000)
Event: 17.645 GC heap after
Heap after GC invocations=14 (full 1):
 PSYoungGen      total 1288960K, used 0K [0x00000007aacb0000, 0x00000007fd890000, 0x0000000800000000)
  eden space 1248000K, 0% used [0x00000007aacb0000,0x00000007aacb0000,0x00000007f6f70000)
  from space 40960K, 0% used [0x00000007fac60000,0x00000007fac60000,0x00000007fd460000)
  to   space 4288K, 0% used [0x00000007fd460000,0x00000007fd460000,0x00000007fd890000)
 ParOldGen       total 174976K, used 61939K [0x0000000700600000, 0x000000070b0e0000, 0x00000007aacb0000)
  object space 174976K, 35% used [0x0000000700600000,0x000000070427cf38,0x000000070b0e0000)
 PSPermGen       total 36736K, used 18209K [0x00000006fb400000, 0x00000006fd7e0000, 0x0000000700600000)
  object space 36736K, 49% used [0x00000006fb400000,0x00000006fc5c8678,0x00000006fd7e0000)
}
Event: 25.939 GC heap before
{Heap before GC invocations=15 (full 1):
 PSYoungGen      total 1288960K, used 1247590K [0x00000007aacb0000, 0x00000007fd890000, 0x0000000800000000)
  eden space 1248000K, 99% used [0x00000007aacb0000,0x00000007f6f09a18,0x00000007f6f70000)
  from space 40960K, 0% used [0x00000007fac60000,0x00000007fac60000,0x00000007fd460000)
  to   space 4288K, 0% used [0x00000007fd460000,0x00000007fd460000,0x00000007fd890000)
 ParOldGen       total 174976K, used 61939K [0x0000000700600000, 0x000000070b0e0000, 0x00000007aacb0000)
  object space 174976K, 35% used [0x0000000700600000,0x000000070427cf38,0x000000070b0e0000)
 PSPermGen       total 36736K, used 18210K [0x00000006fb400000, 0x00000006fd7e0000, 0x0000000700600000)
  object space 36736K, 49% used [0x00000006fb400000,0x00000006fc5c8bb0,0x00000006fd7e0000)
Event: 25.943 GC heap after
Heap after GC invocations=15 (full 1):
 PSYoungGen      total 1302784K, used 3673K [0x00000007aacb0000, 0x0000000800000000, 0x0000000800000000)
  eden space 1298496K, 0% used [0x00000007aacb0000,0x00000007aacb0000,0x00000007fa0c0000)
  from space 4288K, 85% used [0x00000007fd460000,0x00000007fd7f64d0,0x00000007fd890000)
  to   space 48768K, 0% used [0x00000007fa0c0000,0x00000007fa0c0000,0x00000007fd060000)
 ParOldGen       total 174976K, used 79025K [0x0000000700600000, 0x000000070b0e0000, 0x00000007aacb0000)
  object space 174976K, 45% used [0x0000000700600000,0x000000070532c748,0x000000070b0e0000)
 PSPermGen       total 36736K, used 18210K [0x00000006fb400000, 0x00000006fd7e0000, 0x0000000700600000)
  object space 36736K, 49% used [0x00000006fb400000,0x00000006fc5c8bb0,0x00000006fd7e0000)
}
Event: 34.372 GC heap before
{Heap before GC invocations=16 (full 1):
 PSYoungGen      total 1302784K, used 1301167K [0x00000007aacb0000, 0x0000000800000000, 0x0000000800000000)
  eden space 1298496K, 99% used [0x00000007aacb0000,0x00000007f9fc5a00,0x00000007fa0c0000)
  from space 4288K, 85% used [0x00000007fd460000,0x00000007fd7f64d0,0x00000007fd890000)
  to   space 48768K, 0% used [0x00000007fa0c0000,0x00000007fa0c0000,0x00000007fd060000)
 ParOldGen       total 174976K, used 79025K [0x0000000700600000, 0x000000070b0e0000, 0x00000007aacb0000)
  object space 174976K, 45% used [0x0000000700600000,0x000000070532c748,0x000000070b0e0000)
 PSPermGen       total 36736K, used 18210K [0x00000006fb400000, 0x00000006fd7e0000, 0x0000000700600000)
  object space 36736K, 49% used [0x00000006fb400000,0x00000006fc5c8bb0,0x00000006fd7e0000)
Event: 34.378 GC heap after
Heap after GC invocations=16 (full 1):
 PSYoungGen      total 1266240K, used 28732K [0x00000007aacb0000, 0x00000007fd470000, 0x0000000800000000)
  eden space 1237504K, 0% used [0x00000007aacb0000,0x00000007aacb0000,0x00000007f6530000)
  from space 28736K, 99% used [0x00000007fa0c0000,0x00000007fbccf2a0,0x00000007fbcd0000)
  to   space 24192K, 0% used [0x00000007fbcd0000,0x00000007fbcd0000,0x00000007fd470000)
 ParOldGen       total 174976K, used 79057K [0x0000000700600000, 0x000000070b0e0000, 0x00000007aacb0000)
  object space 174976K, 45% used [0x0000000700600000,0x0000000705334748,0x000000070b0e0000)
 PSPermGen       total 36736K, used 18210K [0x00000006fb400000, 0x00000006fd7e0000, 0x0000000700600000)
  object space 36736K, 49% used [0x00000006fb400000,0x00000006fc5c8bb0,0x00000006fd7e0000)
}

