# JRE version: 7.0_07-b11
# Java VM: Java HotSpot(TM) 64-Bit Server VM (23.3-b01 mixed mode windows-amd64 compressed oops)
Heap
 PSYoungGen      total 757760K, used 353152K [0x00000007aacb0000, 0x00000007de9f0000, 0x0000000800000000)
  eden space 675072K, 47% used [0x00000007aacb0000,0x00000007be525210,0x00000007d3ff0000)
  from space 82688K, 40% used [0x00000007d9930000,0x00000007db99af60,0x00000007de9f0000)
  to   space 87040K, 0% used [0x00000007d3ff0000,0x00000007d3ff0000,0x00000007d94f0000)
 ParOldGen       total 227968K, used 28435K [0x0000000700600000, 0x000000070e4a0000, 0x00000007aacb0000)
  object space 227968K, 12% used [0x0000000700600000,0x00000007021c4d50,0x000000070e4a0000)
 PSPermGen       total 21504K, used 18381K [0x00000006fb400000, 0x00000006fc900000, 0x0000000700600000)
  object space 21504K, 85% used [0x00000006fb400000,0x00000006fc5f3570,0x00000006fc900000)
GC Heap History (10 events):
Event: 180.421 GC heap before
{Heap before GC invocations=139 (full 25):
 PSYoungGen      total 601792K, used 565197K [0x00000007aacb0000, 0x00000007d7830000, 0x0000000800000000)
  eden space 518016K, 99% used [0x00000007aacb0000,0x00000007ca670990,0x00000007ca690000)
  from space 83776K, 56% used [0x00000007ca690000,0x00000007cd4c2b70,0x00000007cf860000)
  to   space 85888K, 0% used [0x00000007d2450000,0x00000007d2450000,0x00000007d7830000)
 ParOldGen       total 227968K, used 28435K [0x0000000700600000, 0x000000070e4a0000, 0x00000007aacb0000)
  object space 227968K, 12% used [0x0000000700600000,0x00000007021c4d50,0x000000070e4a0000)
 PSPermGen       total 21504K, used 18373K [0x00000006fb400000, 0x00000006fc900000, 0x0000000700600000)
  object space 21504K, 85% used [0x00000006fb400000,0x00000006fc5f15f8,0x00000006fc900000)
Event: 180.431 GC heap after
Heap after GC invocations=139 (full 25):
 PSYoungGen      total 647552K, used 41422K [0x00000007aacb0000, 0x00000007d7bc0000, 0x0000000800000000)
  eden space 561664K, 0% used [0x00000007aacb0000,0x00000007aacb0000,0x00000007cd130000)
  from space 85888K, 48% used [0x00000007d2450000,0x00000007d4cc39b0,0x00000007d7830000)
  to   space 85120K, 0% used [0x00000007cd130000,0x00000007cd130000,0x00000007d2450000)
 ParOldGen       total 227968K, used 28435K [0x0000000700600000, 0x000000070e4a0000, 0x00000007aacb0000)
  object space 227968K, 12% used [0x0000000700600000,0x00000007021c4d50,0x000000070e4a0000)
 PSPermGen       total 21504K, used 18373K [0x00000006fb400000, 0x00000006fc900000, 0x0000000700600000)
  object space 21504K, 85% used [0x00000006fb400000,0x00000006fc5f15f8,0x00000006fc900000)
}
Event: 181.516 GC heap before
{Heap before GC invocations=140 (full 25):
 PSYoungGen      total 647552K, used 602759K [0x00000007aacb0000, 0x00000007d7bc0000, 0x0000000800000000)
  eden space 561664K, 99% used [0x00000007aacb0000,0x00000007cd0de2b0,0x00000007cd130000)
  from space 85888K, 48% used [0x00000007d2450000,0x00000007d4cc39b0,0x00000007d7830000)
  to   space 85120K, 0% used [0x00000007cd130000,0x00000007cd130000,0x00000007d2450000)
 ParOldGen       total 227968K, used 28435K [0x0000000700600000, 0x000000070e4a0000, 0x00000007aacb0000)
  object space 227968K, 12% used [0x0000000700600000,0x00000007021c4d50,0x000000070e4a0000)
 PSPermGen       total 21504K, used 18374K [0x00000006fb400000, 0x00000006fc900000, 0x0000000700600000)
  object space 21504K, 85% used [0x00000006fb400000,0x00000006fc5f1860,0x00000006fc900000)
Event: 181.523 GC heap after
Heap after GC invocations=140 (full 25):
 PSYoungGen      total 646784K, used 53287K [0x00000007aacb0000, 0x00000007db140000, 0x0000000800000000)
  eden space 561664K, 0% used [0x00000007aacb0000,0x00000007aacb0000,0x00000007cd130000)
  from space 85120K, 62% used [0x00000007cd130000,0x00000007d0539d50,0x00000007d2450000)
  to   space 88384K, 0% used [0x00000007d5af0000,0x00000007d5af0000,0x00000007db140000)
 ParOldGen       total 227968K, used 28435K [0x0000000700600000, 0x000000070e4a0000, 0x00000007aacb0000)
  object space 227968K, 12% used [0x0000000700600000,0x00000007021c4d50,0x000000070e4a0000)
 PSPermGen       total 21504K, used 18374K [0x00000006fb400000, 0x00000006fc900000, 0x0000000700600000)
  object space 21504K, 85% used [0x00000006fb400000,0x00000006fc5f1860,0x00000006fc900000)
}
Event: 182.621 GC heap before
{Heap before GC invocations=141 (full 25):
 PSYoungGen      total 646784K, used 613996K [0x00000007aacb0000, 0x00000007db140000, 0x0000000800000000)
  eden space 561664K, 99% used [0x00000007aacb0000,0x00000007cd041310,0x00000007cd130000)
  from space 85120K, 62% used [0x00000007cd130000,0x00000007d0539d50,0x00000007d2450000)
  to   space 88384K, 0% used [0x00000007d5af0000,0x00000007d5af0000,0x00000007db140000)
 ParOldGen       total 227968K, used 28435K [0x0000000700600000, 0x000000070e4a0000, 0x00000007aacb0000)
  object space 227968K, 12% used [0x0000000700600000,0x00000007021c4d50,0x000000070e4a0000)
 PSPermGen       total 21504K, used 18374K [0x00000006fb400000, 0x00000006fc900000, 0x0000000700600000)
  object space 21504K, 85% used [0x00000006fb400000,0x00000006fc5f1860,0x00000006fc900000)
Event: 182.634 GC heap after
Heap after GC invocations=141 (full 25):
 PSYoungGen      total 700416K, used 53287K [0x00000007aacb0000, 0x00000007dbb30000, 0x0000000800000000)
  eden space 612032K, 0% used [0x00000007aacb0000,0x00000007aacb0000,0x00000007d0260000)
  from space 88384K, 60% used [0x00000007d5af0000,0x00000007d8ef9d30,0x00000007db140000)
  to   space 90688K, 0% used [0x00000007d0260000,0x00000007d0260000,0x00000007d5af0000)
 ParOldGen       total 227968K, used 28435K [0x0000000700600000, 0x000000070e4a0000, 0x00000007aacb0000)
  object space 227968K, 12% used [0x0000000700600000,0x00000007021c4d50,0x000000070e4a0000)
 PSPermGen       total 21504K, used 18374K [0x00000006fb400000, 0x00000006fc900000, 0x0000000700600000)
  object space 21504K, 85% used [0x00000006fb400000,0x00000006fc5f1860,0x00000006fc900000)
}
Event: 183.821 GC heap before
{Heap before GC invocations=142 (full 25):
 PSYoungGen      total 700416K, used 662897K [0x00000007aacb0000, 0x00000007dbb30000, 0x0000000800000000)
  eden space 612032K, 99% used [0x00000007aacb0000,0x00000007d0002a78,0x00000007d0260000)
  from space 88384K, 60% used [0x00000007d5af0000,0x00000007d8ef9d30,0x00000007db140000)
  to   space 90688K, 0% used [0x00000007d0260000,0x00000007d0260000,0x00000007d5af0000)
 ParOldGen       total 227968K, used 28435K [0x0000000700600000, 0x000000070e4a0000, 0x00000007aacb0000)
  object space 227968K, 12% used [0x0000000700600000,0x00000007021c4d50,0x000000070e4a0000)
 PSPermGen       total 21504K, used 18374K [0x00000006fb400000, 0x00000006fc900000, 0x0000000700600000)
  object space 21504K, 85% used [0x00000006fb400000,0x00000006fc5f1918,0x00000006fc900000)
Event: 183.828 GC heap after
Heap after GC invocations=142 (full 25):
 PSYoungGen      total 702720K, used 53319K [0x00000007aacb0000, 0x00000007df340000, 0x0000000800000000)
  eden space 612032K, 0% used [0x00000007aacb0000,0x00000007aacb0000,0x00000007d0260000)
  from space 90688K, 58% used [0x00000007d0260000,0x00000007d3671d50,0x00000007d5af0000)
  to   space 92224K, 0% used [0x00000007d9930000,0x00000007d9930000,0x00000007df340000)
 ParOldGen       total 227968K, used 28435K [0x0000000700600000, 0x000000070e4a0000, 0x00000007aacb0000)
  object space 227968K, 12% used [0x0000000700600000,0x00000007021c4d50,0x000000070e4a0000)
 PSPermGen       total 21504K, used 18374K [0x00000006fb400000, 0x00000006fc900000, 0x0000000700600000)
  object space 21504K, 85% used [0x00000006fb400000,0x00000006fc5f1918,0x00000006fc900000)
}
Event: 185.030 GC heap before
{Heap before GC invocations=143 (full 25):
 PSYoungGen      total 702720K, used 661300K [0x00000007aacb0000, 0x00000007df340000, 0x0000000800000000)
  eden space 612032K, 99% used [0x00000007aacb0000,0x00000007cfe6b668,0x00000007d0260000)
  from space 90688K, 58% used [0x00000007d0260000,0x00000007d3671d50,0x00000007d5af0000)
  to   space 92224K, 0% used [0x00000007d9930000,0x00000007d9930000,0x00000007df340000)
 ParOldGen       total 227968K, used 28435K [0x0000000700600000, 0x000000070e4a0000, 0x00000007aacb0000)
  object space 227968K, 12% used [0x0000000700600000,0x00000007021c4d50,0x000000070e4a0000)
 PSPermGen       total 21504K, used 18381K [0x00000006fb400000, 0x00000006fc900000, 0x0000000700600000)
  object space 21504K, 85% used [0x00000006fb400000,0x00000006fc5f3570,0x00000006fc900000)
Event: 185.040 GC heap after
Heap after GC invocations=143 (full 25):
 PSYoungGen      total 757760K, used 33195K [0x00000007aacb0000, 0x00000007de9f0000, 0x0000000800000000)
  eden space 675072K, 0% used [0x00000007aacb0000,0x00000007aacb0000,0x00000007d3ff0000)
  from space 82688K, 40% used [0x00000007d9930000,0x00000007db99af60,0x00000007de9f0000)
  to   space 87040K, 0% used [0x00000007d3ff0000,0x00000007d3ff0000,0x00000007d94f0000)
 ParOldGen       total 227968K, used 28435K [0x0000000700600000, 0x000000070e4a0000, 0x00000007aacb0000)
  object space 227968K, 12% used [0x0000000700600000,0x00000007021c4d50,0x000000070e4a0000)
 PSPermGen       total 21504K, used 18381K [0x00000006fb400000, 0x00000006fc900000, 0x0000000700600000)
  object space 21504K, 85% used [0x00000006fb400000,0x00000006fc5f3570,0x00000006fc900000)
}

