# JRE version: 7.0_07-b11
# Java VM: Java HotSpot(TM) 64-Bit Server VM (23.3-b01 mixed mode windows-amd64 compressed oops)
Heap
 PSYoungGen      total 569088K, used 516352K [0x00000007aacb0000, 0x00000007e43c0000, 0x0000000800000000)
  eden space 516352K, 100% used [0x00000007aacb0000,0x00000007ca4f0000,0x00000007ca4f0000)
  from space 52736K, 0% used [0x00000007ca4f0000,0x00000007ca4f0000,0x00000007cd870000)
  to   space 57472K, 0% used [0x00000007e0ba0000,0x00000007e0ba0000,0x00000007e43c0000)
 ParOldGen       total 143616K, used 90924K [0x0000000700600000, 0x0000000709240000, 0x00000007aacb0000)
  object space 143616K, 63% used [0x0000000700600000,0x0000000705ecb280,0x0000000709240000)
 PSPermGen       total 36096K, used 17925K [0x00000006fb400000, 0x00000006fd740000, 0x0000000700600000)
  object space 36096K, 49% used [0x00000006fb400000,0x00000006fc581770,0x00000006fd740000)
GC Heap History (10 events):
Event: 4.715 GC heap before
{Heap before GC invocations=6 (full 0):
 PSYoungGen      total 141824K, used 136280K [0x00000007aacb0000, 0x00000007beb10000, 0x0000000800000000)
  eden space 130944K, 95% used [0x00000007aacb0000,0x00000007b2726b58,0x00000007b2c90000)
  from space 10880K, 99% used [0x00000007b2c90000,0x00000007b372f4c0,0x00000007b3730000)
  to   space 32064K, 0% used [0x00000007bcbc0000,0x00000007bcbc0000,0x00000007beb10000)
 ParOldGen       total 174528K, used 63549K [0x0000000700600000, 0x000000070b070000, 0x00000007aacb0000)
  object space 174528K, 36% used [0x0000000700600000,0x000000070440f410,0x000000070b070000)
 PSPermGen       total 21248K, used 17779K [0x00000006fb400000, 0x00000006fc8c0000, 0x0000000700600000)
  object space 21248K, 83% used [0x00000006fb400000,0x00000006fc55cee8,0x00000006fc8c0000)
Event: 4.725 GC heap after
Heap after GC invocations=6 (full 0):
 PSYoungGen      total 290240K, used 30634K [0x00000007aacb0000, 0x00000007bf250000, 0x0000000800000000)
  eden space 258176K, 0% used [0x00000007aacb0000,0x00000007aacb0000,0x00000007ba8d0000)
  from space 32064K, 95% used [0x00000007bcbc0000,0x00000007be9aab90,0x00000007beb10000)
  to   space 35776K, 0% used [0x00000007ba8d0000,0x00000007ba8d0000,0x00000007bcbc0000)
 ParOldGen       total 174528K, used 69632K [0x0000000700600000, 0x000000070b070000, 0x00000007aacb0000)
  object space 174528K, 39% used [0x0000000700600000,0x0000000704a00020,0x000000070b070000)
 PSPermGen       total 21248K, used 17779K [0x00000006fb400000, 0x00000006fc8c0000, 0x0000000700600000)
  object space 21248K, 83% used [0x00000006fb400000,0x00000006fc55cee8,0x00000006fc8c0000)
}
Event: 5.857 GC heap before
{Heap before GC invocations=7 (full 0):
 PSYoungGen      total 290240K, used 285573K [0x00000007aacb0000, 0x00000007bf250000, 0x0000000800000000)
  eden space 258176K, 98% used [0x00000007aacb0000,0x00000007ba5a6b50,0x00000007ba8d0000)
  from space 32064K, 95% used [0x00000007bcbc0000,0x00000007be9aab90,0x00000007beb10000)
  to   space 35776K, 0% used [0x00000007ba8d0000,0x00000007ba8d0000,0x00000007bcbc0000)
 ParOldGen       total 174528K, used 69632K [0x0000000700600000, 0x000000070b070000, 0x00000007aacb0000)
  object space 174528K, 39% used [0x0000000700600000,0x0000000704a00020,0x000000070b070000)
 PSPermGen       total 21248K, used 17844K [0x00000006fb400000, 0x00000006fc8c0000, 0x0000000700600000)
  object space 21248K, 83% used [0x00000006fb400000,0x00000006fc56d278,0x00000006fc8c0000)
Event: 5.873 GC heap after
Heap after GC invocations=7 (full 0):
 PSYoungGen      total 293952K, used 35772K [0x00000007aacb0000, 0x00000007d0c10000, 0x0000000800000000)
  eden space 258176K, 0% used [0x00000007aacb0000,0x00000007aacb0000,0x00000007ba8d0000)
  from space 35776K, 99% used [0x00000007ba8d0000,0x00000007bcbbf230,0x00000007bcbc0000)
  to   space 52800K, 0% used [0x00000007cd880000,0x00000007cd880000,0x00000007d0c10000)
 ParOldGen       total 174528K, used 94136K [0x0000000700600000, 0x000000070b070000, 0x00000007aacb0000)
  object space 174528K, 53% used [0x0000000700600000,0x00000007061ee268,0x000000070b070000)
 PSPermGen       total 21248K, used 17844K [0x00000006fb400000, 0x00000006fc8c0000, 0x0000000700600000)
  object space 21248K, 83% used [0x00000006fb400000,0x00000006fc56d278,0x00000006fc8c0000)
}
Event: 6.607 GC heap before
{Heap before GC invocations=8 (full 0):
 PSYoungGen      total 293952K, used 292438K [0x00000007aacb0000, 0x00000007d0c10000, 0x0000000800000000)
  eden space 258176K, 99% used [0x00000007aacb0000,0x00000007ba756778,0x00000007ba8d0000)
  from space 35776K, 99% used [0x00000007ba8d0000,0x00000007bcbbf230,0x00000007bcbc0000)
  to   space 52800K, 0% used [0x00000007cd880000,0x00000007cd880000,0x00000007d0c10000)
 ParOldGen       total 174528K, used 94136K [0x0000000700600000, 0x000000070b070000, 0x00000007aacb0000)
  object space 174528K, 53% used [0x0000000700600000,0x00000007061ee268,0x000000070b070000)
 PSPermGen       total 21248K, used 17846K [0x00000006fb400000, 0x00000006fc8c0000, 0x0000000700600000)
  object space 21248K, 83% used [0x00000006fb400000,0x00000006fc56d988,0x00000006fc8c0000)
Event: 6.615 GC heap after
Heap after GC invocations=8 (full 0):
 PSYoungGen      total 569024K, used 34404K [0x00000007aacb0000, 0x00000007d0bf0000, 0x0000000800000000)
  eden space 516352K, 0% used [0x00000007aacb0000,0x00000007aacb0000,0x00000007ca4f0000)
  from space 52672K, 65% used [0x00000007cd880000,0x00000007cfa192a0,0x00000007d0bf0000)
  to   space 52736K, 0% used [0x00000007ca4f0000,0x00000007ca4f0000,0x00000007cd870000)
 ParOldGen       total 174528K, used 95389K [0x0000000700600000, 0x000000070b070000, 0x00000007aacb0000)
  object space 174528K, 54% used [0x0000000700600000,0x0000000706327688,0x000000070b070000)
 PSPermGen       total 21248K, used 17846K [0x00000006fb400000, 0x00000006fc8c0000, 0x0000000700600000)
  object space 21248K, 83% used [0x00000006fb400000,0x00000006fc56d988,0x00000006fc8c0000)
}
Event: 8.090 GC heap before
{Heap before GC invocations=9 (full 0):
 PSYoungGen      total 569024K, used 548742K [0x00000007aacb0000, 0x00000007d0bf0000, 0x0000000800000000)
  eden space 516352K, 99% used [0x00000007aacb0000,0x00000007ca2f87c0,0x00000007ca4f0000)
  from space 52672K, 65% used [0x00000007cd880000,0x00000007cfa192a0,0x00000007d0bf0000)
  to   space 52736K, 0% used [0x00000007ca4f0000,0x00000007ca4f0000,0x00000007cd870000)
 ParOldGen       total 174528K, used 104881K [0x0000000700600000, 0x000000070b070000, 0x00000007aacb0000)
  object space 174528K, 60% used [0x0000000700600000,0x0000000706c6c768,0x000000070b070000)
 PSPermGen       total 21248K, used 17893K [0x00000006fb400000, 0x00000006fc8c0000, 0x0000000700600000)
  object space 21248K, 84% used [0x00000006fb400000,0x00000006fc579518,0x00000006fc8c0000)
Event: 8.103 GC heap after
Heap after GC invocations=9 (full 0):
 PSYoungGen      total 569088K, used 47021K [0x00000007aacb0000, 0x00000007e43c0000, 0x0000000800000000)
  eden space 516352K, 0% used [0x00000007aacb0000,0x00000007aacb0000,0x00000007ca4f0000)
  from space 52736K, 89% used [0x00000007ca4f0000,0x00000007cd2db6d0,0x00000007cd870000)
  to   space 57472K, 0% used [0x00000007e0ba0000,0x00000007e0ba0000,0x00000007e43c0000)
 ParOldGen       total 174528K, used 112974K [0x0000000700600000, 0x000000070b070000, 0x00000007aacb0000)
  object space 174528K, 64% used [0x0000000700600000,0x0000000707453850,0x000000070b070000)
 PSPermGen       total 21248K, used 17893K [0x00000006fb400000, 0x00000006fc8c0000, 0x0000000700600000)
  object space 21248K, 84% used [0x00000006fb400000,0x00000006fc579518,0x00000006fc8c0000)
}
Event: 10.593 GC heap before
{Heap before GC invocations=10 (full 1):
 PSYoungGen      total 569088K, used 562704K [0x00000007aacb0000, 0x00000007e43c0000, 0x0000000800000000)
  eden space 516352K, 99% used [0x00000007aacb0000,0x00000007ca4489a0,0x00000007ca4f0000)
  from space 52736K, 89% used [0x00000007ca4f0000,0x00000007cd2db6d0,0x00000007cd870000)
  to   space 57472K, 0% used [0x00000007e0ba0000,0x00000007e0ba0000,0x00000007e43c0000)
 ParOldGen       total 468736K, used 467982K [0x0000000700600000, 0x000000071cfc0000, 0x00000007aacb0000)
  object space 468736K, 99% used [0x0000000700600000,0x000000071cf03ba0,0x000000071cfc0000)
 PSPermGen       total 21248K, used 17897K [0x00000006fb400000, 0x00000006fc8c0000, 0x0000000700600000)
  object space 21248K, 84% used [0x00000006fb400000,0x00000006fc57a508,0x00000006fc8c0000)
Event: 10.683 GC heap after
Heap after GC invocations=10 (full 1):
 PSYoungGen      total 569088K, used 0K [0x00000007aacb0000, 0x00000007e43c0000, 0x0000000800000000)
  eden space 516352K, 0% used [0x00000007aacb0000,0x00000007aacb0000,0x00000007ca4f0000)
  from space 52736K, 0% used [0x00000007ca4f0000,0x00000007ca4f0000,0x00000007cd870000)
  to   space 57472K, 0% used [0x00000007e0ba0000,0x00000007e0ba0000,0x00000007e43c0000)
 ParOldGen       total 143616K, used 37388K [0x0000000700600000, 0x0000000709240000, 0x00000007aacb0000)
  object space 143616K, 26% used [0x0000000700600000,0x0000000702a83140,0x0000000709240000)
 PSPermGen       total 36096K, used 17890K [0x00000006fb400000, 0x00000006fd740000, 0x0000000700600000)
  object space 36096K, 49% used [0x00000006fb400000,0x00000006fc578a50,0x00000006fd740000)
}

