# JRE version: 7.0_07-b11
# Java VM: Java HotSpot(TM) 64-Bit Server VM (23.3-b01 mixed mode windows-amd64 compressed oops)
Heap
 PSYoungGen      total 1202048K, used 709478K [0x00000007aacb0000, 0x00000007ffea0000, 0x0000000800000000)
  eden space 1163328K, 57% used [0x00000007aacb0000,0x00000007d3bbec88,0x00000007f1cc0000)
  from space 38720K, 99% used [0x00000007fd8d0000,0x00000007ffe9ab80,0x00000007ffea0000)
  to   space 42560K, 0% used [0x00000007fab80000,0x00000007fab80000,0x00000007fd510000)
 ParOldGen       total 150592K, used 71488K [0x0000000700600000, 0x0000000709910000, 0x00000007aacb0000)
  object space 150592K, 47% used [0x0000000700600000,0x0000000704bd0168,0x0000000709910000)
 PSPermGen       total 36608K, used 18220K [0x00000006fb400000, 0x00000006fd7c0000, 0x0000000700600000)
  object space 36608K, 49% used [0x00000006fb400000,0x00000006fc5cb130,0x00000006fd7c0000)
GC Heap History (10 events):
Event: 7.017 GC heap before
{Heap before GC invocations=9 (full 0):
 PSYoungGen      total 556544K, used 551298K [0x00000007aacb0000, 0x00000007cf1f0000, 0x0000000800000000)
  eden space 522304K, 99% used [0x00000007aacb0000,0x00000007ca7dc978,0x00000007caac0000)
  from space 34240K, 93% used [0x00000007ccda0000,0x00000007cecd40a0,0x00000007cef10000)
  to   space 35712K, 0% used [0x00000007caac0000,0x00000007caac0000,0x00000007ccda0000)
 ParOldGen       total 174528K, used 96498K [0x0000000700600000, 0x000000070b070000, 0x00000007aacb0000)
  object space 174528K, 55% used [0x0000000700600000,0x000000070643c980,0x000000070b070000)
 PSPermGen       total 21248K, used 18097K [0x00000006fb400000, 0x00000006fc8c0000, 0x0000000700600000)
  object space 21248K, 85% used [0x00000006fb400000,0x00000006fc5ac660,0x00000006fc8c0000)
Event: 7.028 GC heap after
Heap after GC invocations=9 (full 0):
 PSYoungGen      total 558016K, used 31613K [0x00000007aacb0000, 0x00000007e2430000, 0x0000000800000000)
  eden space 522304K, 0% used [0x00000007aacb0000,0x00000007aacb0000,0x00000007caac0000)
  from space 35712K, 88% used [0x00000007caac0000,0x00000007cc99f750,0x00000007ccda0000)
  to   space 36544K, 0% used [0x00000007e0080000,0x00000007e0080000,0x00000007e2430000)
 ParOldGen       total 174528K, used 97462K [0x0000000700600000, 0x000000070b070000, 0x00000007aacb0000)
  object space 174528K, 55% used [0x0000000700600000,0x000000070652d9d0,0x000000070b070000)
 PSPermGen       total 21248K, used 18097K [0x00000006fb400000, 0x00000006fc8c0000, 0x0000000700600000)
  object space 21248K, 85% used [0x00000006fb400000,0x00000006fc5ac660,0x00000006fc8c0000)
}
Event: 8.477 GC heap before
{Heap before GC invocations=10 (full 0):
 PSYoungGen      total 558016K, used 553696K [0x00000007aacb0000, 0x00000007e2430000, 0x0000000800000000)
  eden space 522304K, 99% used [0x00000007aacb0000,0x00000007caa88bf8,0x00000007caac0000)
  from space 35712K, 88% used [0x00000007caac0000,0x00000007cc99f750,0x00000007ccda0000)
  to   space 36544K, 0% used [0x00000007e0080000,0x00000007e0080000,0x00000007e2430000)
 ParOldGen       total 174528K, used 97462K [0x0000000700600000, 0x000000070b070000, 0x00000007aacb0000)
  object space 174528K, 55% used [0x0000000700600000,0x000000070652d9d0,0x000000070b070000)
 PSPermGen       total 21248K, used 18108K [0x00000006fb400000, 0x00000006fc8c0000, 0x0000000700600000)
  object space 21248K, 85% used [0x00000006fb400000,0x00000006fc5af3a0,0x00000006fc8c0000)
Event: 8.488 GC heap after
Heap after GC invocations=10 (full 0):
 PSYoungGen      total 870528K, used 34768K [0x00000007aacb0000, 0x00000007e2790000, 0x0000000800000000)
  eden space 833984K, 0% used [0x00000007aacb0000,0x00000007aacb0000,0x00000007ddb20000)
  from space 36544K, 95% used [0x00000007e0080000,0x00000007e22741b0,0x00000007e2430000)
  to   space 38272K, 0% used [0x00000007ddb20000,0x00000007ddb20000,0x00000007e0080000)
 ParOldGen       total 174528K, used 103119K [0x0000000700600000, 0x000000070b070000, 0x00000007aacb0000)
  object space 174528K, 59% used [0x0000000700600000,0x0000000706ab3fa0,0x000000070b070000)
 PSPermGen       total 21248K, used 18108K [0x00000006fb400000, 0x00000006fc8c0000, 0x0000000700600000)
  object space 21248K, 85% used [0x00000006fb400000,0x00000006fc5af3a0,0x00000006fc8c0000)
}
Event: 10.323 GC heap before
{Heap before GC invocations=11 (full 0):
 PSYoungGen      total 870528K, used 865613K [0x00000007aacb0000, 0x00000007e2790000, 0x0000000800000000)
  eden space 833984K, 99% used [0x00000007aacb0000,0x00000007dd80f560,0x00000007ddb20000)
  from space 36544K, 95% used [0x00000007e0080000,0x00000007e22741b0,0x00000007e2430000)
  to   space 38272K, 0% used [0x00000007ddb20000,0x00000007ddb20000,0x00000007e0080000)
 ParOldGen       total 174528K, used 109194K [0x0000000700600000, 0x000000070b070000, 0x00000007aacb0000)
  object space 174528K, 62% used [0x0000000700600000,0x00000007070a2bb0,0x000000070b070000)
 PSPermGen       total 21248K, used 18144K [0x00000006fb400000, 0x00000006fc8c0000, 0x0000000700600000)
  object space 21248K, 85% used [0x00000006fb400000,0x00000006fc5b81d8,0x00000006fc8c0000)
Event: 10.339 GC heap after
Heap after GC invocations=11 (full 0):
 PSYoungGen      total 872256K, used 36076K [0x00000007aacb0000, 0x0000000800000000, 0x0000000800000000)
  eden space 833984K, 0% used [0x00000007aacb0000,0x00000007aacb0000,0x00000007ddb20000)
  from space 38272K, 94% used [0x00000007ddb20000,0x00000007dfe5b090,0x00000007e0080000)
  to   space 40128K, 0% used [0x00000007fd8d0000,0x00000007fd8d0000,0x0000000800000000)
 ParOldGen       total 174528K, used 131932K [0x0000000700600000, 0x000000070b070000, 0x00000007aacb0000)
  object space 174528K, 75% used [0x0000000700600000,0x00000007086d7310,0x000000070b070000)
 PSPermGen       total 21248K, used 18144K [0x00000006fb400000, 0x00000006fc8c0000, 0x0000000700600000)
  object space 21248K, 85% used [0x00000006fb400000,0x00000006fc5b81d8,0x00000006fc8c0000)
}
Event: 12.672 GC heap before
{Heap before GC invocations=12 (full 1):
 PSYoungGen      total 872256K, used 870060K [0x00000007aacb0000, 0x0000000800000000, 0x0000000800000000)
  eden space 833984K, 100% used [0x00000007aacb0000,0x00000007ddb20000,0x00000007ddb20000)
  from space 38272K, 94% used [0x00000007ddb20000,0x00000007dfe5b090,0x00000007e0080000)
  to   space 40128K, 0% used [0x00000007fd8d0000,0x00000007fd8d0000,0x0000000800000000)
 ParOldGen       total 456576K, used 453149K [0x0000000700600000, 0x000000071c3e0000, 0x00000007aacb0000)
  object space 456576K, 99% used [0x0000000700600000,0x000000071c0876a0,0x000000071c3e0000)
 PSPermGen       total 21248K, used 18163K [0x00000006fb400000, 0x00000006fc8c0000, 0x0000000700600000)
  object space 21248K, 85% used [0x00000006fb400000,0x00000006fc5bcf68,0x00000006fc8c0000)
Event: 12.767 GC heap after
Heap after GC invocations=12 (full 1):
 PSYoungGen      total 872256K, used 0K [0x00000007aacb0000, 0x0000000800000000, 0x0000000800000000)
  eden space 833984K, 0% used [0x00000007aacb0000,0x00000007aacb0000,0x00000007ddb20000)
  from space 38272K, 0% used [0x00000007ddb20000,0x00000007ddb20000,0x00000007e0080000)
  to   space 40128K, 0% used [0x00000007fd8d0000,0x00000007fd8d0000,0x0000000800000000)
 ParOldGen       total 150592K, used 42409K [0x0000000700600000, 0x0000000709910000, 0x00000007aacb0000)
  object space 150592K, 28% used [0x0000000700600000,0x0000000702f6a618,0x0000000709910000)
 PSPermGen       total 36608K, used 18156K [0x00000006fb400000, 0x00000006fd7c0000, 0x0000000700600000)
  object space 36608K, 49% used [0x00000006fb400000,0x00000006fc5bb3b0,0x00000006fd7c0000)
}
Event: 15.288 GC heap before
{Heap before GC invocations=13 (full 1):
 PSYoungGen      total 872256K, used 831084K [0x00000007aacb0000, 0x0000000800000000, 0x0000000800000000)
  eden space 833984K, 99% used [0x00000007aacb0000,0x00000007dd84b220,0x00000007ddb20000)
  from space 38272K, 0% used [0x00000007ddb20000,0x00000007ddb20000,0x00000007e0080000)
  to   space 40128K, 0% used [0x00000007fd8d0000,0x00000007fd8d0000,0x0000000800000000)
 ParOldGen       total 150592K, used 42409K [0x0000000700600000, 0x0000000709910000, 0x00000007aacb0000)
  object space 150592K, 28% used [0x0000000700600000,0x0000000702f6a618,0x0000000709910000)
 PSPermGen       total 36608K, used 18185K [0x00000006fb400000, 0x00000006fd7c0000, 0x0000000700600000)
  object space 36608K, 49% used [0x00000006fb400000,0x00000006fc5c2780,0x00000006fd7c0000)
Event: 15.302 GC heap after
Heap after GC invocations=13 (full 1):
 PSYoungGen      total 1202048K, used 38698K [0x00000007aacb0000, 0x00000007ffea0000, 0x0000000800000000)
  eden space 1163328K, 0% used [0x00000007aacb0000,0x00000007aacb0000,0x00000007f1cc0000)
  from space 38720K, 99% used [0x00000007fd8d0000,0x00000007ffe9ab80,0x00000007ffea0000)
  to   space 42560K, 0% used [0x00000007fab80000,0x00000007fab80000,0x00000007fd510000)
 ParOldGen       total 150592K, used 71488K [0x0000000700600000, 0x0000000709910000, 0x00000007aacb0000)
  object space 150592K, 47% used [0x0000000700600000,0x0000000704bd0168,0x0000000709910000)
 PSPermGen       total 36608K, used 18185K [0x00000006fb400000, 0x00000006fd7c0000, 0x0000000700600000)
  object space 36608K, 49% used [0x00000006fb400000,0x00000006fc5c2780,0x00000006fd7c0000)
}

