# JRE version: 7.0_07-b11
# Java VM: Java HotSpot(TM) 64-Bit Server VM (23.3-b01 mixed mode windows-amd64 compressed oops)
Heap
 PSYoungGen      total 63360K, used 25350K [0x00000007aacb0000, 0x00000007b05e0000, 0x0000000800000000)
  eden space 44096K, 15% used [0x00000007aacb0000,0x00000007ab37d570,0x00000007ad7c0000)
  from space 19264K, 95% used [0x00000007ad7c0000,0x00000007ae9b4430,0x00000007aea90000)
  to   space 19200K, 0% used [0x00000007af320000,0x00000007af320000,0x00000007b05e0000)
 ParOldGen       total 174528K, used 96863K [0x0000000700600000, 0x000000070b070000, 0x00000007aacb0000)
  object space 174528K, 55% used [0x0000000700600000,0x0000000706497c28,0x000000070b070000)
 PSPermGen       total 21248K, used 17785K [0x00000006fb400000, 0x00000006fc8c0000, 0x0000000700600000)
  object space 21248K, 83% used [0x00000006fb400000,0x00000006fc55e5a0,0x00000006fc8c0000)
GC Heap History (10 events):
Event: 95.593 GC heap before
{Heap before GC invocations=135 (full 0):
 PSYoungGen      total 49856K, used 48708K [0x00000007aacb0000, 0x00000007af070000, 0x0000000800000000)
  eden space 30592K, 99% used [0x00000007aacb0000,0x00000007aca5ce78,0x00000007aca90000)
  from space 19264K, 95% used [0x00000007adda0000,0x00000007aef84430,0x00000007af070000)
  to   space 19392K, 0% used [0x00000007aca90000,0x00000007aca90000,0x00000007add80000)
 ParOldGen       total 174528K, used 96727K [0x0000000700600000, 0x000000070b070000, 0x00000007aacb0000)
  object space 174528K, 55% used [0x0000000700600000,0x0000000706475c28,0x000000070b070000)
 PSPermGen       total 21248K, used 17761K [0x00000006fb400000, 0x00000006fc8c0000, 0x0000000700600000)
  object space 21248K, 83% used [0x00000006fb400000,0x00000006fc558618,0x00000006fc8c0000)
Event: 95.595 GC heap after
Heap after GC invocations=135 (full 0):
 PSYoungGen      total 49984K, used 18385K [0x00000007aacb0000, 0x00000007af650000, 0x0000000800000000)
  eden space 30592K, 0% used [0x00000007aacb0000,0x00000007aacb0000,0x00000007aca90000)
  from space 19392K, 94% used [0x00000007aca90000,0x00000007adc84430,0x00000007add80000)
  to   space 19328K, 0% used [0x00000007ae370000,0x00000007ae370000,0x00000007af650000)
 ParOldGen       total 174528K, used 96743K [0x0000000700600000, 0x000000070b070000, 0x00000007aacb0000)
  object space 174528K, 55% used [0x0000000700600000,0x0000000706479c28,0x000000070b070000)
 PSPermGen       total 21248K, used 17761K [0x00000006fb400000, 0x00000006fc8c0000, 0x0000000700600000)
  object space 21248K, 83% used [0x00000006fb400000,0x00000006fc558618,0x00000006fc8c0000)
}
Event: 95.681 GC heap before
{Heap before GC invocations=136 (full 0):
 PSYoungGen      total 49984K, used 48772K [0x00000007aacb0000, 0x00000007af650000, 0x0000000800000000)
  eden space 30592K, 99% used [0x00000007aacb0000,0x00000007aca5ce78,0x00000007aca90000)
  from space 19392K, 94% used [0x00000007aca90000,0x00000007adc84430,0x00000007add80000)
  to   space 19328K, 0% used [0x00000007ae370000,0x00000007ae370000,0x00000007af650000)
 ParOldGen       total 174528K, used 96743K [0x0000000700600000, 0x000000070b070000, 0x00000007aacb0000)
  object space 174528K, 55% used [0x0000000700600000,0x0000000706479c28,0x000000070b070000)
 PSPermGen       total 21248K, used 17761K [0x00000006fb400000, 0x00000006fc8c0000, 0x0000000700600000)
  object space 21248K, 83% used [0x00000006fb400000,0x00000006fc558618,0x00000006fc8c0000)
Event: 95.684 GC heap after
Heap after GC invocations=136 (full 0):
 PSYoungGen      total 56064K, used 18449K [0x00000007aacb0000, 0x00000007af650000, 0x0000000800000000)
  eden space 36736K, 0% used [0x00000007aacb0000,0x00000007aacb0000,0x00000007ad090000)
  from space 19328K, 95% used [0x00000007ae370000,0x00000007af574430,0x00000007af650000)
  to   space 19328K, 0% used [0x00000007ad090000,0x00000007ad090000,0x00000007ae370000)
 ParOldGen       total 174528K, used 96767K [0x0000000700600000, 0x000000070b070000, 0x00000007aacb0000)
  object space 174528K, 55% used [0x0000000700600000,0x000000070647fc28,0x000000070b070000)
 PSPermGen       total 21248K, used 17761K [0x00000006fb400000, 0x00000006fc8c0000, 0x0000000700600000)
  object space 21248K, 83% used [0x00000006fb400000,0x00000006fc558618,0x00000006fc8c0000)
}
Event: 95.791 GC heap before
{Heap before GC invocations=137 (full 0):
 PSYoungGen      total 56064K, used 54911K [0x00000007aacb0000, 0x00000007af650000, 0x0000000800000000)
  eden space 36736K, 99% used [0x00000007aacb0000,0x00000007ad04ba88,0x00000007ad090000)
  from space 19328K, 95% used [0x00000007ae370000,0x00000007af574430,0x00000007af650000)
  to   space 19328K, 0% used [0x00000007ad090000,0x00000007ad090000,0x00000007ae370000)
 ParOldGen       total 174528K, used 96767K [0x0000000700600000, 0x000000070b070000, 0x00000007aacb0000)
  object space 174528K, 55% used [0x0000000700600000,0x000000070647fc28,0x000000070b070000)
 PSPermGen       total 21248K, used 17761K [0x00000006fb400000, 0x00000006fc8c0000, 0x0000000700600000)
  object space 21248K, 83% used [0x00000006fb400000,0x00000006fc558618,0x00000006fc8c0000)
Event: 95.793 GC heap after
Heap after GC invocations=137 (full 0):
 PSYoungGen      total 56064K, used 18417K [0x00000007aacb0000, 0x00000007afd60000, 0x0000000800000000)
  eden space 36736K, 0% used [0x00000007aacb0000,0x00000007aacb0000,0x00000007ad090000)
  from space 19328K, 95% used [0x00000007ad090000,0x00000007ae28c430,0x00000007ae370000)
  to   space 19264K, 0% used [0x00000007aea90000,0x00000007aea90000,0x00000007afd60000)
 ParOldGen       total 174528K, used 96799K [0x0000000700600000, 0x000000070b070000, 0x00000007aacb0000)
  object space 174528K, 55% used [0x0000000700600000,0x0000000706487c28,0x000000070b070000)
 PSPermGen       total 21248K, used 17761K [0x00000006fb400000, 0x00000006fc8c0000, 0x0000000700600000)
  object space 21248K, 83% used [0x00000006fb400000,0x00000006fc558618,0x00000006fc8c0000)
}
Event: 95.894 GC heap before
{Heap before GC invocations=138 (full 0):
 PSYoungGen      total 56064K, used 54883K [0x00000007aacb0000, 0x00000007afd60000, 0x0000000800000000)
  eden space 36736K, 99% used [0x00000007aacb0000,0x00000007ad04cb18,0x00000007ad090000)
  from space 19328K, 95% used [0x00000007ad090000,0x00000007ae28c430,0x00000007ae370000)
  to   space 19264K, 0% used [0x00000007aea90000,0x00000007aea90000,0x00000007afd60000)
 ParOldGen       total 174528K, used 96799K [0x0000000700600000, 0x000000070b070000, 0x00000007aacb0000)
  object space 174528K, 55% used [0x0000000700600000,0x0000000706487c28,0x000000070b070000)
 PSPermGen       total 21248K, used 17761K [0x00000006fb400000, 0x00000006fc8c0000, 0x0000000700600000)
  object space 21248K, 83% used [0x00000006fb400000,0x00000006fc558618,0x00000006fc8c0000)
Event: 95.897 GC heap after
Heap after GC invocations=138 (full 0):
 PSYoungGen      total 63360K, used 18449K [0x00000007aacb0000, 0x00000007afd60000, 0x0000000800000000)
  eden space 44096K, 0% used [0x00000007aacb0000,0x00000007aacb0000,0x00000007ad7c0000)
  from space 19264K, 95% used [0x00000007aea90000,0x00000007afc94430,0x00000007afd60000)
  to   space 19264K, 0% used [0x00000007ad7c0000,0x00000007ad7c0000,0x00000007aea90000)
 ParOldGen       total 174528K, used 96815K [0x0000000700600000, 0x000000070b070000, 0x00000007aacb0000)
  object space 174528K, 55% used [0x0000000700600000,0x000000070648bc28,0x000000070b070000)
 PSPermGen       total 21248K, used 17761K [0x00000006fb400000, 0x00000006fc8c0000, 0x0000000700600000)
  object space 21248K, 83% used [0x00000006fb400000,0x00000006fc558618,0x00000006fc8c0000)
}
Event: 96.015 GC heap before
{Heap before GC invocations=139 (full 0):
 PSYoungGen      total 63360K, used 60986K [0x00000007aacb0000, 0x00000007afd60000, 0x0000000800000000)
  eden space 44096K, 96% used [0x00000007aacb0000,0x00000007ad63a6d0,0x00000007ad7c0000)
  from space 19264K, 95% used [0x00000007aea90000,0x00000007afc94430,0x00000007afd60000)
  to   space 19264K, 0% used [0x00000007ad7c0000,0x00000007ad7c0000,0x00000007aea90000)
 ParOldGen       total 174528K, used 96815K [0x0000000700600000, 0x000000070b070000, 0x00000007aacb0000)
  object space 174528K, 55% used [0x0000000700600000,0x000000070648bc28,0x000000070b070000)
 PSPermGen       total 21248K, used 17761K [0x00000006fb400000, 0x00000006fc8c0000, 0x0000000700600000)
  object space 21248K, 83% used [0x00000006fb400000,0x00000006fc558618,0x00000006fc8c0000)
Event: 96.017 GC heap after
Heap after GC invocations=139 (full 0):
 PSYoungGen      total 63360K, used 18385K [0x00000007aacb0000, 0x00000007b05e0000, 0x0000000800000000)
  eden space 44096K, 0% used [0x00000007aacb0000,0x00000007aacb0000,0x00000007ad7c0000)
  from space 19264K, 95% used [0x00000007ad7c0000,0x00000007ae9b4430,0x00000007aea90000)
  to   space 19200K, 0% used [0x00000007af320000,0x00000007af320000,0x00000007b05e0000)
 ParOldGen       total 174528K, used 96863K [0x0000000700600000, 0x000000070b070000, 0x00000007aacb0000)
  object space 174528K, 55% used [0x0000000700600000,0x0000000706497c28,0x000000070b070000)
 PSPermGen       total 21248K, used 17761K [0x00000006fb400000, 0x00000006fc8c0000, 0x0000000700600000)
  object space 21248K, 83% used [0x00000006fb400000,0x00000006fc558618,0x00000006fc8c0000)
}

