# JRE version: 7.0_07-b11
# Java VM: Java HotSpot(TM) 64-Bit Server VM (23.3-b01 mixed mode windows-amd64 compressed oops)
Heap
 PSYoungGen      total 763456K, used 136043K [0x00000007aacb0000, 0x00000007e3e20000, 0x0000000800000000)
  eden space 693824K, 14% used [0x00000007aacb0000,0x00000007b0f5a930,0x00000007d5240000)
  from space 69632K, 50% used [0x00000007d5240000,0x00000007d74705a8,0x00000007d9640000)
  to   space 66880K, 0% used [0x00000007dfcd0000,0x00000007dfcd0000,0x00000007e3e20000)
 ParOldGen       total 253888K, used 34417K [0x0000000700600000, 0x000000070fdf0000, 0x00000007aacb0000)
  object space 253888K, 13% used [0x0000000700600000,0x000000070279c658,0x000000070fdf0000)
 PSPermGen       total 35520K, used 18059K [0x00000006fb400000, 0x00000006fd6b0000, 0x0000000700600000)
  object space 35520K, 50% used [0x00000006fb400000,0x00000006fc5a2ce0,0x00000006fd6b0000)
GC Heap History (10 events):
Event: 16.679 GC heap before
{Heap before GC invocations=20 (full 4):
 PSYoungGen      total 556992K, used 489078K [0x00000007aacb0000, 0x00000007d93b0000, 0x0000000800000000)
  eden space 475840K, 98% used [0x00000007aacb0000,0x00000007c78416c0,0x00000007c7d60000)
  from space 81152K, 22% used [0x00000007c7d60000,0x00000007c8f6c430,0x00000007ccca0000)
  to   space 78720K, 0% used [0x00000007d46d0000,0x00000007d46d0000,0x00000007d93b0000)
 ParOldGen       total 229120K, used 200214K [0x0000000700600000, 0x000000070e5c0000, 0x00000007aacb0000)
  object space 229120K, 87% used [0x0000000700600000,0x000000070c9858e0,0x000000070e5c0000)
 PSPermGen       total 37632K, used 18030K [0x00000006fb400000, 0x00000006fd8c0000, 0x0000000700600000)
  object space 37632K, 47% used [0x00000006fb400000,0x00000006fc59bb50,0x00000006fd8c0000)
Event: 16.688 GC heap after
Heap after GC invocations=20 (full 4):
 PSYoungGen      total 667392K, used 35115K [0x00000007aacb0000, 0x00000007d8940000, 0x0000000800000000)
  eden space 599360K, 0% used [0x00000007aacb0000,0x00000007aacb0000,0x00000007cf600000)
  from space 68032K, 51% used [0x00000007d46d0000,0x00000007d691ac80,0x00000007d8940000)
  to   space 75392K, 0% used [0x00000007cf600000,0x00000007cf600000,0x00000007d3fa0000)
 ParOldGen       total 229120K, used 200214K [0x0000000700600000, 0x000000070e5c0000, 0x00000007aacb0000)
  object space 229120K, 87% used [0x0000000700600000,0x000000070c9858e0,0x000000070e5c0000)
 PSPermGen       total 37632K, used 18030K [0x00000006fb400000, 0x00000006fd8c0000, 0x0000000700600000)
  object space 37632K, 47% used [0x00000006fb400000,0x00000006fc59bb50,0x00000006fd8c0000)
}
Event: 17.711 GC heap before
{Heap before GC invocations=21 (full 4):
 PSYoungGen      total 667392K, used 631263K [0x00000007aacb0000, 0x00000007d8940000, 0x0000000800000000)
  eden space 599360K, 99% used [0x00000007aacb0000,0x00000007cf2dcfb0,0x00000007cf600000)
  from space 68032K, 51% used [0x00000007d46d0000,0x00000007d691ac80,0x00000007d8940000)
  to   space 75392K, 0% used [0x00000007cf600000,0x00000007cf600000,0x00000007d3fa0000)
 ParOldGen       total 229120K, used 200214K [0x0000000700600000, 0x000000070e5c0000, 0x00000007aacb0000)
  object space 229120K, 87% used [0x0000000700600000,0x000000070c9858e0,0x000000070e5c0000)
 PSPermGen       total 37632K, used 18035K [0x00000006fb400000, 0x00000006fd8c0000, 0x0000000700600000)
  object space 37632K, 47% used [0x00000006fb400000,0x00000006fc59cf48,0x00000006fd8c0000)
Event: 17.718 GC heap after
Heap after GC invocations=21 (full 4):
 PSYoungGen      total 674752K, used 35147K [0x00000007aacb0000, 0x00000007de2a0000, 0x0000000800000000)
  eden space 599360K, 0% used [0x00000007aacb0000,0x00000007aacb0000,0x00000007cf600000)
  from space 75392K, 46% used [0x00000007cf600000,0x00000007d1852c80,0x00000007d3fa0000)
  to   space 72384K, 0% used [0x00000007d9bf0000,0x00000007d9bf0000,0x00000007de2a0000)
 ParOldGen       total 229120K, used 200214K [0x0000000700600000, 0x000000070e5c0000, 0x00000007aacb0000)
  object space 229120K, 87% used [0x0000000700600000,0x000000070c9858e0,0x000000070e5c0000)
 PSPermGen       total 37632K, used 18035K [0x00000006fb400000, 0x00000006fd8c0000, 0x0000000700600000)
  object space 37632K, 47% used [0x00000006fb400000,0x00000006fc59cf48,0x00000006fd8c0000)
}
Event: 18.775 GC heap before
{Heap before GC invocations=22 (full 4):
 PSYoungGen      total 674752K, used 634440K [0x00000007aacb0000, 0x00000007de2a0000, 0x0000000800000000)
  eden space 599360K, 99% used [0x00000007aacb0000,0x00000007cf5ef518,0x00000007cf600000)
  from space 75392K, 46% used [0x00000007cf600000,0x00000007d1852c80,0x00000007d3fa0000)
  to   space 72384K, 0% used [0x00000007d9bf0000,0x00000007d9bf0000,0x00000007de2a0000)
 ParOldGen       total 229120K, used 200351K [0x0000000700600000, 0x000000070e5c0000, 0x00000007aacb0000)
  object space 229120K, 87% used [0x0000000700600000,0x000000070c9a7fb8,0x000000070e5c0000)
 PSPermGen       total 37632K, used 18042K [0x00000006fb400000, 0x00000006fd8c0000, 0x0000000700600000)
  object space 37632K, 47% used [0x00000006fb400000,0x00000006fc59e9a8,0x00000006fd8c0000)
Event: 18.783 GC heap after
Heap after GC invocations=22 (full 4):
 PSYoungGen      total 757632K, used 35422K [0x00000007aacb0000, 0x00000007dda40000, 0x0000000800000000)
  eden space 693824K, 0% used [0x00000007aacb0000,0x00000007aacb0000,0x00000007d5240000)
  from space 63808K, 55% used [0x00000007d9bf0000,0x00000007dbe87a30,0x00000007dda40000)
  to   space 69632K, 0% used [0x00000007d5240000,0x00000007d5240000,0x00000007d9640000)
 ParOldGen       total 229120K, used 200351K [0x0000000700600000, 0x000000070e5c0000, 0x00000007aacb0000)
  object space 229120K, 87% used [0x0000000700600000,0x000000070c9a7fb8,0x000000070e5c0000)
 PSPermGen       total 37632K, used 18042K [0x00000006fb400000, 0x00000006fd8c0000, 0x0000000700600000)
  object space 37632K, 47% used [0x00000006fb400000,0x00000006fc59e9a8,0x00000006fd8c0000)
}
Event: 20.186 GC heap before
{Heap before GC invocations=23 (full 5):
 PSYoungGen      total 757632K, used 729246K [0x00000007aacb0000, 0x00000007dda40000, 0x0000000800000000)
  eden space 693824K, 100% used [0x00000007aacb0000,0x00000007d5240000,0x00000007d5240000)
  from space 63808K, 55% used [0x00000007d9bf0000,0x00000007dbe87a30,0x00000007dda40000)
  to   space 69632K, 0% used [0x00000007d5240000,0x00000007d5240000,0x00000007d9640000)
 ParOldGen       total 280256K, used 279786K [0x0000000700600000, 0x00000007117b0000, 0x00000007aacb0000)
  object space 280256K, 99% used [0x0000000700600000,0x000000071173a8a8,0x00000007117b0000)
 PSPermGen       total 37632K, used 18044K [0x00000006fb400000, 0x00000006fd8c0000, 0x0000000700600000)
  object space 37632K, 47% used [0x00000006fb400000,0x00000006fc59f3b8,0x00000006fd8c0000)
Event: 20.216 GC heap after
Heap after GC invocations=23 (full 5):
 PSYoungGen      total 757632K, used 0K [0x00000007aacb0000, 0x00000007dda40000, 0x0000000800000000)
  eden space 693824K, 0% used [0x00000007aacb0000,0x00000007aacb0000,0x00000007d5240000)
  from space 63808K, 0% used [0x00000007d9bf0000,0x00000007d9bf0000,0x00000007dda40000)
  to   space 69632K, 0% used [0x00000007d5240000,0x00000007d5240000,0x00000007d9640000)
 ParOldGen       total 253888K, used 34417K [0x0000000700600000, 0x000000070fdf0000, 0x00000007aacb0000)
  object space 253888K, 13% used [0x0000000700600000,0x000000070279c658,0x000000070fdf0000)
 PSPermGen       total 35520K, used 18044K [0x00000006fb400000, 0x00000006fd6b0000, 0x0000000700600000)
  object space 35520K, 50% used [0x00000006fb400000,0x00000006fc59f378,0x00000006fd6b0000)
}
Event: 21.529 GC heap before
{Heap before GC invocations=24 (full 5):
 PSYoungGen      total 757632K, used 688158K [0x00000007aacb0000, 0x00000007dda40000, 0x0000000800000000)
  eden space 693824K, 99% used [0x00000007aacb0000,0x00000007d4cb7ad8,0x00000007d5240000)
  from space 63808K, 0% used [0x00000007d9bf0000,0x00000007d9bf0000,0x00000007dda40000)
  to   space 69632K, 0% used [0x00000007d5240000,0x00000007d5240000,0x00000007d9640000)
 ParOldGen       total 253888K, used 34417K [0x0000000700600000, 0x000000070fdf0000, 0x00000007aacb0000)
  object space 253888K, 13% used [0x0000000700600000,0x000000070279c658,0x000000070fdf0000)
 PSPermGen       total 35520K, used 18058K [0x00000006fb400000, 0x00000006fd6b0000, 0x0000000700600000)
  object space 35520K, 50% used [0x00000006fb400000,0x00000006fc5a2918,0x00000006fd6b0000)
Event: 21.534 GC heap after
Heap after GC invocations=24 (full 5):
 PSYoungGen      total 763456K, used 35009K [0x00000007aacb0000, 0x00000007e3e20000, 0x0000000800000000)
  eden space 693824K, 0% used [0x00000007aacb0000,0x00000007aacb0000,0x00000007d5240000)
  from space 69632K, 50% used [0x00000007d5240000,0x00000007d74705a8,0x00000007d9640000)
  to   space 66880K, 0% used [0x00000007dfcd0000,0x00000007dfcd0000,0x00000007e3e20000)
 ParOldGen       total 253888K, used 34417K [0x0000000700600000, 0x000000070fdf0000, 0x00000007aacb0000)
  object space 253888K, 13% used [0x0000000700600000,0x000000070279c658,0x000000070fdf0000)
 PSPermGen       total 35520K, used 18058K [0x00000006fb400000, 0x00000006fd6b0000, 0x0000000700600000)
  object space 35520K, 50% used [0x00000006fb400000,0x00000006fc5a2918,0x00000006fd6b0000)
}

