# JRE version: 7.0_07-b11
# Java VM: Java HotSpot(TM) 64-Bit Server VM (23.3-b01 mixed mode windows-amd64 compressed oops)
Heap
 PSYoungGen      total 558080K, used 94990K [0x00000007aacb0000, 0x00000007d6800000, 0x0000000800000000)
  eden space 509120K, 18% used [0x00000007aacb0000,0x00000007b0973900,0x00000007c9de0000)
  from space 48960K, 0% used [0x00000007c9de0000,0x00000007c9de0000,0x00000007ccdb0000)
  to   space 53056K, 0% used [0x00000007d3430000,0x00000007d3430000,0x00000007d6800000)
 ParOldGen       total 278208K, used 43056K [0x0000000700600000, 0x00000007115b0000, 0x00000007aacb0000)
  object space 278208K, 15% used [0x0000000700600000,0x000000070300c000,0x00000007115b0000)
 PSPermGen       total 37760K, used 18038K [0x00000006fb400000, 0x00000006fd8e0000, 0x0000000700600000)
  object space 37760K, 47% used [0x00000006fb400000,0x00000006fc59db28,0x00000006fd8e0000)
GC Heap History (10 events):
Event: 9.021 GC heap before
{Heap before GC invocations=9 (full 1):
 PSYoungGen      total 305792K, used 261568K [0x00000007aacb0000, 0x00000007cfe90000, 0x0000000800000000)
  eden space 261888K, 99% used [0x00000007aacb0000,0x00000007bac20258,0x00000007bac70000)
  from space 43904K, 0% used [0x00000007bac70000,0x00000007bac70000,0x00000007bd750000)
  to   space 42176K, 0% used [0x00000007cd560000,0x00000007cd560000,0x00000007cfe90000)
 ParOldGen       total 137344K, used 23084K [0x0000000700600000, 0x0000000708c20000, 0x00000007aacb0000)
  object space 137344K, 16% used [0x0000000700600000,0x0000000701c8b070,0x0000000708c20000)
 PSPermGen       total 36224K, used 17985K [0x00000006fb400000, 0x00000006fd760000, 0x0000000700600000)
  object space 36224K, 49% used [0x00000006fb400000,0x00000006fc590690,0x00000006fd760000)
Event: 9.033 GC heap after
Heap after GC invocations=9 (full 1):
 PSYoungGen      total 477376K, used 41051K [0x00000007aacb0000, 0x00000007cfd80000, 0x0000000800000000)
  eden space 436288K, 0% used [0x00000007aacb0000,0x00000007aacb0000,0x00000007c56c0000)
  from space 41088K, 99% used [0x00000007cd560000,0x00000007cfd76dd0,0x00000007cfd80000)
  to   space 48960K, 0% used [0x00000007c9de0000,0x00000007c9de0000,0x00000007ccdb0000)
 ParOldGen       total 137344K, used 41309K [0x0000000700600000, 0x0000000708c20000, 0x00000007aacb0000)
  object space 137344K, 30% used [0x0000000700600000,0x0000000702e574a0,0x0000000708c20000)
 PSPermGen       total 36224K, used 17985K [0x00000006fb400000, 0x00000006fd760000, 0x0000000700600000)
  object space 36224K, 49% used [0x00000006fb400000,0x00000006fc590690,0x00000006fd760000)
}
Event: 9.850 GC heap before
{Heap before GC invocations=10 (full 1):
 PSYoungGen      total 477376K, used 475787K [0x00000007aacb0000, 0x00000007cfd80000, 0x0000000800000000)
  eden space 436288K, 99% used [0x00000007aacb0000,0x00000007c553bf48,0x00000007c56c0000)
  from space 41088K, 99% used [0x00000007cd560000,0x00000007cfd76dd0,0x00000007cfd80000)
  to   space 48960K, 0% used [0x00000007c9de0000,0x00000007c9de0000,0x00000007ccdb0000)
 ParOldGen       total 137344K, used 47384K [0x0000000700600000, 0x0000000708c20000, 0x00000007aacb0000)
  object space 137344K, 34% used [0x0000000700600000,0x00000007034460b0,0x0000000708c20000)
 PSPermGen       total 36224K, used 17989K [0x00000006fb400000, 0x00000006fd760000, 0x0000000700600000)
  object space 36224K, 49% used [0x00000006fb400000,0x00000006fc5917a0,0x00000006fd760000)
Event: 9.860 GC heap after
Heap after GC invocations=10 (full 1):
 PSYoungGen      total 558080K, used 39185K [0x00000007aacb0000, 0x00000007d6800000, 0x0000000800000000)
  eden space 509120K, 0% used [0x00000007aacb0000,0x00000007aacb0000,0x00000007c9de0000)
  from space 48960K, 80% used [0x00000007c9de0000,0x00000007cc424420,0x00000007ccdb0000)
  to   space 53056K, 0% used [0x00000007d3430000,0x00000007d3430000,0x00000007d6800000)
 ParOldGen       total 137344K, used 47384K [0x0000000700600000, 0x0000000708c20000, 0x00000007aacb0000)
  object space 137344K, 34% used [0x0000000700600000,0x00000007034460b0,0x0000000708c20000)
 PSPermGen       total 36224K, used 17989K [0x00000006fb400000, 0x00000006fd760000, 0x0000000700600000)
  object space 36224K, 49% used [0x00000006fb400000,0x00000006fc5917a0,0x00000006fd760000)
}
Event: 11.497 GC heap before
{Heap before GC invocations=11 (full 2):
 PSYoungGen      total 558080K, used 547361K [0x00000007aacb0000, 0x00000007d6800000, 0x0000000800000000)
  eden space 509120K, 99% used [0x00000007aacb0000,0x00000007c9cf4320,0x00000007c9de0000)
  from space 48960K, 80% used [0x00000007c9de0000,0x00000007cc424420,0x00000007ccdb0000)
  to   space 53056K, 0% used [0x00000007d3430000,0x00000007d3430000,0x00000007d6800000)
 ParOldGen       total 397696K, used 397077K [0x0000000700600000, 0x0000000718a60000, 0x00000007aacb0000)
  object space 397696K, 99% used [0x0000000700600000,0x00000007189c5580,0x0000000718a60000)
 PSPermGen       total 36224K, used 18017K [0x00000006fb400000, 0x00000006fd760000, 0x0000000700600000)
  object space 36224K, 49% used [0x00000006fb400000,0x00000006fc598410,0x00000006fd760000)
Event: 11.540 GC heap after
Heap after GC invocations=11 (full 2):
 PSYoungGen      total 558080K, used 0K [0x00000007aacb0000, 0x00000007d6800000, 0x0000000800000000)
  eden space 509120K, 0% used [0x00000007aacb0000,0x00000007aacb0000,0x00000007c9de0000)
  from space 48960K, 0% used [0x00000007c9de0000,0x00000007c9de0000,0x00000007ccdb0000)
  to   space 53056K, 0% used [0x00000007d3430000,0x00000007d3430000,0x00000007d6800000)
 ParOldGen       total 196992K, used 46868K [0x0000000700600000, 0x000000070c660000, 0x00000007aacb0000)
  object space 196992K, 23% used [0x0000000700600000,0x00000007033c5268,0x000000070c660000)
 PSPermGen       total 40512K, used 18017K [0x00000006fb400000, 0x00000006fdb90000, 0x0000000700600000)
  object space 40512K, 44% used [0x00000006fb400000,0x00000006fc598410,0x00000006fdb90000)
}
Event: 12.763 GC heap before
{Heap before GC invocations=12 (full 3):
 PSYoungGen      total 558080K, used 509120K [0x00000007aacb0000, 0x00000007d6800000, 0x0000000800000000)
  eden space 509120K, 100% used [0x00000007aacb0000,0x00000007c9de0000,0x00000007c9de0000)
  from space 48960K, 0% used [0x00000007c9de0000,0x00000007c9de0000,0x00000007ccdb0000)
  to   space 53056K, 0% used [0x00000007d3430000,0x00000007d3430000,0x00000007d6800000)
 ParOldGen       total 196992K, used 188874K [0x0000000700600000, 0x000000070c660000, 0x00000007aacb0000)
  object space 196992K, 95% used [0x0000000700600000,0x000000070be728a8,0x000000070c660000)
 PSPermGen       total 40512K, used 18027K [0x00000006fb400000, 0x00000006fdb90000, 0x0000000700600000)
  object space 40512K, 44% used [0x00000006fb400000,0x00000006fc59ace0,0x00000006fdb90000)
Event: 12.792 GC heap after
Heap after GC invocations=12 (full 3):
 PSYoungGen      total 558080K, used 0K [0x00000007aacb0000, 0x00000007d6800000, 0x0000000800000000)
  eden space 509120K, 0% used [0x00000007aacb0000,0x00000007aacb0000,0x00000007c9de0000)
  from space 48960K, 0% used [0x00000007c9de0000,0x00000007c9de0000,0x00000007ccdb0000)
  to   space 53056K, 0% used [0x00000007d3430000,0x00000007d3430000,0x00000007d6800000)
 ParOldGen       total 233472K, used 46623K [0x0000000700600000, 0x000000070ea00000, 0x00000007aacb0000)
  object space 233472K, 19% used [0x0000000700600000,0x0000000703387d68,0x000000070ea00000)
 PSPermGen       total 39360K, used 18027K [0x00000006fb400000, 0x00000006fda70000, 0x0000000700600000)
  object space 39360K, 45% used [0x00000006fb400000,0x00000006fc59ace0,0x00000006fda70000)
}
Event: 14.458 GC heap before
{Heap before GC invocations=13 (full 4):
 PSYoungGen      total 558080K, used 509120K [0x00000007aacb0000, 0x00000007d6800000, 0x0000000800000000)
  eden space 509120K, 100% used [0x00000007aacb0000,0x00000007c9de0000,0x00000007c9de0000)
  from space 48960K, 0% used [0x00000007c9de0000,0x00000007c9de0000,0x00000007ccdb0000)
  to   space 53056K, 0% used [0x00000007d3430000,0x00000007d3430000,0x00000007d6800000)
 ParOldGen       total 362688K, used 361714K [0x0000000700600000, 0x0000000716830000, 0x00000007aacb0000)
  object space 362688K, 99% used [0x0000000700600000,0x000000071673cb68,0x0000000716830000)
 PSPermGen       total 39360K, used 18036K [0x00000006fb400000, 0x00000006fda70000, 0x0000000700600000)
  object space 39360K, 45% used [0x00000006fb400000,0x00000006fc59d270,0x00000006fda70000)
Event: 14.488 GC heap after
Heap after GC invocations=13 (full 4):
 PSYoungGen      total 558080K, used 0K [0x00000007aacb0000, 0x00000007d6800000, 0x0000000800000000)
  eden space 509120K, 0% used [0x00000007aacb0000,0x00000007aacb0000,0x00000007c9de0000)
  from space 48960K, 0% used [0x00000007c9de0000,0x00000007c9de0000,0x00000007ccdb0000)
  to   space 53056K, 0% used [0x00000007d3430000,0x00000007d3430000,0x00000007d6800000)
 ParOldGen       total 278208K, used 43056K [0x0000000700600000, 0x00000007115b0000, 0x00000007aacb0000)
  object space 278208K, 15% used [0x0000000700600000,0x000000070300c000,0x00000007115b0000)
 PSPermGen       total 37760K, used 18036K [0x00000006fb400000, 0x00000006fd8e0000, 0x0000000700600000)
  object space 37760K, 47% used [0x00000006fb400000,0x00000006fc59d240,0x00000006fd8e0000)
}

