# JRE version: 7.0_07-b11
# Java VM: Java HotSpot(TM) 64-Bit Server VM (23.3-b01 mixed mode windows-amd64 compressed oops)
Heap
 PSYoungGen      total 688768K, used 344192K [0x00000007aacb0000, 0x00000007dc6d0000, 0x0000000800000000)
  eden space 668032K, 48% used [0x00000007aacb0000,0x00000007be892390,0x00000007d3910000)
  from space 20736K, 99% used [0x00000007db290000,0x00000007dc6cdce0,0x00000007dc6d0000)
  to   space 50112K, 0% used [0x00000007d64f0000,0x00000007d64f0000,0x00000007d95e0000)
 ParOldGen       total 160768K, used 20266K [0x0000000700600000, 0x000000070a300000, 0x00000007aacb0000)
  object space 160768K, 12% used [0x0000000700600000,0x00000007019ca978,0x000000070a300000)
 PSPermGen       total 39808K, used 18169K [0x00000006fb400000, 0x00000006fdae0000, 0x0000000700600000)
  object space 39808K, 45% used [0x00000006fb400000,0x00000006fc5be6b0,0x00000006fdae0000)
GC Heap History (10 events):
Event: 24.778 GC heap before
{Heap before GC invocations=15 (full 2):
 PSYoungGen      total 826752K, used 795760K [0x00000007aacb0000, 0x00000007e18c0000, 0x0000000800000000)
  eden space 797888K, 99% used [0x00000007aacb0000,0x00000007db5cc2f0,0x00000007db7e0000)
  from space 28864K, 0% used [0x00000007dfc90000,0x00000007dfc90000,0x00000007e18c0000)
  to   space 49600K, 0% used [0x00000007db7e0000,0x00000007db7e0000,0x00000007de850000)
 ParOldGen       total 158528K, used 17618K [0x0000000700600000, 0x000000070a0d0000, 0x00000007aacb0000)
  object space 158528K, 11% used [0x0000000700600000,0x0000000701734aa0,0x000000070a0d0000)
 PSPermGen       total 40960K, used 18103K [0x00000006fb400000, 0x00000006fdc00000, 0x0000000700600000)
  object space 40960K, 44% used [0x00000006fb400000,0x00000006fc5addc0,0x00000006fdc00000)
Event: 24.788 GC heap after
Heap after GC invocations=15 (full 2):
 PSYoungGen      total 809984K, used 46989K [0x00000007aacb0000, 0x00000007e0400000, 0x0000000800000000)
  eden space 762944K, 0% used [0x00000007aacb0000,0x00000007aacb0000,0x00000007d95c0000)
  from space 47040K, 99% used [0x00000007db7e0000,0x00000007de5c36d0,0x00000007de5d0000)
  to   space 30912K, 0% used [0x00000007de5d0000,0x00000007de5d0000,0x00000007e0400000)
 ParOldGen       total 158528K, used 17618K [0x0000000700600000, 0x000000070a0d0000, 0x00000007aacb0000)
  object space 158528K, 11% used [0x0000000700600000,0x0000000701734aa0,0x000000070a0d0000)
 PSPermGen       total 40960K, used 18103K [0x00000006fb400000, 0x00000006fdc00000, 0x0000000700600000)
  object space 40960K, 44% used [0x00000006fb400000,0x00000006fc5addc0,0x00000006fdc00000)
}
Event: 27.546 GC heap before
{Heap before GC invocations=16 (full 2):
 PSYoungGen      total 809984K, used 807669K [0x00000007aacb0000, 0x00000007e0400000, 0x0000000800000000)
  eden space 762944K, 99% used [0x00000007aacb0000,0x00000007d9389fb0,0x00000007d95c0000)
  from space 47040K, 99% used [0x00000007db7e0000,0x00000007de5c36d0,0x00000007de5d0000)
  to   space 30912K, 0% used [0x00000007de5d0000,0x00000007de5d0000,0x00000007e0400000)
 ParOldGen       total 158528K, used 17618K [0x0000000700600000, 0x000000070a0d0000, 0x00000007aacb0000)
  object space 158528K, 11% used [0x0000000700600000,0x0000000701734aa0,0x000000070a0d0000)
 PSPermGen       total 40960K, used 18113K [0x00000006fb400000, 0x00000006fdc00000, 0x0000000700600000)
  object space 40960K, 44% used [0x00000006fb400000,0x00000006fc5b0660,0x00000006fdc00000)
Event: 27.554 GC heap after
Heap after GC invocations=16 (full 2):
 PSYoungGen      total 758464K, used 28732K [0x00000007aacb0000, 0x00000007e01e0000, 0x0000000800000000)
  eden space 729728K, 0% used [0x00000007aacb0000,0x00000007aacb0000,0x00000007d7550000)
  from space 28736K, 99% used [0x00000007de5d0000,0x00000007e01df2a0,0x00000007e01e0000)
  to   space 55168K, 0% used [0x00000007d9620000,0x00000007d9620000,0x00000007dcc00000)
 ParOldGen       total 158528K, used 35883K [0x0000000700600000, 0x000000070a0d0000, 0x00000007aacb0000)
  object space 158528K, 22% used [0x0000000700600000,0x000000070290aed0,0x000000070a0d0000)
 PSPermGen       total 40960K, used 18113K [0x00000006fb400000, 0x00000006fdc00000, 0x0000000700600000)
  object space 40960K, 44% used [0x00000006fb400000,0x00000006fc5b0660,0x00000006fdc00000)
}
Event: 30.268 GC heap before
{Heap before GC invocations=17 (full 2):
 PSYoungGen      total 758464K, used 754610K [0x00000007aacb0000, 0x00000007e01e0000, 0x0000000800000000)
  eden space 729728K, 99% used [0x00000007aacb0000,0x00000007d718d5c8,0x00000007d7550000)
  from space 28736K, 99% used [0x00000007de5d0000,0x00000007e01df2a0,0x00000007e01e0000)
  to   space 55168K, 0% used [0x00000007d9620000,0x00000007d9620000,0x00000007dcc00000)
 ParOldGen       total 158528K, used 41958K [0x0000000700600000, 0x000000070a0d0000, 0x00000007aacb0000)
  object space 158528K, 26% used [0x0000000700600000,0x0000000702ef9ae0,0x000000070a0d0000)
 PSPermGen       total 40960K, used 18120K [0x00000006fb400000, 0x00000006fdc00000, 0x0000000700600000)
  object space 40960K, 44% used [0x00000006fb400000,0x00000006fc5b23d8,0x00000006fdc00000)
Event: 30.273 GC heap after
Heap after GC invocations=17 (full 2):
 PSYoungGen      total 718912K, used 20791K [0x00000007aacb0000, 0x00000007de5e0000, 0x0000000800000000)
  eden space 698112K, 0% used [0x00000007aacb0000,0x00000007aacb0000,0x00000007d5670000)
  from space 20800K, 99% used [0x00000007d9620000,0x00000007daa6dce0,0x00000007daa70000)
  to   space 52544K, 0% used [0x00000007db290000,0x00000007db290000,0x00000007de5e0000)
 ParOldGen       total 158528K, used 42022K [0x0000000700600000, 0x000000070a0d0000, 0x00000007aacb0000)
  object space 158528K, 26% used [0x0000000700600000,0x0000000702f09b00,0x000000070a0d0000)
 PSPermGen       total 40960K, used 18120K [0x00000006fb400000, 0x00000006fdc00000, 0x0000000700600000)
  object space 40960K, 44% used [0x00000006fb400000,0x00000006fc5b23d8,0x00000006fdc00000)
}
Event: 33.850 GC heap before
{Heap before GC invocations=18 (full 3):
 PSYoungGen      total 718912K, used 717940K [0x00000007aacb0000, 0x00000007de5e0000, 0x0000000800000000)
  eden space 698112K, 99% used [0x00000007aacb0000,0x00000007d557f398,0x00000007d5670000)
  from space 20800K, 99% used [0x00000007d9620000,0x00000007daa6dce0,0x00000007daa70000)
  to   space 52544K, 0% used [0x00000007db290000,0x00000007db290000,0x00000007de5e0000)
 ParOldGen       total 345792K, used 342356K [0x0000000700600000, 0x00000007157b0000, 0x00000007aacb0000)
  object space 345792K, 99% used [0x0000000700600000,0x0000000715455230,0x00000007157b0000)
 PSPermGen       total 40960K, used 18133K [0x00000006fb400000, 0x00000006fdc00000, 0x0000000700600000)
  object space 40960K, 44% used [0x00000006fb400000,0x00000006fc5b5530,0x00000006fdc00000)
Event: 33.892 GC heap after
Heap after GC invocations=18 (full 3):
 PSYoungGen      total 718912K, used 0K [0x00000007aacb0000, 0x00000007de5e0000, 0x0000000800000000)
  eden space 698112K, 0% used [0x00000007aacb0000,0x00000007aacb0000,0x00000007d5670000)
  from space 20800K, 0% used [0x00000007d9620000,0x00000007d9620000,0x00000007daa70000)
  to   space 52544K, 0% used [0x00000007db290000,0x00000007db290000,0x00000007de5e0000)
 ParOldGen       total 160768K, used 20266K [0x0000000700600000, 0x000000070a300000, 0x00000007aacb0000)
  object space 160768K, 12% used [0x0000000700600000,0x00000007019ca978,0x000000070a300000)
 PSPermGen       total 39808K, used 18133K [0x00000006fb400000, 0x00000006fdae0000, 0x0000000700600000)
  object space 39808K, 45% used [0x00000006fb400000,0x00000006fc5b5530,0x00000006fdae0000)
}
Event: 36.400 GC heap before
{Heap before GC invocations=19 (full 3):
 PSYoungGen      total 718912K, used 697088K [0x00000007aacb0000, 0x00000007de5e0000, 0x0000000800000000)
  eden space 698112K, 99% used [0x00000007aacb0000,0x00000007d55702d8,0x00000007d5670000)
  from space 20800K, 0% used [0x00000007d9620000,0x00000007d9620000,0x00000007daa70000)
  to   space 52544K, 0% used [0x00000007db290000,0x00000007db290000,0x00000007de5e0000)
 ParOldGen       total 160768K, used 20266K [0x0000000700600000, 0x000000070a300000, 0x00000007aacb0000)
  object space 160768K, 12% used [0x0000000700600000,0x00000007019ca978,0x000000070a300000)
 PSPermGen       total 39808K, used 18138K [0x00000006fb400000, 0x00000006fdae0000, 0x0000000700600000)
  object space 39808K, 45% used [0x00000006fb400000,0x00000006fc5b6a28,0x00000006fdae0000)
Event: 36.405 GC heap after
Heap after GC invocations=19 (full 3):
 PSYoungGen      total 688768K, used 20727K [0x00000007aacb0000, 0x00000007dc6d0000, 0x0000000800000000)
  eden space 668032K, 0% used [0x00000007aacb0000,0x00000007aacb0000,0x00000007d3910000)
  from space 20736K, 99% used [0x00000007db290000,0x00000007dc6cdce0,0x00000007dc6d0000)
  to   space 50112K, 0% used [0x00000007d64f0000,0x00000007d64f0000,0x00000007d95e0000)
 ParOldGen       total 160768K, used 20266K [0x0000000700600000, 0x000000070a300000, 0x00000007aacb0000)
  object space 160768K, 12% used [0x0000000700600000,0x00000007019ca978,0x000000070a300000)
 PSPermGen       total 39808K, used 18138K [0x00000006fb400000, 0x00000006fdae0000, 0x0000000700600000)
  object space 39808K, 45% used [0x00000006fb400000,0x00000006fc5b6a28,0x00000006fdae0000)
}

