# JRE version: 7.0_07-b11
# Java VM: Java HotSpot(TM) 64-Bit Server VM (23.3-b01 mixed mode windows-amd64 compressed oops)
Heap
 PSYoungGen      total 1093632K, used 848169K [0x00000007aacb0000, 0x00000007ff760000, 0x0000000800000000)
  eden space 1087296K, 78% used [0x00000007aacb0000,0x00000007de8fa720,0x00000007ed280000)
  from space 6336K, 0% used [0x00000007fec70000,0x00000007fec70000,0x00000007ff2a0000)
  to   space 4864K, 0% used [0x00000007ff2a0000,0x00000007ff2a0000,0x00000007ff760000)
 ParOldGen       total 155072K, used 27031K [0x0000000700600000, 0x0000000709d70000, 0x00000007aacb0000)
  object space 155072K, 17% used [0x0000000700600000,0x0000000702065f80,0x0000000709d70000)
 PSPermGen       total 38912K, used 17985K [0x00000006fb400000, 0x00000006fda00000, 0x0000000700600000)
  object space 38912K, 46% used [0x00000006fb400000,0x00000006fc590518,0x00000006fda00000)
GC Heap History (10 events):
Event: 28.599 GC heap before
{Heap before GC invocations=14 (full 1):
 PSYoungGen      total 1178176K, used 1177371K [0x00000007aacb0000, 0x00000007f4e90000, 0x0000000800000000)
  eden space 1171008K, 99% used [0x00000007aacb0000,0x00000007f2382630,0x00000007f2440000)
  from space 7168K, 99% used [0x00000007f4790000,0x00000007f4e849a0,0x00000007f4e90000)
  to   space 8832K, 0% used [0x00000007f3d50000,0x00000007f3d50000,0x00000007f45f0000)
 ParOldGen       total 118912K, used 73610K [0x0000000700600000, 0x0000000707a20000, 0x00000007aacb0000)
  object space 118912K, 61% used [0x0000000700600000,0x0000000704de2af0,0x0000000707a20000)
 PSPermGen       total 36288K, used 17935K [0x00000006fb400000, 0x00000006fd770000, 0x0000000700600000)
  object space 36288K, 49% used [0x00000006fb400000,0x00000006fc583f70,0x00000006fd770000)
Event: 28.603 GC heap after
Heap after GC invocations=14 (full 1):
 PSYoungGen      total 1205504K, used 6331K [0x00000007aacb0000, 0x0000000800000000, 0x0000000800000000)
  eden space 1196672K, 0% used [0x00000007aacb0000,0x00000007aacb0000,0x00000007f3d50000)
  from space 8832K, 71% used [0x00000007f3d50000,0x00000007f437ec10,0x00000007f45f0000)
  to   space 8896K, 0% used [0x00000007ff750000,0x00000007ff750000,0x0000000800000000)
 ParOldGen       total 118912K, used 96060K [0x0000000700600000, 0x0000000707a20000, 0x00000007aacb0000)
  object space 118912K, 80% used [0x0000000700600000,0x00000007063cf180,0x0000000707a20000)
 PSPermGen       total 36288K, used 17935K [0x00000006fb400000, 0x00000006fd770000, 0x0000000700600000)
  object space 36288K, 49% used [0x00000006fb400000,0x00000006fc583f70,0x00000006fd770000)
}
Event: 28.604 GC heap before
{Heap before GC invocations=15 (full 2):
 PSYoungGen      total 1205504K, used 6331K [0x00000007aacb0000, 0x0000000800000000, 0x0000000800000000)
  eden space 1196672K, 0% used [0x00000007aacb0000,0x00000007aacb0000,0x00000007f3d50000)
  from space 8832K, 71% used [0x00000007f3d50000,0x00000007f437ec10,0x00000007f45f0000)
  to   space 8896K, 0% used [0x00000007ff750000,0x00000007ff750000,0x0000000800000000)
 ParOldGen       total 118912K, used 96060K [0x0000000700600000, 0x0000000707a20000, 0x00000007aacb0000)
  object space 118912K, 80% used [0x0000000700600000,0x00000007063cf180,0x0000000707a20000)
 PSPermGen       total 36288K, used 17935K [0x00000006fb400000, 0x00000006fd770000, 0x0000000700600000)
  object space 36288K, 49% used [0x00000006fb400000,0x00000006fc583f70,0x00000006fd770000)
Event: 28.624 GC heap after
Heap after GC invocations=15 (full 2):
 PSYoungGen      total 1205504K, used 0K [0x00000007aacb0000, 0x0000000800000000, 0x0000000800000000)
  eden space 1196672K, 0% used [0x00000007aacb0000,0x00000007aacb0000,0x00000007f3d50000)
  from space 8832K, 0% used [0x00000007f3d50000,0x00000007f3d50000,0x00000007f45f0000)
  to   space 8896K, 0% used [0x00000007ff750000,0x00000007ff750000,0x0000000800000000)
 ParOldGen       total 133568K, used 19303K [0x0000000700600000, 0x0000000708870000, 0x00000007aacb0000)
  object space 133568K, 14% used [0x0000000700600000,0x00000007018d9f00,0x0000000708870000)
 PSPermGen       total 40576K, used 17935K [0x00000006fb400000, 0x00000006fdba0000, 0x0000000700600000)
  object space 40576K, 44% used [0x00000006fb400000,0x00000006fc583ef0,0x00000006fdba0000)
}
Event: 36.503 GC heap before
{Heap before GC invocations=16 (full 2):
 PSYoungGen      total 1205504K, used 1195934K [0x00000007aacb0000, 0x0000000800000000, 0x0000000800000000)
  eden space 1196672K, 99% used [0x00000007aacb0000,0x00000007f3c97aa0,0x00000007f3d50000)
  from space 8832K, 0% used [0x00000007f3d50000,0x00000007f3d50000,0x00000007f45f0000)
  to   space 8896K, 0% used [0x00000007ff750000,0x00000007ff750000,0x0000000800000000)
 ParOldGen       total 133568K, used 19303K [0x0000000700600000, 0x0000000708870000, 0x00000007aacb0000)
  object space 133568K, 14% used [0x0000000700600000,0x00000007018d9f00,0x0000000708870000)
 PSPermGen       total 40576K, used 17971K [0x00000006fb400000, 0x00000006fdba0000, 0x0000000700600000)
  object space 40576K, 44% used [0x00000006fb400000,0x00000006fc58cc20,0x00000006fdba0000)
Event: 36.510 GC heap after
Heap after GC invocations=16 (full 2):
 PSYoungGen      total 1147776K, used 7122K [0x00000007aacb0000, 0x00000007ffe50000, 0x0000000800000000)
  eden space 1140608K, 0% used [0x00000007aacb0000,0x00000007aacb0000,0x00000007f0690000)
  from space 7168K, 99% used [0x00000007ff750000,0x00000007ffe449a0,0x00000007ffe50000)
  to   space 9152K, 0% used [0x00000007fec70000,0x00000007fec70000,0x00000007ff560000)
 ParOldGen       total 133568K, used 75497K [0x0000000700600000, 0x0000000708870000, 0x00000007aacb0000)
  object space 133568K, 56% used [0x0000000700600000,0x0000000704fba6a0,0x0000000708870000)
 PSPermGen       total 40576K, used 17971K [0x00000006fb400000, 0x00000006fdba0000, 0x0000000700600000)
  object space 40576K, 44% used [0x00000006fb400000,0x00000006fc58cc20,0x00000006fdba0000)
}
Event: 44.095 GC heap before
{Heap before GC invocations=17 (full 2):
 PSYoungGen      total 1147776K, used 1146843K [0x00000007aacb0000, 0x00000007ffe50000, 0x0000000800000000)
  eden space 1140608K, 99% used [0x00000007aacb0000,0x00000007f05b2480,0x00000007f0690000)
  from space 7168K, 99% used [0x00000007ff750000,0x00000007ffe449a0,0x00000007ffe50000)
  to   space 9152K, 0% used [0x00000007fec70000,0x00000007fec70000,0x00000007ff560000)
 ParOldGen       total 133568K, used 75497K [0x0000000700600000, 0x0000000708870000, 0x00000007aacb0000)
  object space 133568K, 56% used [0x0000000700600000,0x0000000704fba6a0,0x0000000708870000)
 PSPermGen       total 40576K, used 17975K [0x00000006fb400000, 0x00000006fdba0000, 0x0000000700600000)
  object space 40576K, 44% used [0x00000006fb400000,0x00000006fc58dc88,0x00000006fdba0000)
Event: 44.100 GC heap after
Heap after GC invocations=17 (full 2):
 PSYoungGen      total 1093632K, used 6331K [0x00000007aacb0000, 0x00000007ff760000, 0x0000000800000000)
  eden space 1087296K, 0% used [0x00000007aacb0000,0x00000007aacb0000,0x00000007ed280000)
  from space 6336K, 99% used [0x00000007fec70000,0x00000007ff29ec10,0x00000007ff2a0000)
  to   space 4864K, 0% used [0x00000007ff2a0000,0x00000007ff2a0000,0x00000007ff760000)
 ParOldGen       total 133568K, used 97955K [0x0000000700600000, 0x0000000708870000, 0x00000007aacb0000)
  object space 133568K, 73% used [0x0000000700600000,0x00000007065a8d40,0x0000000708870000)
 PSPermGen       total 40576K, used 17975K [0x00000006fb400000, 0x00000006fdba0000, 0x0000000700600000)
  object space 40576K, 44% used [0x00000006fb400000,0x00000006fc58dc88,0x00000006fdba0000)
}
Event: 44.100 GC heap before
{Heap before GC invocations=18 (full 3):
 PSYoungGen      total 1093632K, used 6331K [0x00000007aacb0000, 0x00000007ff760000, 0x0000000800000000)
  eden space 1087296K, 0% used [0x00000007aacb0000,0x00000007aacb0000,0x00000007ed280000)
  from space 6336K, 99% used [0x00000007fec70000,0x00000007ff29ec10,0x00000007ff2a0000)
  to   space 4864K, 0% used [0x00000007ff2a0000,0x00000007ff2a0000,0x00000007ff760000)
 ParOldGen       total 133568K, used 97955K [0x0000000700600000, 0x0000000708870000, 0x00000007aacb0000)
  object space 133568K, 73% used [0x0000000700600000,0x00000007065a8d40,0x0000000708870000)
 PSPermGen       total 40576K, used 17975K [0x00000006fb400000, 0x00000006fdba0000, 0x0000000700600000)
  object space 40576K, 44% used [0x00000006fb400000,0x00000006fc58dc88,0x00000006fdba0000)
Event: 44.138 GC heap after
Heap after GC invocations=18 (full 3):
 PSYoungGen      total 1093632K, used 0K [0x00000007aacb0000, 0x00000007ff760000, 0x0000000800000000)
  eden space 1087296K, 0% used [0x00000007aacb0000,0x00000007aacb0000,0x00000007ed280000)
  from space 6336K, 0% used [0x00000007fec70000,0x00000007fec70000,0x00000007ff2a0000)
  to   space 4864K, 0% used [0x00000007ff2a0000,0x00000007ff2a0000,0x00000007ff760000)
 ParOldGen       total 155072K, used 27031K [0x0000000700600000, 0x0000000709d70000, 0x00000007aacb0000)
  object space 155072K, 17% used [0x0000000700600000,0x0000000702065f80,0x0000000709d70000)
 PSPermGen       total 38912K, used 17975K [0x00000006fb400000, 0x00000006fda00000, 0x0000000700600000)
  object space 38912K, 46% used [0x00000006fb400000,0x00000006fc58dc88,0x00000006fda00000)
}

