# JRE version: 7.0_07-b11
# Java VM: Java HotSpot(TM) 64-Bit Server VM (23.3-b01 mixed mode windows-amd64 compressed oops)
Heap
 PSYoungGen      total 254720K, used 156149K [0x00000007aacb0000, 0x00000007c51c0000, 0x0000000800000000)
  eden space 221312K, 62% used [0x00000007aacb0000,0x00000007b33210f8,0x00000007b84d0000)
  from space 33408K, 55% used [0x00000007b84d0000,0x00000007b96dc430,0x00000007ba570000)
  to   space 31744K, 0% used [0x00000007c32c0000,0x00000007c32c0000,0x00000007c51c0000)
 ParOldGen       total 122624K, used 52421K [0x0000000700600000, 0x0000000707dc0000, 0x00000007aacb0000)
  object space 122624K, 42% used [0x0000000700600000,0x00000007039315d8,0x0000000707dc0000)
 PSPermGen       total 35776K, used 17648K [0x00000006fb400000, 0x00000006fd6f0000, 0x0000000700600000)
  object space 35776K, 49% used [0x00000006fb400000,0x00000006fc53c0c0,0x00000006fd6f0000)
GC Heap History (10 events):
Event: 5.568 GC heap before
{Heap before GC invocations=4 (full 0):
 PSYoungGen      total 76352K, used 73206K [0x00000007aacb0000, 0x00000007b41d0000, 0x0000000800000000)
  eden space 65472K, 95% used [0x00000007aacb0000,0x00000007ae991f18,0x00000007aeca0000)
  from space 10880K, 99% used [0x00000007aeca0000,0x00000007af73bb10,0x00000007af740000)
  to   space 10880K, 0% used [0x00000007b3730000,0x00000007b3730000,0x00000007b41d0000)
 ParOldGen       total 174528K, used 41670K [0x0000000700600000, 0x000000070b070000, 0x00000007aacb0000)
  object space 174528K, 23% used [0x0000000700600000,0x0000000702eb18d0,0x000000070b070000)
 PSPermGen       total 21248K, used 17619K [0x00000006fb400000, 0x00000006fc8c0000, 0x0000000700600000)
  object space 21248K, 82% used [0x00000006fb400000,0x00000006fc534da0,0x00000006fc8c0000)
Event: 5.575 GC heap after
Heap after GC invocations=4 (full 0):
 PSYoungGen      total 141824K, used 10878K [0x00000007aacb0000, 0x00000007b41d0000, 0x0000000800000000)
  eden space 130944K, 0% used [0x00000007aacb0000,0x00000007aacb0000,0x00000007b2c90000)
  from space 10880K, 99% used [0x00000007b3730000,0x00000007b41cfb20,0x00000007b41d0000)
  to   space 10880K, 0% used [0x00000007b2c90000,0x00000007b2c90000,0x00000007b3730000)
 ParOldGen       total 174528K, used 53936K [0x0000000700600000, 0x000000070b070000, 0x00000007aacb0000)
  object space 174528K, 30% used [0x0000000700600000,0x0000000703aac150,0x000000070b070000)
 PSPermGen       total 21248K, used 17619K [0x00000006fb400000, 0x00000006fc8c0000, 0x0000000700600000)
  object space 21248K, 82% used [0x00000006fb400000,0x00000006fc534da0,0x00000006fc8c0000)
}
Event: 8.407 GC heap before
{Heap before GC invocations=5 (full 1):
 PSYoungGen      total 141824K, used 140169K [0x00000007aacb0000, 0x00000007b41d0000, 0x0000000800000000)
  eden space 130944K, 98% used [0x00000007aacb0000,0x00000007b2af2c78,0x00000007b2c90000)
  from space 10880K, 99% used [0x00000007b3730000,0x00000007b41cfb20,0x00000007b41d0000)
  to   space 10880K, 0% used [0x00000007b2c90000,0x00000007b2c90000,0x00000007b3730000)
 ParOldGen       total 442048K, used 436662K [0x0000000700600000, 0x000000071b5b0000, 0x00000007aacb0000)
  object space 442048K, 98% used [0x0000000700600000,0x000000071b06d940,0x000000071b5b0000)
 PSPermGen       total 21248K, used 17625K [0x00000006fb400000, 0x00000006fc8c0000, 0x0000000700600000)
  object space 21248K, 82% used [0x00000006fb400000,0x00000006fc5367f8,0x00000006fc8c0000)
Event: 8.469 GC heap after
Heap after GC invocations=5 (full 1):
 PSYoungGen      total 141824K, used 0K [0x00000007aacb0000, 0x00000007b41d0000, 0x0000000800000000)
  eden space 130944K, 0% used [0x00000007aacb0000,0x00000007aacb0000,0x00000007b2c90000)
  from space 10880K, 0% used [0x00000007b3730000,0x00000007b3730000,0x00000007b41d0000)
  to   space 10880K, 0% used [0x00000007b2c90000,0x00000007b2c90000,0x00000007b3730000)
 ParOldGen       total 122624K, used 22046K [0x0000000700600000, 0x0000000707dc0000, 0x00000007aacb0000)
  object space 122624K, 17% used [0x0000000700600000,0x0000000701b87988,0x0000000707dc0000)
 PSPermGen       total 35776K, used 17619K [0x00000006fb400000, 0x00000006fd6f0000, 0x0000000700600000)
  object space 35776K, 49% used [0x00000006fb400000,0x00000006fc534e50,0x00000006fd6f0000)
}
Event: 9.166 GC heap before
{Heap before GC invocations=6 (full 1):
 PSYoungGen      total 141824K, used 128453K [0x00000007aacb0000, 0x00000007b41d0000, 0x0000000800000000)
  eden space 130944K, 98% used [0x00000007aacb0000,0x00000007b2a21568,0x00000007b2c90000)
  from space 10880K, 0% used [0x00000007b3730000,0x00000007b3730000,0x00000007b41d0000)
  to   space 10880K, 0% used [0x00000007b2c90000,0x00000007b2c90000,0x00000007b3730000)
 ParOldGen       total 122624K, used 22046K [0x0000000700600000, 0x0000000707dc0000, 0x00000007aacb0000)
  object space 122624K, 17% used [0x0000000700600000,0x0000000701b87988,0x0000000707dc0000)
 PSPermGen       total 35776K, used 17619K [0x00000006fb400000, 0x00000006fd6f0000, 0x0000000700600000)
  object space 35776K, 49% used [0x00000006fb400000,0x00000006fc534e50,0x00000006fd6f0000)
Event: 9.171 GC heap after
Heap after GC invocations=6 (full 1):
 PSYoungGen      total 141824K, used 6331K [0x00000007aacb0000, 0x00000007bcda0000, 0x0000000800000000)
  eden space 130944K, 0% used [0x00000007aacb0000,0x00000007aacb0000,0x00000007b2c90000)
  from space 10880K, 58% used [0x00000007b2c90000,0x00000007b32bec10,0x00000007b3730000)
  to   space 35584K, 0% used [0x00000007baae0000,0x00000007baae0000,0x00000007bcda0000)
 ParOldGen       total 122624K, used 52421K [0x0000000700600000, 0x0000000707dc0000, 0x00000007aacb0000)
  object space 122624K, 42% used [0x0000000700600000,0x00000007039315d8,0x0000000707dc0000)
 PSPermGen       total 35776K, used 17619K [0x00000006fb400000, 0x00000006fd6f0000, 0x0000000700600000)
  object space 35776K, 49% used [0x00000006fb400000,0x00000006fc534e50,0x00000006fd6f0000)
}
Event: 9.871 GC heap before
{Heap before GC invocations=7 (full 1):
 PSYoungGen      total 141824K, used 134483K [0x00000007aacb0000, 0x00000007bcda0000, 0x0000000800000000)
  eden space 130944K, 97% used [0x00000007aacb0000,0x00000007b29d6150,0x00000007b2c90000)
  from space 10880K, 58% used [0x00000007b2c90000,0x00000007b32bec10,0x00000007b3730000)
  to   space 35584K, 0% used [0x00000007baae0000,0x00000007baae0000,0x00000007bcda0000)
 ParOldGen       total 122624K, used 52421K [0x0000000700600000, 0x0000000707dc0000, 0x00000007aacb0000)
  object space 122624K, 42% used [0x0000000700600000,0x00000007039315d8,0x0000000707dc0000)
 PSPermGen       total 35776K, used 17620K [0x00000006fb400000, 0x00000006fd6f0000, 0x0000000700600000)
  object space 35776K, 49% used [0x00000006fb400000,0x00000006fc535170,0x00000006fd6f0000)
Event: 9.875 GC heap after
Heap after GC invocations=7 (full 1):
 PSYoungGen      total 249152K, used 18449K [0x00000007aacb0000, 0x00000007bc610000, 0x0000000800000000)
  eden space 221312K, 0% used [0x00000007aacb0000,0x00000007aacb0000,0x00000007b84d0000)
  from space 27840K, 66% used [0x00000007baae0000,0x00000007bbce4430,0x00000007bc610000)
  to   space 33408K, 0% used [0x00000007b84d0000,0x00000007b84d0000,0x00000007ba570000)
 ParOldGen       total 122624K, used 52421K [0x0000000700600000, 0x0000000707dc0000, 0x00000007aacb0000)
  object space 122624K, 42% used [0x0000000700600000,0x00000007039315d8,0x0000000707dc0000)
 PSPermGen       total 35776K, used 17620K [0x00000006fb400000, 0x00000006fd6f0000, 0x0000000700600000)
  object space 35776K, 49% used [0x00000006fb400000,0x00000006fc535170,0x00000006fd6f0000)
}
Event: 10.841 GC heap before
{Heap before GC invocations=8 (full 1):
 PSYoungGen      total 249152K, used 238211K [0x00000007aacb0000, 0x00000007bc610000, 0x0000000800000000)
  eden space 221312K, 99% used [0x00000007aacb0000,0x00000007b834caf8,0x00000007b84d0000)
  from space 27840K, 66% used [0x00000007baae0000,0x00000007bbce4430,0x00000007bc610000)
  to   space 33408K, 0% used [0x00000007b84d0000,0x00000007b84d0000,0x00000007ba570000)
 ParOldGen       total 122624K, used 52421K [0x0000000700600000, 0x0000000707dc0000, 0x00000007aacb0000)
  object space 122624K, 42% used [0x0000000700600000,0x00000007039315d8,0x0000000707dc0000)
 PSPermGen       total 35776K, used 17624K [0x00000006fb400000, 0x00000006fd6f0000, 0x0000000700600000)
  object space 35776K, 49% used [0x00000006fb400000,0x00000006fc536138,0x00000006fd6f0000)
Event: 10.846 GC heap after
Heap after GC invocations=8 (full 1):
 PSYoungGen      total 254720K, used 18481K [0x00000007aacb0000, 0x00000007c51c0000, 0x0000000800000000)
  eden space 221312K, 0% used [0x00000007aacb0000,0x00000007aacb0000,0x00000007b84d0000)
  from space 33408K, 55% used [0x00000007b84d0000,0x00000007b96dc430,0x00000007ba570000)
  to   space 31744K, 0% used [0x00000007c32c0000,0x00000007c32c0000,0x00000007c51c0000)
 ParOldGen       total 122624K, used 52421K [0x0000000700600000, 0x0000000707dc0000, 0x00000007aacb0000)
  object space 122624K, 42% used [0x0000000700600000,0x00000007039315d8,0x0000000707dc0000)
 PSPermGen       total 35776K, used 17624K [0x00000006fb400000, 0x00000006fd6f0000, 0x0000000700600000)
  object space 35776K, 49% used [0x00000006fb400000,0x00000006fc536138,0x00000006fd6f0000)
}

