# JRE version: 7.0_07-b11
# Java VM: Java HotSpot(TM) 64-Bit Server VM (23.3-b01 mixed mode windows-amd64 compressed oops)
Heap
 PSYoungGen      total 1361472K, used 311223K [0x00000007aacb0000, 0x0000000800000000, 0x0000000800000000)
  eden space 1344000K, 21% used [0x00000007aacb0000,0x00000007bcb92158,0x00000007fcd30000)
  from space 17472K, 99% used [0x00000007fcd30000,0x00000007fde3bb80,0x00000007fde40000)
  to   space 26560K, 0% used [0x00000007fe610000,0x00000007fe610000,0x0000000800000000)
 ParOldGen       total 256320K, used 91177K [0x0000000700600000, 0x0000000710050000, 0x00000007aacb0000)
  object space 256320K, 35% used [0x0000000700600000,0x0000000705f0a770,0x0000000710050000)
 PSPermGen       total 39872K, used 18233K [0x00000006fb400000, 0x00000006fdaf0000, 0x0000000700600000)
  object space 39872K, 45% used [0x00000006fb400000,0x00000006fc5ce690,0x00000006fdaf0000)
GC Heap History (10 events):
Event: 14.188 GC heap before
{Heap before GC invocations=14 (full 2):
 PSYoungGen      total 1057856K, used 1055586K [0x00000007aacb0000, 0x00000007f3a40000, 0x0000000800000000)
  eden space 1032448K, 99% used [0x00000007aacb0000,0x00000007e9c2e988,0x00000007e9cf0000)
  from space 25408K, 94% used [0x00000007eb5d0000,0x00000007ecd29f50,0x00000007ecea0000)
  to   space 25472K, 0% used [0x00000007e9cf0000,0x00000007e9cf0000,0x00000007eb5d0000)
 ParOldGen       total 149696K, used 116891K [0x0000000700600000, 0x0000000709830000, 0x00000007aacb0000)
  object space 149696K, 78% used [0x0000000700600000,0x0000000707826cc0,0x0000000709830000)
 PSPermGen       total 36736K, used 18155K [0x00000006fb400000, 0x00000006fd7e0000, 0x0000000700600000)
  object space 36736K, 49% used [0x00000006fb400000,0x00000006fc5bae28,0x00000006fd7e0000)
Event: 14.229 GC heap after
Heap after GC invocations=14 (full 2):
 PSYoungGen      total 1057856K, used 0K [0x00000007aacb0000, 0x00000007f3a40000, 0x0000000800000000)
  eden space 1032448K, 0% used [0x00000007aacb0000,0x00000007aacb0000,0x00000007e9cf0000)
  from space 25408K, 0% used [0x00000007eb5d0000,0x00000007eb5d0000,0x00000007ecea0000)
  to   space 25472K, 0% used [0x00000007e9cf0000,0x00000007e9cf0000,0x00000007eb5d0000)
 ParOldGen       total 216064K, used 65704K [0x0000000700600000, 0x000000070d900000, 0x00000007aacb0000)
  object space 216064K, 30% used [0x0000000700600000,0x000000070462a348,0x000000070d900000)
 PSPermGen       total 41024K, used 18155K [0x00000006fb400000, 0x00000006fdc10000, 0x0000000700600000)
  object space 41024K, 44% used [0x00000006fb400000,0x00000006fc5bad88,0x00000006fdc10000)
}
Event: 16.462 GC heap before
{Heap before GC invocations=15 (full 2):
 PSYoungGen      total 1057856K, used 1032448K [0x00000007aacb0000, 0x00000007f3a40000, 0x0000000800000000)
  eden space 1032448K, 100% used [0x00000007aacb0000,0x00000007e9cf0000,0x00000007e9cf0000)
  from space 25408K, 0% used [0x00000007eb5d0000,0x00000007eb5d0000,0x00000007ecea0000)
  to   space 25472K, 0% used [0x00000007e9cf0000,0x00000007e9cf0000,0x00000007eb5d0000)
 ParOldGen       total 216064K, used 161260K [0x0000000700600000, 0x000000070d900000, 0x00000007aacb0000)
  object space 216064K, 74% used [0x0000000700600000,0x000000070a37b1e8,0x000000070d900000)
 PSPermGen       total 41024K, used 18176K [0x00000006fb400000, 0x00000006fdc10000, 0x0000000700600000)
  object space 41024K, 44% used [0x00000006fb400000,0x00000006fc5c0328,0x00000006fdc10000)
Event: 16.475 GC heap after
Heap after GC invocations=15 (full 2):
 PSYoungGen      total 1057920K, used 22951K [0x00000007aacb0000, 0x00000007fffb0000, 0x0000000800000000)
  eden space 1032448K, 0% used [0x00000007aacb0000,0x00000007aacb0000,0x00000007e9cf0000)
  from space 25472K, 90% used [0x00000007e9cf0000,0x00000007eb359eb0,0x00000007eb5d0000)
  to   space 25280K, 0% used [0x00000007fe700000,0x00000007fe700000,0x00000007fffb0000)
 ParOldGen       total 216064K, used 182973K [0x0000000700600000, 0x000000070d900000, 0x00000007aacb0000)
  object space 216064K, 84% used [0x0000000700600000,0x000000070b8af668,0x000000070d900000)
 PSPermGen       total 41024K, used 18176K [0x00000006fb400000, 0x00000006fdc10000, 0x0000000700600000)
  object space 41024K, 44% used [0x00000006fb400000,0x00000006fc5c0328,0x00000006fdc10000)
}
Event: 16.475 GC heap before
{Heap before GC invocations=16 (full 3):
 PSYoungGen      total 1057920K, used 22951K [0x00000007aacb0000, 0x00000007fffb0000, 0x0000000800000000)
  eden space 1032448K, 0% used [0x00000007aacb0000,0x00000007aacb0000,0x00000007e9cf0000)
  from space 25472K, 90% used [0x00000007e9cf0000,0x00000007eb359eb0,0x00000007eb5d0000)
  to   space 25280K, 0% used [0x00000007fe700000,0x00000007fe700000,0x00000007fffb0000)
 ParOldGen       total 216064K, used 182973K [0x0000000700600000, 0x000000070d900000, 0x00000007aacb0000)
  object space 216064K, 84% used [0x0000000700600000,0x000000070b8af668,0x000000070d900000)
 PSPermGen       total 41024K, used 18176K [0x00000006fb400000, 0x00000006fdc10000, 0x0000000700600000)
  object space 41024K, 44% used [0x00000006fb400000,0x00000006fc5c0328,0x00000006fdc10000)
Event: 16.510 GC heap after
Heap after GC invocations=16 (full 3):
 PSYoungGen      total 1057920K, used 0K [0x00000007aacb0000, 0x00000007fffb0000, 0x0000000800000000)
  eden space 1032448K, 0% used [0x00000007aacb0000,0x00000007aacb0000,0x00000007e9cf0000)
  from space 25472K, 0% used [0x00000007e9cf0000,0x00000007e9cf0000,0x00000007eb5d0000)
  to   space 25280K, 0% used [0x00000007fe700000,0x00000007fe700000,0x00000007fffb0000)
 ParOldGen       total 256320K, used 72952K [0x0000000700600000, 0x0000000710050000, 0x00000007aacb0000)
  object space 256320K, 28% used [0x0000000700600000,0x0000000704d3e340,0x0000000710050000)
 PSPermGen       total 39872K, used 18176K [0x00000006fb400000, 0x00000006fdaf0000, 0x0000000700600000)
  object space 39872K, 45% used [0x00000006fb400000,0x00000006fc5c0328,0x00000006fdaf0000)
}
Event: 18.530 GC heap before
{Heap before GC invocations=17 (full 3):
 PSYoungGen      total 1057920K, used 1031332K [0x00000007aacb0000, 0x00000007fffb0000, 0x0000000800000000)
  eden space 1032448K, 99% used [0x00000007aacb0000,0x00000007e9bd9320,0x00000007e9cf0000)
  from space 25472K, 0% used [0x00000007e9cf0000,0x00000007e9cf0000,0x00000007eb5d0000)
  to   space 25280K, 0% used [0x00000007fe700000,0x00000007fe700000,0x00000007fffb0000)
 ParOldGen       total 256320K, used 72952K [0x0000000700600000, 0x0000000710050000, 0x00000007aacb0000)
  object space 256320K, 28% used [0x0000000700600000,0x0000000704d3e340,0x0000000710050000)
 PSPermGen       total 39872K, used 18185K [0x00000006fb400000, 0x00000006fdaf0000, 0x0000000700600000)
  object space 39872K, 45% used [0x00000006fb400000,0x00000006fc5c2648,0x00000006fdaf0000)
Event: 18.539 GC heap after
Heap after GC invocations=17 (full 3):
 PSYoungGen      total 1340096K, used 25134K [0x00000007aacb0000, 0x00000007fff90000, 0x0000000800000000)
  eden space 1314944K, 0% used [0x00000007aacb0000,0x00000007aacb0000,0x00000007fb0d0000)
  from space 25152K, 99% used [0x00000007fe700000,0x00000007fff8bb30,0x00000007fff90000)
  to   space 25792K, 0% used [0x00000007fcd30000,0x00000007fcd30000,0x00000007fe660000)
 ParOldGen       total 256320K, used 85102K [0x0000000700600000, 0x0000000710050000, 0x00000007aacb0000)
  object space 256320K, 33% used [0x0000000700600000,0x000000070591bb60,0x0000000710050000)
 PSPermGen       total 39872K, used 18185K [0x00000006fb400000, 0x00000006fdaf0000, 0x0000000700600000)
  object space 39872K, 45% used [0x00000006fb400000,0x00000006fc5c2648,0x00000006fdaf0000)
}
Event: 21.122 GC heap before
{Heap before GC invocations=18 (full 3):
 PSYoungGen      total 1340096K, used 1339110K [0x00000007aacb0000, 0x00000007fff90000, 0x0000000800000000)
  eden space 1314944K, 99% used [0x00000007aacb0000,0x00000007fafddf80,0x00000007fb0d0000)
  from space 25152K, 99% used [0x00000007fe700000,0x00000007fff8bb30,0x00000007fff90000)
  to   space 25792K, 0% used [0x00000007fcd30000,0x00000007fcd30000,0x00000007fe660000)
 ParOldGen       total 256320K, used 91177K [0x0000000700600000, 0x0000000710050000, 0x00000007aacb0000)
  object space 256320K, 35% used [0x0000000700600000,0x0000000705f0a770,0x0000000710050000)
 PSPermGen       total 39872K, used 18197K [0x00000006fb400000, 0x00000006fdaf0000, 0x0000000700600000)
  object space 39872K, 45% used [0x00000006fb400000,0x00000006fc5c57a8,0x00000006fdaf0000)
Event: 21.127 GC heap after
Heap after GC invocations=18 (full 3):
 PSYoungGen      total 1361472K, used 17454K [0x00000007aacb0000, 0x0000000800000000, 0x0000000800000000)
  eden space 1344000K, 0% used [0x00000007aacb0000,0x00000007aacb0000,0x00000007fcd30000)
  from space 17472K, 99% used [0x00000007fcd30000,0x00000007fde3bb80,0x00000007fde40000)
  to   space 26560K, 0% used [0x00000007fe610000,0x00000007fe610000,0x0000000800000000)
 ParOldGen       total 256320K, used 91177K [0x0000000700600000, 0x0000000710050000, 0x00000007aacb0000)
  object space 256320K, 35% used [0x0000000700600000,0x0000000705f0a770,0x0000000710050000)
 PSPermGen       total 39872K, used 18197K [0x00000006fb400000, 0x00000006fdaf0000, 0x0000000700600000)
  object space 39872K, 45% used [0x00000006fb400000,0x00000006fc5c57a8,0x00000006fdaf0000)
}

