# JRE version: 7.0_07-b11
# Java VM: Java HotSpot(TM) 64-Bit Server VM (23.3-b01 mixed mode windows-amd64 compressed oops)
Heap
 PSYoungGen      total 1327424K, used 446403K [0x00000007aacb0000, 0x0000000800000000, 0x0000000800000000)
  eden space 1286272K, 31% used [0x00000007aacb0000,0x00000007c3879ef0,0x00000007f94d0000)
  from space 41152K, 99% used [0x00000007f94d0000,0x00000007fbcf6dd0,0x00000007fbd00000)
  to   space 57792K, 0% used [0x00000007fc790000,0x00000007fc790000,0x0000000800000000)
 ParOldGen       total 263744K, used 177222K [0x0000000700600000, 0x0000000710790000, 0x00000007aacb0000)
  object space 263744K, 67% used [0x0000000700600000,0x000000070b311970,0x0000000710790000)
 PSPermGen       total 33856K, used 18087K [0x00000006fb400000, 0x00000006fd510000, 0x0000000700600000)
  object space 33856K, 53% used [0x00000006fb400000,0x00000006fc5a9c40,0x00000006fd510000)
GC Heap History (10 events):
Event: 42.948 GC heap before
{Heap before GC invocations=17 (full 5):
 PSYoungGen      total 880128K, used 833344K [0x00000007aacb0000, 0x00000007f5fb0000, 0x0000000800000000)
  eden space 833344K, 100% used [0x00000007aacb0000,0x00000007dda80000,0x00000007dda80000)
  from space 46784K, 0% used [0x00000007dda80000,0x00000007dda80000,0x00000007e0830000)
  to   space 51520K, 0% used [0x00000007f2d60000,0x00000007f2d60000,0x00000007f5fb0000)
 ParOldGen       total 232960K, used 187581K [0x0000000700600000, 0x000000070e980000, 0x00000007aacb0000)
  object space 232960K, 80% used [0x0000000700600000,0x000000070bd2f5f0,0x000000070e980000)
 PSPermGen       total 36096K, used 18044K [0x00000006fb400000, 0x00000006fd740000, 0x0000000700600000)
  object space 36096K, 49% used [0x00000006fb400000,0x00000006fc59f178,0x00000006fd740000)
Event: 42.949 GC heap after
Heap after GC invocations=17 (full 5):
 PSYoungGen      total 1112000K, used 762K [0x00000007aacb0000, 0x00000007f40a0000, 0x0000000800000000)
  eden space 1092288K, 0% used [0x00000007aacb0000,0x00000007aacb0000,0x00000007ed760000)
  from space 19712K, 3% used [0x00000007f2d60000,0x00000007f2e1e930,0x00000007f40a0000)
  to   space 53888K, 0% used [0x00000007ed760000,0x00000007ed760000,0x00000007f0c00000)
 ParOldGen       total 232960K, used 187581K [0x0000000700600000, 0x000000070e980000, 0x00000007aacb0000)
  object space 232960K, 80% used [0x0000000700600000,0x000000070bd2f5f0,0x000000070e980000)
 PSPermGen       total 36096K, used 18044K [0x00000006fb400000, 0x00000006fd740000, 0x0000000700600000)
  object space 36096K, 49% used [0x00000006fb400000,0x00000006fc59f178,0x00000006fd740000)
}
Event: 45.681 GC heap before
{Heap before GC invocations=18 (full 6):
 PSYoungGen      total 1112000K, used 1093050K [0x00000007aacb0000, 0x00000007f40a0000, 0x0000000800000000)
  eden space 1092288K, 100% used [0x00000007aacb0000,0x00000007ed760000,0x00000007ed760000)
  from space 19712K, 3% used [0x00000007f2d60000,0x00000007f2e1e930,0x00000007f40a0000)
  to   space 53888K, 0% used [0x00000007ed760000,0x00000007ed760000,0x00000007f0c00000)
 ParOldGen       total 518464K, used 516138K [0x0000000700600000, 0x0000000720050000, 0x00000007aacb0000)
  object space 518464K, 99% used [0x0000000700600000,0x000000071fe0aaf0,0x0000000720050000)
 PSPermGen       total 36096K, used 18046K [0x00000006fb400000, 0x00000006fd740000, 0x0000000700600000)
  object space 36096K, 49% used [0x00000006fb400000,0x00000006fc59fa80,0x00000006fd740000)
Event: 45.735 GC heap after
Heap after GC invocations=18 (full 6):
 PSYoungGen      total 1112000K, used 0K [0x00000007aacb0000, 0x00000007f40a0000, 0x0000000800000000)
  eden space 1092288K, 0% used [0x00000007aacb0000,0x00000007aacb0000,0x00000007ed760000)
  from space 19712K, 0% used [0x00000007f2d60000,0x00000007f2d60000,0x00000007f40a0000)
  to   space 53888K, 0% used [0x00000007ed760000,0x00000007ed760000,0x00000007f0c00000)
 ParOldGen       total 263744K, used 33276K [0x0000000700600000, 0x0000000710790000, 0x00000007aacb0000)
  object space 263744K, 12% used [0x0000000700600000,0x000000070267f320,0x0000000710790000)
 PSPermGen       total 33856K, used 18046K [0x00000006fb400000, 0x00000006fd510000, 0x0000000700600000)
  object space 33856K, 53% used [0x00000006fb400000,0x00000006fc59fa80,0x00000006fd510000)
}
Event: 48.725 GC heap before
{Heap before GC invocations=19 (full 6):
 PSYoungGen      total 1112000K, used 1092288K [0x00000007aacb0000, 0x00000007f40a0000, 0x0000000800000000)
  eden space 1092288K, 100% used [0x00000007aacb0000,0x00000007ed760000,0x00000007ed760000)
  from space 19712K, 0% used [0x00000007f2d60000,0x00000007f2d60000,0x00000007f40a0000)
  to   space 53888K, 0% used [0x00000007ed760000,0x00000007ed760000,0x00000007f0c00000)
 ParOldGen       total 263744K, used 171147K [0x0000000700600000, 0x0000000710790000, 0x00000007aacb0000)
  object space 263744K, 64% used [0x0000000700600000,0x000000070ad22d60,0x0000000710790000)
 PSPermGen       total 33856K, used 18058K [0x00000006fb400000, 0x00000006fd510000, 0x0000000700600000)
  object space 33856K, 53% used [0x00000006fb400000,0x00000006fc5a2820,0x00000006fd510000)
Event: 48.726 GC heap after
Heap after GC invocations=19 (full 6):
 PSYoungGen      total 1146176K, used 256K [0x00000007aacb0000, 0x0000000800000000, 0x0000000800000000)
  eden space 1092288K, 0% used [0x00000007aacb0000,0x00000007aacb0000,0x00000007ed760000)
  from space 53888K, 0% used [0x00000007ed760000,0x00000007ed7a0000,0x00000007f0c00000)
  to   space 55360K, 0% used [0x00000007fc9f0000,0x00000007fc9f0000,0x0000000800000000)
 ParOldGen       total 263744K, used 171147K [0x0000000700600000, 0x0000000710790000, 0x00000007aacb0000)
  object space 263744K, 64% used [0x0000000700600000,0x000000070ad22d60,0x0000000710790000)
 PSPermGen       total 33856K, used 18058K [0x00000006fb400000, 0x00000006fd510000, 0x0000000700600000)
  object space 33856K, 53% used [0x00000006fb400000,0x00000006fc5a2820,0x00000006fd510000)
}
Event: 50.727 GC heap before
{Heap before GC invocations=20 (full 6):
 PSYoungGen      total 1146176K, used 1088102K [0x00000007aacb0000, 0x0000000800000000, 0x0000000800000000)
  eden space 1092288K, 99% used [0x00000007aacb0000,0x00000007ed309980,0x00000007ed760000)
  from space 53888K, 0% used [0x00000007ed760000,0x00000007ed7a0000,0x00000007f0c00000)
  to   space 55360K, 0% used [0x00000007fc9f0000,0x00000007fc9f0000,0x0000000800000000)
 ParOldGen       total 263744K, used 171147K [0x0000000700600000, 0x0000000710790000, 0x00000007aacb0000)
  object space 263744K, 64% used [0x0000000700600000,0x000000070ad22d60,0x0000000710790000)
 PSPermGen       total 33856K, used 18078K [0x00000006fb400000, 0x00000006fd510000, 0x0000000700600000)
  object space 33856K, 53% used [0x00000006fb400000,0x00000006fc5a79c8,0x00000006fd510000)
Event: 50.739 GC heap after
Heap after GC invocations=20 (full 6):
 PSYoungGen      total 1341184K, used 29270K [0x00000007aacb0000, 0x00000007fff90000, 0x0000000800000000)
  eden space 1286272K, 0% used [0x00000007aacb0000,0x00000007aacb0000,0x00000007f94d0000)
  from space 54912K, 53% used [0x00000007fc9f0000,0x00000007fe685bd0,0x00000007fff90000)
  to   space 54400K, 0% used [0x00000007f94d0000,0x00000007f94d0000,0x00000007fc9f0000)
 ParOldGen       total 263744K, used 171147K [0x0000000700600000, 0x0000000710790000, 0x00000007aacb0000)
  object space 263744K, 64% used [0x0000000700600000,0x000000070ad22d60,0x0000000710790000)
 PSPermGen       total 33856K, used 18078K [0x00000006fb400000, 0x00000006fd510000, 0x0000000700600000)
  object space 33856K, 53% used [0x00000006fb400000,0x00000006fc5a79c8,0x00000006fd510000)
}
Event: 53.115 GC heap before
{Heap before GC invocations=21 (full 6):
 PSYoungGen      total 1341184K, used 1311459K [0x00000007aacb0000, 0x00000007fff90000, 0x0000000800000000)
  eden space 1286272K, 99% used [0x00000007aacb0000,0x00000007f90d3268,0x00000007f94d0000)
  from space 54912K, 53% used [0x00000007fc9f0000,0x00000007fe685bd0,0x00000007fff90000)
  to   space 54400K, 0% used [0x00000007f94d0000,0x00000007f94d0000,0x00000007fc9f0000)
 ParOldGen       total 263744K, used 177222K [0x0000000700600000, 0x0000000710790000, 0x00000007aacb0000)
  object space 263744K, 67% used [0x0000000700600000,0x000000070b311970,0x0000000710790000)
 PSPermGen       total 33856K, used 18086K [0x00000006fb400000, 0x00000006fd510000, 0x0000000700600000)
  object space 33856K, 53% used [0x00000006fb400000,0x00000006fc5a9a88,0x00000006fd510000)
Event: 53.131 GC heap after
Heap after GC invocations=21 (full 6):
 PSYoungGen      total 1327424K, used 41115K [0x00000007aacb0000, 0x0000000800000000, 0x0000000800000000)
  eden space 1286272K, 0% used [0x00000007aacb0000,0x00000007aacb0000,0x00000007f94d0000)
  from space 41152K, 99% used [0x00000007f94d0000,0x00000007fbcf6dd0,0x00000007fbd00000)
  to   space 57792K, 0% used [0x00000007fc790000,0x00000007fc790000,0x0000000800000000)
 ParOldGen       total 263744K, used 177222K [0x0000000700600000, 0x0000000710790000, 0x00000007aacb0000)
  object space 263744K, 67% used [0x0000000700600000,0x000000070b311970,0x0000000710790000)
 PSPermGen       total 33856K, used 18086K [0x00000006fb400000, 0x00000006fd510000, 0x0000000700600000)
  object space 33856K, 53% used [0x00000006fb400000,0x00000006fc5a9a88,0x00000006fd510000)
}

