# JRE version: 7.0_07-b11
# Java VM: Java HotSpot(TM) 64-Bit Server VM (23.3-b01 mixed mode windows-amd64 compressed oops)
Heap
 PSYoungGen      total 1185792K, used 231990K [0x00000007aacb0000, 0x00000007fb000000, 0x0000000800000000)
  eden space 1114688K, 19% used [0x00000007aacb0000,0x00000007b7e9c948,0x00000007eed40000)
  from space 71104K, 23% used [0x00000007eed40000,0x00000007efde0f28,0x00000007f32b0000)
  to   space 68416K, 0% used [0x00000007f6d30000,0x00000007f6d30000,0x00000007fb000000)
 ParOldGen       total 388480K, used 40275K [0x0000000700600000, 0x0000000718160000, 0x00000007aacb0000)
  object space 388480K, 10% used [0x0000000700600000,0x0000000702d54e00,0x0000000718160000)
 PSPermGen       total 33792K, used 18088K [0x00000006fb400000, 0x00000006fd500000, 0x0000000700600000)
  object space 33792K, 53% used [0x00000006fb400000,0x00000006fc5aa010,0x00000006fd500000)
GC Heap History (10 events):
Event: 30.342 GC heap before
{Heap before GC invocations=27 (full 5):
 PSYoungGen      total 1014848K, used 962348K [0x00000007aacb0000, 0x00000007f2aa0000, 0x0000000800000000)
  eden space 942272K, 99% used [0x00000007aacb0000,0x00000007e43ddb98,0x00000007e44e0000)
  from space 72576K, 29% used [0x00000007e44e0000,0x00000007e597d748,0x00000007e8bc0000)
  to   space 70464K, 0% used [0x00000007ee5d0000,0x00000007ee5d0000,0x00000007f2aa0000)
 ParOldGen       total 316608K, used 104106K [0x0000000700600000, 0x0000000713b30000, 0x00000007aacb0000)
  object space 316608K, 32% used [0x0000000700600000,0x0000000706baaad0,0x0000000713b30000)
 PSPermGen       total 35520K, used 18052K [0x00000006fb400000, 0x00000006fd6b0000, 0x0000000700600000)
  object space 35520K, 50% used [0x00000006fb400000,0x00000006fc5a13f8,0x00000006fd6b0000)
Event: 30.351 GC heap after
Heap after GC invocations=27 (full 5):
 PSYoungGen      total 1107136K, used 41084K [0x00000007aacb0000, 0x00000007f2a70000, 0x0000000800000000)
  eden space 1036864K, 0% used [0x00000007aacb0000,0x00000007aacb0000,0x00000007ea140000)
  from space 70272K, 58% used [0x00000007ee5d0000,0x00000007f0def198,0x00000007f2a70000)
  to   space 70208K, 0% used [0x00000007ea140000,0x00000007ea140000,0x00000007ee5d0000)
 ParOldGen       total 316608K, used 104106K [0x0000000700600000, 0x0000000713b30000, 0x00000007aacb0000)
  object space 316608K, 32% used [0x0000000700600000,0x0000000706baaad0,0x0000000713b30000)
 PSPermGen       total 35520K, used 18052K [0x00000006fb400000, 0x00000006fd6b0000, 0x0000000700600000)
  object space 35520K, 50% used [0x00000006fb400000,0x00000006fc5a13f8,0x00000006fd6b0000)
}
Event: 32.192 GC heap before
{Heap before GC invocations=28 (full 5):
 PSYoungGen      total 1107136K, used 1077130K [0x00000007aacb0000, 0x00000007f2a70000, 0x0000000800000000)
  eden space 1036864K, 99% used [0x00000007aacb0000,0x00000007ea073910,0x00000007ea140000)
  from space 70272K, 58% used [0x00000007ee5d0000,0x00000007f0def198,0x00000007f2a70000)
  to   space 70208K, 0% used [0x00000007ea140000,0x00000007ea140000,0x00000007ee5d0000)
 ParOldGen       total 316608K, used 112206K [0x0000000700600000, 0x0000000713b30000, 0x00000007aacb0000)
  object space 316608K, 35% used [0x0000000700600000,0x0000000707393af0,0x0000000713b30000)
 PSPermGen       total 35520K, used 18062K [0x00000006fb400000, 0x00000006fd6b0000, 0x0000000700600000)
  object space 35520K, 50% used [0x00000006fb400000,0x00000006fc5a3b80,0x00000006fd6b0000)
Event: 32.197 GC heap after
Heap after GC invocations=28 (full 5):
 PSYoungGen      total 1107072K, used 11365K [0x00000007aacb0000, 0x00000007f8640000, 0x0000000800000000)
  eden space 1036864K, 0% used [0x00000007aacb0000,0x00000007aacb0000,0x00000007ea140000)
  from space 70208K, 16% used [0x00000007ea140000,0x00000007eac59780,0x00000007ee5d0000)
  to   space 69952K, 0% used [0x00000007f41f0000,0x00000007f41f0000,0x00000007f8640000)
 ParOldGen       total 316608K, used 112206K [0x0000000700600000, 0x0000000713b30000, 0x00000007aacb0000)
  object space 316608K, 35% used [0x0000000700600000,0x0000000707393af0,0x0000000713b30000)
 PSPermGen       total 35520K, used 18062K [0x00000006fb400000, 0x00000006fd6b0000, 0x0000000700600000)
  object space 35520K, 50% used [0x00000006fb400000,0x00000006fc5a3b80,0x00000006fd6b0000)
}
Event: 34.225 GC heap before
{Heap before GC invocations=29 (full 5):
 PSYoungGen      total 1107072K, used 1048229K [0x00000007aacb0000, 0x00000007f8640000, 0x0000000800000000)
  eden space 1036864K, 100% used [0x00000007aacb0000,0x00000007ea140000,0x00000007ea140000)
  from space 70208K, 16% used [0x00000007ea140000,0x00000007eac59780,0x00000007ee5d0000)
  to   space 69952K, 0% used [0x00000007f41f0000,0x00000007f41f0000,0x00000007f8640000)
 ParOldGen       total 316608K, used 238465K [0x0000000700600000, 0x0000000713b30000, 0x00000007aacb0000)
  object space 316608K, 75% used [0x0000000700600000,0x000000070eee0748,0x0000000713b30000)
 PSPermGen       total 35520K, used 18076K [0x00000006fb400000, 0x00000006fd6b0000, 0x0000000700600000)
  object space 35520K, 50% used [0x00000006fb400000,0x00000006fc5a7108,0x00000006fd6b0000)
Event: 34.226 GC heap after
Heap after GC invocations=29 (full 5):
 PSYoungGen      total 1170176K, used 256K [0x00000007aacb0000, 0x00000007f7820000, 0x0000000800000000)
  eden space 1114688K, 0% used [0x00000007aacb0000,0x00000007aacb0000,0x00000007eed40000)
  from space 55488K, 0% used [0x00000007f41f0000,0x00000007f4230000,0x00000007f7820000)
  to   space 71104K, 0% used [0x00000007eed40000,0x00000007eed40000,0x00000007f32b0000)
 ParOldGen       total 316608K, used 238465K [0x0000000700600000, 0x0000000713b30000, 0x00000007aacb0000)
  object space 316608K, 75% used [0x0000000700600000,0x000000070eee0748,0x0000000713b30000)
 PSPermGen       total 35520K, used 18076K [0x00000006fb400000, 0x00000006fd6b0000, 0x0000000700600000)
  object space 35520K, 50% used [0x00000006fb400000,0x00000006fc5a7108,0x00000006fd6b0000)
}
Event: 36.459 GC heap before
{Heap before GC invocations=30 (full 6):
 PSYoungGen      total 1170176K, used 1114944K [0x00000007aacb0000, 0x00000007f7820000, 0x0000000800000000)
  eden space 1114688K, 100% used [0x00000007aacb0000,0x00000007eed40000,0x00000007eed40000)
  from space 55488K, 0% used [0x00000007f41f0000,0x00000007f4230000,0x00000007f7820000)
  to   space 71104K, 0% used [0x00000007eed40000,0x00000007eed40000,0x00000007f32b0000)
 ParOldGen       total 322688K, used 322347K [0x0000000700600000, 0x0000000714120000, 0x00000007aacb0000)
  object space 322688K, 99% used [0x0000000700600000,0x00000007140cafc8,0x0000000714120000)
 PSPermGen       total 35520K, used 18077K [0x00000006fb400000, 0x00000006fd6b0000, 0x0000000700600000)
  object space 35520K, 50% used [0x00000006fb400000,0x00000006fc5a7700,0x00000006fd6b0000)
Event: 36.497 GC heap after
Heap after GC invocations=30 (full 6):
 PSYoungGen      total 1170176K, used 0K [0x00000007aacb0000, 0x00000007f7820000, 0x0000000800000000)
  eden space 1114688K, 0% used [0x00000007aacb0000,0x00000007aacb0000,0x00000007eed40000)
  from space 55488K, 0% used [0x00000007f41f0000,0x00000007f41f0000,0x00000007f7820000)
  to   space 71104K, 0% used [0x00000007eed40000,0x00000007eed40000,0x00000007f32b0000)
 ParOldGen       total 388480K, used 40275K [0x0000000700600000, 0x0000000718160000, 0x00000007aacb0000)
  object space 388480K, 10% used [0x0000000700600000,0x0000000702d54e00,0x0000000718160000)
 PSPermGen       total 33792K, used 18077K [0x00000006fb400000, 0x00000006fd500000, 0x0000000700600000)
  object space 33792K, 53% used [0x00000006fb400000,0x00000006fc5a7660,0x00000006fd500000)
}
Event: 38.667 GC heap before
{Heap before GC invocations=31 (full 6):
 PSYoungGen      total 1170176K, used 1112965K [0x00000007aacb0000, 0x00000007f7820000, 0x0000000800000000)
  eden space 1114688K, 99% used [0x00000007aacb0000,0x00000007eeb917a8,0x00000007eed40000)
  from space 55488K, 0% used [0x00000007f41f0000,0x00000007f41f0000,0x00000007f7820000)
  to   space 71104K, 0% used [0x00000007eed40000,0x00000007eed40000,0x00000007f32b0000)
 ParOldGen       total 388480K, used 40275K [0x0000000700600000, 0x0000000718160000, 0x00000007aacb0000)
  object space 388480K, 10% used [0x0000000700600000,0x0000000702d54e00,0x0000000718160000)
 PSPermGen       total 33792K, used 18088K [0x00000006fb400000, 0x00000006fd500000, 0x0000000700600000)
  object space 33792K, 53% used [0x00000006fb400000,0x00000006fc5aa010,0x00000006fd500000)
Event: 38.669 GC heap after
Heap after GC invocations=31 (full 6):
 PSYoungGen      total 1185792K, used 17027K [0x00000007aacb0000, 0x00000007fb000000, 0x0000000800000000)
  eden space 1114688K, 0% used [0x00000007aacb0000,0x00000007aacb0000,0x00000007eed40000)
  from space 71104K, 23% used [0x00000007eed40000,0x00000007efde0f28,0x00000007f32b0000)
  to   space 68416K, 0% used [0x00000007f6d30000,0x00000007f6d30000,0x00000007fb000000)
 ParOldGen       total 388480K, used 40275K [0x0000000700600000, 0x0000000718160000, 0x00000007aacb0000)
  object space 388480K, 10% used [0x0000000700600000,0x0000000702d54e00,0x0000000718160000)
 PSPermGen       total 33792K, used 18088K [0x00000006fb400000, 0x00000006fd500000, 0x0000000700600000)
  object space 33792K, 53% used [0x00000006fb400000,0x00000006fc5aa010,0x00000006fd500000)
}

