# JRE version: 7.0_07-b11
# Java VM: Java HotSpot(TM) 64-Bit Server VM (23.3-b01 mixed mode windows-amd64 compressed oops)
Heap
 PSYoungGen      total 870976K, used 812583K [0x00000007aacb0000, 0x00000007ee900000, 0x0000000800000000)
  eden space 829440K, 93% used [0x00000007aacb0000,0x00000007da212240,0x00000007dd6b0000)
  from space 41536K, 89% used [0x00000007dd6b0000,0x00000007dfad7d00,0x00000007dff40000)
  to   space 43328K, 0% used [0x00000007ebeb0000,0x00000007ebeb0000,0x00000007ee900000)
 ParOldGen       total 140480K, used 38442K [0x0000000700600000, 0x0000000708f30000, 0x00000007aacb0000)
  object space 140480K, 27% used [0x0000000700600000,0x0000000702b8a8c8,0x0000000708f30000)
 PSPermGen       total 36288K, used 18214K [0x00000006fb400000, 0x00000006fd770000, 0x0000000700600000)
  object space 36288K, 50% used [0x00000006fb400000,0x00000006fc5c9b20,0x00000006fd770000)
GC Heap History (10 events):
Event: 5.613 GC heap before
{Heap before GC invocations=8 (full 0):
 PSYoungGen      total 286080K, used 282982K [0x00000007aacb0000, 0x00000007cdb70000, 0x0000000800000000)
  eden space 261696K, 99% used [0x00000007aacb0000,0x00000007ba9ca5d8,0x00000007bac40000)
  from space 24384K, 97% used [0x00000007bac40000,0x00000007bc37f5e0,0x00000007bc410000)
  to   space 24384K, 0% used [0x00000007cc3a0000,0x00000007cc3a0000,0x00000007cdb70000)
 ParOldGen       total 174528K, used 84323K [0x0000000700600000, 0x000000070b070000, 0x00000007aacb0000)
  object space 174528K, 48% used [0x0000000700600000,0x0000000705858e00,0x000000070b070000)
 PSPermGen       total 21248K, used 17994K [0x00000006fb400000, 0x00000006fc8c0000, 0x0000000700600000)
  object space 21248K, 84% used [0x00000006fb400000,0x00000006fc592830,0x00000006fc8c0000)
Event: 5.625 GC heap after
Heap after GC invocations=8 (full 0):
 PSYoungGen      total 547712K, used 22927K [0x00000007aacb0000, 0x00000007cdb90000, 0x0000000800000000)
  eden space 523328K, 0% used [0x00000007aacb0000,0x00000007aacb0000,0x00000007cabc0000)
  from space 24384K, 94% used [0x00000007cc3a0000,0x00000007cda03c40,0x00000007cdb70000)
  to   space 24448K, 0% used [0x00000007cabc0000,0x00000007cabc0000,0x00000007cc3a0000)
 ParOldGen       total 174528K, used 109085K [0x0000000700600000, 0x000000070b070000, 0x00000007aacb0000)
  object space 174528K, 62% used [0x0000000700600000,0x0000000707087650,0x000000070b070000)
 PSPermGen       total 21248K, used 17994K [0x00000006fb400000, 0x00000006fc8c0000, 0x0000000700600000)
  object space 21248K, 84% used [0x00000006fb400000,0x00000006fc592830,0x00000006fc8c0000)
}
Event: 6.750 GC heap before
{Heap before GC invocations=9 (full 0):
 PSYoungGen      total 547712K, used 546002K [0x00000007aacb0000, 0x00000007cdb90000, 0x0000000800000000)
  eden space 523328K, 99% used [0x00000007aacb0000,0x00000007cab80f78,0x00000007cabc0000)
  from space 24384K, 94% used [0x00000007cc3a0000,0x00000007cda03c40,0x00000007cdb70000)
  to   space 24448K, 0% used [0x00000007cabc0000,0x00000007cabc0000,0x00000007cc3a0000)
 ParOldGen       total 174528K, used 109085K [0x0000000700600000, 0x000000070b070000, 0x00000007aacb0000)
  object space 174528K, 62% used [0x0000000700600000,0x0000000707087650,0x000000070b070000)
 PSPermGen       total 21248K, used 17995K [0x00000006fb400000, 0x00000006fc8c0000, 0x0000000700600000)
  object space 21248K, 84% used [0x00000006fb400000,0x00000006fc592ee8,0x00000006fc8c0000)
Event: 6.766 GC heap after
Heap after GC invocations=9 (full 0):
 PSYoungGen      total 547776K, used 24444K [0x00000007aacb0000, 0x00000007e2cd0000, 0x0000000800000000)
  eden space 523328K, 0% used [0x00000007aacb0000,0x00000007aacb0000,0x00000007cabc0000)
  from space 24448K, 99% used [0x00000007cabc0000,0x00000007cc39f2a0,0x00000007cc3a0000)
  to   space 40128K, 0% used [0x00000007e05a0000,0x00000007e05a0000,0x00000007e2cd0000)
 ParOldGen       total 174528K, used 147290K [0x0000000700600000, 0x000000070b070000, 0x00000007aacb0000)
  object space 174528K, 84% used [0x0000000700600000,0x00000007095d68b0,0x000000070b070000)
 PSPermGen       total 21248K, used 17995K [0x00000006fb400000, 0x00000006fc8c0000, 0x0000000700600000)
  object space 21248K, 84% used [0x00000006fb400000,0x00000006fc592ee8,0x00000006fc8c0000)
}
Event: 6.766 GC heap before
{Heap before GC invocations=10 (full 1):
 PSYoungGen      total 547776K, used 24444K [0x00000007aacb0000, 0x00000007e2cd0000, 0x0000000800000000)
  eden space 523328K, 0% used [0x00000007aacb0000,0x00000007aacb0000,0x00000007cabc0000)
  from space 24448K, 99% used [0x00000007cabc0000,0x00000007cc39f2a0,0x00000007cc3a0000)
  to   space 40128K, 0% used [0x00000007e05a0000,0x00000007e05a0000,0x00000007e2cd0000)
 ParOldGen       total 174528K, used 147290K [0x0000000700600000, 0x000000070b070000, 0x00000007aacb0000)
  object space 174528K, 84% used [0x0000000700600000,0x00000007095d68b0,0x000000070b070000)
 PSPermGen       total 21248K, used 17995K [0x00000006fb400000, 0x00000006fc8c0000, 0x0000000700600000)
  object space 21248K, 84% used [0x00000006fb400000,0x00000006fc592ee8,0x00000006fc8c0000)
Event: 6.820 GC heap after
Heap after GC invocations=10 (full 1):
 PSYoungGen      total 547776K, used 0K [0x00000007aacb0000, 0x00000007e2cd0000, 0x0000000800000000)
  eden space 523328K, 0% used [0x00000007aacb0000,0x00000007aacb0000,0x00000007cabc0000)
  from space 24448K, 0% used [0x00000007cabc0000,0x00000007cabc0000,0x00000007cc3a0000)
  to   space 40128K, 0% used [0x00000007e05a0000,0x00000007e05a0000,0x00000007e2cd0000)
 ParOldGen       total 140480K, used 26260K [0x0000000700600000, 0x0000000708f30000, 0x00000007aacb0000)
  object space 140480K, 18% used [0x0000000700600000,0x0000000701fa5098,0x0000000708f30000)
 PSPermGen       total 36288K, used 17989K [0x00000006fb400000, 0x00000006fd770000, 0x0000000700600000)
  object space 36288K, 49% used [0x00000006fb400000,0x00000006fc591480,0x00000006fd770000)
}
Event: 7.914 GC heap before
{Heap before GC invocations=11 (full 1):
 PSYoungGen      total 547776K, used 523312K [0x00000007aacb0000, 0x00000007e2cd0000, 0x0000000800000000)
  eden space 523328K, 99% used [0x00000007aacb0000,0x00000007cabbc308,0x00000007cabc0000)
  from space 24448K, 0% used [0x00000007cabc0000,0x00000007cabc0000,0x00000007cc3a0000)
  to   space 40128K, 0% used [0x00000007e05a0000,0x00000007e05a0000,0x00000007e2cd0000)
 ParOldGen       total 140480K, used 26260K [0x0000000700600000, 0x0000000708f30000, 0x00000007aacb0000)
  object space 140480K, 18% used [0x0000000700600000,0x0000000701fa5098,0x0000000708f30000)
 PSPermGen       total 36288K, used 17995K [0x00000006fb400000, 0x00000006fd770000, 0x0000000700600000)
  object space 36288K, 49% used [0x00000006fb400000,0x00000006fc592c68,0x00000006fd770000)
Event: 7.922 GC heap after
Heap after GC invocations=11 (full 1):
 PSYoungGen      total 771968K, used 34998K [0x00000007aacb0000, 0x00000007e27d0000, 0x0000000800000000)
  eden space 736960K, 0% used [0x00000007aacb0000,0x00000007aacb0000,0x00000007d7c60000)
  from space 35008K, 99% used [0x00000007e05a0000,0x00000007e27cd920,0x00000007e27d0000)
  to   space 41536K, 0% used [0x00000007dd6b0000,0x00000007dd6b0000,0x00000007dff40000)
 ParOldGen       total 140480K, used 26260K [0x0000000700600000, 0x0000000708f30000, 0x00000007aacb0000)
  object space 140480K, 18% used [0x0000000700600000,0x0000000701fa5098,0x0000000708f30000)
 PSPermGen       total 36288K, used 17995K [0x00000006fb400000, 0x00000006fd770000, 0x0000000700600000)
  object space 36288K, 49% used [0x00000006fb400000,0x00000006fc592c68,0x00000006fd770000)
}
Event: 9.473 GC heap before
{Heap before GC invocations=12 (full 1):
 PSYoungGen      total 771968K, used 771009K [0x00000007aacb0000, 0x00000007e27d0000, 0x0000000800000000)
  eden space 736960K, 99% used [0x00000007aacb0000,0x00000007d7b72ec8,0x00000007d7c60000)
  from space 35008K, 99% used [0x00000007e05a0000,0x00000007e27cd920,0x00000007e27d0000)
  to   space 41536K, 0% used [0x00000007dd6b0000,0x00000007dd6b0000,0x00000007dff40000)
 ParOldGen       total 140480K, used 28285K [0x0000000700600000, 0x0000000708f30000, 0x00000007aacb0000)
  object space 140480K, 20% used [0x0000000700600000,0x000000070219f4a8,0x0000000708f30000)
 PSPermGen       total 36288K, used 18171K [0x00000006fb400000, 0x00000006fd770000, 0x0000000700600000)
  object space 36288K, 50% used [0x00000006fb400000,0x00000006fc5bed40,0x00000006fd770000)
Event: 9.486 GC heap after
Heap after GC invocations=12 (full 1):
 PSYoungGen      total 870976K, used 37023K [0x00000007aacb0000, 0x00000007ee900000, 0x0000000800000000)
  eden space 829440K, 0% used [0x00000007aacb0000,0x00000007aacb0000,0x00000007dd6b0000)
  from space 41536K, 89% used [0x00000007dd6b0000,0x00000007dfad7d00,0x00000007dff40000)
  to   space 43328K, 0% used [0x00000007ebeb0000,0x00000007ebeb0000,0x00000007ee900000)
 ParOldGen       total 140480K, used 38442K [0x0000000700600000, 0x0000000708f30000, 0x00000007aacb0000)
  object space 140480K, 27% used [0x0000000700600000,0x0000000702b8a8c8,0x0000000708f30000)
 PSPermGen       total 36288K, used 18171K [0x00000006fb400000, 0x00000006fd770000, 0x0000000700600000)
  object space 36288K, 50% used [0x00000006fb400000,0x00000006fc5bed40,0x00000006fd770000)
}

