# JRE version: 7.0_07-b11
# Java VM: Java HotSpot(TM) 64-Bit Server VM (23.3-b01 mixed mode windows-amd64 compressed oops)
Heap
 PSYoungGen      total 303040K, used 87289K [0x00000007aacb0000, 0x00000007c0a50000, 0x0000000800000000)
  eden space 258432K, 18% used [0x00000007aacb0000,0x00000007adadc6e8,0x00000007ba910000)
  from space 44608K, 89% used [0x00000007bd800000,0x00000007bff11e70,0x00000007c0390000)
  to   space 48064K, 0% used [0x00000007ba910000,0x00000007ba910000,0x00000007bd800000)
 ParOldGen       total 174528K, used 102411K [0x0000000700600000, 0x000000070b070000, 0x00000007aacb0000)
  object space 174528K, 58% used [0x0000000700600000,0x0000000706a02d28,0x000000070b070000)
 PSPermGen       total 21248K, used 17812K [0x00000006fb400000, 0x00000006fc8c0000, 0x0000000700600000)
  object space 21248K, 83% used [0x00000006fb400000,0x00000006fc5653a0,0x00000006fc8c0000)
GC Heap History (10 events):
Event: 2.912 GC heap before
{Heap before GC invocations=2 (full 0):
 PSYoungGen      total 76352K, used 74971K [0x00000007aacb0000, 0x00000007b01e0000, 0x0000000800000000)
  eden space 65472K, 97% used [0x00000007aacb0000,0x00000007aeb4e260,0x00000007aeca0000)
  from space 10880K, 99% used [0x00000007aeca0000,0x00000007af738a10,0x00000007af740000)
  to   space 10880K, 0% used [0x00000007af740000,0x00000007af740000,0x00000007b01e0000)
 ParOldGen       total 174528K, used 12758K [0x0000000700600000, 0x000000070b070000, 0x00000007aacb0000)
  object space 174528K, 7% used [0x0000000700600000,0x0000000701275850,0x000000070b070000)
 PSPermGen       total 21248K, used 16412K [0x00000006fb400000, 0x00000006fc8c0000, 0x0000000700600000)
  object space 21248K, 77% used [0x00000006fb400000,0x00000006fc4070a8,0x00000006fc8c0000)
Event: 2.920 GC heap after
Heap after GC invocations=2 (full 0):
 PSYoungGen      total 76352K, used 10859K [0x00000007aacb0000, 0x00000007b41d0000, 0x0000000800000000)
  eden space 65472K, 0% used [0x00000007aacb0000,0x00000007aacb0000,0x00000007aeca0000)
  from space 10880K, 99% used [0x00000007af740000,0x00000007b01dafe0,0x00000007b01e0000)
  to   space 10880K, 0% used [0x00000007aeca0000,0x00000007aeca0000,0x00000007af740000)
 ParOldGen       total 174528K, used 25530K [0x0000000700600000, 0x000000070b070000, 0x00000007aacb0000)
  object space 174528K, 14% used [0x0000000700600000,0x0000000701eee958,0x000000070b070000)
 PSPermGen       total 21248K, used 16412K [0x00000006fb400000, 0x00000006fc8c0000, 0x0000000700600000)
  object space 21248K, 77% used [0x00000006fb400000,0x00000006fc4070a8,0x00000006fc8c0000)
}
Event: 3.125 GC heap before
{Heap before GC invocations=3 (full 0):
 PSYoungGen      total 76352K, used 76104K [0x00000007aacb0000, 0x00000007b41d0000, 0x0000000800000000)
  eden space 65472K, 99% used [0x00000007aacb0000,0x00000007aec67248,0x00000007aeca0000)
  from space 10880K, 99% used [0x00000007af740000,0x00000007b01dafe0,0x00000007b01e0000)
  to   space 10880K, 0% used [0x00000007aeca0000,0x00000007aeca0000,0x00000007af740000)
 ParOldGen       total 174528K, used 25530K [0x0000000700600000, 0x000000070b070000, 0x00000007aacb0000)
  object space 174528K, 14% used [0x0000000700600000,0x0000000701eee958,0x000000070b070000)
 PSPermGen       total 21248K, used 16432K [0x00000006fb400000, 0x00000006fc8c0000, 0x0000000700600000)
  object space 21248K, 77% used [0x00000006fb400000,0x00000006fc40c380,0x00000006fc8c0000)
Event: 3.131 GC heap after
Heap after GC invocations=3 (full 0):
 PSYoungGen      total 76352K, used 10859K [0x00000007aacb0000, 0x00000007b41d0000, 0x0000000800000000)
  eden space 65472K, 0% used [0x00000007aacb0000,0x00000007aacb0000,0x00000007aeca0000)
  from space 10880K, 99% used [0x00000007aeca0000,0x00000007af73afe0,0x00000007af740000)
  to   space 10880K, 0% used [0x00000007b3730000,0x00000007b3730000,0x00000007b41d0000)
 ParOldGen       total 174528K, used 38074K [0x0000000700600000, 0x000000070b070000, 0x00000007aacb0000)
  object space 174528K, 21% used [0x0000000700600000,0x0000000702b2ea88,0x000000070b070000)
 PSPermGen       total 21248K, used 16432K [0x00000006fb400000, 0x00000006fc8c0000, 0x0000000700600000)
  object space 21248K, 77% used [0x00000006fb400000,0x00000006fc40c380,0x00000006fc8c0000)
}
Event: 3.326 GC heap before
{Heap before GC invocations=4 (full 0):
 PSYoungGen      total 76352K, used 73176K [0x00000007aacb0000, 0x00000007b41d0000, 0x0000000800000000)
  eden space 65472K, 95% used [0x00000007aacb0000,0x00000007ae98b128,0x00000007aeca0000)
  from space 10880K, 99% used [0x00000007aeca0000,0x00000007af73afe0,0x00000007af740000)
  to   space 10880K, 0% used [0x00000007b3730000,0x00000007b3730000,0x00000007b41d0000)
 ParOldGen       total 174528K, used 38074K [0x0000000700600000, 0x000000070b070000, 0x00000007aacb0000)
  object space 174528K, 21% used [0x0000000700600000,0x0000000702b2ea88,0x000000070b070000)
 PSPermGen       total 21248K, used 16459K [0x00000006fb400000, 0x00000006fc8c0000, 0x0000000700600000)
  object space 21248K, 77% used [0x00000006fb400000,0x00000006fc412d28,0x00000006fc8c0000)
Event: 3.334 GC heap after
Heap after GC invocations=4 (full 0):
 PSYoungGen      total 141824K, used 10871K [0x00000007aacb0000, 0x00000007b41d0000, 0x0000000800000000)
  eden space 130944K, 0% used [0x00000007aacb0000,0x00000007aacb0000,0x00000007b2c90000)
  from space 10880K, 99% used [0x00000007b3730000,0x00000007b41cdd50,0x00000007b41d0000)
  to   space 10880K, 0% used [0x00000007b2c90000,0x00000007b2c90000,0x00000007b3730000)
 ParOldGen       total 174528K, used 50949K [0x0000000700600000, 0x000000070b070000, 0x00000007aacb0000)
  object space 174528K, 29% used [0x0000000700600000,0x00000007037c1568,0x000000070b070000)
 PSPermGen       total 21248K, used 16459K [0x00000006fb400000, 0x00000006fc8c0000, 0x0000000700600000)
  object space 21248K, 77% used [0x00000006fb400000,0x00000006fc412d28,0x00000006fc8c0000)
}
Event: 3.746 GC heap before
{Heap before GC invocations=5 (full 0):
 PSYoungGen      total 141824K, used 138314K [0x00000007aacb0000, 0x00000007b41d0000, 0x0000000800000000)
  eden space 130944K, 97% used [0x00000007aacb0000,0x00000007b2924de0,0x00000007b2c90000)
  from space 10880K, 99% used [0x00000007b3730000,0x00000007b41cdd50,0x00000007b41d0000)
  to   space 10880K, 0% used [0x00000007b2c90000,0x00000007b2c90000,0x00000007b3730000)
 ParOldGen       total 174528K, used 50949K [0x0000000700600000, 0x000000070b070000, 0x00000007aacb0000)
  object space 174528K, 29% used [0x0000000700600000,0x00000007037c1568,0x000000070b070000)
 PSPermGen       total 21248K, used 16880K [0x00000006fb400000, 0x00000006fc8c0000, 0x0000000700600000)
  object space 21248K, 79% used [0x00000006fb400000,0x00000006fc47c260,0x00000006fc8c0000)
Event: 3.764 GC heap after
Heap after GC invocations=5 (full 0):
 PSYoungGen      total 141824K, used 10873K [0x00000007aacb0000, 0x00000007c0390000, 0x0000000800000000)
  eden space 130944K, 0% used [0x00000007aacb0000,0x00000007aacb0000,0x00000007b2c90000)
  from space 10880K, 99% used [0x00000007b2c90000,0x00000007b372e620,0x00000007b3730000)
  to   space 44608K, 0% used [0x00000007bd800000,0x00000007bd800000,0x00000007c0390000)
 ParOldGen       total 174528K, used 94303K [0x0000000700600000, 0x000000070b070000, 0x00000007aacb0000)
  object space 174528K, 54% used [0x0000000700600000,0x0000000706217d18,0x000000070b070000)
 PSPermGen       total 21248K, used 16880K [0x00000006fb400000, 0x00000006fc8c0000, 0x0000000700600000)
  object space 21248K, 79% used [0x00000006fb400000,0x00000006fc47c260,0x00000006fc8c0000)
}
Event: 4.154 GC heap before
{Heap before GC invocations=6 (full 0):
 PSYoungGen      total 141824K, used 136285K [0x00000007aacb0000, 0x00000007c0390000, 0x0000000800000000)
  eden space 130944K, 95% used [0x00000007aacb0000,0x00000007b2728f20,0x00000007b2c90000)
  from space 10880K, 99% used [0x00000007b2c90000,0x00000007b372e620,0x00000007b3730000)
  to   space 44608K, 0% used [0x00000007bd800000,0x00000007bd800000,0x00000007c0390000)
 ParOldGen       total 174528K, used 94303K [0x0000000700600000, 0x000000070b070000, 0x00000007aacb0000)
  object space 174528K, 54% used [0x0000000700600000,0x0000000706217d18,0x000000070b070000)
 PSPermGen       total 21248K, used 17405K [0x00000006fb400000, 0x00000006fc8c0000, 0x0000000700600000)
  object space 21248K, 81% used [0x00000006fb400000,0x00000006fc4ff590,0x00000006fc8c0000)
Event: 4.169 GC heap after
Heap after GC invocations=6 (full 0):
 PSYoungGen      total 303040K, used 40007K [0x00000007aacb0000, 0x00000007c0a50000, 0x0000000800000000)
  eden space 258432K, 0% used [0x00000007aacb0000,0x00000007aacb0000,0x00000007ba910000)
  from space 44608K, 89% used [0x00000007bd800000,0x00000007bff11e70,0x00000007c0390000)
  to   space 48064K, 0% used [0x00000007ba910000,0x00000007ba910000,0x00000007bd800000)
 ParOldGen       total 174528K, used 102411K [0x0000000700600000, 0x000000070b070000, 0x00000007aacb0000)
  object space 174528K, 58% used [0x0000000700600000,0x0000000706a02d28,0x000000070b070000)
 PSPermGen       total 21248K, used 17405K [0x00000006fb400000, 0x00000006fc8c0000, 0x0000000700600000)
  object space 21248K, 81% used [0x00000006fb400000,0x00000006fc4ff590,0x00000006fc8c0000)
}

