# JRE version: 7.0_07-b11
# Java VM: Java HotSpot(TM) 64-Bit Server VM (23.3-b01 mixed mode windows-amd64 compressed oops)
Heap
 PSYoungGen      total 129536K, used 50682K [0x00000007aacb0000, 0x00000007b61a0000, 0x0000000800000000)
  eden space 111040K, 28% used [0x00000007aacb0000,0x00000007acc224b0,0x00000007b1920000)
  from space 18496K, 99% used [0x00000007b1cb0000,0x00000007b2ebc430,0x00000007b2ec0000)
  to   space 37120K, 0% used [0x00000007b3d60000,0x00000007b3d60000,0x00000007b61a0000)
 ParOldGen       total 174528K, used 86136K [0x0000000700600000, 0x000000070b070000, 0x00000007aacb0000)
  object space 174528K, 49% used [0x0000000700600000,0x0000000705a1e2d8,0x000000070b070000)
 PSPermGen       total 21248K, used 17714K [0x00000006fb400000, 0x00000006fc8c0000, 0x0000000700600000)
  object space 21248K, 83% used [0x00000006fb400000,0x00000006fc54ca18,0x00000006fc8c0000)
GC Heap History (10 events):
Event: 7.299 GC heap before
{Heap before GC invocations=5 (full 0):
 PSYoungGen      total 141824K, used 141495K [0x00000007aacb0000, 0x00000007b41d0000, 0x0000000800000000)
  eden space 130944K, 99% used [0x00000007aacb0000,0x00000007b2c42228,0x00000007b2c90000)
  from space 10880K, 99% used [0x00000007b3730000,0x00000007b41cbb00,0x00000007b41d0000)
  to   space 10880K, 0% used [0x00000007b2c90000,0x00000007b2c90000,0x00000007b3730000)
 ParOldGen       total 174528K, used 54543K [0x0000000700600000, 0x000000070b070000, 0x00000007aacb0000)
  object space 174528K, 31% used [0x0000000700600000,0x0000000703b43c10,0x000000070b070000)
 PSPermGen       total 21248K, used 17687K [0x00000006fb400000, 0x00000006fc8c0000, 0x0000000700600000)
  object space 21248K, 83% used [0x00000006fb400000,0x00000006fc545fd8,0x00000006fc8c0000)
Event: 7.308 GC heap after
Heap after GC invocations=5 (full 0):
 PSYoungGen      total 137472K, used 10878K [0x00000007aacb0000, 0x00000007b79f0000, 0x0000000800000000)
  eden space 126592K, 0% used [0x00000007aacb0000,0x00000007aacb0000,0x00000007b2850000)
  from space 10880K, 99% used [0x00000007b2c90000,0x00000007b372fb10,0x00000007b3730000)
  to   space 41792K, 0% used [0x00000007b5120000,0x00000007b5120000,0x00000007b79f0000)
 ParOldGen       total 174528K, used 77509K [0x0000000700600000, 0x000000070b070000, 0x00000007aacb0000)
  object space 174528K, 44% used [0x0000000700600000,0x00000007051b1500,0x000000070b070000)
 PSPermGen       total 21248K, used 17687K [0x00000006fb400000, 0x00000006fc8c0000, 0x0000000700600000)
  object space 21248K, 83% used [0x00000006fb400000,0x00000006fc545fd8,0x00000006fc8c0000)
}
Event: 8.564 GC heap before
{Heap before GC invocations=6 (full 0):
 PSYoungGen      total 137472K, used 133231K [0x00000007aacb0000, 0x00000007b79f0000, 0x0000000800000000)
  eden space 126592K, 96% used [0x00000007aacb0000,0x00000007b242c110,0x00000007b2850000)
  from space 10880K, 99% used [0x00000007b2c90000,0x00000007b372fb10,0x00000007b3730000)
  to   space 41792K, 0% used [0x00000007b5120000,0x00000007b5120000,0x00000007b79f0000)
 ParOldGen       total 174528K, used 77509K [0x0000000700600000, 0x000000070b070000, 0x00000007aacb0000)
  object space 174528K, 44% used [0x0000000700600000,0x00000007051b1500,0x000000070b070000)
 PSPermGen       total 21248K, used 17688K [0x00000006fb400000, 0x00000006fc8c0000, 0x0000000700600000)
  object space 21248K, 83% used [0x00000006fb400000,0x00000006fc546288,0x00000006fc8c0000)
Event: 8.571 GC heap after
Heap after GC invocations=6 (full 0):
 PSYoungGen      total 155968K, used 26844K [0x00000007aacb0000, 0x00000007b71e0000, 0x0000000800000000)
  eden space 122432K, 0% used [0x00000007aacb0000,0x00000007aacb0000,0x00000007b2440000)
  from space 33536K, 80% used [0x00000007b5120000,0x00000007b6b57070,0x00000007b71e0000)
  to   space 39744K, 0% used [0x00000007b2440000,0x00000007b2440000,0x00000007b4b10000)
 ParOldGen       total 174528K, used 77509K [0x0000000700600000, 0x000000070b070000, 0x00000007aacb0000)
  object space 174528K, 44% used [0x0000000700600000,0x00000007051b1500,0x000000070b070000)
 PSPermGen       total 21248K, used 17688K [0x00000006fb400000, 0x00000006fc8c0000, 0x0000000700600000)
  object space 21248K, 83% used [0x00000006fb400000,0x00000006fc546288,0x00000006fc8c0000)
}
Event: 9.827 GC heap before
{Heap before GC invocations=7 (full 0):
 PSYoungGen      total 155968K, used 148885K [0x00000007aacb0000, 0x00000007b71e0000, 0x0000000800000000)
  eden space 122432K, 99% used [0x00000007aacb0000,0x00000007b23de778,0x00000007b2440000)
  from space 33536K, 80% used [0x00000007b5120000,0x00000007b6b57070,0x00000007b71e0000)
  to   space 39744K, 0% used [0x00000007b2440000,0x00000007b2440000,0x00000007b4b10000)
 ParOldGen       total 174528K, used 77509K [0x0000000700600000, 0x000000070b070000, 0x00000007aacb0000)
  object space 174528K, 44% used [0x0000000700600000,0x00000007051b1500,0x000000070b070000)
 PSPermGen       total 21248K, used 17690K [0x00000006fb400000, 0x00000006fc8c0000, 0x0000000700600000)
  object space 21248K, 83% used [0x00000006fb400000,0x00000006fc546818,0x00000006fc8c0000)
Event: 9.833 GC heap after
Heap after GC invocations=7 (full 0):
 PSYoungGen      total 143104K, used 24588K [0x00000007aacb0000, 0x00000007b6b00000, 0x0000000800000000)
  eden space 118464K, 0% used [0x00000007aacb0000,0x00000007aacb0000,0x00000007b2060000)
  from space 24640K, 99% used [0x00000007b2440000,0x00000007b3c43040,0x00000007b3c50000)
  to   space 38208K, 0% used [0x00000007b45b0000,0x00000007b45b0000,0x00000007b6b00000)
 ParOldGen       total 174528K, used 79901K [0x0000000700600000, 0x000000070b070000, 0x00000007aacb0000)
  object space 174528K, 45% used [0x0000000700600000,0x0000000705407698,0x000000070b070000)
 PSPermGen       total 21248K, used 17690K [0x00000006fb400000, 0x00000006fc8c0000, 0x0000000700600000)
  object space 21248K, 83% used [0x00000006fb400000,0x00000006fc546818,0x00000006fc8c0000)
}
Event: 10.666 GC heap before
{Heap before GC invocations=8 (full 0):
 PSYoungGen      total 143104K, used 140583K [0x00000007aacb0000, 0x00000007b6b00000, 0x0000000800000000)
  eden space 118464K, 97% used [0x00000007aacb0000,0x00000007b1df6d28,0x00000007b2060000)
  from space 24640K, 99% used [0x00000007b2440000,0x00000007b3c43040,0x00000007b3c50000)
  to   space 38208K, 0% used [0x00000007b45b0000,0x00000007b45b0000,0x00000007b6b00000)
 ParOldGen       total 174528K, used 79901K [0x0000000700600000, 0x000000070b070000, 0x00000007aacb0000)
  object space 174528K, 45% used [0x0000000700600000,0x0000000705407698,0x000000070b070000)
 PSPermGen       total 21248K, used 17690K [0x00000006fb400000, 0x00000006fc8c0000, 0x0000000700600000)
  object space 21248K, 83% used [0x00000006fb400000,0x00000006fc5469b0,0x00000006fc8c0000)
Event: 10.670 GC heap after
Heap after GC invocations=8 (full 0):
 PSYoungGen      total 146688K, used 24588K [0x00000007aacb0000, 0x00000007b64f0000, 0x0000000800000000)
  eden space 114688K, 0% used [0x00000007aacb0000,0x00000007aacb0000,0x00000007b1cb0000)
  from space 32000K, 76% used [0x00000007b45b0000,0x00000007b5db3040,0x00000007b64f0000)
  to   space 36992K, 0% used [0x00000007b1cb0000,0x00000007b1cb0000,0x00000007b40d0000)
 ParOldGen       total 174528K, used 79989K [0x0000000700600000, 0x000000070b070000, 0x00000007aacb0000)
  object space 174528K, 45% used [0x0000000700600000,0x000000070541d6b8,0x000000070b070000)
 PSPermGen       total 21248K, used 17690K [0x00000006fb400000, 0x00000006fc8c0000, 0x0000000700600000)
  object space 21248K, 83% used [0x00000006fb400000,0x00000006fc5469b0,0x00000006fc8c0000)
}
Event: 10.972 GC heap before
{Heap before GC invocations=9 (full 0):
 PSYoungGen      total 146688K, used 134238K [0x00000007aacb0000, 0x00000007b64f0000, 0x0000000800000000)
  eden space 114688K, 95% used [0x00000007aacb0000,0x00000007b17c4920,0x00000007b1cb0000)
  from space 32000K, 76% used [0x00000007b45b0000,0x00000007b5db3040,0x00000007b64f0000)
  to   space 36992K, 0% used [0x00000007b1cb0000,0x00000007b1cb0000,0x00000007b40d0000)
 ParOldGen       total 174528K, used 79989K [0x0000000700600000, 0x000000070b070000, 0x00000007aacb0000)
  object space 174528K, 45% used [0x0000000700600000,0x000000070541d6b8,0x000000070b070000)
 PSPermGen       total 21248K, used 17690K [0x00000006fb400000, 0x00000006fc8c0000, 0x0000000700600000)
  object space 21248K, 83% used [0x00000006fb400000,0x00000006fc546a90,0x00000006fc8c0000)
Event: 10.975 GC heap after
Heap after GC invocations=9 (full 0):
 PSYoungGen      total 129536K, used 18481K [0x00000007aacb0000, 0x00000007b61a0000, 0x0000000800000000)
  eden space 111040K, 0% used [0x00000007aacb0000,0x00000007aacb0000,0x00000007b1920000)
  from space 18496K, 99% used [0x00000007b1cb0000,0x00000007b2ebc430,0x00000007b2ec0000)
  to   space 37120K, 0% used [0x00000007b3d60000,0x00000007b3d60000,0x00000007b61a0000)
 ParOldGen       total 174528K, used 86136K [0x0000000700600000, 0x000000070b070000, 0x00000007aacb0000)
  object space 174528K, 49% used [0x0000000700600000,0x0000000705a1e2d8,0x000000070b070000)
 PSPermGen       total 21248K, used 17690K [0x00000006fb400000, 0x00000006fc8c0000, 0x0000000700600000)
  object space 21248K, 83% used [0x00000006fb400000,0x00000006fc546a90,0x00000006fc8c0000)
}

