# JRE version: 7.0_07-b11
# Java VM: Java HotSpot(TM) 64-Bit Server VM (23.3-b01 mixed mode windows-amd64 compressed oops)
Heap
 PSYoungGen      total 396800K, used 170587K [0x00000007aacb0000, 0x00000007c4e50000, 0x0000000800000000)
  eden space 368000K, 41% used [0x00000007aacb0000,0x00000007b413aa88,0x00000007c1410000)
  from space 28800K, 64% used [0x00000007c3230000,0x00000007c443c430,0x00000007c4e50000)
  to   space 29824K, 0% used [0x00000007c1410000,0x00000007c1410000,0x00000007c3130000)
 ParOldGen       total 184896K, used 94664K [0x0000000700600000, 0x000000070ba90000, 0x00000007aacb0000)
  object space 184896K, 51% used [0x0000000700600000,0x00000007062722d0,0x000000070ba90000)
 PSPermGen       total 40384K, used 17732K [0x00000006fb400000, 0x00000006fdb70000, 0x0000000700600000)
  object space 40384K, 43% used [0x00000006fb400000,0x00000006fc551048,0x00000006fdb70000)
GC Heap History (10 events):
Event: 15.614 GC heap before
{Heap before GC invocations=12 (full 2):
 PSYoungGen      total 225856K, used 207165K [0x00000007aacb0000, 0x00000007bd9d0000, 0x0000000800000000)
  eden space 193024K, 97% used [0x00000007aacb0000,0x00000007b64eb368,0x00000007b6930000)
  from space 32832K, 56% used [0x00000007b6930000,0x00000007b7b44430,0x00000007b8940000)
  to   space 32448K, 0% used [0x00000007bba20000,0x00000007bba20000,0x00000007bd9d0000)
 ParOldGen       total 184896K, used 88589K [0x0000000700600000, 0x000000070ba90000, 0x00000007aacb0000)
  object space 184896K, 47% used [0x0000000700600000,0x0000000705c836c0,0x000000070ba90000)
 PSPermGen       total 40384K, used 17711K [0x00000006fb400000, 0x00000006fdb70000, 0x0000000700600000)
  object space 40384K, 43% used [0x00000006fb400000,0x00000006fc54bf38,0x00000006fdb70000)
Event: 15.619 GC heap after
Heap after GC invocations=12 (full 2):
 PSYoungGen      total 271168K, used 18449K [0x00000007aacb0000, 0x00000007bd710000, 0x0000000800000000)
  eden space 241536K, 0% used [0x00000007aacb0000,0x00000007aacb0000,0x00000007b9890000)
  from space 29632K, 62% used [0x00000007bba20000,0x00000007bcc24430,0x00000007bd710000)
  to   space 32000K, 0% used [0x00000007b9890000,0x00000007b9890000,0x00000007bb7d0000)
 ParOldGen       total 184896K, used 88589K [0x0000000700600000, 0x000000070ba90000, 0x00000007aacb0000)
  object space 184896K, 47% used [0x0000000700600000,0x0000000705c836c0,0x000000070ba90000)
 PSPermGen       total 40384K, used 17711K [0x00000006fb400000, 0x00000006fdb70000, 0x0000000700600000)
  object space 40384K, 43% used [0x00000006fb400000,0x00000006fc54bf38,0x00000006fdb70000)
}
Event: 16.948 GC heap before
{Heap before GC invocations=13 (full 2):
 PSYoungGen      total 271168K, used 255735K [0x00000007aacb0000, 0x00000007bd710000, 0x0000000800000000)
  eden space 241536K, 98% used [0x00000007aacb0000,0x00000007b9469a98,0x00000007b9890000)
  from space 29632K, 62% used [0x00000007bba20000,0x00000007bcc24430,0x00000007bd710000)
  to   space 32000K, 0% used [0x00000007b9890000,0x00000007b9890000,0x00000007bb7d0000)
 ParOldGen       total 184896K, used 88589K [0x0000000700600000, 0x000000070ba90000, 0x00000007aacb0000)
  object space 184896K, 47% used [0x0000000700600000,0x0000000705c836c0,0x000000070ba90000)
 PSPermGen       total 40384K, used 17714K [0x00000006fb400000, 0x00000006fdb70000, 0x0000000700600000)
  object space 40384K, 43% used [0x00000006fb400000,0x00000006fc54c8f8,0x00000006fdb70000)
Event: 16.953 GC heap after
Heap after GC invocations=13 (full 2):
 PSYoungGen      total 273536K, used 18481K [0x00000007aacb0000, 0x00000007c0e10000, 0x0000000800000000)
  eden space 241536K, 0% used [0x00000007aacb0000,0x00000007aacb0000,0x00000007b9890000)
  from space 32000K, 57% used [0x00000007b9890000,0x00000007baa9c430,0x00000007bb7d0000)
  to   space 31488K, 0% used [0x00000007bef50000,0x00000007bef50000,0x00000007c0e10000)
 ParOldGen       total 184896K, used 88589K [0x0000000700600000, 0x000000070ba90000, 0x00000007aacb0000)
  object space 184896K, 47% used [0x0000000700600000,0x0000000705c836c0,0x000000070ba90000)
 PSPermGen       total 40384K, used 17714K [0x00000006fb400000, 0x00000006fdb70000, 0x0000000700600000)
  object space 40384K, 43% used [0x00000006fb400000,0x00000006fc54c8f8,0x00000006fdb70000)
}
Event: 18.244 GC heap before
{Heap before GC invocations=14 (full 2):
 PSYoungGen      total 273536K, used 255667K [0x00000007aacb0000, 0x00000007c0e10000, 0x0000000800000000)
  eden space 241536K, 98% used [0x00000007aacb0000,0x00000007b9450958,0x00000007b9890000)
  from space 32000K, 57% used [0x00000007b9890000,0x00000007baa9c430,0x00000007bb7d0000)
  to   space 31488K, 0% used [0x00000007bef50000,0x00000007bef50000,0x00000007c0e10000)
 ParOldGen       total 184896K, used 88589K [0x0000000700600000, 0x000000070ba90000, 0x00000007aacb0000)
  object space 184896K, 47% used [0x0000000700600000,0x0000000705c836c0,0x000000070ba90000)
 PSPermGen       total 40384K, used 17721K [0x00000006fb400000, 0x00000006fdb70000, 0x0000000700600000)
  object space 40384K, 43% used [0x00000006fb400000,0x00000006fc54e718,0x00000006fdb70000)
Event: 18.251 GC heap after
Heap after GC invocations=14 (full 2):
 PSYoungGen      total 328576K, used 18481K [0x00000007aacb0000, 0x00000007c0cb0000, 0x0000000800000000)
  eden space 298496K, 0% used [0x00000007aacb0000,0x00000007aacb0000,0x00000007bd030000)
  from space 30080K, 61% used [0x00000007bef50000,0x00000007c015c430,0x00000007c0cb0000)
  to   space 30976K, 0% used [0x00000007bd030000,0x00000007bd030000,0x00000007bee70000)
 ParOldGen       total 184896K, used 88589K [0x0000000700600000, 0x000000070ba90000, 0x00000007aacb0000)
  object space 184896K, 47% used [0x0000000700600000,0x0000000705c836c0,0x000000070ba90000)
 PSPermGen       total 40384K, used 17721K [0x00000006fb400000, 0x00000006fdb70000, 0x0000000700600000)
  object space 40384K, 43% used [0x00000006fb400000,0x00000006fc54e718,0x00000006fdb70000)
}
Event: 19.877 GC heap before
{Heap before GC invocations=15 (full 2):
 PSYoungGen      total 328576K, used 316442K [0x00000007aacb0000, 0x00000007c0cb0000, 0x0000000800000000)
  eden space 298496K, 99% used [0x00000007aacb0000,0x00000007bcfaa3e8,0x00000007bd030000)
  from space 30080K, 61% used [0x00000007bef50000,0x00000007c015c430,0x00000007c0cb0000)
  to   space 30976K, 0% used [0x00000007bd030000,0x00000007bd030000,0x00000007bee70000)
 ParOldGen       total 184896K, used 88589K [0x0000000700600000, 0x000000070ba90000, 0x00000007aacb0000)
  object space 184896K, 47% used [0x0000000700600000,0x0000000705c836c0,0x000000070ba90000)
 PSPermGen       total 40384K, used 17722K [0x00000006fb400000, 0x00000006fdb70000, 0x0000000700600000)
  object space 40384K, 43% used [0x00000006fb400000,0x00000006fc54e868,0x00000006fdb70000)
Event: 19.886 GC heap after
Heap after GC invocations=15 (full 2):
 PSYoungGen      total 329472K, used 18481K [0x00000007aacb0000, 0x00000007c4fe0000, 0x0000000800000000)
  eden space 298496K, 0% used [0x00000007aacb0000,0x00000007aacb0000,0x00000007bd030000)
  from space 30976K, 59% used [0x00000007bd030000,0x00000007be23c430,0x00000007bee70000)
  to   space 30400K, 0% used [0x00000007c3230000,0x00000007c3230000,0x00000007c4fe0000)
 ParOldGen       total 184896K, used 88589K [0x0000000700600000, 0x000000070ba90000, 0x00000007aacb0000)
  object space 184896K, 47% used [0x0000000700600000,0x0000000705c836c0,0x000000070ba90000)
 PSPermGen       total 40384K, used 17722K [0x00000006fb400000, 0x00000006fdb70000, 0x0000000700600000)
  object space 40384K, 43% used [0x00000006fb400000,0x00000006fc54e868,0x00000006fdb70000)
}
Event: 21.583 GC heap before
{Heap before GC invocations=16 (full 2):
 PSYoungGen      total 329472K, used 316645K [0x00000007aacb0000, 0x00000007c4fe0000, 0x0000000800000000)
  eden space 298496K, 99% used [0x00000007aacb0000,0x00000007bcfdd208,0x00000007bd030000)
  from space 30976K, 59% used [0x00000007bd030000,0x00000007be23c430,0x00000007bee70000)
  to   space 30400K, 0% used [0x00000007c3230000,0x00000007c3230000,0x00000007c4fe0000)
 ParOldGen       total 184896K, used 94664K [0x0000000700600000, 0x000000070ba90000, 0x00000007aacb0000)
  object space 184896K, 51% used [0x0000000700600000,0x00000007062722d0,0x000000070ba90000)
 PSPermGen       total 40384K, used 17728K [0x00000006fb400000, 0x00000006fdb70000, 0x0000000700600000)
  object space 40384K, 43% used [0x00000006fb400000,0x00000006fc550108,0x00000006fdb70000)
Event: 21.592 GC heap after
Heap after GC invocations=16 (full 2):
 PSYoungGen      total 396800K, used 18481K [0x00000007aacb0000, 0x00000007c4e50000, 0x0000000800000000)
  eden space 368000K, 0% used [0x00000007aacb0000,0x00000007aacb0000,0x00000007c1410000)
  from space 28800K, 64% used [0x00000007c3230000,0x00000007c443c430,0x00000007c4e50000)
  to   space 29824K, 0% used [0x00000007c1410000,0x00000007c1410000,0x00000007c3130000)
 ParOldGen       total 184896K, used 94664K [0x0000000700600000, 0x000000070ba90000, 0x00000007aacb0000)
  object space 184896K, 51% used [0x0000000700600000,0x00000007062722d0,0x000000070ba90000)
 PSPermGen       total 40384K, used 17728K [0x00000006fb400000, 0x00000006fdb70000, 0x0000000700600000)
  object space 40384K, 43% used [0x00000006fb400000,0x00000006fc550108,0x00000006fdb70000)
}

