# JRE version: 7.0_07-b11
# Java VM: Java HotSpot(TM) 64-Bit Server VM (23.3-b01 mixed mode windows-amd64 compressed oops)
Heap
 PSYoungGen      total 744704K, used 79798K [0x00000007aacb0000, 0x00000007db900000, 0x0000000800000000)
  eden space 722624K, 8% used [0x00000007aacb0000,0x00000007aea43220,0x00000007d6e60000)
  from space 22080K, 75% used [0x00000007da370000,0x00000007db3ca5f8,0x00000007db900000)
  to   space 38208K, 0% used [0x00000007d6e60000,0x00000007d6e60000,0x00000007d93b0000)
 ParOldGen       total 213632K, used 62698K [0x0000000700600000, 0x000000070d6a0000, 0x00000007aacb0000)
  object space 213632K, 29% used [0x0000000700600000,0x000000070433aab0,0x000000070d6a0000)
 PSPermGen       total 39744K, used 18116K [0x00000006fb400000, 0x00000006fdad0000, 0x0000000700600000)
  object space 39744K, 45% used [0x00000006fb400000,0x00000006fc5b1320,0x00000006fdad0000)
GC Heap History (10 events):
Event: 12.562 GC heap before
{Heap before GC invocations=15 (full 3):
 PSYoungGen      total 388672K, used 357446K [0x00000007aacb0000, 0x00000007cb960000, 0x0000000800000000)
  eden space 357568K, 99% used [0x00000007aacb0000,0x00000007c09c1b60,0x00000007c09e0000)
  from space 31104K, 0% used [0x00000007c09e0000,0x00000007c09e0000,0x00000007c2840000)
  to   space 35008K, 0% used [0x00000007c9730000,0x00000007c9730000,0x00000007cb960000)
 ParOldGen       total 213632K, used 44449K [0x0000000700600000, 0x000000070d6a0000, 0x00000007aacb0000)
  object space 213632K, 20% used [0x0000000700600000,0x0000000703168680,0x000000070d6a0000)
 PSPermGen       total 39744K, used 18085K [0x00000006fb400000, 0x00000006fdad0000, 0x0000000700600000)
  object space 39744K, 45% used [0x00000006fb400000,0x00000006fc5a9690,0x00000006fdad0000)
Event: 12.565 GC heap after
Heap after GC invocations=15 (full 3):
 PSYoungGen      total 490368K, used 10868K [0x00000007aacb0000, 0x00000007cb250000, 0x0000000800000000)
  eden space 462592K, 0% used [0x00000007aacb0000,0x00000007aacb0000,0x00000007c7070000)
  from space 27776K, 39% used [0x00000007c9730000,0x00000007ca1cd078,0x00000007cb250000)
  to   space 33728K, 0% used [0x00000007c7070000,0x00000007c7070000,0x00000007c9160000)
 ParOldGen       total 213632K, used 44449K [0x0000000700600000, 0x000000070d6a0000, 0x00000007aacb0000)
  object space 213632K, 20% used [0x0000000700600000,0x0000000703168680,0x000000070d6a0000)
 PSPermGen       total 39744K, used 18085K [0x00000006fb400000, 0x00000006fdad0000, 0x0000000700600000)
  object space 39744K, 45% used [0x00000006fb400000,0x00000006fc5a9690,0x00000006fdad0000)
}
Event: 13.578 GC heap before
{Heap before GC invocations=16 (full 3):
 PSYoungGen      total 490368K, used 471507K [0x00000007aacb0000, 0x00000007cb250000, 0x0000000800000000)
  eden space 462592K, 99% used [0x00000007aacb0000,0x00000007c6e87d98,0x00000007c7070000)
  from space 27776K, 39% used [0x00000007c9730000,0x00000007ca1cd078,0x00000007cb250000)
  to   space 33728K, 0% used [0x00000007c7070000,0x00000007c7070000,0x00000007c9160000)
 ParOldGen       total 213632K, used 44449K [0x0000000700600000, 0x000000070d6a0000, 0x00000007aacb0000)
  object space 213632K, 20% used [0x0000000700600000,0x0000000703168680,0x000000070d6a0000)
 PSPermGen       total 39744K, used 18094K [0x00000006fb400000, 0x00000006fdad0000, 0x0000000700600000)
  object space 39744K, 45% used [0x00000006fb400000,0x00000006fc5ab820,0x00000006fdad0000)
Event: 13.586 GC heap after
Heap after GC invocations=16 (full 3):
 PSYoungGen      total 496320K, used 28994K [0x00000007aacb0000, 0x00000007d3880000, 0x0000000800000000)
  eden space 462592K, 0% used [0x00000007aacb0000,0x00000007aacb0000,0x00000007c7070000)
  from space 33728K, 85% used [0x00000007c7070000,0x00000007c8cc0950,0x00000007c9160000)
  to   space 37120K, 0% used [0x00000007d1440000,0x00000007d1440000,0x00000007d3880000)
 ParOldGen       total 213632K, used 56623K [0x0000000700600000, 0x000000070d6a0000, 0x00000007aacb0000)
  object space 213632K, 26% used [0x0000000700600000,0x0000000703d4bea0,0x000000070d6a0000)
 PSPermGen       total 39744K, used 18094K [0x00000006fb400000, 0x00000006fdad0000, 0x0000000700600000)
  object space 39744K, 45% used [0x00000006fb400000,0x00000006fc5ab820,0x00000006fdad0000)
}
Event: 14.602 GC heap before
{Heap before GC invocations=17 (full 3):
 PSYoungGen      total 496320K, used 489836K [0x00000007aacb0000, 0x00000007d3880000, 0x0000000800000000)
  eden space 462592K, 99% used [0x00000007aacb0000,0x00000007c6eba7d8,0x00000007c7070000)
  from space 33728K, 85% used [0x00000007c7070000,0x00000007c8cc0950,0x00000007c9160000)
  to   space 37120K, 0% used [0x00000007d1440000,0x00000007d1440000,0x00000007d3880000)
 ParOldGen       total 213632K, used 56623K [0x0000000700600000, 0x000000070d6a0000, 0x00000007aacb0000)
  object space 213632K, 26% used [0x0000000700600000,0x0000000703d4bea0,0x000000070d6a0000)
 PSPermGen       total 39744K, used 18098K [0x00000006fb400000, 0x00000006fdad0000, 0x0000000700600000)
  object space 39744K, 45% used [0x00000006fb400000,0x00000006fc5acb70,0x00000006fdad0000)
Event: 14.611 GC heap after
Heap after GC invocations=17 (full 3):
 PSYoungGen      total 626112K, used 33076K [0x00000007aacb0000, 0x00000007d3d40000, 0x0000000800000000)
  eden space 588992K, 0% used [0x00000007aacb0000,0x00000007aacb0000,0x00000007cebe0000)
  from space 37120K, 89% used [0x00000007d1440000,0x00000007d348d190,0x00000007d3880000)
  to   space 41344K, 0% used [0x00000007cebe0000,0x00000007cebe0000,0x00000007d1440000)
 ParOldGen       total 213632K, used 62698K [0x0000000700600000, 0x000000070d6a0000, 0x00000007aacb0000)
  object space 213632K, 29% used [0x0000000700600000,0x000000070433aab0,0x000000070d6a0000)
 PSPermGen       total 39744K, used 18098K [0x00000006fb400000, 0x00000006fdad0000, 0x0000000700600000)
  object space 39744K, 45% used [0x00000006fb400000,0x00000006fc5acb70,0x00000006fdad0000)
}
Event: 15.909 GC heap before
{Heap before GC invocations=18 (full 3):
 PSYoungGen      total 626112K, used 617748K [0x00000007aacb0000, 0x00000007d3d40000, 0x0000000800000000)
  eden space 588992K, 99% used [0x00000007aacb0000,0x00000007ce7a80a8,0x00000007cebe0000)
  from space 37120K, 89% used [0x00000007d1440000,0x00000007d348d190,0x00000007d3880000)
  to   space 41344K, 0% used [0x00000007cebe0000,0x00000007cebe0000,0x00000007d1440000)
 ParOldGen       total 213632K, used 62698K [0x0000000700600000, 0x000000070d6a0000, 0x00000007aacb0000)
  object space 213632K, 29% used [0x0000000700600000,0x000000070433aab0,0x000000070d6a0000)
 PSPermGen       total 39744K, used 18107K [0x00000006fb400000, 0x00000006fdad0000, 0x0000000700600000)
  object space 39744K, 45% used [0x00000006fb400000,0x00000006fc5aecc8,0x00000006fdad0000)
Event: 15.914 GC heap after
Heap after GC invocations=18 (full 3):
 PSYoungGen      total 630336K, used 21089K [0x00000007aacb0000, 0x00000007dcab0000, 0x0000000800000000)
  eden space 588992K, 0% used [0x00000007aacb0000,0x00000007aacb0000,0x00000007cebe0000)
  from space 41344K, 51% used [0x00000007cebe0000,0x00000007d00784c8,0x00000007d1440000)
  to   space 40192K, 0% used [0x00000007da370000,0x00000007da370000,0x00000007dcab0000)
 ParOldGen       total 213632K, used 62698K [0x0000000700600000, 0x000000070d6a0000, 0x00000007aacb0000)
  object space 213632K, 29% used [0x0000000700600000,0x000000070433aab0,0x000000070d6a0000)
 PSPermGen       total 39744K, used 18107K [0x00000006fb400000, 0x00000006fdad0000, 0x0000000700600000)
  object space 39744K, 45% used [0x00000006fb400000,0x00000006fc5aecc8,0x00000006fdad0000)
}
Event: 17.357 GC heap before
{Heap before GC invocations=19 (full 3):
 PSYoungGen      total 630336K, used 609244K [0x00000007aacb0000, 0x00000007dcab0000, 0x0000000800000000)
  eden space 588992K, 99% used [0x00000007aacb0000,0x00000007ceb0ed98,0x00000007cebe0000)
  from space 41344K, 51% used [0x00000007cebe0000,0x00000007d00784c8,0x00000007d1440000)
  to   space 40192K, 0% used [0x00000007da370000,0x00000007da370000,0x00000007dcab0000)
 ParOldGen       total 213632K, used 62698K [0x0000000700600000, 0x000000070d6a0000, 0x00000007aacb0000)
  object space 213632K, 29% used [0x0000000700600000,0x000000070433aab0,0x000000070d6a0000)
 PSPermGen       total 39744K, used 18116K [0x00000006fb400000, 0x00000006fdad0000, 0x0000000700600000)
  object space 39744K, 45% used [0x00000006fb400000,0x00000006fc5b1320,0x00000006fdad0000)
Event: 17.362 GC heap after
Heap after GC invocations=19 (full 3):
 PSYoungGen      total 744704K, used 16745K [0x00000007aacb0000, 0x00000007db900000, 0x0000000800000000)
  eden space 722624K, 0% used [0x00000007aacb0000,0x00000007aacb0000,0x00000007d6e60000)
  from space 22080K, 75% used [0x00000007da370000,0x00000007db3ca5f8,0x00000007db900000)
  to   space 38208K, 0% used [0x00000007d6e60000,0x00000007d6e60000,0x00000007d93b0000)
 ParOldGen       total 213632K, used 62698K [0x0000000700600000, 0x000000070d6a0000, 0x00000007aacb0000)
  object space 213632K, 29% used [0x0000000700600000,0x000000070433aab0,0x000000070d6a0000)
 PSPermGen       total 39744K, used 18116K [0x00000006fb400000, 0x00000006fdad0000, 0x0000000700600000)
  object space 39744K, 45% used [0x00000006fb400000,0x00000006fc5b1320,0x00000006fdad0000)
}

