# JRE version: 7.0_07-b11
# Java VM: Java HotSpot(TM) 64-Bit Server VM (23.3-b01 mixed mode windows-amd64 compressed oops)
Heap
 PSYoungGen      total 774848K, used 445540K [0x00000007aacb0000, 0x00000007e7fb0000, 0x0000000800000000)
  eden space 698816K, 59% used [0x00000007aacb0000,0x00000007c4525488,0x00000007d5720000)
  from space 76032K, 35% used [0x00000007d5720000,0x00000007d71c3e50,0x00000007da160000)
  to   space 71744K, 0% used [0x00000007e39a0000,0x00000007e39a0000,0x00000007e7fb0000)
 ParOldGen       total 188736K, used 114983K [0x0000000700600000, 0x000000070be50000, 0x00000007aacb0000)
  object space 188736K, 60% used [0x0000000700600000,0x0000000707649f00,0x000000070be50000)
 PSPermGen       total 40896K, used 18130K [0x00000006fb400000, 0x00000006fdbf0000, 0x0000000700600000)
  object space 40896K, 44% used [0x00000006fb400000,0x00000006fc5b4848,0x00000006fdbf0000)
GC Heap History (10 events):
Event: 11.808 GC heap before
{Heap before GC invocations=11 (full 2):
 PSYoungGen      total 479424K, used 423993K [0x00000007aacb0000, 0x00000007cb790000, 0x0000000800000000)
  eden space 425728K, 99% used [0x00000007aacb0000,0x00000007c4abe7d8,0x00000007c4c70000)
  from space 53696K, 0% used [0x00000007c8320000,0x00000007c8320000,0x00000007cb790000)
  to   space 54848K, 0% used [0x00000007c4c70000,0x00000007c4c70000,0x00000007c8200000)
 ParOldGen       total 188736K, used 42373K [0x0000000700600000, 0x000000070be50000, 0x00000007aacb0000)
  object space 188736K, 22% used [0x0000000700600000,0x0000000702f61790,0x000000070be50000)
 PSPermGen       total 40896K, used 18073K [0x00000006fb400000, 0x00000006fdbf0000, 0x0000000700600000)
  object space 40896K, 44% used [0x00000006fb400000,0x00000006fc5a66e0,0x00000006fdbf0000)
Event: 11.825 GC heap after
Heap after GC invocations=11 (full 2):
 PSYoungGen      total 480576K, used 54801K [0x00000007aacb0000, 0x00000007d4f30000, 0x0000000800000000)
  eden space 425728K, 0% used [0x00000007aacb0000,0x00000007aacb0000,0x00000007c4c70000)
  from space 54848K, 99% used [0x00000007c4c70000,0x00000007c81f4440,0x00000007c8200000)
  to   space 64320K, 0% used [0x00000007d1060000,0x00000007d1060000,0x00000007d4f30000)
 ParOldGen       total 188736K, used 70858K [0x0000000700600000, 0x000000070be50000, 0x00000007aacb0000)
  object space 188736K, 37% used [0x0000000700600000,0x0000000704b32bc8,0x000000070be50000)
 PSPermGen       total 40896K, used 18073K [0x00000006fb400000, 0x00000006fdbf0000, 0x0000000700600000)
  object space 40896K, 44% used [0x00000006fb400000,0x00000006fc5a66e0,0x00000006fdbf0000)
}
Event: 13.646 GC heap before
{Heap before GC invocations=12 (full 2):
 PSYoungGen      total 480576K, used 475218K [0x00000007aacb0000, 0x00000007d4f30000, 0x0000000800000000)
  eden space 425728K, 98% used [0x00000007aacb0000,0x00000007c47406d0,0x00000007c4c70000)
  from space 54848K, 99% used [0x00000007c4c70000,0x00000007c81f4440,0x00000007c8200000)
  to   space 64320K, 0% used [0x00000007d1060000,0x00000007d1060000,0x00000007d4f30000)
 ParOldGen       total 188736K, used 70858K [0x0000000700600000, 0x000000070be50000, 0x00000007aacb0000)
  object space 188736K, 37% used [0x0000000700600000,0x0000000704b32bc8,0x000000070be50000)
 PSPermGen       total 40896K, used 18089K [0x00000006fb400000, 0x00000006fdbf0000, 0x0000000700600000)
  object space 40896K, 44% used [0x00000006fb400000,0x00000006fc5aa738,0x00000006fdbf0000)
Event: 13.662 GC heap after
Heap after GC invocations=12 (full 2):
 PSYoungGen      total 619840K, used 54107K [0x00000007aacb0000, 0x00000007d56b0000, 0x0000000800000000)
  eden space 555520K, 0% used [0x00000007aacb0000,0x00000007aacb0000,0x00000007ccb30000)
  from space 64320K, 84% used [0x00000007d1060000,0x00000007d4536d80,0x00000007d4f30000)
  to   space 70848K, 0% used [0x00000007ccb30000,0x00000007ccb30000,0x00000007d1060000)
 ParOldGen       total 188736K, used 70858K [0x0000000700600000, 0x000000070be50000, 0x00000007aacb0000)
  object space 188736K, 37% used [0x0000000700600000,0x0000000704b32bc8,0x000000070be50000)
 PSPermGen       total 40896K, used 18089K [0x00000006fb400000, 0x00000006fdbf0000, 0x0000000700600000)
  object space 40896K, 44% used [0x00000006fb400000,0x00000006fc5aa738,0x00000006fdbf0000)
}
Event: 16.153 GC heap before
{Heap before GC invocations=13 (full 2):
 PSYoungGen      total 619840K, used 606044K [0x00000007aacb0000, 0x00000007d56b0000, 0x0000000800000000)
  eden space 555520K, 99% used [0x00000007aacb0000,0x00000007cc7b0550,0x00000007ccb30000)
  from space 64320K, 84% used [0x00000007d1060000,0x00000007d4536d80,0x00000007d4f30000)
  to   space 70848K, 0% used [0x00000007ccb30000,0x00000007ccb30000,0x00000007d1060000)
 ParOldGen       total 188736K, used 70858K [0x0000000700600000, 0x000000070be50000, 0x00000007aacb0000)
  object space 188736K, 37% used [0x0000000700600000,0x0000000704b32bc8,0x000000070be50000)
 PSPermGen       total 40896K, used 18101K [0x00000006fb400000, 0x00000006fdbf0000, 0x0000000700600000)
  object space 40896K, 44% used [0x00000006fb400000,0x00000006fc5ad590,0x00000006fdbf0000)
Event: 16.167 GC heap after
Heap after GC invocations=13 (full 2):
 PSYoungGen      total 626368K, used 56638K [0x00000007aacb0000, 0x00000007dfd60000, 0x0000000800000000)
  eden space 555520K, 0% used [0x00000007aacb0000,0x00000007aacb0000,0x00000007ccb30000)
  from space 70848K, 79% used [0x00000007ccb30000,0x00000007d027fa18,0x00000007d1060000)
  to   space 76928K, 0% used [0x00000007db240000,0x00000007db240000,0x00000007dfd60000)
 ParOldGen       total 188736K, used 77182K [0x0000000700600000, 0x000000070be50000, 0x00000007aacb0000)
  object space 188736K, 40% used [0x0000000700600000,0x000000070515fb08,0x000000070be50000)
 PSPermGen       total 40896K, used 18101K [0x00000006fb400000, 0x00000006fdbf0000, 0x0000000700600000)
  object space 40896K, 44% used [0x00000006fb400000,0x00000006fc5ad590,0x00000006fdbf0000)
}
Event: 18.657 GC heap before
{Heap before GC invocations=14 (full 2):
 PSYoungGen      total 626368K, used 608400K [0x00000007aacb0000, 0x00000007dfd60000, 0x0000000800000000)
  eden space 555520K, 99% used [0x00000007aacb0000,0x00000007cc784650,0x00000007ccb30000)
  from space 70848K, 79% used [0x00000007ccb30000,0x00000007d027fa18,0x00000007d1060000)
  to   space 76928K, 0% used [0x00000007db240000,0x00000007db240000,0x00000007dfd60000)
 ParOldGen       total 188736K, used 77182K [0x0000000700600000, 0x000000070be50000, 0x00000007aacb0000)
  object space 188736K, 40% used [0x0000000700600000,0x000000070515fb08,0x000000070be50000)
 PSPermGen       total 40896K, used 18114K [0x00000006fb400000, 0x00000006fdbf0000, 0x0000000700600000)
  object space 40896K, 44% used [0x00000006fb400000,0x00000006fc5b08c8,0x00000006fdbf0000)
Event: 18.663 GC heap after
Heap after GC invocations=14 (full 2):
 PSYoungGen      total 757568K, used 10475K [0x00000007aacb0000, 0x00000007deba0000, 0x0000000800000000)
  eden space 698816K, 0% used [0x00000007aacb0000,0x00000007aacb0000,0x00000007d5720000)
  from space 58752K, 17% used [0x00000007db240000,0x00000007dbc7ae70,0x00000007deba0000)
  to   space 76032K, 0% used [0x00000007d5720000,0x00000007d5720000,0x00000007da160000)
 ParOldGen       total 188736K, used 114983K [0x0000000700600000, 0x000000070be50000, 0x00000007aacb0000)
  object space 188736K, 60% used [0x0000000700600000,0x0000000707649f00,0x000000070be50000)
 PSPermGen       total 40896K, used 18114K [0x00000006fb400000, 0x00000006fdbf0000, 0x0000000700600000)
  object space 40896K, 44% used [0x00000006fb400000,0x00000006fc5b08c8,0x00000006fdbf0000)
}
Event: 21.767 GC heap before
{Heap before GC invocations=15 (full 2):
 PSYoungGen      total 757568K, used 703356K [0x00000007aacb0000, 0x00000007deba0000, 0x0000000800000000)
  eden space 698816K, 99% used [0x00000007aacb0000,0x00000007d5154450,0x00000007d5720000)
  from space 58752K, 17% used [0x00000007db240000,0x00000007dbc7ae70,0x00000007deba0000)
  to   space 76032K, 0% used [0x00000007d5720000,0x00000007d5720000,0x00000007da160000)
 ParOldGen       total 188736K, used 114983K [0x0000000700600000, 0x000000070be50000, 0x00000007aacb0000)
  object space 188736K, 60% used [0x0000000700600000,0x0000000707649f00,0x000000070be50000)
 PSPermGen       total 40896K, used 18120K [0x00000006fb400000, 0x00000006fdbf0000, 0x0000000700600000)
  object space 40896K, 44% used [0x00000006fb400000,0x00000006fc5b2318,0x00000006fdbf0000)
Event: 21.774 GC heap after
Heap after GC invocations=15 (full 2):
 PSYoungGen      total 774848K, used 27279K [0x00000007aacb0000, 0x00000007e7fb0000, 0x0000000800000000)
  eden space 698816K, 0% used [0x00000007aacb0000,0x00000007aacb0000,0x00000007d5720000)
  from space 76032K, 35% used [0x00000007d5720000,0x00000007d71c3e50,0x00000007da160000)
  to   space 71744K, 0% used [0x00000007e39a0000,0x00000007e39a0000,0x00000007e7fb0000)
 ParOldGen       total 188736K, used 114983K [0x0000000700600000, 0x000000070be50000, 0x00000007aacb0000)
  object space 188736K, 60% used [0x0000000700600000,0x0000000707649f00,0x000000070be50000)
 PSPermGen       total 40896K, used 18120K [0x00000006fb400000, 0x00000006fdbf0000, 0x0000000700600000)
  object space 40896K, 44% used [0x00000006fb400000,0x00000006fc5b2318,0x00000006fdbf0000)
}

