# JRE version: 7.0_07-b11
# Java VM: Java HotSpot(TM) 64-Bit Server VM (23.3-b01 mixed mode windows-amd64 compressed oops)
Heap
 PSYoungGen      total 761280K, used 484237K [0x00000007aacb0000, 0x00000007dfd30000, 0x0000000800000000)
  eden space 726272K, 61% used [0x00000007aacb0000,0x00000007c636cd98,0x00000007d71f0000)
  from space 35008K, 99% used [0x00000007d8ae0000,0x00000007dad06a08,0x00000007dad10000)
  to   space 71296K, 0% used [0x00000007db790000,0x00000007db790000,0x00000007dfd30000)
 ParOldGen       total 430592K, used 156866K [0x0000000700600000, 0x000000071aa80000, 0x00000007aacb0000)
  object space 430592K, 36% used [0x0000000700600000,0x0000000709f30838,0x000000071aa80000)
 PSPermGen       total 23680K, used 18401K [0x00000006fb400000, 0x00000006fcb20000, 0x0000000700600000)
  object space 23680K, 77% used [0x00000006fb400000,0x00000006fc5f85c0,0x00000006fcb20000)
GC Heap History (10 events):
Event: 137.113 GC heap before
{Heap before GC invocations=101 (full 13):
 PSYoungGen      total 677440K, used 620278K [0x00000007aacb0000, 0x00000007dde50000, 0x0000000800000000)
  eden space 586624K, 99% used [0x00000007aacb0000,0x00000007ce84ef30,0x00000007ce990000)
  from space 90816K, 38% used [0x00000007ce990000,0x00000007d0baea08,0x00000007d4240000)
  to   space 86144K, 0% used [0x00000007d8a30000,0x00000007d8a30000,0x00000007dde50000)
 ParOldGen       total 400000K, used 350761K [0x0000000700600000, 0x0000000718ca0000, 0x00000007aacb0000)
  object space 400000K, 87% used [0x0000000700600000,0x0000000715c8a600,0x0000000718ca0000)
 PSPermGen       total 24832K, used 18398K [0x00000006fb400000, 0x00000006fcc40000, 0x0000000700600000)
  object space 24832K, 74% used [0x00000006fb400000,0x00000006fc5f78c8,0x00000006fcc40000)
Event: 137.125 GC heap after
Heap after GC invocations=101 (full 13):
 PSYoungGen      total 745856K, used 35101K [0x00000007aacb0000, 0x00000007dd7a0000, 0x0000000800000000)
  eden space 666560K, 0% used [0x00000007aacb0000,0x00000007aacb0000,0x00000007d37a0000)
  from space 79296K, 44% used [0x00000007d8a30000,0x00000007dac77560,0x00000007dd7a0000)
  to   space 81920K, 0% used [0x00000007d37a0000,0x00000007d37a0000,0x00000007d87a0000)
 ParOldGen       total 400000K, used 350777K [0x0000000700600000, 0x0000000718ca0000, 0x00000007aacb0000)
  object space 400000K, 87% used [0x0000000700600000,0x0000000715c8e600,0x0000000718ca0000)
 PSPermGen       total 24832K, used 18398K [0x00000006fb400000, 0x00000006fcc40000, 0x0000000700600000)
  object space 24832K, 74% used [0x00000006fb400000,0x00000006fc5f78c8,0x00000006fcc40000)
}
Event: 138.405 GC heap before
{Heap before GC invocations=102 (full 13):
 PSYoungGen      total 745856K, used 700913K [0x00000007aacb0000, 0x00000007dd7a0000, 0x0000000800000000)
  eden space 666560K, 99% used [0x00000007aacb0000,0x00000007d36e5220,0x00000007d37a0000)
  from space 79296K, 44% used [0x00000007d8a30000,0x00000007dac77560,0x00000007dd7a0000)
  to   space 81920K, 0% used [0x00000007d37a0000,0x00000007d37a0000,0x00000007d87a0000)
 ParOldGen       total 400000K, used 352802K [0x0000000700600000, 0x0000000718ca0000, 0x00000007aacb0000)
  object space 400000K, 88% used [0x0000000700600000,0x0000000715e88a10,0x0000000718ca0000)
 PSPermGen       total 24832K, used 18398K [0x00000006fb400000, 0x00000006fcc40000, 0x0000000700600000)
  object space 24832K, 74% used [0x00000006fb400000,0x00000006fc5f7b40,0x00000006fcc40000)
Event: 138.412 GC heap after
Heap after GC invocations=102 (full 13):
 PSYoungGen      total 748480K, used 28895K [0x00000007aacb0000, 0x00000007e24b0000, 0x0000000800000000)
  eden space 666560K, 0% used [0x00000007aacb0000,0x00000007aacb0000,0x00000007d37a0000)
  from space 81920K, 35% used [0x00000007d37a0000,0x00000007d53d7df8,0x00000007d87a0000)
  to   space 77504K, 0% used [0x00000007dd900000,0x00000007dd900000,0x00000007e24b0000)
 ParOldGen       total 400000K, used 352810K [0x0000000700600000, 0x0000000718ca0000, 0x00000007aacb0000)
  object space 400000K, 88% used [0x0000000700600000,0x0000000715e8aa10,0x0000000718ca0000)
 PSPermGen       total 24832K, used 18398K [0x00000006fb400000, 0x00000006fcc40000, 0x0000000700600000)
  object space 24832K, 74% used [0x00000006fb400000,0x00000006fc5f7b40,0x00000006fcc40000)
}
Event: 139.804 GC heap before
{Heap before GC invocations=103 (full 14):
 PSYoungGen      total 748480K, used 695455K [0x00000007aacb0000, 0x00000007e24b0000, 0x0000000800000000)
  eden space 666560K, 100% used [0x00000007aacb0000,0x00000007d37a0000,0x00000007d37a0000)
  from space 81920K, 35% used [0x00000007d37a0000,0x00000007d53d7df8,0x00000007d87a0000)
  to   space 77504K, 0% used [0x00000007dd900000,0x00000007dd900000,0x00000007e24b0000)
 ParOldGen       total 400000K, used 392963K [0x0000000700600000, 0x0000000718ca0000, 0x00000007aacb0000)
  object space 400000K, 98% used [0x0000000700600000,0x00000007185c0c98,0x0000000718ca0000)
 PSPermGen       total 24832K, used 18398K [0x00000006fb400000, 0x00000006fcc40000, 0x0000000700600000)
  object space 24832K, 74% used [0x00000006fb400000,0x00000006fc5f7b40,0x00000006fcc40000)
Event: 139.841 GC heap after
Heap after GC invocations=103 (full 14):
 PSYoungGen      total 748480K, used 0K [0x00000007aacb0000, 0x00000007e24b0000, 0x0000000800000000)
  eden space 666560K, 0% used [0x00000007aacb0000,0x00000007aacb0000,0x00000007d37a0000)
  from space 81920K, 0% used [0x00000007d37a0000,0x00000007d37a0000,0x00000007d87a0000)
  to   space 77504K, 0% used [0x00000007dd900000,0x00000007dd900000,0x00000007e24b0000)
 ParOldGen       total 430592K, used 54523K [0x0000000700600000, 0x000000071aa80000, 0x00000007aacb0000)
  object space 430592K, 12% used [0x0000000700600000,0x0000000703b3eff0,0x000000071aa80000)
 PSPermGen       total 23680K, used 18398K [0x00000006fb400000, 0x00000006fcb20000, 0x0000000700600000)
  object space 23680K, 77% used [0x00000006fb400000,0x00000006fc5f7b00,0x00000006fcb20000)
}
Event: 141.291 GC heap before
{Heap before GC invocations=104 (full 14):
 PSYoungGen      total 748480K, used 666560K [0x00000007aacb0000, 0x00000007e24b0000, 0x0000000800000000)
  eden space 666560K, 100% used [0x00000007aacb0000,0x00000007d37a0000,0x00000007d37a0000)
  from space 81920K, 0% used [0x00000007d37a0000,0x00000007d37a0000,0x00000007d87a0000)
  to   space 77504K, 0% used [0x00000007dd900000,0x00000007dd900000,0x00000007e24b0000)
 ParOldGen       total 430592K, used 130492K [0x0000000700600000, 0x000000071aa80000, 0x00000007aacb0000)
  object space 430592K, 30% used [0x0000000700600000,0x000000070856f3c8,0x000000071aa80000)
 PSPermGen       total 23680K, used 18399K [0x00000006fb400000, 0x00000006fcb20000, 0x0000000700600000)
  object space 23680K, 77% used [0x00000006fb400000,0x00000006fc5f7d68,0x00000006fcb20000)
Event: 141.298 GC heap after
Heap after GC invocations=104 (full 14):
 PSYoungGen      total 820160K, used 24588K [0x00000007aacb0000, 0x00000007e1bc0000, 0x0000000800000000)
  eden space 751808K, 0% used [0x00000007aacb0000,0x00000007aacb0000,0x00000007d8ae0000)
  from space 68352K, 35% used [0x00000007dd900000,0x00000007df103060,0x00000007e1bc0000)
  to   space 74176K, 0% used [0x00000007d8ae0000,0x00000007d8ae0000,0x00000007dd350000)
 ParOldGen       total 430592K, used 130492K [0x0000000700600000, 0x000000071aa80000, 0x00000007aacb0000)
  object space 430592K, 30% used [0x0000000700600000,0x000000070856f3c8,0x000000071aa80000)
 PSPermGen       total 23680K, used 18399K [0x00000006fb400000, 0x00000006fcb20000, 0x0000000700600000)
  object space 23680K, 77% used [0x00000006fb400000,0x00000006fc5f7d68,0x00000006fcb20000)
}
Event: 142.805 GC heap before
{Heap before GC invocations=105 (full 14):
 PSYoungGen      total 820160K, used 776225K [0x00000007aacb0000, 0x00000007e1bc0000, 0x0000000800000000)
  eden space 751808K, 99% used [0x00000007aacb0000,0x00000007d8ab5548,0x00000007d8ae0000)
  from space 68352K, 35% used [0x00000007dd900000,0x00000007df103060,0x00000007e1bc0000)
  to   space 74176K, 0% used [0x00000007d8ae0000,0x00000007d8ae0000,0x00000007dd350000)
 ParOldGen       total 430592K, used 132517K [0x0000000700600000, 0x000000071aa80000, 0x00000007aacb0000)
  object space 430592K, 30% used [0x0000000700600000,0x00000007087697d8,0x000000071aa80000)
 PSPermGen       total 23680K, used 18401K [0x00000006fb400000, 0x00000006fcb20000, 0x0000000700600000)
  object space 23680K, 77% used [0x00000006fb400000,0x00000006fc5f85c0,0x00000006fcb20000)
Event: 142.813 GC heap after
Heap after GC invocations=105 (full 14):
 PSYoungGen      total 761280K, used 34970K [0x00000007aacb0000, 0x00000007dfd30000, 0x0000000800000000)
  eden space 726272K, 0% used [0x00000007aacb0000,0x00000007aacb0000,0x00000007d71f0000)
  from space 35008K, 99% used [0x00000007d8ae0000,0x00000007dad06a08,0x00000007dad10000)
  to   space 71296K, 0% used [0x00000007db790000,0x00000007db790000,0x00000007dfd30000)
 ParOldGen       total 430592K, used 156866K [0x0000000700600000, 0x000000071aa80000, 0x00000007aacb0000)
  object space 430592K, 36% used [0x0000000700600000,0x0000000709f30838,0x000000071aa80000)
 PSPermGen       total 23680K, used 18401K [0x00000006fb400000, 0x00000006fcb20000, 0x0000000700600000)
  object space 23680K, 77% used [0x00000006fb400000,0x00000006fc5f85c0,0x00000006fcb20000)
}

