# JRE version: 7.0_07-b11
# Java VM: Java HotSpot(TM) 64-Bit Server VM (23.3-b01 mixed mode windows-amd64 compressed oops)
Heap
 PSYoungGen      total 72896K, used 39100K [0x00000007aacb0000, 0x00000007b1cb0000, 0x0000000800000000)
  eden space 37504K, 27% used [0x00000007aacb0000,0x00000007ab6d0028,0x00000007ad150000)
  from space 35392K, 81% used [0x00000007ad1f0000,0x00000007aedff2a0,0x00000007af480000)
  to   space 38592K, 0% used [0x00000007af700000,0x00000007af700000,0x00000007b1cb0000)
 ParOldGen       total 174528K, used 89195K [0x0000000700600000, 0x000000070b070000, 0x00000007aacb0000)
  object space 174528K, 51% used [0x0000000700600000,0x0000000705d1ac10,0x000000070b070000)
 PSPermGen       total 21248K, used 17886K [0x00000006fb400000, 0x00000006fc8c0000, 0x0000000700600000)
  object space 21248K, 84% used [0x00000006fb400000,0x00000006fc577958,0x00000006fc8c0000)
GC Heap History (10 events):
Event: 20.480 GC heap before
{Heap before GC invocations=23 (full 0):
 PSYoungGen      total 80064K, used 48502K [0x00000007aacb0000, 0x00000007b2540000, 0x0000000800000000)
  eden space 41024K, 92% used [0x00000007aacb0000,0x00000007ad1caba8,0x00000007ad4c0000)
  from space 39040K, 26% used [0x00000007aff20000,0x00000007b0962e70,0x00000007b2540000)
  to   space 41216K, 0% used [0x00000007ad4c0000,0x00000007ad4c0000,0x00000007afd00000)
 ParOldGen       total 174528K, used 89099K [0x0000000700600000, 0x000000070b070000, 0x00000007aacb0000)
  object space 174528K, 51% used [0x0000000700600000,0x0000000705d02c10,0x000000070b070000)
 PSPermGen       total 21248K, used 17854K [0x00000006fb400000, 0x00000006fc8c0000, 0x0000000700600000)
  object space 21248K, 84% used [0x00000006fb400000,0x00000006fc56fa90,0x00000006fc8c0000)
Event: 20.482 GC heap after
Heap after GC invocations=23 (full 0):
 PSYoungGen      total 50688K, used 10411K [0x00000007aacb0000, 0x00000007b21c0000, 0x0000000800000000)
  eden space 40256K, 0% used [0x00000007aacb0000,0x00000007aacb0000,0x00000007ad400000)
  from space 10432K, 99% used [0x00000007ad4c0000,0x00000007adeeae70,0x00000007adef0000)
  to   space 39808K, 0% used [0x00000007afae0000,0x00000007afae0000,0x00000007b21c0000)
 ParOldGen       total 174528K, used 89131K [0x0000000700600000, 0x000000070b070000, 0x00000007aacb0000)
  object space 174528K, 51% used [0x0000000700600000,0x0000000705d0ac10,0x000000070b070000)
 PSPermGen       total 21248K, used 17854K [0x00000006fb400000, 0x00000006fc8c0000, 0x0000000700600000)
  object space 21248K, 84% used [0x00000006fb400000,0x00000006fc56fa90,0x00000006fc8c0000)
}
Event: 21.016 GC heap before
{Heap before GC invocations=24 (full 0):
 PSYoungGen      total 50688K, used 48406K [0x00000007aacb0000, 0x00000007b21c0000, 0x0000000800000000)
  eden space 40256K, 94% used [0x00000007aacb0000,0x00000007ad1caba8,0x00000007ad400000)
  from space 10432K, 99% used [0x00000007ad4c0000,0x00000007adeeae70,0x00000007adef0000)
  to   space 39808K, 0% used [0x00000007afae0000,0x00000007afae0000,0x00000007b21c0000)
 ParOldGen       total 174528K, used 89131K [0x0000000700600000, 0x000000070b070000, 0x00000007aacb0000)
  object space 174528K, 51% used [0x0000000700600000,0x0000000705d0ac10,0x000000070b070000)
 PSPermGen       total 21248K, used 17854K [0x00000006fb400000, 0x00000006fc8c0000, 0x0000000700600000)
  object space 21248K, 84% used [0x00000006fb400000,0x00000006fc56fbf8,0x00000006fc8c0000)
Event: 21.017 GC heap after
Heap after GC invocations=24 (full 0):
 PSYoungGen      total 75712K, used 10443K [0x00000007aacb0000, 0x00000007b1e30000, 0x0000000800000000)
  eden space 39552K, 0% used [0x00000007aacb0000,0x00000007aacb0000,0x00000007ad350000)
  from space 36160K, 28% used [0x00000007afae0000,0x00000007b0512e70,0x00000007b1e30000)
  to   space 38336K, 0% used [0x00000007ad350000,0x00000007ad350000,0x00000007af8c0000)
 ParOldGen       total 174528K, used 89147K [0x0000000700600000, 0x000000070b070000, 0x00000007aacb0000)
  object space 174528K, 51% used [0x0000000700600000,0x0000000705d0ec10,0x000000070b070000)
 PSPermGen       total 21248K, used 17854K [0x00000006fb400000, 0x00000006fc8c0000, 0x0000000700600000)
  object space 21248K, 84% used [0x00000006fb400000,0x00000006fc56fbf8,0x00000006fc8c0000)
}
Event: 21.553 GC heap before
{Heap before GC invocations=25 (full 0):
 PSYoungGen      total 75712K, used 48438K [0x00000007aacb0000, 0x00000007b1e30000, 0x0000000800000000)
  eden space 39552K, 96% used [0x00000007aacb0000,0x00000007ad1caba8,0x00000007ad350000)
  from space 36160K, 28% used [0x00000007afae0000,0x00000007b0512e70,0x00000007b1e30000)
  to   space 38336K, 0% used [0x00000007ad350000,0x00000007ad350000,0x00000007af8c0000)
 ParOldGen       total 174528K, used 89147K [0x0000000700600000, 0x000000070b070000, 0x00000007aacb0000)
  object space 174528K, 51% used [0x0000000700600000,0x0000000705d0ec10,0x000000070b070000)
 PSPermGen       total 21248K, used 17855K [0x00000006fb400000, 0x00000006fc8c0000, 0x0000000700600000)
  object space 21248K, 84% used [0x00000006fb400000,0x00000006fc56fd78,0x00000006fc8c0000)
Event: 21.555 GC heap after
Heap after GC invocations=25 (full 0):
 PSYoungGen      total 49344K, used 10475K [0x00000007aacb0000, 0x00000007b1aa0000, 0x0000000800000000)
  eden space 38848K, 0% used [0x00000007aacb0000,0x00000007aacb0000,0x00000007ad2a0000)
  from space 10496K, 99% used [0x00000007ad350000,0x00000007add8ae70,0x00000007add90000)
  to   space 36864K, 0% used [0x00000007af6a0000,0x00000007af6a0000,0x00000007b1aa0000)
 ParOldGen       total 174528K, used 89163K [0x0000000700600000, 0x000000070b070000, 0x00000007aacb0000)
  object space 174528K, 51% used [0x0000000700600000,0x0000000705d12c10,0x000000070b070000)
 PSPermGen       total 21248K, used 17855K [0x00000006fb400000, 0x00000006fc8c0000, 0x0000000700600000)
  object space 21248K, 84% used [0x00000006fb400000,0x00000006fc56fd78,0x00000006fc8c0000)
}
Event: 22.092 GC heap before
{Heap before GC invocations=26 (full 0):
 PSYoungGen      total 49344K, used 48470K [0x00000007aacb0000, 0x00000007b1aa0000, 0x0000000800000000)
  eden space 38848K, 97% used [0x00000007aacb0000,0x00000007ad1caba8,0x00000007ad2a0000)
  from space 10496K, 99% used [0x00000007ad350000,0x00000007add8ae70,0x00000007add90000)
  to   space 36864K, 0% used [0x00000007af6a0000,0x00000007af6a0000,0x00000007b1aa0000)
 ParOldGen       total 174528K, used 89163K [0x0000000700600000, 0x000000070b070000, 0x00000007aacb0000)
  object space 174528K, 51% used [0x0000000700600000,0x0000000705d12c10,0x000000070b070000)
 PSPermGen       total 21248K, used 17855K [0x00000006fb400000, 0x00000006fc8c0000, 0x0000000700600000)
  object space 21248K, 84% used [0x00000006fb400000,0x00000006fc56fd78,0x00000006fc8c0000)
Event: 22.095 GC heap after
Heap after GC invocations=26 (full 0):
 PSYoungGen      total 71360K, used 10475K [0x00000007aacb0000, 0x00000007b1710000, 0x0000000800000000)
  eden space 38144K, 0% used [0x00000007aacb0000,0x00000007aacb0000,0x00000007ad1f0000)
  from space 33216K, 31% used [0x00000007af6a0000,0x00000007b00dae70,0x00000007b1710000)
  to   space 35392K, 0% used [0x00000007ad1f0000,0x00000007ad1f0000,0x00000007af480000)
 ParOldGen       total 174528K, used 89179K [0x0000000700600000, 0x000000070b070000, 0x00000007aacb0000)
  object space 174528K, 51% used [0x0000000700600000,0x0000000705d16c10,0x000000070b070000)
 PSPermGen       total 21248K, used 17855K [0x00000006fb400000, 0x00000006fc8c0000, 0x0000000700600000)
  object space 21248K, 84% used [0x00000006fb400000,0x00000006fc56fd78,0x00000006fc8c0000)
}
Event: 22.569 GC heap before
{Heap before GC invocations=27 (full 0):
 PSYoungGen      total 71360K, used 48619K [0x00000007aacb0000, 0x00000007b1710000, 0x0000000800000000)
  eden space 38144K, 100% used [0x00000007aacb0000,0x00000007ad1f0000,0x00000007ad1f0000)
  from space 33216K, 31% used [0x00000007af6a0000,0x00000007b00dae70,0x00000007b1710000)
  to   space 35392K, 0% used [0x00000007ad1f0000,0x00000007ad1f0000,0x00000007af480000)
 ParOldGen       total 174528K, used 89179K [0x0000000700600000, 0x000000070b070000, 0x00000007aacb0000)
  object space 174528K, 51% used [0x0000000700600000,0x0000000705d16c10,0x000000070b070000)
 PSPermGen       total 21248K, used 17855K [0x00000006fb400000, 0x00000006fc8c0000, 0x0000000700600000)
  object space 21248K, 84% used [0x00000006fb400000,0x00000006fc56fd78,0x00000006fc8c0000)
Event: 22.573 GC heap after
Heap after GC invocations=27 (full 0):
 PSYoungGen      total 72896K, used 28732K [0x00000007aacb0000, 0x00000007b1cb0000, 0x0000000800000000)
  eden space 37504K, 0% used [0x00000007aacb0000,0x00000007aacb0000,0x00000007ad150000)
  from space 35392K, 81% used [0x00000007ad1f0000,0x00000007aedff2a0,0x00000007af480000)
  to   space 38592K, 0% used [0x00000007af700000,0x00000007af700000,0x00000007b1cb0000)
 ParOldGen       total 174528K, used 89195K [0x0000000700600000, 0x000000070b070000, 0x00000007aacb0000)
  object space 174528K, 51% used [0x0000000700600000,0x0000000705d1ac10,0x000000070b070000)
 PSPermGen       total 21248K, used 17855K [0x00000006fb400000, 0x00000006fc8c0000, 0x0000000700600000)
  object space 21248K, 84% used [0x00000006fb400000,0x00000006fc56fd78,0x00000006fc8c0000)
}

