# JRE version: 7.0_07-b11
# Java VM: Java HotSpot(TM) 64-Bit Server VM (23.3-b01 mixed mode windows-amd64 compressed oops)
Heap
 PSYoungGen      total 125568K, used 38251K [0x00000007aacb0000, 0x00000007b6bb0000, 0x0000000800000000)
  eden space 107136K, 18% used [0x00000007aacb0000,0x00000007ac016b68,0x00000007b1550000)
  from space 18432K, 99% used [0x00000007b2ea0000,0x00000007b4094430,0x00000007b40a0000)
  to   space 39808K, 0% used [0x00000007b44d0000,0x00000007b44d0000,0x00000007b6bb0000)
 ParOldGen       total 174528K, used 116549K [0x0000000700600000, 0x000000070b070000, 0x00000007aacb0000)
  object space 174528K, 66% used [0x0000000700600000,0x00000007077d17f0,0x000000070b070000)
 PSPermGen       total 21248K, used 17832K [0x00000006fb400000, 0x00000006fc8c0000, 0x0000000700600000)
  object space 21248K, 83% used [0x00000006fb400000,0x00000006fc56a190,0x00000006fc8c0000)
GC Heap History (10 events):
Event: 9.926 GC heap before
{Heap before GC invocations=9 (full 0):
 PSYoungGen      total 158528K, used 155809K [0x00000007aacb0000, 0x00000007b7390000, 0x0000000800000000)
  eden space 121856K, 99% used [0x00000007aacb0000,0x00000007b23915c8,0x00000007b23b0000)
  from space 36672K, 92% used [0x00000007b4a40000,0x00000007b6b86ef0,0x00000007b6e10000)
  to   space 39488K, 0% used [0x00000007b23b0000,0x00000007b23b0000,0x00000007b4a40000)
 ParOldGen       total 174528K, used 85286K [0x0000000700600000, 0x000000070b070000, 0x00000007aacb0000)
  object space 174528K, 48% used [0x0000000700600000,0x0000000705949980,0x000000070b070000)
 PSPermGen       total 21248K, used 17799K [0x00000006fb400000, 0x00000006fc8c0000, 0x0000000700600000)
  object space 21248K, 83% used [0x00000006fb400000,0x00000006fc561c08,0x00000006fc8c0000)
Event: 9.935 GC heap after
Heap after GC invocations=9 (full 0):
 PSYoungGen      total 161344K, used 33997K [0x00000007aacb0000, 0x00000007bbbe0000, 0x0000000800000000)
  eden space 121856K, 0% used [0x00000007aacb0000,0x00000007aacb0000,0x00000007b23b0000)
  from space 39488K, 86% used [0x00000007b23b0000,0x00000007b44e37d0,0x00000007b4a40000)
  to   space 41344K, 0% used [0x00000007b9380000,0x00000007b9380000,0x00000007bbbe0000)
 ParOldGen       total 174528K, used 93178K [0x0000000700600000, 0x000000070b070000, 0x00000007aacb0000)
  object space 174528K, 53% used [0x0000000700600000,0x00000007060fea80,0x000000070b070000)
 PSPermGen       total 21248K, used 17799K [0x00000006fb400000, 0x00000006fc8c0000, 0x0000000700600000)
  object space 21248K, 83% used [0x00000006fb400000,0x00000006fc561c08,0x00000006fc8c0000)
}
Event: 11.190 GC heap before
{Heap before GC invocations=10 (full 0):
 PSYoungGen      total 161344K, used 155695K [0x00000007aacb0000, 0x00000007bbbe0000, 0x0000000800000000)
  eden space 121856K, 99% used [0x00000007aacb0000,0x00000007b2388570,0x00000007b23b0000)
  from space 39488K, 86% used [0x00000007b23b0000,0x00000007b44e37d0,0x00000007b4a40000)
  to   space 41344K, 0% used [0x00000007b9380000,0x00000007b9380000,0x00000007bbbe0000)
 ParOldGen       total 174528K, used 93178K [0x0000000700600000, 0x000000070b070000, 0x00000007aacb0000)
  object space 174528K, 53% used [0x0000000700600000,0x00000007060fea80,0x000000070b070000)
 PSPermGen       total 21248K, used 17799K [0x00000006fb400000, 0x00000006fc8c0000, 0x0000000700600000)
  object space 21248K, 83% used [0x00000006fb400000,0x00000006fc561e98,0x00000006fc8c0000)
Event: 11.200 GC heap after
Heap after GC invocations=10 (full 0):
 PSYoungGen      total 136448K, used 18449K [0x00000007aacb0000, 0x00000007ba590000, 0x0000000800000000)
  eden space 117952K, 0% used [0x00000007aacb0000,0x00000007aacb0000,0x00000007b1fe0000)
  from space 18496K, 99% used [0x00000007b9380000,0x00000007ba584430,0x00000007ba590000)
  to   space 41216K, 0% used [0x00000007b5510000,0x00000007b5510000,0x00000007b7d50000)
 ParOldGen       total 174528K, used 116469K [0x0000000700600000, 0x000000070b070000, 0x00000007aacb0000)
  object space 174528K, 66% used [0x0000000700600000,0x00000007077bd7f0,0x000000070b070000)
 PSPermGen       total 21248K, used 17799K [0x00000006fb400000, 0x00000006fc8c0000, 0x0000000700600000)
  object space 21248K, 83% used [0x00000006fb400000,0x00000006fc561e98,0x00000006fc8c0000)
}
Event: 12.391 GC heap before
{Heap before GC invocations=11 (full 0):
 PSYoungGen      total 136448K, used 134407K [0x00000007aacb0000, 0x00000007ba590000, 0x0000000800000000)
  eden space 117952K, 98% used [0x00000007aacb0000,0x00000007b1ded8d8,0x00000007b1fe0000)
  from space 18496K, 99% used [0x00000007b9380000,0x00000007ba584430,0x00000007ba590000)
  to   space 41216K, 0% used [0x00000007b5510000,0x00000007b5510000,0x00000007b7d50000)
 ParOldGen       total 174528K, used 116469K [0x0000000700600000, 0x000000070b070000, 0x00000007aacb0000)
  object space 174528K, 66% used [0x0000000700600000,0x00000007077bd7f0,0x000000070b070000)
 PSPermGen       total 21248K, used 17807K [0x00000006fb400000, 0x00000006fc8c0000, 0x0000000700600000)
  object space 21248K, 83% used [0x00000006fb400000,0x00000006fc563f38,0x00000006fc8c0000)
Event: 12.394 GC heap after
Heap after GC invocations=11 (full 0):
 PSYoungGen      total 132608K, used 18417K [0x00000007aacb0000, 0x00000007b9390000, 0x0000000800000000)
  eden space 114176K, 0% used [0x00000007aacb0000,0x00000007aacb0000,0x00000007b1c30000)
  from space 18432K, 99% used [0x00000007b5510000,0x00000007b670c430,0x00000007b6710000)
  to   space 40896K, 0% used [0x00000007b6ba0000,0x00000007b6ba0000,0x00000007b9390000)
 ParOldGen       total 174528K, used 116477K [0x0000000700600000, 0x000000070b070000, 0x00000007aacb0000)
  object space 174528K, 66% used [0x0000000700600000,0x00000007077bf7f0,0x000000070b070000)
 PSPermGen       total 21248K, used 17807K [0x00000006fb400000, 0x00000006fc8c0000, 0x0000000700600000)
  object space 21248K, 83% used [0x00000006fb400000,0x00000006fc563f38,0x00000006fc8c0000)
}
Event: 12.903 GC heap before
{Heap before GC invocations=12 (full 0):
 PSYoungGen      total 132608K, used 127870K [0x00000007aacb0000, 0x00000007b9390000, 0x0000000800000000)
  eden space 114176K, 95% used [0x00000007aacb0000,0x00000007b1793568,0x00000007b1c30000)
  from space 18432K, 99% used [0x00000007b5510000,0x00000007b670c430,0x00000007b6710000)
  to   space 40896K, 0% used [0x00000007b6ba0000,0x00000007b6ba0000,0x00000007b9390000)
 ParOldGen       total 174528K, used 116477K [0x0000000700600000, 0x000000070b070000, 0x00000007aacb0000)
  object space 174528K, 66% used [0x0000000700600000,0x00000007077bf7f0,0x000000070b070000)
 PSPermGen       total 21248K, used 17808K [0x00000006fb400000, 0x00000006fc8c0000, 0x0000000700600000)
  object space 21248K, 83% used [0x00000006fb400000,0x00000006fc5640f8,0x00000006fc8c0000)
Event: 12.908 GC heap after
Heap after GC invocations=12 (full 0):
 PSYoungGen      total 129024K, used 18417K [0x00000007aacb0000, 0x00000007b7da0000, 0x0000000800000000)
  eden space 110592K, 0% used [0x00000007aacb0000,0x00000007aacb0000,0x00000007b18b0000)
  from space 18432K, 99% used [0x00000007b6ba0000,0x00000007b7d9c430,0x00000007b7da0000)
  to   space 40448K, 0% used [0x00000007b2ea0000,0x00000007b2ea0000,0x00000007b5620000)
 ParOldGen       total 174528K, used 116509K [0x0000000700600000, 0x000000070b070000, 0x00000007aacb0000)
  object space 174528K, 66% used [0x0000000700600000,0x00000007077c77f0,0x000000070b070000)
 PSPermGen       total 21248K, used 17808K [0x00000006fb400000, 0x00000006fc8c0000, 0x0000000700600000)
  object space 21248K, 83% used [0x00000006fb400000,0x00000006fc5640f8,0x00000006fc8c0000)
}
Event: 13.217 GC heap before
{Heap before GC invocations=13 (full 0):
 PSYoungGen      total 129024K, used 127821K [0x00000007aacb0000, 0x00000007b7da0000, 0x0000000800000000)
  eden space 110592K, 98% used [0x00000007aacb0000,0x00000007b17871a8,0x00000007b18b0000)
  from space 18432K, 99% used [0x00000007b6ba0000,0x00000007b7d9c430,0x00000007b7da0000)
  to   space 40448K, 0% used [0x00000007b2ea0000,0x00000007b2ea0000,0x00000007b5620000)
 ParOldGen       total 174528K, used 116509K [0x0000000700600000, 0x000000070b070000, 0x00000007aacb0000)
  object space 174528K, 66% used [0x0000000700600000,0x00000007077c77f0,0x000000070b070000)
 PSPermGen       total 21248K, used 17808K [0x00000006fb400000, 0x00000006fc8c0000, 0x0000000700600000)
  object space 21248K, 83% used [0x00000006fb400000,0x00000006fc564208,0x00000006fc8c0000)
Event: 13.221 GC heap after
Heap after GC invocations=13 (full 0):
 PSYoungGen      total 125568K, used 18385K [0x00000007aacb0000, 0x00000007b6bb0000, 0x0000000800000000)
  eden space 107136K, 0% used [0x00000007aacb0000,0x00000007aacb0000,0x00000007b1550000)
  from space 18432K, 99% used [0x00000007b2ea0000,0x00000007b4094430,0x00000007b40a0000)
  to   space 39808K, 0% used [0x00000007b44d0000,0x00000007b44d0000,0x00000007b6bb0000)
 ParOldGen       total 174528K, used 116549K [0x0000000700600000, 0x000000070b070000, 0x00000007aacb0000)
  object space 174528K, 66% used [0x0000000700600000,0x00000007077d17f0,0x000000070b070000)
 PSPermGen       total 21248K, used 17808K [0x00000006fb400000, 0x00000006fc8c0000, 0x0000000700600000)
  object space 21248K, 83% used [0x00000006fb400000,0x00000006fc564208,0x00000006fc8c0000)
}

