# JRE version: 7.0_07-b11
# Java VM: Java HotSpot(TM) 64-Bit Server VM (23.3-b01 mixed mode windows-amd64 compressed oops)
Heap
 PSYoungGen      total 690368K, used 215829K [0x00000007aacb0000, 0x00000007d85a0000, 0x0000000800000000)
  eden space 667072K, 30% used [0x00000007aacb0000,0x00000007b753a6c8,0x00000007d3820000)
  from space 23296K, 44% used [0x00000007d6ee0000,0x00000007d791ae70,0x00000007d85a0000)
  to   space 39680K, 0% used [0x00000007d3820000,0x00000007d3820000,0x00000007d5ee0000)
 ParOldGen       total 149632K, used 35845K [0x0000000700600000, 0x0000000709820000, 0x00000007aacb0000)
  object space 149632K, 23% used [0x0000000700600000,0x0000000702901798,0x0000000709820000)
 PSPermGen       total 40896K, used 17998K [0x00000006fb400000, 0x00000006fdbf0000, 0x0000000700600000)
  object space 40896K, 44% used [0x00000006fb400000,0x00000006fc593818,0x00000006fdbf0000)
GC Heap History (10 events):
Event: 12.786 GC heap before
{Heap before GC invocations=12 (full 1):
 PSYoungGen      total 373568K, used 372438K [0x00000007aacb0000, 0x00000007c65b0000, 0x0000000800000000)
  eden space 352768K, 99% used [0x00000007aacb0000,0x00000007c041fd50,0x00000007c0530000)
  from space 20800K, 99% used [0x00000007c5160000,0x00000007c65a5ce0,0x00000007c65b0000)
  to   space 40256K, 0% used [0x00000007c1710000,0x00000007c1710000,0x00000007c3e60000)
 ParOldGen       total 125312K, used 32359K [0x0000000700600000, 0x0000000708060000, 0x00000007aacb0000)
  object space 125312K, 25% used [0x0000000700600000,0x0000000702599ed0,0x0000000708060000)
 PSPermGen       total 36160K, used 17922K [0x00000006fb400000, 0x00000006fd750000, 0x0000000700600000)
  object space 36160K, 49% used [0x00000006fb400000,0x00000006fc580bc0,0x00000006fd750000)
Event: 12.790 GC heap after
Heap after GC invocations=12 (full 1):
 PSYoungGen      total 411328K, used 10475K [0x00000007aacb0000, 0x00000007ce2d0000, 0x0000000800000000)
  eden space 371072K, 0% used [0x00000007aacb0000,0x00000007aacb0000,0x00000007c1710000)
  from space 40256K, 26% used [0x00000007c1710000,0x00000007c214ae70,0x00000007c3e60000)
  to   space 39040K, 0% used [0x00000007cbcb0000,0x00000007cbcb0000,0x00000007ce2d0000)
 ParOldGen       total 125312K, used 42659K [0x0000000700600000, 0x0000000708060000, 0x00000007aacb0000)
  object space 125312K, 34% used [0x0000000700600000,0x0000000702fa8d40,0x0000000708060000)
 PSPermGen       total 36160K, used 17922K [0x00000006fb400000, 0x00000006fd750000, 0x0000000700600000)
  object space 36160K, 49% used [0x00000006fb400000,0x00000006fc580bc0,0x00000006fd750000)
}
Event: 15.160 GC heap before
{Heap before GC invocations=13 (full 2):
 PSYoungGen      total 411328K, used 381308K [0x00000007aacb0000, 0x00000007ce2d0000, 0x0000000800000000)
  eden space 371072K, 99% used [0x00000007aacb0000,0x00000007c16d44f0,0x00000007c1710000)
  from space 40256K, 26% used [0x00000007c1710000,0x00000007c214ae70,0x00000007c3e60000)
  to   space 39040K, 0% used [0x00000007cbcb0000,0x00000007cbcb0000,0x00000007ce2d0000)
 ParOldGen       total 344640K, used 342993K [0x0000000700600000, 0x0000000715690000, 0x00000007aacb0000)
  object space 344640K, 99% used [0x0000000700600000,0x00000007154f4470,0x0000000715690000)
 PSPermGen       total 36160K, used 17927K [0x00000006fb400000, 0x00000006fd750000, 0x0000000700600000)
  object space 36160K, 49% used [0x00000006fb400000,0x00000006fc581f90,0x00000006fd750000)
Event: 15.202 GC heap after
Heap after GC invocations=13 (full 2):
 PSYoungGen      total 411328K, used 0K [0x00000007aacb0000, 0x00000007ce2d0000, 0x0000000800000000)
  eden space 371072K, 0% used [0x00000007aacb0000,0x00000007aacb0000,0x00000007c1710000)
  from space 40256K, 0% used [0x00000007c1710000,0x00000007c1710000,0x00000007c3e60000)
  to   space 39040K, 0% used [0x00000007cbcb0000,0x00000007cbcb0000,0x00000007ce2d0000)
 ParOldGen       total 149632K, used 22872K [0x0000000700600000, 0x0000000709820000, 0x00000007aacb0000)
  object space 149632K, 15% used [0x0000000700600000,0x0000000701c561e8,0x0000000709820000)
 PSPermGen       total 40896K, used 17927K [0x00000006fb400000, 0x00000006fdbf0000, 0x0000000700600000)
  object space 40896K, 43% used [0x00000006fb400000,0x00000006fc581f90,0x00000006fdbf0000)
}
Event: 16.534 GC heap before
{Heap before GC invocations=14 (full 2):
 PSYoungGen      total 411328K, used 366990K [0x00000007aacb0000, 0x00000007ce2d0000, 0x0000000800000000)
  eden space 371072K, 98% used [0x00000007aacb0000,0x00000007c1313aa0,0x00000007c1710000)
  from space 40256K, 0% used [0x00000007c1710000,0x00000007c1710000,0x00000007c3e60000)
  to   space 39040K, 0% used [0x00000007cbcb0000,0x00000007cbcb0000,0x00000007ce2d0000)
 ParOldGen       total 149632K, used 22872K [0x0000000700600000, 0x0000000709820000, 0x00000007aacb0000)
  object space 149632K, 15% used [0x0000000700600000,0x0000000701c561e8,0x0000000709820000)
 PSPermGen       total 40896K, used 17931K [0x00000006fb400000, 0x00000006fdbf0000, 0x0000000700600000)
  object space 40896K, 43% used [0x00000006fb400000,0x00000006fc582c78,0x00000006fdbf0000)
Event: 16.539 GC heap after
Heap after GC invocations=14 (full 2):
 PSYoungGen      total 541312K, used 20759K [0x00000007aacb0000, 0x00000007ceb80000, 0x0000000800000000)
  eden space 502272K, 0% used [0x00000007aacb0000,0x00000007aacb0000,0x00000007c9730000)
  from space 39040K, 53% used [0x00000007cbcb0000,0x00000007cd0f5ce0,0x00000007ce2d0000)
  to   space 38400K, 0% used [0x00000007c9730000,0x00000007c9730000,0x00000007cbcb0000)
 ParOldGen       total 149632K, used 22872K [0x0000000700600000, 0x0000000709820000, 0x00000007aacb0000)
  object space 149632K, 15% used [0x0000000700600000,0x0000000701c561e8,0x0000000709820000)
 PSPermGen       total 40896K, used 17931K [0x00000006fb400000, 0x00000006fdbf0000, 0x0000000700600000)
  object space 40896K, 43% used [0x00000006fb400000,0x00000006fc582c78,0x00000006fdbf0000)
}
Event: 18.323 GC heap before
{Heap before GC invocations=15 (full 2):
 PSYoungGen      total 541312K, used 520829K [0x00000007aacb0000, 0x00000007ceb80000, 0x0000000800000000)
  eden space 502272K, 99% used [0x00000007aacb0000,0x00000007c9509a30,0x00000007c9730000)
  from space 39040K, 53% used [0x00000007cbcb0000,0x00000007cd0f5ce0,0x00000007ce2d0000)
  to   space 38400K, 0% used [0x00000007c9730000,0x00000007c9730000,0x00000007cbcb0000)
 ParOldGen       total 149632K, used 22872K [0x0000000700600000, 0x0000000709820000, 0x00000007aacb0000)
  object space 149632K, 15% used [0x0000000700600000,0x0000000701c561e8,0x0000000709820000)
 PSPermGen       total 40896K, used 17938K [0x00000006fb400000, 0x00000006fdbf0000, 0x0000000700600000)
  object space 40896K, 43% used [0x00000006fb400000,0x00000006fc584a40,0x00000006fdbf0000)
Event: 18.330 GC heap after
Heap after GC invocations=15 (full 2):
 PSYoungGen      total 540672K, used 28732K [0x00000007aacb0000, 0x00000007d9690000, 0x0000000800000000)
  eden space 502272K, 0% used [0x00000007aacb0000,0x00000007aacb0000,0x00000007c9730000)
  from space 38400K, 74% used [0x00000007c9730000,0x00000007cb33f2a0,0x00000007cbcb0000)
  to   space 40640K, 0% used [0x00000007d6ee0000,0x00000007d6ee0000,0x00000007d9690000)
 ParOldGen       total 149632K, used 29738K [0x0000000700600000, 0x0000000709820000, 0x00000007aacb0000)
  object space 149632K, 19% used [0x0000000700600000,0x000000070230ab88,0x0000000709820000)
 PSPermGen       total 40896K, used 17938K [0x00000006fb400000, 0x00000006fdbf0000, 0x0000000700600000)
  object space 40896K, 43% used [0x00000006fb400000,0x00000006fc584a40,0x00000006fdbf0000)
}
Event: 20.186 GC heap before
{Heap before GC invocations=16 (full 2):
 PSYoungGen      total 540672K, used 528355K [0x00000007aacb0000, 0x00000007d9690000, 0x0000000800000000)
  eden space 502272K, 99% used [0x00000007aacb0000,0x00000007c9499a78,0x00000007c9730000)
  from space 38400K, 74% used [0x00000007c9730000,0x00000007cb33f2a0,0x00000007cbcb0000)
  to   space 40640K, 0% used [0x00000007d6ee0000,0x00000007d6ee0000,0x00000007d9690000)
 ParOldGen       total 149632K, used 35813K [0x0000000700600000, 0x0000000709820000, 0x00000007aacb0000)
  object space 149632K, 23% used [0x0000000700600000,0x00000007028f9798,0x0000000709820000)
 PSPermGen       total 40896K, used 17949K [0x00000006fb400000, 0x00000006fdbf0000, 0x0000000700600000)
  object space 40896K, 43% used [0x00000006fb400000,0x00000006fc587520,0x00000006fdbf0000)
Event: 20.190 GC heap after
Heap after GC invocations=16 (full 2):
 PSYoungGen      total 690368K, used 10475K [0x00000007aacb0000, 0x00000007d85a0000, 0x0000000800000000)
  eden space 667072K, 0% used [0x00000007aacb0000,0x00000007aacb0000,0x00000007d3820000)
  from space 23296K, 44% used [0x00000007d6ee0000,0x00000007d791ae70,0x00000007d85a0000)
  to   space 39680K, 0% used [0x00000007d3820000,0x00000007d3820000,0x00000007d5ee0000)
 ParOldGen       total 149632K, used 35845K [0x0000000700600000, 0x0000000709820000, 0x00000007aacb0000)
  object space 149632K, 23% used [0x0000000700600000,0x0000000702901798,0x0000000709820000)
 PSPermGen       total 40896K, used 17949K [0x00000006fb400000, 0x00000006fdbf0000, 0x0000000700600000)
  object space 40896K, 43% used [0x00000006fb400000,0x00000006fc587520,0x00000006fdbf0000)
}

