# JRE version: 7.0_07-b11
# Java VM: Java HotSpot(TM) 64-Bit Server VM (23.3-b01 mixed mode windows-amd64 compressed oops)
Heap
 PSYoungGen      total 424640K, used 388625K [0x00000007aacb0000, 0x00000007cfd20000, 0x0000000800000000)
  eden space 374784K, 92% used [0x00000007aacb0000,0x00000007bffeb360,0x00000007c1ab0000)
  from space 49856K, 82% used [0x00000007c1ab0000,0x00000007c42f90e0,0x00000007c4b60000)
  to   space 54464K, 0% used [0x00000007cc7f0000,0x00000007cc7f0000,0x00000007cfd20000)
 ParOldGen       total 153536K, used 43728K [0x0000000700600000, 0x0000000709bf0000, 0x00000007aacb0000)
  object space 153536K, 28% used [0x0000000700600000,0x00000007030b41a0,0x0000000709bf0000)
 PSPermGen       total 36672K, used 18088K [0x00000006fb400000, 0x00000006fd7d0000, 0x0000000700600000)
  object space 36672K, 49% used [0x00000006fb400000,0x00000006fc5aa1b8,0x00000006fd7d0000)
GC Heap History (10 events):
Event: 7.043 GC heap before
{Heap before GC invocations=8 (full 0):
 PSYoungGen      total 167744K, used 160968K [0x00000007aacb0000, 0x00000007c00f0000, 0x0000000800000000)
  eden space 123712K, 99% used [0x00000007aacb0000,0x00000007b2511ab0,0x00000007b2580000)
  from space 44032K, 85% used [0x00000007b2580000,0x00000007b4a50900,0x00000007b5080000)
  to   space 50496K, 0% used [0x00000007bcfa0000,0x00000007bcfa0000,0x00000007c00f0000)
 ParOldGen       total 174528K, used 62373K [0x0000000700600000, 0x000000070b070000, 0x00000007aacb0000)
  object space 174528K, 35% used [0x0000000700600000,0x00000007042e9500,0x000000070b070000)
 PSPermGen       total 21248K, used 18044K [0x00000006fb400000, 0x00000006fc8c0000, 0x0000000700600000)
  object space 21248K, 84% used [0x00000006fb400000,0x00000006fc59f340,0x00000006fc8c0000)
Event: 7.047 GC heap after
Heap after GC invocations=8 (full 0):
 PSYoungGen      total 294208K, used 11045K [0x00000007aacb0000, 0x00000007bfd50000, 0x0000000800000000)
  eden space 247424K, 0% used [0x00000007aacb0000,0x00000007aacb0000,0x00000007b9e50000)
  from space 46784K, 23% used [0x00000007bcfa0000,0x00000007bda697a0,0x00000007bfd50000)
  to   space 48640K, 0% used [0x00000007b9e50000,0x00000007b9e50000,0x00000007bcdd0000)
 ParOldGen       total 174528K, used 62397K [0x0000000700600000, 0x000000070b070000, 0x00000007aacb0000)
  object space 174528K, 35% used [0x0000000700600000,0x00000007042ef500,0x000000070b070000)
 PSPermGen       total 21248K, used 18044K [0x00000006fb400000, 0x00000006fc8c0000, 0x0000000700600000)
  object space 21248K, 84% used [0x00000006fb400000,0x00000006fc59f340,0x00000006fc8c0000)
}
Event: 7.601 GC heap before
{Heap before GC invocations=9 (full 0):
 PSYoungGen      total 294208K, used 253406K [0x00000007aacb0000, 0x00000007bfd50000, 0x0000000800000000)
  eden space 247424K, 97% used [0x00000007aacb0000,0x00000007b995e0e0,0x00000007b9e50000)
  from space 46784K, 23% used [0x00000007bcfa0000,0x00000007bda697a0,0x00000007bfd50000)
  to   space 48640K, 0% used [0x00000007b9e50000,0x00000007b9e50000,0x00000007bcdd0000)
 ParOldGen       total 174528K, used 68472K [0x0000000700600000, 0x000000070b070000, 0x00000007aacb0000)
  object space 174528K, 39% used [0x0000000700600000,0x00000007048de110,0x000000070b070000)
 PSPermGen       total 21248K, used 18051K [0x00000006fb400000, 0x00000006fc8c0000, 0x0000000700600000)
  object space 21248K, 84% used [0x00000006fb400000,0x00000006fc5a0e78,0x00000006fc8c0000)
Event: 7.609 GC heap after
Heap after GC invocations=9 (full 0):
 PSYoungGen      total 296064K, used 29270K [0x00000007aacb0000, 0x00000007c8ff0000, 0x0000000800000000)
  eden space 247424K, 0% used [0x00000007aacb0000,0x00000007aacb0000,0x00000007b9e50000)
  from space 48640K, 60% used [0x00000007b9e50000,0x00000007bbae5bd0,0x00000007bcdd0000)
  to   space 49472K, 0% used [0x00000007c5fa0000,0x00000007c5fa0000,0x00000007c8ff0000)
 ParOldGen       total 174528K, used 68592K [0x0000000700600000, 0x000000070b070000, 0x00000007aacb0000)
  object space 174528K, 39% used [0x0000000700600000,0x00000007048fc140,0x000000070b070000)
 PSPermGen       total 21248K, used 18051K [0x00000006fb400000, 0x00000006fc8c0000, 0x0000000700600000)
  object space 21248K, 84% used [0x00000006fb400000,0x00000006fc5a0e78,0x00000006fc8c0000)
}
Event: 8.976 GC heap before
{Heap before GC invocations=10 (full 1):
 PSYoungGen      total 296064K, used 276694K [0x00000007aacb0000, 0x00000007c8ff0000, 0x0000000800000000)
  eden space 247424K, 100% used [0x00000007aacb0000,0x00000007b9e50000,0x00000007b9e50000)
  from space 48640K, 60% used [0x00000007b9e50000,0x00000007bbae5bd0,0x00000007bcdd0000)
  to   space 49472K, 0% used [0x00000007c5fa0000,0x00000007c5fa0000,0x00000007c8ff0000)
 ParOldGen       total 339520K, used 339394K [0x0000000700600000, 0x0000000715190000, 0x00000007aacb0000)
  object space 339520K, 99% used [0x0000000700600000,0x0000000715170b70,0x0000000715190000)
 PSPermGen       total 21248K, used 18078K [0x00000006fb400000, 0x00000006fc8c0000, 0x0000000700600000)
  object space 21248K, 85% used [0x00000006fb400000,0x00000006fc5a7a20,0x00000006fc8c0000)
Event: 9.045 GC heap after
Heap after GC invocations=10 (full 1):
 PSYoungGen      total 296064K, used 0K [0x00000007aacb0000, 0x00000007c8ff0000, 0x0000000800000000)
  eden space 247424K, 0% used [0x00000007aacb0000,0x00000007aacb0000,0x00000007b9e50000)
  from space 48640K, 0% used [0x00000007b9e50000,0x00000007b9e50000,0x00000007bcdd0000)
  to   space 49472K, 0% used [0x00000007c5fa0000,0x00000007c5fa0000,0x00000007c8ff0000)
 ParOldGen       total 153536K, used 43527K [0x0000000700600000, 0x0000000709bf0000, 0x00000007aacb0000)
  object space 153536K, 28% used [0x0000000700600000,0x0000000703081e90,0x0000000709bf0000)
 PSPermGen       total 36672K, used 18071K [0x00000006fb400000, 0x00000006fd7d0000, 0x0000000700600000)
  object space 36672K, 49% used [0x00000006fb400000,0x00000006fc5a5ec8,0x00000006fd7d0000)
}
Event: 9.569 GC heap before
{Heap before GC invocations=11 (full 1):
 PSYoungGen      total 296064K, used 242170K [0x00000007aacb0000, 0x00000007c8ff0000, 0x0000000800000000)
  eden space 247424K, 97% used [0x00000007aacb0000,0x00000007b992e880,0x00000007b9e50000)
  from space 48640K, 0% used [0x00000007b9e50000,0x00000007b9e50000,0x00000007bcdd0000)
  to   space 49472K, 0% used [0x00000007c5fa0000,0x00000007c5fa0000,0x00000007c8ff0000)
 ParOldGen       total 153536K, used 43527K [0x0000000700600000, 0x0000000709bf0000, 0x00000007aacb0000)
  object space 153536K, 28% used [0x0000000700600000,0x0000000703081e90,0x0000000709bf0000)
 PSPermGen       total 36672K, used 18072K [0x00000006fb400000, 0x00000006fd7d0000, 0x0000000700600000)
  object space 36672K, 49% used [0x00000006fb400000,0x00000006fc5a6178,0x00000006fd7d0000)
Event: 9.577 GC heap after
Heap after GC invocations=11 (full 1):
 PSYoungGen      total 380352K, used 29102K [0x00000007aacb0000, 0x00000007c7c10000, 0x0000000800000000)
  eden space 351232K, 0% used [0x00000007aacb0000,0x00000007aacb0000,0x00000007c03b0000)
  from space 29120K, 99% used [0x00000007c5fa0000,0x00000007c7c0b8c0,0x00000007c7c10000)
  to   space 49856K, 0% used [0x00000007c1ab0000,0x00000007c1ab0000,0x00000007c4b60000)
 ParOldGen       total 153536K, used 43527K [0x0000000700600000, 0x0000000709bf0000, 0x00000007aacb0000)
  object space 153536K, 28% used [0x0000000700600000,0x0000000703081e90,0x0000000709bf0000)
 PSPermGen       total 36672K, used 18072K [0x00000006fb400000, 0x00000006fd7d0000, 0x0000000700600000)
  object space 36672K, 49% used [0x00000006fb400000,0x00000006fc5a6178,0x00000006fd7d0000)
}
Event: 10.340 GC heap before
{Heap before GC invocations=12 (full 1):
 PSYoungGen      total 380352K, used 375908K [0x00000007aacb0000, 0x00000007c7c10000, 0x0000000800000000)
  eden space 351232K, 98% used [0x00000007aacb0000,0x00000007bff5d848,0x00000007c03b0000)
  from space 29120K, 99% used [0x00000007c5fa0000,0x00000007c7c0b8c0,0x00000007c7c10000)
  to   space 49856K, 0% used [0x00000007c1ab0000,0x00000007c1ab0000,0x00000007c4b60000)
 ParOldGen       total 153536K, used 43527K [0x0000000700600000, 0x0000000709bf0000, 0x00000007aacb0000)
  object space 153536K, 28% used [0x0000000700600000,0x0000000703081e90,0x0000000709bf0000)
 PSPermGen       total 36672K, used 18081K [0x00000006fb400000, 0x00000006fd7d0000, 0x0000000700600000)
  object space 36672K, 49% used [0x00000006fb400000,0x00000006fc5a8560,0x00000006fd7d0000)
Event: 10.350 GC heap after
Heap after GC invocations=12 (full 1):
 PSYoungGen      total 424640K, used 41252K [0x00000007aacb0000, 0x00000007cfd20000, 0x0000000800000000)
  eden space 374784K, 0% used [0x00000007aacb0000,0x00000007aacb0000,0x00000007c1ab0000)
  from space 49856K, 82% used [0x00000007c1ab0000,0x00000007c42f90e0,0x00000007c4b60000)
  to   space 54464K, 0% used [0x00000007cc7f0000,0x00000007cc7f0000,0x00000007cfd20000)
 ParOldGen       total 153536K, used 43728K [0x0000000700600000, 0x0000000709bf0000, 0x00000007aacb0000)
  object space 153536K, 28% used [0x0000000700600000,0x00000007030b41a0,0x0000000709bf0000)
 PSPermGen       total 36672K, used 18081K [0x00000006fb400000, 0x00000006fd7d0000, 0x0000000700600000)
  object space 36672K, 49% used [0x00000006fb400000,0x00000006fc5a8560,0x00000006fd7d0000)
}

