# JRE version: 7.0_07-b11
# Java VM: Java HotSpot(TM) 64-Bit Server VM (23.3-b01 mixed mode windows-amd64 compressed oops)
Heap
 PSYoungGen      total 838400K, used 817712K [0x00000007aacb0000, 0x00000007e6180000, 0x0000000800000000)
  eden space 788544K, 99% used [0x00000007aacb0000,0x00000007dae8a7f8,0x00000007daec0000)
  from space 49856K, 58% used [0x00000007daec0000,0x00000007dcb71ad0,0x00000007ddf70000)
  to   space 50368K, 0% used [0x00000007e3050000,0x00000007e3050000,0x00000007e6180000)
 ParOldGen       total 297216K, used 295278K [0x0000000700600000, 0x0000000712840000, 0x00000007aacb0000)
  object space 297216K, 99% used [0x0000000700600000,0x000000071265b988,0x0000000712840000)
 PSPermGen       total 39360K, used 18027K [0x00000006fb400000, 0x00000006fda70000, 0x0000000700600000)
  object space 39360K, 45% used [0x00000006fb400000,0x00000006fc59af50,0x00000006fda70000)
GC Heap History (10 events):
Event: 9.481 GC heap before
{Heap before GC invocations=10 (full 1):
 PSYoungGen      total 547008K, used 512660K [0x00000007aacb0000, 0x00000007e1200000, 0x0000000800000000)
  eden space 501952K, 100% used [0x00000007aacb0000,0x00000007c96e0000,0x00000007c96e0000)
  from space 45056K, 23% used [0x00000007c96e0000,0x00000007ca155180,0x00000007cc2e0000)
  to   space 43520K, 0% used [0x00000007de780000,0x00000007de780000,0x00000007e1200000)
 ParOldGen       total 255808K, used 255639K [0x0000000700600000, 0x000000070ffd0000, 0x00000007aacb0000)
  object space 255808K, 99% used [0x0000000700600000,0x000000070ffa5f90,0x000000070ffd0000)
 PSPermGen       total 21248K, used 17994K [0x00000006fb400000, 0x00000006fc8c0000, 0x0000000700600000)
  object space 21248K, 84% used [0x00000006fb400000,0x00000006fc592b68,0x00000006fc8c0000)
Event: 9.550 GC heap after
Heap after GC invocations=10 (full 1):
 PSYoungGen      total 547008K, used 0K [0x00000007aacb0000, 0x00000007e1200000, 0x0000000800000000)
  eden space 501952K, 0% used [0x00000007aacb0000,0x00000007aacb0000,0x00000007c96e0000)
  from space 45056K, 0% used [0x00000007c96e0000,0x00000007c96e0000,0x00000007cc2e0000)
  to   space 43520K, 0% used [0x00000007de780000,0x00000007de780000,0x00000007e1200000)
 ParOldGen       total 159808K, used 47617K [0x0000000700600000, 0x000000070a210000, 0x00000007aacb0000)
  object space 159808K, 29% used [0x0000000700600000,0x0000000703480760,0x000000070a210000)
 PSPermGen       total 36288K, used 17988K [0x00000006fb400000, 0x00000006fd770000, 0x0000000700600000)
  object space 36288K, 49% used [0x00000006fb400000,0x00000006fc5910b0,0x00000006fd770000)
}
Event: 10.478 GC heap before
{Heap before GC invocations=11 (full 1):
 PSYoungGen      total 547008K, used 498848K [0x00000007aacb0000, 0x00000007e1200000, 0x0000000800000000)
  eden space 501952K, 99% used [0x00000007aacb0000,0x00000007c93d8120,0x00000007c96e0000)
  from space 45056K, 0% used [0x00000007c96e0000,0x00000007c96e0000,0x00000007cc2e0000)
  to   space 43520K, 0% used [0x00000007de780000,0x00000007de780000,0x00000007e1200000)
 ParOldGen       total 159808K, used 51035K [0x0000000700600000, 0x000000070a210000, 0x00000007aacb0000)
  object space 159808K, 31% used [0x0000000700600000,0x00000007037d6c30,0x000000070a210000)
 PSPermGen       total 36288K, used 17988K [0x00000006fb400000, 0x00000006fd770000, 0x0000000700600000)
  object space 36288K, 49% used [0x00000006fb400000,0x00000006fc5913c0,0x00000006fd770000)
Event: 10.487 GC heap after
Heap after GC invocations=11 (full 1):
 PSYoungGen      total 738112K, used 41573K [0x00000007aacb0000, 0x00000007e1020000, 0x0000000800000000)
  eden space 696512K, 0% used [0x00000007aacb0000,0x00000007aacb0000,0x00000007d54e0000)
  from space 41600K, 99% used [0x00000007de780000,0x00000007e10197a0,0x00000007e1020000)
  to   space 49856K, 0% used [0x00000007daec0000,0x00000007daec0000,0x00000007ddf70000)
 ParOldGen       total 159808K, used 63185K [0x0000000700600000, 0x000000070a210000, 0x00000007aacb0000)
  object space 159808K, 39% used [0x0000000700600000,0x00000007043b4450,0x000000070a210000)
 PSPermGen       total 36288K, used 17988K [0x00000006fb400000, 0x00000006fd770000, 0x0000000700600000)
  object space 36288K, 49% used [0x00000006fb400000,0x00000006fc5913c0,0x00000006fd770000)
}
Event: 12.211 GC heap before
{Heap before GC invocations=12 (full 2):
 PSYoungGen      total 738112K, used 738083K [0x00000007aacb0000, 0x00000007e1020000, 0x0000000800000000)
  eden space 696512K, 99% used [0x00000007aacb0000,0x00000007d54df638,0x00000007d54e0000)
  from space 41600K, 99% used [0x00000007de780000,0x00000007e10197a0,0x00000007e1020000)
  to   space 49856K, 0% used [0x00000007daec0000,0x00000007daec0000,0x00000007ddf70000)
 ParOldGen       total 338176K, used 337943K [0x0000000700600000, 0x0000000715040000, 0x00000007aacb0000)
  object space 338176K, 99% used [0x0000000700600000,0x0000000715005fd8,0x0000000715040000)
 PSPermGen       total 36288K, used 18002K [0x00000006fb400000, 0x00000006fd770000, 0x0000000700600000)
  object space 36288K, 49% used [0x00000006fb400000,0x00000006fc594af0,0x00000006fd770000)
Event: 12.251 GC heap after
Heap after GC invocations=12 (full 2):
 PSYoungGen      total 738112K, used 0K [0x00000007aacb0000, 0x00000007e1020000, 0x0000000800000000)
  eden space 696512K, 0% used [0x00000007aacb0000,0x00000007aacb0000,0x00000007d54e0000)
  from space 41600K, 0% used [0x00000007de780000,0x00000007de780000,0x00000007e1020000)
  to   space 49856K, 0% used [0x00000007daec0000,0x00000007daec0000,0x00000007ddf70000)
 ParOldGen       total 215616K, used 66809K [0x0000000700600000, 0x000000070d890000, 0x00000007aacb0000)
  object space 215616K, 30% used [0x0000000700600000,0x000000070473e630,0x000000070d890000)
 PSPermGen       total 40512K, used 18002K [0x00000006fb400000, 0x00000006fdb90000, 0x0000000700600000)
  object space 40512K, 44% used [0x00000006fb400000,0x00000006fc594ab0,0x00000006fdb90000)
}
Event: 13.725 GC heap before
{Heap before GC invocations=13 (full 3):
 PSYoungGen      total 738112K, used 696512K [0x00000007aacb0000, 0x00000007e1020000, 0x0000000800000000)
  eden space 696512K, 100% used [0x00000007aacb0000,0x00000007d54e0000,0x00000007d54e0000)
  from space 41600K, 0% used [0x00000007de780000,0x00000007de780000,0x00000007e1020000)
  to   space 49856K, 0% used [0x00000007daec0000,0x00000007daec0000,0x00000007ddf70000)
 ParOldGen       total 215616K, used 190911K [0x0000000700600000, 0x000000070d890000, 0x00000007aacb0000)
  object space 215616K, 88% used [0x0000000700600000,0x000000070c06ffc0,0x000000070d890000)
 PSPermGen       total 40512K, used 18010K [0x00000006fb400000, 0x00000006fdb90000, 0x0000000700600000)
  object space 40512K, 44% used [0x00000006fb400000,0x00000006fc596908,0x00000006fdb90000)
Event: 13.757 GC heap after
Heap after GC invocations=13 (full 3):
 PSYoungGen      total 738112K, used 0K [0x00000007aacb0000, 0x00000007e1020000, 0x0000000800000000)
  eden space 696512K, 0% used [0x00000007aacb0000,0x00000007aacb0000,0x00000007d54e0000)
  from space 41600K, 0% used [0x00000007de780000,0x00000007de780000,0x00000007e1020000)
  to   space 49856K, 0% used [0x00000007daec0000,0x00000007daec0000,0x00000007ddf70000)
 ParOldGen       total 230464K, used 43164K [0x0000000700600000, 0x000000070e710000, 0x00000007aacb0000)
  object space 230464K, 18% used [0x0000000700600000,0x00000007030273e8,0x000000070e710000)
 PSPermGen       total 39360K, used 18010K [0x00000006fb400000, 0x00000006fda70000, 0x0000000700600000)
  object space 39360K, 45% used [0x00000006fb400000,0x00000006fc596908,0x00000006fda70000)
}
Event: 14.944 GC heap before
{Heap before GC invocations=14 (full 3):
 PSYoungGen      total 738112K, used 695444K [0x00000007aacb0000, 0x00000007e1020000, 0x0000000800000000)
  eden space 696512K, 99% used [0x00000007aacb0000,0x00000007d53d52d8,0x00000007d54e0000)
  from space 41600K, 0% used [0x00000007de780000,0x00000007de780000,0x00000007e1020000)
  to   space 49856K, 0% used [0x00000007daec0000,0x00000007daec0000,0x00000007ddf70000)
 ParOldGen       total 230464K, used 45189K [0x0000000700600000, 0x000000070e710000, 0x00000007aacb0000)
  object space 230464K, 19% used [0x0000000700600000,0x00000007032217f8,0x000000070e710000)
 PSPermGen       total 39360K, used 18014K [0x00000006fb400000, 0x00000006fda70000, 0x0000000700600000)
  object space 39360K, 45% used [0x00000006fb400000,0x00000006fc597ba0,0x00000006fda70000)
Event: 14.951 GC heap after
Heap after GC invocations=14 (full 3):
 PSYoungGen      total 838400K, used 29382K [0x00000007aacb0000, 0x00000007e6180000, 0x0000000800000000)
  eden space 788544K, 0% used [0x00000007aacb0000,0x00000007aacb0000,0x00000007daec0000)
  from space 49856K, 58% used [0x00000007daec0000,0x00000007dcb71ad0,0x00000007ddf70000)
  to   space 50368K, 0% used [0x00000007e3050000,0x00000007e3050000,0x00000007e6180000)
 ParOldGen       total 230464K, used 45189K [0x0000000700600000, 0x000000070e710000, 0x00000007aacb0000)
  object space 230464K, 19% used [0x0000000700600000,0x00000007032217f8,0x000000070e710000)
 PSPermGen       total 39360K, used 18014K [0x00000006fb400000, 0x00000006fda70000, 0x0000000700600000)
  object space 39360K, 45% used [0x00000006fb400000,0x00000006fc597ba0,0x00000006fda70000)
}

