# JRE version: 7.0_07-b11
# Java VM: Java HotSpot(TM) 64-Bit Server VM (23.3-b01 mixed mode windows-amd64 compressed oops)
Heap
 PSYoungGen      total 811520K, used 783615K [0x00000007aacb0000, 0x00000007e5440000, 0x0000000800000000)
  eden space 754240K, 99% used [0x00000007aacb0000,0x00000007d8b8abf8,0x00000007d8d40000)
  from space 57280K, 54% used [0x00000007d8d40000,0x00000007daba53b0,0x00000007dc530000)
  to   space 56000K, 0% used [0x00000007e1d90000,0x00000007e1d90000,0x00000007e5440000)
 ParOldGen       total 457856K, used 455289K [0x0000000700600000, 0x000000071c520000, 0x00000007aacb0000)
  object space 457856K, 99% used [0x0000000700600000,0x000000071c29e5d0,0x000000071c520000)
 PSPermGen       total 37824K, used 18199K [0x00000006fb400000, 0x00000006fd8f0000, 0x0000000700600000)
  object space 37824K, 48% used [0x00000006fb400000,0x00000006fc5c5fc8,0x00000006fd8f0000)
GC Heap History (10 events):
Event: 18.615 GC heap before
{Heap before GC invocations=19 (full 3):
 PSYoungGen      total 607360K, used 553316K [0x00000007aacb0000, 0x00000007da8e0000, 0x0000000800000000)
  eden space 554624K, 99% used [0x00000007aacb0000,0x00000007cc909208,0x00000007cca50000)
  from space 52736K, 0% used [0x00000007cca50000,0x00000007cca50000,0x00000007cfdd0000)
  to   space 54144K, 0% used [0x00000007d7400000,0x00000007d7400000,0x00000007da8e0000)
 ParOldGen       total 244096K, used 45385K [0x0000000700600000, 0x000000070f460000, 0x00000007aacb0000)
  object space 244096K, 18% used [0x0000000700600000,0x00000007032524f0,0x000000070f460000)
 PSPermGen       total 39360K, used 18146K [0x00000006fb400000, 0x00000006fda70000, 0x0000000700600000)
  object space 39360K, 46% used [0x00000006fb400000,0x00000006fc5b8a00,0x00000006fda70000)
Event: 18.629 GC heap after
Heap after GC invocations=19 (full 3):
 PSYoungGen      total 720320K, used 53340K [0x00000007aacb0000, 0x00000007dc120000, 0x0000000800000000)
  eden space 666176K, 0% used [0x00000007aacb0000,0x00000007aacb0000,0x00000007d3740000)
  from space 54144K, 98% used [0x00000007d7400000,0x00000007da817080,0x00000007da8e0000)
  to   space 62208K, 0% used [0x00000007d3740000,0x00000007d3740000,0x00000007d7400000)
 ParOldGen       total 244096K, used 63610K [0x0000000700600000, 0x000000070f460000, 0x00000007aacb0000)
  object space 244096K, 26% used [0x0000000700600000,0x000000070441e920,0x000000070f460000)
 PSPermGen       total 39360K, used 18146K [0x00000006fb400000, 0x00000006fda70000, 0x0000000700600000)
  object space 39360K, 46% used [0x00000006fb400000,0x00000006fc5b8a00,0x00000006fda70000)
}
Event: 20.333 GC heap before
{Heap before GC invocations=20 (full 4):
 PSYoungGen      total 720320K, used 719470K [0x00000007aacb0000, 0x00000007dc120000, 0x0000000800000000)
  eden space 666176K, 99% used [0x00000007aacb0000,0x00000007d3734ae8,0x00000007d3740000)
  from space 54144K, 98% used [0x00000007d7400000,0x00000007da817080,0x00000007da8e0000)
  to   space 62208K, 0% used [0x00000007d3740000,0x00000007d3740000,0x00000007d7400000)
 ParOldGen       total 284352K, used 284103K [0x0000000700600000, 0x0000000711bb0000, 0x00000007aacb0000)
  object space 284352K, 99% used [0x0000000700600000,0x0000000711b71cb8,0x0000000711bb0000)
 PSPermGen       total 39360K, used 18157K [0x00000006fb400000, 0x00000006fda70000, 0x0000000700600000)
  object space 39360K, 46% used [0x00000006fb400000,0x00000006fc5bb608,0x00000006fda70000)
Event: 20.368 GC heap after
Heap after GC invocations=20 (full 4):
 PSYoungGen      total 720320K, used 0K [0x00000007aacb0000, 0x00000007dc120000, 0x0000000800000000)
  eden space 666176K, 0% used [0x00000007aacb0000,0x00000007aacb0000,0x00000007d3740000)
  from space 54144K, 0% used [0x00000007d7400000,0x00000007d7400000,0x00000007da8e0000)
  to   space 62208K, 0% used [0x00000007d3740000,0x00000007d3740000,0x00000007d7400000)
 ParOldGen       total 331264K, used 62694K [0x0000000700600000, 0x0000000714980000, 0x00000007aacb0000)
  object space 331264K, 18% used [0x0000000700600000,0x0000000704339880,0x0000000714980000)
 PSPermGen       total 37824K, used 18157K [0x00000006fb400000, 0x00000006fd8f0000, 0x0000000700600000)
  object space 37824K, 48% used [0x00000006fb400000,0x00000006fc5bb568,0x00000006fd8f0000)
}
Event: 21.836 GC heap before
{Heap before GC invocations=21 (full 4):
 PSYoungGen      total 720320K, used 666176K [0x00000007aacb0000, 0x00000007dc120000, 0x0000000800000000)
  eden space 666176K, 100% used [0x00000007aacb0000,0x00000007d3740000,0x00000007d3740000)
  from space 54144K, 0% used [0x00000007d7400000,0x00000007d7400000,0x00000007da8e0000)
  to   space 62208K, 0% used [0x00000007d3740000,0x00000007d3740000,0x00000007d7400000)
 ParOldGen       total 331264K, used 129208K [0x0000000700600000, 0x0000000714980000, 0x00000007aacb0000)
  object space 331264K, 39% used [0x0000000700600000,0x000000070842e0b8,0x0000000714980000)
 PSPermGen       total 37824K, used 18162K [0x00000006fb400000, 0x00000006fd8f0000, 0x0000000700600000)
  object space 37824K, 48% used [0x00000006fb400000,0x00000006fc5bca58,0x00000006fd8f0000)
Event: 21.842 GC heap after
Heap after GC invocations=21 (full 4):
 PSYoungGen      total 728384K, used 21891K [0x00000007aacb0000, 0x00000007e0230000, 0x0000000800000000)
  eden space 666176K, 0% used [0x00000007aacb0000,0x00000007aacb0000,0x00000007d3740000)
  from space 62208K, 35% used [0x00000007d3740000,0x00000007d4ca0d60,0x00000007d7400000)
  to   space 59328K, 0% used [0x00000007dc840000,0x00000007dc840000,0x00000007e0230000)
 ParOldGen       total 331264K, used 129208K [0x0000000700600000, 0x0000000714980000, 0x00000007aacb0000)
  object space 331264K, 39% used [0x0000000700600000,0x000000070842e0b8,0x0000000714980000)
 PSPermGen       total 37824K, used 18162K [0x00000006fb400000, 0x00000006fd8f0000, 0x0000000700600000)
  object space 37824K, 48% used [0x00000006fb400000,0x00000006fc5bca58,0x00000006fd8f0000)
}
Event: 23.165 GC heap before
{Heap before GC invocations=22 (full 4):
 PSYoungGen      total 728384K, used 688067K [0x00000007aacb0000, 0x00000007e0230000, 0x0000000800000000)
  eden space 666176K, 100% used [0x00000007aacb0000,0x00000007d3740000,0x00000007d3740000)
  from space 62208K, 35% used [0x00000007d3740000,0x00000007d4ca0d60,0x00000007d7400000)
  to   space 59328K, 0% used [0x00000007dc840000,0x00000007dc840000,0x00000007e0230000)
 ParOldGen       total 331264K, used 151542K [0x0000000700600000, 0x0000000714980000, 0x00000007aacb0000)
  object space 331264K, 45% used [0x0000000700600000,0x00000007099fd840,0x0000000714980000)
 PSPermGen       total 37824K, used 18170K [0x00000006fb400000, 0x00000006fd8f0000, 0x0000000700600000)
  object space 37824K, 48% used [0x00000006fb400000,0x00000006fc5bebd0,0x00000006fd8f0000)
Event: 23.173 GC heap after
Heap after GC invocations=22 (full 4):
 PSYoungGen      total 808384K, used 29346K [0x00000007aacb0000, 0x00000007dfd20000, 0x0000000800000000)
  eden space 754240K, 0% used [0x00000007aacb0000,0x00000007aacb0000,0x00000007d8d40000)
  from space 54144K, 54% used [0x00000007dc840000,0x00000007de4e89e0,0x00000007dfd20000)
  to   space 57280K, 0% used [0x00000007d8d40000,0x00000007d8d40000,0x00000007dc530000)
 ParOldGen       total 331264K, used 151542K [0x0000000700600000, 0x0000000714980000, 0x00000007aacb0000)
  object space 331264K, 45% used [0x0000000700600000,0x00000007099fd840,0x0000000714980000)
 PSPermGen       total 37824K, used 18170K [0x00000006fb400000, 0x00000006fd8f0000, 0x0000000700600000)
  object space 37824K, 48% used [0x00000006fb400000,0x00000006fc5bebd0,0x00000006fd8f0000)
}
Event: 24.816 GC heap before
{Heap before GC invocations=23 (full 4):
 PSYoungGen      total 808384K, used 783586K [0x00000007aacb0000, 0x00000007dfd20000, 0x0000000800000000)
  eden space 754240K, 100% used [0x00000007aacb0000,0x00000007d8d40000,0x00000007d8d40000)
  from space 54144K, 54% used [0x00000007dc840000,0x00000007de4e89e0,0x00000007dfd20000)
  to   space 57280K, 0% used [0x00000007d8d40000,0x00000007d8d40000,0x00000007dc530000)
 ParOldGen       total 331264K, used 238360K [0x0000000700600000, 0x0000000714980000, 0x00000007aacb0000)
  object space 331264K, 71% used [0x0000000700600000,0x000000070eec6270,0x0000000714980000)
 PSPermGen       total 37824K, used 18179K [0x00000006fb400000, 0x00000006fd8f0000, 0x0000000700600000)
  object space 37824K, 48% used [0x00000006fb400000,0x00000006fc5c0f60,0x00000006fd8f0000)
Event: 24.822 GC heap after
Heap after GC invocations=23 (full 4):
 PSYoungGen      total 811520K, used 31124K [0x00000007aacb0000, 0x00000007e5440000, 0x0000000800000000)
  eden space 754240K, 0% used [0x00000007aacb0000,0x00000007aacb0000,0x00000007d8d40000)
  from space 57280K, 54% used [0x00000007d8d40000,0x00000007daba53b0,0x00000007dc530000)
  to   space 56000K, 0% used [0x00000007e1d90000,0x00000007e1d90000,0x00000007e5440000)
 ParOldGen       total 331264K, used 238360K [0x0000000700600000, 0x0000000714980000, 0x00000007aacb0000)
  object space 331264K, 71% used [0x0000000700600000,0x000000070eec6270,0x0000000714980000)
 PSPermGen       total 37824K, used 18179K [0x00000006fb400000, 0x00000006fd8f0000, 0x0000000700600000)
  object space 37824K, 48% used [0x00000006fb400000,0x00000006fc5c0f60,0x00000006fd8f0000)
}

