# JRE version: 7.0_07-b11
# Java VM: Java HotSpot(TM) 64-Bit Server VM (23.3-b01 mixed mode windows-amd64 compressed oops)
Heap
 PSYoungGen      total 58304K, used 23015K [0x00000007aacb0000, 0x00000007b0370000, 0x0000000800000000)
  eden space 35520K, 1% used [0x00000007aacb0000,0x00000007aad09690,0x00000007acf60000)
  from space 22784K, 99% used [0x00000007ae860000,0x00000007afe80690,0x00000007afea0000)
  to   space 25600K, 0% used [0x00000007acf60000,0x00000007acf60000,0x00000007ae860000)
 ParOldGen       total 174528K, used 122338K [0x0000000700600000, 0x000000070b070000, 0x00000007aacb0000)
  object space 174528K, 70% used [0x0000000700600000,0x0000000707d788f0,0x000000070b070000)
 PSPermGen       total 21248K, used 18029K [0x00000006fb400000, 0x00000006fc8c0000, 0x0000000700600000)
  object space 21248K, 84% used [0x00000006fb400000,0x00000006fc59b560,0x00000006fc8c0000)
GC Heap History (10 events):
Event: 20.049 GC heap before
{Heap before GC invocations=23 (full 0):
 PSYoungGen      total 67136K, used 48435K [0x00000007aacb0000, 0x00000007b09c0000, 0x0000000800000000)
  eden space 42048K, 90% used [0x00000007aacb0000,0x00000007ad1ca0e0,0x00000007ad5c0000)
  from space 25088K, 41% used [0x00000007af140000,0x00000007afb72e70,0x00000007b09c0000)
  to   space 26624K, 0% used [0x00000007ad5c0000,0x00000007ad5c0000,0x00000007aefc0000)
 ParOldGen       total 174528K, used 116183K [0x0000000700600000, 0x000000070b070000, 0x00000007aacb0000)
  object space 174528K, 66% used [0x0000000700600000,0x0000000707775ce0,0x000000070b070000)
 PSPermGen       total 21248K, used 17993K [0x00000006fb400000, 0x00000006fc8c0000, 0x0000000700600000)
  object space 21248K, 84% used [0x00000006fb400000,0x00000006fc592508,0x00000006fc8c0000)
Event: 20.051 GC heap after
Heap after GC invocations=23 (full 0):
 PSYoungGen      total 51776K, used 10443K [0x00000007aacb0000, 0x00000007b0780000, 0x0000000800000000)
  eden space 41280K, 0% used [0x00000007aacb0000,0x00000007aacb0000,0x00000007ad500000)
  from space 10496K, 99% used [0x00000007ad5c0000,0x00000007adff2e70,0x00000007ae000000)
  to   space 25856K, 0% used [0x00000007aee40000,0x00000007aee40000,0x00000007b0780000)
 ParOldGen       total 174528K, used 116191K [0x0000000700600000, 0x000000070b070000, 0x00000007aacb0000)
  object space 174528K, 66% used [0x0000000700600000,0x0000000707777ce0,0x000000070b070000)
 PSPermGen       total 21248K, used 17993K [0x00000006fb400000, 0x00000006fc8c0000, 0x0000000700600000)
  object space 21248K, 84% used [0x00000006fb400000,0x00000006fc592508,0x00000006fc8c0000)
}
Event: 20.571 GC heap before
{Heap before GC invocations=24 (full 0):
 PSYoungGen      total 51776K, used 48435K [0x00000007aacb0000, 0x00000007b0780000, 0x0000000800000000)
  eden space 41280K, 92% used [0x00000007aacb0000,0x00000007ad1ca0e0,0x00000007ad500000)
  from space 10496K, 99% used [0x00000007ad5c0000,0x00000007adff2e70,0x00000007ae000000)
  to   space 25856K, 0% used [0x00000007aee40000,0x00000007aee40000,0x00000007b0780000)
 ParOldGen       total 174528K, used 116191K [0x0000000700600000, 0x000000070b070000, 0x00000007aacb0000)
  object space 174528K, 66% used [0x0000000700600000,0x0000000707777ce0,0x000000070b070000)
 PSPermGen       total 21248K, used 17993K [0x00000006fb400000, 0x00000006fc8c0000, 0x0000000700600000)
  object space 21248K, 84% used [0x00000006fb400000,0x00000006fc5926a8,0x00000006fc8c0000)
Event: 20.573 GC heap after
Heap after GC invocations=24 (full 0):
 PSYoungGen      total 64064K, used 10443K [0x00000007aacb0000, 0x00000007b0540000, 0x0000000800000000)
  eden space 40512K, 0% used [0x00000007aacb0000,0x00000007aacb0000,0x00000007ad440000)
  from space 23552K, 44% used [0x00000007aee40000,0x00000007af872e70,0x00000007b0540000)
  to   space 25088K, 0% used [0x00000007ad440000,0x00000007ad440000,0x00000007aecc0000)
 ParOldGen       total 174528K, used 116199K [0x0000000700600000, 0x000000070b070000, 0x00000007aacb0000)
  object space 174528K, 66% used [0x0000000700600000,0x0000000707779ce0,0x000000070b070000)
 PSPermGen       total 21248K, used 17993K [0x00000006fb400000, 0x00000006fc8c0000, 0x0000000700600000)
  object space 21248K, 84% used [0x00000006fb400000,0x00000006fc5926a8,0x00000006fc8c0000)
}
Event: 21.091 GC heap before
{Heap before GC invocations=25 (full 0):
 PSYoungGen      total 64064K, used 48435K [0x00000007aacb0000, 0x00000007b0540000, 0x0000000800000000)
  eden space 40512K, 93% used [0x00000007aacb0000,0x00000007ad1ca0e0,0x00000007ad440000)
  from space 23552K, 44% used [0x00000007aee40000,0x00000007af872e70,0x00000007b0540000)
  to   space 25088K, 0% used [0x00000007ad440000,0x00000007ad440000,0x00000007aecc0000)
 ParOldGen       total 174528K, used 116199K [0x0000000700600000, 0x000000070b070000, 0x00000007aacb0000)
  object space 174528K, 66% used [0x0000000700600000,0x0000000707779ce0,0x000000070b070000)
 PSPermGen       total 21248K, used 17993K [0x00000006fb400000, 0x00000006fc8c0000, 0x0000000700600000)
  object space 21248K, 84% used [0x00000006fb400000,0x00000006fc592788,0x00000006fc8c0000)
Event: 21.093 GC heap after
Heap after GC invocations=25 (full 0):
 PSYoungGen      total 50176K, used 10411K [0x00000007aacb0000, 0x00000007b0300000, 0x0000000800000000)
  eden space 39744K, 0% used [0x00000007aacb0000,0x00000007aacb0000,0x00000007ad380000)
  from space 10432K, 99% used [0x00000007ad440000,0x00000007ade6ae70,0x00000007ade70000)
  to   space 24320K, 0% used [0x00000007aeb40000,0x00000007aeb40000,0x00000007b0300000)
 ParOldGen       total 174528K, used 116207K [0x0000000700600000, 0x000000070b070000, 0x00000007aacb0000)
  object space 174528K, 66% used [0x0000000700600000,0x000000070777bce0,0x000000070b070000)
 PSPermGen       total 21248K, used 17993K [0x00000006fb400000, 0x00000006fc8c0000, 0x0000000700600000)
  object space 21248K, 84% used [0x00000006fb400000,0x00000006fc592788,0x00000006fc8c0000)
}
Event: 21.614 GC heap before
{Heap before GC invocations=26 (full 0):
 PSYoungGen      total 50176K, used 48544K [0x00000007aacb0000, 0x00000007b0300000, 0x0000000800000000)
  eden space 39744K, 95% used [0x00000007aacb0000,0x00000007ad1ed4a8,0x00000007ad380000)
  from space 10432K, 99% used [0x00000007ad440000,0x00000007ade6ae70,0x00000007ade70000)
  to   space 24320K, 0% used [0x00000007aeb40000,0x00000007aeb40000,0x00000007b0300000)
 ParOldGen       total 174528K, used 116207K [0x0000000700600000, 0x000000070b070000, 0x00000007aacb0000)
  object space 174528K, 66% used [0x0000000700600000,0x000000070777bce0,0x000000070b070000)
 PSPermGen       total 21248K, used 17997K [0x00000006fb400000, 0x00000006fc8c0000, 0x0000000700600000)
  object space 21248K, 84% used [0x00000006fb400000,0x00000006fc5937d8,0x00000006fc8c0000)
Event: 21.616 GC heap after
Heap after GC invocations=26 (full 0):
 PSYoungGen      total 61120K, used 10443K [0x00000007aacb0000, 0x00000007b00d0000, 0x0000000800000000)
  eden space 39040K, 0% used [0x00000007aacb0000,0x00000007aacb0000,0x00000007ad2d0000)
  from space 22080K, 47% used [0x00000007aeb40000,0x00000007af572e70,0x00000007b00d0000)
  to   space 23552K, 0% used [0x00000007ad2d0000,0x00000007ad2d0000,0x00000007ae9d0000)
 ParOldGen       total 174528K, used 116215K [0x0000000700600000, 0x000000070b070000, 0x00000007aacb0000)
  object space 174528K, 66% used [0x0000000700600000,0x000000070777dce0,0x000000070b070000)
 PSPermGen       total 21248K, used 17997K [0x00000006fb400000, 0x00000006fc8c0000, 0x0000000700600000)
  object space 21248K, 84% used [0x00000006fb400000,0x00000006fc5937d8,0x00000006fc8c0000)
}
Event: 22.139 GC heap before
{Heap before GC invocations=27 (full 0):
 PSYoungGen      total 61120K, used 48435K [0x00000007aacb0000, 0x00000007b00d0000, 0x0000000800000000)
  eden space 39040K, 97% used [0x00000007aacb0000,0x00000007ad1ca0e0,0x00000007ad2d0000)
  from space 22080K, 47% used [0x00000007aeb40000,0x00000007af572e70,0x00000007b00d0000)
  to   space 23552K, 0% used [0x00000007ad2d0000,0x00000007ad2d0000,0x00000007ae9d0000)
 ParOldGen       total 174528K, used 116215K [0x0000000700600000, 0x000000070b070000, 0x00000007aacb0000)
  object space 174528K, 66% used [0x0000000700600000,0x000000070777dce0,0x000000070b070000)
 PSPermGen       total 21248K, used 17997K [0x00000006fb400000, 0x00000006fc8c0000, 0x0000000700600000)
  object space 21248K, 84% used [0x00000006fb400000,0x00000006fc5937d8,0x00000006fc8c0000)
Event: 22.141 GC heap after
Heap after GC invocations=27 (full 0):
 PSYoungGen      total 48832K, used 10443K [0x00000007aacb0000, 0x00000007afea0000, 0x0000000800000000)
  eden space 38336K, 0% used [0x00000007aacb0000,0x00000007aacb0000,0x00000007ad220000)
  from space 10496K, 99% used [0x00000007ad2d0000,0x00000007add02e70,0x00000007add10000)
  to   space 22784K, 0% used [0x00000007ae860000,0x00000007ae860000,0x00000007afea0000)
 ParOldGen       total 174528K, used 116255K [0x0000000700600000, 0x000000070b070000, 0x00000007aacb0000)
  object space 174528K, 66% used [0x0000000700600000,0x0000000707787ce0,0x000000070b070000)
 PSPermGen       total 21248K, used 17997K [0x00000006fb400000, 0x00000006fc8c0000, 0x0000000700600000)
  object space 21248K, 84% used [0x00000006fb400000,0x00000006fc5937d8,0x00000006fc8c0000)
}

