# JRE version: 7.0_07-b11
# Java VM: Java HotSpot(TM) 64-Bit Server VM (23.3-b01 mixed mode windows-amd64 compressed oops)
Heap
 PSYoungGen      total 494336K, used 275035K [0x00000007aacb0000, 0x00000007d0890000, 0x0000000800000000)
  eden space 440704K, 62% used [0x00000007aacb0000,0x00000007bb946cd0,0x00000007c5b10000)
  from space 53632K, 0% used [0x00000007cd430000,0x00000007cd430000,0x00000007d0890000)
  to   space 64704K, 0% used [0x00000007c8a30000,0x00000007c8a30000,0x00000007cc960000)
 ParOldGen       total 211136K, used 38793K [0x0000000700600000, 0x000000070d430000, 0x00000007aacb0000)
  object space 211136K, 18% used [0x0000000700600000,0x0000000702be26c8,0x000000070d430000)
 PSPermGen       total 39296K, used 17986K [0x00000006fb400000, 0x00000006fda60000, 0x0000000700600000)
  object space 39296K, 45% used [0x00000006fb400000,0x00000006fc5909a8,0x00000006fda60000)
GC Heap History (10 events):
Event: 6.972 GC heap before
{Heap before GC invocations=7 (full 0):
 PSYoungGen      total 293184K, used 282906K [0x00000007aacb0000, 0x00000007c0450000, 0x0000000800000000)
  eden space 255040K, 97% used [0x00000007aacb0000,0x00000007ba042218,0x00000007ba5c0000)
  from space 38144K, 87% used [0x00000007bd1b0000,0x00000007bf264750,0x00000007bf6f0000)
  to   space 44992K, 0% used [0x00000007ba5c0000,0x00000007ba5c0000,0x00000007bd1b0000)
 ParOldGen       total 174528K, used 65759K [0x0000000700600000, 0x000000070b070000, 0x00000007aacb0000)
  object space 174528K, 37% used [0x0000000700600000,0x0000000704637de0,0x000000070b070000)
 PSPermGen       total 21248K, used 17949K [0x00000006fb400000, 0x00000006fc8c0000, 0x0000000700600000)
  object space 21248K, 84% used [0x00000006fb400000,0x00000006fc587448,0x00000006fc8c0000)
Event: 6.986 GC heap after
Heap after GC invocations=7 (full 0):
 PSYoungGen      total 300032K, used 44564K [0x00000007aacb0000, 0x00000007d0990000, 0x0000000800000000)
  eden space 255040K, 0% used [0x00000007aacb0000,0x00000007aacb0000,0x00000007ba5c0000)
  from space 44992K, 99% used [0x00000007ba5c0000,0x00000007bd1452a0,0x00000007bd1b0000)
  to   space 54656K, 0% used [0x00000007cd430000,0x00000007cd430000,0x00000007d0990000)
 ParOldGen       total 174528K, used 70494K [0x0000000700600000, 0x000000070b070000, 0x00000007aacb0000)
  object space 174528K, 40% used [0x0000000700600000,0x0000000704ad79a0,0x000000070b070000)
 PSPermGen       total 21248K, used 17949K [0x00000006fb400000, 0x00000006fc8c0000, 0x0000000700600000)
  object space 21248K, 84% used [0x00000006fb400000,0x00000006fc587448,0x00000006fc8c0000)
}
Event: 7.862 GC heap before
{Heap before GC invocations=8 (full 1):
 PSYoungGen      total 300032K, used 299604K [0x00000007aacb0000, 0x00000007d0990000, 0x0000000800000000)
  eden space 255040K, 100% used [0x00000007aacb0000,0x00000007ba5c0000,0x00000007ba5c0000)
  from space 44992K, 99% used [0x00000007ba5c0000,0x00000007bd1452a0,0x00000007bd1b0000)
  to   space 54656K, 0% used [0x00000007cd430000,0x00000007cd430000,0x00000007d0990000)
 ParOldGen       total 252608K, used 250705K [0x0000000700600000, 0x000000070fcb0000, 0x00000007aacb0000)
  object space 252608K, 99% used [0x0000000700600000,0x000000070fad4518,0x000000070fcb0000)
 PSPermGen       total 21248K, used 17974K [0x00000006fb400000, 0x00000006fc8c0000, 0x0000000700600000)
  object space 21248K, 84% used [0x00000006fb400000,0x00000006fc58d818,0x00000006fc8c0000)
Event: 7.927 GC heap after
Heap after GC invocations=8 (full 1):
 PSYoungGen      total 300032K, used 0K [0x00000007aacb0000, 0x00000007d0990000, 0x0000000800000000)
  eden space 255040K, 0% used [0x00000007aacb0000,0x00000007aacb0000,0x00000007ba5c0000)
  from space 44992K, 0% used [0x00000007ba5c0000,0x00000007ba5c0000,0x00000007bd1b0000)
  to   space 54656K, 0% used [0x00000007cd430000,0x00000007cd430000,0x00000007d0990000)
 ParOldGen       total 147072K, used 35202K [0x0000000700600000, 0x00000007095a0000, 0x00000007aacb0000)
  object space 147072K, 23% used [0x0000000700600000,0x0000000702860928,0x00000007095a0000)
 PSPermGen       total 36224K, used 17967K [0x00000006fb400000, 0x00000006fd760000, 0x0000000700600000)
  object space 36224K, 49% used [0x00000006fb400000,0x00000006fc58bdc0,0x00000006fd760000)
}
Event: 8.403 GC heap before
{Heap before GC invocations=9 (full 1):
 PSYoungGen      total 300032K, used 252651K [0x00000007aacb0000, 0x00000007d0990000, 0x0000000800000000)
  eden space 255040K, 99% used [0x00000007aacb0000,0x00000007ba36ad88,0x00000007ba5c0000)
  from space 44992K, 0% used [0x00000007ba5c0000,0x00000007ba5c0000,0x00000007bd1b0000)
  to   space 54656K, 0% used [0x00000007cd430000,0x00000007cd430000,0x00000007d0990000)
 ParOldGen       total 147072K, used 41277K [0x0000000700600000, 0x00000007095a0000, 0x00000007aacb0000)
  object space 147072K, 28% used [0x0000000700600000,0x0000000702e4f538,0x00000007095a0000)
 PSPermGen       total 36224K, used 17968K [0x00000006fb400000, 0x00000006fd760000, 0x0000000700600000)
  object space 36224K, 49% used [0x00000006fb400000,0x00000006fc58c250,0x00000006fd760000)
Event: 8.416 GC heap after
Heap after GC invocations=9 (full 1):
 PSYoungGen      total 494336K, used 53571K [0x00000007aacb0000, 0x00000007d0890000, 0x0000000800000000)
  eden space 440704K, 0% used [0x00000007aacb0000,0x00000007aacb0000,0x00000007c5b10000)
  from space 53632K, 99% used [0x00000007cd430000,0x00000007d0880c10,0x00000007d0890000)
  to   space 64704K, 0% used [0x00000007c8a30000,0x00000007c8a30000,0x00000007cc960000)
 ParOldGen       total 147072K, used 47352K [0x0000000700600000, 0x00000007095a0000, 0x00000007aacb0000)
  object space 147072K, 32% used [0x0000000700600000,0x000000070343e148,0x00000007095a0000)
 PSPermGen       total 36224K, used 17968K [0x00000006fb400000, 0x00000006fd760000, 0x0000000700600000)
  object space 36224K, 49% used [0x00000006fb400000,0x00000006fc58c250,0x00000006fd760000)
}
Event: 9.670 GC heap before
{Heap before GC invocations=10 (full 2):
 PSYoungGen      total 494336K, used 494275K [0x00000007aacb0000, 0x00000007d0890000, 0x0000000800000000)
  eden space 440704K, 100% used [0x00000007aacb0000,0x00000007c5b10000,0x00000007c5b10000)
  from space 53632K, 99% used [0x00000007cd430000,0x00000007d0880c10,0x00000007d0890000)
  to   space 64704K, 0% used [0x00000007c8a30000,0x00000007c8a30000,0x00000007cc960000)
 ParOldGen       total 315904K, used 315834K [0x0000000700600000, 0x0000000713a80000, 0x00000007aacb0000)
  object space 315904K, 99% used [0x0000000700600000,0x0000000713a6ea58,0x0000000713a80000)
 PSPermGen       total 36224K, used 17971K [0x00000006fb400000, 0x00000006fd760000, 0x0000000700600000)
  object space 36224K, 49% used [0x00000006fb400000,0x00000006fc58cfc8,0x00000006fd760000)
Event: 9.708 GC heap after
Heap after GC invocations=10 (full 2):
 PSYoungGen      total 494336K, used 0K [0x00000007aacb0000, 0x00000007d0890000, 0x0000000800000000)
  eden space 440704K, 0% used [0x00000007aacb0000,0x00000007aacb0000,0x00000007c5b10000)
  from space 53632K, 0% used [0x00000007cd430000,0x00000007cd430000,0x00000007d0890000)
  to   space 64704K, 0% used [0x00000007c8a30000,0x00000007c8a30000,0x00000007cc960000)
 ParOldGen       total 175488K, used 35379K [0x0000000700600000, 0x000000070b160000, 0x00000007aacb0000)
  object space 175488K, 20% used [0x0000000700600000,0x000000070288cfc0,0x000000070b160000)
 PSPermGen       total 40448K, used 17971K [0x00000006fb400000, 0x00000006fdb80000, 0x0000000700600000)
  object space 40448K, 44% used [0x00000006fb400000,0x00000006fc58cfc8,0x00000006fdb80000)
}
Event: 11.026 GC heap before
{Heap before GC invocations=11 (full 3):
 PSYoungGen      total 494336K, used 440626K [0x00000007aacb0000, 0x00000007d0890000, 0x0000000800000000)
  eden space 440704K, 99% used [0x00000007aacb0000,0x00000007c5afcb80,0x00000007c5b10000)
  from space 53632K, 0% used [0x00000007cd430000,0x00000007cd430000,0x00000007d0890000)
  to   space 64704K, 0% used [0x00000007c8a30000,0x00000007c8a30000,0x00000007cc960000)
 ParOldGen       total 337280K, used 337063K [0x0000000700600000, 0x0000000714f60000, 0x00000007aacb0000)
  object space 337280K, 99% used [0x0000000700600000,0x0000000714f29f00,0x0000000714f60000)
 PSPermGen       total 40448K, used 17975K [0x00000006fb400000, 0x00000006fdb80000, 0x0000000700600000)
  object space 40448K, 44% used [0x00000006fb400000,0x00000006fc58dd50,0x00000006fdb80000)
Event: 11.080 GC heap after
Heap after GC invocations=11 (full 3):
 PSYoungGen      total 494336K, used 0K [0x00000007aacb0000, 0x00000007d0890000, 0x0000000800000000)
  eden space 440704K, 0% used [0x00000007aacb0000,0x00000007aacb0000,0x00000007c5b10000)
  from space 53632K, 0% used [0x00000007cd430000,0x00000007cd430000,0x00000007d0890000)
  to   space 64704K, 0% used [0x00000007c8a30000,0x00000007c8a30000,0x00000007cc960000)
 ParOldGen       total 211136K, used 38793K [0x0000000700600000, 0x000000070d430000, 0x00000007aacb0000)
  object space 211136K, 18% used [0x0000000700600000,0x0000000702be26c8,0x000000070d430000)
 PSPermGen       total 39296K, used 17975K [0x00000006fb400000, 0x00000006fda60000, 0x0000000700600000)
  object space 39296K, 45% used [0x00000006fb400000,0x00000006fc58dd50,0x00000006fda60000)
}

