# JRE version: 7.0_07-b11
# Java VM: Java HotSpot(TM) 64-Bit Server VM (23.3-b01 mixed mode windows-amd64 compressed oops)
Heap
 PSYoungGen      total 273664K, used 270516K [0x00000007aacb0000, 0x00000007bf320000, 0x0000000800000000)
  eden space 236992K, 98% used [0x00000007aacb0000,0x00000007b9114940,0x00000007b9420000)
  from space 36672K, 99% used [0x00000007ba160000,0x00000007bc528860,0x00000007bc530000)
  to   space 47040K, 0% used [0x00000007bc530000,0x00000007bc530000,0x00000007bf320000)
 ParOldGen       total 201024K, used 197433K [0x0000000700600000, 0x000000070ca50000, 0x00000007aacb0000)
  object space 201024K, 98% used [0x0000000700600000,0x000000070c6ce570,0x000000070ca50000)
 PSPermGen       total 28928K, used 17862K [0x00000006fb400000, 0x00000006fd040000, 0x0000000700600000)
  object space 28928K, 61% used [0x00000006fb400000,0x00000006fc571938,0x00000006fd040000)
GC Heap History (10 events):
Event: 55.719 GC heap before
{Heap before GC invocations=34 (full 8):
 PSYoungGen      total 283904K, used 280747K [0x00000007aacb0000, 0x00000007c0f30000, 0x0000000800000000)
  eden space 265408K, 98% used [0x00000007aacb0000,0x00000007baccea58,0x00000007bafe0000)
  from space 18496K, 99% used [0x00000007bfd20000,0x00000007c0f2c430,0x00000007c0f30000)
  to   space 43392K, 0% used [0x00000007bba70000,0x00000007bba70000,0x00000007be4d0000)
 ParOldGen       total 433280K, used 428255K [0x0000000700600000, 0x000000071ad20000, 0x00000007aacb0000)
  object space 433280K, 98% used [0x0000000700600000,0x000000071a837c70,0x000000071ad20000)
 PSPermGen       total 32128K, used 17811K [0x00000006fb400000, 0x00000006fd360000, 0x0000000700600000)
  object space 32128K, 55% used [0x00000006fb400000,0x00000006fc564e58,0x00000006fd360000)
Event: 55.763 GC heap after
Heap after GC invocations=34 (full 8):
 PSYoungGen      total 283904K, used 0K [0x00000007aacb0000, 0x00000007c0f30000, 0x0000000800000000)
  eden space 265408K, 0% used [0x00000007aacb0000,0x00000007aacb0000,0x00000007bafe0000)
  from space 18496K, 0% used [0x00000007bfd20000,0x00000007bfd20000,0x00000007c0f30000)
  to   space 43392K, 0% used [0x00000007bba70000,0x00000007bba70000,0x00000007be4d0000)
 ParOldGen       total 136448K, used 15184K [0x0000000700600000, 0x0000000708b40000, 0x00000007aacb0000)
  object space 136448K, 11% used [0x0000000700600000,0x00000007014d4078,0x0000000708b40000)
 PSPermGen       total 30464K, used 17811K [0x00000006fb400000, 0x00000006fd1c0000, 0x0000000700600000)
  object space 30464K, 58% used [0x00000006fb400000,0x00000006fc564db8,0x00000006fd1c0000)
}
Event: 57.353 GC heap before
{Heap before GC invocations=35 (full 8):
 PSYoungGen      total 283904K, used 264409K [0x00000007aacb0000, 0x00000007c0f30000, 0x0000000800000000)
  eden space 265408K, 99% used [0x00000007aacb0000,0x00000007baee6678,0x00000007bafe0000)
  from space 18496K, 0% used [0x00000007bfd20000,0x00000007bfd20000,0x00000007c0f30000)
  to   space 43392K, 0% used [0x00000007bba70000,0x00000007bba70000,0x00000007be4d0000)
 ParOldGen       total 136448K, used 21259K [0x0000000700600000, 0x0000000708b40000, 0x00000007aacb0000)
  object space 136448K, 15% used [0x0000000700600000,0x0000000701ac2c88,0x0000000708b40000)
 PSPermGen       total 30464K, used 17815K [0x00000006fb400000, 0x00000006fd1c0000, 0x0000000700600000)
  object space 30464K, 58% used [0x00000006fb400000,0x00000006fc565d28,0x00000006fd1c0000)
Event: 57.358 GC heap after
Heap after GC invocations=35 (full 8):
 PSYoungGen      total 292224K, used 36674K [0x00000007aacb0000, 0x00000007c00d0000, 0x0000000800000000)
  eden space 255488K, 0% used [0x00000007aacb0000,0x00000007aacb0000,0x00000007ba630000)
  from space 36736K, 99% used [0x00000007bba70000,0x00000007bde40860,0x00000007bde50000)
  to   space 35328K, 0% used [0x00000007bde50000,0x00000007bde50000,0x00000007c00d0000)
 ParOldGen       total 136448K, used 21259K [0x0000000700600000, 0x0000000708b40000, 0x00000007aacb0000)
  object space 136448K, 15% used [0x0000000700600000,0x0000000701ac2c88,0x0000000708b40000)
 PSPermGen       total 30464K, used 17815K [0x00000006fb400000, 0x00000006fd1c0000, 0x0000000700600000)
  object space 30464K, 58% used [0x00000006fb400000,0x00000006fc565d28,0x00000006fd1c0000)
}
Event: 60.848 GC heap before
{Heap before GC invocations=36 (full 9):
 PSYoungGen      total 292224K, used 287564K [0x00000007aacb0000, 0x00000007c00d0000, 0x0000000800000000)
  eden space 255488K, 98% used [0x00000007aacb0000,0x00000007ba1b2830,0x00000007ba630000)
  from space 36736K, 99% used [0x00000007bba70000,0x00000007bde40860,0x00000007bde50000)
  to   space 35328K, 0% used [0x00000007bde50000,0x00000007bde50000,0x00000007c00d0000)
 ParOldGen       total 410048K, used 403985K [0x0000000700600000, 0x0000000719670000, 0x00000007aacb0000)
  object space 410048K, 98% used [0x0000000700600000,0x0000000719084478,0x0000000719670000)
 PSPermGen       total 30464K, used 17827K [0x00000006fb400000, 0x00000006fd1c0000, 0x0000000700600000)
  object space 30464K, 58% used [0x00000006fb400000,0x00000006fc568f20,0x00000006fd1c0000)
Event: 60.892 GC heap after
Heap after GC invocations=36 (full 9):
 PSYoungGen      total 292224K, used 0K [0x00000007aacb0000, 0x00000007c00d0000, 0x0000000800000000)
  eden space 255488K, 0% used [0x00000007aacb0000,0x00000007aacb0000,0x00000007ba630000)
  from space 36736K, 0% used [0x00000007bba70000,0x00000007bba70000,0x00000007bde50000)
  to   space 35328K, 0% used [0x00000007bde50000,0x00000007bde50000,0x00000007c00d0000)
 ParOldGen       total 134144K, used 15182K [0x0000000700600000, 0x0000000708900000, 0x00000007aacb0000)
  object space 134144K, 11% used [0x0000000700600000,0x00000007014d3b90,0x0000000708900000)
 PSPermGen       total 28928K, used 17827K [0x00000006fb400000, 0x00000006fd040000, 0x0000000700600000)
  object space 28928K, 61% used [0x00000006fb400000,0x00000006fc568f20,0x00000006fd040000)
}
Event: 62.252 GC heap before
{Heap before GC invocations=37 (full 9):
 PSYoungGen      total 292224K, used 249609K [0x00000007aacb0000, 0x00000007c00d0000, 0x0000000800000000)
  eden space 255488K, 97% used [0x00000007aacb0000,0x00000007ba0724d0,0x00000007ba630000)
  from space 36736K, 0% used [0x00000007bba70000,0x00000007bba70000,0x00000007bde50000)
  to   space 35328K, 0% used [0x00000007bde50000,0x00000007bde50000,0x00000007c00d0000)
 ParOldGen       total 134144K, used 15182K [0x0000000700600000, 0x0000000708900000, 0x00000007aacb0000)
  object space 134144K, 11% used [0x0000000700600000,0x00000007014d3b90,0x0000000708900000)
 PSPermGen       total 28928K, used 17836K [0x00000006fb400000, 0x00000006fd040000, 0x0000000700600000)
  object space 28928K, 61% used [0x00000006fb400000,0x00000006fc56b268,0x00000006fd040000)
Event: 62.260 GC heap after
Heap after GC invocations=37 (full 9):
 PSYoungGen      total 276672K, used 30599K [0x00000007aacb0000, 0x00000007bfc40000, 0x0000000800000000)
  eden space 246016K, 0% used [0x00000007aacb0000,0x00000007aacb0000,0x00000007b9cf0000)
  from space 30656K, 99% used [0x00000007bde50000,0x00000007bfc31c50,0x00000007bfc40000)
  to   space 46528K, 0% used [0x00000007ba160000,0x00000007ba160000,0x00000007bced0000)
 ParOldGen       total 134144K, used 21257K [0x0000000700600000, 0x0000000708900000, 0x00000007aacb0000)
  object space 134144K, 15% used [0x0000000700600000,0x0000000701ac27a0,0x0000000708900000)
 PSPermGen       total 28928K, used 17836K [0x00000006fb400000, 0x00000006fd040000, 0x0000000700600000)
  object space 28928K, 61% used [0x00000006fb400000,0x00000006fc56b268,0x00000006fd040000)
}
Event: 63.586 GC heap before
{Heap before GC invocations=38 (full 9):
 PSYoungGen      total 276672K, used 274003K [0x00000007aacb0000, 0x00000007bfc40000, 0x0000000800000000)
  eden space 246016K, 98% used [0x00000007aacb0000,0x00000007b9a63320,0x00000007b9cf0000)
  from space 30656K, 99% used [0x00000007bde50000,0x00000007bfc31c50,0x00000007bfc40000)
  to   space 46528K, 0% used [0x00000007ba160000,0x00000007ba160000,0x00000007bced0000)
 ParOldGen       total 134144K, used 27332K [0x0000000700600000, 0x0000000708900000, 0x00000007aacb0000)
  object space 134144K, 20% used [0x0000000700600000,0x00000007020b13b0,0x0000000708900000)
 PSPermGen       total 28928K, used 17838K [0x00000006fb400000, 0x00000006fd040000, 0x0000000700600000)
  object space 28928K, 61% used [0x00000006fb400000,0x00000006fc56b9b0,0x00000006fd040000)
Event: 63.590 GC heap after
Heap after GC invocations=38 (full 9):
 PSYoungGen      total 273664K, used 36642K [0x00000007aacb0000, 0x00000007bf320000, 0x0000000800000000)
  eden space 236992K, 0% used [0x00000007aacb0000,0x00000007aacb0000,0x00000007b9420000)
  from space 36672K, 99% used [0x00000007ba160000,0x00000007bc528860,0x00000007bc530000)
  to   space 47040K, 0% used [0x00000007bc530000,0x00000007bc530000,0x00000007bf320000)
 ParOldGen       total 134144K, used 27332K [0x0000000700600000, 0x0000000708900000, 0x00000007aacb0000)
  object space 134144K, 20% used [0x0000000700600000,0x00000007020b13b0,0x0000000708900000)
 PSPermGen       total 28928K, used 17838K [0x00000006fb400000, 0x00000006fd040000, 0x0000000700600000)
  object space 28928K, 61% used [0x00000006fb400000,0x00000006fc56b9b0,0x00000006fd040000)
}

