# JRE version: 7.0_07-b11
# Java VM: Java HotSpot(TM) 64-Bit Server VM (23.3-b01 mixed mode windows-amd64 compressed oops)
Heap
 PSYoungGen      total 185536K, used 85967K [0x00000007aacb0000, 0x00000007bd5e0000, 0x0000000800000000)
  eden space 152000K, 44% used [0x00000007aacb0000,0x00000007aee97af8,0x00000007b4120000)
  from space 33536K, 55% used [0x00000007b4120000,0x00000007b532c430,0x00000007b61e0000)
  to   space 33216K, 0% used [0x00000007bb570000,0x00000007bb570000,0x00000007bd5e0000)
 ParOldGen       total 136320K, used 69759K [0x0000000700600000, 0x0000000708b20000, 0x00000007aacb0000)
  object space 136320K, 51% used [0x0000000700600000,0x0000000704a1fc98,0x0000000708b20000)
 PSPermGen       total 35648K, used 17680K [0x00000006fb400000, 0x00000006fd6d0000, 0x0000000700600000)
  object space 35648K, 49% used [0x00000006fb400000,0x00000006fc544390,0x00000006fd6d0000)
GC Heap History (10 events):
Event: 7.830 GC heap before
{Heap before GC invocations=4 (full 1):
 PSYoungGen      total 76352K, used 62055K [0x00000007aacb0000, 0x00000007b01e0000, 0x0000000800000000)
  eden space 65472K, 94% used [0x00000007aacb0000,0x00000007ae949d40,0x00000007aeca0000)
  from space 10880K, 0% used [0x00000007af740000,0x00000007af740000,0x00000007b01e0000)
  to   space 10880K, 0% used [0x00000007aeca0000,0x00000007aeca0000,0x00000007af740000)
 ParOldGen       total 136320K, used 15084K [0x0000000700600000, 0x0000000708b20000, 0x00000007aacb0000)
  object space 136320K, 11% used [0x0000000700600000,0x00000007014bb008,0x0000000708b20000)
 PSPermGen       total 35648K, used 17677K [0x00000006fb400000, 0x00000006fd6d0000, 0x0000000700600000)
  object space 35648K, 49% used [0x00000006fb400000,0x00000006fc5437e8,0x00000006fd6d0000)
Event: 7.834 GC heap after
Heap after GC invocations=4 (full 1):
 PSYoungGen      total 76352K, used 6299K [0x00000007aacb0000, 0x00000007b21d0000, 0x0000000800000000)
  eden space 65472K, 0% used [0x00000007aacb0000,0x00000007aacb0000,0x00000007aeca0000)
  from space 10880K, 57% used [0x00000007aeca0000,0x00000007af2c6c10,0x00000007af740000)
  to   space 10880K, 0% used [0x00000007b1730000,0x00000007b1730000,0x00000007b21d0000)
 ParOldGen       total 136320K, used 45459K [0x0000000700600000, 0x0000000708b20000, 0x00000007aacb0000)
  object space 136320K, 33% used [0x0000000700600000,0x0000000703264c58,0x0000000708b20000)
 PSPermGen       total 35648K, used 17677K [0x00000006fb400000, 0x00000006fd6d0000, 0x0000000700600000)
  object space 35648K, 49% used [0x00000006fb400000,0x00000006fc5437e8,0x00000006fd6d0000)
}
Event: 8.164 GC heap before
{Heap before GC invocations=5 (full 1):
 PSYoungGen      total 76352K, used 67907K [0x00000007aacb0000, 0x00000007b21d0000, 0x0000000800000000)
  eden space 65472K, 94% used [0x00000007aacb0000,0x00000007ae8da310,0x00000007aeca0000)
  from space 10880K, 57% used [0x00000007aeca0000,0x00000007af2c6c10,0x00000007af740000)
  to   space 10880K, 0% used [0x00000007b1730000,0x00000007b1730000,0x00000007b21d0000)
 ParOldGen       total 136320K, used 45459K [0x0000000700600000, 0x0000000708b20000, 0x00000007aacb0000)
  object space 136320K, 33% used [0x0000000700600000,0x0000000703264c58,0x0000000708b20000)
 PSPermGen       total 35648K, used 17677K [0x00000006fb400000, 0x00000006fd6d0000, 0x0000000700600000)
  object space 35648K, 49% used [0x00000006fb400000,0x00000006fc5437e8,0x00000006fd6d0000)
Event: 8.167 GC heap after
Heap after GC invocations=5 (full 1):
 PSYoungGen      total 109056K, used 6363K [0x00000007aacb0000, 0x00000007b2570000, 0x0000000800000000)
  eden space 98176K, 0% used [0x00000007aacb0000,0x00000007aacb0000,0x00000007b0c90000)
  from space 10880K, 58% used [0x00000007b1730000,0x00000007b1d66c10,0x00000007b21d0000)
  to   space 10880K, 0% used [0x00000007b0c90000,0x00000007b0c90000,0x00000007b1730000)
 ParOldGen       total 136320K, used 57609K [0x0000000700600000, 0x0000000708b20000, 0x00000007aacb0000)
  object space 136320K, 42% used [0x0000000700600000,0x0000000703e42478,0x0000000708b20000)
 PSPermGen       total 35648K, used 17677K [0x00000006fb400000, 0x00000006fd6d0000, 0x0000000700600000)
  object space 35648K, 49% used [0x00000006fb400000,0x00000006fc5437e8,0x00000006fd6d0000)
}
Event: 8.697 GC heap before
{Heap before GC invocations=6 (full 1):
 PSYoungGen      total 109056K, used 104409K [0x00000007aacb0000, 0x00000007b2570000, 0x0000000800000000)
  eden space 98176K, 99% used [0x00000007aacb0000,0x00000007b0c6f9f8,0x00000007b0c90000)
  from space 10880K, 58% used [0x00000007b1730000,0x00000007b1d66c10,0x00000007b21d0000)
  to   space 10880K, 0% used [0x00000007b0c90000,0x00000007b0c90000,0x00000007b1730000)
 ParOldGen       total 136320K, used 57609K [0x0000000700600000, 0x0000000708b20000, 0x00000007aacb0000)
  object space 136320K, 42% used [0x0000000700600000,0x0000000703e42478,0x0000000708b20000)
 PSPermGen       total 35648K, used 17678K [0x00000006fb400000, 0x00000006fd6d0000, 0x0000000700600000)
  object space 35648K, 49% used [0x00000006fb400000,0x00000006fc543b00,0x00000006fd6d0000)
Event: 8.700 GC heap after
Heap after GC invocations=6 (full 1):
 PSYoungGen      total 109056K, used 6331K [0x00000007aacb0000, 0x00000007b82a0000, 0x0000000800000000)
  eden space 98176K, 0% used [0x00000007aacb0000,0x00000007aacb0000,0x00000007b0c90000)
  from space 10880K, 58% used [0x00000007b0c90000,0x00000007b12bec10,0x00000007b1730000)
  to   space 33536K, 0% used [0x00000007b61e0000,0x00000007b61e0000,0x00000007b82a0000)
 ParOldGen       total 136320K, used 69759K [0x0000000700600000, 0x0000000708b20000, 0x00000007aacb0000)
  object space 136320K, 51% used [0x0000000700600000,0x0000000704a1fc98,0x0000000708b20000)
 PSPermGen       total 35648K, used 17678K [0x00000006fb400000, 0x00000006fd6d0000, 0x0000000700600000)
  object space 35648K, 49% used [0x00000006fb400000,0x00000006fc543b00,0x00000006fd6d0000)
}
Event: 9.229 GC heap before
{Heap before GC invocations=7 (full 1):
 PSYoungGen      total 109056K, used 98444K [0x00000007aacb0000, 0x00000007b82a0000, 0x0000000800000000)
  eden space 98176K, 93% used [0x00000007aacb0000,0x00000007b06a4790,0x00000007b0c90000)
  from space 10880K, 58% used [0x00000007b0c90000,0x00000007b12bec10,0x00000007b1730000)
  to   space 33536K, 0% used [0x00000007b61e0000,0x00000007b61e0000,0x00000007b82a0000)
 ParOldGen       total 136320K, used 69759K [0x0000000700600000, 0x0000000708b20000, 0x00000007aacb0000)
  object space 136320K, 51% used [0x0000000700600000,0x0000000704a1fc98,0x0000000708b20000)
 PSPermGen       total 35648K, used 17680K [0x00000006fb400000, 0x00000006fd6d0000, 0x0000000700600000)
  object space 35648K, 49% used [0x00000006fb400000,0x00000006fc5440c0,0x00000006fd6d0000)
Event: 9.234 GC heap after
Heap after GC invocations=7 (full 1):
 PSYoungGen      total 185536K, used 18481K [0x00000007aacb0000, 0x00000007b84c0000, 0x0000000800000000)
  eden space 152000K, 0% used [0x00000007aacb0000,0x00000007aacb0000,0x00000007b4120000)
  from space 33536K, 55% used [0x00000007b61e0000,0x00000007b73ec430,0x00000007b82a0000)
  to   space 33536K, 0% used [0x00000007b4120000,0x00000007b4120000,0x00000007b61e0000)
 ParOldGen       total 136320K, used 69759K [0x0000000700600000, 0x0000000708b20000, 0x00000007aacb0000)
  object space 136320K, 51% used [0x0000000700600000,0x0000000704a1fc98,0x0000000708b20000)
 PSPermGen       total 35648K, used 17680K [0x00000006fb400000, 0x00000006fd6d0000, 0x0000000700600000)
  object space 35648K, 49% used [0x00000006fb400000,0x00000006fc5440c0,0x00000006fd6d0000)
}
Event: 10.029 GC heap before
{Heap before GC invocations=8 (full 1):
 PSYoungGen      total 185536K, used 165287K [0x00000007aacb0000, 0x00000007b84c0000, 0x0000000800000000)
  eden space 152000K, 96% used [0x00000007aacb0000,0x00000007b3c0dae8,0x00000007b4120000)
  from space 33536K, 55% used [0x00000007b61e0000,0x00000007b73ec430,0x00000007b82a0000)
  to   space 33536K, 0% used [0x00000007b4120000,0x00000007b4120000,0x00000007b61e0000)
 ParOldGen       total 136320K, used 69759K [0x0000000700600000, 0x0000000708b20000, 0x00000007aacb0000)
  object space 136320K, 51% used [0x0000000700600000,0x0000000704a1fc98,0x0000000708b20000)
 PSPermGen       total 35648K, used 17680K [0x00000006fb400000, 0x00000006fd6d0000, 0x0000000700600000)
  object space 35648K, 49% used [0x00000006fb400000,0x00000006fc544390,0x00000006fd6d0000)
Event: 10.034 GC heap after
Heap after GC invocations=8 (full 1):
 PSYoungGen      total 185536K, used 18481K [0x00000007aacb0000, 0x00000007bd5e0000, 0x0000000800000000)
  eden space 152000K, 0% used [0x00000007aacb0000,0x00000007aacb0000,0x00000007b4120000)
  from space 33536K, 55% used [0x00000007b4120000,0x00000007b532c430,0x00000007b61e0000)
  to   space 33216K, 0% used [0x00000007bb570000,0x00000007bb570000,0x00000007bd5e0000)
 ParOldGen       total 136320K, used 69759K [0x0000000700600000, 0x0000000708b20000, 0x00000007aacb0000)
  object space 136320K, 51% used [0x0000000700600000,0x0000000704a1fc98,0x0000000708b20000)
 PSPermGen       total 35648K, used 17680K [0x00000006fb400000, 0x00000006fd6d0000, 0x0000000700600000)
  object space 35648K, 49% used [0x00000006fb400000,0x00000006fc544390,0x00000006fd6d0000)
}

