# JRE version: 7.0_07-b11
# Java VM: Java HotSpot(TM) 64-Bit Server VM (23.3-b01 mixed mode windows-amd64 compressed oops)
Heap
 PSYoungGen      total 1305088K, used 827080K [0x00000007aacb0000, 0x00000007ff930000, 0x0000000800000000)
  eden space 1232512K, 63% used [0x00000007aacb0000,0x00000007dabbc0a8,0x00000007f6050000)
  from space 72576K, 57% used [0x00000007fb250000,0x00000007fdaf6080,0x00000007ff930000)
  to   space 78272K, 0% used [0x00000007f6050000,0x00000007f6050000,0x00000007facc0000)
 ParOldGen       total 225216K, used 124376K [0x0000000700600000, 0x000000070e1f0000, 0x00000007aacb0000)
  object space 225216K, 55% used [0x0000000700600000,0x0000000707f76118,0x000000070e1f0000)
 PSPermGen       total 39296K, used 18097K [0x00000006fb400000, 0x00000006fda60000, 0x0000000700600000)
  object space 39296K, 46% used [0x00000006fb400000,0x00000006fc5ac798,0x00000006fda60000)
GC Heap History (10 events):
Event: 14.912 GC heap before
{Heap before GC invocations=15 (full 2):
 PSYoungGen      total 861632K, used 817167K [0x00000007aacb0000, 0x00000007e5210000, 0x0000000800000000)
  eden space 807680K, 99% used [0x00000007aacb0000,0x00000007dc068e00,0x00000007dc170000)
  from space 53952K, 19% used [0x00000007e1d60000,0x00000007e27aae70,0x00000007e5210000)
  to   space 74048K, 0% used [0x00000007dc170000,0x00000007dc170000,0x00000007e09c0000)
 ParOldGen       total 202240K, used 137341K [0x0000000700600000, 0x000000070cb80000, 0x00000007aacb0000)
  object space 202240K, 67% used [0x0000000700600000,0x0000000708c1f628,0x000000070cb80000)
 PSPermGen       total 40448K, used 18025K [0x00000006fb400000, 0x00000006fdb80000, 0x0000000700600000)
  object space 40448K, 44% used [0x00000006fb400000,0x00000006fc59a638,0x00000006fdb80000)
Event: 14.928 GC heap after
Heap after GC invocations=15 (full 2):
 PSYoungGen      total 881728K, used 69561K [0x00000007aacb0000, 0x00000007f54d0000, 0x0000000800000000)
  eden space 807680K, 0% used [0x00000007aacb0000,0x00000007aacb0000,0x00000007dc170000)
  from space 74048K, 93% used [0x00000007dc170000,0x00000007e055e438,0x00000007e09c0000)
  to   space 84992K, 0% used [0x00000007f01d0000,0x00000007f01d0000,0x00000007f54d0000)
 ParOldGen       total 202240K, used 137389K [0x0000000700600000, 0x000000070cb80000, 0x00000007aacb0000)
  object space 202240K, 67% used [0x0000000700600000,0x0000000708c2b628,0x000000070cb80000)
 PSPermGen       total 40448K, used 18025K [0x00000006fb400000, 0x00000006fdb80000, 0x0000000700600000)
  object space 40448K, 44% used [0x00000006fb400000,0x00000006fc59a638,0x00000006fdb80000)
}
Event: 16.429 GC heap before
{Heap before GC invocations=16 (full 2):
 PSYoungGen      total 881728K, used 874703K [0x00000007aacb0000, 0x00000007f54d0000, 0x0000000800000000)
  eden space 807680K, 99% used [0x00000007aacb0000,0x00000007dbef5a38,0x00000007dc170000)
  from space 74048K, 93% used [0x00000007dc170000,0x00000007e055e438,0x00000007e09c0000)
  to   space 84992K, 0% used [0x00000007f01d0000,0x00000007f01d0000,0x00000007f54d0000)
 ParOldGen       total 202240K, used 140806K [0x0000000700600000, 0x000000070cb80000, 0x00000007aacb0000)
  object space 202240K, 69% used [0x0000000700600000,0x0000000708f81af8,0x000000070cb80000)
 PSPermGen       total 40448K, used 18029K [0x00000006fb400000, 0x00000006fdb80000, 0x0000000700600000)
  object space 40448K, 44% used [0x00000006fb400000,0x00000006fc59b7a8,0x00000006fdb80000)
Event: 16.440 GC heap after
Heap after GC invocations=16 (full 2):
 PSYoungGen      total 1117568K, used 43373K [0x00000007aacb0000, 0x00000007f4af0000, 0x0000000800000000)
  eden space 1042688K, 0% used [0x00000007aacb0000,0x00000007aacb0000,0x00000007ea6f0000)
  from space 74880K, 57% used [0x00000007f01d0000,0x00000007f2c2b6e0,0x00000007f4af0000)
  to   space 83968K, 0% used [0x00000007ea6f0000,0x00000007ea6f0000,0x00000007ef8f0000)
 ParOldGen       total 202240K, used 146905K [0x0000000700600000, 0x000000070cb80000, 0x00000007aacb0000)
  object space 202240K, 72% used [0x0000000700600000,0x0000000709576708,0x000000070cb80000)
 PSPermGen       total 40448K, used 18029K [0x00000006fb400000, 0x00000006fdb80000, 0x0000000700600000)
  object space 40448K, 44% used [0x00000006fb400000,0x00000006fc59b7a8,0x00000006fdb80000)
}
Event: 18.345 GC heap before
{Heap before GC invocations=17 (full 3):
 PSYoungGen      total 1117568K, used 1086061K [0x00000007aacb0000, 0x00000007f4af0000, 0x0000000800000000)
  eden space 1042688K, 100% used [0x00000007aacb0000,0x00000007ea6f0000,0x00000007ea6f0000)
  from space 74880K, 57% used [0x00000007f01d0000,0x00000007f2c2b6e0,0x00000007f4af0000)
  to   space 83968K, 0% used [0x00000007ea6f0000,0x00000007ea6f0000,0x00000007ef8f0000)
 ParOldGen       total 202240K, used 168964K [0x0000000700600000, 0x000000070cb80000, 0x00000007aacb0000)
  object space 202240K, 83% used [0x0000000700600000,0x000000070ab01338,0x000000070cb80000)
 PSPermGen       total 40448K, used 18039K [0x00000006fb400000, 0x00000006fdb80000, 0x0000000700600000)
  object space 40448K, 44% used [0x00000006fb400000,0x00000006fc59dfc0,0x00000006fdb80000)
Event: 18.388 GC heap after
Heap after GC invocations=17 (full 3):
 PSYoungGen      total 1117568K, used 0K [0x00000007aacb0000, 0x00000007f4af0000, 0x0000000800000000)
  eden space 1042688K, 0% used [0x00000007aacb0000,0x00000007aacb0000,0x00000007ea6f0000)
  from space 74880K, 0% used [0x00000007f01d0000,0x00000007f01d0000,0x00000007f4af0000)
  to   space 83968K, 0% used [0x00000007ea6f0000,0x00000007ea6f0000,0x00000007ef8f0000)
 ParOldGen       total 225216K, used 40891K [0x0000000700600000, 0x000000070e1f0000, 0x00000007aacb0000)
  object space 225216K, 18% used [0x0000000700600000,0x0000000702deef60,0x000000070e1f0000)
 PSPermGen       total 39296K, used 18039K [0x00000006fb400000, 0x00000006fda60000, 0x0000000700600000)
  object space 39296K, 45% used [0x00000006fb400000,0x00000006fc59df80,0x00000006fda60000)
}
Event: 20.412 GC heap before
{Heap before GC invocations=18 (full 3):
 PSYoungGen      total 1117568K, used 1042688K [0x00000007aacb0000, 0x00000007f4af0000, 0x0000000800000000)
  eden space 1042688K, 100% used [0x00000007aacb0000,0x00000007ea6f0000,0x00000007ea6f0000)
  from space 74880K, 0% used [0x00000007f01d0000,0x00000007f01d0000,0x00000007f4af0000)
  to   space 83968K, 0% used [0x00000007ea6f0000,0x00000007ea6f0000,0x00000007ef8f0000)
 ParOldGen       total 225216K, used 118301K [0x0000000700600000, 0x000000070e1f0000, 0x00000007aacb0000)
  object space 225216K, 52% used [0x0000000700600000,0x0000000707987508,0x000000070e1f0000)
 PSPermGen       total 39296K, used 18059K [0x00000006fb400000, 0x00000006fda60000, 0x0000000700600000)
  object space 39296K, 45% used [0x00000006fb400000,0x00000006fc5a2ed8,0x00000006fda60000)
Event: 20.420 GC heap after
Heap after GC invocations=18 (full 3):
 PSYoungGen      total 1126656K, used 28764K [0x00000007aacb0000, 0x0000000800000000, 0x0000000800000000)
  eden space 1042688K, 0% used [0x00000007aacb0000,0x00000007aacb0000,0x00000007ea6f0000)
  from space 83968K, 34% used [0x00000007ea6f0000,0x00000007ec3072a0,0x00000007ef8f0000)
  to   space 79552K, 0% used [0x00000007fb250000,0x00000007fb250000,0x0000000800000000)
 ParOldGen       total 225216K, used 118301K [0x0000000700600000, 0x000000070e1f0000, 0x00000007aacb0000)
  object space 225216K, 52% used [0x0000000700600000,0x0000000707987508,0x000000070e1f0000)
 PSPermGen       total 39296K, used 18059K [0x00000006fb400000, 0x00000006fda60000, 0x0000000700600000)
  object space 39296K, 45% used [0x00000006fb400000,0x00000006fc5a2ed8,0x00000006fda60000)
}
Event: 22.295 GC heap before
{Heap before GC invocations=19 (full 3):
 PSYoungGen      total 1126656K, used 1070533K [0x00000007aacb0000, 0x0000000800000000, 0x0000000800000000)
  eden space 1042688K, 99% used [0x00000007aacb0000,0x00000007ea60a3a8,0x00000007ea6f0000)
  from space 83968K, 34% used [0x00000007ea6f0000,0x00000007ec3072a0,0x00000007ef8f0000)
  to   space 79552K, 0% used [0x00000007fb250000,0x00000007fb250000,0x0000000800000000)
 ParOldGen       total 225216K, used 124376K [0x0000000700600000, 0x000000070e1f0000, 0x00000007aacb0000)
  object space 225216K, 55% used [0x0000000700600000,0x0000000707f76118,0x000000070e1f0000)
 PSPermGen       total 39296K, used 18063K [0x00000006fb400000, 0x00000006fda60000, 0x0000000700600000)
  object space 39296K, 45% used [0x00000006fb400000,0x00000006fc5a3cf0,0x00000006fda60000)
Event: 22.306 GC heap after
Heap after GC invocations=19 (full 3):
 PSYoungGen      total 1305088K, used 41624K [0x00000007aacb0000, 0x00000007ff930000, 0x0000000800000000)
  eden space 1232512K, 0% used [0x00000007aacb0000,0x00000007aacb0000,0x00000007f6050000)
  from space 72576K, 57% used [0x00000007fb250000,0x00000007fdaf6080,0x00000007ff930000)
  to   space 78272K, 0% used [0x00000007f6050000,0x00000007f6050000,0x00000007facc0000)
 ParOldGen       total 225216K, used 124376K [0x0000000700600000, 0x000000070e1f0000, 0x00000007aacb0000)
  object space 225216K, 55% used [0x0000000700600000,0x0000000707f76118,0x000000070e1f0000)
 PSPermGen       total 39296K, used 18063K [0x00000006fb400000, 0x00000006fda60000, 0x0000000700600000)
  object space 39296K, 45% used [0x00000006fb400000,0x00000006fc5a3cf0,0x00000006fda60000)
}

