# JRE version: 7.0_07-b11
# Java VM: Java HotSpot(TM) 64-Bit Server VM (23.3-b01 mixed mode windows-amd64 compressed oops)
Heap
 PSYoungGen      total 724736K, used 714384K [0x00000007aacb0000, 0x00000007d94d0000, 0x0000000800000000)
  eden space 694400K, 98% used [0x00000007aacb0000,0x00000007d4a877c8,0x00000007d52d0000)
  from space 30336K, 93% used [0x00000007d76d0000,0x00000007d929cb58,0x00000007d9470000)
  to   space 33792K, 0% used [0x00000007d52d0000,0x00000007d52d0000,0x00000007d73d0000)
 ParOldGen       total 220736K, used 172607K [0x0000000700600000, 0x000000070dd90000, 0x00000007aacb0000)
  object space 220736K, 78% used [0x0000000700600000,0x000000070ae8fc38,0x000000070dd90000)
 PSPermGen       total 39744K, used 18162K [0x00000006fb400000, 0x00000006fdad0000, 0x0000000700600000)
  object space 39744K, 45% used [0x00000006fb400000,0x00000006fc5bca78,0x00000006fdad0000)
GC Heap History (10 events):
Event: 13.081 GC heap before
{Heap before GC invocations=13 (full 3):
 PSYoungGen      total 454464K, used 451302K [0x00000007aacb0000, 0x00000007cc020000, 0x0000000800000000)
  eden space 437312K, 99% used [0x00000007aacb0000,0x00000007c54b95f8,0x00000007c57c0000)
  from space 17152K, 99% used [0x00000007ca630000,0x00000007cb6e03b0,0x00000007cb6f0000)
  to   space 9408K, 0% used [0x00000007cb6f0000,0x00000007cb6f0000,0x00000007cc020000)
 ParOldGen       total 220736K, used 63822K [0x0000000700600000, 0x000000070dd90000, 0x00000007aacb0000)
  object space 220736K, 28% used [0x0000000700600000,0x0000000704453818,0x000000070dd90000)
 PSPermGen       total 39744K, used 18091K [0x00000006fb400000, 0x00000006fdad0000, 0x0000000700600000)
  object space 39744K, 45% used [0x00000006fb400000,0x00000006fc5aacd8,0x00000006fdad0000)
Event: 13.090 GC heap after
Heap after GC invocations=13 (full 3):
 PSYoungGen      total 521600K, used 6668K [0x00000007aacb0000, 0x00000007cdb20000, 0x0000000800000000)
  eden space 512192K, 0% used [0x00000007aacb0000,0x00000007aacb0000,0x00000007ca0e0000)
  from space 9408K, 70% used [0x00000007cb6f0000,0x00000007cbd73230,0x00000007cc020000)
  to   space 22592K, 0% used [0x00000007ca0e0000,0x00000007ca0e0000,0x00000007cb6f0000)
 ParOldGen       total 220736K, used 116598K [0x0000000700600000, 0x000000070dd90000, 0x00000007aacb0000)
  object space 220736K, 52% used [0x0000000700600000,0x00000007077ddaf8,0x000000070dd90000)
 PSPermGen       total 39744K, used 18091K [0x00000006fb400000, 0x00000006fdad0000, 0x0000000700600000)
  object space 39744K, 45% used [0x00000006fb400000,0x00000006fc5aacd8,0x00000006fdad0000)
}
Event: 14.216 GC heap before
{Heap before GC invocations=14 (full 3):
 PSYoungGen      total 521600K, used 518766K [0x00000007aacb0000, 0x00000007cdb20000, 0x0000000800000000)
  eden space 512192K, 99% used [0x00000007aacb0000,0x00000007ca0c8870,0x00000007ca0e0000)
  from space 9408K, 70% used [0x00000007cb6f0000,0x00000007cbd73230,0x00000007cc020000)
  to   space 22592K, 0% used [0x00000007ca0e0000,0x00000007ca0e0000,0x00000007cb6f0000)
 ParOldGen       total 220736K, used 116598K [0x0000000700600000, 0x000000070dd90000, 0x00000007aacb0000)
  object space 220736K, 52% used [0x0000000700600000,0x00000007077ddaf8,0x000000070dd90000)
 PSPermGen       total 39744K, used 18103K [0x00000006fb400000, 0x00000006fdad0000, 0x0000000700600000)
  object space 39744K, 45% used [0x00000006fb400000,0x00000006fc5adca8,0x00000006fdad0000)
Event: 14.225 GC heap after
Heap after GC invocations=14 (full 3):
 PSYoungGen      total 534784K, used 21827K [0x00000007aacb0000, 0x00000007d34f0000, 0x0000000800000000)
  eden space 512192K, 0% used [0x00000007aacb0000,0x00000007aacb0000,0x00000007ca0e0000)
  from space 22592K, 96% used [0x00000007ca0e0000,0x00000007cb630f00,0x00000007cb6f0000)
  to   space 25152K, 0% used [0x00000007d1c60000,0x00000007d1c60000,0x00000007d34f0000)
 ParOldGen       total 220736K, used 158777K [0x0000000700600000, 0x000000070dd90000, 0x00000007aacb0000)
  object space 220736K, 71% used [0x0000000700600000,0x000000070a10e7b8,0x000000070dd90000)
 PSPermGen       total 39744K, used 18103K [0x00000006fb400000, 0x00000006fdad0000, 0x0000000700600000)
  object space 39744K, 45% used [0x00000006fb400000,0x00000006fc5adca8,0x00000006fdad0000)
}
Event: 15.998 GC heap before
{Heap before GC invocations=15 (full 3):
 PSYoungGen      total 534784K, used 530345K [0x00000007aacb0000, 0x00000007d34f0000, 0x0000000800000000)
  eden space 512192K, 99% used [0x00000007aacb0000,0x00000007c9d49880,0x00000007ca0e0000)
  from space 22592K, 96% used [0x00000007ca0e0000,0x00000007cb630f00,0x00000007cb6f0000)
  to   space 25152K, 0% used [0x00000007d1c60000,0x00000007d1c60000,0x00000007d34f0000)
 ParOldGen       total 220736K, used 158777K [0x0000000700600000, 0x000000070dd90000, 0x00000007aacb0000)
  object space 220736K, 71% used [0x0000000700600000,0x000000070a10e7b8,0x000000070dd90000)
 PSPermGen       total 39744K, used 18118K [0x00000006fb400000, 0x00000006fdad0000, 0x0000000700600000)
  object space 39744K, 45% used [0x00000006fb400000,0x00000006fc5b1a08,0x00000006fdad0000)
Event: 16.008 GC heap after
Heap after GC invocations=15 (full 3):
 PSYoungGen      total 629312K, used 24282K [0x00000007aacb0000, 0x00000007d3420000, 0x0000000800000000)
  eden space 604992K, 0% used [0x00000007aacb0000,0x00000007aacb0000,0x00000007cfb80000)
  from space 24320K, 99% used [0x00000007d1c60000,0x00000007d3416958,0x00000007d3420000)
  to   space 28160K, 0% used [0x00000007cfd20000,0x00000007cfd20000,0x00000007d18a0000)
 ParOldGen       total 220736K, used 158777K [0x0000000700600000, 0x000000070dd90000, 0x00000007aacb0000)
  object space 220736K, 71% used [0x0000000700600000,0x000000070a10e7b8,0x000000070dd90000)
 PSPermGen       total 39744K, used 18118K [0x00000006fb400000, 0x00000006fdad0000, 0x0000000700600000)
  object space 39744K, 45% used [0x00000006fb400000,0x00000006fc5b1a08,0x00000006fdad0000)
}
Event: 18.331 GC heap before
{Heap before GC invocations=16 (full 3):
 PSYoungGen      total 629312K, used 628425K [0x00000007aacb0000, 0x00000007d3420000, 0x0000000800000000)
  eden space 604992K, 99% used [0x00000007aacb0000,0x00000007cfaabbf8,0x00000007cfb80000)
  from space 24320K, 99% used [0x00000007d1c60000,0x00000007d3416958,0x00000007d3420000)
  to   space 28160K, 0% used [0x00000007cfd20000,0x00000007cfd20000,0x00000007d18a0000)
 ParOldGen       total 220736K, used 158777K [0x0000000700600000, 0x000000070dd90000, 0x00000007aacb0000)
  object space 220736K, 71% used [0x0000000700600000,0x000000070a10e7b8,0x000000070dd90000)
 PSPermGen       total 39744K, used 18126K [0x00000006fb400000, 0x00000006fdad0000, 0x0000000700600000)
  object space 39744K, 45% used [0x00000006fb400000,0x00000006fc5b3b98,0x00000006fdad0000)
Event: 18.337 GC heap after
Heap after GC invocations=16 (full 3):
 PSYoungGen      total 634816K, used 23889K [0x00000007aacb0000, 0x00000007d9470000, 0x0000000800000000)
  eden space 606656K, 0% used [0x00000007aacb0000,0x00000007aacb0000,0x00000007cfd20000)
  from space 28160K, 84% used [0x00000007cfd20000,0x00000007d1474700,0x00000007d18a0000)
  to   space 30336K, 0% used [0x00000007d76d0000,0x00000007d76d0000,0x00000007d9470000)
 ParOldGen       total 220736K, used 158777K [0x0000000700600000, 0x000000070dd90000, 0x00000007aacb0000)
  object space 220736K, 71% used [0x0000000700600000,0x000000070a10e7b8,0x000000070dd90000)
 PSPermGen       total 39744K, used 18126K [0x00000006fb400000, 0x00000006fdad0000, 0x0000000700600000)
  object space 39744K, 45% used [0x00000006fb400000,0x00000006fc5b3b98,0x00000006fdad0000)
}
Event: 20.645 GC heap before
{Heap before GC invocations=17 (full 3):
 PSYoungGen      total 634816K, used 628189K [0x00000007aacb0000, 0x00000007d9470000, 0x0000000800000000)
  eden space 606656K, 99% used [0x00000007aacb0000,0x00000007cfad2e20,0x00000007cfd20000)
  from space 28160K, 84% used [0x00000007cfd20000,0x00000007d1474700,0x00000007d18a0000)
  to   space 30336K, 0% used [0x00000007d76d0000,0x00000007d76d0000,0x00000007d9470000)
 ParOldGen       total 220736K, used 158777K [0x0000000700600000, 0x000000070dd90000, 0x00000007aacb0000)
  object space 220736K, 71% used [0x0000000700600000,0x000000070a10e7b8,0x000000070dd90000)
 PSPermGen       total 39744K, used 18127K [0x00000006fb400000, 0x00000006fdad0000, 0x0000000700600000)
  object space 39744K, 45% used [0x00000006fb400000,0x00000006fc5b3fc8,0x00000006fdad0000)
Event: 20.654 GC heap after
Heap after GC invocations=17 (full 3):
 PSYoungGen      total 724736K, used 28466K [0x00000007aacb0000, 0x00000007d94d0000, 0x0000000800000000)
  eden space 694400K, 0% used [0x00000007aacb0000,0x00000007aacb0000,0x00000007d52d0000)
  from space 30336K, 93% used [0x00000007d76d0000,0x00000007d929cb58,0x00000007d9470000)
  to   space 33792K, 0% used [0x00000007d52d0000,0x00000007d52d0000,0x00000007d73d0000)
 ParOldGen       total 220736K, used 172607K [0x0000000700600000, 0x000000070dd90000, 0x00000007aacb0000)
  object space 220736K, 78% used [0x0000000700600000,0x000000070ae8fc38,0x000000070dd90000)
 PSPermGen       total 39744K, used 18127K [0x00000006fb400000, 0x00000006fdad0000, 0x0000000700600000)
  object space 39744K, 45% used [0x00000006fb400000,0x00000006fc5b3fc8,0x00000006fdad0000)
}

