# JRE version: 7.0_07-b11
# Java VM: Java HotSpot(TM) 64-Bit Server VM (23.3-b01 mixed mode windows-amd64 compressed oops)
Heap
 PSYoungGen      total 520320K, used 177413K [0x00000007aacb0000, 0x00000007e0bf0000, 0x0000000800000000)
  eden space 491520K, 30% used [0x00000007aacb0000,0x00000007b3dda1c8,0x00000007c8cb0000)
  from space 28800K, 99% used [0x00000007defd0000,0x00000007e0be72a0,0x00000007e0bf0000)
  to   space 35904K, 0% used [0x00000007dc5d0000,0x00000007dc5d0000,0x00000007de8e0000)
 ParOldGen       total 174528K, used 77582K [0x0000000700600000, 0x000000070b070000, 0x00000007aacb0000)
  object space 174528K, 44% used [0x0000000700600000,0x00000007051c3978,0x000000070b070000)
 PSPermGen       total 21248K, used 18055K [0x00000006fb400000, 0x00000006fc8c0000, 0x0000000700600000)
  object space 21248K, 84% used [0x00000006fb400000,0x00000006fc5a1e28,0x00000006fc8c0000)
GC Heap History (10 events):
Event: 6.243 GC heap before
{Heap before GC invocations=6 (full 0):
 PSYoungGen      total 141824K, used 138613K [0x00000007aacb0000, 0x00000007bebb0000, 0x0000000800000000)
  eden space 130944K, 99% used [0x00000007aacb0000,0x00000007b2bdc0b0,0x00000007b2c90000)
  from space 10880K, 77% used [0x00000007b2c90000,0x00000007b34c1420,0x00000007b3730000)
  to   space 32384K, 0% used [0x00000007bcc10000,0x00000007bcc10000,0x00000007bebb0000)
 ParOldGen       total 174528K, used 66680K [0x0000000700600000, 0x000000070b070000, 0x00000007aacb0000)
  object space 174528K, 38% used [0x0000000700600000,0x000000070471e1f8,0x000000070b070000)
 PSPermGen       total 21248K, used 18000K [0x00000006fb400000, 0x00000006fc8c0000, 0x0000000700600000)
  object space 21248K, 84% used [0x00000006fb400000,0x00000006fc5941a0,0x00000006fc8c0000)
Event: 6.254 GC heap after
Heap after GC invocations=6 (full 0):
 PSYoungGen      total 289536K, used 27277K [0x00000007aacb0000, 0x00000007bf4f0000, 0x0000000800000000)
  eden space 257152K, 0% used [0x00000007aacb0000,0x00000007aacb0000,0x00000007ba7d0000)
  from space 32384K, 84% used [0x00000007bcc10000,0x00000007be6b35e0,0x00000007bebb0000)
  to   space 37120K, 0% used [0x00000007ba7d0000,0x00000007ba7d0000,0x00000007bcc10000)
 ParOldGen       total 174528K, used 72755K [0x0000000700600000, 0x000000070b070000, 0x00000007aacb0000)
  object space 174528K, 41% used [0x0000000700600000,0x0000000704d0ce08,0x000000070b070000)
 PSPermGen       total 21248K, used 18000K [0x00000006fb400000, 0x00000006fc8c0000, 0x0000000700600000)
  object space 21248K, 84% used [0x00000006fb400000,0x00000006fc5941a0,0x00000006fc8c0000)
}
Event: 7.130 GC heap before
{Heap before GC invocations=7 (full 0):
 PSYoungGen      total 289536K, used 278460K [0x00000007aacb0000, 0x00000007bf4f0000, 0x0000000800000000)
  eden space 257152K, 97% used [0x00000007aacb0000,0x00000007ba1fbc00,0x00000007ba7d0000)
  from space 32384K, 84% used [0x00000007bcc10000,0x00000007be6b35e0,0x00000007bebb0000)
  to   space 37120K, 0% used [0x00000007ba7d0000,0x00000007ba7d0000,0x00000007bcc10000)
 ParOldGen       total 174528K, used 72755K [0x0000000700600000, 0x000000070b070000, 0x00000007aacb0000)
  object space 174528K, 41% used [0x0000000700600000,0x0000000704d0ce08,0x000000070b070000)
 PSPermGen       total 21248K, used 18002K [0x00000006fb400000, 0x00000006fc8c0000, 0x0000000700600000)
  object space 21248K, 84% used [0x00000006fb400000,0x00000006fc594a00,0x00000006fc8c0000)
Event: 7.137 GC heap after
Heap after GC invocations=7 (full 0):
 PSYoungGen      total 294272K, used 10507K [0x00000007aacb0000, 0x00000007ce7d0000, 0x0000000800000000)
  eden space 257152K, 0% used [0x00000007aacb0000,0x00000007aacb0000,0x00000007ba7d0000)
  from space 37120K, 28% used [0x00000007ba7d0000,0x00000007bb212e70,0x00000007bcc10000)
  to   space 35264K, 0% used [0x00000007cc560000,0x00000007cc560000,0x00000007ce7d0000)
 ParOldGen       total 174528K, used 77550K [0x0000000700600000, 0x000000070b070000, 0x00000007aacb0000)
  object space 174528K, 44% used [0x0000000700600000,0x00000007051bb978,0x000000070b070000)
 PSPermGen       total 21248K, used 18002K [0x00000006fb400000, 0x00000006fc8c0000, 0x0000000700600000)
  object space 21248K, 84% used [0x00000006fb400000,0x00000006fc594a00,0x00000006fc8c0000)
}
Event: 8.058 GC heap before
{Heap before GC invocations=8 (full 0):
 PSYoungGen      total 294272K, used 267433K [0x00000007aacb0000, 0x00000007ce7d0000, 0x0000000800000000)
  eden space 257152K, 99% used [0x00000007aacb0000,0x00000007ba797890,0x00000007ba7d0000)
  from space 37120K, 28% used [0x00000007ba7d0000,0x00000007bb212e70,0x00000007bcc10000)
  to   space 35264K, 0% used [0x00000007cc560000,0x00000007cc560000,0x00000007ce7d0000)
 ParOldGen       total 174528K, used 77550K [0x0000000700600000, 0x000000070b070000, 0x00000007aacb0000)
  object space 174528K, 44% used [0x0000000700600000,0x00000007051bb978,0x000000070b070000)
 PSPermGen       total 21248K, used 18004K [0x00000006fb400000, 0x00000006fc8c0000, 0x0000000700600000)
  object space 21248K, 84% used [0x00000006fb400000,0x00000006fc595058,0x00000006fc8c0000)
Event: 8.061 GC heap after
Heap after GC invocations=8 (full 0):
 PSYoungGen      total 546368K, used 10507K [0x00000007aacb0000, 0x00000007ce4b0000, 0x0000000800000000)
  eden space 514304K, 0% used [0x00000007aacb0000,0x00000007aacb0000,0x00000007ca2f0000)
  from space 32064K, 32% used [0x00000007cc560000,0x00000007ccfa2e70,0x00000007ce4b0000)
  to   space 33664K, 0% used [0x00000007ca2f0000,0x00000007ca2f0000,0x00000007cc3d0000)
 ParOldGen       total 174528K, used 77566K [0x0000000700600000, 0x000000070b070000, 0x00000007aacb0000)
  object space 174528K, 44% used [0x0000000700600000,0x00000007051bf978,0x000000070b070000)
 PSPermGen       total 21248K, used 18004K [0x00000006fb400000, 0x00000006fc8c0000, 0x0000000700600000)
  object space 21248K, 84% used [0x00000006fb400000,0x00000006fc595058,0x00000006fc8c0000)
}
Event: 9.896 GC heap before
{Heap before GC invocations=9 (full 0):
 PSYoungGen      total 546368K, used 523923K [0x00000007aacb0000, 0x00000007ce4b0000, 0x0000000800000000)
  eden space 514304K, 99% used [0x00000007aacb0000,0x00000007ca211f40,0x00000007ca2f0000)
  from space 32064K, 32% used [0x00000007cc560000,0x00000007ccfa2e70,0x00000007ce4b0000)
  to   space 33664K, 0% used [0x00000007ca2f0000,0x00000007ca2f0000,0x00000007cc3d0000)
 ParOldGen       total 174528K, used 77566K [0x0000000700600000, 0x000000070b070000, 0x00000007aacb0000)
  object space 174528K, 44% used [0x0000000700600000,0x00000007051bf978,0x000000070b070000)
 PSPermGen       total 21248K, used 18005K [0x00000006fb400000, 0x00000006fc8c0000, 0x0000000700600000)
  object space 21248K, 84% used [0x00000006fb400000,0x00000006fc5954a8,0x00000006fc8c0000)
Event: 9.899 GC heap after
Heap after GC invocations=9 (full 0):
 PSYoungGen      total 547968K, used 10539K [0x00000007aacb0000, 0x00000007e0f50000, 0x0000000800000000)
  eden space 514304K, 0% used [0x00000007aacb0000,0x00000007aacb0000,0x00000007ca2f0000)
  from space 33664K, 31% used [0x00000007ca2f0000,0x00000007cad3ae70,0x00000007cc3d0000)
  to   space 32256K, 0% used [0x00000007defd0000,0x00000007defd0000,0x00000007e0f50000)
 ParOldGen       total 174528K, used 77582K [0x0000000700600000, 0x000000070b070000, 0x00000007aacb0000)
  object space 174528K, 44% used [0x0000000700600000,0x00000007051c3978,0x000000070b070000)
 PSPermGen       total 21248K, used 18005K [0x00000006fb400000, 0x00000006fc8c0000, 0x0000000700600000)
  object space 21248K, 84% used [0x00000006fb400000,0x00000006fc5954a8,0x00000006fc8c0000)
}
Event: 11.647 GC heap before
{Heap before GC invocations=10 (full 0):
 PSYoungGen      total 547968K, used 523698K [0x00000007aacb0000, 0x00000007e0f50000, 0x0000000800000000)
  eden space 514304K, 99% used [0x00000007aacb0000,0x00000007ca1d1c78,0x00000007ca2f0000)
  from space 33664K, 31% used [0x00000007ca2f0000,0x00000007cad3ae70,0x00000007cc3d0000)
  to   space 32256K, 0% used [0x00000007defd0000,0x00000007defd0000,0x00000007e0f50000)
 ParOldGen       total 174528K, used 77582K [0x0000000700600000, 0x000000070b070000, 0x00000007aacb0000)
  object space 174528K, 44% used [0x0000000700600000,0x00000007051c3978,0x000000070b070000)
 PSPermGen       total 21248K, used 18027K [0x00000006fb400000, 0x00000006fc8c0000, 0x0000000700600000)
  object space 21248K, 84% used [0x00000006fb400000,0x00000006fc59ac70,0x00000006fc8c0000)
Event: 11.655 GC heap after
Heap after GC invocations=10 (full 0):
 PSYoungGen      total 520320K, used 28764K [0x00000007aacb0000, 0x00000007e0bf0000, 0x0000000800000000)
  eden space 491520K, 0% used [0x00000007aacb0000,0x00000007aacb0000,0x00000007c8cb0000)
  from space 28800K, 99% used [0x00000007defd0000,0x00000007e0be72a0,0x00000007e0bf0000)
  to   space 35904K, 0% used [0x00000007dc5d0000,0x00000007dc5d0000,0x00000007de8e0000)
 ParOldGen       total 174528K, used 77582K [0x0000000700600000, 0x000000070b070000, 0x00000007aacb0000)
  object space 174528K, 44% used [0x0000000700600000,0x00000007051c3978,0x000000070b070000)
 PSPermGen       total 21248K, used 18027K [0x00000006fb400000, 0x00000006fc8c0000, 0x0000000700600000)
  object space 21248K, 84% used [0x00000006fb400000,0x00000006fc59ac70,0x00000006fc8c0000)
}

