# JRE version: 7.0_07-b11
# Java VM: Java HotSpot(TM) 64-Bit Server VM (23.3-b01 mixed mode windows-amd64 compressed oops)
Heap
 PSYoungGen      total 345984K, used 86246K [0x00000007aacb0000, 0x00000007c3e00000, 0x0000000800000000)
  eden space 288704K, 23% used [0x00000007aacb0000,0x00000007aeee57c8,0x00000007bc6a0000)
  from space 57280K, 32% used [0x00000007c0610000,0x00000007c1814430,0x00000007c3e00000)
  to   space 61120K, 0% used [0x00000007bc6a0000,0x00000007bc6a0000,0x00000007c0250000)
 ParOldGen       total 528384K, used 275754K [0x0000000700600000, 0x0000000720a00000, 0x00000007aacb0000)
  object space 528384K, 52% used [0x0000000700600000,0x000000071134abd0,0x0000000720a00000)
 PSPermGen       total 21248K, used 18547K [0x00000006fb400000, 0x00000006fc8c0000, 0x0000000700600000)
  object space 21248K, 87% used [0x00000006fb400000,0x00000006fc61cd00,0x00000006fc8c0000)
GC Heap History (10 events):
Event: 393.491 GC heap before
{Heap before GC invocations=341 (full 27):
 PSYoungGen      total 304192K, used 266176K [0x00000007aacb0000, 0x00000007c2080000, 0x0000000800000000)
  eden space 266176K, 100% used [0x00000007aacb0000,0x00000007bb0a0000,0x00000007bb0a0000)
  from space 38016K, 0% used [0x00000007bb580000,0x00000007bb580000,0x00000007bdaa0000)
  to   space 57280K, 0% used [0x00000007be890000,0x00000007be890000,0x00000007c2080000)
 ParOldGen       total 528384K, used 153493K [0x0000000700600000, 0x0000000720a00000, 0x00000007aacb0000)
  object space 528384K, 29% used [0x0000000700600000,0x0000000709be5630,0x0000000720a00000)
 PSPermGen       total 21248K, used 18520K [0x00000006fb400000, 0x00000006fc8c0000, 0x0000000700600000)
  object space 21248K, 87% used [0x00000006fb400000,0x00000006fc616108,0x00000006fc8c0000)
Event: 393.494 GC heap after
Heap after GC invocations=341 (full 27):
 PSYoungGen      total 306304K, used 18449K [0x00000007aacb0000, 0x00000007c1490000, 0x0000000800000000)
  eden space 261248K, 0% used [0x00000007aacb0000,0x00000007aacb0000,0x00000007babd0000)
  from space 45056K, 40% used [0x00000007be890000,0x00000007bfa94430,0x00000007c1490000)
  to   space 53632K, 0% used [0x00000007babd0000,0x00000007babd0000,0x00000007be030000)
 ParOldGen       total 528384K, used 153493K [0x0000000700600000, 0x0000000720a00000, 0x00000007aacb0000)
  object space 528384K, 29% used [0x0000000700600000,0x0000000709be5630,0x0000000720a00000)
 PSPermGen       total 21248K, used 18520K [0x00000006fb400000, 0x00000006fc8c0000, 0x0000000700600000)
  object space 21248K, 87% used [0x00000006fb400000,0x00000006fc616108,0x00000006fc8c0000)
}
Event: 394.042 GC heap before
{Heap before GC invocations=342 (full 27):
 PSYoungGen      total 306304K, used 279144K [0x00000007aacb0000, 0x00000007c1490000, 0x0000000800000000)
  eden space 261248K, 99% used [0x00000007aacb0000,0x00000007bab45f50,0x00000007babd0000)
  from space 45056K, 40% used [0x00000007be890000,0x00000007bfa94430,0x00000007c1490000)
  to   space 53632K, 0% used [0x00000007babd0000,0x00000007babd0000,0x00000007be030000)
 ParOldGen       total 528384K, used 153493K [0x0000000700600000, 0x0000000720a00000, 0x00000007aacb0000)
  object space 528384K, 29% used [0x0000000700600000,0x0000000709be5630,0x0000000720a00000)
 PSPermGen       total 21248K, used 18520K [0x00000006fb400000, 0x00000006fc8c0000, 0x0000000700600000)
  object space 21248K, 87% used [0x00000006fb400000,0x00000006fc616148,0x00000006fc8c0000)
Event: 394.047 GC heap after
Heap after GC invocations=342 (full 27):
 PSYoungGen      total 286592K, used 30100K [0x00000007aacb0000, 0x00000007c11e0000, 0x0000000800000000)
  eden space 256448K, 0% used [0x00000007aacb0000,0x00000007aacb0000,0x00000007ba720000)
  from space 30144K, 99% used [0x00000007babd0000,0x00000007bc935090,0x00000007bc940000)
  to   space 54656K, 0% used [0x00000007bdc80000,0x00000007bdc80000,0x00000007c11e0000)
 ParOldGen       total 528384K, used 153493K [0x0000000700600000, 0x0000000720a00000, 0x00000007aacb0000)
  object space 528384K, 29% used [0x0000000700600000,0x0000000709be5630,0x0000000720a00000)
 PSPermGen       total 21248K, used 18520K [0x00000006fb400000, 0x00000006fc8c0000, 0x0000000700600000)
  object space 21248K, 87% used [0x00000006fb400000,0x00000006fc616148,0x00000006fc8c0000)
}
Event: 394.585 GC heap before
{Heap before GC invocations=343 (full 27):
 PSYoungGen      total 286592K, used 284895K [0x00000007aacb0000, 0x00000007c11e0000, 0x0000000800000000)
  eden space 256448K, 99% used [0x00000007aacb0000,0x00000007ba582c78,0x00000007ba720000)
  from space 30144K, 99% used [0x00000007babd0000,0x00000007bc935090,0x00000007bc940000)
  to   space 54656K, 0% used [0x00000007bdc80000,0x00000007bdc80000,0x00000007c11e0000)
 ParOldGen       total 528384K, used 153493K [0x0000000700600000, 0x0000000720a00000, 0x00000007aacb0000)
  object space 528384K, 29% used [0x0000000700600000,0x0000000709be5630,0x0000000720a00000)
 PSPermGen       total 21248K, used 18520K [0x00000006fb400000, 0x00000006fc8c0000, 0x0000000700600000)
  object space 21248K, 87% used [0x00000006fb400000,0x00000006fc616148,0x00000006fc8c0000)
Event: 394.590 GC heap after
Heap after GC invocations=343 (full 27):
 PSYoungGen      total 310528K, used 30068K [0x00000007aacb0000, 0x00000007c3160000, 0x0000000800000000)
  eden space 255872K, 0% used [0x00000007aacb0000,0x00000007aacb0000,0x00000007ba690000)
  from space 54656K, 55% used [0x00000007bdc80000,0x00000007bf9dd090,0x00000007c11e0000)
  to   space 55232K, 0% used [0x00000007ba690000,0x00000007ba690000,0x00000007bdc80000)
 ParOldGen       total 528384K, used 153493K [0x0000000700600000, 0x0000000720a00000, 0x00000007aacb0000)
  object space 528384K, 29% used [0x0000000700600000,0x0000000709be5630,0x0000000720a00000)
 PSPermGen       total 21248K, used 18520K [0x00000006fb400000, 0x00000006fc8c0000, 0x0000000700600000)
  object space 21248K, 87% used [0x00000006fb400000,0x00000006fc616148,0x00000006fc8c0000)
}
Event: 395.123 GC heap before
{Heap before GC invocations=344 (full 27):
 PSYoungGen      total 310528K, used 285463K [0x00000007aacb0000, 0x00000007c3160000, 0x0000000800000000)
  eden space 255872K, 99% used [0x00000007aacb0000,0x00000007ba618bc0,0x00000007ba690000)
  from space 54656K, 55% used [0x00000007bdc80000,0x00000007bf9dd090,0x00000007c11e0000)
  to   space 55232K, 0% used [0x00000007ba690000,0x00000007ba690000,0x00000007bdc80000)
 ParOldGen       total 528384K, used 155518K [0x0000000700600000, 0x0000000720a00000, 0x00000007aacb0000)
  object space 528384K, 29% used [0x0000000700600000,0x0000000709ddfa40,0x0000000720a00000)
 PSPermGen       total 21248K, used 18520K [0x00000006fb400000, 0x00000006fc8c0000, 0x0000000700600000)
  object space 21248K, 87% used [0x00000006fb400000,0x00000006fc616148,0x00000006fc8c0000)
Event: 395.129 GC heap after
Heap after GC invocations=344 (full 27):
 PSYoungGen      total 311104K, used 54305K [0x00000007aacb0000, 0x00000007c44f0000, 0x0000000800000000)
  eden space 255872K, 0% used [0x00000007aacb0000,0x00000007aacb0000,0x00000007ba690000)
  from space 55232K, 98% used [0x00000007ba690000,0x00000007bdb98680,0x00000007bdc80000)
  to   space 64384K, 0% used [0x00000007c0610000,0x00000007c0610000,0x00000007c44f0000)
 ParOldGen       total 528384K, used 155518K [0x0000000700600000, 0x0000000720a00000, 0x00000007aacb0000)
  object space 528384K, 29% used [0x0000000700600000,0x0000000709ddfa40,0x0000000720a00000)
 PSPermGen       total 21248K, used 18520K [0x00000006fb400000, 0x00000006fc8c0000, 0x0000000700600000)
  object space 21248K, 87% used [0x00000006fb400000,0x00000006fc616148,0x00000006fc8c0000)
}
Event: 395.805 GC heap before
{Heap before GC invocations=345 (full 27):
 PSYoungGen      total 311104K, used 310177K [0x00000007aacb0000, 0x00000007c44f0000, 0x0000000800000000)
  eden space 255872K, 100% used [0x00000007aacb0000,0x00000007ba690000,0x00000007ba690000)
  from space 55232K, 98% used [0x00000007ba690000,0x00000007bdb98680,0x00000007bdc80000)
  to   space 64384K, 0% used [0x00000007c0610000,0x00000007c0610000,0x00000007c44f0000)
 ParOldGen       total 528384K, used 275754K [0x0000000700600000, 0x0000000720a00000, 0x00000007aacb0000)
  object space 528384K, 52% used [0x0000000700600000,0x000000071134abd0,0x0000000720a00000)
 PSPermGen       total 21248K, used 18520K [0x00000006fb400000, 0x00000006fc8c0000, 0x0000000700600000)
  object space 21248K, 87% used [0x00000006fb400000,0x00000006fc616148,0x00000006fc8c0000)
Event: 395.810 GC heap after
Heap after GC invocations=345 (full 27):
 PSYoungGen      total 345984K, used 18449K [0x00000007aacb0000, 0x00000007c3e00000, 0x0000000800000000)
  eden space 288704K, 0% used [0x00000007aacb0000,0x00000007aacb0000,0x00000007bc6a0000)
  from space 57280K, 32% used [0x00000007c0610000,0x00000007c1814430,0x00000007c3e00000)
  to   space 61120K, 0% used [0x00000007bc6a0000,0x00000007bc6a0000,0x00000007c0250000)
 ParOldGen       total 528384K, used 275754K [0x0000000700600000, 0x0000000720a00000, 0x00000007aacb0000)
  object space 528384K, 52% used [0x0000000700600000,0x000000071134abd0,0x0000000720a00000)
 PSPermGen       total 21248K, used 18520K [0x00000006fb400000, 0x00000006fc8c0000, 0x0000000700600000)
  object space 21248K, 87% used [0x00000006fb400000,0x00000006fc616148,0x00000006fc8c0000)
}

