# JRE version: 7.0_07-b11
# Java VM: Java HotSpot(TM) 64-Bit Server VM (23.3-b01 mixed mode windows-amd64 compressed oops)
Heap
 PSYoungGen      total 178688K, used 117619K [0x00000007aacb0000, 0x00000007bbd90000, 0x0000000800000000)
  eden space 126912K, 63% used [0x00000007aacb0000,0x00000007afbbc760,0x00000007b28a0000)
  from space 51776K, 70% used [0x00000007b28a0000,0x00000007b4c70860,0x00000007b5b30000)
  to   space 54720K, 0% used [0x00000007b8820000,0x00000007b8820000,0x00000007bbd90000)
 ParOldGen       total 239232K, used 21309K [0x0000000700600000, 0x000000070efa0000, 0x00000007aacb0000)
  object space 239232K, 8% used [0x0000000700600000,0x0000000701acf6e0,0x000000070efa0000)
 PSPermGen       total 38592K, used 17685K [0x00000006fb400000, 0x00000006fd9b0000, 0x0000000700600000)
  object space 38592K, 45% used [0x00000006fb400000,0x00000006fc5454d8,0x00000006fd9b0000)
GC Heap History (10 events):
Event: 13.392 GC heap before
{Heap before GC invocations=8 (full 3):
 PSYoungGen      total 76352K, used 67845K [0x00000007aacb0000, 0x00000007b4ca0000, 0x0000000800000000)
  eden space 65472K, 93% used [0x00000007aacb0000,0x00000007ae8babc8,0x00000007aeca0000)
  from space 10880K, 58% used [0x00000007aeca0000,0x00000007af2d6c10,0x00000007af740000)
  to   space 33792K, 0% used [0x00000007b2ba0000,0x00000007b2ba0000,0x00000007b4ca0000)
 ParOldGen       total 448256K, used 443516K [0x0000000700600000, 0x000000071bbc0000, 0x00000007aacb0000)
  object space 448256K, 98% used [0x0000000700600000,0x000000071b71f3d8,0x000000071bbc0000)
 PSPermGen       total 40256K, used 17654K [0x00000006fb400000, 0x00000006fdb50000, 0x0000000700600000)
  object space 40256K, 43% used [0x00000006fb400000,0x00000006fc53dbc8,0x00000006fdb50000)
Event: 13.448 GC heap after
Heap after GC invocations=8 (full 3):
 PSYoungGen      total 76352K, used 0K [0x00000007aacb0000, 0x00000007b4ca0000, 0x0000000800000000)
  eden space 65472K, 0% used [0x00000007aacb0000,0x00000007aacb0000,0x00000007aeca0000)
  from space 10880K, 0% used [0x00000007aeca0000,0x00000007aeca0000,0x00000007af740000)
  to   space 33792K, 0% used [0x00000007b2ba0000,0x00000007b2ba0000,0x00000007b4ca0000)
 ParOldGen       total 239232K, used 15234K [0x0000000700600000, 0x000000070efa0000, 0x00000007aacb0000)
  object space 239232K, 6% used [0x0000000700600000,0x00000007014e0ad0,0x000000070efa0000)
 PSPermGen       total 38592K, used 17654K [0x00000006fb400000, 0x00000006fd9b0000, 0x0000000700600000)
  object space 38592K, 45% used [0x00000006fb400000,0x00000006fc53dbc8,0x00000006fd9b0000)
}
Event: 13.791 GC heap before
{Heap before GC invocations=9 (full 3):
 PSYoungGen      total 76352K, used 60879K [0x00000007aacb0000, 0x00000007b4ca0000, 0x0000000800000000)
  eden space 65472K, 92% used [0x00000007aacb0000,0x00000007ae823c40,0x00000007aeca0000)
  from space 10880K, 0% used [0x00000007aeca0000,0x00000007aeca0000,0x00000007af740000)
  to   space 33792K, 0% used [0x00000007b2ba0000,0x00000007b2ba0000,0x00000007b4ca0000)
 ParOldGen       total 239232K, used 15234K [0x0000000700600000, 0x000000070efa0000, 0x00000007aacb0000)
  object space 239232K, 6% used [0x0000000700600000,0x00000007014e0ad0,0x000000070efa0000)
 PSPermGen       total 38592K, used 17655K [0x00000006fb400000, 0x00000006fd9b0000, 0x0000000700600000)
  object space 38592K, 45% used [0x00000006fb400000,0x00000006fc53ddb8,0x00000006fd9b0000)
Event: 13.799 GC heap after
Heap after GC invocations=9 (full 3):
 PSYoungGen      total 122176K, used 30631K [0x00000007aacb0000, 0x00000007b51e0000, 0x0000000800000000)
  eden space 88384K, 0% used [0x00000007aacb0000,0x00000007aacb0000,0x00000007b0300000)
  from space 33792K, 90% used [0x00000007b2ba0000,0x00000007b4989c50,0x00000007b4ca0000)
  to   space 40384K, 0% used [0x00000007b0300000,0x00000007b0300000,0x00000007b2a70000)
 ParOldGen       total 239232K, used 21309K [0x0000000700600000, 0x000000070efa0000, 0x00000007aacb0000)
  object space 239232K, 8% used [0x0000000700600000,0x0000000701acf6e0,0x000000070efa0000)
 PSPermGen       total 38592K, used 17655K [0x00000006fb400000, 0x00000006fd9b0000, 0x0000000700600000)
  object space 38592K, 45% used [0x00000006fb400000,0x00000006fc53ddb8,0x00000006fd9b0000)
}
Event: 14.255 GC heap before
{Heap before GC invocations=10 (full 3):
 PSYoungGen      total 122176K, used 115878K [0x00000007aacb0000, 0x00000007b51e0000, 0x0000000800000000)
  eden space 88384K, 96% used [0x00000007aacb0000,0x00000007affefca8,0x00000007b0300000)
  from space 33792K, 90% used [0x00000007b2ba0000,0x00000007b4989c50,0x00000007b4ca0000)
  to   space 40384K, 0% used [0x00000007b0300000,0x00000007b0300000,0x00000007b2a70000)
 ParOldGen       total 239232K, used 21309K [0x0000000700600000, 0x000000070efa0000, 0x00000007aacb0000)
  object space 239232K, 8% used [0x0000000700600000,0x0000000701acf6e0,0x000000070efa0000)
 PSPermGen       total 38592K, used 17655K [0x00000006fb400000, 0x00000006fd9b0000, 0x0000000700600000)
  object space 38592K, 45% used [0x00000006fb400000,0x00000006fc53dea0,0x00000006fd9b0000)
Event: 14.264 GC heap after
Heap after GC invocations=10 (full 3):
 PSYoungGen      total 128768K, used 36738K [0x00000007aacb0000, 0x00000007b8980000, 0x0000000800000000)
  eden space 88384K, 0% used [0x00000007aacb0000,0x00000007aacb0000,0x00000007b0300000)
  from space 40384K, 90% used [0x00000007b0300000,0x00000007b26e0860,0x00000007b2a70000)
  to   space 47424K, 0% used [0x00000007b5b30000,0x00000007b5b30000,0x00000007b8980000)
 ParOldGen       total 239232K, used 21309K [0x0000000700600000, 0x000000070efa0000, 0x00000007aacb0000)
  object space 239232K, 8% used [0x0000000700600000,0x0000000701acf6e0,0x000000070efa0000)
 PSPermGen       total 38592K, used 17655K [0x00000006fb400000, 0x00000006fd9b0000, 0x0000000700600000)
  object space 38592K, 45% used [0x00000006fb400000,0x00000006fc53dea0,0x00000006fd9b0000)
}
Event: 14.724 GC heap before
{Heap before GC invocations=11 (full 3):
 PSYoungGen      total 128768K, used 121941K [0x00000007aacb0000, 0x00000007b8980000, 0x0000000800000000)
  eden space 88384K, 96% used [0x00000007aacb0000,0x00000007affe4d68,0x00000007b0300000)
  from space 40384K, 90% used [0x00000007b0300000,0x00000007b26e0860,0x00000007b2a70000)
  to   space 47424K, 0% used [0x00000007b5b30000,0x00000007b5b30000,0x00000007b8980000)
 ParOldGen       total 239232K, used 21309K [0x0000000700600000, 0x000000070efa0000, 0x00000007aacb0000)
  object space 239232K, 8% used [0x0000000700600000,0x0000000701acf6e0,0x000000070efa0000)
 PSPermGen       total 38592K, used 17659K [0x00000006fb400000, 0x00000006fd9b0000, 0x0000000700600000)
  object space 38592K, 45% used [0x00000006fb400000,0x00000006fc53ec98,0x00000006fd9b0000)
Event: 14.734 GC heap after
Heap after GC invocations=11 (full 3):
 PSYoungGen      total 174336K, used 36674K [0x00000007aacb0000, 0x00000007b9890000, 0x0000000800000000)
  eden space 126912K, 0% used [0x00000007aacb0000,0x00000007aacb0000,0x00000007b28a0000)
  from space 47424K, 77% used [0x00000007b5b30000,0x00000007b7f00860,0x00000007b8980000)
  to   space 51776K, 0% used [0x00000007b28a0000,0x00000007b28a0000,0x00000007b5b30000)
 ParOldGen       total 239232K, used 21309K [0x0000000700600000, 0x000000070efa0000, 0x00000007aacb0000)
  object space 239232K, 8% used [0x0000000700600000,0x0000000701acf6e0,0x000000070efa0000)
 PSPermGen       total 38592K, used 17659K [0x00000006fb400000, 0x00000006fd9b0000, 0x0000000700600000)
  object space 38592K, 45% used [0x00000006fb400000,0x00000006fc53ec98,0x00000006fd9b0000)
}
Event: 15.077 GC heap before
{Heap before GC invocations=12 (full 3):
 PSYoungGen      total 174336K, used 158275K [0x00000007aacb0000, 0x00000007b9890000, 0x0000000800000000)
  eden space 126912K, 95% used [0x00000007aacb0000,0x00000007b23706f0,0x00000007b28a0000)
  from space 47424K, 77% used [0x00000007b5b30000,0x00000007b7f00860,0x00000007b8980000)
  to   space 51776K, 0% used [0x00000007b28a0000,0x00000007b28a0000,0x00000007b5b30000)
 ParOldGen       total 239232K, used 21309K [0x0000000700600000, 0x000000070efa0000, 0x00000007aacb0000)
  object space 239232K, 8% used [0x0000000700600000,0x0000000701acf6e0,0x000000070efa0000)
 PSPermGen       total 38592K, used 17661K [0x00000006fb400000, 0x00000006fd9b0000, 0x0000000700600000)
  object space 38592K, 45% used [0x00000006fb400000,0x00000006fc53f550,0x00000006fd9b0000)
Event: 15.081 GC heap after
Heap after GC invocations=12 (full 3):
 PSYoungGen      total 178688K, used 36674K [0x00000007aacb0000, 0x00000007bbd90000, 0x0000000800000000)
  eden space 126912K, 0% used [0x00000007aacb0000,0x00000007aacb0000,0x00000007b28a0000)
  from space 51776K, 70% used [0x00000007b28a0000,0x00000007b4c70860,0x00000007b5b30000)
  to   space 54720K, 0% used [0x00000007b8820000,0x00000007b8820000,0x00000007bbd90000)
 ParOldGen       total 239232K, used 21309K [0x0000000700600000, 0x000000070efa0000, 0x00000007aacb0000)
  object space 239232K, 8% used [0x0000000700600000,0x0000000701acf6e0,0x000000070efa0000)
 PSPermGen       total 38592K, used 17661K [0x00000006fb400000, 0x00000006fd9b0000, 0x0000000700600000)
  object space 38592K, 45% used [0x00000006fb400000,0x00000006fc53f550,0x00000006fd9b0000)
}

