# JRE version: 7.0_07-b11
# Java VM: Java HotSpot(TM) 64-Bit Server VM (23.3-b01 mixed mode windows-amd64 compressed oops)
Heap
 PSYoungGen      total 271552K, used 208269K [0x00000007aacb0000, 0x00000007c2b50000, 0x0000000800000000)
  eden space 204416K, 72% used [0x00000007aacb0000,0x00000007b3ca8bf0,0x00000007b7450000)
  from space 67136K, 90% used [0x00000007b7450000,0x00000007bafbab30,0x00000007bb5e0000)
  to   space 76096K, 0% used [0x00000007be100000,0x00000007be100000,0x00000007c2b50000)
 ParOldGen       total 315520K, used 185147K [0x0000000700600000, 0x0000000713a20000, 0x00000007aacb0000)
  object space 315520K, 58% used [0x0000000700600000,0x000000070baced00,0x0000000713a20000)
 PSPermGen       total 37760K, used 18095K [0x00000006fb400000, 0x00000006fd8e0000, 0x0000000700600000)
  object space 37760K, 47% used [0x00000006fb400000,0x00000006fc5abca0,0x00000006fd8e0000)
GC Heap History (10 events):
Event: 18.736 GC heap before
{Heap before GC invocations=17 (full 4):
 PSYoungGen      total 199168K, used 148162K [0x00000007aacb0000, 0x00000007ba640000, 0x0000000800000000)
  eden space 149056K, 99% used [0x00000007aacb0000,0x00000007b3d60890,0x00000007b3e40000)
  from space 50112K, 0% used [0x00000007b7550000,0x00000007b7550000,0x00000007ba640000)
  to   space 53248K, 0% used [0x00000007b3e40000,0x00000007b3e40000,0x00000007b7240000)
 ParOldGen       total 315520K, used 42773K [0x0000000700600000, 0x0000000713a20000, 0x00000007aacb0000)
  object space 315520K, 13% used [0x0000000700600000,0x0000000702fc5760,0x0000000713a20000)
 PSPermGen       total 37760K, used 18061K [0x00000006fb400000, 0x00000006fd8e0000, 0x0000000700600000)
  object space 37760K, 47% used [0x00000006fb400000,0x00000006fc5a3620,0x00000006fd8e0000)
Event: 18.744 GC heap after
Heap after GC invocations=17 (full 4):
 PSYoungGen      total 202304K, used 44023K [0x00000007aacb0000, 0x00000007bcbb0000, 0x0000000800000000)
  eden space 149056K, 0% used [0x00000007aacb0000,0x00000007aacb0000,0x00000007b3e40000)
  from space 53248K, 82% used [0x00000007b3e40000,0x00000007b693df18,0x00000007b7240000)
  to   space 59456K, 0% used [0x00000007b91a0000,0x00000007b91a0000,0x00000007bcbb0000)
 ParOldGen       total 315520K, used 42773K [0x0000000700600000, 0x0000000713a20000, 0x00000007aacb0000)
  object space 315520K, 13% used [0x0000000700600000,0x0000000702fc5760,0x0000000713a20000)
 PSPermGen       total 37760K, used 18061K [0x00000006fb400000, 0x00000006fd8e0000, 0x0000000700600000)
  object space 37760K, 47% used [0x00000006fb400000,0x00000006fc5a3620,0x00000006fd8e0000)
}
Event: 19.501 GC heap before
{Heap before GC invocations=18 (full 4):
 PSYoungGen      total 202304K, used 193079K [0x00000007aacb0000, 0x00000007bcbb0000, 0x0000000800000000)
  eden space 149056K, 100% used [0x00000007aacb0000,0x00000007b3e40000,0x00000007b3e40000)
  from space 53248K, 82% used [0x00000007b3e40000,0x00000007b693df18,0x00000007b7240000)
  to   space 59456K, 0% used [0x00000007b91a0000,0x00000007b91a0000,0x00000007bcbb0000)
 ParOldGen       total 315520K, used 124936K [0x0000000700600000, 0x0000000713a20000, 0x00000007aacb0000)
  object space 315520K, 39% used [0x0000000700600000,0x00000007080022b8,0x0000000713a20000)
 PSPermGen       total 37760K, used 18071K [0x00000006fb400000, 0x00000006fd8e0000, 0x0000000700600000)
  object space 37760K, 47% used [0x00000006fb400000,0x00000006fc5a5d60,0x00000006fd8e0000)
Event: 19.510 GC heap after
Heap after GC invocations=18 (full 4):
 PSYoungGen      total 234112K, used 31771K [0x00000007aacb0000, 0x00000007bd090000, 0x0000000800000000)
  eden space 174656K, 0% used [0x00000007aacb0000,0x00000007aacb0000,0x00000007b5740000)
  from space 59456K, 53% used [0x00000007b91a0000,0x00000007bb0a6cb0,0x00000007bcbb0000)
  to   space 59776K, 0% used [0x00000007b5740000,0x00000007b5740000,0x00000007b91a0000)
 ParOldGen       total 315520K, used 124936K [0x0000000700600000, 0x0000000713a20000, 0x00000007aacb0000)
  object space 315520K, 39% used [0x0000000700600000,0x00000007080022b8,0x0000000713a20000)
 PSPermGen       total 37760K, used 18071K [0x00000006fb400000, 0x00000006fd8e0000, 0x0000000700600000)
  object space 37760K, 47% used [0x00000006fb400000,0x00000006fc5a5d60,0x00000006fd8e0000)
}
Event: 20.084 GC heap before
{Heap before GC invocations=19 (full 4):
 PSYoungGen      total 234112K, used 205507K [0x00000007aacb0000, 0x00000007bd090000, 0x0000000800000000)
  eden space 174656K, 99% used [0x00000007aacb0000,0x00000007b565a150,0x00000007b5740000)
  from space 59456K, 53% used [0x00000007b91a0000,0x00000007bb0a6cb0,0x00000007bcbb0000)
  to   space 59776K, 0% used [0x00000007b5740000,0x00000007b5740000,0x00000007b91a0000)
 ParOldGen       total 315520K, used 126961K [0x0000000700600000, 0x0000000713a20000, 0x00000007aacb0000)
  object space 315520K, 40% used [0x0000000700600000,0x00000007081fc6c8,0x0000000713a20000)
 PSPermGen       total 37760K, used 18072K [0x00000006fb400000, 0x00000006fd8e0000, 0x0000000700600000)
  object space 37760K, 47% used [0x00000006fb400000,0x00000006fc5a6170,0x00000006fd8e0000)
Event: 20.090 GC heap after
Heap after GC invocations=19 (full 4):
 PSYoungGen      total 234432K, used 29880K [0x00000007aacb0000, 0x00000007bef90000, 0x0000000800000000)
  eden space 174656K, 0% used [0x00000007aacb0000,0x00000007aacb0000,0x00000007b5740000)
  from space 59776K, 49% used [0x00000007b5740000,0x00000007b746e048,0x00000007b91a0000)
  to   space 59072K, 0% used [0x00000007bb5e0000,0x00000007bb5e0000,0x00000007bef90000)
 ParOldGen       total 315520K, used 126961K [0x0000000700600000, 0x0000000713a20000, 0x00000007aacb0000)
  object space 315520K, 40% used [0x0000000700600000,0x00000007081fc6c8,0x0000000713a20000)
 PSPermGen       total 37760K, used 18072K [0x00000006fb400000, 0x00000006fd8e0000, 0x0000000700600000)
  object space 37760K, 47% used [0x00000006fb400000,0x00000006fc5a6170,0x00000006fd8e0000)
}
Event: 21.101 GC heap before
{Heap before GC invocations=20 (full 4):
 PSYoungGen      total 234432K, used 204536K [0x00000007aacb0000, 0x00000007bef90000, 0x0000000800000000)
  eden space 174656K, 100% used [0x00000007aacb0000,0x00000007b5740000,0x00000007b5740000)
  from space 59776K, 49% used [0x00000007b5740000,0x00000007b746e048,0x00000007b91a0000)
  to   space 59072K, 0% used [0x00000007bb5e0000,0x00000007bb5e0000,0x00000007bef90000)
 ParOldGen       total 315520K, used 185147K [0x0000000700600000, 0x0000000713a20000, 0x00000007aacb0000)
  object space 315520K, 58% used [0x0000000700600000,0x000000070baced00,0x0000000713a20000)
 PSPermGen       total 37760K, used 18085K [0x00000006fb400000, 0x00000006fd8e0000, 0x0000000700600000)
  object space 37760K, 47% used [0x00000006fb400000,0x00000006fc5a9748,0x00000006fd8e0000)
Event: 21.116 GC heap after
Heap after GC invocations=20 (full 4):
 PSYoungGen      total 263488K, used 54084K [0x00000007aacb0000, 0x00000007c0380000, 0x0000000800000000)
  eden space 204416K, 0% used [0x00000007aacb0000,0x00000007aacb0000,0x00000007b7450000)
  from space 59072K, 91% used [0x00000007bb5e0000,0x00000007beab1320,0x00000007bef90000)
  to   space 67136K, 0% used [0x00000007b7450000,0x00000007b7450000,0x00000007bb5e0000)
 ParOldGen       total 315520K, used 185147K [0x0000000700600000, 0x0000000713a20000, 0x00000007aacb0000)
  object space 315520K, 58% used [0x0000000700600000,0x000000070baced00,0x0000000713a20000)
 PSPermGen       total 37760K, used 18085K [0x00000006fb400000, 0x00000006fd8e0000, 0x0000000700600000)
  object space 37760K, 47% used [0x00000006fb400000,0x00000006fc5a9748,0x00000006fd8e0000)
}
Event: 21.756 GC heap before
{Heap before GC invocations=21 (full 4):
 PSYoungGen      total 263488K, used 258235K [0x00000007aacb0000, 0x00000007c0380000, 0x0000000800000000)
  eden space 204416K, 99% used [0x00000007aacb0000,0x00000007b740db28,0x00000007b7450000)
  from space 59072K, 91% used [0x00000007bb5e0000,0x00000007beab1320,0x00000007bef90000)
  to   space 67136K, 0% used [0x00000007b7450000,0x00000007b7450000,0x00000007bb5e0000)
 ParOldGen       total 315520K, used 185147K [0x0000000700600000, 0x0000000713a20000, 0x00000007aacb0000)
  object space 315520K, 58% used [0x0000000700600000,0x000000070baced00,0x0000000713a20000)
 PSPermGen       total 37760K, used 18087K [0x00000006fb400000, 0x00000006fd8e0000, 0x0000000700600000)
  object space 37760K, 47% used [0x00000006fb400000,0x00000006fc5a9c70,0x00000006fd8e0000)
Event: 21.765 GC heap after
Heap after GC invocations=21 (full 4):
 PSYoungGen      total 271552K, used 60842K [0x00000007aacb0000, 0x00000007c2b50000, 0x0000000800000000)
  eden space 204416K, 0% used [0x00000007aacb0000,0x00000007aacb0000,0x00000007b7450000)
  from space 67136K, 90% used [0x00000007b7450000,0x00000007bafbab30,0x00000007bb5e0000)
  to   space 76096K, 0% used [0x00000007be100000,0x00000007be100000,0x00000007c2b50000)
 ParOldGen       total 315520K, used 185147K [0x0000000700600000, 0x0000000713a20000, 0x00000007aacb0000)
  object space 315520K, 58% used [0x0000000700600000,0x000000070baced00,0x0000000713a20000)
 PSPermGen       total 37760K, used 18087K [0x00000006fb400000, 0x00000006fd8e0000, 0x0000000700600000)
  object space 37760K, 47% used [0x00000006fb400000,0x00000006fc5a9c70,0x00000006fd8e0000)
}

